66.0 APEX_CODE,FINEST;APEX_PROFILING,INFO;CALLOUT,INFO;DATA_ACCESS,INFO;DB,INFO;NBA,INFO;SYSTEM,DEBUG;VALIDATION,INFO;VISUALFORCE,INFO;WAVE,INFO;WORKFLOW,INFO
16:06:52.0 (195443)|USER_INFO|[EXTERNAL]|0057F0000042UBb|ishibashi@hurex.co.jp.dev1|(GMT+09:00) 日本標準時 (Asia/Tokyo)|GMT+09:00
16:06:52.0 (233515)|EXECUTION_STARTED
16:06:52.0 (243733)|CODE_UNIT_STARTED|[EXTERNAL]|apex://CustomNotificationController/ACTION$getNotifications
16:06:52.0 (1326282)|CODE_UNIT_STARTED|[EXTERNAL]|01pBK000001VvEL|CustomNotificationController.getNotifications(String)
16:06:52.0 (1538737)|HEAP_ALLOCATE|[95]|Bytes:3
16:06:52.0 (1651076)|HEAP_ALLOCATE|[100]|Bytes:152
16:06:52.0 (1665955)|HEAP_ALLOCATE|[417]|Bytes:408
16:06:52.0 (1677058)|HEAP_ALLOCATE|[430]|Bytes:408
16:06:52.0 (1698779)|HEAP_ALLOCATE|[317]|Bytes:6
16:06:52.0 (1750152)|HEAP_ALLOCATE|[EXTERNAL]|Bytes:7
16:06:52.0 (1758736)|METHOD_ENTRY|[1]|01pBK000001VvEL|CustomNotificationController.CustomNotificationController()
16:06:52.0 (1763717)|STATEMENT_EXECUTE|[1]
16:06:52.0 (1767938)|STATEMENT_EXECUTE|[1]
16:06:52.0 (1786742)|HEAP_ALLOCATE|[68]|Bytes:5
16:06:52.0 (1810893)|HEAP_ALLOCATE|[74]|Bytes:5
16:06:52.0 (1815454)|HEAP_ALLOCATE|[82]|Bytes:7
16:06:52.0 (1963444)|HEAP_ALLOCATE|[EXTERNAL]|Bytes:5
16:06:52.0 (1973930)|METHOD_EXIT|[1]|CustomNotificationController
16:06:52.0 (1981698)|VARIABLE_SCOPE_BEGIN|[5]|before|String|false|false
16:06:52.0 (2009032)|VARIABLE_ASSIGNMENT|[5]|before|null
16:06:52.0 (2018577)|HEAP_ALLOCATE|[6]|Bytes:5
16:06:52.0 (2021435)|STATEMENT_EXECUTE|[5]
16:06:52.0 (2022355)|STATEMENT_EXECUTE|[6]
16:06:52.0 (2051320)|VARIABLE_SCOPE_BEGIN|[6]|req|System.HttpRequest|true|false
16:06:52.0 (2287995)|VARIABLE_ASSIGNMENT|[6]|req|"System.HttpRequest[Endpoint=null, Method=null]"|0xd6ef892
16:06:52.0 (2297662)|STATEMENT_EXECUTE|[7]
16:06:52.0 (2302274)|HEAP_ALLOCATE|[7]|Bytes:3
16:06:52.0 (2377038)|STATEMENT_EXECUTE|[8]
16:06:52.0 (2378688)|HEAP_ALLOCATE|[8]|Bytes:13
16:06:52.0 (2381445)|HEAP_ALLOCATE|[8]|Bytes:7
16:06:52.0 (2424277)|HEAP_ALLOCATE|[8]|Bytes:105
16:06:52.0 (2432767)|SYSTEM_METHOD_ENTRY|[1]|UserInfo.UserInfo()
16:06:52.0 (2435035)|STATEMENT_EXECUTE|[1]
16:06:52.0 (2439911)|SYSTEM_METHOD_EXIT|[1]|UserInfo
16:06:52.0 (2449530)|METHOD_ENTRY|[8]||System.UserInfo.getSessionId()
16:06:52.0 (9653327)|METHOD_EXIT|[8]||System.UserInfo.getSessionId()
16:06:52.0 (9702012)|HEAP_ALLOCATE|[8]|Bytes:119
16:06:52.0 (9766499)|STATEMENT_EXECUTE|[10]
16:06:52.0 (9829675)|HEAP_ALLOCATE|[10]|Bytes:67
16:06:52.0 (9843729)|SYSTEM_METHOD_ENTRY|[1]|Url.Url()
16:06:52.0 (9845981)|STATEMENT_EXECUTE|[1]
16:06:52.0 (9853114)|SYSTEM_METHOD_EXIT|[1]|Url
16:06:52.0 (9861611)|METHOD_ENTRY|[10]||System.Url.getOrgDomainUrl()
16:06:52.0 (10092766)|METHOD_EXIT|[10]||System.Url.getOrgDomainUrl()
16:06:52.0 (10106419)|METHOD_ENTRY|[10]||System.Url.toExternalForm()
16:06:52.0 (10136543)|METHOD_EXIT|[10]||System.Url.toExternalForm()
16:06:52.0 (10143014)|VARIABLE_SCOPE_BEGIN|[10]|domainPath|String|false|false
16:06:52.0 (10166730)|VARIABLE_ASSIGNMENT|[10]|domainPath|"https://hurex--dev1. (25 more) ..."
16:06:52.0 (10171149)|STATEMENT_EXECUTE|[11]
16:06:52.0 (10174797)|HEAP_ALLOCATE|[11]|Bytes:50
16:06:52.0 (10182746)|HEAP_ALLOCATE|[11]|Bytes:95
16:06:52.0 (10186518)|VARIABLE_SCOPE_BEGIN|[11]|endpoint|String|false|false
16:06:52.0 (10195314)|VARIABLE_ASSIGNMENT|[11]|endpoint|"https://hurex--dev1. (75 more) ..."
16:06:52.0 (10241986)|STATEMENT_EXECUTE|[13]
16:06:52.0 (10243166)|STATEMENT_EXECUTE|[16]
16:06:52.0 (10272848)|STATEMENT_EXECUTE|[18]
16:06:52.0 (10294284)|VARIABLE_SCOPE_BEGIN|[18]|http|System.Http|true|false
16:06:52.0 (10416443)|VARIABLE_ASSIGNMENT|[18]|http|"System.Http[]"|0x50f8f7a1
16:06:52.0 (10420771)|STATEMENT_EXECUTE|[19]
16:06:52.0 (10515684)|CALLOUT_REQUEST|[19]|System.HttpRequest[Endpoint=https://hurex--dev1.sandbox.my.salesforce.com/services/data/v56.0/connect/notifications?size=20, Method=GET]
16:06:52.0 (177936197)|HEAP_ALLOCATE|[EXTERNAL]|Bytes:15126
16:06:52.0 (180222560)|CALLOUT_RESPONSE|[19]|System.HttpResponse[Status=OK, StatusCode=200]
16:06:52.0 (180253501)|HEAP_ALLOCATE|[19]|Bytes:14281
16:06:52.0 (180284583)|VARIABLE_SCOPE_BEGIN|[19]|res|System.HttpResponse|true|false
16:06:52.0 (180346422)|VARIABLE_ASSIGNMENT|[19]|res|"System.HttpResponse[Status=OK, StatusCode=200]"|0x39a05ea7
16:06:52.0 (180410846)|STATEMENT_EXECUTE|[21]
16:06:52.0 (180412266)|STATEMENT_EXECUTE|[22]
16:06:52.0 (180962780)|HEAP_ALLOCATE|[22]|Bytes:13995
16:06:52.181 (181002344)|CUMULATIVE_LIMIT_USAGE
16:06:52.181 (181002344)|LIMIT_USAGE_FOR_NS|(default)|
  Number of SOQL queries: 0 out of 100
  Number of query rows: 0 out of 50000
  Number of SOSL queries: 0 out of 20
  Number of DML statements: 0 out of 150
  Number of Publish Immediate DML: 0 out of 150
  Number of DML rows: 0 out of 10000
  Maximum CPU time: 0 out of 10000
  Maximum heap size: 0 out of 6000000
  Number of callouts: 1 out of 100
  Number of Email Invocations: 0 out of 10
  Number of future calls: 0 out of 50
  Number of queueable jobs added to the queue: 0 out of 50
  Number of Mobile Apex push calls: 0 out of 10

16:06:52.181 (181002344)|CUMULATIVE_LIMIT_USAGE_END

16:06:52.0 (181031409)|CODE_UNIT_FINISHED|CustomNotificationController.getNotifications(String)
16:06:52.0 (181178262)|CODE_UNIT_FINISHED|apex://CustomNotificationController/ACTION$getNotifications
16:06:52.0 (181183587)|EXECUTION_FINISHED
