66.0 APEX_CODE,FINEST;APEX_PROFILING,INFO;CALLOUT,INFO;DATA_ACCESS,INFO;DB,INFO;NBA,INFO;SYSTEM,DEBUG;VALIDATION,INFO;VISUALFORCE,INFO;WAVE,INFO;WORKFLOW,INFO
16:59:03.0 (812374)|USER_INFO|[EXTERNAL]|0057F0000042UBb|ishibashi@hurex.co.jp.dev1|(GMT+09:00) 日本標準時 (Asia/Tokyo)|GMT+09:00
16:59:03.0 (853100)|EXECUTION_STARTED
16:59:03.0 (877692)|CODE_UNIT_STARTED|[EXTERNAL]|apex://RecentJobViewedController/ACTION$getRecentViewedJobs
16:59:03.0 (1779567)|CODE_UNIT_STARTED|[EXTERNAL]|01pBK000001RE9Z|RecentJobViewedController.getRecentViewedJobs()
16:59:03.0 (2100934)|VARIABLE_SCOPE_BEGIN|[4]|RecentJobViewedController.testForceException|Boolean|false|true
16:59:03.0 (2372145)|HEAP_ALLOCATE|[95]|Bytes:3
16:59:03.0 (2458683)|HEAP_ALLOCATE|[100]|Bytes:152
16:59:03.0 (2476696)|HEAP_ALLOCATE|[417]|Bytes:408
16:59:03.0 (2493502)|HEAP_ALLOCATE|[430]|Bytes:408
16:59:03.0 (2521943)|HEAP_ALLOCATE|[317]|Bytes:6
16:59:03.0 (2537109)|HEAP_ALLOCATE|[EXTERNAL]|Bytes:1
16:59:03.0 (2554754)|METHOD_ENTRY|[1]|01pBK000001RE9Z|RecentJobViewedController.RecentJobViewedController()
16:59:03.0 (2565093)|STATEMENT_EXECUTE|[1]
16:59:03.0 (2572211)|STATEMENT_EXECUTE|[1]
16:59:03.0 (2592251)|HEAP_ALLOCATE|[68]|Bytes:5
16:59:03.0 (2622461)|HEAP_ALLOCATE|[74]|Bytes:5
16:59:03.0 (2628718)|HEAP_ALLOCATE|[82]|Bytes:7
16:59:03.0 (2979304)|HEAP_ALLOCATE|[4]|Bytes:5
16:59:03.0 (2993197)|STATEMENT_EXECUTE|[4]
16:59:03.0 (3003857)|HEAP_ALLOCATE|[4]|Bytes:5
16:59:03.0 (3071567)|VARIABLE_ASSIGNMENT|[4]|RecentJobViewedController.testForceException|false
16:59:03.0 (3092018)|METHOD_EXIT|[1]|RecentJobViewedController
16:59:03.0 (3110763)|HEAP_ALLOCATE|[8]|Bytes:5
16:59:03.0 (3113910)|STATEMENT_EXECUTE|[7]
16:59:03.0 (3115340)|STATEMENT_EXECUTE|[8]
16:59:03.0 (3116090)|STATEMENT_EXECUTE|[8]
16:59:03.0 (3194660)|HEAP_ALLOCATE|[9]|Bytes:118
16:59:03.0 (3203079)|SYSTEM_METHOD_ENTRY|[1]|Test.Test()
16:59:03.0 (3205105)|STATEMENT_EXECUTE|[1]
16:59:03.0 (3211220)|SYSTEM_METHOD_EXIT|[1]|Test
16:59:03.0 (3226889)|METHOD_ENTRY|[9]||System.Test.isRunningTest()
16:59:03.0 (3266916)|METHOD_EXIT|[9]||System.Test.isRunningTest()
16:59:03.0 (3272105)|STATEMENT_EXECUTE|[9]
16:59:03.0 (3273266)|STATEMENT_EXECUTE|[13]
16:59:03.0 (3275867)|HEAP_ALLOCATE|[13]|Bytes:137
16:59:03.0 (3295760)|HEAP_ALLOCATE|[13]|Bytes:4
16:59:03.0 (17781337)|SOQL_EXECUTE_BEGIN|[13]|Aggregations:0|SELECT Id, Name, JobPosition__c, LastViewedDate FROM Job__c WHERE LastViewedDate != NULL ORDER BY LastViewedDate DESC NULLS FIRST LIMIT 4
16:59:03.0 (40112760)|SOQL_EXECUTE_END|[13]|Rows:4
16:59:03.0 (40152335)|HEAP_ALLOCATE|[13]|Bytes:20
16:59:03.0 (40182622)|HEAP_ALLOCATE|[13]|Bytes:884
16:59:03.0 (40226576)|HEAP_ALLOCATE|[13]|Bytes:20
16:59:03.40 (40314960)|CUMULATIVE_LIMIT_USAGE
16:59:03.40 (40314960)|LIMIT_USAGE_FOR_NS|(default)|
  Number of SOQL queries: 1 out of 100
  Number of query rows: 4 out of 50000
  Number of SOSL queries: 0 out of 20
  Number of DML statements: 0 out of 0
  Number of Publish Immediate DML: 0 out of 150
  Number of DML rows: 0 out of 10000
  Maximum CPU time: 0 out of 10000
  Maximum heap size: 0 out of 6000000
  Number of callouts: 0 out of 100
  Number of Email Invocations: 0 out of 10
  Number of future calls: 0 out of 50
  Number of queueable jobs added to the queue: 0 out of 50
  Number of Mobile Apex push calls: 0 out of 10

16:59:03.40 (40314960)|CUMULATIVE_LIMIT_USAGE_END

16:59:03.0 (40373599)|CODE_UNIT_FINISHED|RecentJobViewedController.getRecentViewedJobs()
16:59:03.0 (40539719)|CODE_UNIT_FINISHED|apex://RecentJobViewedController/ACTION$getRecentViewedJobs
16:59:03.0 (40544553)|EXECUTION_FINISHED
