66.0 APEX_CODE,FINEST;APEX_PROFILING,INFO;CALLOUT,INFO;DATA_ACCESS,INFO;DB,INFO;NBA,INFO;SYSTEM,DEBUG;VALIDATION,INFO;VISUALFORCE,INFO;WAVE,INFO;WORKFLOW,INFO
17:19:11.4 (4987191)|EXECUTION_STARTED
17:19:11.4 (5016920)|CODE_UNIT_STARTED|[EXTERNAL]|VisualForce View State
17:19:11.4 (19789710)|CODE_UNIT_FINISHED|VisualForce View State
17:19:11.4 (19806915)|EXECUTION_FINISHED
17:19:11.288 (288881041)|VF_PAGE_MESSAGE|コンパイルエラー: 行 202、列 56 でMissing closing quote character ' on string.
17:19:11.288 (328754639)|VF_SERIALIZE_VIEWSTATE_BEGIN|
17:19:11.288 (331681690)|VF_SERIALIZE_VIEWSTATE_END
17:19:11.345 (345256778)|CUMULATIVE_LIMIT_USAGE
17:19:11.345 (345256778)|LIMIT_USAGE_FOR_NS|(default)|
  Number of SOQL queries: 0 out of 100
  Number of query rows: 0 out of 50000
  Number of SOSL queries: 0 out of 20
  Number of DML statements: 0 out of 150
  Number of Publish Immediate DML: 0 out of 150
  Number of DML rows: 0 out of 10000
  Maximum CPU time: 0 out of 10000
  Maximum heap size: 0 out of 6000000
  Number of callouts: 0 out of 100
  Number of Email Invocations: 0 out of 10
  Number of future calls: 0 out of 50
  Number of queueable jobs added to the queue: 0 out of 50
  Number of Mobile Apex push calls: 0 out of 10

17:19:11.345 (345256778)|CUMULATIVE_LIMIT_USAGE_END

