66.0 APEX_CODE,FINEST;APEX_PROFILING,INFO;CALLOUT,INFO;DATA_ACCESS,INFO;DB,INFO;NBA,INFO;SYSTEM,DEBUG;VALIDATION,INFO;VISUALFORCE,INFO;WAVE,INFO;WORKFLOW,INFO
15:18:51.0 (241475)|USER_INFO|[EXTERNAL]|0057F0000042UBb|ishibashi@hurex.co.jp.dev1|(GMT+09:00) 日本標準時 (Asia/Tokyo)|GMT+09:00
15:18:51.0 (288385)|EXECUTION_STARTED
15:18:51.0 (299365)|CODE_UNIT_STARTED|[EXTERNAL]|apex://OfferComponentController/ACTION$getOffers
15:18:51.0 (1902285)|CODE_UNIT_STARTED|[EXTERNAL]|01pBK000001Vpwv|OfferComponentController.getOffers()
15:18:51.0 (2184221)|HEAP_ALLOCATE|[95]|Bytes:3
15:18:51.0 (2261625)|HEAP_ALLOCATE|[100]|Bytes:152
15:18:51.0 (2276775)|HEAP_ALLOCATE|[417]|Bytes:408
15:18:51.0 (2287797)|HEAP_ALLOCATE|[430]|Bytes:408
15:18:51.0 (2306713)|HEAP_ALLOCATE|[317]|Bytes:6
15:18:51.0 (2315895)|HEAP_ALLOCATE|[EXTERNAL]|Bytes:2
15:18:51.0 (2326449)|METHOD_ENTRY|[5]|01pBK000001Vpwv|OfferComponentController.OfferComponentController()
15:18:51.0 (2331066)|STATEMENT_EXECUTE|[5]
15:18:51.0 (2337654)|STATEMENT_EXECUTE|[5]
15:18:51.0 (2355275)|HEAP_ALLOCATE|[68]|Bytes:5
15:18:51.0 (2378255)|HEAP_ALLOCATE|[74]|Bytes:5
15:18:51.0 (2383002)|HEAP_ALLOCATE|[82]|Bytes:7
15:18:51.0 (2565210)|HEAP_ALLOCATE|[EXTERNAL]|Bytes:5
15:18:51.0 (2579381)|METHOD_EXIT|[5]|OfferComponentController
15:18:51.0 (2589534)|HEAP_ALLOCATE|[18]|Bytes:5
15:18:51.0 (2592280)|STATEMENT_EXECUTE|[16]
15:18:51.0 (2593470)|STATEMENT_EXECUTE|[18]
15:18:51.0 (2595740)|HEAP_ALLOCATE|[18]|Bytes:78
15:18:51.0 (2611175)|HEAP_ALLOCATE|[18]|Bytes:4
15:18:51.0 (4670875)|SOQL_EXECUTE_BEGIN|[18]|Aggregations:0|SELECT COUNT() FROM SelectionProcess__c WHERE LatestProcessStatus__c = 'JOB打診'
15:18:51.0 (24392663)|SOQL_EXECUTE_END|[18]|Rows:2
15:18:51.0 (24449157)|HEAP_ALLOCATE|[18]|Bytes:4
15:18:51.0 (24478288)|VARIABLE_SCOPE_BEGIN|[18]|totalCount|Integer|false|false
15:18:51.0 (24486208)|HEAP_ALLOCATE|[18]|Bytes:4
15:18:51.0 (24522488)|VARIABLE_ASSIGNMENT|[18]|totalCount|2
15:18:51.0 (24529708)|STATEMENT_EXECUTE|[22]
15:18:51.0 (24536345)|HEAP_ALLOCATE|[22]|Bytes:360
15:18:51.0 (24560673)|HEAP_ALLOCATE|[22]|Bytes:4
15:18:51.0 (31409068)|SOQL_EXECUTE_BEGIN|[22]|Aggregations:0|SELECT Id, JobPosition__c, LatestProcessStatus__c, LastModifiedDate, JobPosition__r.Id, JobPosition__r.Company__r.Name, JobPosition__r.JobPosition__c, JobPosition__r.WorkLocation2__c, JobPosition__r.JobCategory1__c, JobPosition__r.LastViewedDate FROM SelectionProcess__c WHERE LatestProcessStatus__c = 'JOB打診' ORDER BY LastModifiedDate DESC NULLS FIRST LIMIT 2
15:18:51.0 (143101288)|SOQL_EXECUTE_END|[22]|Rows:2
15:18:51.0 (143159152)|HEAP_ALLOCATE|[22]|Bytes:12
15:18:51.0 (143188428)|HEAP_ALLOCATE|[22]|Bytes:874
15:18:51.0 (143374993)|HEAP_ALLOCATE|[22]|Bytes:12
15:18:51.0 (143400468)|VARIABLE_SCOPE_BEGIN|[22]|processes|List<SelectionProcess__c>|true|false
15:18:51.0 (143778690)|VARIABLE_ASSIGNMENT|[22]|processes|[{"JobPosition__c":"a0KBK00000GezgQ2AR","LastModifiedDate":"2026-03-25T09:40:48.000Z","JobPosition__r":{"JobPosition__c":"新潟市(新潟) 法人ルート営業・業界シェ (74 more) ...","WorkLocation2__c":"新潟県新潟市（転勤なし／車通勤可）","LastViewedDate":"2026-04-02T04:28:50.000Z","Id":"a0KBK00000GezgQ2AR","Company__c":"001BK00000b1JOJYA2","Company__r":{"Name":"(demo)株式会社エンミッシュ","Id":"001BK00000b1JOJYA2"},"JobCategory1__c":"経営幹部/企画/マーケティング系"},"Id":"a0LBK000006mpG52AI","LatestProcessStatus__c":"JOB打診"},{"JobPosition__c":"a0KBK00000Gexcs2AB","LastModifiedDate":"2026-03-02T05:52:31.000Z","JobPosition__r":{"JobPosition__c":"テスト401求人タイトル求人タイトル求人 (28 more) ...","WorkLocation2__c":"勤務地","LastViewedDate":"2026-03-29T02:44:24.000Z","Id":"a0KBK00000Gexcs2AB","Company__c":"001BK00000cc2ZEYAY","Company__r":{"Name":"テスト 廣川","Id":"001BK00000cc2ZEYAY"},"JobCategory1__c":"専門職系（コンサルタント/金融/不動産）"},"Id":"a0LBK000005sEhR2AU","LatestProcessStatus__c":"JOB打診"}]|0x3231b492
15:18:51.0 (143798469)|STATEMENT_EXECUTE|[41]
15:18:51.0 (143818930)|HEAP_ALLOCATE|[41]|Bytes:4
15:18:51.0 (143878992)|VARIABLE_SCOPE_BEGIN|[41]|jobInfos|List<Map<String,ANY>>|true|false
15:18:51.0 (143917129)|HEAP_ALLOCATE|[EXTERNAL]|Bytes:4
15:18:51.0 (143927998)|VARIABLE_ASSIGNMENT|[41]|jobInfos|[]|0x7f8d07f9
15:18:51.0 (144154818)|HEAP_ALLOCATE|[44]|Bytes:5
15:18:51.0 (144185491)|HEAP_ALLOCATE|[44]|Bytes:24
15:18:51.0 (144192695)|VARIABLE_SCOPE_BEGIN|[44]|process|SelectionProcess__c|true|false
15:18:51.0 (144296011)|VARIABLE_ASSIGNMENT|[44]|process|{"JobPosition__c":"a0KBK00000GezgQ2AR","LastModifiedDate":"2026-03-25T09:40:48.000Z","JobPosition__r":{"JobPosition__c":"新潟市(新潟) 法人ルート営業・業界シェ (74 more) ...","WorkLocation2__c":"新潟県新潟市（転勤なし／車通勤可）","LastViewedDate":"2026-04-02T04:28:50.000Z","Id":"a0KBK00000GezgQ2AR","Company__c":"001BK00000b1JOJYA2","Company__r":{"Name":"(demo)株式会社エンミッシュ","Id":"001BK00000b1JOJYA2"},"JobCategory1__c":"経営幹部/企画/マーケティング系"},"Id":"a0LBK000006mpG52AI","LatestProcessStatus__c":"JOB打診"}|0x1d3cc37b
15:18:51.0 (144305976)|STATEMENT_EXECUTE|[44]
15:18:51.0 (144307435)|STATEMENT_EXECUTE|[45]
15:18:51.0 (144317717)|HEAP_ALLOCATE|[45]|Bytes:4
15:18:51.0 (144324016)|VARIABLE_SCOPE_BEGIN|[45]|jobInfo|Map<String,ANY>|true|false
15:18:51.0 (144339935)|VARIABLE_ASSIGNMENT|[45]|jobInfo|{}|0x5b40eeff
15:18:51.0 (144342537)|STATEMENT_EXECUTE|[46]
15:18:51.0 (144346506)|HEAP_ALLOCATE|[46]|Bytes:5
15:18:51.0 (144408706)|HEAP_ALLOCATE|[EXTERNAL]|Bytes:-4
15:18:51.0 (144413538)|STATEMENT_EXECUTE|[48]
15:18:51.0 (144415163)|HEAP_ALLOCATE|[48]|Bytes:10
15:18:51.0 (144437658)|HEAP_ALLOCATE|[48]|Bytes:14
15:18:51.0 (144482983)|HEAP_ALLOCATE|[48]|Bytes:15
15:18:51.0 (144491726)|HEAP_ALLOCATE|[EXTERNAL]|Bytes:-4
15:18:51.0 (144494905)|STATEMENT_EXECUTE|[50]
15:18:51.0 (144496078)|HEAP_ALLOCATE|[50]|Bytes:11
15:18:51.0 (144539134)|HEAP_ALLOCATE|[EXTERNAL]|Bytes:-4
15:18:51.0 (144542424)|STATEMENT_EXECUTE|[52]
15:18:51.0 (144543898)|HEAP_ALLOCATE|[52]|Bytes:13
15:18:51.0 (144558944)|HEAP_ALLOCATE|[EXTERNAL]|Bytes:-4
15:18:51.0 (144562358)|STATEMENT_EXECUTE|[54]
15:18:51.0 (144563680)|HEAP_ALLOCATE|[54]|Bytes:12
15:18:51.0 (144577710)|HEAP_ALLOCATE|[EXTERNAL]|Bytes:-4
15:18:51.0 (144581040)|STATEMENT_EXECUTE|[56]
15:18:51.0 (144582725)|HEAP_ALLOCATE|[56]|Bytes:11
15:18:51.0 (144635219)|HEAP_ALLOCATE|[EXTERNAL]|Bytes:-4
15:18:51.0 (144638516)|STATEMENT_EXECUTE|[58]
15:18:51.0 (144639928)|HEAP_ALLOCATE|[58]|Bytes:14
15:18:51.0 (144661175)|HEAP_ALLOCATE|[EXTERNAL]|Bytes:-4
15:18:51.0 (144664349)|STATEMENT_EXECUTE|[59]
15:18:51.0 (144678090)|HEAP_ALLOCATE|[EXTERNAL]|Bytes:4
15:18:51.0 (144688195)|HEAP_ALLOCATE|[44]|Bytes:5
15:18:51.0 (144695308)|HEAP_ALLOCATE|[44]|Bytes:24
15:18:51.0 (144699101)|VARIABLE_SCOPE_BEGIN|[44]|process|SelectionProcess__c|true|false
15:18:51.0 (144758792)|VARIABLE_ASSIGNMENT|[44]|process|{"JobPosition__c":"a0KBK00000Gexcs2AB","LastModifiedDate":"2026-03-02T05:52:31.000Z","JobPosition__r":{"JobPosition__c":"テスト401求人タイトル求人タイトル求人 (28 more) ...","WorkLocation2__c":"勤務地","LastViewedDate":"2026-03-29T02:44:24.000Z","Id":"a0KBK00000Gexcs2AB","Company__c":"001BK00000cc2ZEYAY","Company__r":{"Name":"テスト 廣川","Id":"001BK00000cc2ZEYAY"},"JobCategory1__c":"専門職系（コンサルタント/金融/不動産）"},"Id":"a0LBK000005sEhR2AU","LatestProcessStatus__c":"JOB打診"}|0x4332ce86
15:18:51.0 (144767300)|STATEMENT_EXECUTE|[44]
15:18:51.0 (144768380)|STATEMENT_EXECUTE|[45]
15:18:51.0 (144773585)|HEAP_ALLOCATE|[45]|Bytes:4
15:18:51.0 (144777315)|VARIABLE_SCOPE_BEGIN|[45]|jobInfo|Map<String,ANY>|true|false
15:18:51.0 (144785168)|VARIABLE_ASSIGNMENT|[45]|jobInfo|{}|0x136a2f83
15:18:51.0 (144787874)|STATEMENT_EXECUTE|[46]
15:18:51.0 (144794210)|HEAP_ALLOCATE|[EXTERNAL]|Bytes:-4
15:18:51.0 (144797173)|STATEMENT_EXECUTE|[48]
15:18:51.0 (144809304)|HEAP_ALLOCATE|[48]|Bytes:14
15:18:51.0 (144816483)|HEAP_ALLOCATE|[EXTERNAL]|Bytes:-4
15:18:51.0 (144819277)|STATEMENT_EXECUTE|[50]
15:18:51.0 (144824385)|HEAP_ALLOCATE|[EXTERNAL]|Bytes:-4
15:18:51.0 (144827100)|STATEMENT_EXECUTE|[52]
15:18:51.0 (144831180)|HEAP_ALLOCATE|[EXTERNAL]|Bytes:-4
15:18:51.0 (144833725)|STATEMENT_EXECUTE|[54]
15:18:51.0 (144837582)|HEAP_ALLOCATE|[EXTERNAL]|Bytes:-4
15:18:51.0 (144840359)|STATEMENT_EXECUTE|[56]
15:18:51.0 (144845574)|HEAP_ALLOCATE|[EXTERNAL]|Bytes:-4
15:18:51.0 (144848194)|STATEMENT_EXECUTE|[58]
15:18:51.0 (144854209)|HEAP_ALLOCATE|[EXTERNAL]|Bytes:-4
15:18:51.0 (144857189)|STATEMENT_EXECUTE|[59]
15:18:51.0 (144860131)|HEAP_ALLOCATE|[EXTERNAL]|Bytes:4
15:18:51.0 (144866476)|HEAP_ALLOCATE|[44]|Bytes:5
15:18:51.0 (144873509)|VARIABLE_ASSIGNMENT|[44]|process|null|
15:18:51.0 (144876970)|STATEMENT_EXECUTE|[63]
15:18:51.0 (144880259)|HEAP_ALLOCATE|[63]|Bytes:4
15:18:51.0 (144883839)|VARIABLE_SCOPE_BEGIN|[63]|result|Map<String,ANY>|true|false
15:18:51.0 (144889344)|VARIABLE_ASSIGNMENT|[63]|result|{}|0x7ee24071
15:18:51.0 (144892075)|STATEMENT_EXECUTE|[64]
15:18:51.0 (144893331)|HEAP_ALLOCATE|[64]|Bytes:8
15:18:51.0 (144905830)|HEAP_ALLOCATE|[EXTERNAL]|Bytes:-4
15:18:51.0 (144909082)|STATEMENT_EXECUTE|[65]
15:18:51.0 (144910476)|HEAP_ALLOCATE|[65]|Bytes:10
15:18:51.0 (144918949)|HEAP_ALLOCATE|[65]|Bytes:4
15:18:51.0 (144938212)|HEAP_ALLOCATE|[EXTERNAL]|Bytes:-4
15:18:51.0 (144941326)|STATEMENT_EXECUTE|[66]
15:18:51.144 (144999804)|CUMULATIVE_LIMIT_USAGE
15:18:51.144 (144999804)|LIMIT_USAGE_FOR_NS|(default)|
  Number of SOQL queries: 2 out of 100
  Number of query rows: 3 out of 50000
  Number of SOSL queries: 0 out of 20
  Number of DML statements: 0 out of 0
  Number of Publish Immediate DML: 0 out of 150
  Number of DML rows: 0 out of 10000
  Maximum CPU time: 0 out of 10000
  Maximum heap size: 0 out of 6000000
  Number of callouts: 0 out of 100
  Number of Email Invocations: 0 out of 10
  Number of future calls: 0 out of 50
  Number of queueable jobs added to the queue: 0 out of 50
  Number of Mobile Apex push calls: 0 out of 10

15:18:51.144 (144999804)|CUMULATIVE_LIMIT_USAGE_END

15:18:51.0 (145026916)|CODE_UNIT_FINISHED|OfferComponentController.getOffers()
15:18:51.0 (145236854)|CODE_UNIT_FINISHED|apex://OfferComponentController/ACTION$getOffers
15:18:51.0 (145244337)|EXECUTION_FINISHED
