66.0 APEX_CODE,FINEST;APEX_PROFILING,INFO;CALLOUT,INFO;DATA_ACCESS,INFO;DB,INFO;NBA,INFO;SYSTEM,DEBUG;VALIDATION,INFO;VISUALFORCE,INFO;WAVE,INFO;WORKFLOW,INFO
15:46:54.0 (250532)|USER_INFO|[EXTERNAL]|0057F0000042UBb|ishibashi@hurex.co.jp.dev1|(GMT+09:00) 日本標準時 (Asia/Tokyo)|GMT+09:00
15:46:54.0 (302452)|EXECUTION_STARTED
15:46:54.0 (328789)|CODE_UNIT_STARTED|[EXTERNAL]|apex://CustomNotificationController/ACTION$getNotifications
15:46:54.0 (1328746)|CODE_UNIT_STARTED|[EXTERNAL]|01pBK000001VvEL|CustomNotificationController.getNotifications(String)
15:46:54.0 (1581360)|HEAP_ALLOCATE|[95]|Bytes:3
15:46:54.0 (1680284)|HEAP_ALLOCATE|[100]|Bytes:152
15:46:54.0 (1694450)|HEAP_ALLOCATE|[417]|Bytes:408
15:46:54.0 (1706293)|HEAP_ALLOCATE|[430]|Bytes:408
15:46:54.0 (1727248)|HEAP_ALLOCATE|[317]|Bytes:6
15:46:54.0 (1779350)|HEAP_ALLOCATE|[EXTERNAL]|Bytes:7
15:46:54.0 (1799767)|METHOD_ENTRY|[1]|01pBK000001VvEL|CustomNotificationController.CustomNotificationController()
15:46:54.0 (1812640)|STATEMENT_EXECUTE|[1]
15:46:54.0 (1824162)|STATEMENT_EXECUTE|[1]
15:46:54.0 (1842129)|HEAP_ALLOCATE|[68]|Bytes:5
15:46:54.0 (1873989)|HEAP_ALLOCATE|[74]|Bytes:5
15:46:54.0 (1878967)|HEAP_ALLOCATE|[82]|Bytes:7
15:46:54.0 (2051305)|HEAP_ALLOCATE|[EXTERNAL]|Bytes:5
15:46:54.0 (2067347)|METHOD_EXIT|[1]|CustomNotificationController
15:46:54.0 (2083517)|VARIABLE_SCOPE_BEGIN|[5]|before|String|false|false
15:46:54.0 (2128004)|VARIABLE_ASSIGNMENT|[5]|before|null
15:46:54.0 (2137659)|HEAP_ALLOCATE|[6]|Bytes:5
15:46:54.0 (2140539)|STATEMENT_EXECUTE|[5]
15:46:54.0 (2141552)|STATEMENT_EXECUTE|[6]
15:46:54.0 (2170020)|VARIABLE_SCOPE_BEGIN|[6]|req|System.HttpRequest|true|false
15:46:54.0 (2388179)|VARIABLE_ASSIGNMENT|[6]|req|"System.HttpRequest[Endpoint=null, Method=null]"|0x46bb4e8
15:46:54.0 (2393177)|STATEMENT_EXECUTE|[7]
15:46:54.0 (2395555)|HEAP_ALLOCATE|[7]|Bytes:3
15:46:54.0 (2500389)|STATEMENT_EXECUTE|[8]
15:46:54.0 (2502055)|HEAP_ALLOCATE|[8]|Bytes:13
15:46:54.0 (2504562)|HEAP_ALLOCATE|[8]|Bytes:7
15:46:54.0 (2540679)|HEAP_ALLOCATE|[8]|Bytes:105
15:46:54.0 (2546927)|SYSTEM_METHOD_ENTRY|[1]|UserInfo.UserInfo()
15:46:54.0 (2549141)|STATEMENT_EXECUTE|[1]
15:46:54.0 (2555852)|SYSTEM_METHOD_EXIT|[1]|UserInfo
15:46:54.0 (2568067)|METHOD_ENTRY|[8]||System.UserInfo.getSessionId()
15:46:54.0 (12354442)|METHOD_EXIT|[8]||System.UserInfo.getSessionId()
15:46:54.0 (12411963)|HEAP_ALLOCATE|[8]|Bytes:119
15:46:54.0 (12499275)|STATEMENT_EXECUTE|[10]
15:46:54.0 (12599420)|HEAP_ALLOCATE|[10]|Bytes:67
15:46:54.0 (12615346)|SYSTEM_METHOD_ENTRY|[1]|Url.Url()
15:46:54.0 (12617647)|STATEMENT_EXECUTE|[1]
15:46:54.0 (12625810)|SYSTEM_METHOD_EXIT|[1]|Url
15:46:54.0 (12635707)|METHOD_ENTRY|[10]||System.Url.getOrgDomainUrl()
15:46:54.0 (12914294)|METHOD_EXIT|[10]||System.Url.getOrgDomainUrl()
15:46:54.0 (12929029)|METHOD_ENTRY|[10]||System.Url.toExternalForm()
15:46:54.0 (12959170)|METHOD_EXIT|[10]||System.Url.toExternalForm()
15:46:54.0 (12962984)|VARIABLE_SCOPE_BEGIN|[10]|domainPath|String|false|false
15:46:54.0 (12984814)|VARIABLE_ASSIGNMENT|[10]|domainPath|"https://hurex--dev1. (25 more) ..."
15:46:54.0 (12987973)|STATEMENT_EXECUTE|[11]
15:46:54.0 (12991014)|HEAP_ALLOCATE|[11]|Bytes:50
15:46:54.0 (12997514)|HEAP_ALLOCATE|[11]|Bytes:95
15:46:54.0 (13000013)|VARIABLE_SCOPE_BEGIN|[11]|endpoint|String|false|false
15:46:54.0 (13006257)|VARIABLE_ASSIGNMENT|[11]|endpoint|"https://hurex--dev1. (75 more) ..."
15:46:54.0 (13068573)|STATEMENT_EXECUTE|[13]
15:46:54.0 (13070374)|STATEMENT_EXECUTE|[16]
15:46:54.0 (13197139)|STATEMENT_EXECUTE|[18]
15:46:54.0 (13221828)|VARIABLE_SCOPE_BEGIN|[18]|http|System.Http|true|false
15:46:54.0 (13366105)|VARIABLE_ASSIGNMENT|[18]|http|"System.Http[]"|0x19dbb1ba
15:46:54.0 (13371478)|STATEMENT_EXECUTE|[19]
15:46:54.0 (13512096)|CALLOUT_REQUEST|[19]|System.HttpRequest[Endpoint=https://hurex--dev1.sandbox.my.salesforce.com/services/data/v56.0/connect/notifications?size=20, Method=GET]
15:46:54.0 (205834047)|HEAP_ALLOCATE|[EXTERNAL]|Bytes:15126
15:46:54.0 (208870068)|CALLOUT_RESPONSE|[19]|System.HttpResponse[Status=OK, StatusCode=200]
15:46:54.0 (208905140)|HEAP_ALLOCATE|[19]|Bytes:14281
15:46:54.0 (208938883)|VARIABLE_SCOPE_BEGIN|[19]|res|System.HttpResponse|true|false
15:46:54.0 (209030228)|VARIABLE_ASSIGNMENT|[19]|res|"System.HttpResponse[Status=OK, StatusCode=200]"|0x3c87b3bb
15:46:54.0 (209106608)|STATEMENT_EXECUTE|[21]
15:46:54.0 (209108480)|STATEMENT_EXECUTE|[22]
15:46:54.0 (209814879)|HEAP_ALLOCATE|[22]|Bytes:13995
15:46:54.209 (209866836)|CUMULATIVE_LIMIT_USAGE
15:46:54.209 (209866836)|LIMIT_USAGE_FOR_NS|(default)|
  Number of SOQL queries: 0 out of 100
  Number of query rows: 0 out of 50000
  Number of SOSL queries: 0 out of 20
  Number of DML statements: 0 out of 150
  Number of Publish Immediate DML: 0 out of 150
  Number of DML rows: 0 out of 10000
  Maximum CPU time: 0 out of 10000
  Maximum heap size: 0 out of 6000000
  Number of callouts: 1 out of 100
  Number of Email Invocations: 0 out of 10
  Number of future calls: 0 out of 50
  Number of queueable jobs added to the queue: 0 out of 50
  Number of Mobile Apex push calls: 0 out of 10

15:46:54.209 (209866836)|CUMULATIVE_LIMIT_USAGE_END

15:46:54.0 (209923992)|CODE_UNIT_FINISHED|CustomNotificationController.getNotifications(String)
15:46:54.0 (210113867)|CODE_UNIT_FINISHED|apex://CustomNotificationController/ACTION$getNotifications
15:46:54.0 (210123437)|EXECUTION_FINISHED
