66.0 APEX_CODE,FINEST;APEX_PROFILING,INFO;CALLOUT,INFO;DATA_ACCESS,INFO;DB,INFO;NBA,INFO;SYSTEM,DEBUG;VALIDATION,INFO;VISUALFORCE,INFO;WAVE,INFO;WORKFLOW,INFO
15:47:24.1 (1579541)|USER_INFO|[EXTERNAL]|0057F0000042UBb|ishibashi@hurex.co.jp.dev1|(GMT+09:00) 日本標準時 (Asia/Tokyo)|GMT+09:00
15:47:24.1 (1620396)|EXECUTION_STARTED
15:47:24.1 (1633361)|CODE_UNIT_STARTED|[EXTERNAL]|apex://CustomNotificationController/ACTION$getNotifications
15:47:24.1 (3788593)|CODE_UNIT_STARTED|[EXTERNAL]|01pBK000001VvEL|CustomNotificationController.getNotifications(String)
15:47:24.1 (6565731)|HEAP_ALLOCATE|[95]|Bytes:3
15:47:24.1 (6681526)|HEAP_ALLOCATE|[100]|Bytes:152
15:47:24.1 (6700973)|HEAP_ALLOCATE|[417]|Bytes:408
15:47:24.1 (6719596)|HEAP_ALLOCATE|[430]|Bytes:408
15:47:24.1 (6760163)|HEAP_ALLOCATE|[317]|Bytes:6
15:47:24.1 (6833548)|HEAP_ALLOCATE|[EXTERNAL]|Bytes:7
15:47:24.1 (6848598)|METHOD_ENTRY|[1]|01pBK000001VvEL|CustomNotificationController.CustomNotificationController()
15:47:24.1 (6881896)|STATEMENT_EXECUTE|[1]
15:47:24.1 (6888940)|STATEMENT_EXECUTE|[1]
15:47:24.1 (6916513)|HEAP_ALLOCATE|[68]|Bytes:5
15:47:24.1 (6957395)|HEAP_ALLOCATE|[74]|Bytes:5
15:47:24.1 (6964179)|HEAP_ALLOCATE|[82]|Bytes:7
15:47:24.1 (7173149)|HEAP_ALLOCATE|[EXTERNAL]|Bytes:5
15:47:24.1 (7192007)|METHOD_EXIT|[1]|CustomNotificationController
15:47:24.1 (7203139)|VARIABLE_SCOPE_BEGIN|[5]|before|String|false|false
15:47:24.1 (7244597)|VARIABLE_ASSIGNMENT|[5]|before|null
15:47:24.1 (7262267)|HEAP_ALLOCATE|[6]|Bytes:5
15:47:24.1 (7266362)|STATEMENT_EXECUTE|[5]
15:47:24.1 (7268143)|STATEMENT_EXECUTE|[6]
15:47:24.1 (7299818)|VARIABLE_SCOPE_BEGIN|[6]|req|System.HttpRequest|true|false
15:47:24.1 (7553893)|VARIABLE_ASSIGNMENT|[6]|req|"System.HttpRequest[Endpoint=null, Method=null]"|0x3aef7534
15:47:24.1 (7565450)|STATEMENT_EXECUTE|[7]
15:47:24.1 (7571791)|HEAP_ALLOCATE|[7]|Bytes:3
15:47:24.1 (7649963)|STATEMENT_EXECUTE|[8]
15:47:24.1 (7652047)|HEAP_ALLOCATE|[8]|Bytes:13
15:47:24.1 (7654911)|HEAP_ALLOCATE|[8]|Bytes:7
15:47:24.1 (7703983)|HEAP_ALLOCATE|[8]|Bytes:105
15:47:24.1 (7714046)|SYSTEM_METHOD_ENTRY|[1]|UserInfo.UserInfo()
15:47:24.1 (7716640)|STATEMENT_EXECUTE|[1]
15:47:24.1 (7722926)|SYSTEM_METHOD_EXIT|[1]|UserInfo
15:47:24.1 (7734156)|METHOD_ENTRY|[8]||System.UserInfo.getSessionId()
15:47:24.1 (11972268)|METHOD_EXIT|[8]||System.UserInfo.getSessionId()
15:47:24.1 (12008056)|HEAP_ALLOCATE|[8]|Bytes:119
15:47:24.1 (12057110)|STATEMENT_EXECUTE|[10]
15:47:24.1 (12109275)|HEAP_ALLOCATE|[10]|Bytes:67
15:47:24.1 (12120245)|SYSTEM_METHOD_ENTRY|[1]|Url.Url()
15:47:24.1 (12122503)|STATEMENT_EXECUTE|[1]
15:47:24.1 (12128615)|SYSTEM_METHOD_EXIT|[1]|Url
15:47:24.1 (12137200)|METHOD_ENTRY|[10]||System.Url.getOrgDomainUrl()
15:47:24.1 (12345304)|METHOD_EXIT|[10]||System.Url.getOrgDomainUrl()
15:47:24.1 (12359639)|METHOD_ENTRY|[10]||System.Url.toExternalForm()
15:47:24.1 (12390779)|METHOD_EXIT|[10]||System.Url.toExternalForm()
15:47:24.1 (12394614)|VARIABLE_SCOPE_BEGIN|[10]|domainPath|String|false|false
15:47:24.1 (12413561)|VARIABLE_ASSIGNMENT|[10]|domainPath|"https://hurex--dev1. (25 more) ..."
15:47:24.1 (12418562)|STATEMENT_EXECUTE|[11]
15:47:24.1 (12421192)|HEAP_ALLOCATE|[11]|Bytes:50
15:47:24.1 (12426637)|HEAP_ALLOCATE|[11]|Bytes:95
15:47:24.1 (12429504)|VARIABLE_SCOPE_BEGIN|[11]|endpoint|String|false|false
15:47:24.1 (12436937)|VARIABLE_ASSIGNMENT|[11]|endpoint|"https://hurex--dev1. (75 more) ..."
15:47:24.1 (12482285)|STATEMENT_EXECUTE|[13]
15:47:24.1 (12483349)|STATEMENT_EXECUTE|[16]
15:47:24.1 (12506516)|STATEMENT_EXECUTE|[18]
15:47:24.1 (12526261)|VARIABLE_SCOPE_BEGIN|[18]|http|System.Http|true|false
15:47:24.1 (12614238)|VARIABLE_ASSIGNMENT|[18]|http|"System.Http[]"|0x6385fffc
15:47:24.1 (12621432)|STATEMENT_EXECUTE|[19]
15:47:24.1 (12706935)|CALLOUT_REQUEST|[19]|System.HttpRequest[Endpoint=https://hurex--dev1.sandbox.my.salesforce.com/services/data/v56.0/connect/notifications?size=20, Method=GET]
15:47:24.1 (169571463)|HEAP_ALLOCATE|[EXTERNAL]|Bytes:15126
15:47:24.1 (173103740)|CALLOUT_RESPONSE|[19]|System.HttpResponse[Status=OK, StatusCode=200]
15:47:24.1 (173140451)|HEAP_ALLOCATE|[19]|Bytes:14281
15:47:24.1 (173176489)|VARIABLE_SCOPE_BEGIN|[19]|res|System.HttpResponse|true|false
15:47:24.1 (173267459)|VARIABLE_ASSIGNMENT|[19]|res|"System.HttpResponse[Status=OK, StatusCode=200]"|0x428bf0c2
15:47:24.1 (173346137)|STATEMENT_EXECUTE|[21]
15:47:24.1 (173348462)|STATEMENT_EXECUTE|[22]
15:47:24.1 (173959594)|HEAP_ALLOCATE|[22]|Bytes:13995
15:47:24.174 (174017221)|CUMULATIVE_LIMIT_USAGE
15:47:24.174 (174017221)|LIMIT_USAGE_FOR_NS|(default)|
  Number of SOQL queries: 0 out of 100
  Number of query rows: 0 out of 50000
  Number of SOSL queries: 0 out of 20
  Number of DML statements: 0 out of 150
  Number of Publish Immediate DML: 0 out of 150
  Number of DML rows: 0 out of 10000
  Maximum CPU time: 0 out of 10000
  Maximum heap size: 0 out of 6000000
  Number of callouts: 1 out of 100
  Number of Email Invocations: 0 out of 10
  Number of future calls: 0 out of 50
  Number of queueable jobs added to the queue: 0 out of 50
  Number of Mobile Apex push calls: 0 out of 10

15:47:24.174 (174017221)|CUMULATIVE_LIMIT_USAGE_END

15:47:24.1 (174054789)|CODE_UNIT_FINISHED|CustomNotificationController.getNotifications(String)
15:47:24.1 (174228731)|CODE_UNIT_FINISHED|apex://CustomNotificationController/ACTION$getNotifications
15:47:24.1 (174237045)|EXECUTION_FINISHED
