66.0 APEX_CODE,FINEST;APEX_PROFILING,INFO;CALLOUT,INFO;DATA_ACCESS,INFO;DB,INFO;NBA,INFO;SYSTEM,DEBUG;VALIDATION,INFO;VISUALFORCE,INFO;WAVE,INFO;WORKFLOW,INFO
16:00:56.0 (246440)|USER_INFO|[EXTERNAL]|0057F0000042UBb|ishibashi@hurex.co.jp.dev1|(GMT+09:00) 日本標準時 (Asia/Tokyo)|GMT+09:00
16:00:56.0 (288560)|EXECUTION_STARTED
16:00:56.0 (304902)|CODE_UNIT_STARTED|[EXTERNAL]|apex://CustomNotificationController/ACTION$getNotifications
16:00:56.0 (3620640)|CODE_UNIT_STARTED|[EXTERNAL]|01pBK000001VvEL|CustomNotificationController.getNotifications(String)
16:00:56.0 (4098555)|HEAP_ALLOCATE|[95]|Bytes:3
16:00:56.0 (4279269)|HEAP_ALLOCATE|[100]|Bytes:152
16:00:56.0 (4326699)|HEAP_ALLOCATE|[417]|Bytes:408
16:00:56.0 (4392948)|HEAP_ALLOCATE|[430]|Bytes:408
16:00:56.0 (4451166)|HEAP_ALLOCATE|[317]|Bytes:6
16:00:56.0 (4540217)|HEAP_ALLOCATE|[EXTERNAL]|Bytes:7
16:00:56.0 (4556001)|METHOD_ENTRY|[1]|01pBK000001VvEL|CustomNotificationController.CustomNotificationController()
16:00:56.0 (4562502)|STATEMENT_EXECUTE|[1]
16:00:56.0 (4572639)|STATEMENT_EXECUTE|[1]
16:00:56.0 (4611704)|HEAP_ALLOCATE|[68]|Bytes:5
16:00:56.0 (4663121)|HEAP_ALLOCATE|[74]|Bytes:5
16:00:56.0 (4677127)|HEAP_ALLOCATE|[82]|Bytes:7
16:00:56.0 (4959190)|HEAP_ALLOCATE|[EXTERNAL]|Bytes:5
16:00:56.0 (4978819)|METHOD_EXIT|[1]|CustomNotificationController
16:00:56.0 (5000090)|VARIABLE_SCOPE_BEGIN|[5]|before|String|false|false
16:00:56.0 (5069877)|VARIABLE_ASSIGNMENT|[5]|before|null
16:00:56.0 (5087645)|HEAP_ALLOCATE|[6]|Bytes:5
16:00:56.0 (5091760)|STATEMENT_EXECUTE|[5]
16:00:56.0 (5094126)|STATEMENT_EXECUTE|[6]
16:00:56.0 (5146266)|VARIABLE_SCOPE_BEGIN|[6]|req|System.HttpRequest|true|false
16:00:56.0 (5508398)|VARIABLE_ASSIGNMENT|[6]|req|"System.HttpRequest[Endpoint=null, Method=null]"|0x1e846c91
16:00:56.0 (5526801)|STATEMENT_EXECUTE|[7]
16:00:56.0 (5540247)|HEAP_ALLOCATE|[7]|Bytes:3
16:00:56.0 (5652711)|STATEMENT_EXECUTE|[8]
16:00:56.0 (5669305)|HEAP_ALLOCATE|[8]|Bytes:13
16:00:56.0 (5677315)|HEAP_ALLOCATE|[8]|Bytes:7
16:00:56.0 (5742451)|HEAP_ALLOCATE|[8]|Bytes:105
16:00:56.0 (5766155)|SYSTEM_METHOD_ENTRY|[1]|UserInfo.UserInfo()
16:00:56.0 (5769609)|STATEMENT_EXECUTE|[1]
16:00:56.0 (5786833)|SYSTEM_METHOD_EXIT|[1]|UserInfo
16:00:56.0 (5813891)|METHOD_ENTRY|[8]||System.UserInfo.getSessionId()
16:00:56.0 (16578571)|METHOD_EXIT|[8]||System.UserInfo.getSessionId()
16:00:56.0 (16659392)|HEAP_ALLOCATE|[8]|Bytes:119
16:00:56.0 (16776152)|STATEMENT_EXECUTE|[10]
16:00:56.0 (16884231)|HEAP_ALLOCATE|[10]|Bytes:67
16:00:56.0 (16913359)|SYSTEM_METHOD_ENTRY|[1]|Url.Url()
16:00:56.0 (16922410)|STATEMENT_EXECUTE|[1]
16:00:56.0 (16943471)|SYSTEM_METHOD_EXIT|[1]|Url
16:00:56.0 (16972961)|METHOD_ENTRY|[10]||System.Url.getOrgDomainUrl()
16:00:56.0 (17452800)|METHOD_EXIT|[10]||System.Url.getOrgDomainUrl()
16:00:56.0 (17480593)|METHOD_ENTRY|[10]||System.Url.toExternalForm()
16:00:56.0 (17567086)|METHOD_EXIT|[10]||System.Url.toExternalForm()
16:00:56.0 (17579354)|VARIABLE_SCOPE_BEGIN|[10]|domainPath|String|false|false
16:00:56.0 (17636823)|VARIABLE_ASSIGNMENT|[10]|domainPath|"https://hurex--dev1. (25 more) ..."
16:00:56.0 (17652662)|STATEMENT_EXECUTE|[11]
16:00:56.0 (17659487)|HEAP_ALLOCATE|[11]|Bytes:50
16:00:56.0 (17689443)|HEAP_ALLOCATE|[11]|Bytes:95
16:00:56.0 (17696307)|VARIABLE_SCOPE_BEGIN|[11]|endpoint|String|false|false
16:00:56.0 (17721189)|VARIABLE_ASSIGNMENT|[11]|endpoint|"https://hurex--dev1. (75 more) ..."
16:00:56.0 (17797338)|STATEMENT_EXECUTE|[13]
16:00:56.0 (17799082)|STATEMENT_EXECUTE|[16]
16:00:56.0 (17857792)|STATEMENT_EXECUTE|[18]
16:00:56.0 (17894712)|VARIABLE_SCOPE_BEGIN|[18]|http|System.Http|true|false
16:00:56.0 (18091874)|VARIABLE_ASSIGNMENT|[18]|http|"System.Http[]"|0x7eeeb4f9
16:00:56.0 (18098662)|STATEMENT_EXECUTE|[19]
16:00:56.0 (18232536)|CALLOUT_REQUEST|[19]|System.HttpRequest[Endpoint=https://hurex--dev1.sandbox.my.salesforce.com/services/data/v56.0/connect/notifications?size=20, Method=GET]
16:00:56.0 (258295523)|HEAP_ALLOCATE|[EXTERNAL]|Bytes:939
16:00:56.0 (261029502)|CALLOUT_RESPONSE|[19]|System.HttpResponse[Status=Unauthorized, StatusCode=401]
16:00:56.0 (261084727)|HEAP_ALLOCATE|[19]|Bytes:91
16:00:56.0 (261133459)|VARIABLE_SCOPE_BEGIN|[19]|res|System.HttpResponse|true|false
16:00:56.0 (261259782)|VARIABLE_ASSIGNMENT|[19]|res|"System.HttpResponse[Status=Unauthorized, StatusCode=401]"|0x4bde80a0
16:00:56.0 (261358832)|STATEMENT_EXECUTE|[23]
16:00:56.0 (261360739)|STATEMENT_EXECUTE|[24]
16:00:56.0 (261421627)|HEAP_ALLOCATE|[24]|Bytes:9
16:00:56.0 (261460875)|HEAP_ALLOCATE|[24]|Bytes:75
16:00:56.0 (261481896)|HEAP_ALLOCATE|[24]|Bytes:84
16:00:56.0 (261718724)|FATAL_ERROR|System.AuraHandledException: Script-thrown exception

Class.CustomNotificationController.getNotifications: line 24, column 1
16:00:56.0 (261733267)|FATAL_ERROR|System.AuraHandledException: Script-thrown exception

Class.CustomNotificationController.getNotifications: line 24, column 1
16:00:56.261 (261744849)|CUMULATIVE_LIMIT_USAGE
16:00:56.261 (261744849)|LIMIT_USAGE_FOR_NS|(default)|
  Number of SOQL queries: 0 out of 100
  Number of query rows: 0 out of 50000
  Number of SOSL queries: 0 out of 20
  Number of DML statements: 0 out of 150
  Number of Publish Immediate DML: 0 out of 150
  Number of DML rows: 0 out of 10000
  Maximum CPU time: 0 out of 10000
  Maximum heap size: 0 out of 6000000
  Number of callouts: 1 out of 100
  Number of Email Invocations: 0 out of 10
  Number of future calls: 0 out of 50
  Number of queueable jobs added to the queue: 0 out of 50
  Number of Mobile Apex push calls: 0 out of 10

16:00:56.261 (261744849)|CUMULATIVE_LIMIT_USAGE_END

16:00:56.0 (261802691)|CODE_UNIT_FINISHED|CustomNotificationController.getNotifications(String)
16:00:56.0 (262135570)|CODE_UNIT_FINISHED|apex://CustomNotificationController/ACTION$getNotifications
16:00:56.0 (262144564)|EXECUTION_FINISHED
