66.0 APEX_CODE,FINEST;APEX_PROFILING,INFO;CALLOUT,INFO;DATA_ACCESS,INFO;DB,INFO;NBA,INFO;SYSTEM,DEBUG;VALIDATION,INFO;VISUALFORCE,INFO;WAVE,INFO;WORKFLOW,INFO
16:00:12.1 (1583303)|USER_INFO|[EXTERNAL]|0057F0000042UBb|ishibashi@hurex.co.jp.dev1|(GMT+09:00) 日本標準時 (Asia/Tokyo)|GMT+09:00
16:00:12.1 (1621469)|EXECUTION_STARTED
16:00:12.1 (1633740)|CODE_UNIT_STARTED|[EXTERNAL]|apex://CustomNotificationController/ACTION$getNotifications
16:00:12.1 (4782916)|CODE_UNIT_STARTED|[EXTERNAL]|01pBK000001VvEL|CustomNotificationController.getNotifications(String)
16:00:12.1 (5176742)|HEAP_ALLOCATE|[95]|Bytes:3
16:00:12.1 (5267025)|HEAP_ALLOCATE|[100]|Bytes:152
16:00:12.1 (5284162)|HEAP_ALLOCATE|[417]|Bytes:408
16:00:12.1 (5295384)|HEAP_ALLOCATE|[430]|Bytes:408
16:00:12.1 (5315527)|HEAP_ALLOCATE|[317]|Bytes:6
16:00:12.1 (5366266)|HEAP_ALLOCATE|[EXTERNAL]|Bytes:7
16:00:12.1 (5377565)|METHOD_ENTRY|[1]|01pBK000001VvEL|CustomNotificationController.CustomNotificationController()
16:00:12.1 (5382664)|STATEMENT_EXECUTE|[1]
16:00:12.1 (5387668)|STATEMENT_EXECUTE|[1]
16:00:12.1 (5406084)|HEAP_ALLOCATE|[68]|Bytes:5
16:00:12.1 (5429855)|HEAP_ALLOCATE|[74]|Bytes:5
16:00:12.1 (5435256)|HEAP_ALLOCATE|[82]|Bytes:7
16:00:12.1 (5778352)|HEAP_ALLOCATE|[EXTERNAL]|Bytes:5
16:00:12.1 (5795339)|METHOD_EXIT|[1]|CustomNotificationController
16:00:12.1 (5804480)|VARIABLE_SCOPE_BEGIN|[5]|before|String|false|false
16:00:12.1 (5843508)|VARIABLE_ASSIGNMENT|[5]|before|null
16:00:12.1 (5859140)|HEAP_ALLOCATE|[6]|Bytes:5
16:00:12.1 (5863581)|STATEMENT_EXECUTE|[5]
16:00:12.1 (5865262)|STATEMENT_EXECUTE|[6]
16:00:12.1 (5895070)|VARIABLE_SCOPE_BEGIN|[6]|req|System.HttpRequest|true|false
16:00:12.1 (6149650)|VARIABLE_ASSIGNMENT|[6]|req|"System.HttpRequest[Endpoint=null, Method=null]"|0x440e832b
16:00:12.1 (6160224)|STATEMENT_EXECUTE|[7]
16:00:12.1 (6164539)|HEAP_ALLOCATE|[7]|Bytes:3
16:00:12.1 (6250267)|STATEMENT_EXECUTE|[8]
16:00:12.1 (6251863)|HEAP_ALLOCATE|[8]|Bytes:13
16:00:12.1 (6254622)|HEAP_ALLOCATE|[8]|Bytes:7
16:00:12.1 (6300413)|HEAP_ALLOCATE|[8]|Bytes:105
16:00:12.1 (6310318)|SYSTEM_METHOD_ENTRY|[1]|UserInfo.UserInfo()
16:00:12.1 (6312919)|STATEMENT_EXECUTE|[1]
16:00:12.1 (6318032)|SYSTEM_METHOD_EXIT|[1]|UserInfo
16:00:12.1 (6340674)|METHOD_ENTRY|[8]||System.UserInfo.getSessionId()
16:00:12.1 (14460165)|METHOD_EXIT|[8]||System.UserInfo.getSessionId()
16:00:12.1 (14515885)|HEAP_ALLOCATE|[8]|Bytes:119
16:00:12.1 (14590497)|STATEMENT_EXECUTE|[10]
16:00:12.1 (14716164)|HEAP_ALLOCATE|[10]|Bytes:67
16:00:12.1 (14749496)|SYSTEM_METHOD_ENTRY|[1]|Url.Url()
16:00:12.1 (14753781)|STATEMENT_EXECUTE|[1]
16:00:12.1 (14767174)|SYSTEM_METHOD_EXIT|[1]|Url
16:00:12.1 (14788540)|METHOD_ENTRY|[10]||System.Url.getOrgDomainUrl()
16:00:12.1 (15088610)|METHOD_EXIT|[10]||System.Url.getOrgDomainUrl()
16:00:12.1 (15123430)|METHOD_ENTRY|[10]||System.Url.toExternalForm()
16:00:12.1 (15171309)|METHOD_EXIT|[10]||System.Url.toExternalForm()
16:00:12.1 (15177076)|VARIABLE_SCOPE_BEGIN|[10]|domainPath|String|false|false
16:00:12.1 (15204446)|VARIABLE_ASSIGNMENT|[10]|domainPath|"https://hurex--dev1. (25 more) ..."
16:00:12.1 (15209380)|STATEMENT_EXECUTE|[11]
16:00:12.1 (15213585)|HEAP_ALLOCATE|[11]|Bytes:50
16:00:12.1 (15224140)|HEAP_ALLOCATE|[11]|Bytes:95
16:00:12.1 (15227750)|VARIABLE_SCOPE_BEGIN|[11]|endpoint|String|false|false
16:00:12.1 (15235348)|VARIABLE_ASSIGNMENT|[11]|endpoint|"https://hurex--dev1. (75 more) ..."
16:00:12.1 (15299514)|STATEMENT_EXECUTE|[13]
16:00:12.1 (15301648)|STATEMENT_EXECUTE|[16]
16:00:12.1 (15344558)|STATEMENT_EXECUTE|[18]
16:00:12.1 (15368912)|VARIABLE_SCOPE_BEGIN|[18]|http|System.Http|true|false
16:00:12.1 (15566674)|VARIABLE_ASSIGNMENT|[18]|http|"System.Http[]"|0x892d09c
16:00:12.1 (15574997)|STATEMENT_EXECUTE|[19]
16:00:12.1 (15681021)|CALLOUT_REQUEST|[19]|System.HttpRequest[Endpoint=https://hurex--dev1.sandbox.my.salesforce.com/services/data/v56.0/connect/notifications?size=20, Method=GET]
16:00:12.1 (214048170)|HEAP_ALLOCATE|[EXTERNAL]|Bytes:15126
16:00:12.1 (216203964)|CALLOUT_RESPONSE|[19]|System.HttpResponse[Status=OK, StatusCode=200]
16:00:12.1 (216232809)|HEAP_ALLOCATE|[19]|Bytes:14281
16:00:12.1 (216263854)|VARIABLE_SCOPE_BEGIN|[19]|res|System.HttpResponse|true|false
16:00:12.1 (216330267)|VARIABLE_ASSIGNMENT|[19]|res|"System.HttpResponse[Status=OK, StatusCode=200]"|0x556c3f61
16:00:12.1 (216395455)|STATEMENT_EXECUTE|[21]
16:00:12.1 (216398953)|STATEMENT_EXECUTE|[22]
16:00:12.1 (216981050)|HEAP_ALLOCATE|[22]|Bytes:13995
16:00:12.217 (217021305)|CUMULATIVE_LIMIT_USAGE
16:00:12.217 (217021305)|LIMIT_USAGE_FOR_NS|(default)|
  Number of SOQL queries: 0 out of 100
  Number of query rows: 0 out of 50000
  Number of SOSL queries: 0 out of 20
  Number of DML statements: 0 out of 150
  Number of Publish Immediate DML: 0 out of 150
  Number of DML rows: 0 out of 10000
  Maximum CPU time: 0 out of 10000
  Maximum heap size: 0 out of 6000000
  Number of callouts: 1 out of 100
  Number of Email Invocations: 0 out of 10
  Number of future calls: 0 out of 50
  Number of queueable jobs added to the queue: 0 out of 50
  Number of Mobile Apex push calls: 0 out of 10

16:00:12.217 (217021305)|CUMULATIVE_LIMIT_USAGE_END

16:00:12.1 (217059567)|CODE_UNIT_FINISHED|CustomNotificationController.getNotifications(String)
16:00:12.1 (217209910)|CODE_UNIT_FINISHED|apex://CustomNotificationController/ACTION$getNotifications
16:00:12.1 (217214562)|EXECUTION_FINISHED
