66.0 APEX_CODE,FINEST;APEX_PROFILING,INFO;CALLOUT,INFO;DATA_ACCESS,INFO;DB,INFO;NBA,INFO;SYSTEM,DEBUG;VALIDATION,INFO;VISUALFORCE,INFO;WAVE,INFO;WORKFLOW,INFO
15:26:34.0 (641286)|USER_INFO|[EXTERNAL]|0057F0000042UBb|ishibashi@hurex.co.jp.dev1|(GMT+09:00) 日本標準時 (Asia/Tokyo)|GMT+09:00
15:26:34.0 (675227)|EXECUTION_STARTED
15:26:34.0 (687072)|CODE_UNIT_STARTED|[EXTERNAL]|apex://CustomNotificationController/ACTION$getNotifications
15:26:34.0 (1732863)|CODE_UNIT_STARTED|[EXTERNAL]|01pBK000001VvEL|CustomNotificationController.getNotifications(String)
15:26:34.0 (1939464)|HEAP_ALLOCATE|[95]|Bytes:3
15:26:34.0 (2016733)|HEAP_ALLOCATE|[100]|Bytes:152
15:26:34.0 (2031101)|HEAP_ALLOCATE|[417]|Bytes:408
15:26:34.0 (2042749)|HEAP_ALLOCATE|[430]|Bytes:408
15:26:34.0 (2062891)|HEAP_ALLOCATE|[317]|Bytes:6
15:26:34.0 (2130091)|HEAP_ALLOCATE|[EXTERNAL]|Bytes:7
15:26:34.0 (2140576)|METHOD_ENTRY|[1]|01pBK000001VvEL|CustomNotificationController.CustomNotificationController()
15:26:34.0 (2145310)|STATEMENT_EXECUTE|[1]
15:26:34.0 (2150248)|STATEMENT_EXECUTE|[1]
15:26:34.0 (2169208)|HEAP_ALLOCATE|[68]|Bytes:5
15:26:34.0 (2193125)|HEAP_ALLOCATE|[74]|Bytes:5
15:26:34.0 (2198000)|HEAP_ALLOCATE|[82]|Bytes:7
15:26:34.0 (2350581)|HEAP_ALLOCATE|[EXTERNAL]|Bytes:5
15:26:34.0 (2360947)|METHOD_EXIT|[1]|CustomNotificationController
15:26:34.0 (2367914)|VARIABLE_SCOPE_BEGIN|[5]|before|String|false|false
15:26:34.0 (2396702)|VARIABLE_ASSIGNMENT|[5]|before|null
15:26:34.0 (2406269)|HEAP_ALLOCATE|[6]|Bytes:5
15:26:34.0 (2409020)|STATEMENT_EXECUTE|[5]
15:26:34.0 (2409981)|STATEMENT_EXECUTE|[6]
15:26:34.0 (2434624)|VARIABLE_SCOPE_BEGIN|[6]|req|System.HttpRequest|true|false
15:26:34.0 (2627485)|VARIABLE_ASSIGNMENT|[6]|req|"System.HttpRequest[Endpoint=null, Method=null]"|0x41912b4a
15:26:34.0 (2632564)|STATEMENT_EXECUTE|[7]
15:26:34.0 (2634890)|HEAP_ALLOCATE|[7]|Bytes:3
15:26:34.0 (2703333)|STATEMENT_EXECUTE|[8]
15:26:34.0 (2704900)|HEAP_ALLOCATE|[8]|Bytes:13
15:26:34.0 (2707155)|HEAP_ALLOCATE|[8]|Bytes:7
15:26:34.0 (2740346)|HEAP_ALLOCATE|[8]|Bytes:105
15:26:34.0 (2746581)|SYSTEM_METHOD_ENTRY|[1]|UserInfo.UserInfo()
15:26:34.0 (2748509)|STATEMENT_EXECUTE|[1]
15:26:34.0 (2753626)|SYSTEM_METHOD_EXIT|[1]|UserInfo
15:26:34.0 (2761688)|METHOD_ENTRY|[8]||System.UserInfo.getSessionId()
15:26:34.0 (12475980)|METHOD_EXIT|[8]||System.UserInfo.getSessionId()
15:26:34.0 (12514951)|HEAP_ALLOCATE|[8]|Bytes:119
15:26:34.0 (12572871)|STATEMENT_EXECUTE|[10]
15:26:34.0 (12639041)|HEAP_ALLOCATE|[10]|Bytes:67
15:26:34.0 (12655464)|SYSTEM_METHOD_ENTRY|[1]|Url.Url()
15:26:34.0 (12658684)|STATEMENT_EXECUTE|[1]
15:26:34.0 (12666489)|SYSTEM_METHOD_EXIT|[1]|Url
15:26:34.0 (12674984)|METHOD_ENTRY|[10]||System.Url.getOrgDomainUrl()
15:26:34.0 (12913988)|METHOD_EXIT|[10]||System.Url.getOrgDomainUrl()
15:26:34.0 (12928154)|METHOD_ENTRY|[10]||System.Url.toExternalForm()
15:26:34.0 (12956549)|METHOD_EXIT|[10]||System.Url.toExternalForm()
15:26:34.0 (12960515)|VARIABLE_SCOPE_BEGIN|[10]|domainPath|String|false|false
15:26:34.0 (12981963)|VARIABLE_ASSIGNMENT|[10]|domainPath|"https://hurex--dev1. (25 more) ..."
15:26:34.0 (12984926)|STATEMENT_EXECUTE|[11]
15:26:34.0 (12987428)|HEAP_ALLOCATE|[11]|Bytes:50
15:26:34.0 (12993337)|HEAP_ALLOCATE|[11]|Bytes:95
15:26:34.0 (12995644)|VARIABLE_SCOPE_BEGIN|[11]|endpoint|String|false|false
15:26:34.0 (13000761)|VARIABLE_ASSIGNMENT|[11]|endpoint|"https://hurex--dev1. (75 more) ..."
15:26:34.0 (13046216)|STATEMENT_EXECUTE|[13]
15:26:34.0 (13047456)|STATEMENT_EXECUTE|[16]
15:26:34.0 (13073269)|STATEMENT_EXECUTE|[18]
15:26:34.0 (13090848)|VARIABLE_SCOPE_BEGIN|[18]|http|System.Http|true|false
15:26:34.0 (13197739)|VARIABLE_ASSIGNMENT|[18]|http|"System.Http[]"|0x1bae48af
15:26:34.0 (13201416)|STATEMENT_EXECUTE|[19]
15:26:34.0 (13268589)|CALLOUT_REQUEST|[19]|System.HttpRequest[Endpoint=https://hurex--dev1.sandbox.my.salesforce.com/services/data/v56.0/connect/notifications?size=20, Method=GET]
15:26:34.0 (61544858)|HEAP_ALLOCATE|[EXTERNAL]|Bytes:939
15:26:34.0 (63700286)|CALLOUT_RESPONSE|[19]|System.HttpResponse[Status=Unauthorized, StatusCode=401]
15:26:34.0 (63727069)|HEAP_ALLOCATE|[19]|Bytes:91
15:26:34.0 (63758867)|VARIABLE_SCOPE_BEGIN|[19]|res|System.HttpResponse|true|false
15:26:34.0 (63830541)|VARIABLE_ASSIGNMENT|[19]|res|"System.HttpResponse[Status=Unauthorized, StatusCode=401]"|0x1c0644b3
15:26:34.0 (63890839)|STATEMENT_EXECUTE|[23]
15:26:34.0 (63892311)|STATEMENT_EXECUTE|[24]
15:26:34.0 (63927633)|HEAP_ALLOCATE|[24]|Bytes:9
15:26:34.0 (63949819)|HEAP_ALLOCATE|[24]|Bytes:75
15:26:34.0 (63964278)|HEAP_ALLOCATE|[24]|Bytes:84
15:26:34.0 (64091208)|FATAL_ERROR|System.AuraHandledException: Script-thrown exception

Class.CustomNotificationController.getNotifications: line 24, column 1
15:26:34.0 (64100219)|FATAL_ERROR|System.AuraHandledException: Script-thrown exception

Class.CustomNotificationController.getNotifications: line 24, column 1
15:26:34.64 (64107178)|CUMULATIVE_LIMIT_USAGE
15:26:34.64 (64107178)|LIMIT_USAGE_FOR_NS|(default)|
  Number of SOQL queries: 0 out of 100
  Number of query rows: 0 out of 50000
  Number of SOSL queries: 0 out of 20
  Number of DML statements: 0 out of 150
  Number of Publish Immediate DML: 0 out of 150
  Number of DML rows: 0 out of 10000
  Maximum CPU time: 0 out of 10000
  Maximum heap size: 0 out of 6000000
  Number of callouts: 1 out of 100
  Number of Email Invocations: 0 out of 10
  Number of future calls: 0 out of 50
  Number of queueable jobs added to the queue: 0 out of 50
  Number of Mobile Apex push calls: 0 out of 10

15:26:34.64 (64107178)|CUMULATIVE_LIMIT_USAGE_END

15:26:34.0 (64130955)|CODE_UNIT_FINISHED|CustomNotificationController.getNotifications(String)
15:26:34.0 (64335773)|CODE_UNIT_FINISHED|apex://CustomNotificationController/ACTION$getNotifications
15:26:34.0 (64341613)|EXECUTION_FINISHED
