66.0 APEX_CODE,FINEST;APEX_PROFILING,INFO;CALLOUT,INFO;DATA_ACCESS,INFO;DB,INFO;NBA,INFO;SYSTEM,DEBUG;VALIDATION,INFO;VISUALFORCE,INFO;WAVE,INFO;WORKFLOW,INFO
15:55:26.0 (699548)|USER_INFO|[EXTERNAL]|0057F0000042UBb|ishibashi@hurex.co.jp.dev1|(GMT+09:00) 日本標準時 (Asia/Tokyo)|GMT+09:00
15:55:26.0 (738994)|EXECUTION_STARTED
15:55:26.0 (749030)|CODE_UNIT_STARTED|[EXTERNAL]|apex://OfferComponentController/ACTION$getOffers
15:55:26.0 (2474661)|CODE_UNIT_STARTED|[EXTERNAL]|01pBK000001Vpwv|OfferComponentController.getOffers()
15:55:26.0 (6689074)|HEAP_ALLOCATE|[95]|Bytes:3
15:55:26.0 (6811045)|HEAP_ALLOCATE|[100]|Bytes:152
15:55:26.0 (6828677)|HEAP_ALLOCATE|[417]|Bytes:408
15:55:26.0 (6839438)|HEAP_ALLOCATE|[430]|Bytes:408
15:55:26.0 (6861719)|HEAP_ALLOCATE|[317]|Bytes:6
15:55:26.0 (6872295)|HEAP_ALLOCATE|[EXTERNAL]|Bytes:2
15:55:26.0 (6882560)|METHOD_ENTRY|[5]|01pBK000001Vpwv|OfferComponentController.OfferComponentController()
15:55:26.0 (6888223)|STATEMENT_EXECUTE|[5]
15:55:26.0 (6892371)|STATEMENT_EXECUTE|[5]
15:55:26.0 (6913318)|HEAP_ALLOCATE|[68]|Bytes:5
15:55:26.0 (6938513)|HEAP_ALLOCATE|[74]|Bytes:5
15:55:26.0 (6942991)|HEAP_ALLOCATE|[82]|Bytes:7
15:55:26.0 (7096960)|HEAP_ALLOCATE|[EXTERNAL]|Bytes:5
15:55:26.0 (7108075)|METHOD_EXIT|[5]|OfferComponentController
15:55:26.0 (7117608)|HEAP_ALLOCATE|[18]|Bytes:5
15:55:26.0 (7120504)|STATEMENT_EXECUTE|[16]
15:55:26.0 (7121572)|STATEMENT_EXECUTE|[18]
15:55:26.0 (7123235)|HEAP_ALLOCATE|[18]|Bytes:78
15:55:26.0 (7139174)|HEAP_ALLOCATE|[18]|Bytes:4
15:55:26.0 (26240646)|SOQL_EXECUTE_BEGIN|[18]|Aggregations:0|SELECT COUNT() FROM SelectionProcess__c WHERE LatestProcessStatus__c = 'JOB打診'
15:55:26.0 (80151530)|SOQL_EXECUTE_END|[18]|Rows:2
15:55:26.0 (80214236)|HEAP_ALLOCATE|[18]|Bytes:4
15:55:26.0 (80242064)|VARIABLE_SCOPE_BEGIN|[18]|totalCount|Integer|false|false
15:55:26.0 (80251736)|HEAP_ALLOCATE|[18]|Bytes:4
15:55:26.0 (80294921)|VARIABLE_ASSIGNMENT|[18]|totalCount|2
15:55:26.0 (80303523)|STATEMENT_EXECUTE|[22]
15:55:26.0 (80310888)|HEAP_ALLOCATE|[22]|Bytes:360
15:55:26.0 (80342790)|HEAP_ALLOCATE|[22]|Bytes:4
15:55:26.0 (118827585)|SOQL_EXECUTE_BEGIN|[22]|Aggregations:0|SELECT Id, JobPosition__c, LatestProcessStatus__c, LastModifiedDate, JobPosition__r.Id, JobPosition__r.Company__r.Name, JobPosition__r.JobPosition__c, JobPosition__r.WorkLocation2__c, JobPosition__r.JobCategory1__c, JobPosition__r.LastViewedDate FROM SelectionProcess__c WHERE LatestProcessStatus__c = 'JOB打診' ORDER BY LastModifiedDate DESC NULLS FIRST LIMIT 2
15:55:26.0 (170614354)|SOQL_EXECUTE_END|[22]|Rows:2
15:55:26.0 (170653764)|HEAP_ALLOCATE|[22]|Bytes:12
15:55:26.0 (170676762)|HEAP_ALLOCATE|[22]|Bytes:876
15:55:26.0 (170839514)|HEAP_ALLOCATE|[22]|Bytes:12
15:55:26.0 (170861479)|VARIABLE_SCOPE_BEGIN|[22]|processes|List<SelectionProcess__c>|true|false
15:55:26.0 (171272731)|VARIABLE_ASSIGNMENT|[22]|processes|[{"JobPosition__c":"a0KBK00000GezgQ2AR","LastModifiedDate":"2026-03-25T09:40:48.000Z","JobPosition__r":{"JobPosition__c":"新潟市(新潟) 法人ルート営業・業界シェ (74 more) ...","WorkLocation2__c":"新潟県新潟市（転勤なし／車通勤可）","LastViewedDate":"2026-04-03T08:24:43.000Z","Id":"a0KBK00000GezgQ2AR","Company__c":"001BK00000b1JOJYA2","Company__r":{"Name":"(demo)株式会社エンミッシュ","Id":"001BK00000b1JOJYA2"},"JobCategory1__c":"経営幹部/企画/マーケティング系"},"Id":"a0LBK000006mpG52AI","LatestProcessStatus__c":"JOB打診"},{"JobPosition__c":"a0KBK00000Gexcs2AB","LastModifiedDate":"2026-03-02T05:52:31.000Z","JobPosition__r":{"JobPosition__c":"テスト401求人タイトル求人タイトル求人 (28 more) ...","WorkLocation2__c":"勤務地","LastViewedDate":"2026-04-02T11:19:39.000Z","Id":"a0KBK00000Gexcs2AB","Company__c":"001BK00000cc2ZEYAY","Company__r":{"Name":"テスト 廣川 名","Id":"001BK00000cc2ZEYAY"},"JobCategory1__c":"専門職系（コンサルタント/金融/不動産）"},"Id":"a0LBK000005sEhR2AU","LatestProcessStatus__c":"JOB打診"}]|0x34843428
15:55:26.0 (171301506)|STATEMENT_EXECUTE|[41]
15:55:26.0 (171322826)|HEAP_ALLOCATE|[41]|Bytes:4
15:55:26.0 (171373202)|VARIABLE_SCOPE_BEGIN|[41]|jobInfos|List<Map<String,ANY>>|true|false
15:55:26.0 (171403774)|HEAP_ALLOCATE|[EXTERNAL]|Bytes:4
15:55:26.0 (171411187)|VARIABLE_ASSIGNMENT|[41]|jobInfos|[]|0x3131a834
15:55:26.0 (171606334)|HEAP_ALLOCATE|[44]|Bytes:5
15:55:26.0 (171631769)|HEAP_ALLOCATE|[44]|Bytes:24
15:55:26.0 (171639869)|VARIABLE_SCOPE_BEGIN|[44]|process|SelectionProcess__c|true|false
15:55:26.0 (171717451)|VARIABLE_ASSIGNMENT|[44]|process|{"JobPosition__c":"a0KBK00000GezgQ2AR","LastModifiedDate":"2026-03-25T09:40:48.000Z","JobPosition__r":{"JobPosition__c":"新潟市(新潟) 法人ルート営業・業界シェ (74 more) ...","WorkLocation2__c":"新潟県新潟市（転勤なし／車通勤可）","LastViewedDate":"2026-04-03T08:24:43.000Z","Id":"a0KBK00000GezgQ2AR","Company__c":"001BK00000b1JOJYA2","Company__r":{"Name":"(demo)株式会社エンミッシュ","Id":"001BK00000b1JOJYA2"},"JobCategory1__c":"経営幹部/企画/マーケティング系"},"Id":"a0LBK000006mpG52AI","LatestProcessStatus__c":"JOB打診"}|0x6194787a
15:55:26.0 (171726960)|STATEMENT_EXECUTE|[44]
15:55:26.0 (171728061)|STATEMENT_EXECUTE|[45]
15:55:26.0 (171738134)|HEAP_ALLOCATE|[45]|Bytes:4
15:55:26.0 (171744479)|VARIABLE_SCOPE_BEGIN|[45]|jobInfo|Map<String,ANY>|true|false
15:55:26.0 (171757384)|VARIABLE_ASSIGNMENT|[45]|jobInfo|{}|0x386af6ac
15:55:26.0 (171760349)|STATEMENT_EXECUTE|[46]
15:55:26.0 (171764470)|HEAP_ALLOCATE|[46]|Bytes:5
15:55:26.0 (171826513)|HEAP_ALLOCATE|[EXTERNAL]|Bytes:-4
15:55:26.0 (171831450)|STATEMENT_EXECUTE|[48]
15:55:26.0 (171833160)|HEAP_ALLOCATE|[48]|Bytes:10
15:55:26.0 (171856449)|HEAP_ALLOCATE|[48]|Bytes:14
15:55:26.0 (171901309)|HEAP_ALLOCATE|[48]|Bytes:15
15:55:26.0 (171908914)|HEAP_ALLOCATE|[EXTERNAL]|Bytes:-4
15:55:26.0 (171911916)|STATEMENT_EXECUTE|[50]
15:55:26.0 (171913089)|HEAP_ALLOCATE|[50]|Bytes:11
15:55:26.0 (171956026)|HEAP_ALLOCATE|[EXTERNAL]|Bytes:-4
15:55:26.0 (171959162)|STATEMENT_EXECUTE|[52]
15:55:26.0 (171960459)|HEAP_ALLOCATE|[52]|Bytes:13
15:55:26.0 (171975689)|HEAP_ALLOCATE|[EXTERNAL]|Bytes:-4
15:55:26.0 (171978659)|STATEMENT_EXECUTE|[54]
15:55:26.0 (171979769)|HEAP_ALLOCATE|[54]|Bytes:12
15:55:26.0 (171993224)|HEAP_ALLOCATE|[EXTERNAL]|Bytes:-4
15:55:26.0 (171996114)|STATEMENT_EXECUTE|[56]
15:55:26.0 (171997404)|HEAP_ALLOCATE|[56]|Bytes:11
15:55:26.0 (172048486)|HEAP_ALLOCATE|[EXTERNAL]|Bytes:-4
15:55:26.0 (172052805)|STATEMENT_EXECUTE|[58]
15:55:26.0 (172054219)|HEAP_ALLOCATE|[58]|Bytes:14
15:55:26.0 (172075280)|HEAP_ALLOCATE|[EXTERNAL]|Bytes:-4
15:55:26.0 (172078344)|STATEMENT_EXECUTE|[59]
15:55:26.0 (172090399)|HEAP_ALLOCATE|[EXTERNAL]|Bytes:4
15:55:26.0 (172099875)|HEAP_ALLOCATE|[44]|Bytes:5
15:55:26.0 (172106867)|HEAP_ALLOCATE|[44]|Bytes:24
15:55:26.0 (172110434)|VARIABLE_SCOPE_BEGIN|[44]|process|SelectionProcess__c|true|false
15:55:26.0 (172172738)|VARIABLE_ASSIGNMENT|[44]|process|{"JobPosition__c":"a0KBK00000Gexcs2AB","LastModifiedDate":"2026-03-02T05:52:31.000Z","JobPosition__r":{"JobPosition__c":"テスト401求人タイトル求人タイトル求人 (28 more) ...","WorkLocation2__c":"勤務地","LastViewedDate":"2026-04-02T11:19:39.000Z","Id":"a0KBK00000Gexcs2AB","Company__c":"001BK00000cc2ZEYAY","Company__r":{"Name":"テスト 廣川 名","Id":"001BK00000cc2ZEYAY"},"JobCategory1__c":"専門職系（コンサルタント/金融/不動産）"},"Id":"a0LBK000005sEhR2AU","LatestProcessStatus__c":"JOB打診"}|0x6a14869e
15:55:26.0 (172181589)|STATEMENT_EXECUTE|[44]
15:55:26.0 (172182383)|STATEMENT_EXECUTE|[45]
15:55:26.0 (172187936)|HEAP_ALLOCATE|[45]|Bytes:4
15:55:26.0 (172191687)|VARIABLE_SCOPE_BEGIN|[45]|jobInfo|Map<String,ANY>|true|false
15:55:26.0 (172198780)|VARIABLE_ASSIGNMENT|[45]|jobInfo|{}|0x79aa36ed
15:55:26.0 (172201151)|STATEMENT_EXECUTE|[46]
15:55:26.0 (172207773)|HEAP_ALLOCATE|[EXTERNAL]|Bytes:-4
15:55:26.0 (172210660)|STATEMENT_EXECUTE|[48]
15:55:26.0 (172222429)|HEAP_ALLOCATE|[48]|Bytes:14
15:55:26.0 (172229511)|HEAP_ALLOCATE|[EXTERNAL]|Bytes:-4
15:55:26.0 (172232324)|STATEMENT_EXECUTE|[50]
15:55:26.0 (172237015)|HEAP_ALLOCATE|[EXTERNAL]|Bytes:-4
15:55:26.0 (172239430)|STATEMENT_EXECUTE|[52]
15:55:26.0 (172243373)|HEAP_ALLOCATE|[EXTERNAL]|Bytes:-4
15:55:26.0 (172245697)|STATEMENT_EXECUTE|[54]
15:55:26.0 (172249288)|HEAP_ALLOCATE|[EXTERNAL]|Bytes:-4
15:55:26.0 (172251692)|STATEMENT_EXECUTE|[56]
15:55:26.0 (172256588)|HEAP_ALLOCATE|[EXTERNAL]|Bytes:-4
15:55:26.0 (172259010)|STATEMENT_EXECUTE|[58]
15:55:26.0 (172264493)|HEAP_ALLOCATE|[EXTERNAL]|Bytes:-4
15:55:26.0 (172266908)|STATEMENT_EXECUTE|[59]
15:55:26.0 (172269655)|HEAP_ALLOCATE|[EXTERNAL]|Bytes:4
15:55:26.0 (172275090)|HEAP_ALLOCATE|[44]|Bytes:5
15:55:26.0 (172282691)|VARIABLE_ASSIGNMENT|[44]|process|null|
15:55:26.0 (172286403)|STATEMENT_EXECUTE|[63]
15:55:26.0 (172289732)|HEAP_ALLOCATE|[63]|Bytes:4
15:55:26.0 (172292870)|VARIABLE_SCOPE_BEGIN|[63]|result|Map<String,ANY>|true|false
15:55:26.0 (172298075)|VARIABLE_ASSIGNMENT|[63]|result|{}|0xa62868b
15:55:26.0 (172300531)|STATEMENT_EXECUTE|[64]
15:55:26.0 (172302173)|HEAP_ALLOCATE|[64]|Bytes:8
15:55:26.0 (172314843)|HEAP_ALLOCATE|[EXTERNAL]|Bytes:-4
15:55:26.0 (172317715)|STATEMENT_EXECUTE|[65]
15:55:26.0 (172319065)|HEAP_ALLOCATE|[65]|Bytes:10
15:55:26.0 (172327809)|HEAP_ALLOCATE|[65]|Bytes:4
15:55:26.0 (172346892)|HEAP_ALLOCATE|[EXTERNAL]|Bytes:-4
15:55:26.0 (172349614)|STATEMENT_EXECUTE|[66]
15:55:26.172 (172449040)|CUMULATIVE_LIMIT_USAGE
15:55:26.172 (172449040)|LIMIT_USAGE_FOR_NS|(default)|
  Number of SOQL queries: 2 out of 100
  Number of query rows: 3 out of 50000
  Number of SOSL queries: 0 out of 20
  Number of DML statements: 0 out of 0
  Number of Publish Immediate DML: 0 out of 150
  Number of DML rows: 0 out of 10000
  Maximum CPU time: 0 out of 10000
  Maximum heap size: 0 out of 6000000
  Number of callouts: 0 out of 100
  Number of Email Invocations: 0 out of 10
  Number of future calls: 0 out of 50
  Number of queueable jobs added to the queue: 0 out of 50
  Number of Mobile Apex push calls: 0 out of 10

15:55:26.172 (172449040)|CUMULATIVE_LIMIT_USAGE_END

15:55:26.0 (172500235)|CODE_UNIT_FINISHED|OfferComponentController.getOffers()
15:55:26.0 (172667685)|CODE_UNIT_FINISHED|apex://OfferComponentController/ACTION$getOffers
15:55:26.0 (172673283)|EXECUTION_FINISHED
