66.0 APEX_CODE,FINEST;APEX_PROFILING,INFO;CALLOUT,INFO;DATA_ACCESS,INFO;DB,INFO;NBA,INFO;SYSTEM,DEBUG;VALIDATION,INFO;VISUALFORCE,INFO;WAVE,INFO;WORKFLOW,INFO
15:35:44.0 (201013)|USER_INFO|[EXTERNAL]|0057F0000042UBb|ishibashi@hurex.co.jp.dev1|(GMT+09:00) 日本標準時 (Asia/Tokyo)|GMT+09:00
15:35:44.0 (230980)|EXECUTION_STARTED
15:35:44.0 (239842)|CODE_UNIT_STARTED|[EXTERNAL]|apex://CustomNotificationController/ACTION$getNotifications
15:35:44.0 (3085091)|CODE_UNIT_STARTED|[EXTERNAL]|01pBK000001VvEL|CustomNotificationController.getNotifications(String)
15:35:44.0 (3358485)|HEAP_ALLOCATE|[95]|Bytes:3
15:35:44.0 (3430756)|HEAP_ALLOCATE|[100]|Bytes:152
15:35:44.0 (3594658)|HEAP_ALLOCATE|[417]|Bytes:408
15:35:44.0 (3606806)|HEAP_ALLOCATE|[430]|Bytes:408
15:35:44.0 (3629991)|HEAP_ALLOCATE|[317]|Bytes:6
15:35:44.0 (3643343)|HEAP_ALLOCATE|[EXTERNAL]|Bytes:7
15:35:44.0 (3654611)|METHOD_ENTRY|[1]|01pBK000001VvEL|CustomNotificationController.CustomNotificationController()
15:35:44.0 (3659650)|STATEMENT_EXECUTE|[1]
15:35:44.0 (3663106)|STATEMENT_EXECUTE|[1]
15:35:44.0 (3680946)|HEAP_ALLOCATE|[68]|Bytes:5
15:35:44.0 (3701127)|HEAP_ALLOCATE|[74]|Bytes:5
15:35:44.0 (3705841)|HEAP_ALLOCATE|[82]|Bytes:7
15:35:44.0 (3881823)|HEAP_ALLOCATE|[EXTERNAL]|Bytes:5
15:35:44.0 (3896968)|METHOD_EXIT|[1]|CustomNotificationController
15:35:44.0 (3909425)|VARIABLE_SCOPE_BEGIN|[5]|before|String|false|false
15:35:44.0 (3945223)|VARIABLE_ASSIGNMENT|[5]|before|null
15:35:44.0 (3958938)|HEAP_ALLOCATE|[6]|Bytes:5
15:35:44.0 (3962606)|STATEMENT_EXECUTE|[5]
15:35:44.0 (3963950)|STATEMENT_EXECUTE|[6]
15:35:44.0 (3991683)|VARIABLE_SCOPE_BEGIN|[6]|req|System.HttpRequest|true|false
15:35:44.0 (4176441)|VARIABLE_ASSIGNMENT|[6]|req|"System.HttpRequest[Endpoint=null, Method=null]"|0x493d31f0
15:35:44.0 (4183757)|STATEMENT_EXECUTE|[7]
15:35:44.0 (4187268)|HEAP_ALLOCATE|[7]|Bytes:3
15:35:44.0 (4254574)|STATEMENT_EXECUTE|[8]
15:35:44.0 (4256326)|HEAP_ALLOCATE|[8]|Bytes:13
15:35:44.0 (4259133)|HEAP_ALLOCATE|[8]|Bytes:7
15:35:44.0 (4303529)|HEAP_ALLOCATE|[8]|Bytes:105
15:35:44.0 (4312711)|SYSTEM_METHOD_ENTRY|[1]|UserInfo.UserInfo()
15:35:44.0 (4315235)|STATEMENT_EXECUTE|[1]
15:35:44.0 (4319677)|SYSTEM_METHOD_EXIT|[1]|UserInfo
15:35:44.0 (4328678)|METHOD_ENTRY|[8]||System.UserInfo.getSessionId()
15:35:44.0 (15944087)|METHOD_EXIT|[8]||System.UserInfo.getSessionId()
15:35:44.0 (15983087)|HEAP_ALLOCATE|[8]|Bytes:119
15:35:44.0 (16034432)|STATEMENT_EXECUTE|[10]
15:35:44.0 (16090153)|HEAP_ALLOCATE|[10]|Bytes:67
15:35:44.0 (16104427)|SYSTEM_METHOD_ENTRY|[1]|Url.Url()
15:35:44.0 (16107422)|STATEMENT_EXECUTE|[1]
15:35:44.0 (16114563)|SYSTEM_METHOD_EXIT|[1]|Url
15:35:44.0 (16124185)|METHOD_ENTRY|[10]||System.Url.getOrgDomainUrl()
15:35:44.0 (16328667)|METHOD_EXIT|[10]||System.Url.getOrgDomainUrl()
15:35:44.0 (16343193)|METHOD_ENTRY|[10]||System.Url.toExternalForm()
15:35:44.0 (16372772)|METHOD_EXIT|[10]||System.Url.toExternalForm()
15:35:44.0 (16375925)|VARIABLE_SCOPE_BEGIN|[10]|domainPath|String|false|false
15:35:44.0 (16391002)|VARIABLE_ASSIGNMENT|[10]|domainPath|"https://hurex--dev1. (25 more) ..."
15:35:44.0 (16395000)|STATEMENT_EXECUTE|[11]
15:35:44.0 (16398112)|HEAP_ALLOCATE|[11]|Bytes:50
15:35:44.0 (16404631)|HEAP_ALLOCATE|[11]|Bytes:95
15:35:44.0 (16407174)|VARIABLE_SCOPE_BEGIN|[11]|endpoint|String|false|false
15:35:44.0 (16412392)|VARIABLE_ASSIGNMENT|[11]|endpoint|"https://hurex--dev1. (75 more) ..."
15:35:44.0 (16452487)|STATEMENT_EXECUTE|[13]
15:35:44.0 (16453472)|STATEMENT_EXECUTE|[16]
15:35:44.0 (16478114)|STATEMENT_EXECUTE|[18]
15:35:44.0 (16496198)|VARIABLE_SCOPE_BEGIN|[18]|http|System.Http|true|false
15:35:44.0 (16585314)|VARIABLE_ASSIGNMENT|[18]|http|"System.Http[]"|0x612d276e
15:35:44.0 (16589833)|STATEMENT_EXECUTE|[19]
15:35:44.0 (16654282)|CALLOUT_REQUEST|[19]|System.HttpRequest[Endpoint=https://hurex--dev1.sandbox.my.salesforce.com/services/data/v56.0/connect/notifications?size=20, Method=GET]
15:35:44.0 (273060803)|HEAP_ALLOCATE|[EXTERNAL]|Bytes:871
15:35:44.0 (275786061)|CALLOUT_RESPONSE|[19]|System.HttpResponse[Status=OK, StatusCode=200]
15:35:44.0 (275811388)|HEAP_ALLOCATE|[19]|Bytes:26
15:35:44.0 (275834844)|VARIABLE_SCOPE_BEGIN|[19]|res|System.HttpResponse|true|false
15:35:44.0 (275892773)|VARIABLE_ASSIGNMENT|[19]|res|"System.HttpResponse[Status=OK, StatusCode=200]"|0x28bdafa8
15:35:44.0 (275948266)|STATEMENT_EXECUTE|[21]
15:35:44.0 (275949591)|STATEMENT_EXECUTE|[22]
15:35:44.0 (275967241)|HEAP_ALLOCATE|[22]|Bytes:20
15:35:44.275 (275999928)|CUMULATIVE_LIMIT_USAGE
15:35:44.275 (275999928)|LIMIT_USAGE_FOR_NS|(default)|
  Number of SOQL queries: 0 out of 100
  Number of query rows: 0 out of 50000
  Number of SOSL queries: 0 out of 20
  Number of DML statements: 0 out of 150
  Number of Publish Immediate DML: 0 out of 150
  Number of DML rows: 0 out of 10000
  Maximum CPU time: 0 out of 10000
  Maximum heap size: 0 out of 6000000
  Number of callouts: 1 out of 100
  Number of Email Invocations: 0 out of 10
  Number of future calls: 0 out of 50
  Number of queueable jobs added to the queue: 0 out of 50
  Number of Mobile Apex push calls: 0 out of 10

15:35:44.275 (275999928)|CUMULATIVE_LIMIT_USAGE_END

15:35:44.0 (276034941)|CODE_UNIT_FINISHED|CustomNotificationController.getNotifications(String)
15:35:44.0 (276200834)|CODE_UNIT_FINISHED|apex://CustomNotificationController/ACTION$getNotifications
15:35:44.0 (276206459)|EXECUTION_FINISHED
