66.0 APEX_CODE,FINEST;APEX_PROFILING,INFO;CALLOUT,INFO;DATA_ACCESS,INFO;DB,INFO;NBA,INFO;SYSTEM,DEBUG;VALIDATION,INFO;VISUALFORCE,INFO;WAVE,INFO;WORKFLOW,INFO
15:50:45.0 (304071)|USER_INFO|[EXTERNAL]|0057F0000042UBb|ishibashi@hurex.co.jp.dev1|(GMT+09:00) 日本標準時 (Asia/Tokyo)|GMT+09:00
15:50:45.0 (369237)|EXECUTION_STARTED
15:50:45.0 (398186)|CODE_UNIT_STARTED|[EXTERNAL]|apex://CustomNotificationController/ACTION$getNotifications
15:50:45.0 (8235733)|CODE_UNIT_STARTED|[EXTERNAL]|01pBK000001VvEL|CustomNotificationController.getNotifications(String)
15:50:45.0 (8500026)|HEAP_ALLOCATE|[95]|Bytes:3
15:50:45.0 (8602693)|HEAP_ALLOCATE|[100]|Bytes:152
15:50:45.0 (8617704)|HEAP_ALLOCATE|[417]|Bytes:408
15:50:45.0 (8637713)|HEAP_ALLOCATE|[430]|Bytes:408
15:50:45.0 (8660363)|HEAP_ALLOCATE|[317]|Bytes:6
15:50:45.0 (8714514)|HEAP_ALLOCATE|[EXTERNAL]|Bytes:7
15:50:45.0 (8733769)|METHOD_ENTRY|[1]|01pBK000001VvEL|CustomNotificationController.CustomNotificationController()
15:50:45.0 (8742933)|STATEMENT_EXECUTE|[1]
15:50:45.0 (8753041)|STATEMENT_EXECUTE|[1]
15:50:45.0 (8773620)|HEAP_ALLOCATE|[68]|Bytes:5
15:50:45.0 (8810233)|HEAP_ALLOCATE|[74]|Bytes:5
15:50:45.0 (8815046)|HEAP_ALLOCATE|[82]|Bytes:7
15:50:45.0 (8970230)|HEAP_ALLOCATE|[EXTERNAL]|Bytes:5
15:50:45.0 (8985536)|METHOD_EXIT|[1]|CustomNotificationController
15:50:45.0 (9000255)|VARIABLE_SCOPE_BEGIN|[5]|before|String|false|false
15:50:45.0 (9043253)|VARIABLE_ASSIGNMENT|[5]|before|null
15:50:45.0 (9054846)|HEAP_ALLOCATE|[6]|Bytes:5
15:50:45.0 (9057762)|STATEMENT_EXECUTE|[5]
15:50:45.0 (9059140)|STATEMENT_EXECUTE|[6]
15:50:45.0 (9087757)|VARIABLE_SCOPE_BEGIN|[6]|req|System.HttpRequest|true|false
15:50:45.0 (15286134)|VARIABLE_ASSIGNMENT|[6]|req|"System.HttpRequest[Endpoint=null, Method=null]"|0x1062c9b8
15:50:45.0 (15310669)|STATEMENT_EXECUTE|[7]
15:50:45.0 (15318853)|HEAP_ALLOCATE|[7]|Bytes:3
15:50:45.0 (15451675)|STATEMENT_EXECUTE|[8]
15:50:45.0 (15454627)|HEAP_ALLOCATE|[8]|Bytes:13
15:50:45.0 (15460197)|HEAP_ALLOCATE|[8]|Bytes:7
15:50:45.0 (15528203)|HEAP_ALLOCATE|[8]|Bytes:105
15:50:45.0 (15541742)|SYSTEM_METHOD_ENTRY|[1]|UserInfo.UserInfo()
15:50:45.0 (15544329)|STATEMENT_EXECUTE|[1]
15:50:45.0 (15553953)|SYSTEM_METHOD_EXIT|[1]|UserInfo
15:50:45.0 (15571327)|METHOD_ENTRY|[8]||System.UserInfo.getSessionId()
15:50:45.0 (27903308)|METHOD_EXIT|[8]||System.UserInfo.getSessionId()
15:50:45.0 (27984045)|HEAP_ALLOCATE|[8]|Bytes:119
15:50:45.0 (28045246)|STATEMENT_EXECUTE|[10]
15:50:45.0 (28107028)|HEAP_ALLOCATE|[10]|Bytes:67
15:50:45.0 (28122208)|SYSTEM_METHOD_ENTRY|[1]|Url.Url()
15:50:45.0 (28124315)|STATEMENT_EXECUTE|[1]
15:50:45.0 (28132505)|SYSTEM_METHOD_EXIT|[1]|Url
15:50:45.0 (28142910)|METHOD_ENTRY|[10]||System.Url.getOrgDomainUrl()
15:50:45.0 (28405981)|METHOD_EXIT|[10]||System.Url.getOrgDomainUrl()
15:50:45.0 (28419429)|METHOD_ENTRY|[10]||System.Url.toExternalForm()
15:50:45.0 (28450389)|METHOD_EXIT|[10]||System.Url.toExternalForm()
15:50:45.0 (28453427)|VARIABLE_SCOPE_BEGIN|[10]|domainPath|String|false|false
15:50:45.0 (28476618)|VARIABLE_ASSIGNMENT|[10]|domainPath|"https://hurex--dev1. (25 more) ..."
15:50:45.0 (28479820)|STATEMENT_EXECUTE|[11]
15:50:45.0 (28482854)|HEAP_ALLOCATE|[11]|Bytes:50
15:50:45.0 (28488982)|HEAP_ALLOCATE|[11]|Bytes:95
15:50:45.0 (28491362)|VARIABLE_SCOPE_BEGIN|[11]|endpoint|String|false|false
15:50:45.0 (28496655)|VARIABLE_ASSIGNMENT|[11]|endpoint|"https://hurex--dev1. (75 more) ..."
15:50:45.0 (28554157)|STATEMENT_EXECUTE|[13]
15:50:45.0 (28555262)|STATEMENT_EXECUTE|[16]
15:50:45.0 (28578517)|STATEMENT_EXECUTE|[18]
15:50:45.0 (28599391)|VARIABLE_SCOPE_BEGIN|[18]|http|System.Http|true|false
15:50:45.0 (28740258)|VARIABLE_ASSIGNMENT|[18]|http|"System.Http[]"|0x6e7368da
15:50:45.0 (28745016)|STATEMENT_EXECUTE|[19]
15:50:45.0 (28829046)|CALLOUT_REQUEST|[19]|System.HttpRequest[Endpoint=https://hurex--dev1.sandbox.my.salesforce.com/services/data/v56.0/connect/notifications?size=20, Method=GET]
15:50:45.0 (191716161)|HEAP_ALLOCATE|[EXTERNAL]|Bytes:15126
15:50:45.0 (194419289)|CALLOUT_RESPONSE|[19]|System.HttpResponse[Status=OK, StatusCode=200]
15:50:45.0 (194456195)|HEAP_ALLOCATE|[19]|Bytes:14281
15:50:45.0 (194492514)|VARIABLE_SCOPE_BEGIN|[19]|res|System.HttpResponse|true|false
15:50:45.0 (194593965)|VARIABLE_ASSIGNMENT|[19]|res|"System.HttpResponse[Status=OK, StatusCode=200]"|0x32e44b65
15:50:45.0 (194673668)|STATEMENT_EXECUTE|[21]
15:50:45.0 (194675762)|STATEMENT_EXECUTE|[22]
15:50:45.0 (195332323)|HEAP_ALLOCATE|[22]|Bytes:13995
15:50:45.195 (195399918)|CUMULATIVE_LIMIT_USAGE
15:50:45.195 (195399918)|LIMIT_USAGE_FOR_NS|(default)|
  Number of SOQL queries: 0 out of 100
  Number of query rows: 0 out of 50000
  Number of SOSL queries: 0 out of 20
  Number of DML statements: 0 out of 150
  Number of Publish Immediate DML: 0 out of 150
  Number of DML rows: 0 out of 10000
  Maximum CPU time: 0 out of 10000
  Maximum heap size: 0 out of 6000000
  Number of callouts: 1 out of 100
  Number of Email Invocations: 0 out of 10
  Number of future calls: 0 out of 50
  Number of queueable jobs added to the queue: 0 out of 50
  Number of Mobile Apex push calls: 0 out of 10

15:50:45.195 (195399918)|CUMULATIVE_LIMIT_USAGE_END

15:50:45.0 (195461431)|CODE_UNIT_FINISHED|CustomNotificationController.getNotifications(String)
15:50:45.0 (195686525)|CODE_UNIT_FINISHED|apex://CustomNotificationController/ACTION$getNotifications
15:50:45.0 (195697315)|EXECUTION_FINISHED
