66.0 APEX_CODE,FINEST;APEX_PROFILING,INFO;CALLOUT,INFO;DATA_ACCESS,INFO;DB,INFO;NBA,INFO;SYSTEM,DEBUG;VALIDATION,INFO;VISUALFORCE,INFO;WAVE,INFO;WORKFLOW,INFO
15:29:57.0 (186306)|USER_INFO|[EXTERNAL]|0057F0000042UBb|ishibashi@hurex.co.jp.dev1|(GMT+09:00) 日本標準時 (Asia/Tokyo)|GMT+09:00
15:29:57.0 (257614)|EXECUTION_STARTED
15:29:57.0 (261465)|CODE_UNIT_STARTED|[EXTERNAL]|apex://CustomNotificationController/ACTION$getNotifications
15:29:57.0 (3782939)|CODE_UNIT_STARTED|[EXTERNAL]|01pBK000001VvEL|CustomNotificationController.getNotifications(String)
15:29:57.0 (4029381)|HEAP_ALLOCATE|[95]|Bytes:3
15:29:57.0 (4091407)|HEAP_ALLOCATE|[100]|Bytes:152
15:29:57.0 (4102503)|HEAP_ALLOCATE|[417]|Bytes:408
15:29:57.0 (4112622)|HEAP_ALLOCATE|[430]|Bytes:408
15:29:57.0 (4130386)|HEAP_ALLOCATE|[317]|Bytes:6
15:29:57.0 (4139397)|HEAP_ALLOCATE|[EXTERNAL]|Bytes:7
15:29:57.0 (4151437)|METHOD_ENTRY|[1]|01pBK000001VvEL|CustomNotificationController.CustomNotificationController()
15:29:57.0 (4156165)|STATEMENT_EXECUTE|[1]
15:29:57.0 (4159518)|STATEMENT_EXECUTE|[1]
15:29:57.0 (4175623)|HEAP_ALLOCATE|[68]|Bytes:5
15:29:57.0 (4194487)|HEAP_ALLOCATE|[74]|Bytes:5
15:29:57.0 (4198972)|HEAP_ALLOCATE|[82]|Bytes:7
15:29:57.0 (4321167)|HEAP_ALLOCATE|[EXTERNAL]|Bytes:5
15:29:57.0 (4332318)|METHOD_EXIT|[1]|CustomNotificationController
15:29:57.0 (4345191)|VARIABLE_SCOPE_BEGIN|[5]|before|String|false|false
15:29:57.0 (4370940)|VARIABLE_ASSIGNMENT|[5]|before|null
15:29:57.0 (4380772)|HEAP_ALLOCATE|[6]|Bytes:5
15:29:57.0 (4383699)|STATEMENT_EXECUTE|[5]
15:29:57.0 (4384717)|STATEMENT_EXECUTE|[6]
15:29:57.0 (4423460)|VARIABLE_SCOPE_BEGIN|[6]|req|System.HttpRequest|true|false
15:29:57.0 (4624444)|VARIABLE_ASSIGNMENT|[6]|req|"System.HttpRequest[Endpoint=null, Method=null]"|0x4b8bf2b0
15:29:57.0 (4629799)|STATEMENT_EXECUTE|[7]
15:29:57.0 (4632522)|HEAP_ALLOCATE|[7]|Bytes:3
15:29:57.0 (4698386)|STATEMENT_EXECUTE|[8]
15:29:57.0 (4700340)|HEAP_ALLOCATE|[8]|Bytes:13
15:29:57.0 (4702921)|HEAP_ALLOCATE|[8]|Bytes:7
15:29:57.0 (4741507)|HEAP_ALLOCATE|[8]|Bytes:105
15:29:57.0 (4752148)|SYSTEM_METHOD_ENTRY|[1]|UserInfo.UserInfo()
15:29:57.0 (4754768)|STATEMENT_EXECUTE|[1]
15:29:57.0 (4760270)|SYSTEM_METHOD_EXIT|[1]|UserInfo
15:29:57.0 (4780736)|METHOD_ENTRY|[8]||System.UserInfo.getSessionId()
15:29:57.0 (12770302)|METHOD_EXIT|[8]||System.UserInfo.getSessionId()
15:29:57.0 (12806584)|HEAP_ALLOCATE|[8]|Bytes:119
15:29:57.0 (12864862)|STATEMENT_EXECUTE|[10]
15:29:57.0 (12956354)|HEAP_ALLOCATE|[10]|Bytes:67
15:29:57.0 (12976873)|SYSTEM_METHOD_ENTRY|[1]|Url.Url()
15:29:57.0 (12979661)|STATEMENT_EXECUTE|[1]
15:29:57.0 (12988147)|SYSTEM_METHOD_EXIT|[1]|Url
15:29:57.0 (12998999)|METHOD_ENTRY|[10]||System.Url.getOrgDomainUrl()
15:29:57.0 (13235072)|METHOD_EXIT|[10]||System.Url.getOrgDomainUrl()
15:29:57.0 (13252363)|METHOD_ENTRY|[10]||System.Url.toExternalForm()
15:29:57.0 (13284419)|METHOD_EXIT|[10]||System.Url.toExternalForm()
15:29:57.0 (13288403)|VARIABLE_SCOPE_BEGIN|[10]|domainPath|String|false|false
15:29:57.0 (13305945)|VARIABLE_ASSIGNMENT|[10]|domainPath|"https://hurex--dev1. (25 more) ..."
15:29:57.0 (13309167)|STATEMENT_EXECUTE|[11]
15:29:57.0 (13312801)|HEAP_ALLOCATE|[11]|Bytes:50
15:29:57.0 (13319272)|HEAP_ALLOCATE|[11]|Bytes:95
15:29:57.0 (13321740)|VARIABLE_SCOPE_BEGIN|[11]|endpoint|String|false|false
15:29:57.0 (13326836)|VARIABLE_ASSIGNMENT|[11]|endpoint|"https://hurex--dev1. (75 more) ..."
15:29:57.0 (13369963)|STATEMENT_EXECUTE|[13]
15:29:57.0 (13370903)|STATEMENT_EXECUTE|[16]
15:29:57.0 (13398767)|STATEMENT_EXECUTE|[18]
15:29:57.0 (13419481)|VARIABLE_SCOPE_BEGIN|[18]|http|System.Http|true|false
15:29:57.0 (13542895)|VARIABLE_ASSIGNMENT|[18]|http|"System.Http[]"|0x54d200b5
15:29:57.0 (13548035)|STATEMENT_EXECUTE|[19]
15:29:57.0 (13646162)|CALLOUT_REQUEST|[19]|System.HttpRequest[Endpoint=https://hurex--dev1.sandbox.my.salesforce.com/services/data/v56.0/connect/notifications?size=20, Method=GET]
15:29:57.0 (191428000)|HEAP_ALLOCATE|[EXTERNAL]|Bytes:939
15:29:57.0 (193747627)|CALLOUT_RESPONSE|[19]|System.HttpResponse[Status=Unauthorized, StatusCode=401]
15:29:57.0 (193784256)|HEAP_ALLOCATE|[19]|Bytes:91
15:29:57.0 (193815578)|VARIABLE_SCOPE_BEGIN|[19]|res|System.HttpResponse|true|false
15:29:57.0 (193875527)|VARIABLE_ASSIGNMENT|[19]|res|"System.HttpResponse[Status=Unauthorized, StatusCode=401]"|0x6f342b3e
15:29:57.0 (193950165)|STATEMENT_EXECUTE|[23]
15:29:57.0 (193951731)|STATEMENT_EXECUTE|[24]
15:29:57.0 (193993967)|HEAP_ALLOCATE|[24]|Bytes:9
15:29:57.0 (194036408)|HEAP_ALLOCATE|[24]|Bytes:75
15:29:57.0 (194051456)|HEAP_ALLOCATE|[24]|Bytes:84
15:29:57.0 (194282218)|FATAL_ERROR|System.AuraHandledException: Script-thrown exception

Class.CustomNotificationController.getNotifications: line 24, column 1
15:29:57.0 (194296289)|FATAL_ERROR|System.AuraHandledException: Script-thrown exception

Class.CustomNotificationController.getNotifications: line 24, column 1
15:29:57.194 (194304851)|CUMULATIVE_LIMIT_USAGE
15:29:57.194 (194304851)|LIMIT_USAGE_FOR_NS|(default)|
  Number of SOQL queries: 0 out of 100
  Number of query rows: 0 out of 50000
  Number of SOSL queries: 0 out of 20
  Number of DML statements: 0 out of 150
  Number of Publish Immediate DML: 0 out of 150
  Number of DML rows: 0 out of 10000
  Maximum CPU time: 0 out of 10000
  Maximum heap size: 0 out of 6000000
  Number of callouts: 1 out of 100
  Number of Email Invocations: 0 out of 10
  Number of future calls: 0 out of 50
  Number of queueable jobs added to the queue: 0 out of 50
  Number of Mobile Apex push calls: 0 out of 10

15:29:57.194 (194304851)|CUMULATIVE_LIMIT_USAGE_END

15:29:57.0 (194350132)|CODE_UNIT_FINISHED|CustomNotificationController.getNotifications(String)
15:29:57.0 (194570366)|CODE_UNIT_FINISHED|apex://CustomNotificationController/ACTION$getNotifications
15:29:57.0 (194576748)|EXECUTION_FINISHED
