66.0 APEX_CODE,FINEST;APEX_PROFILING,INFO;CALLOUT,INFO;DATA_ACCESS,INFO;DB,INFO;NBA,INFO;SYSTEM,DEBUG;VALIDATION,INFO;VISUALFORCE,INFO;WAVE,INFO;WORKFLOW,INFO
10:56:35.0 (249477)|USER_INFO|[EXTERNAL]|005BK00000Ilvi1|foryoze@owleyes.ch.hurex|(GMT+09:00) 日本標準時 (Asia/Tokyo)|GMT+09:00
10:56:35.0 (291670)|EXECUTION_STARTED
10:56:35.0 (305268)|CODE_UNIT_STARTED|[EXTERNAL]|apex://InterestedJobController/ACTION$getInterestedJobs
10:56:35.0 (2812011)|CODE_UNIT_STARTED|[EXTERNAL]|01pBK000001YhEr|InterestedJobController.getInterestedJobs()
10:56:35.0 (5020027)|HEAP_ALLOCATE|[95]|Bytes:3
10:56:35.0 (5119036)|HEAP_ALLOCATE|[100]|Bytes:152
10:56:35.0 (5136622)|HEAP_ALLOCATE|[417]|Bytes:408
10:56:35.0 (5150971)|HEAP_ALLOCATE|[430]|Bytes:408
10:56:35.0 (5172263)|HEAP_ALLOCATE|[317]|Bytes:6
10:56:35.0 (5232735)|HEAP_ALLOCATE|[EXTERNAL]|Bytes:7
10:56:35.0 (5244671)|METHOD_ENTRY|[1]|01pBK000001YhEr|InterestedJobController.InterestedJobController()
10:56:35.0 (5250476)|STATEMENT_EXECUTE|[1]
10:56:35.0 (5255546)|STATEMENT_EXECUTE|[1]
10:56:35.0 (5276230)|HEAP_ALLOCATE|[68]|Bytes:5
10:56:35.0 (5301067)|HEAP_ALLOCATE|[74]|Bytes:5
10:56:35.0 (5306067)|HEAP_ALLOCATE|[82]|Bytes:7
10:56:35.0 (5476451)|HEAP_ALLOCATE|[EXTERNAL]|Bytes:5
10:56:35.0 (5486806)|METHOD_EXIT|[1]|InterestedJobController
10:56:35.0 (5497667)|HEAP_ALLOCATE|[10]|Bytes:5
10:56:35.0 (5499692)|STATEMENT_EXECUTE|[9]
10:56:35.0 (5500882)|STATEMENT_EXECUTE|[10]
10:56:35.0 (5502910)|HEAP_ALLOCATE|[10]|Bytes:327
10:56:35.0 (5522240)|HEAP_ALLOCATE|[10]|Bytes:4
10:56:35.0 (7214393)|SOQL_EXECUTE_BEGIN|[10]|Aggregations:0|SELECT Id, Job__c, LastModifiedDate, Job__r.JobPosition__c, Job__r.JobDescription__c, Job__r.MinAnnualSalary__c, Job__r.MaxAnnualSalary__c, Job__r.WorkLocation2__c, Job__r.JobCategory1__c, Job__r.LastModifiedDate, Job__r.LastViewedDate FROM InterestedJob__c WHERE IsArchive__c = FALSE ORDER BY LastModifiedDate DESC NULLS FIRST
10:56:35.0 (40136291)|SOQL_EXECUTE_END|[10]|Rows:9
10:56:35.0 (40175837)|HEAP_ALLOCATE|[10]|Bytes:40
10:56:35.0 (40210811)|HEAP_ALLOCATE|[10]|Bytes:7505
10:56:35.0 (40342212)|HEAP_ALLOCATE|[10]|Bytes:40
10:56:35.40 (40593298)|CUMULATIVE_LIMIT_USAGE
10:56:35.40 (40593298)|LIMIT_USAGE_FOR_NS|(default)|
  Number of SOQL queries: 1 out of 100
  Number of query rows: 9 out of 50000
  Number of SOSL queries: 0 out of 20
  Number of DML statements: 0 out of 150
  Number of Publish Immediate DML: 0 out of 150
  Number of DML rows: 0 out of 10000
  Maximum CPU time: 0 out of 10000
  Maximum heap size: 0 out of 6000000
  Number of callouts: 0 out of 100
  Number of Email Invocations: 0 out of 10
  Number of future calls: 0 out of 50
  Number of queueable jobs added to the queue: 0 out of 50
  Number of Mobile Apex push calls: 0 out of 10

10:56:35.40 (40593298)|CUMULATIVE_LIMIT_USAGE_END

10:56:35.0 (40627822)|CODE_UNIT_FINISHED|InterestedJobController.getInterestedJobs()
10:56:35.0 (40861097)|CODE_UNIT_FINISHED|apex://InterestedJobController/ACTION$getInterestedJobs
10:56:35.0 (40867369)|EXECUTION_FINISHED
