66.0 APEX_CODE,FINEST;APEX_PROFILING,INFO;CALLOUT,INFO;DATA_ACCESS,INFO;DB,INFO;NBA,INFO;SYSTEM,DEBUG;VALIDATION,INFO;VISUALFORCE,INFO;WAVE,INFO;WORKFLOW,INFO
16:03:23.0 (232515)|USER_INFO|[EXTERNAL]|0057F0000042UBb|ishibashi@hurex.co.jp.dev1|(GMT+09:00) 日本標準時 (Asia/Tokyo)|GMT+09:00
16:03:23.0 (273546)|EXECUTION_STARTED
16:03:23.0 (286649)|CODE_UNIT_STARTED|[EXTERNAL]|apex://CustomNotificationController/ACTION$getNotifications
16:03:23.0 (2458485)|CODE_UNIT_STARTED|[EXTERNAL]|01pBK000001VvEL|CustomNotificationController.getNotifications(String)
16:03:23.0 (2752801)|HEAP_ALLOCATE|[95]|Bytes:3
16:03:23.0 (2843361)|HEAP_ALLOCATE|[100]|Bytes:152
16:03:23.0 (2857601)|HEAP_ALLOCATE|[417]|Bytes:408
16:03:23.0 (2869008)|HEAP_ALLOCATE|[430]|Bytes:408
16:03:23.0 (2894040)|HEAP_ALLOCATE|[317]|Bytes:6
16:03:23.0 (2962968)|HEAP_ALLOCATE|[EXTERNAL]|Bytes:7
16:03:23.0 (2974359)|METHOD_ENTRY|[1]|01pBK000001VvEL|CustomNotificationController.CustomNotificationController()
16:03:23.0 (2978688)|STATEMENT_EXECUTE|[1]
16:03:23.0 (2984131)|STATEMENT_EXECUTE|[1]
16:03:23.0 (3006015)|HEAP_ALLOCATE|[68]|Bytes:5
16:03:23.0 (3030709)|HEAP_ALLOCATE|[74]|Bytes:5
16:03:23.0 (3036011)|HEAP_ALLOCATE|[82]|Bytes:7
16:03:23.0 (3221049)|HEAP_ALLOCATE|[EXTERNAL]|Bytes:5
16:03:23.0 (3232763)|METHOD_EXIT|[1]|CustomNotificationController
16:03:23.0 (3239583)|VARIABLE_SCOPE_BEGIN|[5]|before|String|false|false
16:03:23.0 (3277126)|VARIABLE_ASSIGNMENT|[5]|before|null
16:03:23.0 (3291347)|HEAP_ALLOCATE|[6]|Bytes:5
16:03:23.0 (3294048)|STATEMENT_EXECUTE|[5]
16:03:23.0 (3295359)|STATEMENT_EXECUTE|[6]
16:03:23.0 (3323689)|VARIABLE_SCOPE_BEGIN|[6]|req|System.HttpRequest|true|false
16:03:23.0 (3545069)|VARIABLE_ASSIGNMENT|[6]|req|"System.HttpRequest[Endpoint=null, Method=null]"|0x766a4b38
16:03:23.0 (3553192)|STATEMENT_EXECUTE|[7]
16:03:23.0 (3555851)|HEAP_ALLOCATE|[7]|Bytes:3
16:03:23.0 (3623657)|STATEMENT_EXECUTE|[8]
16:03:23.0 (3625233)|HEAP_ALLOCATE|[8]|Bytes:13
16:03:23.0 (3627786)|HEAP_ALLOCATE|[8]|Bytes:7
16:03:23.0 (3671503)|HEAP_ALLOCATE|[8]|Bytes:105
16:03:23.0 (3678837)|SYSTEM_METHOD_ENTRY|[1]|UserInfo.UserInfo()
16:03:23.0 (3681192)|STATEMENT_EXECUTE|[1]
16:03:23.0 (3686706)|SYSTEM_METHOD_EXIT|[1]|UserInfo
16:03:23.0 (3697714)|METHOD_ENTRY|[8]||System.UserInfo.getSessionId()
16:03:23.0 (9737301)|METHOD_EXIT|[8]||System.UserInfo.getSessionId()
16:03:23.0 (9786994)|HEAP_ALLOCATE|[8]|Bytes:119
16:03:23.0 (9852354)|STATEMENT_EXECUTE|[10]
16:03:23.0 (9923199)|HEAP_ALLOCATE|[10]|Bytes:67
16:03:23.0 (9939755)|SYSTEM_METHOD_ENTRY|[1]|Url.Url()
16:03:23.0 (9942457)|STATEMENT_EXECUTE|[1]
16:03:23.0 (9951477)|SYSTEM_METHOD_EXIT|[1]|Url
16:03:23.0 (9962733)|METHOD_ENTRY|[10]||System.Url.getOrgDomainUrl()
16:03:23.0 (10231734)|METHOD_EXIT|[10]||System.Url.getOrgDomainUrl()
16:03:23.0 (10248036)|METHOD_ENTRY|[10]||System.Url.toExternalForm()
16:03:23.0 (10278088)|METHOD_EXIT|[10]||System.Url.toExternalForm()
16:03:23.0 (10282376)|VARIABLE_SCOPE_BEGIN|[10]|domainPath|String|false|false
16:03:23.0 (10307296)|VARIABLE_ASSIGNMENT|[10]|domainPath|"https://hurex--dev1. (25 more) ..."
16:03:23.0 (10314029)|STATEMENT_EXECUTE|[11]
16:03:23.0 (10317405)|HEAP_ALLOCATE|[11]|Bytes:50
16:03:23.0 (10324535)|HEAP_ALLOCATE|[11]|Bytes:95
16:03:23.0 (10326999)|VARIABLE_SCOPE_BEGIN|[11]|endpoint|String|false|false
16:03:23.0 (10333011)|VARIABLE_ASSIGNMENT|[11]|endpoint|"https://hurex--dev1. (75 more) ..."
16:03:23.0 (10402807)|STATEMENT_EXECUTE|[13]
16:03:23.0 (10404125)|STATEMENT_EXECUTE|[16]
16:03:23.0 (10432146)|STATEMENT_EXECUTE|[18]
16:03:23.0 (10454296)|VARIABLE_SCOPE_BEGIN|[18]|http|System.Http|true|false
16:03:23.0 (10602648)|VARIABLE_ASSIGNMENT|[18]|http|"System.Http[]"|0x3d4cc94e
16:03:23.0 (10609329)|STATEMENT_EXECUTE|[19]
16:03:23.0 (10694985)|CALLOUT_REQUEST|[19]|System.HttpRequest[Endpoint=https://hurex--dev1.sandbox.my.salesforce.com/services/data/v56.0/connect/notifications?size=20, Method=GET]
16:03:23.0 (73833967)|HEAP_ALLOCATE|[EXTERNAL]|Bytes:939
16:03:23.0 (75058992)|CALLOUT_RESPONSE|[19]|System.HttpResponse[Status=Unauthorized, StatusCode=401]
16:03:23.0 (75086406)|HEAP_ALLOCATE|[19]|Bytes:91
16:03:23.0 (75117023)|VARIABLE_SCOPE_BEGIN|[19]|res|System.HttpResponse|true|false
16:03:23.0 (75179322)|VARIABLE_ASSIGNMENT|[19]|res|"System.HttpResponse[Status=Unauthorized, StatusCode=401]"|0xeffdbcf
16:03:23.0 (75244012)|STATEMENT_EXECUTE|[23]
16:03:23.0 (75245707)|STATEMENT_EXECUTE|[24]
16:03:23.0 (75285381)|HEAP_ALLOCATE|[24]|Bytes:9
16:03:23.0 (75308025)|HEAP_ALLOCATE|[24]|Bytes:75
16:03:23.0 (75323131)|HEAP_ALLOCATE|[24]|Bytes:84
16:03:23.0 (75452077)|FATAL_ERROR|System.AuraHandledException: Script-thrown exception

Class.CustomNotificationController.getNotifications: line 24, column 1
16:03:23.0 (75460552)|FATAL_ERROR|System.AuraHandledException: Script-thrown exception

Class.CustomNotificationController.getNotifications: line 24, column 1
16:03:23.75 (75467842)|CUMULATIVE_LIMIT_USAGE
16:03:23.75 (75467842)|LIMIT_USAGE_FOR_NS|(default)|
  Number of SOQL queries: 0 out of 100
  Number of query rows: 0 out of 50000
  Number of SOSL queries: 0 out of 20
  Number of DML statements: 0 out of 150
  Number of Publish Immediate DML: 0 out of 150
  Number of DML rows: 0 out of 10000
  Maximum CPU time: 0 out of 10000
  Maximum heap size: 0 out of 6000000
  Number of callouts: 1 out of 100
  Number of Email Invocations: 0 out of 10
  Number of future calls: 0 out of 50
  Number of queueable jobs added to the queue: 0 out of 50
  Number of Mobile Apex push calls: 0 out of 10

16:03:23.75 (75467842)|CUMULATIVE_LIMIT_USAGE_END

16:03:23.0 (75527491)|CODE_UNIT_FINISHED|CustomNotificationController.getNotifications(String)
16:03:23.0 (75738822)|CODE_UNIT_FINISHED|apex://CustomNotificationController/ACTION$getNotifications
16:03:23.0 (75744115)|EXECUTION_FINISHED
