66.0 APEX_CODE,FINEST;APEX_PROFILING,INFO;CALLOUT,INFO;DATA_ACCESS,INFO;DB,INFO;NBA,INFO;SYSTEM,DEBUG;VALIDATION,INFO;VISUALFORCE,INFO;WAVE,INFO;WORKFLOW,INFO
17:34:23.2 (2072398)|USER_INFO|[EXTERNAL]|0057F0000042UBb|ishibashi@hurex.co.jp.dev1|(GMT+09:00) 日本標準時 (Asia/Tokyo)|GMT+09:00
17:34:23.2 (2110481)|EXECUTION_STARTED
17:34:23.2 (2135347)|CODE_UNIT_STARTED|[EXTERNAL]|apex://RecentJobViewedController/ACTION$getRecentViewedJobs
17:34:23.2 (2990375)|CODE_UNIT_STARTED|[EXTERNAL]|01pBK000001RE9Z|RecentJobViewedController.getRecentViewedJobs()
17:34:23.2 (7517838)|VARIABLE_SCOPE_BEGIN|[4]|RecentJobViewedController.testForceException|Boolean|false|true
17:34:23.2 (7893743)|HEAP_ALLOCATE|[95]|Bytes:3
17:34:23.2 (8024741)|HEAP_ALLOCATE|[100]|Bytes:152
17:34:23.2 (8044118)|HEAP_ALLOCATE|[417]|Bytes:408
17:34:23.2 (8059418)|HEAP_ALLOCATE|[430]|Bytes:408
17:34:23.2 (8083106)|HEAP_ALLOCATE|[317]|Bytes:6
17:34:23.2 (8095573)|HEAP_ALLOCATE|[EXTERNAL]|Bytes:1
17:34:23.2 (8110311)|METHOD_ENTRY|[1]|01pBK000001RE9Z|RecentJobViewedController.RecentJobViewedController()
17:34:23.2 (8122552)|STATEMENT_EXECUTE|[1]
17:34:23.2 (8134923)|STATEMENT_EXECUTE|[1]
17:34:23.2 (8151643)|HEAP_ALLOCATE|[68]|Bytes:5
17:34:23.2 (8178367)|HEAP_ALLOCATE|[74]|Bytes:5
17:34:23.2 (8183029)|HEAP_ALLOCATE|[82]|Bytes:7
17:34:23.2 (8629202)|HEAP_ALLOCATE|[4]|Bytes:5
17:34:23.2 (8640342)|STATEMENT_EXECUTE|[4]
17:34:23.2 (8649107)|HEAP_ALLOCATE|[4]|Bytes:5
17:34:23.2 (8733372)|VARIABLE_ASSIGNMENT|[4]|RecentJobViewedController.testForceException|false
17:34:23.2 (8749430)|METHOD_EXIT|[1]|RecentJobViewedController
17:34:23.2 (8767157)|HEAP_ALLOCATE|[8]|Bytes:5
17:34:23.2 (8769717)|STATEMENT_EXECUTE|[7]
17:34:23.2 (8771097)|STATEMENT_EXECUTE|[8]
17:34:23.2 (8771900)|STATEMENT_EXECUTE|[8]
17:34:23.2 (8816516)|HEAP_ALLOCATE|[9]|Bytes:118
17:34:23.2 (8822792)|SYSTEM_METHOD_ENTRY|[1]|Test.Test()
17:34:23.2 (8824752)|STATEMENT_EXECUTE|[1]
17:34:23.2 (8830940)|SYSTEM_METHOD_EXIT|[1]|Test
17:34:23.2 (8850870)|METHOD_ENTRY|[9]||System.Test.isRunningTest()
17:34:23.2 (8897632)|METHOD_EXIT|[9]||System.Test.isRunningTest()
17:34:23.2 (8903296)|STATEMENT_EXECUTE|[9]
17:34:23.2 (8904367)|STATEMENT_EXECUTE|[13]
17:34:23.2 (8906494)|HEAP_ALLOCATE|[13]|Bytes:137
17:34:23.2 (8925510)|HEAP_ALLOCATE|[13]|Bytes:4
17:34:23.2 (13012755)|SOQL_EXECUTE_BEGIN|[13]|Aggregations:0|SELECT Id, Name, JobPosition__c, LastViewedDate FROM Job__c WHERE LastViewedDate != NULL ORDER BY LastViewedDate DESC NULLS FIRST LIMIT 4
17:34:23.2 (27577678)|SOQL_EXECUTE_END|[13]|Rows:4
17:34:23.2 (27619691)|HEAP_ALLOCATE|[13]|Bytes:20
17:34:23.2 (27648219)|HEAP_ALLOCATE|[13]|Bytes:884
17:34:23.2 (27705144)|HEAP_ALLOCATE|[13]|Bytes:20
17:34:23.27 (27781998)|CUMULATIVE_LIMIT_USAGE
17:34:23.27 (27781998)|LIMIT_USAGE_FOR_NS|(default)|
  Number of SOQL queries: 1 out of 100
  Number of query rows: 4 out of 50000
  Number of SOSL queries: 0 out of 20
  Number of DML statements: 0 out of 0
  Number of Publish Immediate DML: 0 out of 150
  Number of DML rows: 0 out of 10000
  Maximum CPU time: 0 out of 10000
  Maximum heap size: 0 out of 6000000
  Number of callouts: 0 out of 100
  Number of Email Invocations: 0 out of 10
  Number of future calls: 0 out of 50
  Number of queueable jobs added to the queue: 0 out of 50
  Number of Mobile Apex push calls: 0 out of 10

17:34:23.27 (27781998)|CUMULATIVE_LIMIT_USAGE_END

17:34:23.2 (27825129)|CODE_UNIT_FINISHED|RecentJobViewedController.getRecentViewedJobs()
17:34:23.2 (28028571)|CODE_UNIT_FINISHED|apex://RecentJobViewedController/ACTION$getRecentViewedJobs
17:34:23.2 (28034236)|EXECUTION_FINISHED
