66.0 APEX_CODE,FINEST;APEX_PROFILING,INFO;CALLOUT,INFO;DATA_ACCESS,INFO;DB,INFO;NBA,INFO;SYSTEM,DEBUG;VALIDATION,INFO;VISUALFORCE,INFO;WAVE,INFO;WORKFLOW,INFO
Execute Anonymous: Database.executeBatch(new PORTERSIncrementalSyncBatch(), 1);
10:42:34.6 (6377156)|USER_INFO|[EXTERNAL]|0057F0000042UBb|ishibashi@hurex.co.jp.dev1|(GMT+09:00) 日本標準時 (Asia/Tokyo)|GMT+09:00
10:42:34.6 (6406877)|EXECUTION_STARTED
10:42:34.6 (6424783)|CODE_UNIT_STARTED|[EXTERNAL]|execute_anonymous_apex
10:42:34.6 (6693076)|HEAP_ALLOCATE|[95]|Bytes:3
10:42:34.6 (6754053)|HEAP_ALLOCATE|[100]|Bytes:152
10:42:34.6 (6771854)|HEAP_ALLOCATE|[417]|Bytes:408
10:42:34.6 (6789863)|HEAP_ALLOCATE|[430]|Bytes:408
10:42:34.6 (6817459)|HEAP_ALLOCATE|[317]|Bytes:6
10:42:34.6 (6846739)|HEAP_ALLOCATE|[EXTERNAL]|Bytes:1
10:42:34.6 (6937981)|STATEMENT_EXECUTE|[1]
10:42:34.6 (6940700)|STATEMENT_EXECUTE|[1]
10:42:34.6 (20220854)|VARIABLE_SCOPE_BEGIN|[15]|PORTERSIncrementalSyncBatch.FIELDS|String|false|true
10:42:34.6 (20242373)|VARIABLE_SCOPE_BEGIN|[13]|PORTERSIncrementalSyncBatch.PAGE_SIZE|Integer|false|true
10:42:34.6 (20246913)|VARIABLE_SCOPE_BEGIN|[17]|PORTERSIncrementalSyncBatch.PARTITION_ID|Integer|false|true
10:42:34.6 (20302665)|VARIABLE_SCOPE_BEGIN|[10]|PORTERSIncrementalSyncBatch.errors|List<String>|true|true
10:42:34.6 (20307203)|VARIABLE_SCOPE_BEGIN|[9]|PORTERSIncrementalSyncBatch.failedCount|Integer|false|true
10:42:34.6 (20310863)|VARIABLE_SCOPE_BEGIN|[8]|PORTERSIncrementalSyncBatch.successCount|Integer|false|true
10:42:34.6 (20353026)|HEAP_ALLOCATE|[1]|Bytes:65
10:42:34.6 (20364466)|HEAP_ALLOCATE|[1]|Bytes:11
10:42:34.6 (20367690)|HEAP_ALLOCATE|[1]|Bytes:181
10:42:34.6 (20408573)|VARIABLE_ASSIGNMENT|[1]|PORTERSIncrementalSyncBatch.FIELDS|"Person.P_Id,Person.P (161 more) ..."
10:42:34.6 (20443588)|METHOD_ENTRY|[5]|01pBK000001eV2v|PORTERSIncrementalSyncBatch.PORTERSIncrementalSyncBatch()
10:42:34.6 (20448510)|STATEMENT_EXECUTE|[5]
10:42:34.6 (20452688)|STATEMENT_EXECUTE|[5]
10:42:34.6 (20454033)|STATEMENT_EXECUTE|[8]
10:42:34.6 (20462271)|HEAP_ALLOCATE|[8]|Bytes:4
10:42:34.6 (20471034)|VARIABLE_ASSIGNMENT|[8]|PORTERSIncrementalSyncBatch.successCount|0
10:42:34.6 (20473421)|STATEMENT_EXECUTE|[9]
10:42:34.6 (20474559)|HEAP_ALLOCATE|[9]|Bytes:4
10:42:34.6 (20477497)|VARIABLE_ASSIGNMENT|[9]|PORTERSIncrementalSyncBatch.failedCount|0
10:42:34.6 (20479610)|STATEMENT_EXECUTE|[10]
10:42:34.6 (20493557)|HEAP_ALLOCATE|[10]|Bytes:4
10:42:34.6 (20578909)|HEAP_ALLOCATE|[EXTERNAL]|Bytes:4
10:42:34.6 (20592960)|VARIABLE_ASSIGNMENT|[10]|PORTERSIncrementalSyncBatch.errors|[]|0x4d29edde
10:42:34.6 (20596210)|STATEMENT_EXECUTE|[13]
10:42:34.6 (20598341)|HEAP_ALLOCATE|[13]|Bytes:4
10:42:34.6 (20601888)|VARIABLE_ASSIGNMENT|[13]|PORTERSIncrementalSyncBatch.PAGE_SIZE|2000
10:42:34.6 (20604078)|STATEMENT_EXECUTE|[17]
10:42:34.6 (20605151)|HEAP_ALLOCATE|[17]|Bytes:4
10:42:34.6 (20607924)|VARIABLE_ASSIGNMENT|[17]|PORTERSIncrementalSyncBatch.PARTITION_ID|2012
10:42:34.6 (20616164)|METHOD_EXIT|[5]|PORTERSIncrementalSyncBatch
10:42:34.6 (20641511)|HEAP_ALLOCATE|[1]|Bytes:8
10:42:34.6 (20674488)|HEAP_ALLOCATE|[68]|Bytes:5
10:42:34.6 (20701053)|HEAP_ALLOCATE|[74]|Bytes:5
10:42:34.6 (20706741)|HEAP_ALLOCATE|[82]|Bytes:7
10:42:34.6 (20728026)|SYSTEM_MODE_ENTER|false
10:42:34.6 (20751803)|HEAP_ALLOCATE|[1]|Bytes:5
10:42:34.6 (20759561)|CONSTRUCTOR_ENTRY|[1]|01pBK000001eV2v|<init>()|PORTERSIncrementalSyncBatch
10:42:34.6 (20778080)|VARIABLE_SCOPE_BEGIN|[19]|this|PORTERSIncrementalSyncBatch|true|false
10:42:34.6 (20837766)|VARIABLE_ASSIGNMENT|[19]|this|{}|0x1ea767
10:42:34.6 (20842666)|STATEMENT_EXECUTE|[5]
10:42:34.6 (20843530)|STATEMENT_EXECUTE|[7]
10:42:34.6 (20846566)|HEAP_ALLOCATE|[20]|Bytes:6
10:42:34.6 (22568720)|STATEMENT_EXECUTE|[19]
10:42:34.6 (22572770)|STATEMENT_EXECUTE|[20]
10:42:34.6 (28509683)|HEAP_ALLOCATE|[20]|Bytes:64
10:42:34.6 (28565653)|VARIABLE_SCOPE_BEGIN|[20]|settings|PORTERS_Settings__c|true|false
10:42:34.6 (28809979)|VARIABLE_ASSIGNMENT|[20]|settings|{"LastModifiedDate":"2026-03-31T09:43:54.000Z","IsDeleted":false,"Client_Secret__c":"sPeXbzmOIRQwl4zKeRFR (108 more) ...","API_Call_Count__c":2.0,"Token_Expires_At__c":"2026-03-31T10:09:06.000Z","SetupOwnerId":"00DBK000004uTTF2A2","Access_Token__c":"eba88d5229388a807c43 (12 more) ...","Name":"a0PBK000008oB5J","SystemModstamp":"2026-03-31T09:43:54.000Z","Is_Development_Mode__c":true,"CreatedById":"0057F0000042UBbQAM","CreatedDate":"2026-03-05T03:24:41.000Z","Last_Call_Timestamp__c":"2026-03-31T09:39:06.000Z","Id":"a0PBK000008oB5J2AU","LastModifiedById":"0057F0000042UBbQAM"}|0x436d0513
10:42:34.6 (28827595)|STATEMENT_EXECUTE|[21]
10:42:34.6 (28859688)|VARIABLE_ASSIGNMENT|[21]|this.lastSyncTime|null|0x1ea767
10:42:34.6 (28876113)|CONSTRUCTOR_EXIT|[1]|01pBK000001eV2v|<init>()|PORTERSIncrementalSyncBatch
10:42:34.6 (28915103)|SYSTEM_MODE_EXIT|false
10:42:34.91 (91907383)|CUMULATIVE_LIMIT_USAGE
10:42:34.91 (91907383)|LIMIT_USAGE_FOR_NS|(default)|
  Number of SOQL queries: 0 out of 100
  Number of query rows: 0 out of 50000
  Number of SOSL queries: 0 out of 20
  Number of DML statements: 0 out of 150
  Number of Publish Immediate DML: 0 out of 150
  Number of DML rows: 0 out of 10000
  Maximum CPU time: 0 out of 10000
  Maximum heap size: 0 out of 6000000
  Number of callouts: 0 out of 100
  Number of Email Invocations: 0 out of 10
  Number of future calls: 0 out of 50
  Number of queueable jobs added to the queue: 0 out of 50
  Number of Mobile Apex push calls: 0 out of 10

10:42:34.91 (91907383)|CUMULATIVE_LIMIT_USAGE_END

10:42:34.6 (91981861)|CODE_UNIT_FINISHED|execute_anonymous_apex
10:42:34.6 (92007306)|EXECUTION_FINISHED
