66.0 APEX_CODE,FINEST;APEX_PROFILING,INFO;CALLOUT,INFO;DATA_ACCESS,INFO;DB,INFO;NBA,INFO;SYSTEM,DEBUG;VALIDATION,INFO;VISUALFORCE,INFO;WAVE,INFO;WORKFLOW,INFO
15:19:29.2 (2302225)|USER_INFO|[EXTERNAL]|0057F0000042UBb|ishibashi@hurex.co.jp.dev1|(GMT+09:00) 日本標準時 (Asia/Tokyo)|GMT+09:00
15:19:29.2 (2349623)|EXECUTION_STARTED
15:19:29.2 (2363936)|CODE_UNIT_STARTED|[EXTERNAL]|apex://CustomNotificationController/ACTION$getNotifications
15:19:29.2 (4771648)|CODE_UNIT_STARTED|[EXTERNAL]|01pBK000001VvEL|CustomNotificationController.getNotifications(String)
15:19:29.2 (5020878)|HEAP_ALLOCATE|[95]|Bytes:3
15:19:29.2 (5083509)|HEAP_ALLOCATE|[100]|Bytes:152
15:19:29.2 (5095006)|HEAP_ALLOCATE|[417]|Bytes:408
15:19:29.2 (5105876)|HEAP_ALLOCATE|[430]|Bytes:408
15:19:29.2 (5123175)|HEAP_ALLOCATE|[317]|Bytes:6
15:19:29.2 (5131465)|HEAP_ALLOCATE|[EXTERNAL]|Bytes:7
15:19:29.2 (5138557)|METHOD_ENTRY|[1]|01pBK000001VvEL|CustomNotificationController.CustomNotificationController()
15:19:29.2 (5142281)|STATEMENT_EXECUTE|[1]
15:19:29.2 (5147266)|STATEMENT_EXECUTE|[1]
15:19:29.2 (5162144)|HEAP_ALLOCATE|[68]|Bytes:5
15:19:29.2 (5178691)|HEAP_ALLOCATE|[74]|Bytes:5
15:19:29.2 (5183075)|HEAP_ALLOCATE|[82]|Bytes:7
15:19:29.2 (5309897)|HEAP_ALLOCATE|[EXTERNAL]|Bytes:5
15:19:29.2 (5318577)|METHOD_EXIT|[1]|CustomNotificationController
15:19:29.2 (5326039)|VARIABLE_SCOPE_BEGIN|[5]|before|String|false|false
15:19:29.2 (5352351)|VARIABLE_ASSIGNMENT|[5]|before|null
15:19:29.2 (5360969)|HEAP_ALLOCATE|[6]|Bytes:5
15:19:29.2 (5363504)|STATEMENT_EXECUTE|[5]
15:19:29.2 (5364522)|STATEMENT_EXECUTE|[6]
15:19:29.2 (5387458)|VARIABLE_SCOPE_BEGIN|[6]|req|System.HttpRequest|true|false
15:19:29.2 (5658961)|VARIABLE_ASSIGNMENT|[6]|req|"System.HttpRequest[Endpoint=null, Method=null]"|0x78ee6e6
15:19:29.2 (5666097)|STATEMENT_EXECUTE|[7]
15:19:29.2 (5669171)|HEAP_ALLOCATE|[7]|Bytes:3
15:19:29.2 (5734043)|STATEMENT_EXECUTE|[8]
15:19:29.2 (5735772)|HEAP_ALLOCATE|[8]|Bytes:13
15:19:29.2 (5738509)|HEAP_ALLOCATE|[8]|Bytes:7
15:19:29.2 (5785158)|HEAP_ALLOCATE|[8]|Bytes:105
15:19:29.2 (5795799)|SYSTEM_METHOD_ENTRY|[1]|UserInfo.UserInfo()
15:19:29.2 (5798962)|STATEMENT_EXECUTE|[1]
15:19:29.2 (5805551)|SYSTEM_METHOD_EXIT|[1]|UserInfo
15:19:29.2 (5818334)|METHOD_ENTRY|[8]||System.UserInfo.getSessionId()
15:19:29.2 (18188470)|METHOD_EXIT|[8]||System.UserInfo.getSessionId()
15:19:29.2 (18246447)|HEAP_ALLOCATE|[8]|Bytes:119
15:19:29.2 (18323667)|STATEMENT_EXECUTE|[10]
15:19:29.2 (18411988)|HEAP_ALLOCATE|[10]|Bytes:67
15:19:29.2 (18433313)|SYSTEM_METHOD_ENTRY|[1]|Url.Url()
15:19:29.2 (18436862)|STATEMENT_EXECUTE|[1]
15:19:29.2 (18447398)|SYSTEM_METHOD_EXIT|[1]|Url
15:19:29.2 (18461177)|METHOD_ENTRY|[10]||System.Url.getOrgDomainUrl()
15:19:29.2 (18764106)|METHOD_EXIT|[10]||System.Url.getOrgDomainUrl()
15:19:29.2 (18788107)|METHOD_ENTRY|[10]||System.Url.toExternalForm()
15:19:29.2 (18834903)|METHOD_EXIT|[10]||System.Url.toExternalForm()
15:19:29.2 (18840821)|VARIABLE_SCOPE_BEGIN|[10]|domainPath|String|false|false
15:19:29.2 (18867326)|VARIABLE_ASSIGNMENT|[10]|domainPath|"https://hurex--dev1. (25 more) ..."
15:19:29.2 (18872548)|STATEMENT_EXECUTE|[11]
15:19:29.2 (18877026)|HEAP_ALLOCATE|[11]|Bytes:50
15:19:29.2 (18887408)|HEAP_ALLOCATE|[11]|Bytes:95
15:19:29.2 (18891682)|VARIABLE_SCOPE_BEGIN|[11]|endpoint|String|false|false
15:19:29.2 (18901911)|VARIABLE_ASSIGNMENT|[11]|endpoint|"https://hurex--dev1. (75 more) ..."
15:19:29.2 (18969258)|STATEMENT_EXECUTE|[13]
15:19:29.2 (18971127)|STATEMENT_EXECUTE|[16]
15:19:29.2 (19009634)|STATEMENT_EXECUTE|[18]
15:19:29.2 (19034398)|VARIABLE_SCOPE_BEGIN|[18]|http|System.Http|true|false
15:19:29.2 (19180948)|VARIABLE_ASSIGNMENT|[18]|http|"System.Http[]"|0x3359fa92
15:19:29.2 (19187706)|STATEMENT_EXECUTE|[19]
15:19:29.2 (19286176)|CALLOUT_REQUEST|[19]|System.HttpRequest[Endpoint=https://hurex--dev1.sandbox.my.salesforce.com/services/data/v56.0/connect/notifications?size=20, Method=GET]
15:19:29.2 (234348079)|HEAP_ALLOCATE|[EXTERNAL]|Bytes:13293
15:19:29.2 (236127102)|CALLOUT_RESPONSE|[19]|System.HttpResponse[Status=OK, StatusCode=200]
15:19:29.2 (236157803)|HEAP_ALLOCATE|[19]|Bytes:12448
15:19:29.2 (236191116)|VARIABLE_SCOPE_BEGIN|[19]|res|System.HttpResponse|true|false
15:19:29.2 (236273227)|VARIABLE_ASSIGNMENT|[19]|res|"System.HttpResponse[Status=OK, StatusCode=200]"|0x82e7586
15:19:29.2 (236374595)|STATEMENT_EXECUTE|[21]
15:19:29.2 (236376428)|STATEMENT_EXECUTE|[22]
15:19:29.2 (236888314)|HEAP_ALLOCATE|[22]|Bytes:12204
15:19:29.236 (236932036)|CUMULATIVE_LIMIT_USAGE
15:19:29.236 (236932036)|LIMIT_USAGE_FOR_NS|(default)|
  Number of SOQL queries: 0 out of 100
  Number of query rows: 0 out of 50000
  Number of SOSL queries: 0 out of 20
  Number of DML statements: 0 out of 150
  Number of Publish Immediate DML: 0 out of 150
  Number of DML rows: 0 out of 10000
  Maximum CPU time: 0 out of 10000
  Maximum heap size: 0 out of 6000000
  Number of callouts: 1 out of 100
  Number of Email Invocations: 0 out of 10
  Number of future calls: 0 out of 50
  Number of queueable jobs added to the queue: 0 out of 50
  Number of Mobile Apex push calls: 0 out of 10

15:19:29.236 (236932036)|CUMULATIVE_LIMIT_USAGE_END

15:19:29.2 (236973634)|CODE_UNIT_FINISHED|CustomNotificationController.getNotifications(String)
15:19:29.2 (237145212)|CODE_UNIT_FINISHED|apex://CustomNotificationController/ACTION$getNotifications
15:19:29.2 (237152421)|EXECUTION_FINISHED
