66.0 APEX_CODE,FINEST;APEX_PROFILING,INFO;CALLOUT,INFO;DATA_ACCESS,INFO;DB,INFO;NBA,INFO;SYSTEM,DEBUG;VALIDATION,INFO;VISUALFORCE,INFO;WAVE,INFO;WORKFLOW,INFO
15:44:22.0 (199911)|USER_INFO|[EXTERNAL]|0057F0000042UBb|ishibashi@hurex.co.jp.dev1|(GMT+09:00) 日本標準時 (Asia/Tokyo)|GMT+09:00
15:44:22.0 (234098)|EXECUTION_STARTED
15:44:22.0 (252752)|CODE_UNIT_STARTED|[EXTERNAL]|apex://CustomNotificationController/ACTION$getNotifications
15:44:22.0 (2049387)|CODE_UNIT_STARTED|[EXTERNAL]|01pBK000001VvEL|CustomNotificationController.getNotifications(String)
15:44:22.0 (2239161)|HEAP_ALLOCATE|[95]|Bytes:3
15:44:22.0 (2307645)|HEAP_ALLOCATE|[100]|Bytes:152
15:44:22.0 (2318894)|HEAP_ALLOCATE|[417]|Bytes:408
15:44:22.0 (2328841)|HEAP_ALLOCATE|[430]|Bytes:408
15:44:22.0 (2347715)|HEAP_ALLOCATE|[317]|Bytes:6
15:44:22.0 (2389005)|HEAP_ALLOCATE|[EXTERNAL]|Bytes:7
15:44:22.0 (2396560)|METHOD_ENTRY|[1]|01pBK000001VvEL|CustomNotificationController.CustomNotificationController()
15:44:22.0 (2403375)|STATEMENT_EXECUTE|[1]
15:44:22.0 (2407372)|STATEMENT_EXECUTE|[1]
15:44:22.0 (2422746)|HEAP_ALLOCATE|[68]|Bytes:5
15:44:22.0 (2440063)|HEAP_ALLOCATE|[74]|Bytes:5
15:44:22.0 (2444574)|HEAP_ALLOCATE|[82]|Bytes:7
15:44:22.0 (2614018)|HEAP_ALLOCATE|[EXTERNAL]|Bytes:5
15:44:22.0 (2622580)|METHOD_EXIT|[1]|CustomNotificationController
15:44:22.0 (2631588)|VARIABLE_SCOPE_BEGIN|[5]|before|String|false|false
15:44:22.0 (2667188)|VARIABLE_ASSIGNMENT|[5]|before|null
15:44:22.0 (2675012)|HEAP_ALLOCATE|[6]|Bytes:5
15:44:22.0 (2677602)|STATEMENT_EXECUTE|[5]
15:44:22.0 (2678426)|STATEMENT_EXECUTE|[6]
15:44:22.0 (2702985)|VARIABLE_SCOPE_BEGIN|[6]|req|System.HttpRequest|true|false
15:44:22.0 (2909366)|VARIABLE_ASSIGNMENT|[6]|req|"System.HttpRequest[Endpoint=null, Method=null]"|0x2b4e3c3
15:44:22.0 (2914142)|STATEMENT_EXECUTE|[7]
15:44:22.0 (2916712)|HEAP_ALLOCATE|[7]|Bytes:3
15:44:22.0 (2993906)|STATEMENT_EXECUTE|[8]
15:44:22.0 (2995461)|HEAP_ALLOCATE|[8]|Bytes:13
15:44:22.0 (2998131)|HEAP_ALLOCATE|[8]|Bytes:7
15:44:22.0 (3029904)|HEAP_ALLOCATE|[8]|Bytes:105
15:44:22.0 (3037475)|SYSTEM_METHOD_ENTRY|[1]|UserInfo.UserInfo()
15:44:22.0 (3039532)|STATEMENT_EXECUTE|[1]
15:44:22.0 (3043901)|SYSTEM_METHOD_EXIT|[1]|UserInfo
15:44:22.0 (3055473)|METHOD_ENTRY|[8]||System.UserInfo.getSessionId()
15:44:22.0 (8416330)|METHOD_EXIT|[8]||System.UserInfo.getSessionId()
15:44:22.0 (8444096)|HEAP_ALLOCATE|[8]|Bytes:119
15:44:22.0 (8494216)|STATEMENT_EXECUTE|[10]
15:44:22.0 (8536244)|HEAP_ALLOCATE|[10]|Bytes:67
15:44:22.0 (8545645)|SYSTEM_METHOD_ENTRY|[1]|Url.Url()
15:44:22.0 (8547435)|STATEMENT_EXECUTE|[1]
15:44:22.0 (8552956)|SYSTEM_METHOD_EXIT|[1]|Url
15:44:22.0 (8560652)|METHOD_ENTRY|[10]||System.Url.getOrgDomainUrl()
15:44:22.0 (8748180)|METHOD_EXIT|[10]||System.Url.getOrgDomainUrl()
15:44:22.0 (8758755)|METHOD_ENTRY|[10]||System.Url.toExternalForm()
15:44:22.0 (8786369)|METHOD_EXIT|[10]||System.Url.toExternalForm()
15:44:22.0 (8789896)|VARIABLE_SCOPE_BEGIN|[10]|domainPath|String|false|false
15:44:22.0 (8806754)|VARIABLE_ASSIGNMENT|[10]|domainPath|"https://hurex--dev1. (25 more) ..."
15:44:22.0 (8809936)|STATEMENT_EXECUTE|[11]
15:44:22.0 (8812085)|HEAP_ALLOCATE|[11]|Bytes:50
15:44:22.0 (8816994)|HEAP_ALLOCATE|[11]|Bytes:95
15:44:22.0 (8819197)|VARIABLE_SCOPE_BEGIN|[11]|endpoint|String|false|false
15:44:22.0 (8824339)|VARIABLE_ASSIGNMENT|[11]|endpoint|"https://hurex--dev1. (75 more) ..."
15:44:22.0 (8861832)|STATEMENT_EXECUTE|[13]
15:44:22.0 (8863114)|STATEMENT_EXECUTE|[16]
15:44:22.0 (8886524)|STATEMENT_EXECUTE|[18]
15:44:22.0 (8904047)|VARIABLE_SCOPE_BEGIN|[18]|http|System.Http|true|false
15:44:22.0 (9002485)|VARIABLE_ASSIGNMENT|[18]|http|"System.Http[]"|0x58bebccc
15:44:22.0 (9007049)|STATEMENT_EXECUTE|[19]
15:44:22.0 (9108528)|CALLOUT_REQUEST|[19]|System.HttpRequest[Endpoint=https://hurex--dev1.sandbox.my.salesforce.com/services/data/v56.0/connect/notifications?size=20, Method=GET]
15:44:22.0 (151886155)|HEAP_ALLOCATE|[EXTERNAL]|Bytes:15126
15:44:22.0 (154618553)|CALLOUT_RESPONSE|[19]|System.HttpResponse[Status=OK, StatusCode=200]
15:44:22.0 (154651369)|HEAP_ALLOCATE|[19]|Bytes:14281
15:44:22.0 (154681773)|VARIABLE_SCOPE_BEGIN|[19]|res|System.HttpResponse|true|false
15:44:22.0 (154745934)|VARIABLE_ASSIGNMENT|[19]|res|"System.HttpResponse[Status=OK, StatusCode=200]"|0x3e840c5f
15:44:22.0 (154810420)|STATEMENT_EXECUTE|[21]
15:44:22.0 (154811729)|STATEMENT_EXECUTE|[22]
15:44:22.0 (155387617)|HEAP_ALLOCATE|[22]|Bytes:13995
15:44:22.155 (155475775)|CUMULATIVE_LIMIT_USAGE
15:44:22.155 (155475775)|LIMIT_USAGE_FOR_NS|(default)|
  Number of SOQL queries: 0 out of 100
  Number of query rows: 0 out of 50000
  Number of SOSL queries: 0 out of 20
  Number of DML statements: 0 out of 150
  Number of Publish Immediate DML: 0 out of 150
  Number of DML rows: 0 out of 10000
  Maximum CPU time: 0 out of 10000
  Maximum heap size: 0 out of 6000000
  Number of callouts: 1 out of 100
  Number of Email Invocations: 0 out of 10
  Number of future calls: 0 out of 50
  Number of queueable jobs added to the queue: 0 out of 50
  Number of Mobile Apex push calls: 0 out of 10

15:44:22.155 (155475775)|CUMULATIVE_LIMIT_USAGE_END

15:44:22.0 (155540904)|CODE_UNIT_FINISHED|CustomNotificationController.getNotifications(String)
15:44:22.0 (155735852)|CODE_UNIT_FINISHED|apex://CustomNotificationController/ACTION$getNotifications
15:44:22.0 (155742884)|EXECUTION_FINISHED
