66.0 APEX_CODE,FINEST;APEX_PROFILING,INFO;CALLOUT,INFO;DATA_ACCESS,INFO;DB,INFO;NBA,INFO;SYSTEM,DEBUG;VALIDATION,INFO;VISUALFORCE,INFO;WAVE,INFO;WORKFLOW,INFO
12:04:55.5 (5660614)|USER_INFO|[EXTERNAL]|0057F0000042UBb|ishibashi@hurex.co.jp.dev1|(GMT+09:00) 日本標準時 (Asia/Tokyo)|GMT+09:00
12:04:55.5 (5698620)|EXECUTION_STARTED
12:04:55.5 (5718933)|CODE_UNIT_STARTED|[EXTERNAL]|apex://JobCardsController/ACTION$getJobs
12:04:55.5 (7966339)|CODE_UNIT_STARTED|[EXTERNAL]|01pBK000001RGBP|JobCardsController.getJobs()
12:04:55.5 (11274256)|HEAP_ALLOCATE|[95]|Bytes:3
12:04:55.5 (11390187)|HEAP_ALLOCATE|[100]|Bytes:152
12:04:55.5 (11405436)|HEAP_ALLOCATE|[417]|Bytes:408
12:04:55.5 (11416112)|HEAP_ALLOCATE|[430]|Bytes:408
12:04:55.5 (11436023)|HEAP_ALLOCATE|[317]|Bytes:6
12:04:55.5 (11446271)|HEAP_ALLOCATE|[EXTERNAL]|Bytes:10
12:04:55.5 (11449818)|HEAP_ALLOCATE|[EXTERNAL]|Bytes:5
12:04:55.5 (11451661)|HEAP_ALLOCATE|[EXTERNAL]|Bytes:3
12:04:55.5 (11469846)|METHOD_ENTRY|[6]|01pBK000001RGBP|JobCardsController.JobCardsController()
12:04:55.5 (11484314)|STATEMENT_EXECUTE|[6]
12:04:55.5 (11492517)|STATEMENT_EXECUTE|[6]
12:04:55.5 (11510409)|HEAP_ALLOCATE|[68]|Bytes:5
12:04:55.5 (11538690)|HEAP_ALLOCATE|[74]|Bytes:5
12:04:55.5 (11543331)|HEAP_ALLOCATE|[82]|Bytes:7
12:04:55.5 (11898965)|HEAP_ALLOCATE|[EXTERNAL]|Bytes:5
12:04:55.5 (11909968)|STATEMENT_EXECUTE|[12]
12:04:55.5 (11924250)|METHOD_EXIT|[6]|JobCardsController
12:04:55.5 (11937702)|HEAP_ALLOCATE|[35]|Bytes:5
12:04:55.5 (11940290)|STATEMENT_EXECUTE|[33]
12:04:55.5 (11941265)|STATEMENT_EXECUTE|[35]
12:04:55.5 (11957168)|HEAP_ALLOCATE|[35]|Bytes:4
12:04:55.5 (12013598)|VARIABLE_SCOPE_BEGIN|[35]|favoriteJobIds|Set<Id>|true|false
12:04:55.5 (12127473)|VARIABLE_ASSIGNMENT|[35]|favoriteJobIds|[]|0x76414ec0
12:04:55.5 (12136312)|HEAP_ALLOCATE|[36]|Bytes:91
12:04:55.5 (12152048)|HEAP_ALLOCATE|[36]|Bytes:4
12:04:55.5 (12159538)|HEAP_ALLOCATE|[36]|Bytes:7
12:04:55.5 (12198083)|HEAP_ALLOCATE|[38]|Bytes:105
12:04:55.5 (12205841)|SYSTEM_METHOD_ENTRY|[1]|UserInfo.UserInfo()
12:04:55.5 (12208681)|STATEMENT_EXECUTE|[1]
12:04:55.5 (12215138)|SYSTEM_METHOD_EXIT|[1]|UserInfo
12:04:55.5 (12232016)|METHOD_ENTRY|[38]||System.UserInfo.getUserId()
12:04:55.5 (14661099)|METHOD_EXIT|[38]||System.UserInfo.getUserId()
12:04:55.5 (22444266)|SOQL_EXECUTE_BEGIN|[36]|Aggregations:0|SELECT Job__c FROM InterestedJob__c WHERE (CreatedById = :tmpVar1 AND IsArchive__c = FALSE)
12:04:55.5 (49813319)|SOQL_EXECUTE_END|[36]|Rows:4
12:04:55.5 (49863629)|HEAP_ALLOCATE|[EXTERNAL]|Bytes:20
12:04:55.5 (50156715)|HEAP_ALLOCATE|[36]|Bytes:54
12:04:55.5 (50169199)|HEAP_ALLOCATE|[36]|Bytes:8
12:04:55.5 (50185544)|SYSTEM_METHOD_ENTRY|[7]|QueryLocatorIterator.QueryLocatorIterator()
12:04:55.5 (50190314)|STATEMENT_EXECUTE|[7]
12:04:55.5 (50202459)|SYSTEM_METHOD_EXIT|[7]|QueryLocatorIterator
12:04:55.5 (50211234)|HEAP_ALLOCATE|[36]|Bytes:28
12:04:55.5 (50308786)|HEAP_ALLOCATE|[36]|Bytes:20
12:04:55.5 (50320903)|HEAP_ALLOCATE|[36]|Bytes:8
12:04:55.5 (50323777)|HEAP_ALLOCATE|[36]|Bytes:8
12:04:55.5 (50330977)|VARIABLE_SCOPE_BEGIN|[15]|this|Database.QueryLocatorIterator|true|false
12:04:55.5 (50418426)|VARIABLE_ASSIGNMENT|[15]|this|{}|0x3b0ee72b
12:04:55.5 (50424876)|VARIABLE_SCOPE_BEGIN|[15]|values|List<SObject>|true|false
12:04:55.5 (50583669)|VARIABLE_ASSIGNMENT|[15]|values|[{"Job__c":"a0KBK00000Gexcs2AB","Id":"a0OBK000004najC2AQ"},{"Job__c":"a0KBK00000Gexdg2AB","Id":"a0OBK000004nbNV2AY"},{"Job__c":"a0KBK00000Gexcu2AB","Id":"a0OBK000004v8wE2AQ"},{"Job__c":"a0KBK00000GezgQ2AR","Id":"a0OBK0000050riz2AA"}]|0x6168676e
12:04:55.5 (50592992)|VARIABLE_SCOPE_BEGIN|[15]|ql|Database.QueryLocator|true|false
12:04:55.5 (50617152)|VARIABLE_ASSIGNMENT|[15]|ql|{"query":"SELECT Job__c FROM I (71 more) ..."}|0x4ee6c8b5
12:04:55.5 (50622364)|VARIABLE_SCOPE_BEGIN|[15]|totalNumRecords|Integer|false|false
12:04:55.5 (50632028)|VARIABLE_ASSIGNMENT|[15]|totalNumRecords|4
12:04:55.5 (50635527)|VARIABLE_SCOPE_BEGIN|[15]|queryMoreSize|Integer|false|false
12:04:55.5 (50642071)|VARIABLE_ASSIGNMENT|[15]|queryMoreSize|49996
12:04:55.5 (50732004)|HEAP_ALLOCATE|[36]|Bytes:28
12:04:55.5 (50766146)|METHOD_ENTRY|[36]||Database.QueryLocatorIterator.hasNext()
12:04:55.5 (50883054)|METHOD_EXIT|[36]||Database.QueryLocatorIterator.hasNext()
12:04:55.5 (50892209)|METHOD_ENTRY|[36]||Database.QueryLocatorIterator.next()
12:04:55.5 (50969489)|METHOD_EXIT|[36]||Database.QueryLocatorIterator.next()
12:04:55.5 (50977174)|VARIABLE_SCOPE_BEGIN|[36]|fav|InterestedJob__c|true|false
12:04:55.5 (51013714)|VARIABLE_ASSIGNMENT|[36]|fav|{"Job__c":"a0KBK00000Gexcs2AB","Id":"a0OBK000004najC2AQ"}|0x11573670
12:04:55.5 (51021353)|STATEMENT_EXECUTE|[39]
12:04:55.5 (51022819)|STATEMENT_EXECUTE|[40]
12:04:55.5 (51088946)|HEAP_ALLOCATE|[EXTERNAL]|Bytes:4
12:04:55.5 (51100054)|METHOD_ENTRY|[36]||Database.QueryLocatorIterator.hasNext()
12:04:55.5 (51117576)|METHOD_EXIT|[36]||Database.QueryLocatorIterator.hasNext()
12:04:55.5 (51122735)|METHOD_ENTRY|[36]||Database.QueryLocatorIterator.next()
12:04:55.5 (51159500)|METHOD_EXIT|[36]||Database.QueryLocatorIterator.next()
12:04:55.5 (51164268)|VARIABLE_SCOPE_BEGIN|[36]|fav|InterestedJob__c|true|false
12:04:55.5 (51192546)|VARIABLE_ASSIGNMENT|[36]|fav|{"Job__c":"a0KBK00000Gexdg2AB","Id":"a0OBK000004nbNV2AY"}|0x33a66023
12:04:55.5 (51197926)|STATEMENT_EXECUTE|[39]
12:04:55.5 (51199564)|STATEMENT_EXECUTE|[40]
12:04:55.5 (51208129)|HEAP_ALLOCATE|[EXTERNAL]|Bytes:4
12:04:55.5 (51215048)|METHOD_ENTRY|[36]||Database.QueryLocatorIterator.hasNext()
12:04:55.5 (51228959)|METHOD_EXIT|[36]||Database.QueryLocatorIterator.hasNext()
12:04:55.5 (51233327)|METHOD_ENTRY|[36]||Database.QueryLocatorIterator.next()
12:04:55.5 (51266422)|METHOD_EXIT|[36]||Database.QueryLocatorIterator.next()
12:04:55.5 (51270489)|VARIABLE_SCOPE_BEGIN|[36]|fav|InterestedJob__c|true|false
12:04:55.5 (51291251)|VARIABLE_ASSIGNMENT|[36]|fav|{"Job__c":"a0KBK00000Gexcu2AB","Id":"a0OBK000004v8wE2AQ"}|0x4bfda582
12:04:55.5 (51296841)|STATEMENT_EXECUTE|[39]
12:04:55.5 (51298284)|STATEMENT_EXECUTE|[40]
12:04:55.5 (51304336)|HEAP_ALLOCATE|[EXTERNAL]|Bytes:4
12:04:55.5 (51310934)|METHOD_ENTRY|[36]||Database.QueryLocatorIterator.hasNext()
12:04:55.5 (51324672)|METHOD_EXIT|[36]||Database.QueryLocatorIterator.hasNext()
12:04:55.5 (51329284)|METHOD_ENTRY|[36]||Database.QueryLocatorIterator.next()
12:04:55.5 (51360904)|METHOD_EXIT|[36]||Database.QueryLocatorIterator.next()
12:04:55.5 (51364783)|VARIABLE_SCOPE_BEGIN|[36]|fav|InterestedJob__c|true|false
12:04:55.5 (51384819)|VARIABLE_ASSIGNMENT|[36]|fav|{"Job__c":"a0KBK00000GezgQ2AR","Id":"a0OBK0000050riz2AA"}|0x73431711
12:04:55.5 (51389969)|STATEMENT_EXECUTE|[39]
12:04:55.5 (51391373)|STATEMENT_EXECUTE|[40]
12:04:55.5 (51397016)|HEAP_ALLOCATE|[EXTERNAL]|Bytes:4
12:04:55.5 (51404111)|METHOD_ENTRY|[36]||Database.QueryLocatorIterator.hasNext()
12:04:55.5 (51414397)|METHOD_EXIT|[36]||Database.QueryLocatorIterator.hasNext()
12:04:55.5 (51421611)|VARIABLE_ASSIGNMENT|[36]|fav|null|
12:04:55.5 (51445488)|STATEMENT_EXECUTE|[44]
12:04:55.5 (51448990)|HEAP_ALLOCATE|[44]|Bytes:217
12:04:55.5 (51469697)|HEAP_ALLOCATE|[44]|Bytes:4
12:04:55.5 (63663211)|SOQL_EXECUTE_BEGIN|[44]|Aggregations:0|SELECT Id, JobPosition__c, WorkLocation2__c, JobCategory1__c, MaxAnnualSalary__c, MinAnnualSalary__c, JobDescription__c, LastModifiedDate, LastViewedDate FROM Job__c ORDER BY LastModifiedDate DESC NULLS FIRST LIMIT 10
12:04:55.5 (103248280)|SOQL_EXECUTE_END|[44]|Rows:10
12:04:55.5 (103297877)|HEAP_ALLOCATE|[44]|Bytes:44
12:04:55.5 (103327220)|HEAP_ALLOCATE|[44]|Bytes:4083
12:04:55.5 (103447953)|HEAP_ALLOCATE|[44]|Bytes:44
12:04:55.5 (103474620)|VARIABLE_SCOPE_BEGIN|[44]|jobs|List<Job__c>|true|false
12:04:55.5 (103502797)|VARIABLE_ASSIGNMENT|[44]|jobs|"List of size 10 too large to display"|0x7d15c1fc
12:04:55.5 (103509309)|STATEMENT_EXECUTE|[54]
12:04:55.5 (103521244)|HEAP_ALLOCATE|[54]|Bytes:4
12:04:55.5 (103630471)|VARIABLE_SCOPE_BEGIN|[54]|result|List<JobCardsController.JobWrapper>|true|false
12:04:55.5 (103658986)|HEAP_ALLOCATE|[EXTERNAL]|Bytes:4
12:04:55.5 (103671230)|VARIABLE_ASSIGNMENT|[54]|result|[]|0x3bff6353
12:04:55.5 (103850552)|HEAP_ALLOCATE|[55]|Bytes:5
12:04:55.5 (103878754)|HEAP_ALLOCATE|[55]|Bytes:32
12:04:55.5 (103888091)|VARIABLE_SCOPE_BEGIN|[55]|j|Job__c|true|false
12:04:55.5 (104065313)|VARIABLE_ASSIGNMENT|[55]|j|{"LastModifiedDate":"2026-04-02T02:54:44.000Z","JobPosition__c":"テスト451求人タイトル求人タイトル求人 (235 more) ...","WorkLocation2__c":"444444","LastViewedDate":"2026-03-03T02:49:01.000Z","Id":"a0KBK00000Gexdg2AB","JobDescription__c":"テスト451仕事内容仕事内容仕事内容仕事 (230 more) ...","JobCategory1__c":"経営幹部/企画/マーケティング系"}|0x79cde010
12:04:55.5 (104081220)|STATEMENT_EXECUTE|[55]
12:04:55.5 (104082764)|STATEMENT_EXECUTE|[56]
12:04:55.5 (104155574)|HEAP_ALLOCATE|[56]|Bytes:44
12:04:55.5 (104188593)|CONSTRUCTOR_ENTRY|[56]|01pBK000001RGBP|<init>()|JobCardsController.JobWrapper
12:04:55.5 (104230304)|VARIABLE_SCOPE_BEGIN|[12]|this|JobCardsController.JobWrapper|true|false
12:04:55.5 (104365179)|VARIABLE_ASSIGNMENT|[12]|this|{}|0x403ee4ca
12:04:55.5 (104395967)|STATEMENT_EXECUTE|[12]
12:04:55.5 (104397785)|STATEMENT_EXECUTE|[13]
12:04:55.5 (104399193)|STATEMENT_EXECUTE|[14]
12:04:55.5 (104400264)|STATEMENT_EXECUTE|[15]
12:04:55.5 (104401325)|STATEMENT_EXECUTE|[16]
12:04:55.5 (104402491)|STATEMENT_EXECUTE|[17]
12:04:55.5 (104403471)|STATEMENT_EXECUTE|[18]
12:04:55.5 (104404546)|STATEMENT_EXECUTE|[19]
12:04:55.5 (104405572)|STATEMENT_EXECUTE|[20]
12:04:55.5 (104407017)|STATEMENT_EXECUTE|[21]
12:04:55.5 (104408126)|STATEMENT_EXECUTE|[22]
12:04:55.5 (104412824)|CONSTRUCTOR_EXIT|[56]|01pBK000001RGBP|<init>()|JobCardsController.JobWrapper
12:04:55.5 (104418782)|VARIABLE_SCOPE_BEGIN|[56]|wrapper|JobCardsController.JobWrapper|true|false
12:04:55.5 (104435683)|VARIABLE_ASSIGNMENT|[56]|wrapper|{}|0x403ee4ca
12:04:55.5 (104438588)|STATEMENT_EXECUTE|[57]
12:04:55.5 (104697751)|VARIABLE_ASSIGNMENT|[57]|this.Id|"a0KBK00000Gexdg2AB"|0x403ee4ca
12:04:55.5 (104703542)|STATEMENT_EXECUTE|[58]
12:04:55.5 (104728137)|VARIABLE_ASSIGNMENT|[58]|this.JobPosition|"テスト451求人タイトル求人タイトル求人 (235 more) ..."|0x403ee4ca
12:04:55.5 (104734522)|STATEMENT_EXECUTE|[59]
12:04:55.5 (104744721)|VARIABLE_ASSIGNMENT|[59]|this.WorkLocation2|"444444"|0x403ee4ca
12:04:55.5 (104748457)|STATEMENT_EXECUTE|[60]
12:04:55.5 (104757563)|VARIABLE_ASSIGNMENT|[60]|this.JobCategory1|"経営幹部/企画/マーケティング系"|0x403ee4ca
12:04:55.5 (104762037)|STATEMENT_EXECUTE|[61]
12:04:55.5 (104768584)|VARIABLE_ASSIGNMENT|[61]|this.MaxAnnualSalary|null|0x403ee4ca
12:04:55.5 (104772224)|STATEMENT_EXECUTE|[62]
12:04:55.5 (104776369)|VARIABLE_ASSIGNMENT|[62]|this.MinAnnualSalary|null|0x403ee4ca
12:04:55.5 (104780014)|STATEMENT_EXECUTE|[63]
12:04:55.5 (104790959)|VARIABLE_ASSIGNMENT|[63]|this.JobDescription|"テスト451仕事内容仕事内容仕事内容仕事 (230 more) ..."|0x403ee4ca
12:04:55.5 (104795762)|STATEMENT_EXECUTE|[64]
12:04:55.5 (104836904)|VARIABLE_ASSIGNMENT|[64]|this.LastModifiedDate|"2026-04-02T02:54:44.000Z"|0x403ee4ca
12:04:55.5 (104841256)|STATEMENT_EXECUTE|[65]
12:04:55.5 (104864099)|VARIABLE_ASSIGNMENT|[65]|this.LastViewedDate|"2026-03-03T02:49:01.000Z"|0x403ee4ca
12:04:55.5 (104868282)|STATEMENT_EXECUTE|[66]
12:04:55.5 (104937102)|HEAP_ALLOCATE|[66]|Bytes:5
12:04:55.5 (104944867)|VARIABLE_ASSIGNMENT|[66]|this.IsFavorite|true|0x403ee4ca
12:04:55.5 (104948672)|STATEMENT_EXECUTE|[67]
12:04:55.5 (104982123)|HEAP_ALLOCATE|[EXTERNAL]|Bytes:4
12:04:55.5 (105000084)|HEAP_ALLOCATE|[55]|Bytes:5
12:04:55.5 (105018128)|HEAP_ALLOCATE|[55]|Bytes:40
12:04:55.5 (105026982)|VARIABLE_SCOPE_BEGIN|[55]|j|Job__c|true|false
12:04:55.5 (105133256)|VARIABLE_ASSIGNMENT|[55]|j|{"LastModifiedDate":"2026-03-19T02:02:27.000Z","JobPosition__c":"新潟市(新潟) 法人ルート営業・業界シェ (74 more) ...","WorkLocation2__c":"新潟県新潟市（転勤なし／車通勤可）","LastViewedDate":"2026-03-31T11:14:57.000Z","Id":"a0KBK00000GezgQ2AR","MinAnnualSalary__c":350,"JobDescription__c":"自社開発製造の給配水機器とその関連製品の (25 more) ...","JobCategory1__c":"経営幹部/企画/マーケティング系","MaxAnnualSalary__c":550}|0x15cf5f34
12:04:55.5 (105145494)|STATEMENT_EXECUTE|[55]
12:04:55.5 (105146761)|STATEMENT_EXECUTE|[56]
12:04:55.5 (105152281)|HEAP_ALLOCATE|[56]|Bytes:44
12:04:55.5 (105160390)|CONSTRUCTOR_ENTRY|[56]|01pBK000001RGBP|<init>()|JobCardsController.JobWrapper
12:04:55.5 (105168255)|VARIABLE_SCOPE_BEGIN|[12]|this|JobCardsController.JobWrapper|true|false
12:04:55.5 (105194927)|VARIABLE_ASSIGNMENT|[12]|this|{}|0x5a091ffa
12:04:55.5 (105212975)|STATEMENT_EXECUTE|[12]
12:04:55.5 (105214312)|STATEMENT_EXECUTE|[13]
12:04:55.5 (105215534)|STATEMENT_EXECUTE|[14]
12:04:55.5 (105216605)|STATEMENT_EXECUTE|[15]
12:04:55.5 (105217691)|STATEMENT_EXECUTE|[16]
12:04:55.5 (105218797)|STATEMENT_EXECUTE|[17]
12:04:55.5 (105219949)|STATEMENT_EXECUTE|[18]
12:04:55.5 (105221042)|STATEMENT_EXECUTE|[19]
12:04:55.5 (105222147)|STATEMENT_EXECUTE|[20]
12:04:55.5 (105223231)|STATEMENT_EXECUTE|[21]
12:04:55.5 (105224282)|STATEMENT_EXECUTE|[22]
12:04:55.5 (105227384)|CONSTRUCTOR_EXIT|[56]|01pBK000001RGBP|<init>()|JobCardsController.JobWrapper
12:04:55.5 (105232966)|VARIABLE_SCOPE_BEGIN|[56]|wrapper|JobCardsController.JobWrapper|true|false
12:04:55.5 (105246202)|VARIABLE_ASSIGNMENT|[56]|wrapper|{}|0x5a091ffa
12:04:55.5 (105250277)|STATEMENT_EXECUTE|[57]
12:04:55.5 (105340095)|VARIABLE_ASSIGNMENT|[57]|this.Id|"a0KBK00000GezgQ2AR"|0x5a091ffa
12:04:55.5 (105345330)|STATEMENT_EXECUTE|[58]
12:04:55.5 (105356340)|VARIABLE_ASSIGNMENT|[58]|this.JobPosition|"新潟市(新潟) 法人ルート営業・業界シェ (74 more) ..."|0x5a091ffa
12:04:55.5 (105361583)|STATEMENT_EXECUTE|[59]
12:04:55.5 (105368137)|VARIABLE_ASSIGNMENT|[59]|this.WorkLocation2|"新潟県新潟市（転勤なし／車通勤可）"|0x5a091ffa
12:04:55.5 (105372783)|STATEMENT_EXECUTE|[60]
12:04:55.5 (105378228)|VARIABLE_ASSIGNMENT|[60]|this.JobCategory1|"経営幹部/企画/マーケティング系"|0x5a091ffa
12:04:55.5 (105382290)|STATEMENT_EXECUTE|[61]
12:04:55.5 (105423491)|VARIABLE_ASSIGNMENT|[61]|this.MaxAnnualSalary|550|0x5a091ffa
12:04:55.5 (105427875)|STATEMENT_EXECUTE|[62]
12:04:55.5 (105438913)|VARIABLE_ASSIGNMENT|[62]|this.MinAnnualSalary|350|0x5a091ffa
12:04:55.5 (105442921)|STATEMENT_EXECUTE|[63]
12:04:55.5 (105449666)|VARIABLE_ASSIGNMENT|[63]|this.JobDescription|"自社開発製造の給配水機器とその関連製品の (25 more) ..."|0x5a091ffa
12:04:55.5 (105453842)|STATEMENT_EXECUTE|[64]
12:04:55.5 (105474708)|VARIABLE_ASSIGNMENT|[64]|this.LastModifiedDate|"2026-03-19T02:02:27.000Z"|0x5a091ffa
12:04:55.5 (105479059)|STATEMENT_EXECUTE|[65]
12:04:55.5 (105487514)|VARIABLE_ASSIGNMENT|[65]|this.LastViewedDate|"2026-03-31T11:14:57.000Z"|0x5a091ffa
12:04:55.5 (105491649)|STATEMENT_EXECUTE|[66]
12:04:55.5 (105509692)|HEAP_ALLOCATE|[66]|Bytes:5
12:04:55.5 (105515992)|VARIABLE_ASSIGNMENT|[66]|this.IsFavorite|true|0x5a091ffa
12:04:55.5 (105520629)|STATEMENT_EXECUTE|[67]
12:04:55.5 (105528361)|HEAP_ALLOCATE|[EXTERNAL]|Bytes:4
12:04:55.5 (105542436)|HEAP_ALLOCATE|[55]|Bytes:5
12:04:55.5 (105555044)|HEAP_ALLOCATE|[55]|Bytes:40
12:04:55.5 (105562509)|VARIABLE_SCOPE_BEGIN|[55]|j|Job__c|true|false
12:04:55.5 (105639353)|VARIABLE_ASSIGNMENT|[55]|j|{"LastModifiedDate":"2026-03-18T01:52:52.000Z","JobPosition__c":"テスト401求人タイトル求人タイトル求人 (28 more) ...","WorkLocation2__c":"勤務地","LastViewedDate":"2026-03-29T02:44:24.000Z","Id":"a0KBK00000Gexcs2AB","MinAnnualSalary__c":450,"JobDescription__c":"テスト401仕事内容仕事内容仕事内容仕事 (30 more) ...","JobCategory1__c":"専門職系（コンサルタント/金融/不動産）","MaxAnnualSalary__c":600}|0x6fd67244
12:04:55.5 (105651289)|STATEMENT_EXECUTE|[55]
12:04:55.5 (105652602)|STATEMENT_EXECUTE|[56]
12:04:55.5 (105657074)|HEAP_ALLOCATE|[56]|Bytes:44
12:04:55.5 (105663812)|CONSTRUCTOR_ENTRY|[56]|01pBK000001RGBP|<init>()|JobCardsController.JobWrapper
12:04:55.5 (105670052)|VARIABLE_SCOPE_BEGIN|[12]|this|JobCardsController.JobWrapper|true|false
12:04:55.5 (105691688)|VARIABLE_ASSIGNMENT|[12]|this|{}|0x3fa77352
12:04:55.5 (105709304)|STATEMENT_EXECUTE|[12]
12:04:55.5 (105710627)|STATEMENT_EXECUTE|[13]
12:04:55.5 (105711804)|STATEMENT_EXECUTE|[14]
12:04:55.5 (105712955)|STATEMENT_EXECUTE|[15]
12:04:55.5 (105714282)|STATEMENT_EXECUTE|[16]
12:04:55.5 (105715504)|STATEMENT_EXECUTE|[17]
12:04:55.5 (105716582)|STATEMENT_EXECUTE|[18]
12:04:55.5 (105717884)|STATEMENT_EXECUTE|[19]
12:04:55.5 (105719089)|STATEMENT_EXECUTE|[20]
12:04:55.5 (105720292)|STATEMENT_EXECUTE|[21]
12:04:55.5 (105721422)|STATEMENT_EXECUTE|[22]
12:04:55.5 (105724832)|CONSTRUCTOR_EXIT|[56]|01pBK000001RGBP|<init>()|JobCardsController.JobWrapper
12:04:55.5 (105730347)|VARIABLE_SCOPE_BEGIN|[56]|wrapper|JobCardsController.JobWrapper|true|false
12:04:55.5 (105743129)|VARIABLE_ASSIGNMENT|[56]|wrapper|{}|0x3fa77352
12:04:55.5 (105747359)|STATEMENT_EXECUTE|[57]
12:04:55.5 (105827598)|VARIABLE_ASSIGNMENT|[57]|this.Id|"a0KBK00000Gexcs2AB"|0x3fa77352
12:04:55.5 (105833440)|STATEMENT_EXECUTE|[58]
12:04:55.5 (105842947)|VARIABLE_ASSIGNMENT|[58]|this.JobPosition|"テスト401求人タイトル求人タイトル求人 (28 more) ..."|0x3fa77352
12:04:55.5 (105847889)|STATEMENT_EXECUTE|[59]
12:04:55.5 (105853937)|VARIABLE_ASSIGNMENT|[59]|this.WorkLocation2|"勤務地"|0x3fa77352
12:04:55.5 (105858831)|STATEMENT_EXECUTE|[60]
12:04:55.5 (105864186)|VARIABLE_ASSIGNMENT|[60]|this.JobCategory1|"専門職系（コンサルタント/金融/不動産）"|0x3fa77352
12:04:55.5 (105868573)|STATEMENT_EXECUTE|[61]
12:04:55.5 (105879312)|VARIABLE_ASSIGNMENT|[61]|this.MaxAnnualSalary|600|0x3fa77352
12:04:55.5 (105883335)|STATEMENT_EXECUTE|[62]
12:04:55.5 (105889328)|VARIABLE_ASSIGNMENT|[62]|this.MinAnnualSalary|450|0x3fa77352
12:04:55.5 (105893114)|STATEMENT_EXECUTE|[63]
12:04:55.5 (105899354)|VARIABLE_ASSIGNMENT|[63]|this.JobDescription|"テスト401仕事内容仕事内容仕事内容仕事 (30 more) ..."|0x3fa77352
12:04:55.5 (105904412)|STATEMENT_EXECUTE|[64]
12:04:55.5 (105921554)|VARIABLE_ASSIGNMENT|[64]|this.LastModifiedDate|"2026-03-18T01:52:52.000Z"|0x3fa77352
12:04:55.5 (105925825)|STATEMENT_EXECUTE|[65]
12:04:55.5 (105935717)|VARIABLE_ASSIGNMENT|[65]|this.LastViewedDate|"2026-03-29T02:44:24.000Z"|0x3fa77352
12:04:55.5 (105940232)|STATEMENT_EXECUTE|[66]
12:04:55.5 (105955708)|HEAP_ALLOCATE|[66]|Bytes:5
12:04:55.5 (105961227)|VARIABLE_ASSIGNMENT|[66]|this.IsFavorite|true|0x3fa77352
12:04:55.5 (105965169)|STATEMENT_EXECUTE|[67]
12:04:55.5 (105971039)|HEAP_ALLOCATE|[EXTERNAL]|Bytes:4
12:04:55.5 (105983529)|HEAP_ALLOCATE|[55]|Bytes:5
12:04:55.5 (105995765)|HEAP_ALLOCATE|[55]|Bytes:36
12:04:55.5 (106002447)|VARIABLE_SCOPE_BEGIN|[55]|j|Job__c|true|false
12:04:55.5 (106089154)|VARIABLE_ASSIGNMENT|[55]|j|{"LastModifiedDate":"2026-03-12T05:33:30.000Z","JobPosition__c":"テスト424求人タイトル求人タイトル求人 (28 more) ...","LastViewedDate":"2026-03-17T07:21:04.000Z","Id":"a0KBK00000GexdF2AR","MinAnnualSalary__c":250,"JobDescription__c":"テスト424仕事内容仕事内容仕事内容仕事 (30 more) ...","JobCategory1__c":"技術系（電気/電子/機械）","MaxAnnualSalary__c":350}|0x243cb848
12:04:55.5 (106100345)|STATEMENT_EXECUTE|[55]
12:04:55.5 (106101782)|STATEMENT_EXECUTE|[56]
12:04:55.5 (106105970)|HEAP_ALLOCATE|[56]|Bytes:44
12:04:55.5 (106113005)|CONSTRUCTOR_ENTRY|[56]|01pBK000001RGBP|<init>()|JobCardsController.JobWrapper
12:04:55.5 (106119568)|VARIABLE_SCOPE_BEGIN|[12]|this|JobCardsController.JobWrapper|true|false
12:04:55.5 (106143032)|VARIABLE_ASSIGNMENT|[12]|this|{}|0x888d8d8
12:04:55.5 (106159864)|STATEMENT_EXECUTE|[12]
12:04:55.5 (106161398)|STATEMENT_EXECUTE|[13]
12:04:55.5 (106162663)|STATEMENT_EXECUTE|[14]
12:04:55.5 (106163914)|STATEMENT_EXECUTE|[15]
12:04:55.5 (106165012)|STATEMENT_EXECUTE|[16]
12:04:55.5 (106166183)|STATEMENT_EXECUTE|[17]
12:04:55.5 (106167189)|STATEMENT_EXECUTE|[18]
12:04:55.5 (106168189)|STATEMENT_EXECUTE|[19]
12:04:55.5 (106169298)|STATEMENT_EXECUTE|[20]
12:04:55.5 (106170537)|STATEMENT_EXECUTE|[21]
12:04:55.5 (106171799)|STATEMENT_EXECUTE|[22]
12:04:55.5 (106174974)|CONSTRUCTOR_EXIT|[56]|01pBK000001RGBP|<init>()|JobCardsController.JobWrapper
12:04:55.5 (106180544)|VARIABLE_SCOPE_BEGIN|[56]|wrapper|JobCardsController.JobWrapper|true|false
12:04:55.5 (106193798)|VARIABLE_ASSIGNMENT|[56]|wrapper|{}|0x888d8d8
12:04:55.5 (106197933)|STATEMENT_EXECUTE|[57]
12:04:55.5 (106278335)|VARIABLE_ASSIGNMENT|[57]|this.Id|"a0KBK00000GexdF2AR"|0x888d8d8
12:04:55.5 (106283860)|STATEMENT_EXECUTE|[58]
12:04:55.5 (106292555)|VARIABLE_ASSIGNMENT|[58]|this.JobPosition|"テスト424求人タイトル求人タイトル求人 (28 more) ..."|0x888d8d8
12:04:55.5 (106297628)|STATEMENT_EXECUTE|[59]
12:04:55.5 (106302941)|VARIABLE_ASSIGNMENT|[59]|this.WorkLocation2|null|0x888d8d8
12:04:55.5 (106307067)|STATEMENT_EXECUTE|[60]
12:04:55.5 (106312050)|VARIABLE_ASSIGNMENT|[60]|this.JobCategory1|"技術系（電気/電子/機械）"|0x888d8d8
12:04:55.5 (106316839)|STATEMENT_EXECUTE|[61]
12:04:55.5 (106326691)|VARIABLE_ASSIGNMENT|[61]|this.MaxAnnualSalary|350|0x888d8d8
12:04:55.5 (106330599)|STATEMENT_EXECUTE|[62]
12:04:55.5 (106336344)|VARIABLE_ASSIGNMENT|[62]|this.MinAnnualSalary|250|0x888d8d8
12:04:55.5 (106340884)|STATEMENT_EXECUTE|[63]
12:04:55.5 (106346713)|VARIABLE_ASSIGNMENT|[63]|this.JobDescription|"テスト424仕事内容仕事内容仕事内容仕事 (30 more) ..."|0x888d8d8
12:04:55.5 (106350744)|STATEMENT_EXECUTE|[64]
12:04:55.5 (106367511)|VARIABLE_ASSIGNMENT|[64]|this.LastModifiedDate|"2026-03-12T05:33:30.000Z"|0x888d8d8
12:04:55.5 (106371784)|STATEMENT_EXECUTE|[65]
12:04:55.5 (106380399)|VARIABLE_ASSIGNMENT|[65]|this.LastViewedDate|"2026-03-17T07:21:04.000Z"|0x888d8d8
12:04:55.5 (106385087)|STATEMENT_EXECUTE|[66]
12:04:55.5 (106399389)|HEAP_ALLOCATE|[66]|Bytes:5
12:04:55.5 (106404854)|VARIABLE_ASSIGNMENT|[66]|this.IsFavorite|false|0x888d8d8
12:04:55.5 (106408767)|STATEMENT_EXECUTE|[67]
12:04:55.5 (106414744)|HEAP_ALLOCATE|[EXTERNAL]|Bytes:4
12:04:55.5 (106426699)|HEAP_ALLOCATE|[55]|Bytes:5
12:04:55.5 (106438330)|HEAP_ALLOCATE|[55]|Bytes:36
12:04:55.5 (106444289)|VARIABLE_SCOPE_BEGIN|[55]|j|Job__c|true|false
12:04:55.5 (106513331)|VARIABLE_ASSIGNMENT|[55]|j|{"LastModifiedDate":"2026-03-09T05:51:50.000Z","JobPosition__c":"テスト403求人タイトル求人タイトル求人 (28 more) ...","LastViewedDate":"2026-03-18T09:45:24.000Z","Id":"a0KBK00000Gexcu2AB","MinAnnualSalary__c":900,"JobDescription__c":"テスト403仕事内容仕事内容仕事内容仕事 (30 more) ...","JobCategory1__c":"営業系","MaxAnnualSalary__c":600}|0x32e711bf
12:04:55.5 (106520325)|STATEMENT_EXECUTE|[55]
12:04:55.5 (106521169)|STATEMENT_EXECUTE|[56]
12:04:55.5 (106524109)|HEAP_ALLOCATE|[56]|Bytes:44
12:04:55.5 (106528437)|CONSTRUCTOR_ENTRY|[56]|01pBK000001RGBP|<init>()|JobCardsController.JobWrapper
12:04:55.5 (106532629)|VARIABLE_SCOPE_BEGIN|[12]|this|JobCardsController.JobWrapper|true|false
12:04:55.5 (106547860)|VARIABLE_ASSIGNMENT|[12]|this|{}|0x6d184456
12:04:55.5 (106558244)|STATEMENT_EXECUTE|[12]
12:04:55.5 (106559179)|STATEMENT_EXECUTE|[13]
12:04:55.5 (106559989)|STATEMENT_EXECUTE|[14]
12:04:55.5 (106560782)|STATEMENT_EXECUTE|[15]
12:04:55.5 (106561552)|STATEMENT_EXECUTE|[16]
12:04:55.5 (106562335)|STATEMENT_EXECUTE|[17]
12:04:55.5 (106563120)|STATEMENT_EXECUTE|[18]
12:04:55.5 (106563911)|STATEMENT_EXECUTE|[19]
12:04:55.5 (106564682)|STATEMENT_EXECUTE|[20]
12:04:55.5 (106565537)|STATEMENT_EXECUTE|[21]
12:04:55.5 (106566303)|STATEMENT_EXECUTE|[22]
12:04:55.5 (106568672)|CONSTRUCTOR_EXIT|[56]|01pBK000001RGBP|<init>()|JobCardsController.JobWrapper
12:04:55.5 (106571891)|VARIABLE_SCOPE_BEGIN|[56]|wrapper|JobCardsController.JobWrapper|true|false
12:04:55.5 (106578892)|VARIABLE_ASSIGNMENT|[56]|wrapper|{}|0x6d184456
12:04:55.5 (106581712)|STATEMENT_EXECUTE|[57]
12:04:55.5 (106631040)|VARIABLE_ASSIGNMENT|[57]|this.Id|"a0KBK00000Gexcu2AB"|0x6d184456
12:04:55.5 (106634039)|STATEMENT_EXECUTE|[58]
12:04:55.5 (106638824)|VARIABLE_ASSIGNMENT|[58]|this.JobPosition|"テスト403求人タイトル求人タイトル求人 (28 more) ..."|0x6d184456
12:04:55.5 (106642204)|STATEMENT_EXECUTE|[59]
12:04:55.5 (106649137)|VARIABLE_ASSIGNMENT|[59]|this.WorkLocation2|null|0x6d184456
12:04:55.5 (106651545)|STATEMENT_EXECUTE|[60]
12:04:55.5 (106654724)|VARIABLE_ASSIGNMENT|[60]|this.JobCategory1|"営業系"|0x6d184456
12:04:55.5 (106657478)|STATEMENT_EXECUTE|[61]
12:04:55.5 (106662776)|VARIABLE_ASSIGNMENT|[61]|this.MaxAnnualSalary|600|0x6d184456
12:04:55.5 (106665207)|STATEMENT_EXECUTE|[62]
12:04:55.5 (106668699)|VARIABLE_ASSIGNMENT|[62]|this.MinAnnualSalary|900|0x6d184456
12:04:55.5 (106671007)|STATEMENT_EXECUTE|[63]
12:04:55.5 (106674716)|VARIABLE_ASSIGNMENT|[63]|this.JobDescription|"テスト403仕事内容仕事内容仕事内容仕事 (30 more) ..."|0x6d184456
12:04:55.5 (106677589)|STATEMENT_EXECUTE|[64]
12:04:55.5 (106685804)|VARIABLE_ASSIGNMENT|[64]|this.LastModifiedDate|"2026-03-09T05:51:50.000Z"|0x6d184456
12:04:55.5 (106688461)|STATEMENT_EXECUTE|[65]
12:04:55.5 (106693724)|VARIABLE_ASSIGNMENT|[65]|this.LastViewedDate|"2026-03-18T09:45:24.000Z"|0x6d184456
12:04:55.5 (106696192)|STATEMENT_EXECUTE|[66]
12:04:55.5 (106703254)|HEAP_ALLOCATE|[66]|Bytes:5
12:04:55.5 (106706410)|VARIABLE_ASSIGNMENT|[66]|this.IsFavorite|true|0x6d184456
12:04:55.5 (106708928)|STATEMENT_EXECUTE|[67]
12:04:55.5 (106712129)|HEAP_ALLOCATE|[EXTERNAL]|Bytes:4
12:04:55.5 (106718357)|HEAP_ALLOCATE|[55]|Bytes:5
12:04:55.5 (106724725)|HEAP_ALLOCATE|[55]|Bytes:36
12:04:55.5 (106727661)|VARIABLE_SCOPE_BEGIN|[55]|j|Job__c|true|false
12:04:55.5 (106762817)|VARIABLE_ASSIGNMENT|[55]|j|{"LastModifiedDate":"2026-03-09T05:51:49.000Z","JobPosition__c":"テスト402求人タイトル求人タイトル求人 (28 more) ...","LastViewedDate":"2026-03-18T09:45:33.000Z","Id":"a0KBK00000Gexct2AB","MinAnnualSalary__c":500,"JobDescription__c":"テスト402仕事内容仕事内容仕事内容仕事 (30 more) ...","JobCategory1__c":"営業系","MaxAnnualSalary__c":400}|0x5dbede28
12:04:55.5 (106768942)|STATEMENT_EXECUTE|[55]
12:04:55.5 (106769763)|STATEMENT_EXECUTE|[56]
12:04:55.5 (106771707)|HEAP_ALLOCATE|[56]|Bytes:44
12:04:55.5 (106776160)|CONSTRUCTOR_ENTRY|[56]|01pBK000001RGBP|<init>()|JobCardsController.JobWrapper
12:04:55.5 (106780675)|VARIABLE_SCOPE_BEGIN|[12]|this|JobCardsController.JobWrapper|true|false
12:04:55.5 (106794310)|VARIABLE_ASSIGNMENT|[12]|this|{}|0x7ffc60c0
12:04:55.5 (106805039)|STATEMENT_EXECUTE|[12]
12:04:55.5 (106806305)|STATEMENT_EXECUTE|[13]
12:04:55.5 (106807638)|STATEMENT_EXECUTE|[14]
12:04:55.5 (106808898)|STATEMENT_EXECUTE|[15]
12:04:55.5 (106810119)|STATEMENT_EXECUTE|[16]
12:04:55.5 (106811123)|STATEMENT_EXECUTE|[17]
12:04:55.5 (106812115)|STATEMENT_EXECUTE|[18]
12:04:55.5 (106813384)|STATEMENT_EXECUTE|[19]
12:04:55.5 (106814565)|STATEMENT_EXECUTE|[20]
12:04:55.5 (106815904)|STATEMENT_EXECUTE|[21]
12:04:55.5 (106817121)|STATEMENT_EXECUTE|[22]
12:04:55.5 (106819648)|CONSTRUCTOR_EXIT|[56]|01pBK000001RGBP|<init>()|JobCardsController.JobWrapper
12:04:55.5 (106824111)|VARIABLE_SCOPE_BEGIN|[56]|wrapper|JobCardsController.JobWrapper|true|false
12:04:55.5 (106835391)|VARIABLE_ASSIGNMENT|[56]|wrapper|{}|0x7ffc60c0
12:04:55.5 (106839089)|STATEMENT_EXECUTE|[57]
12:04:55.5 (106884596)|VARIABLE_ASSIGNMENT|[57]|this.Id|"a0KBK00000Gexct2AB"|0x7ffc60c0
12:04:55.5 (106890262)|STATEMENT_EXECUTE|[58]
12:04:55.5 (106897522)|VARIABLE_ASSIGNMENT|[58]|this.JobPosition|"テスト402求人タイトル求人タイトル求人 (28 more) ..."|0x7ffc60c0
12:04:55.5 (106902140)|STATEMENT_EXECUTE|[59]
12:04:55.5 (106906578)|VARIABLE_ASSIGNMENT|[59]|this.WorkLocation2|null|0x7ffc60c0
12:04:55.5 (106910482)|STATEMENT_EXECUTE|[60]
12:04:55.5 (106915289)|VARIABLE_ASSIGNMENT|[60]|this.JobCategory1|"営業系"|0x7ffc60c0
12:04:55.5 (106919502)|STATEMENT_EXECUTE|[61]
12:04:55.5 (106926269)|VARIABLE_ASSIGNMENT|[61]|this.MaxAnnualSalary|400|0x7ffc60c0
12:04:55.5 (106930179)|STATEMENT_EXECUTE|[62]
12:04:55.5 (106935662)|VARIABLE_ASSIGNMENT|[62]|this.MinAnnualSalary|500|0x7ffc60c0
12:04:55.5 (106939384)|STATEMENT_EXECUTE|[63]
12:04:55.5 (106945202)|VARIABLE_ASSIGNMENT|[63]|this.JobDescription|"テスト402仕事内容仕事内容仕事内容仕事 (30 more) ..."|0x7ffc60c0
12:04:55.5 (106949692)|STATEMENT_EXECUTE|[64]
12:04:55.5 (106961719)|VARIABLE_ASSIGNMENT|[64]|this.LastModifiedDate|"2026-03-09T05:51:49.000Z"|0x7ffc60c0
12:04:55.5 (106965687)|STATEMENT_EXECUTE|[65]
12:04:55.5 (106972945)|VARIABLE_ASSIGNMENT|[65]|this.LastViewedDate|"2026-03-18T09:45:33.000Z"|0x7ffc60c0
12:04:55.5 (106977331)|STATEMENT_EXECUTE|[66]
12:04:55.5 (106988598)|HEAP_ALLOCATE|[66]|Bytes:5
12:04:55.5 (106993173)|VARIABLE_ASSIGNMENT|[66]|this.IsFavorite|false|0x7ffc60c0
12:04:55.5 (106996792)|STATEMENT_EXECUTE|[67]
12:04:55.5 (107001446)|HEAP_ALLOCATE|[EXTERNAL]|Bytes:4
12:04:55.5 (107011654)|HEAP_ALLOCATE|[55]|Bytes:5
12:04:55.5 (107020759)|HEAP_ALLOCATE|[55]|Bytes:40
12:04:55.5 (107025686)|VARIABLE_SCOPE_BEGIN|[55]|j|Job__c|true|false
12:04:55.5 (107096001)|VARIABLE_ASSIGNMENT|[55]|j|{"LastModifiedDate":"2026-03-06T01:15:09.000Z","JobPosition__c":"千代田区(東京) 設備積算・大手サブコン (18 more) ...","WorkLocation2__c":"東京都千代田区","LastViewedDate":"2026-03-17T05:57:19.000Z","Id":"a0KBK00000GezgH2AR","MinAnnualSalary__c":400,"JobDescription__c":"事務所ビルや商業施設、工場など、多様な建 (105 more) ...","JobCategory1__c":"営業系","MaxAnnualSalary__c":650}|0x126c389
12:04:55.5 (107106393)|STATEMENT_EXECUTE|[55]
12:04:55.5 (107107816)|STATEMENT_EXECUTE|[56]
12:04:55.5 (107110954)|HEAP_ALLOCATE|[56]|Bytes:44
12:04:55.5 (107116168)|CONSTRUCTOR_ENTRY|[56]|01pBK000001RGBP|<init>()|JobCardsController.JobWrapper
12:04:55.5 (107121976)|VARIABLE_SCOPE_BEGIN|[12]|this|JobCardsController.JobWrapper|true|false
12:04:55.5 (107140258)|VARIABLE_ASSIGNMENT|[12]|this|{}|0x7bc5a18e
12:04:55.5 (107153039)|STATEMENT_EXECUTE|[12]
12:04:55.5 (107154334)|STATEMENT_EXECUTE|[13]
12:04:55.5 (107155814)|STATEMENT_EXECUTE|[14]
12:04:55.5 (107156939)|STATEMENT_EXECUTE|[15]
12:04:55.5 (107158042)|STATEMENT_EXECUTE|[16]
12:04:55.5 (107159112)|STATEMENT_EXECUTE|[17]
12:04:55.5 (107160189)|STATEMENT_EXECUTE|[18]
12:04:55.5 (107161264)|STATEMENT_EXECUTE|[19]
12:04:55.5 (107162355)|STATEMENT_EXECUTE|[20]
12:04:55.5 (107163504)|STATEMENT_EXECUTE|[21]
12:04:55.5 (107164575)|STATEMENT_EXECUTE|[22]
12:04:55.5 (107167679)|CONSTRUCTOR_EXIT|[56]|01pBK000001RGBP|<init>()|JobCardsController.JobWrapper
12:04:55.5 (107172672)|VARIABLE_SCOPE_BEGIN|[56]|wrapper|JobCardsController.JobWrapper|true|false
12:04:55.5 (107186490)|VARIABLE_ASSIGNMENT|[56]|wrapper|{}|0x7bc5a18e
12:04:55.5 (107190762)|STATEMENT_EXECUTE|[57]
12:04:55.5 (107253152)|VARIABLE_ASSIGNMENT|[57]|this.Id|"a0KBK00000GezgH2AR"|0x7bc5a18e
12:04:55.5 (107258609)|STATEMENT_EXECUTE|[58]
12:04:55.5 (107266829)|VARIABLE_ASSIGNMENT|[58]|this.JobPosition|"千代田区(東京) 設備積算・大手サブコン (18 more) ..."|0x7bc5a18e
12:04:55.5 (107271914)|STATEMENT_EXECUTE|[59]
12:04:55.5 (107277206)|VARIABLE_ASSIGNMENT|[59]|this.WorkLocation2|"東京都千代田区"|0x7bc5a18e
12:04:55.5 (107281213)|STATEMENT_EXECUTE|[60]
12:04:55.5 (107285143)|VARIABLE_ASSIGNMENT|[60]|this.JobCategory1|"営業系"|0x7bc5a18e
12:04:55.5 (107288839)|STATEMENT_EXECUTE|[61]
12:04:55.5 (107297364)|VARIABLE_ASSIGNMENT|[61]|this.MaxAnnualSalary|650|0x7bc5a18e
12:04:55.5 (107301241)|STATEMENT_EXECUTE|[62]
12:04:55.5 (107305159)|VARIABLE_ASSIGNMENT|[62]|this.MinAnnualSalary|400|0x7bc5a18e
12:04:55.5 (107307649)|STATEMENT_EXECUTE|[63]
12:04:55.5 (107311585)|VARIABLE_ASSIGNMENT|[63]|this.JobDescription|"事務所ビルや商業施設、工場など、多様な建 (105 more) ..."|0x7bc5a18e
12:04:55.5 (107314795)|STATEMENT_EXECUTE|[64]
12:04:55.5 (107326416)|VARIABLE_ASSIGNMENT|[64]|this.LastModifiedDate|"2026-03-06T01:15:09.000Z"|0x7bc5a18e
12:04:55.5 (107329306)|STATEMENT_EXECUTE|[65]
12:04:55.5 (107334452)|VARIABLE_ASSIGNMENT|[65]|this.LastViewedDate|"2026-03-17T05:57:19.000Z"|0x7bc5a18e
12:04:55.5 (107336874)|STATEMENT_EXECUTE|[66]
12:04:55.5 (107346610)|HEAP_ALLOCATE|[66]|Bytes:5
12:04:55.5 (107350062)|VARIABLE_ASSIGNMENT|[66]|this.IsFavorite|false|0x7bc5a18e
12:04:55.5 (107352714)|STATEMENT_EXECUTE|[67]
12:04:55.5 (107356610)|HEAP_ALLOCATE|[EXTERNAL]|Bytes:4
12:04:55.5 (107364137)|HEAP_ALLOCATE|[55]|Bytes:5
12:04:55.5 (107370638)|HEAP_ALLOCATE|[55]|Bytes:36
12:04:55.5 (107374084)|VARIABLE_SCOPE_BEGIN|[55]|j|Job__c|true|false
12:04:55.5 (107422662)|VARIABLE_ASSIGNMENT|[55]|j|{"LastModifiedDate":"2026-02-06T01:25:17.000Z","JobPosition__c":"テスト467求人タイトル求人タイトル求人 (28 more) ...","LastViewedDate":"2026-03-03T09:55:23.000Z","Id":"a0KBK00000Gexdw2AB","MinAnnualSalary__c":216,"JobDescription__c":"テスト467仕事内容仕事内容仕事内容仕事 (30 more) ...","JobCategory1__c":"管理部門/事務系","MaxAnnualSalary__c":0}|0x4019d51d
12:04:55.5 (107429514)|STATEMENT_EXECUTE|[55]
12:04:55.5 (107430504)|STATEMENT_EXECUTE|[56]
12:04:55.5 (107432855)|HEAP_ALLOCATE|[56]|Bytes:44
12:04:55.5 (107436308)|CONSTRUCTOR_ENTRY|[56]|01pBK000001RGBP|<init>()|JobCardsController.JobWrapper
12:04:55.5 (107439970)|VARIABLE_SCOPE_BEGIN|[12]|this|JobCardsController.JobWrapper|true|false
12:04:55.5 (107450581)|VARIABLE_ASSIGNMENT|[12]|this|{}|0x35c5e836
12:04:55.5 (107459391)|STATEMENT_EXECUTE|[12]
12:04:55.5 (107460287)|STATEMENT_EXECUTE|[13]
12:04:55.5 (107461121)|STATEMENT_EXECUTE|[14]
12:04:55.5 (107461900)|STATEMENT_EXECUTE|[15]
12:04:55.5 (107462683)|STATEMENT_EXECUTE|[16]
12:04:55.5 (107463490)|STATEMENT_EXECUTE|[17]
12:04:55.5 (107464263)|STATEMENT_EXECUTE|[18]
12:04:55.5 (107465031)|STATEMENT_EXECUTE|[19]
12:04:55.5 (107465816)|STATEMENT_EXECUTE|[20]
12:04:55.5 (107466749)|STATEMENT_EXECUTE|[21]
12:04:55.5 (107467538)|STATEMENT_EXECUTE|[22]
12:04:55.5 (107469329)|CONSTRUCTOR_EXIT|[56]|01pBK000001RGBP|<init>()|JobCardsController.JobWrapper
12:04:55.5 (107472267)|VARIABLE_SCOPE_BEGIN|[56]|wrapper|JobCardsController.JobWrapper|true|false
12:04:55.5 (107479103)|VARIABLE_ASSIGNMENT|[56]|wrapper|{}|0x35c5e836
12:04:55.5 (107481674)|STATEMENT_EXECUTE|[57]
12:04:55.5 (107515304)|VARIABLE_ASSIGNMENT|[57]|this.Id|"a0KBK00000Gexdw2AB"|0x35c5e836
12:04:55.5 (107518216)|STATEMENT_EXECUTE|[58]
12:04:55.5 (107522852)|VARIABLE_ASSIGNMENT|[58]|this.JobPosition|"テスト467求人タイトル求人タイトル求人 (28 more) ..."|0x35c5e836
12:04:55.5 (107525932)|STATEMENT_EXECUTE|[59]
12:04:55.5 (107529101)|VARIABLE_ASSIGNMENT|[59]|this.WorkLocation2|null|0x35c5e836
12:04:55.5 (107531552)|STATEMENT_EXECUTE|[60]
12:04:55.5 (107534574)|VARIABLE_ASSIGNMENT|[60]|this.JobCategory1|"管理部門/事務系"|0x35c5e836
12:04:55.5 (107537347)|STATEMENT_EXECUTE|[61]
12:04:55.5 (107557544)|HEAP_ALLOCATE|[61]|Bytes:28
12:04:55.5 (107561640)|VARIABLE_ASSIGNMENT|[61]|this.MaxAnnualSalary|0|0x35c5e836
12:04:55.5 (107615678)|STATEMENT_EXECUTE|[62]
12:04:55.5 (107622541)|VARIABLE_ASSIGNMENT|[62]|this.MinAnnualSalary|216|0x35c5e836
12:04:55.5 (107626605)|STATEMENT_EXECUTE|[63]
12:04:55.5 (107632210)|VARIABLE_ASSIGNMENT|[63]|this.JobDescription|"テスト467仕事内容仕事内容仕事内容仕事 (30 more) ..."|0x35c5e836
12:04:55.5 (107636416)|STATEMENT_EXECUTE|[64]
12:04:55.5 (107648099)|VARIABLE_ASSIGNMENT|[64]|this.LastModifiedDate|"2026-02-06T01:25:17.000Z"|0x35c5e836
12:04:55.5 (107652224)|STATEMENT_EXECUTE|[65]
12:04:55.5 (107659739)|VARIABLE_ASSIGNMENT|[65]|this.LastViewedDate|"2026-03-03T09:55:23.000Z"|0x35c5e836
12:04:55.5 (107663539)|STATEMENT_EXECUTE|[66]
12:04:55.5 (107673684)|HEAP_ALLOCATE|[66]|Bytes:5
12:04:55.5 (107677813)|VARIABLE_ASSIGNMENT|[66]|this.IsFavorite|false|0x35c5e836
12:04:55.5 (107681461)|STATEMENT_EXECUTE|[67]
12:04:55.5 (107685916)|HEAP_ALLOCATE|[EXTERNAL]|Bytes:4
12:04:55.5 (107695211)|HEAP_ALLOCATE|[55]|Bytes:5
12:04:55.5 (107703974)|HEAP_ALLOCATE|[55]|Bytes:36
12:04:55.5 (107709659)|VARIABLE_SCOPE_BEGIN|[55]|j|Job__c|true|false
12:04:55.5 (107769017)|VARIABLE_ASSIGNMENT|[55]|j|{"LastModifiedDate":"2026-02-05T00:50:25.000Z","JobPosition__c":"テスト297求人タイトル求人タイトル求人 (28 more) ...","LastViewedDate":"2026-03-28T05:28:09.000Z","Id":"a0KBK00000Gezpx2AB","MinAnnualSalary__c":350,"JobDescription__c":"テスト297仕事内容仕事内容仕事内容仕事 (30 more) ...","JobCategory1__c":"IT系（ソフトウェア/ネットワーク）","MaxAnnualSalary__c":600}|0x4a795e48
12:04:55.5 (107775724)|STATEMENT_EXECUTE|[55]
12:04:55.5 (107776641)|STATEMENT_EXECUTE|[56]
12:04:55.5 (107779164)|HEAP_ALLOCATE|[56]|Bytes:44
12:04:55.5 (107782923)|CONSTRUCTOR_ENTRY|[56]|01pBK000001RGBP|<init>()|JobCardsController.JobWrapper
12:04:55.5 (107786445)|VARIABLE_SCOPE_BEGIN|[12]|this|JobCardsController.JobWrapper|true|false
12:04:55.5 (107797862)|VARIABLE_ASSIGNMENT|[12]|this|{}|0x1ad0302c
12:04:55.5 (107806465)|STATEMENT_EXECUTE|[12]
12:04:55.5 (107807410)|STATEMENT_EXECUTE|[13]
12:04:55.5 (107808222)|STATEMENT_EXECUTE|[14]
12:04:55.5 (107809029)|STATEMENT_EXECUTE|[15]
12:04:55.5 (107809939)|STATEMENT_EXECUTE|[16]
12:04:55.5 (107810736)|STATEMENT_EXECUTE|[17]
12:04:55.5 (107811509)|STATEMENT_EXECUTE|[18]
12:04:55.5 (107812288)|STATEMENT_EXECUTE|[19]
12:04:55.5 (107813064)|STATEMENT_EXECUTE|[20]
12:04:55.5 (107813898)|STATEMENT_EXECUTE|[21]
12:04:55.5 (107814664)|STATEMENT_EXECUTE|[22]
12:04:55.5 (107816489)|CONSTRUCTOR_EXIT|[56]|01pBK000001RGBP|<init>()|JobCardsController.JobWrapper
12:04:55.5 (107819461)|VARIABLE_SCOPE_BEGIN|[56]|wrapper|JobCardsController.JobWrapper|true|false
12:04:55.5 (107826375)|VARIABLE_ASSIGNMENT|[56]|wrapper|{}|0x1ad0302c
12:04:55.5 (107828944)|STATEMENT_EXECUTE|[57]
12:04:55.5 (107866040)|VARIABLE_ASSIGNMENT|[57]|this.Id|"a0KBK00000Gezpx2AB"|0x1ad0302c
12:04:55.5 (107869084)|STATEMENT_EXECUTE|[58]
12:04:55.5 (107873401)|VARIABLE_ASSIGNMENT|[58]|this.JobPosition|"テスト297求人タイトル求人タイトル求人 (28 more) ..."|0x1ad0302c
12:04:55.5 (107876291)|STATEMENT_EXECUTE|[59]
12:04:55.5 (107879375)|VARIABLE_ASSIGNMENT|[59]|this.WorkLocation2|null|0x1ad0302c
12:04:55.5 (107881762)|STATEMENT_EXECUTE|[60]
12:04:55.5 (107885511)|VARIABLE_ASSIGNMENT|[60]|this.JobCategory1|"IT系（ソフトウェア/ネットワーク）"|0x1ad0302c
12:04:55.5 (107888362)|STATEMENT_EXECUTE|[61]
12:04:55.5 (107892941)|VARIABLE_ASSIGNMENT|[61]|this.MaxAnnualSalary|600|0x1ad0302c
12:04:55.5 (107895371)|STATEMENT_EXECUTE|[62]
12:04:55.5 (107898653)|VARIABLE_ASSIGNMENT|[62]|this.MinAnnualSalary|350|0x1ad0302c
12:04:55.5 (107900959)|STATEMENT_EXECUTE|[63]
12:04:55.5 (107904511)|VARIABLE_ASSIGNMENT|[63]|this.JobDescription|"テスト297仕事内容仕事内容仕事内容仕事 (30 more) ..."|0x1ad0302c
12:04:55.5 (107907357)|STATEMENT_EXECUTE|[64]
12:04:55.5 (107914524)|VARIABLE_ASSIGNMENT|[64]|this.LastModifiedDate|"2026-02-05T00:50:25.000Z"|0x1ad0302c
12:04:55.5 (107917019)|STATEMENT_EXECUTE|[65]
12:04:55.5 (107921839)|VARIABLE_ASSIGNMENT|[65]|this.LastViewedDate|"2026-03-28T05:28:09.000Z"|0x1ad0302c
12:04:55.5 (107924312)|STATEMENT_EXECUTE|[66]
12:04:55.5 (107930792)|HEAP_ALLOCATE|[66]|Bytes:5
12:04:55.5 (107933574)|VARIABLE_ASSIGNMENT|[66]|this.IsFavorite|false|0x1ad0302c
12:04:55.5 (107936077)|STATEMENT_EXECUTE|[67]
12:04:55.5 (107939169)|HEAP_ALLOCATE|[EXTERNAL]|Bytes:4
12:04:55.5 (107944963)|HEAP_ALLOCATE|[55]|Bytes:5
12:04:55.5 (107950141)|HEAP_ALLOCATE|[55]|Bytes:36
12:04:55.5 (107953217)|VARIABLE_SCOPE_BEGIN|[55]|j|Job__c|true|false
12:04:55.5 (107986874)|VARIABLE_ASSIGNMENT|[55]|j|{"LastModifiedDate":"2026-02-05T00:49:22.000Z","JobPosition__c":"テスト407求人タイトル求人タイトル求人 (28 more) ...","LastViewedDate":"2026-03-18T09:45:42.000Z","Id":"a0KBK00000Gexcy2AB","MinAnnualSalary__c":350,"JobDescription__c":"テスト407仕事内容仕事内容仕事内容仕事 (30 more) ...","JobCategory1__c":"営業系","MaxAnnualSalary__c":450}|0x619d86b1
12:04:55.5 (107994869)|STATEMENT_EXECUTE|[55]
12:04:55.5 (107995959)|STATEMENT_EXECUTE|[56]
12:04:55.5 (107998392)|HEAP_ALLOCATE|[56]|Bytes:44
12:04:55.5 (108002742)|CONSTRUCTOR_ENTRY|[56]|01pBK000001RGBP|<init>()|JobCardsController.JobWrapper
12:04:55.5 (108008249)|VARIABLE_SCOPE_BEGIN|[12]|this|JobCardsController.JobWrapper|true|false
12:04:55.5 (108020884)|VARIABLE_ASSIGNMENT|[12]|this|{}|0x636b9d6
12:04:55.5 (108031224)|STATEMENT_EXECUTE|[12]
12:04:55.5 (108046034)|STATEMENT_EXECUTE|[13]
12:04:55.5 (108047203)|STATEMENT_EXECUTE|[14]
12:04:55.5 (108048461)|STATEMENT_EXECUTE|[15]
12:04:55.5 (108049458)|STATEMENT_EXECUTE|[16]
12:04:55.5 (108050589)|STATEMENT_EXECUTE|[17]
12:04:55.5 (108051733)|STATEMENT_EXECUTE|[18]
12:04:55.5 (108052937)|STATEMENT_EXECUTE|[19]
12:04:55.5 (108054207)|STATEMENT_EXECUTE|[20]
12:04:55.5 (108055354)|STATEMENT_EXECUTE|[21]
12:04:55.5 (108056337)|STATEMENT_EXECUTE|[22]
12:04:55.5 (108059282)|CONSTRUCTOR_EXIT|[56]|01pBK000001RGBP|<init>()|JobCardsController.JobWrapper
12:04:55.5 (108063829)|VARIABLE_SCOPE_BEGIN|[56]|wrapper|JobCardsController.JobWrapper|true|false
12:04:55.5 (108076562)|VARIABLE_ASSIGNMENT|[56]|wrapper|{}|0x636b9d6
12:04:55.5 (108080422)|STATEMENT_EXECUTE|[57]
12:04:55.5 (108131629)|VARIABLE_ASSIGNMENT|[57]|this.Id|"a0KBK00000Gexcy2AB"|0x636b9d6
12:04:55.5 (108137479)|STATEMENT_EXECUTE|[58]
12:04:55.5 (108145728)|VARIABLE_ASSIGNMENT|[58]|this.JobPosition|"テスト407求人タイトル求人タイトル求人 (28 more) ..."|0x636b9d6
12:04:55.5 (108151199)|STATEMENT_EXECUTE|[59]
12:04:55.5 (108155981)|VARIABLE_ASSIGNMENT|[59]|this.WorkLocation2|null|0x636b9d6
12:04:55.5 (108159850)|STATEMENT_EXECUTE|[60]
12:04:55.5 (108164927)|VARIABLE_ASSIGNMENT|[60]|this.JobCategory1|"営業系"|0x636b9d6
12:04:55.5 (108169894)|STATEMENT_EXECUTE|[61]
12:04:55.5 (108179969)|VARIABLE_ASSIGNMENT|[61]|this.MaxAnnualSalary|450|0x636b9d6
12:04:55.5 (108183993)|STATEMENT_EXECUTE|[62]
12:04:55.5 (108189956)|VARIABLE_ASSIGNMENT|[62]|this.MinAnnualSalary|350|0x636b9d6
12:04:55.5 (108193709)|STATEMENT_EXECUTE|[63]
12:04:55.5 (108200034)|VARIABLE_ASSIGNMENT|[63]|this.JobDescription|"テスト407仕事内容仕事内容仕事内容仕事 (30 more) ..."|0x636b9d6
12:04:55.5 (108204924)|STATEMENT_EXECUTE|[64]
12:04:55.5 (108220624)|VARIABLE_ASSIGNMENT|[64]|this.LastModifiedDate|"2026-02-05T00:49:22.000Z"|0x636b9d6
12:04:55.5 (108225183)|STATEMENT_EXECUTE|[65]
12:04:55.5 (108234117)|VARIABLE_ASSIGNMENT|[65]|this.LastViewedDate|"2026-03-18T09:45:42.000Z"|0x636b9d6
12:04:55.5 (108238189)|STATEMENT_EXECUTE|[66]
12:04:55.5 (108251187)|HEAP_ALLOCATE|[66]|Bytes:5
12:04:55.5 (108256234)|VARIABLE_ASSIGNMENT|[66]|this.IsFavorite|false|0x636b9d6
12:04:55.5 (108259909)|STATEMENT_EXECUTE|[67]
12:04:55.5 (108265338)|HEAP_ALLOCATE|[EXTERNAL]|Bytes:4
12:04:55.5 (108276244)|HEAP_ALLOCATE|[55]|Bytes:5
12:04:55.5 (108285963)|VARIABLE_ASSIGNMENT|[55]|j|null|
12:04:55.5 (108290013)|STATEMENT_EXECUTE|[69]
12:04:55.108 (108364892)|CUMULATIVE_LIMIT_USAGE
12:04:55.108 (108364892)|LIMIT_USAGE_FOR_NS|(default)|
  Number of SOQL queries: 2 out of 100
  Number of query rows: 14 out of 50000
  Number of SOSL queries: 0 out of 20
  Number of DML statements: 0 out of 150
  Number of Publish Immediate DML: 0 out of 150
  Number of DML rows: 0 out of 10000
  Maximum CPU time: 0 out of 10000
  Maximum heap size: 0 out of 6000000
  Number of callouts: 0 out of 100
  Number of Email Invocations: 0 out of 10
  Number of future calls: 0 out of 50
  Number of queueable jobs added to the queue: 0 out of 50
  Number of Mobile Apex push calls: 0 out of 10

12:04:55.108 (108364892)|CUMULATIVE_LIMIT_USAGE_END

12:04:55.5 (108432877)|CODE_UNIT_FINISHED|JobCardsController.getJobs()
12:04:55.5 (108686458)|CODE_UNIT_FINISHED|apex://JobCardsController/ACTION$getJobs
12:04:55.5 (108697784)|EXECUTION_FINISHED
