66.0 APEX_CODE,FINEST;APEX_PROFILING,INFO;CALLOUT,INFO;DATA_ACCESS,INFO;DB,INFO;NBA,INFO;SYSTEM,DEBUG;VALIDATION,INFO;VISUALFORCE,INFO;WAVE,INFO;WORKFLOW,INFO
17:39:48.0 (205520)|USER_INFO|[EXTERNAL]|0057F0000042UBb|ishibashi@hurex.co.jp.dev1|(GMT+09:00) 日本標準時 (Asia/Tokyo)|GMT+09:00
17:39:48.0 (238286)|EXECUTION_STARTED
17:39:48.0 (253689)|CODE_UNIT_STARTED|[EXTERNAL]|apex://JobCardsController/ACTION$getJobs
17:39:48.0 (916288)|CODE_UNIT_STARTED|[EXTERNAL]|01pBK000001RGBP|JobCardsController.getJobs()
17:39:48.0 (1275804)|HEAP_ALLOCATE|[95]|Bytes:3
17:39:48.0 (1367505)|HEAP_ALLOCATE|[100]|Bytes:152
17:39:48.0 (1384764)|HEAP_ALLOCATE|[417]|Bytes:408
17:39:48.0 (1395796)|HEAP_ALLOCATE|[430]|Bytes:408
17:39:48.0 (1415984)|HEAP_ALLOCATE|[317]|Bytes:6
17:39:48.0 (1427070)|HEAP_ALLOCATE|[EXTERNAL]|Bytes:10
17:39:48.0 (1431580)|HEAP_ALLOCATE|[EXTERNAL]|Bytes:5
17:39:48.0 (1434622)|HEAP_ALLOCATE|[EXTERNAL]|Bytes:3
17:39:48.0 (1446808)|METHOD_ENTRY|[6]|01pBK000001RGBP|JobCardsController.JobCardsController()
17:39:48.0 (1452090)|STATEMENT_EXECUTE|[6]
17:39:48.0 (1457929)|STATEMENT_EXECUTE|[6]
17:39:48.0 (1476615)|HEAP_ALLOCATE|[68]|Bytes:5
17:39:48.0 (1501789)|HEAP_ALLOCATE|[74]|Bytes:5
17:39:48.0 (1506966)|HEAP_ALLOCATE|[82]|Bytes:7
17:39:48.0 (1659162)|HEAP_ALLOCATE|[EXTERNAL]|Bytes:5
17:39:48.0 (1662830)|STATEMENT_EXECUTE|[12]
17:39:48.0 (1672286)|METHOD_EXIT|[6]|JobCardsController
17:39:48.0 (1682823)|HEAP_ALLOCATE|[35]|Bytes:5
17:39:48.0 (1685594)|STATEMENT_EXECUTE|[33]
17:39:48.0 (1686667)|STATEMENT_EXECUTE|[35]
17:39:48.0 (1702405)|HEAP_ALLOCATE|[35]|Bytes:4
17:39:48.0 (1759987)|VARIABLE_SCOPE_BEGIN|[35]|favoriteJobIds|Set<Id>|true|false
17:39:48.0 (1827236)|VARIABLE_ASSIGNMENT|[35]|favoriteJobIds|[]|0x4ae48639
17:39:48.0 (1833781)|HEAP_ALLOCATE|[36]|Bytes:91
17:39:48.0 (1848745)|HEAP_ALLOCATE|[36]|Bytes:4
17:39:48.0 (1856080)|HEAP_ALLOCATE|[36]|Bytes:7
17:39:48.0 (1886006)|HEAP_ALLOCATE|[38]|Bytes:105
17:39:48.0 (1891600)|SYSTEM_METHOD_ENTRY|[1]|UserInfo.UserInfo()
17:39:48.0 (1893739)|STATEMENT_EXECUTE|[1]
17:39:48.0 (1898031)|SYSTEM_METHOD_EXIT|[1]|UserInfo
17:39:48.0 (1907577)|METHOD_ENTRY|[38]||System.UserInfo.getUserId()
17:39:48.0 (7107696)|METHOD_EXIT|[38]||System.UserInfo.getUserId()
17:39:48.0 (9894907)|SOQL_EXECUTE_BEGIN|[36]|Aggregations:0|SELECT Job__c FROM InterestedJob__c WHERE (CreatedById = :tmpVar1 AND IsArchive__c = FALSE)
17:39:48.0 (19743381)|SOQL_EXECUTE_END|[36]|Rows:4
17:39:48.0 (19791014)|HEAP_ALLOCATE|[EXTERNAL]|Bytes:20
17:39:48.0 (20048442)|HEAP_ALLOCATE|[36]|Bytes:54
17:39:48.0 (20061394)|HEAP_ALLOCATE|[36]|Bytes:8
17:39:48.0 (20076861)|SYSTEM_METHOD_ENTRY|[7]|QueryLocatorIterator.QueryLocatorIterator()
17:39:48.0 (20082212)|STATEMENT_EXECUTE|[7]
17:39:48.0 (20096928)|SYSTEM_METHOD_EXIT|[7]|QueryLocatorIterator
17:39:48.0 (20108171)|HEAP_ALLOCATE|[36]|Bytes:28
17:39:48.0 (20212469)|HEAP_ALLOCATE|[36]|Bytes:20
17:39:48.0 (20227551)|HEAP_ALLOCATE|[36]|Bytes:8
17:39:48.0 (20230130)|HEAP_ALLOCATE|[36]|Bytes:8
17:39:48.0 (20236924)|VARIABLE_SCOPE_BEGIN|[15]|this|Database.QueryLocatorIterator|true|false
17:39:48.0 (20297044)|VARIABLE_ASSIGNMENT|[15]|this|{}|0x3a662699
17:39:48.0 (20303150)|VARIABLE_SCOPE_BEGIN|[15]|values|List<SObject>|true|false
17:39:48.0 (20451138)|VARIABLE_ASSIGNMENT|[15]|values|[{"Job__c":"a0KBK00000Gexcs2AB","Id":"a0OBK000004najC2AQ"},{"Job__c":"a0KBK00000Gexdg2AB","Id":"a0OBK000004nbNV2AY"},{"Job__c":"a0KBK00000Gexcu2AB","Id":"a0OBK000004v8wE2AQ"},{"Job__c":"a0KBK00000GezgQ2AR","Id":"a0OBK0000050riz2AA"}]|0xdc8d9bd
17:39:48.0 (20458753)|VARIABLE_SCOPE_BEGIN|[15]|ql|Database.QueryLocator|true|false
17:39:48.0 (20476385)|VARIABLE_ASSIGNMENT|[15]|ql|{"query":"SELECT Job__c FROM I (71 more) ..."}|0x237a5c9e
17:39:48.0 (20479618)|VARIABLE_SCOPE_BEGIN|[15]|totalNumRecords|Integer|false|false
17:39:48.0 (20486706)|VARIABLE_ASSIGNMENT|[15]|totalNumRecords|4
17:39:48.0 (20489250)|VARIABLE_SCOPE_BEGIN|[15]|queryMoreSize|Integer|false|false
17:39:48.0 (20498803)|VARIABLE_ASSIGNMENT|[15]|queryMoreSize|49996
17:39:48.0 (20578306)|HEAP_ALLOCATE|[36]|Bytes:28
17:39:48.0 (20603561)|METHOD_ENTRY|[36]||Database.QueryLocatorIterator.hasNext()
17:39:48.0 (20694812)|METHOD_EXIT|[36]||Database.QueryLocatorIterator.hasNext()
17:39:48.0 (20700018)|METHOD_ENTRY|[36]||Database.QueryLocatorIterator.next()
17:39:48.0 (20756883)|METHOD_EXIT|[36]||Database.QueryLocatorIterator.next()
17:39:48.0 (20762375)|VARIABLE_SCOPE_BEGIN|[36]|fav|InterestedJob__c|true|false
17:39:48.0 (20790812)|VARIABLE_ASSIGNMENT|[36]|fav|{"Job__c":"a0KBK00000Gexcs2AB","Id":"a0OBK000004najC2AQ"}|0x5772ed71
17:39:48.0 (20795951)|STATEMENT_EXECUTE|[39]
17:39:48.0 (20797252)|STATEMENT_EXECUTE|[40]
17:39:48.0 (20862697)|HEAP_ALLOCATE|[EXTERNAL]|Bytes:4
17:39:48.0 (20872280)|METHOD_ENTRY|[36]||Database.QueryLocatorIterator.hasNext()
17:39:48.0 (20882695)|METHOD_EXIT|[36]||Database.QueryLocatorIterator.hasNext()
17:39:48.0 (20885207)|METHOD_ENTRY|[36]||Database.QueryLocatorIterator.next()
17:39:48.0 (20907964)|METHOD_EXIT|[36]||Database.QueryLocatorIterator.next()
17:39:48.0 (20910805)|VARIABLE_SCOPE_BEGIN|[36]|fav|InterestedJob__c|true|false
17:39:48.0 (20928371)|VARIABLE_ASSIGNMENT|[36]|fav|{"Job__c":"a0KBK00000Gexdg2AB","Id":"a0OBK000004nbNV2AY"}|0x1c3cc313
17:39:48.0 (20931633)|STATEMENT_EXECUTE|[39]
17:39:48.0 (20932490)|STATEMENT_EXECUTE|[40]
17:39:48.0 (20938431)|HEAP_ALLOCATE|[EXTERNAL]|Bytes:4
17:39:48.0 (20942424)|METHOD_ENTRY|[36]||Database.QueryLocatorIterator.hasNext()
17:39:48.0 (20951031)|METHOD_EXIT|[36]||Database.QueryLocatorIterator.hasNext()
17:39:48.0 (20953453)|METHOD_ENTRY|[36]||Database.QueryLocatorIterator.next()
17:39:48.0 (20972495)|METHOD_EXIT|[36]||Database.QueryLocatorIterator.next()
17:39:48.0 (20974737)|VARIABLE_SCOPE_BEGIN|[36]|fav|InterestedJob__c|true|false
17:39:48.0 (20986860)|VARIABLE_ASSIGNMENT|[36]|fav|{"Job__c":"a0KBK00000Gexcu2AB","Id":"a0OBK000004v8wE2AQ"}|0x6d53e2a6
17:39:48.0 (20989809)|STATEMENT_EXECUTE|[39]
17:39:48.0 (20990692)|STATEMENT_EXECUTE|[40]
17:39:48.0 (20994413)|HEAP_ALLOCATE|[EXTERNAL]|Bytes:4
17:39:48.0 (20998167)|METHOD_ENTRY|[36]||Database.QueryLocatorIterator.hasNext()
17:39:48.0 (21006184)|METHOD_EXIT|[36]||Database.QueryLocatorIterator.hasNext()
17:39:48.0 (21009710)|METHOD_ENTRY|[36]||Database.QueryLocatorIterator.next()
17:39:48.0 (21028441)|METHOD_EXIT|[36]||Database.QueryLocatorIterator.next()
17:39:48.0 (21030666)|VARIABLE_SCOPE_BEGIN|[36]|fav|InterestedJob__c|true|false
17:39:48.0 (21041671)|VARIABLE_ASSIGNMENT|[36]|fav|{"Job__c":"a0KBK00000GezgQ2AR","Id":"a0OBK0000050riz2AA"}|0x6b2a525d
17:39:48.0 (21044475)|STATEMENT_EXECUTE|[39]
17:39:48.0 (21045258)|STATEMENT_EXECUTE|[40]
17:39:48.0 (21048861)|HEAP_ALLOCATE|[EXTERNAL]|Bytes:4
17:39:48.0 (21052718)|METHOD_ENTRY|[36]||Database.QueryLocatorIterator.hasNext()
17:39:48.0 (21058744)|METHOD_EXIT|[36]||Database.QueryLocatorIterator.hasNext()
17:39:48.0 (21062664)|VARIABLE_ASSIGNMENT|[36]|fav|null|
17:39:48.0 (21080970)|STATEMENT_EXECUTE|[44]
17:39:48.0 (21083788)|HEAP_ALLOCATE|[44]|Bytes:217
17:39:48.0 (21103538)|HEAP_ALLOCATE|[44]|Bytes:4
17:39:48.0 (24043836)|SOQL_EXECUTE_BEGIN|[44]|Aggregations:0|SELECT Id, JobPosition__c, WorkLocation2__c, JobCategory1__c, MaxAnnualSalary__c, MinAnnualSalary__c, JobDescription__c, LastModifiedDate, LastViewedDate FROM Job__c ORDER BY LastModifiedDate DESC NULLS FIRST LIMIT 10
17:39:48.0 (40637067)|SOQL_EXECUTE_END|[44]|Rows:10
17:39:48.0 (40685337)|HEAP_ALLOCATE|[44]|Bytes:44
17:39:48.0 (40717567)|HEAP_ALLOCATE|[44]|Bytes:4083
17:39:48.0 (40849543)|HEAP_ALLOCATE|[44]|Bytes:44
17:39:48.0 (40874841)|VARIABLE_SCOPE_BEGIN|[44]|jobs|List<Job__c>|true|false
17:39:48.0 (40910074)|VARIABLE_ASSIGNMENT|[44]|jobs|"List of size 10 too large to display"|0x4712afd0
17:39:48.0 (40917994)|STATEMENT_EXECUTE|[54]
17:39:48.0 (40932058)|HEAP_ALLOCATE|[54]|Bytes:4
17:39:48.0 (41044026)|VARIABLE_SCOPE_BEGIN|[54]|result|List<JobCardsController.JobWrapper>|true|false
17:39:48.0 (41077286)|HEAP_ALLOCATE|[EXTERNAL]|Bytes:4
17:39:48.0 (41094503)|VARIABLE_ASSIGNMENT|[54]|result|[]|0x385bfd8e
17:39:48.0 (41299142)|HEAP_ALLOCATE|[55]|Bytes:5
17:39:48.0 (41335639)|HEAP_ALLOCATE|[55]|Bytes:32
17:39:48.0 (41345754)|VARIABLE_SCOPE_BEGIN|[55]|j|Job__c|true|false
17:39:48.0 (41492101)|VARIABLE_ASSIGNMENT|[55]|j|{"LastModifiedDate":"2026-04-02T02:54:44.000Z","JobPosition__c":"テスト451求人タイトル求人タイトル求人 (235 more) ...","WorkLocation2__c":"444444","LastViewedDate":"2026-04-02T07:30:43.000Z","Id":"a0KBK00000Gexdg2AB","JobDescription__c":"テスト451仕事内容仕事内容仕事内容仕事 (230 more) ...","JobCategory1__c":"経営幹部/企画/マーケティング系"}|0x8ee1200
17:39:48.0 (41505990)|STATEMENT_EXECUTE|[55]
17:39:48.0 (41507498)|STATEMENT_EXECUTE|[56]
17:39:48.0 (41561769)|HEAP_ALLOCATE|[56]|Bytes:44
17:39:48.0 (41600653)|CONSTRUCTOR_ENTRY|[56]|01pBK000001RGBP|<init>()|JobCardsController.JobWrapper
17:39:48.0 (41653521)|VARIABLE_SCOPE_BEGIN|[12]|this|JobCardsController.JobWrapper|true|false
17:39:48.0 (41811037)|VARIABLE_ASSIGNMENT|[12]|this|{}|0x45e0af01
17:39:48.0 (41847392)|STATEMENT_EXECUTE|[12]
17:39:48.0 (41849454)|STATEMENT_EXECUTE|[13]
17:39:48.0 (41851141)|STATEMENT_EXECUTE|[14]
17:39:48.0 (41852323)|STATEMENT_EXECUTE|[15]
17:39:48.0 (41853638)|STATEMENT_EXECUTE|[16]
17:39:48.0 (41854950)|STATEMENT_EXECUTE|[17]
17:39:48.0 (41856891)|STATEMENT_EXECUTE|[18]
17:39:48.0 (41858106)|STATEMENT_EXECUTE|[19]
17:39:48.0 (41859371)|STATEMENT_EXECUTE|[20]
17:39:48.0 (41860705)|STATEMENT_EXECUTE|[21]
17:39:48.0 (41861828)|STATEMENT_EXECUTE|[22]
17:39:48.0 (41866282)|CONSTRUCTOR_EXIT|[56]|01pBK000001RGBP|<init>()|JobCardsController.JobWrapper
17:39:48.0 (41874664)|VARIABLE_SCOPE_BEGIN|[56]|wrapper|JobCardsController.JobWrapper|true|false
17:39:48.0 (41894989)|VARIABLE_ASSIGNMENT|[56]|wrapper|{}|0x45e0af01
17:39:48.0 (41900784)|STATEMENT_EXECUTE|[57]
17:39:48.0 (42414287)|VARIABLE_ASSIGNMENT|[57]|this.Id|"a0KBK00000Gexdg2AB"|0x45e0af01
17:39:48.0 (42425440)|STATEMENT_EXECUTE|[58]
17:39:48.0 (42473014)|VARIABLE_ASSIGNMENT|[58]|this.JobPosition|"テスト451求人タイトル求人タイトル求人 (235 more) ..."|0x45e0af01
17:39:48.0 (42480421)|STATEMENT_EXECUTE|[59]
17:39:48.0 (42493057)|VARIABLE_ASSIGNMENT|[59]|this.WorkLocation2|"444444"|0x45e0af01
17:39:48.0 (42497910)|STATEMENT_EXECUTE|[60]
17:39:48.0 (42508455)|VARIABLE_ASSIGNMENT|[60]|this.JobCategory1|"経営幹部/企画/マーケティング系"|0x45e0af01
17:39:48.0 (42513923)|STATEMENT_EXECUTE|[61]
17:39:48.0 (42521980)|VARIABLE_ASSIGNMENT|[61]|this.MaxAnnualSalary|null|0x45e0af01
17:39:48.0 (42526513)|STATEMENT_EXECUTE|[62]
17:39:48.0 (42531576)|VARIABLE_ASSIGNMENT|[62]|this.MinAnnualSalary|null|0x45e0af01
17:39:48.0 (42535878)|STATEMENT_EXECUTE|[63]
17:39:48.0 (42547768)|VARIABLE_ASSIGNMENT|[63]|this.JobDescription|"テスト451仕事内容仕事内容仕事内容仕事 (230 more) ..."|0x45e0af01
17:39:48.0 (42553239)|STATEMENT_EXECUTE|[64]
17:39:48.0 (42601430)|VARIABLE_ASSIGNMENT|[64]|this.LastModifiedDate|"2026-04-02T02:54:44.000Z"|0x45e0af01
17:39:48.0 (42606815)|STATEMENT_EXECUTE|[65]
17:39:48.0 (42627043)|VARIABLE_ASSIGNMENT|[65]|this.LastViewedDate|"2026-04-02T07:30:43.000Z"|0x45e0af01
17:39:48.0 (42631814)|STATEMENT_EXECUTE|[66]
17:39:48.0 (42830192)|HEAP_ALLOCATE|[66]|Bytes:5
17:39:48.0 (42854648)|VARIABLE_ASSIGNMENT|[66]|this.IsFavorite|true|0x45e0af01
17:39:48.0 (42860078)|STATEMENT_EXECUTE|[67]
17:39:48.0 (42945004)|HEAP_ALLOCATE|[EXTERNAL]|Bytes:4
17:39:48.0 (42982133)|HEAP_ALLOCATE|[55]|Bytes:5
17:39:48.0 (43014700)|HEAP_ALLOCATE|[55]|Bytes:40
17:39:48.0 (43034612)|VARIABLE_SCOPE_BEGIN|[55]|j|Job__c|true|false
17:39:48.0 (43319923)|VARIABLE_ASSIGNMENT|[55]|j|{"LastModifiedDate":"2026-03-19T02:02:27.000Z","JobPosition__c":"新潟市(新潟) 法人ルート営業・業界シェ (74 more) ...","WorkLocation2__c":"新潟県新潟市（転勤なし／車通勤可）","LastViewedDate":"2026-04-02T04:28:50.000Z","Id":"a0KBK00000GezgQ2AR","MinAnnualSalary__c":350,"JobDescription__c":"自社開発製造の給配水機器とその関連製品の (25 more) ...","JobCategory1__c":"経営幹部/企画/マーケティング系","MaxAnnualSalary__c":550}|0x4e37c461
17:39:48.0 (43357672)|STATEMENT_EXECUTE|[55]
17:39:48.0 (43361056)|STATEMENT_EXECUTE|[56]
17:39:48.0 (43386080)|HEAP_ALLOCATE|[56]|Bytes:44
17:39:48.0 (43403708)|CONSTRUCTOR_ENTRY|[56]|01pBK000001RGBP|<init>()|JobCardsController.JobWrapper
17:39:48.0 (43413151)|VARIABLE_SCOPE_BEGIN|[12]|this|JobCardsController.JobWrapper|true|false
17:39:48.0 (43455584)|VARIABLE_ASSIGNMENT|[12]|this|{}|0x6557e45d
17:39:48.0 (43477744)|STATEMENT_EXECUTE|[12]
17:39:48.0 (43478945)|STATEMENT_EXECUTE|[13]
17:39:48.0 (43480113)|STATEMENT_EXECUTE|[14]
17:39:48.0 (43481238)|STATEMENT_EXECUTE|[15]
17:39:48.0 (43482365)|STATEMENT_EXECUTE|[16]
17:39:48.0 (43483437)|STATEMENT_EXECUTE|[17]
17:39:48.0 (43484520)|STATEMENT_EXECUTE|[18]
17:39:48.0 (43485772)|STATEMENT_EXECUTE|[19]
17:39:48.0 (43486701)|STATEMENT_EXECUTE|[20]
17:39:48.0 (43487635)|STATEMENT_EXECUTE|[21]
17:39:48.0 (43488676)|STATEMENT_EXECUTE|[22]
17:39:48.0 (43492325)|CONSTRUCTOR_EXIT|[56]|01pBK000001RGBP|<init>()|JobCardsController.JobWrapper
17:39:48.0 (43498686)|VARIABLE_SCOPE_BEGIN|[56]|wrapper|JobCardsController.JobWrapper|true|false
17:39:48.0 (43514930)|VARIABLE_ASSIGNMENT|[56]|wrapper|{}|0x6557e45d
17:39:48.0 (43519146)|STATEMENT_EXECUTE|[57]
17:39:48.0 (43635419)|VARIABLE_ASSIGNMENT|[57]|this.Id|"a0KBK00000GezgQ2AR"|0x6557e45d
17:39:48.0 (43645624)|STATEMENT_EXECUTE|[58]
17:39:48.0 (43669540)|VARIABLE_ASSIGNMENT|[58]|this.JobPosition|"新潟市(新潟) 法人ルート営業・業界シェ (74 more) ..."|0x6557e45d
17:39:48.0 (43674754)|STATEMENT_EXECUTE|[59]
17:39:48.0 (43685181)|VARIABLE_ASSIGNMENT|[59]|this.WorkLocation2|"新潟県新潟市（転勤なし／車通勤可）"|0x6557e45d
17:39:48.0 (43696918)|STATEMENT_EXECUTE|[60]
17:39:48.0 (43702006)|VARIABLE_ASSIGNMENT|[60]|this.JobCategory1|"経営幹部/企画/マーケティング系"|0x6557e45d
17:39:48.0 (43720050)|STATEMENT_EXECUTE|[61]
17:39:48.0 (43827686)|VARIABLE_ASSIGNMENT|[61]|this.MaxAnnualSalary|550|0x6557e45d
17:39:48.0 (43831966)|STATEMENT_EXECUTE|[62]
17:39:48.0 (43841385)|VARIABLE_ASSIGNMENT|[62]|this.MinAnnualSalary|350|0x6557e45d
17:39:48.0 (43846135)|STATEMENT_EXECUTE|[63]
17:39:48.0 (43852080)|VARIABLE_ASSIGNMENT|[63]|this.JobDescription|"自社開発製造の給配水機器とその関連製品の (25 more) ..."|0x6557e45d
17:39:48.0 (43857427)|STATEMENT_EXECUTE|[64]
17:39:48.0 (43878462)|VARIABLE_ASSIGNMENT|[64]|this.LastModifiedDate|"2026-03-19T02:02:27.000Z"|0x6557e45d
17:39:48.0 (43883465)|STATEMENT_EXECUTE|[65]
17:39:48.0 (43896746)|VARIABLE_ASSIGNMENT|[65]|this.LastViewedDate|"2026-04-02T04:28:50.000Z"|0x6557e45d
17:39:48.0 (43900494)|STATEMENT_EXECUTE|[66]
17:39:48.0 (43916938)|HEAP_ALLOCATE|[66]|Bytes:5
17:39:48.0 (43922586)|VARIABLE_ASSIGNMENT|[66]|this.IsFavorite|true|0x6557e45d
17:39:48.0 (43926833)|STATEMENT_EXECUTE|[67]
17:39:48.0 (43933336)|HEAP_ALLOCATE|[EXTERNAL]|Bytes:4
17:39:48.0 (43948904)|HEAP_ALLOCATE|[55]|Bytes:5
17:39:48.0 (43960662)|HEAP_ALLOCATE|[55]|Bytes:40
17:39:48.0 (43967783)|VARIABLE_SCOPE_BEGIN|[55]|j|Job__c|true|false
17:39:48.0 (44041469)|VARIABLE_ASSIGNMENT|[55]|j|{"LastModifiedDate":"2026-03-18T01:52:52.000Z","JobPosition__c":"テスト401求人タイトル求人タイトル求人 (28 more) ...","WorkLocation2__c":"勤務地","LastViewedDate":"2026-04-02T07:07:16.000Z","Id":"a0KBK00000Gexcs2AB","MinAnnualSalary__c":450,"JobDescription__c":"テスト401仕事内容仕事内容仕事内容仕事 (30 more) ...","JobCategory1__c":"専門職系（コンサルタント/金融/不動産）","MaxAnnualSalary__c":600}|0x242dcb7c
17:39:48.0 (44051661)|STATEMENT_EXECUTE|[55]
17:39:48.0 (44052840)|STATEMENT_EXECUTE|[56]
17:39:48.0 (44056285)|HEAP_ALLOCATE|[56]|Bytes:44
17:39:48.0 (44063821)|CONSTRUCTOR_ENTRY|[56]|01pBK000001RGBP|<init>()|JobCardsController.JobWrapper
17:39:48.0 (44069936)|VARIABLE_SCOPE_BEGIN|[12]|this|JobCardsController.JobWrapper|true|false
17:39:48.0 (44094243)|VARIABLE_ASSIGNMENT|[12]|this|{}|0x6a3efaec
17:39:48.0 (44107769)|STATEMENT_EXECUTE|[12]
17:39:48.0 (44109999)|STATEMENT_EXECUTE|[13]
17:39:48.0 (44111231)|STATEMENT_EXECUTE|[14]
17:39:48.0 (44112775)|STATEMENT_EXECUTE|[15]
17:39:48.0 (44114337)|STATEMENT_EXECUTE|[16]
17:39:48.0 (44115556)|STATEMENT_EXECUTE|[17]
17:39:48.0 (44116517)|STATEMENT_EXECUTE|[18]
17:39:48.0 (44117478)|STATEMENT_EXECUTE|[19]
17:39:48.0 (44118380)|STATEMENT_EXECUTE|[20]
17:39:48.0 (44119607)|STATEMENT_EXECUTE|[21]
17:39:48.0 (44120927)|STATEMENT_EXECUTE|[22]
17:39:48.0 (44124100)|CONSTRUCTOR_EXIT|[56]|01pBK000001RGBP|<init>()|JobCardsController.JobWrapper
17:39:48.0 (44128920)|VARIABLE_SCOPE_BEGIN|[56]|wrapper|JobCardsController.JobWrapper|true|false
17:39:48.0 (44139400)|VARIABLE_ASSIGNMENT|[56]|wrapper|{}|0x6a3efaec
17:39:48.0 (44143638)|STATEMENT_EXECUTE|[57]
17:39:48.0 (44207302)|VARIABLE_ASSIGNMENT|[57]|this.Id|"a0KBK00000Gexcs2AB"|0x6a3efaec
17:39:48.0 (44212745)|STATEMENT_EXECUTE|[58]
17:39:48.0 (44221240)|VARIABLE_ASSIGNMENT|[58]|this.JobPosition|"テスト401求人タイトル求人タイトル求人 (28 more) ..."|0x6a3efaec
17:39:48.0 (44226523)|STATEMENT_EXECUTE|[59]
17:39:48.0 (44231921)|VARIABLE_ASSIGNMENT|[59]|this.WorkLocation2|"勤務地"|0x6a3efaec
17:39:48.0 (44236141)|STATEMENT_EXECUTE|[60]
17:39:48.0 (44240904)|VARIABLE_ASSIGNMENT|[60]|this.JobCategory1|"専門職系（コンサルタント/金融/不動産）"|0x6a3efaec
17:39:48.0 (44245425)|STATEMENT_EXECUTE|[61]
17:39:48.0 (44253926)|VARIABLE_ASSIGNMENT|[61]|this.MaxAnnualSalary|600|0x6a3efaec
17:39:48.0 (44258106)|STATEMENT_EXECUTE|[62]
17:39:48.0 (44263751)|VARIABLE_ASSIGNMENT|[62]|this.MinAnnualSalary|450|0x6a3efaec
17:39:48.0 (44268210)|STATEMENT_EXECUTE|[63]
17:39:48.0 (44273929)|VARIABLE_ASSIGNMENT|[63]|this.JobDescription|"テスト401仕事内容仕事内容仕事内容仕事 (30 more) ..."|0x6a3efaec
17:39:48.0 (44279177)|STATEMENT_EXECUTE|[64]
17:39:48.0 (44293725)|VARIABLE_ASSIGNMENT|[64]|this.LastModifiedDate|"2026-03-18T01:52:52.000Z"|0x6a3efaec
17:39:48.0 (44298118)|STATEMENT_EXECUTE|[65]
17:39:48.0 (44305875)|VARIABLE_ASSIGNMENT|[65]|this.LastViewedDate|"2026-04-02T07:07:16.000Z"|0x6a3efaec
17:39:48.0 (44309593)|STATEMENT_EXECUTE|[66]
17:39:48.0 (44323488)|HEAP_ALLOCATE|[66]|Bytes:5
17:39:48.0 (44328704)|VARIABLE_ASSIGNMENT|[66]|this.IsFavorite|true|0x6a3efaec
17:39:48.0 (44332229)|STATEMENT_EXECUTE|[67]
17:39:48.0 (44337754)|HEAP_ALLOCATE|[EXTERNAL]|Bytes:4
17:39:48.0 (44349677)|HEAP_ALLOCATE|[55]|Bytes:5
17:39:48.0 (44360188)|HEAP_ALLOCATE|[55]|Bytes:36
17:39:48.0 (44366797)|VARIABLE_SCOPE_BEGIN|[55]|j|Job__c|true|false
17:39:48.0 (44458448)|VARIABLE_ASSIGNMENT|[55]|j|{"LastModifiedDate":"2026-03-12T05:33:30.000Z","JobPosition__c":"テスト424求人タイトル求人タイトル求人 (28 more) ...","LastViewedDate":"2026-04-02T07:16:25.000Z","Id":"a0KBK00000GexdF2AR","MinAnnualSalary__c":250,"JobDescription__c":"テスト424仕事内容仕事内容仕事内容仕事 (30 more) ...","JobCategory1__c":"技術系（電気/電子/機械）","MaxAnnualSalary__c":350}|0x6db01f1d
17:39:48.0 (44469813)|STATEMENT_EXECUTE|[55]
17:39:48.0 (44471097)|STATEMENT_EXECUTE|[56]
17:39:48.0 (44475758)|HEAP_ALLOCATE|[56]|Bytes:44
17:39:48.0 (44482867)|CONSTRUCTOR_ENTRY|[56]|01pBK000001RGBP|<init>()|JobCardsController.JobWrapper
17:39:48.0 (44490903)|VARIABLE_SCOPE_BEGIN|[12]|this|JobCardsController.JobWrapper|true|false
17:39:48.0 (44516153)|VARIABLE_ASSIGNMENT|[12]|this|{}|0x2a66d80d
17:39:48.0 (44533288)|STATEMENT_EXECUTE|[12]
17:39:48.0 (44534774)|STATEMENT_EXECUTE|[13]
17:39:48.0 (44536013)|STATEMENT_EXECUTE|[14]
17:39:48.0 (44537183)|STATEMENT_EXECUTE|[15]
17:39:48.0 (44538358)|STATEMENT_EXECUTE|[16]
17:39:48.0 (44539722)|STATEMENT_EXECUTE|[17]
17:39:48.0 (44541095)|STATEMENT_EXECUTE|[18]
17:39:48.0 (44542602)|STATEMENT_EXECUTE|[19]
17:39:48.0 (44543817)|STATEMENT_EXECUTE|[20]
17:39:48.0 (44544965)|STATEMENT_EXECUTE|[21]
17:39:48.0 (44546176)|STATEMENT_EXECUTE|[22]
17:39:48.0 (44549367)|CONSTRUCTOR_EXIT|[56]|01pBK000001RGBP|<init>()|JobCardsController.JobWrapper
17:39:48.0 (44555630)|VARIABLE_SCOPE_BEGIN|[56]|wrapper|JobCardsController.JobWrapper|true|false
17:39:48.0 (44569493)|VARIABLE_ASSIGNMENT|[56]|wrapper|{}|0x2a66d80d
17:39:48.0 (44573825)|STATEMENT_EXECUTE|[57]
17:39:48.0 (44655434)|VARIABLE_ASSIGNMENT|[57]|this.Id|"a0KBK00000GexdF2AR"|0x2a66d80d
17:39:48.0 (44661349)|STATEMENT_EXECUTE|[58]
17:39:48.0 (44671821)|VARIABLE_ASSIGNMENT|[58]|this.JobPosition|"テスト424求人タイトル求人タイトル求人 (28 more) ..."|0x2a66d80d
17:39:48.0 (44676593)|STATEMENT_EXECUTE|[59]
17:39:48.0 (44682547)|VARIABLE_ASSIGNMENT|[59]|this.WorkLocation2|null|0x2a66d80d
17:39:48.0 (44686657)|STATEMENT_EXECUTE|[60]
17:39:48.0 (44691868)|VARIABLE_ASSIGNMENT|[60]|this.JobCategory1|"技術系（電気/電子/機械）"|0x2a66d80d
17:39:48.0 (44696176)|STATEMENT_EXECUTE|[61]
17:39:48.0 (44708121)|VARIABLE_ASSIGNMENT|[61]|this.MaxAnnualSalary|350|0x2a66d80d
17:39:48.0 (44713162)|STATEMENT_EXECUTE|[62]
17:39:48.0 (44719657)|VARIABLE_ASSIGNMENT|[62]|this.MinAnnualSalary|250|0x2a66d80d
17:39:48.0 (44724166)|STATEMENT_EXECUTE|[63]
17:39:48.0 (44730522)|VARIABLE_ASSIGNMENT|[63]|this.JobDescription|"テスト424仕事内容仕事内容仕事内容仕事 (30 more) ..."|0x2a66d80d
17:39:48.0 (44735823)|STATEMENT_EXECUTE|[64]
17:39:48.0 (44753746)|VARIABLE_ASSIGNMENT|[64]|this.LastModifiedDate|"2026-03-12T05:33:30.000Z"|0x2a66d80d
17:39:48.0 (44757957)|STATEMENT_EXECUTE|[65]
17:39:48.0 (44766436)|VARIABLE_ASSIGNMENT|[65]|this.LastViewedDate|"2026-04-02T07:16:25.000Z"|0x2a66d80d
17:39:48.0 (44770881)|STATEMENT_EXECUTE|[66]
17:39:48.0 (44787885)|HEAP_ALLOCATE|[66]|Bytes:5
17:39:48.0 (44795347)|VARIABLE_ASSIGNMENT|[66]|this.IsFavorite|false|0x2a66d80d
17:39:48.0 (44799745)|STATEMENT_EXECUTE|[67]
17:39:48.0 (44805376)|HEAP_ALLOCATE|[EXTERNAL]|Bytes:4
17:39:48.0 (44817885)|HEAP_ALLOCATE|[55]|Bytes:5
17:39:48.0 (44829071)|HEAP_ALLOCATE|[55]|Bytes:36
17:39:48.0 (44835531)|VARIABLE_SCOPE_BEGIN|[55]|j|Job__c|true|false
17:39:48.0 (44934356)|VARIABLE_ASSIGNMENT|[55]|j|{"LastModifiedDate":"2026-03-09T05:51:50.000Z","JobPosition__c":"テスト403求人タイトル求人タイトル求人 (28 more) ...","LastViewedDate":"2026-03-18T09:45:24.000Z","Id":"a0KBK00000Gexcu2AB","MinAnnualSalary__c":900,"JobDescription__c":"テスト403仕事内容仕事内容仕事内容仕事 (30 more) ...","JobCategory1__c":"営業系","MaxAnnualSalary__c":600}|0x15367eb9
17:39:48.0 (44947204)|STATEMENT_EXECUTE|[55]
17:39:48.0 (44948501)|STATEMENT_EXECUTE|[56]
17:39:48.0 (44953194)|HEAP_ALLOCATE|[56]|Bytes:44
17:39:48.0 (44961893)|CONSTRUCTOR_ENTRY|[56]|01pBK000001RGBP|<init>()|JobCardsController.JobWrapper
17:39:48.0 (44970601)|VARIABLE_SCOPE_BEGIN|[12]|this|JobCardsController.JobWrapper|true|false
17:39:48.0 (44998501)|VARIABLE_ASSIGNMENT|[12]|this|{}|0x415cc1ba
17:39:48.0 (45016015)|STATEMENT_EXECUTE|[12]
17:39:48.0 (45018243)|STATEMENT_EXECUTE|[13]
17:39:48.0 (45019481)|STATEMENT_EXECUTE|[14]
17:39:48.0 (45020801)|STATEMENT_EXECUTE|[15]
17:39:48.0 (45022217)|STATEMENT_EXECUTE|[16]
17:39:48.0 (45023548)|STATEMENT_EXECUTE|[17]
17:39:48.0 (45024587)|STATEMENT_EXECUTE|[18]
17:39:48.0 (45025602)|STATEMENT_EXECUTE|[19]
17:39:48.0 (45026610)|STATEMENT_EXECUTE|[20]
17:39:48.0 (45027539)|STATEMENT_EXECUTE|[21]
17:39:48.0 (45028647)|STATEMENT_EXECUTE|[22]
17:39:48.0 (45032027)|CONSTRUCTOR_EXIT|[56]|01pBK000001RGBP|<init>()|JobCardsController.JobWrapper
17:39:48.0 (45037861)|VARIABLE_SCOPE_BEGIN|[56]|wrapper|JobCardsController.JobWrapper|true|false
17:39:48.0 (45052260)|VARIABLE_ASSIGNMENT|[56]|wrapper|{}|0x415cc1ba
17:39:48.0 (45056315)|STATEMENT_EXECUTE|[57]
17:39:48.0 (45141722)|VARIABLE_ASSIGNMENT|[57]|this.Id|"a0KBK00000Gexcu2AB"|0x415cc1ba
17:39:48.0 (45149232)|STATEMENT_EXECUTE|[58]
17:39:48.0 (45158776)|VARIABLE_ASSIGNMENT|[58]|this.JobPosition|"テスト403求人タイトル求人タイトル求人 (28 more) ..."|0x415cc1ba
17:39:48.0 (45164518)|STATEMENT_EXECUTE|[59]
17:39:48.0 (45170060)|VARIABLE_ASSIGNMENT|[59]|this.WorkLocation2|null|0x415cc1ba
17:39:48.0 (45174216)|STATEMENT_EXECUTE|[60]
17:39:48.0 (45179444)|VARIABLE_ASSIGNMENT|[60]|this.JobCategory1|"営業系"|0x415cc1ba
17:39:48.0 (45184755)|STATEMENT_EXECUTE|[61]
17:39:48.0 (45198036)|VARIABLE_ASSIGNMENT|[61]|this.MaxAnnualSalary|600|0x415cc1ba
17:39:48.0 (45204612)|STATEMENT_EXECUTE|[62]
17:39:48.0 (45215399)|VARIABLE_ASSIGNMENT|[62]|this.MinAnnualSalary|900|0x415cc1ba
17:39:48.0 (45220474)|STATEMENT_EXECUTE|[63]
17:39:48.0 (45228124)|VARIABLE_ASSIGNMENT|[63]|this.JobDescription|"テスト403仕事内容仕事内容仕事内容仕事 (30 more) ..."|0x415cc1ba
17:39:48.0 (45233227)|STATEMENT_EXECUTE|[64]
17:39:48.0 (45250688)|VARIABLE_ASSIGNMENT|[64]|this.LastModifiedDate|"2026-03-09T05:51:50.000Z"|0x415cc1ba
17:39:48.0 (45256708)|STATEMENT_EXECUTE|[65]
17:39:48.0 (45283223)|VARIABLE_ASSIGNMENT|[65]|this.LastViewedDate|"2026-03-18T09:45:24.000Z"|0x415cc1ba
17:39:48.0 (45295232)|STATEMENT_EXECUTE|[66]
17:39:48.0 (45311795)|HEAP_ALLOCATE|[66]|Bytes:5
17:39:48.0 (45318530)|VARIABLE_ASSIGNMENT|[66]|this.IsFavorite|true|0x415cc1ba
17:39:48.0 (45322713)|STATEMENT_EXECUTE|[67]
17:39:48.0 (45328580)|HEAP_ALLOCATE|[EXTERNAL]|Bytes:4
17:39:48.0 (45340226)|HEAP_ALLOCATE|[55]|Bytes:5
17:39:48.0 (45350293)|HEAP_ALLOCATE|[55]|Bytes:36
17:39:48.0 (45356468)|VARIABLE_SCOPE_BEGIN|[55]|j|Job__c|true|false
17:39:48.0 (45434488)|VARIABLE_ASSIGNMENT|[55]|j|{"LastModifiedDate":"2026-03-09T05:51:49.000Z","JobPosition__c":"テスト402求人タイトル求人タイトル求人 (28 more) ...","LastViewedDate":"2026-03-18T09:45:33.000Z","Id":"a0KBK00000Gexct2AB","MinAnnualSalary__c":500,"JobDescription__c":"テスト402仕事内容仕事内容仕事内容仕事 (30 more) ...","JobCategory1__c":"営業系","MaxAnnualSalary__c":400}|0x65d2b4b2
17:39:48.0 (45445743)|STATEMENT_EXECUTE|[55]
17:39:48.0 (45447117)|STATEMENT_EXECUTE|[56]
17:39:48.0 (45450942)|HEAP_ALLOCATE|[56]|Bytes:44
17:39:48.0 (45456292)|CONSTRUCTOR_ENTRY|[56]|01pBK000001RGBP|<init>()|JobCardsController.JobWrapper
17:39:48.0 (45463760)|VARIABLE_SCOPE_BEGIN|[12]|this|JobCardsController.JobWrapper|true|false
17:39:48.0 (45484780)|VARIABLE_ASSIGNMENT|[12]|this|{}|0x1bf3b0c0
17:39:48.0 (45498841)|STATEMENT_EXECUTE|[12]
17:39:48.0 (45500403)|STATEMENT_EXECUTE|[13]
17:39:48.0 (45501614)|STATEMENT_EXECUTE|[14]
17:39:48.0 (45502732)|STATEMENT_EXECUTE|[15]
17:39:48.0 (45503779)|STATEMENT_EXECUTE|[16]
17:39:48.0 (45504824)|STATEMENT_EXECUTE|[17]
17:39:48.0 (45506280)|STATEMENT_EXECUTE|[18]
17:39:48.0 (45507369)|STATEMENT_EXECUTE|[19]
17:39:48.0 (45508577)|STATEMENT_EXECUTE|[20]
17:39:48.0 (45509796)|STATEMENT_EXECUTE|[21]
17:39:48.0 (45510931)|STATEMENT_EXECUTE|[22]
17:39:48.0 (45513444)|CONSTRUCTOR_EXIT|[56]|01pBK000001RGBP|<init>()|JobCardsController.JobWrapper
17:39:48.0 (45518186)|VARIABLE_SCOPE_BEGIN|[56]|wrapper|JobCardsController.JobWrapper|true|false
17:39:48.0 (45529839)|VARIABLE_ASSIGNMENT|[56]|wrapper|{}|0x1bf3b0c0
17:39:48.0 (45534794)|STATEMENT_EXECUTE|[57]
17:39:48.0 (45612291)|VARIABLE_ASSIGNMENT|[57]|this.Id|"a0KBK00000Gexct2AB"|0x1bf3b0c0
17:39:48.0 (45618192)|STATEMENT_EXECUTE|[58]
17:39:48.0 (45628804)|VARIABLE_ASSIGNMENT|[58]|this.JobPosition|"テスト402求人タイトル求人タイトル求人 (28 more) ..."|0x1bf3b0c0
17:39:48.0 (45634142)|STATEMENT_EXECUTE|[59]
17:39:48.0 (45640028)|VARIABLE_ASSIGNMENT|[59]|this.WorkLocation2|null|0x1bf3b0c0
17:39:48.0 (45644252)|STATEMENT_EXECUTE|[60]
17:39:48.0 (45649554)|VARIABLE_ASSIGNMENT|[60]|this.JobCategory1|"営業系"|0x1bf3b0c0
17:39:48.0 (45654402)|STATEMENT_EXECUTE|[61]
17:39:48.0 (45667599)|VARIABLE_ASSIGNMENT|[61]|this.MaxAnnualSalary|400|0x1bf3b0c0
17:39:48.0 (45672063)|STATEMENT_EXECUTE|[62]
17:39:48.0 (45679397)|VARIABLE_ASSIGNMENT|[62]|this.MinAnnualSalary|500|0x1bf3b0c0
17:39:48.0 (45683591)|STATEMENT_EXECUTE|[63]
17:39:48.0 (45690697)|VARIABLE_ASSIGNMENT|[63]|this.JobDescription|"テスト402仕事内容仕事内容仕事内容仕事 (30 more) ..."|0x1bf3b0c0
17:39:48.0 (45695477)|STATEMENT_EXECUTE|[64]
17:39:48.0 (45713918)|VARIABLE_ASSIGNMENT|[64]|this.LastModifiedDate|"2026-03-09T05:51:49.000Z"|0x1bf3b0c0
17:39:48.0 (45719331)|STATEMENT_EXECUTE|[65]
17:39:48.0 (45731483)|VARIABLE_ASSIGNMENT|[65]|this.LastViewedDate|"2026-03-18T09:45:33.000Z"|0x1bf3b0c0
17:39:48.0 (45735502)|STATEMENT_EXECUTE|[66]
17:39:48.0 (45750153)|HEAP_ALLOCATE|[66]|Bytes:5
17:39:48.0 (45757299)|VARIABLE_ASSIGNMENT|[66]|this.IsFavorite|false|0x1bf3b0c0
17:39:48.0 (45762449)|STATEMENT_EXECUTE|[67]
17:39:48.0 (45770181)|HEAP_ALLOCATE|[EXTERNAL]|Bytes:4
17:39:48.0 (45785265)|HEAP_ALLOCATE|[55]|Bytes:5
17:39:48.0 (45797812)|HEAP_ALLOCATE|[55]|Bytes:40
17:39:48.0 (45806377)|VARIABLE_SCOPE_BEGIN|[55]|j|Job__c|true|false
17:39:48.0 (45893416)|VARIABLE_ASSIGNMENT|[55]|j|{"LastModifiedDate":"2026-03-06T01:15:09.000Z","JobPosition__c":"千代田区(東京) 設備積算・大手サブコン (18 more) ...","WorkLocation2__c":"東京都千代田区","LastViewedDate":"2026-03-17T05:57:19.000Z","Id":"a0KBK00000GezgH2AR","MinAnnualSalary__c":400,"JobDescription__c":"事務所ビルや商業施設、工場など、多様な建 (105 more) ...","JobCategory1__c":"営業系","MaxAnnualSalary__c":650}|0x2f6ee55f
17:39:48.0 (45904850)|STATEMENT_EXECUTE|[55]
17:39:48.0 (45905910)|STATEMENT_EXECUTE|[56]
17:39:48.0 (45909648)|HEAP_ALLOCATE|[56]|Bytes:44
17:39:48.0 (45914971)|CONSTRUCTOR_ENTRY|[56]|01pBK000001RGBP|<init>()|JobCardsController.JobWrapper
17:39:48.0 (45921866)|VARIABLE_SCOPE_BEGIN|[12]|this|JobCardsController.JobWrapper|true|false
17:39:48.0 (45942264)|VARIABLE_ASSIGNMENT|[12]|this|{}|0x607d0c8
17:39:48.0 (45956521)|STATEMENT_EXECUTE|[12]
17:39:48.0 (45957887)|STATEMENT_EXECUTE|[13]
17:39:48.0 (45959196)|STATEMENT_EXECUTE|[14]
17:39:48.0 (45960529)|STATEMENT_EXECUTE|[15]
17:39:48.0 (45961611)|STATEMENT_EXECUTE|[16]
17:39:48.0 (45962536)|STATEMENT_EXECUTE|[17]
17:39:48.0 (45963870)|STATEMENT_EXECUTE|[18]
17:39:48.0 (45965205)|STATEMENT_EXECUTE|[19]
17:39:48.0 (45966221)|STATEMENT_EXECUTE|[20]
17:39:48.0 (45967341)|STATEMENT_EXECUTE|[21]
17:39:48.0 (45968581)|STATEMENT_EXECUTE|[22]
17:39:48.0 (45971647)|CONSTRUCTOR_EXIT|[56]|01pBK000001RGBP|<init>()|JobCardsController.JobWrapper
17:39:48.0 (45976704)|VARIABLE_SCOPE_BEGIN|[56]|wrapper|JobCardsController.JobWrapper|true|false
17:39:48.0 (45988734)|VARIABLE_ASSIGNMENT|[56]|wrapper|{}|0x607d0c8
17:39:48.0 (45993311)|STATEMENT_EXECUTE|[57]
17:39:48.0 (46064747)|VARIABLE_ASSIGNMENT|[57]|this.Id|"a0KBK00000GezgH2AR"|0x607d0c8
17:39:48.0 (46070711)|STATEMENT_EXECUTE|[58]
17:39:48.0 (46078553)|VARIABLE_ASSIGNMENT|[58]|this.JobPosition|"千代田区(東京) 設備積算・大手サブコン (18 more) ..."|0x607d0c8
17:39:48.0 (46084357)|STATEMENT_EXECUTE|[59]
17:39:48.0 (46089570)|VARIABLE_ASSIGNMENT|[59]|this.WorkLocation2|"東京都千代田区"|0x607d0c8
17:39:48.0 (46094292)|STATEMENT_EXECUTE|[60]
17:39:48.0 (46098880)|VARIABLE_ASSIGNMENT|[60]|this.JobCategory1|"営業系"|0x607d0c8
17:39:48.0 (46103591)|STATEMENT_EXECUTE|[61]
17:39:48.0 (46112050)|VARIABLE_ASSIGNMENT|[61]|this.MaxAnnualSalary|650|0x607d0c8
17:39:48.0 (46116793)|STATEMENT_EXECUTE|[62]
17:39:48.0 (46122241)|VARIABLE_ASSIGNMENT|[62]|this.MinAnnualSalary|400|0x607d0c8
17:39:48.0 (46126454)|STATEMENT_EXECUTE|[63]
17:39:48.0 (46132219)|VARIABLE_ASSIGNMENT|[63]|this.JobDescription|"事務所ビルや商業施設、工場など、多様な建 (105 more) ..."|0x607d0c8
17:39:48.0 (46137099)|STATEMENT_EXECUTE|[64]
17:39:48.0 (46151379)|VARIABLE_ASSIGNMENT|[64]|this.LastModifiedDate|"2026-03-06T01:15:09.000Z"|0x607d0c8
17:39:48.0 (46155975)|STATEMENT_EXECUTE|[65]
17:39:48.0 (46164172)|VARIABLE_ASSIGNMENT|[65]|this.LastViewedDate|"2026-03-17T05:57:19.000Z"|0x607d0c8
17:39:48.0 (46168070)|STATEMENT_EXECUTE|[66]
17:39:48.0 (46180139)|HEAP_ALLOCATE|[66]|Bytes:5
17:39:48.0 (46185563)|VARIABLE_ASSIGNMENT|[66]|this.IsFavorite|false|0x607d0c8
17:39:48.0 (46189581)|STATEMENT_EXECUTE|[67]
17:39:48.0 (46195043)|HEAP_ALLOCATE|[EXTERNAL]|Bytes:4
17:39:48.0 (46205828)|HEAP_ALLOCATE|[55]|Bytes:5
17:39:48.0 (46214142)|HEAP_ALLOCATE|[55]|Bytes:36
17:39:48.0 (46219161)|VARIABLE_SCOPE_BEGIN|[55]|j|Job__c|true|false
17:39:48.0 (46295132)|VARIABLE_ASSIGNMENT|[55]|j|{"LastModifiedDate":"2026-02-06T01:25:17.000Z","JobPosition__c":"テスト467求人タイトル求人タイトル求人 (28 more) ...","LastViewedDate":"2026-03-03T09:55:23.000Z","Id":"a0KBK00000Gexdw2AB","MinAnnualSalary__c":216,"JobDescription__c":"テスト467仕事内容仕事内容仕事内容仕事 (30 more) ...","JobCategory1__c":"管理部門/事務系","MaxAnnualSalary__c":0}|0x42cb4f58
17:39:48.0 (46307668)|STATEMENT_EXECUTE|[55]
17:39:48.0 (46309055)|STATEMENT_EXECUTE|[56]
17:39:48.0 (46313682)|HEAP_ALLOCATE|[56]|Bytes:44
17:39:48.0 (46321849)|CONSTRUCTOR_ENTRY|[56]|01pBK000001RGBP|<init>()|JobCardsController.JobWrapper
17:39:48.0 (46329695)|VARIABLE_SCOPE_BEGIN|[12]|this|JobCardsController.JobWrapper|true|false
17:39:48.0 (46353240)|VARIABLE_ASSIGNMENT|[12]|this|{}|0x1abdd6b5
17:39:48.0 (46367358)|STATEMENT_EXECUTE|[12]
17:39:48.0 (46368731)|STATEMENT_EXECUTE|[13]
17:39:48.0 (46369844)|STATEMENT_EXECUTE|[14]
17:39:48.0 (46370989)|STATEMENT_EXECUTE|[15]
17:39:48.0 (46372094)|STATEMENT_EXECUTE|[16]
17:39:48.0 (46373206)|STATEMENT_EXECUTE|[17]
17:39:48.0 (46374328)|STATEMENT_EXECUTE|[18]
17:39:48.0 (46375508)|STATEMENT_EXECUTE|[19]
17:39:48.0 (46376619)|STATEMENT_EXECUTE|[20]
17:39:48.0 (46377715)|STATEMENT_EXECUTE|[21]
17:39:48.0 (46506237)|STATEMENT_EXECUTE|[22]
17:39:48.0 (46511225)|CONSTRUCTOR_EXIT|[56]|01pBK000001RGBP|<init>()|JobCardsController.JobWrapper
17:39:48.0 (46518714)|VARIABLE_SCOPE_BEGIN|[56]|wrapper|JobCardsController.JobWrapper|true|false
17:39:48.0 (46538447)|VARIABLE_ASSIGNMENT|[56]|wrapper|{}|0x1abdd6b5
17:39:48.0 (46542981)|STATEMENT_EXECUTE|[57]
17:39:48.0 (46611943)|VARIABLE_ASSIGNMENT|[57]|this.Id|"a0KBK00000Gexdw2AB"|0x1abdd6b5
17:39:48.0 (46617797)|STATEMENT_EXECUTE|[58]
17:39:48.0 (46627029)|VARIABLE_ASSIGNMENT|[58]|this.JobPosition|"テスト467求人タイトル求人タイトル求人 (28 more) ..."|0x1abdd6b5
17:39:48.0 (46632386)|STATEMENT_EXECUTE|[59]
17:39:48.0 (46638102)|VARIABLE_ASSIGNMENT|[59]|this.WorkLocation2|null|0x1abdd6b5
17:39:48.0 (46642232)|STATEMENT_EXECUTE|[60]
17:39:48.0 (46647206)|VARIABLE_ASSIGNMENT|[60]|this.JobCategory1|"管理部門/事務系"|0x1abdd6b5
17:39:48.0 (46652520)|STATEMENT_EXECUTE|[61]
17:39:48.0 (46683815)|HEAP_ALLOCATE|[61]|Bytes:28
17:39:48.0 (46692205)|VARIABLE_ASSIGNMENT|[61]|this.MaxAnnualSalary|0|0x1abdd6b5
17:39:48.0 (46696848)|STATEMENT_EXECUTE|[62]
17:39:48.0 (46703323)|VARIABLE_ASSIGNMENT|[62]|this.MinAnnualSalary|216|0x1abdd6b5
17:39:48.0 (46707064)|STATEMENT_EXECUTE|[63]
17:39:48.0 (46713423)|VARIABLE_ASSIGNMENT|[63]|this.JobDescription|"テスト467仕事内容仕事内容仕事内容仕事 (30 more) ..."|0x1abdd6b5
17:39:48.0 (46718459)|STATEMENT_EXECUTE|[64]
17:39:48.0 (46756724)|VARIABLE_ASSIGNMENT|[64]|this.LastModifiedDate|"2026-02-06T01:25:17.000Z"|0x1abdd6b5
17:39:48.0 (46761644)|STATEMENT_EXECUTE|[65]
17:39:48.0 (46771652)|VARIABLE_ASSIGNMENT|[65]|this.LastViewedDate|"2026-03-03T09:55:23.000Z"|0x1abdd6b5
17:39:48.0 (46776178)|STATEMENT_EXECUTE|[66]
17:39:48.0 (46792806)|HEAP_ALLOCATE|[66]|Bytes:5
17:39:48.0 (46798365)|VARIABLE_ASSIGNMENT|[66]|this.IsFavorite|false|0x1abdd6b5
17:39:48.0 (46802765)|STATEMENT_EXECUTE|[67]
17:39:48.0 (46810042)|HEAP_ALLOCATE|[EXTERNAL]|Bytes:4
17:39:48.0 (46826823)|HEAP_ALLOCATE|[55]|Bytes:5
17:39:48.0 (46842114)|HEAP_ALLOCATE|[55]|Bytes:36
17:39:48.0 (46850490)|VARIABLE_SCOPE_BEGIN|[55]|j|Job__c|true|false
17:39:48.0 (46944963)|VARIABLE_ASSIGNMENT|[55]|j|{"LastModifiedDate":"2026-02-05T00:50:25.000Z","JobPosition__c":"テスト297求人タイトル求人タイトル求人 (28 more) ...","LastViewedDate":"2026-03-28T05:28:09.000Z","Id":"a0KBK00000Gezpx2AB","MinAnnualSalary__c":350,"JobDescription__c":"テスト297仕事内容仕事内容仕事内容仕事 (30 more) ...","JobCategory1__c":"IT系（ソフトウェア/ネットワーク）","MaxAnnualSalary__c":600}|0x642e320e
17:39:48.0 (46956793)|STATEMENT_EXECUTE|[55]
17:39:48.0 (46958044)|STATEMENT_EXECUTE|[56]
17:39:48.0 (46962192)|HEAP_ALLOCATE|[56]|Bytes:44
17:39:48.0 (46968349)|CONSTRUCTOR_ENTRY|[56]|01pBK000001RGBP|<init>()|JobCardsController.JobWrapper
17:39:48.0 (46975201)|VARIABLE_SCOPE_BEGIN|[12]|this|JobCardsController.JobWrapper|true|false
17:39:48.0 (46998392)|VARIABLE_ASSIGNMENT|[12]|this|{}|0x3d4b8549
17:39:48.0 (47013257)|STATEMENT_EXECUTE|[12]
17:39:48.0 (47015397)|STATEMENT_EXECUTE|[13]
17:39:48.0 (47016594)|STATEMENT_EXECUTE|[14]
17:39:48.0 (47017987)|STATEMENT_EXECUTE|[15]
17:39:48.0 (47019100)|STATEMENT_EXECUTE|[16]
17:39:48.0 (47020304)|STATEMENT_EXECUTE|[17]
17:39:48.0 (47021466)|STATEMENT_EXECUTE|[18]
17:39:48.0 (47022726)|STATEMENT_EXECUTE|[19]
17:39:48.0 (47023821)|STATEMENT_EXECUTE|[20]
17:39:48.0 (47025017)|STATEMENT_EXECUTE|[21]
17:39:48.0 (47026011)|STATEMENT_EXECUTE|[22]
17:39:48.0 (47028554)|CONSTRUCTOR_EXIT|[56]|01pBK000001RGBP|<init>()|JobCardsController.JobWrapper
17:39:48.0 (47033881)|VARIABLE_SCOPE_BEGIN|[56]|wrapper|JobCardsController.JobWrapper|true|false
17:39:48.0 (47046182)|VARIABLE_ASSIGNMENT|[56]|wrapper|{}|0x3d4b8549
17:39:48.0 (47050907)|STATEMENT_EXECUTE|[57]
17:39:48.0 (47132003)|VARIABLE_ASSIGNMENT|[57]|this.Id|"a0KBK00000Gezpx2AB"|0x3d4b8549
17:39:48.0 (47137502)|STATEMENT_EXECUTE|[58]
17:39:48.0 (47146586)|VARIABLE_ASSIGNMENT|[58]|this.JobPosition|"テスト297求人タイトル求人タイトル求人 (28 more) ..."|0x3d4b8549
17:39:48.0 (47151550)|STATEMENT_EXECUTE|[59]
17:39:48.0 (47156389)|VARIABLE_ASSIGNMENT|[59]|this.WorkLocation2|null|0x3d4b8549
17:39:48.0 (47160026)|STATEMENT_EXECUTE|[60]
17:39:48.0 (47165277)|VARIABLE_ASSIGNMENT|[60]|this.JobCategory1|"IT系（ソフトウェア/ネットワーク）"|0x3d4b8549
17:39:48.0 (47170702)|STATEMENT_EXECUTE|[61]
17:39:48.0 (47181027)|VARIABLE_ASSIGNMENT|[61]|this.MaxAnnualSalary|600|0x3d4b8549
17:39:48.0 (47184790)|STATEMENT_EXECUTE|[62]
17:39:48.0 (47189883)|VARIABLE_ASSIGNMENT|[62]|this.MinAnnualSalary|350|0x3d4b8549
17:39:48.0 (47194416)|STATEMENT_EXECUTE|[63]
17:39:48.0 (47200441)|VARIABLE_ASSIGNMENT|[63]|this.JobDescription|"テスト297仕事内容仕事内容仕事内容仕事 (30 more) ..."|0x3d4b8549
17:39:48.0 (47205011)|STATEMENT_EXECUTE|[64]
17:39:48.0 (47220372)|VARIABLE_ASSIGNMENT|[64]|this.LastModifiedDate|"2026-02-05T00:50:25.000Z"|0x3d4b8549
17:39:48.0 (47224569)|STATEMENT_EXECUTE|[65]
17:39:48.0 (47233031)|VARIABLE_ASSIGNMENT|[65]|this.LastViewedDate|"2026-03-28T05:28:09.000Z"|0x3d4b8549
17:39:48.0 (47237635)|STATEMENT_EXECUTE|[66]
17:39:48.0 (47251445)|HEAP_ALLOCATE|[66]|Bytes:5
17:39:48.0 (47257073)|VARIABLE_ASSIGNMENT|[66]|this.IsFavorite|false|0x3d4b8549
17:39:48.0 (47260718)|STATEMENT_EXECUTE|[67]
17:39:48.0 (47265938)|HEAP_ALLOCATE|[EXTERNAL]|Bytes:4
17:39:48.0 (47276623)|HEAP_ALLOCATE|[55]|Bytes:5
17:39:48.0 (47286477)|HEAP_ALLOCATE|[55]|Bytes:36
17:39:48.0 (47291976)|VARIABLE_SCOPE_BEGIN|[55]|j|Job__c|true|false
17:39:48.0 (47365576)|VARIABLE_ASSIGNMENT|[55]|j|{"LastModifiedDate":"2026-02-05T00:49:22.000Z","JobPosition__c":"テスト407求人タイトル求人タイトル求人 (28 more) ...","LastViewedDate":"2026-03-18T09:45:42.000Z","Id":"a0KBK00000Gexcy2AB","MinAnnualSalary__c":350,"JobDescription__c":"テスト407仕事内容仕事内容仕事内容仕事 (30 more) ...","JobCategory1__c":"営業系","MaxAnnualSalary__c":450}|0x14a96d1d
17:39:48.0 (47375881)|STATEMENT_EXECUTE|[55]
17:39:48.0 (47377086)|STATEMENT_EXECUTE|[56]
17:39:48.0 (47380670)|HEAP_ALLOCATE|[56]|Bytes:44
17:39:48.0 (47385451)|CONSTRUCTOR_ENTRY|[56]|01pBK000001RGBP|<init>()|JobCardsController.JobWrapper
17:39:48.0 (47391363)|VARIABLE_SCOPE_BEGIN|[12]|this|JobCardsController.JobWrapper|true|false
17:39:48.0 (47407533)|VARIABLE_ASSIGNMENT|[12]|this|{}|0x3b384790
17:39:48.0 (47420526)|STATEMENT_EXECUTE|[12]
17:39:48.0 (47421745)|STATEMENT_EXECUTE|[13]
17:39:48.0 (47422873)|STATEMENT_EXECUTE|[14]
17:39:48.0 (47423946)|STATEMENT_EXECUTE|[15]
17:39:48.0 (47424869)|STATEMENT_EXECUTE|[16]
17:39:48.0 (47425969)|STATEMENT_EXECUTE|[17]
17:39:48.0 (47427077)|STATEMENT_EXECUTE|[18]
17:39:48.0 (47428030)|STATEMENT_EXECUTE|[19]
17:39:48.0 (47429070)|STATEMENT_EXECUTE|[20]
17:39:48.0 (47430024)|STATEMENT_EXECUTE|[21]
17:39:48.0 (47431102)|STATEMENT_EXECUTE|[22]
17:39:48.0 (47433565)|CONSTRUCTOR_EXIT|[56]|01pBK000001RGBP|<init>()|JobCardsController.JobWrapper
17:39:48.0 (47438669)|VARIABLE_SCOPE_BEGIN|[56]|wrapper|JobCardsController.JobWrapper|true|false
17:39:48.0 (47450621)|VARIABLE_ASSIGNMENT|[56]|wrapper|{}|0x3b384790
17:39:48.0 (47454959)|STATEMENT_EXECUTE|[57]
17:39:48.0 (47523634)|VARIABLE_ASSIGNMENT|[57]|this.Id|"a0KBK00000Gexcy2AB"|0x3b384790
17:39:48.0 (47529399)|STATEMENT_EXECUTE|[58]
17:39:48.0 (47538109)|VARIABLE_ASSIGNMENT|[58]|this.JobPosition|"テスト407求人タイトル求人タイトル求人 (28 more) ..."|0x3b384790
17:39:48.0 (47542840)|STATEMENT_EXECUTE|[59]
17:39:48.0 (47547999)|VARIABLE_ASSIGNMENT|[59]|this.WorkLocation2|null|0x3b384790
17:39:48.0 (47552399)|STATEMENT_EXECUTE|[60]
17:39:48.0 (47557040)|VARIABLE_ASSIGNMENT|[60]|this.JobCategory1|"営業系"|0x3b384790
17:39:48.0 (47562014)|STATEMENT_EXECUTE|[61]
17:39:48.0 (47570589)|VARIABLE_ASSIGNMENT|[61]|this.MaxAnnualSalary|450|0x3b384790
17:39:48.0 (47574689)|STATEMENT_EXECUTE|[62]
17:39:48.0 (47579963)|VARIABLE_ASSIGNMENT|[62]|this.MinAnnualSalary|350|0x3b384790
17:39:48.0 (47584665)|STATEMENT_EXECUTE|[63]
17:39:48.0 (47590382)|VARIABLE_ASSIGNMENT|[63]|this.JobDescription|"テスト407仕事内容仕事内容仕事内容仕事 (30 more) ..."|0x3b384790
17:39:48.0 (47595216)|STATEMENT_EXECUTE|[64]
17:39:48.0 (47611793)|VARIABLE_ASSIGNMENT|[64]|this.LastModifiedDate|"2026-02-05T00:49:22.000Z"|0x3b384790
17:39:48.0 (47616422)|STATEMENT_EXECUTE|[65]
17:39:48.0 (47625285)|VARIABLE_ASSIGNMENT|[65]|this.LastViewedDate|"2026-03-18T09:45:42.000Z"|0x3b384790
17:39:48.0 (47629619)|STATEMENT_EXECUTE|[66]
17:39:48.0 (47642836)|HEAP_ALLOCATE|[66]|Bytes:5
17:39:48.0 (47648359)|VARIABLE_ASSIGNMENT|[66]|this.IsFavorite|false|0x3b384790
17:39:48.0 (47652440)|STATEMENT_EXECUTE|[67]
17:39:48.0 (47657983)|HEAP_ALLOCATE|[EXTERNAL]|Bytes:4
17:39:48.0 (47669560)|HEAP_ALLOCATE|[55]|Bytes:5
17:39:48.0 (47679209)|VARIABLE_ASSIGNMENT|[55]|j|null|
17:39:48.0 (47684782)|STATEMENT_EXECUTE|[69]
17:39:48.47 (47750180)|CUMULATIVE_LIMIT_USAGE
17:39:48.47 (47750180)|LIMIT_USAGE_FOR_NS|(default)|
  Number of SOQL queries: 2 out of 100
  Number of query rows: 14 out of 50000
  Number of SOSL queries: 0 out of 20
  Number of DML statements: 0 out of 150
  Number of Publish Immediate DML: 0 out of 150
  Number of DML rows: 0 out of 10000
  Maximum CPU time: 0 out of 10000
  Maximum heap size: 0 out of 6000000
  Number of callouts: 0 out of 100
  Number of Email Invocations: 0 out of 10
  Number of future calls: 0 out of 50
  Number of queueable jobs added to the queue: 0 out of 50
  Number of Mobile Apex push calls: 0 out of 10

17:39:48.47 (47750180)|CUMULATIVE_LIMIT_USAGE_END

17:39:48.0 (47778464)|CODE_UNIT_FINISHED|JobCardsController.getJobs()
17:39:48.0 (47980078)|CODE_UNIT_FINISHED|apex://JobCardsController/ACTION$getJobs
17:39:48.0 (47986008)|EXECUTION_FINISHED
