66.0 APEX_CODE,FINEST;APEX_PROFILING,INFO;CALLOUT,INFO;DATA_ACCESS,INFO;DB,INFO;NBA,INFO;SYSTEM,DEBUG;VALIDATION,INFO;VISUALFORCE,INFO;WAVE,INFO;WORKFLOW,INFO
17:36:44.2 (2258451)|USER_INFO|[EXTERNAL]|0057F0000042UBb|ishibashi@hurex.co.jp.dev1|(GMT+09:00) 日本標準時 (Asia/Tokyo)|GMT+09:00
17:36:44.2 (2310143)|EXECUTION_STARTED
17:36:44.2 (2325400)|CODE_UNIT_STARTED|[EXTERNAL]|apex://RegistrationInfoController/ACTION$getEmploymentPicklistValues
17:36:44.2 (4749817)|CODE_UNIT_STARTED|[EXTERNAL]|01pBK000001mgyr|RegistrationInfoController.getEmploymentPicklistValues()
17:36:44.2 (5044990)|HEAP_ALLOCATE|[95]|Bytes:3
17:36:44.2 (5120259)|HEAP_ALLOCATE|[100]|Bytes:152
17:36:44.2 (5134026)|HEAP_ALLOCATE|[417]|Bytes:408
17:36:44.2 (5144933)|HEAP_ALLOCATE|[430]|Bytes:408
17:36:44.2 (5164174)|HEAP_ALLOCATE|[317]|Bytes:6
17:36:44.2 (5207223)|HEAP_ALLOCATE|[EXTERNAL]|Bytes:23
17:36:44.2 (5210820)|HEAP_ALLOCATE|[EXTERNAL]|Bytes:36
17:36:44.2 (5212719)|HEAP_ALLOCATE|[EXTERNAL]|Bytes:7
17:36:44.2 (5226419)|METHOD_ENTRY|[5]|01pBK000001mgyr|RegistrationInfoController.RegistrationInfoController()
17:36:44.2 (5230819)|STATEMENT_EXECUTE|[5]
17:36:44.2 (5236221)|STATEMENT_EXECUTE|[5]
17:36:44.2 (5254314)|HEAP_ALLOCATE|[68]|Bytes:5
17:36:44.2 (5275506)|HEAP_ALLOCATE|[74]|Bytes:5
17:36:44.2 (5281894)|HEAP_ALLOCATE|[82]|Bytes:7
17:36:44.2 (5443743)|HEAP_ALLOCATE|[EXTERNAL]|Bytes:5
17:36:44.2 (5447676)|STATEMENT_EXECUTE|[7]
17:36:44.2 (5456893)|METHOD_EXIT|[5]|RegistrationInfoController
17:36:44.2 (5467920)|HEAP_ALLOCATE|[106]|Bytes:5
17:36:44.2 (5470455)|STATEMENT_EXECUTE|[105]
17:36:44.2 (5471669)|STATEMENT_EXECUTE|[106]
17:36:44.2 (5473150)|HEAP_ALLOCATE|[106]|Bytes:7
17:36:44.2 (5475357)|HEAP_ALLOCATE|[106]|Bytes:20
17:36:44.2 (11522563)|METHOD_ENTRY|[106]|01pBK000001mgyr|RegistrationInfoController.getPicklistValuesWithoutEmpty(Schema.SObjectField)
17:36:44.2 (11587544)|VARIABLE_SCOPE_BEGIN|[132]|field|Schema.SObjectField|true|false
17:36:44.2 (11830935)|VARIABLE_ASSIGNMENT|[132]|field|"common.apex.runtime.impl.ApexFieldToken@4fde377a"|0x4fde377a
17:36:44.2 (11856330)|HEAP_ALLOCATE|[133]|Bytes:5
17:36:44.2 (11863945)|STATEMENT_EXECUTE|[132]
17:36:44.2 (11865535)|STATEMENT_EXECUTE|[133]
17:36:44.2 (11891230)|HEAP_ALLOCATE|[133]|Bytes:4
17:36:44.2 (11945353)|VARIABLE_SCOPE_BEGIN|[133]|options|List<Map<String,String>>|true|false
17:36:44.2 (12005541)|HEAP_ALLOCATE|[EXTERNAL]|Bytes:4
17:36:44.2 (12019459)|VARIABLE_ASSIGNMENT|[133]|options|[]|0x41e5391c
17:36:44.2 (12024761)|STATEMENT_EXECUTE|[134]
17:36:44.2 (12026067)|STATEMENT_EXECUTE|[134]
17:36:44.2 (12027694)|STATEMENT_EXECUTE|[135]
17:36:44.2 (12079051)|SYSTEM_MODE_ENTER|true
17:36:44.2 (24035137)|HEAP_ALLOCATE|[EXTERNAL]|Bytes:4
17:36:44.2 (24136941)|HEAP_ALLOCATE|[135]|Bytes:8
17:36:44.2 (24160261)|VARIABLE_SCOPE_BEGIN|[135]|fieldResult|Schema.DescribeFieldResult|true|false
17:36:44.2 (28069114)|VARIABLE_ASSIGNMENT|[135]|fieldResult|"common.api.soap.wsdl.Field@f005ae84"|0x2ed47bae
17:36:44.2 (28156537)|HEAP_ALLOCATE|[EXTERNAL]|Bytes:16
17:36:44.2 (28247375)|HEAP_ALLOCATE|[136]|Bytes:16
17:36:44.2 (28513526)|HEAP_ALLOCATE|[136]|Bytes:5
17:36:44.2 (28542007)|HEAP_ALLOCATE|[136]|Bytes:4
17:36:44.2 (28551458)|VARIABLE_SCOPE_BEGIN|[136]|entry|Schema.PicklistEntry|true|false
17:36:44.2 (28575018)|VARIABLE_ASSIGNMENT|[136]|entry|就業中|0x18fb2b78
17:36:44.2 (28584755)|STATEMENT_EXECUTE|[136]
17:36:44.2 (28586770)|STATEMENT_EXECUTE|[137]
17:36:44.2 (28604865)|HEAP_ALLOCATE|[137]|Bytes:4
17:36:44.2 (28619342)|VARIABLE_SCOPE_BEGIN|[137]|option|Map<String,String>|true|false
17:36:44.2 (28637590)|VARIABLE_ASSIGNMENT|[137]|option|{}|0x3b6c46d1
17:36:44.2 (28642338)|STATEMENT_EXECUTE|[138]
17:36:44.2 (28647495)|HEAP_ALLOCATE|[138]|Bytes:5
17:36:44.2 (28663840)|HEAP_ALLOCATE|[138]|Bytes:3
17:36:44.2 (28717020)|HEAP_ALLOCATE|[EXTERNAL]|Bytes:-4
17:36:44.2 (28722952)|STATEMENT_EXECUTE|[139]
17:36:44.2 (28725870)|HEAP_ALLOCATE|[139]|Bytes:5
17:36:44.2 (28734503)|HEAP_ALLOCATE|[139]|Bytes:3
17:36:44.2 (28749195)|HEAP_ALLOCATE|[EXTERNAL]|Bytes:-4
17:36:44.2 (28753741)|STATEMENT_EXECUTE|[140]
17:36:44.2 (28772813)|HEAP_ALLOCATE|[EXTERNAL]|Bytes:4
17:36:44.2 (28783055)|HEAP_ALLOCATE|[136]|Bytes:5
17:36:44.2 (28791634)|HEAP_ALLOCATE|[136]|Bytes:4
17:36:44.2 (28796390)|VARIABLE_SCOPE_BEGIN|[136]|entry|Schema.PicklistEntry|true|false
17:36:44.2 (28805363)|VARIABLE_ASSIGNMENT|[136]|entry|離職中|0x5ed6b00f
17:36:44.2 (28811133)|STATEMENT_EXECUTE|[136]
17:36:44.2 (28812390)|STATEMENT_EXECUTE|[137]
17:36:44.2 (28817347)|HEAP_ALLOCATE|[137]|Bytes:4
17:36:44.2 (28821558)|VARIABLE_SCOPE_BEGIN|[137]|option|Map<String,String>|true|false
17:36:44.2 (28853627)|VARIABLE_ASSIGNMENT|[137]|option|{}|0x1fb7f046
17:36:44.2 (28858007)|STATEMENT_EXECUTE|[138]
17:36:44.2 (28861995)|HEAP_ALLOCATE|[138]|Bytes:3
17:36:44.2 (28868152)|HEAP_ALLOCATE|[EXTERNAL]|Bytes:-4
17:36:44.2 (28872557)|STATEMENT_EXECUTE|[139]
17:36:44.2 (28875494)|HEAP_ALLOCATE|[139]|Bytes:3
17:36:44.2 (28880263)|HEAP_ALLOCATE|[EXTERNAL]|Bytes:-4
17:36:44.2 (28884334)|STATEMENT_EXECUTE|[140]
17:36:44.2 (28887757)|HEAP_ALLOCATE|[EXTERNAL]|Bytes:4
17:36:44.2 (28895979)|HEAP_ALLOCATE|[136]|Bytes:5
17:36:44.2 (28902516)|HEAP_ALLOCATE|[136]|Bytes:4
17:36:44.2 (28906596)|VARIABLE_SCOPE_BEGIN|[136]|entry|Schema.PicklistEntry|true|false
17:36:44.2 (28914316)|VARIABLE_ASSIGNMENT|[136]|entry|就業経験なし|0x463477af
17:36:44.2 (28919269)|STATEMENT_EXECUTE|[136]
17:36:44.2 (28920562)|STATEMENT_EXECUTE|[137]
17:36:44.2 (28924516)|HEAP_ALLOCATE|[137]|Bytes:4
17:36:44.2 (28928048)|VARIABLE_SCOPE_BEGIN|[137]|option|Map<String,String>|true|false
17:36:44.2 (28935522)|VARIABLE_ASSIGNMENT|[137]|option|{}|0x1d5bf2fe
17:36:44.2 (28939854)|STATEMENT_EXECUTE|[138]
17:36:44.2 (28942809)|HEAP_ALLOCATE|[138]|Bytes:6
17:36:44.2 (28948269)|HEAP_ALLOCATE|[EXTERNAL]|Bytes:-4
17:36:44.2 (28952529)|STATEMENT_EXECUTE|[139]
17:36:44.2 (28955356)|HEAP_ALLOCATE|[139]|Bytes:6
17:36:44.2 (28960191)|HEAP_ALLOCATE|[EXTERNAL]|Bytes:-4
17:36:44.2 (28964234)|STATEMENT_EXECUTE|[140]
17:36:44.2 (28967712)|HEAP_ALLOCATE|[EXTERNAL]|Bytes:4
17:36:44.2 (28975188)|HEAP_ALLOCATE|[136]|Bytes:5
17:36:44.2 (28983260)|VARIABLE_ASSIGNMENT|[136]|entry|null|
17:36:44.2 (28989714)|STATEMENT_EXECUTE|[145]
17:36:44.2 (29004736)|METHOD_EXIT|[106]|01pBK000001mgyr|RegistrationInfoController.getPicklistValuesWithoutEmpty(Schema.SObjectField)
17:36:44.29 (29080469)|CUMULATIVE_LIMIT_USAGE
17:36:44.29 (29080469)|LIMIT_USAGE_FOR_NS|(default)|
  Number of SOQL queries: 0 out of 100
  Number of query rows: 0 out of 50000
  Number of SOSL queries: 0 out of 20
  Number of DML statements: 0 out of 0
  Number of Publish Immediate DML: 0 out of 150
  Number of DML rows: 0 out of 10000
  Maximum CPU time: 0 out of 10000
  Maximum heap size: 0 out of 6000000
  Number of callouts: 0 out of 100
  Number of Email Invocations: 0 out of 10
  Number of future calls: 0 out of 50
  Number of queueable jobs added to the queue: 0 out of 50
  Number of Mobile Apex push calls: 0 out of 10

17:36:44.29 (29080469)|CUMULATIVE_LIMIT_USAGE_END

17:36:44.2 (29136563)|CODE_UNIT_FINISHED|RegistrationInfoController.getEmploymentPicklistValues()
17:36:44.2 (29348079)|CODE_UNIT_FINISHED|apex://RegistrationInfoController/ACTION$getEmploymentPicklistValues
17:36:44.2 (29364658)|EXECUTION_FINISHED
