66.0 APEX_CODE,FINEST;APEX_PROFILING,INFO;CALLOUT,INFO;DATA_ACCESS,INFO;DB,INFO;NBA,INFO;SYSTEM,DEBUG;VALIDATION,INFO;VISUALFORCE,INFO;WAVE,INFO;WORKFLOW,INFO
11:52:51.1 (1619330)|USER_INFO|[EXTERNAL]|0057F0000042UBb|ishibashi@hurex.co.jp.dev1|(GMT+09:00) 日本標準時 (Asia/Tokyo)|GMT+09:00
11:52:51.1 (1657869)|EXECUTION_STARTED
11:52:51.1 (1668400)|CODE_UNIT_STARTED|[EXTERNAL]|apex://RegistrationFormController/ACTION$saveRegistration
11:52:51.1 (5331124)|CODE_UNIT_STARTED|[EXTERNAL]|01pBK000001hN0n|RegistrationFormController.saveRegistration(Map<String,ANY>)
11:52:51.1 (8086602)|VARIABLE_SCOPE_BEGIN|[3]|RegistrationFormController.PROFILE_NAME|String|false|true
11:52:51.1 (8138216)|VARIABLE_SCOPE_BEGIN|[2]|RegistrationFormController.RT_NAME|String|false|true
11:52:51.1 (8204620)|VARIABLE_SCOPE_BEGIN|[5]|RegistrationFormController.jobSeekerProfile|Profile|true|true
11:52:51.1 (8261830)|VARIABLE_SCOPE_BEGIN|[4]|RegistrationFormController.jobSeekerRecordType|RecordType|true|true
11:52:51.1 (8397453)|HEAP_ALLOCATE|[95]|Bytes:3
11:52:51.1 (8440032)|HEAP_ALLOCATE|[100]|Bytes:152
11:52:51.1 (8458846)|HEAP_ALLOCATE|[417]|Bytes:408
11:52:51.1 (8473473)|HEAP_ALLOCATE|[430]|Bytes:408
11:52:51.1 (8493331)|HEAP_ALLOCATE|[317]|Bytes:6
11:52:51.1 (8499875)|HEAP_ALLOCATE|[EXTERNAL]|Bytes:23
11:52:51.1 (8504167)|HEAP_ALLOCATE|[EXTERNAL]|Bytes:6
11:52:51.1 (8506145)|HEAP_ALLOCATE|[EXTERNAL]|Bytes:3
11:52:51.1 (8540523)|VARIABLE_ASSIGNMENT|[EXTERNAL]|RegistrationFormController.PROFILE_NAME|"求職者"
11:52:51.1 (8546469)|HEAP_ALLOCATE|[EXTERNAL]|Bytes:3
11:52:51.1 (8549778)|VARIABLE_ASSIGNMENT|[EXTERNAL]|RegistrationFormController.RT_NAME|"求職者"
11:52:51.1 (8559580)|METHOD_ENTRY|[1]|01pBK000001hN0n|RegistrationFormController.RegistrationFormController()
11:52:51.1 (8564058)|STATEMENT_EXECUTE|[1]
11:52:51.1 (8568935)|STATEMENT_EXECUTE|[1]
11:52:51.1 (8586930)|HEAP_ALLOCATE|[68]|Bytes:5
11:52:51.1 (8609970)|HEAP_ALLOCATE|[74]|Bytes:5
11:52:51.1 (8614290)|HEAP_ALLOCATE|[82]|Bytes:7
11:52:51.1 (8880729)|HEAP_ALLOCATE|[EXTERNAL]|Bytes:5
11:52:51.1 (8893029)|METHOD_EXIT|[1]|RegistrationFormController
11:52:51.1 (8910986)|HEAP_ALLOCATE|[EXTERNAL]|Bytes:116
11:52:51.1 (8917653)|VARIABLE_SCOPE_BEGIN|[8]|accountData|Map<String,ANY>|true|false
11:52:51.1 (8930994)|VARIABLE_ASSIGNMENT|[8]|accountData|"Map of size 28 too large to display"|0x210d3880
11:52:51.1 (8941263)|HEAP_ALLOCATE|[9]|Bytes:5
11:52:51.1 (8943920)|STATEMENT_EXECUTE|[8]
11:52:51.1 (8945414)|STATEMENT_EXECUTE|[9]
11:52:51.1 (8951300)|STATEMENT_EXECUTE|[10]
11:52:51.1 (8952157)|STATEMENT_EXECUTE|[11]
11:52:51.1 (8953856)|HEAP_ALLOCATE|[11]|Bytes:85
11:52:51.1 (8960814)|HEAP_ALLOCATE|[11]|Bytes:4
11:52:51.1 (8968864)|HEAP_ALLOCATE|[11]|Bytes:7
11:52:51.1 (9492085)|SOQL_EXECUTE_BEGIN|[11]|Aggregations:0|SELECT Id FROM RecordType WHERE (Name = :tmpVar1 AND SobjectType = 'Account') LIMIT 1
11:52:51.1 (61178756)|SOQL_EXECUTE_END|[11]|Rows:1
11:52:51.1 (61234385)|HEAP_ALLOCATE|[11]|Bytes:8
11:52:51.1 (61257733)|HEAP_ALLOCATE|[11]|Bytes:29
11:52:51.1 (61419237)|HEAP_ALLOCATE|[11]|Bytes:8
11:52:51.1 (61443590)|HEAP_ALLOCATE|[11]|Bytes:36
11:52:51.1 (61513583)|HEAP_ALLOCATE|[11]|Bytes:8
11:52:51.1 (61611257)|VARIABLE_ASSIGNMENT|[11]|RegistrationFormController.jobSeekerRecordType|{"Id":"012BK000001h7bxYAA"}|0x7eb77aed
11:52:51.1 (61623953)|STATEMENT_EXECUTE|[12]
11:52:51.1 (61629963)|STATEMENT_EXECUTE|[14]
11:52:51.1 (61631121)|STATEMENT_EXECUTE|[15]
11:52:51.1 (61633500)|HEAP_ALLOCATE|[15]|Bytes:52
11:52:51.1 (61651082)|HEAP_ALLOCATE|[15]|Bytes:4
11:52:51.1 (65951130)|SOQL_EXECUTE_BEGIN|[15]|Aggregations:0|SELECT Id FROM Profile WHERE Name = :tmpVar1 LIMIT 1
11:52:51.1 (73919935)|SOQL_EXECUTE_END|[15]|Rows:1
11:52:51.1 (73961806)|HEAP_ALLOCATE|[15]|Bytes:8
11:52:51.1 (73979924)|HEAP_ALLOCATE|[15]|Bytes:29
11:52:51.1 (74066692)|HEAP_ALLOCATE|[15]|Bytes:8
11:52:51.1 (74087532)|HEAP_ALLOCATE|[15]|Bytes:33
11:52:51.1 (74137387)|HEAP_ALLOCATE|[15]|Bytes:8
11:52:51.1 (74212755)|VARIABLE_ASSIGNMENT|[15]|RegistrationFormController.jobSeekerProfile|{"Id":"00eBK00000GYZoXYAX"}|0x6dd970d8
11:52:51.1 (74221195)|STATEMENT_EXECUTE|[16]
11:52:51.1 (74223986)|STATEMENT_EXECUTE|[19]
11:52:51.1 (75500989)|SAVEPOINT_SET|[19]|SavepointValue0
11:52:51.1 (75520715)|HEAP_ALLOCATE|[19]|Bytes:16
11:52:51.1 (75534662)|VARIABLE_SCOPE_BEGIN|[19]|sp|System.Savepoint|true|false
11:52:51.1 (75696979)|VARIABLE_ASSIGNMENT|[19]|sp|"common.apex.runtime.impl.ApexUserSavepoint@2d36b61f"|0x2d36b61f
11:52:51.1 (75701991)|STATEMENT_EXECUTE|[20]
11:52:51.1 (75703330)|STATEMENT_EXECUTE|[20]
11:52:51.1 (75704157)|STATEMENT_EXECUTE|[21]
11:52:51.1 (75729094)|METHOD_ENTRY|[21]|01pBK000001hN0n|RegistrationFormController.buildAccount(Map<String,ANY>)
11:52:51.1 (75799878)|VARIABLE_SCOPE_BEGIN|[32]|data|Map<String,ANY>|true|false
11:52:51.1 (75813579)|VARIABLE_ASSIGNMENT|[32]|data|"Map of size 28 too large to display"|0x210d3880
11:52:51.1 (75828974)|HEAP_ALLOCATE|[33]|Bytes:5
11:52:51.1 (75831637)|STATEMENT_EXECUTE|[32]
11:52:51.1 (75832912)|STATEMENT_EXECUTE|[33]
11:52:51.1 (75851254)|HEAP_ALLOCATE|[33]|Bytes:4
11:52:51.1 (82596214)|VARIABLE_ASSIGNMENT|[33]|this.RecordTypeId|"012BK000001h7bxYAA"|0x470f8084
11:52:51.1 (82660539)|VARIABLE_SCOPE_BEGIN|[33]|acc|Account|true|false
11:52:51.1 (82685268)|VARIABLE_ASSIGNMENT|[33]|acc|{"RecordTypeId":"012BK000001h7bxYAA"}|0x470f8084
11:52:51.1 (82691269)|STATEMENT_EXECUTE|[34]
11:52:51.1 (82699715)|HEAP_ALLOCATE|[34]|Bytes:8
11:52:51.1 (82708755)|HEAP_ALLOCATE|[34]|Bytes:8
11:52:51.1 (82821690)|METHOD_ENTRY|[34]|01pBK000001hN0n|RegistrationFormController.setIfNotBlank(SObject, String, Object)
11:52:51.1 (82835557)|VARIABLE_SCOPE_BEGIN|[67]|obj|SObject|true|false
11:52:51.1 (82845243)|VARIABLE_ASSIGNMENT|[67]|obj|{"RecordTypeId":"012BK000001h7bxYAA"}|0x470f8084
11:52:51.1 (82848796)|VARIABLE_SCOPE_BEGIN|[67]|fieldName|String|false|false
11:52:51.1 (82853941)|VARIABLE_ASSIGNMENT|[67]|fieldName|"LastName"
11:52:51.1 (82858832)|VARIABLE_SCOPE_BEGIN|[67]|value|Object|false|false
11:52:51.1 (82863037)|VARIABLE_ASSIGNMENT|[67]|value|"1"
11:52:51.1 (82880798)|HEAP_ALLOCATE|[68]|Bytes:5
11:52:51.1 (82883645)|STATEMENT_EXECUTE|[67]
11:52:51.1 (82886418)|HEAP_ALLOCATE|[68]|Bytes:16
11:52:51.1 (82969093)|STATEMENT_EXECUTE|[68]
11:52:51.1 (82970268)|STATEMENT_EXECUTE|[69]
11:52:51.1 (83103972)|METHOD_EXIT|[34]|01pBK000001hN0n|RegistrationFormController.setIfNotBlank(SObject, String, Object)
11:52:51.1 (83108793)|STATEMENT_EXECUTE|[35]
11:52:51.1 (83111449)|HEAP_ALLOCATE|[35]|Bytes:9
11:52:51.1 (83113885)|HEAP_ALLOCATE|[35]|Bytes:9
11:52:51.1 (83131227)|METHOD_ENTRY|[35]|01pBK000001hN0n|RegistrationFormController.setIfNotBlank(SObject, String, Object)
11:52:51.1 (83133974)|VARIABLE_SCOPE_BEGIN|[67]|obj|SObject|true|false
11:52:51.1 (83142888)|VARIABLE_ASSIGNMENT|[67]|obj|{"RecordTypeId":"012BK000001h7bxYAA","LastName":"1"}|0x470f8084
11:52:51.1 (83145565)|VARIABLE_SCOPE_BEGIN|[67]|fieldName|String|false|false
11:52:51.1 (83149419)|VARIABLE_ASSIGNMENT|[67]|fieldName|"FirstName"
11:52:51.1 (83151378)|VARIABLE_SCOPE_BEGIN|[67]|value|Object|false|false
11:52:51.1 (83154849)|VARIABLE_ASSIGNMENT|[67]|value|"1"
11:52:51.1 (83161398)|HEAP_ALLOCATE|[68]|Bytes:5
11:52:51.1 (83163166)|STATEMENT_EXECUTE|[67]
11:52:51.1 (83177366)|STATEMENT_EXECUTE|[68]
11:52:51.1 (83178202)|STATEMENT_EXECUTE|[69]
11:52:51.1 (83203386)|METHOD_EXIT|[35]|01pBK000001hN0n|RegistrationFormController.setIfNotBlank(SObject, String, Object)
11:52:51.1 (83206097)|STATEMENT_EXECUTE|[36]
11:52:51.1 (83207806)|HEAP_ALLOCATE|[36]|Bytes:11
11:52:51.1 (83209997)|HEAP_ALLOCATE|[36]|Bytes:5
11:52:51.1 (83220548)|METHOD_ENTRY|[36]|01pBK000001hN0n|RegistrationFormController.setIfNotBlank(SObject, String, Object)
11:52:51.1 (83222875)|VARIABLE_SCOPE_BEGIN|[67]|obj|SObject|true|false
11:52:51.1 (83229072)|VARIABLE_ASSIGNMENT|[67]|obj|{"RecordTypeId":"012BK000001h7bxYAA","LastName":"1","FirstName":"1"}|0x470f8084
11:52:51.1 (83231788)|VARIABLE_SCOPE_BEGIN|[67]|fieldName|String|false|false
11:52:51.1 (83236123)|VARIABLE_ASSIGNMENT|[67]|fieldName|"PersonEmail"
11:52:51.1 (83238157)|VARIABLE_SCOPE_BEGIN|[67]|value|Object|false|false
11:52:51.1 (83242583)|VARIABLE_ASSIGNMENT|[67]|value|"sun@rakucloud.com"
11:52:51.1 (83246471)|HEAP_ALLOCATE|[68]|Bytes:5
11:52:51.1 (83248068)|STATEMENT_EXECUTE|[67]
11:52:51.1 (83256421)|STATEMENT_EXECUTE|[68]
11:52:51.1 (83257269)|STATEMENT_EXECUTE|[69]
11:52:51.1 (83285832)|METHOD_EXIT|[36]|01pBK000001hN0n|RegistrationFormController.setIfNotBlank(SObject, String, Object)
11:52:51.1 (83288336)|STATEMENT_EXECUTE|[37]
11:52:51.1 (83289808)|HEAP_ALLOCATE|[37]|Bytes:14
11:52:51.1 (83291987)|HEAP_ALLOCATE|[37]|Bytes:9
11:52:51.1 (83308088)|METHOD_ENTRY|[37]|01pBK000001hN0n|RegistrationFormController.setDateIfValid(SObject, String, String)
11:52:51.1 (83311675)|VARIABLE_SCOPE_BEGIN|[73]|obj|SObject|true|false
11:52:51.1 (83318573)|VARIABLE_ASSIGNMENT|[73]|obj|{"RecordTypeId":"012BK000001h7bxYAA","LastName":"1","FirstName":"1","PersonEmail":"sun@rakucloud.com"}|0x470f8084
11:52:51.1 (83321728)|VARIABLE_SCOPE_BEGIN|[73]|fieldName|String|false|false
11:52:51.1 (83325793)|VARIABLE_ASSIGNMENT|[73]|fieldName|"DateOfBirth__c"
11:52:51.1 (83327981)|VARIABLE_SCOPE_BEGIN|[73]|dateStr|String|false|false
11:52:51.1 (83332421)|VARIABLE_ASSIGNMENT|[73]|dateStr|"1913-01-16"
11:52:51.1 (83336999)|HEAP_ALLOCATE|[74]|Bytes:5
11:52:51.1 (83339036)|STATEMENT_EXECUTE|[73]
11:52:51.1 (83350186)|STATEMENT_EXECUTE|[74]
11:52:51.1 (83351287)|STATEMENT_EXECUTE|[75]
11:52:51.1 (83352038)|STATEMENT_EXECUTE|[75]
11:52:51.1 (83352911)|STATEMENT_EXECUTE|[76]
11:52:51.1 (83383258)|HEAP_ALLOCATE|[76]|Bytes:4
11:52:51.1 (83426058)|METHOD_EXIT|[37]|01pBK000001hN0n|RegistrationFormController.setDateIfValid(SObject, String, String)
11:52:51.1 (83428601)|STATEMENT_EXECUTE|[38]
11:52:51.1 (83430283)|HEAP_ALLOCATE|[38]|Bytes:17
11:52:51.1 (83432513)|HEAP_ALLOCATE|[38]|Bytes:5
11:52:51.1 (83442866)|METHOD_ENTRY|[38]|01pBK000001hN0n|RegistrationFormController.setIfNotBlank(SObject, String, Object)
11:52:51.1 (83445176)|VARIABLE_SCOPE_BEGIN|[67]|obj|SObject|true|false
11:52:51.1 (83465536)|VARIABLE_ASSIGNMENT|[67]|obj|{"RecordTypeId":"012BK000001h7bxYAA","LastName":"1","FirstName":"1","PersonEmail":"sun@rakucloud.com","DateOfBirth__c":"1913-01-16T00:00:00.000Z"}|0x470f8084
11:52:51.1 (83469443)|VARIABLE_SCOPE_BEGIN|[67]|fieldName|String|false|false
11:52:51.1 (83473544)|VARIABLE_ASSIGNMENT|[67]|fieldName|"PersonMobilePhone"
11:52:51.1 (83475478)|VARIABLE_SCOPE_BEGIN|[67]|value|Object|false|false
11:52:51.1 (83479292)|VARIABLE_ASSIGNMENT|[67]|value|"1"
11:52:51.1 (83482920)|HEAP_ALLOCATE|[68]|Bytes:5
11:52:51.1 (83485675)|STATEMENT_EXECUTE|[67]
11:52:51.1 (83495723)|STATEMENT_EXECUTE|[68]
11:52:51.1 (83496542)|STATEMENT_EXECUTE|[69]
11:52:51.1 (83527916)|METHOD_EXIT|[38]|01pBK000001hN0n|RegistrationFormController.setIfNotBlank(SObject, String, Object)
11:52:51.1 (83531740)|STATEMENT_EXECUTE|[39]
11:52:51.1 (83534101)|HEAP_ALLOCATE|[39]|Bytes:12
11:52:51.1 (83592363)|VARIABLE_ASSIGNMENT|[39]|this.NameKanaSei__pc|"1"|0x470f8084
11:52:51.1 (83595967)|STATEMENT_EXECUTE|[40]
11:52:51.1 (83597341)|HEAP_ALLOCATE|[40]|Bytes:13
11:52:51.1 (83620780)|VARIABLE_ASSIGNMENT|[40]|this.NameKanaMei__pc|"1"|0x470f8084
11:52:51.1 (83623680)|STATEMENT_EXECUTE|[41]
11:52:51.1 (83625187)|HEAP_ALLOCATE|[41]|Bytes:6
11:52:51.1 (83650286)|VARIABLE_ASSIGNMENT|[41]|this.Gender__pc|"男性"|0x470f8084
11:52:51.1 (83655220)|STATEMENT_EXECUTE|[42]
11:52:51.1 (83656495)|HEAP_ALLOCATE|[42]|Bytes:7
11:52:51.1 (83677328)|VARIABLE_ASSIGNMENT|[42]|this.PostalCode__c|"1500022"|0x470f8084
11:52:51.1 (83679957)|STATEMENT_EXECUTE|[43]
11:52:51.1 (83681376)|HEAP_ALLOCATE|[43]|Bytes:10
11:52:51.1 (83700291)|VARIABLE_ASSIGNMENT|[43]|this.City__c|"東京都"|0x470f8084
11:52:51.1 (83703209)|STATEMENT_EXECUTE|[44]
11:52:51.1 (83704336)|HEAP_ALLOCATE|[44]|Bytes:11
11:52:51.1 (83723024)|VARIABLE_ASSIGNMENT|[44]|this.CityAndAddress__c|"渋谷区恵比寿南"|0x470f8084
11:52:51.1 (83726527)|STATEMENT_EXECUTE|[45]
11:52:51.1 (83727663)|HEAP_ALLOCATE|[45]|Bytes:11
11:52:51.1 (83746786)|VARIABLE_ASSIGNMENT|[45]|this.PreferredChangeDate__c|"2026/09/22"|0x470f8084
11:52:51.1 (83749426)|STATEMENT_EXECUTE|[46]
11:52:51.1 (83750557)|HEAP_ALLOCATE|[46]|Bytes:9
11:52:51.1 (83769760)|VARIABLE_ASSIGNMENT|[46]|this.PreferredWorkLocation1__c|"北海道/東北"|0x470f8084
11:52:51.1 (83772800)|STATEMENT_EXECUTE|[47]
11:52:51.1 (83773907)|HEAP_ALLOCATE|[47]|Bytes:9
11:52:51.1 (83792906)|VARIABLE_ASSIGNMENT|[47]|this.PreferredWorkLocation2__c|"北海道/東北"|0x470f8084
11:52:51.1 (83795811)|STATEMENT_EXECUTE|[48]
11:52:51.1 (83796891)|HEAP_ALLOCATE|[48]|Bytes:9
11:52:51.1 (83815089)|VARIABLE_ASSIGNMENT|[48]|this.PreferredWorkLocation3__c|"北海道/東北"|0x470f8084
11:52:51.1 (83818037)|STATEMENT_EXECUTE|[49]
11:52:51.1 (83819089)|HEAP_ALLOCATE|[49]|Bytes:14
11:52:51.1 (83838451)|VARIABLE_ASSIGNMENT|[49]|this.PreferredSalary__c|"200"|0x470f8084
11:52:51.1 (83841196)|STATEMENT_EXECUTE|[50]
11:52:51.1 (83842279)|HEAP_ALLOCATE|[50]|Bytes:18
11:52:51.1 (83860210)|VARIABLE_ASSIGNMENT|[50]|this.CandidateSelectedOccupation__c|"営業系"|0x470f8084
11:52:51.1 (83863534)|STATEMENT_EXECUTE|[51]
11:52:51.1 (83864615)|HEAP_ALLOCATE|[51]|Bytes:17
11:52:51.1 (83883389)|VARIABLE_ASSIGNMENT|[51]|this.FinalEducationLevel__pc|"大学卒"|0x470f8084
11:52:51.1 (83886166)|STATEMENT_EXECUTE|[52]
11:52:51.1 (83887275)|HEAP_ALLOCATE|[52]|Bytes:12
11:52:51.1 (83905579)|VARIABLE_ASSIGNMENT|[52]|this.SchoolFacultyDepartment__c|"1"|0x470f8084
11:52:51.1 (83908217)|STATEMENT_EXECUTE|[53]
11:52:51.1 (83909333)|HEAP_ALLOCATE|[53]|Bytes:16
11:52:51.1 (83928038)|VARIABLE_ASSIGNMENT|[53]|this.EmploymentStatus__pc|"就業中"|0x470f8084
11:52:51.1 (83931075)|STATEMENT_EXECUTE|[54]
11:52:51.1 (83932305)|HEAP_ALLOCATE|[54]|Bytes:8
11:52:51.1 (83945694)|METHOD_ENTRY|[54]|01pBK000001hN0n|RegistrationFormController.parseTransfer(Object)
11:52:51.1 (83955797)|VARIABLE_SCOPE_BEGIN|[83]|transfer|Object|false|false
11:52:51.1 (83960383)|VARIABLE_ASSIGNMENT|[83]|transfer|"不可"
11:52:51.1 (83966335)|HEAP_ALLOCATE|[84]|Bytes:5
11:52:51.1 (83968670)|STATEMENT_EXECUTE|[83]
11:52:51.1 (83969545)|STATEMENT_EXECUTE|[84]
11:52:51.1 (83970881)|HEAP_ALLOCATE|[84]|Bytes:2
11:52:51.1 (83990011)|HEAP_ALLOCATE|[84]|Bytes:5
11:52:51.1 (83995167)|METHOD_EXIT|[54]|01pBK000001hN0n|RegistrationFormController.parseTransfer(Object)
11:52:51.1 (84014079)|VARIABLE_ASSIGNMENT|[54]|this.IsWillingToRelocate__pc|false|0x470f8084
11:52:51.1 (84017890)|STATEMENT_EXECUTE|[55]
11:52:51.1 (84019198)|HEAP_ALLOCATE|[55]|Bytes:12
11:52:51.1 (84031920)|METHOD_ENTRY|[55]|01pBK000001hN0n|RegistrationFormController.parseCompanyCount(Object)
11:52:51.1 (84035549)|VARIABLE_SCOPE_BEGIN|[87]|companyCountObj|Object|false|false
11:52:51.1 (84039906)|VARIABLE_ASSIGNMENT|[87]|companyCountObj|"3社"
11:52:51.1 (84044552)|HEAP_ALLOCATE|[88]|Bytes:5
11:52:51.1 (84046282)|STATEMENT_EXECUTE|[87]
11:52:51.1 (84047170)|STATEMENT_EXECUTE|[88]
11:52:51.1 (84049344)|VARIABLE_SCOPE_BEGIN|[88]|companyCountStr|String|false|false
11:52:51.1 (84053764)|VARIABLE_ASSIGNMENT|[88]|companyCountStr|"3社"
11:52:51.1 (84066785)|STATEMENT_EXECUTE|[89]
11:52:51.1 (84068172)|HEAP_ALLOCATE|[90]|Bytes:5
11:52:51.1 (84077214)|STATEMENT_EXECUTE|[90]
11:52:51.1 (84078210)|STATEMENT_EXECUTE|[91]
11:52:51.1 (84079985)|HEAP_ALLOCATE|[91]|Bytes:6
11:52:51.1 (84097195)|HEAP_ALLOCATE|[91]|Bytes:1
11:52:51.1 (84101184)|VARIABLE_SCOPE_BEGIN|[91]|numPart|String|false|false
11:52:51.1 (84105825)|VARIABLE_ASSIGNMENT|[91]|numPart|"3"
11:52:51.1 (84108232)|STATEMENT_EXECUTE|[92]
11:52:51.1 (84131452)|HEAP_ALLOCATE|[92]|Bytes:4
11:52:51.1 (84135235)|METHOD_EXIT|[55]|01pBK000001hN0n|RegistrationFormController.parseCompanyCount(Object)
11:52:51.1 (84168556)|HEAP_ALLOCATE|[55]|Bytes:28
11:52:51.1 (84171114)|HEAP_ALLOCATE|[55]|Bytes:28
11:52:51.1 (84193845)|VARIABLE_ASSIGNMENT|[55]|this.NumberOfCompaniesWorked__c|3|0x470f8084
11:52:51.1 (84196754)|STATEMENT_EXECUTE|[56]
11:52:51.1 (84198103)|HEAP_ALLOCATE|[56]|Bytes:11
11:52:51.1 (84223743)|VARIABLE_ASSIGNMENT|[56]|this.EmployerName1__c|"1"|0x470f8084
11:52:51.1 (84283154)|STATEMENT_EXECUTE|[57]
11:52:51.1 (84284413)|STATEMENT_EXECUTE|[58]
11:52:51.1 (84286551)|HEAP_ALLOCATE|[58]|Bytes:9
11:52:51.1 (84309908)|METHOD_ENTRY|[58]|01pBK000001hN0n|RegistrationFormController.parseYearMonth(String)
11:52:51.1 (84314033)|VARIABLE_SCOPE_BEGIN|[95]|yearMonth|String|false|false
11:52:51.1 (84319000)|VARIABLE_ASSIGNMENT|[95]|yearMonth|"1900-02"
11:52:51.1 (84324707)|HEAP_ALLOCATE|[96]|Bytes:5
11:52:51.1 (84327014)|STATEMENT_EXECUTE|[95]
11:52:51.1 (84338235)|STATEMENT_EXECUTE|[96]
11:52:51.1 (84339496)|STATEMENT_EXECUTE|[97]
11:52:51.1 (84340801)|HEAP_ALLOCATE|[97]|Bytes:1
11:52:51.1 (84369867)|HEAP_ALLOCATE|[97]|Bytes:4
11:52:51.1 (84371800)|HEAP_ALLOCATE|[97]|Bytes:2
11:52:51.1 (84374803)|HEAP_ALLOCATE|[97]|Bytes:12
11:52:51.1 (84380272)|VARIABLE_SCOPE_BEGIN|[97]|parts|List<String>|true|false
11:52:51.1 (84420818)|HEAP_ALLOCATE|[EXTERNAL]|Bytes:12
11:52:51.1 (84432240)|VARIABLE_ASSIGNMENT|[97]|parts|["1900","02"]|0x266075db
11:52:51.1 (84454662)|STATEMENT_EXECUTE|[98]
11:52:51.1 (84455732)|STATEMENT_EXECUTE|[99]
11:52:51.1 (84456537)|STATEMENT_EXECUTE|[99]
11:52:51.1 (84457288)|STATEMENT_EXECUTE|[100]
11:52:51.1 (84464512)|HEAP_ALLOCATE|[100]|Bytes:4
11:52:51.1 (84477634)|HEAP_ALLOCATE|[100]|Bytes:2
11:52:51.1 (84502865)|HEAP_ALLOCATE|[100]|Bytes:4
11:52:51.1 (84509531)|METHOD_EXIT|[58]|01pBK000001hN0n|RegistrationFormController.parseYearMonth(String)
11:52:51.1 (84549124)|VARIABLE_ASSIGNMENT|[58]|this.WorkStartDate1__c|"1900-02-01T00:00:00.000Z"|0x470f8084
11:52:51.1 (84552285)|STATEMENT_EXECUTE|[59]
11:52:51.1 (84553523)|HEAP_ALLOCATE|[59]|Bytes:7
11:52:51.1 (84565666)|METHOD_ENTRY|[59]|01pBK000001hN0n|RegistrationFormController.parseYearMonth(String)
11:52:51.1 (84568376)|VARIABLE_SCOPE_BEGIN|[95]|yearMonth|String|false|false
11:52:51.1 (84572703)|VARIABLE_ASSIGNMENT|[95]|yearMonth|"1913-01"
11:52:51.1 (84576968)|HEAP_ALLOCATE|[96]|Bytes:5
11:52:51.1 (84578629)|STATEMENT_EXECUTE|[95]
11:52:51.1 (84584869)|STATEMENT_EXECUTE|[96]
11:52:51.1 (84585749)|STATEMENT_EXECUTE|[97]
11:52:51.1 (84593597)|HEAP_ALLOCATE|[97]|Bytes:4
11:52:51.1 (84595390)|HEAP_ALLOCATE|[97]|Bytes:2
11:52:51.1 (84597164)|HEAP_ALLOCATE|[97]|Bytes:12
11:52:51.1 (84600957)|VARIABLE_SCOPE_BEGIN|[97]|parts|List<String>|true|false
11:52:51.1 (84610922)|HEAP_ALLOCATE|[EXTERNAL]|Bytes:12
11:52:51.1 (84614706)|VARIABLE_ASSIGNMENT|[97]|parts|["1913","01"]|0x1b42b77f
11:52:51.1 (84621081)|STATEMENT_EXECUTE|[98]
11:52:51.1 (84621908)|STATEMENT_EXECUTE|[99]
11:52:51.1 (84622643)|STATEMENT_EXECUTE|[99]
11:52:51.1 (84623374)|STATEMENT_EXECUTE|[100]
11:52:51.1 (84625018)|HEAP_ALLOCATE|[100]|Bytes:4
11:52:51.1 (84632653)|HEAP_ALLOCATE|[100]|Bytes:2
11:52:51.1 (84644346)|HEAP_ALLOCATE|[100]|Bytes:4
11:52:51.1 (84649033)|METHOD_EXIT|[59]|01pBK000001hN0n|RegistrationFormController.parseYearMonth(String)
11:52:51.1 (84670337)|VARIABLE_ASSIGNMENT|[59]|this.WorkEndDate1__c|"1913-01-01T00:00:00.000Z"|0x470f8084
11:52:51.1 (84673238)|STATEMENT_EXECUTE|[60]
11:52:51.1 (84674617)|HEAP_ALLOCATE|[60]|Bytes:13
11:52:51.1 (84698922)|VARIABLE_ASSIGNMENT|[60]|this.CurrentAnnualIncome1__c|"900"|0x470f8084
11:52:51.1 (84701823)|STATEMENT_EXECUTE|[61]
11:52:51.1 (84702999)|HEAP_ALLOCATE|[61]|Bytes:14
11:52:51.1 (84724617)|VARIABLE_ASSIGNMENT|[61]|this.JobDescription1__pc|"1"|0x470f8084
11:52:51.1 (84727379)|STATEMENT_EXECUTE|[62]
11:52:51.1 (84728547)|HEAP_ALLOCATE|[62]|Bytes:25
11:52:51.1 (84754987)|VARIABLE_ASSIGNMENT|[62]|this.Occupation1__c|"営業(法人);営業(個人);代理店営業; (22 more) ..."|0x470f8084
11:52:51.1 (84760424)|STATEMENT_EXECUTE|[65]
11:52:51.1 (84765550)|METHOD_EXIT|[21]|01pBK000001hN0n|RegistrationFormController.buildAccount(Map<String,ANY>)
11:52:51.1 (84772088)|VARIABLE_SCOPE_BEGIN|[21]|acc|Account|true|false
11:52:51.1 (84814683)|VARIABLE_ASSIGNMENT|[21]|acc|{"RecordTypeId":"012BK000001h7bxYAA","LastName":"1","FirstName":"1","PersonEmail":"sun@rakucloud.com","DateOfBirth__c":"1913-01-16T00:00:00.000Z","PersonMobilePhone":"1","NameKanaSei__pc":"1","NameKanaMei__pc":"1","Gender__pc":"男性","PostalCode__c":"1500022","City__c":"東京都","CityAndAddress__c":"渋谷区恵比寿南","PreferredChangeDate__c":"2026/09/22","PreferredWorkLocation1__c":"北海道/東北","PreferredWorkLocation2__c":"北海道/東北","PreferredWorkLocation3__c":"北海道/東北","PreferredSalary__c":"200","CandidateSelectedOccupation__c":"営業系","FinalEducationLevel__pc":"大学卒","SchoolFacultyDepartment__c":"1","EmploymentStatus__pc":"就業中","IsWillingToRelocate__pc":false,"NumberOfCompaniesWorked__c":3,"EmployerName1__c":"1","WorkStartDate1__c":"1900-02-01T00:00:00.000Z","WorkEndDate1__c":"1913-01-01T00:00:00.000Z","CurrentAnnualIncome1__c":"900","JobDescription1__pc":"1","Occupation1__c":"営業(法人);営業(個人);代理店営業; (22 more) ..."}|0x470f8084
11:52:51.1 (84833033)|STATEMENT_EXECUTE|[22]
11:52:51.1 (84865075)|HEAP_ALLOCATE|[22]|Bytes:8
11:52:51.1 (84880426)|DML_BEGIN|[22]|Op:Insert|Type:Account|Rows:1
11:52:51.1 (84926710)|HEAP_ALLOCATE|[EXTERNAL]|Bytes:8
11:52:51.1 (638389471)|DML_END|[22]
11:52:51.1 (638526458)|EXCEPTION_THROWN|[22]|System.DmlException: Insert failed. First exception on row 0; first error: INVALID_OR_NULL_FOR_RESTRICTED_PICKLIST, １: 制限つき選択リスト項目の値が不適切: 営業(法人): [Occupation1__c]
11:52:51.1 (641058279)|HEAP_ALLOCATE|[22]|Bytes:149
11:52:51.1 (641124565)|VARIABLE_SCOPE_BEGIN|[26]|e|Exception|true|false
11:52:51.1 (641189943)|VARIABLE_ASSIGNMENT|[26]|e|"common.apex.runtime.impl.DmlExecutionException: Insert failed. First exception on row 0; first error: INVALID_OR_NULL_FOR_RESTRICTED_PICKLIST, １: 制限つき選択リスト項目の値が不適切: 営業(法人): [Occupation1__c]"|0x6fb08edc
11:52:51.1 (641199899)|STATEMENT_EXECUTE|[26]
11:52:51.1 (641201659)|STATEMENT_EXECUTE|[27]
11:52:51.1 (641302935)|SAVEPOINT_ROLLBACK|[27]|SavepointValue0
11:52:51.1 (642482409)|STATEMENT_EXECUTE|[28]
11:52:51.1 (642500240)|HEAP_ALLOCATE|[28]|Bytes:11
11:52:51.1 (642553405)|HEAP_ALLOCATE|[28]|Bytes:145
11:52:51.1 (642572739)|HEAP_ALLOCATE|[28]|Bytes:156
11:52:51.1 (642726603)|FATAL_ERROR|System.AuraHandledException: Script-thrown exception

Class.RegistrationFormController.saveRegistration: line 28, column 1
11:52:51.1 (642735360)|FATAL_ERROR|System.AuraHandledException: Script-thrown exception

Class.RegistrationFormController.saveRegistration: line 28, column 1
11:52:51.642 (642741815)|CUMULATIVE_LIMIT_USAGE
11:52:51.642 (642741815)|LIMIT_USAGE_FOR_NS|(default)|
  Number of SOQL queries: 2 out of 100
  Number of query rows: 2 out of 50000
  Number of SOSL queries: 0 out of 20
  Number of DML statements: 3 out of 150
  Number of Publish Immediate DML: 0 out of 150
  Number of DML rows: 1 out of 10000
  Maximum CPU time: 0 out of 10000
  Maximum heap size: 0 out of 6000000
  Number of callouts: 0 out of 100
  Number of Email Invocations: 0 out of 10
  Number of future calls: 0 out of 50
  Number of queueable jobs added to the queue: 0 out of 50
  Number of Mobile Apex push calls: 0 out of 10

11:52:51.642 (642741815)|CUMULATIVE_LIMIT_USAGE_END

11:52:51.1 (642770869)|CODE_UNIT_FINISHED|RegistrationFormController.saveRegistration(Map<String,ANY>)
11:52:51.1 (642986769)|CODE_UNIT_FINISHED|apex://RegistrationFormController/ACTION$saveRegistration
11:52:51.1 (642992458)|EXECUTION_FINISHED
