66.0 APEX_CODE,FINEST;APEX_PROFILING,INFO;CALLOUT,INFO;DATA_ACCESS,INFO;DB,INFO;NBA,INFO;SYSTEM,DEBUG;VALIDATION,INFO;VISUALFORCE,INFO;WAVE,INFO;WORKFLOW,INFO
16:21:14.0 (794017)|USER_INFO|[EXTERNAL]|0057F0000042UBb|ishibashi@hurex.co.jp.dev1|(GMT+09:00) 日本標準時 (Asia/Tokyo)|GMT+09:00
16:21:14.0 (834865)|EXECUTION_STARTED
16:21:14.0 (845585)|CODE_UNIT_STARTED|[EXTERNAL]|apex://JobCardsController/ACTION$getJobs
16:21:14.0 (2472444)|CODE_UNIT_STARTED|[EXTERNAL]|01pBK000001RGBP|JobCardsController.getJobs()
16:21:14.0 (2956873)|HEAP_ALLOCATE|[95]|Bytes:3
16:21:14.0 (3045039)|HEAP_ALLOCATE|[100]|Bytes:152
16:21:14.0 (3060175)|HEAP_ALLOCATE|[417]|Bytes:408
16:21:14.0 (3070844)|HEAP_ALLOCATE|[430]|Bytes:408
16:21:14.0 (3091458)|HEAP_ALLOCATE|[317]|Bytes:6
16:21:14.0 (3101955)|HEAP_ALLOCATE|[EXTERNAL]|Bytes:10
16:21:14.0 (3105421)|HEAP_ALLOCATE|[EXTERNAL]|Bytes:5
16:21:14.0 (3107545)|HEAP_ALLOCATE|[EXTERNAL]|Bytes:3
16:21:14.0 (3118772)|METHOD_ENTRY|[6]|01pBK000001RGBP|JobCardsController.JobCardsController()
16:21:14.0 (3124572)|STATEMENT_EXECUTE|[6]
16:21:14.0 (3128576)|STATEMENT_EXECUTE|[6]
16:21:14.0 (3148175)|HEAP_ALLOCATE|[68]|Bytes:5
16:21:14.0 (3171329)|HEAP_ALLOCATE|[74]|Bytes:5
16:21:14.0 (3175857)|HEAP_ALLOCATE|[82]|Bytes:7
16:21:14.0 (3406660)|HEAP_ALLOCATE|[EXTERNAL]|Bytes:5
16:21:14.0 (3411572)|STATEMENT_EXECUTE|[12]
16:21:14.0 (3419586)|METHOD_EXIT|[6]|JobCardsController
16:21:14.0 (3431770)|HEAP_ALLOCATE|[35]|Bytes:5
16:21:14.0 (3434282)|STATEMENT_EXECUTE|[33]
16:21:14.0 (3435349)|STATEMENT_EXECUTE|[35]
16:21:14.0 (3452181)|HEAP_ALLOCATE|[35]|Bytes:4
16:21:14.0 (3497517)|VARIABLE_SCOPE_BEGIN|[35]|favoriteJobIds|Set<Id>|true|false
16:21:14.0 (3588205)|VARIABLE_ASSIGNMENT|[35]|favoriteJobIds|[]|0x4b9b5dce
16:21:14.0 (3594646)|HEAP_ALLOCATE|[36]|Bytes:91
16:21:14.0 (3608961)|HEAP_ALLOCATE|[36]|Bytes:4
16:21:14.0 (3615552)|HEAP_ALLOCATE|[36]|Bytes:7
16:21:14.0 (3674389)|HEAP_ALLOCATE|[38]|Bytes:105
16:21:14.0 (3682028)|SYSTEM_METHOD_ENTRY|[1]|UserInfo.UserInfo()
16:21:14.0 (3684659)|STATEMENT_EXECUTE|[1]
16:21:14.0 (3689163)|SYSTEM_METHOD_EXIT|[1]|UserInfo
16:21:14.0 (3699279)|METHOD_ENTRY|[38]||System.UserInfo.getUserId()
16:21:14.0 (8756705)|METHOD_EXIT|[38]||System.UserInfo.getUserId()
16:21:14.0 (101166084)|SOQL_EXECUTE_BEGIN|[36]|Aggregations:0|SELECT Job__c FROM InterestedJob__c WHERE (CreatedById = :tmpVar1 AND IsArchive__c = FALSE)
16:21:14.0 (123974274)|SOQL_EXECUTE_END|[36]|Rows:4
16:21:14.0 (124017972)|HEAP_ALLOCATE|[EXTERNAL]|Bytes:20
16:21:14.0 (124475719)|HEAP_ALLOCATE|[36]|Bytes:54
16:21:14.0 (124486267)|HEAP_ALLOCATE|[36]|Bytes:8
16:21:14.0 (124502500)|SYSTEM_METHOD_ENTRY|[7]|QueryLocatorIterator.QueryLocatorIterator()
16:21:14.0 (124507534)|STATEMENT_EXECUTE|[7]
16:21:14.0 (124518771)|SYSTEM_METHOD_EXIT|[7]|QueryLocatorIterator
16:21:14.0 (124527803)|HEAP_ALLOCATE|[36]|Bytes:28
16:21:14.0 (124629787)|HEAP_ALLOCATE|[36]|Bytes:20
16:21:14.0 (124641144)|HEAP_ALLOCATE|[36]|Bytes:8
16:21:14.0 (124642931)|HEAP_ALLOCATE|[36]|Bytes:8
16:21:14.0 (124647642)|VARIABLE_SCOPE_BEGIN|[15]|this|Database.QueryLocatorIterator|true|false
16:21:14.0 (124698676)|VARIABLE_ASSIGNMENT|[15]|this|{}|0x501bdf3a
16:21:14.0 (124703953)|VARIABLE_SCOPE_BEGIN|[15]|values|List<SObject>|true|false
16:21:14.0 (124854622)|VARIABLE_ASSIGNMENT|[15]|values|[{"Job__c":"a0KBK00000Gexcs2AB","Id":"a0OBK000004najC2AQ"},{"Job__c":"a0KBK00000Gexdg2AB","Id":"a0OBK000004nbNV2AY"},{"Job__c":"a0KBK00000Gexcu2AB","Id":"a0OBK000004v8wE2AQ"},{"Job__c":"a0KBK00000GezgQ2AR","Id":"a0OBK0000050riz2AA"}]|0x6c6074c8
16:21:14.0 (124863064)|VARIABLE_SCOPE_BEGIN|[15]|ql|Database.QueryLocator|true|false
16:21:14.0 (124880051)|VARIABLE_ASSIGNMENT|[15]|ql|{"query":"SELECT Job__c FROM I (71 more) ..."}|0x64ad5cb0
16:21:14.0 (124884579)|VARIABLE_SCOPE_BEGIN|[15]|totalNumRecords|Integer|false|false
16:21:14.0 (124893973)|VARIABLE_ASSIGNMENT|[15]|totalNumRecords|4
16:21:14.0 (124898079)|VARIABLE_SCOPE_BEGIN|[15]|queryMoreSize|Integer|false|false
16:21:14.0 (124904569)|VARIABLE_ASSIGNMENT|[15]|queryMoreSize|49996
16:21:14.0 (125003582)|HEAP_ALLOCATE|[36]|Bytes:28
16:21:14.0 (125041520)|METHOD_ENTRY|[36]||Database.QueryLocatorIterator.hasNext()
16:21:14.0 (125155225)|METHOD_EXIT|[36]||Database.QueryLocatorIterator.hasNext()
16:21:14.0 (125164785)|METHOD_ENTRY|[36]||Database.QueryLocatorIterator.next()
16:21:14.0 (125240842)|METHOD_EXIT|[36]||Database.QueryLocatorIterator.next()
16:21:14.0 (125248804)|VARIABLE_SCOPE_BEGIN|[36]|fav|InterestedJob__c|true|false
16:21:14.0 (125304024)|VARIABLE_ASSIGNMENT|[36]|fav|{"Job__c":"a0KBK00000Gexcs2AB","Id":"a0OBK000004najC2AQ"}|0x786e048e
16:21:14.0 (125310828)|STATEMENT_EXECUTE|[39]
16:21:14.0 (125312494)|STATEMENT_EXECUTE|[40]
16:21:14.0 (125384332)|HEAP_ALLOCATE|[EXTERNAL]|Bytes:4
16:21:14.0 (125393546)|METHOD_ENTRY|[36]||Database.QueryLocatorIterator.hasNext()
16:21:14.0 (125404993)|METHOD_EXIT|[36]||Database.QueryLocatorIterator.hasNext()
16:21:14.0 (125407643)|METHOD_ENTRY|[36]||Database.QueryLocatorIterator.next()
16:21:14.0 (125432150)|METHOD_EXIT|[36]||Database.QueryLocatorIterator.next()
16:21:14.0 (125434729)|VARIABLE_SCOPE_BEGIN|[36]|fav|InterestedJob__c|true|false
16:21:14.0 (125455068)|VARIABLE_ASSIGNMENT|[36]|fav|{"Job__c":"a0KBK00000Gexdg2AB","Id":"a0OBK000004nbNV2AY"}|0x17c7e97f
16:21:14.0 (125458304)|STATEMENT_EXECUTE|[39]
16:21:14.0 (125459244)|STATEMENT_EXECUTE|[40]
16:21:14.0 (125464863)|HEAP_ALLOCATE|[EXTERNAL]|Bytes:4
16:21:14.0 (125468989)|METHOD_ENTRY|[36]||Database.QueryLocatorIterator.hasNext()
16:21:14.0 (125477106)|METHOD_EXIT|[36]||Database.QueryLocatorIterator.hasNext()
16:21:14.0 (125479475)|METHOD_ENTRY|[36]||Database.QueryLocatorIterator.next()
16:21:14.0 (125498822)|METHOD_EXIT|[36]||Database.QueryLocatorIterator.next()
16:21:14.0 (125501140)|VARIABLE_SCOPE_BEGIN|[36]|fav|InterestedJob__c|true|false
16:21:14.0 (125512916)|VARIABLE_ASSIGNMENT|[36]|fav|{"Job__c":"a0KBK00000Gexcu2AB","Id":"a0OBK000004v8wE2AQ"}|0x19016feb
16:21:14.0 (125515728)|STATEMENT_EXECUTE|[39]
16:21:14.0 (125516565)|STATEMENT_EXECUTE|[40]
16:21:14.0 (125520193)|HEAP_ALLOCATE|[EXTERNAL]|Bytes:4
16:21:14.0 (125524368)|METHOD_ENTRY|[36]||Database.QueryLocatorIterator.hasNext()
16:21:14.0 (125531980)|METHOD_EXIT|[36]||Database.QueryLocatorIterator.hasNext()
16:21:14.0 (125534220)|METHOD_ENTRY|[36]||Database.QueryLocatorIterator.next()
16:21:14.0 (125552704)|METHOD_EXIT|[36]||Database.QueryLocatorIterator.next()
16:21:14.0 (125554815)|VARIABLE_SCOPE_BEGIN|[36]|fav|InterestedJob__c|true|false
16:21:14.0 (125565669)|VARIABLE_ASSIGNMENT|[36]|fav|{"Job__c":"a0KBK00000GezgQ2AR","Id":"a0OBK0000050riz2AA"}|0x78596a8f
16:21:14.0 (125568364)|STATEMENT_EXECUTE|[39]
16:21:14.0 (125569193)|STATEMENT_EXECUTE|[40]
16:21:14.0 (125572620)|HEAP_ALLOCATE|[EXTERNAL]|Bytes:4
16:21:14.0 (125576688)|METHOD_ENTRY|[36]||Database.QueryLocatorIterator.hasNext()
16:21:14.0 (125582515)|METHOD_EXIT|[36]||Database.QueryLocatorIterator.hasNext()
16:21:14.0 (125587153)|VARIABLE_ASSIGNMENT|[36]|fav|null|
16:21:14.0 (125611645)|STATEMENT_EXECUTE|[44]
16:21:14.0 (125615222)|HEAP_ALLOCATE|[44]|Bytes:217
16:21:14.0 (125633680)|HEAP_ALLOCATE|[44]|Bytes:4
16:21:14.0 (126258195)|SOQL_EXECUTE_BEGIN|[44]|Aggregations:0|SELECT Id, JobPosition__c, WorkLocation2__c, JobCategory1__c, MaxAnnualSalary__c, MinAnnualSalary__c, JobDescription__c, LastModifiedDate, LastViewedDate FROM Job__c ORDER BY LastModifiedDate DESC NULLS FIRST LIMIT 10
16:21:14.0 (154933896)|SOQL_EXECUTE_END|[44]|Rows:10
16:21:14.0 (154978473)|HEAP_ALLOCATE|[44]|Bytes:44
16:21:14.0 (155002950)|HEAP_ALLOCATE|[44]|Bytes:4083
16:21:14.0 (155118623)|HEAP_ALLOCATE|[44]|Bytes:44
16:21:14.0 (155139380)|VARIABLE_SCOPE_BEGIN|[44]|jobs|List<Job__c>|true|false
16:21:14.0 (155169174)|VARIABLE_ASSIGNMENT|[44]|jobs|"List of size 10 too large to display"|0x1baed6c9
16:21:14.0 (155175835)|STATEMENT_EXECUTE|[54]
16:21:14.0 (155187595)|HEAP_ALLOCATE|[54]|Bytes:4
16:21:14.0 (155282819)|VARIABLE_SCOPE_BEGIN|[54]|result|List<JobCardsController.JobWrapper>|true|false
16:21:14.0 (155300046)|HEAP_ALLOCATE|[EXTERNAL]|Bytes:4
16:21:14.0 (155309152)|VARIABLE_ASSIGNMENT|[54]|result|[]|0x1cfceee5
16:21:14.0 (155459883)|HEAP_ALLOCATE|[55]|Bytes:5
16:21:14.0 (155481996)|HEAP_ALLOCATE|[55]|Bytes:40
16:21:14.0 (155489500)|VARIABLE_SCOPE_BEGIN|[55]|j|Job__c|true|false
16:21:14.0 (155678858)|VARIABLE_ASSIGNMENT|[55]|j|{"LastModifiedDate":"2026-04-03T04:12:21.000Z","JobPosition__c":"新潟市(新潟) 法人ルート営業・業界シェ (74 more) ...","WorkLocation2__c":"新潟県新潟市（転勤なし／車通勤可）","LastViewedDate":"2026-04-03T08:24:43.000Z","Id":"a0KBK00000GezgQ2AR","MinAnnualSalary__c":350,"JobDescription__c":"自社開発製造の給配水機器とその関連製品の (25 more) ...","JobCategory1__c":"経営幹部/企画/マーケティング系","MaxAnnualSalary__c":550}|0x5ad23e0d
16:21:14.0 (155690614)|STATEMENT_EXECUTE|[55]
16:21:14.0 (155691809)|STATEMENT_EXECUTE|[56]
16:21:14.0 (155734432)|HEAP_ALLOCATE|[56]|Bytes:44
16:21:14.0 (155765379)|CONSTRUCTOR_ENTRY|[56]|01pBK000001RGBP|<init>()|JobCardsController.JobWrapper
16:21:14.0 (155800199)|VARIABLE_SCOPE_BEGIN|[12]|this|JobCardsController.JobWrapper|true|false
16:21:14.0 (155921708)|VARIABLE_ASSIGNMENT|[12]|this|{}|0x23ba9e4d
16:21:14.0 (155945568)|STATEMENT_EXECUTE|[12]
16:21:14.0 (155946864)|STATEMENT_EXECUTE|[13]
16:21:14.0 (155948150)|STATEMENT_EXECUTE|[14]
16:21:14.0 (155949124)|STATEMENT_EXECUTE|[15]
16:21:14.0 (155950042)|STATEMENT_EXECUTE|[16]
16:21:14.0 (155950789)|STATEMENT_EXECUTE|[17]
16:21:14.0 (155951751)|STATEMENT_EXECUTE|[18]
16:21:14.0 (155952512)|STATEMENT_EXECUTE|[19]
16:21:14.0 (155953325)|STATEMENT_EXECUTE|[20]
16:21:14.0 (155954097)|STATEMENT_EXECUTE|[21]
16:21:14.0 (155954971)|STATEMENT_EXECUTE|[22]
16:21:14.0 (155957228)|CONSTRUCTOR_EXIT|[56]|01pBK000001RGBP|<init>()|JobCardsController.JobWrapper
16:21:14.0 (155960841)|VARIABLE_SCOPE_BEGIN|[56]|wrapper|JobCardsController.JobWrapper|true|false
16:21:14.0 (155970464)|VARIABLE_ASSIGNMENT|[56]|wrapper|{}|0x23ba9e4d
16:21:14.0 (155973364)|STATEMENT_EXECUTE|[57]
16:21:14.0 (156236731)|VARIABLE_ASSIGNMENT|[57]|this.Id|"a0KBK00000GezgQ2AR"|0x23ba9e4d
16:21:14.0 (156243011)|STATEMENT_EXECUTE|[58]
16:21:14.0 (156267215)|VARIABLE_ASSIGNMENT|[58]|this.JobPosition|"新潟市(新潟) 法人ルート営業・業界シェ (74 more) ..."|0x23ba9e4d
16:21:14.0 (156271637)|STATEMENT_EXECUTE|[59]
16:21:14.0 (156279154)|VARIABLE_ASSIGNMENT|[59]|this.WorkLocation2|"新潟県新潟市（転勤なし／車通勤可）"|0x23ba9e4d
16:21:14.0 (156282443)|STATEMENT_EXECUTE|[60]
16:21:14.0 (156289085)|VARIABLE_ASSIGNMENT|[60]|this.JobCategory1|"経営幹部/企画/マーケティング系"|0x23ba9e4d
16:21:14.0 (156292208)|STATEMENT_EXECUTE|[61]
16:21:14.0 (156344236)|VARIABLE_ASSIGNMENT|[61]|this.MaxAnnualSalary|550|0x23ba9e4d
16:21:14.0 (156348651)|STATEMENT_EXECUTE|[62]
16:21:14.0 (156361546)|VARIABLE_ASSIGNMENT|[62]|this.MinAnnualSalary|350|0x23ba9e4d
16:21:14.0 (156365861)|STATEMENT_EXECUTE|[63]
16:21:14.0 (156375399)|VARIABLE_ASSIGNMENT|[63]|this.JobDescription|"自社開発製造の給配水機器とその関連製品の (25 more) ..."|0x23ba9e4d
16:21:14.0 (156395666)|STATEMENT_EXECUTE|[64]
16:21:14.0 (156433015)|VARIABLE_ASSIGNMENT|[64]|this.LastModifiedDate|"2026-04-03T04:12:21.000Z"|0x23ba9e4d
16:21:14.0 (156436413)|STATEMENT_EXECUTE|[65]
16:21:14.0 (156451579)|VARIABLE_ASSIGNMENT|[65]|this.LastViewedDate|"2026-04-03T08:24:43.000Z"|0x23ba9e4d
16:21:14.0 (156454498)|STATEMENT_EXECUTE|[66]
16:21:14.0 (156509638)|HEAP_ALLOCATE|[66]|Bytes:5
16:21:14.0 (156514904)|VARIABLE_ASSIGNMENT|[66]|this.IsFavorite|true|0x23ba9e4d
16:21:14.0 (156521997)|STATEMENT_EXECUTE|[67]
16:21:14.0 (156540205)|HEAP_ALLOCATE|[EXTERNAL]|Bytes:4
16:21:14.0 (156555304)|HEAP_ALLOCATE|[55]|Bytes:5
16:21:14.0 (156569186)|HEAP_ALLOCATE|[55]|Bytes:32
16:21:14.0 (156585712)|VARIABLE_SCOPE_BEGIN|[55]|j|Job__c|true|false
16:21:14.0 (156653236)|VARIABLE_ASSIGNMENT|[55]|j|{"LastModifiedDate":"2026-04-02T02:54:44.000Z","JobPosition__c":"テスト451求人タイトル求人タイトル求人 (235 more) ...","WorkLocation2__c":"444444","LastViewedDate":"2026-04-02T11:07:27.000Z","Id":"a0KBK00000Gexdg2AB","JobDescription__c":"テスト451仕事内容仕事内容仕事内容仕事 (230 more) ...","JobCategory1__c":"経営幹部/企画/マーケティング系"}|0x7c6a8360
16:21:14.0 (156661242)|STATEMENT_EXECUTE|[55]
16:21:14.0 (156662283)|STATEMENT_EXECUTE|[56]
16:21:14.0 (156667258)|HEAP_ALLOCATE|[56]|Bytes:44
16:21:14.0 (156673590)|CONSTRUCTOR_ENTRY|[56]|01pBK000001RGBP|<init>()|JobCardsController.JobWrapper
16:21:14.0 (156679437)|VARIABLE_SCOPE_BEGIN|[12]|this|JobCardsController.JobWrapper|true|false
16:21:14.0 (156700294)|VARIABLE_ASSIGNMENT|[12]|this|{}|0x62b06811
16:21:14.0 (156716238)|STATEMENT_EXECUTE|[12]
16:21:14.0 (156717100)|STATEMENT_EXECUTE|[13]
16:21:14.0 (156717968)|STATEMENT_EXECUTE|[14]
16:21:14.0 (156718770)|STATEMENT_EXECUTE|[15]
16:21:14.0 (156719638)|STATEMENT_EXECUTE|[16]
16:21:14.0 (156720392)|STATEMENT_EXECUTE|[17]
16:21:14.0 (156721215)|STATEMENT_EXECUTE|[18]
16:21:14.0 (156721982)|STATEMENT_EXECUTE|[19]
16:21:14.0 (156722789)|STATEMENT_EXECUTE|[20]
16:21:14.0 (156723582)|STATEMENT_EXECUTE|[21]
16:21:14.0 (156724412)|STATEMENT_EXECUTE|[22]
16:21:14.0 (156726340)|CONSTRUCTOR_EXIT|[56]|01pBK000001RGBP|<init>()|JobCardsController.JobWrapper
16:21:14.0 (156729788)|VARIABLE_SCOPE_BEGIN|[56]|wrapper|JobCardsController.JobWrapper|true|false
16:21:14.0 (156737882)|VARIABLE_ASSIGNMENT|[56]|wrapper|{}|0x62b06811
16:21:14.0 (156740412)|STATEMENT_EXECUTE|[57]
16:21:14.0 (156820843)|VARIABLE_ASSIGNMENT|[57]|this.Id|"a0KBK00000Gexdg2AB"|0x62b06811
16:21:14.0 (156824412)|STATEMENT_EXECUTE|[58]
16:21:14.0 (156851403)|VARIABLE_ASSIGNMENT|[58]|this.JobPosition|"テスト451求人タイトル求人タイトル求人 (235 more) ..."|0x62b06811
16:21:14.0 (156855010)|STATEMENT_EXECUTE|[59]
16:21:14.0 (156859206)|VARIABLE_ASSIGNMENT|[59]|this.WorkLocation2|"444444"|0x62b06811
16:21:14.0 (156861658)|STATEMENT_EXECUTE|[60]
16:21:14.0 (156865348)|VARIABLE_ASSIGNMENT|[60]|this.JobCategory1|"経営幹部/企画/マーケティング系"|0x62b06811
16:21:14.0 (156868328)|STATEMENT_EXECUTE|[61]
16:21:14.0 (156872474)|VARIABLE_ASSIGNMENT|[61]|this.MaxAnnualSalary|null|0x62b06811
16:21:14.0 (156875056)|STATEMENT_EXECUTE|[62]
16:21:14.0 (156877790)|VARIABLE_ASSIGNMENT|[62]|this.MinAnnualSalary|null|0x62b06811
16:21:14.0 (156880343)|STATEMENT_EXECUTE|[63]
16:21:14.0 (156884099)|VARIABLE_ASSIGNMENT|[63]|this.JobDescription|"テスト451仕事内容仕事内容仕事内容仕事 (230 more) ..."|0x62b06811
16:21:14.0 (156886963)|STATEMENT_EXECUTE|[64]
16:21:14.0 (156897288)|VARIABLE_ASSIGNMENT|[64]|this.LastModifiedDate|"2026-04-02T02:54:44.000Z"|0x62b06811
16:21:14.0 (156899928)|STATEMENT_EXECUTE|[65]
16:21:14.0 (156905423)|VARIABLE_ASSIGNMENT|[65]|this.LastViewedDate|"2026-04-02T11:07:27.000Z"|0x62b06811
16:21:14.0 (156908108)|STATEMENT_EXECUTE|[66]
16:21:14.0 (156917826)|HEAP_ALLOCATE|[66]|Bytes:5
16:21:14.0 (156921119)|VARIABLE_ASSIGNMENT|[66]|this.IsFavorite|true|0x62b06811
16:21:14.0 (156923893)|STATEMENT_EXECUTE|[67]
16:21:14.0 (156928373)|HEAP_ALLOCATE|[EXTERNAL]|Bytes:4
16:21:14.0 (156936163)|HEAP_ALLOCATE|[55]|Bytes:5
16:21:14.0 (156943353)|HEAP_ALLOCATE|[55]|Bytes:40
16:21:14.0 (156947490)|VARIABLE_SCOPE_BEGIN|[55]|j|Job__c|true|false
16:21:14.0 (156995150)|VARIABLE_ASSIGNMENT|[55]|j|{"LastModifiedDate":"2026-03-18T01:52:52.000Z","JobPosition__c":"テスト401求人タイトル求人タイトル求人 (28 more) ...","WorkLocation2__c":"勤務地","LastViewedDate":"2026-04-02T11:19:39.000Z","Id":"a0KBK00000Gexcs2AB","MinAnnualSalary__c":450,"JobDescription__c":"テスト401仕事内容仕事内容仕事内容仕事 (30 more) ...","JobCategory1__c":"専門職系（コンサルタント/金融/不動産）","MaxAnnualSalary__c":600}|0x5f2255d0
16:21:14.0 (157002485)|STATEMENT_EXECUTE|[55]
16:21:14.0 (157003946)|STATEMENT_EXECUTE|[56]
16:21:14.0 (157006288)|HEAP_ALLOCATE|[56]|Bytes:44
16:21:14.0 (157009615)|CONSTRUCTOR_ENTRY|[56]|01pBK000001RGBP|<init>()|JobCardsController.JobWrapper
16:21:14.0 (157013134)|VARIABLE_SCOPE_BEGIN|[12]|this|JobCardsController.JobWrapper|true|false
16:21:14.0 (157022826)|VARIABLE_ASSIGNMENT|[12]|this|{}|0xfc04106
16:21:14.0 (157031686)|STATEMENT_EXECUTE|[12]
16:21:14.0 (157032596)|STATEMENT_EXECUTE|[13]
16:21:14.0 (157033389)|STATEMENT_EXECUTE|[14]
16:21:14.0 (157034167)|STATEMENT_EXECUTE|[15]
16:21:14.0 (157034939)|STATEMENT_EXECUTE|[16]
16:21:14.0 (157035713)|STATEMENT_EXECUTE|[17]
16:21:14.0 (157036628)|STATEMENT_EXECUTE|[18]
16:21:14.0 (157037492)|STATEMENT_EXECUTE|[19]
16:21:14.0 (157038267)|STATEMENT_EXECUTE|[20]
16:21:14.0 (157039051)|STATEMENT_EXECUTE|[21]
16:21:14.0 (157039825)|STATEMENT_EXECUTE|[22]
16:21:14.0 (157041438)|CONSTRUCTOR_EXIT|[56]|01pBK000001RGBP|<init>()|JobCardsController.JobWrapper
16:21:14.0 (157044342)|VARIABLE_SCOPE_BEGIN|[56]|wrapper|JobCardsController.JobWrapper|true|false
16:21:14.0 (157051638)|VARIABLE_ASSIGNMENT|[56]|wrapper|{}|0xfc04106
16:21:14.0 (157054377)|STATEMENT_EXECUTE|[57]
16:21:14.0 (157087107)|VARIABLE_ASSIGNMENT|[57]|this.Id|"a0KBK00000Gexcs2AB"|0xfc04106
16:21:14.0 (157090011)|STATEMENT_EXECUTE|[58]
16:21:14.0 (157094398)|VARIABLE_ASSIGNMENT|[58]|this.JobPosition|"テスト401求人タイトル求人タイトル求人 (28 more) ..."|0xfc04106
16:21:14.0 (157097402)|STATEMENT_EXECUTE|[59]
16:21:14.0 (157100728)|VARIABLE_ASSIGNMENT|[59]|this.WorkLocation2|"勤務地"|0xfc04106
16:21:14.0 (157103435)|STATEMENT_EXECUTE|[60]
16:21:14.0 (157113185)|VARIABLE_ASSIGNMENT|[60]|this.JobCategory1|"専門職系（コンサルタント/金融/不動産）"|0xfc04106
16:21:14.0 (157116943)|STATEMENT_EXECUTE|[61]
16:21:14.0 (157125011)|VARIABLE_ASSIGNMENT|[61]|this.MaxAnnualSalary|600|0xfc04106
16:21:14.0 (157127612)|STATEMENT_EXECUTE|[62]
16:21:14.0 (157131161)|VARIABLE_ASSIGNMENT|[62]|this.MinAnnualSalary|450|0xfc04106
16:21:14.0 (157133607)|STATEMENT_EXECUTE|[63]
16:21:14.0 (157137177)|VARIABLE_ASSIGNMENT|[63]|this.JobDescription|"テスト401仕事内容仕事内容仕事内容仕事 (30 more) ..."|0xfc04106
16:21:14.0 (157140203)|STATEMENT_EXECUTE|[64]
16:21:14.0 (157147522)|VARIABLE_ASSIGNMENT|[64]|this.LastModifiedDate|"2026-03-18T01:52:52.000Z"|0xfc04106
16:21:14.0 (157150206)|STATEMENT_EXECUTE|[65]
16:21:14.0 (157155250)|VARIABLE_ASSIGNMENT|[65]|this.LastViewedDate|"2026-04-02T11:19:39.000Z"|0xfc04106
16:21:14.0 (157157749)|STATEMENT_EXECUTE|[66]
16:21:14.0 (157164633)|HEAP_ALLOCATE|[66]|Bytes:5
16:21:14.0 (157184923)|VARIABLE_ASSIGNMENT|[66]|this.IsFavorite|true|0xfc04106
16:21:14.0 (157188518)|STATEMENT_EXECUTE|[67]
16:21:14.0 (157192162)|HEAP_ALLOCATE|[EXTERNAL]|Bytes:4
16:21:14.0 (157198923)|HEAP_ALLOCATE|[55]|Bytes:5
16:21:14.0 (157204774)|HEAP_ALLOCATE|[55]|Bytes:36
16:21:14.0 (157208136)|VARIABLE_SCOPE_BEGIN|[55]|j|Job__c|true|false
16:21:14.0 (157245859)|VARIABLE_ASSIGNMENT|[55]|j|{"LastModifiedDate":"2026-03-12T05:33:30.000Z","JobPosition__c":"テスト424求人タイトル求人タイトル求人 (28 more) ...","LastViewedDate":"2026-04-02T07:16:25.000Z","Id":"a0KBK00000GexdF2AR","MinAnnualSalary__c":250,"JobDescription__c":"テスト424仕事内容仕事内容仕事内容仕事 (30 more) ...","JobCategory1__c":"技術系（電気/電子/機械）","MaxAnnualSalary__c":350}|0x710fa864
16:21:14.0 (157252199)|STATEMENT_EXECUTE|[55]
16:21:14.0 (157253047)|STATEMENT_EXECUTE|[56]
16:21:14.0 (157254860)|HEAP_ALLOCATE|[56]|Bytes:44
16:21:14.0 (157257743)|CONSTRUCTOR_ENTRY|[56]|01pBK000001RGBP|<init>()|JobCardsController.JobWrapper
16:21:14.0 (157261044)|VARIABLE_SCOPE_BEGIN|[12]|this|JobCardsController.JobWrapper|true|false
16:21:14.0 (157270005)|VARIABLE_ASSIGNMENT|[12]|this|{}|0x78fffe45
16:21:14.0 (157276938)|STATEMENT_EXECUTE|[12]
16:21:14.0 (157277831)|STATEMENT_EXECUTE|[13]
16:21:14.0 (157278773)|STATEMENT_EXECUTE|[14]
16:21:14.0 (157279553)|STATEMENT_EXECUTE|[15]
16:21:14.0 (157280332)|STATEMENT_EXECUTE|[16]
16:21:14.0 (157281129)|STATEMENT_EXECUTE|[17]
16:21:14.0 (157281899)|STATEMENT_EXECUTE|[18]
16:21:14.0 (157282684)|STATEMENT_EXECUTE|[19]
16:21:14.0 (157283442)|STATEMENT_EXECUTE|[20]
16:21:14.0 (157284227)|STATEMENT_EXECUTE|[21]
16:21:14.0 (157284972)|STATEMENT_EXECUTE|[22]
16:21:14.0 (157286677)|CONSTRUCTOR_EXIT|[56]|01pBK000001RGBP|<init>()|JobCardsController.JobWrapper
16:21:14.0 (157351601)|VARIABLE_SCOPE_BEGIN|[56]|wrapper|JobCardsController.JobWrapper|true|false
16:21:14.0 (157359663)|VARIABLE_ASSIGNMENT|[56]|wrapper|{}|0x78fffe45
16:21:14.0 (157362314)|STATEMENT_EXECUTE|[57]
16:21:14.0 (157393527)|VARIABLE_ASSIGNMENT|[57]|this.Id|"a0KBK00000GexdF2AR"|0x78fffe45
16:21:14.0 (157396422)|STATEMENT_EXECUTE|[58]
16:21:14.0 (157401019)|VARIABLE_ASSIGNMENT|[58]|this.JobPosition|"テスト424求人タイトル求人タイトル求人 (28 more) ..."|0x78fffe45
16:21:14.0 (157404244)|STATEMENT_EXECUTE|[59]
16:21:14.0 (157407524)|VARIABLE_ASSIGNMENT|[59]|this.WorkLocation2|null|0x78fffe45
16:21:14.0 (157410177)|STATEMENT_EXECUTE|[60]
16:21:14.0 (157413654)|VARIABLE_ASSIGNMENT|[60]|this.JobCategory1|"技術系（電気/電子/機械）"|0x78fffe45
16:21:14.0 (157416408)|STATEMENT_EXECUTE|[61]
16:21:14.0 (157421471)|VARIABLE_ASSIGNMENT|[61]|this.MaxAnnualSalary|350|0x78fffe45
16:21:14.0 (157424142)|STATEMENT_EXECUTE|[62]
16:21:14.0 (157427574)|VARIABLE_ASSIGNMENT|[62]|this.MinAnnualSalary|250|0x78fffe45
16:21:14.0 (157429948)|STATEMENT_EXECUTE|[63]
16:21:14.0 (157433645)|VARIABLE_ASSIGNMENT|[63]|this.JobDescription|"テスト424仕事内容仕事内容仕事内容仕事 (30 more) ..."|0x78fffe45
16:21:14.0 (157436524)|STATEMENT_EXECUTE|[64]
16:21:14.0 (157443972)|VARIABLE_ASSIGNMENT|[64]|this.LastModifiedDate|"2026-03-12T05:33:30.000Z"|0x78fffe45
16:21:14.0 (157446467)|STATEMENT_EXECUTE|[65]
16:21:14.0 (157451577)|VARIABLE_ASSIGNMENT|[65]|this.LastViewedDate|"2026-04-02T07:16:25.000Z"|0x78fffe45
16:21:14.0 (157453989)|STATEMENT_EXECUTE|[66]
16:21:14.0 (157460899)|HEAP_ALLOCATE|[66]|Bytes:5
16:21:14.0 (157463735)|VARIABLE_ASSIGNMENT|[66]|this.IsFavorite|false|0x78fffe45
16:21:14.0 (157466219)|STATEMENT_EXECUTE|[67]
16:21:14.0 (157469107)|HEAP_ALLOCATE|[EXTERNAL]|Bytes:4
16:21:14.0 (157475117)|HEAP_ALLOCATE|[55]|Bytes:5
16:21:14.0 (157480367)|HEAP_ALLOCATE|[55]|Bytes:36
16:21:14.0 (157483254)|VARIABLE_SCOPE_BEGIN|[55]|j|Job__c|true|false
16:21:14.0 (157517707)|VARIABLE_ASSIGNMENT|[55]|j|{"LastModifiedDate":"2026-03-09T05:51:50.000Z","JobPosition__c":"テスト403求人タイトル求人タイトル求人 (28 more) ...","LastViewedDate":"2026-04-02T10:23:00.000Z","Id":"a0KBK00000Gexcu2AB","MinAnnualSalary__c":900,"JobDescription__c":"テスト403仕事内容仕事内容仕事内容仕事 (30 more) ...","JobCategory1__c":"営業系","MaxAnnualSalary__c":600}|0x3ae6d21e
16:21:14.0 (157523630)|STATEMENT_EXECUTE|[55]
16:21:14.0 (157524418)|STATEMENT_EXECUTE|[56]
16:21:14.0 (157526246)|HEAP_ALLOCATE|[56]|Bytes:44
16:21:14.0 (157529322)|CONSTRUCTOR_ENTRY|[56]|01pBK000001RGBP|<init>()|JobCardsController.JobWrapper
16:21:14.0 (157532474)|VARIABLE_SCOPE_BEGIN|[12]|this|JobCardsController.JobWrapper|true|false
16:21:14.0 (157541347)|VARIABLE_ASSIGNMENT|[12]|this|{}|0x615575f
16:21:14.0 (157548077)|STATEMENT_EXECUTE|[12]
16:21:14.0 (157548992)|STATEMENT_EXECUTE|[13]
16:21:14.0 (157549842)|STATEMENT_EXECUTE|[14]
16:21:14.0 (157550635)|STATEMENT_EXECUTE|[15]
16:21:14.0 (157551431)|STATEMENT_EXECUTE|[16]
16:21:14.0 (157552207)|STATEMENT_EXECUTE|[17]
16:21:14.0 (157552984)|STATEMENT_EXECUTE|[18]
16:21:14.0 (157553754)|STATEMENT_EXECUTE|[19]
16:21:14.0 (157554518)|STATEMENT_EXECUTE|[20]
16:21:14.0 (157555264)|STATEMENT_EXECUTE|[21]
16:21:14.0 (157556025)|STATEMENT_EXECUTE|[22]
16:21:14.0 (157557743)|CONSTRUCTOR_EXIT|[56]|01pBK000001RGBP|<init>()|JobCardsController.JobWrapper
16:21:14.0 (157560412)|VARIABLE_SCOPE_BEGIN|[56]|wrapper|JobCardsController.JobWrapper|true|false
16:21:14.0 (157567008)|VARIABLE_ASSIGNMENT|[56]|wrapper|{}|0x615575f
16:21:14.0 (157569555)|STATEMENT_EXECUTE|[57]
16:21:14.0 (157594262)|VARIABLE_ASSIGNMENT|[57]|this.Id|"a0KBK00000Gexcu2AB"|0x615575f
16:21:14.0 (157597150)|STATEMENT_EXECUTE|[58]
16:21:14.0 (157601536)|VARIABLE_ASSIGNMENT|[58]|this.JobPosition|"テスト403求人タイトル求人タイトル求人 (28 more) ..."|0x615575f
16:21:14.0 (157604778)|STATEMENT_EXECUTE|[59]
16:21:14.0 (157607567)|VARIABLE_ASSIGNMENT|[59]|this.WorkLocation2|null|0x615575f
16:21:14.0 (157609894)|STATEMENT_EXECUTE|[60]
16:21:14.0 (157612868)|VARIABLE_ASSIGNMENT|[60]|this.JobCategory1|"営業系"|0x615575f
16:21:14.0 (157615586)|STATEMENT_EXECUTE|[61]
16:21:14.0 (157619742)|VARIABLE_ASSIGNMENT|[61]|this.MaxAnnualSalary|600|0x615575f
16:21:14.0 (157622405)|STATEMENT_EXECUTE|[62]
16:21:14.0 (157625687)|VARIABLE_ASSIGNMENT|[62]|this.MinAnnualSalary|900|0x615575f
16:21:14.0 (157628402)|STATEMENT_EXECUTE|[63]
16:21:14.0 (157631854)|VARIABLE_ASSIGNMENT|[63]|this.JobDescription|"テスト403仕事内容仕事内容仕事内容仕事 (30 more) ..."|0x615575f
16:21:14.0 (157634972)|STATEMENT_EXECUTE|[64]
16:21:14.0 (157641541)|VARIABLE_ASSIGNMENT|[64]|this.LastModifiedDate|"2026-03-09T05:51:50.000Z"|0x615575f
16:21:14.0 (157644127)|STATEMENT_EXECUTE|[65]
16:21:14.0 (157649097)|VARIABLE_ASSIGNMENT|[65]|this.LastViewedDate|"2026-04-02T10:23:00.000Z"|0x615575f
16:21:14.0 (157651652)|STATEMENT_EXECUTE|[66]
16:21:14.0 (157657693)|HEAP_ALLOCATE|[66]|Bytes:5
16:21:14.0 (157660498)|VARIABLE_ASSIGNMENT|[66]|this.IsFavorite|true|0x615575f
16:21:14.0 (157662802)|STATEMENT_EXECUTE|[67]
16:21:14.0 (157665452)|HEAP_ALLOCATE|[EXTERNAL]|Bytes:4
16:21:14.0 (157670885)|HEAP_ALLOCATE|[55]|Bytes:5
16:21:14.0 (157675487)|HEAP_ALLOCATE|[55]|Bytes:36
16:21:14.0 (157678109)|VARIABLE_SCOPE_BEGIN|[55]|j|Job__c|true|false
16:21:14.0 (157707803)|VARIABLE_ASSIGNMENT|[55]|j|{"LastModifiedDate":"2026-03-09T05:51:49.000Z","JobPosition__c":"テスト402求人タイトル求人タイトル求人 (28 more) ...","LastViewedDate":"2026-03-18T09:45:33.000Z","Id":"a0KBK00000Gexct2AB","MinAnnualSalary__c":500,"JobDescription__c":"テスト402仕事内容仕事内容仕事内容仕事 (30 more) ...","JobCategory1__c":"営業系","MaxAnnualSalary__c":400}|0x12bf37a1
16:21:14.0 (157722352)|STATEMENT_EXECUTE|[55]
16:21:14.0 (157723229)|STATEMENT_EXECUTE|[56]
16:21:14.0 (157725302)|HEAP_ALLOCATE|[56]|Bytes:44
16:21:14.0 (157728330)|CONSTRUCTOR_ENTRY|[56]|01pBK000001RGBP|<init>()|JobCardsController.JobWrapper
16:21:14.0 (157731384)|VARIABLE_SCOPE_BEGIN|[12]|this|JobCardsController.JobWrapper|true|false
16:21:14.0 (157740531)|VARIABLE_ASSIGNMENT|[12]|this|{}|0x6704576c
16:21:14.0 (157747334)|STATEMENT_EXECUTE|[12]
16:21:14.0 (157748155)|STATEMENT_EXECUTE|[13]
16:21:14.0 (157748967)|STATEMENT_EXECUTE|[14]
16:21:14.0 (157749757)|STATEMENT_EXECUTE|[15]
16:21:14.0 (157750567)|STATEMENT_EXECUTE|[16]
16:21:14.0 (157751341)|STATEMENT_EXECUTE|[17]
16:21:14.0 (157752116)|STATEMENT_EXECUTE|[18]
16:21:14.0 (157752887)|STATEMENT_EXECUTE|[19]
16:21:14.0 (157753656)|STATEMENT_EXECUTE|[20]
16:21:14.0 (157754402)|STATEMENT_EXECUTE|[21]
16:21:14.0 (157755189)|STATEMENT_EXECUTE|[22]
16:21:14.0 (157756523)|CONSTRUCTOR_EXIT|[56]|01pBK000001RGBP|<init>()|JobCardsController.JobWrapper
16:21:14.0 (157759389)|VARIABLE_SCOPE_BEGIN|[56]|wrapper|JobCardsController.JobWrapper|true|false
16:21:14.0 (157788996)|VARIABLE_ASSIGNMENT|[56]|wrapper|{}|0x6704576c
16:21:14.0 (157791887)|STATEMENT_EXECUTE|[57]
16:21:14.0 (157819132)|VARIABLE_ASSIGNMENT|[57]|this.Id|"a0KBK00000Gexct2AB"|0x6704576c
16:21:14.0 (157822192)|STATEMENT_EXECUTE|[58]
16:21:14.0 (157826761)|VARIABLE_ASSIGNMENT|[58]|this.JobPosition|"テスト402求人タイトル求人タイトル求人 (28 more) ..."|0x6704576c
16:21:14.0 (157829824)|STATEMENT_EXECUTE|[59]
16:21:14.0 (157832753)|VARIABLE_ASSIGNMENT|[59]|this.WorkLocation2|null|0x6704576c
16:21:14.0 (157835266)|STATEMENT_EXECUTE|[60]
16:21:14.0 (157838106)|VARIABLE_ASSIGNMENT|[60]|this.JobCategory1|"営業系"|0x6704576c
16:21:14.0 (157840816)|STATEMENT_EXECUTE|[61]
16:21:14.0 (157845894)|VARIABLE_ASSIGNMENT|[61]|this.MaxAnnualSalary|400|0x6704576c
16:21:14.0 (157848506)|STATEMENT_EXECUTE|[62]
16:21:14.0 (157851750)|VARIABLE_ASSIGNMENT|[62]|this.MinAnnualSalary|500|0x6704576c
16:21:14.0 (157854246)|STATEMENT_EXECUTE|[63]
16:21:14.0 (157857723)|VARIABLE_ASSIGNMENT|[63]|this.JobDescription|"テスト402仕事内容仕事内容仕事内容仕事 (30 more) ..."|0x6704576c
16:21:14.0 (157860552)|STATEMENT_EXECUTE|[64]
16:21:14.0 (157867760)|VARIABLE_ASSIGNMENT|[64]|this.LastModifiedDate|"2026-03-09T05:51:49.000Z"|0x6704576c
16:21:14.0 (157870324)|STATEMENT_EXECUTE|[65]
16:21:14.0 (157875143)|VARIABLE_ASSIGNMENT|[65]|this.LastViewedDate|"2026-03-18T09:45:33.000Z"|0x6704576c
16:21:14.0 (157877511)|STATEMENT_EXECUTE|[66]
16:21:14.0 (157884124)|HEAP_ALLOCATE|[66]|Bytes:5
16:21:14.0 (157887155)|VARIABLE_ASSIGNMENT|[66]|this.IsFavorite|false|0x6704576c
16:21:14.0 (157889452)|STATEMENT_EXECUTE|[67]
16:21:14.0 (157892769)|HEAP_ALLOCATE|[EXTERNAL]|Bytes:4
16:21:14.0 (157898856)|HEAP_ALLOCATE|[55]|Bytes:5
16:21:14.0 (157907093)|HEAP_ALLOCATE|[55]|Bytes:40
16:21:14.0 (157910469)|VARIABLE_SCOPE_BEGIN|[55]|j|Job__c|true|false
16:21:14.0 (157971809)|VARIABLE_ASSIGNMENT|[55]|j|{"LastModifiedDate":"2026-03-06T01:15:09.000Z","JobPosition__c":"千代田区(東京) 設備積算・大手サブコン (18 more) ...","WorkLocation2__c":"東京都千代田区","LastViewedDate":"2026-03-17T05:57:19.000Z","Id":"a0KBK00000GezgH2AR","MinAnnualSalary__c":400,"JobDescription__c":"事務所ビルや商業施設、工場など、多様な建 (105 more) ...","JobCategory1__c":"営業系","MaxAnnualSalary__c":650}|0x5f7e7cf3
16:21:14.0 (157978819)|STATEMENT_EXECUTE|[55]
16:21:14.0 (157979647)|STATEMENT_EXECUTE|[56]
16:21:14.0 (157981441)|HEAP_ALLOCATE|[56]|Bytes:44
16:21:14.0 (157984498)|CONSTRUCTOR_ENTRY|[56]|01pBK000001RGBP|<init>()|JobCardsController.JobWrapper
16:21:14.0 (157987793)|VARIABLE_SCOPE_BEGIN|[12]|this|JobCardsController.JobWrapper|true|false
16:21:14.0 (157997166)|VARIABLE_ASSIGNMENT|[12]|this|{}|0x6ac1e2fb
16:21:14.0 (158003899)|STATEMENT_EXECUTE|[12]
16:21:14.0 (158005257)|STATEMENT_EXECUTE|[13]
16:21:14.0 (158006091)|STATEMENT_EXECUTE|[14]
16:21:14.0 (158006868)|STATEMENT_EXECUTE|[15]
16:21:14.0 (158007636)|STATEMENT_EXECUTE|[16]
16:21:14.0 (158008402)|STATEMENT_EXECUTE|[17]
16:21:14.0 (158009192)|STATEMENT_EXECUTE|[18]
16:21:14.0 (158009986)|STATEMENT_EXECUTE|[19]
16:21:14.0 (158010804)|STATEMENT_EXECUTE|[20]
16:21:14.0 (158011539)|STATEMENT_EXECUTE|[21]
16:21:14.0 (158012284)|STATEMENT_EXECUTE|[22]
16:21:14.0 (158013764)|CONSTRUCTOR_EXIT|[56]|01pBK000001RGBP|<init>()|JobCardsController.JobWrapper
16:21:14.0 (158016587)|VARIABLE_SCOPE_BEGIN|[56]|wrapper|JobCardsController.JobWrapper|true|false
16:21:14.0 (158023488)|VARIABLE_ASSIGNMENT|[56]|wrapper|{}|0x6ac1e2fb
16:21:14.0 (158026041)|STATEMENT_EXECUTE|[57]
16:21:14.0 (158051490)|VARIABLE_ASSIGNMENT|[57]|this.Id|"a0KBK00000GezgH2AR"|0x6ac1e2fb
16:21:14.0 (158054301)|STATEMENT_EXECUTE|[58]
16:21:14.0 (158058607)|VARIABLE_ASSIGNMENT|[58]|this.JobPosition|"千代田区(東京) 設備積算・大手サブコン (18 more) ..."|0x6ac1e2fb
16:21:14.0 (158061576)|STATEMENT_EXECUTE|[59]
16:21:14.0 (158064779)|VARIABLE_ASSIGNMENT|[59]|this.WorkLocation2|"東京都千代田区"|0x6ac1e2fb
16:21:14.0 (158067639)|STATEMENT_EXECUTE|[60]
16:21:14.0 (158070412)|VARIABLE_ASSIGNMENT|[60]|this.JobCategory1|"営業系"|0x6ac1e2fb
16:21:14.0 (158072936)|STATEMENT_EXECUTE|[61]
16:21:14.0 (158077375)|VARIABLE_ASSIGNMENT|[61]|this.MaxAnnualSalary|650|0x6ac1e2fb
16:21:14.0 (158079836)|STATEMENT_EXECUTE|[62]
16:21:14.0 (158082941)|VARIABLE_ASSIGNMENT|[62]|this.MinAnnualSalary|400|0x6ac1e2fb
16:21:14.0 (158085270)|STATEMENT_EXECUTE|[63]
16:21:14.0 (158088898)|VARIABLE_ASSIGNMENT|[63]|this.JobDescription|"事務所ビルや商業施設、工場など、多様な建 (105 more) ..."|0x6ac1e2fb
16:21:14.0 (158092130)|STATEMENT_EXECUTE|[64]
16:21:14.0 (158098612)|VARIABLE_ASSIGNMENT|[64]|this.LastModifiedDate|"2026-03-06T01:15:09.000Z"|0x6ac1e2fb
16:21:14.0 (158107516)|STATEMENT_EXECUTE|[65]
16:21:14.0 (158113275)|VARIABLE_ASSIGNMENT|[65]|this.LastViewedDate|"2026-03-17T05:57:19.000Z"|0x6ac1e2fb
16:21:14.0 (158115824)|STATEMENT_EXECUTE|[66]
16:21:14.0 (158122021)|HEAP_ALLOCATE|[66]|Bytes:5
16:21:14.0 (158124861)|VARIABLE_ASSIGNMENT|[66]|this.IsFavorite|false|0x6ac1e2fb
16:21:14.0 (158127418)|STATEMENT_EXECUTE|[67]
16:21:14.0 (158130424)|HEAP_ALLOCATE|[EXTERNAL]|Bytes:4
16:21:14.0 (158136406)|HEAP_ALLOCATE|[55]|Bytes:5
16:21:14.0 (158141181)|HEAP_ALLOCATE|[55]|Bytes:36
16:21:14.0 (158144188)|VARIABLE_SCOPE_BEGIN|[55]|j|Job__c|true|false
16:21:14.0 (158184203)|VARIABLE_ASSIGNMENT|[55]|j|{"LastModifiedDate":"2026-02-06T01:25:17.000Z","JobPosition__c":"テスト467求人タイトル求人タイトル求人 (28 more) ...","LastViewedDate":"2026-04-02T09:39:31.000Z","Id":"a0KBK00000Gexdw2AB","MinAnnualSalary__c":216,"JobDescription__c":"テスト467仕事内容仕事内容仕事内容仕事 (30 more) ...","JobCategory1__c":"管理部門/事務系","MaxAnnualSalary__c":0}|0x533ea3f0
16:21:14.0 (158190487)|STATEMENT_EXECUTE|[55]
16:21:14.0 (158191371)|STATEMENT_EXECUTE|[56]
16:21:14.0 (158193181)|HEAP_ALLOCATE|[56]|Bytes:44
16:21:14.0 (158196049)|CONSTRUCTOR_ENTRY|[56]|01pBK000001RGBP|<init>()|JobCardsController.JobWrapper
16:21:14.0 (158199029)|VARIABLE_SCOPE_BEGIN|[12]|this|JobCardsController.JobWrapper|true|false
16:21:14.0 (158207766)|VARIABLE_ASSIGNMENT|[12]|this|{}|0x6d4b3430
16:21:14.0 (158230931)|STATEMENT_EXECUTE|[12]
16:21:14.0 (158231869)|STATEMENT_EXECUTE|[13]
16:21:14.0 (158232713)|STATEMENT_EXECUTE|[14]
16:21:14.0 (158233481)|STATEMENT_EXECUTE|[15]
16:21:14.0 (158234271)|STATEMENT_EXECUTE|[16]
16:21:14.0 (158235041)|STATEMENT_EXECUTE|[17]
16:21:14.0 (158235798)|STATEMENT_EXECUTE|[18]
16:21:14.0 (158236548)|STATEMENT_EXECUTE|[19]
16:21:14.0 (158237310)|STATEMENT_EXECUTE|[20]
16:21:14.0 (158238132)|STATEMENT_EXECUTE|[21]
16:21:14.0 (158239151)|STATEMENT_EXECUTE|[22]
16:21:14.0 (158240673)|CONSTRUCTOR_EXIT|[56]|01pBK000001RGBP|<init>()|JobCardsController.JobWrapper
16:21:14.0 (158243586)|VARIABLE_SCOPE_BEGIN|[56]|wrapper|JobCardsController.JobWrapper|true|false
16:21:14.0 (158250717)|VARIABLE_ASSIGNMENT|[56]|wrapper|{}|0x6d4b3430
16:21:14.0 (158253226)|STATEMENT_EXECUTE|[57]
16:21:14.0 (158278831)|VARIABLE_ASSIGNMENT|[57]|this.Id|"a0KBK00000Gexdw2AB"|0x6d4b3430
16:21:14.0 (158281721)|STATEMENT_EXECUTE|[58]
16:21:14.0 (158285973)|VARIABLE_ASSIGNMENT|[58]|this.JobPosition|"テスト467求人タイトル求人タイトル求人 (28 more) ..."|0x6d4b3430
16:21:14.0 (158288998)|STATEMENT_EXECUTE|[59]
16:21:14.0 (158291895)|VARIABLE_ASSIGNMENT|[59]|this.WorkLocation2|null|0x6d4b3430
16:21:14.0 (158294236)|STATEMENT_EXECUTE|[60]
16:21:14.0 (158297176)|VARIABLE_ASSIGNMENT|[60]|this.JobCategory1|"管理部門/事務系"|0x6d4b3430
16:21:14.0 (158299814)|STATEMENT_EXECUTE|[61]
16:21:14.0 (158329224)|HEAP_ALLOCATE|[61]|Bytes:28
16:21:14.0 (158334240)|VARIABLE_ASSIGNMENT|[61]|this.MaxAnnualSalary|0|0x6d4b3430
16:21:14.0 (158336824)|STATEMENT_EXECUTE|[62]
16:21:14.0 (158340481)|VARIABLE_ASSIGNMENT|[62]|this.MinAnnualSalary|216|0x6d4b3430
16:21:14.0 (158342766)|STATEMENT_EXECUTE|[63]
16:21:14.0 (158346353)|VARIABLE_ASSIGNMENT|[63]|this.JobDescription|"テスト467仕事内容仕事内容仕事内容仕事 (30 more) ..."|0x6d4b3430
16:21:14.0 (158349177)|STATEMENT_EXECUTE|[64]
16:21:14.0 (158356776)|VARIABLE_ASSIGNMENT|[64]|this.LastModifiedDate|"2026-02-06T01:25:17.000Z"|0x6d4b3430
16:21:14.0 (158359135)|STATEMENT_EXECUTE|[65]
16:21:14.0 (158364003)|VARIABLE_ASSIGNMENT|[65]|this.LastViewedDate|"2026-04-02T09:39:31.000Z"|0x6d4b3430
16:21:14.0 (158372076)|STATEMENT_EXECUTE|[66]
16:21:14.0 (158378831)|HEAP_ALLOCATE|[66]|Bytes:5
16:21:14.0 (158381955)|VARIABLE_ASSIGNMENT|[66]|this.IsFavorite|false|0x6d4b3430
16:21:14.0 (158384366)|STATEMENT_EXECUTE|[67]
16:21:14.0 (158387284)|HEAP_ALLOCATE|[EXTERNAL]|Bytes:4
16:21:14.0 (158393111)|HEAP_ALLOCATE|[55]|Bytes:5
16:21:14.0 (158397668)|HEAP_ALLOCATE|[55]|Bytes:36
16:21:14.0 (158400798)|VARIABLE_SCOPE_BEGIN|[55]|j|Job__c|true|false
16:21:14.0 (158440986)|VARIABLE_ASSIGNMENT|[55]|j|{"LastModifiedDate":"2026-02-05T00:50:25.000Z","JobPosition__c":"テスト297求人タイトル求人タイトル求人 (28 more) ...","LastViewedDate":"2026-03-28T05:28:09.000Z","Id":"a0KBK00000Gezpx2AB","MinAnnualSalary__c":350,"JobDescription__c":"テスト297仕事内容仕事内容仕事内容仕事 (30 more) ...","JobCategory1__c":"IT系（ソフトウェア/ネットワーク）","MaxAnnualSalary__c":600}|0x5fc4edab
16:21:14.0 (158447666)|STATEMENT_EXECUTE|[55]
16:21:14.0 (158448524)|STATEMENT_EXECUTE|[56]
16:21:14.0 (158450286)|HEAP_ALLOCATE|[56]|Bytes:44
16:21:14.0 (158453274)|CONSTRUCTOR_ENTRY|[56]|01pBK000001RGBP|<init>()|JobCardsController.JobWrapper
16:21:14.0 (158456301)|VARIABLE_SCOPE_BEGIN|[12]|this|JobCardsController.JobWrapper|true|false
16:21:14.0 (158465361)|VARIABLE_ASSIGNMENT|[12]|this|{}|0x41c82969
16:21:14.0 (158472043)|STATEMENT_EXECUTE|[12]
16:21:14.0 (158472896)|STATEMENT_EXECUTE|[13]
16:21:14.0 (158473725)|STATEMENT_EXECUTE|[14]
16:21:14.0 (158474503)|STATEMENT_EXECUTE|[15]
16:21:14.0 (158475341)|STATEMENT_EXECUTE|[16]
16:21:14.0 (158476139)|STATEMENT_EXECUTE|[17]
16:21:14.0 (158476932)|STATEMENT_EXECUTE|[18]
16:21:14.0 (158477698)|STATEMENT_EXECUTE|[19]
16:21:14.0 (158478448)|STATEMENT_EXECUTE|[20]
16:21:14.0 (158479196)|STATEMENT_EXECUTE|[21]
16:21:14.0 (158479961)|STATEMENT_EXECUTE|[22]
16:21:14.0 (158481336)|CONSTRUCTOR_EXIT|[56]|01pBK000001RGBP|<init>()|JobCardsController.JobWrapper
16:21:14.0 (158483968)|VARIABLE_SCOPE_BEGIN|[56]|wrapper|JobCardsController.JobWrapper|true|false
16:21:14.0 (158490384)|VARIABLE_ASSIGNMENT|[56]|wrapper|{}|0x41c82969
16:21:14.0 (158492966)|STATEMENT_EXECUTE|[57]
16:21:14.0 (158517476)|VARIABLE_ASSIGNMENT|[57]|this.Id|"a0KBK00000Gezpx2AB"|0x41c82969
16:21:14.0 (158520224)|STATEMENT_EXECUTE|[58]
16:21:14.0 (158524378)|VARIABLE_ASSIGNMENT|[58]|this.JobPosition|"テスト297求人タイトル求人タイトル求人 (28 more) ..."|0x41c82969
16:21:14.0 (158527287)|STATEMENT_EXECUTE|[59]
16:21:14.0 (158529976)|VARIABLE_ASSIGNMENT|[59]|this.WorkLocation2|null|0x41c82969
16:21:14.0 (158532581)|STATEMENT_EXECUTE|[60]
16:21:14.0 (158535870)|VARIABLE_ASSIGNMENT|[60]|this.JobCategory1|"IT系（ソフトウェア/ネットワーク）"|0x41c82969
16:21:14.0 (158538606)|STATEMENT_EXECUTE|[61]
16:21:14.0 (158542848)|VARIABLE_ASSIGNMENT|[61]|this.MaxAnnualSalary|600|0x41c82969
16:21:14.0 (158545165)|STATEMENT_EXECUTE|[62]
16:21:14.0 (158548303)|VARIABLE_ASSIGNMENT|[62]|this.MinAnnualSalary|350|0x41c82969
16:21:14.0 (158550554)|STATEMENT_EXECUTE|[63]
16:21:14.0 (158554045)|VARIABLE_ASSIGNMENT|[63]|this.JobDescription|"テスト297仕事内容仕事内容仕事内容仕事 (30 more) ..."|0x41c82969
16:21:14.0 (158556817)|STATEMENT_EXECUTE|[64]
16:21:14.0 (158563170)|VARIABLE_ASSIGNMENT|[64]|this.LastModifiedDate|"2026-02-05T00:50:25.000Z"|0x41c82969
16:21:14.0 (158565706)|STATEMENT_EXECUTE|[65]
16:21:14.0 (158570470)|VARIABLE_ASSIGNMENT|[65]|this.LastViewedDate|"2026-03-28T05:28:09.000Z"|0x41c82969
16:21:14.0 (158572852)|STATEMENT_EXECUTE|[66]
16:21:14.0 (158578590)|HEAP_ALLOCATE|[66]|Bytes:5
16:21:14.0 (158581380)|VARIABLE_ASSIGNMENT|[66]|this.IsFavorite|false|0x41c82969
16:21:14.0 (158583847)|STATEMENT_EXECUTE|[67]
16:21:14.0 (158586465)|HEAP_ALLOCATE|[EXTERNAL]|Bytes:4
16:21:14.0 (158591740)|HEAP_ALLOCATE|[55]|Bytes:5
16:21:14.0 (158596036)|HEAP_ALLOCATE|[55]|Bytes:36
16:21:14.0 (158598735)|VARIABLE_SCOPE_BEGIN|[55]|j|Job__c|true|false
16:21:14.0 (158629439)|VARIABLE_ASSIGNMENT|[55]|j|{"LastModifiedDate":"2026-02-05T00:49:22.000Z","JobPosition__c":"テスト407求人タイトル求人タイトル求人 (28 more) ...","LastViewedDate":"2026-03-18T09:45:42.000Z","Id":"a0KBK00000Gexcy2AB","MinAnnualSalary__c":350,"JobDescription__c":"テスト407仕事内容仕事内容仕事内容仕事 (30 more) ...","JobCategory1__c":"営業系","MaxAnnualSalary__c":450}|0x34addbcd
16:21:14.0 (158664033)|STATEMENT_EXECUTE|[55]
16:21:14.0 (158665237)|STATEMENT_EXECUTE|[56]
16:21:14.0 (158667320)|HEAP_ALLOCATE|[56]|Bytes:44
16:21:14.0 (158670707)|CONSTRUCTOR_ENTRY|[56]|01pBK000001RGBP|<init>()|JobCardsController.JobWrapper
16:21:14.0 (158673982)|VARIABLE_SCOPE_BEGIN|[12]|this|JobCardsController.JobWrapper|true|false
16:21:14.0 (158687852)|VARIABLE_ASSIGNMENT|[12]|this|{}|0x432b90b
16:21:14.0 (158695751)|STATEMENT_EXECUTE|[12]
16:21:14.0 (158696678)|STATEMENT_EXECUTE|[13]
16:21:14.0 (158697464)|STATEMENT_EXECUTE|[14]
16:21:14.0 (158698227)|STATEMENT_EXECUTE|[15]
16:21:14.0 (158699020)|STATEMENT_EXECUTE|[16]
16:21:14.0 (158699935)|STATEMENT_EXECUTE|[17]
16:21:14.0 (158700747)|STATEMENT_EXECUTE|[18]
16:21:14.0 (158701557)|STATEMENT_EXECUTE|[19]
16:21:14.0 (158702355)|STATEMENT_EXECUTE|[20]
16:21:14.0 (158703175)|STATEMENT_EXECUTE|[21]
16:21:14.0 (158703930)|STATEMENT_EXECUTE|[22]
16:21:14.0 (158705416)|CONSTRUCTOR_EXIT|[56]|01pBK000001RGBP|<init>()|JobCardsController.JobWrapper
16:21:14.0 (158708212)|VARIABLE_SCOPE_BEGIN|[56]|wrapper|JobCardsController.JobWrapper|true|false
16:21:14.0 (158714839)|VARIABLE_ASSIGNMENT|[56]|wrapper|{}|0x432b90b
16:21:14.0 (158717480)|STATEMENT_EXECUTE|[57]
16:21:14.0 (158743183)|VARIABLE_ASSIGNMENT|[57]|this.Id|"a0KBK00000Gexcy2AB"|0x432b90b
16:21:14.0 (158746385)|STATEMENT_EXECUTE|[58]
16:21:14.0 (158750427)|VARIABLE_ASSIGNMENT|[58]|this.JobPosition|"テスト407求人タイトル求人タイトル求人 (28 more) ..."|0x432b90b
16:21:14.0 (158753584)|STATEMENT_EXECUTE|[59]
16:21:14.0 (158756174)|VARIABLE_ASSIGNMENT|[59]|this.WorkLocation2|null|0x432b90b
16:21:14.0 (158758678)|STATEMENT_EXECUTE|[60]
16:21:14.0 (158761562)|VARIABLE_ASSIGNMENT|[60]|this.JobCategory1|"営業系"|0x432b90b
16:21:14.0 (158764114)|STATEMENT_EXECUTE|[61]
16:21:14.0 (158768695)|VARIABLE_ASSIGNMENT|[61]|this.MaxAnnualSalary|450|0x432b90b
16:21:14.0 (158771019)|STATEMENT_EXECUTE|[62]
16:21:14.0 (158774187)|VARIABLE_ASSIGNMENT|[62]|this.MinAnnualSalary|350|0x432b90b
16:21:14.0 (158776455)|STATEMENT_EXECUTE|[63]
16:21:14.0 (158779870)|VARIABLE_ASSIGNMENT|[63]|this.JobDescription|"テスト407仕事内容仕事内容仕事内容仕事 (30 more) ..."|0x432b90b
16:21:14.0 (158782597)|STATEMENT_EXECUTE|[64]
16:21:14.0 (158789975)|VARIABLE_ASSIGNMENT|[64]|this.LastModifiedDate|"2026-02-05T00:49:22.000Z"|0x432b90b
16:21:14.0 (158792422)|STATEMENT_EXECUTE|[65]
16:21:14.0 (158797491)|VARIABLE_ASSIGNMENT|[65]|this.LastViewedDate|"2026-03-18T09:45:42.000Z"|0x432b90b
16:21:14.0 (158799975)|STATEMENT_EXECUTE|[66]
16:21:14.0 (158806339)|HEAP_ALLOCATE|[66]|Bytes:5
16:21:14.0 (158809249)|VARIABLE_ASSIGNMENT|[66]|this.IsFavorite|false|0x432b90b
16:21:14.0 (158811646)|STATEMENT_EXECUTE|[67]
16:21:14.0 (158814587)|HEAP_ALLOCATE|[EXTERNAL]|Bytes:4
16:21:14.0 (158820195)|HEAP_ALLOCATE|[55]|Bytes:5
16:21:14.0 (158825796)|VARIABLE_ASSIGNMENT|[55]|j|null|
16:21:14.0 (158829186)|STATEMENT_EXECUTE|[69]
16:21:14.158 (158879121)|CUMULATIVE_LIMIT_USAGE
16:21:14.158 (158879121)|LIMIT_USAGE_FOR_NS|(default)|
  Number of SOQL queries: 2 out of 100
  Number of query rows: 14 out of 50000
  Number of SOSL queries: 0 out of 20
  Number of DML statements: 0 out of 150
  Number of Publish Immediate DML: 0 out of 150
  Number of DML rows: 0 out of 10000
  Maximum CPU time: 0 out of 10000
  Maximum heap size: 0 out of 6000000
  Number of callouts: 0 out of 100
  Number of Email Invocations: 0 out of 10
  Number of future calls: 0 out of 50
  Number of queueable jobs added to the queue: 0 out of 50
  Number of Mobile Apex push calls: 0 out of 10

16:21:14.158 (158879121)|CUMULATIVE_LIMIT_USAGE_END

16:21:14.0 (158907998)|CODE_UNIT_FINISHED|JobCardsController.getJobs()
16:21:14.0 (159092050)|CODE_UNIT_FINISHED|apex://JobCardsController/ACTION$getJobs
16:21:14.0 (159097221)|EXECUTION_FINISHED
