66.0 APEX_CODE,FINEST;APEX_PROFILING,INFO;CALLOUT,INFO;DATA_ACCESS,INFO;DB,INFO;NBA,INFO;SYSTEM,DEBUG;VALIDATION,INFO;VISUALFORCE,INFO;WAVE,INFO;WORKFLOW,INFO
17:59:28.7 (7357111)|USER_INFO|[EXTERNAL]|0057F0000042UBb|ishibashi@hurex.co.jp.dev1|(GMT+09:00) 日本標準時 (Asia/Tokyo)|GMT+09:00
17:59:28.7 (7396915)|EXECUTION_STARTED
17:59:28.7 (7407571)|CODE_UNIT_STARTED|[EXTERNAL]|apex://CustomNotificationController/ACTION$getNotifications
17:59:28.7 (9419209)|CODE_UNIT_STARTED|[EXTERNAL]|01pBK000001VvEL|CustomNotificationController.getNotifications(String)
17:59:28.7 (38352413)|HEAP_ALLOCATE|[95]|Bytes:3
17:59:28.7 (38452547)|HEAP_ALLOCATE|[100]|Bytes:152
17:59:28.7 (38469881)|HEAP_ALLOCATE|[417]|Bytes:408
17:59:28.7 (38485614)|HEAP_ALLOCATE|[430]|Bytes:408
17:59:28.7 (38509645)|HEAP_ALLOCATE|[317]|Bytes:6
17:59:28.7 (38566541)|HEAP_ALLOCATE|[EXTERNAL]|Bytes:7
17:59:28.7 (38578354)|METHOD_ENTRY|[1]|01pBK000001VvEL|CustomNotificationController.CustomNotificationController()
17:59:28.7 (38583749)|STATEMENT_EXECUTE|[1]
17:59:28.7 (38589210)|STATEMENT_EXECUTE|[1]
17:59:28.7 (38607025)|HEAP_ALLOCATE|[68]|Bytes:5
17:59:28.7 (38627368)|HEAP_ALLOCATE|[74]|Bytes:5
17:59:28.7 (38632116)|HEAP_ALLOCATE|[82]|Bytes:7
17:59:28.7 (39192497)|HEAP_ALLOCATE|[EXTERNAL]|Bytes:5
17:59:28.7 (39214445)|METHOD_EXIT|[1]|CustomNotificationController
17:59:28.7 (39223004)|VARIABLE_SCOPE_BEGIN|[5]|before|String|false|false
17:59:28.7 (39257659)|VARIABLE_ASSIGNMENT|[5]|before|null
17:59:28.7 (39273837)|HEAP_ALLOCATE|[6]|Bytes:5
17:59:28.7 (39277630)|STATEMENT_EXECUTE|[5]
17:59:28.7 (39278869)|STATEMENT_EXECUTE|[6]
17:59:28.7 (39307605)|VARIABLE_SCOPE_BEGIN|[6]|req|System.HttpRequest|true|false
17:59:28.7 (39553433)|VARIABLE_ASSIGNMENT|[6]|req|"System.HttpRequest[Endpoint=null, Method=null]"|0x7a499550
17:59:28.7 (39559655)|STATEMENT_EXECUTE|[7]
17:59:28.7 (39563884)|HEAP_ALLOCATE|[7]|Bytes:3
17:59:28.7 (39640111)|STATEMENT_EXECUTE|[8]
17:59:28.7 (39641665)|HEAP_ALLOCATE|[8]|Bytes:13
17:59:28.7 (39644430)|HEAP_ALLOCATE|[8]|Bytes:7
17:59:28.7 (39694964)|HEAP_ALLOCATE|[8]|Bytes:105
17:59:28.7 (39705527)|SYSTEM_METHOD_ENTRY|[1]|UserInfo.UserInfo()
17:59:28.7 (39707704)|STATEMENT_EXECUTE|[1]
17:59:28.7 (39713413)|SYSTEM_METHOD_EXIT|[1]|UserInfo
17:59:28.7 (39739948)|METHOD_ENTRY|[8]||System.UserInfo.getSessionId()
17:59:28.7 (45496189)|METHOD_EXIT|[8]||System.UserInfo.getSessionId()
17:59:28.7 (45544700)|HEAP_ALLOCATE|[8]|Bytes:119
17:59:28.7 (45600100)|STATEMENT_EXECUTE|[10]
17:59:28.7 (45671635)|HEAP_ALLOCATE|[10]|Bytes:67
17:59:28.7 (45685657)|SYSTEM_METHOD_ENTRY|[1]|Url.Url()
17:59:28.7 (45687636)|STATEMENT_EXECUTE|[1]
17:59:28.7 (45695020)|SYSTEM_METHOD_EXIT|[1]|Url
17:59:28.7 (45717379)|METHOD_ENTRY|[10]||System.Url.getOrgDomainUrl()
17:59:28.7 (46008605)|METHOD_EXIT|[10]||System.Url.getOrgDomainUrl()
17:59:28.7 (46027490)|METHOD_ENTRY|[10]||System.Url.toExternalForm()
17:59:28.7 (46060388)|METHOD_EXIT|[10]||System.Url.toExternalForm()
17:59:28.7 (46063605)|VARIABLE_SCOPE_BEGIN|[10]|domainPath|String|false|false
17:59:28.7 (46097884)|VARIABLE_ASSIGNMENT|[10]|domainPath|"https://hurex--dev1. (25 more) ..."
17:59:28.7 (46101667)|STATEMENT_EXECUTE|[11]
17:59:28.7 (46104218)|HEAP_ALLOCATE|[11]|Bytes:50
17:59:28.7 (46111037)|HEAP_ALLOCATE|[11]|Bytes:95
17:59:28.7 (46113579)|VARIABLE_SCOPE_BEGIN|[11]|endpoint|String|false|false
17:59:28.7 (46118872)|VARIABLE_ASSIGNMENT|[11]|endpoint|"https://hurex--dev1. (75 more) ..."
17:59:28.7 (46177159)|STATEMENT_EXECUTE|[13]
17:59:28.7 (46178418)|STATEMENT_EXECUTE|[16]
17:59:28.7 (46201503)|STATEMENT_EXECUTE|[18]
17:59:28.7 (46225889)|VARIABLE_SCOPE_BEGIN|[18]|http|System.Http|true|false
17:59:28.7 (46361155)|VARIABLE_ASSIGNMENT|[18]|http|"System.Http[]"|0x52a272a1
17:59:28.7 (46365425)|STATEMENT_EXECUTE|[19]
17:59:28.7 (46432274)|CALLOUT_REQUEST|[19]|System.HttpRequest[Endpoint=https://hurex--dev1.sandbox.my.salesforce.com/services/data/v56.0/connect/notifications?size=20, Method=GET]
17:59:28.7 (273893127)|HEAP_ALLOCATE|[EXTERNAL]|Bytes:872
17:59:28.7 (277737441)|CALLOUT_RESPONSE|[19]|System.HttpResponse[Status=OK, StatusCode=200]
17:59:28.7 (277789249)|HEAP_ALLOCATE|[19]|Bytes:26
17:59:28.7 (277837057)|VARIABLE_SCOPE_BEGIN|[19]|res|System.HttpResponse|true|false
17:59:28.7 (277900684)|VARIABLE_ASSIGNMENT|[19]|res|"System.HttpResponse[Status=OK, StatusCode=200]"|0x34afa019
17:59:28.7 (277981074)|STATEMENT_EXECUTE|[21]
17:59:28.7 (277983009)|STATEMENT_EXECUTE|[22]
17:59:28.7 (278011564)|HEAP_ALLOCATE|[22]|Bytes:20
17:59:28.278 (278060987)|CUMULATIVE_LIMIT_USAGE
17:59:28.278 (278060987)|LIMIT_USAGE_FOR_NS|(default)|
  Number of SOQL queries: 0 out of 100
  Number of query rows: 0 out of 50000
  Number of SOSL queries: 0 out of 20
  Number of DML statements: 0 out of 150
  Number of Publish Immediate DML: 0 out of 150
  Number of DML rows: 0 out of 10000
  Maximum CPU time: 0 out of 10000
  Maximum heap size: 0 out of 6000000
  Number of callouts: 1 out of 100
  Number of Email Invocations: 0 out of 10
  Number of future calls: 0 out of 50
  Number of queueable jobs added to the queue: 0 out of 50
  Number of Mobile Apex push calls: 0 out of 10

17:59:28.278 (278060987)|CUMULATIVE_LIMIT_USAGE_END

17:59:28.7 (278098620)|CODE_UNIT_FINISHED|CustomNotificationController.getNotifications(String)
17:59:28.7 (278295953)|CODE_UNIT_FINISHED|apex://CustomNotificationController/ACTION$getNotifications
17:59:28.7 (278300956)|EXECUTION_FINISHED
