66.0 APEX_CODE,FINEST;APEX_PROFILING,INFO;CALLOUT,INFO;DATA_ACCESS,INFO;DB,INFO;NBA,INFO;SYSTEM,DEBUG;VALIDATION,INFO;VISUALFORCE,INFO;WAVE,INFO;WORKFLOW,INFO
15:46:22.0 (248496)|USER_INFO|[EXTERNAL]|0057F0000042UBb|ishibashi@hurex.co.jp.dev1|(GMT+09:00) 日本標準時 (Asia/Tokyo)|GMT+09:00
15:46:22.0 (297440)|EXECUTION_STARTED
15:46:22.0 (311680)|CODE_UNIT_STARTED|[EXTERNAL]|apex://CustomNotificationController/ACTION$getNotifications
15:46:22.0 (1656694)|CODE_UNIT_STARTED|[EXTERNAL]|01pBK000001VvEL|CustomNotificationController.getNotifications(String)
15:46:22.0 (1936412)|HEAP_ALLOCATE|[95]|Bytes:3
15:46:22.0 (2032447)|HEAP_ALLOCATE|[100]|Bytes:152
15:46:22.0 (2048524)|HEAP_ALLOCATE|[417]|Bytes:408
15:46:22.0 (2059721)|HEAP_ALLOCATE|[430]|Bytes:408
15:46:22.0 (2082596)|HEAP_ALLOCATE|[317]|Bytes:6
15:46:22.0 (2135742)|HEAP_ALLOCATE|[EXTERNAL]|Bytes:7
15:46:22.0 (2144893)|METHOD_ENTRY|[1]|01pBK000001VvEL|CustomNotificationController.CustomNotificationController()
15:46:22.0 (2150137)|STATEMENT_EXECUTE|[1]
15:46:22.0 (2155156)|STATEMENT_EXECUTE|[1]
15:46:22.0 (2174572)|HEAP_ALLOCATE|[68]|Bytes:5
15:46:22.0 (2198110)|HEAP_ALLOCATE|[74]|Bytes:5
15:46:22.0 (2203075)|HEAP_ALLOCATE|[82]|Bytes:7
15:46:22.0 (2364945)|HEAP_ALLOCATE|[EXTERNAL]|Bytes:5
15:46:22.0 (2375931)|METHOD_EXIT|[1]|CustomNotificationController
15:46:22.0 (2383226)|VARIABLE_SCOPE_BEGIN|[5]|before|String|false|false
15:46:22.0 (2413652)|VARIABLE_ASSIGNMENT|[5]|before|null
15:46:22.0 (2422546)|HEAP_ALLOCATE|[6]|Bytes:5
15:46:22.0 (2425056)|STATEMENT_EXECUTE|[5]
15:46:22.0 (2425971)|STATEMENT_EXECUTE|[6]
15:46:22.0 (2455041)|VARIABLE_SCOPE_BEGIN|[6]|req|System.HttpRequest|true|false
15:46:22.0 (2659247)|VARIABLE_ASSIGNMENT|[6]|req|"System.HttpRequest[Endpoint=null, Method=null]"|0x41eecbcf
15:46:22.0 (2664751)|STATEMENT_EXECUTE|[7]
15:46:22.0 (2667280)|HEAP_ALLOCATE|[7]|Bytes:3
15:46:22.0 (2733815)|STATEMENT_EXECUTE|[8]
15:46:22.0 (2735131)|HEAP_ALLOCATE|[8]|Bytes:13
15:46:22.0 (2737541)|HEAP_ALLOCATE|[8]|Bytes:7
15:46:22.0 (2773593)|HEAP_ALLOCATE|[8]|Bytes:105
15:46:22.0 (2779886)|SYSTEM_METHOD_ENTRY|[1]|UserInfo.UserInfo()
15:46:22.0 (2781944)|STATEMENT_EXECUTE|[1]
15:46:22.0 (2787036)|SYSTEM_METHOD_EXIT|[1]|UserInfo
15:46:22.0 (2796367)|METHOD_ENTRY|[8]||System.UserInfo.getSessionId()
15:46:22.0 (13340887)|METHOD_EXIT|[8]||System.UserInfo.getSessionId()
15:46:22.0 (13387155)|HEAP_ALLOCATE|[8]|Bytes:119
15:46:22.0 (13454322)|STATEMENT_EXECUTE|[10]
15:46:22.0 (13526913)|HEAP_ALLOCATE|[10]|Bytes:67
15:46:22.0 (13542157)|SYSTEM_METHOD_ENTRY|[1]|Url.Url()
15:46:22.0 (13544345)|STATEMENT_EXECUTE|[1]
15:46:22.0 (13552577)|SYSTEM_METHOD_EXIT|[1]|Url
15:46:22.0 (13562184)|METHOD_ENTRY|[10]||System.Url.getOrgDomainUrl()
15:46:22.0 (13789780)|METHOD_EXIT|[10]||System.Url.getOrgDomainUrl()
15:46:22.0 (13802739)|METHOD_ENTRY|[10]||System.Url.toExternalForm()
15:46:22.0 (13832696)|METHOD_EXIT|[10]||System.Url.toExternalForm()
15:46:22.0 (13837895)|VARIABLE_SCOPE_BEGIN|[10]|domainPath|String|false|false
15:46:22.0 (13859136)|VARIABLE_ASSIGNMENT|[10]|domainPath|"https://hurex--dev1. (25 more) ..."
15:46:22.0 (13862791)|STATEMENT_EXECUTE|[11]
15:46:22.0 (13865430)|HEAP_ALLOCATE|[11]|Bytes:50
15:46:22.0 (13870526)|HEAP_ALLOCATE|[11]|Bytes:95
15:46:22.0 (13873182)|VARIABLE_SCOPE_BEGIN|[11]|endpoint|String|false|false
15:46:22.0 (13878364)|VARIABLE_ASSIGNMENT|[11]|endpoint|"https://hurex--dev1. (75 more) ..."
15:46:22.0 (13924991)|STATEMENT_EXECUTE|[13]
15:46:22.0 (13926201)|STATEMENT_EXECUTE|[16]
15:46:22.0 (13950370)|STATEMENT_EXECUTE|[18]
15:46:22.0 (13971855)|VARIABLE_SCOPE_BEGIN|[18]|http|System.Http|true|false
15:46:22.0 (14078431)|VARIABLE_ASSIGNMENT|[18]|http|"System.Http[]"|0x269c38af
15:46:22.0 (14082584)|STATEMENT_EXECUTE|[19]
15:46:22.0 (14178212)|CALLOUT_REQUEST|[19]|System.HttpRequest[Endpoint=https://hurex--dev1.sandbox.my.salesforce.com/services/data/v56.0/connect/notifications?size=20, Method=GET]
15:46:22.0 (324786716)|HEAP_ALLOCATE|[EXTERNAL]|Bytes:15126
15:46:22.0 (326742497)|CALLOUT_RESPONSE|[19]|System.HttpResponse[Status=OK, StatusCode=200]
15:46:22.0 (326773245)|HEAP_ALLOCATE|[19]|Bytes:14281
15:46:22.0 (326804747)|VARIABLE_SCOPE_BEGIN|[19]|res|System.HttpResponse|true|false
15:46:22.0 (326865190)|VARIABLE_ASSIGNMENT|[19]|res|"System.HttpResponse[Status=OK, StatusCode=200]"|0x7ce3cd0e
15:46:22.0 (326930201)|STATEMENT_EXECUTE|[21]
15:46:22.0 (326931474)|STATEMENT_EXECUTE|[22]
15:46:22.0 (327484938)|HEAP_ALLOCATE|[22]|Bytes:13995
15:46:22.327 (327525255)|CUMULATIVE_LIMIT_USAGE
15:46:22.327 (327525255)|LIMIT_USAGE_FOR_NS|(default)|
  Number of SOQL queries: 0 out of 100
  Number of query rows: 0 out of 50000
  Number of SOSL queries: 0 out of 20
  Number of DML statements: 0 out of 150
  Number of Publish Immediate DML: 0 out of 150
  Number of DML rows: 0 out of 10000
  Maximum CPU time: 0 out of 10000
  Maximum heap size: 0 out of 6000000
  Number of callouts: 1 out of 100
  Number of Email Invocations: 0 out of 10
  Number of future calls: 0 out of 50
  Number of queueable jobs added to the queue: 0 out of 50
  Number of Mobile Apex push calls: 0 out of 10

15:46:22.327 (327525255)|CUMULATIVE_LIMIT_USAGE_END

15:46:22.0 (327556360)|CODE_UNIT_FINISHED|CustomNotificationController.getNotifications(String)
15:46:22.0 (327740149)|CODE_UNIT_FINISHED|apex://CustomNotificationController/ACTION$getNotifications
15:46:22.0 (327746297)|EXECUTION_FINISHED
