66.0 APEX_CODE,FINEST;APEX_PROFILING,INFO;CALLOUT,INFO;DATA_ACCESS,INFO;DB,INFO;NBA,INFO;SYSTEM,DEBUG;VALIDATION,INFO;VISUALFORCE,INFO;WAVE,INFO;WORKFLOW,INFO
18:27:55.0 (253661)|USER_INFO|[EXTERNAL]|005BK00000Ilvi1|foryoze@owleyes.ch.hurex|(GMT+09:00) 日本標準時 (Asia/Tokyo)|GMT+09:00
18:27:55.0 (303243)|EXECUTION_STARTED
18:27:55.0 (314673)|CODE_UNIT_STARTED|[EXTERNAL]|apex://RecentJobViewedController/ACTION$getRecentViewedDetailJobs
18:27:55.0 (2268981)|CODE_UNIT_STARTED|[EXTERNAL]|01pBK000001RE9Z|RecentJobViewedController.getRecentViewedDetailJobs()
18:27:55.0 (2464053)|VARIABLE_SCOPE_BEGIN|[17]|RecentJobViewedController.testForceException|Boolean|false|true
18:27:55.0 (2733779)|HEAP_ALLOCATE|[95]|Bytes:3
18:27:55.0 (2784078)|HEAP_ALLOCATE|[100]|Bytes:152
18:27:55.0 (2801812)|HEAP_ALLOCATE|[417]|Bytes:408
18:27:55.0 (2819340)|HEAP_ALLOCATE|[430]|Bytes:408
18:27:55.0 (2849643)|HEAP_ALLOCATE|[317]|Bytes:6
18:27:55.0 (2876540)|HEAP_ALLOCATE|[EXTERNAL]|Bytes:10
18:27:55.0 (2883418)|HEAP_ALLOCATE|[EXTERNAL]|Bytes:5
18:27:55.0 (2896272)|METHOD_ENTRY|[1]|01pBK000001RE9Z|RecentJobViewedController.RecentJobViewedController()
18:27:55.0 (2902502)|STATEMENT_EXECUTE|[1]
18:27:55.0 (2908942)|STATEMENT_EXECUTE|[1]
18:27:55.0 (2930716)|HEAP_ALLOCATE|[68]|Bytes:5
18:27:55.0 (2956521)|HEAP_ALLOCATE|[74]|Bytes:5
18:27:55.0 (2963762)|HEAP_ALLOCATE|[82]|Bytes:7
18:27:55.0 (3158945)|HEAP_ALLOCATE|[17]|Bytes:5
18:27:55.0 (3165170)|STATEMENT_EXECUTE|[2]
18:27:55.0 (3167004)|STATEMENT_EXECUTE|[17]
18:27:55.0 (3174733)|HEAP_ALLOCATE|[17]|Bytes:5
18:27:55.0 (3231288)|VARIABLE_ASSIGNMENT|[17]|RecentJobViewedController.testForceException|false
18:27:55.0 (3277986)|METHOD_EXIT|[1]|RecentJobViewedController
18:27:55.0 (3293996)|HEAP_ALLOCATE|[40]|Bytes:5
18:27:55.0 (3299116)|STATEMENT_EXECUTE|[39]
18:27:55.0 (3300826)|STATEMENT_EXECUTE|[40]
18:27:55.0 (3302166)|STATEMENT_EXECUTE|[40]
18:27:55.0 (3303653)|STATEMENT_EXECUTE|[41]
18:27:55.0 (3315547)|HEAP_ALLOCATE|[41]|Bytes:4
18:27:55.0 (3439822)|VARIABLE_SCOPE_BEGIN|[41]|result|List<RecentJobViewedController.JobWrapper>|true|false
18:27:55.0 (3511336)|HEAP_ALLOCATE|[EXTERNAL]|Bytes:4
18:27:55.0 (3529906)|VARIABLE_ASSIGNMENT|[41]|result|[]|0x10ebf0dd
18:27:55.0 (3577919)|HEAP_ALLOCATE|[42]|Bytes:118
18:27:55.0 (3587133)|SYSTEM_METHOD_ENTRY|[1]|Test.Test()
18:27:55.0 (3590195)|STATEMENT_EXECUTE|[1]
18:27:55.0 (3596754)|SYSTEM_METHOD_EXIT|[1]|Test
18:27:55.0 (3610964)|METHOD_ENTRY|[42]||System.Test.isRunningTest()
18:27:55.0 (3648541)|METHOD_EXIT|[42]||System.Test.isRunningTest()
18:27:55.0 (3656040)|STATEMENT_EXECUTE|[42]
18:27:55.0 (3657786)|STATEMENT_EXECUTE|[46]
18:27:55.0 (3660423)|HEAP_ALLOCATE|[46]|Bytes:263
18:27:55.0 (3679047)|HEAP_ALLOCATE|[46]|Bytes:4
18:27:55.0 (15145086)|SOQL_EXECUTE_BEGIN|[46]|Aggregations:0|SELECT Id, JobPosition__c, WorkLocation2__c, JobCategory1__c, MaxAnnualSalary__c, MinAnnualSalary__c, JobDescription__c, LastModifiedDate, LastViewedDate, Company__r.MainIndustry__c FROM Job__c WHERE LastViewedDate != NULL ORDER BY LastViewedDate DESC NULLS FIRST
18:27:55.0 (77243029)|SOQL_EXECUTE_END|[46]|Rows:9
18:27:55.0 (77281178)|HEAP_ALLOCATE|[46]|Bytes:40
18:27:55.0 (77308424)|HEAP_ALLOCATE|[46]|Bytes:7344
18:27:55.0 (77398830)|HEAP_ALLOCATE|[46]|Bytes:40
18:27:55.0 (77416301)|VARIABLE_SCOPE_BEGIN|[46]|jobs|List<Job__c>|true|false
18:27:55.0 (77434721)|VARIABLE_ASSIGNMENT|[46]|jobs|"List of size 9 too large to display"|0x395cc650
18:27:55.0 (77439914)|STATEMENT_EXECUTE|[55]
18:27:55.0 (77453169)|HEAP_ALLOCATE|[55]|Bytes:4
18:27:55.0 (77500257)|VARIABLE_SCOPE_BEGIN|[55]|favoriteJobIds|Set<Id>|true|false
18:27:55.0 (77521155)|VARIABLE_ASSIGNMENT|[55]|favoriteJobIds|[]|0x5edba661
18:27:55.0 (77524301)|STATEMENT_EXECUTE|[56]
18:27:55.0 (77583290)|HEAP_ALLOCATE|[56]|Bytes:105
18:27:55.0 (77599069)|SYSTEM_METHOD_ENTRY|[1]|UserInfo.UserInfo()
18:27:55.0 (77601437)|STATEMENT_EXECUTE|[1]
18:27:55.0 (77610116)|SYSTEM_METHOD_EXIT|[1]|UserInfo
18:27:55.0 (77620393)|METHOD_ENTRY|[56]||System.UserInfo.getUserId()
18:27:55.0 (82694703)|METHOD_EXIT|[56]||System.UserInfo.getUserId()
18:27:55.0 (82738151)|HEAP_ALLOCATE|[56]|Bytes:4
18:27:55.0 (82750286)|VARIABLE_SCOPE_BEGIN|[56]|userId|Id|false|false
18:27:55.0 (83020186)|VARIABLE_ASSIGNMENT|[56]|userId|"005BK00000Ilvi1YAB"
18:27:55.0 (83028797)|STATEMENT_EXECUTE|[57]
18:27:55.0 (83035043)|HEAP_ALLOCATE|[58]|Bytes:102
18:27:55.0 (83051692)|HEAP_ALLOCATE|[58]|Bytes:4
18:27:55.0 (83060316)|HEAP_ALLOCATE|[58]|Bytes:7
18:27:55.0 (84422874)|SOQL_EXECUTE_BEGIN|[58]|Aggregations:0|SELECT Job__c FROM InterestedJob__c WHERE (CreatedById = :tmpVar1 AND IsArchive__c = FALSE) LIMIT 2000
18:27:55.0 (119222276)|SOQL_EXECUTE_END|[58]|Rows:10
18:27:55.0 (119263325)|HEAP_ALLOCATE|[EXTERNAL]|Bytes:44
18:27:55.0 (119575343)|HEAP_ALLOCATE|[58]|Bytes:54
18:27:55.0 (119587014)|HEAP_ALLOCATE|[58]|Bytes:8
18:27:55.0 (119607445)|SYSTEM_METHOD_ENTRY|[7]|QueryLocatorIterator.QueryLocatorIterator()
18:27:55.0 (119612679)|STATEMENT_EXECUTE|[7]
18:27:55.0 (119630385)|SYSTEM_METHOD_EXIT|[7]|QueryLocatorIterator
18:27:55.0 (119639765)|HEAP_ALLOCATE|[58]|Bytes:28
18:27:55.0 (119744165)|HEAP_ALLOCATE|[58]|Bytes:44
18:27:55.0 (119788722)|HEAP_ALLOCATE|[58]|Bytes:8
18:27:55.0 (119792466)|HEAP_ALLOCATE|[58]|Bytes:8
18:27:55.0 (119799539)|VARIABLE_SCOPE_BEGIN|[15]|this|Database.QueryLocatorIterator|true|false
18:27:55.0 (119853540)|VARIABLE_ASSIGNMENT|[15]|this|{}|0x37fd5e6d
18:27:55.0 (119866302)|VARIABLE_SCOPE_BEGIN|[15]|values|List<SObject>|true|false
18:27:55.0 (119884619)|VARIABLE_ASSIGNMENT|[15]|values|"List of size 10 too large to display"|0xabaa70b
18:27:55.0 (119889792)|VARIABLE_SCOPE_BEGIN|[15]|ql|Database.QueryLocator|true|false
18:27:55.0 (119917283)|VARIABLE_ASSIGNMENT|[15]|ql|{"query":"SELECT Job__c FROM I (82 more) ..."}|0x4fe85c04
18:27:55.0 (119922056)|VARIABLE_SCOPE_BEGIN|[15]|totalNumRecords|Integer|false|false
18:27:55.0 (119930854)|VARIABLE_ASSIGNMENT|[15]|totalNumRecords|10
18:27:55.0 (119934380)|VARIABLE_SCOPE_BEGIN|[15]|queryMoreSize|Integer|false|false
18:27:55.0 (119939501)|VARIABLE_ASSIGNMENT|[15]|queryMoreSize|49981
18:27:55.0 (120039038)|HEAP_ALLOCATE|[58]|Bytes:28
18:27:55.0 (120073555)|METHOD_ENTRY|[58]||Database.QueryLocatorIterator.hasNext()
18:27:55.0 (120202960)|METHOD_EXIT|[58]||Database.QueryLocatorIterator.hasNext()
18:27:55.0 (120211177)|METHOD_ENTRY|[58]||Database.QueryLocatorIterator.next()
18:27:55.0 (120283116)|METHOD_EXIT|[58]||Database.QueryLocatorIterator.next()
18:27:55.0 (120289751)|VARIABLE_SCOPE_BEGIN|[58]|fav|InterestedJob__c|true|false
18:27:55.0 (120413132)|VARIABLE_ASSIGNMENT|[58]|fav|{"Job__c":"a0KBK00000Gexcs2AB","Id":"a0OBK000005VI7S2AW"}|0x4a348048
18:27:55.0 (120420518)|STATEMENT_EXECUTE|[58]
18:27:55.0 (120422222)|STATEMENT_EXECUTE|[59]
18:27:55.0 (120503184)|HEAP_ALLOCATE|[EXTERNAL]|Bytes:4
18:27:55.0 (120515758)|METHOD_ENTRY|[58]||Database.QueryLocatorIterator.hasNext()
18:27:55.0 (120532674)|METHOD_EXIT|[58]||Database.QueryLocatorIterator.hasNext()
18:27:55.0 (120541823)|METHOD_ENTRY|[58]||Database.QueryLocatorIterator.next()
18:27:55.0 (120582180)|METHOD_EXIT|[58]||Database.QueryLocatorIterator.next()
18:27:55.0 (120587125)|VARIABLE_SCOPE_BEGIN|[58]|fav|InterestedJob__c|true|false
18:27:55.0 (120621187)|VARIABLE_ASSIGNMENT|[58]|fav|{"Job__c":"a0KBK00000GezgQ2AR","Id":"a0OBK000005JEpa2AG"}|0x15e9f4fa
18:27:55.0 (120626467)|STATEMENT_EXECUTE|[58]
18:27:55.0 (120628104)|STATEMENT_EXECUTE|[59]
18:27:55.0 (120636825)|HEAP_ALLOCATE|[EXTERNAL]|Bytes:4
18:27:55.0 (120643475)|METHOD_ENTRY|[58]||Database.QueryLocatorIterator.hasNext()
18:27:55.0 (120656171)|METHOD_EXIT|[58]||Database.QueryLocatorIterator.hasNext()
18:27:55.0 (120659942)|METHOD_ENTRY|[58]||Database.QueryLocatorIterator.next()
18:27:55.0 (120694463)|METHOD_EXIT|[58]||Database.QueryLocatorIterator.next()
18:27:55.0 (120698258)|VARIABLE_SCOPE_BEGIN|[58]|fav|InterestedJob__c|true|false
18:27:55.0 (120721249)|VARIABLE_ASSIGNMENT|[58]|fav|{"Job__c":"a0KBK00000JHS4z2AH","Id":"a0OBK000005Pi6D2AS"}|0x18ec823f
18:27:55.0 (120725576)|STATEMENT_EXECUTE|[58]
18:27:55.0 (120726809)|STATEMENT_EXECUTE|[59]
18:27:55.0 (120732561)|HEAP_ALLOCATE|[EXTERNAL]|Bytes:4
18:27:55.0 (120738317)|METHOD_ENTRY|[58]||Database.QueryLocatorIterator.hasNext()
18:27:55.0 (120750252)|METHOD_EXIT|[58]||Database.QueryLocatorIterator.hasNext()
18:27:55.0 (120753662)|METHOD_ENTRY|[58]||Database.QueryLocatorIterator.next()
18:27:55.0 (120782562)|METHOD_EXIT|[58]||Database.QueryLocatorIterator.next()
18:27:55.0 (120786030)|VARIABLE_SCOPE_BEGIN|[58]|fav|InterestedJob__c|true|false
18:27:55.0 (120804175)|VARIABLE_ASSIGNMENT|[58]|fav|{"Job__c":"a0KBK00000JScCH2A1","Id":"a0OBK000005VAwI2AW"}|0x32f6e31f
18:27:55.0 (120808474)|STATEMENT_EXECUTE|[58]
18:27:55.0 (120809596)|STATEMENT_EXECUTE|[59]
18:27:55.0 (120814828)|HEAP_ALLOCATE|[EXTERNAL]|Bytes:4
18:27:55.0 (120820687)|METHOD_ENTRY|[58]||Database.QueryLocatorIterator.hasNext()
18:27:55.0 (120832315)|METHOD_EXIT|[58]||Database.QueryLocatorIterator.hasNext()
18:27:55.0 (120835750)|METHOD_ENTRY|[58]||Database.QueryLocatorIterator.next()
18:27:55.0 (120863411)|METHOD_EXIT|[58]||Database.QueryLocatorIterator.next()
18:27:55.0 (120867011)|VARIABLE_SCOPE_BEGIN|[58]|fav|InterestedJob__c|true|false
18:27:55.0 (120886737)|VARIABLE_ASSIGNMENT|[58]|fav|{"Job__c":"a0KBK00000Gezhs2AB","Id":"a0OBK000005VIdh2AG"}|0x5c2e03c9
18:27:55.0 (120891549)|STATEMENT_EXECUTE|[58]
18:27:55.0 (120892746)|STATEMENT_EXECUTE|[59]
18:27:55.0 (120898877)|HEAP_ALLOCATE|[EXTERNAL]|Bytes:4
18:27:55.0 (120904964)|METHOD_ENTRY|[58]||Database.QueryLocatorIterator.hasNext()
18:27:55.0 (120918732)|METHOD_EXIT|[58]||Database.QueryLocatorIterator.hasNext()
18:27:55.0 (120922169)|METHOD_ENTRY|[58]||Database.QueryLocatorIterator.next()
18:27:55.0 (120951759)|METHOD_EXIT|[58]||Database.QueryLocatorIterator.next()
18:27:55.0 (120955455)|VARIABLE_SCOPE_BEGIN|[58]|fav|InterestedJob__c|true|false
18:27:55.0 (120976409)|VARIABLE_ASSIGNMENT|[58]|fav|{"Job__c":"a0KBK00000JSb4v2AD","Id":"a0OBK000005VNbm2AG"}|0x63a6292
18:27:55.0 (120981126)|STATEMENT_EXECUTE|[58]
18:27:55.0 (120982618)|STATEMENT_EXECUTE|[59]
18:27:55.0 (120987759)|HEAP_ALLOCATE|[EXTERNAL]|Bytes:4
18:27:55.0 (120993208)|METHOD_ENTRY|[58]||Database.QueryLocatorIterator.hasNext()
18:27:55.0 (121006070)|METHOD_EXIT|[58]||Database.QueryLocatorIterator.hasNext()
18:27:55.0 (121010917)|METHOD_ENTRY|[58]||Database.QueryLocatorIterator.next()
18:27:55.0 (121041224)|METHOD_EXIT|[58]||Database.QueryLocatorIterator.next()
18:27:55.0 (121044692)|VARIABLE_SCOPE_BEGIN|[58]|fav|InterestedJob__c|true|false
18:27:55.0 (121062951)|VARIABLE_ASSIGNMENT|[58]|fav|{"Job__c":"a0KBK00000Jh7Xx2AJ","Id":"a0OBK000005XjjR2AS"}|0x7abbe510
18:27:55.0 (121067573)|STATEMENT_EXECUTE|[58]
18:27:55.0 (121068723)|STATEMENT_EXECUTE|[59]
18:27:55.0 (121074112)|HEAP_ALLOCATE|[EXTERNAL]|Bytes:4
18:27:55.0 (121080148)|METHOD_ENTRY|[58]||Database.QueryLocatorIterator.hasNext()
18:27:55.0 (121092722)|METHOD_EXIT|[58]||Database.QueryLocatorIterator.hasNext()
18:27:55.0 (121096501)|METHOD_ENTRY|[58]||Database.QueryLocatorIterator.next()
18:27:55.0 (121127788)|METHOD_EXIT|[58]||Database.QueryLocatorIterator.next()
18:27:55.0 (121131599)|VARIABLE_SCOPE_BEGIN|[58]|fav|InterestedJob__c|true|false
18:27:55.0 (121151603)|VARIABLE_ASSIGNMENT|[58]|fav|{"Job__c":"a0KBK00000JKXw92AH","Id":"a0OBK000005Pi4b2AC"}|0x7f501f43
18:27:55.0 (121156237)|STATEMENT_EXECUTE|[58]
18:27:55.0 (121157555)|STATEMENT_EXECUTE|[59]
18:27:55.0 (121162746)|HEAP_ALLOCATE|[EXTERNAL]|Bytes:4
18:27:55.0 (121168483)|METHOD_ENTRY|[58]||Database.QueryLocatorIterator.hasNext()
18:27:55.0 (121180562)|METHOD_EXIT|[58]||Database.QueryLocatorIterator.hasNext()
18:27:55.0 (121184356)|METHOD_ENTRY|[58]||Database.QueryLocatorIterator.next()
18:27:55.0 (121217912)|METHOD_EXIT|[58]||Database.QueryLocatorIterator.next()
18:27:55.0 (121222004)|VARIABLE_SCOPE_BEGIN|[58]|fav|InterestedJob__c|true|false
18:27:55.0 (121241756)|VARIABLE_ASSIGNMENT|[58]|fav|{"Job__c":"a0KBK00000JSXqv2AH","Id":"a0OBK000005VJwM2AW"}|0x534c6b2b
18:27:55.0 (121246050)|STATEMENT_EXECUTE|[58]
18:27:55.0 (121247239)|STATEMENT_EXECUTE|[59]
18:27:55.0 (121252306)|HEAP_ALLOCATE|[EXTERNAL]|Bytes:4
18:27:55.0 (121257719)|METHOD_ENTRY|[58]||Database.QueryLocatorIterator.hasNext()
18:27:55.0 (121269247)|METHOD_EXIT|[58]||Database.QueryLocatorIterator.hasNext()
18:27:55.0 (121272669)|METHOD_ENTRY|[58]||Database.QueryLocatorIterator.next()
18:27:55.0 (121299974)|METHOD_EXIT|[58]||Database.QueryLocatorIterator.next()
18:27:55.0 (121303235)|VARIABLE_SCOPE_BEGIN|[58]|fav|InterestedJob__c|true|false
18:27:55.0 (121320505)|VARIABLE_ASSIGNMENT|[58]|fav|{"Job__c":"a0KBK00000JSdMr2AL","Id":"a0OBK000005VDEF2A4"}|0x6b7bd22
18:27:55.0 (121324305)|STATEMENT_EXECUTE|[58]
18:27:55.0 (121325490)|STATEMENT_EXECUTE|[59]
18:27:55.0 (121330407)|HEAP_ALLOCATE|[EXTERNAL]|Bytes:4
18:27:55.0 (121335456)|METHOD_ENTRY|[58]||Database.QueryLocatorIterator.hasNext()
18:27:55.0 (121344553)|METHOD_EXIT|[58]||Database.QueryLocatorIterator.hasNext()
18:27:55.0 (121350761)|VARIABLE_ASSIGNMENT|[58]|fav|null|
18:27:55.0 (121598095)|HEAP_ALLOCATE|[63]|Bytes:5
18:27:55.0 (121615245)|HEAP_ALLOCATE|[63]|Bytes:24
18:27:55.0 (121620708)|VARIABLE_SCOPE_BEGIN|[63]|j|Job__c|true|false
18:27:55.0 (121717779)|VARIABLE_ASSIGNMENT|[63]|j|{"JobPosition__c":"●形式厳守！右記テンプレに則って作成→市 (63 more) ...","LastViewedDate":"2026-04-15T06:28:45.000Z","LastModifiedDate":"2026-04-10T08:58:30.000Z","Id":"a0KBK00000JSb4v2AD","JobDescription__c":"・・・\n\n【具体的には\u2026】\n・\n・\n・\n (153 more) ..."}|0x180a215d
18:27:55.0 (121728400)|STATEMENT_EXECUTE|[63]
18:27:55.0 (121730133)|STATEMENT_EXECUTE|[64]
18:27:55.0 (121946586)|HEAP_ALLOCATE|[64]|Bytes:48
18:27:55.0 (121988936)|CONSTRUCTOR_ENTRY|[64]|01pBK000001RE9Z|<init>()|RecentJobViewedController.JobWrapper
18:27:55.0 (122028332)|VARIABLE_SCOPE_BEGIN|[2]|this|RecentJobViewedController.JobWrapper|true|false
18:27:55.0 (122176444)|VARIABLE_ASSIGNMENT|[2]|this|{}|0x7ee03506
18:27:55.0 (122197255)|STATEMENT_EXECUTE|[2]
18:27:55.0 (122198775)|STATEMENT_EXECUTE|[3]
18:27:55.0 (122200522)|STATEMENT_EXECUTE|[4]
18:27:55.0 (122202172)|STATEMENT_EXECUTE|[5]
18:27:55.0 (122203844)|STATEMENT_EXECUTE|[6]
18:27:55.0 (122205044)|STATEMENT_EXECUTE|[7]
18:27:55.0 (122206829)|STATEMENT_EXECUTE|[8]
18:27:55.0 (122208489)|STATEMENT_EXECUTE|[9]
18:27:55.0 (122209647)|STATEMENT_EXECUTE|[10]
18:27:55.0 (122210687)|STATEMENT_EXECUTE|[11]
18:27:55.0 (122212095)|STATEMENT_EXECUTE|[12]
18:27:55.0 (122213429)|STATEMENT_EXECUTE|[13]
18:27:55.0 (122220906)|CONSTRUCTOR_EXIT|[64]|01pBK000001RE9Z|<init>()|RecentJobViewedController.JobWrapper
18:27:55.0 (122227414)|VARIABLE_SCOPE_BEGIN|[64]|wrapper|RecentJobViewedController.JobWrapper|true|false
18:27:55.0 (122242389)|VARIABLE_ASSIGNMENT|[64]|wrapper|{}|0x7ee03506
18:27:55.0 (122246642)|STATEMENT_EXECUTE|[65]
18:27:55.0 (122398205)|VARIABLE_ASSIGNMENT|[65]|this.Id|"a0KBK00000JSb4v2AD"|0x7ee03506
18:27:55.0 (122403943)|STATEMENT_EXECUTE|[66]
18:27:55.0 (122425543)|VARIABLE_ASSIGNMENT|[66]|this.JobPosition|"●形式厳守！右記テンプレに則って作成→市 (63 more) ..."|0x7ee03506
18:27:55.0 (122431170)|STATEMENT_EXECUTE|[67]
18:27:55.0 (122439601)|VARIABLE_ASSIGNMENT|[67]|this.WorkLocation2|null|0x7ee03506
18:27:55.0 (122448840)|STATEMENT_EXECUTE|[68]
18:27:55.0 (122454151)|VARIABLE_ASSIGNMENT|[68]|this.JobCategory1|null|0x7ee03506
18:27:55.0 (122458205)|STATEMENT_EXECUTE|[69]
18:27:55.0 (122463817)|VARIABLE_ASSIGNMENT|[69]|this.MaxAnnualSalary|null|0x7ee03506
18:27:55.0 (122467589)|STATEMENT_EXECUTE|[70]
18:27:55.0 (122473098)|VARIABLE_ASSIGNMENT|[70]|this.MinAnnualSalary|null|0x7ee03506
18:27:55.0 (122477395)|STATEMENT_EXECUTE|[71]
18:27:55.0 (122492262)|VARIABLE_ASSIGNMENT|[71]|this.JobDescription|"・・・\n\n【具体的には\u2026】\n・\n・\n・\n (153 more) ..."|0x7ee03506
18:27:55.0 (122497099)|STATEMENT_EXECUTE|[72]
18:27:55.0 (122536155)|VARIABLE_ASSIGNMENT|[72]|this.LastModifiedDate|"2026-04-10T08:58:30.000Z"|0x7ee03506
18:27:55.0 (122541775)|STATEMENT_EXECUTE|[73]
18:27:55.0 (122565401)|VARIABLE_ASSIGNMENT|[73]|this.LastViewedDate|"2026-04-15T06:28:45.000Z"|0x7ee03506
18:27:55.0 (122570070)|STATEMENT_EXECUTE|[74]
18:27:55.0 (122618424)|HEAP_ALLOCATE|[74]|Bytes:5
18:27:55.0 (122626492)|VARIABLE_ASSIGNMENT|[74]|this.IsFavorite|true|0x7ee03506
18:27:55.0 (122631565)|STATEMENT_EXECUTE|[75]
18:27:55.0 (122778964)|VARIABLE_ASSIGNMENT|[75]|this.MainIndustry|null|0x7ee03506
18:27:55.0 (122783623)|STATEMENT_EXECUTE|[76]
18:27:55.0 (122811141)|HEAP_ALLOCATE|[EXTERNAL]|Bytes:4
18:27:55.0 (122828082)|HEAP_ALLOCATE|[63]|Bytes:5
18:27:55.0 (122842114)|HEAP_ALLOCATE|[63]|Bytes:48
18:27:55.0 (122849902)|VARIABLE_SCOPE_BEGIN|[63]|j|Job__c|true|false
18:27:55.0 (123011248)|VARIABLE_ASSIGNMENT|[63]|j|{"LastModifiedDate":"2026-04-15T00:56:58.000Z","JobPosition__c":"仙台市（宮城）社内情報セキュリティ担当・ (68 more) ...","WorkLocation2__c":"宮城県仙台市泉区長命ケ丘3-27-3","LastViewedDate":"2026-04-15T06:06:49.000Z","Id":"a0KBK00000JHS4z2AH","MinAnnualSalary__c":500,"Company__c":"001BK00000h1ZPdYAM","JobDescription__c":"社内SEとして、以下のような業務をお任せ (1657 more) ...","Company__r":{"MainIndustry__c":"メーカー系","Id":"001BK00000h1ZPdYAM"},"JobCategory1__c":"IT系（ソフトウェア/ネットワーク）","MaxAnnualSalary__c":700}|0x7db8139f
18:27:55.0 (123025855)|STATEMENT_EXECUTE|[63]
18:27:55.0 (123027209)|STATEMENT_EXECUTE|[64]
18:27:55.0 (123031806)|HEAP_ALLOCATE|[64]|Bytes:48
18:27:55.0 (123040782)|CONSTRUCTOR_ENTRY|[64]|01pBK000001RE9Z|<init>()|RecentJobViewedController.JobWrapper
18:27:55.0 (123048036)|VARIABLE_SCOPE_BEGIN|[2]|this|RecentJobViewedController.JobWrapper|true|false
18:27:55.0 (123071999)|VARIABLE_ASSIGNMENT|[2]|this|{}|0x6730dece
18:27:55.0 (123087234)|STATEMENT_EXECUTE|[2]
18:27:55.0 (123088592)|STATEMENT_EXECUTE|[3]
18:27:55.0 (123089788)|STATEMENT_EXECUTE|[4]
18:27:55.0 (123091174)|STATEMENT_EXECUTE|[5]
18:27:55.0 (123092549)|STATEMENT_EXECUTE|[6]
18:27:55.0 (123093876)|STATEMENT_EXECUTE|[7]
18:27:55.0 (123095225)|STATEMENT_EXECUTE|[8]
18:27:55.0 (123096612)|STATEMENT_EXECUTE|[9]
18:27:55.0 (123098009)|STATEMENT_EXECUTE|[10]
18:27:55.0 (123099163)|STATEMENT_EXECUTE|[11]
18:27:55.0 (123100552)|STATEMENT_EXECUTE|[12]
18:27:55.0 (123101700)|STATEMENT_EXECUTE|[13]
18:27:55.0 (123105929)|CONSTRUCTOR_EXIT|[64]|01pBK000001RE9Z|<init>()|RecentJobViewedController.JobWrapper
18:27:55.0 (123110776)|VARIABLE_SCOPE_BEGIN|[64]|wrapper|RecentJobViewedController.JobWrapper|true|false
18:27:55.0 (123122452)|VARIABLE_ASSIGNMENT|[64]|wrapper|{}|0x6730dece
18:27:55.0 (123126890)|STATEMENT_EXECUTE|[65]
18:27:55.0 (123211189)|VARIABLE_ASSIGNMENT|[65]|this.Id|"a0KBK00000JHS4z2AH"|0x6730dece
18:27:55.0 (123216602)|STATEMENT_EXECUTE|[66]
18:27:55.0 (123225546)|VARIABLE_ASSIGNMENT|[66]|this.JobPosition|"仙台市（宮城）社内情報セキュリティ担当・ (68 more) ..."|0x6730dece
18:27:55.0 (123230957)|STATEMENT_EXECUTE|[67]
18:27:55.0 (123249540)|VARIABLE_ASSIGNMENT|[67]|this.WorkLocation2|"宮城県仙台市泉区長命ケ丘3-27-3"|0x6730dece
18:27:55.0 (123258017)|STATEMENT_EXECUTE|[68]
18:27:55.0 (123268363)|VARIABLE_ASSIGNMENT|[68]|this.JobCategory1|"IT系（ソフトウェア/ネットワーク）"|0x6730dece
18:27:55.0 (123273386)|STATEMENT_EXECUTE|[69]
18:27:55.0 (123300080)|VARIABLE_ASSIGNMENT|[69]|this.MaxAnnualSalary|700|0x6730dece
18:27:55.0 (123304253)|STATEMENT_EXECUTE|[70]
18:27:55.0 (123314149)|VARIABLE_ASSIGNMENT|[70]|this.MinAnnualSalary|500|0x6730dece
18:27:55.0 (123318875)|STATEMENT_EXECUTE|[71]
18:27:55.0 (123326225)|VARIABLE_ASSIGNMENT|[71]|this.JobDescription|"社内SEとして、以下のような業務をお任せ (1657 more) ..."|0x6730dece
18:27:55.0 (123330868)|STATEMENT_EXECUTE|[72]
18:27:55.0 (123348201)|VARIABLE_ASSIGNMENT|[72]|this.LastModifiedDate|"2026-04-15T00:56:58.000Z"|0x6730dece
18:27:55.0 (123352470)|STATEMENT_EXECUTE|[73]
18:27:55.0 (123362380)|VARIABLE_ASSIGNMENT|[73]|this.LastViewedDate|"2026-04-15T06:06:49.000Z"|0x6730dece
18:27:55.0 (123366690)|STATEMENT_EXECUTE|[74]
18:27:55.0 (123382000)|HEAP_ALLOCATE|[74]|Bytes:5
18:27:55.0 (123387994)|VARIABLE_ASSIGNMENT|[74]|this.IsFavorite|true|0x6730dece
18:27:55.0 (123392460)|STATEMENT_EXECUTE|[75]
18:27:55.0 (123470226)|VARIABLE_ASSIGNMENT|[75]|this.MainIndustry|"メーカー系"|0x6730dece
18:27:55.0 (123475362)|STATEMENT_EXECUTE|[76]
18:27:55.0 (123482588)|HEAP_ALLOCATE|[EXTERNAL]|Bytes:4
18:27:55.0 (123494607)|HEAP_ALLOCATE|[63]|Bytes:5
18:27:55.0 (123504036)|HEAP_ALLOCATE|[63]|Bytes:36
18:27:55.0 (123510555)|VARIABLE_SCOPE_BEGIN|[63]|j|Job__c|true|false
18:27:55.0 (123573545)|VARIABLE_ASSIGNMENT|[63]|j|{"LastModifiedDate":"2026-02-05T00:49:22.000Z","JobPosition__c":"テスト590求人タイトル求人タイトル求人 (28 more) ...","LastViewedDate":"2026-04-15T05:59:35.000Z","Id":"a0KBK00000GezoB2AR","MinAnnualSalary__c":438,"JobDescription__c":"テスト590仕事内容仕事内容仕事内容仕事 (30 more) ...","JobCategory1__c":"専門職系（コンサルタント/金融/不動産）","MaxAnnualSalary__c":624}|0x27a6f527
18:27:55.0 (123582912)|STATEMENT_EXECUTE|[63]
18:27:55.0 (123584027)|STATEMENT_EXECUTE|[64]
18:27:55.0 (123587133)|HEAP_ALLOCATE|[64]|Bytes:48
18:27:55.0 (123593587)|CONSTRUCTOR_ENTRY|[64]|01pBK000001RE9Z|<init>()|RecentJobViewedController.JobWrapper
18:27:55.0 (123598845)|VARIABLE_SCOPE_BEGIN|[2]|this|RecentJobViewedController.JobWrapper|true|false
18:27:55.0 (123615238)|VARIABLE_ASSIGNMENT|[2]|this|{}|0x11db4e1f
18:27:55.0 (123627694)|STATEMENT_EXECUTE|[2]
18:27:55.0 (123629106)|STATEMENT_EXECUTE|[3]
18:27:55.0 (123630345)|STATEMENT_EXECUTE|[4]
18:27:55.0 (123631592)|STATEMENT_EXECUTE|[5]
18:27:55.0 (123632724)|STATEMENT_EXECUTE|[6]
18:27:55.0 (123633889)|STATEMENT_EXECUTE|[7]
18:27:55.0 (123635242)|STATEMENT_EXECUTE|[8]
18:27:55.0 (123636480)|STATEMENT_EXECUTE|[9]
18:27:55.0 (123637705)|STATEMENT_EXECUTE|[10]
18:27:55.0 (123638919)|STATEMENT_EXECUTE|[11]
18:27:55.0 (123640067)|STATEMENT_EXECUTE|[12]
18:27:55.0 (123641091)|STATEMENT_EXECUTE|[13]
18:27:55.0 (123644536)|CONSTRUCTOR_EXIT|[64]|01pBK000001RE9Z|<init>()|RecentJobViewedController.JobWrapper
18:27:55.0 (123649345)|VARIABLE_SCOPE_BEGIN|[64]|wrapper|RecentJobViewedController.JobWrapper|true|false
18:27:55.0 (123660983)|VARIABLE_ASSIGNMENT|[64]|wrapper|{}|0x11db4e1f
18:27:55.0 (123665146)|STATEMENT_EXECUTE|[65]
18:27:55.0 (123728519)|VARIABLE_ASSIGNMENT|[65]|this.Id|"a0KBK00000GezoB2AR"|0x11db4e1f
18:27:55.0 (123733291)|STATEMENT_EXECUTE|[66]
18:27:55.0 (123740660)|VARIABLE_ASSIGNMENT|[66]|this.JobPosition|"テスト590求人タイトル求人タイトル求人 (28 more) ..."|0x11db4e1f
18:27:55.0 (123745600)|STATEMENT_EXECUTE|[67]
18:27:55.0 (123750765)|VARIABLE_ASSIGNMENT|[67]|this.WorkLocation2|null|0x11db4e1f
18:27:55.0 (123754890)|STATEMENT_EXECUTE|[68]
18:27:55.0 (123794458)|VARIABLE_ASSIGNMENT|[68]|this.JobCategory1|"専門職系（コンサルタント/金融/不動産）"|0x11db4e1f
18:27:55.0 (123800215)|STATEMENT_EXECUTE|[69]
18:27:55.0 (123809598)|VARIABLE_ASSIGNMENT|[69]|this.MaxAnnualSalary|624|0x11db4e1f
18:27:55.0 (123813528)|STATEMENT_EXECUTE|[70]
18:27:55.0 (123819454)|VARIABLE_ASSIGNMENT|[70]|this.MinAnnualSalary|438|0x11db4e1f
18:27:55.0 (123823069)|STATEMENT_EXECUTE|[71]
18:27:55.0 (123829328)|VARIABLE_ASSIGNMENT|[71]|this.JobDescription|"テスト590仕事内容仕事内容仕事内容仕事 (30 more) ..."|0x11db4e1f
18:27:55.0 (123833921)|STATEMENT_EXECUTE|[72]
18:27:55.0 (123849040)|VARIABLE_ASSIGNMENT|[72]|this.LastModifiedDate|"2026-02-05T00:49:22.000Z"|0x11db4e1f
18:27:55.0 (123852974)|STATEMENT_EXECUTE|[73]
18:27:55.0 (123861030)|VARIABLE_ASSIGNMENT|[73]|this.LastViewedDate|"2026-04-15T05:59:35.000Z"|0x11db4e1f
18:27:55.0 (123864854)|STATEMENT_EXECUTE|[74]
18:27:55.0 (123876152)|HEAP_ALLOCATE|[74]|Bytes:5
18:27:55.0 (123880879)|VARIABLE_ASSIGNMENT|[74]|this.IsFavorite|false|0x11db4e1f
18:27:55.0 (123884742)|STATEMENT_EXECUTE|[75]
18:27:55.0 (123889978)|VARIABLE_ASSIGNMENT|[75]|this.MainIndustry|null|0x11db4e1f
18:27:55.0 (123893818)|STATEMENT_EXECUTE|[76]
18:27:55.0 (123898599)|HEAP_ALLOCATE|[EXTERNAL]|Bytes:4
18:27:55.0 (123908843)|HEAP_ALLOCATE|[63]|Bytes:5
18:27:55.0 (123917737)|HEAP_ALLOCATE|[63]|Bytes:48
18:27:55.0 (123922621)|VARIABLE_SCOPE_BEGIN|[63]|j|Job__c|true|false
18:27:55.0 (124029107)|VARIABLE_ASSIGNMENT|[63]|j|{"LastModifiedDate":"2026-04-10T10:00:26.000Z","JobPosition__c":"仙台市（宮城）法人営業・リカバリーウェア (60 more) ...","WorkLocation2__c":"宮城県仙台市泉区長命ケ丘3-27-3","LastViewedDate":"2026-04-14T04:10:24.000Z","Id":"a0KBK00000JKXw92AH","MinAnnualSalary__c":500,"Company__c":"001BK00000h1ZPdYAM","JobDescription__c":"法人営業として、以下のような業務をお任せ (1657 more) ...","Company__r":{"MainIndustry__c":"メーカー系","Id":"001BK00000h1ZPdYAM"},"JobCategory1__c":"営業系","MaxAnnualSalary__c":700}|0x6effef2
18:27:55.0 (124041415)|STATEMENT_EXECUTE|[63]
18:27:55.0 (124042656)|STATEMENT_EXECUTE|[64]
18:27:55.0 (124045740)|HEAP_ALLOCATE|[64]|Bytes:48
18:27:55.0 (124051660)|CONSTRUCTOR_ENTRY|[64]|01pBK000001RE9Z|<init>()|RecentJobViewedController.JobWrapper
18:27:55.0 (124077927)|VARIABLE_SCOPE_BEGIN|[2]|this|RecentJobViewedController.JobWrapper|true|false
18:27:55.0 (124095972)|VARIABLE_ASSIGNMENT|[2]|this|{}|0x6e6c1127
18:27:55.0 (124108687)|STATEMENT_EXECUTE|[2]
18:27:55.0 (124109951)|STATEMENT_EXECUTE|[3]
18:27:55.0 (124111200)|STATEMENT_EXECUTE|[4]
18:27:55.0 (124112636)|STATEMENT_EXECUTE|[5]
18:27:55.0 (124113946)|STATEMENT_EXECUTE|[6]
18:27:55.0 (124115134)|STATEMENT_EXECUTE|[7]
18:27:55.0 (124116374)|STATEMENT_EXECUTE|[8]
18:27:55.0 (124117411)|STATEMENT_EXECUTE|[9]
18:27:55.0 (124118607)|STATEMENT_EXECUTE|[10]
18:27:55.0 (124120210)|STATEMENT_EXECUTE|[11]
18:27:55.0 (124121582)|STATEMENT_EXECUTE|[12]
18:27:55.0 (124122775)|STATEMENT_EXECUTE|[13]
18:27:55.0 (124126464)|CONSTRUCTOR_EXIT|[64]|01pBK000001RE9Z|<init>()|RecentJobViewedController.JobWrapper
18:27:55.0 (124131246)|VARIABLE_SCOPE_BEGIN|[64]|wrapper|RecentJobViewedController.JobWrapper|true|false
18:27:55.0 (124142297)|VARIABLE_ASSIGNMENT|[64]|wrapper|{}|0x6e6c1127
18:27:55.0 (124146515)|STATEMENT_EXECUTE|[65]
18:27:55.0 (124201120)|VARIABLE_ASSIGNMENT|[65]|this.Id|"a0KBK00000JKXw92AH"|0x6e6c1127
18:27:55.0 (124206265)|STATEMENT_EXECUTE|[66]
18:27:55.0 (124213385)|VARIABLE_ASSIGNMENT|[66]|this.JobPosition|"仙台市（宮城）法人営業・リカバリーウェア (60 more) ..."|0x6e6c1127
18:27:55.0 (124218168)|STATEMENT_EXECUTE|[67]
18:27:55.0 (124224672)|VARIABLE_ASSIGNMENT|[67]|this.WorkLocation2|"宮城県仙台市泉区長命ケ丘3-27-3"|0x6e6c1127
18:27:55.0 (124228822)|STATEMENT_EXECUTE|[68]
18:27:55.0 (124233624)|VARIABLE_ASSIGNMENT|[68]|this.JobCategory1|"営業系"|0x6e6c1127
18:27:55.0 (124238503)|STATEMENT_EXECUTE|[69]
18:27:55.0 (124246599)|VARIABLE_ASSIGNMENT|[69]|this.MaxAnnualSalary|700|0x6e6c1127
18:27:55.0 (124250623)|STATEMENT_EXECUTE|[70]
18:27:55.0 (124256572)|VARIABLE_ASSIGNMENT|[70]|this.MinAnnualSalary|500|0x6e6c1127
18:27:55.0 (124260210)|STATEMENT_EXECUTE|[71]
18:27:55.0 (124266021)|VARIABLE_ASSIGNMENT|[71]|this.JobDescription|"法人営業として、以下のような業務をお任せ (1657 more) ..."|0x6e6c1127
18:27:55.0 (124271204)|STATEMENT_EXECUTE|[72]
18:27:55.0 (124282558)|VARIABLE_ASSIGNMENT|[72]|this.LastModifiedDate|"2026-04-10T10:00:26.000Z"|0x6e6c1127
18:27:55.0 (124286430)|STATEMENT_EXECUTE|[73]
18:27:55.0 (124295355)|VARIABLE_ASSIGNMENT|[73]|this.LastViewedDate|"2026-04-14T04:10:24.000Z"|0x6e6c1127
18:27:55.0 (124299843)|STATEMENT_EXECUTE|[74]
18:27:55.0 (124310819)|HEAP_ALLOCATE|[74]|Bytes:5
18:27:55.0 (124315824)|VARIABLE_ASSIGNMENT|[74]|this.IsFavorite|true|0x6e6c1127
18:27:55.0 (124319935)|STATEMENT_EXECUTE|[75]
18:27:55.0 (124332208)|VARIABLE_ASSIGNMENT|[75]|this.MainIndustry|"メーカー系"|0x6e6c1127
18:27:55.0 (124341286)|STATEMENT_EXECUTE|[76]
18:27:55.0 (124349832)|HEAP_ALLOCATE|[EXTERNAL]|Bytes:4
18:27:55.0 (124362466)|HEAP_ALLOCATE|[63]|Bytes:5
18:27:55.0 (124370327)|HEAP_ALLOCATE|[63]|Bytes:24
18:27:55.0 (124375123)|VARIABLE_SCOPE_BEGIN|[63]|j|Job__c|true|false
18:27:55.0 (124426971)|VARIABLE_ASSIGNMENT|[63]|j|{"JobPosition__c":"●形式厳守！右記テンプレに則って作成→市 (63 more) ...","LastViewedDate":"2026-04-13T08:48:36.000Z","LastModifiedDate":"2026-04-10T08:38:49.000Z","Id":"a0KBK00000JSb1h2AD","JobDescription__c":"・・・\n\n【具体的には\u2026】\n・\n・\n・\n (153 more) ..."}|0x4f2627bb
18:27:55.0 (124434947)|STATEMENT_EXECUTE|[63]
18:27:55.0 (124436232)|STATEMENT_EXECUTE|[64]
18:27:55.0 (124438702)|HEAP_ALLOCATE|[64]|Bytes:48
18:27:55.0 (124443545)|CONSTRUCTOR_ENTRY|[64]|01pBK000001RE9Z|<init>()|RecentJobViewedController.JobWrapper
18:27:55.0 (124448701)|VARIABLE_SCOPE_BEGIN|[2]|this|RecentJobViewedController.JobWrapper|true|false
18:27:55.0 (124463755)|VARIABLE_ASSIGNMENT|[2]|this|{}|0x3a6bd646
18:27:55.0 (124474809)|STATEMENT_EXECUTE|[2]
18:27:55.0 (124476086)|STATEMENT_EXECUTE|[3]
18:27:55.0 (124477185)|STATEMENT_EXECUTE|[4]
18:27:55.0 (124478336)|STATEMENT_EXECUTE|[5]
18:27:55.0 (124479615)|STATEMENT_EXECUTE|[6]
18:27:55.0 (124480805)|STATEMENT_EXECUTE|[7]
18:27:55.0 (124482040)|STATEMENT_EXECUTE|[8]
18:27:55.0 (124483186)|STATEMENT_EXECUTE|[9]
18:27:55.0 (124484336)|STATEMENT_EXECUTE|[10]
18:27:55.0 (124485725)|STATEMENT_EXECUTE|[11]
18:27:55.0 (124487028)|STATEMENT_EXECUTE|[12]
18:27:55.0 (124488151)|STATEMENT_EXECUTE|[13]
18:27:55.0 (124490962)|CONSTRUCTOR_EXIT|[64]|01pBK000001RE9Z|<init>()|RecentJobViewedController.JobWrapper
18:27:55.0 (124495447)|VARIABLE_SCOPE_BEGIN|[64]|wrapper|RecentJobViewedController.JobWrapper|true|false
18:27:55.0 (124506270)|VARIABLE_ASSIGNMENT|[64]|wrapper|{}|0x3a6bd646
18:27:55.0 (124510264)|STATEMENT_EXECUTE|[65]
18:27:55.0 (124552929)|VARIABLE_ASSIGNMENT|[65]|this.Id|"a0KBK00000JSb1h2AD"|0x3a6bd646
18:27:55.0 (124557606)|STATEMENT_EXECUTE|[66]
18:27:55.0 (124565142)|VARIABLE_ASSIGNMENT|[66]|this.JobPosition|"●形式厳守！右記テンプレに則って作成→市 (63 more) ..."|0x3a6bd646
18:27:55.0 (124569667)|STATEMENT_EXECUTE|[67]
18:27:55.0 (124574789)|VARIABLE_ASSIGNMENT|[67]|this.WorkLocation2|null|0x3a6bd646
18:27:55.0 (124578892)|STATEMENT_EXECUTE|[68]
18:27:55.0 (124583560)|VARIABLE_ASSIGNMENT|[68]|this.JobCategory1|null|0x3a6bd646
18:27:55.0 (124587705)|STATEMENT_EXECUTE|[69]
18:27:55.0 (124592039)|VARIABLE_ASSIGNMENT|[69]|this.MaxAnnualSalary|null|0x3a6bd646
18:27:55.0 (124595771)|STATEMENT_EXECUTE|[70]
18:27:55.0 (124599807)|VARIABLE_ASSIGNMENT|[70]|this.MinAnnualSalary|null|0x3a6bd646
18:27:55.0 (124603840)|STATEMENT_EXECUTE|[71]
18:27:55.0 (124610311)|VARIABLE_ASSIGNMENT|[71]|this.JobDescription|"・・・\n\n【具体的には\u2026】\n・\n・\n・\n (153 more) ..."|0x3a6bd646
18:27:55.0 (124615158)|STATEMENT_EXECUTE|[72]
18:27:55.0 (124626316)|VARIABLE_ASSIGNMENT|[72]|this.LastModifiedDate|"2026-04-10T08:38:49.000Z"|0x3a6bd646
18:27:55.0 (124631005)|STATEMENT_EXECUTE|[73]
18:27:55.0 (124639413)|VARIABLE_ASSIGNMENT|[73]|this.LastViewedDate|"2026-04-13T08:48:36.000Z"|0x3a6bd646
18:27:55.0 (124644407)|STATEMENT_EXECUTE|[74]
18:27:55.0 (124655613)|HEAP_ALLOCATE|[74]|Bytes:5
18:27:55.0 (124660617)|VARIABLE_ASSIGNMENT|[74]|this.IsFavorite|false|0x3a6bd646
18:27:55.0 (124664176)|STATEMENT_EXECUTE|[75]
18:27:55.0 (124669160)|VARIABLE_ASSIGNMENT|[75]|this.MainIndustry|null|0x3a6bd646
18:27:55.0 (124672785)|STATEMENT_EXECUTE|[76]
18:27:55.0 (124677114)|HEAP_ALLOCATE|[EXTERNAL]|Bytes:4
18:27:55.0 (124685770)|HEAP_ALLOCATE|[63]|Bytes:5
18:27:55.0 (124692800)|HEAP_ALLOCATE|[63]|Bytes:48
18:27:55.0 (124697149)|VARIABLE_SCOPE_BEGIN|[63]|j|Job__c|true|false
18:27:55.0 (124789086)|VARIABLE_ASSIGNMENT|[63]|j|{"LastModifiedDate":"2026-04-10T09:24:38.000Z","JobPosition__c":"テスト401求人タイトル求人タイトル求人 (75 more) ...","WorkLocation2__c":"勤務地","LastViewedDate":"2026-04-09T09:28:45.000Z","Id":"a0KBK00000Gexcs2AB","MinAnnualSalary__c":450,"Company__c":"001BK00000cc2ZEYAY","JobDescription__c":"テスト401仕事内容仕事内容仕事内容仕事 (30 more) ...","Company__r":{"Id":"001BK00000cc2ZEYAY"},"JobCategory1__c":"専門職系（コンサルタント/金融/不動産）","MaxAnnualSalary__c":600}|0x72bfe12b
18:27:55.0 (124800176)|STATEMENT_EXECUTE|[63]
18:27:55.0 (124801677)|STATEMENT_EXECUTE|[64]
18:27:55.0 (124804296)|HEAP_ALLOCATE|[64]|Bytes:48
18:27:55.0 (124809536)|CONSTRUCTOR_ENTRY|[64]|01pBK000001RE9Z|<init>()|RecentJobViewedController.JobWrapper
18:27:55.0 (124816571)|VARIABLE_SCOPE_BEGIN|[2]|this|RecentJobViewedController.JobWrapper|true|false
18:27:55.0 (124830406)|VARIABLE_ASSIGNMENT|[2]|this|{}|0x5bccb96b
18:27:55.0 (124840783)|STATEMENT_EXECUTE|[2]
18:27:55.0 (124842073)|STATEMENT_EXECUTE|[3]
18:27:55.0 (124843313)|STATEMENT_EXECUTE|[4]
18:27:55.0 (124844511)|STATEMENT_EXECUTE|[5]
18:27:55.0 (124845740)|STATEMENT_EXECUTE|[6]
18:27:55.0 (124846999)|STATEMENT_EXECUTE|[7]
18:27:55.0 (124848295)|STATEMENT_EXECUTE|[8]
18:27:55.0 (124849596)|STATEMENT_EXECUTE|[9]
18:27:55.0 (124850669)|STATEMENT_EXECUTE|[10]
18:27:55.0 (124851937)|STATEMENT_EXECUTE|[11]
18:27:55.0 (124853218)|STATEMENT_EXECUTE|[12]
18:27:55.0 (124854402)|STATEMENT_EXECUTE|[13]
18:27:55.0 (124856986)|CONSTRUCTOR_EXIT|[64]|01pBK000001RE9Z|<init>()|RecentJobViewedController.JobWrapper
18:27:55.0 (124861551)|VARIABLE_SCOPE_BEGIN|[64]|wrapper|RecentJobViewedController.JobWrapper|true|false
18:27:55.0 (124872242)|VARIABLE_ASSIGNMENT|[64]|wrapper|{}|0x5bccb96b
18:27:55.0 (124876575)|STATEMENT_EXECUTE|[65]
18:27:55.0 (124918521)|VARIABLE_ASSIGNMENT|[65]|this.Id|"a0KBK00000Gexcs2AB"|0x5bccb96b
18:27:55.0 (124923797)|STATEMENT_EXECUTE|[66]
18:27:55.0 (124931151)|VARIABLE_ASSIGNMENT|[66]|this.JobPosition|"テスト401求人タイトル求人タイトル求人 (75 more) ..."|0x5bccb96b
18:27:55.0 (124935878)|STATEMENT_EXECUTE|[67]
18:27:55.0 (124941440)|VARIABLE_ASSIGNMENT|[67]|this.WorkLocation2|"勤務地"|0x5bccb96b
18:27:55.0 (124945411)|STATEMENT_EXECUTE|[68]
18:27:55.0 (124951268)|VARIABLE_ASSIGNMENT|[68]|this.JobCategory1|"専門職系（コンサルタント/金融/不動産）"|0x5bccb96b
18:27:55.0 (124955978)|STATEMENT_EXECUTE|[69]
18:27:55.0 (124964801)|VARIABLE_ASSIGNMENT|[69]|this.MaxAnnualSalary|600|0x5bccb96b
18:27:55.0 (124968769)|STATEMENT_EXECUTE|[70]
18:27:55.0 (124974502)|VARIABLE_ASSIGNMENT|[70]|this.MinAnnualSalary|450|0x5bccb96b
18:27:55.0 (124978377)|STATEMENT_EXECUTE|[71]
18:27:55.0 (124984647)|VARIABLE_ASSIGNMENT|[71]|this.JobDescription|"テスト401仕事内容仕事内容仕事内容仕事 (30 more) ..."|0x5bccb96b
18:27:55.0 (124989289)|STATEMENT_EXECUTE|[72]
18:27:55.0 (125000256)|VARIABLE_ASSIGNMENT|[72]|this.LastModifiedDate|"2026-04-10T09:24:38.000Z"|0x5bccb96b
18:27:55.0 (125005539)|STATEMENT_EXECUTE|[73]
18:27:55.0 (125014286)|VARIABLE_ASSIGNMENT|[73]|this.LastViewedDate|"2026-04-09T09:28:45.000Z"|0x5bccb96b
18:27:55.0 (125018331)|STATEMENT_EXECUTE|[74]
18:27:55.0 (125028391)|HEAP_ALLOCATE|[74]|Bytes:5
18:27:55.0 (125033910)|VARIABLE_ASSIGNMENT|[74]|this.IsFavorite|true|0x5bccb96b
18:27:55.0 (125037856)|STATEMENT_EXECUTE|[75]
18:27:55.0 (125047183)|VARIABLE_ASSIGNMENT|[75]|this.MainIndustry|null|0x5bccb96b
18:27:55.0 (125050943)|STATEMENT_EXECUTE|[76]
18:27:55.0 (125055695)|HEAP_ALLOCATE|[EXTERNAL]|Bytes:4
18:27:55.0 (125064890)|HEAP_ALLOCATE|[63]|Bytes:5
18:27:55.0 (125072395)|HEAP_ALLOCATE|[63]|Bytes:48
18:27:55.0 (125077016)|VARIABLE_SCOPE_BEGIN|[63]|j|Job__c|true|false
18:27:55.0 (125167519)|VARIABLE_ASSIGNMENT|[63]|j|{"LastModifiedDate":"2026-04-03T04:12:21.000Z","JobPosition__c":"新潟市(新潟) 法人ルート営業・業界シェ (74 more) ...","WorkLocation2__c":"新潟県新潟市（転勤なし／車通勤可）","LastViewedDate":"2026-04-08T11:25:52.000Z","Id":"a0KBK00000GezgQ2AR","MinAnnualSalary__c":350,"Company__c":"001BK00000b1JOJYA2","JobDescription__c":"自社開発製造の給配水機器とその関連製品の (25 more) ...","Company__r":{"MainIndustry__c":"IT・通信・インターネット系","Id":"001BK00000b1JOJYA2"},"JobCategory1__c":"経営幹部/企画/マーケティング系","MaxAnnualSalary__c":550}|0x62a03d96
18:27:55.0 (125179313)|STATEMENT_EXECUTE|[63]
18:27:55.0 (125180499)|STATEMENT_EXECUTE|[64]
18:27:55.0 (125183108)|HEAP_ALLOCATE|[64]|Bytes:48
18:27:55.0 (125188002)|CONSTRUCTOR_ENTRY|[64]|01pBK000001RE9Z|<init>()|RecentJobViewedController.JobWrapper
18:27:55.0 (125193025)|VARIABLE_SCOPE_BEGIN|[2]|this|RecentJobViewedController.JobWrapper|true|false
18:27:55.0 (125207777)|VARIABLE_ASSIGNMENT|[2]|this|{}|0x102cafbb
18:27:55.0 (125218575)|STATEMENT_EXECUTE|[2]
18:27:55.0 (125219806)|STATEMENT_EXECUTE|[3]
18:27:55.0 (125221195)|STATEMENT_EXECUTE|[4]
18:27:55.0 (125222341)|STATEMENT_EXECUTE|[5]
18:27:55.0 (125223583)|STATEMENT_EXECUTE|[6]
18:27:55.0 (125224733)|STATEMENT_EXECUTE|[7]
18:27:55.0 (125226417)|STATEMENT_EXECUTE|[8]
18:27:55.0 (125227613)|STATEMENT_EXECUTE|[9]
18:27:55.0 (125229252)|STATEMENT_EXECUTE|[10]
18:27:55.0 (125230296)|STATEMENT_EXECUTE|[11]
18:27:55.0 (125231788)|STATEMENT_EXECUTE|[12]
18:27:55.0 (125233082)|STATEMENT_EXECUTE|[13]
18:27:55.0 (125236231)|CONSTRUCTOR_EXIT|[64]|01pBK000001RE9Z|<init>()|RecentJobViewedController.JobWrapper
18:27:55.0 (125240792)|VARIABLE_SCOPE_BEGIN|[64]|wrapper|RecentJobViewedController.JobWrapper|true|false
18:27:55.0 (125255259)|VARIABLE_ASSIGNMENT|[64]|wrapper|{}|0x102cafbb
18:27:55.0 (125259277)|STATEMENT_EXECUTE|[65]
18:27:55.0 (125302913)|VARIABLE_ASSIGNMENT|[65]|this.Id|"a0KBK00000GezgQ2AR"|0x102cafbb
18:27:55.0 (125307888)|STATEMENT_EXECUTE|[66]
18:27:55.0 (125315740)|VARIABLE_ASSIGNMENT|[66]|this.JobPosition|"新潟市(新潟) 法人ルート営業・業界シェ (74 more) ..."|0x102cafbb
18:27:55.0 (125320392)|STATEMENT_EXECUTE|[67]
18:27:55.0 (125326168)|VARIABLE_ASSIGNMENT|[67]|this.WorkLocation2|"新潟県新潟市（転勤なし／車通勤可）"|0x102cafbb
18:27:55.0 (125330864)|STATEMENT_EXECUTE|[68]
18:27:55.0 (125336017)|VARIABLE_ASSIGNMENT|[68]|this.JobCategory1|"経営幹部/企画/マーケティング系"|0x102cafbb
18:27:55.0 (125340271)|STATEMENT_EXECUTE|[69]
18:27:55.0 (125347366)|VARIABLE_ASSIGNMENT|[69]|this.MaxAnnualSalary|550|0x102cafbb
18:27:55.0 (125351077)|STATEMENT_EXECUTE|[70]
18:27:55.0 (125355970)|VARIABLE_ASSIGNMENT|[70]|this.MinAnnualSalary|350|0x102cafbb
18:27:55.0 (125359658)|STATEMENT_EXECUTE|[71]
18:27:55.0 (125365936)|VARIABLE_ASSIGNMENT|[71]|this.JobDescription|"自社開発製造の給配水機器とその関連製品の (25 more) ..."|0x102cafbb
18:27:55.0 (125370607)|STATEMENT_EXECUTE|[72]
18:27:55.0 (125381930)|VARIABLE_ASSIGNMENT|[72]|this.LastModifiedDate|"2026-04-03T04:12:21.000Z"|0x102cafbb
18:27:55.0 (125385679)|STATEMENT_EXECUTE|[73]
18:27:55.0 (125393796)|VARIABLE_ASSIGNMENT|[73]|this.LastViewedDate|"2026-04-08T11:25:52.000Z"|0x102cafbb
18:27:55.0 (125397646)|STATEMENT_EXECUTE|[74]
18:27:55.0 (125407910)|HEAP_ALLOCATE|[74]|Bytes:5
18:27:55.0 (125412301)|VARIABLE_ASSIGNMENT|[74]|this.IsFavorite|true|0x102cafbb
18:27:55.0 (125416343)|STATEMENT_EXECUTE|[75]
18:27:55.0 (125427031)|VARIABLE_ASSIGNMENT|[75]|this.MainIndustry|"IT・通信・インターネット系"|0x102cafbb
18:27:55.0 (125431336)|STATEMENT_EXECUTE|[76]
18:27:55.0 (125435737)|HEAP_ALLOCATE|[EXTERNAL]|Bytes:4
18:27:55.0 (125444324)|HEAP_ALLOCATE|[63]|Bytes:5
18:27:55.0 (125450987)|HEAP_ALLOCATE|[63]|Bytes:48
18:27:55.0 (125455888)|VARIABLE_SCOPE_BEGIN|[63]|j|Job__c|true|false
18:27:55.0 (125533481)|VARIABLE_ASSIGNMENT|[63]|j|{"LastModifiedDate":"2026-03-06T01:15:09.000Z","JobPosition__c":"千代田区(東京) 設備積算・大手サブコン (18 more) ...","WorkLocation2__c":"東京都千代田区","LastViewedDate":"2026-04-08T10:19:33.000Z","Id":"a0KBK00000GezgH2AR","MinAnnualSalary__c":400,"Company__c":"001BK00000b1JOJYA2","JobDescription__c":"事務所ビルや商業施設、工場など、多様な建 (105 more) ...","Company__r":{"MainIndustry__c":"IT・通信・インターネット系","Id":"001BK00000b1JOJYA2"},"JobCategory1__c":"営業系","MaxAnnualSalary__c":650}|0x1b41575e
18:27:55.0 (125545801)|STATEMENT_EXECUTE|[63]
18:27:55.0 (125547090)|STATEMENT_EXECUTE|[64]
18:27:55.0 (125549693)|HEAP_ALLOCATE|[64]|Bytes:48
18:27:55.0 (125554804)|CONSTRUCTOR_ENTRY|[64]|01pBK000001RE9Z|<init>()|RecentJobViewedController.JobWrapper
18:27:55.0 (125559537)|VARIABLE_SCOPE_BEGIN|[2]|this|RecentJobViewedController.JobWrapper|true|false
18:27:55.0 (125573431)|VARIABLE_ASSIGNMENT|[2]|this|{}|0x1ec761b0
18:27:55.0 (125583421)|STATEMENT_EXECUTE|[2]
18:27:55.0 (125584658)|STATEMENT_EXECUTE|[3]
18:27:55.0 (125585963)|STATEMENT_EXECUTE|[4]
18:27:55.0 (125587182)|STATEMENT_EXECUTE|[5]
18:27:55.0 (125588430)|STATEMENT_EXECUTE|[6]
18:27:55.0 (125589593)|STATEMENT_EXECUTE|[7]
18:27:55.0 (125590629)|STATEMENT_EXECUTE|[8]
18:27:55.0 (125591653)|STATEMENT_EXECUTE|[9]
18:27:55.0 (125592685)|STATEMENT_EXECUTE|[10]
18:27:55.0 (125593897)|STATEMENT_EXECUTE|[11]
18:27:55.0 (125595089)|STATEMENT_EXECUTE|[12]
18:27:55.0 (125596307)|STATEMENT_EXECUTE|[13]
18:27:55.0 (125599367)|CONSTRUCTOR_EXIT|[64]|01pBK000001RE9Z|<init>()|RecentJobViewedController.JobWrapper
18:27:55.0 (125604187)|VARIABLE_SCOPE_BEGIN|[64]|wrapper|RecentJobViewedController.JobWrapper|true|false
18:27:55.0 (125614376)|VARIABLE_ASSIGNMENT|[64]|wrapper|{}|0x1ec761b0
18:27:55.0 (125618585)|STATEMENT_EXECUTE|[65]
18:27:55.0 (125659777)|VARIABLE_ASSIGNMENT|[65]|this.Id|"a0KBK00000GezgH2AR"|0x1ec761b0
18:27:55.0 (125664261)|STATEMENT_EXECUTE|[66]
18:27:55.0 (125671713)|VARIABLE_ASSIGNMENT|[66]|this.JobPosition|"千代田区(東京) 設備積算・大手サブコン (18 more) ..."|0x1ec761b0
18:27:55.0 (125678208)|STATEMENT_EXECUTE|[67]
18:27:55.0 (125683887)|VARIABLE_ASSIGNMENT|[67]|this.WorkLocation2|"東京都千代田区"|0x1ec761b0
18:27:55.0 (125687976)|STATEMENT_EXECUTE|[68]
18:27:55.0 (125692654)|VARIABLE_ASSIGNMENT|[68]|this.JobCategory1|"営業系"|0x1ec761b0
18:27:55.0 (125696950)|STATEMENT_EXECUTE|[69]
18:27:55.0 (125703721)|VARIABLE_ASSIGNMENT|[69]|this.MaxAnnualSalary|650|0x1ec761b0
18:27:55.0 (125707491)|STATEMENT_EXECUTE|[70]
18:27:55.0 (125713082)|VARIABLE_ASSIGNMENT|[70]|this.MinAnnualSalary|400|0x1ec761b0
18:27:55.0 (125716800)|STATEMENT_EXECUTE|[71]
18:27:55.0 (125722794)|VARIABLE_ASSIGNMENT|[71]|this.JobDescription|"事務所ビルや商業施設、工場など、多様な建 (105 more) ..."|0x1ec761b0
18:27:55.0 (125727891)|STATEMENT_EXECUTE|[72]
18:27:55.0 (125739360)|VARIABLE_ASSIGNMENT|[72]|this.LastModifiedDate|"2026-03-06T01:15:09.000Z"|0x1ec761b0
18:27:55.0 (125743162)|STATEMENT_EXECUTE|[73]
18:27:55.0 (125751736)|VARIABLE_ASSIGNMENT|[73]|this.LastViewedDate|"2026-04-08T10:19:33.000Z"|0x1ec761b0
18:27:55.0 (125755897)|STATEMENT_EXECUTE|[74]
18:27:55.0 (125765745)|HEAP_ALLOCATE|[74]|Bytes:5
18:27:55.0 (125770544)|VARIABLE_ASSIGNMENT|[74]|this.IsFavorite|false|0x1ec761b0
18:27:55.0 (125774401)|STATEMENT_EXECUTE|[75]
18:27:55.0 (125785660)|VARIABLE_ASSIGNMENT|[75]|this.MainIndustry|"IT・通信・インターネット系"|0x1ec761b0
18:27:55.0 (125790204)|STATEMENT_EXECUTE|[76]
18:27:55.0 (125794529)|HEAP_ALLOCATE|[EXTERNAL]|Bytes:4
18:27:55.0 (125803193)|HEAP_ALLOCATE|[63]|Bytes:5
18:27:55.0 (125809756)|HEAP_ALLOCATE|[63]|Bytes:44
18:27:55.0 (125814153)|VARIABLE_SCOPE_BEGIN|[63]|j|Job__c|true|false
18:27:55.0 (125892095)|VARIABLE_ASSIGNMENT|[63]|j|{"LastModifiedDate":"2026-02-06T01:25:17.000Z","JobPosition__c":"テスト467求人タイトル求人タイトル求人 (28 more) ...","LastViewedDate":"2026-04-08T10:19:19.000Z","Id":"a0KBK00000Gexdw2AB","MinAnnualSalary__c":216,"Company__c":"001BK00000cUA2TYAW","JobDescription__c":"テスト467仕事内容仕事内容仕事内容仕事 (30 more) ...","Company__r":{"Id":"001BK00000cUA2TYAW"},"JobCategory1__c":"管理部門/事務系","MaxAnnualSalary__c":0}|0x6524b072
18:27:55.0 (125902263)|STATEMENT_EXECUTE|[63]
18:27:55.0 (125903463)|STATEMENT_EXECUTE|[64]
18:27:55.0 (125906874)|HEAP_ALLOCATE|[64]|Bytes:48
18:27:55.0 (125912068)|CONSTRUCTOR_ENTRY|[64]|01pBK000001RE9Z|<init>()|RecentJobViewedController.JobWrapper
18:27:55.0 (125916721)|VARIABLE_SCOPE_BEGIN|[2]|this|RecentJobViewedController.JobWrapper|true|false
18:27:55.0 (125930793)|VARIABLE_ASSIGNMENT|[2]|this|{}|0x7a7a5dc8
18:27:55.0 (125941364)|STATEMENT_EXECUTE|[2]
18:27:55.0 (125942549)|STATEMENT_EXECUTE|[3]
18:27:55.0 (125943637)|STATEMENT_EXECUTE|[4]
18:27:55.0 (125944738)|STATEMENT_EXECUTE|[5]
18:27:55.0 (125946019)|STATEMENT_EXECUTE|[6]
18:27:55.0 (125947193)|STATEMENT_EXECUTE|[7]
18:27:55.0 (125948482)|STATEMENT_EXECUTE|[8]
18:27:55.0 (125949778)|STATEMENT_EXECUTE|[9]
18:27:55.0 (125951013)|STATEMENT_EXECUTE|[10]
18:27:55.0 (125952106)|STATEMENT_EXECUTE|[11]
18:27:55.0 (125953301)|STATEMENT_EXECUTE|[12]
18:27:55.0 (125954528)|STATEMENT_EXECUTE|[13]
18:27:55.0 (125957570)|CONSTRUCTOR_EXIT|[64]|01pBK000001RE9Z|<init>()|RecentJobViewedController.JobWrapper
18:27:55.0 (125962204)|VARIABLE_SCOPE_BEGIN|[64]|wrapper|RecentJobViewedController.JobWrapper|true|false
18:27:55.0 (125973411)|VARIABLE_ASSIGNMENT|[64]|wrapper|{}|0x7a7a5dc8
18:27:55.0 (125977325)|STATEMENT_EXECUTE|[65]
18:27:55.0 (126021472)|VARIABLE_ASSIGNMENT|[65]|this.Id|"a0KBK00000Gexdw2AB"|0x7a7a5dc8
18:27:55.0 (126026767)|STATEMENT_EXECUTE|[66]
18:27:55.0 (126047217)|VARIABLE_ASSIGNMENT|[66]|this.JobPosition|"テスト467求人タイトル求人タイトル求人 (28 more) ..."|0x7a7a5dc8
18:27:55.0 (126052274)|STATEMENT_EXECUTE|[67]
18:27:55.0 (126057302)|VARIABLE_ASSIGNMENT|[67]|this.WorkLocation2|null|0x7a7a5dc8
18:27:55.0 (126061492)|STATEMENT_EXECUTE|[68]
18:27:55.0 (126069573)|VARIABLE_ASSIGNMENT|[68]|this.JobCategory1|"管理部門/事務系"|0x7a7a5dc8
18:27:55.0 (126073872)|STATEMENT_EXECUTE|[69]
18:27:55.0 (126102246)|HEAP_ALLOCATE|[69]|Bytes:28
18:27:55.0 (126108633)|VARIABLE_ASSIGNMENT|[69]|this.MaxAnnualSalary|0|0x7a7a5dc8
18:27:55.0 (126112411)|STATEMENT_EXECUTE|[70]
18:27:55.0 (126118683)|VARIABLE_ASSIGNMENT|[70]|this.MinAnnualSalary|216|0x7a7a5dc8
18:27:55.0 (126125112)|STATEMENT_EXECUTE|[71]
18:27:55.0 (126131437)|VARIABLE_ASSIGNMENT|[71]|this.JobDescription|"テスト467仕事内容仕事内容仕事内容仕事 (30 more) ..."|0x7a7a5dc8
18:27:55.0 (126136382)|STATEMENT_EXECUTE|[72]
18:27:55.0 (126148630)|VARIABLE_ASSIGNMENT|[72]|this.LastModifiedDate|"2026-02-06T01:25:17.000Z"|0x7a7a5dc8
18:27:55.0 (126152407)|STATEMENT_EXECUTE|[73]
18:27:55.0 (126160271)|VARIABLE_ASSIGNMENT|[73]|this.LastViewedDate|"2026-04-08T10:19:19.000Z"|0x7a7a5dc8
18:27:55.0 (126164321)|STATEMENT_EXECUTE|[74]
18:27:55.0 (126174591)|HEAP_ALLOCATE|[74]|Bytes:5
18:27:55.0 (126179048)|VARIABLE_ASSIGNMENT|[74]|this.IsFavorite|false|0x7a7a5dc8
18:27:55.0 (126182894)|STATEMENT_EXECUTE|[75]
18:27:55.0 (126192361)|VARIABLE_ASSIGNMENT|[75]|this.MainIndustry|null|0x7a7a5dc8
18:27:55.0 (126196200)|STATEMENT_EXECUTE|[76]
18:27:55.0 (126200549)|HEAP_ALLOCATE|[EXTERNAL]|Bytes:4
18:27:55.0 (126209359)|HEAP_ALLOCATE|[63]|Bytes:5
18:27:55.0 (126216915)|VARIABLE_ASSIGNMENT|[63]|j|null|
18:27:55.0 (126221466)|STATEMENT_EXECUTE|[78]
18:27:55.126 (126293688)|CUMULATIVE_LIMIT_USAGE
18:27:55.126 (126293688)|LIMIT_USAGE_FOR_NS|(default)|
  Number of SOQL queries: 2 out of 100
  Number of query rows: 19 out of 50000
  Number of SOSL queries: 0 out of 20
  Number of DML statements: 0 out of 0
  Number of Publish Immediate DML: 0 out of 150
  Number of DML rows: 0 out of 10000
  Maximum CPU time: 0 out of 10000
  Maximum heap size: 0 out of 6000000
  Number of callouts: 0 out of 100
  Number of Email Invocations: 0 out of 10
  Number of future calls: 0 out of 50
  Number of queueable jobs added to the queue: 0 out of 50
  Number of Mobile Apex push calls: 0 out of 10

18:27:55.126 (126293688)|CUMULATIVE_LIMIT_USAGE_END

18:27:55.0 (126334060)|CODE_UNIT_FINISHED|RecentJobViewedController.getRecentViewedDetailJobs()
18:27:55.0 (126566910)|CODE_UNIT_FINISHED|apex://RecentJobViewedController/ACTION$getRecentViewedDetailJobs
18:27:55.0 (126580880)|EXECUTION_FINISHED
