66.0 APEX_CODE,FINEST;APEX_PROFILING,INFO;CALLOUT,INFO;DATA_ACCESS,INFO;DB,INFO;NBA,INFO;SYSTEM,DEBUG;VALIDATION,INFO;VISUALFORCE,INFO;WAVE,INFO;WORKFLOW,INFO
18:27:44.2 (2182204)|USER_INFO|[EXTERNAL]|005BK00000Ilvi1|foryoze@owleyes.ch.hurex|(GMT+09:00) 日本標準時 (Asia/Tokyo)|GMT+09:00
18:27:44.2 (2232192)|EXECUTION_STARTED
18:27:44.2 (2254533)|CODE_UNIT_STARTED|[EXTERNAL]|apex://CustomNotificationController/ACTION$getNotifications
18:27:44.2 (4661075)|CODE_UNIT_STARTED|[EXTERNAL]|01pBK000001VvEL|CustomNotificationController.getNotifications(String)
18:27:44.2 (9383437)|HEAP_ALLOCATE|[95]|Bytes:3
18:27:44.2 (9484304)|HEAP_ALLOCATE|[100]|Bytes:152
18:27:44.2 (9499013)|HEAP_ALLOCATE|[417]|Bytes:408
18:27:44.2 (9509905)|HEAP_ALLOCATE|[430]|Bytes:408
18:27:44.2 (9529131)|HEAP_ALLOCATE|[317]|Bytes:6
18:27:44.2 (9539490)|HEAP_ALLOCATE|[EXTERNAL]|Bytes:7
18:27:44.2 (9553814)|METHOD_ENTRY|[1]|01pBK000001VvEL|CustomNotificationController.CustomNotificationController()
18:27:44.2 (9562367)|STATEMENT_EXECUTE|[1]
18:27:44.2 (9566641)|STATEMENT_EXECUTE|[1]
18:27:44.2 (9582799)|HEAP_ALLOCATE|[68]|Bytes:5
18:27:44.2 (9610263)|HEAP_ALLOCATE|[74]|Bytes:5
18:27:44.2 (9615003)|HEAP_ALLOCATE|[82]|Bytes:7
18:27:44.2 (9773383)|HEAP_ALLOCATE|[EXTERNAL]|Bytes:5
18:27:44.2 (9786893)|METHOD_EXIT|[1]|CustomNotificationController
18:27:44.2 (9807125)|VARIABLE_SCOPE_BEGIN|[5]|before|String|false|false
18:27:44.2 (9857894)|VARIABLE_ASSIGNMENT|[5]|before|null
18:27:44.2 (9866159)|HEAP_ALLOCATE|[6]|Bytes:5
18:27:44.2 (9868768)|STATEMENT_EXECUTE|[5]
18:27:44.2 (9869889)|STATEMENT_EXECUTE|[6]
18:27:44.2 (9892890)|VARIABLE_SCOPE_BEGIN|[6]|req|System.HttpRequest|true|false
18:27:44.2 (10125039)|VARIABLE_ASSIGNMENT|[6]|req|"System.HttpRequest[Endpoint=null, Method=null]"|0x6e1f0fcf
18:27:44.2 (10130641)|STATEMENT_EXECUTE|[7]
18:27:44.2 (10133216)|HEAP_ALLOCATE|[7]|Bytes:3
18:27:44.2 (10202490)|STATEMENT_EXECUTE|[8]
18:27:44.2 (10203884)|HEAP_ALLOCATE|[8]|Bytes:13
18:27:44.2 (10206267)|HEAP_ALLOCATE|[8]|Bytes:7
18:27:44.2 (10247910)|HEAP_ALLOCATE|[8]|Bytes:105
18:27:44.2 (10259866)|SYSTEM_METHOD_ENTRY|[1]|UserInfo.UserInfo()
18:27:44.2 (10262054)|STATEMENT_EXECUTE|[1]
18:27:44.2 (10266982)|SYSTEM_METHOD_EXIT|[1]|UserInfo
18:27:44.2 (10280247)|METHOD_ENTRY|[8]||System.UserInfo.getSessionId()
18:27:44.2 (18911140)|METHOD_EXIT|[8]||System.UserInfo.getSessionId()
18:27:44.2 (18946045)|HEAP_ALLOCATE|[8]|Bytes:119
18:27:44.2 (18992080)|STATEMENT_EXECUTE|[10]
18:27:44.2 (19040274)|HEAP_ALLOCATE|[10]|Bytes:67
18:27:44.2 (19052110)|SYSTEM_METHOD_ENTRY|[1]|Url.Url()
18:27:44.2 (19054072)|STATEMENT_EXECUTE|[1]
18:27:44.2 (19059367)|SYSTEM_METHOD_EXIT|[1]|Url
18:27:44.2 (19067610)|METHOD_ENTRY|[10]||System.Url.getOrgDomainUrl()
18:27:44.2 (19285385)|METHOD_EXIT|[10]||System.Url.getOrgDomainUrl()
18:27:44.2 (19297270)|METHOD_ENTRY|[10]||System.Url.toExternalForm()
18:27:44.2 (19327595)|METHOD_EXIT|[10]||System.Url.toExternalForm()
18:27:44.2 (19331350)|VARIABLE_SCOPE_BEGIN|[10]|domainPath|String|false|false
18:27:44.2 (19354675)|VARIABLE_ASSIGNMENT|[10]|domainPath|"https://hurex--dev1. (25 more) ..."
18:27:44.2 (19357298)|STATEMENT_EXECUTE|[11]
18:27:44.2 (19359310)|HEAP_ALLOCATE|[11]|Bytes:50
18:27:44.2 (19364278)|HEAP_ALLOCATE|[11]|Bytes:95
18:27:44.2 (19366673)|VARIABLE_SCOPE_BEGIN|[11]|endpoint|String|false|false
18:27:44.2 (19371998)|VARIABLE_ASSIGNMENT|[11]|endpoint|"https://hurex--dev1. (75 more) ..."
18:27:44.2 (19417525)|STATEMENT_EXECUTE|[13]
18:27:44.2 (19418494)|STATEMENT_EXECUTE|[16]
18:27:44.2 (19440935)|STATEMENT_EXECUTE|[18]
18:27:44.2 (19457671)|VARIABLE_SCOPE_BEGIN|[18]|http|System.Http|true|false
18:27:44.2 (19567808)|VARIABLE_ASSIGNMENT|[18]|http|"System.Http[]"|0x2e5549f3
18:27:44.2 (19571167)|STATEMENT_EXECUTE|[19]
18:27:44.2 (19634859)|CALLOUT_REQUEST|[19]|System.HttpRequest[Endpoint=https://hurex--dev1.sandbox.my.salesforce.com/services/data/v56.0/connect/notifications?size=20, Method=GET]
18:27:44.2 (185357599)|HEAP_ALLOCATE|[EXTERNAL]|Bytes:871
18:27:44.2 (186869993)|CALLOUT_RESPONSE|[19]|System.HttpResponse[Status=OK, StatusCode=200]
18:27:44.2 (186892242)|HEAP_ALLOCATE|[19]|Bytes:26
18:27:44.2 (186918393)|VARIABLE_SCOPE_BEGIN|[19]|res|System.HttpResponse|true|false
18:27:44.2 (186985127)|VARIABLE_ASSIGNMENT|[19]|res|"System.HttpResponse[Status=OK, StatusCode=200]"|0x428ee7d4
18:27:44.2 (187040527)|STATEMENT_EXECUTE|[21]
18:27:44.2 (187042418)|STATEMENT_EXECUTE|[22]
18:27:44.2 (187059933)|HEAP_ALLOCATE|[22]|Bytes:20
18:27:44.187 (187085833)|CUMULATIVE_LIMIT_USAGE
18:27:44.187 (187085833)|LIMIT_USAGE_FOR_NS|(default)|
  Number of SOQL queries: 0 out of 100
  Number of query rows: 0 out of 50000
  Number of SOSL queries: 0 out of 20
  Number of DML statements: 0 out of 150
  Number of Publish Immediate DML: 0 out of 150
  Number of DML rows: 0 out of 10000
  Maximum CPU time: 0 out of 10000
  Maximum heap size: 0 out of 6000000
  Number of callouts: 1 out of 100
  Number of Email Invocations: 0 out of 10
  Number of future calls: 0 out of 50
  Number of queueable jobs added to the queue: 0 out of 50
  Number of Mobile Apex push calls: 0 out of 10

18:27:44.187 (187085833)|CUMULATIVE_LIMIT_USAGE_END

18:27:44.2 (187113963)|CODE_UNIT_FINISHED|CustomNotificationController.getNotifications(String)
18:27:44.2 (187234983)|CODE_UNIT_FINISHED|apex://CustomNotificationController/ACTION$getNotifications
18:27:44.2 (187238721)|EXECUTION_FINISHED
