66.0 APEX_CODE,FINEST;APEX_PROFILING,INFO;CALLOUT,INFO;DATA_ACCESS,INFO;DB,INFO;NBA,INFO;SYSTEM,DEBUG;VALIDATION,INFO;VISUALFORCE,INFO;WAVE,INFO;WORKFLOW,INFO
15:18:37.0 (244169)|USER_INFO|[EXTERNAL]|005BK00000Ilvi1|foryoze@owleyes.ch.hurex|(GMT+09:00) 日本標準時 (Asia/Tokyo)|GMT+09:00
15:18:37.0 (287144)|EXECUTION_STARTED
15:18:37.0 (298180)|CODE_UNIT_STARTED|[EXTERNAL]|apex://InterestedJobController/ACTION$getInterestedJobs
15:18:37.0 (997328)|CODE_UNIT_STARTED|[EXTERNAL]|01pBK000001YhEr|InterestedJobController.getInterestedJobs()
15:18:37.0 (1290643)|HEAP_ALLOCATE|[95]|Bytes:3
15:18:37.0 (1366028)|HEAP_ALLOCATE|[100]|Bytes:152
15:18:37.0 (1380482)|HEAP_ALLOCATE|[417]|Bytes:408
15:18:37.0 (1391490)|HEAP_ALLOCATE|[430]|Bytes:408
15:18:37.0 (1411194)|HEAP_ALLOCATE|[317]|Bytes:6
15:18:37.0 (1421258)|HEAP_ALLOCATE|[EXTERNAL]|Bytes:7
15:18:37.0 (1433296)|METHOD_ENTRY|[1]|01pBK000001YhEr|InterestedJobController.InterestedJobController()
15:18:37.0 (1438444)|STATEMENT_EXECUTE|[1]
15:18:37.0 (1444466)|STATEMENT_EXECUTE|[1]
15:18:37.0 (1463150)|HEAP_ALLOCATE|[68]|Bytes:5
15:18:37.0 (1486973)|HEAP_ALLOCATE|[74]|Bytes:5
15:18:37.0 (1491660)|HEAP_ALLOCATE|[82]|Bytes:7
15:18:37.0 (1649708)|HEAP_ALLOCATE|[EXTERNAL]|Bytes:5
15:18:37.0 (1661603)|METHOD_EXIT|[1]|InterestedJobController
15:18:37.0 (1670934)|HEAP_ALLOCATE|[10]|Bytes:5
15:18:37.0 (1673517)|STATEMENT_EXECUTE|[9]
15:18:37.0 (1674412)|STATEMENT_EXECUTE|[10]
15:18:37.0 (1676238)|HEAP_ALLOCATE|[10]|Bytes:327
15:18:37.0 (1691767)|HEAP_ALLOCATE|[10]|Bytes:4
15:18:37.0 (2806435)|SOQL_EXECUTE_BEGIN|[10]|Aggregations:0|SELECT Id, Job__c, LastModifiedDate, Job__r.JobPosition__c, Job__r.JobDescription__c, Job__r.MinAnnualSalary__c, Job__r.MaxAnnualSalary__c, Job__r.WorkLocation2__c, Job__r.JobCategory1__c, Job__r.LastModifiedDate, Job__r.LastViewedDate FROM InterestedJob__c WHERE IsArchive__c = FALSE ORDER BY LastModifiedDate DESC NULLS FIRST
15:18:37.0 (39192791)|SOQL_EXECUTE_END|[10]|Rows:10
15:18:37.0 (39246959)|HEAP_ALLOCATE|[10]|Bytes:44
15:18:37.0 (39291304)|HEAP_ALLOCATE|[10]|Bytes:7993
15:18:37.0 (39367188)|HEAP_ALLOCATE|[10]|Bytes:44
15:18:37.39 (39445222)|CUMULATIVE_LIMIT_USAGE
15:18:37.39 (39445222)|LIMIT_USAGE_FOR_NS|(default)|
  Number of SOQL queries: 1 out of 100
  Number of query rows: 10 out of 50000
  Number of SOSL queries: 0 out of 20
  Number of DML statements: 0 out of 150
  Number of Publish Immediate DML: 0 out of 150
  Number of DML rows: 0 out of 10000
  Maximum CPU time: 0 out of 10000
  Maximum heap size: 0 out of 6000000
  Number of callouts: 0 out of 100
  Number of Email Invocations: 0 out of 10
  Number of future calls: 0 out of 50
  Number of queueable jobs added to the queue: 0 out of 50
  Number of Mobile Apex push calls: 0 out of 10

15:18:37.39 (39445222)|CUMULATIVE_LIMIT_USAGE_END

15:18:37.0 (39472962)|CODE_UNIT_FINISHED|InterestedJobController.getInterestedJobs()
15:18:37.0 (39647038)|CODE_UNIT_FINISHED|apex://InterestedJobController/ACTION$getInterestedJobs
15:18:37.0 (39652848)|EXECUTION_FINISHED
