66.0 APEX_CODE,FINEST;APEX_PROFILING,INFO;CALLOUT,INFO;DATA_ACCESS,INFO;DB,INFO;NBA,INFO;SYSTEM,DEBUG;VALIDATION,INFO;VISUALFORCE,INFO;WAVE,INFO;WORKFLOW,INFO
17:38:09.7 (7187892)|USER_INFO|[EXTERNAL]|0057F0000042UBb|ishibashi@hurex.co.jp.dev1|(GMT+09:00) 日本標準時 (Asia/Tokyo)|GMT+09:00
17:38:09.7 (7228566)|EXECUTION_STARTED
17:38:09.7 (7268819)|CODE_UNIT_STARTED|[EXTERNAL]|apex://OfferComponentController/ACTION$getOffers
17:38:09.7 (9479675)|CODE_UNIT_STARTED|[EXTERNAL]|01pBK000001Vpwv|OfferComponentController.getOffers()
17:38:09.7 (10595488)|HEAP_ALLOCATE|[95]|Bytes:3
17:38:09.7 (10685965)|HEAP_ALLOCATE|[100]|Bytes:152
17:38:09.7 (10706002)|HEAP_ALLOCATE|[417]|Bytes:408
17:38:09.7 (10721233)|HEAP_ALLOCATE|[430]|Bytes:408
17:38:09.7 (10749487)|HEAP_ALLOCATE|[317]|Bytes:6
17:38:09.7 (10803771)|HEAP_ALLOCATE|[EXTERNAL]|Bytes:2
17:38:09.7 (10819796)|METHOD_ENTRY|[5]|01pBK000001Vpwv|OfferComponentController.OfferComponentController()
17:38:09.7 (10824572)|STATEMENT_EXECUTE|[5]
17:38:09.7 (10829472)|STATEMENT_EXECUTE|[5]
17:38:09.7 (10848923)|HEAP_ALLOCATE|[68]|Bytes:5
17:38:09.7 (10872759)|HEAP_ALLOCATE|[74]|Bytes:5
17:38:09.7 (10877589)|HEAP_ALLOCATE|[82]|Bytes:7
17:38:09.7 (11020219)|HEAP_ALLOCATE|[EXTERNAL]|Bytes:5
17:38:09.7 (11032505)|METHOD_EXIT|[5]|OfferComponentController
17:38:09.7 (11042668)|HEAP_ALLOCATE|[18]|Bytes:5
17:38:09.7 (11045117)|STATEMENT_EXECUTE|[16]
17:38:09.7 (11046243)|STATEMENT_EXECUTE|[18]
17:38:09.7 (11047881)|HEAP_ALLOCATE|[18]|Bytes:78
17:38:09.7 (11064968)|HEAP_ALLOCATE|[18]|Bytes:4
17:38:09.7 (20395667)|SOQL_EXECUTE_BEGIN|[18]|Aggregations:0|SELECT COUNT() FROM SelectionProcess__c WHERE LatestProcessStatus__c = 'JOB打診'
17:38:09.7 (46647608)|SOQL_EXECUTE_END|[18]|Rows:2
17:38:09.7 (46701094)|HEAP_ALLOCATE|[18]|Bytes:4
17:38:09.7 (46728713)|VARIABLE_SCOPE_BEGIN|[18]|totalCount|Integer|false|false
17:38:09.7 (46735502)|HEAP_ALLOCATE|[18]|Bytes:4
17:38:09.7 (46765156)|VARIABLE_ASSIGNMENT|[18]|totalCount|2
17:38:09.7 (46771137)|STATEMENT_EXECUTE|[22]
17:38:09.7 (46777033)|HEAP_ALLOCATE|[22]|Bytes:360
17:38:09.7 (46801987)|HEAP_ALLOCATE|[22]|Bytes:4
17:38:09.7 (73263774)|SOQL_EXECUTE_BEGIN|[22]|Aggregations:0|SELECT Id, JobPosition__c, LatestProcessStatus__c, LastModifiedDate, JobPosition__r.Id, JobPosition__r.Company__r.Name, JobPosition__r.JobPosition__c, JobPosition__r.WorkLocation2__c, JobPosition__r.JobCategory1__c, JobPosition__r.LastViewedDate FROM SelectionProcess__c WHERE LatestProcessStatus__c = 'JOB打診' ORDER BY LastModifiedDate DESC NULLS FIRST LIMIT 2
17:38:09.7 (116762925)|SOQL_EXECUTE_END|[22]|Rows:2
17:38:09.7 (116804649)|HEAP_ALLOCATE|[22]|Bytes:12
17:38:09.7 (116824939)|HEAP_ALLOCATE|[22]|Bytes:876
17:38:09.7 (116975805)|HEAP_ALLOCATE|[22]|Bytes:12
17:38:09.7 (116998253)|VARIABLE_SCOPE_BEGIN|[22]|processes|List<SelectionProcess__c>|true|false
17:38:09.7 (117327037)|VARIABLE_ASSIGNMENT|[22]|processes|[{"JobPosition__c":"a0KBK00000GezgQ2AR","LastModifiedDate":"2026-03-25T09:40:48.000Z","JobPosition__r":{"JobPosition__c":"新潟市(新潟) 法人ルート営業・業界シェ (74 more) ...","WorkLocation2__c":"新潟県新潟市（転勤なし／車通勤可）","LastViewedDate":"2026-04-03T08:24:43.000Z","Id":"a0KBK00000GezgQ2AR","Company__c":"001BK00000b1JOJYA2","Company__r":{"Name":"(demo)株式会社エンミッシュ","Id":"001BK00000b1JOJYA2"},"JobCategory1__c":"経営幹部/企画/マーケティング系"},"Id":"a0LBK000006mpG52AI","LatestProcessStatus__c":"JOB打診"},{"JobPosition__c":"a0KBK00000Gexcs2AB","LastModifiedDate":"2026-03-02T05:52:31.000Z","JobPosition__r":{"JobPosition__c":"テスト401求人タイトル求人タイトル求人 (28 more) ...","WorkLocation2__c":"勤務地","LastViewedDate":"2026-04-02T11:19:39.000Z","Id":"a0KBK00000Gexcs2AB","Company__c":"001BK00000cc2ZEYAY","Company__r":{"Name":"テスト 廣川 名","Id":"001BK00000cc2ZEYAY"},"JobCategory1__c":"専門職系（コンサルタント/金融/不動産）"},"Id":"a0LBK000005sEhR2AU","LatestProcessStatus__c":"JOB打診"}]|0x2bbbf783
17:38:09.7 (117348542)|STATEMENT_EXECUTE|[41]
17:38:09.7 (117365310)|HEAP_ALLOCATE|[41]|Bytes:4
17:38:09.7 (117426213)|VARIABLE_SCOPE_BEGIN|[41]|jobInfos|List<Map<String,ANY>>|true|false
17:38:09.7 (117451010)|HEAP_ALLOCATE|[EXTERNAL]|Bytes:4
17:38:09.7 (117458733)|VARIABLE_ASSIGNMENT|[41]|jobInfos|[]|0xdb1ca13
17:38:09.7 (117646929)|HEAP_ALLOCATE|[44]|Bytes:5
17:38:09.7 (117673784)|HEAP_ALLOCATE|[44]|Bytes:24
17:38:09.7 (117680746)|VARIABLE_SCOPE_BEGIN|[44]|process|SelectionProcess__c|true|false
17:38:09.7 (117748039)|VARIABLE_ASSIGNMENT|[44]|process|{"JobPosition__c":"a0KBK00000GezgQ2AR","LastModifiedDate":"2026-03-25T09:40:48.000Z","JobPosition__r":{"JobPosition__c":"新潟市(新潟) 法人ルート営業・業界シェ (74 more) ...","WorkLocation2__c":"新潟県新潟市（転勤なし／車通勤可）","LastViewedDate":"2026-04-03T08:24:43.000Z","Id":"a0KBK00000GezgQ2AR","Company__c":"001BK00000b1JOJYA2","Company__r":{"Name":"(demo)株式会社エンミッシュ","Id":"001BK00000b1JOJYA2"},"JobCategory1__c":"経営幹部/企画/マーケティング系"},"Id":"a0LBK000006mpG52AI","LatestProcessStatus__c":"JOB打診"}|0x1d9aaf60
17:38:09.7 (117757257)|STATEMENT_EXECUTE|[44]
17:38:09.7 (117758389)|STATEMENT_EXECUTE|[45]
17:38:09.7 (117766332)|HEAP_ALLOCATE|[45]|Bytes:4
17:38:09.7 (117772028)|VARIABLE_SCOPE_BEGIN|[45]|jobInfo|Map<String,ANY>|true|false
17:38:09.7 (117785978)|VARIABLE_ASSIGNMENT|[45]|jobInfo|{}|0x19dd60d6
17:38:09.7 (117788861)|STATEMENT_EXECUTE|[46]
17:38:09.7 (117792853)|HEAP_ALLOCATE|[46]|Bytes:5
17:38:09.7 (117852906)|HEAP_ALLOCATE|[EXTERNAL]|Bytes:-4
17:38:09.7 (117857202)|STATEMENT_EXECUTE|[48]
17:38:09.7 (117859036)|HEAP_ALLOCATE|[48]|Bytes:10
17:38:09.7 (117881326)|HEAP_ALLOCATE|[48]|Bytes:14
17:38:09.7 (117925316)|HEAP_ALLOCATE|[48]|Bytes:15
17:38:09.7 (117933703)|HEAP_ALLOCATE|[EXTERNAL]|Bytes:-4
17:38:09.7 (117936730)|STATEMENT_EXECUTE|[50]
17:38:09.7 (117937952)|HEAP_ALLOCATE|[50]|Bytes:11
17:38:09.7 (117977456)|HEAP_ALLOCATE|[EXTERNAL]|Bytes:-4
17:38:09.7 (117980586)|STATEMENT_EXECUTE|[52]
17:38:09.7 (117981787)|HEAP_ALLOCATE|[52]|Bytes:13
17:38:09.7 (117997376)|HEAP_ALLOCATE|[EXTERNAL]|Bytes:-4
17:38:09.7 (118000457)|STATEMENT_EXECUTE|[54]
17:38:09.7 (118001853)|HEAP_ALLOCATE|[54]|Bytes:12
17:38:09.7 (118015181)|HEAP_ALLOCATE|[EXTERNAL]|Bytes:-4
17:38:09.7 (118017981)|STATEMENT_EXECUTE|[56]
17:38:09.7 (118019275)|HEAP_ALLOCATE|[56]|Bytes:11
17:38:09.7 (118068556)|HEAP_ALLOCATE|[EXTERNAL]|Bytes:-4
17:38:09.7 (118072004)|STATEMENT_EXECUTE|[58]
17:38:09.7 (118073341)|HEAP_ALLOCATE|[58]|Bytes:14
17:38:09.7 (118094041)|HEAP_ALLOCATE|[EXTERNAL]|Bytes:-4
17:38:09.7 (118096985)|STATEMENT_EXECUTE|[59]
17:38:09.7 (118111230)|HEAP_ALLOCATE|[EXTERNAL]|Bytes:4
17:38:09.7 (118120705)|HEAP_ALLOCATE|[44]|Bytes:5
17:38:09.7 (118126997)|HEAP_ALLOCATE|[44]|Bytes:24
17:38:09.7 (118131057)|VARIABLE_SCOPE_BEGIN|[44]|process|SelectionProcess__c|true|false
17:38:09.7 (118189465)|VARIABLE_ASSIGNMENT|[44]|process|{"JobPosition__c":"a0KBK00000Gexcs2AB","LastModifiedDate":"2026-03-02T05:52:31.000Z","JobPosition__r":{"JobPosition__c":"テスト401求人タイトル求人タイトル求人 (28 more) ...","WorkLocation2__c":"勤務地","LastViewedDate":"2026-04-02T11:19:39.000Z","Id":"a0KBK00000Gexcs2AB","Company__c":"001BK00000cc2ZEYAY","Company__r":{"Name":"テスト 廣川 名","Id":"001BK00000cc2ZEYAY"},"JobCategory1__c":"専門職系（コンサルタント/金融/不動産）"},"Id":"a0LBK000005sEhR2AU","LatestProcessStatus__c":"JOB打診"}|0x22ca230d
17:38:09.7 (118198851)|STATEMENT_EXECUTE|[44]
17:38:09.7 (118199819)|STATEMENT_EXECUTE|[45]
17:38:09.7 (118204477)|HEAP_ALLOCATE|[45]|Bytes:4
17:38:09.7 (118208312)|VARIABLE_SCOPE_BEGIN|[45]|jobInfo|Map<String,ANY>|true|false
17:38:09.7 (118215327)|VARIABLE_ASSIGNMENT|[45]|jobInfo|{}|0x49577515
17:38:09.7 (118217875)|STATEMENT_EXECUTE|[46]
17:38:09.7 (118223950)|HEAP_ALLOCATE|[EXTERNAL]|Bytes:-4
17:38:09.7 (118226775)|STATEMENT_EXECUTE|[48]
17:38:09.7 (118238618)|HEAP_ALLOCATE|[48]|Bytes:14
17:38:09.7 (118245557)|HEAP_ALLOCATE|[EXTERNAL]|Bytes:-4
17:38:09.7 (118248052)|STATEMENT_EXECUTE|[50]
17:38:09.7 (118252905)|HEAP_ALLOCATE|[EXTERNAL]|Bytes:-4
17:38:09.7 (118255416)|STATEMENT_EXECUTE|[52]
17:38:09.7 (118259205)|HEAP_ALLOCATE|[EXTERNAL]|Bytes:-4
17:38:09.7 (118261609)|STATEMENT_EXECUTE|[54]
17:38:09.7 (118265225)|HEAP_ALLOCATE|[EXTERNAL]|Bytes:-4
17:38:09.7 (118267633)|STATEMENT_EXECUTE|[56]
17:38:09.7 (118272542)|HEAP_ALLOCATE|[EXTERNAL]|Bytes:-4
17:38:09.7 (118274915)|STATEMENT_EXECUTE|[58]
17:38:09.7 (118280476)|HEAP_ALLOCATE|[EXTERNAL]|Bytes:-4
17:38:09.7 (118282801)|STATEMENT_EXECUTE|[59]
17:38:09.7 (118285553)|HEAP_ALLOCATE|[EXTERNAL]|Bytes:4
17:38:09.7 (118291391)|HEAP_ALLOCATE|[44]|Bytes:5
17:38:09.7 (118297911)|VARIABLE_ASSIGNMENT|[44]|process|null|
17:38:09.7 (118301867)|STATEMENT_EXECUTE|[63]
17:38:09.7 (118304957)|HEAP_ALLOCATE|[63]|Bytes:4
17:38:09.7 (118308193)|VARIABLE_SCOPE_BEGIN|[63]|result|Map<String,ANY>|true|false
17:38:09.7 (118313511)|VARIABLE_ASSIGNMENT|[63]|result|{}|0x772ba6fe
17:38:09.7 (118316469)|STATEMENT_EXECUTE|[64]
17:38:09.7 (118317742)|HEAP_ALLOCATE|[64]|Bytes:8
17:38:09.7 (118331223)|HEAP_ALLOCATE|[EXTERNAL]|Bytes:-4
17:38:09.7 (118333925)|STATEMENT_EXECUTE|[65]
17:38:09.7 (118335252)|HEAP_ALLOCATE|[65]|Bytes:10
17:38:09.7 (118344501)|HEAP_ALLOCATE|[65]|Bytes:4
17:38:09.7 (118360961)|HEAP_ALLOCATE|[EXTERNAL]|Bytes:-4
17:38:09.7 (118364310)|STATEMENT_EXECUTE|[66]
17:38:09.118 (118421516)|CUMULATIVE_LIMIT_USAGE
17:38:09.118 (118421516)|LIMIT_USAGE_FOR_NS|(default)|
  Number of SOQL queries: 2 out of 100
  Number of query rows: 3 out of 50000
  Number of SOSL queries: 0 out of 20
  Number of DML statements: 0 out of 0
  Number of Publish Immediate DML: 0 out of 150
  Number of DML rows: 0 out of 10000
  Maximum CPU time: 0 out of 10000
  Maximum heap size: 0 out of 6000000
  Number of callouts: 0 out of 100
  Number of Email Invocations: 0 out of 10
  Number of future calls: 0 out of 50
  Number of queueable jobs added to the queue: 0 out of 50
  Number of Mobile Apex push calls: 0 out of 10

17:38:09.118 (118421516)|CUMULATIVE_LIMIT_USAGE_END

17:38:09.7 (118472036)|CODE_UNIT_FINISHED|OfferComponentController.getOffers()
17:38:09.7 (118633850)|CODE_UNIT_FINISHED|apex://OfferComponentController/ACTION$getOffers
17:38:09.7 (118639165)|EXECUTION_FINISHED
