66.0 APEX_CODE,FINEST;APEX_PROFILING,INFO;CALLOUT,INFO;DATA_ACCESS,INFO;DB,INFO;NBA,INFO;SYSTEM,DEBUG;VALIDATION,INFO;VISUALFORCE,INFO;WAVE,INFO;WORKFLOW,INFO
15:25:34.1 (1909553)|USER_INFO|[EXTERNAL]|0057F0000042UBb|ishibashi@hurex.co.jp.dev1|(GMT+09:00) 日本標準時 (Asia/Tokyo)|GMT+09:00
15:25:34.1 (1979926)|EXECUTION_STARTED
15:25:34.1 (2023164)|CODE_UNIT_STARTED|[EXTERNAL]|apex://CustomNotificationController/ACTION$getNotifications
15:25:34.1 (4449742)|CODE_UNIT_STARTED|[EXTERNAL]|01pBK000001VvEL|CustomNotificationController.getNotifications(String)
15:25:34.1 (7433787)|HEAP_ALLOCATE|[95]|Bytes:3
15:25:34.1 (7557172)|HEAP_ALLOCATE|[100]|Bytes:152
15:25:34.1 (7572222)|HEAP_ALLOCATE|[417]|Bytes:408
15:25:34.1 (7583614)|HEAP_ALLOCATE|[430]|Bytes:408
15:25:34.1 (7605499)|HEAP_ALLOCATE|[317]|Bytes:6
15:25:34.1 (7616866)|HEAP_ALLOCATE|[EXTERNAL]|Bytes:7
15:25:34.1 (7639216)|METHOD_ENTRY|[1]|01pBK000001VvEL|CustomNotificationController.CustomNotificationController()
15:25:34.1 (7652217)|STATEMENT_EXECUTE|[1]
15:25:34.1 (7664487)|STATEMENT_EXECUTE|[1]
15:25:34.1 (7686919)|HEAP_ALLOCATE|[68]|Bytes:5
15:25:34.1 (7718593)|HEAP_ALLOCATE|[74]|Bytes:5
15:25:34.1 (7723728)|HEAP_ALLOCATE|[82]|Bytes:7
15:25:34.1 (7940498)|HEAP_ALLOCATE|[EXTERNAL]|Bytes:5
15:25:34.1 (7960151)|METHOD_EXIT|[1]|CustomNotificationController
15:25:34.1 (7984261)|VARIABLE_SCOPE_BEGIN|[5]|before|String|false|false
15:25:34.1 (8052241)|VARIABLE_ASSIGNMENT|[5]|before|null
15:25:34.1 (8071222)|HEAP_ALLOCATE|[6]|Bytes:5
15:25:34.1 (8075689)|STATEMENT_EXECUTE|[5]
15:25:34.1 (8077309)|STATEMENT_EXECUTE|[6]
15:25:34.1 (8107033)|VARIABLE_SCOPE_BEGIN|[6]|req|System.HttpRequest|true|false
15:25:34.1 (8344900)|VARIABLE_ASSIGNMENT|[6]|req|"System.HttpRequest[Endpoint=null, Method=null]"|0x1e57f085
15:25:34.1 (8356507)|STATEMENT_EXECUTE|[7]
15:25:34.1 (8359474)|HEAP_ALLOCATE|[7]|Bytes:3
15:25:34.1 (8460380)|STATEMENT_EXECUTE|[8]
15:25:34.1 (8462086)|HEAP_ALLOCATE|[8]|Bytes:13
15:25:34.1 (8464635)|HEAP_ALLOCATE|[8]|Bytes:7
15:25:34.1 (8517625)|HEAP_ALLOCATE|[8]|Bytes:105
15:25:34.1 (8529005)|SYSTEM_METHOD_ENTRY|[1]|UserInfo.UserInfo()
15:25:34.1 (8532490)|STATEMENT_EXECUTE|[1]
15:25:34.1 (8542215)|SYSTEM_METHOD_EXIT|[1]|UserInfo
15:25:34.1 (8575037)|METHOD_ENTRY|[8]||System.UserInfo.getSessionId()
15:25:34.1 (13708037)|METHOD_EXIT|[8]||System.UserInfo.getSessionId()
15:25:34.1 (13752568)|HEAP_ALLOCATE|[8]|Bytes:119
15:25:34.1 (13829049)|STATEMENT_EXECUTE|[10]
15:25:34.1 (13891497)|HEAP_ALLOCATE|[10]|Bytes:67
15:25:34.1 (13905943)|SYSTEM_METHOD_ENTRY|[1]|Url.Url()
15:25:34.1 (13908530)|STATEMENT_EXECUTE|[1]
15:25:34.1 (13916681)|SYSTEM_METHOD_EXIT|[1]|Url
15:25:34.1 (13926570)|METHOD_ENTRY|[10]||System.Url.getOrgDomainUrl()
15:25:34.1 (14212151)|METHOD_EXIT|[10]||System.Url.getOrgDomainUrl()
15:25:34.1 (14230825)|METHOD_ENTRY|[10]||System.Url.toExternalForm()
15:25:34.1 (14265579)|METHOD_EXIT|[10]||System.Url.toExternalForm()
15:25:34.1 (14270372)|VARIABLE_SCOPE_BEGIN|[10]|domainPath|String|false|false
15:25:34.1 (14297484)|VARIABLE_ASSIGNMENT|[10]|domainPath|"https://hurex--dev1. (25 more) ..."
15:25:34.1 (14305437)|STATEMENT_EXECUTE|[11]
15:25:34.1 (14309199)|HEAP_ALLOCATE|[11]|Bytes:50
15:25:34.1 (14319614)|HEAP_ALLOCATE|[11]|Bytes:95
15:25:34.1 (14323401)|VARIABLE_SCOPE_BEGIN|[11]|endpoint|String|false|false
15:25:34.1 (14331610)|VARIABLE_ASSIGNMENT|[11]|endpoint|"https://hurex--dev1. (75 more) ..."
15:25:34.1 (14402607)|STATEMENT_EXECUTE|[13]
15:25:34.1 (14404033)|STATEMENT_EXECUTE|[16]
15:25:34.1 (14440184)|STATEMENT_EXECUTE|[18]
15:25:34.1 (14462342)|VARIABLE_SCOPE_BEGIN|[18]|http|System.Http|true|false
15:25:34.1 (14559288)|VARIABLE_ASSIGNMENT|[18]|http|"System.Http[]"|0x381375cc
15:25:34.1 (14565416)|STATEMENT_EXECUTE|[19]
15:25:34.1 (14671231)|CALLOUT_REQUEST|[19]|System.HttpRequest[Endpoint=https://hurex--dev1.sandbox.my.salesforce.com/services/data/v56.0/connect/notifications?size=20, Method=GET]
15:25:34.1 (160353315)|HEAP_ALLOCATE|[EXTERNAL]|Bytes:939
15:25:34.1 (162400986)|CALLOUT_RESPONSE|[19]|System.HttpResponse[Status=Unauthorized, StatusCode=401]
15:25:34.1 (162439647)|HEAP_ALLOCATE|[19]|Bytes:91
15:25:34.1 (162471902)|VARIABLE_SCOPE_BEGIN|[19]|res|System.HttpResponse|true|false
15:25:34.1 (162533574)|VARIABLE_ASSIGNMENT|[19]|res|"System.HttpResponse[Status=Unauthorized, StatusCode=401]"|0x4fbe099
15:25:34.1 (162602674)|STATEMENT_EXECUTE|[23]
15:25:34.1 (162604096)|STATEMENT_EXECUTE|[24]
15:25:34.1 (162649724)|HEAP_ALLOCATE|[24]|Bytes:9
15:25:34.1 (162682737)|HEAP_ALLOCATE|[24]|Bytes:75
15:25:34.1 (162697498)|HEAP_ALLOCATE|[24]|Bytes:84
15:25:34.1 (162852208)|FATAL_ERROR|System.AuraHandledException: Script-thrown exception

Class.CustomNotificationController.getNotifications: line 24, column 1
15:25:34.1 (162864126)|FATAL_ERROR|System.AuraHandledException: Script-thrown exception

Class.CustomNotificationController.getNotifications: line 24, column 1
15:25:34.162 (162874010)|CUMULATIVE_LIMIT_USAGE
15:25:34.162 (162874010)|LIMIT_USAGE_FOR_NS|(default)|
  Number of SOQL queries: 0 out of 100
  Number of query rows: 0 out of 50000
  Number of SOSL queries: 0 out of 20
  Number of DML statements: 0 out of 150
  Number of Publish Immediate DML: 0 out of 150
  Number of DML rows: 0 out of 10000
  Maximum CPU time: 0 out of 10000
  Maximum heap size: 0 out of 6000000
  Number of callouts: 1 out of 100
  Number of Email Invocations: 0 out of 10
  Number of future calls: 0 out of 50
  Number of queueable jobs added to the queue: 0 out of 50
  Number of Mobile Apex push calls: 0 out of 10

15:25:34.162 (162874010)|CUMULATIVE_LIMIT_USAGE_END

15:25:34.1 (162922176)|CODE_UNIT_FINISHED|CustomNotificationController.getNotifications(String)
15:25:34.1 (163137786)|CODE_UNIT_FINISHED|apex://CustomNotificationController/ACTION$getNotifications
15:25:34.1 (163145451)|EXECUTION_FINISHED
