66.0 APEX_CODE,FINEST;APEX_PROFILING,INFO;CALLOUT,INFO;DATA_ACCESS,INFO;DB,INFO;NBA,INFO;SYSTEM,DEBUG;VALIDATION,INFO;VISUALFORCE,INFO;WAVE,INFO;WORKFLOW,INFO
15:38:52.0 (804615)|USER_INFO|[EXTERNAL]|0057F0000042UBb|ishibashi@hurex.co.jp.dev1|(GMT+09:00) 日本標準時 (Asia/Tokyo)|GMT+09:00
15:38:52.0 (846828)|EXECUTION_STARTED
15:38:52.0 (858892)|CODE_UNIT_STARTED|[EXTERNAL]|apex://CustomNotificationController/ACTION$getNotifications
15:38:52.0 (2381233)|CODE_UNIT_STARTED|[EXTERNAL]|01pBK000001VvEL|CustomNotificationController.getNotifications(String)
15:38:52.0 (6112163)|HEAP_ALLOCATE|[95]|Bytes:3
15:38:52.0 (6283380)|HEAP_ALLOCATE|[100]|Bytes:152
15:38:52.0 (6306260)|HEAP_ALLOCATE|[417]|Bytes:408
15:38:52.0 (6329510)|HEAP_ALLOCATE|[430]|Bytes:408
15:38:52.0 (6366337)|HEAP_ALLOCATE|[317]|Bytes:6
15:38:52.0 (6439679)|HEAP_ALLOCATE|[EXTERNAL]|Bytes:7
15:38:52.0 (6454832)|METHOD_ENTRY|[1]|01pBK000001VvEL|CustomNotificationController.CustomNotificationController()
15:38:52.0 (6469249)|STATEMENT_EXECUTE|[1]
15:38:52.0 (6481915)|STATEMENT_EXECUTE|[1]
15:38:52.0 (6526515)|HEAP_ALLOCATE|[68]|Bytes:5
15:38:52.0 (6564021)|HEAP_ALLOCATE|[74]|Bytes:5
15:38:52.0 (6576268)|HEAP_ALLOCATE|[82]|Bytes:7
15:38:52.0 (6961848)|HEAP_ALLOCATE|[EXTERNAL]|Bytes:5
15:38:52.0 (7000514)|METHOD_EXIT|[1]|CustomNotificationController
15:38:52.0 (7011553)|VARIABLE_SCOPE_BEGIN|[5]|before|String|false|false
15:38:52.0 (7070677)|VARIABLE_ASSIGNMENT|[5]|before|null
15:38:52.0 (7091149)|HEAP_ALLOCATE|[6]|Bytes:5
15:38:52.0 (7095246)|STATEMENT_EXECUTE|[5]
15:38:52.0 (7096862)|STATEMENT_EXECUTE|[6]
15:38:52.0 (7147317)|VARIABLE_SCOPE_BEGIN|[6]|req|System.HttpRequest|true|false
15:38:52.0 (7566028)|VARIABLE_ASSIGNMENT|[6]|req|"System.HttpRequest[Endpoint=null, Method=null]"|0x4d480e64
15:38:52.0 (7575726)|STATEMENT_EXECUTE|[7]
15:38:52.0 (7581057)|HEAP_ALLOCATE|[7]|Bytes:3
15:38:52.0 (7683774)|STATEMENT_EXECUTE|[8]
15:38:52.0 (7686734)|HEAP_ALLOCATE|[8]|Bytes:13
15:38:52.0 (7690943)|HEAP_ALLOCATE|[8]|Bytes:7
15:38:52.0 (7743113)|HEAP_ALLOCATE|[8]|Bytes:105
15:38:52.0 (7754783)|SYSTEM_METHOD_ENTRY|[1]|UserInfo.UserInfo()
15:38:52.0 (7758288)|STATEMENT_EXECUTE|[1]
15:38:52.0 (7765739)|SYSTEM_METHOD_EXIT|[1]|UserInfo
15:38:52.0 (7779176)|METHOD_ENTRY|[8]||System.UserInfo.getSessionId()
15:38:52.0 (15717090)|METHOD_EXIT|[8]||System.UserInfo.getSessionId()
15:38:52.0 (15759549)|HEAP_ALLOCATE|[8]|Bytes:119
15:38:52.0 (15815820)|STATEMENT_EXECUTE|[10]
15:38:52.0 (15876388)|HEAP_ALLOCATE|[10]|Bytes:67
15:38:52.0 (15890190)|SYSTEM_METHOD_ENTRY|[1]|Url.Url()
15:38:52.0 (15892386)|STATEMENT_EXECUTE|[1]
15:38:52.0 (15899703)|SYSTEM_METHOD_EXIT|[1]|Url
15:38:52.0 (15908496)|METHOD_ENTRY|[10]||System.Url.getOrgDomainUrl()
15:38:52.0 (16149966)|METHOD_EXIT|[10]||System.Url.getOrgDomainUrl()
15:38:52.0 (16167446)|METHOD_ENTRY|[10]||System.Url.toExternalForm()
15:38:52.0 (16200881)|METHOD_EXIT|[10]||System.Url.toExternalForm()
15:38:52.0 (16205269)|VARIABLE_SCOPE_BEGIN|[10]|domainPath|String|false|false
15:38:52.0 (16225828)|VARIABLE_ASSIGNMENT|[10]|domainPath|"https://hurex--dev1. (25 more) ..."
15:38:52.0 (16229066)|STATEMENT_EXECUTE|[11]
15:38:52.0 (16231503)|HEAP_ALLOCATE|[11]|Bytes:50
15:38:52.0 (16238926)|HEAP_ALLOCATE|[11]|Bytes:95
15:38:52.0 (16241357)|VARIABLE_SCOPE_BEGIN|[11]|endpoint|String|false|false
15:38:52.0 (16246726)|VARIABLE_ASSIGNMENT|[11]|endpoint|"https://hurex--dev1. (75 more) ..."
15:38:52.0 (16295015)|STATEMENT_EXECUTE|[13]
15:38:52.0 (16296111)|STATEMENT_EXECUTE|[16]
15:38:52.0 (16324491)|STATEMENT_EXECUTE|[18]
15:38:52.0 (16342605)|VARIABLE_SCOPE_BEGIN|[18]|http|System.Http|true|false
15:38:52.0 (16461670)|VARIABLE_ASSIGNMENT|[18]|http|"System.Http[]"|0x3f98b96b
15:38:52.0 (16465231)|STATEMENT_EXECUTE|[19]
15:38:52.0 (16539117)|CALLOUT_REQUEST|[19]|System.HttpRequest[Endpoint=https://hurex--dev1.sandbox.my.salesforce.com/services/data/v56.0/connect/notifications?size=20, Method=GET]
15:38:52.0 (587722032)|HEAP_ALLOCATE|[EXTERNAL]|Bytes:15126
15:38:52.0 (590443039)|CALLOUT_RESPONSE|[19]|System.HttpResponse[Status=OK, StatusCode=200]
15:38:52.0 (590482350)|HEAP_ALLOCATE|[19]|Bytes:14281
15:38:52.0 (590520659)|VARIABLE_SCOPE_BEGIN|[19]|res|System.HttpResponse|true|false
15:38:52.0 (590615151)|VARIABLE_ASSIGNMENT|[19]|res|"System.HttpResponse[Status=OK, StatusCode=200]"|0x3b9b61af
15:38:52.0 (590692258)|STATEMENT_EXECUTE|[21]
15:38:52.0 (590693743)|STATEMENT_EXECUTE|[22]
15:38:52.0 (591324768)|HEAP_ALLOCATE|[22]|Bytes:13995
15:38:52.591 (591380510)|CUMULATIVE_LIMIT_USAGE
15:38:52.591 (591380510)|LIMIT_USAGE_FOR_NS|(default)|
  Number of SOQL queries: 0 out of 100
  Number of query rows: 0 out of 50000
  Number of SOSL queries: 0 out of 20
  Number of DML statements: 0 out of 150
  Number of Publish Immediate DML: 0 out of 150
  Number of DML rows: 0 out of 10000
  Maximum CPU time: 0 out of 10000
  Maximum heap size: 0 out of 6000000
  Number of callouts: 1 out of 100
  Number of Email Invocations: 0 out of 10
  Number of future calls: 0 out of 50
  Number of queueable jobs added to the queue: 0 out of 50
  Number of Mobile Apex push calls: 0 out of 10

15:38:52.591 (591380510)|CUMULATIVE_LIMIT_USAGE_END

15:38:52.0 (591419169)|CODE_UNIT_FINISHED|CustomNotificationController.getNotifications(String)
15:38:52.0 (591646287)|CODE_UNIT_FINISHED|apex://CustomNotificationController/ACTION$getNotifications
15:38:52.0 (591655475)|EXECUTION_FINISHED
