66.0 APEX_CODE,FINEST;APEX_PROFILING,INFO;CALLOUT,INFO;DATA_ACCESS,INFO;DB,INFO;NBA,INFO;SYSTEM,DEBUG;VALIDATION,INFO;VISUALFORCE,INFO;WAVE,INFO;WORKFLOW,INFO
18:23:28.0 (692414)|USER_INFO|[EXTERNAL]|0057F0000042UBb|ishibashi@hurex.co.jp.dev1|(GMT+09:00) 日本標準時 (Asia/Tokyo)|GMT+09:00
18:23:28.0 (725308)|EXECUTION_STARTED
18:23:28.0 (734218)|CODE_UNIT_STARTED|[EXTERNAL]|apex://RecentJobViewedController/ACTION$getRecentViewedJobs
18:23:28.0 (1455493)|CODE_UNIT_STARTED|[EXTERNAL]|01pBK000001RE9Z|RecentJobViewedController.getRecentViewedJobs()
18:23:28.0 (1666275)|VARIABLE_SCOPE_BEGIN|[4]|RecentJobViewedController.testForceException|Boolean|false|true
18:23:28.0 (1886959)|HEAP_ALLOCATE|[95]|Bytes:3
18:23:28.0 (1925027)|HEAP_ALLOCATE|[100]|Bytes:152
18:23:28.0 (1938567)|HEAP_ALLOCATE|[417]|Bytes:408
18:23:28.0 (1949004)|HEAP_ALLOCATE|[430]|Bytes:408
18:23:28.0 (1966709)|HEAP_ALLOCATE|[317]|Bytes:6
18:23:28.0 (1976877)|HEAP_ALLOCATE|[EXTERNAL]|Bytes:1
18:23:28.0 (1988521)|METHOD_ENTRY|[1]|01pBK000001RE9Z|RecentJobViewedController.RecentJobViewedController()
18:23:28.0 (1992401)|STATEMENT_EXECUTE|[1]
18:23:28.0 (1997428)|STATEMENT_EXECUTE|[1]
18:23:28.0 (2012719)|HEAP_ALLOCATE|[68]|Bytes:5
18:23:28.0 (2035089)|HEAP_ALLOCATE|[74]|Bytes:5
18:23:28.0 (2039673)|HEAP_ALLOCATE|[82]|Bytes:7
18:23:28.0 (2349190)|HEAP_ALLOCATE|[4]|Bytes:5
18:23:28.0 (2358152)|STATEMENT_EXECUTE|[4]
18:23:28.0 (2365928)|HEAP_ALLOCATE|[4]|Bytes:5
18:23:28.0 (2410103)|VARIABLE_ASSIGNMENT|[4]|RecentJobViewedController.testForceException|false
18:23:28.0 (2423637)|METHOD_EXIT|[1]|RecentJobViewedController
18:23:28.0 (2438286)|HEAP_ALLOCATE|[8]|Bytes:5
18:23:28.0 (2440658)|STATEMENT_EXECUTE|[7]
18:23:28.0 (2441793)|STATEMENT_EXECUTE|[8]
18:23:28.0 (2442573)|STATEMENT_EXECUTE|[8]
18:23:28.0 (2481442)|HEAP_ALLOCATE|[9]|Bytes:118
18:23:28.0 (2487738)|SYSTEM_METHOD_ENTRY|[1]|Test.Test()
18:23:28.0 (2489565)|STATEMENT_EXECUTE|[1]
18:23:28.0 (2494639)|SYSTEM_METHOD_EXIT|[1]|Test
18:23:28.0 (2507785)|METHOD_ENTRY|[9]||System.Test.isRunningTest()
18:23:28.0 (2554283)|METHOD_EXIT|[9]||System.Test.isRunningTest()
18:23:28.0 (2560962)|STATEMENT_EXECUTE|[9]
18:23:28.0 (2562495)|STATEMENT_EXECUTE|[13]
18:23:28.0 (2564841)|HEAP_ALLOCATE|[13]|Bytes:137
18:23:28.0 (2581789)|HEAP_ALLOCATE|[13]|Bytes:4
18:23:28.0 (6318599)|SOQL_EXECUTE_BEGIN|[13]|Aggregations:0|SELECT Id, Name, JobPosition__c, LastViewedDate FROM Job__c WHERE LastViewedDate != NULL ORDER BY LastViewedDate DESC NULLS FIRST LIMIT 4
18:23:28.0 (17456605)|SOQL_EXECUTE_END|[13]|Rows:4
18:23:28.0 (17487016)|HEAP_ALLOCATE|[13]|Bytes:20
18:23:28.0 (17514243)|HEAP_ALLOCATE|[13]|Bytes:884
18:23:28.0 (17559696)|HEAP_ALLOCATE|[13]|Bytes:20
18:23:28.17 (17631819)|CUMULATIVE_LIMIT_USAGE
18:23:28.17 (17631819)|LIMIT_USAGE_FOR_NS|(default)|
  Number of SOQL queries: 1 out of 100
  Number of query rows: 4 out of 50000
  Number of SOSL queries: 0 out of 20
  Number of DML statements: 0 out of 0
  Number of Publish Immediate DML: 0 out of 150
  Number of DML rows: 0 out of 10000
  Maximum CPU time: 0 out of 10000
  Maximum heap size: 0 out of 6000000
  Number of callouts: 0 out of 100
  Number of Email Invocations: 0 out of 10
  Number of future calls: 0 out of 50
  Number of queueable jobs added to the queue: 0 out of 50
  Number of Mobile Apex push calls: 0 out of 10

18:23:28.17 (17631819)|CUMULATIVE_LIMIT_USAGE_END

18:23:28.0 (17654956)|CODE_UNIT_FINISHED|RecentJobViewedController.getRecentViewedJobs()
18:23:28.0 (17812654)|CODE_UNIT_FINISHED|apex://RecentJobViewedController/ACTION$getRecentViewedJobs
18:23:28.0 (17817340)|EXECUTION_FINISHED
