66.0 APEX_CODE,FINEST;APEX_PROFILING,INFO;CALLOUT,INFO;DATA_ACCESS,INFO;DB,INFO;NBA,INFO;SYSTEM,DEBUG;VALIDATION,INFO;VISUALFORCE,INFO;WAVE,INFO;WORKFLOW,INFO
20:16:49.0 (604546)|USER_INFO|[EXTERNAL]|0057F0000042UBb|ishibashi@hurex.co.jp.dev1|(GMT+09:00) 日本標準時 (Asia/Tokyo)|GMT+09:00
20:16:49.0 (647320)|EXECUTION_STARTED
20:16:49.0 (659631)|CODE_UNIT_STARTED|[EXTERNAL]|apex://JobCardsController/ACTION$getJobs
20:16:49.0 (1353654)|CODE_UNIT_STARTED|[EXTERNAL]|01pBK000001RGBP|JobCardsController.getJobs()
20:16:49.0 (1892199)|HEAP_ALLOCATE|[95]|Bytes:3
20:16:49.0 (1997508)|HEAP_ALLOCATE|[100]|Bytes:152
20:16:49.0 (2016515)|HEAP_ALLOCATE|[417]|Bytes:408
20:16:49.0 (2036274)|HEAP_ALLOCATE|[430]|Bytes:408
20:16:49.0 (2067325)|HEAP_ALLOCATE|[317]|Bytes:6
20:16:49.0 (2082563)|HEAP_ALLOCATE|[EXTERNAL]|Bytes:10
20:16:49.0 (2088368)|HEAP_ALLOCATE|[EXTERNAL]|Bytes:5
20:16:49.0 (2091606)|HEAP_ALLOCATE|[EXTERNAL]|Bytes:3
20:16:49.0 (2104787)|METHOD_ENTRY|[6]|01pBK000001RGBP|JobCardsController.JobCardsController()
20:16:49.0 (2111343)|STATEMENT_EXECUTE|[6]
20:16:49.0 (2117925)|STATEMENT_EXECUTE|[6]
20:16:49.0 (2141472)|HEAP_ALLOCATE|[68]|Bytes:5
20:16:49.0 (2175977)|HEAP_ALLOCATE|[74]|Bytes:5
20:16:49.0 (2184240)|HEAP_ALLOCATE|[82]|Bytes:7
20:16:49.0 (2394670)|HEAP_ALLOCATE|[EXTERNAL]|Bytes:5
20:16:49.0 (2400869)|STATEMENT_EXECUTE|[12]
20:16:49.0 (2411915)|METHOD_EXIT|[6]|JobCardsController
20:16:49.0 (2426051)|HEAP_ALLOCATE|[35]|Bytes:5
20:16:49.0 (2430159)|STATEMENT_EXECUTE|[33]
20:16:49.0 (2431765)|STATEMENT_EXECUTE|[35]
20:16:49.0 (2450927)|HEAP_ALLOCATE|[35]|Bytes:4
20:16:49.0 (2507651)|VARIABLE_SCOPE_BEGIN|[35]|favoriteJobIds|Set<Id>|true|false
20:16:49.0 (2583454)|VARIABLE_ASSIGNMENT|[35]|favoriteJobIds|[]|0x521e552a
20:16:49.0 (2591713)|HEAP_ALLOCATE|[36]|Bytes:91
20:16:49.0 (2611376)|HEAP_ALLOCATE|[36]|Bytes:4
20:16:49.0 (2620039)|HEAP_ALLOCATE|[36]|Bytes:7
20:16:49.0 (2658014)|HEAP_ALLOCATE|[38]|Bytes:105
20:16:49.0 (2666313)|SYSTEM_METHOD_ENTRY|[1]|UserInfo.UserInfo()
20:16:49.0 (2669641)|STATEMENT_EXECUTE|[1]
20:16:49.0 (2675954)|SYSTEM_METHOD_EXIT|[1]|UserInfo
20:16:49.0 (2687685)|METHOD_ENTRY|[38]||System.UserInfo.getUserId()
20:16:49.0 (7295370)|METHOD_EXIT|[38]||System.UserInfo.getUserId()
20:16:49.0 (8178329)|SOQL_EXECUTE_BEGIN|[36]|Aggregations:0|SELECT Job__c FROM InterestedJob__c WHERE (CreatedById = :tmpVar1 AND IsArchive__c = FALSE)
20:16:49.0 (23967249)|SOQL_EXECUTE_END|[36]|Rows:3
20:16:49.0 (24005475)|HEAP_ALLOCATE|[EXTERNAL]|Bytes:16
20:16:49.0 (24275950)|HEAP_ALLOCATE|[36]|Bytes:54
20:16:49.0 (24287521)|HEAP_ALLOCATE|[36]|Bytes:8
20:16:49.0 (24304600)|SYSTEM_METHOD_ENTRY|[7]|QueryLocatorIterator.QueryLocatorIterator()
20:16:49.0 (24309309)|STATEMENT_EXECUTE|[7]
20:16:49.0 (24322711)|SYSTEM_METHOD_EXIT|[7]|QueryLocatorIterator
20:16:49.0 (24332735)|HEAP_ALLOCATE|[36]|Bytes:28
20:16:49.0 (24437581)|HEAP_ALLOCATE|[36]|Bytes:16
20:16:49.0 (24449589)|HEAP_ALLOCATE|[36]|Bytes:8
20:16:49.0 (24452668)|HEAP_ALLOCATE|[36]|Bytes:8
20:16:49.0 (24459974)|VARIABLE_SCOPE_BEGIN|[15]|this|Database.QueryLocatorIterator|true|false
20:16:49.0 (24521229)|VARIABLE_ASSIGNMENT|[15]|this|{}|0x6396fe13
20:16:49.0 (24527581)|VARIABLE_SCOPE_BEGIN|[15]|values|List<SObject>|true|false
20:16:49.0 (24671476)|VARIABLE_ASSIGNMENT|[15]|values|[{"Job__c":"a0KBK00000Gexcs2AB","Id":"a0OBK000004najC2AQ"},{"Job__c":"a0KBK00000Gexdg2AB","Id":"a0OBK000004nbNV2AY"},{"Job__c":"a0KBK00000GezgQ2AR","Id":"a0OBK0000050riz2AA"}]|0x7857cdea
20:16:49.0 (24680179)|VARIABLE_SCOPE_BEGIN|[15]|ql|Database.QueryLocator|true|false
20:16:49.0 (24698778)|VARIABLE_ASSIGNMENT|[15]|ql|{"query":"SELECT Job__c FROM I (71 more) ..."}|0x28e924d3
20:16:49.0 (24704085)|VARIABLE_SCOPE_BEGIN|[15]|totalNumRecords|Integer|false|false
20:16:49.0 (24714010)|VARIABLE_ASSIGNMENT|[15]|totalNumRecords|3
20:16:49.0 (24718258)|VARIABLE_SCOPE_BEGIN|[15]|queryMoreSize|Integer|false|false
20:16:49.0 (24724986)|VARIABLE_ASSIGNMENT|[15]|queryMoreSize|49997
20:16:49.0 (24821198)|HEAP_ALLOCATE|[36]|Bytes:28
20:16:49.0 (24853489)|METHOD_ENTRY|[36]||Database.QueryLocatorIterator.hasNext()
20:16:49.0 (24965016)|METHOD_EXIT|[36]||Database.QueryLocatorIterator.hasNext()
20:16:49.0 (24973328)|METHOD_ENTRY|[36]||Database.QueryLocatorIterator.next()
20:16:49.0 (25047239)|METHOD_EXIT|[36]||Database.QueryLocatorIterator.next()
20:16:49.0 (25055327)|VARIABLE_SCOPE_BEGIN|[36]|fav|InterestedJob__c|true|false
20:16:49.0 (25093937)|VARIABLE_ASSIGNMENT|[36]|fav|{"Job__c":"a0KBK00000Gexcs2AB","Id":"a0OBK000004najC2AQ"}|0x5a5bb1b6
20:16:49.0 (25100801)|STATEMENT_EXECUTE|[39]
20:16:49.0 (25102463)|STATEMENT_EXECUTE|[40]
20:16:49.0 (25176070)|HEAP_ALLOCATE|[EXTERNAL]|Bytes:4
20:16:49.0 (25187838)|METHOD_ENTRY|[36]||Database.QueryLocatorIterator.hasNext()
20:16:49.0 (25204887)|METHOD_EXIT|[36]||Database.QueryLocatorIterator.hasNext()
20:16:49.0 (25209367)|METHOD_ENTRY|[36]||Database.QueryLocatorIterator.next()
20:16:49.0 (25245828)|METHOD_EXIT|[36]||Database.QueryLocatorIterator.next()
20:16:49.0 (25250297)|VARIABLE_SCOPE_BEGIN|[36]|fav|InterestedJob__c|true|false
20:16:49.0 (25276282)|VARIABLE_ASSIGNMENT|[36]|fav|{"Job__c":"a0KBK00000Gexdg2AB","Id":"a0OBK000004nbNV2AY"}|0x1c250f8a
20:16:49.0 (25281903)|STATEMENT_EXECUTE|[39]
20:16:49.0 (25283327)|STATEMENT_EXECUTE|[40]
20:16:49.0 (25291590)|HEAP_ALLOCATE|[EXTERNAL]|Bytes:4
20:16:49.0 (25298556)|METHOD_ENTRY|[36]||Database.QueryLocatorIterator.hasNext()
20:16:49.0 (25313143)|METHOD_EXIT|[36]||Database.QueryLocatorIterator.hasNext()
20:16:49.0 (25317322)|METHOD_ENTRY|[36]||Database.QueryLocatorIterator.next()
20:16:49.0 (25350110)|METHOD_EXIT|[36]||Database.QueryLocatorIterator.next()
20:16:49.0 (25354039)|VARIABLE_SCOPE_BEGIN|[36]|fav|InterestedJob__c|true|false
20:16:49.0 (25374883)|VARIABLE_ASSIGNMENT|[36]|fav|{"Job__c":"a0KBK00000GezgQ2AR","Id":"a0OBK0000050riz2AA"}|0x7d8b6f61
20:16:49.0 (25380058)|STATEMENT_EXECUTE|[39]
20:16:49.0 (25381512)|STATEMENT_EXECUTE|[40]
20:16:49.0 (25387619)|HEAP_ALLOCATE|[EXTERNAL]|Bytes:4
20:16:49.0 (25393875)|METHOD_ENTRY|[36]||Database.QueryLocatorIterator.hasNext()
20:16:49.0 (25404150)|METHOD_EXIT|[36]||Database.QueryLocatorIterator.hasNext()
20:16:49.0 (25410717)|VARIABLE_ASSIGNMENT|[36]|fav|null|
20:16:49.0 (25435236)|STATEMENT_EXECUTE|[44]
20:16:49.0 (25439020)|HEAP_ALLOCATE|[44]|Bytes:217
20:16:49.0 (25460941)|HEAP_ALLOCATE|[44]|Bytes:4
20:16:49.0 (26325133)|SOQL_EXECUTE_BEGIN|[44]|Aggregations:0|SELECT Id, JobPosition__c, WorkLocation2__c, JobCategory1__c, MaxAnnualSalary__c, MinAnnualSalary__c, JobDescription__c, LastModifiedDate, LastViewedDate FROM Job__c ORDER BY LastModifiedDate DESC NULLS FIRST LIMIT 10
20:16:49.0 (48983849)|SOQL_EXECUTE_END|[44]|Rows:10
20:16:49.0 (49015061)|HEAP_ALLOCATE|[44]|Bytes:44
20:16:49.0 (49034553)|HEAP_ALLOCATE|[44]|Bytes:7382
20:16:49.0 (49138575)|HEAP_ALLOCATE|[44]|Bytes:44
20:16:49.0 (49162079)|VARIABLE_SCOPE_BEGIN|[44]|jobs|List<Job__c>|true|false
20:16:49.0 (49187878)|VARIABLE_ASSIGNMENT|[44]|jobs|"List of size 10 too large to display"|0x69e41487
20:16:49.0 (49192766)|STATEMENT_EXECUTE|[54]
20:16:49.0 (49222486)|HEAP_ALLOCATE|[54]|Bytes:4
20:16:49.0 (49313711)|VARIABLE_SCOPE_BEGIN|[54]|result|List<JobCardsController.JobWrapper>|true|false
20:16:49.0 (49335673)|HEAP_ALLOCATE|[EXTERNAL]|Bytes:4
20:16:49.0 (49347738)|VARIABLE_ASSIGNMENT|[54]|result|[]|0x45a10e92
20:16:49.0 (49487983)|HEAP_ALLOCATE|[55]|Bytes:5
20:16:49.0 (49509547)|HEAP_ALLOCATE|[55]|Bytes:32
20:16:49.0 (49517043)|VARIABLE_SCOPE_BEGIN|[55]|j|Job__c|true|false
20:16:49.0 (49617973)|VARIABLE_ASSIGNMENT|[55]|j|{"LastModifiedDate":"2026-04-08T05:36:24.000Z","JobPosition__c":"仙台市（宮城）法人営業・リカバリーウェア (60 more) ...","WorkLocation2__c":"宮城県仙台市泉区長命ケ丘3-27-3","Id":"a0KBK00000JKXw92AH","MinAnnualSalary__c":500,"JobDescription__c":"法人営業として、以下のような業務をお任せ (1657 more) ...","MaxAnnualSalary__c":700}|0x7ccdda2f
20:16:49.0 (49627105)|STATEMENT_EXECUTE|[55]
20:16:49.0 (49628388)|STATEMENT_EXECUTE|[56]
20:16:49.0 (49664643)|HEAP_ALLOCATE|[56]|Bytes:44
20:16:49.0 (49695883)|CONSTRUCTOR_ENTRY|[56]|01pBK000001RGBP|<init>()|JobCardsController.JobWrapper
20:16:49.0 (49725467)|VARIABLE_SCOPE_BEGIN|[12]|this|JobCardsController.JobWrapper|true|false
20:16:49.0 (49837276)|VARIABLE_ASSIGNMENT|[12]|this|{}|0x4020e91b
20:16:49.0 (49862891)|STATEMENT_EXECUTE|[12]
20:16:49.0 (49864336)|STATEMENT_EXECUTE|[13]
20:16:49.0 (49865759)|STATEMENT_EXECUTE|[14]
20:16:49.0 (49867102)|STATEMENT_EXECUTE|[15]
20:16:49.0 (49868271)|STATEMENT_EXECUTE|[16]
20:16:49.0 (49869510)|STATEMENT_EXECUTE|[17]
20:16:49.0 (49871062)|STATEMENT_EXECUTE|[18]
20:16:49.0 (49872379)|STATEMENT_EXECUTE|[19]
20:16:49.0 (49874443)|STATEMENT_EXECUTE|[20]
20:16:49.0 (49875595)|STATEMENT_EXECUTE|[21]
20:16:49.0 (49876355)|STATEMENT_EXECUTE|[22]
20:16:49.0 (49879413)|CONSTRUCTOR_EXIT|[56]|01pBK000001RGBP|<init>()|JobCardsController.JobWrapper
20:16:49.0 (49883337)|VARIABLE_SCOPE_BEGIN|[56]|wrapper|JobCardsController.JobWrapper|true|false
20:16:49.0 (49894671)|VARIABLE_ASSIGNMENT|[56]|wrapper|{}|0x4020e91b
20:16:49.0 (49897306)|STATEMENT_EXECUTE|[57]
20:16:49.0 (50089997)|VARIABLE_ASSIGNMENT|[57]|this.Id|"a0KBK00000JKXw92AH"|0x4020e91b
20:16:49.0 (50095542)|STATEMENT_EXECUTE|[58]
20:16:49.0 (50116876)|VARIABLE_ASSIGNMENT|[58]|this.JobPosition|"仙台市（宮城）法人営業・リカバリーウェア (60 more) ..."|0x4020e91b
20:16:49.0 (50121126)|STATEMENT_EXECUTE|[59]
20:16:49.0 (50129270)|VARIABLE_ASSIGNMENT|[59]|this.WorkLocation2|"宮城県仙台市泉区長命ケ丘3-27-3"|0x4020e91b
20:16:49.0 (50132610)|STATEMENT_EXECUTE|[60]
20:16:49.0 (50137408)|VARIABLE_ASSIGNMENT|[60]|this.JobCategory1|null|0x4020e91b
20:16:49.0 (50140044)|STATEMENT_EXECUTE|[61]
20:16:49.0 (50164307)|VARIABLE_ASSIGNMENT|[61]|this.MaxAnnualSalary|700|0x4020e91b
20:16:49.0 (50166941)|STATEMENT_EXECUTE|[62]
20:16:49.0 (50173935)|VARIABLE_ASSIGNMENT|[62]|this.MinAnnualSalary|500|0x4020e91b
20:16:49.0 (50176489)|STATEMENT_EXECUTE|[63]
20:16:49.0 (50183714)|VARIABLE_ASSIGNMENT|[63]|this.JobDescription|"法人営業として、以下のような業務をお任せ (1657 more) ..."|0x4020e91b
20:16:49.0 (50186974)|STATEMENT_EXECUTE|[64]
20:16:49.0 (50213895)|VARIABLE_ASSIGNMENT|[64]|this.LastModifiedDate|"2026-04-08T05:36:24.000Z"|0x4020e91b
20:16:49.0 (50216815)|STATEMENT_EXECUTE|[65]
20:16:49.0 (50220948)|VARIABLE_ASSIGNMENT|[65]|this.LastViewedDate|null|0x4020e91b
20:16:49.0 (50223734)|STATEMENT_EXECUTE|[66]
20:16:49.0 (50270080)|HEAP_ALLOCATE|[66]|Bytes:5
20:16:49.0 (50275320)|VARIABLE_ASSIGNMENT|[66]|this.IsFavorite|false|0x4020e91b
20:16:49.0 (50278006)|STATEMENT_EXECUTE|[67]
20:16:49.0 (50296177)|HEAP_ALLOCATE|[EXTERNAL]|Bytes:4
20:16:49.0 (50308152)|HEAP_ALLOCATE|[55]|Bytes:5
20:16:49.0 (50319408)|HEAP_ALLOCATE|[55]|Bytes:32
20:16:49.0 (50325711)|VARIABLE_SCOPE_BEGIN|[55]|j|Job__c|true|false
20:16:49.0 (50377061)|VARIABLE_ASSIGNMENT|[55]|j|{"LastModifiedDate":"2026-04-07T21:50:43.000Z","JobPosition__c":"仙台市（宮城）社内情報セキュリティ担当・ (68 more) ...","WorkLocation2__c":"宮城県仙台市泉区長命ケ丘3-27-3","Id":"a0KBK00000JHS4z2AH","MinAnnualSalary__c":500,"JobDescription__c":"社内SEとして、以下のような業務をお任せ (1657 more) ...","MaxAnnualSalary__c":700}|0x71b1f936
20:16:49.0 (50383717)|STATEMENT_EXECUTE|[55]
20:16:49.0 (50384596)|STATEMENT_EXECUTE|[56]
20:16:49.0 (50388022)|HEAP_ALLOCATE|[56]|Bytes:44
20:16:49.0 (50393031)|CONSTRUCTOR_ENTRY|[56]|01pBK000001RGBP|<init>()|JobCardsController.JobWrapper
20:16:49.0 (50397496)|VARIABLE_SCOPE_BEGIN|[12]|this|JobCardsController.JobWrapper|true|false
20:16:49.0 (50410825)|VARIABLE_ASSIGNMENT|[12]|this|{}|0x42297294
20:16:49.0 (50421349)|STATEMENT_EXECUTE|[12]
20:16:49.0 (50422266)|STATEMENT_EXECUTE|[13]
20:16:49.0 (50423111)|STATEMENT_EXECUTE|[14]
20:16:49.0 (50423927)|STATEMENT_EXECUTE|[15]
20:16:49.0 (50424828)|STATEMENT_EXECUTE|[16]
20:16:49.0 (50425697)|STATEMENT_EXECUTE|[17]
20:16:49.0 (50426505)|STATEMENT_EXECUTE|[18]
20:16:49.0 (50427459)|STATEMENT_EXECUTE|[19]
20:16:49.0 (50428340)|STATEMENT_EXECUTE|[20]
20:16:49.0 (50429120)|STATEMENT_EXECUTE|[21]
20:16:49.0 (50429857)|STATEMENT_EXECUTE|[22]
20:16:49.0 (50431786)|CONSTRUCTOR_EXIT|[56]|01pBK000001RGBP|<init>()|JobCardsController.JobWrapper
20:16:49.0 (50434850)|VARIABLE_SCOPE_BEGIN|[56]|wrapper|JobCardsController.JobWrapper|true|false
20:16:49.0 (50442042)|VARIABLE_ASSIGNMENT|[56]|wrapper|{}|0x42297294
20:16:49.0 (50444629)|STATEMENT_EXECUTE|[57]
20:16:49.0 (50492384)|VARIABLE_ASSIGNMENT|[57]|this.Id|"a0KBK00000JHS4z2AH"|0x42297294
20:16:49.0 (50495743)|STATEMENT_EXECUTE|[58]
20:16:49.0 (50500668)|VARIABLE_ASSIGNMENT|[58]|this.JobPosition|"仙台市（宮城）社内情報セキュリティ担当・ (68 more) ..."|0x42297294
20:16:49.0 (50503819)|STATEMENT_EXECUTE|[59]
20:16:49.0 (50507567)|VARIABLE_ASSIGNMENT|[59]|this.WorkLocation2|"宮城県仙台市泉区長命ケ丘3-27-3"|0x42297294
20:16:49.0 (50510283)|STATEMENT_EXECUTE|[60]
20:16:49.0 (50513109)|VARIABLE_ASSIGNMENT|[60]|this.JobCategory1|null|0x42297294
20:16:49.0 (50515581)|STATEMENT_EXECUTE|[61]
20:16:49.0 (50520234)|VARIABLE_ASSIGNMENT|[61]|this.MaxAnnualSalary|700|0x42297294
20:16:49.0 (50523085)|STATEMENT_EXECUTE|[62]
20:16:49.0 (50528666)|VARIABLE_ASSIGNMENT|[62]|this.MinAnnualSalary|500|0x42297294
20:16:49.0 (50532178)|STATEMENT_EXECUTE|[63]
20:16:49.0 (50537883)|VARIABLE_ASSIGNMENT|[63]|this.JobDescription|"社内SEとして、以下のような業務をお任せ (1657 more) ..."|0x42297294
20:16:49.0 (50542065)|STATEMENT_EXECUTE|[64]
20:16:49.0 (50554619)|VARIABLE_ASSIGNMENT|[64]|this.LastModifiedDate|"2026-04-07T21:50:43.000Z"|0x42297294
20:16:49.0 (50558463)|STATEMENT_EXECUTE|[65]
20:16:49.0 (50562181)|VARIABLE_ASSIGNMENT|[65]|this.LastViewedDate|null|0x42297294
20:16:49.0 (50565957)|STATEMENT_EXECUTE|[66]
20:16:49.0 (50576384)|HEAP_ALLOCATE|[66]|Bytes:5
20:16:49.0 (50581107)|VARIABLE_ASSIGNMENT|[66]|this.IsFavorite|false|0x42297294
20:16:49.0 (50584829)|STATEMENT_EXECUTE|[67]
20:16:49.0 (50590061)|HEAP_ALLOCATE|[EXTERNAL]|Bytes:4
20:16:49.0 (50599388)|HEAP_ALLOCATE|[55]|Bytes:5
20:16:49.0 (50608844)|HEAP_ALLOCATE|[55]|Bytes:40
20:16:49.0 (50614720)|VARIABLE_SCOPE_BEGIN|[55]|j|Job__c|true|false
20:16:49.0 (50669946)|VARIABLE_ASSIGNMENT|[55]|j|{"LastModifiedDate":"2026-04-03T04:12:21.000Z","JobPosition__c":"新潟市(新潟) 法人ルート営業・業界シェ (74 more) ...","WorkLocation2__c":"新潟県新潟市（転勤なし／車通勤可）","LastViewedDate":"2026-04-08T10:27:18.000Z","Id":"a0KBK00000GezgQ2AR","MinAnnualSalary__c":350,"JobDescription__c":"自社開発製造の給配水機器とその関連製品の (25 more) ...","JobCategory1__c":"経営幹部/企画/マーケティング系","MaxAnnualSalary__c":550}|0x1c179997
20:16:49.0 (50677814)|STATEMENT_EXECUTE|[55]
20:16:49.0 (50678807)|STATEMENT_EXECUTE|[56]
20:16:49.0 (50681014)|HEAP_ALLOCATE|[56]|Bytes:44
20:16:49.0 (50684349)|CONSTRUCTOR_ENTRY|[56]|01pBK000001RGBP|<init>()|JobCardsController.JobWrapper
20:16:49.0 (50687927)|VARIABLE_SCOPE_BEGIN|[12]|this|JobCardsController.JobWrapper|true|false
20:16:49.0 (50698733)|VARIABLE_ASSIGNMENT|[12]|this|{}|0xd91870b
20:16:49.0 (50707130)|STATEMENT_EXECUTE|[12]
20:16:49.0 (50708003)|STATEMENT_EXECUTE|[13]
20:16:49.0 (50708784)|STATEMENT_EXECUTE|[14]
20:16:49.0 (50709599)|STATEMENT_EXECUTE|[15]
20:16:49.0 (50710392)|STATEMENT_EXECUTE|[16]
20:16:49.0 (50711204)|STATEMENT_EXECUTE|[17]
20:16:49.0 (50712011)|STATEMENT_EXECUTE|[18]
20:16:49.0 (50712786)|STATEMENT_EXECUTE|[19]
20:16:49.0 (50713584)|STATEMENT_EXECUTE|[20]
20:16:49.0 (50714359)|STATEMENT_EXECUTE|[21]
20:16:49.0 (50715114)|STATEMENT_EXECUTE|[22]
20:16:49.0 (50716879)|CONSTRUCTOR_EXIT|[56]|01pBK000001RGBP|<init>()|JobCardsController.JobWrapper
20:16:49.0 (50720019)|VARIABLE_SCOPE_BEGIN|[56]|wrapper|JobCardsController.JobWrapper|true|false
20:16:49.0 (50726821)|VARIABLE_ASSIGNMENT|[56]|wrapper|{}|0xd91870b
20:16:49.0 (50729415)|STATEMENT_EXECUTE|[57]
20:16:49.0 (50764779)|VARIABLE_ASSIGNMENT|[57]|this.Id|"a0KBK00000GezgQ2AR"|0xd91870b
20:16:49.0 (50767833)|STATEMENT_EXECUTE|[58]
20:16:49.0 (50772448)|VARIABLE_ASSIGNMENT|[58]|this.JobPosition|"新潟市(新潟) 法人ルート営業・業界シェ (74 more) ..."|0xd91870b
20:16:49.0 (50775389)|STATEMENT_EXECUTE|[59]
20:16:49.0 (50779094)|VARIABLE_ASSIGNMENT|[59]|this.WorkLocation2|"新潟県新潟市（転勤なし／車通勤可）"|0xd91870b
20:16:49.0 (50781887)|STATEMENT_EXECUTE|[60]
20:16:49.0 (50793285)|VARIABLE_ASSIGNMENT|[60]|this.JobCategory1|"経営幹部/企画/マーケティング系"|0xd91870b
20:16:49.0 (50796082)|STATEMENT_EXECUTE|[61]
20:16:49.0 (50800480)|VARIABLE_ASSIGNMENT|[61]|this.MaxAnnualSalary|550|0xd91870b
20:16:49.0 (50802850)|STATEMENT_EXECUTE|[62]
20:16:49.0 (50806095)|VARIABLE_ASSIGNMENT|[62]|this.MinAnnualSalary|350|0xd91870b
20:16:49.0 (50808598)|STATEMENT_EXECUTE|[63]
20:16:49.0 (50812098)|VARIABLE_ASSIGNMENT|[63]|this.JobDescription|"自社開発製造の給配水機器とその関連製品の (25 more) ..."|0xd91870b
20:16:49.0 (50814935)|STATEMENT_EXECUTE|[64]
20:16:49.0 (50823154)|VARIABLE_ASSIGNMENT|[64]|this.LastModifiedDate|"2026-04-03T04:12:21.000Z"|0xd91870b
20:16:49.0 (50825681)|STATEMENT_EXECUTE|[65]
20:16:49.0 (50837039)|VARIABLE_ASSIGNMENT|[65]|this.LastViewedDate|"2026-04-08T10:27:18.000Z"|0xd91870b
20:16:49.0 (50839680)|STATEMENT_EXECUTE|[66]
20:16:49.0 (50846627)|HEAP_ALLOCATE|[66]|Bytes:5
20:16:49.0 (50849677)|VARIABLE_ASSIGNMENT|[66]|this.IsFavorite|true|0xd91870b
20:16:49.0 (50852244)|STATEMENT_EXECUTE|[67]
20:16:49.0 (50855373)|HEAP_ALLOCATE|[EXTERNAL]|Bytes:4
20:16:49.0 (50861135)|HEAP_ALLOCATE|[55]|Bytes:5
20:16:49.0 (50865907)|HEAP_ALLOCATE|[55]|Bytes:32
20:16:49.0 (50868773)|VARIABLE_SCOPE_BEGIN|[55]|j|Job__c|true|false
20:16:49.0 (50898803)|VARIABLE_ASSIGNMENT|[55]|j|{"LastModifiedDate":"2026-04-02T02:54:44.000Z","JobPosition__c":"テスト451求人タイトル求人タイトル求人 (235 more) ...","WorkLocation2__c":"444444","LastViewedDate":"2026-04-02T11:07:27.000Z","Id":"a0KBK00000Gexdg2AB","JobDescription__c":"テスト451仕事内容仕事内容仕事内容仕事 (230 more) ...","JobCategory1__c":"経営幹部/企画/マーケティング系"}|0x7b2bc170
20:16:49.0 (50905183)|STATEMENT_EXECUTE|[55]
20:16:49.0 (50906058)|STATEMENT_EXECUTE|[56]
20:16:49.0 (50907974)|HEAP_ALLOCATE|[56]|Bytes:44
20:16:49.0 (50910773)|CONSTRUCTOR_ENTRY|[56]|01pBK000001RGBP|<init>()|JobCardsController.JobWrapper
20:16:49.0 (50913829)|VARIABLE_SCOPE_BEGIN|[12]|this|JobCardsController.JobWrapper|true|false
20:16:49.0 (50922398)|VARIABLE_ASSIGNMENT|[12]|this|{}|0x4a3edf93
20:16:49.0 (50929099)|STATEMENT_EXECUTE|[12]
20:16:49.0 (50930037)|STATEMENT_EXECUTE|[13]
20:16:49.0 (50930882)|STATEMENT_EXECUTE|[14]
20:16:49.0 (50931693)|STATEMENT_EXECUTE|[15]
20:16:49.0 (50932471)|STATEMENT_EXECUTE|[16]
20:16:49.0 (50933244)|STATEMENT_EXECUTE|[17]
20:16:49.0 (50934020)|STATEMENT_EXECUTE|[18]
20:16:49.0 (50934845)|STATEMENT_EXECUTE|[19]
20:16:49.0 (50935638)|STATEMENT_EXECUTE|[20]
20:16:49.0 (50936388)|STATEMENT_EXECUTE|[21]
20:16:49.0 (50937148)|STATEMENT_EXECUTE|[22]
20:16:49.0 (50938598)|CONSTRUCTOR_EXIT|[56]|01pBK000001RGBP|<init>()|JobCardsController.JobWrapper
20:16:49.0 (50941382)|VARIABLE_SCOPE_BEGIN|[56]|wrapper|JobCardsController.JobWrapper|true|false
20:16:49.0 (50947857)|VARIABLE_ASSIGNMENT|[56]|wrapper|{}|0x4a3edf93
20:16:49.0 (50950324)|STATEMENT_EXECUTE|[57]
20:16:49.0 (50974168)|VARIABLE_ASSIGNMENT|[57]|this.Id|"a0KBK00000Gexdg2AB"|0x4a3edf93
20:16:49.0 (50977177)|STATEMENT_EXECUTE|[58]
20:16:49.0 (50984273)|VARIABLE_ASSIGNMENT|[58]|this.JobPosition|"テスト451求人タイトル求人タイトル求人 (235 more) ..."|0x4a3edf93
20:16:49.0 (50988502)|STATEMENT_EXECUTE|[59]
20:16:49.0 (50993041)|VARIABLE_ASSIGNMENT|[59]|this.WorkLocation2|"444444"|0x4a3edf93
20:16:49.0 (50996587)|STATEMENT_EXECUTE|[60]
20:16:49.0 (51000808)|VARIABLE_ASSIGNMENT|[60]|this.JobCategory1|"経営幹部/企画/マーケティング系"|0x4a3edf93
20:16:49.0 (51005279)|STATEMENT_EXECUTE|[61]
20:16:49.0 (51009163)|VARIABLE_ASSIGNMENT|[61]|this.MaxAnnualSalary|null|0x4a3edf93
20:16:49.0 (51012466)|STATEMENT_EXECUTE|[62]
20:16:49.0 (51015972)|VARIABLE_ASSIGNMENT|[62]|this.MinAnnualSalary|null|0x4a3edf93
20:16:49.0 (51019484)|STATEMENT_EXECUTE|[63]
20:16:49.0 (51024776)|VARIABLE_ASSIGNMENT|[63]|this.JobDescription|"テスト451仕事内容仕事内容仕事内容仕事 (230 more) ..."|0x4a3edf93
20:16:49.0 (51028653)|STATEMENT_EXECUTE|[64]
20:16:49.0 (51038667)|VARIABLE_ASSIGNMENT|[64]|this.LastModifiedDate|"2026-04-02T02:54:44.000Z"|0x4a3edf93
20:16:49.0 (51042326)|STATEMENT_EXECUTE|[65]
20:16:49.0 (51049620)|VARIABLE_ASSIGNMENT|[65]|this.LastViewedDate|"2026-04-02T11:07:27.000Z"|0x4a3edf93
20:16:49.0 (51053272)|STATEMENT_EXECUTE|[66]
20:16:49.0 (51063265)|HEAP_ALLOCATE|[66]|Bytes:5
20:16:49.0 (51067973)|VARIABLE_ASSIGNMENT|[66]|this.IsFavorite|true|0x4a3edf93
20:16:49.0 (51071881)|STATEMENT_EXECUTE|[67]
20:16:49.0 (51076867)|HEAP_ALLOCATE|[EXTERNAL]|Bytes:4
20:16:49.0 (51085665)|HEAP_ALLOCATE|[55]|Bytes:5
20:16:49.0 (51092903)|HEAP_ALLOCATE|[55]|Bytes:40
20:16:49.0 (51096101)|VARIABLE_SCOPE_BEGIN|[55]|j|Job__c|true|false
20:16:49.0 (51142233)|VARIABLE_ASSIGNMENT|[55]|j|{"LastModifiedDate":"2026-03-18T01:52:52.000Z","JobPosition__c":"テスト401求人タイトル求人タイトル求人 (28 more) ...","WorkLocation2__c":"勤務地","LastViewedDate":"2026-04-08T11:16:29.000Z","Id":"a0KBK00000Gexcs2AB","MinAnnualSalary__c":450,"JobDescription__c":"テスト401仕事内容仕事内容仕事内容仕事 (30 more) ...","JobCategory1__c":"専門職系（コンサルタント/金融/不動産）","MaxAnnualSalary__c":600}|0x69256098
20:16:49.0 (51149196)|STATEMENT_EXECUTE|[55]
20:16:49.0 (51150152)|STATEMENT_EXECUTE|[56]
20:16:49.0 (51152390)|HEAP_ALLOCATE|[56]|Bytes:44
20:16:49.0 (51155535)|CONSTRUCTOR_ENTRY|[56]|01pBK000001RGBP|<init>()|JobCardsController.JobWrapper
20:16:49.0 (51159131)|VARIABLE_SCOPE_BEGIN|[12]|this|JobCardsController.JobWrapper|true|false
20:16:49.0 (51169997)|VARIABLE_ASSIGNMENT|[12]|this|{}|0x4b758306
20:16:49.0 (51177459)|STATEMENT_EXECUTE|[12]
20:16:49.0 (51178298)|STATEMENT_EXECUTE|[13]
20:16:49.0 (51179119)|STATEMENT_EXECUTE|[14]
20:16:49.0 (51179918)|STATEMENT_EXECUTE|[15]
20:16:49.0 (51180688)|STATEMENT_EXECUTE|[16]
20:16:49.0 (51181468)|STATEMENT_EXECUTE|[17]
20:16:49.0 (51182268)|STATEMENT_EXECUTE|[18]
20:16:49.0 (51183038)|STATEMENT_EXECUTE|[19]
20:16:49.0 (51183839)|STATEMENT_EXECUTE|[20]
20:16:49.0 (51184607)|STATEMENT_EXECUTE|[21]
20:16:49.0 (51185376)|STATEMENT_EXECUTE|[22]
20:16:49.0 (51187071)|CONSTRUCTOR_EXIT|[56]|01pBK000001RGBP|<init>()|JobCardsController.JobWrapper
20:16:49.0 (51189847)|VARIABLE_SCOPE_BEGIN|[56]|wrapper|JobCardsController.JobWrapper|true|false
20:16:49.0 (51196629)|VARIABLE_ASSIGNMENT|[56]|wrapper|{}|0x4b758306
20:16:49.0 (51199047)|STATEMENT_EXECUTE|[57]
20:16:49.0 (51230802)|VARIABLE_ASSIGNMENT|[57]|this.Id|"a0KBK00000Gexcs2AB"|0x4b758306
20:16:49.0 (51233687)|STATEMENT_EXECUTE|[58]
20:16:49.0 (51238132)|VARIABLE_ASSIGNMENT|[58]|this.JobPosition|"テスト401求人タイトル求人タイトル求人 (28 more) ..."|0x4b758306
20:16:49.0 (51241084)|STATEMENT_EXECUTE|[59]
20:16:49.0 (51244413)|VARIABLE_ASSIGNMENT|[59]|this.WorkLocation2|"勤務地"|0x4b758306
20:16:49.0 (51247049)|STATEMENT_EXECUTE|[60]
20:16:49.0 (51250463)|VARIABLE_ASSIGNMENT|[60]|this.JobCategory1|"専門職系（コンサルタント/金融/不動産）"|0x4b758306
20:16:49.0 (51253356)|STATEMENT_EXECUTE|[61]
20:16:49.0 (51258426)|VARIABLE_ASSIGNMENT|[61]|this.MaxAnnualSalary|600|0x4b758306
20:16:49.0 (51261217)|STATEMENT_EXECUTE|[62]
20:16:49.0 (51264919)|VARIABLE_ASSIGNMENT|[62]|this.MinAnnualSalary|450|0x4b758306
20:16:49.0 (51267261)|STATEMENT_EXECUTE|[63]
20:16:49.0 (51270767)|VARIABLE_ASSIGNMENT|[63]|this.JobDescription|"テスト401仕事内容仕事内容仕事内容仕事 (30 more) ..."|0x4b758306
20:16:49.0 (51273716)|STATEMENT_EXECUTE|[64]
20:16:49.0 (51280840)|VARIABLE_ASSIGNMENT|[64]|this.LastModifiedDate|"2026-03-18T01:52:52.000Z"|0x4b758306
20:16:49.0 (51283278)|STATEMENT_EXECUTE|[65]
20:16:49.0 (51288216)|VARIABLE_ASSIGNMENT|[65]|this.LastViewedDate|"2026-04-08T11:16:29.000Z"|0x4b758306
20:16:49.0 (51290607)|STATEMENT_EXECUTE|[66]
20:16:49.0 (51297533)|HEAP_ALLOCATE|[66]|Bytes:5
20:16:49.0 (51300602)|VARIABLE_ASSIGNMENT|[66]|this.IsFavorite|true|0x4b758306
20:16:49.0 (51302935)|STATEMENT_EXECUTE|[67]
20:16:49.0 (51305673)|HEAP_ALLOCATE|[EXTERNAL]|Bytes:4
20:16:49.0 (51311075)|HEAP_ALLOCATE|[55]|Bytes:5
20:16:49.0 (51315963)|HEAP_ALLOCATE|[55]|Bytes:36
20:16:49.0 (51318594)|VARIABLE_SCOPE_BEGIN|[55]|j|Job__c|true|false
20:16:49.0 (51351545)|VARIABLE_ASSIGNMENT|[55]|j|{"LastModifiedDate":"2026-03-12T05:33:30.000Z","JobPosition__c":"テスト424求人タイトル求人タイトル求人 (28 more) ...","LastViewedDate":"2026-04-02T07:16:25.000Z","Id":"a0KBK00000GexdF2AR","MinAnnualSalary__c":250,"JobDescription__c":"テスト424仕事内容仕事内容仕事内容仕事 (30 more) ...","JobCategory1__c":"技術系（電気/電子/機械）","MaxAnnualSalary__c":350}|0x17a34cc3
20:16:49.0 (51358370)|STATEMENT_EXECUTE|[55]
20:16:49.0 (51359205)|STATEMENT_EXECUTE|[56]
20:16:49.0 (51360762)|HEAP_ALLOCATE|[56]|Bytes:44
20:16:49.0 (51363607)|CONSTRUCTOR_ENTRY|[56]|01pBK000001RGBP|<init>()|JobCardsController.JobWrapper
20:16:49.0 (51366563)|VARIABLE_SCOPE_BEGIN|[12]|this|JobCardsController.JobWrapper|true|false
20:16:49.0 (51374622)|VARIABLE_ASSIGNMENT|[12]|this|{}|0x4241e52e
20:16:49.0 (51381084)|STATEMENT_EXECUTE|[12]
20:16:49.0 (51382015)|STATEMENT_EXECUTE|[13]
20:16:49.0 (51382798)|STATEMENT_EXECUTE|[14]
20:16:49.0 (51383596)|STATEMENT_EXECUTE|[15]
20:16:49.0 (51384362)|STATEMENT_EXECUTE|[16]
20:16:49.0 (51385142)|STATEMENT_EXECUTE|[17]
20:16:49.0 (51385940)|STATEMENT_EXECUTE|[18]
20:16:49.0 (51386741)|STATEMENT_EXECUTE|[19]
20:16:49.0 (51387548)|STATEMENT_EXECUTE|[20]
20:16:49.0 (51388378)|STATEMENT_EXECUTE|[21]
20:16:49.0 (51389153)|STATEMENT_EXECUTE|[22]
20:16:49.0 (51390748)|CONSTRUCTOR_EXIT|[56]|01pBK000001RGBP|<init>()|JobCardsController.JobWrapper
20:16:49.0 (51393421)|VARIABLE_SCOPE_BEGIN|[56]|wrapper|JobCardsController.JobWrapper|true|false
20:16:49.0 (51399731)|VARIABLE_ASSIGNMENT|[56]|wrapper|{}|0x4241e52e
20:16:49.0 (51402227)|STATEMENT_EXECUTE|[57]
20:16:49.0 (51424610)|VARIABLE_ASSIGNMENT|[57]|this.Id|"a0KBK00000GexdF2AR"|0x4241e52e
20:16:49.0 (51427518)|STATEMENT_EXECUTE|[58]
20:16:49.0 (51431886)|VARIABLE_ASSIGNMENT|[58]|this.JobPosition|"テスト424求人タイトル求人タイトル求人 (28 more) ..."|0x4241e52e
20:16:49.0 (51435006)|STATEMENT_EXECUTE|[59]
20:16:49.0 (51438162)|VARIABLE_ASSIGNMENT|[59]|this.WorkLocation2|null|0x4241e52e
20:16:49.0 (51440561)|STATEMENT_EXECUTE|[60]
20:16:49.0 (51443905)|VARIABLE_ASSIGNMENT|[60]|this.JobCategory1|"技術系（電気/電子/機械）"|0x4241e52e
20:16:49.0 (51446648)|STATEMENT_EXECUTE|[61]
20:16:49.0 (51450504)|VARIABLE_ASSIGNMENT|[61]|this.MaxAnnualSalary|350|0x4241e52e
20:16:49.0 (51452852)|STATEMENT_EXECUTE|[62]
20:16:49.0 (51456143)|VARIABLE_ASSIGNMENT|[62]|this.MinAnnualSalary|250|0x4241e52e
20:16:49.0 (51458690)|STATEMENT_EXECUTE|[63]
20:16:49.0 (51462186)|VARIABLE_ASSIGNMENT|[63]|this.JobDescription|"テスト424仕事内容仕事内容仕事内容仕事 (30 more) ..."|0x4241e52e
20:16:49.0 (51465041)|STATEMENT_EXECUTE|[64]
20:16:49.0 (51471501)|VARIABLE_ASSIGNMENT|[64]|this.LastModifiedDate|"2026-03-12T05:33:30.000Z"|0x4241e52e
20:16:49.0 (51474247)|STATEMENT_EXECUTE|[65]
20:16:49.0 (51479352)|VARIABLE_ASSIGNMENT|[65]|this.LastViewedDate|"2026-04-02T07:16:25.000Z"|0x4241e52e
20:16:49.0 (51482065)|STATEMENT_EXECUTE|[66]
20:16:49.0 (51487855)|HEAP_ALLOCATE|[66]|Bytes:5
20:16:49.0 (51490986)|VARIABLE_ASSIGNMENT|[66]|this.IsFavorite|false|0x4241e52e
20:16:49.0 (51493410)|STATEMENT_EXECUTE|[67]
20:16:49.0 (51496071)|HEAP_ALLOCATE|[EXTERNAL]|Bytes:4
20:16:49.0 (51501326)|HEAP_ALLOCATE|[55]|Bytes:5
20:16:49.0 (51505447)|HEAP_ALLOCATE|[55]|Bytes:36
20:16:49.0 (51507925)|VARIABLE_SCOPE_BEGIN|[55]|j|Job__c|true|false
20:16:49.0 (51538560)|VARIABLE_ASSIGNMENT|[55]|j|{"LastModifiedDate":"2026-03-09T05:51:50.000Z","JobPosition__c":"テスト403求人タイトル求人タイトル求人 (28 more) ...","LastViewedDate":"2026-04-02T10:23:00.000Z","Id":"a0KBK00000Gexcu2AB","MinAnnualSalary__c":900,"JobDescription__c":"テスト403仕事内容仕事内容仕事内容仕事 (30 more) ...","JobCategory1__c":"営業系","MaxAnnualSalary__c":600}|0x3758b481
20:16:49.0 (51544525)|STATEMENT_EXECUTE|[55]
20:16:49.0 (51545342)|STATEMENT_EXECUTE|[56]
20:16:49.0 (51546970)|HEAP_ALLOCATE|[56]|Bytes:44
20:16:49.0 (51549535)|CONSTRUCTOR_ENTRY|[56]|01pBK000001RGBP|<init>()|JobCardsController.JobWrapper
20:16:49.0 (51552620)|VARIABLE_SCOPE_BEGIN|[12]|this|JobCardsController.JobWrapper|true|false
20:16:49.0 (51560849)|VARIABLE_ASSIGNMENT|[12]|this|{}|0x43698bb2
20:16:49.0 (51601526)|STATEMENT_EXECUTE|[12]
20:16:49.0 (51602873)|STATEMENT_EXECUTE|[13]
20:16:49.0 (51603703)|STATEMENT_EXECUTE|[14]
20:16:49.0 (51604514)|STATEMENT_EXECUTE|[15]
20:16:49.0 (51605336)|STATEMENT_EXECUTE|[16]
20:16:49.0 (51606141)|STATEMENT_EXECUTE|[17]
20:16:49.0 (51606926)|STATEMENT_EXECUTE|[18]
20:16:49.0 (51607795)|STATEMENT_EXECUTE|[19]
20:16:49.0 (51608691)|STATEMENT_EXECUTE|[20]
20:16:49.0 (51609454)|STATEMENT_EXECUTE|[21]
20:16:49.0 (51610218)|STATEMENT_EXECUTE|[22]
20:16:49.0 (51611964)|CONSTRUCTOR_EXIT|[56]|01pBK000001RGBP|<init>()|JobCardsController.JobWrapper
20:16:49.0 (51615424)|VARIABLE_SCOPE_BEGIN|[56]|wrapper|JobCardsController.JobWrapper|true|false
20:16:49.0 (51623189)|VARIABLE_ASSIGNMENT|[56]|wrapper|{}|0x43698bb2
20:16:49.0 (51625674)|STATEMENT_EXECUTE|[57]
20:16:49.0 (51650262)|VARIABLE_ASSIGNMENT|[57]|this.Id|"a0KBK00000Gexcu2AB"|0x43698bb2
20:16:49.0 (51652935)|STATEMENT_EXECUTE|[58]
20:16:49.0 (51657246)|VARIABLE_ASSIGNMENT|[58]|this.JobPosition|"テスト403求人タイトル求人タイトル求人 (28 more) ..."|0x43698bb2
20:16:49.0 (51660208)|STATEMENT_EXECUTE|[59]
20:16:49.0 (51663264)|VARIABLE_ASSIGNMENT|[59]|this.WorkLocation2|null|0x43698bb2
20:16:49.0 (51665734)|STATEMENT_EXECUTE|[60]
20:16:49.0 (51668836)|VARIABLE_ASSIGNMENT|[60]|this.JobCategory1|"営業系"|0x43698bb2
20:16:49.0 (51671550)|STATEMENT_EXECUTE|[61]
20:16:49.0 (51676179)|VARIABLE_ASSIGNMENT|[61]|this.MaxAnnualSalary|600|0x43698bb2
20:16:49.0 (51678655)|STATEMENT_EXECUTE|[62]
20:16:49.0 (51681911)|VARIABLE_ASSIGNMENT|[62]|this.MinAnnualSalary|900|0x43698bb2
20:16:49.0 (51684470)|STATEMENT_EXECUTE|[63]
20:16:49.0 (51687855)|VARIABLE_ASSIGNMENT|[63]|this.JobDescription|"テスト403仕事内容仕事内容仕事内容仕事 (30 more) ..."|0x43698bb2
20:16:49.0 (51690608)|STATEMENT_EXECUTE|[64]
20:16:49.0 (51697654)|VARIABLE_ASSIGNMENT|[64]|this.LastModifiedDate|"2026-03-09T05:51:50.000Z"|0x43698bb2
20:16:49.0 (51700280)|STATEMENT_EXECUTE|[65]
20:16:49.0 (51705108)|VARIABLE_ASSIGNMENT|[65]|this.LastViewedDate|"2026-04-02T10:23:00.000Z"|0x43698bb2
20:16:49.0 (51707564)|STATEMENT_EXECUTE|[66]
20:16:49.0 (51713801)|HEAP_ALLOCATE|[66]|Bytes:5
20:16:49.0 (51716990)|VARIABLE_ASSIGNMENT|[66]|this.IsFavorite|false|0x43698bb2
20:16:49.0 (51719290)|STATEMENT_EXECUTE|[67]
20:16:49.0 (51722019)|HEAP_ALLOCATE|[EXTERNAL]|Bytes:4
20:16:49.0 (51727496)|HEAP_ALLOCATE|[55]|Bytes:5
20:16:49.0 (51731635)|HEAP_ALLOCATE|[55]|Bytes:36
20:16:49.0 (51734478)|VARIABLE_SCOPE_BEGIN|[55]|j|Job__c|true|false
20:16:49.0 (51783901)|VARIABLE_ASSIGNMENT|[55]|j|{"LastModifiedDate":"2026-03-09T05:51:49.000Z","JobPosition__c":"テスト402求人タイトル求人タイトル求人 (28 more) ...","LastViewedDate":"2026-03-18T09:45:33.000Z","Id":"a0KBK00000Gexct2AB","MinAnnualSalary__c":500,"JobDescription__c":"テスト402仕事内容仕事内容仕事内容仕事 (30 more) ...","JobCategory1__c":"営業系","MaxAnnualSalary__c":400}|0x12ddd35b
20:16:49.0 (51792940)|STATEMENT_EXECUTE|[55]
20:16:49.0 (51794096)|STATEMENT_EXECUTE|[56]
20:16:49.0 (51796693)|HEAP_ALLOCATE|[56]|Bytes:44
20:16:49.0 (51801647)|CONSTRUCTOR_ENTRY|[56]|01pBK000001RGBP|<init>()|JobCardsController.JobWrapper
20:16:49.0 (51805143)|VARIABLE_SCOPE_BEGIN|[12]|this|JobCardsController.JobWrapper|true|false
20:16:49.0 (51814564)|VARIABLE_ASSIGNMENT|[12]|this|{}|0x7f97060b
20:16:49.0 (51821570)|STATEMENT_EXECUTE|[12]
20:16:49.0 (51822440)|STATEMENT_EXECUTE|[13]
20:16:49.0 (51823246)|STATEMENT_EXECUTE|[14]
20:16:49.0 (51824037)|STATEMENT_EXECUTE|[15]
20:16:49.0 (51824939)|STATEMENT_EXECUTE|[16]
20:16:49.0 (51825830)|STATEMENT_EXECUTE|[17]
20:16:49.0 (51826603)|STATEMENT_EXECUTE|[18]
20:16:49.0 (51827374)|STATEMENT_EXECUTE|[19]
20:16:49.0 (51828170)|STATEMENT_EXECUTE|[20]
20:16:49.0 (51828933)|STATEMENT_EXECUTE|[21]
20:16:49.0 (51829688)|STATEMENT_EXECUTE|[22]
20:16:49.0 (51831204)|CONSTRUCTOR_EXIT|[56]|01pBK000001RGBP|<init>()|JobCardsController.JobWrapper
20:16:49.0 (51834014)|VARIABLE_SCOPE_BEGIN|[56]|wrapper|JobCardsController.JobWrapper|true|false
20:16:49.0 (51840089)|VARIABLE_ASSIGNMENT|[56]|wrapper|{}|0x7f97060b
20:16:49.0 (51842543)|STATEMENT_EXECUTE|[57]
20:16:49.0 (51869030)|VARIABLE_ASSIGNMENT|[57]|this.Id|"a0KBK00000Gexct2AB"|0x7f97060b
20:16:49.0 (51871920)|STATEMENT_EXECUTE|[58]
20:16:49.0 (51876011)|VARIABLE_ASSIGNMENT|[58]|this.JobPosition|"テスト402求人タイトル求人タイトル求人 (28 more) ..."|0x7f97060b
20:16:49.0 (51878924)|STATEMENT_EXECUTE|[59]
20:16:49.0 (51881633)|VARIABLE_ASSIGNMENT|[59]|this.WorkLocation2|null|0x7f97060b
20:16:49.0 (51883962)|STATEMENT_EXECUTE|[60]
20:16:49.0 (51886978)|VARIABLE_ASSIGNMENT|[60]|this.JobCategory1|"営業系"|0x7f97060b
20:16:49.0 (51889697)|STATEMENT_EXECUTE|[61]
20:16:49.0 (51893933)|VARIABLE_ASSIGNMENT|[61]|this.MaxAnnualSalary|400|0x7f97060b
20:16:49.0 (51896380)|STATEMENT_EXECUTE|[62]
20:16:49.0 (51899548)|VARIABLE_ASSIGNMENT|[62]|this.MinAnnualSalary|500|0x7f97060b
20:16:49.0 (51901846)|STATEMENT_EXECUTE|[63]
20:16:49.0 (51905222)|VARIABLE_ASSIGNMENT|[63]|this.JobDescription|"テスト402仕事内容仕事内容仕事内容仕事 (30 more) ..."|0x7f97060b
20:16:49.0 (51908147)|STATEMENT_EXECUTE|[64]
20:16:49.0 (51915004)|VARIABLE_ASSIGNMENT|[64]|this.LastModifiedDate|"2026-03-09T05:51:49.000Z"|0x7f97060b
20:16:49.0 (51917585)|STATEMENT_EXECUTE|[65]
20:16:49.0 (51928090)|VARIABLE_ASSIGNMENT|[65]|this.LastViewedDate|"2026-03-18T09:45:33.000Z"|0x7f97060b
20:16:49.0 (51930527)|STATEMENT_EXECUTE|[66]
20:16:49.0 (51937210)|HEAP_ALLOCATE|[66]|Bytes:5
20:16:49.0 (51940588)|VARIABLE_ASSIGNMENT|[66]|this.IsFavorite|false|0x7f97060b
20:16:49.0 (51943079)|STATEMENT_EXECUTE|[67]
20:16:49.0 (51945850)|HEAP_ALLOCATE|[EXTERNAL]|Bytes:4
20:16:49.0 (51951513)|HEAP_ALLOCATE|[55]|Bytes:5
20:16:49.0 (51956202)|HEAP_ALLOCATE|[55]|Bytes:40
20:16:49.0 (51958939)|VARIABLE_SCOPE_BEGIN|[55]|j|Job__c|true|false
20:16:49.0 (51995285)|VARIABLE_ASSIGNMENT|[55]|j|{"LastModifiedDate":"2026-03-06T01:15:09.000Z","JobPosition__c":"千代田区(東京) 設備積算・大手サブコン (18 more) ...","WorkLocation2__c":"東京都千代田区","LastViewedDate":"2026-03-17T05:57:19.000Z","Id":"a0KBK00000GezgH2AR","MinAnnualSalary__c":400,"JobDescription__c":"事務所ビルや商業施設、工場など、多様な建 (105 more) ...","JobCategory1__c":"営業系","MaxAnnualSalary__c":650}|0x503e4038
20:16:49.0 (52002183)|STATEMENT_EXECUTE|[55]
20:16:49.0 (52003515)|STATEMENT_EXECUTE|[56]
20:16:49.0 (52005185)|HEAP_ALLOCATE|[56]|Bytes:44
20:16:49.0 (52007835)|CONSTRUCTOR_ENTRY|[56]|01pBK000001RGBP|<init>()|JobCardsController.JobWrapper
20:16:49.0 (52011010)|VARIABLE_SCOPE_BEGIN|[12]|this|JobCardsController.JobWrapper|true|false
20:16:49.0 (52018927)|VARIABLE_ASSIGNMENT|[12]|this|{}|0x181dd74c
20:16:49.0 (52025308)|STATEMENT_EXECUTE|[12]
20:16:49.0 (52026236)|STATEMENT_EXECUTE|[13]
20:16:49.0 (52027039)|STATEMENT_EXECUTE|[14]
20:16:49.0 (52027837)|STATEMENT_EXECUTE|[15]
20:16:49.0 (52028709)|STATEMENT_EXECUTE|[16]
20:16:49.0 (52029474)|STATEMENT_EXECUTE|[17]
20:16:49.0 (52030233)|STATEMENT_EXECUTE|[18]
20:16:49.0 (52031009)|STATEMENT_EXECUTE|[19]
20:16:49.0 (52031803)|STATEMENT_EXECUTE|[20]
20:16:49.0 (52032555)|STATEMENT_EXECUTE|[21]
20:16:49.0 (52033304)|STATEMENT_EXECUTE|[22]
20:16:49.0 (52034697)|CONSTRUCTOR_EXIT|[56]|01pBK000001RGBP|<init>()|JobCardsController.JobWrapper
20:16:49.0 (52037388)|VARIABLE_SCOPE_BEGIN|[56]|wrapper|JobCardsController.JobWrapper|true|false
20:16:49.0 (52043903)|VARIABLE_ASSIGNMENT|[56]|wrapper|{}|0x181dd74c
20:16:49.0 (52046346)|STATEMENT_EXECUTE|[57]
20:16:49.0 (52068542)|VARIABLE_ASSIGNMENT|[57]|this.Id|"a0KBK00000GezgH2AR"|0x181dd74c
20:16:49.0 (52071512)|STATEMENT_EXECUTE|[58]
20:16:49.0 (52075883)|VARIABLE_ASSIGNMENT|[58]|this.JobPosition|"千代田区(東京) 設備積算・大手サブコン (18 more) ..."|0x181dd74c
20:16:49.0 (52079072)|STATEMENT_EXECUTE|[59]
20:16:49.0 (52082414)|VARIABLE_ASSIGNMENT|[59]|this.WorkLocation2|"東京都千代田区"|0x181dd74c
20:16:49.0 (52085172)|STATEMENT_EXECUTE|[60]
20:16:49.0 (52087968)|VARIABLE_ASSIGNMENT|[60]|this.JobCategory1|"営業系"|0x181dd74c
20:16:49.0 (52091001)|STATEMENT_EXECUTE|[61]
20:16:49.0 (52094975)|VARIABLE_ASSIGNMENT|[61]|this.MaxAnnualSalary|650|0x181dd74c
20:16:49.0 (52097418)|STATEMENT_EXECUTE|[62]
20:16:49.0 (52100657)|VARIABLE_ASSIGNMENT|[62]|this.MinAnnualSalary|400|0x181dd74c
20:16:49.0 (52103125)|STATEMENT_EXECUTE|[63]
20:16:49.0 (52106607)|VARIABLE_ASSIGNMENT|[63]|this.JobDescription|"事務所ビルや商業施設、工場など、多様な建 (105 more) ..."|0x181dd74c
20:16:49.0 (52109723)|STATEMENT_EXECUTE|[64]
20:16:49.0 (52116248)|VARIABLE_ASSIGNMENT|[64]|this.LastModifiedDate|"2026-03-06T01:15:09.000Z"|0x181dd74c
20:16:49.0 (52118728)|STATEMENT_EXECUTE|[65]
20:16:49.0 (52123762)|VARIABLE_ASSIGNMENT|[65]|this.LastViewedDate|"2026-03-17T05:57:19.000Z"|0x181dd74c
20:16:49.0 (52126083)|STATEMENT_EXECUTE|[66]
20:16:49.0 (52131938)|HEAP_ALLOCATE|[66]|Bytes:5
20:16:49.0 (52135215)|VARIABLE_ASSIGNMENT|[66]|this.IsFavorite|false|0x181dd74c
20:16:49.0 (52137739)|STATEMENT_EXECUTE|[67]
20:16:49.0 (52140581)|HEAP_ALLOCATE|[EXTERNAL]|Bytes:4
20:16:49.0 (52145743)|HEAP_ALLOCATE|[55]|Bytes:5
20:16:49.0 (52149902)|HEAP_ALLOCATE|[55]|Bytes:36
20:16:49.0 (52152613)|VARIABLE_SCOPE_BEGIN|[55]|j|Job__c|true|false
20:16:49.0 (52183295)|VARIABLE_ASSIGNMENT|[55]|j|{"LastModifiedDate":"2026-02-06T01:25:17.000Z","JobPosition__c":"テスト467求人タイトル求人タイトル求人 (28 more) ...","LastViewedDate":"2026-04-02T09:39:31.000Z","Id":"a0KBK00000Gexdw2AB","MinAnnualSalary__c":216,"JobDescription__c":"テスト467仕事内容仕事内容仕事内容仕事 (30 more) ...","JobCategory1__c":"管理部門/事務系","MaxAnnualSalary__c":0}|0x5df6dba8
20:16:49.0 (52189458)|STATEMENT_EXECUTE|[55]
20:16:49.0 (52190268)|STATEMENT_EXECUTE|[56]
20:16:49.0 (52191757)|HEAP_ALLOCATE|[56]|Bytes:44
20:16:49.0 (52194439)|CONSTRUCTOR_ENTRY|[56]|01pBK000001RGBP|<init>()|JobCardsController.JobWrapper
20:16:49.0 (52197499)|VARIABLE_SCOPE_BEGIN|[12]|this|JobCardsController.JobWrapper|true|false
20:16:49.0 (52205347)|VARIABLE_ASSIGNMENT|[12]|this|{}|0x55b839f4
20:16:49.0 (52211448)|STATEMENT_EXECUTE|[12]
20:16:49.0 (52212379)|STATEMENT_EXECUTE|[13]
20:16:49.0 (52213167)|STATEMENT_EXECUTE|[14]
20:16:49.0 (52213966)|STATEMENT_EXECUTE|[15]
20:16:49.0 (52214733)|STATEMENT_EXECUTE|[16]
20:16:49.0 (52215508)|STATEMENT_EXECUTE|[17]
20:16:49.0 (52216272)|STATEMENT_EXECUTE|[18]
20:16:49.0 (52217069)|STATEMENT_EXECUTE|[19]
20:16:49.0 (52217888)|STATEMENT_EXECUTE|[20]
20:16:49.0 (52218678)|STATEMENT_EXECUTE|[21]
20:16:49.0 (52219453)|STATEMENT_EXECUTE|[22]
20:16:49.0 (52220812)|CONSTRUCTOR_EXIT|[56]|01pBK000001RGBP|<init>()|JobCardsController.JobWrapper
20:16:49.0 (52223448)|VARIABLE_SCOPE_BEGIN|[56]|wrapper|JobCardsController.JobWrapper|true|false
20:16:49.0 (52229534)|VARIABLE_ASSIGNMENT|[56]|wrapper|{}|0x55b839f4
20:16:49.0 (52232204)|STATEMENT_EXECUTE|[57]
20:16:49.0 (52253697)|VARIABLE_ASSIGNMENT|[57]|this.Id|"a0KBK00000Gexdw2AB"|0x55b839f4
20:16:49.0 (52256450)|STATEMENT_EXECUTE|[58]
20:16:49.0 (52260566)|VARIABLE_ASSIGNMENT|[58]|this.JobPosition|"テスト467求人タイトル求人タイトル求人 (28 more) ..."|0x55b839f4
20:16:49.0 (52263741)|STATEMENT_EXECUTE|[59]
20:16:49.0 (52266583)|VARIABLE_ASSIGNMENT|[59]|this.WorkLocation2|null|0x55b839f4
20:16:49.0 (52268946)|STATEMENT_EXECUTE|[60]
20:16:49.0 (52271910)|VARIABLE_ASSIGNMENT|[60]|this.JobCategory1|"管理部門/事務系"|0x55b839f4
20:16:49.0 (52274763)|STATEMENT_EXECUTE|[61]
20:16:49.0 (52295221)|HEAP_ALLOCATE|[61]|Bytes:28
20:16:49.0 (52300068)|VARIABLE_ASSIGNMENT|[61]|this.MaxAnnualSalary|0|0x55b839f4
20:16:49.0 (52302696)|STATEMENT_EXECUTE|[62]
20:16:49.0 (52306247)|VARIABLE_ASSIGNMENT|[62]|this.MinAnnualSalary|216|0x55b839f4
20:16:49.0 (52308718)|STATEMENT_EXECUTE|[63]
20:16:49.0 (52312242)|VARIABLE_ASSIGNMENT|[63]|this.JobDescription|"テスト467仕事内容仕事内容仕事内容仕事 (30 more) ..."|0x55b839f4
20:16:49.0 (52315346)|STATEMENT_EXECUTE|[64]
20:16:49.0 (52321904)|VARIABLE_ASSIGNMENT|[64]|this.LastModifiedDate|"2026-02-06T01:25:17.000Z"|0x55b839f4
20:16:49.0 (52324317)|STATEMENT_EXECUTE|[65]
20:16:49.0 (52329266)|VARIABLE_ASSIGNMENT|[65]|this.LastViewedDate|"2026-04-02T09:39:31.000Z"|0x55b839f4
20:16:49.0 (52331763)|STATEMENT_EXECUTE|[66]
20:16:49.0 (52337608)|HEAP_ALLOCATE|[66]|Bytes:5
20:16:49.0 (52340672)|VARIABLE_ASSIGNMENT|[66]|this.IsFavorite|false|0x55b839f4
20:16:49.0 (52343121)|STATEMENT_EXECUTE|[67]
20:16:49.0 (52345867)|HEAP_ALLOCATE|[EXTERNAL]|Bytes:4
20:16:49.0 (52351535)|HEAP_ALLOCATE|[55]|Bytes:5
20:16:49.0 (52356882)|VARIABLE_ASSIGNMENT|[55]|j|null|
20:16:49.0 (52360747)|STATEMENT_EXECUTE|[69]
20:16:49.52 (52413657)|CUMULATIVE_LIMIT_USAGE
20:16:49.52 (52413657)|LIMIT_USAGE_FOR_NS|(default)|
  Number of SOQL queries: 2 out of 100
  Number of query rows: 13 out of 50000
  Number of SOSL queries: 0 out of 20
  Number of DML statements: 0 out of 150
  Number of Publish Immediate DML: 0 out of 150
  Number of DML rows: 0 out of 10000
  Maximum CPU time: 0 out of 10000
  Maximum heap size: 0 out of 6000000
  Number of callouts: 0 out of 100
  Number of Email Invocations: 0 out of 10
  Number of future calls: 0 out of 50
  Number of queueable jobs added to the queue: 0 out of 50
  Number of Mobile Apex push calls: 0 out of 10

20:16:49.52 (52413657)|CUMULATIVE_LIMIT_USAGE_END

20:16:49.0 (52435097)|CODE_UNIT_FINISHED|JobCardsController.getJobs()
20:16:49.0 (52587556)|CODE_UNIT_FINISHED|apex://JobCardsController/ACTION$getJobs
20:16:49.0 (52591838)|EXECUTION_FINISHED
