66.0 APEX_CODE,FINEST;APEX_PROFILING,INFO;CALLOUT,INFO;DATA_ACCESS,INFO;DB,INFO;NBA,INFO;SYSTEM,DEBUG;VALIDATION,INFO;VISUALFORCE,INFO;WAVE,INFO;WORKFLOW,INFO
10:18:43.0 (305283)|USER_INFO|[EXTERNAL]|005BK00000Ilvi1|foryoze@owleyes.ch.hurex|(GMT+09:00) 日本標準時 (Asia/Tokyo)|GMT+09:00
10:18:43.0 (374704)|EXECUTION_STARTED
10:18:43.0 (397081)|CODE_UNIT_STARTED|[EXTERNAL]|apex://CustomNotificationController/ACTION$getNotifications
10:18:43.0 (3289544)|CODE_UNIT_STARTED|[EXTERNAL]|01pBK000001VvEL|CustomNotificationController.getNotifications(String)
10:18:43.0 (5248282)|HEAP_ALLOCATE|[95]|Bytes:3
10:18:43.0 (5351862)|HEAP_ALLOCATE|[100]|Bytes:152
10:18:43.0 (5368621)|HEAP_ALLOCATE|[417]|Bytes:408
10:18:43.0 (5379427)|HEAP_ALLOCATE|[430]|Bytes:408
10:18:43.0 (5402395)|HEAP_ALLOCATE|[317]|Bytes:6
10:18:43.0 (5456781)|HEAP_ALLOCATE|[EXTERNAL]|Bytes:7
10:18:43.0 (5471764)|METHOD_ENTRY|[1]|01pBK000001VvEL|CustomNotificationController.CustomNotificationController()
10:18:43.0 (5477515)|STATEMENT_EXECUTE|[1]
10:18:43.0 (5482360)|STATEMENT_EXECUTE|[1]
10:18:43.0 (5505012)|HEAP_ALLOCATE|[68]|Bytes:5
10:18:43.0 (5529910)|HEAP_ALLOCATE|[74]|Bytes:5
10:18:43.0 (5534665)|HEAP_ALLOCATE|[82]|Bytes:7
10:18:43.0 (5707715)|HEAP_ALLOCATE|[EXTERNAL]|Bytes:5
10:18:43.0 (5720045)|METHOD_EXIT|[1]|CustomNotificationController
10:18:43.0 (5728188)|VARIABLE_SCOPE_BEGIN|[5]|before|String|false|false
10:18:43.0 (5758412)|VARIABLE_ASSIGNMENT|[5]|before|null
10:18:43.0 (5768335)|HEAP_ALLOCATE|[6]|Bytes:5
10:18:43.0 (5771131)|STATEMENT_EXECUTE|[5]
10:18:43.0 (5772547)|STATEMENT_EXECUTE|[6]
10:18:43.0 (5798502)|VARIABLE_SCOPE_BEGIN|[6]|req|System.HttpRequest|true|false
10:18:43.0 (6049303)|VARIABLE_ASSIGNMENT|[6]|req|"System.HttpRequest[Endpoint=null, Method=null]"|0x62745126
10:18:43.0 (6058270)|STATEMENT_EXECUTE|[7]
10:18:43.0 (6063518)|HEAP_ALLOCATE|[7]|Bytes:3
10:18:43.0 (6135347)|STATEMENT_EXECUTE|[8]
10:18:43.0 (6137309)|HEAP_ALLOCATE|[8]|Bytes:13
10:18:43.0 (6139837)|HEAP_ALLOCATE|[8]|Bytes:7
10:18:43.0 (6184032)|HEAP_ALLOCATE|[8]|Bytes:105
10:18:43.0 (6195007)|SYSTEM_METHOD_ENTRY|[1]|UserInfo.UserInfo()
10:18:43.0 (6197343)|STATEMENT_EXECUTE|[1]
10:18:43.0 (6203769)|SYSTEM_METHOD_EXIT|[1]|UserInfo
10:18:43.0 (6234522)|METHOD_ENTRY|[8]||System.UserInfo.getSessionId()
10:18:43.0 (18567613)|METHOD_EXIT|[8]||System.UserInfo.getSessionId()
10:18:43.0 (18616186)|HEAP_ALLOCATE|[8]|Bytes:119
10:18:43.0 (18680918)|STATEMENT_EXECUTE|[10]
10:18:43.0 (18744394)|HEAP_ALLOCATE|[10]|Bytes:67
10:18:43.0 (18766701)|SYSTEM_METHOD_ENTRY|[1]|Url.Url()
10:18:43.0 (18769453)|STATEMENT_EXECUTE|[1]
10:18:43.0 (18778059)|SYSTEM_METHOD_EXIT|[1]|Url
10:18:43.0 (18788900)|METHOD_ENTRY|[10]||System.Url.getOrgDomainUrl()
10:18:43.0 (19095597)|METHOD_EXIT|[10]||System.Url.getOrgDomainUrl()
10:18:43.0 (19113169)|METHOD_ENTRY|[10]||System.Url.toExternalForm()
10:18:43.0 (19147269)|METHOD_EXIT|[10]||System.Url.toExternalForm()
10:18:43.0 (19151143)|VARIABLE_SCOPE_BEGIN|[10]|domainPath|String|false|false
10:18:43.0 (19171758)|VARIABLE_ASSIGNMENT|[10]|domainPath|"https://hurex--dev1. (25 more) ..."
10:18:43.0 (19175309)|STATEMENT_EXECUTE|[11]
10:18:43.0 (19178964)|HEAP_ALLOCATE|[11]|Bytes:50
10:18:43.0 (19185383)|HEAP_ALLOCATE|[11]|Bytes:95
10:18:43.0 (19187759)|VARIABLE_SCOPE_BEGIN|[11]|endpoint|String|false|false
10:18:43.0 (19192806)|VARIABLE_ASSIGNMENT|[11]|endpoint|"https://hurex--dev1. (75 more) ..."
10:18:43.0 (19239773)|STATEMENT_EXECUTE|[13]
10:18:43.0 (19241004)|STATEMENT_EXECUTE|[16]
10:18:43.0 (19267509)|STATEMENT_EXECUTE|[18]
10:18:43.0 (19301581)|VARIABLE_SCOPE_BEGIN|[18]|http|System.Http|true|false
10:18:43.0 (19469074)|VARIABLE_ASSIGNMENT|[18]|http|"System.Http[]"|0x5669e397
10:18:43.0 (19474457)|STATEMENT_EXECUTE|[19]
10:18:43.0 (19566988)|CALLOUT_REQUEST|[19]|System.HttpRequest[Endpoint=https://hurex--dev1.sandbox.my.salesforce.com/services/data/v56.0/connect/notifications?size=20, Method=GET]
10:18:43.0 (216358221)|HEAP_ALLOCATE|[EXTERNAL]|Bytes:871
10:18:43.0 (218559628)|CALLOUT_RESPONSE|[19]|System.HttpResponse[Status=OK, StatusCode=200]
10:18:43.0 (218586748)|HEAP_ALLOCATE|[19]|Bytes:26
10:18:43.0 (218615857)|VARIABLE_SCOPE_BEGIN|[19]|res|System.HttpResponse|true|false
10:18:43.0 (218686654)|VARIABLE_ASSIGNMENT|[19]|res|"System.HttpResponse[Status=OK, StatusCode=200]"|0xc4e28d
10:18:43.0 (218744729)|STATEMENT_EXECUTE|[21]
10:18:43.0 (218745817)|STATEMENT_EXECUTE|[22]
10:18:43.0 (218764218)|HEAP_ALLOCATE|[22]|Bytes:20
10:18:43.218 (218824851)|CUMULATIVE_LIMIT_USAGE
10:18:43.218 (218824851)|LIMIT_USAGE_FOR_NS|(default)|
  Number of SOQL queries: 0 out of 100
  Number of query rows: 0 out of 50000
  Number of SOSL queries: 0 out of 20
  Number of DML statements: 0 out of 150
  Number of Publish Immediate DML: 0 out of 150
  Number of DML rows: 0 out of 10000
  Maximum CPU time: 0 out of 10000
  Maximum heap size: 0 out of 6000000
  Number of callouts: 1 out of 100
  Number of Email Invocations: 0 out of 10
  Number of future calls: 0 out of 50
  Number of queueable jobs added to the queue: 0 out of 50
  Number of Mobile Apex push calls: 0 out of 10

10:18:43.218 (218824851)|CUMULATIVE_LIMIT_USAGE_END

10:18:43.0 (218917151)|CODE_UNIT_FINISHED|CustomNotificationController.getNotifications(String)
10:18:43.0 (219083902)|CODE_UNIT_FINISHED|apex://CustomNotificationController/ACTION$getNotifications
10:18:43.0 (219093191)|EXECUTION_FINISHED
