66.0 APEX_CODE,FINEST;APEX_PROFILING,INFO;CALLOUT,INFO;DATA_ACCESS,INFO;DB,INFO;NBA,INFO;SYSTEM,DEBUG;VALIDATION,INFO;VISUALFORCE,INFO;WAVE,INFO;WORKFLOW,INFO
10:56:33.2 (2053386)|USER_INFO|[EXTERNAL]|005BK00000Ilvi1|foryoze@owleyes.ch.hurex|(GMT+09:00) 日本標準時 (Asia/Tokyo)|GMT+09:00
10:56:33.2 (2128293)|EXECUTION_STARTED
10:56:33.2 (2140938)|CODE_UNIT_STARTED|[EXTERNAL]|apex://JobSearchController/ACTION$getPreferences
10:56:33.2 (2942099)|CODE_UNIT_STARTED|[EXTERNAL]|01pBK000001SmE1|JobSearchController.getPreferences()
10:56:33.2 (19976651)|HEAP_ALLOCATE|[95]|Bytes:3
10:56:33.2 (20087147)|HEAP_ALLOCATE|[100]|Bytes:152
10:56:33.2 (20102431)|HEAP_ALLOCATE|[417]|Bytes:408
10:56:33.2 (20114846)|HEAP_ALLOCATE|[430]|Bytes:408
10:56:33.2 (20135670)|HEAP_ALLOCATE|[317]|Bytes:6
10:56:33.2 (20146474)|HEAP_ALLOCATE|[EXTERNAL]|Bytes:10
10:56:33.2 (20149966)|HEAP_ALLOCATE|[EXTERNAL]|Bytes:46
10:56:33.2 (20160640)|METHOD_ENTRY|[5]|01pBK000001SmE1|JobSearchController.JobSearchController()
10:56:33.2 (20166273)|STATEMENT_EXECUTE|[5]
10:56:33.2 (20172172)|STATEMENT_EXECUTE|[5]
10:56:33.2 (20191800)|HEAP_ALLOCATE|[68]|Bytes:5
10:56:33.2 (20213759)|HEAP_ALLOCATE|[74]|Bytes:5
10:56:33.2 (20234257)|HEAP_ALLOCATE|[82]|Bytes:7
10:56:33.2 (20423601)|HEAP_ALLOCATE|[EXTERNAL]|Bytes:5
10:56:33.2 (20430730)|STATEMENT_EXECUTE|[7]
10:56:33.2 (20443954)|METHOD_EXIT|[5]|JobSearchController
10:56:33.2 (20458706)|HEAP_ALLOCATE|[261]|Bytes:5
10:56:33.2 (20461571)|STATEMENT_EXECUTE|[260]
10:56:33.2 (20462814)|STATEMENT_EXECUTE|[261]
10:56:33.2 (20463585)|STATEMENT_EXECUTE|[261]
10:56:33.2 (20464551)|STATEMENT_EXECUTE|[262]
10:56:33.2 (20505013)|HEAP_ALLOCATE|[262]|Bytes:105
10:56:33.2 (20510549)|SYSTEM_METHOD_ENTRY|[1]|UserInfo.UserInfo()
10:56:33.2 (20512846)|STATEMENT_EXECUTE|[1]
10:56:33.2 (20518789)|SYSTEM_METHOD_EXIT|[1]|UserInfo
10:56:33.2 (20530103)|METHOD_ENTRY|[262]||System.UserInfo.getUserId()
10:56:33.2 (22978400)|METHOD_EXIT|[262]||System.UserInfo.getUserId()
10:56:33.2 (23021775)|HEAP_ALLOCATE|[262]|Bytes:4
10:56:33.2 (23034279)|VARIABLE_SCOPE_BEGIN|[262]|userId|Id|false|false
10:56:33.2 (23318015)|VARIABLE_ASSIGNMENT|[262]|userId|"005BK00000Ilvi1YAB"
10:56:33.2 (23325507)|STATEMENT_EXECUTE|[263]
10:56:33.2 (23329505)|HEAP_ALLOCATE|[263]|Bytes:62
10:56:33.2 (23349769)|HEAP_ALLOCATE|[263]|Bytes:4
10:56:33.2 (23362352)|HEAP_ALLOCATE|[263]|Bytes:7
10:56:33.2 (29859956)|SOQL_EXECUTE_BEGIN|[263]|Aggregations:0|SELECT Contact.AccountId FROM User WHERE Id = :tmpVar1 LIMIT 1
10:56:33.2 (85910510)|SOQL_EXECUTE_END|[263]|Rows:1
10:56:33.2 (85967490)|HEAP_ALLOCATE|[263]|Bytes:8
10:56:33.2 (85995277)|HEAP_ALLOCATE|[263]|Bytes:130
10:56:33.2 (86194964)|HEAP_ALLOCATE|[263]|Bytes:8
10:56:33.2 (86223541)|HEAP_ALLOCATE|[263]|Bytes:30
10:56:33.2 (86309798)|HEAP_ALLOCATE|[263]|Bytes:16
10:56:33.2 (86323517)|VARIABLE_SCOPE_BEGIN|[263]|u|User|true|false
10:56:33.2 (105942561)|VARIABLE_ASSIGNMENT|[263]|u|{"ContactId":"003BK00000ZKsGDYA1","Id":"005BK00000Ilvi1YAB","Contact":{"AccountId":"001BK00000ga0kTYAQ","Id":"003BK00000ZKsGDYA1"}}|0x3993216
10:56:33.2 (106066790)|STATEMENT_EXECUTE|[265]
10:56:33.2 (106070940)|STATEMENT_EXECUTE|[269]
10:56:33.2 (106079974)|HEAP_ALLOCATE|[269]|Bytes:197
10:56:33.2 (106109499)|HEAP_ALLOCATE|[269]|Bytes:4
10:56:33.2 (110862797)|SOQL_EXECUTE_BEGIN|[269]|Aggregations:0|SELECT PreferredWorkLocation1__c, PreferredWorkLocation2__c, PreferredWorkLocation3__c, PreferredSalary__c, PreferredOccupations__c, IsWillingToRelocate__pc FROM Account WHERE Id = :tmpVar1 LIMIT 1
10:56:33.2 (169797672)|SOQL_EXECUTE_END|[269]|Rows:1
10:56:33.2 (169841027)|HEAP_ALLOCATE|[269]|Bytes:8
10:56:33.2 (169862008)|HEAP_ALLOCATE|[269]|Bytes:237
10:56:33.2 (169989019)|HEAP_ALLOCATE|[269]|Bytes:8
10:56:33.2 (170011926)|HEAP_ALLOCATE|[269]|Bytes:33
10:56:33.2 (170080009)|HEAP_ALLOCATE|[269]|Bytes:32
10:56:33.2 (170087358)|VARIABLE_SCOPE_BEGIN|[269]|acc|Account|true|false
10:56:33.2 (170182804)|VARIABLE_ASSIGNMENT|[269]|acc|{"PreferredWorkLocation3__c":"埼玉県","PreferredSalary__c":"301万円～400万円","IsWillingToRelocate__pc":"不可;可（単身）;可（家族同伴）;条件付 (2 more) ...","Id":"001BK00000ga0kTYAQ","PreferredWorkLocation1__c":"北海道","PreferredOccupations__c":"営業系","PreferredWorkLocation2__c":"秋田県"}|0x402f5d21
10:56:33.2 (170193914)|STATEMENT_EXECUTE|[273]
10:56:33.2 (170207014)|HEAP_ALLOCATE|[273]|Bytes:4
10:56:33.2 (170217500)|VARIABLE_SCOPE_BEGIN|[273]|prefs|Map<String,ANY>|true|false
10:56:33.2 (170231344)|VARIABLE_ASSIGNMENT|[273]|prefs|{}|0x3e9d355a
10:56:33.2 (170234400)|STATEMENT_EXECUTE|[274]
10:56:33.2 (170236684)|HEAP_ALLOCATE|[274]|Bytes:5
10:56:33.2 (170369067)|HEAP_ALLOCATE|[EXTERNAL]|Bytes:-4
10:56:33.2 (170378216)|STATEMENT_EXECUTE|[275]
10:56:33.2 (170379843)|HEAP_ALLOCATE|[275]|Bytes:5
10:56:33.2 (170416736)|HEAP_ALLOCATE|[EXTERNAL]|Bytes:-4
10:56:33.2 (170420425)|STATEMENT_EXECUTE|[276]
10:56:33.2 (170421783)|HEAP_ALLOCATE|[276]|Bytes:5
10:56:33.2 (170436490)|HEAP_ALLOCATE|[EXTERNAL]|Bytes:-4
10:56:33.2 (170439430)|STATEMENT_EXECUTE|[277]
10:56:33.2 (170440955)|HEAP_ALLOCATE|[277]|Bytes:9
10:56:33.2 (170453435)|HEAP_ALLOCATE|[EXTERNAL]|Bytes:-4
10:56:33.2 (170456270)|STATEMENT_EXECUTE|[280]
10:56:33.2 (170457859)|HEAP_ALLOCATE|[280]|Bytes:10
10:56:33.2 (170505967)|HEAP_ALLOCATE|[280]|Bytes:1
10:56:33.2 (170527288)|HEAP_ALLOCATE|[280]|Bytes:3
10:56:33.2 (170530329)|HEAP_ALLOCATE|[280]|Bytes:8
10:56:33.2 (170562979)|HEAP_ALLOCATE|[EXTERNAL]|Bytes:8
10:56:33.2 (170565607)|HEAP_ALLOCATE|[EXTERNAL]|Bytes:-4
10:56:33.2 (170569007)|STATEMENT_EXECUTE|[281]
10:56:33.2 (170570533)|HEAP_ALLOCATE|[281]|Bytes:8
10:56:33.2 (170596927)|HEAP_ALLOCATE|[281]|Bytes:2
10:56:33.2 (170599018)|HEAP_ALLOCATE|[281]|Bytes:5
10:56:33.2 (170600565)|HEAP_ALLOCATE|[281]|Bytes:7
10:56:33.2 (170602355)|HEAP_ALLOCATE|[281]|Bytes:5
10:56:33.2 (170604174)|HEAP_ALLOCATE|[281]|Bytes:20
10:56:33.2 (170631155)|HEAP_ALLOCATE|[EXTERNAL]|Bytes:20
10:56:33.2 (170633260)|HEAP_ALLOCATE|[EXTERNAL]|Bytes:-4
10:56:33.2 (170636689)|STATEMENT_EXECUTE|[283]
10:56:33.170 (170703567)|CUMULATIVE_LIMIT_USAGE
10:56:33.170 (170703567)|LIMIT_USAGE_FOR_NS|(default)|
  Number of SOQL queries: 2 out of 100
  Number of query rows: 2 out of 50000
  Number of SOSL queries: 0 out of 20
  Number of DML statements: 0 out of 150
  Number of Publish Immediate DML: 0 out of 150
  Number of DML rows: 0 out of 10000
  Maximum CPU time: 0 out of 10000
  Maximum heap size: 0 out of 6000000
  Number of callouts: 0 out of 100
  Number of Email Invocations: 0 out of 10
  Number of future calls: 0 out of 50
  Number of queueable jobs added to the queue: 0 out of 50
  Number of Mobile Apex push calls: 0 out of 10

10:56:33.170 (170703567)|CUMULATIVE_LIMIT_USAGE_END

10:56:33.2 (170759543)|CODE_UNIT_FINISHED|JobSearchController.getPreferences()
10:56:33.2 (170948257)|CODE_UNIT_FINISHED|apex://JobSearchController/ACTION$getPreferences
10:56:33.2 (170954080)|EXECUTION_FINISHED
