66.0 APEX_CODE,FINEST;APEX_PROFILING,INFO;CALLOUT,INFO;DATA_ACCESS,INFO;DB,INFO;NBA,INFO;SYSTEM,DEBUG;VALIDATION,INFO;VISUALFORCE,INFO;WAVE,INFO;WORKFLOW,INFO
17:19:44.1 (1671002)|EXECUTION_STARTED
17:19:44.1 (1712845)|CODE_UNIT_STARTED|[EXTERNAL]|VisualForce View State
17:19:44.1 (7720297)|CODE_UNIT_FINISHED|VisualForce View State
17:19:44.1 (7738122)|EXECUTION_FINISHED
17:19:44.292 (292235574)|VF_PAGE_MESSAGE|コンパイルエラー: 行 180、列 41 でMissing closing quote character ' on string.
17:19:44.292 (328316677)|VF_SERIALIZE_VIEWSTATE_BEGIN|
17:19:44.292 (332044820)|VF_SERIALIZE_VIEWSTATE_END
17:19:44.340 (340136705)|CUMULATIVE_LIMIT_USAGE
17:19:44.340 (340136705)|LIMIT_USAGE_FOR_NS|(default)|
  Number of SOQL queries: 0 out of 100
  Number of query rows: 0 out of 50000
  Number of SOSL queries: 0 out of 20
  Number of DML statements: 0 out of 150
  Number of Publish Immediate DML: 0 out of 150
  Number of DML rows: 0 out of 10000
  Maximum CPU time: 0 out of 10000
  Maximum heap size: 0 out of 6000000
  Number of callouts: 0 out of 100
  Number of Email Invocations: 0 out of 10
  Number of future calls: 0 out of 50
  Number of queueable jobs added to the queue: 0 out of 50
  Number of Mobile Apex push calls: 0 out of 10

17:19:44.340 (340136705)|CUMULATIVE_LIMIT_USAGE_END

