66.0 APEX_CODE,FINEST;APEX_PROFILING,INFO;CALLOUT,INFO;DATA_ACCESS,INFO;DB,INFO;NBA,INFO;SYSTEM,DEBUG;VALIDATION,INFO;VISUALFORCE,INFO;WAVE,INFO;WORKFLOW,INFO
17:22:52.1 (1653843)|USER_INFO|[EXTERNAL]|0057F0000042UBb|ishibashi@hurex.co.jp.dev1|(GMT+09:00) 日本標準時 (Asia/Tokyo)|GMT+09:00
17:22:52.1 (1729065)|EXECUTION_STARTED
17:22:52.1 (1758040)|CODE_UNIT_STARTED|[EXTERNAL]|01pBK000001lCjV|PORTERS_BATCH_CandiData
17:22:52.1 (4405705)|HEAP_ALLOCATE|[95]|Bytes:3
17:22:52.1 (4527233)|HEAP_ALLOCATE|[100]|Bytes:152
17:22:52.1 (4546832)|HEAP_ALLOCATE|[417]|Bytes:408
17:22:52.1 (4563374)|HEAP_ALLOCATE|[430]|Bytes:408
17:22:52.1 (4585640)|HEAP_ALLOCATE|[317]|Bytes:6
17:22:52.1 (4909075)|VARIABLE_SCOPE_BEGIN|[7]|PORTERS_BATCH_CandiData.FIELDS|String|false|true
17:22:52.1 (6632156)|HEAP_ALLOCATE|[EXTERNAL]|Bytes:80
17:22:52.1 (48208452)|HEAP_ALLOCATE|[EXTERNAL]|Bytes:11
17:22:52.1 (48266391)|SYSTEM_METHOD_ENTRY|[15]|BatchableContextImpl.BatchableContextImpl()
17:22:52.1 (48276214)|STATEMENT_EXECUTE|[15]
17:22:52.1 (48301322)|SYSTEM_METHOD_EXIT|[15]|BatchableContextImpl
17:22:52.1 (48310627)|HEAP_ALLOCATE|[EXTERNAL]|Bytes:12
17:22:52.1 (48315298)|HEAP_ALLOCATE|[EXTERNAL]|Bytes:4
17:22:52.1 (48331040)|VARIABLE_SCOPE_BEGIN|[31]|this|Database.BatchableContextImpl|true|false
17:22:52.1 (48433214)|VARIABLE_ASSIGNMENT|[31]|this|{}|0x25ffe8cc
17:22:52.1 (48437589)|VARIABLE_SCOPE_BEGIN|[31]|jobId|Id|false|false
17:22:52.1 (48537891)|VARIABLE_ASSIGNMENT|[31]|jobId|"707BK00000xTCliYAG"
17:22:52.1 (48542026)|VARIABLE_SCOPE_BEGIN|[31]|childJobId|Id|false|false
17:22:52.1 (48546797)|VARIABLE_ASSIGNMENT|[31]|childJobId|null
17:22:52.1 (51616051)|HEAP_ALLOCATE|[EXTERNAL]|Bytes:65
17:22:52.1 (51641716)|HEAP_ALLOCATE|[EXTERNAL]|Bytes:10
17:22:52.1 (51645565)|HEAP_ALLOCATE|[EXTERNAL]|Bytes:181
17:22:52.1 (51745994)|VARIABLE_ASSIGNMENT|[EXTERNAL]|PORTERS_BATCH_CandiData.FIELDS|"Person.P_Id,Person.P (161 more) ..."
17:22:52.1 (51767122)|METHOD_ENTRY|[1]|01pBK000001lCjV|PORTERS_BATCH_CandiData.PORTERS_BATCH_CandiData()
17:22:52.1 (51783658)|STATEMENT_EXECUTE|[1]
17:22:52.1 (51789669)|STATEMENT_EXECUTE|[1]
17:22:52.1 (51796589)|METHOD_EXIT|[1]|PORTERS_BATCH_CandiData
17:22:52.1 (51803162)|HEAP_ALLOCATE|[EXTERNAL]|Bytes:16
17:22:52.1 (51807169)|HEAP_ALLOCATE|[EXTERNAL]|Bytes:12
17:22:52.1 (51816423)|VARIABLE_SCOPE_BEGIN|[13]|this|PORTERS_BATCH_CandiData|true|false
17:22:52.1 (51903243)|VARIABLE_ASSIGNMENT|[13]|this|{"lastSyncTime":"2026-04-07T06:02:35.000Z","pageSize":200}|0x41983889
17:22:52.1 (51908233)|VARIABLE_SCOPE_BEGIN|[13]|bc|Database.BatchableContext|true|false
17:22:52.1 (51973207)|VARIABLE_ASSIGNMENT|[13]|bc|{"jobId":"707BK00000xTCliYAG"}|0x25ffe8cc
17:22:52.1 (51983508)|STATEMENT_EXECUTE|[13]
17:22:52.1 (51984850)|STATEMENT_EXECUTE|[15]
17:22:52.1 (123369365)|VARIABLE_SCOPE_BEGIN|[5]|PORTERS_API_GetCandiData.BASE_URL|String|false|true
17:22:52.1 (123388535)|VARIABLE_SCOPE_BEGIN|[3]|PORTERS_API_GetCandiData.CLIENT_ID|String|false|true
17:22:52.1 (123393120)|VARIABLE_SCOPE_BEGIN|[4]|PORTERS_API_GetCandiData.DEFAULT_TOKEN_EXPIRES_SEC|Integer|false|true
17:22:52.1 (123396915)|VARIABLE_SCOPE_BEGIN|[2]|PORTERS_API_GetCandiData.TOKEN_ENDPOINT|String|false|true
17:22:52.1 (123420659)|HEAP_ALLOCATE|[16]|Bytes:16
17:22:52.1 (123428435)|HEAP_ALLOCATE|[16]|Bytes:18
17:22:52.1 (123430371)|HEAP_ALLOCATE|[16]|Bytes:36
17:22:52.1 (123454578)|VARIABLE_ASSIGNMENT|[16]|PORTERS_API_GetCandiData.BASE_URL|"https://api-hrbc-jp. (16 more) ..."
17:22:52.1 (123457553)|HEAP_ALLOCATE|[16]|Bytes:32
17:22:52.1 (123461565)|VARIABLE_ASSIGNMENT|[16]|PORTERS_API_GetCandiData.CLIENT_ID|"a8678131f29ea6faf1ca (12 more) ..."
17:22:52.1 (123464654)|HEAP_ALLOCATE|[16]|Bytes:45
17:22:52.1 (123468590)|VARIABLE_ASSIGNMENT|[16]|PORTERS_API_GetCandiData.TOKEN_ENDPOINT|"https://api-hrbc-jp. (25 more) ..."
17:22:52.1 (123498619)|METHOD_ENTRY|[1]|01pBK000001l9ei|PORTERS_API_GetCandiData.PORTERS_API_GetCandiData()
17:22:52.1 (123503735)|STATEMENT_EXECUTE|[1]
17:22:52.1 (123507634)|STATEMENT_EXECUTE|[1]
17:22:52.1 (123508715)|STATEMENT_EXECUTE|[4]
17:22:52.1 (123516135)|HEAP_ALLOCATE|[4]|Bytes:4
17:22:52.1 (123525356)|VARIABLE_ASSIGNMENT|[4]|PORTERS_API_GetCandiData.DEFAULT_TOKEN_EXPIRES_SEC|1800
17:22:52.1 (123527574)|STATEMENT_EXECUTE|[200]
17:22:52.1 (123534707)|METHOD_EXIT|[1]|PORTERS_API_GetCandiData
17:22:52.1 (123581498)|METHOD_ENTRY|[16]|01pBK000001l9ei|PORTERS_API_GetCandiData.getCandiData(String, Datetime, Integer)
17:22:52.1 (136318153)|VARIABLE_SCOPE_BEGIN|[7]|fields|String|false|false
17:22:52.1 (136353957)|VARIABLE_ASSIGNMENT|[7]|fields|"Person.P_Id,Person.P (161 more) ..."
17:22:52.1 (136373228)|VARIABLE_SCOPE_BEGIN|[7]|lastSyncTime|Datetime|false|false
17:22:52.1 (136392103)|VARIABLE_ASSIGNMENT|[7]|lastSyncTime|"2026-04-07T06:02:35.000Z"
17:22:52.1 (136396580)|VARIABLE_SCOPE_BEGIN|[7]|start|Integer|false|false
17:22:52.1 (136403308)|VARIABLE_ASSIGNMENT|[7]|start|0
17:22:52.1 (136411664)|STATEMENT_EXECUTE|[7]
17:22:52.1 (136412888)|STATEMENT_EXECUTE|[8]
17:22:52.1 (136421175)|VARIABLE_SCOPE_BEGIN|[8]|condition|String|false|false
17:22:52.1 (136427807)|VARIABLE_ASSIGNMENT|[8]|condition|""
17:22:52.1 (136430686)|STATEMENT_EXECUTE|[9]
17:22:52.1 (136431479)|STATEMENT_EXECUTE|[10]
17:22:52.1 (136434999)|HEAP_ALLOCATE|[10]|Bytes:19
17:22:52.1 (136544870)|HEAP_ALLOCATE|[10]|Bytes:19
17:22:52.1 (136560636)|VARIABLE_SCOPE_BEGIN|[10]|timeStr|String|false|false
17:22:52.1 (136566535)|VARIABLE_ASSIGNMENT|[10]|timeStr|"2026/04/07 15:02:35"
17:22:52.1 (136569086)|STATEMENT_EXECUTE|[11]
17:22:52.1 (136570431)|HEAP_ALLOCATE|[11]|Bytes:23
17:22:52.1 (136581242)|HEAP_ALLOCATE|[11]|Bytes:42
17:22:52.1 (136585442)|VARIABLE_ASSIGNMENT|[11]|condition|"Person.P_UpdateDate: (22 more) ..."
17:22:52.1 (136588000)|STATEMENT_EXECUTE|[13]
17:22:52.1 (136608567)|HEAP_ALLOCATE|[13]|Bytes:4
17:22:52.1 (136619316)|HEAP_ALLOCATE|[14]|Bytes:9
17:22:52.1 (136650600)|HEAP_ALLOCATE|[14]|Bytes:4
17:22:52.1 (136717349)|HEAP_ALLOCATE|[15]|Bytes:5
17:22:52.1 (136730385)|HEAP_ALLOCATE|[15]|Bytes:3
17:22:52.1 (136741736)|HEAP_ALLOCATE|[16]|Bytes:5
17:22:52.1 (136751515)|HEAP_ALLOCATE|[16]|Bytes:1
17:22:52.1 (136762471)|HEAP_ALLOCATE|[17]|Bytes:5
17:22:52.1 (136767645)|HEAP_ALLOCATE|[18]|Bytes:9
17:22:52.1 (136769861)|HEAP_ALLOCATE|[18]|Bytes:8
17:22:52.1 (136774314)|VARIABLE_SCOPE_BEGIN|[13]|params|Map<String,String>|true|false
17:22:52.1 (136825417)|VARIABLE_ASSIGNMENT|[13]|params|{"partition":"2012","count":"200","start":"0","field":"Person.P_Id,Person.P (161 more) ...","itemstate":"existing"}|0x76ac5add
17:22:52.1 (136873671)|HEAP_ALLOCATE|[68]|Bytes:5
17:22:52.1 (136901014)|HEAP_ALLOCATE|[74]|Bytes:5
17:22:52.1 (136906313)|HEAP_ALLOCATE|[82]|Bytes:7
17:22:52.1 (136924385)|STATEMENT_EXECUTE|[20]
17:22:52.1 (136925378)|STATEMENT_EXECUTE|[21]
17:22:52.1 (136926956)|HEAP_ALLOCATE|[21]|Bytes:9
17:22:52.1 (136941661)|HEAP_ALLOCATE|[EXTERNAL]|Bytes:-4
17:22:52.1 (136947169)|STATEMENT_EXECUTE|[23]
17:22:52.1 (136952924)|HEAP_ALLOCATE|[23]|Bytes:14
17:22:52.1 (136962304)|METHOD_ENTRY|[23]|01pBK000001l9ei|PORTERS_API_GetCandiData.buildQueryString(Map<String,String>)
17:22:52.1 (136972889)|VARIABLE_SCOPE_BEGIN|[134]|params|Map<String,String>|true|false
17:22:52.1 (136984762)|VARIABLE_ASSIGNMENT|[134]|params|"Map of size 6 too large to display"|0x76ac5add
17:22:52.1 (136992161)|STATEMENT_EXECUTE|[134]
17:22:52.1 (136993497)|STATEMENT_EXECUTE|[135]
17:22:52.1 (137007396)|HEAP_ALLOCATE|[135]|Bytes:4
17:22:52.1 (137071405)|VARIABLE_SCOPE_BEGIN|[135]|pairs|List<String>|true|false
17:22:52.1 (137107380)|HEAP_ALLOCATE|[EXTERNAL]|Bytes:4
17:22:52.1 (137120839)|VARIABLE_ASSIGNMENT|[135]|pairs|[]|0x64b1ff4a
17:22:52.1 (137155261)|HEAP_ALLOCATE|[136]|Bytes:70
17:22:52.1 (137261017)|HEAP_ALLOCATE|[136]|Bytes:5
17:22:52.1 (137276028)|VARIABLE_SCOPE_BEGIN|[136]|key|String|false|false
17:22:52.1 (137281719)|VARIABLE_ASSIGNMENT|[136]|key|"partition"
17:22:52.1 (137284863)|STATEMENT_EXECUTE|[136]
17:22:52.1 (137285912)|STATEMENT_EXECUTE|[137]
17:22:52.1 (137298816)|VARIABLE_SCOPE_BEGIN|[137]|value|String|false|false
17:22:52.1 (137304135)|VARIABLE_ASSIGNMENT|[137]|value|"2012"
17:22:52.1 (137317643)|STATEMENT_EXECUTE|[138]
17:22:52.1 (137318719)|STATEMENT_EXECUTE|[139]
17:22:52.1 (137320328)|HEAP_ALLOCATE|[139]|Bytes:1
17:22:52.1 (137322945)|HEAP_ALLOCATE|[139]|Bytes:5
17:22:52.1 (137344633)|HEAP_ALLOCATE|[139]|Bytes:15
17:22:52.1 (137369347)|SYSTEM_METHOD_ENTRY|[1]|EncodingUtil.EncodingUtil()
17:22:52.1 (137373194)|STATEMENT_EXECUTE|[1]
17:22:52.1 (137382706)|SYSTEM_METHOD_EXIT|[1]|EncodingUtil
17:22:52.1 (137391391)|METHOD_ENTRY|[139]||System.EncodingUtil.urlEncode(String, String)
17:22:52.1 (137428384)|METHOD_EXIT|[139]||System.EncodingUtil.urlEncode(String, String)
17:22:52.1 (137434230)|HEAP_ALLOCATE|[139]|Bytes:14
17:22:52.1 (137444725)|HEAP_ALLOCATE|[EXTERNAL]|Bytes:4
17:22:52.1 (137503338)|HEAP_ALLOCATE|[136]|Bytes:5
17:22:52.1 (137511308)|VARIABLE_SCOPE_BEGIN|[136]|key|String|false|false
17:22:52.1 (137516795)|VARIABLE_ASSIGNMENT|[136]|key|"count"
17:22:52.1 (137519071)|STATEMENT_EXECUTE|[136]
17:22:52.1 (137519977)|STATEMENT_EXECUTE|[137]
17:22:52.1 (137524935)|VARIABLE_SCOPE_BEGIN|[137]|value|String|false|false
17:22:52.1 (137529028)|VARIABLE_ASSIGNMENT|[137]|value|"200"
17:22:52.1 (137538217)|STATEMENT_EXECUTE|[138]
17:22:52.1 (137539094)|STATEMENT_EXECUTE|[139]
17:22:52.1 (137541787)|METHOD_ENTRY|[139]||System.EncodingUtil.urlEncode(String, String)
17:22:52.1 (137554535)|METHOD_EXIT|[139]||System.EncodingUtil.urlEncode(String, String)
17:22:52.1 (137556904)|HEAP_ALLOCATE|[139]|Bytes:9
17:22:52.1 (137560647)|HEAP_ALLOCATE|[EXTERNAL]|Bytes:4
17:22:52.1 (137566059)|HEAP_ALLOCATE|[136]|Bytes:5
17:22:52.1 (137569894)|VARIABLE_SCOPE_BEGIN|[136]|key|String|false|false
17:22:52.1 (137574134)|VARIABLE_ASSIGNMENT|[136]|key|"start"
17:22:52.1 (137576098)|STATEMENT_EXECUTE|[136]
17:22:52.1 (137576875)|STATEMENT_EXECUTE|[137]
17:22:52.1 (137580597)|VARIABLE_SCOPE_BEGIN|[137]|value|String|false|false
17:22:52.1 (137584614)|VARIABLE_ASSIGNMENT|[137]|value|"0"
17:22:52.1 (137591416)|STATEMENT_EXECUTE|[138]
17:22:52.1 (137592245)|STATEMENT_EXECUTE|[139]
17:22:52.1 (137594000)|METHOD_ENTRY|[139]||System.EncodingUtil.urlEncode(String, String)
17:22:52.1 (137602981)|METHOD_EXIT|[139]||System.EncodingUtil.urlEncode(String, String)
17:22:52.1 (137604965)|HEAP_ALLOCATE|[139]|Bytes:7
17:22:52.1 (137607835)|HEAP_ALLOCATE|[EXTERNAL]|Bytes:4
17:22:52.1 (137612189)|HEAP_ALLOCATE|[136]|Bytes:5
17:22:52.1 (137615916)|VARIABLE_SCOPE_BEGIN|[136]|key|String|false|false
17:22:52.1 (137620080)|VARIABLE_ASSIGNMENT|[136]|key|"field"
17:22:52.1 (137621964)|STATEMENT_EXECUTE|[136]
17:22:52.1 (137622745)|STATEMENT_EXECUTE|[137]
17:22:52.1 (137626262)|VARIABLE_SCOPE_BEGIN|[137]|value|String|false|false
17:22:52.1 (137631565)|VARIABLE_ASSIGNMENT|[137]|value|"Person.P_Id,Person.P (161 more) ..."
17:22:52.1 (137637992)|STATEMENT_EXECUTE|[138]
17:22:52.1 (137638789)|STATEMENT_EXECUTE|[139]
17:22:52.1 (137640416)|METHOD_ENTRY|[139]||System.EncodingUtil.urlEncode(String, String)
17:22:52.1 (137658215)|METHOD_EXIT|[139]||System.EncodingUtil.urlEncode(String, String)
17:22:52.1 (137660406)|HEAP_ALLOCATE|[139]|Bytes:205
17:22:52.1 (137663333)|HEAP_ALLOCATE|[EXTERNAL]|Bytes:4
17:22:52.1 (137667851)|HEAP_ALLOCATE|[136]|Bytes:5
17:22:52.1 (137671548)|VARIABLE_SCOPE_BEGIN|[136]|key|String|false|false
17:22:52.1 (137675977)|VARIABLE_ASSIGNMENT|[136]|key|"itemstate"
17:22:52.1 (137677967)|STATEMENT_EXECUTE|[136]
17:22:52.1 (137678735)|STATEMENT_EXECUTE|[137]
17:22:52.1 (137682176)|VARIABLE_SCOPE_BEGIN|[137]|value|String|false|false
17:22:52.1 (137686002)|VARIABLE_ASSIGNMENT|[137]|value|"existing"
17:22:52.1 (137692336)|STATEMENT_EXECUTE|[138]
17:22:52.1 (137693166)|STATEMENT_EXECUTE|[139]
17:22:52.1 (137694701)|METHOD_ENTRY|[139]||System.EncodingUtil.urlEncode(String, String)
17:22:52.1 (137703343)|METHOD_EXIT|[139]||System.EncodingUtil.urlEncode(String, String)
17:22:52.1 (137705345)|HEAP_ALLOCATE|[139]|Bytes:18
17:22:52.1 (137708129)|HEAP_ALLOCATE|[EXTERNAL]|Bytes:4
17:22:52.1 (137712691)|HEAP_ALLOCATE|[136]|Bytes:5
17:22:52.1 (137716235)|VARIABLE_SCOPE_BEGIN|[136]|key|String|false|false
17:22:52.1 (137720296)|VARIABLE_ASSIGNMENT|[136]|key|"condition"
17:22:52.1 (137722315)|STATEMENT_EXECUTE|[136]
17:22:52.1 (137723091)|STATEMENT_EXECUTE|[137]
17:22:52.1 (137726673)|VARIABLE_SCOPE_BEGIN|[137]|value|String|false|false
17:22:52.1 (137731231)|VARIABLE_ASSIGNMENT|[137]|value|"Person.P_UpdateDate: (22 more) ..."
17:22:52.1 (137737480)|STATEMENT_EXECUTE|[138]
17:22:52.1 (137738370)|STATEMENT_EXECUTE|[139]
17:22:52.1 (137739866)|METHOD_ENTRY|[139]||System.EncodingUtil.urlEncode(String, String)
17:22:52.1 (137749360)|METHOD_EXIT|[139]||System.EncodingUtil.urlEncode(String, String)
17:22:52.1 (137751387)|HEAP_ALLOCATE|[139]|Bytes:64
17:22:52.1 (137754200)|HEAP_ALLOCATE|[EXTERNAL]|Bytes:4
17:22:52.1 (137758534)|HEAP_ALLOCATE|[136]|Bytes:5
17:22:52.1 (137764071)|VARIABLE_ASSIGNMENT|[136]|key|null
17:22:52.1 (137766708)|STATEMENT_EXECUTE|[142]
17:22:52.1 (137767893)|HEAP_ALLOCATE|[142]|Bytes:1
17:22:52.1 (137795447)|HEAP_ALLOCATE|[142]|Bytes:5
17:22:52.1 (137800153)|HEAP_ALLOCATE|[142]|Bytes:14
17:22:52.1 (137803110)|HEAP_ALLOCATE|[142]|Bytes:5
17:22:52.1 (137805338)|HEAP_ALLOCATE|[142]|Bytes:9
17:22:52.1 (137807571)|HEAP_ALLOCATE|[142]|Bytes:5
17:22:52.1 (137809550)|HEAP_ALLOCATE|[142]|Bytes:7
17:22:52.1 (137811779)|HEAP_ALLOCATE|[142]|Bytes:5
17:22:52.1 (137813774)|HEAP_ALLOCATE|[142]|Bytes:205
17:22:52.1 (137816132)|HEAP_ALLOCATE|[142]|Bytes:5
17:22:52.1 (137818347)|HEAP_ALLOCATE|[142]|Bytes:18
17:22:52.1 (137820486)|HEAP_ALLOCATE|[142]|Bytes:5
17:22:52.1 (137823090)|HEAP_ALLOCATE|[142]|Bytes:64
17:22:52.1 (137825272)|HEAP_ALLOCATE|[142]|Bytes:5
17:22:52.1 (137827414)|HEAP_ALLOCATE|[142]|Bytes:322
17:22:52.1 (137833377)|METHOD_EXIT|[23]|01pBK000001l9ei|PORTERS_API_GetCandiData.buildQueryString(Map<String,String>)
17:22:52.1 (137837314)|HEAP_ALLOCATE|[23]|Bytes:372
17:22:52.1 (137839350)|VARIABLE_SCOPE_BEGIN|[23]|endpoint|String|false|false
17:22:52.1 (137844919)|VARIABLE_ASSIGNMENT|[23]|endpoint|"https://api-hrbc-jp. (352 more) ..."
17:22:52.1 (137847139)|STATEMENT_EXECUTE|[24]
17:22:52.1 (137884460)|VARIABLE_SCOPE_BEGIN|[24]|req|System.HttpRequest|true|false
17:22:52.1 (137926544)|VARIABLE_ASSIGNMENT|[24]|req|"System.HttpRequest[Endpoint=null, Method=null]"|0x535012af
17:22:52.1 (137930021)|STATEMENT_EXECUTE|[25]
17:22:52.1 (137983436)|STATEMENT_EXECUTE|[26]
17:22:52.1 (137985468)|HEAP_ALLOCATE|[26]|Bytes:3
17:22:52.1 (137994933)|STATEMENT_EXECUTE|[27]
17:22:52.1 (153446445)|VARIABLE_SCOPE_BEGIN|[5]|PORTERSAuthHelper.CLIENT_ID|String|false|true
17:22:52.1 (153504534)|VARIABLE_SCOPE_BEGIN|[8]|PORTERSAuthHelper.DEFAULT_TOKEN_EXPIRES_SEC|Integer|false|true
17:22:52.1 (153517518)|VARIABLE_SCOPE_BEGIN|[3]|PORTERSAuthHelper.TOKEN_ENDPOINT|String|false|true
17:22:52.1 (153549083)|HEAP_ALLOCATE|[27]|Bytes:28
17:22:52.1 (153566906)|HEAP_ALLOCATE|[27]|Bytes:8
17:22:52.1 (153570003)|HEAP_ALLOCATE|[27]|Bytes:32
17:22:52.1 (153592953)|VARIABLE_ASSIGNMENT|[27]|PORTERSAuthHelper.CLIENT_ID|"a8678131f29ea6faf1ca (12 more) ..."
17:22:52.1 (153599224)|HEAP_ALLOCATE|[27]|Bytes:45
17:22:52.1 (153611673)|VARIABLE_ASSIGNMENT|[27]|PORTERSAuthHelper.TOKEN_ENDPOINT|"https://api-hrbc-jp. (25 more) ..."
17:22:52.1 (153648956)|METHOD_ENTRY|[1]|01pBK000001Z5HB|PORTERSAuthHelper.PORTERSAuthHelper()
17:22:52.1 (153663606)|STATEMENT_EXECUTE|[1]
17:22:52.1 (153669574)|STATEMENT_EXECUTE|[1]
17:22:52.1 (155981078)|SYSTEM_MODE_ENTER|false
17:22:52.1 (156012394)|HEAP_ALLOCATE|[8]|Bytes:5
17:22:52.1 (156026561)|STATEMENT_EXECUTE|[8]
17:22:52.1 (156038481)|HEAP_ALLOCATE|[8]|Bytes:4
17:22:52.1 (156080803)|VARIABLE_ASSIGNMENT|[8]|PORTERSAuthHelper.DEFAULT_TOKEN_EXPIRES_SEC|1800
17:22:52.1 (156086219)|STATEMENT_EXECUTE|[10]
17:22:52.1 (156088014)|STATEMENT_EXECUTE|[111]
17:22:52.1 (156101523)|SYSTEM_MODE_EXIT|false
17:22:52.1 (156123345)|METHOD_EXIT|[1]|PORTERSAuthHelper
17:22:52.1 (156160278)|METHOD_ENTRY|[27]|01pBK000001Z5HB|PORTERSAuthHelper.getAccessToken()
17:22:52.1 (156217870)|SYSTEM_MODE_ENTER|false
17:22:52.1 (156223683)|HEAP_ALLOCATE|[16]|Bytes:5
17:22:52.1 (156227990)|STATEMENT_EXECUTE|[15]
17:22:52.1 (156229649)|STATEMENT_EXECUTE|[16]
17:22:52.1 (156230899)|STATEMENT_EXECUTE|[16]
17:22:52.1 (156232177)|STATEMENT_EXECUTE|[18]
17:22:52.1 (156252276)|METHOD_ENTRY|[18]|01pBK000001Z5HB|PORTERSAuthHelper.getAuthorizationCode()
17:22:52.1 (156287345)|HEAP_ALLOCATE|[30]|Bytes:5
17:22:52.1 (156291273)|STATEMENT_EXECUTE|[29]
17:22:52.1 (156292759)|STATEMENT_EXECUTE|[30]
17:22:52.1 (156297663)|HEAP_ALLOCATE|[30]|Bytes:79
17:22:52.1 (156313698)|METHOD_ENTRY|[32]||System.EncodingUtil.urlEncode(String, String)
17:22:52.1 (156387472)|METHOD_EXIT|[32]||System.EncodingUtil.urlEncode(String, String)
17:22:52.1 (156392352)|HEAP_ALLOCATE|[33]|Bytes:7
17:22:52.1 (156396723)|HEAP_ALLOCATE|[33]|Bytes:48
17:22:52.1 (156402441)|METHOD_ENTRY|[33]||System.EncodingUtil.urlEncode(String, String)
17:22:52.1 (156426308)|METHOD_EXIT|[33]||System.EncodingUtil.urlEncode(String, String)
17:22:52.1 (156441790)|HEAP_ALLOCATE|[30]|Bytes:174
17:22:52.1 (156448119)|VARIABLE_SCOPE_BEGIN|[30]|endpoint|String|false|false
17:22:52.1 (156465845)|VARIABLE_ASSIGNMENT|[30]|endpoint|"https://api-hrbc-jp. (154 more) ..."
17:22:52.1 (156471361)|STATEMENT_EXECUTE|[35]
17:22:52.1 (156512683)|VARIABLE_SCOPE_BEGIN|[35]|req|System.HttpRequest|true|false
17:22:52.1 (156573551)|VARIABLE_ASSIGNMENT|[35]|req|"System.HttpRequest[Endpoint=null, Method=null]"|0x1804c1ca
17:22:52.1 (156579885)|STATEMENT_EXECUTE|[36]
17:22:52.1 (156667371)|STATEMENT_EXECUTE|[37]
17:22:52.1 (156683547)|STATEMENT_EXECUTE|[39]
17:22:52.1 (156841849)|CALLOUT_REQUEST|[39]|System.HttpRequest[Endpoint=https://api-hrbc-jp.porterscloud.com/v1/oauth?response_type=code_direct&app_id=a8678131f29ea6faf1caa908a0f51c38&scope=candidate_r%2Cresume_r%2Cuser_r%2Coption_r%2Cpartition_r, Method=GET]
17:22:52.1 (231347500)|HEAP_ALLOCATE|[EXTERNAL]|Bytes:348
17:22:52.1 (232395563)|CALLOUT_RESPONSE|[39]|System.HttpResponse[Status=OK, StatusCode=200]
17:22:52.1 (232418009)|HEAP_ALLOCATE|[39]|Bytes:181
17:22:52.1 (232445264)|VARIABLE_SCOPE_BEGIN|[39]|res|System.HttpResponse|true|false
17:22:52.1 (232487355)|VARIABLE_ASSIGNMENT|[39]|res|"System.HttpResponse[Status=OK, StatusCode=200]"|0x4ecd0e7a
17:22:52.1 (232543332)|STATEMENT_EXECUTE|[42]
17:22:52.1 (232545661)|STATEMENT_EXECUTE|[46]
17:22:52.1 (232560903)|VARIABLE_SCOPE_BEGIN|[46]|doc|dom.Document|true|false
17:22:52.1 (232575623)|VARIABLE_ASSIGNMENT|[46]|doc|"Document[]"|0x59cf649e
17:22:52.1 (232579138)|STATEMENT_EXECUTE|[47]
17:22:52.1 (232602848)|HEAP_ALLOCATE|[47]|Bytes:175
17:22:52.1 (232738427)|HEAP_ALLOCATE|[48]|Bytes:4
17:22:52.1 (232743830)|HEAP_ALLOCATE|[48]|Bytes:4
17:22:52.1 (232746151)|HEAP_ALLOCATE|[48]|Bytes:4
17:22:52.1 (232748501)|HEAP_ALLOCATE|[48]|Bytes:4
17:22:52.1 (232805522)|HEAP_ALLOCATE|[48]|Bytes:5
17:22:52.1 (232823057)|HEAP_ALLOCATE|[48]|Bytes:4
17:22:52.1 (232831187)|VARIABLE_SCOPE_BEGIN|[48]|child|dom.XmlNode|true|false
17:22:52.1 (232901650)|VARIABLE_ASSIGNMENT|[48]|child|"XMLNode[ELEMENT,Code,null,null,null,[XMLNode[TEXT,null,null,null,null,null,61b929674bf7c5c036a70884cbb3ca60,]],null,]"|0x678e0a7f
17:22:52.1 (232908190)|STATEMENT_EXECUTE|[48]
17:22:52.1 (232928750)|HEAP_ALLOCATE|[49]|Bytes:4
17:22:52.1 (232936180)|HEAP_ALLOCATE|[49]|Bytes:4
17:22:52.1 (232962191)|STATEMENT_EXECUTE|[49]
17:22:52.1 (232963660)|STATEMENT_EXECUTE|[50]
17:22:52.1 (232973975)|HEAP_ALLOCATE|[50]|Bytes:32
17:22:52.1 (232991807)|METHOD_EXIT|[18]|01pBK000001Z5HB|PORTERSAuthHelper.getAuthorizationCode()
17:22:52.1 (232998677)|VARIABLE_SCOPE_BEGIN|[18]|authCode|String|false|false
17:22:52.1 (233010347)|VARIABLE_ASSIGNMENT|[18]|authCode|"61b929674bf7c5c036a7 (12 more) ..."
17:22:52.1 (233014609)|STATEMENT_EXECUTE|[20]
17:22:52.1 (233028632)|METHOD_ENTRY|[20]|01pBK000001Z5HB|PORTERSAuthHelper.getAccessTokenFromCode(String)
17:22:52.1 (233333249)|VARIABLE_SCOPE_BEGIN|[56]|authCode|String|false|false
17:22:52.1 (233341589)|VARIABLE_ASSIGNMENT|[56]|authCode|"61b929674bf7c5c036a7 (12 more) ..."
17:22:52.1 (233351263)|HEAP_ALLOCATE|[57]|Bytes:5
17:22:52.1 (233353918)|STATEMENT_EXECUTE|[56]
17:22:52.1 (233354943)|STATEMENT_EXECUTE|[57]
17:22:52.1 (265363859)|VARIABLE_SCOPE_BEGIN|[2]|SecretUtil.FIXED_KEY_BASE64|String|false|true
17:22:52.1 (265425430)|VARIABLE_SCOPE_BEGIN|[3]|SecretUtil.cryptoKey|Blob|false|true
17:22:52.1 (265450053)|HEAP_ALLOCATE|[57]|Bytes:92
17:22:52.1 (265522667)|HEAP_ALLOCATE|[57]|Bytes:6
17:22:52.1 (265527310)|HEAP_ALLOCATE|[57]|Bytes:44
17:22:52.1 (265554053)|VARIABLE_ASSIGNMENT|[57]|SecretUtil.FIXED_KEY_BASE64|"mbTLdmVLN3dVjExO0zaB (24 more) ..."
17:22:52.1 (265591858)|METHOD_ENTRY|[1]|01pBK000001Z5HD|SecretUtil.SecretUtil()
17:22:52.1 (265599389)|STATEMENT_EXECUTE|[1]
17:22:52.1 (265604456)|STATEMENT_EXECUTE|[1]
17:22:52.1 (265614263)|SYSTEM_MODE_ENTER|true
17:22:52.1 (265625825)|HEAP_ALLOCATE|[57]|Bytes:5
17:22:52.1 (265632436)|SYSTEM_MODE_EXIT|true
17:22:52.1 (265664139)|METHOD_EXIT|[1]|SecretUtil
17:22:52.1 (265692105)|METHOD_ENTRY|[57]|01pBK000001Z5HD|SecretUtil.getDecryptedSecret()
17:22:52.1 (265737728)|SYSTEM_MODE_ENTER|true
17:22:52.1 (265742134)|HEAP_ALLOCATE|[19]|Bytes:5
17:22:52.1 (265748219)|STATEMENT_EXECUTE|[18]
17:22:52.1 (265812475)|HEAP_ALLOCATE|[19]|Bytes:118
17:22:52.1 (265841886)|SYSTEM_METHOD_ENTRY|[1]|Test.Test()
17:22:52.1 (265846077)|STATEMENT_EXECUTE|[1]
17:22:52.1 (265853971)|SYSTEM_METHOD_EXIT|[1]|Test
17:22:52.1 (265861305)|METHOD_ENTRY|[19]||System.Test.isRunningTest()
17:22:52.1 (265912085)|METHOD_EXIT|[19]||System.Test.isRunningTest()
17:22:52.1 (265917943)|STATEMENT_EXECUTE|[19]
17:22:52.1 (265919907)|STATEMENT_EXECUTE|[23]
17:22:52.1 (267784918)|HEAP_ALLOCATE|[23]|Bytes:72
17:22:52.1 (267861354)|VARIABLE_SCOPE_BEGIN|[23]|settings|PORTERS_Settings__c|true|false
17:22:52.1 (268175013)|VARIABLE_ASSIGNMENT|[23]|settings|{"LastModifiedDate":"2026-04-07T06:02:35.000Z","IsDeleted":false,"LastSyncTime__c":"2026-04-07T06:02:35.000Z","Client_Secret__c":"sPeXbzmOIRQwl4zKeRFR (108 more) ...","PARTITION_ID__c":2012.0,"API_Call_Count__c":2.0,"Token_Expires_At__c":"2026-02-04T05:41:00.000Z","SetupOwnerId":"00DBK000004uTTF2A2","Access_Token__c":"eba88d5229388a807c43 (12 more) ...","Name":"a0PBK000008oB5J","SystemModstamp":"2026-04-07T06:02:35.000Z","Is_Development_Mode__c":true,"CreatedById":"0057F0000042UBbQAM","CreatedDate":"2026-03-05T03:24:41.000Z","Last_Call_Timestamp__c":"2026-02-03T05:41:00.000Z","Id":"a0PBK000008oB5J2AU","LastModifiedById":"0057F0000042UBbQAM"}|0x5a347e12
17:22:52.1 (268287137)|STATEMENT_EXECUTE|[24]
17:22:52.1 (268290371)|STATEMENT_EXECUTE|[26]
17:22:52.1 (268312997)|METHOD_ENTRY|[26]||System.EncodingUtil.base64Decode(String)
17:22:52.1 (268415997)|METHOD_EXIT|[26]||System.EncodingUtil.base64Decode(String)
17:22:52.1 (268422027)|VARIABLE_SCOPE_BEGIN|[26]|encryptedBlob|Blob|false|false
17:22:52.1 (268468381)|VARIABLE_ASSIGNMENT|[26]|encryptedBlob|BLOB(96 bytes)
17:22:52.1 (268473411)|STATEMENT_EXECUTE|[27]
17:22:52.1 (268476634)|HEAP_ALLOCATE|[27]|Bytes:6
17:22:52.1 (268548559)|HEAP_ALLOCATE|[5]|Bytes:5
17:22:52.1 (268552693)|STATEMENT_EXECUTE|[4]
17:22:52.1 (268554505)|STATEMENT_EXECUTE|[5]
17:22:52.1 (268580366)|METHOD_ENTRY|[5]||System.EncodingUtil.base64Decode(String)
17:22:52.1 (268619329)|METHOD_EXIT|[5]||System.EncodingUtil.base64Decode(String)
17:22:52.1 (268699955)|HEAP_ALLOCATE|[27]|Bytes:55
17:22:52.1 (268717739)|SYSTEM_METHOD_ENTRY|[1]|Crypto.Crypto()
17:22:52.1 (268720960)|STATEMENT_EXECUTE|[1]
17:22:52.1 (268728658)|SYSTEM_METHOD_EXIT|[1]|Crypto
17:22:52.1 (268748845)|METHOD_ENTRY|[27]||System.Crypto.decryptWithManagedIV(String, Blob, Blob)
17:22:52.1 (269739260)|METHOD_EXIT|[27]||System.Crypto.decryptWithManagedIV(String, Blob, Blob)
17:22:52.1 (269755308)|VARIABLE_SCOPE_BEGIN|[27]|decryptedBlob|Blob|false|false
17:22:52.1 (269829543)|VARIABLE_ASSIGNMENT|[27]|decryptedBlob|BLOB(64 bytes)
17:22:52.1 (269835315)|STATEMENT_EXECUTE|[28]
17:22:52.1 (269901295)|HEAP_ALLOCATE|[28]|Bytes:64
17:22:52.1 (269914907)|SYSTEM_MODE_EXIT|true
17:22:52.1 (269925673)|METHOD_EXIT|[57]|01pBK000001Z5HD|SecretUtil.getDecryptedSecret()
17:22:52.1 (269930569)|VARIABLE_SCOPE_BEGIN|[57]|clientSecret|String|false|false
17:22:52.1 (269945147)|VARIABLE_ASSIGNMENT|[57]|clientSecret|"7986ef9caa80a97f988f (44 more) ..."
17:22:52.1 (269970873)|STATEMENT_EXECUTE|[58]
17:22:52.1 (269972678)|STATEMENT_EXECUTE|[62]
17:22:52.1 (269998198)|VARIABLE_SCOPE_BEGIN|[62]|req|System.HttpRequest|true|false
17:22:52.1 (270048614)|VARIABLE_ASSIGNMENT|[62]|req|"System.HttpRequest[Endpoint=null, Method=null]"|0x6334f59d
17:22:52.1 (270055057)|STATEMENT_EXECUTE|[63]
17:22:52.1 (270104975)|STATEMENT_EXECUTE|[64]
17:22:52.1 (270108131)|HEAP_ALLOCATE|[64]|Bytes:4
17:22:52.1 (270123041)|STATEMENT_EXECUTE|[65]
17:22:52.1 (270125098)|HEAP_ALLOCATE|[65]|Bytes:12
17:22:52.1 (270128938)|HEAP_ALLOCATE|[65]|Bytes:33
17:22:52.1 (270148822)|STATEMENT_EXECUTE|[67]
17:22:52.1 (270150911)|HEAP_ALLOCATE|[67]|Bytes:29
17:22:52.1 (270162607)|METHOD_ENTRY|[68]||System.EncodingUtil.urlEncode(String, String)
17:22:52.1 (270195681)|METHOD_EXIT|[68]||System.EncodingUtil.urlEncode(String, String)
17:22:52.1 (270199154)|HEAP_ALLOCATE|[69]|Bytes:8
17:22:52.1 (270203884)|METHOD_ENTRY|[69]||System.EncodingUtil.urlEncode(String, String)
17:22:52.1 (270266194)|METHOD_EXIT|[69]||System.EncodingUtil.urlEncode(String, String)
17:22:52.1 (270270388)|HEAP_ALLOCATE|[70]|Bytes:6
17:22:52.1 (270275804)|METHOD_ENTRY|[70]||System.EncodingUtil.urlEncode(String, String)
17:22:52.1 (270294720)|METHOD_EXIT|[70]||System.EncodingUtil.urlEncode(String, String)
17:22:52.1 (270305489)|HEAP_ALLOCATE|[67]|Bytes:171
17:22:52.1 (270351950)|STATEMENT_EXECUTE|[72]
17:22:52.1 (270424610)|CALLOUT_REQUEST|[72]|System.HttpRequest[Endpoint=https://api-hrbc-jp.porterscloud.com/v1/token, Method=POST]
17:22:52.1 (298657044)|HEAP_ALLOCATE|[EXTERNAL]|Bytes:529
17:22:52.1 (299315896)|CALLOUT_RESPONSE|[72]|System.HttpResponse[Status=OK, StatusCode=200]
17:22:52.1 (299344375)|HEAP_ALLOCATE|[72]|Bytes:362
17:22:52.1 (299369978)|VARIABLE_SCOPE_BEGIN|[72]|res|System.HttpResponse|true|false
17:22:52.1 (299409193)|VARIABLE_ASSIGNMENT|[72]|res|"System.HttpResponse[Status=OK, StatusCode=200]"|0x1cc07202
17:22:52.1 (299476685)|STATEMENT_EXECUTE|[75]
17:22:52.1 (299479349)|STATEMENT_EXECUTE|[79]
17:22:52.1 (299498866)|VARIABLE_SCOPE_BEGIN|[79]|doc|dom.Document|true|false
17:22:52.1 (299515375)|VARIABLE_ASSIGNMENT|[79]|doc|"Document[]"|0x64ae6afa
17:22:52.1 (299518614)|STATEMENT_EXECUTE|[80]
17:22:52.1 (299550525)|HEAP_ALLOCATE|[80]|Bytes:356
17:22:52.1 (299620224)|STATEMENT_EXECUTE|[81]
17:22:52.1 (299640596)|VARIABLE_SCOPE_BEGIN|[81]|root|dom.XmlNode|true|false
17:22:52.1 (299786318)|VARIABLE_ASSIGNMENT|[81]|root|"XMLNode[ELEMENT,Authentication,null,null,null,[XMLNode[ELEMENT,AccessToken,null,null,null,[XMLNode[TEXT,null,null,null,null,null,c3154117a0b3955c888291a68b9dde55,]],null,], XMLNode[ELEMENT,AccessTokenExpiresIn,null,null,null,[XMLNode[TEXT,null,null,null,null,null,1800000,]],null,], XMLNode[ELEMENT,RefreshToken,null,null,null,[XMLNode[TEXT,null,null,null,null,null,57bdea6cb2531c250983d78904b4fb62,]],null,], XMLNode[ELEMENT,RefreshTokenExpiresIn,null,null,null,[XMLNode[TEXT,null,null,null,null,null,7200000,]],null,], XMLNode[ELEMENT,Error,null,null,null,[XMLNode[TEXT,null,null,null,null,null,0,]],null,], XMLNode[ELEMENT,Message,null,null,null,[XMLNode[TEXT,null,null,null,null,null,Success,]],null,]],null,]"|0x32cf72fb
17:22:52.1 (299793925)|STATEMENT_EXECUTE|[83]
17:22:52.1 (299804097)|HEAP_ALLOCATE|[83]|Bytes:120
17:22:52.1 (299819372)|HEAP_ALLOCATE|[83]|Bytes:5
17:22:52.1 (299843271)|HEAP_ALLOCATE|[83]|Bytes:12
17:22:52.1 (299870784)|CONSTRUCTOR_ENTRY|[83]|01pBK000001Z5HB|<init>()|PORTERSAuthHelper.TokenResult
17:22:52.1 (299901663)|VARIABLE_SCOPE_BEGIN|[10]|this|PORTERSAuthHelper.TokenResult|true|false
17:22:52.1 (299941310)|VARIABLE_ASSIGNMENT|[10]|this|{}|0x6c936c35
17:22:52.1 (299965683)|STATEMENT_EXECUTE|[10]
17:22:52.1 (299966905)|STATEMENT_EXECUTE|[11]
17:22:52.1 (299967698)|STATEMENT_EXECUTE|[12]
17:22:52.1 (299971022)|CONSTRUCTOR_EXIT|[83]|01pBK000001Z5HB|<init>()|PORTERSAuthHelper.TokenResult
17:22:52.1 (299974713)|VARIABLE_SCOPE_BEGIN|[83]|result|PORTERSAuthHelper.TokenResult|true|false
17:22:52.1 (299981690)|VARIABLE_ASSIGNMENT|[83]|result|{}|0x6c936c35
17:22:52.1 (299984242)|STATEMENT_EXECUTE|[84]
17:22:52.1 (299985957)|VARIABLE_SCOPE_BEGIN|[84]|errorCode|String|false|false
17:22:52.1 (299992071)|VARIABLE_ASSIGNMENT|[84]|errorCode|null
17:22:52.1 (299994538)|STATEMENT_EXECUTE|[85]
17:22:52.1 (299995567)|VARIABLE_SCOPE_BEGIN|[85]|errorMessage|String|false|false
17:22:52.1 (299999691)|VARIABLE_ASSIGNMENT|[85]|errorMessage|null
17:22:52.1 (300044737)|HEAP_ALLOCATE|[87]|Bytes:4
17:22:52.1 (300048441)|HEAP_ALLOCATE|[87]|Bytes:4
17:22:52.1 (300049948)|HEAP_ALLOCATE|[87]|Bytes:4
17:22:52.1 (300051527)|HEAP_ALLOCATE|[87]|Bytes:4
17:22:52.1 (300052853)|HEAP_ALLOCATE|[87]|Bytes:4
17:22:52.1 (300054110)|HEAP_ALLOCATE|[87]|Bytes:4
17:22:52.1 (300055497)|HEAP_ALLOCATE|[87]|Bytes:4
17:22:52.1 (300097251)|HEAP_ALLOCATE|[87]|Bytes:5
17:22:52.1 (300109502)|HEAP_ALLOCATE|[87]|Bytes:11
17:22:52.1 (300115296)|VARIABLE_SCOPE_BEGIN|[87]|child|dom.XmlNode|true|false
17:22:52.1 (300135935)|VARIABLE_ASSIGNMENT|[87]|child|"XMLNode[ELEMENT,AccessToken,null,null,null,[XMLNode[TEXT,null,null,null,null,null,c3154117a0b3955c888291a68b9dde55,]],null,]"|0x7b7d32e7
17:22:52.1 (300139761)|STATEMENT_EXECUTE|[87]
17:22:52.1 (300140716)|STATEMENT_EXECUTE|[88]
17:22:52.1 (300152292)|HEAP_ALLOCATE|[88]|Bytes:11
17:22:52.1 (300155602)|VARIABLE_SCOPE_BEGIN|[88]|nodeName|String|false|false
17:22:52.1 (300163180)|VARIABLE_ASSIGNMENT|[88]|nodeName|"AccessToken"
17:22:52.1 (300167622)|HEAP_ALLOCATE|[89]|Bytes:5
17:22:52.1 (300195180)|HEAP_ALLOCATE|[91]|Bytes:7
17:22:52.1 (300200574)|HEAP_ALLOCATE|[93]|Bytes:11
17:22:52.1 (300204283)|STATEMENT_EXECUTE|[93]
17:22:52.1 (300205332)|STATEMENT_EXECUTE|[94]
17:22:52.1 (300211885)|HEAP_ALLOCATE|[94]|Bytes:32
17:22:52.1 (300231076)|VARIABLE_ASSIGNMENT|[EXTERNAL]|this|{}|0x6c936c35
17:22:52.1 (300237734)|VARIABLE_ASSIGNMENT|[EXTERNAL]|value|"c3154117a0b3955c8882 (12 more) ..."
17:22:52.1 (300249797)|VARIABLE_ASSIGNMENT|[11]|this.accessToken|"c3154117a0b3955c8882 (12 more) ..."|0x6c936c35
17:22:52.1 (300259910)|HEAP_ALLOCATE|[87]|Bytes:5
17:22:52.1 (300264663)|HEAP_ALLOCATE|[87]|Bytes:20
17:22:52.1 (300267901)|VARIABLE_SCOPE_BEGIN|[87]|child|dom.XmlNode|true|false
17:22:52.1 (300281984)|VARIABLE_ASSIGNMENT|[87]|child|"XMLNode[ELEMENT,AccessTokenExpiresIn,null,null,null,[XMLNode[TEXT,null,null,null,null,null,1800000,]],null,]"|0x46ddfc66
17:22:52.1 (300285620)|STATEMENT_EXECUTE|[87]
17:22:52.1 (300286442)|STATEMENT_EXECUTE|[88]
17:22:52.1 (300289598)|HEAP_ALLOCATE|[88]|Bytes:20
17:22:52.1 (300292705)|VARIABLE_SCOPE_BEGIN|[88]|nodeName|String|false|false
17:22:52.1 (300297253)|VARIABLE_ASSIGNMENT|[88]|nodeName|"AccessTokenExpiresIn"
17:22:52.1 (300310856)|HEAP_ALLOCATE|[95]|Bytes:20
17:22:52.1 (300314710)|STATEMENT_EXECUTE|[95]
17:22:52.1 (300315634)|STATEMENT_EXECUTE|[96]
17:22:52.1 (300321121)|HEAP_ALLOCATE|[96]|Bytes:7
17:22:52.1 (300366611)|VARIABLE_ASSIGNMENT|[EXTERNAL]|this|{"accessToken":"c3154117a0b3955c8882 (12 more) ..."}|0x6c936c35
17:22:52.1 (300373982)|VARIABLE_ASSIGNMENT|[EXTERNAL]|value|1800000
17:22:52.1 (300377183)|HEAP_ALLOCATE|[12]|Bytes:4
17:22:52.1 (300380539)|VARIABLE_ASSIGNMENT|[12]|this.expiresIn|1800000|0x6c936c35
17:22:52.1 (300387405)|HEAP_ALLOCATE|[87]|Bytes:5
17:22:52.1 (300391772)|HEAP_ALLOCATE|[87]|Bytes:12
17:22:52.1 (300394525)|VARIABLE_SCOPE_BEGIN|[87]|child|dom.XmlNode|true|false
17:22:52.1 (300408283)|VARIABLE_ASSIGNMENT|[87]|child|"XMLNode[ELEMENT,RefreshToken,null,null,null,[XMLNode[TEXT,null,null,null,null,null,57bdea6cb2531c250983d78904b4fb62,]],null,]"|0x65431598
17:22:52.1 (300411638)|STATEMENT_EXECUTE|[87]
17:22:52.1 (300412531)|STATEMENT_EXECUTE|[88]
17:22:52.1 (300415553)|HEAP_ALLOCATE|[88]|Bytes:12
17:22:52.1 (300418863)|VARIABLE_SCOPE_BEGIN|[88]|nodeName|String|false|false
17:22:52.1 (300423071)|VARIABLE_ASSIGNMENT|[88]|nodeName|"RefreshToken"
17:22:52.1 (300432817)|STATEMENT_EXECUTE|[89]
17:22:52.1 (300435910)|HEAP_ALLOCATE|[87]|Bytes:5
17:22:52.1 (300439983)|HEAP_ALLOCATE|[87]|Bytes:21
17:22:52.1 (300442155)|VARIABLE_SCOPE_BEGIN|[87]|child|dom.XmlNode|true|false
17:22:52.1 (300452988)|VARIABLE_ASSIGNMENT|[87]|child|"XMLNode[ELEMENT,RefreshTokenExpiresIn,null,null,null,[XMLNode[TEXT,null,null,null,null,null,7200000,]],null,]"|0x2c1a70ba
17:22:52.1 (300456104)|STATEMENT_EXECUTE|[87]
17:22:52.1 (300456900)|STATEMENT_EXECUTE|[88]
17:22:52.1 (300459479)|HEAP_ALLOCATE|[88]|Bytes:21
17:22:52.1 (300462279)|VARIABLE_SCOPE_BEGIN|[88]|nodeName|String|false|false
17:22:52.1 (300466969)|VARIABLE_ASSIGNMENT|[88]|nodeName|"RefreshTokenExpiresI (1 more) ..."
17:22:52.1 (300476379)|STATEMENT_EXECUTE|[89]
17:22:52.1 (300479346)|HEAP_ALLOCATE|[87]|Bytes:5
17:22:52.1 (300483228)|HEAP_ALLOCATE|[87]|Bytes:5
17:22:52.1 (300485518)|VARIABLE_SCOPE_BEGIN|[87]|child|dom.XmlNode|true|false
17:22:52.1 (300495842)|VARIABLE_ASSIGNMENT|[87]|child|"XMLNode[ELEMENT,Error,null,null,null,[XMLNode[TEXT,null,null,null,null,null,0,]],null,]"|0x70652584
17:22:52.1 (300498864)|STATEMENT_EXECUTE|[87]
17:22:52.1 (300499699)|STATEMENT_EXECUTE|[88]
17:22:52.1 (300502125)|HEAP_ALLOCATE|[88]|Bytes:5
17:22:52.1 (300504953)|VARIABLE_SCOPE_BEGIN|[88]|nodeName|String|false|false
17:22:52.1 (300508818)|VARIABLE_ASSIGNMENT|[88]|nodeName|"Error"
17:22:52.1 (300512220)|STATEMENT_EXECUTE|[89]
17:22:52.1 (300513052)|STATEMENT_EXECUTE|[90]
17:22:52.1 (300518408)|HEAP_ALLOCATE|[90]|Bytes:1
17:22:52.1 (300522305)|VARIABLE_ASSIGNMENT|[90]|errorCode|"0"
17:22:52.1 (300526715)|HEAP_ALLOCATE|[87]|Bytes:5
17:22:52.1 (300530565)|HEAP_ALLOCATE|[87]|Bytes:7
17:22:52.1 (300532839)|VARIABLE_SCOPE_BEGIN|[87]|child|dom.XmlNode|true|false
17:22:52.1 (300543650)|VARIABLE_ASSIGNMENT|[87]|child|"XMLNode[ELEMENT,Message,null,null,null,[XMLNode[TEXT,null,null,null,null,null,Success,]],null,]"|0x1baf341e
17:22:52.1 (300546605)|STATEMENT_EXECUTE|[87]
17:22:52.1 (300547410)|STATEMENT_EXECUTE|[88]
17:22:52.1 (300549899)|HEAP_ALLOCATE|[88]|Bytes:7
17:22:52.1 (300552653)|VARIABLE_SCOPE_BEGIN|[88]|nodeName|String|false|false
17:22:52.1 (300556753)|VARIABLE_ASSIGNMENT|[88]|nodeName|"Message"
17:22:52.1 (300562051)|STATEMENT_EXECUTE|[91]
17:22:52.1 (300562909)|STATEMENT_EXECUTE|[92]
17:22:52.1 (300567553)|HEAP_ALLOCATE|[92]|Bytes:7
17:22:52.1 (300571429)|VARIABLE_ASSIGNMENT|[92]|errorMessage|"Success"
17:22:52.1 (300575729)|HEAP_ALLOCATE|[87]|Bytes:5
17:22:52.1 (300580322)|VARIABLE_ASSIGNMENT|[87]|child|null|
17:22:52.1 (300584298)|HEAP_ALLOCATE|[100]|Bytes:1
17:22:52.1 (300590779)|STATEMENT_EXECUTE|[100]
17:22:52.1 (300614149)|VARIABLE_ASSIGNMENT|[EXTERNAL]|this|{"accessToken":"c3154117a0b3955c8882 (12 more) ...","expiresIn":1800000}|0x6c936c35
17:22:52.1 (300639498)|VARIABLE_ASSIGNMENT|[EXTERNAL]|this|{"accessToken":"c3154117a0b3955c8882 (12 more) ...","expiresIn":1800000}|0x6c936c35
17:22:52.1 (300644579)|HEAP_ALLOCATE|[104]|Bytes:4
17:22:52.1 (300650025)|STATEMENT_EXECUTE|[104]
17:22:52.1 (300651007)|STATEMENT_EXECUTE|[108]
17:22:52.1 (300662223)|METHOD_EXIT|[20]|01pBK000001Z5HB|PORTERSAuthHelper.getAccessTokenFromCode(String)
17:22:52.1 (300666279)|VARIABLE_SCOPE_BEGIN|[20]|tokenResult|PORTERSAuthHelper.TokenResult|true|false
17:22:52.1 (300673873)|VARIABLE_ASSIGNMENT|[20]|tokenResult|{"accessToken":"c3154117a0b3955c8882 (12 more) ...","expiresIn":1800000}|0x6c936c35
17:22:52.1 (300676742)|STATEMENT_EXECUTE|[22]
17:22:52.1 (300685536)|VARIABLE_ASSIGNMENT|[EXTERNAL]|this|{"accessToken":"c3154117a0b3955c8882 (12 more) ...","expiresIn":1800000}|0x6c936c35
17:22:52.1 (300705124)|SYSTEM_MODE_EXIT|false
17:22:52.1 (300714998)|METHOD_EXIT|[27]|01pBK000001Z5HB|PORTERSAuthHelper.getAccessToken()
17:22:52.1 (300718202)|VARIABLE_SCOPE_BEGIN|[27]|token|String|false|false
17:22:52.1 (300723496)|VARIABLE_ASSIGNMENT|[27]|token|"c3154117a0b3955c8882 (12 more) ..."
17:22:52.1 (300725683)|STATEMENT_EXECUTE|[28]
17:22:52.1 (300727603)|HEAP_ALLOCATE|[28]|Bytes:26
17:22:52.1 (300755752)|STATEMENT_EXECUTE|[29]
17:22:52.1 (300757731)|HEAP_ALLOCATE|[29]|Bytes:30
17:22:52.1 (300766088)|STATEMENT_EXECUTE|[30]
17:22:52.1 (300767328)|HEAP_ALLOCATE|[30]|Bytes:22
17:22:52.1 (300769142)|HEAP_ALLOCATE|[30]|Bytes:1
17:22:52.1 (300775838)|STATEMENT_EXECUTE|[31]
17:22:52.1 (300788572)|VARIABLE_SCOPE_BEGIN|[31]|http|System.Http|true|false
17:22:52.1 (300815408)|VARIABLE_ASSIGNMENT|[31]|http|"System.Http[]"|0x2cfadfcd
17:22:52.1 (300818363)|STATEMENT_EXECUTE|[32]
17:22:52.1 (300859042)|CALLOUT_REQUEST|[32]|System.HttpRequest[Endpoint=https://api-hrbc-jp.porterscloud.com/v1/candidate?partition=2012&count=200&start=0&field=Person.P_Id%2CPerson.P_Name%2CPerson.P_Telephone%2CPerson.P_Mail%2CPerson.P_Mobile%2CPerson.P_MobileMail%2CPerson.P_RegistrationDate%2CPerson.P_RegisteredBy%2CPerson.P_UpdateDate%2CPerson.P_UpdatedBy&itemstate=existing&condition=Person.P_UpdateDate%3Age%3D2026%2F04%2F07+15%3A02%3A35, Method=GET]
17:22:52.1 (375592250)|HEAP_ALLOCATE|[EXTERNAL]|Bytes:295
17:22:52.1 (376296102)|CALLOUT_RESPONSE|[32]|System.HttpResponse[Status=OK, StatusCode=200]
17:22:52.1 (376316272)|HEAP_ALLOCATE|[32]|Bytes:128
17:22:52.1 (376339936)|VARIABLE_SCOPE_BEGIN|[32]|res|System.HttpResponse|true|false
17:22:52.1 (376381807)|VARIABLE_ASSIGNMENT|[32]|res|"System.HttpResponse[Status=OK, StatusCode=200]"|0x608fa1e1
17:22:52.1 (376437631)|STATEMENT_EXECUTE|[33]
17:22:52.1 (376439133)|STATEMENT_EXECUTE|[34]
17:22:52.1 (376459170)|HEAP_ALLOCATE|[34]|Bytes:122
17:22:52.1 (376490067)|METHOD_ENTRY|[34]|01pBK000001l9ei|PORTERS_API_GetCandiData.parseXml(String)
17:22:52.1 (376498084)|VARIABLE_SCOPE_BEGIN|[144]|xml|String|false|false
17:22:52.1 (376510085)|VARIABLE_ASSIGNMENT|[144]|xml|"<?xml version=\"1.0\"  (102 more) ..."
17:22:52.1 (376516355)|STATEMENT_EXECUTE|[144]
17:22:52.1 (376517395)|STATEMENT_EXECUTE|[145]
17:22:52.1 (376525624)|HEAP_ALLOCATE|[145]|Bytes:7
17:22:52.1 (376531222)|HEAP_ALLOCATE|[145]|Bytes:112
17:22:52.1 (376534455)|HEAP_ALLOCATE|[145]|Bytes:6
17:22:52.1 (376560060)|METHOD_ENTRY|[1]|01pBK000001l9iP|PORTERS_DTO_CandidateResponse.PORTERS_DTO_CandidateResponse()
17:22:52.1 (376564679)|STATEMENT_EXECUTE|[1]
17:22:52.1 (376568151)|STATEMENT_EXECUTE|[1]
17:22:52.1 (376568943)|STATEMENT_EXECUTE|[5]
17:22:52.1 (376575369)|METHOD_EXIT|[1]|PORTERS_DTO_CandidateResponse
17:22:52.1 (376934734)|HEAP_ALLOCATE|[145]|Bytes:12
17:22:52.1 (376949813)|CONSTRUCTOR_ENTRY|[145]|01pBK000001l9iP|<init>()|PORTERS_DTO_CandidateResponse
17:22:52.1 (376977793)|VARIABLE_SCOPE_BEGIN|[1]|this|PORTERS_DTO_CandidateResponse|true|false
17:22:52.1 (377011278)|VARIABLE_ASSIGNMENT|[1]|this|{}|0x71bd6dc7
17:22:52.1 (377033417)|STATEMENT_EXECUTE|[1]
17:22:52.1 (377034546)|STATEMENT_EXECUTE|[2]
17:22:52.1 (377035678)|STATEMENT_EXECUTE|[3]
17:22:52.1 (377039238)|CONSTRUCTOR_EXIT|[145]|01pBK000001l9iP|<init>()|PORTERS_DTO_CandidateResponse
17:22:52.1 (377043072)|VARIABLE_SCOPE_BEGIN|[145]|res|PORTERS_DTO_CandidateResponse|true|false
17:22:52.1 (377050716)|VARIABLE_ASSIGNMENT|[145]|res|{}|0x71bd6dc7
17:22:52.1 (377061163)|STATEMENT_EXECUTE|[146]
17:22:52.1 (377070363)|HEAP_ALLOCATE|[146]|Bytes:4
17:22:52.1 (377149623)|VARIABLE_ASSIGNMENT|[EXTERNAL]|this|{}|0x71bd6dc7
17:22:52.1 (377175788)|HEAP_ALLOCATE|[EXTERNAL]|Bytes:4
17:22:52.1 (377184580)|VARIABLE_ASSIGNMENT|[EXTERNAL]|value|[]|0x3978365d
17:22:52.1 (377195473)|VARIABLE_ASSIGNMENT|[3]|this.result|[]|0x71bd6dc7
17:22:52.1 (377202353)|STATEMENT_EXECUTE|[148]
17:22:52.1 (377219963)|VARIABLE_SCOPE_BEGIN|[148]|doc|dom.Document|true|false
17:22:52.1 (377252714)|VARIABLE_ASSIGNMENT|[148]|doc|"Document[]"|0x23b1b7e0
17:22:52.1 (377255797)|STATEMENT_EXECUTE|[149]
17:22:52.1 (377325790)|STATEMENT_EXECUTE|[150]
17:22:52.1 (377342745)|VARIABLE_SCOPE_BEGIN|[150]|root|dom.XmlNode|true|false
17:22:52.1 (377397394)|VARIABLE_ASSIGNMENT|[150]|root|"XMLNode[ELEMENT,Candidate,null,[common.apex.api.dom.XmlNode$Attribute@1d722e35, common.apex.api.dom.XmlNode$Attribute@3c007b26, common.apex.api.dom.XmlNode$Attribute@44326825],null,[XMLNode[ELEMENT,Code,null,null,null,[XMLNode[TEXT,null,null,null,null,null,0,]],null,]],null,]"|0x6a92c9f4
17:22:52.1 (377401914)|STATEMENT_EXECUTE|[152]
17:22:52.1 (377405144)|HEAP_ALLOCATE|[152]|Bytes:5
17:22:52.1 (377446031)|HEAP_ALLOCATE|[152]|Bytes:1
17:22:52.1 (377486051)|VARIABLE_SCOPE_BEGIN|[152]|totalAttr|String|false|false
17:22:52.1 (377495514)|VARIABLE_ASSIGNMENT|[152]|totalAttr|"0"
17:22:52.1 (377500213)|STATEMENT_EXECUTE|[153]
17:22:52.1 (377569406)|VARIABLE_ASSIGNMENT|[EXTERNAL]|this|{"result":"0x3978365d"}|0x71bd6dc7
17:22:52.1 (377577383)|VARIABLE_ASSIGNMENT|[EXTERNAL]|value|0
17:22:52.1 (377581545)|HEAP_ALLOCATE|[2]|Bytes:4
17:22:52.1 (377586110)|VARIABLE_ASSIGNMENT|[2]|this.totalCount|0|0x71bd6dc7
17:22:52.1 (377618004)|HEAP_ALLOCATE|[155]|Bytes:4
17:22:52.1 (377620074)|HEAP_ALLOCATE|[155]|Bytes:4
17:22:52.1 (377655144)|HEAP_ALLOCATE|[155]|Bytes:5
17:22:52.1 (377666378)|HEAP_ALLOCATE|[155]|Bytes:4
17:22:52.1 (377671787)|VARIABLE_SCOPE_BEGIN|[155]|itemNode|dom.XmlNode|true|false
17:22:52.1 (377693597)|VARIABLE_ASSIGNMENT|[155]|itemNode|"XMLNode[ELEMENT,Code,null,null,null,[XMLNode[TEXT,null,null,null,null,null,0,]],null,]"|0x59fbcfbb
17:22:52.1 (377698009)|STATEMENT_EXECUTE|[155]
17:22:52.1 (377707772)|HEAP_ALLOCATE|[156]|Bytes:4
17:22:52.1 (377712731)|HEAP_ALLOCATE|[156]|Bytes:4
17:22:52.1 (377736053)|STATEMENT_EXECUTE|[156]
17:22:52.1 (377742449)|HEAP_ALLOCATE|[155]|Bytes:5
17:22:52.1 (377748824)|VARIABLE_ASSIGNMENT|[155]|itemNode|null|
17:22:52.1 (377752252)|STATEMENT_EXECUTE|[198]
17:22:52.1 (377756763)|METHOD_EXIT|[34]|01pBK000001l9ei|PORTERS_API_GetCandiData.parseXml(String)
17:22:52.1 (377764185)|METHOD_EXIT|[16]|01pBK000001l9ei|PORTERS_API_GetCandiData.getCandiData(String, Datetime, Integer)
17:22:52.1 (377767033)|VARIABLE_SCOPE_BEGIN|[15]|res|PORTERS_DTO_CandidateResponse|true|false
17:22:52.1 (377779237)|VARIABLE_ASSIGNMENT|[15]|res|{"result":"0x3978365d","totalCount":0}|0x71bd6dc7
17:22:52.1 (377782351)|STATEMENT_EXECUTE|[18]
17:22:52.1 (377802077)|VARIABLE_ASSIGNMENT|[EXTERNAL]|this|{"result":"0x3978365d","totalCount":0}|0x71bd6dc7
17:22:52.1 (377809399)|VARIABLE_SCOPE_BEGIN|[18]|totalCount|Integer|false|false
17:22:52.1 (377813671)|VARIABLE_ASSIGNMENT|[18]|totalCount|0
17:22:52.1 (377815900)|STATEMENT_EXECUTE|[20]
17:22:52.1 (377898257)|VARIABLE_SCOPE_BEGIN|[2]|System.Math.E|Double|false|true
17:22:52.1 (377902358)|VARIABLE_SCOPE_BEGIN|[3]|System.Math.PI|Double|false|true
17:22:52.1 (377914000)|HEAP_ALLOCATE|[20]|Bytes:206
17:22:52.1 (377924605)|SYSTEM_METHOD_ENTRY|[1]|Math.Math()
17:22:52.1 (377926670)|STATEMENT_EXECUTE|[1]
17:22:52.1 (377989343)|SYSTEM_METHOD_EXIT|[1]|Math
17:22:52.1 (378003401)|METHOD_ENTRY|[20]||System.Math.ceil(Double)
17:22:52.1 (378050922)|METHOD_EXIT|[20]||System.Math.ceil(Double)
17:22:52.1 (378071929)|HEAP_ALLOCATE|[20]|Bytes:4
17:22:52.1 (378078147)|VARIABLE_ASSIGNMENT|[20]|this.totalPage|0|0x41983889
17:22:52.1 (378081621)|STATEMENT_EXECUTE|[22]
17:22:52.1 (378092916)|HEAP_ALLOCATE|[22]|Bytes:4
17:22:52.1 (378122840)|HEAP_ALLOCATE|[22]|Bytes:4
17:22:52.1 (378127332)|VARIABLE_SCOPE_BEGIN|[22]|pages|List<Integer>|true|false
17:22:52.1 (378150107)|HEAP_ALLOCATE|[EXTERNAL]|Bytes:8
17:22:52.1 (378158776)|VARIABLE_ASSIGNMENT|[22]|pages|[0]|0x8f72e56
17:22:52.1 (378162026)|STATEMENT_EXECUTE|[28]
17:22:52.1 (387050303)|HEAP_ALLOCATE|[EXTERNAL]|Bytes:8
17:22:52.1 (387270804)|HEAP_ALLOCATE|[EXTERNAL]|Bytes:8
17:22:52.1 (387283720)|HEAP_ALLOCATE|[EXTERNAL]|Bytes:5
17:22:52.1 (387301970)|HEAP_ALLOCATE|[EXTERNAL]|Bytes:8
17:22:52.1 (387306364)|HEAP_ALLOCATE|[EXTERNAL]|Bytes:8
17:22:52.1 (387312600)|HEAP_ALLOCATE|[EXTERNAL]|Bytes:8
17:22:52.1 (387314790)|HEAP_ALLOCATE|[EXTERNAL]|Bytes:5
17:22:52.1 (387380249)|HEAP_ALLOCATE|[EXTERNAL]|Bytes:4
17:22:52.1 (387398672)|HEAP_ALLOCATE|[EXTERNAL]|Bytes:4
17:22:52.1 (387451395)|HEAP_ALLOCATE|[EXTERNAL]|Bytes:4
17:22:52.1 (387453538)|HEAP_ALLOCATE|[EXTERNAL]|Bytes:8
17:22:52.1 (387458955)|HEAP_ALLOCATE|[EXTERNAL]|Bytes:4
17:22:52.459 (459620903)|CUMULATIVE_LIMIT_USAGE
17:22:52.459 (459620903)|LIMIT_USAGE_FOR_NS|(default)|
  Number of SOQL queries: 0 out of 200
  Number of query rows: 0 out of 50000
  Number of SOSL queries: 0 out of 20
  Number of DML statements: 0 out of 150
  Number of Publish Immediate DML: 0 out of 150
  Number of DML rows: 0 out of 10000
  Maximum CPU time: 0 out of 60000
  Maximum heap size: 0 out of 12000000
  Number of callouts: 0 out of 0
  Number of Email Invocations: 0 out of 10
  Number of future calls: 0 out of 0
  Number of queueable jobs added to the queue: 0 out of 1
  Number of Mobile Apex push calls: 0 out of 10

17:22:52.459 (459620903)|CUMULATIVE_LIMIT_USAGE_END

17:22:52.1 (459694699)|CODE_UNIT_FINISHED|PORTERS_BATCH_CandiData
17:22:52.1 (459719622)|EXECUTION_FINISHED
