66.0 APEX_CODE,FINEST;APEX_PROFILING,INFO;CALLOUT,INFO;DATA_ACCESS,INFO;DB,INFO;NBA,INFO;SYSTEM,DEBUG;VALIDATION,INFO;VISUALFORCE,INFO;WAVE,INFO;WORKFLOW,INFO
11:51:00.1 (1510119)|USER_INFO|[EXTERNAL]|0057F0000042UBb|ishibashi@hurex.co.jp.dev1|(GMT+09:00) 日本標準時 (Asia/Tokyo)|GMT+09:00
11:51:00.1 (1556155)|EXECUTION_STARTED
11:51:00.1 (1568037)|CODE_UNIT_STARTED|[EXTERNAL]|apex://JobCardsController/ACTION$getJobs
11:51:00.1 (3263032)|CODE_UNIT_STARTED|[EXTERNAL]|01pBK000001RGBP|JobCardsController.getJobs()
11:51:00.1 (3748567)|HEAP_ALLOCATE|[95]|Bytes:3
11:51:00.1 (3875247)|HEAP_ALLOCATE|[100]|Bytes:152
11:51:00.1 (3889875)|HEAP_ALLOCATE|[417]|Bytes:408
11:51:00.1 (3900978)|HEAP_ALLOCATE|[430]|Bytes:408
11:51:00.1 (3923380)|HEAP_ALLOCATE|[317]|Bytes:6
11:51:00.1 (3935987)|HEAP_ALLOCATE|[EXTERNAL]|Bytes:10
11:51:00.1 (3939859)|HEAP_ALLOCATE|[EXTERNAL]|Bytes:5
11:51:00.1 (3942640)|HEAP_ALLOCATE|[EXTERNAL]|Bytes:2
11:51:00.1 (3955551)|METHOD_ENTRY|[1]|01pBK000001RGBP|JobCardsController.JobCardsController()
11:51:00.1 (3960834)|STATEMENT_EXECUTE|[1]
11:51:00.1 (3965965)|STATEMENT_EXECUTE|[1]
11:51:00.1 (3987325)|HEAP_ALLOCATE|[68]|Bytes:5
11:51:00.1 (4012180)|HEAP_ALLOCATE|[74]|Bytes:5
11:51:00.1 (4020041)|HEAP_ALLOCATE|[82]|Bytes:7
11:51:00.1 (4414284)|HEAP_ALLOCATE|[EXTERNAL]|Bytes:5
11:51:00.1 (4419461)|STATEMENT_EXECUTE|[3]
11:51:00.1 (4427534)|METHOD_EXIT|[1]|JobCardsController
11:51:00.1 (4440748)|HEAP_ALLOCATE|[18]|Bytes:5
11:51:00.1 (4443220)|STATEMENT_EXECUTE|[17]
11:51:00.1 (4444323)|STATEMENT_EXECUTE|[18]
11:51:00.1 (4459089)|HEAP_ALLOCATE|[18]|Bytes:4
11:51:00.1 (4502870)|VARIABLE_SCOPE_BEGIN|[18]|favoriteJobIds|Set<Id>|true|false
11:51:00.1 (4558547)|VARIABLE_ASSIGNMENT|[18]|favoriteJobIds|[]|0x2b5879c3
11:51:00.1 (4564783)|HEAP_ALLOCATE|[19]|Bytes:91
11:51:00.1 (4575435)|HEAP_ALLOCATE|[19]|Bytes:4
11:51:00.1 (4581345)|HEAP_ALLOCATE|[19]|Bytes:7
11:51:00.1 (4612035)|HEAP_ALLOCATE|[21]|Bytes:105
11:51:00.1 (4618124)|SYSTEM_METHOD_ENTRY|[1]|UserInfo.UserInfo()
11:51:00.1 (4620291)|STATEMENT_EXECUTE|[1]
11:51:00.1 (4624555)|SYSTEM_METHOD_EXIT|[1]|UserInfo
11:51:00.1 (4633495)|METHOD_ENTRY|[21]||System.UserInfo.getUserId()
11:51:00.1 (9231950)|METHOD_EXIT|[21]||System.UserInfo.getUserId()
11:51:00.1 (18947992)|SOQL_EXECUTE_BEGIN|[19]|Aggregations:0|SELECT Job__c FROM InterestedJob__c WHERE (CreatedById = :tmpVar1 AND IsArchive__c = FALSE)
11:51:00.1 (36919529)|SOQL_EXECUTE_END|[19]|Rows:1
11:51:00.1 (36951813)|HEAP_ALLOCATE|[EXTERNAL]|Bytes:8
11:51:00.1 (37180724)|HEAP_ALLOCATE|[19]|Bytes:54
11:51:00.1 (37188435)|HEAP_ALLOCATE|[19]|Bytes:8
11:51:00.1 (37201742)|SYSTEM_METHOD_ENTRY|[7]|QueryLocatorIterator.QueryLocatorIterator()
11:51:00.1 (37205297)|STATEMENT_EXECUTE|[7]
11:51:00.1 (37214669)|SYSTEM_METHOD_EXIT|[7]|QueryLocatorIterator
11:51:00.1 (37222094)|HEAP_ALLOCATE|[19]|Bytes:28
11:51:00.1 (37289082)|HEAP_ALLOCATE|[19]|Bytes:8
11:51:00.1 (37298075)|HEAP_ALLOCATE|[19]|Bytes:8
11:51:00.1 (37299767)|HEAP_ALLOCATE|[19]|Bytes:8
11:51:00.1 (37304046)|VARIABLE_SCOPE_BEGIN|[15]|this|Database.QueryLocatorIterator|true|false
11:51:00.1 (37354427)|VARIABLE_ASSIGNMENT|[15]|this|{}|0x5f54410
11:51:00.1 (37357889)|VARIABLE_SCOPE_BEGIN|[15]|values|List<SObject>|true|false
11:51:00.1 (37438259)|VARIABLE_ASSIGNMENT|[15]|values|[{"Job__c":"a0KBK00000GezgQ2AR","Id":"a0OBK0000050riz2AA"}]|0x5fb71928
11:51:00.1 (37442044)|VARIABLE_SCOPE_BEGIN|[15]|ql|Database.QueryLocator|true|false
11:51:00.1 (37460649)|VARIABLE_ASSIGNMENT|[15]|ql|{"query":"SELECT Job__c FROM I (71 more) ..."}|0x5de832b6
11:51:00.1 (37463565)|VARIABLE_SCOPE_BEGIN|[15]|totalNumRecords|Integer|false|false
11:51:00.1 (37470252)|VARIABLE_ASSIGNMENT|[15]|totalNumRecords|1
11:51:00.1 (37472479)|VARIABLE_SCOPE_BEGIN|[15]|queryMoreSize|Integer|false|false
11:51:00.1 (37476241)|VARIABLE_ASSIGNMENT|[15]|queryMoreSize|49999
11:51:00.1 (37541662)|HEAP_ALLOCATE|[19]|Bytes:28
11:51:00.1 (37563628)|METHOD_ENTRY|[19]||Database.QueryLocatorIterator.hasNext()
11:51:00.1 (37642137)|METHOD_EXIT|[19]||Database.QueryLocatorIterator.hasNext()
11:51:00.1 (37647105)|METHOD_ENTRY|[19]||Database.QueryLocatorIterator.next()
11:51:00.1 (37692345)|METHOD_EXIT|[19]||Database.QueryLocatorIterator.next()
11:51:00.1 (37697112)|VARIABLE_SCOPE_BEGIN|[19]|fav|InterestedJob__c|true|false
11:51:00.1 (37722640)|VARIABLE_ASSIGNMENT|[19]|fav|{"Job__c":"a0KBK00000GezgQ2AR","Id":"a0OBK0000050riz2AA"}|0x12d7b2e0
11:51:00.1 (37727847)|STATEMENT_EXECUTE|[22]
11:51:00.1 (37728876)|STATEMENT_EXECUTE|[23]
11:51:00.1 (37782772)|HEAP_ALLOCATE|[EXTERNAL]|Bytes:4
11:51:00.1 (37790815)|METHOD_ENTRY|[19]||Database.QueryLocatorIterator.hasNext()
11:51:00.1 (37798809)|METHOD_EXIT|[19]||Database.QueryLocatorIterator.hasNext()
11:51:00.1 (37802927)|VARIABLE_ASSIGNMENT|[19]|fav|null|
11:51:00.1 (37820572)|STATEMENT_EXECUTE|[26]
11:51:00.1 (37822952)|HEAP_ALLOCATE|[26]|Bytes:217
11:51:00.1 (37836794)|HEAP_ALLOCATE|[26]|Bytes:4
11:51:00.1 (53887057)|SOQL_EXECUTE_BEGIN|[26]|Aggregations:0|SELECT Id, JobPosition__c, WorkLocation2__c, JobCategory1__c, MaxAnnualSalary__c, MinAnnualSalary__c, JobDescription__c, LastModifiedDate, LastViewedDate FROM Job__c ORDER BY LastModifiedDate DESC NULLS FIRST LIMIT 10
11:51:00.1 (100197797)|SOQL_EXECUTE_END|[26]|Rows:10
11:51:00.1 (100247354)|HEAP_ALLOCATE|[26]|Bytes:44
11:51:00.1 (100269733)|HEAP_ALLOCATE|[26]|Bytes:4199
11:51:00.1 (100376509)|HEAP_ALLOCATE|[26]|Bytes:44
11:51:00.1 (100399172)|VARIABLE_SCOPE_BEGIN|[26]|jobs|List<Job__c>|true|false
11:51:00.1 (100426882)|VARIABLE_ASSIGNMENT|[26]|jobs|"List of size 10 too large to display"|0x1d2004a1
11:51:00.1 (100432807)|STATEMENT_EXECUTE|[35]
11:51:00.1 (100445774)|HEAP_ALLOCATE|[35]|Bytes:4
11:51:00.1 (100541104)|VARIABLE_SCOPE_BEGIN|[35]|result|List<JobCardsController.JobWrapper>|true|false
11:51:00.1 (100555917)|HEAP_ALLOCATE|[EXTERNAL]|Bytes:4
11:51:00.1 (100566109)|VARIABLE_ASSIGNMENT|[35]|result|[]|0x757fd1a
11:51:00.1 (100708367)|HEAP_ALLOCATE|[36]|Bytes:5
11:51:00.1 (100729868)|HEAP_ALLOCATE|[36]|Bytes:40
11:51:00.1 (100737754)|VARIABLE_SCOPE_BEGIN|[36]|j|Job__c|true|false
11:51:00.1 (100854038)|VARIABLE_ASSIGNMENT|[36]|j|{"LastModifiedDate":"2026-03-19T02:02:27.000Z","JobPosition__c":"新潟市(新潟) 法人ルート営業・業界シェ (74 more) ...","WorkLocation2__c":"新潟県新潟市（転勤なし／車通勤可）","LastViewedDate":"2026-03-19T07:53:43.000Z","Id":"a0KBK00000GezgQ2AR","MinAnnualSalary__c":350,"JobDescription__c":"自社開発製造の給配水機器とその関連製品の (25 more) ...","JobCategory1__c":"経営幹部/企画/マーケティング系","MaxAnnualSalary__c":550}|0x7f262ca1
11:51:00.1 (100877082)|STATEMENT_EXECUTE|[36]
11:51:00.1 (100878770)|STATEMENT_EXECUTE|[37]
11:51:00.1 (100916799)|HEAP_ALLOCATE|[37]|Bytes:44
11:51:00.1 (100941730)|CONSTRUCTOR_ENTRY|[37]|01pBK000001RGBP|<init>()|JobCardsController.JobWrapper
11:51:00.1 (100970477)|VARIABLE_SCOPE_BEGIN|[3]|this|JobCardsController.JobWrapper|true|false
11:51:00.1 (101074550)|VARIABLE_ASSIGNMENT|[3]|this|{}|0x45724021
11:51:00.1 (101098709)|STATEMENT_EXECUTE|[3]
11:51:00.1 (101100118)|STATEMENT_EXECUTE|[4]
11:51:00.1 (101101069)|STATEMENT_EXECUTE|[5]
11:51:00.1 (101102168)|STATEMENT_EXECUTE|[6]
11:51:00.1 (101103148)|STATEMENT_EXECUTE|[7]
11:51:00.1 (101104122)|STATEMENT_EXECUTE|[8]
11:51:00.1 (101105108)|STATEMENT_EXECUTE|[9]
11:51:00.1 (101105869)|STATEMENT_EXECUTE|[10]
11:51:00.1 (101106932)|STATEMENT_EXECUTE|[11]
11:51:00.1 (101107962)|STATEMENT_EXECUTE|[12]
11:51:00.1 (101108862)|STATEMENT_EXECUTE|[13]
11:51:00.1 (101111472)|CONSTRUCTOR_EXIT|[37]|01pBK000001RGBP|<init>()|JobCardsController.JobWrapper
11:51:00.1 (101115267)|VARIABLE_SCOPE_BEGIN|[37]|wrapper|JobCardsController.JobWrapper|true|false
11:51:00.1 (101125208)|VARIABLE_ASSIGNMENT|[37]|wrapper|{}|0x45724021
11:51:00.1 (101128108)|STATEMENT_EXECUTE|[38]
11:51:00.1 (101347615)|VARIABLE_ASSIGNMENT|[38]|this.Id|"a0KBK00000GezgQ2AR"|0x45724021
11:51:00.1 (101352217)|STATEMENT_EXECUTE|[39]
11:51:00.1 (101372201)|VARIABLE_ASSIGNMENT|[39]|this.JobPosition|"新潟市(新潟) 法人ルート営業・業界シェ (74 more) ..."|0x45724021
11:51:00.1 (101376719)|STATEMENT_EXECUTE|[40]
11:51:00.1 (101385350)|VARIABLE_ASSIGNMENT|[40]|this.WorkLocation2|"新潟県新潟市（転勤なし／車通勤可）"|0x45724021
11:51:00.1 (101388499)|STATEMENT_EXECUTE|[41]
11:51:00.1 (101395782)|VARIABLE_ASSIGNMENT|[41]|this.JobCategory1|"経営幹部/企画/マーケティング系"|0x45724021
11:51:00.1 (101398824)|STATEMENT_EXECUTE|[42]
11:51:00.1 (101422707)|VARIABLE_ASSIGNMENT|[42]|this.MaxAnnualSalary|550|0x45724021
11:51:00.1 (101425333)|STATEMENT_EXECUTE|[43]
11:51:00.1 (101432364)|VARIABLE_ASSIGNMENT|[43]|this.MinAnnualSalary|350|0x45724021
11:51:00.1 (101435030)|STATEMENT_EXECUTE|[44]
11:51:00.1 (101442828)|VARIABLE_ASSIGNMENT|[44]|this.JobDescription|"自社開発製造の給配水機器とその関連製品の (25 more) ..."|0x45724021
11:51:00.1 (101446094)|STATEMENT_EXECUTE|[45]
11:51:00.1 (101473167)|VARIABLE_ASSIGNMENT|[45]|this.LastModifiedDate|"2026-03-19T02:02:27.000Z"|0x45724021
11:51:00.1 (101476037)|STATEMENT_EXECUTE|[46]
11:51:00.1 (101489677)|VARIABLE_ASSIGNMENT|[46]|this.LastViewedDate|"2026-03-19T07:53:43.000Z"|0x45724021
11:51:00.1 (101492607)|STATEMENT_EXECUTE|[47]
11:51:00.1 (101543164)|HEAP_ALLOCATE|[47]|Bytes:5
11:51:00.1 (101548639)|VARIABLE_ASSIGNMENT|[47]|this.IsFavorite|true|0x45724021
11:51:00.1 (101551548)|STATEMENT_EXECUTE|[48]
11:51:00.1 (101570442)|HEAP_ALLOCATE|[EXTERNAL]|Bytes:4
11:51:00.1 (101585853)|HEAP_ALLOCATE|[36]|Bytes:5
11:51:00.1 (101596547)|HEAP_ALLOCATE|[36]|Bytes:40
11:51:00.1 (101606874)|VARIABLE_SCOPE_BEGIN|[36]|j|Job__c|true|false
11:51:00.1 (101664052)|VARIABLE_ASSIGNMENT|[36]|j|{"LastModifiedDate":"2026-03-18T01:52:52.000Z","JobPosition__c":"テスト401求人タイトル求人タイトル求人 (28 more) ...","WorkLocation2__c":"勤務地","LastViewedDate":"2026-03-25T10:29:07.000Z","Id":"a0KBK00000Gexcs2AB","MinAnnualSalary__c":450,"JobDescription__c":"テスト401仕事内容仕事内容仕事内容仕事 (30 more) ...","JobCategory1__c":"専門職系（コンサルタント/金融/不動産）","MaxAnnualSalary__c":600}|0x70873b89
11:51:00.1 (101672156)|STATEMENT_EXECUTE|[36]
11:51:00.1 (101673104)|STATEMENT_EXECUTE|[37]
11:51:00.1 (101676134)|HEAP_ALLOCATE|[37]|Bytes:44
11:51:00.1 (101680492)|CONSTRUCTOR_ENTRY|[37]|01pBK000001RGBP|<init>()|JobCardsController.JobWrapper
11:51:00.1 (101687681)|VARIABLE_SCOPE_BEGIN|[3]|this|JobCardsController.JobWrapper|true|false
11:51:00.1 (101703099)|VARIABLE_ASSIGNMENT|[3]|this|{}|0x182ca53e
11:51:00.1 (101713172)|STATEMENT_EXECUTE|[3]
11:51:00.1 (101714279)|STATEMENT_EXECUTE|[4]
11:51:00.1 (101715232)|STATEMENT_EXECUTE|[5]
11:51:00.1 (101716168)|STATEMENT_EXECUTE|[6]
11:51:00.1 (101717017)|STATEMENT_EXECUTE|[7]
11:51:00.1 (101717857)|STATEMENT_EXECUTE|[8]
11:51:00.1 (101718780)|STATEMENT_EXECUTE|[9]
11:51:00.1 (101719549)|STATEMENT_EXECUTE|[10]
11:51:00.1 (101720522)|STATEMENT_EXECUTE|[11]
11:51:00.1 (101721313)|STATEMENT_EXECUTE|[12]
11:51:00.1 (101722100)|STATEMENT_EXECUTE|[13]
11:51:00.1 (101724114)|CONSTRUCTOR_EXIT|[37]|01pBK000001RGBP|<init>()|JobCardsController.JobWrapper
11:51:00.1 (101727407)|VARIABLE_SCOPE_BEGIN|[37]|wrapper|JobCardsController.JobWrapper|true|false
11:51:00.1 (101734702)|VARIABLE_ASSIGNMENT|[37]|wrapper|{}|0x182ca53e
11:51:00.1 (101737527)|STATEMENT_EXECUTE|[38]
11:51:00.1 (101785998)|VARIABLE_ASSIGNMENT|[38]|this.Id|"a0KBK00000Gexcs2AB"|0x182ca53e
11:51:00.1 (101789501)|STATEMENT_EXECUTE|[39]
11:51:00.1 (101794861)|VARIABLE_ASSIGNMENT|[39]|this.JobPosition|"テスト401求人タイトル求人タイトル求人 (28 more) ..."|0x182ca53e
11:51:00.1 (101798429)|STATEMENT_EXECUTE|[40]
11:51:00.1 (101802329)|VARIABLE_ASSIGNMENT|[40]|this.WorkLocation2|"勤務地"|0x182ca53e
11:51:00.1 (101805301)|STATEMENT_EXECUTE|[41]
11:51:00.1 (101808896)|VARIABLE_ASSIGNMENT|[41]|this.JobCategory1|"専門職系（コンサルタント/金融/不動産）"|0x182ca53e
11:51:00.1 (101812024)|STATEMENT_EXECUTE|[42]
11:51:00.1 (101817374)|VARIABLE_ASSIGNMENT|[42]|this.MaxAnnualSalary|600|0x182ca53e
11:51:00.1 (101819997)|STATEMENT_EXECUTE|[43]
11:51:00.1 (101823586)|VARIABLE_ASSIGNMENT|[43]|this.MinAnnualSalary|450|0x182ca53e
11:51:00.1 (101826055)|STATEMENT_EXECUTE|[44]
11:51:00.1 (101830003)|VARIABLE_ASSIGNMENT|[44]|this.JobDescription|"テスト401仕事内容仕事内容仕事内容仕事 (30 more) ..."|0x182ca53e
11:51:00.1 (101833178)|STATEMENT_EXECUTE|[45]
11:51:00.1 (101842066)|VARIABLE_ASSIGNMENT|[45]|this.LastModifiedDate|"2026-03-18T01:52:52.000Z"|0x182ca53e
11:51:00.1 (101844808)|STATEMENT_EXECUTE|[46]
11:51:00.1 (101850592)|VARIABLE_ASSIGNMENT|[46]|this.LastViewedDate|"2026-03-25T10:29:07.000Z"|0x182ca53e
11:51:00.1 (101853231)|STATEMENT_EXECUTE|[47]
11:51:00.1 (101861898)|HEAP_ALLOCATE|[47]|Bytes:5
11:51:00.1 (101865227)|VARIABLE_ASSIGNMENT|[47]|this.IsFavorite|false|0x182ca53e
11:51:00.1 (101867723)|STATEMENT_EXECUTE|[48]
11:51:00.1 (101871036)|HEAP_ALLOCATE|[EXTERNAL]|Bytes:4
11:51:00.1 (101877751)|HEAP_ALLOCATE|[36]|Bytes:5
11:51:00.1 (101883493)|HEAP_ALLOCATE|[36]|Bytes:36
11:51:00.1 (101886609)|VARIABLE_SCOPE_BEGIN|[36]|j|Job__c|true|false
11:51:00.1 (101927509)|VARIABLE_ASSIGNMENT|[36]|j|{"LastModifiedDate":"2026-03-12T05:33:30.000Z","JobPosition__c":"テスト424求人タイトル求人タイトル求人 (28 more) ...","LastViewedDate":"2026-03-17T07:21:04.000Z","Id":"a0KBK00000GexdF2AR","MinAnnualSalary__c":250,"JobDescription__c":"テスト424仕事内容仕事内容仕事内容仕事 (30 more) ...","JobCategory1__c":"技術系（電気/電子/機械）","MaxAnnualSalary__c":350}|0xd4c3e00
11:51:00.1 (101934221)|STATEMENT_EXECUTE|[36]
11:51:00.1 (101935046)|STATEMENT_EXECUTE|[37]
11:51:00.1 (101936802)|HEAP_ALLOCATE|[37]|Bytes:44
11:51:00.1 (101939656)|CONSTRUCTOR_ENTRY|[37]|01pBK000001RGBP|<init>()|JobCardsController.JobWrapper
11:51:00.1 (101943092)|VARIABLE_SCOPE_BEGIN|[3]|this|JobCardsController.JobWrapper|true|false
11:51:00.1 (101952358)|VARIABLE_ASSIGNMENT|[3]|this|{}|0x6dae058c
11:51:00.1 (101959929)|STATEMENT_EXECUTE|[3]
11:51:00.1 (101960841)|STATEMENT_EXECUTE|[4]
11:51:00.1 (101961697)|STATEMENT_EXECUTE|[5]
11:51:00.1 (101962503)|STATEMENT_EXECUTE|[6]
11:51:00.1 (101963319)|STATEMENT_EXECUTE|[7]
11:51:00.1 (101964169)|STATEMENT_EXECUTE|[8]
11:51:00.1 (101964948)|STATEMENT_EXECUTE|[9]
11:51:00.1 (101965721)|STATEMENT_EXECUTE|[10]
11:51:00.1 (101966561)|STATEMENT_EXECUTE|[11]
11:51:00.1 (101967365)|STATEMENT_EXECUTE|[12]
11:51:00.1 (101968178)|STATEMENT_EXECUTE|[13]
11:51:00.1 (101969731)|CONSTRUCTOR_EXIT|[37]|01pBK000001RGBP|<init>()|JobCardsController.JobWrapper
11:51:00.1 (101972886)|VARIABLE_SCOPE_BEGIN|[37]|wrapper|JobCardsController.JobWrapper|true|false
11:51:00.1 (101979916)|VARIABLE_ASSIGNMENT|[37]|wrapper|{}|0x6dae058c
11:51:00.1 (101982449)|STATEMENT_EXECUTE|[38]
11:51:00.1 (102017882)|VARIABLE_ASSIGNMENT|[38]|this.Id|"a0KBK00000GexdF2AR"|0x6dae058c
11:51:00.1 (102023286)|STATEMENT_EXECUTE|[39]
11:51:00.1 (102030123)|VARIABLE_ASSIGNMENT|[39]|this.JobPosition|"テスト424求人タイトル求人タイトル求人 (28 more) ..."|0x6dae058c
11:51:00.1 (102034607)|STATEMENT_EXECUTE|[40]
11:51:00.1 (102039747)|VARIABLE_ASSIGNMENT|[40]|this.WorkLocation2|null|0x6dae058c
11:51:00.1 (102043156)|STATEMENT_EXECUTE|[41]
11:51:00.1 (102047852)|VARIABLE_ASSIGNMENT|[41]|this.JobCategory1|"技術系（電気/電子/機械）"|0x6dae058c
11:51:00.1 (102052276)|STATEMENT_EXECUTE|[42]
11:51:00.1 (102058076)|VARIABLE_ASSIGNMENT|[42]|this.MaxAnnualSalary|350|0x6dae058c
11:51:00.1 (102060992)|STATEMENT_EXECUTE|[43]
11:51:00.1 (102064469)|VARIABLE_ASSIGNMENT|[43]|this.MinAnnualSalary|250|0x6dae058c
11:51:00.1 (102067130)|STATEMENT_EXECUTE|[44]
11:51:00.1 (102071116)|VARIABLE_ASSIGNMENT|[44]|this.JobDescription|"テスト424仕事内容仕事内容仕事内容仕事 (30 more) ..."|0x6dae058c
11:51:00.1 (102074318)|STATEMENT_EXECUTE|[45]
11:51:00.1 (102081890)|VARIABLE_ASSIGNMENT|[45]|this.LastModifiedDate|"2026-03-12T05:33:30.000Z"|0x6dae058c
11:51:00.1 (102084609)|STATEMENT_EXECUTE|[46]
11:51:00.1 (102089930)|VARIABLE_ASSIGNMENT|[46]|this.LastViewedDate|"2026-03-17T07:21:04.000Z"|0x6dae058c
11:51:00.1 (102092491)|STATEMENT_EXECUTE|[47]
11:51:00.1 (102100061)|HEAP_ALLOCATE|[47]|Bytes:5
11:51:00.1 (102103175)|VARIABLE_ASSIGNMENT|[47]|this.IsFavorite|false|0x6dae058c
11:51:00.1 (102105645)|STATEMENT_EXECUTE|[48]
11:51:00.1 (102108597)|HEAP_ALLOCATE|[EXTERNAL]|Bytes:4
11:51:00.1 (102114831)|HEAP_ALLOCATE|[36]|Bytes:5
11:51:00.1 (102119856)|HEAP_ALLOCATE|[36]|Bytes:36
11:51:00.1 (102123074)|VARIABLE_SCOPE_BEGIN|[36]|j|Job__c|true|false
11:51:00.1 (102159401)|VARIABLE_ASSIGNMENT|[36]|j|{"LastModifiedDate":"2026-03-09T05:51:50.000Z","JobPosition__c":"テスト403求人タイトル求人タイトル求人 (28 more) ...","LastViewedDate":"2026-03-18T09:45:24.000Z","Id":"a0KBK00000Gexcu2AB","MinAnnualSalary__c":900,"JobDescription__c":"テスト403仕事内容仕事内容仕事内容仕事 (30 more) ...","JobCategory1__c":"営業系","MaxAnnualSalary__c":600}|0x67325f9b
11:51:00.1 (102166156)|STATEMENT_EXECUTE|[36]
11:51:00.1 (102167088)|STATEMENT_EXECUTE|[37]
11:51:00.1 (102168897)|HEAP_ALLOCATE|[37]|Bytes:44
11:51:00.1 (102172003)|CONSTRUCTOR_ENTRY|[37]|01pBK000001RGBP|<init>()|JobCardsController.JobWrapper
11:51:00.1 (102174987)|VARIABLE_SCOPE_BEGIN|[3]|this|JobCardsController.JobWrapper|true|false
11:51:00.1 (102184415)|VARIABLE_ASSIGNMENT|[3]|this|{}|0x3a8a2350
11:51:00.1 (102191753)|STATEMENT_EXECUTE|[3]
11:51:00.1 (102192673)|STATEMENT_EXECUTE|[4]
11:51:00.1 (102193491)|STATEMENT_EXECUTE|[5]
11:51:00.1 (102194317)|STATEMENT_EXECUTE|[6]
11:51:00.1 (102195180)|STATEMENT_EXECUTE|[7]
11:51:00.1 (102196038)|STATEMENT_EXECUTE|[8]
11:51:00.1 (102196829)|STATEMENT_EXECUTE|[9]
11:51:00.1 (102197601)|STATEMENT_EXECUTE|[10]
11:51:00.1 (102198565)|STATEMENT_EXECUTE|[11]
11:51:00.1 (102199442)|STATEMENT_EXECUTE|[12]
11:51:00.1 (102200223)|STATEMENT_EXECUTE|[13]
11:51:00.1 (102201786)|CONSTRUCTOR_EXIT|[37]|01pBK000001RGBP|<init>()|JobCardsController.JobWrapper
11:51:00.1 (102204811)|VARIABLE_SCOPE_BEGIN|[37]|wrapper|JobCardsController.JobWrapper|true|false
11:51:00.1 (102211373)|VARIABLE_ASSIGNMENT|[37]|wrapper|{}|0x3a8a2350
11:51:00.1 (102214028)|STATEMENT_EXECUTE|[38]
11:51:00.1 (102240351)|VARIABLE_ASSIGNMENT|[38]|this.Id|"a0KBK00000Gexcu2AB"|0x3a8a2350
11:51:00.1 (102243668)|STATEMENT_EXECUTE|[39]
11:51:00.1 (102248037)|VARIABLE_ASSIGNMENT|[39]|this.JobPosition|"テスト403求人タイトル求人タイトル求人 (28 more) ..."|0x3a8a2350
11:51:00.1 (102251021)|STATEMENT_EXECUTE|[40]
11:51:00.1 (102254038)|VARIABLE_ASSIGNMENT|[40]|this.WorkLocation2|null|0x3a8a2350
11:51:00.1 (102256493)|STATEMENT_EXECUTE|[41]
11:51:00.1 (102259647)|VARIABLE_ASSIGNMENT|[41]|this.JobCategory1|"営業系"|0x3a8a2350
11:51:00.1 (102262454)|STATEMENT_EXECUTE|[42]
11:51:00.1 (102266611)|VARIABLE_ASSIGNMENT|[42]|this.MaxAnnualSalary|600|0x3a8a2350
11:51:00.1 (102269241)|STATEMENT_EXECUTE|[43]
11:51:00.1 (102272562)|VARIABLE_ASSIGNMENT|[43]|this.MinAnnualSalary|900|0x3a8a2350
11:51:00.1 (102275171)|STATEMENT_EXECUTE|[44]
11:51:00.1 (102278771)|VARIABLE_ASSIGNMENT|[44]|this.JobDescription|"テスト403仕事内容仕事内容仕事内容仕事 (30 more) ..."|0x3a8a2350
11:51:00.1 (102281642)|STATEMENT_EXECUTE|[45]
11:51:00.1 (102288214)|VARIABLE_ASSIGNMENT|[45]|this.LastModifiedDate|"2026-03-09T05:51:50.000Z"|0x3a8a2350
11:51:00.1 (102290858)|STATEMENT_EXECUTE|[46]
11:51:00.1 (102295803)|VARIABLE_ASSIGNMENT|[46]|this.LastViewedDate|"2026-03-18T09:45:24.000Z"|0x3a8a2350
11:51:00.1 (102298394)|STATEMENT_EXECUTE|[47]
11:51:00.1 (102304285)|HEAP_ALLOCATE|[47]|Bytes:5
11:51:00.1 (102307343)|VARIABLE_ASSIGNMENT|[47]|this.IsFavorite|false|0x3a8a2350
11:51:00.1 (102309883)|STATEMENT_EXECUTE|[48]
11:51:00.1 (102312487)|HEAP_ALLOCATE|[EXTERNAL]|Bytes:4
11:51:00.1 (102317794)|HEAP_ALLOCATE|[36]|Bytes:5
11:51:00.1 (102321990)|HEAP_ALLOCATE|[36]|Bytes:36
11:51:00.1 (102324821)|VARIABLE_SCOPE_BEGIN|[36]|j|Job__c|true|false
11:51:00.1 (102355532)|VARIABLE_ASSIGNMENT|[36]|j|{"LastModifiedDate":"2026-03-09T05:51:49.000Z","JobPosition__c":"テスト402求人タイトル求人タイトル求人 (28 more) ...","LastViewedDate":"2026-03-18T09:45:33.000Z","Id":"a0KBK00000Gexct2AB","MinAnnualSalary__c":500,"JobDescription__c":"テスト402仕事内容仕事内容仕事内容仕事 (30 more) ...","JobCategory1__c":"営業系","MaxAnnualSalary__c":400}|0x29bf24f8
11:51:00.1 (102363766)|STATEMENT_EXECUTE|[36]
11:51:00.1 (102364574)|STATEMENT_EXECUTE|[37]
11:51:00.1 (102366146)|HEAP_ALLOCATE|[37]|Bytes:44
11:51:00.1 (102369046)|CONSTRUCTOR_ENTRY|[37]|01pBK000001RGBP|<init>()|JobCardsController.JobWrapper
11:51:00.1 (102372261)|VARIABLE_SCOPE_BEGIN|[3]|this|JobCardsController.JobWrapper|true|false
11:51:00.1 (102380661)|VARIABLE_ASSIGNMENT|[3]|this|{}|0x6c0510ad
11:51:00.1 (102387342)|STATEMENT_EXECUTE|[3]
11:51:00.1 (102388188)|STATEMENT_EXECUTE|[4]
11:51:00.1 (102389041)|STATEMENT_EXECUTE|[5]
11:51:00.1 (102389851)|STATEMENT_EXECUTE|[6]
11:51:00.1 (102390661)|STATEMENT_EXECUTE|[7]
11:51:00.1 (102391610)|STATEMENT_EXECUTE|[8]
11:51:00.1 (102392413)|STATEMENT_EXECUTE|[9]
11:51:00.1 (102393191)|STATEMENT_EXECUTE|[10]
11:51:00.1 (102393995)|STATEMENT_EXECUTE|[11]
11:51:00.1 (102394778)|STATEMENT_EXECUTE|[12]
11:51:00.1 (102395559)|STATEMENT_EXECUTE|[13]
11:51:00.1 (102396936)|CONSTRUCTOR_EXIT|[37]|01pBK000001RGBP|<init>()|JobCardsController.JobWrapper
11:51:00.1 (102399824)|VARIABLE_SCOPE_BEGIN|[37]|wrapper|JobCardsController.JobWrapper|true|false
11:51:00.1 (102406332)|VARIABLE_ASSIGNMENT|[37]|wrapper|{}|0x6c0510ad
11:51:00.1 (102408973)|STATEMENT_EXECUTE|[38]
11:51:00.1 (102430708)|VARIABLE_ASSIGNMENT|[38]|this.Id|"a0KBK00000Gexct2AB"|0x6c0510ad
11:51:00.1 (102433885)|STATEMENT_EXECUTE|[39]
11:51:00.1 (102438029)|VARIABLE_ASSIGNMENT|[39]|this.JobPosition|"テスト402求人タイトル求人タイトル求人 (28 more) ..."|0x6c0510ad
11:51:00.1 (102440987)|STATEMENT_EXECUTE|[40]
11:51:00.1 (102443699)|VARIABLE_ASSIGNMENT|[40]|this.WorkLocation2|null|0x6c0510ad
11:51:00.1 (102446100)|STATEMENT_EXECUTE|[41]
11:51:00.1 (102448976)|VARIABLE_ASSIGNMENT|[41]|this.JobCategory1|"営業系"|0x6c0510ad
11:51:00.1 (102451826)|STATEMENT_EXECUTE|[42]
11:51:00.1 (102455691)|VARIABLE_ASSIGNMENT|[42]|this.MaxAnnualSalary|400|0x6c0510ad
11:51:00.1 (102458434)|STATEMENT_EXECUTE|[43]
11:51:00.1 (102461618)|VARIABLE_ASSIGNMENT|[43]|this.MinAnnualSalary|500|0x6c0510ad
11:51:00.1 (102464038)|STATEMENT_EXECUTE|[44]
11:51:00.1 (102467494)|VARIABLE_ASSIGNMENT|[44]|this.JobDescription|"テスト402仕事内容仕事内容仕事内容仕事 (30 more) ..."|0x6c0510ad
11:51:00.1 (102470432)|STATEMENT_EXECUTE|[45]
11:51:00.1 (102476656)|VARIABLE_ASSIGNMENT|[45]|this.LastModifiedDate|"2026-03-09T05:51:49.000Z"|0x6c0510ad
11:51:00.1 (102479493)|STATEMENT_EXECUTE|[46]
11:51:00.1 (102484161)|VARIABLE_ASSIGNMENT|[46]|this.LastViewedDate|"2026-03-18T09:45:33.000Z"|0x6c0510ad
11:51:00.1 (102486846)|STATEMENT_EXECUTE|[47]
11:51:00.1 (102492508)|HEAP_ALLOCATE|[47]|Bytes:5
11:51:00.1 (102495521)|VARIABLE_ASSIGNMENT|[47]|this.IsFavorite|false|0x6c0510ad
11:51:00.1 (102498026)|STATEMENT_EXECUTE|[48]
11:51:00.1 (102500525)|HEAP_ALLOCATE|[EXTERNAL]|Bytes:4
11:51:00.1 (102505764)|HEAP_ALLOCATE|[36]|Bytes:5
11:51:00.1 (102509849)|HEAP_ALLOCATE|[36]|Bytes:40
11:51:00.1 (102512276)|VARIABLE_SCOPE_BEGIN|[36]|j|Job__c|true|false
11:51:00.1 (102546306)|VARIABLE_ASSIGNMENT|[36]|j|{"LastModifiedDate":"2026-03-06T01:15:09.000Z","JobPosition__c":"千代田区(東京) 設備積算・大手サブコン (18 more) ...","WorkLocation2__c":"東京都千代田区","LastViewedDate":"2026-03-17T05:57:19.000Z","Id":"a0KBK00000GezgH2AR","MinAnnualSalary__c":400,"JobDescription__c":"事務所ビルや商業施設、工場など、多様な建 (105 more) ...","JobCategory1__c":"営業系","MaxAnnualSalary__c":650}|0x60ad0935
11:51:00.1 (102552849)|STATEMENT_EXECUTE|[36]
11:51:00.1 (102553639)|STATEMENT_EXECUTE|[37]
11:51:00.1 (102555110)|HEAP_ALLOCATE|[37]|Bytes:44
11:51:00.1 (102557738)|CONSTRUCTOR_ENTRY|[37]|01pBK000001RGBP|<init>()|JobCardsController.JobWrapper
11:51:00.1 (102560721)|VARIABLE_SCOPE_BEGIN|[3]|this|JobCardsController.JobWrapper|true|false
11:51:00.1 (102568933)|VARIABLE_ASSIGNMENT|[3]|this|{}|0x11fd4d46
11:51:00.1 (102575432)|STATEMENT_EXECUTE|[3]
11:51:00.1 (102576310)|STATEMENT_EXECUTE|[4]
11:51:00.1 (102577329)|STATEMENT_EXECUTE|[5]
11:51:00.1 (102578159)|STATEMENT_EXECUTE|[6]
11:51:00.1 (102578973)|STATEMENT_EXECUTE|[7]
11:51:00.1 (102579766)|STATEMENT_EXECUTE|[8]
11:51:00.1 (102580571)|STATEMENT_EXECUTE|[9]
11:51:00.1 (102581351)|STATEMENT_EXECUTE|[10]
11:51:00.1 (102582161)|STATEMENT_EXECUTE|[11]
11:51:00.1 (102582944)|STATEMENT_EXECUTE|[12]
11:51:00.1 (102583705)|STATEMENT_EXECUTE|[13]
11:51:00.1 (102585078)|CONSTRUCTOR_EXIT|[37]|01pBK000001RGBP|<init>()|JobCardsController.JobWrapper
11:51:00.1 (102587951)|VARIABLE_SCOPE_BEGIN|[37]|wrapper|JobCardsController.JobWrapper|true|false
11:51:00.1 (102594329)|VARIABLE_ASSIGNMENT|[37]|wrapper|{}|0x11fd4d46
11:51:00.1 (102597041)|STATEMENT_EXECUTE|[38]
11:51:00.1 (102618565)|VARIABLE_ASSIGNMENT|[38]|this.Id|"a0KBK00000GezgH2AR"|0x11fd4d46
11:51:00.1 (102621489)|STATEMENT_EXECUTE|[39]
11:51:00.1 (102625735)|VARIABLE_ASSIGNMENT|[39]|this.JobPosition|"千代田区(東京) 設備積算・大手サブコン (18 more) ..."|0x11fd4d46
11:51:00.1 (102628848)|STATEMENT_EXECUTE|[40]
11:51:00.1 (102632505)|VARIABLE_ASSIGNMENT|[40]|this.WorkLocation2|"東京都千代田区"|0x11fd4d46
11:51:00.1 (102635223)|STATEMENT_EXECUTE|[41]
11:51:00.1 (102638223)|VARIABLE_ASSIGNMENT|[41]|this.JobCategory1|"営業系"|0x11fd4d46
11:51:00.1 (102640863)|STATEMENT_EXECUTE|[42]
11:51:00.1 (102644950)|VARIABLE_ASSIGNMENT|[42]|this.MaxAnnualSalary|650|0x11fd4d46
11:51:00.1 (102647458)|STATEMENT_EXECUTE|[43]
11:51:00.1 (102650819)|VARIABLE_ASSIGNMENT|[43]|this.MinAnnualSalary|400|0x11fd4d46
11:51:00.1 (102653396)|STATEMENT_EXECUTE|[44]
11:51:00.1 (102657031)|VARIABLE_ASSIGNMENT|[44]|this.JobDescription|"事務所ビルや商業施設、工場など、多様な建 (105 more) ..."|0x11fd4d46
11:51:00.1 (102659932)|STATEMENT_EXECUTE|[45]
11:51:00.1 (102666391)|VARIABLE_ASSIGNMENT|[45]|this.LastModifiedDate|"2026-03-06T01:15:09.000Z"|0x11fd4d46
11:51:00.1 (102668991)|STATEMENT_EXECUTE|[46]
11:51:00.1 (102673933)|VARIABLE_ASSIGNMENT|[46]|this.LastViewedDate|"2026-03-17T05:57:19.000Z"|0x11fd4d46
11:51:00.1 (102676387)|STATEMENT_EXECUTE|[47]
11:51:00.1 (102682327)|HEAP_ALLOCATE|[47]|Bytes:5
11:51:00.1 (102685363)|VARIABLE_ASSIGNMENT|[47]|this.IsFavorite|false|0x11fd4d46
11:51:00.1 (102687800)|STATEMENT_EXECUTE|[48]
11:51:00.1 (102690288)|HEAP_ALLOCATE|[EXTERNAL]|Bytes:4
11:51:00.1 (102695411)|HEAP_ALLOCATE|[36]|Bytes:5
11:51:00.1 (102699538)|HEAP_ALLOCATE|[36]|Bytes:40
11:51:00.1 (102702063)|VARIABLE_SCOPE_BEGIN|[36]|j|Job__c|true|false
11:51:00.1 (102735517)|VARIABLE_ASSIGNMENT|[36]|j|{"LastModifiedDate":"2026-03-04T02:02:48.000Z","JobPosition__c":"テスト451求人タイトル求人タイトル求人 (235 more) ...","WorkLocation2__c":"444444","LastViewedDate":"2026-03-03T02:49:01.000Z","Id":"a0KBK00000Gexdg2AB","MinAnnualSalary__c":0,"JobDescription__c":"テスト451仕事内容仕事内容仕事内容仕事 (230 more) ...","JobCategory1__c":"経営幹部/企画/マーケティング系","MaxAnnualSalary__c":0}|0xc7d871e
11:51:00.1 (102742298)|STATEMENT_EXECUTE|[36]
11:51:00.1 (102743103)|STATEMENT_EXECUTE|[37]
11:51:00.1 (102744715)|HEAP_ALLOCATE|[37]|Bytes:44
11:51:00.1 (102747254)|CONSTRUCTOR_ENTRY|[37]|01pBK000001RGBP|<init>()|JobCardsController.JobWrapper
11:51:00.1 (102750349)|VARIABLE_SCOPE_BEGIN|[3]|this|JobCardsController.JobWrapper|true|false
11:51:00.1 (102758806)|VARIABLE_ASSIGNMENT|[3]|this|{}|0xce2b890
11:51:00.1 (102765133)|STATEMENT_EXECUTE|[3]
11:51:00.1 (102766037)|STATEMENT_EXECUTE|[4]
11:51:00.1 (102766831)|STATEMENT_EXECUTE|[5]
11:51:00.1 (102767642)|STATEMENT_EXECUTE|[6]
11:51:00.1 (102768456)|STATEMENT_EXECUTE|[7]
11:51:00.1 (102769306)|STATEMENT_EXECUTE|[8]
11:51:00.1 (102770091)|STATEMENT_EXECUTE|[9]
11:51:00.1 (102770837)|STATEMENT_EXECUTE|[10]
11:51:00.1 (102771675)|STATEMENT_EXECUTE|[11]
11:51:00.1 (102772466)|STATEMENT_EXECUTE|[12]
11:51:00.1 (102773241)|STATEMENT_EXECUTE|[13]
11:51:00.1 (102774701)|CONSTRUCTOR_EXIT|[37]|01pBK000001RGBP|<init>()|JobCardsController.JobWrapper
11:51:00.1 (102777532)|VARIABLE_SCOPE_BEGIN|[37]|wrapper|JobCardsController.JobWrapper|true|false
11:51:00.1 (102784190)|VARIABLE_ASSIGNMENT|[37]|wrapper|{}|0xce2b890
11:51:00.1 (102786859)|STATEMENT_EXECUTE|[38]
11:51:00.1 (102808456)|VARIABLE_ASSIGNMENT|[38]|this.Id|"a0KBK00000Gexdg2AB"|0xce2b890
11:51:00.1 (102811397)|STATEMENT_EXECUTE|[39]
11:51:00.1 (102815777)|VARIABLE_ASSIGNMENT|[39]|this.JobPosition|"テスト451求人タイトル求人タイトル求人 (235 more) ..."|0xce2b890
11:51:00.1 (102818793)|STATEMENT_EXECUTE|[40]
11:51:00.1 (102821999)|VARIABLE_ASSIGNMENT|[40]|this.WorkLocation2|"444444"|0xce2b890
11:51:00.1 (102824618)|STATEMENT_EXECUTE|[41]
11:51:00.1 (102827830)|VARIABLE_ASSIGNMENT|[41]|this.JobCategory1|"経営幹部/企画/マーケティング系"|0xce2b890
11:51:00.1 (102830663)|STATEMENT_EXECUTE|[42]
11:51:00.1 (102850179)|HEAP_ALLOCATE|[42]|Bytes:28
11:51:00.1 (102854729)|VARIABLE_ASSIGNMENT|[42]|this.MaxAnnualSalary|0|0xce2b890
11:51:00.1 (102857214)|STATEMENT_EXECUTE|[43]
11:51:00.1 (102859886)|HEAP_ALLOCATE|[43]|Bytes:28
11:51:00.1 (102863163)|VARIABLE_ASSIGNMENT|[43]|this.MinAnnualSalary|0|0xce2b890
11:51:00.1 (102865529)|STATEMENT_EXECUTE|[44]
11:51:00.1 (102869269)|VARIABLE_ASSIGNMENT|[44]|this.JobDescription|"テスト451仕事内容仕事内容仕事内容仕事 (230 more) ..."|0xce2b890
11:51:00.1 (102872632)|STATEMENT_EXECUTE|[45]
11:51:00.1 (102879186)|VARIABLE_ASSIGNMENT|[45]|this.LastModifiedDate|"2026-03-04T02:02:48.000Z"|0xce2b890
11:51:00.1 (102881849)|STATEMENT_EXECUTE|[46]
11:51:00.1 (102886632)|VARIABLE_ASSIGNMENT|[46]|this.LastViewedDate|"2026-03-03T02:49:01.000Z"|0xce2b890
11:51:00.1 (102889433)|STATEMENT_EXECUTE|[47]
11:51:00.1 (102894851)|HEAP_ALLOCATE|[47]|Bytes:5
11:51:00.1 (102897731)|VARIABLE_ASSIGNMENT|[47]|this.IsFavorite|false|0xce2b890
11:51:00.1 (102900291)|STATEMENT_EXECUTE|[48]
11:51:00.1 (102902771)|HEAP_ALLOCATE|[EXTERNAL]|Bytes:4
11:51:00.1 (102908150)|HEAP_ALLOCATE|[36]|Bytes:5
11:51:00.1 (102912198)|HEAP_ALLOCATE|[36]|Bytes:36
11:51:00.1 (102914822)|VARIABLE_SCOPE_BEGIN|[36]|j|Job__c|true|false
11:51:00.1 (102949796)|VARIABLE_ASSIGNMENT|[36]|j|{"LastModifiedDate":"2026-02-06T01:25:17.000Z","JobPosition__c":"テスト467求人タイトル求人タイトル求人 (28 more) ...","LastViewedDate":"2026-03-03T09:55:23.000Z","Id":"a0KBK00000Gexdw2AB","MinAnnualSalary__c":216,"JobDescription__c":"テスト467仕事内容仕事内容仕事内容仕事 (30 more) ...","JobCategory1__c":"管理部門/事務系","MaxAnnualSalary__c":0}|0x79c6cf8d
11:51:00.1 (102955974)|STATEMENT_EXECUTE|[36]
11:51:00.1 (102956781)|STATEMENT_EXECUTE|[37]
11:51:00.1 (102958219)|HEAP_ALLOCATE|[37]|Bytes:44
11:51:00.1 (102960768)|CONSTRUCTOR_ENTRY|[37]|01pBK000001RGBP|<init>()|JobCardsController.JobWrapper
11:51:00.1 (102963833)|VARIABLE_SCOPE_BEGIN|[3]|this|JobCardsController.JobWrapper|true|false
11:51:00.1 (102972194)|VARIABLE_ASSIGNMENT|[3]|this|{}|0x67998aff
11:51:00.1 (102978701)|STATEMENT_EXECUTE|[3]
11:51:00.1 (102979561)|STATEMENT_EXECUTE|[4]
11:51:00.1 (102980363)|STATEMENT_EXECUTE|[5]
11:51:00.1 (102981171)|STATEMENT_EXECUTE|[6]
11:51:00.1 (102982025)|STATEMENT_EXECUTE|[7]
11:51:00.1 (102982832)|STATEMENT_EXECUTE|[8]
11:51:00.1 (102983636)|STATEMENT_EXECUTE|[9]
11:51:00.1 (102984419)|STATEMENT_EXECUTE|[10]
11:51:00.1 (102985229)|STATEMENT_EXECUTE|[11]
11:51:00.1 (102986058)|STATEMENT_EXECUTE|[12]
11:51:00.1 (102986841)|STATEMENT_EXECUTE|[13]
11:51:00.1 (102988561)|CONSTRUCTOR_EXIT|[37]|01pBK000001RGBP|<init>()|JobCardsController.JobWrapper
11:51:00.1 (102991391)|VARIABLE_SCOPE_BEGIN|[37]|wrapper|JobCardsController.JobWrapper|true|false
11:51:00.1 (102998190)|VARIABLE_ASSIGNMENT|[37]|wrapper|{}|0x67998aff
11:51:00.1 (103000866)|STATEMENT_EXECUTE|[38]
11:51:00.1 (103023190)|VARIABLE_ASSIGNMENT|[38]|this.Id|"a0KBK00000Gexdw2AB"|0x67998aff
11:51:00.1 (103026156)|STATEMENT_EXECUTE|[39]
11:51:00.1 (103030476)|VARIABLE_ASSIGNMENT|[39]|this.JobPosition|"テスト467求人タイトル求人タイトル求人 (28 more) ..."|0x67998aff
11:51:00.1 (103033903)|STATEMENT_EXECUTE|[40]
11:51:00.1 (103036899)|VARIABLE_ASSIGNMENT|[40]|this.WorkLocation2|null|0x67998aff
11:51:00.1 (103039431)|STATEMENT_EXECUTE|[41]
11:51:00.1 (103042521)|VARIABLE_ASSIGNMENT|[41]|this.JobCategory1|"管理部門/事務系"|0x67998aff
11:51:00.1 (103045169)|STATEMENT_EXECUTE|[42]
11:51:00.1 (103048419)|HEAP_ALLOCATE|[42]|Bytes:28
11:51:00.1 (103052001)|VARIABLE_ASSIGNMENT|[42]|this.MaxAnnualSalary|0|0x67998aff
11:51:00.1 (103054347)|STATEMENT_EXECUTE|[43]
11:51:00.1 (103057729)|VARIABLE_ASSIGNMENT|[43]|this.MinAnnualSalary|216|0x67998aff
11:51:00.1 (103060256)|STATEMENT_EXECUTE|[44]
11:51:00.1 (103063864)|VARIABLE_ASSIGNMENT|[44]|this.JobDescription|"テスト467仕事内容仕事内容仕事内容仕事 (30 more) ..."|0x67998aff
11:51:00.1 (103066822)|STATEMENT_EXECUTE|[45]
11:51:00.1 (103073379)|VARIABLE_ASSIGNMENT|[45]|this.LastModifiedDate|"2026-02-06T01:25:17.000Z"|0x67998aff
11:51:00.1 (103076100)|STATEMENT_EXECUTE|[46]
11:51:00.1 (103080978)|VARIABLE_ASSIGNMENT|[46]|this.LastViewedDate|"2026-03-03T09:55:23.000Z"|0x67998aff
11:51:00.1 (103083573)|STATEMENT_EXECUTE|[47]
11:51:00.1 (103089045)|HEAP_ALLOCATE|[47]|Bytes:5
11:51:00.1 (103091898)|VARIABLE_ASSIGNMENT|[47]|this.IsFavorite|false|0x67998aff
11:51:00.1 (103094567)|STATEMENT_EXECUTE|[48]
11:51:00.1 (103097042)|HEAP_ALLOCATE|[EXTERNAL]|Bytes:4
11:51:00.1 (103102337)|HEAP_ALLOCATE|[36]|Bytes:5
11:51:00.1 (103106821)|HEAP_ALLOCATE|[36]|Bytes:36
11:51:00.1 (103109526)|VARIABLE_SCOPE_BEGIN|[36]|j|Job__c|true|false
11:51:00.1 (103140041)|VARIABLE_ASSIGNMENT|[36]|j|{"LastModifiedDate":"2026-02-05T00:50:25.000Z","JobPosition__c":"テスト297求人タイトル求人タイトル求人 (28 more) ...","LastViewedDate":"2026-03-03T09:55:10.000Z","Id":"a0KBK00000Gezpx2AB","MinAnnualSalary__c":350,"JobDescription__c":"テスト297仕事内容仕事内容仕事内容仕事 (30 more) ...","JobCategory1__c":"IT系（ソフトウェア/ネットワーク）","MaxAnnualSalary__c":600}|0x298ebca9
11:51:00.1 (103146531)|STATEMENT_EXECUTE|[36]
11:51:00.1 (103147353)|STATEMENT_EXECUTE|[37]
11:51:00.1 (103148875)|HEAP_ALLOCATE|[37]|Bytes:44
11:51:00.1 (103151403)|CONSTRUCTOR_ENTRY|[37]|01pBK000001RGBP|<init>()|JobCardsController.JobWrapper
11:51:00.1 (103154318)|VARIABLE_SCOPE_BEGIN|[3]|this|JobCardsController.JobWrapper|true|false
11:51:00.1 (103162558)|VARIABLE_ASSIGNMENT|[3]|this|{}|0x235d6ed9
11:51:00.1 (103168650)|STATEMENT_EXECUTE|[3]
11:51:00.1 (103169550)|STATEMENT_EXECUTE|[4]
11:51:00.1 (103170347)|STATEMENT_EXECUTE|[5]
11:51:00.1 (103171191)|STATEMENT_EXECUTE|[6]
11:51:00.1 (103172016)|STATEMENT_EXECUTE|[7]
11:51:00.1 (103172824)|STATEMENT_EXECUTE|[8]
11:51:00.1 (103173648)|STATEMENT_EXECUTE|[9]
11:51:00.1 (103174517)|STATEMENT_EXECUTE|[10]
11:51:00.1 (103175318)|STATEMENT_EXECUTE|[11]
11:51:00.1 (103176111)|STATEMENT_EXECUTE|[12]
11:51:00.1 (103176877)|STATEMENT_EXECUTE|[13]
11:51:00.1 (103178311)|CONSTRUCTOR_EXIT|[37]|01pBK000001RGBP|<init>()|JobCardsController.JobWrapper
11:51:00.1 (103181052)|VARIABLE_SCOPE_BEGIN|[37]|wrapper|JobCardsController.JobWrapper|true|false
11:51:00.1 (103187636)|VARIABLE_ASSIGNMENT|[37]|wrapper|{}|0x235d6ed9
11:51:00.1 (103190278)|STATEMENT_EXECUTE|[38]
11:51:00.1 (103211798)|VARIABLE_ASSIGNMENT|[38]|this.Id|"a0KBK00000Gezpx2AB"|0x235d6ed9
11:51:00.1 (103214891)|STATEMENT_EXECUTE|[39]
11:51:00.1 (103219060)|VARIABLE_ASSIGNMENT|[39]|this.JobPosition|"テスト297求人タイトル求人タイトル求人 (28 more) ..."|0x235d6ed9
11:51:00.1 (103222206)|STATEMENT_EXECUTE|[40]
11:51:00.1 (103225067)|VARIABLE_ASSIGNMENT|[40]|this.WorkLocation2|null|0x235d6ed9
11:51:00.1 (103227664)|STATEMENT_EXECUTE|[41]
11:51:00.1 (103230909)|VARIABLE_ASSIGNMENT|[41]|this.JobCategory1|"IT系（ソフトウェア/ネットワーク）"|0x235d6ed9
11:51:00.1 (103234043)|STATEMENT_EXECUTE|[42]
11:51:00.1 (103238051)|VARIABLE_ASSIGNMENT|[42]|this.MaxAnnualSalary|600|0x235d6ed9
11:51:00.1 (103240686)|STATEMENT_EXECUTE|[43]
11:51:00.1 (103243863)|VARIABLE_ASSIGNMENT|[43]|this.MinAnnualSalary|350|0x235d6ed9
11:51:00.1 (103246196)|STATEMENT_EXECUTE|[44]
11:51:00.1 (103249681)|VARIABLE_ASSIGNMENT|[44]|this.JobDescription|"テスト297仕事内容仕事内容仕事内容仕事 (30 more) ..."|0x235d6ed9
11:51:00.1 (103252714)|STATEMENT_EXECUTE|[45]
11:51:00.1 (103259347)|VARIABLE_ASSIGNMENT|[45]|this.LastModifiedDate|"2026-02-05T00:50:25.000Z"|0x235d6ed9
11:51:00.1 (103262085)|STATEMENT_EXECUTE|[46]
11:51:00.1 (103266843)|VARIABLE_ASSIGNMENT|[46]|this.LastViewedDate|"2026-03-03T09:55:10.000Z"|0x235d6ed9
11:51:00.1 (103269418)|STATEMENT_EXECUTE|[47]
11:51:00.1 (103275038)|HEAP_ALLOCATE|[47]|Bytes:5
11:51:00.1 (103277946)|VARIABLE_ASSIGNMENT|[47]|this.IsFavorite|false|0x235d6ed9
11:51:00.1 (103280702)|STATEMENT_EXECUTE|[48]
11:51:00.1 (103283245)|HEAP_ALLOCATE|[EXTERNAL]|Bytes:4
11:51:00.1 (103288650)|HEAP_ALLOCATE|[36]|Bytes:5
11:51:00.1 (103292577)|HEAP_ALLOCATE|[36]|Bytes:36
11:51:00.1 (103295041)|VARIABLE_SCOPE_BEGIN|[36]|j|Job__c|true|false
11:51:00.1 (103324691)|VARIABLE_ASSIGNMENT|[36]|j|{"LastModifiedDate":"2026-02-05T00:49:22.000Z","JobPosition__c":"テスト407求人タイトル求人タイトル求人 (28 more) ...","LastViewedDate":"2026-03-18T09:45:42.000Z","Id":"a0KBK00000Gexcy2AB","MinAnnualSalary__c":350,"JobDescription__c":"テスト407仕事内容仕事内容仕事内容仕事 (30 more) ...","JobCategory1__c":"営業系","MaxAnnualSalary__c":450}|0x2162ec0c
11:51:00.1 (103330449)|STATEMENT_EXECUTE|[36]
11:51:00.1 (103331253)|STATEMENT_EXECUTE|[37]
11:51:00.1 (103332650)|HEAP_ALLOCATE|[37]|Bytes:44
11:51:00.1 (103335286)|CONSTRUCTOR_ENTRY|[37]|01pBK000001RGBP|<init>()|JobCardsController.JobWrapper
11:51:00.1 (103338283)|VARIABLE_SCOPE_BEGIN|[3]|this|JobCardsController.JobWrapper|true|false
11:51:00.1 (103346618)|VARIABLE_ASSIGNMENT|[3]|this|{}|0x58b19089
11:51:00.1 (103352833)|STATEMENT_EXECUTE|[3]
11:51:00.1 (103353698)|STATEMENT_EXECUTE|[4]
11:51:00.1 (103354504)|STATEMENT_EXECUTE|[5]
11:51:00.1 (103355416)|STATEMENT_EXECUTE|[6]
11:51:00.1 (103356243)|STATEMENT_EXECUTE|[7]
11:51:00.1 (103357027)|STATEMENT_EXECUTE|[8]
11:51:00.1 (103357810)|STATEMENT_EXECUTE|[9]
11:51:00.1 (103358562)|STATEMENT_EXECUTE|[10]
11:51:00.1 (103359369)|STATEMENT_EXECUTE|[11]
11:51:00.1 (103360166)|STATEMENT_EXECUTE|[12]
11:51:00.1 (103360975)|STATEMENT_EXECUTE|[13]
11:51:00.1 (103362388)|CONSTRUCTOR_EXIT|[37]|01pBK000001RGBP|<init>()|JobCardsController.JobWrapper
11:51:00.1 (103365149)|VARIABLE_SCOPE_BEGIN|[37]|wrapper|JobCardsController.JobWrapper|true|false
11:51:00.1 (103371849)|VARIABLE_ASSIGNMENT|[37]|wrapper|{}|0x58b19089
11:51:00.1 (103374600)|STATEMENT_EXECUTE|[38]
11:51:00.1 (103395438)|VARIABLE_ASSIGNMENT|[38]|this.Id|"a0KBK00000Gexcy2AB"|0x58b19089
11:51:00.1 (103398343)|STATEMENT_EXECUTE|[39]
11:51:00.1 (103402626)|VARIABLE_ASSIGNMENT|[39]|this.JobPosition|"テスト407求人タイトル求人タイトル求人 (28 more) ..."|0x58b19089
11:51:00.1 (103405817)|STATEMENT_EXECUTE|[40]
11:51:00.1 (103408481)|VARIABLE_ASSIGNMENT|[40]|this.WorkLocation2|null|0x58b19089
11:51:00.1 (103410969)|STATEMENT_EXECUTE|[41]
11:51:00.1 (103414022)|VARIABLE_ASSIGNMENT|[41]|this.JobCategory1|"営業系"|0x58b19089
11:51:00.1 (103416927)|STATEMENT_EXECUTE|[42]
11:51:00.1 (103420877)|VARIABLE_ASSIGNMENT|[42]|this.MaxAnnualSalary|450|0x58b19089
11:51:00.1 (103423373)|STATEMENT_EXECUTE|[43]
11:51:00.1 (103426621)|VARIABLE_ASSIGNMENT|[43]|this.MinAnnualSalary|350|0x58b19089
11:51:00.1 (103429343)|STATEMENT_EXECUTE|[44]
11:51:00.1 (103432878)|VARIABLE_ASSIGNMENT|[44]|this.JobDescription|"テスト407仕事内容仕事内容仕事内容仕事 (30 more) ..."|0x58b19089
11:51:00.1 (103435666)|STATEMENT_EXECUTE|[45]
11:51:00.1 (103442084)|VARIABLE_ASSIGNMENT|[45]|this.LastModifiedDate|"2026-02-05T00:49:22.000Z"|0x58b19089
11:51:00.1 (103444775)|STATEMENT_EXECUTE|[46]
11:51:00.1 (103449737)|VARIABLE_ASSIGNMENT|[46]|this.LastViewedDate|"2026-03-18T09:45:42.000Z"|0x58b19089
11:51:00.1 (103452253)|STATEMENT_EXECUTE|[47]
11:51:00.1 (103458119)|HEAP_ALLOCATE|[47]|Bytes:5
11:51:00.1 (103461101)|VARIABLE_ASSIGNMENT|[47]|this.IsFavorite|false|0x58b19089
11:51:00.1 (103463748)|STATEMENT_EXECUTE|[48]
11:51:00.1 (103466250)|HEAP_ALLOCATE|[EXTERNAL]|Bytes:4
11:51:00.1 (103471550)|HEAP_ALLOCATE|[36]|Bytes:5
11:51:00.1 (103476662)|VARIABLE_ASSIGNMENT|[36]|j|null|
11:51:00.1 (103481582)|STATEMENT_EXECUTE|[50]
11:51:00.103 (103537848)|CUMULATIVE_LIMIT_USAGE
11:51:00.103 (103537848)|LIMIT_USAGE_FOR_NS|(default)|
  Number of SOQL queries: 2 out of 100
  Number of query rows: 11 out of 50000
  Number of SOSL queries: 0 out of 20
  Number of DML statements: 0 out of 150
  Number of Publish Immediate DML: 0 out of 150
  Number of DML rows: 0 out of 10000
  Maximum CPU time: 0 out of 10000
  Maximum heap size: 0 out of 6000000
  Number of callouts: 0 out of 100
  Number of Email Invocations: 0 out of 10
  Number of future calls: 0 out of 50
  Number of queueable jobs added to the queue: 0 out of 50
  Number of Mobile Apex push calls: 0 out of 10

11:51:00.103 (103537848)|CUMULATIVE_LIMIT_USAGE_END

11:51:00.1 (103576085)|CODE_UNIT_FINISHED|JobCardsController.getJobs()
11:51:00.1 (103744419)|CODE_UNIT_FINISHED|apex://JobCardsController/ACTION$getJobs
11:51:00.1 (103750134)|EXECUTION_FINISHED
