66.0 APEX_CODE,FINEST;APEX_PROFILING,INFO;CALLOUT,INFO;DATA_ACCESS,INFO;DB,INFO;NBA,INFO;SYSTEM,DEBUG;VALIDATION,INFO;VISUALFORCE,INFO;WAVE,INFO;WORKFLOW,INFO
15:50:38.0 (268357)|USER_INFO|[EXTERNAL]|0057F0000042UBb|ishibashi@hurex.co.jp.dev1|(GMT+09:00) 日本標準時 (Asia/Tokyo)|GMT+09:00
15:50:38.0 (304070)|EXECUTION_STARTED
15:50:38.0 (315570)|CODE_UNIT_STARTED|[EXTERNAL]|apex://RecentJobViewedController/ACTION$getRecentViewedJobs
15:50:38.0 (2053858)|CODE_UNIT_STARTED|[EXTERNAL]|01pBK000001RE9Z|RecentJobViewedController.getRecentViewedJobs()
15:50:38.0 (2482545)|HEAP_ALLOCATE|[95]|Bytes:3
15:50:38.0 (2573736)|HEAP_ALLOCATE|[100]|Bytes:152
15:50:38.0 (2588367)|HEAP_ALLOCATE|[417]|Bytes:408
15:50:38.0 (2599754)|HEAP_ALLOCATE|[430]|Bytes:408
15:50:38.0 (2619818)|HEAP_ALLOCATE|[317]|Bytes:6
15:50:38.0 (2630827)|HEAP_ALLOCATE|[EXTERNAL]|Bytes:1
15:50:38.0 (2647123)|METHOD_ENTRY|[1]|01pBK000001RE9Z|RecentJobViewedController.RecentJobViewedController()
15:50:38.0 (2654115)|STATEMENT_EXECUTE|[1]
15:50:38.0 (2659712)|STATEMENT_EXECUTE|[1]
15:50:38.0 (2685177)|HEAP_ALLOCATE|[68]|Bytes:5
15:50:38.0 (2714836)|HEAP_ALLOCATE|[74]|Bytes:5
15:50:38.0 (2719779)|HEAP_ALLOCATE|[82]|Bytes:7
15:50:38.0 (2901465)|HEAP_ALLOCATE|[EXTERNAL]|Bytes:5
15:50:38.0 (2916085)|METHOD_EXIT|[1]|RecentJobViewedController
15:50:38.0 (2931521)|HEAP_ALLOCATE|[4]|Bytes:5
15:50:38.0 (2935667)|STATEMENT_EXECUTE|[3]
15:50:38.0 (2937263)|STATEMENT_EXECUTE|[4]
15:50:38.0 (2938372)|STATEMENT_EXECUTE|[4]
15:50:38.0 (2939409)|STATEMENT_EXECUTE|[5]
15:50:38.0 (2942302)|HEAP_ALLOCATE|[5]|Bytes:137
15:50:38.0 (2964402)|HEAP_ALLOCATE|[5]|Bytes:4
15:50:38.0 (18505150)|SOQL_EXECUTE_BEGIN|[5]|Aggregations:0|SELECT Id, Name, JobPosition__c, LastViewedDate FROM Job__c WHERE LastViewedDate != NULL ORDER BY LastViewedDate DESC NULLS FIRST LIMIT 4
15:50:38.0 (37693077)|SOQL_EXECUTE_END|[5]|Rows:4
15:50:38.0 (37738617)|HEAP_ALLOCATE|[5]|Bytes:20
15:50:38.0 (37767972)|HEAP_ALLOCATE|[5]|Bytes:699
15:50:38.0 (37840012)|HEAP_ALLOCATE|[5]|Bytes:20
15:50:38.37 (37920061)|CUMULATIVE_LIMIT_USAGE
15:50:38.37 (37920061)|LIMIT_USAGE_FOR_NS|(default)|
  Number of SOQL queries: 1 out of 100
  Number of query rows: 4 out of 50000
  Number of SOSL queries: 0 out of 20
  Number of DML statements: 0 out of 0
  Number of Publish Immediate DML: 0 out of 150
  Number of DML rows: 0 out of 10000
  Maximum CPU time: 0 out of 10000
  Maximum heap size: 0 out of 6000000
  Number of callouts: 0 out of 100
  Number of Email Invocations: 0 out of 10
  Number of future calls: 0 out of 50
  Number of queueable jobs added to the queue: 0 out of 50
  Number of Mobile Apex push calls: 0 out of 10

15:50:38.37 (37920061)|CUMULATIVE_LIMIT_USAGE_END

15:50:38.0 (37949691)|CODE_UNIT_FINISHED|RecentJobViewedController.getRecentViewedJobs()
15:50:38.0 (38102176)|CODE_UNIT_FINISHED|apex://RecentJobViewedController/ACTION$getRecentViewedJobs
15:50:38.0 (38108927)|EXECUTION_FINISHED
