66.0 APEX_CODE,FINEST;APEX_PROFILING,INFO;CALLOUT,INFO;DATA_ACCESS,INFO;DB,INFO;NBA,INFO;SYSTEM,DEBUG;VALIDATION,INFO;VISUALFORCE,INFO;WAVE,INFO;WORKFLOW,INFO
18:27:18.0 (207738)|USER_INFO|[EXTERNAL]|0057F0000042UBb|ishibashi@hurex.co.jp.dev1|(GMT+09:00) 日本標準時 (Asia/Tokyo)|GMT+09:00
18:27:18.0 (241101)|EXECUTION_STARTED
18:27:18.0 (250764)|CODE_UNIT_STARTED|[EXTERNAL]|apex://RegistrationInfoController/ACTION$getPrefecturePicklistValues
18:27:18.0 (2604031)|CODE_UNIT_STARTED|[EXTERNAL]|01pBK000001mgyr|RegistrationInfoController.getPrefecturePicklistValues()
18:27:18.0 (2851538)|HEAP_ALLOCATE|[95]|Bytes:3
18:27:18.0 (2948351)|HEAP_ALLOCATE|[100]|Bytes:152
18:27:18.0 (2969687)|HEAP_ALLOCATE|[417]|Bytes:408
18:27:18.0 (2994521)|HEAP_ALLOCATE|[430]|Bytes:408
18:27:18.0 (3029211)|HEAP_ALLOCATE|[317]|Bytes:6
18:27:18.0 (3105976)|HEAP_ALLOCATE|[EXTERNAL]|Bytes:23
18:27:18.0 (3111329)|HEAP_ALLOCATE|[EXTERNAL]|Bytes:36
18:27:18.0 (3113980)|HEAP_ALLOCATE|[EXTERNAL]|Bytes:7
18:27:18.0 (3126587)|METHOD_ENTRY|[5]|01pBK000001mgyr|RegistrationInfoController.RegistrationInfoController()
18:27:18.0 (3138729)|STATEMENT_EXECUTE|[5]
18:27:18.0 (3144609)|STATEMENT_EXECUTE|[5]
18:27:18.0 (3169383)|HEAP_ALLOCATE|[68]|Bytes:5
18:27:18.0 (3193926)|HEAP_ALLOCATE|[74]|Bytes:5
18:27:18.0 (3198943)|HEAP_ALLOCATE|[82]|Bytes:7
18:27:18.0 (3367479)|HEAP_ALLOCATE|[EXTERNAL]|Bytes:5
18:27:18.0 (3373136)|STATEMENT_EXECUTE|[7]
18:27:18.0 (3384622)|METHOD_EXIT|[5]|RegistrationInfoController
18:27:18.0 (3399451)|HEAP_ALLOCATE|[97]|Bytes:5
18:27:18.0 (3402315)|STATEMENT_EXECUTE|[96]
18:27:18.0 (3403639)|STATEMENT_EXECUTE|[97]
18:27:18.0 (3406189)|HEAP_ALLOCATE|[97]|Bytes:7
18:27:18.0 (3409091)|HEAP_ALLOCATE|[97]|Bytes:7
18:27:18.0 (11819999)|HEAP_ALLOCATE|[97]|Bytes:7
18:27:18.0 (11866482)|METHOD_ENTRY|[97]|01pBK000001mgyr|RegistrationInfoController.getPicklistValuesWithEmpty(Schema.SObjectField, String)
18:27:18.0 (11901779)|VARIABLE_SCOPE_BEGIN|[110]|field|Schema.SObjectField|true|false
18:27:18.0 (12144229)|VARIABLE_ASSIGNMENT|[110]|field|"common.apex.runtime.impl.ApexFieldToken@2048e44b"|0x2048e44b
18:27:18.0 (12154051)|VARIABLE_SCOPE_BEGIN|[110]|emptyLabel|String|false|false
18:27:18.0 (12167247)|VARIABLE_ASSIGNMENT|[110]|emptyLabel|"都道府県を選択"
18:27:18.0 (12190113)|HEAP_ALLOCATE|[111]|Bytes:5
18:27:18.0 (12195807)|STATEMENT_EXECUTE|[110]
18:27:18.0 (12197250)|STATEMENT_EXECUTE|[111]
18:27:18.0 (12278176)|HEAP_ALLOCATE|[111]|Bytes:4
18:27:18.0 (12319165)|VARIABLE_SCOPE_BEGIN|[111]|options|List<Map<String,String>>|true|false
18:27:18.0 (12370472)|HEAP_ALLOCATE|[EXTERNAL]|Bytes:4
18:27:18.0 (12383628)|VARIABLE_ASSIGNMENT|[111]|options|[]|0x330ccada
18:27:18.0 (12387050)|STATEMENT_EXECUTE|[112]
18:27:18.0 (12396381)|HEAP_ALLOCATE|[112]|Bytes:4
18:27:18.0 (12402842)|VARIABLE_SCOPE_BEGIN|[112]|emptyOption|Map<String,String>|true|false
18:27:18.0 (12420774)|VARIABLE_ASSIGNMENT|[112]|emptyOption|{}|0x2b394151
18:27:18.0 (12424062)|STATEMENT_EXECUTE|[113]
18:27:18.0 (12441335)|HEAP_ALLOCATE|[113]|Bytes:5
18:27:18.0 (12494923)|HEAP_ALLOCATE|[EXTERNAL]|Bytes:-4
18:27:18.0 (12500706)|STATEMENT_EXECUTE|[114]
18:27:18.0 (12502288)|HEAP_ALLOCATE|[114]|Bytes:5
18:27:18.0 (12511788)|HEAP_ALLOCATE|[EXTERNAL]|Bytes:-4
18:27:18.0 (12514792)|STATEMENT_EXECUTE|[115]
18:27:18.0 (12526712)|HEAP_ALLOCATE|[EXTERNAL]|Bytes:4
18:27:18.0 (12530259)|STATEMENT_EXECUTE|[117]
18:27:18.0 (12531192)|STATEMENT_EXECUTE|[117]
18:27:18.0 (12532057)|STATEMENT_EXECUTE|[118]
18:27:18.0 (12593543)|SYSTEM_MODE_ENTER|true
18:27:18.0 (25138755)|HEAP_ALLOCATE|[EXTERNAL]|Bytes:4
18:27:18.0 (25279925)|HEAP_ALLOCATE|[118]|Bytes:8
18:27:18.0 (25311405)|VARIABLE_SCOPE_BEGIN|[118]|fieldResult|Schema.DescribeFieldResult|true|false
18:27:18.0 (29920807)|VARIABLE_ASSIGNMENT|[118]|fieldResult|"common.api.soap.wsdl.Field@5dc8dfc8"|0x2e603b1e
18:27:18.0 (30019898)|HEAP_ALLOCATE|[EXTERNAL]|Bytes:192
18:27:18.0 (30124773)|HEAP_ALLOCATE|[119]|Bytes:192
18:27:18.0 (30389261)|HEAP_ALLOCATE|[119]|Bytes:5
18:27:18.0 (30418307)|HEAP_ALLOCATE|[119]|Bytes:4
18:27:18.0 (30426656)|VARIABLE_SCOPE_BEGIN|[119]|entry|Schema.PicklistEntry|true|false
18:27:18.0 (30468154)|VARIABLE_ASSIGNMENT|[119]|entry|北海道|0x5e28e85f
18:27:18.0 (30475986)|STATEMENT_EXECUTE|[119]
18:27:18.0 (30477566)|STATEMENT_EXECUTE|[120]
18:27:18.0 (30494678)|HEAP_ALLOCATE|[120]|Bytes:4
18:27:18.0 (30504633)|VARIABLE_SCOPE_BEGIN|[120]|option|Map<String,String>|true|false
18:27:18.0 (30521268)|VARIABLE_ASSIGNMENT|[120]|option|{}|0x76f6ab70
18:27:18.0 (30524486)|STATEMENT_EXECUTE|[121]
18:27:18.0 (30541283)|HEAP_ALLOCATE|[121]|Bytes:3
18:27:18.0 (30581218)|HEAP_ALLOCATE|[EXTERNAL]|Bytes:-4
18:27:18.0 (30585730)|STATEMENT_EXECUTE|[122]
18:27:18.0 (30591566)|HEAP_ALLOCATE|[122]|Bytes:3
18:27:18.0 (30601058)|HEAP_ALLOCATE|[EXTERNAL]|Bytes:-4
18:27:18.0 (30604026)|STATEMENT_EXECUTE|[123]
18:27:18.0 (30618278)|HEAP_ALLOCATE|[EXTERNAL]|Bytes:4
18:27:18.0 (30625854)|HEAP_ALLOCATE|[119]|Bytes:5
18:27:18.0 (30632033)|HEAP_ALLOCATE|[119]|Bytes:4
18:27:18.0 (30635517)|VARIABLE_SCOPE_BEGIN|[119]|entry|Schema.PicklistEntry|true|false
18:27:18.0 (30641431)|VARIABLE_ASSIGNMENT|[119]|entry|青森県|0x281a9652
18:27:18.0 (30644666)|STATEMENT_EXECUTE|[119]
18:27:18.0 (30645515)|STATEMENT_EXECUTE|[120]
18:27:18.0 (30649343)|HEAP_ALLOCATE|[120]|Bytes:4
18:27:18.0 (30652415)|VARIABLE_SCOPE_BEGIN|[120]|option|Map<String,String>|true|false
18:27:18.0 (30657736)|VARIABLE_ASSIGNMENT|[120]|option|{}|0x625a2df2
18:27:18.0 (30660479)|STATEMENT_EXECUTE|[121]
18:27:18.0 (30662961)|HEAP_ALLOCATE|[121]|Bytes:3
18:27:18.0 (30667059)|HEAP_ALLOCATE|[EXTERNAL]|Bytes:-4
18:27:18.0 (30676699)|STATEMENT_EXECUTE|[122]
18:27:18.0 (30678999)|HEAP_ALLOCATE|[122]|Bytes:3
18:27:18.0 (30682379)|HEAP_ALLOCATE|[EXTERNAL]|Bytes:-4
18:27:18.0 (30684978)|STATEMENT_EXECUTE|[123]
18:27:18.0 (30687551)|HEAP_ALLOCATE|[EXTERNAL]|Bytes:4
18:27:18.0 (30692572)|HEAP_ALLOCATE|[119]|Bytes:5
18:27:18.0 (30696534)|HEAP_ALLOCATE|[119]|Bytes:4
18:27:18.0 (30699104)|VARIABLE_SCOPE_BEGIN|[119]|entry|Schema.PicklistEntry|true|false
18:27:18.0 (30703799)|VARIABLE_ASSIGNMENT|[119]|entry|岩手県|0x7ba94bf6
18:27:18.0 (30706644)|STATEMENT_EXECUTE|[119]
18:27:18.0 (30707440)|STATEMENT_EXECUTE|[120]
18:27:18.0 (30709991)|HEAP_ALLOCATE|[120]|Bytes:4
18:27:18.0 (30712310)|VARIABLE_SCOPE_BEGIN|[120]|option|Map<String,String>|true|false
18:27:18.0 (30716741)|VARIABLE_ASSIGNMENT|[120]|option|{}|0x38c7c2d8
18:27:18.0 (30719364)|STATEMENT_EXECUTE|[121]
18:27:18.0 (30721432)|HEAP_ALLOCATE|[121]|Bytes:3
18:27:18.0 (30725051)|HEAP_ALLOCATE|[EXTERNAL]|Bytes:-4
18:27:18.0 (30727631)|STATEMENT_EXECUTE|[122]
18:27:18.0 (30729298)|HEAP_ALLOCATE|[122]|Bytes:3
18:27:18.0 (30732296)|HEAP_ALLOCATE|[EXTERNAL]|Bytes:-4
18:27:18.0 (30734819)|STATEMENT_EXECUTE|[123]
18:27:18.0 (30737130)|HEAP_ALLOCATE|[EXTERNAL]|Bytes:4
18:27:18.0 (30741814)|HEAP_ALLOCATE|[119]|Bytes:5
18:27:18.0 (30745826)|HEAP_ALLOCATE|[119]|Bytes:4
18:27:18.0 (30748081)|VARIABLE_SCOPE_BEGIN|[119]|entry|Schema.PicklistEntry|true|false
18:27:18.0 (30752420)|VARIABLE_ASSIGNMENT|[119]|entry|宮城県|0x44137b94
18:27:18.0 (30755106)|STATEMENT_EXECUTE|[119]
18:27:18.0 (30755906)|STATEMENT_EXECUTE|[120]
18:27:18.0 (30758104)|HEAP_ALLOCATE|[120]|Bytes:4
18:27:18.0 (30760371)|VARIABLE_SCOPE_BEGIN|[120]|option|Map<String,String>|true|false
18:27:18.0 (30764674)|VARIABLE_ASSIGNMENT|[120]|option|{}|0x7715eb59
18:27:18.0 (30767104)|STATEMENT_EXECUTE|[121]
18:27:18.0 (30768759)|HEAP_ALLOCATE|[121]|Bytes:3
18:27:18.0 (30771946)|HEAP_ALLOCATE|[EXTERNAL]|Bytes:-4
18:27:18.0 (30774469)|STATEMENT_EXECUTE|[122]
18:27:18.0 (30776131)|HEAP_ALLOCATE|[122]|Bytes:3
18:27:18.0 (30779012)|HEAP_ALLOCATE|[EXTERNAL]|Bytes:-4
18:27:18.0 (30781520)|STATEMENT_EXECUTE|[123]
18:27:18.0 (30783542)|HEAP_ALLOCATE|[EXTERNAL]|Bytes:4
18:27:18.0 (30787832)|HEAP_ALLOCATE|[119]|Bytes:5
18:27:18.0 (30791452)|HEAP_ALLOCATE|[119]|Bytes:4
18:27:18.0 (30793578)|VARIABLE_SCOPE_BEGIN|[119]|entry|Schema.PicklistEntry|true|false
18:27:18.0 (30797627)|VARIABLE_ASSIGNMENT|[119]|entry|秋田県|0x46d2f8b6
18:27:18.0 (30800382)|STATEMENT_EXECUTE|[119]
18:27:18.0 (30801174)|STATEMENT_EXECUTE|[120]
18:27:18.0 (30806386)|HEAP_ALLOCATE|[120]|Bytes:4
18:27:18.0 (30808680)|VARIABLE_SCOPE_BEGIN|[120]|option|Map<String,String>|true|false
18:27:18.0 (30812953)|VARIABLE_ASSIGNMENT|[120]|option|{}|0x408533b6
18:27:18.0 (30815361)|STATEMENT_EXECUTE|[121]
18:27:18.0 (30817114)|HEAP_ALLOCATE|[121]|Bytes:3
18:27:18.0 (30820426)|HEAP_ALLOCATE|[EXTERNAL]|Bytes:-4
18:27:18.0 (30823013)|STATEMENT_EXECUTE|[122]
18:27:18.0 (30824696)|HEAP_ALLOCATE|[122]|Bytes:3
18:27:18.0 (30827636)|HEAP_ALLOCATE|[EXTERNAL]|Bytes:-4
18:27:18.0 (30830161)|STATEMENT_EXECUTE|[123]
18:27:18.0 (30832249)|HEAP_ALLOCATE|[EXTERNAL]|Bytes:4
18:27:18.0 (30836622)|HEAP_ALLOCATE|[119]|Bytes:5
18:27:18.0 (30840204)|HEAP_ALLOCATE|[119]|Bytes:4
18:27:18.0 (30842375)|VARIABLE_SCOPE_BEGIN|[119]|entry|Schema.PicklistEntry|true|false
18:27:18.0 (30846286)|VARIABLE_ASSIGNMENT|[119]|entry|山形県|0x1f152fe9
18:27:18.0 (30848973)|STATEMENT_EXECUTE|[119]
18:27:18.0 (30849821)|STATEMENT_EXECUTE|[120]
18:27:18.0 (30851983)|HEAP_ALLOCATE|[120]|Bytes:4
18:27:18.0 (30854105)|VARIABLE_SCOPE_BEGIN|[120]|option|Map<String,String>|true|false
18:27:18.0 (30858386)|VARIABLE_ASSIGNMENT|[120]|option|{}|0x47024071
18:27:18.0 (30861058)|STATEMENT_EXECUTE|[121]
18:27:18.0 (30862741)|HEAP_ALLOCATE|[121]|Bytes:3
18:27:18.0 (30865851)|HEAP_ALLOCATE|[EXTERNAL]|Bytes:-4
18:27:18.0 (30868441)|STATEMENT_EXECUTE|[122]
18:27:18.0 (30870100)|HEAP_ALLOCATE|[122]|Bytes:3
18:27:18.0 (30873021)|HEAP_ALLOCATE|[EXTERNAL]|Bytes:-4
18:27:18.0 (30875486)|STATEMENT_EXECUTE|[123]
18:27:18.0 (30877536)|HEAP_ALLOCATE|[EXTERNAL]|Bytes:4
18:27:18.0 (30881981)|HEAP_ALLOCATE|[119]|Bytes:5
18:27:18.0 (30885532)|HEAP_ALLOCATE|[119]|Bytes:4
18:27:18.0 (30887660)|VARIABLE_SCOPE_BEGIN|[119]|entry|Schema.PicklistEntry|true|false
18:27:18.0 (30891589)|VARIABLE_ASSIGNMENT|[119]|entry|福島県|0x1644176f
18:27:18.0 (30894381)|STATEMENT_EXECUTE|[119]
18:27:18.0 (30895172)|STATEMENT_EXECUTE|[120]
18:27:18.0 (30897369)|HEAP_ALLOCATE|[120]|Bytes:4
18:27:18.0 (30899580)|VARIABLE_SCOPE_BEGIN|[120]|option|Map<String,String>|true|false
18:27:18.0 (30903676)|VARIABLE_ASSIGNMENT|[120]|option|{}|0x7f358e92
18:27:18.0 (30906067)|STATEMENT_EXECUTE|[121]
18:27:18.0 (30907714)|HEAP_ALLOCATE|[121]|Bytes:3
18:27:18.0 (30910850)|HEAP_ALLOCATE|[EXTERNAL]|Bytes:-4
18:27:18.0 (30913318)|STATEMENT_EXECUTE|[122]
18:27:18.0 (30915007)|HEAP_ALLOCATE|[122]|Bytes:3
18:27:18.0 (30917861)|HEAP_ALLOCATE|[EXTERNAL]|Bytes:-4
18:27:18.0 (30920345)|STATEMENT_EXECUTE|[123]
18:27:18.0 (30922506)|HEAP_ALLOCATE|[EXTERNAL]|Bytes:4
18:27:18.0 (30926806)|HEAP_ALLOCATE|[119]|Bytes:5
18:27:18.0 (30932966)|HEAP_ALLOCATE|[119]|Bytes:4
18:27:18.0 (30935244)|VARIABLE_SCOPE_BEGIN|[119]|entry|Schema.PicklistEntry|true|false
18:27:18.0 (30939425)|VARIABLE_ASSIGNMENT|[119]|entry|茨城県|0x49e98cfa
18:27:18.0 (30942168)|STATEMENT_EXECUTE|[119]
18:27:18.0 (30942966)|STATEMENT_EXECUTE|[120]
18:27:18.0 (30945228)|HEAP_ALLOCATE|[120]|Bytes:4
18:27:18.0 (30947271)|VARIABLE_SCOPE_BEGIN|[120]|option|Map<String,String>|true|false
18:27:18.0 (30951801)|VARIABLE_ASSIGNMENT|[120]|option|{}|0x1cbd5c7e
18:27:18.0 (30954166)|STATEMENT_EXECUTE|[121]
18:27:18.0 (30955861)|HEAP_ALLOCATE|[121]|Bytes:3
18:27:18.0 (30959012)|HEAP_ALLOCATE|[EXTERNAL]|Bytes:-4
18:27:18.0 (30961581)|STATEMENT_EXECUTE|[122]
18:27:18.0 (30963241)|HEAP_ALLOCATE|[122]|Bytes:3
18:27:18.0 (30966127)|HEAP_ALLOCATE|[EXTERNAL]|Bytes:-4
18:27:18.0 (30968641)|STATEMENT_EXECUTE|[123]
18:27:18.0 (30970637)|HEAP_ALLOCATE|[EXTERNAL]|Bytes:4
18:27:18.0 (30974991)|HEAP_ALLOCATE|[119]|Bytes:5
18:27:18.0 (30978569)|HEAP_ALLOCATE|[119]|Bytes:4
18:27:18.0 (30980801)|VARIABLE_SCOPE_BEGIN|[119]|entry|Schema.PicklistEntry|true|false
18:27:18.0 (30984816)|VARIABLE_ASSIGNMENT|[119]|entry|栃木県|0x2a74dfe9
18:27:18.0 (30987503)|STATEMENT_EXECUTE|[119]
18:27:18.0 (30988331)|STATEMENT_EXECUTE|[120]
18:27:18.0 (30990481)|HEAP_ALLOCATE|[120]|Bytes:4
18:27:18.0 (30992514)|VARIABLE_SCOPE_BEGIN|[120]|option|Map<String,String>|true|false
18:27:18.0 (30996752)|VARIABLE_ASSIGNMENT|[120]|option|{}|0x79e6952b
18:27:18.0 (30999181)|STATEMENT_EXECUTE|[121]
18:27:18.0 (31000834)|HEAP_ALLOCATE|[121]|Bytes:3
18:27:18.0 (31004680)|HEAP_ALLOCATE|[EXTERNAL]|Bytes:-4
18:27:18.0 (31007245)|STATEMENT_EXECUTE|[122]
18:27:18.0 (31008967)|HEAP_ALLOCATE|[122]|Bytes:3
18:27:18.0 (31011862)|HEAP_ALLOCATE|[EXTERNAL]|Bytes:-4
18:27:18.0 (31014334)|STATEMENT_EXECUTE|[123]
18:27:18.0 (31016341)|HEAP_ALLOCATE|[EXTERNAL]|Bytes:4
18:27:18.0 (31021163)|HEAP_ALLOCATE|[119]|Bytes:5
18:27:18.0 (31024689)|HEAP_ALLOCATE|[119]|Bytes:4
18:27:18.0 (31026824)|VARIABLE_SCOPE_BEGIN|[119]|entry|Schema.PicklistEntry|true|false
18:27:18.0 (31030967)|VARIABLE_ASSIGNMENT|[119]|entry|群馬県|0x7ced48b1
18:27:18.0 (31033677)|STATEMENT_EXECUTE|[119]
18:27:18.0 (31034519)|STATEMENT_EXECUTE|[120]
18:27:18.0 (31037505)|HEAP_ALLOCATE|[120]|Bytes:4
18:27:18.0 (31040926)|VARIABLE_SCOPE_BEGIN|[120]|option|Map<String,String>|true|false
18:27:18.0 (31047573)|VARIABLE_ASSIGNMENT|[120]|option|{}|0xac5a5fe
18:27:18.0 (31054066)|STATEMENT_EXECUTE|[121]
18:27:18.0 (31057293)|HEAP_ALLOCATE|[121]|Bytes:3
18:27:18.0 (31062052)|HEAP_ALLOCATE|[EXTERNAL]|Bytes:-4
18:27:18.0 (31065437)|STATEMENT_EXECUTE|[122]
18:27:18.0 (31069020)|HEAP_ALLOCATE|[122]|Bytes:3
18:27:18.0 (31074813)|HEAP_ALLOCATE|[EXTERNAL]|Bytes:-4
18:27:18.0 (31078602)|STATEMENT_EXECUTE|[123]
18:27:18.0 (31081654)|HEAP_ALLOCATE|[EXTERNAL]|Bytes:4
18:27:18.0 (31088427)|HEAP_ALLOCATE|[119]|Bytes:5
18:27:18.0 (31093891)|HEAP_ALLOCATE|[119]|Bytes:4
18:27:18.0 (31096422)|VARIABLE_SCOPE_BEGIN|[119]|entry|Schema.PicklistEntry|true|false
18:27:18.0 (31100706)|VARIABLE_ASSIGNMENT|[119]|entry|埼玉県|0x642a8d8
18:27:18.0 (31103704)|STATEMENT_EXECUTE|[119]
18:27:18.0 (31104497)|STATEMENT_EXECUTE|[120]
18:27:18.0 (31107286)|HEAP_ALLOCATE|[120]|Bytes:4
18:27:18.0 (31109432)|VARIABLE_SCOPE_BEGIN|[120]|option|Map<String,String>|true|false
18:27:18.0 (31113764)|VARIABLE_ASSIGNMENT|[120]|option|{}|0x4b403af6
18:27:18.0 (31116440)|STATEMENT_EXECUTE|[121]
18:27:18.0 (31118364)|HEAP_ALLOCATE|[121]|Bytes:3
18:27:18.0 (31121912)|HEAP_ALLOCATE|[EXTERNAL]|Bytes:-4
18:27:18.0 (31124623)|STATEMENT_EXECUTE|[122]
18:27:18.0 (31126234)|HEAP_ALLOCATE|[122]|Bytes:3
18:27:18.0 (31129161)|HEAP_ALLOCATE|[EXTERNAL]|Bytes:-4
18:27:18.0 (31131656)|STATEMENT_EXECUTE|[123]
18:27:18.0 (31133716)|HEAP_ALLOCATE|[EXTERNAL]|Bytes:4
18:27:18.0 (31138165)|HEAP_ALLOCATE|[119]|Bytes:5
18:27:18.0 (31141612)|HEAP_ALLOCATE|[119]|Bytes:4
18:27:18.0 (31143743)|VARIABLE_SCOPE_BEGIN|[119]|entry|Schema.PicklistEntry|true|false
18:27:18.0 (31147862)|VARIABLE_ASSIGNMENT|[119]|entry|千葉県|0x5d7e4bef
18:27:18.0 (31150587)|STATEMENT_EXECUTE|[119]
18:27:18.0 (31151376)|STATEMENT_EXECUTE|[120]
18:27:18.0 (31153675)|HEAP_ALLOCATE|[120]|Bytes:4
18:27:18.0 (31155675)|VARIABLE_SCOPE_BEGIN|[120]|option|Map<String,String>|true|false
18:27:18.0 (31160134)|VARIABLE_ASSIGNMENT|[120]|option|{}|0x7a33ffeb
18:27:18.0 (31162535)|STATEMENT_EXECUTE|[121]
18:27:18.0 (31164134)|HEAP_ALLOCATE|[121]|Bytes:3
18:27:18.0 (31167306)|HEAP_ALLOCATE|[EXTERNAL]|Bytes:-4
18:27:18.0 (31169956)|STATEMENT_EXECUTE|[122]
18:27:18.0 (31171624)|HEAP_ALLOCATE|[122]|Bytes:3
18:27:18.0 (31174514)|HEAP_ALLOCATE|[EXTERNAL]|Bytes:-4
18:27:18.0 (31177049)|STATEMENT_EXECUTE|[123]
18:27:18.0 (31179086)|HEAP_ALLOCATE|[EXTERNAL]|Bytes:4
18:27:18.0 (31183476)|HEAP_ALLOCATE|[119]|Bytes:5
18:27:18.0 (31186985)|HEAP_ALLOCATE|[119]|Bytes:4
18:27:18.0 (31189068)|VARIABLE_SCOPE_BEGIN|[119]|entry|Schema.PicklistEntry|true|false
18:27:18.0 (31193026)|VARIABLE_ASSIGNMENT|[119]|entry|東京都|0x69a48c1d
18:27:18.0 (31198245)|STATEMENT_EXECUTE|[119]
18:27:18.0 (31199056)|STATEMENT_EXECUTE|[120]
18:27:18.0 (31201239)|HEAP_ALLOCATE|[120]|Bytes:4
18:27:18.0 (31203227)|VARIABLE_SCOPE_BEGIN|[120]|option|Map<String,String>|true|false
18:27:18.0 (31207398)|VARIABLE_ASSIGNMENT|[120]|option|{}|0x23f99c55
18:27:18.0 (31209799)|STATEMENT_EXECUTE|[121]
18:27:18.0 (31211461)|HEAP_ALLOCATE|[121]|Bytes:3
18:27:18.0 (31214479)|HEAP_ALLOCATE|[EXTERNAL]|Bytes:-4
18:27:18.0 (31216991)|STATEMENT_EXECUTE|[122]
18:27:18.0 (31218811)|HEAP_ALLOCATE|[122]|Bytes:3
18:27:18.0 (31221784)|HEAP_ALLOCATE|[EXTERNAL]|Bytes:-4
18:27:18.0 (31224275)|STATEMENT_EXECUTE|[123]
18:27:18.0 (31226351)|HEAP_ALLOCATE|[EXTERNAL]|Bytes:4
18:27:18.0 (31230829)|HEAP_ALLOCATE|[119]|Bytes:5
18:27:18.0 (31234548)|HEAP_ALLOCATE|[119]|Bytes:4
18:27:18.0 (31236656)|VARIABLE_SCOPE_BEGIN|[119]|entry|Schema.PicklistEntry|true|false
18:27:18.0 (31240759)|VARIABLE_ASSIGNMENT|[119]|entry|神奈川県|0xc779af6
18:27:18.0 (31243466)|STATEMENT_EXECUTE|[119]
18:27:18.0 (31244251)|STATEMENT_EXECUTE|[120]
18:27:18.0 (31246365)|HEAP_ALLOCATE|[120]|Bytes:4
18:27:18.0 (31248355)|VARIABLE_SCOPE_BEGIN|[120]|option|Map<String,String>|true|false
18:27:18.0 (31252460)|VARIABLE_ASSIGNMENT|[120]|option|{}|0x69def034
18:27:18.0 (31254845)|STATEMENT_EXECUTE|[121]
18:27:18.0 (31256466)|HEAP_ALLOCATE|[121]|Bytes:4
18:27:18.0 (31259507)|HEAP_ALLOCATE|[EXTERNAL]|Bytes:-4
18:27:18.0 (31262038)|STATEMENT_EXECUTE|[122]
18:27:18.0 (31263656)|HEAP_ALLOCATE|[122]|Bytes:4
18:27:18.0 (31266631)|HEAP_ALLOCATE|[EXTERNAL]|Bytes:-4
18:27:18.0 (31269092)|STATEMENT_EXECUTE|[123]
18:27:18.0 (31271116)|HEAP_ALLOCATE|[EXTERNAL]|Bytes:4
18:27:18.0 (31275296)|HEAP_ALLOCATE|[119]|Bytes:5
18:27:18.0 (31278797)|HEAP_ALLOCATE|[119]|Bytes:4
18:27:18.0 (31280923)|VARIABLE_SCOPE_BEGIN|[119]|entry|Schema.PicklistEntry|true|false
18:27:18.0 (31284791)|VARIABLE_ASSIGNMENT|[119]|entry|新潟県|0x24575d76
18:27:18.0 (31287454)|STATEMENT_EXECUTE|[119]
18:27:18.0 (31288243)|STATEMENT_EXECUTE|[120]
18:27:18.0 (31290361)|HEAP_ALLOCATE|[120]|Bytes:4
18:27:18.0 (31292405)|VARIABLE_SCOPE_BEGIN|[120]|option|Map<String,String>|true|false
18:27:18.0 (31296550)|VARIABLE_ASSIGNMENT|[120]|option|{}|0x4b23769d
18:27:18.0 (31299161)|STATEMENT_EXECUTE|[121]
18:27:18.0 (31300727)|HEAP_ALLOCATE|[121]|Bytes:3
18:27:18.0 (31303779)|HEAP_ALLOCATE|[EXTERNAL]|Bytes:-4
18:27:18.0 (31306288)|STATEMENT_EXECUTE|[122]
18:27:18.0 (31307886)|HEAP_ALLOCATE|[122]|Bytes:3
18:27:18.0 (31310759)|HEAP_ALLOCATE|[EXTERNAL]|Bytes:-4
18:27:18.0 (31315842)|STATEMENT_EXECUTE|[123]
18:27:18.0 (31317911)|HEAP_ALLOCATE|[EXTERNAL]|Bytes:4
18:27:18.0 (31322163)|HEAP_ALLOCATE|[119]|Bytes:5
18:27:18.0 (31325775)|HEAP_ALLOCATE|[119]|Bytes:4
18:27:18.0 (31327874)|VARIABLE_SCOPE_BEGIN|[119]|entry|Schema.PicklistEntry|true|false
18:27:18.0 (31332091)|VARIABLE_ASSIGNMENT|[119]|entry|富山県|0x7b33f525
18:27:18.0 (31334774)|STATEMENT_EXECUTE|[119]
18:27:18.0 (31335566)|STATEMENT_EXECUTE|[120]
18:27:18.0 (31337931)|HEAP_ALLOCATE|[120]|Bytes:4
18:27:18.0 (31339981)|VARIABLE_SCOPE_BEGIN|[120]|option|Map<String,String>|true|false
18:27:18.0 (31344491)|VARIABLE_ASSIGNMENT|[120]|option|{}|0x65f2e527
18:27:18.0 (31347064)|STATEMENT_EXECUTE|[121]
18:27:18.0 (31348703)|HEAP_ALLOCATE|[121]|Bytes:3
18:27:18.0 (31351746)|HEAP_ALLOCATE|[EXTERNAL]|Bytes:-4
18:27:18.0 (31354423)|STATEMENT_EXECUTE|[122]
18:27:18.0 (31356000)|HEAP_ALLOCATE|[122]|Bytes:3
18:27:18.0 (31358942)|HEAP_ALLOCATE|[EXTERNAL]|Bytes:-4
18:27:18.0 (31361431)|STATEMENT_EXECUTE|[123]
18:27:18.0 (31363606)|HEAP_ALLOCATE|[EXTERNAL]|Bytes:4
18:27:18.0 (31367881)|HEAP_ALLOCATE|[119]|Bytes:5
18:27:18.0 (31371466)|HEAP_ALLOCATE|[119]|Bytes:4
18:27:18.0 (31373602)|VARIABLE_SCOPE_BEGIN|[119]|entry|Schema.PicklistEntry|true|false
18:27:18.0 (31377589)|VARIABLE_ASSIGNMENT|[119]|entry|石川県|0x7bd0b802
18:27:18.0 (31380319)|STATEMENT_EXECUTE|[119]
18:27:18.0 (31381116)|STATEMENT_EXECUTE|[120]
18:27:18.0 (31383133)|HEAP_ALLOCATE|[120]|Bytes:4
18:27:18.0 (31385136)|VARIABLE_SCOPE_BEGIN|[120]|option|Map<String,String>|true|false
18:27:18.0 (31389201)|VARIABLE_ASSIGNMENT|[120]|option|{}|0x2b17ae7b
18:27:18.0 (31391626)|STATEMENT_EXECUTE|[121]
18:27:18.0 (31393212)|HEAP_ALLOCATE|[121]|Bytes:3
18:27:18.0 (31396297)|HEAP_ALLOCATE|[EXTERNAL]|Bytes:-4
18:27:18.0 (31398808)|STATEMENT_EXECUTE|[122]
18:27:18.0 (31400491)|HEAP_ALLOCATE|[122]|Bytes:3
18:27:18.0 (31403420)|HEAP_ALLOCATE|[EXTERNAL]|Bytes:-4
18:27:18.0 (31405896)|STATEMENT_EXECUTE|[123]
18:27:18.0 (31407952)|HEAP_ALLOCATE|[EXTERNAL]|Bytes:4
18:27:18.0 (31412269)|HEAP_ALLOCATE|[119]|Bytes:5
18:27:18.0 (31415813)|HEAP_ALLOCATE|[119]|Bytes:4
18:27:18.0 (31417918)|VARIABLE_SCOPE_BEGIN|[119]|entry|Schema.PicklistEntry|true|false
18:27:18.0 (31421814)|VARIABLE_ASSIGNMENT|[119]|entry|福井県|0x4fe9fce1
18:27:18.0 (31424482)|STATEMENT_EXECUTE|[119]
18:27:18.0 (31425297)|STATEMENT_EXECUTE|[120]
18:27:18.0 (31427401)|HEAP_ALLOCATE|[120]|Bytes:4
18:27:18.0 (31429420)|VARIABLE_SCOPE_BEGIN|[120]|option|Map<String,String>|true|false
18:27:18.0 (31433815)|VARIABLE_ASSIGNMENT|[120]|option|{}|0x3dc0e3e6
18:27:18.0 (31438599)|STATEMENT_EXECUTE|[121]
18:27:18.0 (31440205)|HEAP_ALLOCATE|[121]|Bytes:3
18:27:18.0 (31443237)|HEAP_ALLOCATE|[EXTERNAL]|Bytes:-4
18:27:18.0 (31445818)|STATEMENT_EXECUTE|[122]
18:27:18.0 (31447485)|HEAP_ALLOCATE|[122]|Bytes:3
18:27:18.0 (31450455)|HEAP_ALLOCATE|[EXTERNAL]|Bytes:-4
18:27:18.0 (31452953)|STATEMENT_EXECUTE|[123]
18:27:18.0 (31455006)|HEAP_ALLOCATE|[EXTERNAL]|Bytes:4
18:27:18.0 (31459370)|HEAP_ALLOCATE|[119]|Bytes:5
18:27:18.0 (31462831)|HEAP_ALLOCATE|[119]|Bytes:4
18:27:18.0 (31465029)|VARIABLE_SCOPE_BEGIN|[119]|entry|Schema.PicklistEntry|true|false
18:27:18.0 (31469048)|VARIABLE_ASSIGNMENT|[119]|entry|山梨県|0x43ae5cf4
18:27:18.0 (31471940)|STATEMENT_EXECUTE|[119]
18:27:18.0 (31472743)|STATEMENT_EXECUTE|[120]
18:27:18.0 (31474892)|HEAP_ALLOCATE|[120]|Bytes:4
18:27:18.0 (31476866)|VARIABLE_SCOPE_BEGIN|[120]|option|Map<String,String>|true|false
18:27:18.0 (31481164)|VARIABLE_ASSIGNMENT|[120]|option|{}|0x55dc468c
18:27:18.0 (31483524)|STATEMENT_EXECUTE|[121]
18:27:18.0 (31485086)|HEAP_ALLOCATE|[121]|Bytes:3
18:27:18.0 (31488076)|HEAP_ALLOCATE|[EXTERNAL]|Bytes:-4
18:27:18.0 (31490601)|STATEMENT_EXECUTE|[122]
18:27:18.0 (31492230)|HEAP_ALLOCATE|[122]|Bytes:3
18:27:18.0 (31495126)|HEAP_ALLOCATE|[EXTERNAL]|Bytes:-4
18:27:18.0 (31497644)|STATEMENT_EXECUTE|[123]
18:27:18.0 (31499789)|HEAP_ALLOCATE|[EXTERNAL]|Bytes:4
18:27:18.0 (31504254)|HEAP_ALLOCATE|[119]|Bytes:5
18:27:18.0 (31507898)|HEAP_ALLOCATE|[119]|Bytes:4
18:27:18.0 (31510015)|VARIABLE_SCOPE_BEGIN|[119]|entry|Schema.PicklistEntry|true|false
18:27:18.0 (31514196)|VARIABLE_ASSIGNMENT|[119]|entry|長野県|0x5552b622
18:27:18.0 (31516870)|STATEMENT_EXECUTE|[119]
18:27:18.0 (31517679)|STATEMENT_EXECUTE|[120]
18:27:18.0 (31519741)|HEAP_ALLOCATE|[120]|Bytes:4
18:27:18.0 (31521791)|VARIABLE_SCOPE_BEGIN|[120]|option|Map<String,String>|true|false
18:27:18.0 (31525991)|VARIABLE_ASSIGNMENT|[120]|option|{}|0x6fb7a0bd
18:27:18.0 (31528522)|STATEMENT_EXECUTE|[121]
18:27:18.0 (31530114)|HEAP_ALLOCATE|[121]|Bytes:3
18:27:18.0 (31533151)|HEAP_ALLOCATE|[EXTERNAL]|Bytes:-4
18:27:18.0 (31535646)|STATEMENT_EXECUTE|[122]
18:27:18.0 (31537331)|HEAP_ALLOCATE|[122]|Bytes:3
18:27:18.0 (31540251)|HEAP_ALLOCATE|[EXTERNAL]|Bytes:-4
18:27:18.0 (31542749)|STATEMENT_EXECUTE|[123]
18:27:18.0 (31544831)|HEAP_ALLOCATE|[EXTERNAL]|Bytes:4
18:27:18.0 (31549106)|HEAP_ALLOCATE|[119]|Bytes:5
18:27:18.0 (31552875)|HEAP_ALLOCATE|[119]|Bytes:4
18:27:18.0 (31555040)|VARIABLE_SCOPE_BEGIN|[119]|entry|Schema.PicklistEntry|true|false
18:27:18.0 (31561446)|VARIABLE_ASSIGNMENT|[119]|entry|岐阜県|0x5ecf0843
18:27:18.0 (31564079)|STATEMENT_EXECUTE|[119]
18:27:18.0 (31564881)|STATEMENT_EXECUTE|[120]
18:27:18.0 (31566963)|HEAP_ALLOCATE|[120]|Bytes:4
18:27:18.0 (31568996)|VARIABLE_SCOPE_BEGIN|[120]|option|Map<String,String>|true|false
18:27:18.0 (31573107)|VARIABLE_ASSIGNMENT|[120]|option|{}|0x6990dd30
18:27:18.0 (31575539)|STATEMENT_EXECUTE|[121]
18:27:18.0 (31577245)|HEAP_ALLOCATE|[121]|Bytes:3
18:27:18.0 (31580237)|HEAP_ALLOCATE|[EXTERNAL]|Bytes:-4
18:27:18.0 (31582747)|STATEMENT_EXECUTE|[122]
18:27:18.0 (31584358)|HEAP_ALLOCATE|[122]|Bytes:3
18:27:18.0 (31587326)|HEAP_ALLOCATE|[EXTERNAL]|Bytes:-4
18:27:18.0 (31589818)|STATEMENT_EXECUTE|[123]
18:27:18.0 (31591836)|HEAP_ALLOCATE|[EXTERNAL]|Bytes:4
18:27:18.0 (31596041)|HEAP_ALLOCATE|[119]|Bytes:5
18:27:18.0 (31599645)|HEAP_ALLOCATE|[119]|Bytes:4
18:27:18.0 (31601733)|VARIABLE_SCOPE_BEGIN|[119]|entry|Schema.PicklistEntry|true|false
18:27:18.0 (31605734)|VARIABLE_ASSIGNMENT|[119]|entry|静岡県|0x29339586
18:27:18.0 (31608499)|STATEMENT_EXECUTE|[119]
18:27:18.0 (31609360)|STATEMENT_EXECUTE|[120]
18:27:18.0 (31611412)|HEAP_ALLOCATE|[120]|Bytes:4
18:27:18.0 (31613448)|VARIABLE_SCOPE_BEGIN|[120]|option|Map<String,String>|true|false
18:27:18.0 (31617509)|VARIABLE_ASSIGNMENT|[120]|option|{}|0x7bd36a55
18:27:18.0 (31619864)|STATEMENT_EXECUTE|[121]
18:27:18.0 (31621437)|HEAP_ALLOCATE|[121]|Bytes:3
18:27:18.0 (31624516)|HEAP_ALLOCATE|[EXTERNAL]|Bytes:-4
18:27:18.0 (31627069)|STATEMENT_EXECUTE|[122]
18:27:18.0 (31628826)|HEAP_ALLOCATE|[122]|Bytes:3
18:27:18.0 (31631763)|HEAP_ALLOCATE|[EXTERNAL]|Bytes:-4
18:27:18.0 (31634241)|STATEMENT_EXECUTE|[123]
18:27:18.0 (31636249)|HEAP_ALLOCATE|[EXTERNAL]|Bytes:4
18:27:18.0 (31640494)|HEAP_ALLOCATE|[119]|Bytes:5
18:27:18.0 (31643966)|HEAP_ALLOCATE|[119]|Bytes:4
18:27:18.0 (31646061)|VARIABLE_SCOPE_BEGIN|[119]|entry|Schema.PicklistEntry|true|false
18:27:18.0 (31649898)|VARIABLE_ASSIGNMENT|[119]|entry|愛知県|0x5df8f87c
18:27:18.0 (31652515)|STATEMENT_EXECUTE|[119]
18:27:18.0 (31653376)|STATEMENT_EXECUTE|[120]
18:27:18.0 (31655449)|HEAP_ALLOCATE|[120]|Bytes:4
18:27:18.0 (31657460)|VARIABLE_SCOPE_BEGIN|[120]|option|Map<String,String>|true|false
18:27:18.0 (31661581)|VARIABLE_ASSIGNMENT|[120]|option|{}|0x326ec7ae
18:27:18.0 (31663962)|STATEMENT_EXECUTE|[121]
18:27:18.0 (31665531)|HEAP_ALLOCATE|[121]|Bytes:3
18:27:18.0 (31668634)|HEAP_ALLOCATE|[EXTERNAL]|Bytes:-4
18:27:18.0 (31671151)|STATEMENT_EXECUTE|[122]
18:27:18.0 (31672824)|HEAP_ALLOCATE|[122]|Bytes:3
18:27:18.0 (31678016)|HEAP_ALLOCATE|[EXTERNAL]|Bytes:-4
18:27:18.0 (31680488)|STATEMENT_EXECUTE|[123]
18:27:18.0 (31682571)|HEAP_ALLOCATE|[EXTERNAL]|Bytes:4
18:27:18.0 (31686769)|HEAP_ALLOCATE|[119]|Bytes:5
18:27:18.0 (31690201)|HEAP_ALLOCATE|[119]|Bytes:4
18:27:18.0 (31692327)|VARIABLE_SCOPE_BEGIN|[119]|entry|Schema.PicklistEntry|true|false
18:27:18.0 (31696329)|VARIABLE_ASSIGNMENT|[119]|entry|三重県|0x744fbc0
18:27:18.0 (31699050)|STATEMENT_EXECUTE|[119]
18:27:18.0 (31699839)|STATEMENT_EXECUTE|[120]
18:27:18.0 (31701911)|HEAP_ALLOCATE|[120]|Bytes:4
18:27:18.0 (31703960)|VARIABLE_SCOPE_BEGIN|[120]|option|Map<String,String>|true|false
18:27:18.0 (31708186)|VARIABLE_ASSIGNMENT|[120]|option|{}|0x6725a8bf
18:27:18.0 (31710763)|STATEMENT_EXECUTE|[121]
18:27:18.0 (31712438)|HEAP_ALLOCATE|[121]|Bytes:3
18:27:18.0 (31715438)|HEAP_ALLOCATE|[EXTERNAL]|Bytes:-4
18:27:18.0 (31717954)|STATEMENT_EXECUTE|[122]
18:27:18.0 (31719522)|HEAP_ALLOCATE|[122]|Bytes:3
18:27:18.0 (31722451)|HEAP_ALLOCATE|[EXTERNAL]|Bytes:-4
18:27:18.0 (31724934)|STATEMENT_EXECUTE|[123]
18:27:18.0 (31726946)|HEAP_ALLOCATE|[EXTERNAL]|Bytes:4
18:27:18.0 (31731184)|HEAP_ALLOCATE|[119]|Bytes:5
18:27:18.0 (31734758)|HEAP_ALLOCATE|[119]|Bytes:4
18:27:18.0 (31736873)|VARIABLE_SCOPE_BEGIN|[119]|entry|Schema.PicklistEntry|true|false
18:27:18.0 (31740728)|VARIABLE_ASSIGNMENT|[119]|entry|滋賀県|0x7d04873f
18:27:18.0 (31743319)|STATEMENT_EXECUTE|[119]
18:27:18.0 (31744104)|STATEMENT_EXECUTE|[120]
18:27:18.0 (31746139)|HEAP_ALLOCATE|[120]|Bytes:4
18:27:18.0 (31748167)|VARIABLE_SCOPE_BEGIN|[120]|option|Map<String,String>|true|false
18:27:18.0 (31752442)|VARIABLE_ASSIGNMENT|[120]|option|{}|0x39136c86
18:27:18.0 (31755021)|STATEMENT_EXECUTE|[121]
18:27:18.0 (31756598)|HEAP_ALLOCATE|[121]|Bytes:3
18:27:18.0 (31759661)|HEAP_ALLOCATE|[EXTERNAL]|Bytes:-4
18:27:18.0 (31762151)|STATEMENT_EXECUTE|[122]
18:27:18.0 (31763744)|HEAP_ALLOCATE|[122]|Bytes:3
18:27:18.0 (31766602)|HEAP_ALLOCATE|[EXTERNAL]|Bytes:-4
18:27:18.0 (31769076)|STATEMENT_EXECUTE|[123]
18:27:18.0 (31771145)|HEAP_ALLOCATE|[EXTERNAL]|Bytes:4
18:27:18.0 (31775396)|HEAP_ALLOCATE|[119]|Bytes:5
18:27:18.0 (31778909)|HEAP_ALLOCATE|[119]|Bytes:4
18:27:18.0 (31781196)|VARIABLE_SCOPE_BEGIN|[119]|entry|Schema.PicklistEntry|true|false
18:27:18.0 (31785181)|VARIABLE_ASSIGNMENT|[119]|entry|京都府|0x19290a9f
18:27:18.0 (31787791)|STATEMENT_EXECUTE|[119]
18:27:18.0 (31788578)|STATEMENT_EXECUTE|[120]
18:27:18.0 (31790642)|HEAP_ALLOCATE|[120]|Bytes:4
18:27:18.0 (31792773)|VARIABLE_SCOPE_BEGIN|[120]|option|Map<String,String>|true|false
18:27:18.0 (31799131)|VARIABLE_ASSIGNMENT|[120]|option|{}|0x53032955
18:27:18.0 (31801683)|STATEMENT_EXECUTE|[121]
18:27:18.0 (31803340)|HEAP_ALLOCATE|[121]|Bytes:3
18:27:18.0 (31806421)|HEAP_ALLOCATE|[EXTERNAL]|Bytes:-4
18:27:18.0 (31808987)|STATEMENT_EXECUTE|[122]
18:27:18.0 (31810615)|HEAP_ALLOCATE|[122]|Bytes:3
18:27:18.0 (31813548)|HEAP_ALLOCATE|[EXTERNAL]|Bytes:-4
18:27:18.0 (31816031)|STATEMENT_EXECUTE|[123]
18:27:18.0 (31818079)|HEAP_ALLOCATE|[EXTERNAL]|Bytes:4
18:27:18.0 (31822381)|HEAP_ALLOCATE|[119]|Bytes:5
18:27:18.0 (31825860)|HEAP_ALLOCATE|[119]|Bytes:4
18:27:18.0 (31827982)|VARIABLE_SCOPE_BEGIN|[119]|entry|Schema.PicklistEntry|true|false
18:27:18.0 (31832042)|VARIABLE_ASSIGNMENT|[119]|entry|大阪府|0xa677175
18:27:18.0 (31834686)|STATEMENT_EXECUTE|[119]
18:27:18.0 (31835516)|STATEMENT_EXECUTE|[120]
18:27:18.0 (31837591)|HEAP_ALLOCATE|[120]|Bytes:4
18:27:18.0 (31839602)|VARIABLE_SCOPE_BEGIN|[120]|option|Map<String,String>|true|false
18:27:18.0 (31843745)|VARIABLE_ASSIGNMENT|[120]|option|{}|0x28b24be3
18:27:18.0 (31846334)|STATEMENT_EXECUTE|[121]
18:27:18.0 (31847913)|HEAP_ALLOCATE|[121]|Bytes:3
18:27:18.0 (31851022)|HEAP_ALLOCATE|[EXTERNAL]|Bytes:-4
18:27:18.0 (31853523)|STATEMENT_EXECUTE|[122]
18:27:18.0 (31855244)|HEAP_ALLOCATE|[122]|Bytes:3
18:27:18.0 (31858131)|HEAP_ALLOCATE|[EXTERNAL]|Bytes:-4
18:27:18.0 (31860626)|STATEMENT_EXECUTE|[123]
18:27:18.0 (31862659)|HEAP_ALLOCATE|[EXTERNAL]|Bytes:4
18:27:18.0 (31866983)|HEAP_ALLOCATE|[119]|Bytes:5
18:27:18.0 (31870526)|HEAP_ALLOCATE|[119]|Bytes:4
18:27:18.0 (31872643)|VARIABLE_SCOPE_BEGIN|[119]|entry|Schema.PicklistEntry|true|false
18:27:18.0 (31876535)|VARIABLE_ASSIGNMENT|[119]|entry|兵庫県|0x791ec198
18:27:18.0 (31879213)|STATEMENT_EXECUTE|[119]
18:27:18.0 (31880034)|STATEMENT_EXECUTE|[120]
18:27:18.0 (31882141)|HEAP_ALLOCATE|[120]|Bytes:4
18:27:18.0 (31884199)|VARIABLE_SCOPE_BEGIN|[120]|option|Map<String,String>|true|false
18:27:18.0 (31888359)|VARIABLE_ASSIGNMENT|[120]|option|{}|0x339d166f
18:27:18.0 (31890726)|STATEMENT_EXECUTE|[121]
18:27:18.0 (31892413)|HEAP_ALLOCATE|[121]|Bytes:3
18:27:18.0 (31895458)|HEAP_ALLOCATE|[EXTERNAL]|Bytes:-4
18:27:18.0 (31898000)|STATEMENT_EXECUTE|[122]
18:27:18.0 (31899651)|HEAP_ALLOCATE|[122]|Bytes:3
18:27:18.0 (31902561)|HEAP_ALLOCATE|[EXTERNAL]|Bytes:-4
18:27:18.0 (31905016)|STATEMENT_EXECUTE|[123]
18:27:18.0 (31907020)|HEAP_ALLOCATE|[EXTERNAL]|Bytes:4
18:27:18.0 (31911384)|HEAP_ALLOCATE|[119]|Bytes:5
18:27:18.0 (31914857)|HEAP_ALLOCATE|[119]|Bytes:4
18:27:18.0 (31919530)|VARIABLE_SCOPE_BEGIN|[119]|entry|Schema.PicklistEntry|true|false
18:27:18.0 (31923354)|VARIABLE_ASSIGNMENT|[119]|entry|奈良県|0x2c025b0
18:27:18.0 (31925903)|STATEMENT_EXECUTE|[119]
18:27:18.0 (31926692)|STATEMENT_EXECUTE|[120]
18:27:18.0 (31928824)|HEAP_ALLOCATE|[120]|Bytes:4
18:27:18.0 (31930916)|VARIABLE_SCOPE_BEGIN|[120]|option|Map<String,String>|true|false
18:27:18.0 (31935086)|VARIABLE_ASSIGNMENT|[120]|option|{}|0x38978b58
18:27:18.0 (31937471)|STATEMENT_EXECUTE|[121]
18:27:18.0 (31939058)|HEAP_ALLOCATE|[121]|Bytes:3
18:27:18.0 (31942115)|HEAP_ALLOCATE|[EXTERNAL]|Bytes:-4
18:27:18.0 (31944876)|STATEMENT_EXECUTE|[122]
18:27:18.0 (31946624)|HEAP_ALLOCATE|[122]|Bytes:3
18:27:18.0 (31949583)|HEAP_ALLOCATE|[EXTERNAL]|Bytes:-4
18:27:18.0 (31952042)|STATEMENT_EXECUTE|[123]
18:27:18.0 (31954041)|HEAP_ALLOCATE|[EXTERNAL]|Bytes:4
18:27:18.0 (31958295)|HEAP_ALLOCATE|[119]|Bytes:5
18:27:18.0 (31961978)|HEAP_ALLOCATE|[119]|Bytes:4
18:27:18.0 (31964114)|VARIABLE_SCOPE_BEGIN|[119]|entry|Schema.PicklistEntry|true|false
18:27:18.0 (31968156)|VARIABLE_ASSIGNMENT|[119]|entry|和歌山県|0x378a9fd3
18:27:18.0 (31970806)|STATEMENT_EXECUTE|[119]
18:27:18.0 (31971616)|STATEMENT_EXECUTE|[120]
18:27:18.0 (31973725)|HEAP_ALLOCATE|[120]|Bytes:4
18:27:18.0 (31975754)|VARIABLE_SCOPE_BEGIN|[120]|option|Map<String,String>|true|false
18:27:18.0 (31979894)|VARIABLE_ASSIGNMENT|[120]|option|{}|0x6c7fd923
18:27:18.0 (31982398)|STATEMENT_EXECUTE|[121]
18:27:18.0 (31983997)|HEAP_ALLOCATE|[121]|Bytes:4
18:27:18.0 (31987039)|HEAP_ALLOCATE|[EXTERNAL]|Bytes:-4
18:27:18.0 (31989509)|STATEMENT_EXECUTE|[122]
18:27:18.0 (31991289)|HEAP_ALLOCATE|[122]|Bytes:4
18:27:18.0 (31994301)|HEAP_ALLOCATE|[EXTERNAL]|Bytes:-4
18:27:18.0 (31996766)|STATEMENT_EXECUTE|[123]
18:27:18.0 (31998799)|HEAP_ALLOCATE|[EXTERNAL]|Bytes:4
18:27:18.0 (32002974)|HEAP_ALLOCATE|[119]|Bytes:5
18:27:18.0 (32007579)|HEAP_ALLOCATE|[119]|Bytes:4
18:27:18.0 (32009691)|VARIABLE_SCOPE_BEGIN|[119]|entry|Schema.PicklistEntry|true|false
18:27:18.0 (32013489)|VARIABLE_ASSIGNMENT|[119]|entry|鳥取県|0x6f118cb9
18:27:18.0 (32016260)|STATEMENT_EXECUTE|[119]
18:27:18.0 (32017048)|STATEMENT_EXECUTE|[120]
18:27:18.0 (32019161)|HEAP_ALLOCATE|[120]|Bytes:4
18:27:18.0 (32021154)|VARIABLE_SCOPE_BEGIN|[120]|option|Map<String,String>|true|false
18:27:18.0 (32025349)|VARIABLE_ASSIGNMENT|[120]|option|{}|0x6b580748
18:27:18.0 (32028013)|STATEMENT_EXECUTE|[121]
18:27:18.0 (32029657)|HEAP_ALLOCATE|[121]|Bytes:3
18:27:18.0 (32032751)|HEAP_ALLOCATE|[EXTERNAL]|Bytes:-4
18:27:18.0 (32037333)|STATEMENT_EXECUTE|[122]
18:27:18.0 (32039042)|HEAP_ALLOCATE|[122]|Bytes:3
18:27:18.0 (32042021)|HEAP_ALLOCATE|[EXTERNAL]|Bytes:-4
18:27:18.0 (32044566)|STATEMENT_EXECUTE|[123]
18:27:18.0 (32046629)|HEAP_ALLOCATE|[EXTERNAL]|Bytes:4
18:27:18.0 (32050859)|HEAP_ALLOCATE|[119]|Bytes:5
18:27:18.0 (32054431)|HEAP_ALLOCATE|[119]|Bytes:4
18:27:18.0 (32056567)|VARIABLE_SCOPE_BEGIN|[119]|entry|Schema.PicklistEntry|true|false
18:27:18.0 (32060529)|VARIABLE_ASSIGNMENT|[119]|entry|島根県|0x84f69f7
18:27:18.0 (32063166)|STATEMENT_EXECUTE|[119]
18:27:18.0 (32063956)|STATEMENT_EXECUTE|[120]
18:27:18.0 (32066167)|HEAP_ALLOCATE|[120]|Bytes:4
18:27:18.0 (32068634)|VARIABLE_SCOPE_BEGIN|[120]|option|Map<String,String>|true|false
18:27:18.0 (32072855)|VARIABLE_ASSIGNMENT|[120]|option|{}|0x1aeb0f1c
18:27:18.0 (32075235)|STATEMENT_EXECUTE|[121]
18:27:18.0 (32076889)|HEAP_ALLOCATE|[121]|Bytes:3
18:27:18.0 (32079966)|HEAP_ALLOCATE|[EXTERNAL]|Bytes:-4
18:27:18.0 (32082526)|STATEMENT_EXECUTE|[122]
18:27:18.0 (32084158)|HEAP_ALLOCATE|[122]|Bytes:3
18:27:18.0 (32087061)|HEAP_ALLOCATE|[EXTERNAL]|Bytes:-4
18:27:18.0 (32089631)|STATEMENT_EXECUTE|[123]
18:27:18.0 (32091698)|HEAP_ALLOCATE|[EXTERNAL]|Bytes:4
18:27:18.0 (32095877)|HEAP_ALLOCATE|[119]|Bytes:5
18:27:18.0 (32099491)|HEAP_ALLOCATE|[119]|Bytes:4
18:27:18.0 (32101645)|VARIABLE_SCOPE_BEGIN|[119]|entry|Schema.PicklistEntry|true|false
18:27:18.0 (32105720)|VARIABLE_ASSIGNMENT|[119]|entry|岡山県|0x797c2cbc
18:27:18.0 (32108296)|STATEMENT_EXECUTE|[119]
18:27:18.0 (32109099)|STATEMENT_EXECUTE|[120]
18:27:18.0 (32111125)|HEAP_ALLOCATE|[120]|Bytes:4
18:27:18.0 (32113155)|VARIABLE_SCOPE_BEGIN|[120]|option|Map<String,String>|true|false
18:27:18.0 (32117254)|VARIABLE_ASSIGNMENT|[120]|option|{}|0x5235069c
18:27:18.0 (32126506)|STATEMENT_EXECUTE|[121]
18:27:18.0 (32128510)|HEAP_ALLOCATE|[121]|Bytes:3
18:27:18.0 (32132025)|HEAP_ALLOCATE|[EXTERNAL]|Bytes:-4
18:27:18.0 (32134543)|STATEMENT_EXECUTE|[122]
18:27:18.0 (32136226)|HEAP_ALLOCATE|[122]|Bytes:3
18:27:18.0 (32139223)|HEAP_ALLOCATE|[EXTERNAL]|Bytes:-4
18:27:18.0 (32141872)|STATEMENT_EXECUTE|[123]
18:27:18.0 (32144084)|HEAP_ALLOCATE|[EXTERNAL]|Bytes:4
18:27:18.0 (32148698)|HEAP_ALLOCATE|[119]|Bytes:5
18:27:18.0 (32152524)|HEAP_ALLOCATE|[119]|Bytes:4
18:27:18.0 (32154691)|VARIABLE_SCOPE_BEGIN|[119]|entry|Schema.PicklistEntry|true|false
18:27:18.0 (32159171)|VARIABLE_ASSIGNMENT|[119]|entry|広島県|0x21c6ddfc
18:27:18.0 (32161951)|STATEMENT_EXECUTE|[119]
18:27:18.0 (32162755)|STATEMENT_EXECUTE|[120]
18:27:18.0 (32165034)|HEAP_ALLOCATE|[120]|Bytes:4
18:27:18.0 (32169246)|VARIABLE_SCOPE_BEGIN|[120]|option|Map<String,String>|true|false
18:27:18.0 (32173613)|VARIABLE_ASSIGNMENT|[120]|option|{}|0x6397b537
18:27:18.0 (32176142)|STATEMENT_EXECUTE|[121]
18:27:18.0 (32177823)|HEAP_ALLOCATE|[121]|Bytes:3
18:27:18.0 (32181026)|HEAP_ALLOCATE|[EXTERNAL]|Bytes:-4
18:27:18.0 (32183511)|STATEMENT_EXECUTE|[122]
18:27:18.0 (32185201)|HEAP_ALLOCATE|[122]|Bytes:3
18:27:18.0 (32188100)|HEAP_ALLOCATE|[EXTERNAL]|Bytes:-4
18:27:18.0 (32190574)|STATEMENT_EXECUTE|[123]
18:27:18.0 (32192639)|HEAP_ALLOCATE|[EXTERNAL]|Bytes:4
18:27:18.0 (32197264)|HEAP_ALLOCATE|[119]|Bytes:5
18:27:18.0 (32200756)|HEAP_ALLOCATE|[119]|Bytes:4
18:27:18.0 (32202824)|VARIABLE_SCOPE_BEGIN|[119]|entry|Schema.PicklistEntry|true|false
18:27:18.0 (32207206)|VARIABLE_ASSIGNMENT|[119]|entry|山口県|0x7b166c35
18:27:18.0 (32209866)|STATEMENT_EXECUTE|[119]
18:27:18.0 (32210660)|STATEMENT_EXECUTE|[120]
18:27:18.0 (32212723)|HEAP_ALLOCATE|[120]|Bytes:4
18:27:18.0 (32214741)|VARIABLE_SCOPE_BEGIN|[120]|option|Map<String,String>|true|false
18:27:18.0 (32218940)|VARIABLE_ASSIGNMENT|[120]|option|{}|0x1ed942d
18:27:18.0 (32221494)|STATEMENT_EXECUTE|[121]
18:27:18.0 (32223074)|HEAP_ALLOCATE|[121]|Bytes:3
18:27:18.0 (32226090)|HEAP_ALLOCATE|[EXTERNAL]|Bytes:-4
18:27:18.0 (32228591)|STATEMENT_EXECUTE|[122]
18:27:18.0 (32230194)|HEAP_ALLOCATE|[122]|Bytes:3
18:27:18.0 (32233069)|HEAP_ALLOCATE|[EXTERNAL]|Bytes:-4
18:27:18.0 (32235550)|STATEMENT_EXECUTE|[123]
18:27:18.0 (32237567)|HEAP_ALLOCATE|[EXTERNAL]|Bytes:4
18:27:18.0 (32241836)|HEAP_ALLOCATE|[119]|Bytes:5
18:27:18.0 (32245314)|HEAP_ALLOCATE|[119]|Bytes:4
18:27:18.0 (32247534)|VARIABLE_SCOPE_BEGIN|[119]|entry|Schema.PicklistEntry|true|false
18:27:18.0 (32251497)|VARIABLE_ASSIGNMENT|[119]|entry|徳島県|0x165380d1
18:27:18.0 (32254184)|STATEMENT_EXECUTE|[119]
18:27:18.0 (32255021)|STATEMENT_EXECUTE|[120]
18:27:18.0 (32257154)|HEAP_ALLOCATE|[120]|Bytes:4
18:27:18.0 (32259176)|VARIABLE_SCOPE_BEGIN|[120]|option|Map<String,String>|true|false
18:27:18.0 (32263293)|VARIABLE_ASSIGNMENT|[120]|option|{}|0x48b3a121
18:27:18.0 (32265658)|STATEMENT_EXECUTE|[121]
18:27:18.0 (32267269)|HEAP_ALLOCATE|[121]|Bytes:3
18:27:18.0 (32270347)|HEAP_ALLOCATE|[EXTERNAL]|Bytes:-4
18:27:18.0 (32272929)|STATEMENT_EXECUTE|[122]
18:27:18.0 (32274596)|HEAP_ALLOCATE|[122]|Bytes:3
18:27:18.0 (32277526)|HEAP_ALLOCATE|[EXTERNAL]|Bytes:-4
18:27:18.0 (32280000)|STATEMENT_EXECUTE|[123]
18:27:18.0 (32282025)|HEAP_ALLOCATE|[EXTERNAL]|Bytes:4
18:27:18.0 (32286280)|HEAP_ALLOCATE|[119]|Bytes:5
18:27:18.0 (32292206)|HEAP_ALLOCATE|[119]|Bytes:4
18:27:18.0 (32294321)|VARIABLE_SCOPE_BEGIN|[119]|entry|Schema.PicklistEntry|true|false
18:27:18.0 (32298406)|VARIABLE_ASSIGNMENT|[119]|entry|香川県|0x8c1bc6
18:27:18.0 (32301134)|STATEMENT_EXECUTE|[119]
18:27:18.0 (32301922)|STATEMENT_EXECUTE|[120]
18:27:18.0 (32304045)|HEAP_ALLOCATE|[120]|Bytes:4
18:27:18.0 (32306019)|VARIABLE_SCOPE_BEGIN|[120]|option|Map<String,String>|true|false
18:27:18.0 (32310259)|VARIABLE_ASSIGNMENT|[120]|option|{}|0x6dadab06
18:27:18.0 (32312861)|STATEMENT_EXECUTE|[121]
18:27:18.0 (32314460)|HEAP_ALLOCATE|[121]|Bytes:3
18:27:18.0 (32317488)|HEAP_ALLOCATE|[EXTERNAL]|Bytes:-4
18:27:18.0 (32320043)|STATEMENT_EXECUTE|[122]
18:27:18.0 (32321677)|HEAP_ALLOCATE|[122]|Bytes:3
18:27:18.0 (32324578)|HEAP_ALLOCATE|[EXTERNAL]|Bytes:-4
18:27:18.0 (32327096)|STATEMENT_EXECUTE|[123]
18:27:18.0 (32329161)|HEAP_ALLOCATE|[EXTERNAL]|Bytes:4
18:27:18.0 (32333816)|HEAP_ALLOCATE|[119]|Bytes:5
18:27:18.0 (32337257)|HEAP_ALLOCATE|[119]|Bytes:4
18:27:18.0 (32339363)|VARIABLE_SCOPE_BEGIN|[119]|entry|Schema.PicklistEntry|true|false
18:27:18.0 (32343419)|VARIABLE_ASSIGNMENT|[119]|entry|愛媛県|0x67f2fb6a
18:27:18.0 (32346111)|STATEMENT_EXECUTE|[119]
18:27:18.0 (32347008)|STATEMENT_EXECUTE|[120]
18:27:18.0 (32349111)|HEAP_ALLOCATE|[120]|Bytes:4
18:27:18.0 (32351187)|VARIABLE_SCOPE_BEGIN|[120]|option|Map<String,String>|true|false
18:27:18.0 (32355434)|VARIABLE_ASSIGNMENT|[120]|option|{}|0x329de41c
18:27:18.0 (32357888)|STATEMENT_EXECUTE|[121]
18:27:18.0 (32359461)|HEAP_ALLOCATE|[121]|Bytes:3
18:27:18.0 (32362494)|HEAP_ALLOCATE|[EXTERNAL]|Bytes:-4
18:27:18.0 (32364987)|STATEMENT_EXECUTE|[122]
18:27:18.0 (32366622)|HEAP_ALLOCATE|[122]|Bytes:3
18:27:18.0 (32369547)|HEAP_ALLOCATE|[EXTERNAL]|Bytes:-4
18:27:18.0 (32372016)|STATEMENT_EXECUTE|[123]
18:27:18.0 (32374022)|HEAP_ALLOCATE|[EXTERNAL]|Bytes:4
18:27:18.0 (32378556)|HEAP_ALLOCATE|[119]|Bytes:5
18:27:18.0 (32382031)|HEAP_ALLOCATE|[119]|Bytes:4
18:27:18.0 (32384123)|VARIABLE_SCOPE_BEGIN|[119]|entry|Schema.PicklistEntry|true|false
18:27:18.0 (32387897)|VARIABLE_ASSIGNMENT|[119]|entry|高知県|0x52af8ba2
18:27:18.0 (32390659)|STATEMENT_EXECUTE|[119]
18:27:18.0 (32391520)|STATEMENT_EXECUTE|[120]
18:27:18.0 (32393529)|HEAP_ALLOCATE|[120]|Bytes:4
18:27:18.0 (32395576)|VARIABLE_SCOPE_BEGIN|[120]|option|Map<String,String>|true|false
18:27:18.0 (32399869)|VARIABLE_ASSIGNMENT|[120]|option|{}|0x525aff6a
18:27:18.0 (32402443)|STATEMENT_EXECUTE|[121]
18:27:18.0 (32406433)|HEAP_ALLOCATE|[121]|Bytes:3
18:27:18.0 (32409527)|HEAP_ALLOCATE|[EXTERNAL]|Bytes:-4
18:27:18.0 (32412059)|STATEMENT_EXECUTE|[122]
18:27:18.0 (32413706)|HEAP_ALLOCATE|[122]|Bytes:3
18:27:18.0 (32416636)|HEAP_ALLOCATE|[EXTERNAL]|Bytes:-4
18:27:18.0 (32419126)|STATEMENT_EXECUTE|[123]
18:27:18.0 (32421148)|HEAP_ALLOCATE|[EXTERNAL]|Bytes:4
18:27:18.0 (32425413)|HEAP_ALLOCATE|[119]|Bytes:5
18:27:18.0 (32446046)|HEAP_ALLOCATE|[119]|Bytes:4
18:27:18.0 (32449510)|VARIABLE_SCOPE_BEGIN|[119]|entry|Schema.PicklistEntry|true|false
18:27:18.0 (32454834)|VARIABLE_ASSIGNMENT|[119]|entry|福岡県|0x228367e0
18:27:18.0 (32457848)|STATEMENT_EXECUTE|[119]
18:27:18.0 (32458997)|STATEMENT_EXECUTE|[120]
18:27:18.0 (32462222)|HEAP_ALLOCATE|[120]|Bytes:4
18:27:18.0 (32464494)|VARIABLE_SCOPE_BEGIN|[120]|option|Map<String,String>|true|false
18:27:18.0 (32469327)|VARIABLE_ASSIGNMENT|[120]|option|{}|0x7f63daa8
18:27:18.0 (32471786)|STATEMENT_EXECUTE|[121]
18:27:18.0 (32473898)|HEAP_ALLOCATE|[121]|Bytes:3
18:27:18.0 (32477244)|HEAP_ALLOCATE|[EXTERNAL]|Bytes:-4
18:27:18.0 (32479854)|STATEMENT_EXECUTE|[122]
18:27:18.0 (32481528)|HEAP_ALLOCATE|[122]|Bytes:3
18:27:18.0 (32484399)|HEAP_ALLOCATE|[EXTERNAL]|Bytes:-4
18:27:18.0 (32486902)|STATEMENT_EXECUTE|[123]
18:27:18.0 (32489249)|HEAP_ALLOCATE|[EXTERNAL]|Bytes:4
18:27:18.0 (32493766)|HEAP_ALLOCATE|[119]|Bytes:5
18:27:18.0 (32497329)|HEAP_ALLOCATE|[119]|Bytes:4
18:27:18.0 (32499431)|VARIABLE_SCOPE_BEGIN|[119]|entry|Schema.PicklistEntry|true|false
18:27:18.0 (32503491)|VARIABLE_ASSIGNMENT|[119]|entry|佐賀県|0x513fbc7d
18:27:18.0 (32506431)|STATEMENT_EXECUTE|[119]
18:27:18.0 (32507236)|STATEMENT_EXECUTE|[120]
18:27:18.0 (32509361)|HEAP_ALLOCATE|[120]|Bytes:4
18:27:18.0 (32511483)|VARIABLE_SCOPE_BEGIN|[120]|option|Map<String,String>|true|false
18:27:18.0 (32515581)|VARIABLE_ASSIGNMENT|[120]|option|{}|0x549ba89f
18:27:18.0 (32517929)|STATEMENT_EXECUTE|[121]
18:27:18.0 (32519624)|HEAP_ALLOCATE|[121]|Bytes:3
18:27:18.0 (32522973)|HEAP_ALLOCATE|[EXTERNAL]|Bytes:-4
18:27:18.0 (32525503)|STATEMENT_EXECUTE|[122]
18:27:18.0 (32527138)|HEAP_ALLOCATE|[122]|Bytes:3
18:27:18.0 (32530045)|HEAP_ALLOCATE|[EXTERNAL]|Bytes:-4
18:27:18.0 (32532589)|STATEMENT_EXECUTE|[123]
18:27:18.0 (32534646)|HEAP_ALLOCATE|[EXTERNAL]|Bytes:4
18:27:18.0 (32539319)|HEAP_ALLOCATE|[119]|Bytes:5
18:27:18.0 (32542873)|HEAP_ALLOCATE|[119]|Bytes:4
18:27:18.0 (32545100)|VARIABLE_SCOPE_BEGIN|[119]|entry|Schema.PicklistEntry|true|false
18:27:18.0 (32549589)|VARIABLE_ASSIGNMENT|[119]|entry|長崎県|0x6d1e698b
18:27:18.0 (32554435)|STATEMENT_EXECUTE|[119]
18:27:18.0 (32555234)|STATEMENT_EXECUTE|[120]
18:27:18.0 (32557500)|HEAP_ALLOCATE|[120]|Bytes:4
18:27:18.0 (32559509)|VARIABLE_SCOPE_BEGIN|[120]|option|Map<String,String>|true|false
18:27:18.0 (32563991)|VARIABLE_ASSIGNMENT|[120]|option|{}|0xcc9581a
18:27:18.0 (32566534)|STATEMENT_EXECUTE|[121]
18:27:18.0 (32568192)|HEAP_ALLOCATE|[121]|Bytes:3
18:27:18.0 (32571466)|HEAP_ALLOCATE|[EXTERNAL]|Bytes:-4
18:27:18.0 (32573956)|STATEMENT_EXECUTE|[122]
18:27:18.0 (32575561)|HEAP_ALLOCATE|[122]|Bytes:3
18:27:18.0 (32578521)|HEAP_ALLOCATE|[EXTERNAL]|Bytes:-4
18:27:18.0 (32581012)|STATEMENT_EXECUTE|[123]
18:27:18.0 (32583036)|HEAP_ALLOCATE|[EXTERNAL]|Bytes:4
18:27:18.0 (32587949)|HEAP_ALLOCATE|[119]|Bytes:5
18:27:18.0 (32591405)|HEAP_ALLOCATE|[119]|Bytes:4
18:27:18.0 (32593479)|VARIABLE_SCOPE_BEGIN|[119]|entry|Schema.PicklistEntry|true|false
18:27:18.0 (32597560)|VARIABLE_ASSIGNMENT|[119]|entry|熊本県|0x2039c1aa
18:27:18.0 (32600116)|STATEMENT_EXECUTE|[119]
18:27:18.0 (32600901)|STATEMENT_EXECUTE|[120]
18:27:18.0 (32602970)|HEAP_ALLOCATE|[120]|Bytes:4
18:27:18.0 (32605023)|VARIABLE_SCOPE_BEGIN|[120]|option|Map<String,String>|true|false
18:27:18.0 (32609599)|VARIABLE_ASSIGNMENT|[120]|option|{}|0x29ef5a62
18:27:18.0 (32612026)|STATEMENT_EXECUTE|[121]
18:27:18.0 (32613568)|HEAP_ALLOCATE|[121]|Bytes:3
18:27:18.0 (32616554)|HEAP_ALLOCATE|[EXTERNAL]|Bytes:-4
18:27:18.0 (32619108)|STATEMENT_EXECUTE|[122]
18:27:18.0 (32620768)|HEAP_ALLOCATE|[122]|Bytes:3
18:27:18.0 (32623680)|HEAP_ALLOCATE|[EXTERNAL]|Bytes:-4
18:27:18.0 (32626141)|STATEMENT_EXECUTE|[123]
18:27:18.0 (32628163)|HEAP_ALLOCATE|[EXTERNAL]|Bytes:4
18:27:18.0 (32632496)|HEAP_ALLOCATE|[119]|Bytes:5
18:27:18.0 (32636144)|HEAP_ALLOCATE|[119]|Bytes:4
18:27:18.0 (32638229)|VARIABLE_SCOPE_BEGIN|[119]|entry|Schema.PicklistEntry|true|false
18:27:18.0 (32642224)|VARIABLE_ASSIGNMENT|[119]|entry|大分県|0x37a32ce5
18:27:18.0 (32644752)|STATEMENT_EXECUTE|[119]
18:27:18.0 (32645541)|STATEMENT_EXECUTE|[120]
18:27:18.0 (32647570)|HEAP_ALLOCATE|[120]|Bytes:4
18:27:18.0 (32649557)|VARIABLE_SCOPE_BEGIN|[120]|option|Map<String,String>|true|false
18:27:18.0 (32653956)|VARIABLE_ASSIGNMENT|[120]|option|{}|0x716cbb83
18:27:18.0 (32656490)|STATEMENT_EXECUTE|[121]
18:27:18.0 (32658101)|HEAP_ALLOCATE|[121]|Bytes:3
18:27:18.0 (32661137)|HEAP_ALLOCATE|[EXTERNAL]|Bytes:-4
18:27:18.0 (32663593)|STATEMENT_EXECUTE|[122]
18:27:18.0 (32665234)|HEAP_ALLOCATE|[122]|Bytes:3
18:27:18.0 (32668281)|HEAP_ALLOCATE|[EXTERNAL]|Bytes:-4
18:27:18.0 (32670739)|STATEMENT_EXECUTE|[123]
18:27:18.0 (32672841)|HEAP_ALLOCATE|[EXTERNAL]|Bytes:4
18:27:18.0 (32679429)|HEAP_ALLOCATE|[119]|Bytes:5
18:27:18.0 (32682916)|HEAP_ALLOCATE|[119]|Bytes:4
18:27:18.0 (32685007)|VARIABLE_SCOPE_BEGIN|[119]|entry|Schema.PicklistEntry|true|false
18:27:18.0 (32688958)|VARIABLE_ASSIGNMENT|[119]|entry|宮崎県|0x1f361095
18:27:18.0 (32691691)|STATEMENT_EXECUTE|[119]
18:27:18.0 (32692494)|STATEMENT_EXECUTE|[120]
18:27:18.0 (32694594)|HEAP_ALLOCATE|[120]|Bytes:4
18:27:18.0 (32696580)|VARIABLE_SCOPE_BEGIN|[120]|option|Map<String,String>|true|false
18:27:18.0 (32700781)|VARIABLE_ASSIGNMENT|[120]|option|{}|0x4cd9655b
18:27:18.0 (32703339)|STATEMENT_EXECUTE|[121]
18:27:18.0 (32705016)|HEAP_ALLOCATE|[121]|Bytes:3
18:27:18.0 (32708236)|HEAP_ALLOCATE|[EXTERNAL]|Bytes:-4
18:27:18.0 (32710726)|STATEMENT_EXECUTE|[122]
18:27:18.0 (32712341)|HEAP_ALLOCATE|[122]|Bytes:3
18:27:18.0 (32715268)|HEAP_ALLOCATE|[EXTERNAL]|Bytes:-4
18:27:18.0 (32717761)|STATEMENT_EXECUTE|[123]
18:27:18.0 (32719764)|HEAP_ALLOCATE|[EXTERNAL]|Bytes:4
18:27:18.0 (32724118)|HEAP_ALLOCATE|[119]|Bytes:5
18:27:18.0 (32727596)|HEAP_ALLOCATE|[119]|Bytes:4
18:27:18.0 (32729786)|VARIABLE_SCOPE_BEGIN|[119]|entry|Schema.PicklistEntry|true|false
18:27:18.0 (32733769)|VARIABLE_ASSIGNMENT|[119]|entry|鹿児島県|0x62b3bc21
18:27:18.0 (32736518)|STATEMENT_EXECUTE|[119]
18:27:18.0 (32737307)|STATEMENT_EXECUTE|[120]
18:27:18.0 (32739414)|HEAP_ALLOCATE|[120]|Bytes:4
18:27:18.0 (32741405)|VARIABLE_SCOPE_BEGIN|[120]|option|Map<String,String>|true|false
18:27:18.0 (32745596)|VARIABLE_ASSIGNMENT|[120]|option|{}|0x7617a357
18:27:18.0 (32748011)|STATEMENT_EXECUTE|[121]
18:27:18.0 (32749606)|HEAP_ALLOCATE|[121]|Bytes:4
18:27:18.0 (32752686)|HEAP_ALLOCATE|[EXTERNAL]|Bytes:-4
18:27:18.0 (32755252)|STATEMENT_EXECUTE|[122]
18:27:18.0 (32756908)|HEAP_ALLOCATE|[122]|Bytes:4
18:27:18.0 (32759786)|HEAP_ALLOCATE|[EXTERNAL]|Bytes:-4
18:27:18.0 (32762246)|STATEMENT_EXECUTE|[123]
18:27:18.0 (32764274)|HEAP_ALLOCATE|[EXTERNAL]|Bytes:4
18:27:18.0 (32768527)|HEAP_ALLOCATE|[119]|Bytes:5
18:27:18.0 (32772007)|HEAP_ALLOCATE|[119]|Bytes:4
18:27:18.0 (32774149)|VARIABLE_SCOPE_BEGIN|[119]|entry|Schema.PicklistEntry|true|false
18:27:18.0 (32778114)|VARIABLE_ASSIGNMENT|[119]|entry|沖縄県|0x590aa7b8
18:27:18.0 (32780644)|STATEMENT_EXECUTE|[119]
18:27:18.0 (32781523)|STATEMENT_EXECUTE|[120]
18:27:18.0 (32783681)|HEAP_ALLOCATE|[120]|Bytes:4
18:27:18.0 (32785696)|VARIABLE_SCOPE_BEGIN|[120]|option|Map<String,String>|true|false
18:27:18.0 (32789959)|VARIABLE_ASSIGNMENT|[120]|option|{}|0x5efef27f
18:27:18.0 (32794606)|STATEMENT_EXECUTE|[121]
18:27:18.0 (32796239)|HEAP_ALLOCATE|[121]|Bytes:3
18:27:18.0 (32799249)|HEAP_ALLOCATE|[EXTERNAL]|Bytes:-4
18:27:18.0 (32801741)|STATEMENT_EXECUTE|[122]
18:27:18.0 (32803484)|HEAP_ALLOCATE|[122]|Bytes:3
18:27:18.0 (32806381)|HEAP_ALLOCATE|[EXTERNAL]|Bytes:-4
18:27:18.0 (32808836)|STATEMENT_EXECUTE|[123]
18:27:18.0 (32811691)|HEAP_ALLOCATE|[EXTERNAL]|Bytes:4
18:27:18.0 (32854453)|HEAP_ALLOCATE|[119]|Bytes:5
18:27:18.0 (32861542)|VARIABLE_ASSIGNMENT|[119]|entry|null|
18:27:18.0 (32866311)|STATEMENT_EXECUTE|[128]
18:27:18.0 (32883408)|METHOD_EXIT|[97]|01pBK000001mgyr|RegistrationInfoController.getPicklistValuesWithEmpty(Schema.SObjectField, String)
18:27:18.32 (32947871)|CUMULATIVE_LIMIT_USAGE
18:27:18.32 (32947871)|LIMIT_USAGE_FOR_NS|(default)|
  Number of SOQL queries: 0 out of 100
  Number of query rows: 0 out of 50000
  Number of SOSL queries: 0 out of 20
  Number of DML statements: 0 out of 0
  Number of Publish Immediate DML: 0 out of 150
  Number of DML rows: 0 out of 10000
  Maximum CPU time: 0 out of 10000
  Maximum heap size: 0 out of 6000000
  Number of callouts: 0 out of 100
  Number of Email Invocations: 0 out of 10
  Number of future calls: 0 out of 50
  Number of queueable jobs added to the queue: 0 out of 50
  Number of Mobile Apex push calls: 0 out of 10

18:27:18.32 (32947871)|CUMULATIVE_LIMIT_USAGE_END

18:27:18.0 (32974665)|CODE_UNIT_FINISHED|RegistrationInfoController.getPrefecturePicklistValues()
18:27:18.0 (33151081)|CODE_UNIT_FINISHED|apex://RegistrationInfoController/ACTION$getPrefecturePicklistValues
18:27:18.0 (33156319)|EXECUTION_FINISHED
