66.0 APEX_CODE,FINEST;APEX_PROFILING,INFO;CALLOUT,INFO;DATA_ACCESS,INFO;DB,INFO;NBA,INFO;SYSTEM,DEBUG;VALIDATION,INFO;VISUALFORCE,INFO;WAVE,INFO;WORKFLOW,INFO
15:18:36.0 (222982)|USER_INFO|[EXTERNAL]|005BK00000Ilvi1|foryoze@owleyes.ch.hurex|(GMT+09:00) 日本標準時 (Asia/Tokyo)|GMT+09:00
15:18:36.0 (272095)|EXECUTION_STARTED
15:18:36.0 (291227)|CODE_UNIT_STARTED|[EXTERNAL]|apex://JobCardsController/ACTION$toggleFavoriteJob
15:18:36.0 (2541714)|CODE_UNIT_STARTED|[EXTERNAL]|01pBK000001RGBP|JobCardsController.toggleFavoriteJob(String, Boolean)
15:18:36.0 (2835931)|HEAP_ALLOCATE|[95]|Bytes:3
15:18:36.0 (2940724)|HEAP_ALLOCATE|[100]|Bytes:152
15:18:36.0 (2960131)|HEAP_ALLOCATE|[417]|Bytes:408
15:18:36.0 (2977284)|HEAP_ALLOCATE|[430]|Bytes:408
15:18:36.0 (3013596)|HEAP_ALLOCATE|[317]|Bytes:6
15:18:36.0 (3085243)|HEAP_ALLOCATE|[EXTERNAL]|Bytes:10
15:18:36.0 (3090330)|HEAP_ALLOCATE|[EXTERNAL]|Bytes:5
15:18:36.0 (3092852)|HEAP_ALLOCATE|[EXTERNAL]|Bytes:3
15:18:36.0 (3105669)|METHOD_ENTRY|[6]|01pBK000001RGBP|JobCardsController.JobCardsController()
15:18:36.0 (3116081)|STATEMENT_EXECUTE|[6]
15:18:36.0 (3121498)|STATEMENT_EXECUTE|[6]
15:18:36.0 (3144588)|HEAP_ALLOCATE|[68]|Bytes:5
15:18:36.0 (3173074)|HEAP_ALLOCATE|[74]|Bytes:5
15:18:36.0 (3180885)|HEAP_ALLOCATE|[82]|Bytes:7
15:18:36.0 (3457779)|HEAP_ALLOCATE|[EXTERNAL]|Bytes:5
15:18:36.0 (3466785)|STATEMENT_EXECUTE|[12]
15:18:36.0 (3479285)|METHOD_EXIT|[6]|JobCardsController
15:18:36.0 (3484789)|HEAP_ALLOCATE|[EXTERNAL]|Bytes:18
15:18:36.0 (3488130)|HEAP_ALLOCATE|[EXTERNAL]|Bytes:5
15:18:36.0 (3498199)|VARIABLE_SCOPE_BEGIN|[82]|jobId|String|false|false
15:18:36.0 (3557248)|VARIABLE_ASSIGNMENT|[82]|jobId|"a0KBK00000Jh7Xx2AJ"
15:18:36.0 (3561169)|VARIABLE_SCOPE_BEGIN|[82]|isFavorite|Boolean|false|false
15:18:36.0 (3567277)|VARIABLE_ASSIGNMENT|[82]|isFavorite|true
15:18:36.0 (3581109)|HEAP_ALLOCATE|[83]|Bytes:5
15:18:36.0 (3583828)|STATEMENT_EXECUTE|[82]
15:18:36.0 (3584939)|STATEMENT_EXECUTE|[83]
15:18:36.0 (3585698)|STATEMENT_EXECUTE|[83]
15:18:36.0 (3586717)|STATEMENT_EXECUTE|[84]
15:18:36.0 (3634556)|HEAP_ALLOCATE|[84]|Bytes:105
15:18:36.0 (3642309)|SYSTEM_METHOD_ENTRY|[1]|UserInfo.UserInfo()
15:18:36.0 (3644185)|STATEMENT_EXECUTE|[1]
15:18:36.0 (3649384)|SYSTEM_METHOD_EXIT|[1]|UserInfo
15:18:36.0 (3661844)|METHOD_ENTRY|[84]||System.UserInfo.getUserId()
15:18:36.0 (8389815)|METHOD_EXIT|[84]||System.UserInfo.getUserId()
15:18:36.0 (8423824)|HEAP_ALLOCATE|[84]|Bytes:4
15:18:36.0 (8432031)|VARIABLE_SCOPE_BEGIN|[84]|userId|Id|false|false
15:18:36.0 (8693638)|VARIABLE_ASSIGNMENT|[84]|userId|"005BK00000Ilvi1YAB"
15:18:36.0 (8700299)|STATEMENT_EXECUTE|[86]
15:18:36.0 (8704421)|HEAP_ALLOCATE|[86]|Bytes:106
15:18:36.0 (8734428)|HEAP_ALLOCATE|[86]|Bytes:4
15:18:36.0 (8746109)|HEAP_ALLOCATE|[86]|Bytes:7
15:18:36.0 (8757759)|HEAP_ALLOCATE|[86]|Bytes:7
15:18:36.0 (9840286)|SOQL_EXECUTE_BEGIN|[86]|Aggregations:0|SELECT Id, IsArchive__c FROM InterestedJob__c WHERE (Job__c = :tmpVar1 AND CreatedById = :tmpVar2) LIMIT 1
15:18:36.0 (23898756)|SOQL_EXECUTE_END|[86]|Rows:1
15:18:36.0 (23937914)|HEAP_ALLOCATE|[86]|Bytes:8
15:18:36.0 (23963696)|HEAP_ALLOCATE|[86]|Bytes:49
15:18:36.0 (24096881)|HEAP_ALLOCATE|[86]|Bytes:8
15:18:36.0 (24113750)|VARIABLE_SCOPE_BEGIN|[86]|existingRecords|List<InterestedJob__c>|true|false
15:18:36.0 (24208496)|VARIABLE_ASSIGNMENT|[86]|existingRecords|[{"IsArchive__c":true,"Id":"a0OBK000005XjjR2AS"}]|0x538ebfff
15:18:36.0 (24316067)|STATEMENT_EXECUTE|[92]
15:18:36.0 (24317626)|STATEMENT_EXECUTE|[94]
15:18:36.0 (24339348)|HEAP_ALLOCATE|[94]|Bytes:12
15:18:36.0 (24344027)|VARIABLE_SCOPE_BEGIN|[94]|favRecord|InterestedJob__c|true|false
15:18:36.0 (24364756)|VARIABLE_ASSIGNMENT|[94]|favRecord|{"IsArchive__c":true,"Id":"a0OBK000005XjjR2AS"}|0x6c970ad7
15:18:36.0 (24368118)|STATEMENT_EXECUTE|[95]
15:18:36.0 (24454995)|VARIABLE_ASSIGNMENT|[95]|this.IsArchive__c|false|0x6c970ad7
15:18:36.0 (24458727)|STATEMENT_EXECUTE|[96]
15:18:36.0 (24471945)|HEAP_ALLOCATE|[96]|Bytes:-4
15:18:36.0 (24476506)|VARIABLE_ASSIGNMENT|[96]|this.Aggregation__c|true|0x6c970ad7
15:18:36.0 (24479334)|STATEMENT_EXECUTE|[97]
15:18:36.0 (24538430)|HEAP_ALLOCATE|[97]|Bytes:8
15:18:36.0 (24551971)|DML_BEGIN|[97]|Op:Update|Type:InterestedJob__c|Rows:1
15:18:36.0 (24585393)|HEAP_ALLOCATE|[EXTERNAL]|Bytes:8
15:18:36.0 (58935939)|DML_END|[97]
15:18:36.0 (60637461)|STATEMENT_EXECUTE|[109]
15:18:36.0 (60699046)|HEAP_ALLOCATE|[109]|Bytes:5
15:18:36.0 (60733266)|HEAP_ALLOCATE|[109]|Bytes:5
15:18:36.82 (82179631)|CUMULATIVE_LIMIT_USAGE
15:18:36.82 (82179631)|LIMIT_USAGE_FOR_NS|(default)|
  Number of SOQL queries: 1 out of 100
  Number of query rows: 1 out of 50000
  Number of SOSL queries: 0 out of 20
  Number of DML statements: 1 out of 150
  Number of Publish Immediate DML: 0 out of 150
  Number of DML rows: 1 out of 10000
  Maximum CPU time: 0 out of 10000
  Maximum heap size: 0 out of 6000000
  Number of callouts: 0 out of 100
  Number of Email Invocations: 0 out of 10
  Number of future calls: 0 out of 50
  Number of queueable jobs added to the queue: 0 out of 50
  Number of Mobile Apex push calls: 0 out of 10

15:18:36.82 (82179631)|CUMULATIVE_LIMIT_USAGE_END

15:18:36.0 (82218652)|CODE_UNIT_FINISHED|JobCardsController.toggleFavoriteJob(String, Boolean)
15:18:36.0 (82462733)|CODE_UNIT_FINISHED|apex://JobCardsController/ACTION$toggleFavoriteJob
15:18:36.0 (82475117)|EXECUTION_FINISHED
