66.0 APEX_CODE,FINEST;APEX_PROFILING,INFO;CALLOUT,INFO;DATA_ACCESS,INFO;DB,INFO;NBA,INFO;SYSTEM,DEBUG;VALIDATION,INFO;VISUALFORCE,INFO;WAVE,INFO;WORKFLOW,INFO
18:42:53.0 (200737)|USER_INFO|[EXTERNAL]|0057F0000042UBb|ishibashi@hurex.co.jp.dev1|(GMT+09:00) 日本標準時 (Asia/Tokyo)|GMT+09:00
18:42:53.0 (239812)|EXECUTION_STARTED
18:42:53.0 (252910)|CODE_UNIT_STARTED|[EXTERNAL]|apex://RegistrationInfoController/ACTION$updateRegistrationInfo
18:42:53.0 (6293537)|HEAP_ALLOCATE|[95]|Bytes:3
18:42:53.0 (6396264)|HEAP_ALLOCATE|[100]|Bytes:152
18:42:53.0 (6410752)|HEAP_ALLOCATE|[417]|Bytes:408
18:42:53.0 (6422163)|HEAP_ALLOCATE|[430]|Bytes:408
18:42:53.0 (6442443)|HEAP_ALLOCATE|[317]|Bytes:6
18:42:53.0 (6467049)|HEAP_ALLOCATE|[EXTERNAL]|Bytes:76
18:42:53.0 (6475201)|VARIABLE_SCOPE_BEGIN|[8]|this|RegistrationInfoController.RegistrationInfoWrapper|true|false
18:42:53.0 (6622256)|VARIABLE_ASSIGNMENT|[8]|this|{}|0x58148bbe
18:42:53.0 (6634549)|HEAP_ALLOCATE|[EXTERNAL]|Bytes:6
18:42:53.0 (8636864)|STATEMENT_EXECUTE|[8]
18:42:53.0 (8641291)|STATEMENT_EXECUTE|[9]
18:42:53.0 (8642569)|STATEMENT_EXECUTE|[10]
18:42:53.0 (8643449)|STATEMENT_EXECUTE|[11]
18:42:53.0 (8644224)|STATEMENT_EXECUTE|[12]
18:42:53.0 (8645068)|STATEMENT_EXECUTE|[13]
18:42:53.0 (8645845)|STATEMENT_EXECUTE|[14]
18:42:53.0 (8646587)|STATEMENT_EXECUTE|[15]
18:42:53.0 (8647371)|STATEMENT_EXECUTE|[16]
18:42:53.0 (8648159)|STATEMENT_EXECUTE|[17]
18:42:53.0 (8648926)|STATEMENT_EXECUTE|[18]
18:42:53.0 (8649673)|STATEMENT_EXECUTE|[19]
18:42:53.0 (8651339)|STATEMENT_EXECUTE|[20]
18:42:53.0 (8652107)|STATEMENT_EXECUTE|[21]
18:42:53.0 (8652849)|STATEMENT_EXECUTE|[22]
18:42:53.0 (8653599)|STATEMENT_EXECUTE|[23]
18:42:53.0 (8654336)|STATEMENT_EXECUTE|[24]
18:42:53.0 (8655086)|STATEMENT_EXECUTE|[25]
18:42:53.0 (8655840)|STATEMENT_EXECUTE|[26]
18:42:53.0 (9493064)|CODE_UNIT_STARTED|[EXTERNAL]|01pBK000001mgyr|RegistrationInfoController.updateRegistrationInfo(RegistrationInfoController.RegistrationInfoWrapper)
18:42:53.0 (9629063)|HEAP_ALLOCATE|[EXTERNAL]|Bytes:23
18:42:53.0 (9634846)|HEAP_ALLOCATE|[EXTERNAL]|Bytes:25
18:42:53.0 (9637930)|HEAP_ALLOCATE|[EXTERNAL]|Bytes:3
18:42:53.0 (9650231)|METHOD_ENTRY|[5]|01pBK000001mgyr|RegistrationInfoController.RegistrationInfoController()
18:42:53.0 (9654660)|STATEMENT_EXECUTE|[5]
18:42:53.0 (9659960)|STATEMENT_EXECUTE|[5]
18:42:53.0 (9681536)|HEAP_ALLOCATE|[68]|Bytes:5
18:42:53.0 (9708660)|HEAP_ALLOCATE|[74]|Bytes:5
18:42:53.0 (9714596)|HEAP_ALLOCATE|[82]|Bytes:7
18:42:53.0 (9738360)|HEAP_ALLOCATE|[EXTERNAL]|Bytes:5
18:42:53.0 (9741094)|STATEMENT_EXECUTE|[8]
18:42:53.0 (9748501)|METHOD_EXIT|[5]|RegistrationInfoController
18:42:53.0 (9751997)|HEAP_ALLOCATE|[EXTERNAL]|Bytes:76
18:42:53.0 (9758112)|VARIABLE_SCOPE_BEGIN|[64]|wrapper|RegistrationInfoController.RegistrationInfoWrapper|true|false
18:42:53.0 (9791082)|VARIABLE_ASSIGNMENT|[64]|wrapper|{}|0x58148bbe
18:42:53.0 (9800404)|HEAP_ALLOCATE|[65]|Bytes:5
18:42:53.0 (9802945)|STATEMENT_EXECUTE|[64]
18:42:53.0 (9865200)|STATEMENT_EXECUTE|[65]
18:42:53.0 (9866318)|STATEMENT_EXECUTE|[66]
18:42:53.0 (9894380)|HEAP_ALLOCATE|[66]|Bytes:20
18:42:53.0 (10086700)|FATAL_ERROR|System.AuraHandledException: Script-thrown exception

Class.RegistrationInfoController.updateRegistrationInfo: line 66, column 1
18:42:53.0 (10097836)|FATAL_ERROR|System.AuraHandledException: Script-thrown exception

Class.RegistrationInfoController.updateRegistrationInfo: line 66, column 1
18:42:53.10 (10104309)|CUMULATIVE_LIMIT_USAGE
18:42:53.10 (10104309)|LIMIT_USAGE_FOR_NS|(default)|
  Number of SOQL queries: 0 out of 100
  Number of query rows: 0 out of 50000
  Number of SOSL queries: 0 out of 20
  Number of DML statements: 0 out of 150
  Number of Publish Immediate DML: 0 out of 150
  Number of DML rows: 0 out of 10000
  Maximum CPU time: 0 out of 10000
  Maximum heap size: 0 out of 6000000
  Number of callouts: 0 out of 100
  Number of Email Invocations: 0 out of 10
  Number of future calls: 0 out of 50
  Number of queueable jobs added to the queue: 0 out of 50
  Number of Mobile Apex push calls: 0 out of 10

18:42:53.10 (10104309)|CUMULATIVE_LIMIT_USAGE_END

18:42:53.0 (10138128)|CODE_UNIT_FINISHED|RegistrationInfoController.updateRegistrationInfo(RegistrationInfoController.RegistrationInfoWrapper)
18:42:53.0 (10337710)|CODE_UNIT_FINISHED|apex://RegistrationInfoController/ACTION$updateRegistrationInfo
18:42:53.0 (10343657)|EXECUTION_FINISHED
