66.0 APEX_CODE,FINEST;APEX_PROFILING,INFO;CALLOUT,INFO;DATA_ACCESS,INFO;DB,INFO;NBA,INFO;SYSTEM,DEBUG;VALIDATION,INFO;VISUALFORCE,INFO;WAVE,INFO;WORKFLOW,INFO
11:18:51.2 (2232670)|USER_INFO|[EXTERNAL]|0057F0000042UBb|ishibashi@hurex.co.jp.dev1|(GMT+09:00) 日本標準時 (Asia/Tokyo)|GMT+09:00
11:18:51.2 (2279207)|EXECUTION_STARTED
11:18:51.2 (2293804)|CODE_UNIT_STARTED|[EXTERNAL]|01pBK000001lKfR|PORTERS_BATCH_ResumeData
11:18:51.2 (4689914)|HEAP_ALLOCATE|[95]|Bytes:3
11:18:51.2 (4826606)|HEAP_ALLOCATE|[100]|Bytes:152
11:18:51.2 (4839812)|HEAP_ALLOCATE|[417]|Bytes:408
11:18:51.2 (4850278)|HEAP_ALLOCATE|[430]|Bytes:408
11:18:51.2 (4869863)|HEAP_ALLOCATE|[317]|Bytes:6
11:18:51.2 (5780054)|HEAP_ALLOCATE|[EXTERNAL]|Bytes:80
11:18:51.2 (46645847)|HEAP_ALLOCATE|[EXTERNAL]|Bytes:11
11:18:51.2 (46679304)|SYSTEM_METHOD_ENTRY|[15]|BatchableContextImpl.BatchableContextImpl()
11:18:51.2 (46684656)|STATEMENT_EXECUTE|[15]
11:18:51.2 (46697277)|SYSTEM_METHOD_EXIT|[15]|BatchableContextImpl
11:18:51.2 (46703408)|HEAP_ALLOCATE|[EXTERNAL]|Bytes:12
11:18:51.2 (46706217)|HEAP_ALLOCATE|[EXTERNAL]|Bytes:4
11:18:51.2 (46711136)|VARIABLE_SCOPE_BEGIN|[31]|this|Database.BatchableContextImpl|true|false
11:18:51.2 (46763211)|VARIABLE_ASSIGNMENT|[31]|this|{}|0x2d1d0b7b
11:18:51.2 (46767311)|VARIABLE_SCOPE_BEGIN|[31]|jobId|Id|false|false
11:18:51.2 (46864081)|VARIABLE_ASSIGNMENT|[31]|jobId|"707BK00000wtpqdYAA"
11:18:51.2 (46867421)|VARIABLE_SCOPE_BEGIN|[31]|childJobId|Id|false|false
11:18:51.2 (46872740)|VARIABLE_ASSIGNMENT|[31]|childJobId|null
11:18:51.2 (53081777)|HEAP_ALLOCATE|[EXTERNAL]|Bytes:65
11:18:51.2 (53108555)|HEAP_ALLOCATE|[EXTERNAL]|Bytes:10
11:18:51.2 (53127895)|METHOD_ENTRY|[1]|01pBK000001lKfR|PORTERS_BATCH_ResumeData.PORTERS_BATCH_ResumeData()
11:18:51.2 (53135508)|STATEMENT_EXECUTE|[1]
11:18:51.2 (53141855)|STATEMENT_EXECUTE|[1]
11:18:51.2 (53148518)|METHOD_EXIT|[1]|PORTERS_BATCH_ResumeData
11:18:51.2 (53154361)|HEAP_ALLOCATE|[EXTERNAL]|Bytes:16
11:18:51.2 (53157929)|HEAP_ALLOCATE|[EXTERNAL]|Bytes:12
11:18:51.2 (53169482)|VARIABLE_SCOPE_BEGIN|[12]|this|PORTERS_BATCH_ResumeData|true|false
11:18:51.2 (53252461)|VARIABLE_ASSIGNMENT|[12]|this|{"lastSyncTime":"2026-02-03T02:15:00.000Z","pageSize":200}|0xf74c356
11:18:51.2 (53259508)|VARIABLE_SCOPE_BEGIN|[12]|bc|Database.BatchableContext|true|false
11:18:51.2 (53334088)|VARIABLE_ASSIGNMENT|[12]|bc|{"jobId":"707BK00000wtpqdYAA"}|0x2d1d0b7b
11:18:51.2 (53345039)|STATEMENT_EXECUTE|[12]
11:18:51.2 (53346699)|STATEMENT_EXECUTE|[14]
11:18:51.2 (114991576)|VARIABLE_SCOPE_BEGIN|[5]|PORTERS_API_GetResumeData.BASE_URL|String|false|true
11:18:51.2 (115018192)|VARIABLE_SCOPE_BEGIN|[3]|PORTERS_API_GetResumeData.CLIENT_ID|String|false|true
11:18:51.2 (115025479)|VARIABLE_SCOPE_BEGIN|[4]|PORTERS_API_GetResumeData.DEFAULT_TOKEN_EXPIRES_SEC|Integer|false|true
11:18:51.2 (115031564)|VARIABLE_SCOPE_BEGIN|[2]|PORTERS_API_GetResumeData.TOKEN_ENDPOINT|String|false|true
11:18:51.2 (115061099)|HEAP_ALLOCATE|[15]|Bytes:16
11:18:51.2 (115073241)|HEAP_ALLOCATE|[15]|Bytes:22
11:18:51.2 (115076887)|HEAP_ALLOCATE|[15]|Bytes:36
11:18:51.2 (115126005)|VARIABLE_ASSIGNMENT|[15]|PORTERS_API_GetResumeData.BASE_URL|"https://api-hrbc-jp. (16 more) ..."
11:18:51.2 (115132238)|HEAP_ALLOCATE|[15]|Bytes:32
11:18:51.2 (115138725)|VARIABLE_ASSIGNMENT|[15]|PORTERS_API_GetResumeData.CLIENT_ID|"a8678131f29ea6faf1ca (12 more) ..."
11:18:51.2 (115143131)|HEAP_ALLOCATE|[15]|Bytes:45
11:18:51.2 (115148718)|VARIABLE_ASSIGNMENT|[15]|PORTERS_API_GetResumeData.TOKEN_ENDPOINT|"https://api-hrbc-jp. (25 more) ..."
11:18:51.2 (115189111)|METHOD_ENTRY|[1]|01pBK000001lFxV|PORTERS_API_GetResumeData.PORTERS_API_GetResumeData()
11:18:51.2 (115196083)|STATEMENT_EXECUTE|[1]
11:18:51.2 (115202068)|STATEMENT_EXECUTE|[1]
11:18:51.2 (115203691)|STATEMENT_EXECUTE|[4]
11:18:51.2 (115212887)|HEAP_ALLOCATE|[4]|Bytes:4
11:18:51.2 (115222991)|VARIABLE_ASSIGNMENT|[4]|PORTERS_API_GetResumeData.DEFAULT_TOKEN_EXPIRES_SEC|1800
11:18:51.2 (115225123)|STATEMENT_EXECUTE|[171]
11:18:51.2 (115233708)|METHOD_EXIT|[1]|PORTERS_API_GetResumeData
11:18:51.2 (115277496)|METHOD_ENTRY|[15]|01pBK000001lFxV|PORTERS_API_GetResumeData.getResumeData(Datetime, Integer)
11:18:51.2 (134345455)|VARIABLE_SCOPE_BEGIN|[6]|PORTERS_DTO_ResumeDateResponse.FIELD_MAPPING|Map<String,String>|true|true
11:18:51.2 (134415514)|VARIABLE_SCOPE_BEGIN|[7]|lastSyncTime|Datetime|false|false
11:18:51.2 (134444054)|VARIABLE_ASSIGNMENT|[7]|lastSyncTime|"2026-02-03T02:15:00.000Z"
11:18:51.2 (134449270)|VARIABLE_SCOPE_BEGIN|[7]|start|Integer|false|false
11:18:51.2 (134456442)|VARIABLE_ASSIGNMENT|[7]|start|0
11:18:51.2 (134465153)|STATEMENT_EXECUTE|[7]
11:18:51.2 (134466252)|STATEMENT_EXECUTE|[8]
11:18:51.2 (134490163)|METHOD_ENTRY|[8]|01pBK000001lFxV|PORTERS_API_GetResumeData.buildFieldList()
11:18:51.2 (134530169)|STATEMENT_EXECUTE|[176]
11:18:51.2 (134531128)|STATEMENT_EXECUTE|[177]
11:18:51.2 (134539198)|HEAP_ALLOCATE|[177]|Bytes:3374
11:18:51.2 (134551267)|METHOD_EXIT|[8]|01pBK000001lFxV|PORTERS_API_GetResumeData.buildFieldList()
11:18:51.2 (134555460)|VARIABLE_SCOPE_BEGIN|[8]|fields|String|false|false
11:18:51.2 (134565445)|VARIABLE_ASSIGNMENT|[8]|fields|"Resume.P_RegisterCha (3354 more) ..."
11:18:51.2 (134567965)|STATEMENT_EXECUTE|[9]
11:18:51.2 (134569844)|VARIABLE_SCOPE_BEGIN|[9]|condition|String|false|false
11:18:51.2 (134574618)|VARIABLE_ASSIGNMENT|[9]|condition|""
11:18:51.2 (134577808)|STATEMENT_EXECUTE|[10]
11:18:51.2 (134578775)|STATEMENT_EXECUTE|[11]
11:18:51.2 (134580172)|HEAP_ALLOCATE|[11]|Bytes:19
11:18:51.2 (134635759)|HEAP_ALLOCATE|[11]|Bytes:19
11:18:51.2 (134642701)|VARIABLE_SCOPE_BEGIN|[11]|timeStr|String|false|false
11:18:51.2 (134648798)|VARIABLE_ASSIGNMENT|[11]|timeStr|"2026/02/03 11:15:00"
11:18:51.2 (134651075)|STATEMENT_EXECUTE|[12]
11:18:51.2 (134652986)|HEAP_ALLOCATE|[12]|Bytes:23
11:18:51.2 (134663365)|HEAP_ALLOCATE|[12]|Bytes:42
11:18:51.2 (134669390)|VARIABLE_ASSIGNMENT|[12]|condition|"Resume.P_UpdateDate: (22 more) ..."
11:18:51.2 (134672848)|STATEMENT_EXECUTE|[14]
11:18:51.2 (134692685)|HEAP_ALLOCATE|[14]|Bytes:4
11:18:51.2 (134701679)|HEAP_ALLOCATE|[15]|Bytes:9
11:18:51.2 (134727816)|HEAP_ALLOCATE|[15]|Bytes:4
11:18:51.2 (134758285)|HEAP_ALLOCATE|[16]|Bytes:5
11:18:51.2 (134779500)|HEAP_ALLOCATE|[16]|Bytes:3
11:18:51.2 (134787299)|HEAP_ALLOCATE|[17]|Bytes:5
11:18:51.2 (134793530)|HEAP_ALLOCATE|[17]|Bytes:1
11:18:51.2 (134800234)|HEAP_ALLOCATE|[18]|Bytes:5
11:18:51.2 (134804669)|HEAP_ALLOCATE|[19]|Bytes:9
11:18:51.2 (134806540)|HEAP_ALLOCATE|[19]|Bytes:8
11:18:51.2 (134811421)|VARIABLE_SCOPE_BEGIN|[14]|params|Map<String,String>|true|false
11:18:51.2 (134840284)|VARIABLE_ASSIGNMENT|[14]|params|{"partition":"2012","count":"200","start":"0","field":"Resume.P_RegisterCha (3354 more) ...","itemstate":"existing"}|0x26e341cf
11:18:51.2 (134881546)|HEAP_ALLOCATE|[68]|Bytes:5
11:18:51.2 (134905689)|HEAP_ALLOCATE|[74]|Bytes:5
11:18:51.2 (134912754)|HEAP_ALLOCATE|[82]|Bytes:7
11:18:51.2 (134931107)|STATEMENT_EXECUTE|[21]
11:18:51.2 (134933179)|STATEMENT_EXECUTE|[22]
11:18:51.2 (134934914)|HEAP_ALLOCATE|[22]|Bytes:9
11:18:51.2 (134949197)|HEAP_ALLOCATE|[EXTERNAL]|Bytes:-4
11:18:51.2 (134954385)|STATEMENT_EXECUTE|[24]
11:18:51.2 (134959029)|HEAP_ALLOCATE|[24]|Bytes:11
11:18:51.2 (134965916)|METHOD_ENTRY|[24]|01pBK000001lFxV|PORTERS_API_GetResumeData.buildQueryString(Map<String,String>)
11:18:51.2 (134972489)|VARIABLE_SCOPE_BEGIN|[135]|params|Map<String,String>|true|false
11:18:51.2 (134979552)|VARIABLE_ASSIGNMENT|[135]|params|"Map of size 6 too large to display"|0x26e341cf
11:18:51.2 (134983508)|STATEMENT_EXECUTE|[135]
11:18:51.2 (134984409)|STATEMENT_EXECUTE|[136]
11:18:51.2 (134995298)|HEAP_ALLOCATE|[136]|Bytes:4
11:18:51.2 (135017298)|VARIABLE_SCOPE_BEGIN|[136]|pairs|List<String>|true|false
11:18:51.2 (135050010)|HEAP_ALLOCATE|[EXTERNAL]|Bytes:4
11:18:51.2 (135057903)|VARIABLE_ASSIGNMENT|[136]|pairs|[]|0x25e200c0
11:18:51.2 (135084763)|HEAP_ALLOCATE|[137]|Bytes:70
11:18:51.2 (135204856)|HEAP_ALLOCATE|[137]|Bytes:5
11:18:51.2 (135219341)|VARIABLE_SCOPE_BEGIN|[137]|key|String|false|false
11:18:51.2 (135225183)|VARIABLE_ASSIGNMENT|[137]|key|"partition"
11:18:51.2 (135228146)|STATEMENT_EXECUTE|[137]
11:18:51.2 (135228973)|STATEMENT_EXECUTE|[138]
11:18:51.2 (135245216)|VARIABLE_SCOPE_BEGIN|[138]|value|String|false|false
11:18:51.2 (135252276)|VARIABLE_ASSIGNMENT|[138]|value|"2012"
11:18:51.2 (135269301)|STATEMENT_EXECUTE|[139]
11:18:51.2 (135270514)|STATEMENT_EXECUTE|[140]
11:18:51.2 (135272001)|HEAP_ALLOCATE|[140]|Bytes:1
11:18:51.2 (135274378)|HEAP_ALLOCATE|[140]|Bytes:5
11:18:51.2 (135293479)|HEAP_ALLOCATE|[140]|Bytes:15
11:18:51.2 (135306548)|SYSTEM_METHOD_ENTRY|[1]|EncodingUtil.EncodingUtil()
11:18:51.2 (135309239)|STATEMENT_EXECUTE|[1]
11:18:51.2 (135316591)|SYSTEM_METHOD_EXIT|[1]|EncodingUtil
11:18:51.2 (135333147)|METHOD_ENTRY|[140]||System.EncodingUtil.urlEncode(String, String)
11:18:51.2 (135375857)|METHOD_EXIT|[140]||System.EncodingUtil.urlEncode(String, String)
11:18:51.2 (135382575)|HEAP_ALLOCATE|[140]|Bytes:14
11:18:51.2 (135392601)|HEAP_ALLOCATE|[EXTERNAL]|Bytes:4
11:18:51.2 (135400398)|HEAP_ALLOCATE|[137]|Bytes:5
11:18:51.2 (135405463)|VARIABLE_SCOPE_BEGIN|[137]|key|String|false|false
11:18:51.2 (135410345)|VARIABLE_ASSIGNMENT|[137]|key|"count"
11:18:51.2 (135412618)|STATEMENT_EXECUTE|[137]
11:18:51.2 (135413414)|STATEMENT_EXECUTE|[138]
11:18:51.2 (135417695)|VARIABLE_SCOPE_BEGIN|[138]|value|String|false|false
11:18:51.2 (135421900)|VARIABLE_ASSIGNMENT|[138]|value|"200"
11:18:51.2 (135429476)|STATEMENT_EXECUTE|[139]
11:18:51.2 (135430342)|STATEMENT_EXECUTE|[140]
11:18:51.2 (135432792)|METHOD_ENTRY|[140]||System.EncodingUtil.urlEncode(String, String)
11:18:51.2 (135444437)|METHOD_EXIT|[140]||System.EncodingUtil.urlEncode(String, String)
11:18:51.2 (135446932)|HEAP_ALLOCATE|[140]|Bytes:9
11:18:51.2 (135450217)|HEAP_ALLOCATE|[EXTERNAL]|Bytes:4
11:18:51.2 (135455047)|HEAP_ALLOCATE|[137]|Bytes:5
11:18:51.2 (135458711)|VARIABLE_SCOPE_BEGIN|[137]|key|String|false|false
11:18:51.2 (135462844)|VARIABLE_ASSIGNMENT|[137]|key|"start"
11:18:51.2 (135464777)|STATEMENT_EXECUTE|[137]
11:18:51.2 (135465555)|STATEMENT_EXECUTE|[138]
11:18:51.2 (135469221)|VARIABLE_SCOPE_BEGIN|[138]|value|String|false|false
11:18:51.2 (135472967)|VARIABLE_ASSIGNMENT|[138]|value|"0"
11:18:51.2 (135479297)|STATEMENT_EXECUTE|[139]
11:18:51.2 (135480092)|STATEMENT_EXECUTE|[140]
11:18:51.2 (135493352)|METHOD_ENTRY|[140]||System.EncodingUtil.urlEncode(String, String)
11:18:51.2 (135503087)|METHOD_EXIT|[140]||System.EncodingUtil.urlEncode(String, String)
11:18:51.2 (135505211)|HEAP_ALLOCATE|[140]|Bytes:7
11:18:51.2 (135508320)|HEAP_ALLOCATE|[EXTERNAL]|Bytes:4
11:18:51.2 (135512956)|HEAP_ALLOCATE|[137]|Bytes:5
11:18:51.2 (135516667)|VARIABLE_SCOPE_BEGIN|[137]|key|String|false|false
11:18:51.2 (135520885)|VARIABLE_ASSIGNMENT|[137]|key|"field"
11:18:51.2 (135522817)|STATEMENT_EXECUTE|[137]
11:18:51.2 (135523591)|STATEMENT_EXECUTE|[138]
11:18:51.2 (135527175)|VARIABLE_SCOPE_BEGIN|[138]|value|String|false|false
11:18:51.2 (135532612)|VARIABLE_ASSIGNMENT|[138]|value|"Resume.P_RegisterCha (3354 more) ..."
11:18:51.2 (135539255)|STATEMENT_EXECUTE|[139]
11:18:51.2 (135540067)|STATEMENT_EXECUTE|[140]
11:18:51.2 (135541680)|METHOD_ENTRY|[140]||System.EncodingUtil.urlEncode(String, String)
11:18:51.2 (135572042)|METHOD_EXIT|[140]||System.EncodingUtil.urlEncode(String, String)
11:18:51.2 (135574472)|HEAP_ALLOCATE|[140]|Bytes:3576
11:18:51.2 (135577435)|HEAP_ALLOCATE|[EXTERNAL]|Bytes:4
11:18:51.2 (135581809)|HEAP_ALLOCATE|[137]|Bytes:5
11:18:51.2 (135585271)|VARIABLE_SCOPE_BEGIN|[137]|key|String|false|false
11:18:51.2 (135589447)|VARIABLE_ASSIGNMENT|[137]|key|"itemstate"
11:18:51.2 (135591311)|STATEMENT_EXECUTE|[137]
11:18:51.2 (135592067)|STATEMENT_EXECUTE|[138]
11:18:51.2 (135595482)|VARIABLE_SCOPE_BEGIN|[138]|value|String|false|false
11:18:51.2 (135599387)|VARIABLE_ASSIGNMENT|[138]|value|"existing"
11:18:51.2 (135605612)|STATEMENT_EXECUTE|[139]
11:18:51.2 (135606425)|STATEMENT_EXECUTE|[140]
11:18:51.2 (135608065)|METHOD_ENTRY|[140]||System.EncodingUtil.urlEncode(String, String)
11:18:51.2 (135616604)|METHOD_EXIT|[140]||System.EncodingUtil.urlEncode(String, String)
11:18:51.2 (135618882)|HEAP_ALLOCATE|[140]|Bytes:18
11:18:51.2 (135621789)|HEAP_ALLOCATE|[EXTERNAL]|Bytes:4
11:18:51.2 (135626012)|HEAP_ALLOCATE|[137]|Bytes:5
11:18:51.2 (135629567)|VARIABLE_SCOPE_BEGIN|[137]|key|String|false|false
11:18:51.2 (135633762)|VARIABLE_ASSIGNMENT|[137]|key|"condition"
11:18:51.2 (135635676)|STATEMENT_EXECUTE|[137]
11:18:51.2 (135636447)|STATEMENT_EXECUTE|[138]
11:18:51.2 (135639891)|VARIABLE_SCOPE_BEGIN|[138]|value|String|false|false
11:18:51.2 (135644575)|VARIABLE_ASSIGNMENT|[138]|value|"Resume.P_UpdateDate: (22 more) ..."
11:18:51.2 (135650723)|STATEMENT_EXECUTE|[139]
11:18:51.2 (135651528)|STATEMENT_EXECUTE|[140]
11:18:51.2 (135653241)|METHOD_ENTRY|[140]||System.EncodingUtil.urlEncode(String, String)
11:18:51.2 (135662627)|METHOD_EXIT|[140]||System.EncodingUtil.urlEncode(String, String)
11:18:51.2 (135664805)|HEAP_ALLOCATE|[140]|Bytes:64
11:18:51.2 (135667806)|HEAP_ALLOCATE|[EXTERNAL]|Bytes:4
11:18:51.2 (135672164)|HEAP_ALLOCATE|[137]|Bytes:5
11:18:51.2 (135677173)|VARIABLE_ASSIGNMENT|[137]|key|null
11:18:51.2 (135680192)|STATEMENT_EXECUTE|[143]
11:18:51.2 (135681456)|HEAP_ALLOCATE|[143]|Bytes:1
11:18:51.2 (135707971)|HEAP_ALLOCATE|[143]|Bytes:5
11:18:51.2 (135713571)|HEAP_ALLOCATE|[143]|Bytes:14
11:18:51.2 (135716898)|HEAP_ALLOCATE|[143]|Bytes:5
11:18:51.2 (135719126)|HEAP_ALLOCATE|[143]|Bytes:9
11:18:51.2 (135721599)|HEAP_ALLOCATE|[143]|Bytes:5
11:18:51.2 (135723510)|HEAP_ALLOCATE|[143]|Bytes:7
11:18:51.2 (135725705)|HEAP_ALLOCATE|[143]|Bytes:5
11:18:51.2 (135727635)|HEAP_ALLOCATE|[143]|Bytes:3576
11:18:51.2 (135730202)|HEAP_ALLOCATE|[143]|Bytes:5
11:18:51.2 (135732876)|HEAP_ALLOCATE|[143]|Bytes:18
11:18:51.2 (135735511)|HEAP_ALLOCATE|[143]|Bytes:5
11:18:51.2 (135737656)|HEAP_ALLOCATE|[143]|Bytes:64
11:18:51.2 (135739902)|HEAP_ALLOCATE|[143]|Bytes:5
11:18:51.2 (135742908)|HEAP_ALLOCATE|[143]|Bytes:3693
11:18:51.2 (135748727)|METHOD_EXIT|[24]|01pBK000001lFxV|PORTERS_API_GetResumeData.buildQueryString(Map<String,String>)
11:18:51.2 (135752490)|HEAP_ALLOCATE|[24]|Bytes:3740
11:18:51.2 (135754558)|VARIABLE_SCOPE_BEGIN|[24]|endpoint|String|false|false
11:18:51.2 (135760251)|VARIABLE_ASSIGNMENT|[24]|endpoint|"https://api-hrbc-jp. (3720 more) ..."
11:18:51.2 (135762543)|STATEMENT_EXECUTE|[25]
11:18:51.2 (135784929)|VARIABLE_SCOPE_BEGIN|[25]|req|System.HttpRequest|true|false
11:18:51.2 (135834361)|VARIABLE_ASSIGNMENT|[25]|req|"System.HttpRequest[Endpoint=null, Method=null]"|0x11e0ff41
11:18:51.2 (135837396)|STATEMENT_EXECUTE|[26]
11:18:51.2 (135878543)|STATEMENT_EXECUTE|[27]
11:18:51.2 (135880601)|HEAP_ALLOCATE|[27]|Bytes:3
11:18:51.2 (135890762)|STATEMENT_EXECUTE|[28]
11:18:51.2 (135895598)|METHOD_ENTRY|[28]|01pBK000001lFxV|PORTERS_API_GetResumeData.getAccessToken()
11:18:51.2 (135903869)|STATEMENT_EXECUTE|[40]
11:18:51.2 (135904664)|STATEMENT_EXECUTE|[41]
11:18:51.2 (135905430)|STATEMENT_EXECUTE|[41]
11:18:51.2 (135906301)|STATEMENT_EXECUTE|[43]
11:18:51.2 (135908845)|METHOD_ENTRY|[43]|01pBK000001lFxV|PORTERS_API_GetResumeData.getAuthorizationCode()
11:18:51.2 (135914032)|STATEMENT_EXECUTE|[53]
11:18:51.2 (135915045)|STATEMENT_EXECUTE|[54]
11:18:51.2 (135916513)|HEAP_ALLOCATE|[54]|Bytes:79
11:18:51.2 (135922597)|METHOD_ENTRY|[56]||System.EncodingUtil.urlEncode(String, String)
11:18:51.2 (135935837)|METHOD_EXIT|[56]||System.EncodingUtil.urlEncode(String, String)
11:18:51.2 (135938105)|HEAP_ALLOCATE|[57]|Bytes:7
11:18:51.2 (135940238)|HEAP_ALLOCATE|[57]|Bytes:48
11:18:51.2 (135944781)|METHOD_ENTRY|[57]||System.EncodingUtil.urlEncode(String, String)
11:18:51.2 (135955508)|METHOD_EXIT|[57]||System.EncodingUtil.urlEncode(String, String)
11:18:51.2 (135961950)|HEAP_ALLOCATE|[54]|Bytes:174
11:18:51.2 (135964244)|VARIABLE_SCOPE_BEGIN|[54]|endpoint|String|false|false
11:18:51.2 (135969923)|VARIABLE_ASSIGNMENT|[54]|endpoint|"https://api-hrbc-jp. (154 more) ..."
11:18:51.2 (135972022)|STATEMENT_EXECUTE|[59]
11:18:51.2 (135975937)|VARIABLE_SCOPE_BEGIN|[59]|req|System.HttpRequest|true|false
11:18:51.2 (135988185)|VARIABLE_ASSIGNMENT|[59]|req|"System.HttpRequest[Endpoint=null, Method=null]"|0x18e64169
11:18:51.2 (135991215)|STATEMENT_EXECUTE|[60]
11:18:51.2 (136000342)|STATEMENT_EXECUTE|[61]
11:18:51.2 (136007137)|STATEMENT_EXECUTE|[63]
11:18:51.2 (136093277)|CALLOUT_REQUEST|[63]|System.HttpRequest[Endpoint=https://api-hrbc-jp.porterscloud.com/v1/oauth?response_type=code_direct&app_id=a8678131f29ea6faf1caa908a0f51c38&scope=candidate_r%2Cresume_r%2Cuser_r%2Coption_r%2Cpartition_r, Method=GET]
11:18:51.2 (241357444)|HEAP_ALLOCATE|[EXTERNAL]|Bytes:348
11:18:51.2 (242188465)|CALLOUT_RESPONSE|[63]|System.HttpResponse[Status=OK, StatusCode=200]
11:18:51.2 (242216307)|HEAP_ALLOCATE|[63]|Bytes:181
11:18:51.2 (242251527)|VARIABLE_SCOPE_BEGIN|[63]|res|System.HttpResponse|true|false
11:18:51.2 (242301165)|VARIABLE_ASSIGNMENT|[63]|res|"System.HttpResponse[Status=OK, StatusCode=200]"|0x34d6ec3c
11:18:51.2 (242375916)|STATEMENT_EXECUTE|[66]
11:18:51.2 (242377892)|STATEMENT_EXECUTE|[70]
11:18:51.2 (242410733)|VARIABLE_SCOPE_BEGIN|[70]|doc|dom.Document|true|false
11:18:51.2 (242425950)|VARIABLE_ASSIGNMENT|[70]|doc|"Document[]"|0x4df47a87
11:18:51.2 (242428829)|STATEMENT_EXECUTE|[71]
11:18:51.2 (242454217)|HEAP_ALLOCATE|[71]|Bytes:175
11:18:51.2 (242673483)|HEAP_ALLOCATE|[72]|Bytes:4
11:18:51.2 (242677346)|HEAP_ALLOCATE|[72]|Bytes:4
11:18:51.2 (242678931)|HEAP_ALLOCATE|[72]|Bytes:4
11:18:51.2 (242680496)|HEAP_ALLOCATE|[72]|Bytes:4
11:18:51.2 (242745282)|HEAP_ALLOCATE|[72]|Bytes:5
11:18:51.2 (242761351)|HEAP_ALLOCATE|[72]|Bytes:4
11:18:51.2 (242768307)|VARIABLE_SCOPE_BEGIN|[72]|child|dom.XmlNode|true|false
11:18:51.2 (242813962)|VARIABLE_ASSIGNMENT|[72]|child|"XMLNode[ELEMENT,Code,null,null,null,[XMLNode[TEXT,null,null,null,null,null,102399e8065c2694c56a820321abc819,]],null,]"|0x440b7229
11:18:51.2 (242818582)|STATEMENT_EXECUTE|[72]
11:18:51.2 (242840084)|HEAP_ALLOCATE|[73]|Bytes:4
11:18:51.2 (242845484)|HEAP_ALLOCATE|[73]|Bytes:4
11:18:51.2 (242870194)|STATEMENT_EXECUTE|[73]
11:18:51.2 (242871155)|STATEMENT_EXECUTE|[74]
11:18:51.2 (242883102)|HEAP_ALLOCATE|[74]|Bytes:32
11:18:51.2 (242893567)|METHOD_EXIT|[43]|01pBK000001lFxV|PORTERS_API_GetResumeData.getAuthorizationCode()
11:18:51.2 (242898467)|VARIABLE_SCOPE_BEGIN|[43]|authCode|String|false|false
11:18:51.2 (242907341)|VARIABLE_ASSIGNMENT|[43]|authCode|"102399e8065c2694c56a (12 more) ..."
11:18:51.2 (242909717)|STATEMENT_EXECUTE|[45]
11:18:51.2 (242925449)|METHOD_ENTRY|[45]|01pBK000001lFxV|PORTERS_API_GetResumeData.getAccessTokenFromCode(String)
11:18:51.2 (242942891)|VARIABLE_SCOPE_BEGIN|[80]|authCode|String|false|false
11:18:51.2 (242947670)|VARIABLE_ASSIGNMENT|[80]|authCode|"102399e8065c2694c56a (12 more) ..."
11:18:51.2 (242954236)|STATEMENT_EXECUTE|[80]
11:18:51.2 (242955151)|STATEMENT_EXECUTE|[81]
11:18:51.2 (274601818)|VARIABLE_SCOPE_BEGIN|[2]|SecretUtil.FIXED_KEY_BASE64|String|false|true
11:18:51.2 (274649120)|VARIABLE_SCOPE_BEGIN|[3]|SecretUtil.cryptoKey|Blob|false|true
11:18:51.2 (274671523)|HEAP_ALLOCATE|[81]|Bytes:92
11:18:51.2 (274681330)|HEAP_ALLOCATE|[81]|Bytes:6
11:18:51.2 (274684388)|HEAP_ALLOCATE|[81]|Bytes:44
11:18:51.2 (274708403)|VARIABLE_ASSIGNMENT|[81]|SecretUtil.FIXED_KEY_BASE64|"mbTLdmVLN3dVjExO0zaB (24 more) ..."
11:18:51.2 (274751863)|METHOD_ENTRY|[1]|01pBK000001Z5HD|SecretUtil.SecretUtil()
11:18:51.2 (274758012)|STATEMENT_EXECUTE|[1]
11:18:51.2 (274763211)|STATEMENT_EXECUTE|[1]
11:18:51.2 (274779846)|HEAP_ALLOCATE|[81]|Bytes:5
11:18:51.2 (274794547)|METHOD_EXIT|[1]|SecretUtil
11:18:51.2 (274817331)|METHOD_ENTRY|[81]|01pBK000001Z5HD|SecretUtil.getDecryptedSecret()
11:18:51.2 (274854122)|HEAP_ALLOCATE|[19]|Bytes:5
11:18:51.2 (274859884)|STATEMENT_EXECUTE|[18]
11:18:51.2 (274917876)|HEAP_ALLOCATE|[19]|Bytes:118
11:18:51.2 (274930190)|SYSTEM_METHOD_ENTRY|[1]|Test.Test()
11:18:51.2 (274932858)|STATEMENT_EXECUTE|[1]
11:18:51.2 (274940863)|SYSTEM_METHOD_EXIT|[1]|Test
11:18:51.2 (274947297)|METHOD_ENTRY|[19]||System.Test.isRunningTest()
11:18:51.2 (274997959)|METHOD_EXIT|[19]||System.Test.isRunningTest()
11:18:51.2 (275002826)|STATEMENT_EXECUTE|[19]
11:18:51.2 (275005542)|STATEMENT_EXECUTE|[23]
11:18:51.2 (276195868)|HEAP_ALLOCATE|[23]|Bytes:72
11:18:51.2 (276237688)|VARIABLE_SCOPE_BEGIN|[23]|settings|PORTERS_Settings__c|true|false
11:18:51.2 (276496632)|VARIABLE_ASSIGNMENT|[23]|settings|{"LastModifiedDate":"2026-04-03T02:15:17.000Z","IsDeleted":false,"LastSyncTime__c":"2026-02-03T02:15:00.000Z","Client_Secret__c":"sPeXbzmOIRQwl4zKeRFR (108 more) ...","PARTITION_ID__c":2012.0,"API_Call_Count__c":2.0,"Token_Expires_At__c":"2026-03-31T10:09:06.000Z","SetupOwnerId":"00DBK000004uTTF2A2","Access_Token__c":"eba88d5229388a807c43 (12 more) ...","Name":"a0PBK000008oB5J","SystemModstamp":"2026-04-03T02:15:17.000Z","Is_Development_Mode__c":true,"CreatedById":"0057F0000042UBbQAM","CreatedDate":"2026-03-05T03:24:41.000Z","Last_Call_Timestamp__c":"2026-03-31T09:39:06.000Z","Id":"a0PBK000008oB5J2AU","LastModifiedById":"0057F0000042UBbQAM"}|0x1122e1ed
11:18:51.2 (276596767)|STATEMENT_EXECUTE|[24]
11:18:51.2 (276598485)|STATEMENT_EXECUTE|[26]
11:18:51.2 (276611725)|METHOD_ENTRY|[26]||System.EncodingUtil.base64Decode(String)
11:18:51.2 (276705663)|METHOD_EXIT|[26]||System.EncodingUtil.base64Decode(String)
11:18:51.2 (276709799)|VARIABLE_SCOPE_BEGIN|[26]|encryptedBlob|Blob|false|false
11:18:51.2 (276745066)|VARIABLE_ASSIGNMENT|[26]|encryptedBlob|BLOB(96 bytes)
11:18:51.2 (276747506)|STATEMENT_EXECUTE|[27]
11:18:51.2 (276750110)|HEAP_ALLOCATE|[27]|Bytes:6
11:18:51.2 (276775345)|HEAP_ALLOCATE|[5]|Bytes:5
11:18:51.2 (276777673)|STATEMENT_EXECUTE|[4]
11:18:51.2 (276778573)|STATEMENT_EXECUTE|[5]
11:18:51.2 (276784671)|METHOD_ENTRY|[5]||System.EncodingUtil.base64Decode(String)
11:18:51.2 (276806686)|METHOD_EXIT|[5]||System.EncodingUtil.base64Decode(String)
11:18:51.2 (276861221)|HEAP_ALLOCATE|[27]|Bytes:55
11:18:51.2 (276874806)|SYSTEM_METHOD_ENTRY|[1]|Crypto.Crypto()
11:18:51.2 (276877341)|STATEMENT_EXECUTE|[1]
11:18:51.2 (276883961)|SYSTEM_METHOD_EXIT|[1]|Crypto
11:18:51.2 (276890232)|METHOD_ENTRY|[27]||System.Crypto.decryptWithManagedIV(String, Blob, Blob)
11:18:51.2 (277446801)|METHOD_EXIT|[27]||System.Crypto.decryptWithManagedIV(String, Blob, Blob)
11:18:51.2 (277454200)|VARIABLE_SCOPE_BEGIN|[27]|decryptedBlob|Blob|false|false
11:18:51.2 (277476192)|VARIABLE_ASSIGNMENT|[27]|decryptedBlob|BLOB(64 bytes)
11:18:51.2 (277479244)|STATEMENT_EXECUTE|[28]
11:18:51.2 (277522549)|HEAP_ALLOCATE|[28]|Bytes:64
11:18:51.2 (277534268)|METHOD_EXIT|[81]|01pBK000001Z5HD|SecretUtil.getDecryptedSecret()
11:18:51.2 (277537309)|VARIABLE_SCOPE_BEGIN|[81]|clientSecret|String|false|false
11:18:51.2 (277546167)|VARIABLE_ASSIGNMENT|[81]|clientSecret|"7986ef9caa80a97f988f (44 more) ..."
11:18:51.2 (277563338)|STATEMENT_EXECUTE|[82]
11:18:51.2 (277564707)|STATEMENT_EXECUTE|[86]
11:18:51.2 (277586973)|VARIABLE_SCOPE_BEGIN|[86]|req|System.HttpRequest|true|false
11:18:51.2 (277625938)|VARIABLE_ASSIGNMENT|[86]|req|"System.HttpRequest[Endpoint=null, Method=null]"|0x4a47d8a6
11:18:51.2 (277629191)|STATEMENT_EXECUTE|[87]
11:18:51.2 (277679006)|STATEMENT_EXECUTE|[88]
11:18:51.2 (277681134)|HEAP_ALLOCATE|[88]|Bytes:4
11:18:51.2 (277693309)|STATEMENT_EXECUTE|[89]
11:18:51.2 (277694873)|HEAP_ALLOCATE|[89]|Bytes:12
11:18:51.2 (277697150)|HEAP_ALLOCATE|[89]|Bytes:33
11:18:51.2 (277710958)|STATEMENT_EXECUTE|[91]
11:18:51.2 (277712348)|HEAP_ALLOCATE|[91]|Bytes:29
11:18:51.2 (277720738)|METHOD_ENTRY|[92]||System.EncodingUtil.urlEncode(String, String)
11:18:51.2 (277742450)|METHOD_EXIT|[92]||System.EncodingUtil.urlEncode(String, String)
11:18:51.2 (277744765)|HEAP_ALLOCATE|[93]|Bytes:8
11:18:51.2 (277747816)|METHOD_ENTRY|[93]||System.EncodingUtil.urlEncode(String, String)
11:18:51.2 (277758580)|METHOD_EXIT|[93]||System.EncodingUtil.urlEncode(String, String)
11:18:51.2 (277761038)|HEAP_ALLOCATE|[94]|Bytes:6
11:18:51.2 (277764000)|METHOD_ENTRY|[94]||System.EncodingUtil.urlEncode(String, String)
11:18:51.2 (277774082)|METHOD_EXIT|[94]||System.EncodingUtil.urlEncode(String, String)
11:18:51.2 (277782651)|HEAP_ALLOCATE|[91]|Bytes:171
11:18:51.2 (277811140)|STATEMENT_EXECUTE|[96]
11:18:51.2 (277861158)|CALLOUT_REQUEST|[96]|System.HttpRequest[Endpoint=https://api-hrbc-jp.porterscloud.com/v1/token, Method=POST]
11:18:51.2 (307260717)|HEAP_ALLOCATE|[EXTERNAL]|Bytes:529
11:18:51.2 (307951922)|CALLOUT_RESPONSE|[96]|System.HttpResponse[Status=OK, StatusCode=200]
11:18:51.2 (307975836)|HEAP_ALLOCATE|[96]|Bytes:362
11:18:51.2 (308004451)|VARIABLE_SCOPE_BEGIN|[96]|res|System.HttpResponse|true|false
11:18:51.2 (308051416)|VARIABLE_ASSIGNMENT|[96]|res|"System.HttpResponse[Status=OK, StatusCode=200]"|0x54ad1a87
11:18:51.2 (308117942)|STATEMENT_EXECUTE|[99]
11:18:51.2 (308120032)|STATEMENT_EXECUTE|[103]
11:18:51.2 (308147737)|VARIABLE_SCOPE_BEGIN|[103]|doc|dom.Document|true|false
11:18:51.2 (308163282)|VARIABLE_ASSIGNMENT|[103]|doc|"Document[]"|0x317aa634
11:18:51.2 (308166346)|STATEMENT_EXECUTE|[104]
11:18:51.2 (308203022)|HEAP_ALLOCATE|[104]|Bytes:356
11:18:51.2 (308313407)|STATEMENT_EXECUTE|[105]
11:18:51.2 (308331993)|VARIABLE_SCOPE_BEGIN|[105]|root|dom.XmlNode|true|false
11:18:51.2 (308403336)|VARIABLE_ASSIGNMENT|[105]|root|"XMLNode[ELEMENT,Authentication,null,null,null,[XMLNode[ELEMENT,AccessToken,null,null,null,[XMLNode[TEXT,null,null,null,null,null,92b6716f5d1736bfe7aeaed7c2e112e3,]],null,], XMLNode[ELEMENT,AccessTokenExpiresIn,null,null,null,[XMLNode[TEXT,null,null,null,null,null,1800000,]],null,], XMLNode[ELEMENT,RefreshToken,null,null,null,[XMLNode[TEXT,null,null,null,null,null,fde230ec068ef6b5d7aca0ce5c5fe220,]],null,], XMLNode[ELEMENT,RefreshTokenExpiresIn,null,null,null,[XMLNode[TEXT,null,null,null,null,null,7200000,]],null,], XMLNode[ELEMENT,Error,null,null,null,[XMLNode[TEXT,null,null,null,null,null,0,]],null,], XMLNode[ELEMENT,Message,null,null,null,[XMLNode[TEXT,null,null,null,null,null,Success,]],null,]],null,]"|0x1b6a581a
11:18:51.2 (308414138)|STATEMENT_EXECUTE|[107]
11:18:51.2 (308418886)|VARIABLE_SCOPE_BEGIN|[107]|accessToken|String|false|false
11:18:51.2 (308427338)|VARIABLE_ASSIGNMENT|[107]|accessToken|""
11:18:51.2 (308429606)|STATEMENT_EXECUTE|[108]
11:18:51.2 (308431026)|VARIABLE_SCOPE_BEGIN|[108]|errorCode|String|false|false
11:18:51.2 (308436560)|VARIABLE_ASSIGNMENT|[108]|errorCode|null
11:18:51.2 (308438550)|STATEMENT_EXECUTE|[109]
11:18:51.2 (308439538)|VARIABLE_SCOPE_BEGIN|[109]|errorMessage|String|false|false
11:18:51.2 (308443488)|VARIABLE_ASSIGNMENT|[109]|errorMessage|null
11:18:51.2 (308487711)|HEAP_ALLOCATE|[111]|Bytes:4
11:18:51.2 (308490969)|HEAP_ALLOCATE|[111]|Bytes:4
11:18:51.2 (308492523)|HEAP_ALLOCATE|[111]|Bytes:4
11:18:51.2 (308494154)|HEAP_ALLOCATE|[111]|Bytes:4
11:18:51.2 (308495546)|HEAP_ALLOCATE|[111]|Bytes:4
11:18:51.2 (308496872)|HEAP_ALLOCATE|[111]|Bytes:4
11:18:51.2 (308498228)|HEAP_ALLOCATE|[111]|Bytes:4
11:18:51.2 (308546259)|HEAP_ALLOCATE|[111]|Bytes:5
11:18:51.2 (308560483)|HEAP_ALLOCATE|[111]|Bytes:11
11:18:51.2 (308567205)|VARIABLE_SCOPE_BEGIN|[111]|child|dom.XmlNode|true|false
11:18:51.2 (308584850)|VARIABLE_ASSIGNMENT|[111]|child|"XMLNode[ELEMENT,AccessToken,null,null,null,[XMLNode[TEXT,null,null,null,null,null,92b6716f5d1736bfe7aeaed7c2e112e3,]],null,]"|0x221c60f2
11:18:51.2 (308589110)|STATEMENT_EXECUTE|[111]
11:18:51.2 (308590058)|STATEMENT_EXECUTE|[112]
11:18:51.2 (308605306)|HEAP_ALLOCATE|[112]|Bytes:11
11:18:51.2 (308608989)|VARIABLE_SCOPE_BEGIN|[112]|nodeName|String|false|false
11:18:51.2 (308614082)|VARIABLE_ASSIGNMENT|[112]|nodeName|"AccessToken"
11:18:51.2 (308617287)|HEAP_ALLOCATE|[113]|Bytes:5
11:18:51.2 (308642034)|HEAP_ALLOCATE|[115]|Bytes:7
11:18:51.2 (308647343)|HEAP_ALLOCATE|[117]|Bytes:11
11:18:51.2 (308650717)|STATEMENT_EXECUTE|[117]
11:18:51.2 (308651544)|STATEMENT_EXECUTE|[118]
11:18:51.2 (308659846)|HEAP_ALLOCATE|[118]|Bytes:32
11:18:51.2 (308665448)|VARIABLE_ASSIGNMENT|[118]|accessToken|"92b6716f5d1736bfe7ae (12 more) ..."
11:18:51.2 (308672899)|HEAP_ALLOCATE|[111]|Bytes:5
11:18:51.2 (308679766)|HEAP_ALLOCATE|[111]|Bytes:20
11:18:51.2 (308683920)|VARIABLE_SCOPE_BEGIN|[111]|child|dom.XmlNode|true|false
11:18:51.2 (308703034)|VARIABLE_ASSIGNMENT|[111]|child|"XMLNode[ELEMENT,AccessTokenExpiresIn,null,null,null,[XMLNode[TEXT,null,null,null,null,null,1800000,]],null,]"|0x7af671ed
11:18:51.2 (308706427)|STATEMENT_EXECUTE|[111]
11:18:51.2 (308707210)|STATEMENT_EXECUTE|[112]
11:18:51.2 (308710947)|HEAP_ALLOCATE|[112]|Bytes:20
11:18:51.2 (308714197)|VARIABLE_SCOPE_BEGIN|[112]|nodeName|String|false|false
11:18:51.2 (308718707)|VARIABLE_ASSIGNMENT|[112]|nodeName|"AccessTokenExpiresIn"
11:18:51.2 (308732317)|STATEMENT_EXECUTE|[113]
11:18:51.2 (308735980)|HEAP_ALLOCATE|[111]|Bytes:5
11:18:51.2 (308740432)|HEAP_ALLOCATE|[111]|Bytes:12
11:18:51.2 (308742944)|VARIABLE_SCOPE_BEGIN|[111]|child|dom.XmlNode|true|false
11:18:51.2 (308755166)|VARIABLE_ASSIGNMENT|[111]|child|"XMLNode[ELEMENT,RefreshToken,null,null,null,[XMLNode[TEXT,null,null,null,null,null,fde230ec068ef6b5d7aca0ce5c5fe220,]],null,]"|0x33155c21
11:18:51.2 (308758384)|STATEMENT_EXECUTE|[111]
11:18:51.2 (308759216)|STATEMENT_EXECUTE|[112]
11:18:51.2 (308761979)|HEAP_ALLOCATE|[112]|Bytes:12
11:18:51.2 (308765017)|VARIABLE_SCOPE_BEGIN|[112]|nodeName|String|false|false
11:18:51.2 (308769021)|VARIABLE_ASSIGNMENT|[112]|nodeName|"RefreshToken"
11:18:51.2 (308776400)|STATEMENT_EXECUTE|[113]
11:18:51.2 (308779462)|HEAP_ALLOCATE|[111]|Bytes:5
11:18:51.2 (308783402)|HEAP_ALLOCATE|[111]|Bytes:21
11:18:51.2 (308785782)|VARIABLE_SCOPE_BEGIN|[111]|child|dom.XmlNode|true|false
11:18:51.2 (308796497)|VARIABLE_ASSIGNMENT|[111]|child|"XMLNode[ELEMENT,RefreshTokenExpiresIn,null,null,null,[XMLNode[TEXT,null,null,null,null,null,7200000,]],null,]"|0x724fb141
11:18:51.2 (308799462)|STATEMENT_EXECUTE|[111]
11:18:51.2 (308800275)|STATEMENT_EXECUTE|[112]
11:18:51.2 (308802962)|HEAP_ALLOCATE|[112]|Bytes:21
11:18:51.2 (308806162)|VARIABLE_SCOPE_BEGIN|[112]|nodeName|String|false|false
11:18:51.2 (308810741)|VARIABLE_ASSIGNMENT|[112]|nodeName|"RefreshTokenExpiresI (1 more) ..."
11:18:51.2 (308818239)|STATEMENT_EXECUTE|[113]
11:18:51.2 (308821270)|HEAP_ALLOCATE|[111]|Bytes:5
11:18:51.2 (308825049)|HEAP_ALLOCATE|[111]|Bytes:5
11:18:51.2 (308827275)|VARIABLE_SCOPE_BEGIN|[111]|child|dom.XmlNode|true|false
11:18:51.2 (308837840)|VARIABLE_ASSIGNMENT|[111]|child|"XMLNode[ELEMENT,Error,null,null,null,[XMLNode[TEXT,null,null,null,null,null,0,]],null,]"|0x25391193
11:18:51.2 (308840647)|STATEMENT_EXECUTE|[111]
11:18:51.2 (308841463)|STATEMENT_EXECUTE|[112]
11:18:51.2 (308844082)|HEAP_ALLOCATE|[112]|Bytes:5
11:18:51.2 (308847030)|VARIABLE_SCOPE_BEGIN|[112]|nodeName|String|false|false
11:18:51.2 (308850892)|VARIABLE_ASSIGNMENT|[112]|nodeName|"Error"
11:18:51.2 (308854230)|STATEMENT_EXECUTE|[113]
11:18:51.2 (308855052)|STATEMENT_EXECUTE|[114]
11:18:51.2 (308861428)|HEAP_ALLOCATE|[114]|Bytes:1
11:18:51.2 (308865391)|VARIABLE_ASSIGNMENT|[114]|errorCode|"0"
11:18:51.2 (308869882)|HEAP_ALLOCATE|[111]|Bytes:5
11:18:51.2 (308873856)|HEAP_ALLOCATE|[111]|Bytes:7
11:18:51.2 (308876104)|VARIABLE_SCOPE_BEGIN|[111]|child|dom.XmlNode|true|false
11:18:51.2 (308887191)|VARIABLE_ASSIGNMENT|[111]|child|"XMLNode[ELEMENT,Message,null,null,null,[XMLNode[TEXT,null,null,null,null,null,Success,]],null,]"|0x6c8975c0
11:18:51.2 (308890222)|STATEMENT_EXECUTE|[111]
11:18:51.2 (308890992)|STATEMENT_EXECUTE|[112]
11:18:51.2 (308893607)|HEAP_ALLOCATE|[112]|Bytes:7
11:18:51.2 (308896531)|VARIABLE_SCOPE_BEGIN|[112]|nodeName|String|false|false
11:18:51.2 (308900726)|VARIABLE_ASSIGNMENT|[112]|nodeName|"Message"
11:18:51.2 (308905581)|STATEMENT_EXECUTE|[115]
11:18:51.2 (308906359)|STATEMENT_EXECUTE|[116]
11:18:51.2 (308911271)|HEAP_ALLOCATE|[116]|Bytes:7
11:18:51.2 (308915340)|VARIABLE_ASSIGNMENT|[116]|errorMessage|"Success"
11:18:51.2 (308919664)|HEAP_ALLOCATE|[111]|Bytes:5
11:18:51.2 (308924125)|VARIABLE_ASSIGNMENT|[111]|child|null|
11:18:51.2 (308927889)|HEAP_ALLOCATE|[122]|Bytes:1
11:18:51.2 (308932973)|STATEMENT_EXECUTE|[122]
11:18:51.2 (308981728)|HEAP_ALLOCATE|[126]|Bytes:4
11:18:51.2 (308987556)|STATEMENT_EXECUTE|[126]
11:18:51.2 (308988675)|STATEMENT_EXECUTE|[130]
11:18:51.2 (308995358)|METHOD_EXIT|[45]|01pBK000001lFxV|PORTERS_API_GetResumeData.getAccessTokenFromCode(String)
11:18:51.2 (308999921)|VARIABLE_SCOPE_BEGIN|[45]|tokenResult|String|false|false
11:18:51.2 (309004751)|VARIABLE_ASSIGNMENT|[45]|tokenResult|"92b6716f5d1736bfe7ae (12 more) ..."
11:18:51.2 (309007909)|STATEMENT_EXECUTE|[47]
11:18:51.2 (309011034)|METHOD_EXIT|[28]|01pBK000001lFxV|PORTERS_API_GetResumeData.getAccessToken()
11:18:51.2 (309014056)|VARIABLE_SCOPE_BEGIN|[28]|token|String|false|false
11:18:51.2 (309018574)|VARIABLE_ASSIGNMENT|[28]|token|"92b6716f5d1736bfe7ae (12 more) ..."
11:18:51.2 (309020809)|STATEMENT_EXECUTE|[29]
11:18:51.2 (309022555)|HEAP_ALLOCATE|[29]|Bytes:26
11:18:51.2 (309050295)|STATEMENT_EXECUTE|[30]
11:18:51.2 (309052249)|HEAP_ALLOCATE|[30]|Bytes:30
11:18:51.2 (309060800)|STATEMENT_EXECUTE|[31]
11:18:51.2 (309062239)|HEAP_ALLOCATE|[31]|Bytes:22
11:18:51.2 (309064553)|HEAP_ALLOCATE|[31]|Bytes:1
11:18:51.2 (309071881)|STATEMENT_EXECUTE|[32]
11:18:51.2 (309081311)|VARIABLE_SCOPE_BEGIN|[32]|http|System.Http|true|false
11:18:51.2 (309104121)|VARIABLE_ASSIGNMENT|[32]|http|"System.Http[]"|0x1776893f
11:18:51.2 (309107011)|STATEMENT_EXECUTE|[33]
11:18:51.2 (309155721)|CALLOUT_REQUEST|[33]|System.HttpRequest[Endpoint=https://api-hrbc-jp.porterscloud.com/v1/resume?partition=2012&count=200&start=0&field=Resume.P_RegisterChannel%2CResume.U_4519E06428F3E45FB1C14E878185BE%2CResume.U_45A05CBAF79D5527F38A6F59E1243B%2CResume.U_E49E1480A206956CDD882F6A2063E7%2CResume.P_Id%2CResume.U_AC5A0D55E86D3363238C61F123390E%2CResume.U_LASTLOGIN%2CResume.U_91DBD8B96BAAD6B33B538CF2494377%2CResume.P_Candidate%2CResume.P_DateOfBirth%2CResume.P_Gender%2CResume.U_4F79E5889587A2E73847A8B269B808%2CResume.U_7F3DF7F61EEF0679AA432646777832%2CResume.U_5247D11C2262F3D9D357DA3D7D472B%2CResume.P_Phase%2CResume.P_PhaseDate%2CResume.U_673275A4DA445C9B23AC18BDD7C4DC%2CResume.U_85DEA8FA18EF17830FD8A036EC95A4%2CResume.P_Education%2CResume.U_217F6B518AF9B5910F86DE3553210E%2CResume.P_TelephoneReference%2CResume.P_MobileReference%2CResume.P_Mail%2CResume.P_MobileMail%2CResume.U_57CF0FC339534D5E1CCAB9E5720732%2CResume.U_40A13BD8D79CFAA685ED4C454030D3%2CResume.P_CurrentStatus%2CResume.P_ChangeJobsCount%2CResume.U_97A8BC60EE4C6181D71B62B0A94867%2CResume.U_C5A71273732B694582E953EE29B262%2CResume.U_48B3606404C39777B9C4D652EB9B33%2CResume.U_983513B1B1284C1AE08155656440DE%2CResume.U_7790CB5A294982B42C78415C082D80%2CResume.U_459C918AD0E71B7D760A7B466FEC2D%2CResume.U_5598122582348E10065B3A9B2FCC79%2CResume.U_7C79BBCF39E0D849E54929A8D70B06%2CResume.U_AEEC844BBC2B3D25C87D589DDCDC28%2CResume.U_223D0173F7AB1E5F4A15DC0DB0904C%2CResume.U_BC07D210E9789C7E4C16092C2718F0%2CResume.U_959F4DF5330A30BF416EE53592D689%2CResume.U_DF0E1BF1E942DE5B44759F145F26CC%2CResume.U_A1D41116DCC9F246FBE2505927D801%2CResume.U_1342FD85C7DD1612C466A201748F45%2CResume.U_AA13AA68D5EF4EAC7F9E80626F6401%2CResume.U_7A82F71961342ABC309E82F3CB4549%2CResume.U_088F183F5A467370986D82D8A56820%2CResume.U_84014DC41521C8B72456DA0602B1DC%2CResume.U_6BFFD96228CF84803A26F4F04200F0%2CResume.U_D430BFCB51DF105C5546258FA6D8E2%2CResume.U_DDA38E8BC45B94D70819747CE7B627%2CResume.U_60E42092BAB538A1E256CE86B3418A%2CResume.U_96F0A72569A21441DA7E5F9D6ACBEA%2CResume.U_F2C3465D66ECA0A6227F731DB868B0%2CResume.U_AGENTSTATUS%2CResume.U_AGETNTSUSAGE%2CResume.U_4495E00E8A888DDC61CF3A56D104F8%2CResume.P_ExpectArea%2CResume.U_80F76B1B3D339C9387773F1C457E51%2CResume.U_KKSKGN%2CResume.U_CE0C8801E69FA2E26E349B09856C0C%2CResume.P_ExpectEmploymentType%2CResume.U_94A609C4275F50CC7C617F6CE0A409%2CResume.P_ExpectCondition%2CResume.U_F7E834098FD85B1A86E77396219E2B%2CResume.U_EF980BC1829E8EC05C300033CFABFC%2CResume.P_ExperiencedIndustry%2CResume.P_ExperiencedJobCategory%2CResume.P_CurrentSalary%2CResume.U_7A6877EFE8D7FB90A4DA9571370642%2CResume.U_D16C6D4F1B6C32B4AC53819D88043F%2CResume.U_8D0C259C0AFF6CDF1806A87DC5F439%2CResume.U_C4E94650CDEFC413E234DD7E6C9274%2CResume.U_971466A5917927863462EF570C1169%2CResume.U_8F8E666EE51CC8D00788940A3DC98C%2CResume.P_ExpectIndustry%2CResume.P_ExpectJobCategory%2CResume.P_CarrierSummary%2CResume.U_42902DED368132819B152E589AA578%2CResume.U_5475007220C4E3258472D5626A0563%2CResume.U_C80486912236BD021D1B63FFB762B4%2CResume.U_12A4C297CC5D159213875DA2210BF2%2CResume.U_ADE568278037E18C20F3AF78AAF8A8%2CResume.U_90AD127E5FCEBCD1AF01DDC8295708%2CResume.U_F205EBF7F6A862C6A9E8DDB135F797%2CResume.U_94E831023512892988CDD4FC4987EB%2CResume.U_13C45F7FFAFC1AB430E6038C76125A%2CResume.U_5F7FC5144BA471117A376B60BC8D90%2CResume.U_8E20986D8967D107BEE5D63870AD68%2CResume.U_DDF5A119155AD1F559BAA37C031C4E%2CResume.P_RegistrationDate%2CResume.P_RegisteredBy%2CResume.P_UpdateDate%2CResume.P_UpdatedBy%2CResume.U_GCLID%2CResume.U_B41102CD1A612DA93AA74B5462DE6E%2CResume.U_8B5178364C17E24A72A2113296D4A5%2CResume.U_9B5DE90D67C3C57A12D66F84AFA05F%2CResume.U_ACB4CAC6E89348FD55DF19E6E20155%2CResume.U_8EF0F79E169EAD365B63D86C9C80B8&itemstate=existing&condition=Resume.P_UpdateDate%3Age%3D2026%2F02%2F03+11%3A15%3A00, Method=GET]
11:18:51.2 (400204739)|HEAP_ALLOCATE|[EXTERNAL]|Bytes:294
11:18:51.2 (401542559)|CALLOUT_RESPONSE|[33]|System.HttpResponse[Status=OK, StatusCode=200]
11:18:51.2 (401579384)|HEAP_ALLOCATE|[33]|Bytes:127
11:18:51.2 (401616083)|VARIABLE_SCOPE_BEGIN|[33]|res|System.HttpResponse|true|false
11:18:51.2 (401704026)|VARIABLE_ASSIGNMENT|[33]|res|"System.HttpResponse[Status=OK, StatusCode=200]"|0x319ebde2
11:18:51.2 (401793711)|STATEMENT_EXECUTE|[34]
11:18:51.2 (401795539)|STATEMENT_EXECUTE|[35]
11:18:51.2 (401827151)|HEAP_ALLOCATE|[35]|Bytes:121
11:18:51.2 (401869721)|METHOD_ENTRY|[35]|01pBK000001lFxV|PORTERS_API_GetResumeData.parseXml(String)
11:18:51.2 (401882291)|VARIABLE_SCOPE_BEGIN|[145]|xml|String|false|false
11:18:51.2 (401897595)|VARIABLE_ASSIGNMENT|[145]|xml|"<?xml version=\"1.0\"  (101 more) ..."
11:18:51.2 (401906268)|STATEMENT_EXECUTE|[145]
11:18:51.2 (401907699)|STATEMENT_EXECUTE|[146]
11:18:51.2 (401966138)|HEAP_ALLOCATE|[146]|Bytes:7
11:18:51.2 (401977801)|HEAP_ALLOCATE|[146]|Bytes:112
11:18:51.2 (401982250)|HEAP_ALLOCATE|[146]|Bytes:7
11:18:51.2 (401985723)|HEAP_ALLOCATE|[146]|Bytes:3
11:18:51.2 (402026118)|METHOD_ENTRY|[1]|01pBK000001lEer|PORTERS_DTO_ResumeDateResponse.PORTERS_DTO_ResumeDateResponse()
11:18:51.2 (402032397)|STATEMENT_EXECUTE|[1]
11:18:51.2 (402036689)|STATEMENT_EXECUTE|[1]
11:18:51.2 (402038191)|STATEMENT_EXECUTE|[6]
11:18:51.2 (402062615)|HEAP_ALLOCATE|[6]|Bytes:4
11:18:51.2 (402077846)|HEAP_ALLOCATE|[7]|Bytes:24
11:18:51.2 (402082717)|HEAP_ALLOCATE|[7]|Bytes:21
11:18:51.2 (402187412)|HEAP_ALLOCATE|[8]|Bytes:39
11:18:51.2 (402192428)|HEAP_ALLOCATE|[8]|Bytes:21
11:18:51.2 (402205055)|HEAP_ALLOCATE|[9]|Bytes:39
11:18:51.2 (402208270)|HEAP_ALLOCATE|[9]|Bytes:21
11:18:51.2 (402214738)|HEAP_ALLOCATE|[10]|Bytes:39
11:18:51.2 (402217613)|HEAP_ALLOCATE|[10]|Bytes:24
11:18:51.2 (402223743)|HEAP_ALLOCATE|[11]|Bytes:11
11:18:51.2 (402226581)|HEAP_ALLOCATE|[11]|Bytes:11
11:18:51.2 (402232342)|HEAP_ALLOCATE|[12]|Bytes:39
11:18:51.2 (402235422)|HEAP_ALLOCATE|[12]|Bytes:21
11:18:51.2 (402242025)|HEAP_ALLOCATE|[13]|Bytes:18
11:18:51.2 (402244485)|HEAP_ALLOCATE|[13]|Bytes:16
11:18:51.2 (402250057)|HEAP_ALLOCATE|[14]|Bytes:39
11:18:51.2 (402252735)|HEAP_ALLOCATE|[14]|Bytes:15
11:18:51.2 (402277325)|HEAP_ALLOCATE|[15]|Bytes:18
11:18:51.2 (402280690)|HEAP_ALLOCATE|[15]|Bytes:11
11:18:51.2 (402287332)|HEAP_ALLOCATE|[16]|Bytes:20
11:18:51.2 (402290331)|HEAP_ALLOCATE|[16]|Bytes:18
11:18:51.2 (402297294)|HEAP_ALLOCATE|[17]|Bytes:15
11:18:51.2 (402300494)|HEAP_ALLOCATE|[17]|Bytes:9
11:18:51.2 (402306884)|HEAP_ALLOCATE|[18]|Bytes:39
11:18:51.2 (402309861)|HEAP_ALLOCATE|[18]|Bytes:13
11:18:51.2 (402316790)|HEAP_ALLOCATE|[19]|Bytes:39
11:18:51.2 (402320164)|HEAP_ALLOCATE|[19]|Bytes:13
11:18:51.2 (402327165)|HEAP_ALLOCATE|[20]|Bytes:39
11:18:51.2 (402329970)|HEAP_ALLOCATE|[20]|Bytes:17
11:18:51.2 (402335867)|HEAP_ALLOCATE|[21]|Bytes:14
11:18:51.2 (402338734)|HEAP_ALLOCATE|[21]|Bytes:14
11:18:51.2 (402344514)|HEAP_ALLOCATE|[22]|Bytes:18
11:18:51.2 (402347225)|HEAP_ALLOCATE|[22]|Bytes:18
11:18:51.2 (402354398)|HEAP_ALLOCATE|[23]|Bytes:39
11:18:51.2 (402357182)|HEAP_ALLOCATE|[23]|Bytes:22
11:18:51.2 (402363096)|HEAP_ALLOCATE|[24]|Bytes:39
11:18:51.2 (402365830)|HEAP_ALLOCATE|[24]|Bytes:26
11:18:51.2 (402372178)|HEAP_ALLOCATE|[25]|Bytes:18
11:18:51.2 (402375206)|HEAP_ALLOCATE|[25]|Bytes:18
11:18:51.2 (402381808)|HEAP_ALLOCATE|[26]|Bytes:39
11:18:51.2 (402384998)|HEAP_ALLOCATE|[26]|Bytes:17
11:18:51.2 (402391819)|HEAP_ALLOCATE|[27]|Bytes:27
11:18:51.2 (402394756)|HEAP_ALLOCATE|[27]|Bytes:18
11:18:51.2 (402401056)|HEAP_ALLOCATE|[28]|Bytes:24
11:18:51.2 (402404131)|HEAP_ALLOCATE|[28]|Bytes:24
11:18:51.2 (402410738)|HEAP_ALLOCATE|[29]|Bytes:13
11:18:51.2 (402413756)|HEAP_ALLOCATE|[29]|Bytes:18
11:18:51.2 (402420591)|HEAP_ALLOCATE|[30]|Bytes:19
11:18:51.2 (402426471)|HEAP_ALLOCATE|[30]|Bytes:24
11:18:51.2 (402433397)|HEAP_ALLOCATE|[31]|Bytes:39
11:18:51.2 (402436271)|HEAP_ALLOCATE|[31]|Bytes:20
11:18:51.2 (402443024)|HEAP_ALLOCATE|[32]|Bytes:39
11:18:51.2 (402446181)|HEAP_ALLOCATE|[32]|Bytes:18
11:18:51.2 (402452251)|HEAP_ALLOCATE|[33]|Bytes:22
11:18:51.2 (402455101)|HEAP_ALLOCATE|[33]|Bytes:19
11:18:51.2 (402460416)|HEAP_ALLOCATE|[34]|Bytes:24
11:18:51.2 (402462755)|HEAP_ALLOCATE|[34]|Bytes:26
11:18:51.2 (402468655)|HEAP_ALLOCATE|[35]|Bytes:39
11:18:51.2 (402471641)|HEAP_ALLOCATE|[35]|Bytes:29
11:18:51.2 (402497535)|HEAP_ALLOCATE|[36]|Bytes:39
11:18:51.2 (402500949)|HEAP_ALLOCATE|[36]|Bytes:18
11:18:51.2 (402506816)|HEAP_ALLOCATE|[37]|Bytes:39
11:18:51.2 (402509584)|HEAP_ALLOCATE|[37]|Bytes:13
11:18:51.2 (402515851)|HEAP_ALLOCATE|[38]|Bytes:39
11:18:51.2 (402518591)|HEAP_ALLOCATE|[38]|Bytes:12
11:18:51.2 (402524391)|HEAP_ALLOCATE|[39]|Bytes:39
11:18:51.2 (402526950)|HEAP_ALLOCATE|[39]|Bytes:18
11:18:51.2 (402532817)|HEAP_ALLOCATE|[40]|Bytes:39
11:18:51.2 (402535186)|HEAP_ALLOCATE|[40]|Bytes:17
11:18:51.2 (402541241)|HEAP_ALLOCATE|[41]|Bytes:39
11:18:51.2 (402543625)|HEAP_ALLOCATE|[41]|Bytes:14
11:18:51.2 (402549061)|HEAP_ALLOCATE|[42]|Bytes:39
11:18:51.2 (402551733)|HEAP_ALLOCATE|[42]|Bytes:20
11:18:51.2 (402557742)|HEAP_ALLOCATE|[43]|Bytes:39
11:18:51.2 (402560439)|HEAP_ALLOCATE|[43]|Bytes:20
11:18:51.2 (402565915)|HEAP_ALLOCATE|[44]|Bytes:39
11:18:51.2 (402568842)|HEAP_ALLOCATE|[44]|Bytes:23
11:18:51.2 (402575139)|HEAP_ALLOCATE|[45]|Bytes:39
11:18:51.2 (402577846)|HEAP_ALLOCATE|[45]|Bytes:20
11:18:51.2 (402583391)|HEAP_ALLOCATE|[46]|Bytes:39
11:18:51.2 (402585983)|HEAP_ALLOCATE|[46]|Bytes:24
11:18:51.2 (402591440)|HEAP_ALLOCATE|[47]|Bytes:39
11:18:51.2 (402593806)|HEAP_ALLOCATE|[47]|Bytes:15
11:18:51.2 (402599381)|HEAP_ALLOCATE|[48]|Bytes:39
11:18:51.2 (402601768)|HEAP_ALLOCATE|[48]|Bytes:14
11:18:51.2 (402608131)|HEAP_ALLOCATE|[49]|Bytes:39
11:18:51.2 (402610683)|HEAP_ALLOCATE|[49]|Bytes:20
11:18:51.2 (402616871)|HEAP_ALLOCATE|[50]|Bytes:39
11:18:51.2 (402619656)|HEAP_ALLOCATE|[50]|Bytes:24
11:18:51.2 (402625389)|HEAP_ALLOCATE|[51]|Bytes:39
11:18:51.2 (402627867)|HEAP_ALLOCATE|[51]|Bytes:16
11:18:51.2 (402633853)|HEAP_ALLOCATE|[52]|Bytes:39
11:18:51.2 (402636426)|HEAP_ALLOCATE|[52]|Bytes:16
11:18:51.2 (402642217)|HEAP_ALLOCATE|[53]|Bytes:39
11:18:51.2 (402645131)|HEAP_ALLOCATE|[53]|Bytes:20
11:18:51.2 (402650569)|HEAP_ALLOCATE|[54]|Bytes:39
11:18:51.2 (402653089)|HEAP_ALLOCATE|[54]|Bytes:21
11:18:51.2 (402660522)|HEAP_ALLOCATE|[55]|Bytes:39
11:18:51.2 (402664321)|HEAP_ALLOCATE|[55]|Bytes:20
11:18:51.2 (402673668)|HEAP_ALLOCATE|[56]|Bytes:39
11:18:51.2 (402676861)|HEAP_ALLOCATE|[56]|Bytes:23
11:18:51.2 (402683486)|HEAP_ALLOCATE|[57]|Bytes:39
11:18:51.2 (402686970)|HEAP_ALLOCATE|[57]|Bytes:18
11:18:51.2 (402695082)|HEAP_ALLOCATE|[58]|Bytes:39
11:18:51.2 (402698563)|HEAP_ALLOCATE|[58]|Bytes:24
11:18:51.2 (402705693)|HEAP_ALLOCATE|[59]|Bytes:39
11:18:51.2 (402708935)|HEAP_ALLOCATE|[59]|Bytes:25
11:18:51.2 (402715928)|HEAP_ALLOCATE|[60]|Bytes:20
11:18:51.2 (402719638)|HEAP_ALLOCATE|[60]|Bytes:19
11:18:51.2 (402727119)|HEAP_ALLOCATE|[61]|Bytes:21
11:18:51.2 (402730465)|HEAP_ALLOCATE|[61]|Bytes:21
11:18:51.2 (402737187)|HEAP_ALLOCATE|[62]|Bytes:39
11:18:51.2 (402740448)|HEAP_ALLOCATE|[62]|Bytes:30
11:18:51.2 (402746735)|HEAP_ALLOCATE|[63]|Bytes:19
11:18:51.2 (402749748)|HEAP_ALLOCATE|[63]|Bytes:24
11:18:51.2 (402765722)|HEAP_ALLOCATE|[64]|Bytes:39
11:18:51.2 (402768831)|HEAP_ALLOCATE|[64]|Bytes:22
11:18:51.2 (402775225)|HEAP_ALLOCATE|[65]|Bytes:15
11:18:51.2 (402778130)|HEAP_ALLOCATE|[65]|Bytes:20
11:18:51.2 (402784908)|HEAP_ALLOCATE|[66]|Bytes:39
11:18:51.2 (402788208)|HEAP_ALLOCATE|[66]|Bytes:20
11:18:51.2 (402794971)|HEAP_ALLOCATE|[67]|Bytes:29
11:18:51.2 (402798203)|HEAP_ALLOCATE|[67]|Bytes:26
11:18:51.2 (402805240)|HEAP_ALLOCATE|[68]|Bytes:39
11:18:51.2 (402808584)|HEAP_ALLOCATE|[68]|Bytes:22
11:18:51.2 (402815211)|HEAP_ALLOCATE|[69]|Bytes:24
11:18:51.2 (402818320)|HEAP_ALLOCATE|[69]|Bytes:28
11:18:51.2 (402831543)|HEAP_ALLOCATE|[70]|Bytes:39
11:18:51.2 (402835262)|HEAP_ALLOCATE|[70]|Bytes:11
11:18:51.2 (402843094)|HEAP_ALLOCATE|[71]|Bytes:39
11:18:51.2 (402846735)|HEAP_ALLOCATE|[71]|Bytes:14
11:18:51.2 (402853808)|HEAP_ALLOCATE|[72]|Bytes:28
11:18:51.2 (402857780)|HEAP_ALLOCATE|[72]|Bytes:24
11:18:51.2 (402873980)|HEAP_ALLOCATE|[73]|Bytes:31
11:18:51.2 (402877525)|HEAP_ALLOCATE|[73]|Bytes:33
11:18:51.2 (402885673)|HEAP_ALLOCATE|[74]|Bytes:22
11:18:51.2 (402889143)|HEAP_ALLOCATE|[74]|Bytes:22
11:18:51.2 (402897187)|HEAP_ALLOCATE|[75]|Bytes:39
11:18:51.2 (402901260)|HEAP_ALLOCATE|[75]|Bytes:23
11:18:51.2 (402910383)|HEAP_ALLOCATE|[76]|Bytes:39
11:18:51.2 (402913839)|HEAP_ALLOCATE|[76]|Bytes:24
11:18:51.2 (402922585)|HEAP_ALLOCATE|[77]|Bytes:39
11:18:51.2 (402926824)|HEAP_ALLOCATE|[77]|Bytes:22
11:18:51.2 (402937169)|HEAP_ALLOCATE|[78]|Bytes:39
11:18:51.2 (402940870)|HEAP_ALLOCATE|[78]|Bytes:13
11:18:51.2 (402949995)|HEAP_ALLOCATE|[79]|Bytes:39
11:18:51.2 (402953560)|HEAP_ALLOCATE|[79]|Bytes:17
11:18:51.2 (403008115)|HEAP_ALLOCATE|[80]|Bytes:39
11:18:51.2 (403015818)|HEAP_ALLOCATE|[80]|Bytes:21
11:18:51.2 (403028627)|HEAP_ALLOCATE|[81]|Bytes:23
11:18:51.2 (403033157)|HEAP_ALLOCATE|[81]|Bytes:22
11:18:51.2 (403044614)|HEAP_ALLOCATE|[82]|Bytes:26
11:18:51.2 (403047981)|HEAP_ALLOCATE|[82]|Bytes:23
11:18:51.2 (403055453)|HEAP_ALLOCATE|[83]|Bytes:23
11:18:51.2 (403058811)|HEAP_ALLOCATE|[83]|Bytes:20
11:18:51.2 (403065872)|HEAP_ALLOCATE|[84]|Bytes:39
11:18:51.2 (403069114)|HEAP_ALLOCATE|[84]|Bytes:26
11:18:51.2 (403076869)|HEAP_ALLOCATE|[85]|Bytes:39
11:18:51.2 (403080037)|HEAP_ALLOCATE|[85]|Bytes:16
11:18:51.2 (403087314)|HEAP_ALLOCATE|[86]|Bytes:39
11:18:51.2 (403144414)|HEAP_ALLOCATE|[86]|Bytes:28
11:18:51.2 (403204926)|HEAP_ALLOCATE|[87]|Bytes:39
11:18:51.2 (403236024)|HEAP_ALLOCATE|[87]|Bytes:30
11:18:51.2 (403281764)|HEAP_ALLOCATE|[88]|Bytes:39
11:18:51.2 (403288148)|HEAP_ALLOCATE|[88]|Bytes:27
11:18:51.2 (403299269)|HEAP_ALLOCATE|[89]|Bytes:39
11:18:51.2 (403303454)|HEAP_ALLOCATE|[89]|Bytes:15
11:18:51.2 (403314473)|HEAP_ALLOCATE|[90]|Bytes:39
11:18:51.2 (403319327)|HEAP_ALLOCATE|[90]|Bytes:13
11:18:51.2 (403329351)|HEAP_ALLOCATE|[91]|Bytes:39
11:18:51.2 (403332871)|HEAP_ALLOCATE|[91]|Bytes:13
11:18:51.2 (403341648)|HEAP_ALLOCATE|[92]|Bytes:39
11:18:51.2 (403345882)|HEAP_ALLOCATE|[92]|Bytes:22
11:18:51.2 (403356328)|HEAP_ALLOCATE|[93]|Bytes:39
11:18:51.2 (403360474)|HEAP_ALLOCATE|[93]|Bytes:22
11:18:51.2 (403368568)|HEAP_ALLOCATE|[94]|Bytes:39
11:18:51.2 (403372172)|HEAP_ALLOCATE|[94]|Bytes:25
11:18:51.2 (403379580)|HEAP_ALLOCATE|[95]|Bytes:39
11:18:51.2 (403382758)|HEAP_ALLOCATE|[95]|Bytes:16
11:18:51.2 (403390563)|HEAP_ALLOCATE|[96]|Bytes:25
11:18:51.2 (403394386)|HEAP_ALLOCATE|[96]|Bytes:14
11:18:51.2 (403403906)|HEAP_ALLOCATE|[97]|Bytes:21
11:18:51.2 (403407956)|HEAP_ALLOCATE|[97]|Bytes:12
11:18:51.2 (403416899)|HEAP_ALLOCATE|[98]|Bytes:19
11:18:51.2 (403420719)|HEAP_ALLOCATE|[98]|Bytes:19
11:18:51.2 (403429199)|HEAP_ALLOCATE|[99]|Bytes:18
11:18:51.2 (403433028)|HEAP_ALLOCATE|[99]|Bytes:17
11:18:51.2 (403442708)|HEAP_ALLOCATE|[100]|Bytes:14
11:18:51.2 (403446607)|HEAP_ALLOCATE|[100]|Bytes:8
11:18:51.2 (403466871)|HEAP_ALLOCATE|[101]|Bytes:39
11:18:51.2 (403472233)|HEAP_ALLOCATE|[101]|Bytes:16
11:18:51.2 (403491213)|HEAP_ALLOCATE|[102]|Bytes:39
11:18:51.2 (403496660)|HEAP_ALLOCATE|[102]|Bytes:15
11:18:51.2 (403539059)|HEAP_ALLOCATE|[103]|Bytes:39
11:18:51.2 (403544786)|HEAP_ALLOCATE|[103]|Bytes:16
11:18:51.2 (403559050)|HEAP_ALLOCATE|[104]|Bytes:39
11:18:51.2 (403563743)|HEAP_ALLOCATE|[104]|Bytes:15
11:18:51.2 (403573558)|HEAP_ALLOCATE|[105]|Bytes:39
11:18:51.2 (403577933)|HEAP_ALLOCATE|[105]|Bytes:23
11:18:51.2 (403699906)|VARIABLE_ASSIGNMENT|[6]|PORTERS_DTO_ResumeDateResponse.FIELD_MAPPING|"Map of size 99 too large to display"|0x4641f9c5
11:18:51.2 (403709568)|STATEMENT_EXECUTE|[107]
11:18:51.2 (403729070)|METHOD_EXIT|[1]|PORTERS_DTO_ResumeDateResponse
11:18:51.2 (404168989)|HEAP_ALLOCATE|[146]|Bytes:12
11:18:51.2 (404196364)|CONSTRUCTOR_ENTRY|[146]|01pBK000001lEer|<init>()|PORTERS_DTO_ResumeDateResponse
11:18:51.2 (404246193)|VARIABLE_SCOPE_BEGIN|[1]|this|PORTERS_DTO_ResumeDateResponse|true|false
11:18:51.2 (404312129)|VARIABLE_ASSIGNMENT|[1]|this|{}|0x4adbdcb2
11:18:51.2 (404347555)|STATEMENT_EXECUTE|[1]
11:18:51.2 (404349224)|STATEMENT_EXECUTE|[2]
11:18:51.2 (404350578)|STATEMENT_EXECUTE|[3]
11:18:51.2 (404354824)|CONSTRUCTOR_EXIT|[146]|01pBK000001lEer|<init>()|PORTERS_DTO_ResumeDateResponse
11:18:51.2 (404360587)|VARIABLE_SCOPE_BEGIN|[146]|res|PORTERS_DTO_ResumeDateResponse|true|false
11:18:51.2 (404374494)|VARIABLE_ASSIGNMENT|[146]|res|{}|0x4adbdcb2
11:18:51.2 (404378725)|STATEMENT_EXECUTE|[147]
11:18:51.2 (404395400)|HEAP_ALLOCATE|[147]|Bytes:4
11:18:51.2 (404505553)|VARIABLE_ASSIGNMENT|[EXTERNAL]|this|{}|0x4adbdcb2
11:18:51.2 (404548266)|HEAP_ALLOCATE|[EXTERNAL]|Bytes:4
11:18:51.2 (404561979)|VARIABLE_ASSIGNMENT|[EXTERNAL]|value|[]|0x958d6d0
11:18:51.2 (404578962)|VARIABLE_ASSIGNMENT|[3]|this.result|[]|0x4adbdcb2
11:18:51.2 (404587984)|STATEMENT_EXECUTE|[149]
11:18:51.2 (404633894)|VARIABLE_SCOPE_BEGIN|[149]|doc|dom.Document|true|false
11:18:51.2 (404735902)|VARIABLE_ASSIGNMENT|[149]|doc|"Document[]"|0x1df2a505
11:18:51.2 (404773515)|STATEMENT_EXECUTE|[150]
11:18:51.2 (405033378)|STATEMENT_EXECUTE|[151]
11:18:51.2 (405078159)|VARIABLE_SCOPE_BEGIN|[151]|root|dom.XmlNode|true|false
11:18:51.2 (405168246)|VARIABLE_ASSIGNMENT|[151]|root|"XMLNode[ELEMENT,Resume,null,[common.apex.api.dom.XmlNode$Attribute@2f1874ad, common.apex.api.dom.XmlNode$Attribute@66ce9c95, common.apex.api.dom.XmlNode$Attribute@29ef28ca],null,[XMLNode[ELEMENT,Code,null,null,null,[XMLNode[TEXT,null,null,null,null,null,103,]],null,]],null,]"|0x213d6a7f
11:18:51.2 (405173601)|STATEMENT_EXECUTE|[153]
11:18:51.2 (405177968)|HEAP_ALLOCATE|[153]|Bytes:5
11:18:51.2 (405214257)|HEAP_ALLOCATE|[153]|Bytes:2
11:18:51.2 (405218771)|VARIABLE_SCOPE_BEGIN|[153]|totalAttr|String|false|false
11:18:51.2 (405226321)|VARIABLE_ASSIGNMENT|[153]|totalAttr|"-1"
11:18:51.2 (405229807)|STATEMENT_EXECUTE|[154]
11:18:51.2 (405399703)|VARIABLE_ASSIGNMENT|[EXTERNAL]|this|{"result":"0x958d6d0"}|0x4adbdcb2
11:18:51.2 (405409526)|VARIABLE_ASSIGNMENT|[EXTERNAL]|value|-1
11:18:51.2 (405415154)|HEAP_ALLOCATE|[2]|Bytes:4
11:18:51.2 (405420505)|VARIABLE_ASSIGNMENT|[2]|this.totalCount|-1|0x4adbdcb2
11:18:51.2 (405479917)|HEAP_ALLOCATE|[156]|Bytes:4
11:18:51.2 (405482966)|HEAP_ALLOCATE|[156]|Bytes:4
11:18:51.2 (405525084)|HEAP_ALLOCATE|[156]|Bytes:5
11:18:51.2 (405540041)|HEAP_ALLOCATE|[156]|Bytes:4
11:18:51.2 (405547376)|VARIABLE_SCOPE_BEGIN|[156]|itemNode|dom.XmlNode|true|false
11:18:51.2 (405572331)|VARIABLE_ASSIGNMENT|[156]|itemNode|"XMLNode[ELEMENT,Code,null,null,null,[XMLNode[TEXT,null,null,null,null,null,103,]],null,]"|0xfad12bd
11:18:51.2 (405576914)|STATEMENT_EXECUTE|[156]
11:18:51.2 (405590276)|HEAP_ALLOCATE|[157]|Bytes:4
11:18:51.2 (405595080)|HEAP_ALLOCATE|[157]|Bytes:4
11:18:51.2 (405616601)|STATEMENT_EXECUTE|[157]
11:18:51.2 (405621041)|HEAP_ALLOCATE|[156]|Bytes:5
11:18:51.2 (405626346)|VARIABLE_ASSIGNMENT|[156]|itemNode|null|
11:18:51.2 (405630014)|STATEMENT_EXECUTE|[169]
11:18:51.2 (405634956)|METHOD_EXIT|[35]|01pBK000001lFxV|PORTERS_API_GetResumeData.parseXml(String)
11:18:51.2 (405642050)|METHOD_EXIT|[15]|01pBK000001lFxV|PORTERS_API_GetResumeData.getResumeData(Datetime, Integer)
11:18:51.2 (405644781)|VARIABLE_SCOPE_BEGIN|[14]|res|PORTERS_DTO_ResumeDateResponse|true|false
11:18:51.2 (405658341)|VARIABLE_ASSIGNMENT|[14]|res|{"result":"0x958d6d0","totalCount":-1}|0x4adbdcb2
11:18:51.2 (405661603)|STATEMENT_EXECUTE|[17]
11:18:51.2 (405680595)|VARIABLE_ASSIGNMENT|[EXTERNAL]|this|{"result":"0x958d6d0","totalCount":-1}|0x4adbdcb2
11:18:51.2 (405688018)|VARIABLE_SCOPE_BEGIN|[17]|totalCount|Integer|false|false
11:18:51.2 (405692455)|VARIABLE_ASSIGNMENT|[17]|totalCount|-1
11:18:51.2 (405694451)|STATEMENT_EXECUTE|[19]
11:18:51.2 (405778218)|VARIABLE_SCOPE_BEGIN|[2]|System.Math.E|Double|false|true
11:18:51.2 (405782460)|VARIABLE_SCOPE_BEGIN|[3]|System.Math.PI|Double|false|true
11:18:51.2 (405793762)|HEAP_ALLOCATE|[19]|Bytes:206
11:18:51.2 (405807010)|SYSTEM_METHOD_ENTRY|[1]|Math.Math()
11:18:51.2 (405809495)|STATEMENT_EXECUTE|[1]
11:18:51.2 (405866969)|SYSTEM_METHOD_EXIT|[1]|Math
11:18:51.2 (405882311)|METHOD_ENTRY|[19]||System.Math.ceil(Double)
11:18:51.2 (405964218)|METHOD_EXIT|[19]||System.Math.ceil(Double)
11:18:51.2 (405985859)|HEAP_ALLOCATE|[19]|Bytes:4
11:18:51.2 (405992754)|VARIABLE_ASSIGNMENT|[19]|this.totalPage|0|0xf74c356
11:18:51.2 (405995833)|STATEMENT_EXECUTE|[21]
11:18:51.2 (406008889)|HEAP_ALLOCATE|[21]|Bytes:4
11:18:51.2 (406030013)|HEAP_ALLOCATE|[21]|Bytes:4
11:18:51.2 (406061344)|VARIABLE_SCOPE_BEGIN|[21]|pages|List<Integer>|true|false
11:18:51.2 (406084448)|HEAP_ALLOCATE|[EXTERNAL]|Bytes:8
11:18:51.2 (406092974)|VARIABLE_ASSIGNMENT|[21]|pages|[0]|0x1fb5e6e1
11:18:51.2 (406095770)|STATEMENT_EXECUTE|[27]
11:18:51.2 (415526895)|HEAP_ALLOCATE|[EXTERNAL]|Bytes:8
11:18:51.2 (415892525)|HEAP_ALLOCATE|[EXTERNAL]|Bytes:8
11:18:51.2 (415910352)|HEAP_ALLOCATE|[EXTERNAL]|Bytes:5
11:18:51.2 (415930247)|HEAP_ALLOCATE|[EXTERNAL]|Bytes:8
11:18:51.2 (415936587)|HEAP_ALLOCATE|[EXTERNAL]|Bytes:8
11:18:51.2 (415942782)|HEAP_ALLOCATE|[EXTERNAL]|Bytes:8
11:18:51.2 (415944810)|HEAP_ALLOCATE|[EXTERNAL]|Bytes:5
11:18:51.2 (415995712)|HEAP_ALLOCATE|[EXTERNAL]|Bytes:4
11:18:51.2 (416026333)|HEAP_ALLOCATE|[EXTERNAL]|Bytes:4
11:18:51.2 (416096692)|HEAP_ALLOCATE|[EXTERNAL]|Bytes:4
11:18:51.2 (416114540)|HEAP_ALLOCATE|[EXTERNAL]|Bytes:8
11:18:51.2 (416120737)|HEAP_ALLOCATE|[EXTERNAL]|Bytes:4
11:18:51.480 (480118608)|CUMULATIVE_LIMIT_USAGE
11:18:51.480 (480118608)|LIMIT_USAGE_FOR_NS|(default)|
  Number of SOQL queries: 0 out of 200
  Number of query rows: 0 out of 50000
  Number of SOSL queries: 0 out of 20
  Number of DML statements: 0 out of 150
  Number of Publish Immediate DML: 0 out of 150
  Number of DML rows: 0 out of 10000
  Maximum CPU time: 0 out of 60000
  Maximum heap size: 0 out of 12000000
  Number of callouts: 0 out of 0
  Number of Email Invocations: 0 out of 10
  Number of future calls: 0 out of 0
  Number of queueable jobs added to the queue: 0 out of 1
  Number of Mobile Apex push calls: 0 out of 10

11:18:51.480 (480118608)|CUMULATIVE_LIMIT_USAGE_END

11:18:51.2 (480182213)|CODE_UNIT_FINISHED|PORTERS_BATCH_ResumeData
11:18:51.2 (480200954)|EXECUTION_FINISHED
