66.0 APEX_CODE,FINEST;APEX_PROFILING,INFO;CALLOUT,INFO;DATA_ACCESS,INFO;DB,INFO;NBA,INFO;SYSTEM,DEBUG;VALIDATION,INFO;VISUALFORCE,INFO;WAVE,INFO;WORKFLOW,INFO
11:24:32.1 (1623588)|USER_INFO|[EXTERNAL]|0057F0000042UBb|ishibashi@hurex.co.jp.dev1|(GMT+09:00) 日本標準時 (Asia/Tokyo)|GMT+09:00
11:24:32.1 (1668986)|EXECUTION_STARTED
11:24:32.1 (1682137)|CODE_UNIT_STARTED|[EXTERNAL]|apex://JobCardsController/ACTION$getJobs
11:24:32.1 (3492763)|CODE_UNIT_STARTED|[EXTERNAL]|01pBK000001RGBP|JobCardsController.getJobs()
11:24:32.1 (8470107)|HEAP_ALLOCATE|[95]|Bytes:3
11:24:32.1 (8568954)|HEAP_ALLOCATE|[100]|Bytes:152
11:24:32.1 (8587025)|HEAP_ALLOCATE|[417]|Bytes:408
11:24:32.1 (8603531)|HEAP_ALLOCATE|[430]|Bytes:408
11:24:32.1 (8623747)|HEAP_ALLOCATE|[317]|Bytes:6
11:24:32.1 (8634319)|HEAP_ALLOCATE|[EXTERNAL]|Bytes:10
11:24:32.1 (8637840)|HEAP_ALLOCATE|[EXTERNAL]|Bytes:5
11:24:32.1 (8639675)|HEAP_ALLOCATE|[EXTERNAL]|Bytes:3
11:24:32.1 (8651622)|METHOD_ENTRY|[6]|01pBK000001RGBP|JobCardsController.JobCardsController()
11:24:32.1 (8657910)|STATEMENT_EXECUTE|[6]
11:24:32.1 (8660965)|STATEMENT_EXECUTE|[6]
11:24:32.1 (8678570)|HEAP_ALLOCATE|[68]|Bytes:5
11:24:32.1 (8698224)|HEAP_ALLOCATE|[74]|Bytes:5
11:24:32.1 (8702690)|HEAP_ALLOCATE|[82]|Bytes:7
11:24:32.1 (8859754)|HEAP_ALLOCATE|[EXTERNAL]|Bytes:5
11:24:32.1 (8864202)|STATEMENT_EXECUTE|[12]
11:24:32.1 (8872664)|METHOD_EXIT|[6]|JobCardsController
11:24:32.1 (8883404)|HEAP_ALLOCATE|[35]|Bytes:5
11:24:32.1 (8886189)|STATEMENT_EXECUTE|[33]
11:24:32.1 (8887114)|STATEMENT_EXECUTE|[35]
11:24:32.1 (8899482)|HEAP_ALLOCATE|[35]|Bytes:4
11:24:32.1 (8941540)|VARIABLE_SCOPE_BEGIN|[35]|favoriteJobIds|Set<Id>|true|false
11:24:32.1 (8994811)|VARIABLE_ASSIGNMENT|[35]|favoriteJobIds|[]|0x28b63fa8
11:24:32.1 (9001234)|HEAP_ALLOCATE|[36]|Bytes:91
11:24:32.1 (9014294)|HEAP_ALLOCATE|[36]|Bytes:4
11:24:32.1 (9020673)|HEAP_ALLOCATE|[36]|Bytes:7
11:24:32.1 (9047265)|HEAP_ALLOCATE|[38]|Bytes:105
11:24:32.1 (9053733)|SYSTEM_METHOD_ENTRY|[1]|UserInfo.UserInfo()
11:24:32.1 (9056334)|STATEMENT_EXECUTE|[1]
11:24:32.1 (9060883)|SYSTEM_METHOD_EXIT|[1]|UserInfo
11:24:32.1 (9070540)|METHOD_ENTRY|[38]||System.UserInfo.getUserId()
11:24:32.1 (13659642)|METHOD_EXIT|[38]||System.UserInfo.getUserId()
11:24:32.1 (15133339)|SOQL_EXECUTE_BEGIN|[36]|Aggregations:0|SELECT Job__c FROM InterestedJob__c WHERE (CreatedById = :tmpVar1 AND IsArchive__c = FALSE)
11:24:32.1 (23481127)|SOQL_EXECUTE_END|[36]|Rows:4
11:24:32.1 (23512821)|HEAP_ALLOCATE|[EXTERNAL]|Bytes:20
11:24:32.1 (23735201)|HEAP_ALLOCATE|[36]|Bytes:54
11:24:32.1 (23743000)|HEAP_ALLOCATE|[36]|Bytes:8
11:24:32.1 (23757218)|SYSTEM_METHOD_ENTRY|[7]|QueryLocatorIterator.QueryLocatorIterator()
11:24:32.1 (23760825)|STATEMENT_EXECUTE|[7]
11:24:32.1 (23771061)|SYSTEM_METHOD_EXIT|[7]|QueryLocatorIterator
11:24:32.1 (23779259)|HEAP_ALLOCATE|[36]|Bytes:28
11:24:32.1 (23849097)|HEAP_ALLOCATE|[36]|Bytes:20
11:24:32.1 (23857627)|HEAP_ALLOCATE|[36]|Bytes:8
11:24:32.1 (23859550)|HEAP_ALLOCATE|[36]|Bytes:8
11:24:32.1 (23864537)|VARIABLE_SCOPE_BEGIN|[15]|this|Database.QueryLocatorIterator|true|false
11:24:32.1 (23903245)|VARIABLE_ASSIGNMENT|[15]|this|{}|0x4cc29b70
11:24:32.1 (23907432)|VARIABLE_SCOPE_BEGIN|[15]|values|List<SObject>|true|false
11:24:32.1 (24008956)|VARIABLE_ASSIGNMENT|[15]|values|[{"Job__c":"a0KBK00000Gexcs2AB","Id":"a0OBK000004najC2AQ"},{"Job__c":"a0KBK00000Gexdg2AB","Id":"a0OBK000004nbNV2AY"},{"Job__c":"a0KBK00000Gexcu2AB","Id":"a0OBK000004v8wE2AQ"},{"Job__c":"a0KBK00000GezgQ2AR","Id":"a0OBK0000050riz2AA"}]|0x63fe230f
11:24:32.1 (24015220)|VARIABLE_SCOPE_BEGIN|[15]|ql|Database.QueryLocator|true|false
11:24:32.1 (24033373)|VARIABLE_ASSIGNMENT|[15]|ql|{"query":"SELECT Job__c FROM I (71 more) ..."}|0x42f88973
11:24:32.1 (24036896)|VARIABLE_SCOPE_BEGIN|[15]|totalNumRecords|Integer|false|false
11:24:32.1 (24043297)|VARIABLE_ASSIGNMENT|[15]|totalNumRecords|4
11:24:32.1 (24046230)|VARIABLE_SCOPE_BEGIN|[15]|queryMoreSize|Integer|false|false
11:24:32.1 (24049890)|VARIABLE_ASSIGNMENT|[15]|queryMoreSize|49996
11:24:32.1 (24116804)|HEAP_ALLOCATE|[36]|Bytes:28
11:24:32.1 (24138023)|METHOD_ENTRY|[36]||Database.QueryLocatorIterator.hasNext()
11:24:32.1 (24218317)|METHOD_EXIT|[36]||Database.QueryLocatorIterator.hasNext()
11:24:32.1 (24289894)|METHOD_ENTRY|[36]||Database.QueryLocatorIterator.next()
11:24:32.1 (24340660)|METHOD_EXIT|[36]||Database.QueryLocatorIterator.next()
11:24:32.1 (24345195)|VARIABLE_SCOPE_BEGIN|[36]|fav|InterestedJob__c|true|false
11:24:32.1 (24380076)|VARIABLE_ASSIGNMENT|[36]|fav|{"Job__c":"a0KBK00000Gexcs2AB","Id":"a0OBK000004najC2AQ"}|0x5ed3fe9d
11:24:32.1 (24387160)|STATEMENT_EXECUTE|[39]
11:24:32.1 (24388862)|STATEMENT_EXECUTE|[40]
11:24:32.1 (24462627)|HEAP_ALLOCATE|[EXTERNAL]|Bytes:4
11:24:32.1 (24474897)|METHOD_ENTRY|[36]||Database.QueryLocatorIterator.hasNext()
11:24:32.1 (24493334)|METHOD_EXIT|[36]||Database.QueryLocatorIterator.hasNext()
11:24:32.1 (24497455)|METHOD_ENTRY|[36]||Database.QueryLocatorIterator.next()
11:24:32.1 (24533429)|METHOD_EXIT|[36]||Database.QueryLocatorIterator.next()
11:24:32.1 (24537794)|VARIABLE_SCOPE_BEGIN|[36]|fav|InterestedJob__c|true|false
11:24:32.1 (24567936)|VARIABLE_ASSIGNMENT|[36]|fav|{"Job__c":"a0KBK00000Gexdg2AB","Id":"a0OBK000004nbNV2AY"}|0x4c275813
11:24:32.1 (24573509)|STATEMENT_EXECUTE|[39]
11:24:32.1 (24575078)|STATEMENT_EXECUTE|[40]
11:24:32.1 (24585596)|HEAP_ALLOCATE|[EXTERNAL]|Bytes:4
11:24:32.1 (24592678)|METHOD_ENTRY|[36]||Database.QueryLocatorIterator.hasNext()
11:24:32.1 (24605398)|METHOD_EXIT|[36]||Database.QueryLocatorIterator.hasNext()
11:24:32.1 (24609184)|METHOD_ENTRY|[36]||Database.QueryLocatorIterator.next()
11:24:32.1 (24639315)|METHOD_EXIT|[36]||Database.QueryLocatorIterator.next()
11:24:32.1 (24642888)|VARIABLE_SCOPE_BEGIN|[36]|fav|InterestedJob__c|true|false
11:24:32.1 (24663021)|VARIABLE_ASSIGNMENT|[36]|fav|{"Job__c":"a0KBK00000Gexcu2AB","Id":"a0OBK000004v8wE2AQ"}|0x4a12e3f5
11:24:32.1 (24667500)|STATEMENT_EXECUTE|[39]
11:24:32.1 (24668823)|STATEMENT_EXECUTE|[40]
11:24:32.1 (24674483)|HEAP_ALLOCATE|[EXTERNAL]|Bytes:4
11:24:32.1 (24679955)|METHOD_ENTRY|[36]||Database.QueryLocatorIterator.hasNext()
11:24:32.1 (24691959)|METHOD_EXIT|[36]||Database.QueryLocatorIterator.hasNext()
11:24:32.1 (24695751)|METHOD_ENTRY|[36]||Database.QueryLocatorIterator.next()
11:24:32.1 (24726289)|METHOD_EXIT|[36]||Database.QueryLocatorIterator.next()
11:24:32.1 (24730107)|VARIABLE_SCOPE_BEGIN|[36]|fav|InterestedJob__c|true|false
11:24:32.1 (24752568)|VARIABLE_ASSIGNMENT|[36]|fav|{"Job__c":"a0KBK00000GezgQ2AR","Id":"a0OBK0000050riz2AA"}|0x5b7045df
11:24:32.1 (24757666)|STATEMENT_EXECUTE|[39]
11:24:32.1 (24758978)|STATEMENT_EXECUTE|[40]
11:24:32.1 (24765361)|HEAP_ALLOCATE|[EXTERNAL]|Bytes:4
11:24:32.1 (24772248)|METHOD_ENTRY|[36]||Database.QueryLocatorIterator.hasNext()
11:24:32.1 (24782398)|METHOD_EXIT|[36]||Database.QueryLocatorIterator.hasNext()
11:24:32.1 (24789357)|VARIABLE_ASSIGNMENT|[36]|fav|null|
11:24:32.1 (24813995)|STATEMENT_EXECUTE|[44]
11:24:32.1 (24817453)|HEAP_ALLOCATE|[44]|Bytes:217
11:24:32.1 (24839532)|HEAP_ALLOCATE|[44]|Bytes:4
11:24:32.1 (28347117)|SOQL_EXECUTE_BEGIN|[44]|Aggregations:0|SELECT Id, JobPosition__c, WorkLocation2__c, JobCategory1__c, MaxAnnualSalary__c, MinAnnualSalary__c, JobDescription__c, LastModifiedDate, LastViewedDate FROM Job__c ORDER BY LastModifiedDate DESC NULLS FIRST LIMIT 10
11:24:32.1 (50907488)|SOQL_EXECUTE_END|[44]|Rows:10
11:24:32.1 (50947151)|HEAP_ALLOCATE|[44]|Bytes:44
11:24:32.1 (50968453)|HEAP_ALLOCATE|[44]|Bytes:4083
11:24:32.1 (51067790)|HEAP_ALLOCATE|[44]|Bytes:44
11:24:32.1 (51089700)|VARIABLE_SCOPE_BEGIN|[44]|jobs|List<Job__c>|true|false
11:24:32.1 (51114465)|VARIABLE_ASSIGNMENT|[44]|jobs|"List of size 10 too large to display"|0x1bfd78eb
11:24:32.1 (51119545)|STATEMENT_EXECUTE|[54]
11:24:32.1 (51130288)|HEAP_ALLOCATE|[54]|Bytes:4
11:24:32.1 (51213790)|VARIABLE_SCOPE_BEGIN|[54]|result|List<JobCardsController.JobWrapper>|true|false
11:24:32.1 (51229849)|HEAP_ALLOCATE|[EXTERNAL]|Bytes:4
11:24:32.1 (51238251)|VARIABLE_ASSIGNMENT|[54]|result|[]|0x1b8fd480
11:24:32.1 (51368261)|HEAP_ALLOCATE|[55]|Bytes:5
11:24:32.1 (51387202)|HEAP_ALLOCATE|[55]|Bytes:40
11:24:32.1 (51393322)|VARIABLE_SCOPE_BEGIN|[55]|j|Job__c|true|false
11:24:32.1 (51507700)|VARIABLE_ASSIGNMENT|[55]|j|{"LastModifiedDate":"2026-04-03T04:12:21.000Z","JobPosition__c":"新潟市(新潟) 法人ルート営業・業界シェ (74 more) ...","WorkLocation2__c":"新潟県新潟市（転勤なし／車通勤可）","LastViewedDate":"2026-04-03T08:24:43.000Z","Id":"a0KBK00000GezgQ2AR","MinAnnualSalary__c":350,"JobDescription__c":"自社開発製造の給配水機器とその関連製品の (25 more) ...","JobCategory1__c":"経営幹部/企画/マーケティング系","MaxAnnualSalary__c":550}|0x7cfdbbda
11:24:32.1 (51518390)|STATEMENT_EXECUTE|[55]
11:24:32.1 (51519693)|STATEMENT_EXECUTE|[56]
11:24:32.1 (51562866)|HEAP_ALLOCATE|[56]|Bytes:44
11:24:32.1 (51585548)|CONSTRUCTOR_ENTRY|[56]|01pBK000001RGBP|<init>()|JobCardsController.JobWrapper
11:24:32.1 (51610190)|VARIABLE_SCOPE_BEGIN|[12]|this|JobCardsController.JobWrapper|true|false
11:24:32.1 (51718854)|VARIABLE_ASSIGNMENT|[12]|this|{}|0x10fe2da3
11:24:32.1 (51745717)|STATEMENT_EXECUTE|[12]
11:24:32.1 (51747405)|STATEMENT_EXECUTE|[13]
11:24:32.1 (51748872)|STATEMENT_EXECUTE|[14]
11:24:32.1 (51750004)|STATEMENT_EXECUTE|[15]
11:24:32.1 (51751531)|STATEMENT_EXECUTE|[16]
11:24:32.1 (51752982)|STATEMENT_EXECUTE|[17]
11:24:32.1 (51754192)|STATEMENT_EXECUTE|[18]
11:24:32.1 (51755681)|STATEMENT_EXECUTE|[19]
11:24:32.1 (51757035)|STATEMENT_EXECUTE|[20]
11:24:32.1 (51758369)|STATEMENT_EXECUTE|[21]
11:24:32.1 (51759609)|STATEMENT_EXECUTE|[22]
11:24:32.1 (51763927)|CONSTRUCTOR_EXIT|[56]|01pBK000001RGBP|<init>()|JobCardsController.JobWrapper
11:24:32.1 (51769899)|VARIABLE_SCOPE_BEGIN|[56]|wrapper|JobCardsController.JobWrapper|true|false
11:24:32.1 (51785241)|VARIABLE_ASSIGNMENT|[56]|wrapper|{}|0x10fe2da3
11:24:32.1 (51789412)|STATEMENT_EXECUTE|[57]
11:24:32.1 (52027966)|VARIABLE_ASSIGNMENT|[57]|this.Id|"a0KBK00000GezgQ2AR"|0x10fe2da3
11:24:32.1 (52035201)|STATEMENT_EXECUTE|[58]
11:24:32.1 (52058706)|VARIABLE_ASSIGNMENT|[58]|this.JobPosition|"新潟市(新潟) 法人ルート営業・業界シェ (74 more) ..."|0x10fe2da3
11:24:32.1 (52063321)|STATEMENT_EXECUTE|[59]
11:24:32.1 (52072294)|VARIABLE_ASSIGNMENT|[59]|this.WorkLocation2|"新潟県新潟市（転勤なし／車通勤可）"|0x10fe2da3
11:24:32.1 (52075411)|STATEMENT_EXECUTE|[60]
11:24:32.1 (52082212)|VARIABLE_ASSIGNMENT|[60]|this.JobCategory1|"経営幹部/企画/マーケティング系"|0x10fe2da3
11:24:32.1 (52085561)|STATEMENT_EXECUTE|[61]
11:24:32.1 (52109916)|VARIABLE_ASSIGNMENT|[61]|this.MaxAnnualSalary|550|0x10fe2da3
11:24:32.1 (52112490)|STATEMENT_EXECUTE|[62]
11:24:32.1 (52119382)|VARIABLE_ASSIGNMENT|[62]|this.MinAnnualSalary|350|0x10fe2da3
11:24:32.1 (52121807)|STATEMENT_EXECUTE|[63]
11:24:32.1 (52128585)|VARIABLE_ASSIGNMENT|[63]|this.JobDescription|"自社開発製造の給配水機器とその関連製品の (25 more) ..."|0x10fe2da3
11:24:32.1 (52132001)|STATEMENT_EXECUTE|[64]
11:24:32.1 (52159954)|VARIABLE_ASSIGNMENT|[64]|this.LastModifiedDate|"2026-04-03T04:12:21.000Z"|0x10fe2da3
11:24:32.1 (52163336)|STATEMENT_EXECUTE|[65]
11:24:32.1 (52176821)|VARIABLE_ASSIGNMENT|[65]|this.LastViewedDate|"2026-04-03T08:24:43.000Z"|0x10fe2da3
11:24:32.1 (52179565)|STATEMENT_EXECUTE|[66]
11:24:32.1 (52231501)|HEAP_ALLOCATE|[66]|Bytes:5
11:24:32.1 (52236492)|VARIABLE_ASSIGNMENT|[66]|this.IsFavorite|true|0x10fe2da3
11:24:32.1 (52239265)|STATEMENT_EXECUTE|[67]
11:24:32.1 (52262766)|HEAP_ALLOCATE|[EXTERNAL]|Bytes:4
11:24:32.1 (52275430)|HEAP_ALLOCATE|[55]|Bytes:5
11:24:32.1 (52288398)|HEAP_ALLOCATE|[55]|Bytes:32
11:24:32.1 (52294234)|VARIABLE_SCOPE_BEGIN|[55]|j|Job__c|true|false
11:24:32.1 (52349603)|VARIABLE_ASSIGNMENT|[55]|j|{"LastModifiedDate":"2026-04-02T02:54:44.000Z","JobPosition__c":"テスト451求人タイトル求人タイトル求人 (235 more) ...","WorkLocation2__c":"444444","LastViewedDate":"2026-04-02T11:07:27.000Z","Id":"a0KBK00000Gexdg2AB","JobDescription__c":"テスト451仕事内容仕事内容仕事内容仕事 (230 more) ...","JobCategory1__c":"経営幹部/企画/マーケティング系"}|0x27cf3afc
11:24:32.1 (52357382)|STATEMENT_EXECUTE|[55]
11:24:32.1 (52358262)|STATEMENT_EXECUTE|[56]
11:24:32.1 (52361986)|HEAP_ALLOCATE|[56]|Bytes:44
11:24:32.1 (52366960)|CONSTRUCTOR_ENTRY|[56]|01pBK000001RGBP|<init>()|JobCardsController.JobWrapper
11:24:32.1 (52371566)|VARIABLE_SCOPE_BEGIN|[12]|this|JobCardsController.JobWrapper|true|false
11:24:32.1 (52387986)|VARIABLE_ASSIGNMENT|[12]|this|{}|0x307ecb0f
11:24:32.1 (52399713)|STATEMENT_EXECUTE|[12]
11:24:32.1 (52400649)|STATEMENT_EXECUTE|[13]
11:24:32.1 (52401423)|STATEMENT_EXECUTE|[14]
11:24:32.1 (52402197)|STATEMENT_EXECUTE|[15]
11:24:32.1 (52403022)|STATEMENT_EXECUTE|[16]
11:24:32.1 (52403864)|STATEMENT_EXECUTE|[17]
11:24:32.1 (52404650)|STATEMENT_EXECUTE|[18]
11:24:32.1 (52405508)|STATEMENT_EXECUTE|[19]
11:24:32.1 (52406406)|STATEMENT_EXECUTE|[20]
11:24:32.1 (52407253)|STATEMENT_EXECUTE|[21]
11:24:32.1 (52408065)|STATEMENT_EXECUTE|[22]
11:24:32.1 (52410159)|CONSTRUCTOR_EXIT|[56]|01pBK000001RGBP|<init>()|JobCardsController.JobWrapper
11:24:32.1 (52413900)|VARIABLE_SCOPE_BEGIN|[56]|wrapper|JobCardsController.JobWrapper|true|false
11:24:32.1 (52421677)|VARIABLE_ASSIGNMENT|[56]|wrapper|{}|0x307ecb0f
11:24:32.1 (52424331)|STATEMENT_EXECUTE|[57]
11:24:32.1 (52478280)|VARIABLE_ASSIGNMENT|[57]|this.Id|"a0KBK00000Gexdg2AB"|0x307ecb0f
11:24:32.1 (52481679)|STATEMENT_EXECUTE|[58]
11:24:32.1 (52487059)|VARIABLE_ASSIGNMENT|[58]|this.JobPosition|"テスト451求人タイトル求人タイトル求人 (235 more) ..."|0x307ecb0f
11:24:32.1 (52490643)|STATEMENT_EXECUTE|[59]
11:24:32.1 (52494336)|VARIABLE_ASSIGNMENT|[59]|this.WorkLocation2|"444444"|0x307ecb0f
11:24:32.1 (52496734)|STATEMENT_EXECUTE|[60]
11:24:32.1 (52500022)|VARIABLE_ASSIGNMENT|[60]|this.JobCategory1|"経営幹部/企画/マーケティング系"|0x307ecb0f
11:24:32.1 (52503014)|STATEMENT_EXECUTE|[61]
11:24:32.1 (52506977)|VARIABLE_ASSIGNMENT|[61]|this.MaxAnnualSalary|null|0x307ecb0f
11:24:32.1 (52509482)|STATEMENT_EXECUTE|[62]
11:24:32.1 (52512074)|VARIABLE_ASSIGNMENT|[62]|this.MinAnnualSalary|null|0x307ecb0f
11:24:32.1 (52514343)|STATEMENT_EXECUTE|[63]
11:24:32.1 (52517966)|VARIABLE_ASSIGNMENT|[63]|this.JobDescription|"テスト451仕事内容仕事内容仕事内容仕事 (230 more) ..."|0x307ecb0f
11:24:32.1 (52521032)|STATEMENT_EXECUTE|[64]
11:24:32.1 (52529450)|VARIABLE_ASSIGNMENT|[64]|this.LastModifiedDate|"2026-04-02T02:54:44.000Z"|0x307ecb0f
11:24:32.1 (52532069)|STATEMENT_EXECUTE|[65]
11:24:32.1 (52537631)|VARIABLE_ASSIGNMENT|[65]|this.LastViewedDate|"2026-04-02T11:07:27.000Z"|0x307ecb0f
11:24:32.1 (52540149)|STATEMENT_EXECUTE|[66]
11:24:32.1 (52548288)|HEAP_ALLOCATE|[66]|Bytes:5
11:24:32.1 (52551693)|VARIABLE_ASSIGNMENT|[66]|this.IsFavorite|true|0x307ecb0f
11:24:32.1 (52554253)|STATEMENT_EXECUTE|[67]
11:24:32.1 (52557943)|HEAP_ALLOCATE|[EXTERNAL]|Bytes:4
11:24:32.1 (52564214)|HEAP_ALLOCATE|[55]|Bytes:5
11:24:32.1 (52569625)|HEAP_ALLOCATE|[55]|Bytes:40
11:24:32.1 (52572693)|VARIABLE_SCOPE_BEGIN|[55]|j|Job__c|true|false
11:24:32.1 (52614708)|VARIABLE_ASSIGNMENT|[55]|j|{"LastModifiedDate":"2026-03-18T01:52:52.000Z","JobPosition__c":"テスト401求人タイトル求人タイトル求人 (28 more) ...","WorkLocation2__c":"勤務地","LastViewedDate":"2026-04-02T11:19:39.000Z","Id":"a0KBK00000Gexcs2AB","MinAnnualSalary__c":450,"JobDescription__c":"テスト401仕事内容仕事内容仕事内容仕事 (30 more) ...","JobCategory1__c":"専門職系（コンサルタント/金融/不動産）","MaxAnnualSalary__c":600}|0xb80e7bb
11:24:32.1 (52622307)|STATEMENT_EXECUTE|[55]
11:24:32.1 (52623170)|STATEMENT_EXECUTE|[56]
11:24:32.1 (52624924)|HEAP_ALLOCATE|[56]|Bytes:44
11:24:32.1 (52628074)|CONSTRUCTOR_ENTRY|[56]|01pBK000001RGBP|<init>()|JobCardsController.JobWrapper
11:24:32.1 (52631679)|VARIABLE_SCOPE_BEGIN|[12]|this|JobCardsController.JobWrapper|true|false
11:24:32.1 (52640679)|VARIABLE_ASSIGNMENT|[12]|this|{}|0x5f496fee
11:24:32.1 (52647879)|STATEMENT_EXECUTE|[12]
11:24:32.1 (52648759)|STATEMENT_EXECUTE|[13]
11:24:32.1 (52649593)|STATEMENT_EXECUTE|[14]
11:24:32.1 (52650379)|STATEMENT_EXECUTE|[15]
11:24:32.1 (52651175)|STATEMENT_EXECUTE|[16]
11:24:32.1 (52651968)|STATEMENT_EXECUTE|[17]
11:24:32.1 (52652733)|STATEMENT_EXECUTE|[18]
11:24:32.1 (52653523)|STATEMENT_EXECUTE|[19]
11:24:32.1 (52654335)|STATEMENT_EXECUTE|[20]
11:24:32.1 (52655133)|STATEMENT_EXECUTE|[21]
11:24:32.1 (52655960)|STATEMENT_EXECUTE|[22]
11:24:32.1 (52657470)|CONSTRUCTOR_EXIT|[56]|01pBK000001RGBP|<init>()|JobCardsController.JobWrapper
11:24:32.1 (52660638)|VARIABLE_SCOPE_BEGIN|[56]|wrapper|JobCardsController.JobWrapper|true|false
11:24:32.1 (52667738)|VARIABLE_ASSIGNMENT|[56]|wrapper|{}|0x5f496fee
11:24:32.1 (52670362)|STATEMENT_EXECUTE|[57]
11:24:32.1 (52697037)|VARIABLE_ASSIGNMENT|[57]|this.Id|"a0KBK00000Gexcs2AB"|0x5f496fee
11:24:32.1 (52700099)|STATEMENT_EXECUTE|[58]
11:24:32.1 (52704831)|VARIABLE_ASSIGNMENT|[58]|this.JobPosition|"テスト401求人タイトル求人タイトル求人 (28 more) ..."|0x5f496fee
11:24:32.1 (52707823)|STATEMENT_EXECUTE|[59]
11:24:32.1 (52711445)|VARIABLE_ASSIGNMENT|[59]|this.WorkLocation2|"勤務地"|0x5f496fee
11:24:32.1 (52714265)|STATEMENT_EXECUTE|[60]
11:24:32.1 (52717558)|VARIABLE_ASSIGNMENT|[60]|this.JobCategory1|"専門職系（コンサルタント/金融/不動産）"|0x5f496fee
11:24:32.1 (52720538)|STATEMENT_EXECUTE|[61]
11:24:32.1 (52725817)|VARIABLE_ASSIGNMENT|[61]|this.MaxAnnualSalary|600|0x5f496fee
11:24:32.1 (52728594)|STATEMENT_EXECUTE|[62]
11:24:32.1 (52732120)|VARIABLE_ASSIGNMENT|[62]|this.MinAnnualSalary|450|0x5f496fee
11:24:32.1 (52734518)|STATEMENT_EXECUTE|[63]
11:24:32.1 (52738200)|VARIABLE_ASSIGNMENT|[63]|this.JobDescription|"テスト401仕事内容仕事内容仕事内容仕事 (30 more) ..."|0x5f496fee
11:24:32.1 (52741070)|STATEMENT_EXECUTE|[64]
11:24:32.1 (52747643)|VARIABLE_ASSIGNMENT|[64]|this.LastModifiedDate|"2026-03-18T01:52:52.000Z"|0x5f496fee
11:24:32.1 (52750191)|STATEMENT_EXECUTE|[65]
11:24:32.1 (52755033)|VARIABLE_ASSIGNMENT|[65]|this.LastViewedDate|"2026-04-02T11:19:39.000Z"|0x5f496fee
11:24:32.1 (52757424)|STATEMENT_EXECUTE|[66]
11:24:32.1 (52764138)|HEAP_ALLOCATE|[66]|Bytes:5
11:24:32.1 (52767432)|VARIABLE_ASSIGNMENT|[66]|this.IsFavorite|true|0x5f496fee
11:24:32.1 (52772744)|STATEMENT_EXECUTE|[67]
11:24:32.1 (52775747)|HEAP_ALLOCATE|[EXTERNAL]|Bytes:4
11:24:32.1 (52781292)|HEAP_ALLOCATE|[55]|Bytes:5
11:24:32.1 (52786012)|HEAP_ALLOCATE|[55]|Bytes:36
11:24:32.1 (52788872)|VARIABLE_SCOPE_BEGIN|[55]|j|Job__c|true|false
11:24:32.1 (52822809)|VARIABLE_ASSIGNMENT|[55]|j|{"LastModifiedDate":"2026-03-12T05:33:30.000Z","JobPosition__c":"テスト424求人タイトル求人タイトル求人 (28 more) ...","LastViewedDate":"2026-04-02T07:16:25.000Z","Id":"a0KBK00000GexdF2AR","MinAnnualSalary__c":250,"JobDescription__c":"テスト424仕事内容仕事内容仕事内容仕事 (30 more) ...","JobCategory1__c":"技術系（電気/電子/機械）","MaxAnnualSalary__c":350}|0x2a6b38fa
11:24:32.1 (52829035)|STATEMENT_EXECUTE|[55]
11:24:32.1 (52829872)|STATEMENT_EXECUTE|[56]
11:24:32.1 (52831366)|HEAP_ALLOCATE|[56]|Bytes:44
11:24:32.1 (52834259)|CONSTRUCTOR_ENTRY|[56]|01pBK000001RGBP|<init>()|JobCardsController.JobWrapper
11:24:32.1 (52837448)|VARIABLE_SCOPE_BEGIN|[12]|this|JobCardsController.JobWrapper|true|false
11:24:32.1 (52846082)|VARIABLE_ASSIGNMENT|[12]|this|{}|0x3ebbd291
11:24:32.1 (52852459)|STATEMENT_EXECUTE|[12]
11:24:32.1 (52853327)|STATEMENT_EXECUTE|[13]
11:24:32.1 (52854119)|STATEMENT_EXECUTE|[14]
11:24:32.1 (52854902)|STATEMENT_EXECUTE|[15]
11:24:32.1 (52855705)|STATEMENT_EXECUTE|[16]
11:24:32.1 (52856509)|STATEMENT_EXECUTE|[17]
11:24:32.1 (52857369)|STATEMENT_EXECUTE|[18]
11:24:32.1 (52858339)|STATEMENT_EXECUTE|[19]
11:24:32.1 (52859137)|STATEMENT_EXECUTE|[20]
11:24:32.1 (52859936)|STATEMENT_EXECUTE|[21]
11:24:32.1 (52860682)|STATEMENT_EXECUTE|[22]
11:24:32.1 (52862094)|CONSTRUCTOR_EXIT|[56]|01pBK000001RGBP|<init>()|JobCardsController.JobWrapper
11:24:32.1 (52865035)|VARIABLE_SCOPE_BEGIN|[56]|wrapper|JobCardsController.JobWrapper|true|false
11:24:32.1 (52871811)|VARIABLE_ASSIGNMENT|[56]|wrapper|{}|0x3ebbd291
11:24:32.1 (52874412)|STATEMENT_EXECUTE|[57]
11:24:32.1 (52898257)|VARIABLE_ASSIGNMENT|[57]|this.Id|"a0KBK00000GexdF2AR"|0x3ebbd291
11:24:32.1 (52901172)|STATEMENT_EXECUTE|[58]
11:24:32.1 (52905959)|VARIABLE_ASSIGNMENT|[58]|this.JobPosition|"テスト424求人タイトル求人タイトル求人 (28 more) ..."|0x3ebbd291
11:24:32.1 (52908949)|STATEMENT_EXECUTE|[59]
11:24:32.1 (52911992)|VARIABLE_ASSIGNMENT|[59]|this.WorkLocation2|null|0x3ebbd291
11:24:32.1 (52914373)|STATEMENT_EXECUTE|[60]
11:24:32.1 (52917540)|VARIABLE_ASSIGNMENT|[60]|this.JobCategory1|"技術系（電気/電子/機械）"|0x3ebbd291
11:24:32.1 (52920507)|STATEMENT_EXECUTE|[61]
11:24:32.1 (52924894)|VARIABLE_ASSIGNMENT|[61]|this.MaxAnnualSalary|350|0x3ebbd291
11:24:32.1 (52927402)|STATEMENT_EXECUTE|[62]
11:24:32.1 (52930707)|VARIABLE_ASSIGNMENT|[62]|this.MinAnnualSalary|250|0x3ebbd291
11:24:32.1 (52933298)|STATEMENT_EXECUTE|[63]
11:24:32.1 (52936992)|VARIABLE_ASSIGNMENT|[63]|this.JobDescription|"テスト424仕事内容仕事内容仕事内容仕事 (30 more) ..."|0x3ebbd291
11:24:32.1 (52939843)|STATEMENT_EXECUTE|[64]
11:24:32.1 (52946028)|VARIABLE_ASSIGNMENT|[64]|this.LastModifiedDate|"2026-03-12T05:33:30.000Z"|0x3ebbd291
11:24:32.1 (52948527)|STATEMENT_EXECUTE|[65]
11:24:32.1 (52953534)|VARIABLE_ASSIGNMENT|[65]|this.LastViewedDate|"2026-04-02T07:16:25.000Z"|0x3ebbd291
11:24:32.1 (52955883)|STATEMENT_EXECUTE|[66]
11:24:32.1 (52961769)|HEAP_ALLOCATE|[66]|Bytes:5
11:24:32.1 (52964582)|VARIABLE_ASSIGNMENT|[66]|this.IsFavorite|false|0x3ebbd291
11:24:32.1 (52967249)|STATEMENT_EXECUTE|[67]
11:24:32.1 (52969822)|HEAP_ALLOCATE|[EXTERNAL]|Bytes:4
11:24:32.1 (52975375)|HEAP_ALLOCATE|[55]|Bytes:5
11:24:32.1 (52979281)|HEAP_ALLOCATE|[55]|Bytes:36
11:24:32.1 (52981994)|VARIABLE_SCOPE_BEGIN|[55]|j|Job__c|true|false
11:24:32.1 (53013786)|VARIABLE_ASSIGNMENT|[55]|j|{"LastModifiedDate":"2026-03-09T05:51:50.000Z","JobPosition__c":"テスト403求人タイトル求人タイトル求人 (28 more) ...","LastViewedDate":"2026-04-02T10:23:00.000Z","Id":"a0KBK00000Gexcu2AB","MinAnnualSalary__c":900,"JobDescription__c":"テスト403仕事内容仕事内容仕事内容仕事 (30 more) ...","JobCategory1__c":"営業系","MaxAnnualSalary__c":600}|0x3b597506
11:24:32.1 (53020523)|STATEMENT_EXECUTE|[55]
11:24:32.1 (53021441)|STATEMENT_EXECUTE|[56]
11:24:32.1 (53023064)|HEAP_ALLOCATE|[56]|Bytes:44
11:24:32.1 (53025584)|CONSTRUCTOR_ENTRY|[56]|01pBK000001RGBP|<init>()|JobCardsController.JobWrapper
11:24:32.1 (53028507)|VARIABLE_SCOPE_BEGIN|[12]|this|JobCardsController.JobWrapper|true|false
11:24:32.1 (53036894)|VARIABLE_ASSIGNMENT|[12]|this|{}|0x6fbd64af
11:24:32.1 (53043586)|STATEMENT_EXECUTE|[12]
11:24:32.1 (53044430)|STATEMENT_EXECUTE|[13]
11:24:32.1 (53045220)|STATEMENT_EXECUTE|[14]
11:24:32.1 (53046113)|STATEMENT_EXECUTE|[15]
11:24:32.1 (53047048)|STATEMENT_EXECUTE|[16]
11:24:32.1 (53047851)|STATEMENT_EXECUTE|[17]
11:24:32.1 (53048617)|STATEMENT_EXECUTE|[18]
11:24:32.1 (53049408)|STATEMENT_EXECUTE|[19]
11:24:32.1 (53050189)|STATEMENT_EXECUTE|[20]
11:24:32.1 (53050953)|STATEMENT_EXECUTE|[21]
11:24:32.1 (53051712)|STATEMENT_EXECUTE|[22]
11:24:32.1 (53053284)|CONSTRUCTOR_EXIT|[56]|01pBK000001RGBP|<init>()|JobCardsController.JobWrapper
11:24:32.1 (53056014)|VARIABLE_SCOPE_BEGIN|[56]|wrapper|JobCardsController.JobWrapper|true|false
11:24:32.1 (53062862)|VARIABLE_ASSIGNMENT|[56]|wrapper|{}|0x6fbd64af
11:24:32.1 (53065413)|STATEMENT_EXECUTE|[57]
11:24:32.1 (53087759)|VARIABLE_ASSIGNMENT|[57]|this.Id|"a0KBK00000Gexcu2AB"|0x6fbd64af
11:24:32.1 (53090624)|STATEMENT_EXECUTE|[58]
11:24:32.1 (53095031)|VARIABLE_ASSIGNMENT|[58]|this.JobPosition|"テスト403求人タイトル求人タイトル求人 (28 more) ..."|0x6fbd64af
11:24:32.1 (53098043)|STATEMENT_EXECUTE|[59]
11:24:32.1 (53101009)|VARIABLE_ASSIGNMENT|[59]|this.WorkLocation2|null|0x6fbd64af
11:24:32.1 (53103688)|STATEMENT_EXECUTE|[60]
11:24:32.1 (53106856)|VARIABLE_ASSIGNMENT|[60]|this.JobCategory1|"営業系"|0x6fbd64af
11:24:32.1 (53109683)|STATEMENT_EXECUTE|[61]
11:24:32.1 (53113791)|VARIABLE_ASSIGNMENT|[61]|this.MaxAnnualSalary|600|0x6fbd64af
11:24:32.1 (53116264)|STATEMENT_EXECUTE|[62]
11:24:32.1 (53119471)|VARIABLE_ASSIGNMENT|[62]|this.MinAnnualSalary|900|0x6fbd64af
11:24:32.1 (53121801)|STATEMENT_EXECUTE|[63]
11:24:32.1 (53125269)|VARIABLE_ASSIGNMENT|[63]|this.JobDescription|"テスト403仕事内容仕事内容仕事内容仕事 (30 more) ..."|0x6fbd64af
11:24:32.1 (53128001)|STATEMENT_EXECUTE|[64]
11:24:32.1 (53134065)|VARIABLE_ASSIGNMENT|[64]|this.LastModifiedDate|"2026-03-09T05:51:50.000Z"|0x6fbd64af
11:24:32.1 (53136446)|STATEMENT_EXECUTE|[65]
11:24:32.1 (53141159)|VARIABLE_ASSIGNMENT|[65]|this.LastViewedDate|"2026-04-02T10:23:00.000Z"|0x6fbd64af
11:24:32.1 (53143628)|STATEMENT_EXECUTE|[66]
11:24:32.1 (53149737)|HEAP_ALLOCATE|[66]|Bytes:5
11:24:32.1 (53152562)|VARIABLE_ASSIGNMENT|[66]|this.IsFavorite|true|0x6fbd64af
11:24:32.1 (53155134)|STATEMENT_EXECUTE|[67]
11:24:32.1 (53157668)|HEAP_ALLOCATE|[EXTERNAL]|Bytes:4
11:24:32.1 (53162899)|HEAP_ALLOCATE|[55]|Bytes:5
11:24:32.1 (53166802)|HEAP_ALLOCATE|[55]|Bytes:36
11:24:32.1 (53169396)|VARIABLE_SCOPE_BEGIN|[55]|j|Job__c|true|false
11:24:32.1 (53200260)|VARIABLE_ASSIGNMENT|[55]|j|{"LastModifiedDate":"2026-03-09T05:51:49.000Z","JobPosition__c":"テスト402求人タイトル求人タイトル求人 (28 more) ...","LastViewedDate":"2026-03-18T09:45:33.000Z","Id":"a0KBK00000Gexct2AB","MinAnnualSalary__c":500,"JobDescription__c":"テスト402仕事内容仕事内容仕事内容仕事 (30 more) ...","JobCategory1__c":"営業系","MaxAnnualSalary__c":400}|0x651fb04b
11:24:32.1 (53206329)|STATEMENT_EXECUTE|[55]
11:24:32.1 (53207176)|STATEMENT_EXECUTE|[56]
11:24:32.1 (53208591)|HEAP_ALLOCATE|[56]|Bytes:44
11:24:32.1 (53211145)|CONSTRUCTOR_ENTRY|[56]|01pBK000001RGBP|<init>()|JobCardsController.JobWrapper
11:24:32.1 (53213997)|VARIABLE_SCOPE_BEGIN|[12]|this|JobCardsController.JobWrapper|true|false
11:24:32.1 (53222640)|VARIABLE_ASSIGNMENT|[12]|this|{}|0x29ddfce4
11:24:32.1 (53229107)|STATEMENT_EXECUTE|[12]
11:24:32.1 (53230073)|STATEMENT_EXECUTE|[13]
11:24:32.1 (53230965)|STATEMENT_EXECUTE|[14]
11:24:32.1 (53231757)|STATEMENT_EXECUTE|[15]
11:24:32.1 (53232532)|STATEMENT_EXECUTE|[16]
11:24:32.1 (53233341)|STATEMENT_EXECUTE|[17]
11:24:32.1 (53234105)|STATEMENT_EXECUTE|[18]
11:24:32.1 (53234896)|STATEMENT_EXECUTE|[19]
11:24:32.1 (53235677)|STATEMENT_EXECUTE|[20]
11:24:32.1 (53236464)|STATEMENT_EXECUTE|[21]
11:24:32.1 (53237214)|STATEMENT_EXECUTE|[22]
11:24:32.1 (53238557)|CONSTRUCTOR_EXIT|[56]|01pBK000001RGBP|<init>()|JobCardsController.JobWrapper
11:24:32.1 (53241456)|VARIABLE_SCOPE_BEGIN|[56]|wrapper|JobCardsController.JobWrapper|true|false
11:24:32.1 (53248533)|VARIABLE_ASSIGNMENT|[56]|wrapper|{}|0x29ddfce4
11:24:32.1 (53251390)|STATEMENT_EXECUTE|[57]
11:24:32.1 (53272700)|VARIABLE_ASSIGNMENT|[57]|this.Id|"a0KBK00000Gexct2AB"|0x29ddfce4
11:24:32.1 (53275472)|STATEMENT_EXECUTE|[58]
11:24:32.1 (53279808)|VARIABLE_ASSIGNMENT|[58]|this.JobPosition|"テスト402求人タイトル求人タイトル求人 (28 more) ..."|0x29ddfce4
11:24:32.1 (53282917)|STATEMENT_EXECUTE|[59]
11:24:32.1 (53285521)|VARIABLE_ASSIGNMENT|[59]|this.WorkLocation2|null|0x29ddfce4
11:24:32.1 (53288055)|STATEMENT_EXECUTE|[60]
11:24:32.1 (53291144)|VARIABLE_ASSIGNMENT|[60]|this.JobCategory1|"営業系"|0x29ddfce4
11:24:32.1 (53293853)|STATEMENT_EXECUTE|[61]
11:24:32.1 (53297770)|VARIABLE_ASSIGNMENT|[61]|this.MaxAnnualSalary|400|0x29ddfce4
11:24:32.1 (53300640)|STATEMENT_EXECUTE|[62]
11:24:32.1 (53304190)|VARIABLE_ASSIGNMENT|[62]|this.MinAnnualSalary|500|0x29ddfce4
11:24:32.1 (53306833)|STATEMENT_EXECUTE|[63]
11:24:32.1 (53310532)|VARIABLE_ASSIGNMENT|[63]|this.JobDescription|"テスト402仕事内容仕事内容仕事内容仕事 (30 more) ..."|0x29ddfce4
11:24:32.1 (53313408)|STATEMENT_EXECUTE|[64]
11:24:32.1 (53319627)|VARIABLE_ASSIGNMENT|[64]|this.LastModifiedDate|"2026-03-09T05:51:49.000Z"|0x29ddfce4
11:24:32.1 (53322211)|STATEMENT_EXECUTE|[65]
11:24:32.1 (53327100)|VARIABLE_ASSIGNMENT|[65]|this.LastViewedDate|"2026-03-18T09:45:33.000Z"|0x29ddfce4
11:24:32.1 (53329642)|STATEMENT_EXECUTE|[66]
11:24:32.1 (53335332)|HEAP_ALLOCATE|[66]|Bytes:5
11:24:32.1 (53338181)|VARIABLE_ASSIGNMENT|[66]|this.IsFavorite|false|0x29ddfce4
11:24:32.1 (53340599)|STATEMENT_EXECUTE|[67]
11:24:32.1 (53343205)|HEAP_ALLOCATE|[EXTERNAL]|Bytes:4
11:24:32.1 (53348727)|HEAP_ALLOCATE|[55]|Bytes:5
11:24:32.1 (53352920)|HEAP_ALLOCATE|[55]|Bytes:40
11:24:32.1 (53370785)|VARIABLE_SCOPE_BEGIN|[55]|j|Job__c|true|false
11:24:32.1 (53410531)|VARIABLE_ASSIGNMENT|[55]|j|{"LastModifiedDate":"2026-03-06T01:15:09.000Z","JobPosition__c":"千代田区(東京) 設備積算・大手サブコン (18 more) ...","WorkLocation2__c":"東京都千代田区","LastViewedDate":"2026-03-17T05:57:19.000Z","Id":"a0KBK00000GezgH2AR","MinAnnualSalary__c":400,"JobDescription__c":"事務所ビルや商業施設、工場など、多様な建 (105 more) ...","JobCategory1__c":"営業系","MaxAnnualSalary__c":650}|0x69ae3e6c
11:24:32.1 (53417145)|STATEMENT_EXECUTE|[55]
11:24:32.1 (53417976)|STATEMENT_EXECUTE|[56]
11:24:32.1 (53419727)|HEAP_ALLOCATE|[56]|Bytes:44
11:24:32.1 (53422535)|CONSTRUCTOR_ENTRY|[56]|01pBK000001RGBP|<init>()|JobCardsController.JobWrapper
11:24:32.1 (53425801)|VARIABLE_SCOPE_BEGIN|[12]|this|JobCardsController.JobWrapper|true|false
11:24:32.1 (53435903)|VARIABLE_ASSIGNMENT|[12]|this|{}|0x3d7fd02e
11:24:32.1 (53442966)|STATEMENT_EXECUTE|[12]
11:24:32.1 (53443881)|STATEMENT_EXECUTE|[13]
11:24:32.1 (53444693)|STATEMENT_EXECUTE|[14]
11:24:32.1 (53445514)|STATEMENT_EXECUTE|[15]
11:24:32.1 (53446294)|STATEMENT_EXECUTE|[16]
11:24:32.1 (53447164)|STATEMENT_EXECUTE|[17]
11:24:32.1 (53447945)|STATEMENT_EXECUTE|[18]
11:24:32.1 (53448724)|STATEMENT_EXECUTE|[19]
11:24:32.1 (53449509)|STATEMENT_EXECUTE|[20]
11:24:32.1 (53450276)|STATEMENT_EXECUTE|[21]
11:24:32.1 (53451026)|STATEMENT_EXECUTE|[22]
11:24:32.1 (53452424)|CONSTRUCTOR_EXIT|[56]|01pBK000001RGBP|<init>()|JobCardsController.JobWrapper
11:24:32.1 (53455619)|VARIABLE_SCOPE_BEGIN|[56]|wrapper|JobCardsController.JobWrapper|true|false
11:24:32.1 (53462534)|VARIABLE_ASSIGNMENT|[56]|wrapper|{}|0x3d7fd02e
11:24:32.1 (53465074)|STATEMENT_EXECUTE|[57]
11:24:32.1 (53489605)|VARIABLE_ASSIGNMENT|[57]|this.Id|"a0KBK00000GezgH2AR"|0x3d7fd02e
11:24:32.1 (53492574)|STATEMENT_EXECUTE|[58]
11:24:32.1 (53497060)|VARIABLE_ASSIGNMENT|[58]|this.JobPosition|"千代田区(東京) 設備積算・大手サブコン (18 more) ..."|0x3d7fd02e
11:24:32.1 (53499939)|STATEMENT_EXECUTE|[59]
11:24:32.1 (53503317)|VARIABLE_ASSIGNMENT|[59]|this.WorkLocation2|"東京都千代田区"|0x3d7fd02e
11:24:32.1 (53506124)|STATEMENT_EXECUTE|[60]
11:24:32.1 (53508975)|VARIABLE_ASSIGNMENT|[60]|this.JobCategory1|"営業系"|0x3d7fd02e
11:24:32.1 (53511552)|STATEMENT_EXECUTE|[61]
11:24:32.1 (53516190)|VARIABLE_ASSIGNMENT|[61]|this.MaxAnnualSalary|650|0x3d7fd02e
11:24:32.1 (53518531)|STATEMENT_EXECUTE|[62]
11:24:32.1 (53521801)|VARIABLE_ASSIGNMENT|[62]|this.MinAnnualSalary|400|0x3d7fd02e
11:24:32.1 (53524506)|STATEMENT_EXECUTE|[63]
11:24:32.1 (53528189)|VARIABLE_ASSIGNMENT|[63]|this.JobDescription|"事務所ビルや商業施設、工場など、多様な建 (105 more) ..."|0x3d7fd02e
11:24:32.1 (53531106)|STATEMENT_EXECUTE|[64]
11:24:32.1 (53537355)|VARIABLE_ASSIGNMENT|[64]|this.LastModifiedDate|"2026-03-06T01:15:09.000Z"|0x3d7fd02e
11:24:32.1 (53539978)|STATEMENT_EXECUTE|[65]
11:24:32.1 (53544860)|VARIABLE_ASSIGNMENT|[65]|this.LastViewedDate|"2026-03-17T05:57:19.000Z"|0x3d7fd02e
11:24:32.1 (53547464)|STATEMENT_EXECUTE|[66]
11:24:32.1 (53553429)|HEAP_ALLOCATE|[66]|Bytes:5
11:24:32.1 (53556282)|VARIABLE_ASSIGNMENT|[66]|this.IsFavorite|false|0x3d7fd02e
11:24:32.1 (53558872)|STATEMENT_EXECUTE|[67]
11:24:32.1 (53561633)|HEAP_ALLOCATE|[EXTERNAL]|Bytes:4
11:24:32.1 (53567453)|HEAP_ALLOCATE|[55]|Bytes:5
11:24:32.1 (53571981)|HEAP_ALLOCATE|[55]|Bytes:36
11:24:32.1 (53574564)|VARIABLE_SCOPE_BEGIN|[55]|j|Job__c|true|false
11:24:32.1 (53605664)|VARIABLE_ASSIGNMENT|[55]|j|{"LastModifiedDate":"2026-02-06T01:25:17.000Z","JobPosition__c":"テスト467求人タイトル求人タイトル求人 (28 more) ...","LastViewedDate":"2026-04-02T09:39:31.000Z","Id":"a0KBK00000Gexdw2AB","MinAnnualSalary__c":216,"JobDescription__c":"テスト467仕事内容仕事内容仕事内容仕事 (30 more) ...","JobCategory1__c":"管理部門/事務系","MaxAnnualSalary__c":0}|0x1a71774b
11:24:32.1 (53611990)|STATEMENT_EXECUTE|[55]
11:24:32.1 (53612886)|STATEMENT_EXECUTE|[56]
11:24:32.1 (53614419)|HEAP_ALLOCATE|[56]|Bytes:44
11:24:32.1 (53617101)|CONSTRUCTOR_ENTRY|[56]|01pBK000001RGBP|<init>()|JobCardsController.JobWrapper
11:24:32.1 (53620004)|VARIABLE_SCOPE_BEGIN|[12]|this|JobCardsController.JobWrapper|true|false
11:24:32.1 (53628730)|VARIABLE_ASSIGNMENT|[12]|this|{}|0x5d30b24a
11:24:32.1 (53635203)|STATEMENT_EXECUTE|[12]
11:24:32.1 (53636069)|STATEMENT_EXECUTE|[13]
11:24:32.1 (53636861)|STATEMENT_EXECUTE|[14]
11:24:32.1 (53637679)|STATEMENT_EXECUTE|[15]
11:24:32.1 (53638668)|STATEMENT_EXECUTE|[16]
11:24:32.1 (53639484)|STATEMENT_EXECUTE|[17]
11:24:32.1 (53640234)|STATEMENT_EXECUTE|[18]
11:24:32.1 (53641009)|STATEMENT_EXECUTE|[19]
11:24:32.1 (53641828)|STATEMENT_EXECUTE|[20]
11:24:32.1 (53642621)|STATEMENT_EXECUTE|[21]
11:24:32.1 (53643381)|STATEMENT_EXECUTE|[22]
11:24:32.1 (53644764)|CONSTRUCTOR_EXIT|[56]|01pBK000001RGBP|<init>()|JobCardsController.JobWrapper
11:24:32.1 (53647613)|VARIABLE_SCOPE_BEGIN|[56]|wrapper|JobCardsController.JobWrapper|true|false
11:24:32.1 (53654288)|VARIABLE_ASSIGNMENT|[56]|wrapper|{}|0x5d30b24a
11:24:32.1 (53656890)|STATEMENT_EXECUTE|[57]
11:24:32.1 (53678471)|VARIABLE_ASSIGNMENT|[57]|this.Id|"a0KBK00000Gexdw2AB"|0x5d30b24a
11:24:32.1 (53681443)|STATEMENT_EXECUTE|[58]
11:24:32.1 (53686025)|VARIABLE_ASSIGNMENT|[58]|this.JobPosition|"テスト467求人タイトル求人タイトル求人 (28 more) ..."|0x5d30b24a
11:24:32.1 (53688883)|STATEMENT_EXECUTE|[59]
11:24:32.1 (53691699)|VARIABLE_ASSIGNMENT|[59]|this.WorkLocation2|null|0x5d30b24a
11:24:32.1 (53694083)|STATEMENT_EXECUTE|[60]
11:24:32.1 (53697133)|VARIABLE_ASSIGNMENT|[60]|this.JobCategory1|"管理部門/事務系"|0x5d30b24a
11:24:32.1 (53699893)|STATEMENT_EXECUTE|[61]
11:24:32.1 (53722556)|HEAP_ALLOCATE|[61]|Bytes:28
11:24:32.1 (53727365)|VARIABLE_ASSIGNMENT|[61]|this.MaxAnnualSalary|0|0x5d30b24a
11:24:32.1 (53729830)|STATEMENT_EXECUTE|[62]
11:24:32.1 (53733410)|VARIABLE_ASSIGNMENT|[62]|this.MinAnnualSalary|216|0x5d30b24a
11:24:32.1 (53735972)|STATEMENT_EXECUTE|[63]
11:24:32.1 (53739568)|VARIABLE_ASSIGNMENT|[63]|this.JobDescription|"テスト467仕事内容仕事内容仕事内容仕事 (30 more) ..."|0x5d30b24a
11:24:32.1 (53742303)|STATEMENT_EXECUTE|[64]
11:24:32.1 (53748808)|VARIABLE_ASSIGNMENT|[64]|this.LastModifiedDate|"2026-02-06T01:25:17.000Z"|0x5d30b24a
11:24:32.1 (53751315)|STATEMENT_EXECUTE|[65]
11:24:32.1 (53756090)|VARIABLE_ASSIGNMENT|[65]|this.LastViewedDate|"2026-04-02T09:39:31.000Z"|0x5d30b24a
11:24:32.1 (53758565)|STATEMENT_EXECUTE|[66]
11:24:32.1 (53764625)|HEAP_ALLOCATE|[66]|Bytes:5
11:24:32.1 (53767642)|VARIABLE_ASSIGNMENT|[66]|this.IsFavorite|false|0x5d30b24a
11:24:32.1 (53770133)|STATEMENT_EXECUTE|[67]
11:24:32.1 (53772723)|HEAP_ALLOCATE|[EXTERNAL]|Bytes:4
11:24:32.1 (53778218)|HEAP_ALLOCATE|[55]|Bytes:5
11:24:32.1 (53782524)|HEAP_ALLOCATE|[55]|Bytes:36
11:24:32.1 (53785112)|VARIABLE_SCOPE_BEGIN|[55]|j|Job__c|true|false
11:24:32.1 (53816305)|VARIABLE_ASSIGNMENT|[55]|j|{"LastModifiedDate":"2026-02-05T00:50:25.000Z","JobPosition__c":"テスト297求人タイトル求人タイトル求人 (28 more) ...","LastViewedDate":"2026-03-28T05:28:09.000Z","Id":"a0KBK00000Gezpx2AB","MinAnnualSalary__c":350,"JobDescription__c":"テスト297仕事内容仕事内容仕事内容仕事 (30 more) ...","JobCategory1__c":"IT系（ソフトウェア/ネットワーク）","MaxAnnualSalary__c":600}|0x6a70c046
11:24:32.1 (53822822)|STATEMENT_EXECUTE|[55]
11:24:32.1 (53823663)|STATEMENT_EXECUTE|[56]
11:24:32.1 (53825121)|HEAP_ALLOCATE|[56]|Bytes:44
11:24:32.1 (53827695)|CONSTRUCTOR_ENTRY|[56]|01pBK000001RGBP|<init>()|JobCardsController.JobWrapper
11:24:32.1 (53830657)|VARIABLE_SCOPE_BEGIN|[12]|this|JobCardsController.JobWrapper|true|false
11:24:32.1 (53839910)|VARIABLE_ASSIGNMENT|[12]|this|{}|0x592c2d5f
11:24:32.1 (53846193)|STATEMENT_EXECUTE|[12]
11:24:32.1 (53847051)|STATEMENT_EXECUTE|[13]
11:24:32.1 (53847842)|STATEMENT_EXECUTE|[14]
11:24:32.1 (53848638)|STATEMENT_EXECUTE|[15]
11:24:32.1 (53849435)|STATEMENT_EXECUTE|[16]
11:24:32.1 (53850271)|STATEMENT_EXECUTE|[17]
11:24:32.1 (53851032)|STATEMENT_EXECUTE|[18]
11:24:32.1 (53851833)|STATEMENT_EXECUTE|[19]
11:24:32.1 (53852610)|STATEMENT_EXECUTE|[20]
11:24:32.1 (53853406)|STATEMENT_EXECUTE|[21]
11:24:32.1 (53854161)|STATEMENT_EXECUTE|[22]
11:24:32.1 (53855468)|CONSTRUCTOR_EXIT|[56]|01pBK000001RGBP|<init>()|JobCardsController.JobWrapper
11:24:32.1 (53858422)|VARIABLE_SCOPE_BEGIN|[56]|wrapper|JobCardsController.JobWrapper|true|false
11:24:32.1 (53865319)|VARIABLE_ASSIGNMENT|[56]|wrapper|{}|0x592c2d5f
11:24:32.1 (53867827)|STATEMENT_EXECUTE|[57]
11:24:32.1 (53891642)|VARIABLE_ASSIGNMENT|[57]|this.Id|"a0KBK00000Gezpx2AB"|0x592c2d5f
11:24:32.1 (53894697)|STATEMENT_EXECUTE|[58]
11:24:32.1 (53899664)|VARIABLE_ASSIGNMENT|[58]|this.JobPosition|"テスト297求人タイトル求人タイトル求人 (28 more) ..."|0x592c2d5f
11:24:32.1 (53907330)|STATEMENT_EXECUTE|[59]
11:24:32.1 (53910424)|VARIABLE_ASSIGNMENT|[59]|this.WorkLocation2|null|0x592c2d5f
11:24:32.1 (53912973)|STATEMENT_EXECUTE|[60]
11:24:32.1 (53916600)|VARIABLE_ASSIGNMENT|[60]|this.JobCategory1|"IT系（ソフトウェア/ネットワーク）"|0x592c2d5f
11:24:32.1 (53919475)|STATEMENT_EXECUTE|[61]
11:24:32.1 (53923714)|VARIABLE_ASSIGNMENT|[61]|this.MaxAnnualSalary|600|0x592c2d5f
11:24:32.1 (53926151)|STATEMENT_EXECUTE|[62]
11:24:32.1 (53929432)|VARIABLE_ASSIGNMENT|[62]|this.MinAnnualSalary|350|0x592c2d5f
11:24:32.1 (53931842)|STATEMENT_EXECUTE|[63]
11:24:32.1 (53935697)|VARIABLE_ASSIGNMENT|[63]|this.JobDescription|"テスト297仕事内容仕事内容仕事内容仕事 (30 more) ..."|0x592c2d5f
11:24:32.1 (53938572)|STATEMENT_EXECUTE|[64]
11:24:32.1 (53945002)|VARIABLE_ASSIGNMENT|[64]|this.LastModifiedDate|"2026-02-05T00:50:25.000Z"|0x592c2d5f
11:24:32.1 (53947661)|STATEMENT_EXECUTE|[65]
11:24:32.1 (53952514)|VARIABLE_ASSIGNMENT|[65]|this.LastViewedDate|"2026-03-28T05:28:09.000Z"|0x592c2d5f
11:24:32.1 (53955130)|STATEMENT_EXECUTE|[66]
11:24:32.1 (53961332)|HEAP_ALLOCATE|[66]|Bytes:5
11:24:32.1 (53964182)|VARIABLE_ASSIGNMENT|[66]|this.IsFavorite|false|0x592c2d5f
11:24:32.1 (53966670)|STATEMENT_EXECUTE|[67]
11:24:32.1 (53969297)|HEAP_ALLOCATE|[EXTERNAL]|Bytes:4
11:24:32.1 (53974862)|HEAP_ALLOCATE|[55]|Bytes:5
11:24:32.1 (53979682)|HEAP_ALLOCATE|[55]|Bytes:36
11:24:32.1 (53982446)|VARIABLE_SCOPE_BEGIN|[55]|j|Job__c|true|false
11:24:32.1 (54015327)|VARIABLE_ASSIGNMENT|[55]|j|{"LastModifiedDate":"2026-02-05T00:49:22.000Z","JobPosition__c":"テスト407求人タイトル求人タイトル求人 (28 more) ...","LastViewedDate":"2026-03-18T09:45:42.000Z","Id":"a0KBK00000Gexcy2AB","MinAnnualSalary__c":350,"JobDescription__c":"テスト407仕事内容仕事内容仕事内容仕事 (30 more) ...","JobCategory1__c":"営業系","MaxAnnualSalary__c":450}|0x7275a8ab
11:24:32.1 (54021832)|STATEMENT_EXECUTE|[55]
11:24:32.1 (54022665)|STATEMENT_EXECUTE|[56]
11:24:32.1 (54024285)|HEAP_ALLOCATE|[56]|Bytes:44
11:24:32.1 (54026847)|CONSTRUCTOR_ENTRY|[56]|01pBK000001RGBP|<init>()|JobCardsController.JobWrapper
11:24:32.1 (54029750)|VARIABLE_SCOPE_BEGIN|[12]|this|JobCardsController.JobWrapper|true|false
11:24:32.1 (54038872)|VARIABLE_ASSIGNMENT|[12]|this|{}|0x1fd0c042
11:24:32.1 (54045382)|STATEMENT_EXECUTE|[12]
11:24:32.1 (54046302)|STATEMENT_EXECUTE|[13]
11:24:32.1 (54047131)|STATEMENT_EXECUTE|[14]
11:24:32.1 (54047932)|STATEMENT_EXECUTE|[15]
11:24:32.1 (54048733)|STATEMENT_EXECUTE|[16]
11:24:32.1 (54049542)|STATEMENT_EXECUTE|[17]
11:24:32.1 (54050336)|STATEMENT_EXECUTE|[18]
11:24:32.1 (54051102)|STATEMENT_EXECUTE|[19]
11:24:32.1 (54051873)|STATEMENT_EXECUTE|[20]
11:24:32.1 (54052779)|STATEMENT_EXECUTE|[21]
11:24:32.1 (54053557)|STATEMENT_EXECUTE|[22]
11:24:32.1 (54054849)|CONSTRUCTOR_EXIT|[56]|01pBK000001RGBP|<init>()|JobCardsController.JobWrapper
11:24:32.1 (54057652)|VARIABLE_SCOPE_BEGIN|[56]|wrapper|JobCardsController.JobWrapper|true|false
11:24:32.1 (54064854)|VARIABLE_ASSIGNMENT|[56]|wrapper|{}|0x1fd0c042
11:24:32.1 (54067539)|STATEMENT_EXECUTE|[57]
11:24:32.1 (54090076)|VARIABLE_ASSIGNMENT|[57]|this.Id|"a0KBK00000Gexcy2AB"|0x1fd0c042
11:24:32.1 (54092972)|STATEMENT_EXECUTE|[58]
11:24:32.1 (54097461)|VARIABLE_ASSIGNMENT|[58]|this.JobPosition|"テスト407求人タイトル求人タイトル求人 (28 more) ..."|0x1fd0c042
11:24:32.1 (54100382)|STATEMENT_EXECUTE|[59]
11:24:32.1 (54103246)|VARIABLE_ASSIGNMENT|[59]|this.WorkLocation2|null|0x1fd0c042
11:24:32.1 (54105716)|STATEMENT_EXECUTE|[60]
11:24:32.1 (54108652)|VARIABLE_ASSIGNMENT|[60]|this.JobCategory1|"営業系"|0x1fd0c042
11:24:32.1 (54111223)|STATEMENT_EXECUTE|[61]
11:24:32.1 (54115173)|VARIABLE_ASSIGNMENT|[61]|this.MaxAnnualSalary|450|0x1fd0c042
11:24:32.1 (54150128)|STATEMENT_EXECUTE|[62]
11:24:32.1 (54155595)|VARIABLE_ASSIGNMENT|[62]|this.MinAnnualSalary|350|0x1fd0c042
11:24:32.1 (54158316)|STATEMENT_EXECUTE|[63]
11:24:32.1 (54162008)|VARIABLE_ASSIGNMENT|[63]|this.JobDescription|"テスト407仕事内容仕事内容仕事内容仕事 (30 more) ..."|0x1fd0c042
11:24:32.1 (54164827)|STATEMENT_EXECUTE|[64]
11:24:32.1 (54172001)|VARIABLE_ASSIGNMENT|[64]|this.LastModifiedDate|"2026-02-05T00:49:22.000Z"|0x1fd0c042
11:24:32.1 (54174429)|STATEMENT_EXECUTE|[65]
11:24:32.1 (54179246)|VARIABLE_ASSIGNMENT|[65]|this.LastViewedDate|"2026-03-18T09:45:42.000Z"|0x1fd0c042
11:24:32.1 (54181621)|STATEMENT_EXECUTE|[66]
11:24:32.1 (54188507)|HEAP_ALLOCATE|[66]|Bytes:5
11:24:32.1 (54191648)|VARIABLE_ASSIGNMENT|[66]|this.IsFavorite|false|0x1fd0c042
11:24:32.1 (54194542)|STATEMENT_EXECUTE|[67]
11:24:32.1 (54197616)|HEAP_ALLOCATE|[EXTERNAL]|Bytes:4
11:24:32.1 (54204116)|HEAP_ALLOCATE|[55]|Bytes:5
11:24:32.1 (54211773)|VARIABLE_ASSIGNMENT|[55]|j|null|
11:24:32.1 (54216576)|STATEMENT_EXECUTE|[69]
11:24:32.54 (54274271)|CUMULATIVE_LIMIT_USAGE
11:24:32.54 (54274271)|LIMIT_USAGE_FOR_NS|(default)|
  Number of SOQL queries: 2 out of 100
  Number of query rows: 14 out of 50000
  Number of SOSL queries: 0 out of 20
  Number of DML statements: 0 out of 150
  Number of Publish Immediate DML: 0 out of 150
  Number of DML rows: 0 out of 10000
  Maximum CPU time: 0 out of 10000
  Maximum heap size: 0 out of 6000000
  Number of callouts: 0 out of 100
  Number of Email Invocations: 0 out of 10
  Number of future calls: 0 out of 50
  Number of queueable jobs added to the queue: 0 out of 50
  Number of Mobile Apex push calls: 0 out of 10

11:24:32.54 (54274271)|CUMULATIVE_LIMIT_USAGE_END

11:24:32.1 (54300407)|CODE_UNIT_FINISHED|JobCardsController.getJobs()
11:24:32.1 (54469734)|CODE_UNIT_FINISHED|apex://JobCardsController/ACTION$getJobs
11:24:32.1 (54473970)|EXECUTION_FINISHED
