66.0 APEX_CODE,FINEST;APEX_PROFILING,INFO;CALLOUT,INFO;DATA_ACCESS,INFO;DB,INFO;NBA,INFO;SYSTEM,DEBUG;VALIDATION,INFO;VISUALFORCE,INFO;WAVE,INFO;WORKFLOW,INFO
12:06:24.1 (1535779)|USER_INFO|[EXTERNAL]|0057F0000042UBb|ishibashi@hurex.co.jp.dev1|(GMT+09:00) 日本標準時 (Asia/Tokyo)|GMT+09:00
12:06:24.1 (1572043)|EXECUTION_STARTED
12:06:24.1 (1582888)|CODE_UNIT_STARTED|[EXTERNAL]|apex://CustomNotificationController/ACTION$getNotifications
12:06:24.1 (4956266)|CODE_UNIT_STARTED|[EXTERNAL]|01pBK000001VvEL|CustomNotificationController.getNotifications(String)
12:06:24.1 (9887489)|HEAP_ALLOCATE|[95]|Bytes:3
12:06:24.1 (9983691)|HEAP_ALLOCATE|[100]|Bytes:152
12:06:24.1 (10005638)|HEAP_ALLOCATE|[417]|Bytes:408
12:06:24.1 (10028556)|HEAP_ALLOCATE|[430]|Bytes:408
12:06:24.1 (10056563)|HEAP_ALLOCATE|[317]|Bytes:6
12:06:24.1 (10069089)|HEAP_ALLOCATE|[EXTERNAL]|Bytes:7
12:06:24.1 (10083731)|METHOD_ENTRY|[1]|01pBK000001VvEL|CustomNotificationController.CustomNotificationController()
12:06:24.1 (10090465)|STATEMENT_EXECUTE|[1]
12:06:24.1 (10094305)|STATEMENT_EXECUTE|[1]
12:06:24.1 (10112683)|HEAP_ALLOCATE|[68]|Bytes:5
12:06:24.1 (10134965)|HEAP_ALLOCATE|[74]|Bytes:5
12:06:24.1 (10142397)|HEAP_ALLOCATE|[82]|Bytes:7
12:06:24.1 (10543842)|HEAP_ALLOCATE|[EXTERNAL]|Bytes:5
12:06:24.1 (10560636)|METHOD_EXIT|[1]|CustomNotificationController
12:06:24.1 (10571755)|VARIABLE_SCOPE_BEGIN|[5]|before|String|false|false
12:06:24.1 (10603093)|VARIABLE_ASSIGNMENT|[5]|before|null
12:06:24.1 (10615967)|HEAP_ALLOCATE|[6]|Bytes:5
12:06:24.1 (10620004)|STATEMENT_EXECUTE|[5]
12:06:24.1 (10621557)|STATEMENT_EXECUTE|[6]
12:06:24.1 (10651124)|VARIABLE_SCOPE_BEGIN|[6]|req|System.HttpRequest|true|false
12:06:24.1 (10903217)|VARIABLE_ASSIGNMENT|[6]|req|"System.HttpRequest[Endpoint=null, Method=null]"|0x32506519
12:06:24.1 (10915465)|STATEMENT_EXECUTE|[7]
12:06:24.1 (10921440)|HEAP_ALLOCATE|[7]|Bytes:3
12:06:24.1 (11004361)|STATEMENT_EXECUTE|[8]
12:06:24.1 (11008500)|HEAP_ALLOCATE|[8]|Bytes:13
12:06:24.1 (11012704)|HEAP_ALLOCATE|[8]|Bytes:7
12:06:24.1 (11067261)|HEAP_ALLOCATE|[8]|Bytes:105
12:06:24.1 (11080993)|SYSTEM_METHOD_ENTRY|[1]|UserInfo.UserInfo()
12:06:24.1 (11084520)|STATEMENT_EXECUTE|[1]
12:06:24.1 (11091989)|SYSTEM_METHOD_EXIT|[1]|UserInfo
12:06:24.1 (11108309)|METHOD_ENTRY|[8]||System.UserInfo.getSessionId()
12:06:24.1 (22049992)|METHOD_EXIT|[8]||System.UserInfo.getSessionId()
12:06:24.1 (22084892)|HEAP_ALLOCATE|[8]|Bytes:119
12:06:24.1 (22138114)|STATEMENT_EXECUTE|[10]
12:06:24.1 (22196772)|HEAP_ALLOCATE|[10]|Bytes:67
12:06:24.1 (22212468)|SYSTEM_METHOD_ENTRY|[1]|Url.Url()
12:06:24.1 (22214972)|STATEMENT_EXECUTE|[1]
12:06:24.1 (22220939)|SYSTEM_METHOD_EXIT|[1]|Url
12:06:24.1 (22230687)|METHOD_ENTRY|[10]||System.Url.getOrgDomainUrl()
12:06:24.1 (22429155)|METHOD_EXIT|[10]||System.Url.getOrgDomainUrl()
12:06:24.1 (22441284)|METHOD_ENTRY|[10]||System.Url.toExternalForm()
12:06:24.1 (22467732)|METHOD_EXIT|[10]||System.Url.toExternalForm()
12:06:24.1 (22471476)|VARIABLE_SCOPE_BEGIN|[10]|domainPath|String|false|false
12:06:24.1 (22486401)|VARIABLE_ASSIGNMENT|[10]|domainPath|"https://hurex--dev1. (25 more) ..."
12:06:24.1 (22489988)|STATEMENT_EXECUTE|[11]
12:06:24.1 (22492430)|HEAP_ALLOCATE|[11]|Bytes:50
12:06:24.1 (22502511)|HEAP_ALLOCATE|[11]|Bytes:95
12:06:24.1 (22504871)|VARIABLE_SCOPE_BEGIN|[11]|endpoint|String|false|false
12:06:24.1 (22510566)|VARIABLE_ASSIGNMENT|[11]|endpoint|"https://hurex--dev1. (75 more) ..."
12:06:24.1 (22548553)|STATEMENT_EXECUTE|[13]
12:06:24.1 (22549715)|STATEMENT_EXECUTE|[16]
12:06:24.1 (22575131)|STATEMENT_EXECUTE|[18]
12:06:24.1 (22593618)|VARIABLE_SCOPE_BEGIN|[18]|http|System.Http|true|false
12:06:24.1 (22691697)|VARIABLE_ASSIGNMENT|[18]|http|"System.Http[]"|0x66b10276
12:06:24.1 (22695892)|STATEMENT_EXECUTE|[19]
12:06:24.1 (22781719)|CALLOUT_REQUEST|[19]|System.HttpRequest[Endpoint=https://hurex--dev1.sandbox.my.salesforce.com/services/data/v56.0/connect/notifications?size=20, Method=GET]
12:06:24.1 (252743596)|HEAP_ALLOCATE|[EXTERNAL]|Bytes:871
12:06:24.1 (255041783)|CALLOUT_RESPONSE|[19]|System.HttpResponse[Status=OK, StatusCode=200]
12:06:24.1 (255063674)|HEAP_ALLOCATE|[19]|Bytes:26
12:06:24.1 (255087023)|VARIABLE_SCOPE_BEGIN|[19]|res|System.HttpResponse|true|false
12:06:24.1 (255141995)|VARIABLE_ASSIGNMENT|[19]|res|"System.HttpResponse[Status=OK, StatusCode=200]"|0x2f16403a
12:06:24.1 (255198847)|STATEMENT_EXECUTE|[21]
12:06:24.1 (255200397)|STATEMENT_EXECUTE|[22]
12:06:24.1 (255217923)|HEAP_ALLOCATE|[22]|Bytes:20
12:06:24.255 (255251087)|CUMULATIVE_LIMIT_USAGE
12:06:24.255 (255251087)|LIMIT_USAGE_FOR_NS|(default)|
  Number of SOQL queries: 0 out of 100
  Number of query rows: 0 out of 50000
  Number of SOSL queries: 0 out of 20
  Number of DML statements: 0 out of 150
  Number of Publish Immediate DML: 0 out of 150
  Number of DML rows: 0 out of 10000
  Maximum CPU time: 0 out of 10000
  Maximum heap size: 0 out of 6000000
  Number of callouts: 1 out of 100
  Number of Email Invocations: 0 out of 10
  Number of future calls: 0 out of 50
  Number of queueable jobs added to the queue: 0 out of 50
  Number of Mobile Apex push calls: 0 out of 10

12:06:24.255 (255251087)|CUMULATIVE_LIMIT_USAGE_END

12:06:24.1 (255282041)|CODE_UNIT_FINISHED|CustomNotificationController.getNotifications(String)
12:06:24.1 (255432488)|CODE_UNIT_FINISHED|apex://CustomNotificationController/ACTION$getNotifications
12:06:24.1 (255437594)|EXECUTION_FINISHED
