66.0 APEX_CODE,FINEST;APEX_PROFILING,INFO;CALLOUT,INFO;DATA_ACCESS,INFO;DB,INFO;NBA,INFO;SYSTEM,DEBUG;VALIDATION,INFO;VISUALFORCE,INFO;WAVE,INFO;WORKFLOW,INFO
15:47:35.1 (1606787)|USER_INFO|[EXTERNAL]|0057F0000042UBb|ishibashi@hurex.co.jp.dev1|(GMT+09:00) 日本標準時 (Asia/Tokyo)|GMT+09:00
15:47:35.1 (1645475)|EXECUTION_STARTED
15:47:35.1 (1661435)|CODE_UNIT_STARTED|[EXTERNAL]|apex://OfferComponentController/ACTION$getOffers
15:47:35.1 (4260642)|CODE_UNIT_STARTED|[EXTERNAL]|01pBK000001Vpwv|OfferComponentController.getOffers()
15:47:35.1 (7181339)|HEAP_ALLOCATE|[95]|Bytes:3
15:47:35.1 (7414257)|HEAP_ALLOCATE|[100]|Bytes:152
15:47:35.1 (7428446)|HEAP_ALLOCATE|[417]|Bytes:408
15:47:35.1 (7438544)|HEAP_ALLOCATE|[430]|Bytes:408
15:47:35.1 (7458014)|HEAP_ALLOCATE|[317]|Bytes:6
15:47:35.1 (7469035)|HEAP_ALLOCATE|[EXTERNAL]|Bytes:1
15:47:35.1 (7481407)|METHOD_ENTRY|[1]|01pBK000001Vpwv|OfferComponentController.OfferComponentController()
15:47:35.1 (7486362)|STATEMENT_EXECUTE|[1]
15:47:35.1 (7491960)|STATEMENT_EXECUTE|[1]
15:47:35.1 (7509900)|HEAP_ALLOCATE|[68]|Bytes:5
15:47:35.1 (7532197)|HEAP_ALLOCATE|[74]|Bytes:5
15:47:35.1 (7536924)|HEAP_ALLOCATE|[82]|Bytes:7
15:47:35.1 (7909488)|HEAP_ALLOCATE|[EXTERNAL]|Bytes:5
15:47:35.1 (7928005)|METHOD_EXIT|[1]|OfferComponentController
15:47:35.1 (7945446)|HEAP_ALLOCATE|[4]|Bytes:5
15:47:35.1 (7950073)|STATEMENT_EXECUTE|[3]
15:47:35.1 (7951768)|STATEMENT_EXECUTE|[4]
15:47:35.1 (7954884)|HEAP_ALLOCATE|[4]|Bytes:78
15:47:35.1 (7972316)|HEAP_ALLOCATE|[4]|Bytes:4
15:47:35.1 (10811971)|SOQL_EXECUTE_BEGIN|[4]|Aggregations:0|SELECT COUNT() FROM SelectionProcess__c WHERE LatestProcessStatus__c = 'JOB打診'
15:47:35.1 (23290821)|SOQL_EXECUTE_END|[4]|Rows:1
15:47:35.1 (23349686)|HEAP_ALLOCATE|[4]|Bytes:4
15:47:35.1 (23392788)|VARIABLE_SCOPE_BEGIN|[4]|totalCount|Integer|false|false
15:47:35.1 (23405596)|HEAP_ALLOCATE|[4]|Bytes:4
15:47:35.1 (23441540)|VARIABLE_ASSIGNMENT|[4]|totalCount|1
15:47:35.1 (23447997)|STATEMENT_EXECUTE|[5]
15:47:35.1 (23456677)|HEAP_ALLOCATE|[5]|Bytes:360
15:47:35.1 (23476690)|HEAP_ALLOCATE|[5]|Bytes:4
15:47:35.1 (35180145)|SOQL_EXECUTE_BEGIN|[5]|Aggregations:0|SELECT Id, JobPosition__c, LatestProcessStatus__c, LastModifiedDate, JobPosition__r.Id, JobPosition__r.Company__r.Name, JobPosition__r.JobPosition__c, JobPosition__r.WorkLocation2__c, JobPosition__r.JobCategory1__c, JobPosition__r.LastViewedDate FROM SelectionProcess__c WHERE LatestProcessStatus__c = 'JOB打診' ORDER BY LastModifiedDate DESC NULLS FIRST LIMIT 2
15:47:35.1 (71646721)|SOQL_EXECUTE_END|[5]|Rows:1
15:47:35.1 (71687731)|HEAP_ALLOCATE|[5]|Bytes:8
15:47:35.1 (71708746)|HEAP_ALLOCATE|[5]|Bytes:404
15:47:35.1 (71844787)|HEAP_ALLOCATE|[5]|Bytes:8
15:47:35.1 (71867758)|VARIABLE_SCOPE_BEGIN|[5]|processes|List<SelectionProcess__c>|true|false
15:47:35.1 (72178112)|VARIABLE_ASSIGNMENT|[5]|processes|[{"JobPosition__c":"a0KBK00000Gexcs2AB","LastModifiedDate":"2026-03-02T05:52:31.000Z","JobPosition__r":{"JobPosition__c":"テスト401求人タイトル求人タイトル求人 (28 more) ...","WorkLocation2__c":"勤務地","LastViewedDate":"2026-03-19T08:07:40.000Z","Id":"a0KBK00000Gexcs2AB","Company__c":"001BK00000cc2ZEYAY","Company__r":{"Name":"テスト 廣川","Id":"001BK00000cc2ZEYAY"},"JobCategory1__c":"専門職系（コンサルタント/金融/不動産）"},"Id":"a0LBK000005sEhR2AU","LatestProcessStatus__c":"JOB打診"}]|0x327bc399
15:47:35.1 (72192066)|STATEMENT_EXECUTE|[22]
15:47:35.1 (72208515)|HEAP_ALLOCATE|[22]|Bytes:4
15:47:35.1 (72282432)|VARIABLE_SCOPE_BEGIN|[22]|jobInfos|List<Map<String,ANY>>|true|false
15:47:35.1 (72307871)|HEAP_ALLOCATE|[EXTERNAL]|Bytes:4
15:47:35.1 (72315392)|VARIABLE_ASSIGNMENT|[22]|jobInfos|[]|0x340120ec
15:47:35.1 (72508803)|HEAP_ALLOCATE|[24]|Bytes:5
15:47:35.1 (72538178)|HEAP_ALLOCATE|[24]|Bytes:24
15:47:35.1 (72546330)|VARIABLE_SCOPE_BEGIN|[24]|process|SelectionProcess__c|true|false
15:47:35.1 (72674821)|VARIABLE_ASSIGNMENT|[24]|process|{"JobPosition__c":"a0KBK00000Gexcs2AB","LastModifiedDate":"2026-03-02T05:52:31.000Z","JobPosition__r":{"JobPosition__c":"テスト401求人タイトル求人タイトル求人 (28 more) ...","WorkLocation2__c":"勤務地","LastViewedDate":"2026-03-19T08:07:40.000Z","Id":"a0KBK00000Gexcs2AB","Company__c":"001BK00000cc2ZEYAY","Company__r":{"Name":"テスト 廣川","Id":"001BK00000cc2ZEYAY"},"JobCategory1__c":"専門職系（コンサルタント/金融/不動産）"},"Id":"a0LBK000005sEhR2AU","LatestProcessStatus__c":"JOB打診"}|0x1d2e7d64
15:47:35.1 (72720390)|STATEMENT_EXECUTE|[24]
15:47:35.1 (72722366)|STATEMENT_EXECUTE|[25]
15:47:35.1 (72737155)|HEAP_ALLOCATE|[25]|Bytes:4
15:47:35.1 (72747751)|VARIABLE_SCOPE_BEGIN|[25]|jobInfo|Map<String,ANY>|true|false
15:47:35.1 (72766475)|VARIABLE_ASSIGNMENT|[25]|jobInfo|{}|0x6ea5d17f
15:47:35.1 (72771190)|STATEMENT_EXECUTE|[26]
15:47:35.1 (72775278)|HEAP_ALLOCATE|[26]|Bytes:5
15:47:35.1 (72869132)|HEAP_ALLOCATE|[EXTERNAL]|Bytes:-4
15:47:35.1 (72876312)|STATEMENT_EXECUTE|[27]
15:47:35.1 (72878663)|HEAP_ALLOCATE|[27]|Bytes:10
15:47:35.1 (72913269)|HEAP_ALLOCATE|[27]|Bytes:14
15:47:35.1 (72978456)|HEAP_ALLOCATE|[27]|Bytes:14
15:47:35.1 (72990034)|HEAP_ALLOCATE|[EXTERNAL]|Bytes:-4
15:47:35.1 (72995011)|STATEMENT_EXECUTE|[28]
15:47:35.1 (72997356)|HEAP_ALLOCATE|[28]|Bytes:11
15:47:35.1 (73075896)|HEAP_ALLOCATE|[EXTERNAL]|Bytes:-4
15:47:35.1 (73081759)|STATEMENT_EXECUTE|[29]
15:47:35.1 (73084050)|HEAP_ALLOCATE|[29]|Bytes:13
15:47:35.1 (73109103)|HEAP_ALLOCATE|[EXTERNAL]|Bytes:-4
15:47:35.1 (73113847)|STATEMENT_EXECUTE|[30]
15:47:35.1 (73116051)|HEAP_ALLOCATE|[30]|Bytes:12
15:47:35.1 (73137113)|HEAP_ALLOCATE|[EXTERNAL]|Bytes:-4
15:47:35.1 (73141596)|STATEMENT_EXECUTE|[31]
15:47:35.1 (73143507)|HEAP_ALLOCATE|[31]|Bytes:11
15:47:35.1 (73227401)|HEAP_ALLOCATE|[EXTERNAL]|Bytes:-4
15:47:35.1 (73232311)|STATEMENT_EXECUTE|[32]
15:47:35.1 (73234371)|HEAP_ALLOCATE|[32]|Bytes:14
15:47:35.1 (73269954)|HEAP_ALLOCATE|[EXTERNAL]|Bytes:-4
15:47:35.1 (73273370)|STATEMENT_EXECUTE|[33]
15:47:35.1 (73292940)|HEAP_ALLOCATE|[EXTERNAL]|Bytes:4
15:47:35.1 (73308826)|HEAP_ALLOCATE|[24]|Bytes:5
15:47:35.1 (73322421)|VARIABLE_ASSIGNMENT|[24]|process|null|
15:47:35.1 (73325761)|STATEMENT_EXECUTE|[35]
15:47:35.1 (73334085)|HEAP_ALLOCATE|[35]|Bytes:4
15:47:35.1 (73339546)|VARIABLE_SCOPE_BEGIN|[35]|result|Map<String,ANY>|true|false
15:47:35.1 (73350171)|VARIABLE_ASSIGNMENT|[35]|result|{}|0x229a6ae1
15:47:35.1 (73353269)|STATEMENT_EXECUTE|[36]
15:47:35.1 (73354610)|HEAP_ALLOCATE|[36]|Bytes:8
15:47:35.1 (73365007)|HEAP_ALLOCATE|[EXTERNAL]|Bytes:-4
15:47:35.1 (73368219)|STATEMENT_EXECUTE|[37]
15:47:35.1 (73369904)|HEAP_ALLOCATE|[37]|Bytes:10
15:47:35.1 (73377304)|HEAP_ALLOCATE|[37]|Bytes:4
15:47:35.1 (73393906)|HEAP_ALLOCATE|[EXTERNAL]|Bytes:-4
15:47:35.1 (73397161)|STATEMENT_EXECUTE|[38]
15:47:35.73 (73449184)|CUMULATIVE_LIMIT_USAGE
15:47:35.73 (73449184)|LIMIT_USAGE_FOR_NS|(default)|
  Number of SOQL queries: 2 out of 100
  Number of query rows: 2 out of 50000
  Number of SOSL queries: 0 out of 20
  Number of DML statements: 0 out of 0
  Number of Publish Immediate DML: 0 out of 150
  Number of DML rows: 0 out of 10000
  Maximum CPU time: 0 out of 10000
  Maximum heap size: 0 out of 6000000
  Number of callouts: 0 out of 100
  Number of Email Invocations: 0 out of 10
  Number of future calls: 0 out of 50
  Number of queueable jobs added to the queue: 0 out of 50
  Number of Mobile Apex push calls: 0 out of 10

15:47:35.73 (73449184)|CUMULATIVE_LIMIT_USAGE_END

15:47:35.1 (73473091)|CODE_UNIT_FINISHED|OfferComponentController.getOffers()
15:47:35.1 (73651624)|CODE_UNIT_FINISHED|apex://OfferComponentController/ACTION$getOffers
15:47:35.1 (73656720)|EXECUTION_FINISHED
