66.0 APEX_CODE,FINEST;APEX_PROFILING,INFO;CALLOUT,INFO;DATA_ACCESS,INFO;DB,INFO;NBA,INFO;SYSTEM,DEBUG;VALIDATION,INFO;VISUALFORCE,INFO;WAVE,INFO;WORKFLOW,INFO
15:53:12.0 (234163)|USER_INFO|[EXTERNAL]|0057F0000042UBb|ishibashi@hurex.co.jp.dev1|(GMT+09:00) 日本標準時 (Asia/Tokyo)|GMT+09:00
15:53:12.0 (276149)|EXECUTION_STARTED
15:53:12.0 (289886)|CODE_UNIT_STARTED|[EXTERNAL]|apex://CustomNotificationController/ACTION$getNotifications
15:53:12.0 (3157312)|CODE_UNIT_STARTED|[EXTERNAL]|01pBK000001VvEL|CustomNotificationController.getNotifications(String)
15:53:12.0 (3401702)|HEAP_ALLOCATE|[95]|Bytes:3
15:53:12.0 (3481983)|HEAP_ALLOCATE|[100]|Bytes:152
15:53:12.0 (3497877)|HEAP_ALLOCATE|[417]|Bytes:408
15:53:12.0 (3509129)|HEAP_ALLOCATE|[430]|Bytes:408
15:53:12.0 (3531227)|HEAP_ALLOCATE|[317]|Bytes:6
15:53:12.0 (3589751)|HEAP_ALLOCATE|[EXTERNAL]|Bytes:7
15:53:12.0 (3600054)|METHOD_ENTRY|[1]|01pBK000001VvEL|CustomNotificationController.CustomNotificationController()
15:53:12.0 (3604369)|STATEMENT_EXECUTE|[1]
15:53:12.0 (3609551)|STATEMENT_EXECUTE|[1]
15:53:12.0 (3628296)|HEAP_ALLOCATE|[68]|Bytes:5
15:53:12.0 (3651798)|HEAP_ALLOCATE|[74]|Bytes:5
15:53:12.0 (3656413)|HEAP_ALLOCATE|[82]|Bytes:7
15:53:12.0 (3808996)|HEAP_ALLOCATE|[EXTERNAL]|Bytes:5
15:53:12.0 (3819723)|METHOD_EXIT|[1]|CustomNotificationController
15:53:12.0 (3826897)|VARIABLE_SCOPE_BEGIN|[5]|before|String|false|false
15:53:12.0 (3851263)|VARIABLE_ASSIGNMENT|[5]|before|null
15:53:12.0 (3860515)|HEAP_ALLOCATE|[6]|Bytes:5
15:53:12.0 (3863266)|STATEMENT_EXECUTE|[5]
15:53:12.0 (3864457)|STATEMENT_EXECUTE|[6]
15:53:12.0 (3892074)|VARIABLE_SCOPE_BEGIN|[6]|req|System.HttpRequest|true|false
15:53:12.0 (4104415)|VARIABLE_ASSIGNMENT|[6]|req|"System.HttpRequest[Endpoint=null, Method=null]"|0x427f685c
15:53:12.0 (4110969)|STATEMENT_EXECUTE|[7]
15:53:12.0 (4114075)|HEAP_ALLOCATE|[7]|Bytes:3
15:53:12.0 (4181082)|STATEMENT_EXECUTE|[8]
15:53:12.0 (4182936)|HEAP_ALLOCATE|[8]|Bytes:13
15:53:12.0 (4185323)|HEAP_ALLOCATE|[8]|Bytes:7
15:53:12.0 (4224709)|HEAP_ALLOCATE|[8]|Bytes:105
15:53:12.0 (4231757)|SYSTEM_METHOD_ENTRY|[1]|UserInfo.UserInfo()
15:53:12.0 (4233902)|STATEMENT_EXECUTE|[1]
15:53:12.0 (4238669)|SYSTEM_METHOD_EXIT|[1]|UserInfo
15:53:12.0 (4247684)|METHOD_ENTRY|[8]||System.UserInfo.getSessionId()
15:53:12.0 (17335894)|METHOD_EXIT|[8]||System.UserInfo.getSessionId()
15:53:12.0 (17377609)|HEAP_ALLOCATE|[8]|Bytes:119
15:53:12.0 (17435086)|STATEMENT_EXECUTE|[10]
15:53:12.0 (17525170)|HEAP_ALLOCATE|[10]|Bytes:67
15:53:12.0 (17541328)|SYSTEM_METHOD_ENTRY|[1]|Url.Url()
15:53:12.0 (17544007)|STATEMENT_EXECUTE|[1]
15:53:12.0 (17551744)|SYSTEM_METHOD_EXIT|[1]|Url
15:53:12.0 (17561441)|METHOD_ENTRY|[10]||System.Url.getOrgDomainUrl()
15:53:12.0 (17783708)|METHOD_EXIT|[10]||System.Url.getOrgDomainUrl()
15:53:12.0 (17800233)|METHOD_ENTRY|[10]||System.Url.toExternalForm()
15:53:12.0 (17838475)|METHOD_EXIT|[10]||System.Url.toExternalForm()
15:53:12.0 (17843803)|VARIABLE_SCOPE_BEGIN|[10]|domainPath|String|false|false
15:53:12.0 (17866155)|VARIABLE_ASSIGNMENT|[10]|domainPath|"https://hurex--dev1. (25 more) ..."
15:53:12.0 (17871163)|STATEMENT_EXECUTE|[11]
15:53:12.0 (17874543)|HEAP_ALLOCATE|[11]|Bytes:50
15:53:12.0 (17884655)|HEAP_ALLOCATE|[11]|Bytes:95
15:53:12.0 (17888345)|VARIABLE_SCOPE_BEGIN|[11]|endpoint|String|false|false
15:53:12.0 (17896038)|VARIABLE_ASSIGNMENT|[11]|endpoint|"https://hurex--dev1. (75 more) ..."
15:53:12.0 (17956719)|STATEMENT_EXECUTE|[13]
15:53:12.0 (17958432)|STATEMENT_EXECUTE|[16]
15:53:12.0 (17993049)|STATEMENT_EXECUTE|[18]
15:53:12.0 (18013594)|VARIABLE_SCOPE_BEGIN|[18]|http|System.Http|true|false
15:53:12.0 (18132676)|VARIABLE_ASSIGNMENT|[18]|http|"System.Http[]"|0x7b10fcbc
15:53:12.0 (18136985)|STATEMENT_EXECUTE|[19]
15:53:12.0 (18219437)|CALLOUT_REQUEST|[19]|System.HttpRequest[Endpoint=https://hurex--dev1.sandbox.my.salesforce.com/services/data/v56.0/connect/notifications?size=20, Method=GET]
15:53:12.0 (177152729)|HEAP_ALLOCATE|[EXTERNAL]|Bytes:15126
15:53:12.0 (179781023)|CALLOUT_RESPONSE|[19]|System.HttpResponse[Status=OK, StatusCode=200]
15:53:12.0 (179812083)|HEAP_ALLOCATE|[19]|Bytes:14281
15:53:12.0 (179845311)|VARIABLE_SCOPE_BEGIN|[19]|res|System.HttpResponse|true|false
15:53:12.0 (179910655)|VARIABLE_ASSIGNMENT|[19]|res|"System.HttpResponse[Status=OK, StatusCode=200]"|0x10ac4bd7
15:53:12.0 (179974326)|STATEMENT_EXECUTE|[21]
15:53:12.0 (179975704)|STATEMENT_EXECUTE|[22]
15:53:12.0 (180513041)|HEAP_ALLOCATE|[22]|Bytes:13995
15:53:12.180 (180553060)|CUMULATIVE_LIMIT_USAGE
15:53:12.180 (180553060)|LIMIT_USAGE_FOR_NS|(default)|
  Number of SOQL queries: 0 out of 100
  Number of query rows: 0 out of 50000
  Number of SOSL queries: 0 out of 20
  Number of DML statements: 0 out of 150
  Number of Publish Immediate DML: 0 out of 150
  Number of DML rows: 0 out of 10000
  Maximum CPU time: 0 out of 10000
  Maximum heap size: 0 out of 6000000
  Number of callouts: 1 out of 100
  Number of Email Invocations: 0 out of 10
  Number of future calls: 0 out of 50
  Number of queueable jobs added to the queue: 0 out of 50
  Number of Mobile Apex push calls: 0 out of 10

15:53:12.180 (180553060)|CUMULATIVE_LIMIT_USAGE_END

15:53:12.0 (180583859)|CODE_UNIT_FINISHED|CustomNotificationController.getNotifications(String)
15:53:12.0 (180727255)|CODE_UNIT_FINISHED|apex://CustomNotificationController/ACTION$getNotifications
15:53:12.0 (180732142)|EXECUTION_FINISHED
