66.0 APEX_CODE,FINEST;APEX_PROFILING,INFO;CALLOUT,INFO;DATA_ACCESS,INFO;DB,INFO;NBA,INFO;SYSTEM,DEBUG;VALIDATION,INFO;VISUALFORCE,INFO;WAVE,INFO;WORKFLOW,INFO
16:21:57.0 (277380)|USER_INFO|[EXTERNAL]|0057F0000042UBb|ishibashi@hurex.co.jp.dev1|(GMT+09:00) 日本標準時 (Asia/Tokyo)|GMT+09:00
16:21:57.0 (327833)|EXECUTION_STARTED
16:21:57.0 (350005)|CODE_UNIT_STARTED|[EXTERNAL]|apex://CustomNotificationController/ACTION$getNotifications
16:21:57.0 (3119271)|CODE_UNIT_STARTED|[EXTERNAL]|01pBK000001VvEL|CustomNotificationController.getNotifications(String)
16:21:57.0 (3416511)|HEAP_ALLOCATE|[95]|Bytes:3
16:21:57.0 (3524670)|HEAP_ALLOCATE|[100]|Bytes:152
16:21:57.0 (3544536)|HEAP_ALLOCATE|[417]|Bytes:408
16:21:57.0 (3561731)|HEAP_ALLOCATE|[430]|Bytes:408
16:21:57.0 (3592707)|HEAP_ALLOCATE|[317]|Bytes:6
16:21:57.0 (3662882)|HEAP_ALLOCATE|[EXTERNAL]|Bytes:7
16:21:57.0 (3676799)|METHOD_ENTRY|[1]|01pBK000001VvEL|CustomNotificationController.CustomNotificationController()
16:21:57.0 (3682670)|STATEMENT_EXECUTE|[1]
16:21:57.0 (3688487)|STATEMENT_EXECUTE|[1]
16:21:57.0 (3712630)|HEAP_ALLOCATE|[68]|Bytes:5
16:21:57.0 (3742566)|HEAP_ALLOCATE|[74]|Bytes:5
16:21:57.0 (3749768)|HEAP_ALLOCATE|[82]|Bytes:7
16:21:57.0 (3946869)|HEAP_ALLOCATE|[EXTERNAL]|Bytes:5
16:21:57.0 (3962023)|METHOD_EXIT|[1]|CustomNotificationController
16:21:57.0 (3970334)|VARIABLE_SCOPE_BEGIN|[5]|before|String|false|false
16:21:57.0 (4030089)|VARIABLE_ASSIGNMENT|[5]|before|null
16:21:57.0 (4045766)|HEAP_ALLOCATE|[6]|Bytes:5
16:21:57.0 (4049663)|STATEMENT_EXECUTE|[5]
16:21:57.0 (4051268)|STATEMENT_EXECUTE|[6]
16:21:57.0 (4096458)|VARIABLE_SCOPE_BEGIN|[6]|req|System.HttpRequest|true|false
16:21:57.0 (4355907)|VARIABLE_ASSIGNMENT|[6]|req|"System.HttpRequest[Endpoint=null, Method=null]"|0xc0752ce
16:21:57.0 (4366054)|STATEMENT_EXECUTE|[7]
16:21:57.0 (4371322)|HEAP_ALLOCATE|[7]|Bytes:3
16:21:57.0 (4464604)|STATEMENT_EXECUTE|[8]
16:21:57.0 (4467210)|HEAP_ALLOCATE|[8]|Bytes:13
16:21:57.0 (4471684)|HEAP_ALLOCATE|[8]|Bytes:7
16:21:57.0 (4527999)|HEAP_ALLOCATE|[8]|Bytes:105
16:21:57.0 (4541522)|SYSTEM_METHOD_ENTRY|[1]|UserInfo.UserInfo()
16:21:57.0 (4544421)|STATEMENT_EXECUTE|[1]
16:21:57.0 (4552552)|SYSTEM_METHOD_EXIT|[1]|UserInfo
16:21:57.0 (4567416)|METHOD_ENTRY|[8]||System.UserInfo.getSessionId()
16:21:57.0 (11897514)|METHOD_EXIT|[8]||System.UserInfo.getSessionId()
16:21:57.0 (11945333)|HEAP_ALLOCATE|[8]|Bytes:119
16:21:57.0 (12062944)|STATEMENT_EXECUTE|[10]
16:21:57.0 (12128145)|HEAP_ALLOCATE|[10]|Bytes:67
16:21:57.0 (12143656)|SYSTEM_METHOD_ENTRY|[1]|Url.Url()
16:21:57.0 (12146241)|STATEMENT_EXECUTE|[1]
16:21:57.0 (12154549)|SYSTEM_METHOD_EXIT|[1]|Url
16:21:57.0 (12163929)|METHOD_ENTRY|[10]||System.Url.getOrgDomainUrl()
16:21:57.0 (12395788)|METHOD_EXIT|[10]||System.Url.getOrgDomainUrl()
16:21:57.0 (12409625)|METHOD_ENTRY|[10]||System.Url.toExternalForm()
16:21:57.0 (12451039)|METHOD_EXIT|[10]||System.Url.toExternalForm()
16:21:57.0 (12455229)|VARIABLE_SCOPE_BEGIN|[10]|domainPath|String|false|false
16:21:57.0 (12479425)|VARIABLE_ASSIGNMENT|[10]|domainPath|"https://hurex--dev1. (25 more) ..."
16:21:57.0 (12484132)|STATEMENT_EXECUTE|[11]
16:21:57.0 (12487131)|HEAP_ALLOCATE|[11]|Bytes:50
16:21:57.0 (12494342)|HEAP_ALLOCATE|[11]|Bytes:95
16:21:57.0 (12496946)|VARIABLE_SCOPE_BEGIN|[11]|endpoint|String|false|false
16:21:57.0 (12502245)|VARIABLE_ASSIGNMENT|[11]|endpoint|"https://hurex--dev1. (75 more) ..."
16:21:57.0 (12549551)|STATEMENT_EXECUTE|[13]
16:21:57.0 (12550603)|STATEMENT_EXECUTE|[16]
16:21:57.0 (12576625)|STATEMENT_EXECUTE|[18]
16:21:57.0 (12598346)|VARIABLE_SCOPE_BEGIN|[18]|http|System.Http|true|false
16:21:57.0 (12700456)|VARIABLE_ASSIGNMENT|[18]|http|"System.Http[]"|0x626efcb4
16:21:57.0 (12704371)|STATEMENT_EXECUTE|[19]
16:21:57.0 (12864666)|CALLOUT_REQUEST|[19]|System.HttpRequest[Endpoint=https://hurex--dev1.sandbox.my.salesforce.com/services/data/v56.0/connect/notifications?size=20, Method=GET]
16:21:57.0 (135276073)|HEAP_ALLOCATE|[EXTERNAL]|Bytes:872
16:21:57.0 (138661801)|CALLOUT_RESPONSE|[19]|System.HttpResponse[Status=OK, StatusCode=200]
16:21:57.0 (138697156)|HEAP_ALLOCATE|[19]|Bytes:26
16:21:57.0 (138728752)|VARIABLE_SCOPE_BEGIN|[19]|res|System.HttpResponse|true|false
16:21:57.0 (138818594)|VARIABLE_ASSIGNMENT|[19]|res|"System.HttpResponse[Status=OK, StatusCode=200]"|0x5ed41ea8
16:21:57.0 (138875123)|STATEMENT_EXECUTE|[21]
16:21:57.0 (138876827)|STATEMENT_EXECUTE|[22]
16:21:57.0 (138903923)|HEAP_ALLOCATE|[22]|Bytes:20
16:21:57.138 (138943538)|CUMULATIVE_LIMIT_USAGE
16:21:57.138 (138943538)|LIMIT_USAGE_FOR_NS|(default)|
  Number of SOQL queries: 0 out of 100
  Number of query rows: 0 out of 50000
  Number of SOSL queries: 0 out of 20
  Number of DML statements: 0 out of 150
  Number of Publish Immediate DML: 0 out of 150
  Number of DML rows: 0 out of 10000
  Maximum CPU time: 0 out of 10000
  Maximum heap size: 0 out of 6000000
  Number of callouts: 1 out of 100
  Number of Email Invocations: 0 out of 10
  Number of future calls: 0 out of 50
  Number of queueable jobs added to the queue: 0 out of 50
  Number of Mobile Apex push calls: 0 out of 10

16:21:57.138 (138943538)|CUMULATIVE_LIMIT_USAGE_END

16:21:57.0 (139014392)|CODE_UNIT_FINISHED|CustomNotificationController.getNotifications(String)
16:21:57.0 (139425949)|CODE_UNIT_FINISHED|apex://CustomNotificationController/ACTION$getNotifications
16:21:57.0 (139438237)|EXECUTION_FINISHED
