66.0 APEX_CODE,FINEST;APEX_PROFILING,INFO;CALLOUT,INFO;DATA_ACCESS,INFO;DB,INFO;NBA,INFO;SYSTEM,DEBUG;VALIDATION,INFO;VISUALFORCE,INFO;WAVE,INFO;WORKFLOW,INFO
15:57:34.2 (2152380)|USER_INFO|[EXTERNAL]|0057F0000042UBb|ishibashi@hurex.co.jp.dev1|(GMT+09:00) 日本標準時 (Asia/Tokyo)|GMT+09:00
15:57:34.2 (2191948)|EXECUTION_STARTED
15:57:34.2 (2205125)|CODE_UNIT_STARTED|[EXTERNAL]|apex://JobCardsController/ACTION$getJobs
15:57:34.2 (4685892)|CODE_UNIT_STARTED|[EXTERNAL]|01pBK000001RGBP|JobCardsController.getJobs()
15:57:34.2 (4943232)|HEAP_ALLOCATE|[95]|Bytes:3
15:57:34.2 (5043119)|HEAP_ALLOCATE|[100]|Bytes:152
15:57:34.2 (5057375)|HEAP_ALLOCATE|[417]|Bytes:408
15:57:34.2 (5067895)|HEAP_ALLOCATE|[430]|Bytes:408
15:57:34.2 (5088469)|HEAP_ALLOCATE|[317]|Bytes:6
15:57:34.2 (5142810)|HEAP_ALLOCATE|[EXTERNAL]|Bytes:10
15:57:34.2 (5146070)|HEAP_ALLOCATE|[EXTERNAL]|Bytes:5
15:57:34.2 (5147781)|HEAP_ALLOCATE|[EXTERNAL]|Bytes:2
15:57:34.2 (5165884)|METHOD_ENTRY|[1]|01pBK000001RGBP|JobCardsController.JobCardsController()
15:57:34.2 (5174829)|STATEMENT_EXECUTE|[1]
15:57:34.2 (5182897)|STATEMENT_EXECUTE|[1]
15:57:34.2 (5203787)|HEAP_ALLOCATE|[68]|Bytes:5
15:57:34.2 (5235472)|HEAP_ALLOCATE|[74]|Bytes:5
15:57:34.2 (5239999)|HEAP_ALLOCATE|[82]|Bytes:7
15:57:34.2 (5392649)|HEAP_ALLOCATE|[EXTERNAL]|Bytes:5
15:57:34.2 (5398066)|STATEMENT_EXECUTE|[3]
15:57:34.2 (5408656)|METHOD_EXIT|[1]|JobCardsController
15:57:34.2 (5419279)|HEAP_ALLOCATE|[18]|Bytes:5
15:57:34.2 (5421781)|STATEMENT_EXECUTE|[17]
15:57:34.2 (5422946)|STATEMENT_EXECUTE|[18]
15:57:34.2 (5453245)|HEAP_ALLOCATE|[18]|Bytes:4
15:57:34.2 (5527484)|VARIABLE_SCOPE_BEGIN|[18]|favoriteJobIds|Set<Id>|true|false
15:57:34.2 (5610563)|VARIABLE_ASSIGNMENT|[18]|favoriteJobIds|[]|0x12b664b3
15:57:34.2 (5618504)|HEAP_ALLOCATE|[19]|Bytes:91
15:57:34.2 (5631908)|HEAP_ALLOCATE|[19]|Bytes:4
15:57:34.2 (5639995)|HEAP_ALLOCATE|[19]|Bytes:7
15:57:34.2 (5658430)|HEAP_ALLOCATE|[21]|Bytes:105
15:57:34.2 (5663913)|SYSTEM_METHOD_ENTRY|[1]|UserInfo.UserInfo()
15:57:34.2 (5665790)|STATEMENT_EXECUTE|[1]
15:57:34.2 (5670381)|SYSTEM_METHOD_EXIT|[1]|UserInfo
15:57:34.2 (5685366)|METHOD_ENTRY|[21]||System.UserInfo.getUserId()
15:57:34.2 (10564648)|METHOD_EXIT|[21]||System.UserInfo.getUserId()
15:57:34.2 (13915043)|SOQL_EXECUTE_BEGIN|[19]|Aggregations:0|SELECT Job__c FROM InterestedJob__c WHERE (CreatedById = :tmpVar1 AND IsArchive__c = FALSE)
15:57:34.2 (21022852)|SOQL_EXECUTE_END|[19]|Rows:1
15:57:34.2 (21059202)|HEAP_ALLOCATE|[EXTERNAL]|Bytes:8
15:57:34.2 (21305723)|HEAP_ALLOCATE|[19]|Bytes:54
15:57:34.2 (21312901)|HEAP_ALLOCATE|[19]|Bytes:8
15:57:34.2 (21325397)|SYSTEM_METHOD_ENTRY|[7]|QueryLocatorIterator.QueryLocatorIterator()
15:57:34.2 (21328378)|STATEMENT_EXECUTE|[7]
15:57:34.2 (21338016)|SYSTEM_METHOD_EXIT|[7]|QueryLocatorIterator
15:57:34.2 (21347450)|HEAP_ALLOCATE|[19]|Bytes:28
15:57:34.2 (21429156)|HEAP_ALLOCATE|[19]|Bytes:8
15:57:34.2 (21437732)|HEAP_ALLOCATE|[19]|Bytes:8
15:57:34.2 (21439473)|HEAP_ALLOCATE|[19]|Bytes:8
15:57:34.2 (21447219)|VARIABLE_SCOPE_BEGIN|[15]|this|Database.QueryLocatorIterator|true|false
15:57:34.2 (21503884)|VARIABLE_ASSIGNMENT|[15]|this|{}|0x21bc991e
15:57:34.2 (21508163)|VARIABLE_SCOPE_BEGIN|[15]|values|List<SObject>|true|false
15:57:34.2 (21606290)|VARIABLE_ASSIGNMENT|[15]|values|[{"Job__c":"a0KBK00000Gexcs2AB","Id":"a0OBK000004najC2AQ"}]|0x2917cd01
15:57:34.2 (21610623)|VARIABLE_SCOPE_BEGIN|[15]|ql|Database.QueryLocator|true|false
15:57:34.2 (21627322)|VARIABLE_ASSIGNMENT|[15]|ql|{"query":"SELECT Job__c FROM I (71 more) ..."}|0x63b26da7
15:57:34.2 (21630418)|VARIABLE_SCOPE_BEGIN|[15]|totalNumRecords|Integer|false|false
15:57:34.2 (21636077)|VARIABLE_ASSIGNMENT|[15]|totalNumRecords|1
15:57:34.2 (21638090)|VARIABLE_SCOPE_BEGIN|[15]|queryMoreSize|Integer|false|false
15:57:34.2 (21641875)|VARIABLE_ASSIGNMENT|[15]|queryMoreSize|49999
15:57:34.2 (21719425)|HEAP_ALLOCATE|[19]|Bytes:28
15:57:34.2 (21742295)|METHOD_ENTRY|[19]||Database.QueryLocatorIterator.hasNext()
15:57:34.2 (21831448)|METHOD_EXIT|[19]||Database.QueryLocatorIterator.hasNext()
15:57:34.2 (21836400)|METHOD_ENTRY|[19]||Database.QueryLocatorIterator.next()
15:57:34.2 (21888125)|METHOD_EXIT|[19]||Database.QueryLocatorIterator.next()
15:57:34.2 (21892940)|VARIABLE_SCOPE_BEGIN|[19]|fav|InterestedJob__c|true|false
15:57:34.2 (21919888)|VARIABLE_ASSIGNMENT|[19]|fav|{"Job__c":"a0KBK00000Gexcs2AB","Id":"a0OBK000004najC2AQ"}|0x470faa9d
15:57:34.2 (21924632)|STATEMENT_EXECUTE|[22]
15:57:34.2 (21925593)|STATEMENT_EXECUTE|[23]
15:57:34.2 (21988125)|HEAP_ALLOCATE|[EXTERNAL]|Bytes:4
15:57:34.2 (21995381)|METHOD_ENTRY|[19]||Database.QueryLocatorIterator.hasNext()
15:57:34.2 (22002371)|METHOD_EXIT|[19]||Database.QueryLocatorIterator.hasNext()
15:57:34.2 (22007673)|VARIABLE_ASSIGNMENT|[19]|fav|null|
15:57:34.2 (22028440)|STATEMENT_EXECUTE|[26]
15:57:34.2 (22031024)|HEAP_ALLOCATE|[26]|Bytes:217
15:57:34.2 (22047729)|HEAP_ALLOCATE|[26]|Bytes:4
15:57:34.2 (25562969)|SOQL_EXECUTE_BEGIN|[26]|Aggregations:0|SELECT Id, JobPosition__c, WorkLocation2__c, JobCategory1__c, MaxAnnualSalary__c, MinAnnualSalary__c, JobDescription__c, LastModifiedDate, LastViewedDate FROM Job__c ORDER BY LastModifiedDate DESC NULLS FIRST LIMIT 10
15:57:34.2 (40934203)|SOQL_EXECUTE_END|[26]|Rows:10
15:57:34.2 (40975437)|HEAP_ALLOCATE|[26]|Bytes:44
15:57:34.2 (40998894)|HEAP_ALLOCATE|[26]|Bytes:4133
15:57:34.2 (41111920)|HEAP_ALLOCATE|[26]|Bytes:44
15:57:34.2 (41137417)|VARIABLE_SCOPE_BEGIN|[26]|jobs|List<Job__c>|true|false
15:57:34.2 (41164354)|VARIABLE_ASSIGNMENT|[26]|jobs|"List of size 10 too large to display"|0x7519990b
15:57:34.2 (41170357)|STATEMENT_EXECUTE|[35]
15:57:34.2 (41246552)|HEAP_ALLOCATE|[35]|Bytes:4
15:57:34.2 (41335562)|VARIABLE_SCOPE_BEGIN|[35]|result|List<JobCardsController.JobWrapper>|true|false
15:57:34.2 (41350122)|HEAP_ALLOCATE|[EXTERNAL]|Bytes:4
15:57:34.2 (41360601)|VARIABLE_ASSIGNMENT|[35]|result|[]|0x4912382d
15:57:34.2 (41489355)|HEAP_ALLOCATE|[36]|Bytes:5
15:57:34.2 (41516586)|HEAP_ALLOCATE|[36]|Bytes:40
15:57:34.2 (41523481)|VARIABLE_SCOPE_BEGIN|[36]|j|Job__c|true|false
15:57:34.2 (41643006)|VARIABLE_ASSIGNMENT|[36]|j|{"LastModifiedDate":"2026-03-17T03:14:00.000Z","JobPosition__c":"テスト401求人タイトル求人タイトル求人 (28 more) ...","WorkLocation2__c":"111","LastViewedDate":"2026-03-17T06:44:29.000Z","Id":"a0KBK00000Gexcs2AB","MinAnnualSalary__c":450,"JobDescription__c":"テスト401仕事内容仕事内容仕事内容仕事 (30 more) ...","JobCategory1__c":"専門職系（コンサルタント/金融/不動産）","MaxAnnualSalary__c":600}|0x1ff5b54e
15:57:34.2 (41653586)|STATEMENT_EXECUTE|[36]
15:57:34.2 (41654587)|STATEMENT_EXECUTE|[37]
15:57:34.2 (41663006)|HEAP_ALLOCATE|[37]|Bytes:44
15:57:34.2 (41679095)|CONSTRUCTOR_ENTRY|[37]|01pBK000001RGBP|<init>()|JobCardsController.JobWrapper
15:57:34.2 (41698054)|VARIABLE_SCOPE_BEGIN|[3]|this|JobCardsController.JobWrapper|true|false
15:57:34.2 (41736377)|VARIABLE_ASSIGNMENT|[3]|this|{}|0x2068091f
15:57:34.2 (41757172)|STATEMENT_EXECUTE|[3]
15:57:34.2 (41758270)|STATEMENT_EXECUTE|[4]
15:57:34.2 (41759191)|STATEMENT_EXECUTE|[5]
15:57:34.2 (41760423)|STATEMENT_EXECUTE|[6]
15:57:34.2 (41761485)|STATEMENT_EXECUTE|[7]
15:57:34.2 (41762330)|STATEMENT_EXECUTE|[8]
15:57:34.2 (41763226)|STATEMENT_EXECUTE|[9]
15:57:34.2 (41764114)|STATEMENT_EXECUTE|[10]
15:57:34.2 (41764887)|STATEMENT_EXECUTE|[11]
15:57:34.2 (41765789)|STATEMENT_EXECUTE|[12]
15:57:34.2 (41766785)|STATEMENT_EXECUTE|[13]
15:57:34.2 (41768861)|CONSTRUCTOR_EXIT|[37]|01pBK000001RGBP|<init>()|JobCardsController.JobWrapper
15:57:34.2 (41772195)|VARIABLE_SCOPE_BEGIN|[37]|wrapper|JobCardsController.JobWrapper|true|false
15:57:34.2 (41785099)|VARIABLE_ASSIGNMENT|[37]|wrapper|{}|0x2068091f
15:57:34.2 (41787905)|STATEMENT_EXECUTE|[38]
15:57:34.2 (42047309)|VARIABLE_ASSIGNMENT|[38]|this.Id|"a0KBK00000Gexcs2AB"|0x2068091f
15:57:34.2 (42055190)|STATEMENT_EXECUTE|[39]
15:57:34.2 (42081875)|VARIABLE_ASSIGNMENT|[39]|this.JobPosition|"テスト401求人タイトル求人タイトル求人 (28 more) ..."|0x2068091f
15:57:34.2 (42086470)|STATEMENT_EXECUTE|[40]
15:57:34.2 (42093822)|VARIABLE_ASSIGNMENT|[40]|this.WorkLocation2|"111"|0x2068091f
15:57:34.2 (42096880)|STATEMENT_EXECUTE|[41]
15:57:34.2 (42103354)|VARIABLE_ASSIGNMENT|[41]|this.JobCategory1|"専門職系（コンサルタント/金融/不動産）"|0x2068091f
15:57:34.2 (42106771)|STATEMENT_EXECUTE|[42]
15:57:34.2 (42142561)|VARIABLE_ASSIGNMENT|[42]|this.MaxAnnualSalary|600|0x2068091f
15:57:34.2 (42145574)|STATEMENT_EXECUTE|[43]
15:57:34.2 (42151824)|VARIABLE_ASSIGNMENT|[43]|this.MinAnnualSalary|450|0x2068091f
15:57:34.2 (42154659)|STATEMENT_EXECUTE|[44]
15:57:34.2 (42161566)|VARIABLE_ASSIGNMENT|[44]|this.JobDescription|"テスト401仕事内容仕事内容仕事内容仕事 (30 more) ..."|0x2068091f
15:57:34.2 (42164979)|STATEMENT_EXECUTE|[45]
15:57:34.2 (42194155)|VARIABLE_ASSIGNMENT|[45]|this.LastModifiedDate|"2026-03-17T03:14:00.000Z"|0x2068091f
15:57:34.2 (42197189)|STATEMENT_EXECUTE|[46]
15:57:34.2 (42210094)|VARIABLE_ASSIGNMENT|[46]|this.LastViewedDate|"2026-03-17T06:44:29.000Z"|0x2068091f
15:57:34.2 (42213374)|STATEMENT_EXECUTE|[47]
15:57:34.2 (42270553)|HEAP_ALLOCATE|[47]|Bytes:5
15:57:34.2 (42275900)|VARIABLE_ASSIGNMENT|[47]|this.IsFavorite|true|0x2068091f
15:57:34.2 (42278928)|STATEMENT_EXECUTE|[48]
15:57:34.2 (42301839)|HEAP_ALLOCATE|[EXTERNAL]|Bytes:4
15:57:34.2 (42315679)|HEAP_ALLOCATE|[36]|Bytes:5
15:57:34.2 (42328008)|HEAP_ALLOCATE|[36]|Bytes:40
15:57:34.2 (42334083)|VARIABLE_SCOPE_BEGIN|[36]|j|Job__c|true|false
15:57:34.2 (42394978)|VARIABLE_ASSIGNMENT|[36]|j|{"LastModifiedDate":"2026-03-12T20:14:16.000Z","JobPosition__c":"新潟市(新潟) 法人ルート営業・業界シェ (74 more) ...","WorkLocation2__c":"新潟県新潟市（転勤なし／車通勤可）","LastViewedDate":"2026-03-17T06:44:37.000Z","Id":"a0KBK00000GezgQ2AR","MinAnnualSalary__c":350,"JobDescription__c":"自社開発製造の給配水機器とその関連製品の (25 more) ...","JobCategory1__c":"経営幹部/企画/マーケティング系","MaxAnnualSalary__c":550}|0x5065326f
15:57:34.2 (42402928)|STATEMENT_EXECUTE|[36]
15:57:34.2 (42403775)|STATEMENT_EXECUTE|[37]
15:57:34.2 (42407457)|HEAP_ALLOCATE|[37]|Bytes:44
15:57:34.2 (42413297)|CONSTRUCTOR_ENTRY|[37]|01pBK000001RGBP|<init>()|JobCardsController.JobWrapper
15:57:34.2 (42418571)|VARIABLE_SCOPE_BEGIN|[3]|this|JobCardsController.JobWrapper|true|false
15:57:34.2 (42436308)|VARIABLE_ASSIGNMENT|[3]|this|{}|0x3fd10452
15:57:34.2 (42450138)|STATEMENT_EXECUTE|[3]
15:57:34.2 (42451080)|STATEMENT_EXECUTE|[4]
15:57:34.2 (42451863)|STATEMENT_EXECUTE|[5]
15:57:34.2 (42452933)|STATEMENT_EXECUTE|[6]
15:57:34.2 (42453724)|STATEMENT_EXECUTE|[7]
15:57:34.2 (42454480)|STATEMENT_EXECUTE|[8]
15:57:34.2 (42455243)|STATEMENT_EXECUTE|[9]
15:57:34.2 (42456018)|STATEMENT_EXECUTE|[10]
15:57:34.2 (42456821)|STATEMENT_EXECUTE|[11]
15:57:34.2 (42457698)|STATEMENT_EXECUTE|[12]
15:57:34.2 (42458496)|STATEMENT_EXECUTE|[13]
15:57:34.2 (42460305)|CONSTRUCTOR_EXIT|[37]|01pBK000001RGBP|<init>()|JobCardsController.JobWrapper
15:57:34.2 (42463820)|VARIABLE_SCOPE_BEGIN|[37]|wrapper|JobCardsController.JobWrapper|true|false
15:57:34.2 (42471848)|VARIABLE_ASSIGNMENT|[37]|wrapper|{}|0x3fd10452
15:57:34.2 (42474554)|STATEMENT_EXECUTE|[38]
15:57:34.2 (42536805)|VARIABLE_ASSIGNMENT|[38]|this.Id|"a0KBK00000GezgQ2AR"|0x3fd10452
15:57:34.2 (42539955)|STATEMENT_EXECUTE|[39]
15:57:34.2 (42545325)|VARIABLE_ASSIGNMENT|[39]|this.JobPosition|"新潟市(新潟) 法人ルート営業・業界シェ (74 more) ..."|0x3fd10452
15:57:34.2 (42548527)|STATEMENT_EXECUTE|[40]
15:57:34.2 (42552308)|VARIABLE_ASSIGNMENT|[40]|this.WorkLocation2|"新潟県新潟市（転勤なし／車通勤可）"|0x3fd10452
15:57:34.2 (42555405)|STATEMENT_EXECUTE|[41]
15:57:34.2 (42559059)|VARIABLE_ASSIGNMENT|[41]|this.JobCategory1|"経営幹部/企画/マーケティング系"|0x3fd10452
15:57:34.2 (42561987)|STATEMENT_EXECUTE|[42]
15:57:34.2 (42567170)|VARIABLE_ASSIGNMENT|[42]|this.MaxAnnualSalary|550|0x3fd10452
15:57:34.2 (42569756)|STATEMENT_EXECUTE|[43]
15:57:34.2 (42573015)|VARIABLE_ASSIGNMENT|[43]|this.MinAnnualSalary|350|0x3fd10452
15:57:34.2 (42575668)|STATEMENT_EXECUTE|[44]
15:57:34.2 (42579645)|VARIABLE_ASSIGNMENT|[44]|this.JobDescription|"自社開発製造の給配水機器とその関連製品の (25 more) ..."|0x3fd10452
15:57:34.2 (42582614)|STATEMENT_EXECUTE|[45]
15:57:34.2 (42592226)|VARIABLE_ASSIGNMENT|[45]|this.LastModifiedDate|"2026-03-12T20:14:16.000Z"|0x3fd10452
15:57:34.2 (42595233)|STATEMENT_EXECUTE|[46]
15:57:34.2 (42600913)|VARIABLE_ASSIGNMENT|[46]|this.LastViewedDate|"2026-03-17T06:44:37.000Z"|0x3fd10452
15:57:34.2 (42603661)|STATEMENT_EXECUTE|[47]
15:57:34.2 (42612033)|HEAP_ALLOCATE|[47]|Bytes:5
15:57:34.2 (42615626)|VARIABLE_ASSIGNMENT|[47]|this.IsFavorite|false|0x3fd10452
15:57:34.2 (42618346)|STATEMENT_EXECUTE|[48]
15:57:34.2 (42621703)|HEAP_ALLOCATE|[EXTERNAL]|Bytes:4
15:57:34.2 (42627854)|HEAP_ALLOCATE|[36]|Bytes:5
15:57:34.2 (42633338)|HEAP_ALLOCATE|[36]|Bytes:36
15:57:34.2 (42636524)|VARIABLE_SCOPE_BEGIN|[36]|j|Job__c|true|false
15:57:34.2 (42676370)|VARIABLE_ASSIGNMENT|[36]|j|{"LastModifiedDate":"2026-03-12T05:33:30.000Z","JobPosition__c":"テスト424求人タイトル求人タイトル求人 (28 more) ...","LastViewedDate":"2026-03-17T03:03:54.000Z","Id":"a0KBK00000GexdF2AR","MinAnnualSalary__c":250,"JobDescription__c":"テスト424仕事内容仕事内容仕事内容仕事 (30 more) ...","JobCategory1__c":"技術系（電気/電子/機械）","MaxAnnualSalary__c":350}|0x196b311f
15:57:34.2 (42682942)|STATEMENT_EXECUTE|[36]
15:57:34.2 (42683829)|STATEMENT_EXECUTE|[37]
15:57:34.2 (42685599)|HEAP_ALLOCATE|[37]|Bytes:44
15:57:34.2 (42689017)|CONSTRUCTOR_ENTRY|[37]|01pBK000001RGBP|<init>()|JobCardsController.JobWrapper
15:57:34.2 (42692291)|VARIABLE_SCOPE_BEGIN|[3]|this|JobCardsController.JobWrapper|true|false
15:57:34.2 (42701873)|VARIABLE_ASSIGNMENT|[3]|this|{}|0x5bfd3e23
15:57:34.2 (42709507)|STATEMENT_EXECUTE|[3]
15:57:34.2 (42710379)|STATEMENT_EXECUTE|[4]
15:57:34.2 (42711185)|STATEMENT_EXECUTE|[5]
15:57:34.2 (42711959)|STATEMENT_EXECUTE|[6]
15:57:34.2 (42712717)|STATEMENT_EXECUTE|[7]
15:57:34.2 (42713472)|STATEMENT_EXECUTE|[8]
15:57:34.2 (42714261)|STATEMENT_EXECUTE|[9]
15:57:34.2 (42715027)|STATEMENT_EXECUTE|[10]
15:57:34.2 (42715800)|STATEMENT_EXECUTE|[11]
15:57:34.2 (42716564)|STATEMENT_EXECUTE|[12]
15:57:34.2 (42717322)|STATEMENT_EXECUTE|[13]
15:57:34.2 (42718867)|CONSTRUCTOR_EXIT|[37]|01pBK000001RGBP|<init>()|JobCardsController.JobWrapper
15:57:34.2 (42721832)|VARIABLE_SCOPE_BEGIN|[37]|wrapper|JobCardsController.JobWrapper|true|false
15:57:34.2 (42728857)|VARIABLE_ASSIGNMENT|[37]|wrapper|{}|0x5bfd3e23
15:57:34.2 (42731957)|STATEMENT_EXECUTE|[38]
15:57:34.2 (42759687)|VARIABLE_ASSIGNMENT|[38]|this.Id|"a0KBK00000GexdF2AR"|0x5bfd3e23
15:57:34.2 (42762793)|STATEMENT_EXECUTE|[39]
15:57:34.2 (42767552)|VARIABLE_ASSIGNMENT|[39]|this.JobPosition|"テスト424求人タイトル求人タイトル求人 (28 more) ..."|0x5bfd3e23
15:57:34.2 (42770740)|STATEMENT_EXECUTE|[40]
15:57:34.2 (42774571)|VARIABLE_ASSIGNMENT|[40]|this.WorkLocation2|null|0x5bfd3e23
15:57:34.2 (42777022)|STATEMENT_EXECUTE|[41]
15:57:34.2 (42780393)|VARIABLE_ASSIGNMENT|[41]|this.JobCategory1|"技術系（電気/電子/機械）"|0x5bfd3e23
15:57:34.2 (42783277)|STATEMENT_EXECUTE|[42]
15:57:34.2 (42787304)|VARIABLE_ASSIGNMENT|[42]|this.MaxAnnualSalary|350|0x5bfd3e23
15:57:34.2 (42790043)|STATEMENT_EXECUTE|[43]
15:57:34.2 (42793161)|VARIABLE_ASSIGNMENT|[43]|this.MinAnnualSalary|250|0x5bfd3e23
15:57:34.2 (42795657)|STATEMENT_EXECUTE|[44]
15:57:34.2 (42799353)|VARIABLE_ASSIGNMENT|[44]|this.JobDescription|"テスト424仕事内容仕事内容仕事内容仕事 (30 more) ..."|0x5bfd3e23
15:57:34.2 (42802322)|STATEMENT_EXECUTE|[45]
15:57:34.2 (42809137)|VARIABLE_ASSIGNMENT|[45]|this.LastModifiedDate|"2026-03-12T05:33:30.000Z"|0x5bfd3e23
15:57:34.2 (42811632)|STATEMENT_EXECUTE|[46]
15:57:34.2 (42816628)|VARIABLE_ASSIGNMENT|[46]|this.LastViewedDate|"2026-03-17T03:03:54.000Z"|0x5bfd3e23
15:57:34.2 (42819124)|STATEMENT_EXECUTE|[47]
15:57:34.2 (42825527)|HEAP_ALLOCATE|[47]|Bytes:5
15:57:34.2 (42828649)|VARIABLE_ASSIGNMENT|[47]|this.IsFavorite|false|0x5bfd3e23
15:57:34.2 (42831017)|STATEMENT_EXECUTE|[48]
15:57:34.2 (42833960)|HEAP_ALLOCATE|[EXTERNAL]|Bytes:4
15:57:34.2 (42839639)|HEAP_ALLOCATE|[36]|Bytes:5
15:57:34.2 (42844677)|HEAP_ALLOCATE|[36]|Bytes:32
15:57:34.2 (42847368)|VARIABLE_SCOPE_BEGIN|[36]|j|Job__c|true|false
15:57:34.2 (42877638)|VARIABLE_ASSIGNMENT|[36]|j|{"LastModifiedDate":"2026-03-09T05:51:50.000Z","JobPosition__c":"テスト403求人タイトル求人タイトル求人 (28 more) ...","Id":"a0KBK00000Gexcu2AB","MinAnnualSalary__c":900,"JobDescription__c":"テスト403仕事内容仕事内容仕事内容仕事 (30 more) ...","JobCategory1__c":"営業系","MaxAnnualSalary__c":600}|0x310a0065
15:57:34.2 (42883297)|STATEMENT_EXECUTE|[36]
15:57:34.2 (42884068)|STATEMENT_EXECUTE|[37]
15:57:34.2 (42885597)|HEAP_ALLOCATE|[37]|Bytes:44
15:57:34.2 (42888813)|CONSTRUCTOR_ENTRY|[37]|01pBK000001RGBP|<init>()|JobCardsController.JobWrapper
15:57:34.2 (42891632)|VARIABLE_SCOPE_BEGIN|[3]|this|JobCardsController.JobWrapper|true|false
15:57:34.2 (42900471)|VARIABLE_ASSIGNMENT|[3]|this|{}|0x3bbde4b2
15:57:34.2 (42907205)|STATEMENT_EXECUTE|[3]
15:57:34.2 (42908078)|STATEMENT_EXECUTE|[4]
15:57:34.2 (42908855)|STATEMENT_EXECUTE|[5]
15:57:34.2 (42909629)|STATEMENT_EXECUTE|[6]
15:57:34.2 (42910382)|STATEMENT_EXECUTE|[7]
15:57:34.2 (42911159)|STATEMENT_EXECUTE|[8]
15:57:34.2 (42911919)|STATEMENT_EXECUTE|[9]
15:57:34.2 (42912673)|STATEMENT_EXECUTE|[10]
15:57:34.2 (42913477)|STATEMENT_EXECUTE|[11]
15:57:34.2 (42914240)|STATEMENT_EXECUTE|[12]
15:57:34.2 (42915021)|STATEMENT_EXECUTE|[13]
15:57:34.2 (42916382)|CONSTRUCTOR_EXIT|[37]|01pBK000001RGBP|<init>()|JobCardsController.JobWrapper
15:57:34.2 (42919152)|VARIABLE_SCOPE_BEGIN|[37]|wrapper|JobCardsController.JobWrapper|true|false
15:57:34.2 (42926415)|VARIABLE_ASSIGNMENT|[37]|wrapper|{}|0x3bbde4b2
15:57:34.2 (42929188)|STATEMENT_EXECUTE|[38]
15:57:34.2 (42953112)|VARIABLE_ASSIGNMENT|[38]|this.Id|"a0KBK00000Gexcu2AB"|0x3bbde4b2
15:57:34.2 (42956092)|STATEMENT_EXECUTE|[39]
15:57:34.2 (42960577)|VARIABLE_ASSIGNMENT|[39]|this.JobPosition|"テスト403求人タイトル求人タイトル求人 (28 more) ..."|0x3bbde4b2
15:57:34.2 (42963775)|STATEMENT_EXECUTE|[40]
15:57:34.2 (42966377)|VARIABLE_ASSIGNMENT|[40]|this.WorkLocation2|null|0x3bbde4b2
15:57:34.2 (42969065)|STATEMENT_EXECUTE|[41]
15:57:34.2 (42972078)|VARIABLE_ASSIGNMENT|[41]|this.JobCategory1|"営業系"|0x3bbde4b2
15:57:34.2 (42974806)|STATEMENT_EXECUTE|[42]
15:57:34.2 (42978853)|VARIABLE_ASSIGNMENT|[42]|this.MaxAnnualSalary|600|0x3bbde4b2
15:57:34.2 (42981292)|STATEMENT_EXECUTE|[43]
15:57:34.2 (42984350)|VARIABLE_ASSIGNMENT|[43]|this.MinAnnualSalary|900|0x3bbde4b2
15:57:34.2 (42986807)|STATEMENT_EXECUTE|[44]
15:57:34.2 (42990369)|VARIABLE_ASSIGNMENT|[44]|this.JobDescription|"テスト403仕事内容仕事内容仕事内容仕事 (30 more) ..."|0x3bbde4b2
15:57:34.2 (42993647)|STATEMENT_EXECUTE|[45]
15:57:34.2 (43000297)|VARIABLE_ASSIGNMENT|[45]|this.LastModifiedDate|"2026-03-09T05:51:50.000Z"|0x3bbde4b2
15:57:34.2 (43003615)|STATEMENT_EXECUTE|[46]
15:57:34.2 (43006409)|VARIABLE_ASSIGNMENT|[46]|this.LastViewedDate|null|0x3bbde4b2
15:57:34.2 (43008968)|STATEMENT_EXECUTE|[47]
15:57:34.2 (43014912)|HEAP_ALLOCATE|[47]|Bytes:5
15:57:34.2 (43018021)|VARIABLE_ASSIGNMENT|[47]|this.IsFavorite|false|0x3bbde4b2
15:57:34.2 (43020367)|STATEMENT_EXECUTE|[48]
15:57:34.2 (43022890)|HEAP_ALLOCATE|[EXTERNAL]|Bytes:4
15:57:34.2 (43028196)|HEAP_ALLOCATE|[36]|Bytes:5
15:57:34.2 (43032443)|HEAP_ALLOCATE|[36]|Bytes:32
15:57:34.2 (43035161)|VARIABLE_SCOPE_BEGIN|[36]|j|Job__c|true|false
15:57:34.2 (43063365)|VARIABLE_ASSIGNMENT|[36]|j|{"LastModifiedDate":"2026-03-09T05:51:49.000Z","JobPosition__c":"テスト402求人タイトル求人タイトル求人 (28 more) ...","Id":"a0KBK00000Gexct2AB","MinAnnualSalary__c":500,"JobDescription__c":"テスト402仕事内容仕事内容仕事内容仕事 (30 more) ...","JobCategory1__c":"営業系","MaxAnnualSalary__c":400}|0x3679ccf
15:57:34.2 (43068716)|STATEMENT_EXECUTE|[36]
15:57:34.2 (43069496)|STATEMENT_EXECUTE|[37]
15:57:34.2 (43071096)|HEAP_ALLOCATE|[37]|Bytes:44
15:57:34.2 (43074046)|CONSTRUCTOR_ENTRY|[37]|01pBK000001RGBP|<init>()|JobCardsController.JobWrapper
15:57:34.2 (43077054)|VARIABLE_SCOPE_BEGIN|[3]|this|JobCardsController.JobWrapper|true|false
15:57:34.2 (43085638)|VARIABLE_ASSIGNMENT|[3]|this|{}|0x437bb798
15:57:34.2 (43092209)|STATEMENT_EXECUTE|[3]
15:57:34.2 (43093086)|STATEMENT_EXECUTE|[4]
15:57:34.2 (43093881)|STATEMENT_EXECUTE|[5]
15:57:34.2 (43094726)|STATEMENT_EXECUTE|[6]
15:57:34.2 (43095515)|STATEMENT_EXECUTE|[7]
15:57:34.2 (43096286)|STATEMENT_EXECUTE|[8]
15:57:34.2 (43097046)|STATEMENT_EXECUTE|[9]
15:57:34.2 (43097811)|STATEMENT_EXECUTE|[10]
15:57:34.2 (43098601)|STATEMENT_EXECUTE|[11]
15:57:34.2 (43099361)|STATEMENT_EXECUTE|[12]
15:57:34.2 (43100145)|STATEMENT_EXECUTE|[13]
15:57:34.2 (43101488)|CONSTRUCTOR_EXIT|[37]|01pBK000001RGBP|<init>()|JobCardsController.JobWrapper
15:57:34.2 (43104316)|VARIABLE_SCOPE_BEGIN|[37]|wrapper|JobCardsController.JobWrapper|true|false
15:57:34.2 (43110976)|VARIABLE_ASSIGNMENT|[37]|wrapper|{}|0x437bb798
15:57:34.2 (43113712)|STATEMENT_EXECUTE|[38]
15:57:34.2 (43136069)|VARIABLE_ASSIGNMENT|[38]|this.Id|"a0KBK00000Gexct2AB"|0x437bb798
15:57:34.2 (43139386)|STATEMENT_EXECUTE|[39]
15:57:34.2 (43143816)|VARIABLE_ASSIGNMENT|[39]|this.JobPosition|"テスト402求人タイトル求人タイトル求人 (28 more) ..."|0x437bb798
15:57:34.2 (43147069)|STATEMENT_EXECUTE|[40]
15:57:34.2 (43149545)|VARIABLE_ASSIGNMENT|[40]|this.WorkLocation2|null|0x437bb798
15:57:34.2 (43151911)|STATEMENT_EXECUTE|[41]
15:57:34.2 (43154681)|VARIABLE_ASSIGNMENT|[41]|this.JobCategory1|"営業系"|0x437bb798
15:57:34.2 (43157277)|STATEMENT_EXECUTE|[42]
15:57:34.2 (43161319)|VARIABLE_ASSIGNMENT|[42]|this.MaxAnnualSalary|400|0x437bb798
15:57:34.2 (43163832)|STATEMENT_EXECUTE|[43]
15:57:34.2 (43166916)|VARIABLE_ASSIGNMENT|[43]|this.MinAnnualSalary|500|0x437bb798
15:57:34.2 (43169506)|STATEMENT_EXECUTE|[44]
15:57:34.2 (43173006)|VARIABLE_ASSIGNMENT|[44]|this.JobDescription|"テスト402仕事内容仕事内容仕事内容仕事 (30 more) ..."|0x437bb798
15:57:34.2 (43176100)|STATEMENT_EXECUTE|[45]
15:57:34.2 (43182608)|VARIABLE_ASSIGNMENT|[45]|this.LastModifiedDate|"2026-03-09T05:51:49.000Z"|0x437bb798
15:57:34.2 (43185389)|STATEMENT_EXECUTE|[46]
15:57:34.2 (43187785)|VARIABLE_ASSIGNMENT|[46]|this.LastViewedDate|null|0x437bb798
15:57:34.2 (43190228)|STATEMENT_EXECUTE|[47]
15:57:34.2 (43196038)|HEAP_ALLOCATE|[47]|Bytes:5
15:57:34.2 (43199121)|VARIABLE_ASSIGNMENT|[47]|this.IsFavorite|false|0x437bb798
15:57:34.2 (43204914)|STATEMENT_EXECUTE|[48]
15:57:34.2 (43207448)|HEAP_ALLOCATE|[EXTERNAL]|Bytes:4
15:57:34.2 (43212648)|HEAP_ALLOCATE|[36]|Bytes:5
15:57:34.2 (43216966)|HEAP_ALLOCATE|[36]|Bytes:40
15:57:34.2 (43219516)|VARIABLE_SCOPE_BEGIN|[36]|j|Job__c|true|false
15:57:34.2 (43255439)|VARIABLE_ASSIGNMENT|[36]|j|{"LastModifiedDate":"2026-03-06T01:15:09.000Z","JobPosition__c":"千代田区(東京) 設備積算・大手サブコン (18 more) ...","WorkLocation2__c":"東京都千代田区","LastViewedDate":"2026-03-17T05:57:19.000Z","Id":"a0KBK00000GezgH2AR","MinAnnualSalary__c":400,"JobDescription__c":"事務所ビルや商業施設、工場など、多様な建 (105 more) ...","JobCategory1__c":"営業系","MaxAnnualSalary__c":650}|0x7a682086
15:57:34.2 (43261976)|STATEMENT_EXECUTE|[36]
15:57:34.2 (43262763)|STATEMENT_EXECUTE|[37]
15:57:34.2 (43264230)|HEAP_ALLOCATE|[37]|Bytes:44
15:57:34.2 (43267081)|CONSTRUCTOR_ENTRY|[37]|01pBK000001RGBP|<init>()|JobCardsController.JobWrapper
15:57:34.2 (43270016)|VARIABLE_SCOPE_BEGIN|[3]|this|JobCardsController.JobWrapper|true|false
15:57:34.2 (43278917)|VARIABLE_ASSIGNMENT|[3]|this|{}|0x74bfd831
15:57:34.2 (43285322)|STATEMENT_EXECUTE|[3]
15:57:34.2 (43286193)|STATEMENT_EXECUTE|[4]
15:57:34.2 (43286986)|STATEMENT_EXECUTE|[5]
15:57:34.2 (43287815)|STATEMENT_EXECUTE|[6]
15:57:34.2 (43288589)|STATEMENT_EXECUTE|[7]
15:57:34.2 (43289356)|STATEMENT_EXECUTE|[8]
15:57:34.2 (43290120)|STATEMENT_EXECUTE|[9]
15:57:34.2 (43290888)|STATEMENT_EXECUTE|[10]
15:57:34.2 (43291668)|STATEMENT_EXECUTE|[11]
15:57:34.2 (43292542)|STATEMENT_EXECUTE|[12]
15:57:34.2 (43293338)|STATEMENT_EXECUTE|[13]
15:57:34.2 (43294678)|CONSTRUCTOR_EXIT|[37]|01pBK000001RGBP|<init>()|JobCardsController.JobWrapper
15:57:34.2 (43297400)|VARIABLE_SCOPE_BEGIN|[37]|wrapper|JobCardsController.JobWrapper|true|false
15:57:34.2 (43304095)|VARIABLE_ASSIGNMENT|[37]|wrapper|{}|0x74bfd831
15:57:34.2 (43307027)|STATEMENT_EXECUTE|[38]
15:57:34.2 (43329123)|VARIABLE_ASSIGNMENT|[38]|this.Id|"a0KBK00000GezgH2AR"|0x74bfd831
15:57:34.2 (43332373)|STATEMENT_EXECUTE|[39]
15:57:34.2 (43336772)|VARIABLE_ASSIGNMENT|[39]|this.JobPosition|"千代田区(東京) 設備積算・大手サブコン (18 more) ..."|0x74bfd831
15:57:34.2 (43340201)|STATEMENT_EXECUTE|[40]
15:57:34.2 (43343556)|VARIABLE_ASSIGNMENT|[40]|this.WorkLocation2|"東京都千代田区"|0x74bfd831
15:57:34.2 (43346353)|STATEMENT_EXECUTE|[41]
15:57:34.2 (43349126)|VARIABLE_ASSIGNMENT|[41]|this.JobCategory1|"営業系"|0x74bfd831
15:57:34.2 (43351783)|STATEMENT_EXECUTE|[42]
15:57:34.2 (43355750)|VARIABLE_ASSIGNMENT|[42]|this.MaxAnnualSalary|650|0x74bfd831
15:57:34.2 (43358433)|STATEMENT_EXECUTE|[43]
15:57:34.2 (43361812)|VARIABLE_ASSIGNMENT|[43]|this.MinAnnualSalary|400|0x74bfd831
15:57:34.2 (43364207)|STATEMENT_EXECUTE|[44]
15:57:34.2 (43367901)|VARIABLE_ASSIGNMENT|[44]|this.JobDescription|"事務所ビルや商業施設、工場など、多様な建 (105 more) ..."|0x74bfd831
15:57:34.2 (43370741)|STATEMENT_EXECUTE|[45]
15:57:34.2 (43377227)|VARIABLE_ASSIGNMENT|[45]|this.LastModifiedDate|"2026-03-06T01:15:09.000Z"|0x74bfd831
15:57:34.2 (43380019)|STATEMENT_EXECUTE|[46]
15:57:34.2 (43385069)|VARIABLE_ASSIGNMENT|[46]|this.LastViewedDate|"2026-03-17T05:57:19.000Z"|0x74bfd831
15:57:34.2 (43387546)|STATEMENT_EXECUTE|[47]
15:57:34.2 (43393476)|HEAP_ALLOCATE|[47]|Bytes:5
15:57:34.2 (43396550)|VARIABLE_ASSIGNMENT|[47]|this.IsFavorite|false|0x74bfd831
15:57:34.2 (43398955)|STATEMENT_EXECUTE|[48]
15:57:34.2 (43401400)|HEAP_ALLOCATE|[EXTERNAL]|Bytes:4
15:57:34.2 (43406376)|HEAP_ALLOCATE|[36]|Bytes:5
15:57:34.2 (43410602)|HEAP_ALLOCATE|[36]|Bytes:40
15:57:34.2 (43413155)|VARIABLE_SCOPE_BEGIN|[36]|j|Job__c|true|false
15:57:34.2 (43447167)|VARIABLE_ASSIGNMENT|[36]|j|{"LastModifiedDate":"2026-03-04T02:02:48.000Z","JobPosition__c":"テスト451求人タイトル求人タイトル求人 (235 more) ...","WorkLocation2__c":"444444","LastViewedDate":"2026-03-03T02:49:01.000Z","Id":"a0KBK00000Gexdg2AB","MinAnnualSalary__c":0,"JobDescription__c":"テスト451仕事内容仕事内容仕事内容仕事 (230 more) ...","JobCategory1__c":"経営幹部/企画/マーケティング系","MaxAnnualSalary__c":0}|0x3acb151d
15:57:34.2 (43453463)|STATEMENT_EXECUTE|[36]
15:57:34.2 (43454295)|STATEMENT_EXECUTE|[37]
15:57:34.2 (43455865)|HEAP_ALLOCATE|[37]|Bytes:44
15:57:34.2 (43458688)|CONSTRUCTOR_ENTRY|[37]|01pBK000001RGBP|<init>()|JobCardsController.JobWrapper
15:57:34.2 (43461739)|VARIABLE_SCOPE_BEGIN|[3]|this|JobCardsController.JobWrapper|true|false
15:57:34.2 (43470469)|VARIABLE_ASSIGNMENT|[3]|this|{}|0x4601fca3
15:57:34.2 (43477017)|STATEMENT_EXECUTE|[3]
15:57:34.2 (43477851)|STATEMENT_EXECUTE|[4]
15:57:34.2 (43478640)|STATEMENT_EXECUTE|[5]
15:57:34.2 (43479455)|STATEMENT_EXECUTE|[6]
15:57:34.2 (43480238)|STATEMENT_EXECUTE|[7]
15:57:34.2 (43481075)|STATEMENT_EXECUTE|[8]
15:57:34.2 (43481875)|STATEMENT_EXECUTE|[9]
15:57:34.2 (43482655)|STATEMENT_EXECUTE|[10]
15:57:34.2 (43483459)|STATEMENT_EXECUTE|[11]
15:57:34.2 (43484267)|STATEMENT_EXECUTE|[12]
15:57:34.2 (43485059)|STATEMENT_EXECUTE|[13]
15:57:34.2 (43486354)|CONSTRUCTOR_EXIT|[37]|01pBK000001RGBP|<init>()|JobCardsController.JobWrapper
15:57:34.2 (43489088)|VARIABLE_SCOPE_BEGIN|[37]|wrapper|JobCardsController.JobWrapper|true|false
15:57:34.2 (43496091)|VARIABLE_ASSIGNMENT|[37]|wrapper|{}|0x4601fca3
15:57:34.2 (43498616)|STATEMENT_EXECUTE|[38]
15:57:34.2 (43520256)|VARIABLE_ASSIGNMENT|[38]|this.Id|"a0KBK00000Gexdg2AB"|0x4601fca3
15:57:34.2 (43523542)|STATEMENT_EXECUTE|[39]
15:57:34.2 (43527968)|VARIABLE_ASSIGNMENT|[39]|this.JobPosition|"テスト451求人タイトル求人タイトル求人 (235 more) ..."|0x4601fca3
15:57:34.2 (43531122)|STATEMENT_EXECUTE|[40]
15:57:34.2 (43534100)|VARIABLE_ASSIGNMENT|[40]|this.WorkLocation2|"444444"|0x4601fca3
15:57:34.2 (43536537)|STATEMENT_EXECUTE|[41]
15:57:34.2 (43539760)|VARIABLE_ASSIGNMENT|[41]|this.JobCategory1|"経営幹部/企画/マーケティング系"|0x4601fca3
15:57:34.2 (43542611)|STATEMENT_EXECUTE|[42]
15:57:34.2 (43561761)|HEAP_ALLOCATE|[42]|Bytes:28
15:57:34.2 (43567130)|VARIABLE_ASSIGNMENT|[42]|this.MaxAnnualSalary|0|0x4601fca3
15:57:34.2 (43569780)|STATEMENT_EXECUTE|[43]
15:57:34.2 (43572322)|HEAP_ALLOCATE|[43]|Bytes:28
15:57:34.2 (43575481)|VARIABLE_ASSIGNMENT|[43]|this.MinAnnualSalary|0|0x4601fca3
15:57:34.2 (43577882)|STATEMENT_EXECUTE|[44]
15:57:34.2 (43581625)|VARIABLE_ASSIGNMENT|[44]|this.JobDescription|"テスト451仕事内容仕事内容仕事内容仕事 (230 more) ..."|0x4601fca3
15:57:34.2 (43584580)|STATEMENT_EXECUTE|[45]
15:57:34.2 (43590837)|VARIABLE_ASSIGNMENT|[45]|this.LastModifiedDate|"2026-03-04T02:02:48.000Z"|0x4601fca3
15:57:34.2 (43593545)|STATEMENT_EXECUTE|[46]
15:57:34.2 (43598190)|VARIABLE_ASSIGNMENT|[46]|this.LastViewedDate|"2026-03-03T02:49:01.000Z"|0x4601fca3
15:57:34.2 (43600791)|STATEMENT_EXECUTE|[47]
15:57:34.2 (43606607)|HEAP_ALLOCATE|[47]|Bytes:5
15:57:34.2 (43609622)|VARIABLE_ASSIGNMENT|[47]|this.IsFavorite|false|0x4601fca3
15:57:34.2 (43612312)|STATEMENT_EXECUTE|[48]
15:57:34.2 (43614838)|HEAP_ALLOCATE|[EXTERNAL]|Bytes:4
15:57:34.2 (43620160)|HEAP_ALLOCATE|[36]|Bytes:5
15:57:34.2 (43624570)|HEAP_ALLOCATE|[36]|Bytes:36
15:57:34.2 (43627255)|VARIABLE_SCOPE_BEGIN|[36]|j|Job__c|true|false
15:57:34.2 (43659252)|VARIABLE_ASSIGNMENT|[36]|j|{"LastModifiedDate":"2026-02-06T01:25:17.000Z","JobPosition__c":"テスト467求人タイトル求人タイトル求人 (28 more) ...","LastViewedDate":"2026-03-03T09:55:23.000Z","Id":"a0KBK00000Gexdw2AB","MinAnnualSalary__c":216,"JobDescription__c":"テスト467仕事内容仕事内容仕事内容仕事 (30 more) ...","JobCategory1__c":"管理部門/事務系","MaxAnnualSalary__c":0}|0x5ba32309
15:57:34.2 (43664943)|STATEMENT_EXECUTE|[36]
15:57:34.2 (43665723)|STATEMENT_EXECUTE|[37]
15:57:34.2 (43667182)|HEAP_ALLOCATE|[37]|Bytes:44
15:57:34.2 (43669869)|CONSTRUCTOR_ENTRY|[37]|01pBK000001RGBP|<init>()|JobCardsController.JobWrapper
15:57:34.2 (43673102)|VARIABLE_SCOPE_BEGIN|[3]|this|JobCardsController.JobWrapper|true|false
15:57:34.2 (43682246)|VARIABLE_ASSIGNMENT|[3]|this|{}|0x124d08a5
15:57:34.2 (43689324)|STATEMENT_EXECUTE|[3]
15:57:34.2 (43690179)|STATEMENT_EXECUTE|[4]
15:57:34.2 (43690984)|STATEMENT_EXECUTE|[5]
15:57:34.2 (43691795)|STATEMENT_EXECUTE|[6]
15:57:34.2 (43692626)|STATEMENT_EXECUTE|[7]
15:57:34.2 (43693400)|STATEMENT_EXECUTE|[8]
15:57:34.2 (43694149)|STATEMENT_EXECUTE|[9]
15:57:34.2 (43694899)|STATEMENT_EXECUTE|[10]
15:57:34.2 (43695659)|STATEMENT_EXECUTE|[11]
15:57:34.2 (43696427)|STATEMENT_EXECUTE|[12]
15:57:34.2 (43697246)|STATEMENT_EXECUTE|[13]
15:57:34.2 (43698985)|CONSTRUCTOR_EXIT|[37]|01pBK000001RGBP|<init>()|JobCardsController.JobWrapper
15:57:34.2 (43701821)|VARIABLE_SCOPE_BEGIN|[37]|wrapper|JobCardsController.JobWrapper|true|false
15:57:34.2 (43708694)|VARIABLE_ASSIGNMENT|[37]|wrapper|{}|0x124d08a5
15:57:34.2 (43711333)|STATEMENT_EXECUTE|[38]
15:57:34.2 (43734686)|VARIABLE_ASSIGNMENT|[38]|this.Id|"a0KBK00000Gexdw2AB"|0x124d08a5
15:57:34.2 (43737528)|STATEMENT_EXECUTE|[39]
15:57:34.2 (43742130)|VARIABLE_ASSIGNMENT|[39]|this.JobPosition|"テスト467求人タイトル求人タイトル求人 (28 more) ..."|0x124d08a5
15:57:34.2 (43745305)|STATEMENT_EXECUTE|[40]
15:57:34.2 (43748191)|VARIABLE_ASSIGNMENT|[40]|this.WorkLocation2|null|0x124d08a5
15:57:34.2 (43750644)|STATEMENT_EXECUTE|[41]
15:57:34.2 (43753703)|VARIABLE_ASSIGNMENT|[41]|this.JobCategory1|"管理部門/事務系"|0x124d08a5
15:57:34.2 (43756706)|STATEMENT_EXECUTE|[42]
15:57:34.2 (43759904)|HEAP_ALLOCATE|[42]|Bytes:28
15:57:34.2 (43763346)|VARIABLE_ASSIGNMENT|[42]|this.MaxAnnualSalary|0|0x124d08a5
15:57:34.2 (43765954)|STATEMENT_EXECUTE|[43]
15:57:34.2 (43769095)|VARIABLE_ASSIGNMENT|[43]|this.MinAnnualSalary|216|0x124d08a5
15:57:34.2 (43771529)|STATEMENT_EXECUTE|[44]
15:57:34.2 (43775104)|VARIABLE_ASSIGNMENT|[44]|this.JobDescription|"テスト467仕事内容仕事内容仕事内容仕事 (30 more) ..."|0x124d08a5
15:57:34.2 (43777894)|STATEMENT_EXECUTE|[45]
15:57:34.2 (43784348)|VARIABLE_ASSIGNMENT|[45]|this.LastModifiedDate|"2026-02-06T01:25:17.000Z"|0x124d08a5
15:57:34.2 (43787069)|STATEMENT_EXECUTE|[46]
15:57:34.2 (43791604)|VARIABLE_ASSIGNMENT|[46]|this.LastViewedDate|"2026-03-03T09:55:23.000Z"|0x124d08a5
15:57:34.2 (43794130)|STATEMENT_EXECUTE|[47]
15:57:34.2 (43800076)|HEAP_ALLOCATE|[47]|Bytes:5
15:57:34.2 (43803189)|VARIABLE_ASSIGNMENT|[47]|this.IsFavorite|false|0x124d08a5
15:57:34.2 (43805634)|STATEMENT_EXECUTE|[48]
15:57:34.2 (43808132)|HEAP_ALLOCATE|[EXTERNAL]|Bytes:4
15:57:34.2 (43813344)|HEAP_ALLOCATE|[36]|Bytes:5
15:57:34.2 (43817487)|HEAP_ALLOCATE|[36]|Bytes:36
15:57:34.2 (43820119)|VARIABLE_SCOPE_BEGIN|[36]|j|Job__c|true|false
15:57:34.2 (43851216)|VARIABLE_ASSIGNMENT|[36]|j|{"LastModifiedDate":"2026-02-05T00:50:25.000Z","JobPosition__c":"テスト297求人タイトル求人タイトル求人 (28 more) ...","LastViewedDate":"2026-03-03T09:55:10.000Z","Id":"a0KBK00000Gezpx2AB","MinAnnualSalary__c":350,"JobDescription__c":"テスト297仕事内容仕事内容仕事内容仕事 (30 more) ...","JobCategory1__c":"IT系（ソフトウェア/ネットワーク）","MaxAnnualSalary__c":600}|0x641d5d56
15:57:34.2 (43856999)|STATEMENT_EXECUTE|[36]
15:57:34.2 (43857779)|STATEMENT_EXECUTE|[37]
15:57:34.2 (43859415)|HEAP_ALLOCATE|[37]|Bytes:44
15:57:34.2 (43862219)|CONSTRUCTOR_ENTRY|[37]|01pBK000001RGBP|<init>()|JobCardsController.JobWrapper
15:57:34.2 (43865209)|VARIABLE_SCOPE_BEGIN|[3]|this|JobCardsController.JobWrapper|true|false
15:57:34.2 (43874124)|VARIABLE_ASSIGNMENT|[3]|this|{}|0xc14ba03
15:57:34.2 (43880752)|STATEMENT_EXECUTE|[3]
15:57:34.2 (43881574)|STATEMENT_EXECUTE|[4]
15:57:34.2 (43882363)|STATEMENT_EXECUTE|[5]
15:57:34.2 (43883189)|STATEMENT_EXECUTE|[6]
15:57:34.2 (43884044)|STATEMENT_EXECUTE|[7]
15:57:34.2 (43884819)|STATEMENT_EXECUTE|[8]
15:57:34.2 (43885587)|STATEMENT_EXECUTE|[9]
15:57:34.2 (43886348)|STATEMENT_EXECUTE|[10]
15:57:34.2 (43887132)|STATEMENT_EXECUTE|[11]
15:57:34.2 (43887898)|STATEMENT_EXECUTE|[12]
15:57:34.2 (43888675)|STATEMENT_EXECUTE|[13]
15:57:34.2 (43890065)|CONSTRUCTOR_EXIT|[37]|01pBK000001RGBP|<init>()|JobCardsController.JobWrapper
15:57:34.2 (43892894)|VARIABLE_SCOPE_BEGIN|[37]|wrapper|JobCardsController.JobWrapper|true|false
15:57:34.2 (43899593)|VARIABLE_ASSIGNMENT|[37]|wrapper|{}|0xc14ba03
15:57:34.2 (43902179)|STATEMENT_EXECUTE|[38]
15:57:34.2 (43924530)|VARIABLE_ASSIGNMENT|[38]|this.Id|"a0KBK00000Gezpx2AB"|0xc14ba03
15:57:34.2 (43927565)|STATEMENT_EXECUTE|[39]
15:57:34.2 (43932216)|VARIABLE_ASSIGNMENT|[39]|this.JobPosition|"テスト297求人タイトル求人タイトル求人 (28 more) ..."|0xc14ba03
15:57:34.2 (43936632)|STATEMENT_EXECUTE|[40]
15:57:34.2 (43939342)|VARIABLE_ASSIGNMENT|[40]|this.WorkLocation2|null|0xc14ba03
15:57:34.2 (43941740)|STATEMENT_EXECUTE|[41]
15:57:34.2 (43945074)|VARIABLE_ASSIGNMENT|[41]|this.JobCategory1|"IT系（ソフトウェア/ネットワーク）"|0xc14ba03
15:57:34.2 (43948189)|STATEMENT_EXECUTE|[42]
15:57:34.2 (43952341)|VARIABLE_ASSIGNMENT|[42]|this.MaxAnnualSalary|600|0xc14ba03
15:57:34.2 (43955009)|STATEMENT_EXECUTE|[43]
15:57:34.2 (43958161)|VARIABLE_ASSIGNMENT|[43]|this.MinAnnualSalary|350|0xc14ba03
15:57:34.2 (43960657)|STATEMENT_EXECUTE|[44]
15:57:34.2 (43964157)|VARIABLE_ASSIGNMENT|[44]|this.JobDescription|"テスト297仕事内容仕事内容仕事内容仕事 (30 more) ..."|0xc14ba03
15:57:34.2 (43967216)|STATEMENT_EXECUTE|[45]
15:57:34.2 (43973814)|VARIABLE_ASSIGNMENT|[45]|this.LastModifiedDate|"2026-02-05T00:50:25.000Z"|0xc14ba03
15:57:34.2 (43976488)|STATEMENT_EXECUTE|[46]
15:57:34.2 (43981330)|VARIABLE_ASSIGNMENT|[46]|this.LastViewedDate|"2026-03-03T09:55:10.000Z"|0xc14ba03
15:57:34.2 (43984055)|STATEMENT_EXECUTE|[47]
15:57:34.2 (43989811)|HEAP_ALLOCATE|[47]|Bytes:5
15:57:34.2 (43992771)|VARIABLE_ASSIGNMENT|[47]|this.IsFavorite|false|0xc14ba03
15:57:34.2 (43995279)|STATEMENT_EXECUTE|[48]
15:57:34.2 (43997772)|HEAP_ALLOCATE|[EXTERNAL]|Bytes:4
15:57:34.2 (44003013)|HEAP_ALLOCATE|[36]|Bytes:5
15:57:34.2 (44007679)|HEAP_ALLOCATE|[36]|Bytes:32
15:57:34.2 (44010257)|VARIABLE_SCOPE_BEGIN|[36]|j|Job__c|true|false
15:57:34.2 (44084744)|VARIABLE_ASSIGNMENT|[36]|j|{"LastModifiedDate":"2026-02-05T00:49:22.000Z","JobPosition__c":"テスト407求人タイトル求人タイトル求人 (28 more) ...","Id":"a0KBK00000Gexcy2AB","MinAnnualSalary__c":350,"JobDescription__c":"テスト407仕事内容仕事内容仕事内容仕事 (30 more) ...","JobCategory1__c":"営業系","MaxAnnualSalary__c":450}|0x5fca3d43
15:57:34.2 (44091063)|STATEMENT_EXECUTE|[36]
15:57:34.2 (44091982)|STATEMENT_EXECUTE|[37]
15:57:34.2 (44093817)|HEAP_ALLOCATE|[37]|Bytes:44
15:57:34.2 (44097485)|CONSTRUCTOR_ENTRY|[37]|01pBK000001RGBP|<init>()|JobCardsController.JobWrapper
15:57:34.2 (44100995)|VARIABLE_SCOPE_BEGIN|[3]|this|JobCardsController.JobWrapper|true|false
15:57:34.2 (44111179)|VARIABLE_ASSIGNMENT|[3]|this|{}|0x6e085e0
15:57:34.2 (44118150)|STATEMENT_EXECUTE|[3]
15:57:34.2 (44119128)|STATEMENT_EXECUTE|[4]
15:57:34.2 (44119943)|STATEMENT_EXECUTE|[5]
15:57:34.2 (44120743)|STATEMENT_EXECUTE|[6]
15:57:34.2 (44121543)|STATEMENT_EXECUTE|[7]
15:57:34.2 (44122335)|STATEMENT_EXECUTE|[8]
15:57:34.2 (44123075)|STATEMENT_EXECUTE|[9]
15:57:34.2 (44123840)|STATEMENT_EXECUTE|[10]
15:57:34.2 (44124625)|STATEMENT_EXECUTE|[11]
15:57:34.2 (44125440)|STATEMENT_EXECUTE|[12]
15:57:34.2 (44126184)|STATEMENT_EXECUTE|[13]
15:57:34.2 (44127548)|CONSTRUCTOR_EXIT|[37]|01pBK000001RGBP|<init>()|JobCardsController.JobWrapper
15:57:34.2 (44130617)|VARIABLE_SCOPE_BEGIN|[37]|wrapper|JobCardsController.JobWrapper|true|false
15:57:34.2 (44137332)|VARIABLE_ASSIGNMENT|[37]|wrapper|{}|0x6e085e0
15:57:34.2 (44139882)|STATEMENT_EXECUTE|[38]
15:57:34.2 (44166430)|VARIABLE_ASSIGNMENT|[38]|this.Id|"a0KBK00000Gexcy2AB"|0x6e085e0
15:57:34.2 (44169435)|STATEMENT_EXECUTE|[39]
15:57:34.2 (44173848)|VARIABLE_ASSIGNMENT|[39]|this.JobPosition|"テスト407求人タイトル求人タイトル求人 (28 more) ..."|0x6e085e0
15:57:34.2 (44180560)|STATEMENT_EXECUTE|[40]
15:57:34.2 (44183393)|VARIABLE_ASSIGNMENT|[40]|this.WorkLocation2|null|0x6e085e0
15:57:34.2 (44185965)|STATEMENT_EXECUTE|[41]
15:57:34.2 (44188983)|VARIABLE_ASSIGNMENT|[41]|this.JobCategory1|"営業系"|0x6e085e0
15:57:34.2 (44191660)|STATEMENT_EXECUTE|[42]
15:57:34.2 (44196207)|VARIABLE_ASSIGNMENT|[42]|this.MaxAnnualSalary|450|0x6e085e0
15:57:34.2 (44198778)|STATEMENT_EXECUTE|[43]
15:57:34.2 (44201995)|VARIABLE_ASSIGNMENT|[43]|this.MinAnnualSalary|350|0x6e085e0
15:57:34.2 (44204407)|STATEMENT_EXECUTE|[44]
15:57:34.2 (44208113)|VARIABLE_ASSIGNMENT|[44]|this.JobDescription|"テスト407仕事内容仕事内容仕事内容仕事 (30 more) ..."|0x6e085e0
15:57:34.2 (44211052)|STATEMENT_EXECUTE|[45]
15:57:34.2 (44218101)|VARIABLE_ASSIGNMENT|[45]|this.LastModifiedDate|"2026-02-05T00:49:22.000Z"|0x6e085e0
15:57:34.2 (44220908)|STATEMENT_EXECUTE|[46]
15:57:34.2 (44223448)|VARIABLE_ASSIGNMENT|[46]|this.LastViewedDate|null|0x6e085e0
15:57:34.2 (44226051)|STATEMENT_EXECUTE|[47]
15:57:34.2 (44232083)|HEAP_ALLOCATE|[47]|Bytes:5
15:57:34.2 (44235158)|VARIABLE_ASSIGNMENT|[47]|this.IsFavorite|false|0x6e085e0
15:57:34.2 (44237506)|STATEMENT_EXECUTE|[48]
15:57:34.2 (44240578)|HEAP_ALLOCATE|[EXTERNAL]|Bytes:4
15:57:34.2 (44246113)|HEAP_ALLOCATE|[36]|Bytes:5
15:57:34.2 (44251550)|VARIABLE_ASSIGNMENT|[36]|j|null|
15:57:34.2 (44255396)|STATEMENT_EXECUTE|[50]
15:57:34.44 (44318381)|CUMULATIVE_LIMIT_USAGE
15:57:34.44 (44318381)|LIMIT_USAGE_FOR_NS|(default)|
  Number of SOQL queries: 2 out of 100
  Number of query rows: 11 out of 50000
  Number of SOSL queries: 0 out of 20
  Number of DML statements: 0 out of 150
  Number of Publish Immediate DML: 0 out of 150
  Number of DML rows: 0 out of 10000
  Maximum CPU time: 0 out of 10000
  Maximum heap size: 0 out of 6000000
  Number of callouts: 0 out of 100
  Number of Email Invocations: 0 out of 10
  Number of future calls: 0 out of 50
  Number of queueable jobs added to the queue: 0 out of 50
  Number of Mobile Apex push calls: 0 out of 10

15:57:34.44 (44318381)|CUMULATIVE_LIMIT_USAGE_END

15:57:34.2 (44355017)|CODE_UNIT_FINISHED|JobCardsController.getJobs()
15:57:34.2 (44508457)|CODE_UNIT_FINISHED|apex://JobCardsController/ACTION$getJobs
15:57:34.2 (44513129)|EXECUTION_FINISHED
