66.0 APEX_CODE,FINEST;APEX_PROFILING,INFO;CALLOUT,INFO;DATA_ACCESS,INFO;DB,INFO;NBA,INFO;SYSTEM,DEBUG;VALIDATION,INFO;VISUALFORCE,INFO;WAVE,INFO;WORKFLOW,INFO
10:54:39.0 (217708)|USER_INFO|[EXTERNAL]|005BK00000Ilvi1|foryoze@owleyes.ch.hurex|(GMT+09:00) 日本標準時 (Asia/Tokyo)|GMT+09:00
10:54:39.0 (301250)|EXECUTION_STARTED
10:54:39.0 (315487)|CODE_UNIT_STARTED|[EXTERNAL]|apex://RegistrationInfoController/ACTION$getEmploymentPicklistValues
10:54:39.0 (2637169)|CODE_UNIT_STARTED|[EXTERNAL]|01pBK000001mgyr|RegistrationInfoController.getEmploymentPicklistValues()
10:54:39.0 (2967206)|HEAP_ALLOCATE|[95]|Bytes:3
10:54:39.0 (3094426)|HEAP_ALLOCATE|[100]|Bytes:152
10:54:39.0 (3112364)|HEAP_ALLOCATE|[417]|Bytes:408
10:54:39.0 (3123384)|HEAP_ALLOCATE|[430]|Bytes:408
10:54:39.0 (3143923)|HEAP_ALLOCATE|[317]|Bytes:6
10:54:39.0 (3156139)|HEAP_ALLOCATE|[EXTERNAL]|Bytes:23
10:54:39.0 (3160946)|HEAP_ALLOCATE|[EXTERNAL]|Bytes:37
10:54:39.0 (3164316)|HEAP_ALLOCATE|[EXTERNAL]|Bytes:7
10:54:39.0 (3177255)|METHOD_ENTRY|[5]|01pBK000001mgyr|RegistrationInfoController.RegistrationInfoController()
10:54:39.0 (3183503)|STATEMENT_EXECUTE|[5]
10:54:39.0 (3187425)|STATEMENT_EXECUTE|[5]
10:54:39.0 (3206407)|HEAP_ALLOCATE|[68]|Bytes:5
10:54:39.0 (3229946)|HEAP_ALLOCATE|[74]|Bytes:5
10:54:39.0 (3234857)|HEAP_ALLOCATE|[82]|Bytes:7
10:54:39.0 (3408120)|HEAP_ALLOCATE|[EXTERNAL]|Bytes:5
10:54:39.0 (3412318)|STATEMENT_EXECUTE|[8]
10:54:39.0 (3422818)|METHOD_EXIT|[5]|RegistrationInfoController
10:54:39.0 (3435931)|HEAP_ALLOCATE|[124]|Bytes:5
10:54:39.0 (3439931)|STATEMENT_EXECUTE|[122]
10:54:39.0 (3441615)|STATEMENT_EXECUTE|[124]
10:54:39.0 (3444138)|HEAP_ALLOCATE|[124]|Bytes:7
10:54:39.0 (3447928)|HEAP_ALLOCATE|[124]|Bytes:20
10:54:39.0 (4055582)|METHOD_ENTRY|[124]|01pBK000001mgyr|RegistrationInfoController.getPicklistValuesWithoutEmpty(Schema.SObjectField)
10:54:39.0 (4097963)|VARIABLE_SCOPE_BEGIN|[150]|field|Schema.SObjectField|true|false
10:54:39.0 (4339223)|VARIABLE_ASSIGNMENT|[150]|field|"common.apex.runtime.impl.ApexFieldToken@3a89a2b"|0x3a89a2b
10:54:39.0 (4355725)|HEAP_ALLOCATE|[151]|Bytes:5
10:54:39.0 (4360808)|STATEMENT_EXECUTE|[150]
10:54:39.0 (4362175)|STATEMENT_EXECUTE|[151]
10:54:39.0 (4382543)|HEAP_ALLOCATE|[151]|Bytes:4
10:54:39.0 (4418423)|VARIABLE_SCOPE_BEGIN|[151]|options|List<Map<String,String>>|true|false
10:54:39.0 (4467908)|HEAP_ALLOCATE|[EXTERNAL]|Bytes:4
10:54:39.0 (4486281)|VARIABLE_ASSIGNMENT|[151]|options|[]|0x1808ab20
10:54:39.0 (4491421)|STATEMENT_EXECUTE|[152]
10:54:39.0 (4492696)|STATEMENT_EXECUTE|[152]
10:54:39.0 (4494261)|STATEMENT_EXECUTE|[153]
10:54:39.0 (4542091)|SYSTEM_MODE_ENTER|true
10:54:39.0 (7687091)|HEAP_ALLOCATE|[EXTERNAL]|Bytes:4
10:54:39.0 (7797908)|HEAP_ALLOCATE|[153]|Bytes:8
10:54:39.0 (7824948)|VARIABLE_SCOPE_BEGIN|[153]|fieldResult|Schema.DescribeFieldResult|true|false
10:54:39.0 (9508822)|VARIABLE_ASSIGNMENT|[153]|fieldResult|"common.api.soap.wsdl.Field@671928b9"|0x4e25e706
10:54:39.0 (9584029)|HEAP_ALLOCATE|[EXTERNAL]|Bytes:16
10:54:39.0 (9668983)|HEAP_ALLOCATE|[154]|Bytes:16
10:54:39.0 (9926887)|HEAP_ALLOCATE|[154]|Bytes:5
10:54:39.0 (9949329)|HEAP_ALLOCATE|[154]|Bytes:4
10:54:39.0 (9955976)|VARIABLE_SCOPE_BEGIN|[154]|entry|Schema.PicklistEntry|true|false
10:54:39.0 (9975114)|VARIABLE_ASSIGNMENT|[154]|entry|就業中|0x29c0579b
10:54:39.0 (9981989)|STATEMENT_EXECUTE|[154]
10:54:39.0 (9983108)|STATEMENT_EXECUTE|[155]
10:54:39.0 (9998369)|HEAP_ALLOCATE|[155]|Bytes:4
10:54:39.0 (10010330)|VARIABLE_SCOPE_BEGIN|[155]|option|Map<String,String>|true|false
10:54:39.0 (10030354)|VARIABLE_ASSIGNMENT|[155]|option|{}|0x4c033bee
10:54:39.0 (10033220)|STATEMENT_EXECUTE|[156]
10:54:39.0 (10037161)|HEAP_ALLOCATE|[156]|Bytes:5
10:54:39.0 (10053448)|HEAP_ALLOCATE|[156]|Bytes:3
10:54:39.0 (10093079)|HEAP_ALLOCATE|[EXTERNAL]|Bytes:-4
10:54:39.0 (10097388)|STATEMENT_EXECUTE|[157]
10:54:39.0 (10098784)|HEAP_ALLOCATE|[157]|Bytes:5
10:54:39.0 (10104753)|HEAP_ALLOCATE|[157]|Bytes:3
10:54:39.0 (10114344)|HEAP_ALLOCATE|[EXTERNAL]|Bytes:-4
10:54:39.0 (10117371)|STATEMENT_EXECUTE|[158]
10:54:39.0 (10130959)|HEAP_ALLOCATE|[EXTERNAL]|Bytes:4
10:54:39.0 (10140336)|HEAP_ALLOCATE|[154]|Bytes:5
10:54:39.0 (10149176)|HEAP_ALLOCATE|[154]|Bytes:4
10:54:39.0 (10153358)|VARIABLE_SCOPE_BEGIN|[154]|entry|Schema.PicklistEntry|true|false
10:54:39.0 (10160984)|VARIABLE_ASSIGNMENT|[154]|entry|離職中|0x2e7a6e91
10:54:39.0 (10166105)|STATEMENT_EXECUTE|[154]
10:54:39.0 (10167182)|STATEMENT_EXECUTE|[155]
10:54:39.0 (10172131)|HEAP_ALLOCATE|[155]|Bytes:4
10:54:39.0 (10176355)|VARIABLE_SCOPE_BEGIN|[155]|option|Map<String,String>|true|false
10:54:39.0 (10185150)|VARIABLE_ASSIGNMENT|[155]|option|{}|0x3946715a
10:54:39.0 (10187861)|STATEMENT_EXECUTE|[156]
10:54:39.0 (10190959)|HEAP_ALLOCATE|[156]|Bytes:3
10:54:39.0 (10195051)|HEAP_ALLOCATE|[EXTERNAL]|Bytes:-4
10:54:39.0 (10198070)|STATEMENT_EXECUTE|[157]
10:54:39.0 (10199832)|HEAP_ALLOCATE|[157]|Bytes:3
10:54:39.0 (10202863)|HEAP_ALLOCATE|[EXTERNAL]|Bytes:-4
10:54:39.0 (10205425)|STATEMENT_EXECUTE|[158]
10:54:39.0 (10208246)|HEAP_ALLOCATE|[EXTERNAL]|Bytes:4
10:54:39.0 (10213632)|HEAP_ALLOCATE|[154]|Bytes:5
10:54:39.0 (10218198)|HEAP_ALLOCATE|[154]|Bytes:4
10:54:39.0 (10220587)|VARIABLE_SCOPE_BEGIN|[154]|entry|Schema.PicklistEntry|true|false
10:54:39.0 (10225073)|VARIABLE_ASSIGNMENT|[154]|entry|就業経験なし|0x12119566
10:54:39.0 (10227932)|STATEMENT_EXECUTE|[154]
10:54:39.0 (10228727)|STATEMENT_EXECUTE|[155]
10:54:39.0 (10231194)|HEAP_ALLOCATE|[155]|Bytes:4
10:54:39.0 (10233339)|VARIABLE_SCOPE_BEGIN|[155]|option|Map<String,String>|true|false
10:54:39.0 (10237816)|VARIABLE_ASSIGNMENT|[155]|option|{}|0x47181081
10:54:39.0 (10240417)|STATEMENT_EXECUTE|[156]
10:54:39.0 (10242060)|HEAP_ALLOCATE|[156]|Bytes:6
10:54:39.0 (10245410)|HEAP_ALLOCATE|[EXTERNAL]|Bytes:-4
10:54:39.0 (10247991)|STATEMENT_EXECUTE|[157]
10:54:39.0 (10249659)|HEAP_ALLOCATE|[157]|Bytes:6
10:54:39.0 (10252528)|HEAP_ALLOCATE|[EXTERNAL]|Bytes:-4
10:54:39.0 (10255022)|STATEMENT_EXECUTE|[158]
10:54:39.0 (10257184)|HEAP_ALLOCATE|[EXTERNAL]|Bytes:4
10:54:39.0 (10261949)|HEAP_ALLOCATE|[154]|Bytes:5
10:54:39.0 (10268064)|VARIABLE_ASSIGNMENT|[154]|entry|null|
10:54:39.0 (10273089)|STATEMENT_EXECUTE|[163]
10:54:39.0 (10285727)|METHOD_EXIT|[124]|01pBK000001mgyr|RegistrationInfoController.getPicklistValuesWithoutEmpty(Schema.SObjectField)
10:54:39.10 (10346554)|CUMULATIVE_LIMIT_USAGE
10:54:39.10 (10346554)|LIMIT_USAGE_FOR_NS|(default)|
  Number of SOQL queries: 0 out of 100
  Number of query rows: 0 out of 50000
  Number of SOSL queries: 0 out of 20
  Number of DML statements: 0 out of 0
  Number of Publish Immediate DML: 0 out of 150
  Number of DML rows: 0 out of 10000
  Maximum CPU time: 0 out of 10000
  Maximum heap size: 0 out of 6000000
  Number of callouts: 0 out of 100
  Number of Email Invocations: 0 out of 10
  Number of future calls: 0 out of 50
  Number of queueable jobs added to the queue: 0 out of 50
  Number of Mobile Apex push calls: 0 out of 10

10:54:39.10 (10346554)|CUMULATIVE_LIMIT_USAGE_END

10:54:39.0 (10385387)|CODE_UNIT_FINISHED|RegistrationInfoController.getEmploymentPicklistValues()
10:54:39.0 (10600253)|CODE_UNIT_FINISHED|apex://RegistrationInfoController/ACTION$getEmploymentPicklistValues
10:54:39.0 (10609559)|EXECUTION_FINISHED
