66.0 APEX_CODE,FINEST;APEX_PROFILING,INFO;CALLOUT,INFO;DATA_ACCESS,INFO;DB,INFO;NBA,INFO;SYSTEM,DEBUG;VALIDATION,INFO;VISUALFORCE,INFO;WAVE,INFO;WORKFLOW,INFO
17:00:17.1 (1521720)|USER_INFO|[EXTERNAL]|0057F0000042UBb|ishibashi@hurex.co.jp.dev1|(GMT+09:00) 日本標準時 (Asia/Tokyo)|GMT+09:00
17:00:17.1 (1555508)|EXECUTION_STARTED
17:00:17.1 (1564283)|CODE_UNIT_STARTED|[EXTERNAL]|apex://CustomNotificationController/ACTION$getNotifications
17:00:17.1 (2654388)|CODE_UNIT_STARTED|[EXTERNAL]|01pBK000001VvEL|CustomNotificationController.getNotifications(String)
17:00:17.1 (4663667)|HEAP_ALLOCATE|[95]|Bytes:3
17:00:17.1 (4747214)|HEAP_ALLOCATE|[100]|Bytes:152
17:00:17.1 (4761187)|HEAP_ALLOCATE|[417]|Bytes:408
17:00:17.1 (4772087)|HEAP_ALLOCATE|[430]|Bytes:408
17:00:17.1 (4791306)|HEAP_ALLOCATE|[317]|Bytes:6
17:00:17.1 (4800362)|HEAP_ALLOCATE|[EXTERNAL]|Bytes:7
17:00:17.1 (4812033)|METHOD_ENTRY|[1]|01pBK000001VvEL|CustomNotificationController.CustomNotificationController()
17:00:17.1 (4816467)|STATEMENT_EXECUTE|[1]
17:00:17.1 (4822178)|STATEMENT_EXECUTE|[1]
17:00:17.1 (4838768)|HEAP_ALLOCATE|[68]|Bytes:5
17:00:17.1 (4859663)|HEAP_ALLOCATE|[74]|Bytes:5
17:00:17.1 (4864447)|HEAP_ALLOCATE|[82]|Bytes:7
17:00:17.1 (5165243)|HEAP_ALLOCATE|[EXTERNAL]|Bytes:5
17:00:17.1 (5179065)|METHOD_EXIT|[1]|CustomNotificationController
17:00:17.1 (5188363)|VARIABLE_SCOPE_BEGIN|[5]|before|String|false|false
17:00:17.1 (5215197)|VARIABLE_ASSIGNMENT|[5]|before|null
17:00:17.1 (5224021)|HEAP_ALLOCATE|[6]|Bytes:5
17:00:17.1 (5226506)|STATEMENT_EXECUTE|[5]
17:00:17.1 (5227697)|STATEMENT_EXECUTE|[6]
17:00:17.1 (5248612)|VARIABLE_SCOPE_BEGIN|[6]|req|System.HttpRequest|true|false
17:00:17.1 (5462509)|VARIABLE_ASSIGNMENT|[6]|req|"System.HttpRequest[Endpoint=null, Method=null]"|0x21c5b638
17:00:17.1 (5468426)|STATEMENT_EXECUTE|[7]
17:00:17.1 (5471663)|HEAP_ALLOCATE|[7]|Bytes:3
17:00:17.1 (5530728)|STATEMENT_EXECUTE|[8]
17:00:17.1 (5532639)|HEAP_ALLOCATE|[8]|Bytes:13
17:00:17.1 (5535308)|HEAP_ALLOCATE|[8]|Bytes:7
17:00:17.1 (5581822)|HEAP_ALLOCATE|[8]|Bytes:105
17:00:17.1 (5589776)|SYSTEM_METHOD_ENTRY|[1]|UserInfo.UserInfo()
17:00:17.1 (5591959)|STATEMENT_EXECUTE|[1]
17:00:17.1 (5596840)|SYSTEM_METHOD_EXIT|[1]|UserInfo
17:00:17.1 (5616473)|METHOD_ENTRY|[8]||System.UserInfo.getSessionId()
17:00:17.1 (9321097)|METHOD_EXIT|[8]||System.UserInfo.getSessionId()
17:00:17.1 (9355715)|HEAP_ALLOCATE|[8]|Bytes:119
17:00:17.1 (9404949)|STATEMENT_EXECUTE|[10]
17:00:17.1 (9446331)|HEAP_ALLOCATE|[10]|Bytes:67
17:00:17.1 (9459310)|SYSTEM_METHOD_ENTRY|[1]|Url.Url()
17:00:17.1 (9461185)|STATEMENT_EXECUTE|[1]
17:00:17.1 (9466706)|SYSTEM_METHOD_EXIT|[1]|Url
17:00:17.1 (9474029)|METHOD_ENTRY|[10]||System.Url.getOrgDomainUrl()
17:00:17.1 (9647270)|METHOD_EXIT|[10]||System.Url.getOrgDomainUrl()
17:00:17.1 (9662585)|METHOD_ENTRY|[10]||System.Url.toExternalForm()
17:00:17.1 (9692348)|METHOD_EXIT|[10]||System.Url.toExternalForm()
17:00:17.1 (9695998)|VARIABLE_SCOPE_BEGIN|[10]|domainPath|String|false|false
17:00:17.1 (9715435)|VARIABLE_ASSIGNMENT|[10]|domainPath|"https://hurex--dev1. (25 more) ..."
17:00:17.1 (9718433)|STATEMENT_EXECUTE|[11]
17:00:17.1 (9720791)|HEAP_ALLOCATE|[11]|Bytes:50
17:00:17.1 (9726478)|HEAP_ALLOCATE|[11]|Bytes:95
17:00:17.1 (9728991)|VARIABLE_SCOPE_BEGIN|[11]|endpoint|String|false|false
17:00:17.1 (9734058)|VARIABLE_ASSIGNMENT|[11]|endpoint|"https://hurex--dev1. (75 more) ..."
17:00:17.1 (9771723)|STATEMENT_EXECUTE|[13]
17:00:17.1 (9772737)|STATEMENT_EXECUTE|[16]
17:00:17.1 (9791997)|STATEMENT_EXECUTE|[18]
17:00:17.1 (9806965)|VARIABLE_SCOPE_BEGIN|[18]|http|System.Http|true|false
17:00:17.1 (9889449)|VARIABLE_ASSIGNMENT|[18]|http|"System.Http[]"|0x3938ff34
17:00:17.1 (9893650)|STATEMENT_EXECUTE|[19]
17:00:17.1 (9960425)|CALLOUT_REQUEST|[19]|System.HttpRequest[Endpoint=https://hurex--dev1.sandbox.my.salesforce.com/services/data/v56.0/connect/notifications?size=20, Method=GET]
17:00:17.1 (326770823)|HEAP_ALLOCATE|[EXTERNAL]|Bytes:14514
17:00:17.1 (328464928)|CALLOUT_RESPONSE|[19]|System.HttpResponse[Status=OK, StatusCode=200]
17:00:17.1 (328488089)|HEAP_ALLOCATE|[19]|Bytes:13670
17:00:17.1 (328514334)|VARIABLE_SCOPE_BEGIN|[19]|res|System.HttpResponse|true|false
17:00:17.1 (328575155)|VARIABLE_ASSIGNMENT|[19]|res|"System.HttpResponse[Status=OK, StatusCode=200]"|0x570b3dc9
17:00:17.1 (328630948)|STATEMENT_EXECUTE|[21]
17:00:17.1 (328632253)|STATEMENT_EXECUTE|[22]
17:00:17.1 (329164432)|HEAP_ALLOCATE|[22]|Bytes:13398
17:00:17.329 (329200630)|CUMULATIVE_LIMIT_USAGE
17:00:17.329 (329200630)|LIMIT_USAGE_FOR_NS|(default)|
  Number of SOQL queries: 0 out of 100
  Number of query rows: 0 out of 50000
  Number of SOSL queries: 0 out of 20
  Number of DML statements: 0 out of 150
  Number of Publish Immediate DML: 0 out of 150
  Number of DML rows: 0 out of 10000
  Maximum CPU time: 0 out of 10000
  Maximum heap size: 0 out of 6000000
  Number of callouts: 1 out of 100
  Number of Email Invocations: 0 out of 10
  Number of future calls: 0 out of 50
  Number of queueable jobs added to the queue: 0 out of 50
  Number of Mobile Apex push calls: 0 out of 10

17:00:17.329 (329200630)|CUMULATIVE_LIMIT_USAGE_END

17:00:17.1 (329226281)|CODE_UNIT_FINISHED|CustomNotificationController.getNotifications(String)
17:00:17.1 (329416442)|CODE_UNIT_FINISHED|apex://CustomNotificationController/ACTION$getNotifications
17:00:17.1 (329421856)|EXECUTION_FINISHED
