66.0 APEX_CODE,FINEST;APEX_PROFILING,INFO;CALLOUT,INFO;DATA_ACCESS,INFO;DB,INFO;NBA,INFO;SYSTEM,DEBUG;VALIDATION,INFO;VISUALFORCE,INFO;WAVE,INFO;WORKFLOW,INFO
18:27:45.0 (778862)|USER_INFO|[EXTERNAL]|005BK00000Ilvi1|foryoze@owleyes.ch.hurex|(GMT+09:00) 日本標準時 (Asia/Tokyo)|GMT+09:00
18:27:45.0 (813581)|EXECUTION_STARTED
18:27:45.0 (825112)|CODE_UNIT_STARTED|[EXTERNAL]|apex://OfferComponentController/ACTION$getOffers
18:27:45.0 (2348201)|CODE_UNIT_STARTED|[EXTERNAL]|01pBK000001Vpwv|OfferComponentController.getOffers()
18:27:45.0 (2651114)|HEAP_ALLOCATE|[95]|Bytes:3
18:27:45.0 (2730261)|HEAP_ALLOCATE|[100]|Bytes:152
18:27:45.0 (2744901)|HEAP_ALLOCATE|[417]|Bytes:408
18:27:45.0 (2755847)|HEAP_ALLOCATE|[430]|Bytes:408
18:27:45.0 (2775515)|HEAP_ALLOCATE|[317]|Bytes:6
18:27:45.0 (2785331)|HEAP_ALLOCATE|[EXTERNAL]|Bytes:2
18:27:45.0 (2797101)|METHOD_ENTRY|[5]|01pBK000001Vpwv|OfferComponentController.OfferComponentController()
18:27:45.0 (2801621)|STATEMENT_EXECUTE|[5]
18:27:45.0 (2807310)|STATEMENT_EXECUTE|[5]
18:27:45.0 (2825871)|HEAP_ALLOCATE|[68]|Bytes:5
18:27:45.0 (2849450)|HEAP_ALLOCATE|[74]|Bytes:5
18:27:45.0 (2853930)|HEAP_ALLOCATE|[82]|Bytes:7
18:27:45.0 (3010223)|HEAP_ALLOCATE|[EXTERNAL]|Bytes:5
18:27:45.0 (3021101)|METHOD_EXIT|[5]|OfferComponentController
18:27:45.0 (3031204)|HEAP_ALLOCATE|[18]|Bytes:5
18:27:45.0 (3033839)|STATEMENT_EXECUTE|[16]
18:27:45.0 (3034917)|STATEMENT_EXECUTE|[18]
18:27:45.0 (3036967)|HEAP_ALLOCATE|[18]|Bytes:78
18:27:45.0 (3052216)|HEAP_ALLOCATE|[18]|Bytes:4
18:27:45.0 (5977263)|SOQL_EXECUTE_BEGIN|[18]|Aggregations:0|SELECT COUNT() FROM SelectionProcess__c WHERE LatestProcessStatus__c = 'JOB打診'
18:27:45.0 (46942834)|SOQL_EXECUTE_END|[18]|Rows:0
18:27:45.0 (47009765)|HEAP_ALLOCATE|[18]|Bytes:4
18:27:45.0 (47037089)|VARIABLE_SCOPE_BEGIN|[18]|totalCount|Integer|false|false
18:27:45.0 (47045374)|HEAP_ALLOCATE|[18]|Bytes:4
18:27:45.0 (47080280)|VARIABLE_ASSIGNMENT|[18]|totalCount|0
18:27:45.0 (47085734)|STATEMENT_EXECUTE|[22]
18:27:45.0 (47093678)|HEAP_ALLOCATE|[22]|Bytes:360
18:27:45.0 (47118505)|HEAP_ALLOCATE|[22]|Bytes:4
18:27:45.0 (56835190)|SOQL_EXECUTE_BEGIN|[22]|Aggregations:0|SELECT Id, JobPosition__c, LatestProcessStatus__c, LastModifiedDate, JobPosition__r.Id, JobPosition__r.Company__r.Name, JobPosition__r.JobPosition__c, JobPosition__r.WorkLocation2__c, JobPosition__r.JobCategory1__c, JobPosition__r.LastViewedDate FROM SelectionProcess__c WHERE LatestProcessStatus__c = 'JOB打診' ORDER BY LastModifiedDate DESC NULLS FIRST LIMIT 2
18:27:45.0 (97352378)|SOQL_EXECUTE_END|[22]|Rows:0
18:27:45.0 (97404181)|HEAP_ALLOCATE|[22]|Bytes:4
18:27:45.0 (97422840)|HEAP_ALLOCATE|[22]|Bytes:0
18:27:45.0 (97587212)|HEAP_ALLOCATE|[22]|Bytes:4
18:27:45.0 (97611311)|VARIABLE_SCOPE_BEGIN|[22]|processes|List<SelectionProcess__c>|true|false
18:27:45.0 (97642376)|VARIABLE_ASSIGNMENT|[22]|processes|[]|0x262dbec4
18:27:45.0 (97648333)|STATEMENT_EXECUTE|[41]
18:27:45.0 (97664833)|HEAP_ALLOCATE|[41]|Bytes:4
18:27:45.0 (97715728)|VARIABLE_SCOPE_BEGIN|[41]|jobInfos|List<Map<String,ANY>>|true|false
18:27:45.0 (97736991)|HEAP_ALLOCATE|[EXTERNAL]|Bytes:4
18:27:45.0 (97742812)|VARIABLE_ASSIGNMENT|[41]|jobInfos|[]|0x2c845d0e
18:27:45.0 (97920910)|HEAP_ALLOCATE|[44]|Bytes:5
18:27:45.0 (97944830)|VARIABLE_ASSIGNMENT|[44]|process|null|
18:27:45.0 (97949116)|STATEMENT_EXECUTE|[44]
18:27:45.0 (97950245)|STATEMENT_EXECUTE|[63]
18:27:45.0 (97958848)|HEAP_ALLOCATE|[63]|Bytes:4
18:27:45.0 (97964728)|VARIABLE_SCOPE_BEGIN|[63]|result|Map<String,ANY>|true|false
18:27:45.0 (97979003)|VARIABLE_ASSIGNMENT|[63]|result|{}|0x3fd5803f
18:27:45.0 (97981834)|STATEMENT_EXECUTE|[64]
18:27:45.0 (97986035)|HEAP_ALLOCATE|[64]|Bytes:8
18:27:45.0 (98025254)|HEAP_ALLOCATE|[EXTERNAL]|Bytes:-4
18:27:45.0 (98029896)|STATEMENT_EXECUTE|[65]
18:27:45.0 (98031462)|HEAP_ALLOCATE|[65]|Bytes:10
18:27:45.0 (98040255)|HEAP_ALLOCATE|[65]|Bytes:4
18:27:45.0 (98058131)|HEAP_ALLOCATE|[EXTERNAL]|Bytes:-4
18:27:45.0 (98061135)|STATEMENT_EXECUTE|[66]
18:27:45.98 (98117186)|CUMULATIVE_LIMIT_USAGE
18:27:45.98 (98117186)|LIMIT_USAGE_FOR_NS|(default)|
  Number of SOQL queries: 2 out of 100
  Number of query rows: 1 out of 50000
  Number of SOSL queries: 0 out of 20
  Number of DML statements: 0 out of 0
  Number of Publish Immediate DML: 0 out of 150
  Number of DML rows: 0 out of 10000
  Maximum CPU time: 0 out of 10000
  Maximum heap size: 0 out of 6000000
  Number of callouts: 0 out of 100
  Number of Email Invocations: 0 out of 10
  Number of future calls: 0 out of 50
  Number of queueable jobs added to the queue: 0 out of 50
  Number of Mobile Apex push calls: 0 out of 10

18:27:45.98 (98117186)|CUMULATIVE_LIMIT_USAGE_END

18:27:45.0 (98142886)|CODE_UNIT_FINISHED|OfferComponentController.getOffers()
18:27:45.0 (98298586)|CODE_UNIT_FINISHED|apex://OfferComponentController/ACTION$getOffers
18:27:45.0 (98302760)|EXECUTION_FINISHED
