66.0 APEX_CODE,FINEST;APEX_PROFILING,INFO;CALLOUT,INFO;DATA_ACCESS,INFO;DB,INFO;NBA,INFO;SYSTEM,DEBUG;VALIDATION,INFO;VISUALFORCE,INFO;WAVE,INFO;WORKFLOW,INFO
16:49:40.2 (2281062)|USER_INFO|[EXTERNAL]|0057F0000042UBb|ishibashi@hurex.co.jp.dev1|(GMT+09:00) 日本標準時 (Asia/Tokyo)|GMT+09:00
16:49:40.2 (2314880)|EXECUTION_STARTED
16:49:40.2 (2325261)|CODE_UNIT_STARTED|[EXTERNAL]|01pBK000001lKfR|PORTERS_BATCH_ResumeData
16:49:40.2 (4933775)|HEAP_ALLOCATE|[95]|Bytes:3
16:49:40.2 (5020497)|HEAP_ALLOCATE|[100]|Bytes:152
16:49:40.2 (5035967)|HEAP_ALLOCATE|[417]|Bytes:408
16:49:40.2 (5046792)|HEAP_ALLOCATE|[430]|Bytes:408
16:49:40.2 (5067379)|HEAP_ALLOCATE|[317]|Bytes:6
16:49:40.2 (7198565)|HEAP_ALLOCATE|[EXTERNAL]|Bytes:80
16:49:40.2 (11960508)|HEAP_ALLOCATE|[EXTERNAL]|Bytes:11
16:49:40.2 (11989555)|SYSTEM_METHOD_ENTRY|[15]|BatchableContextImpl.BatchableContextImpl()
16:49:40.2 (11996218)|STATEMENT_EXECUTE|[15]
16:49:40.2 (12012850)|SYSTEM_METHOD_EXIT|[15]|BatchableContextImpl
16:49:40.2 (12020325)|HEAP_ALLOCATE|[EXTERNAL]|Bytes:12
16:49:40.2 (12023760)|HEAP_ALLOCATE|[EXTERNAL]|Bytes:4
16:49:40.2 (12028012)|VARIABLE_SCOPE_BEGIN|[31]|this|Database.BatchableContextImpl|true|false
16:49:40.2 (12090975)|VARIABLE_ASSIGNMENT|[31]|this|{}|0x2149e595
16:49:40.2 (12095317)|VARIABLE_SCOPE_BEGIN|[31]|jobId|Id|false|false
16:49:40.2 (12188397)|VARIABLE_ASSIGNMENT|[31]|jobId|"707BK00000wq09yYAA"
16:49:40.2 (12191754)|VARIABLE_SCOPE_BEGIN|[31]|childJobId|Id|false|false
16:49:40.2 (12198139)|VARIABLE_ASSIGNMENT|[31]|childJobId|null
16:49:40.2 (20196863)|HEAP_ALLOCATE|[EXTERNAL]|Bytes:65
16:49:40.2 (20218174)|HEAP_ALLOCATE|[EXTERNAL]|Bytes:10
16:49:40.2 (20232944)|METHOD_ENTRY|[1]|01pBK000001lKfR|PORTERS_BATCH_ResumeData.PORTERS_BATCH_ResumeData()
16:49:40.2 (20240772)|STATEMENT_EXECUTE|[1]
16:49:40.2 (20247592)|STATEMENT_EXECUTE|[1]
16:49:40.2 (20253892)|METHOD_EXIT|[1]|PORTERS_BATCH_ResumeData
16:49:40.2 (20258657)|HEAP_ALLOCATE|[EXTERNAL]|Bytes:16
16:49:40.2 (20261162)|HEAP_ALLOCATE|[EXTERNAL]|Bytes:12
16:49:40.2 (20283506)|HEAP_ALLOCATE|[EXTERNAL]|Bytes:8
16:49:40.2 (20289110)|VARIABLE_SCOPE_BEGIN|[30]|this|PORTERS_BATCH_ResumeData|true|false
16:49:40.2 (20364117)|VARIABLE_ASSIGNMENT|[30]|this|{"lastSyncTime":"2026-04-02T06:15:55.000Z","pageSize":2000}|0x264d7dc9
16:49:40.2 (20368286)|VARIABLE_SCOPE_BEGIN|[30]|bc|Database.BatchableContext|true|false
16:49:40.2 (20428729)|VARIABLE_ASSIGNMENT|[30]|bc|{"jobId":"707BK00000wq09yYAA"}|0x2149e595
16:49:40.2 (20433029)|VARIABLE_SCOPE_BEGIN|[30]|scope|List<Integer>|true|false
16:49:40.2 (20444812)|VARIABLE_ASSIGNMENT|[30]|scope|[1]|0x52560015
16:49:40.2 (20455018)|STATEMENT_EXECUTE|[30]
16:49:40.2 (20456432)|STATEMENT_EXECUTE|[32]
16:49:40.2 (20606864)|HEAP_ALLOCATE|[33]|Bytes:4
16:49:40.2 (20702762)|VARIABLE_SCOPE_BEGIN|[32]|allRecords|List<IF_pts_resume__c>|true|false
16:49:40.2 (20713137)|HEAP_ALLOCATE|[EXTERNAL]|Bytes:4
16:49:40.2 (20721077)|VARIABLE_ASSIGNMENT|[32]|allRecords|[]|0x4688aab1
16:49:40.2 (21178966)|HEAP_ALLOCATE|[68]|Bytes:5
16:49:40.2 (21210102)|HEAP_ALLOCATE|[74]|Bytes:5
16:49:40.2 (21218063)|HEAP_ALLOCATE|[82]|Bytes:7
16:49:40.2 (21234866)|HEAP_ALLOCATE|[35]|Bytes:5
16:49:40.2 (21256046)|HEAP_ALLOCATE|[35]|Bytes:8
16:49:40.2 (21263315)|VARIABLE_SCOPE_BEGIN|[35]|page|Integer|false|false
16:49:40.2 (21272373)|VARIABLE_ASSIGNMENT|[35]|page|1
16:49:40.2 (21276286)|STATEMENT_EXECUTE|[35]
16:49:40.2 (21277504)|STATEMENT_EXECUTE|[36]
16:49:40.2 (21289413)|VARIABLE_SCOPE_BEGIN|[36]|start|Integer|false|false
16:49:40.2 (21293863)|HEAP_ALLOCATE|[36]|Bytes:4
16:49:40.2 (21296421)|VARIABLE_ASSIGNMENT|[36]|start|2000
16:49:40.2 (21298946)|STATEMENT_EXECUTE|[37]
16:49:40.2 (25425437)|VARIABLE_SCOPE_BEGIN|[5]|PORTERS_BATCH_GetResumeData.BASE_URL|String|false|true
16:49:40.2 (25441631)|VARIABLE_SCOPE_BEGIN|[3]|PORTERS_BATCH_GetResumeData.CLIENT_ID|String|false|true
16:49:40.2 (25446375)|VARIABLE_SCOPE_BEGIN|[4]|PORTERS_BATCH_GetResumeData.DEFAULT_TOKEN_EXPIRES_SEC|Integer|false|true
16:49:40.2 (25450434)|VARIABLE_SCOPE_BEGIN|[2]|PORTERS_BATCH_GetResumeData.TOKEN_ENDPOINT|String|false|true
16:49:40.2 (25466536)|HEAP_ALLOCATE|[38]|Bytes:16
16:49:40.2 (25474461)|HEAP_ALLOCATE|[38]|Bytes:22
16:49:40.2 (25476501)|HEAP_ALLOCATE|[38]|Bytes:36
16:49:40.2 (25494249)|VARIABLE_ASSIGNMENT|[38]|PORTERS_BATCH_GetResumeData.BASE_URL|"https://api-hrbc-jp. (16 more) ..."
16:49:40.2 (25498455)|HEAP_ALLOCATE|[38]|Bytes:32
16:49:40.2 (25502170)|VARIABLE_ASSIGNMENT|[38]|PORTERS_BATCH_GetResumeData.CLIENT_ID|"a8678131f29ea6faf1ca (12 more) ..."
16:49:40.2 (25505328)|HEAP_ALLOCATE|[38]|Bytes:45
16:49:40.2 (25508725)|VARIABLE_ASSIGNMENT|[38]|PORTERS_BATCH_GetResumeData.TOKEN_ENDPOINT|"https://api-hrbc-jp. (25 more) ..."
16:49:40.2 (25531930)|METHOD_ENTRY|[1]|01pBK000001lFxV|PORTERS_BATCH_GetResumeData.PORTERS_BATCH_GetResumeData()
16:49:40.2 (25537286)|STATEMENT_EXECUTE|[1]
16:49:40.2 (25541273)|STATEMENT_EXECUTE|[1]
16:49:40.2 (25542204)|STATEMENT_EXECUTE|[4]
16:49:40.2 (25547776)|HEAP_ALLOCATE|[4]|Bytes:4
16:49:40.2 (25555364)|VARIABLE_ASSIGNMENT|[4]|PORTERS_BATCH_GetResumeData.DEFAULT_TOKEN_EXPIRES_SEC|1800
16:49:40.2 (25557529)|STATEMENT_EXECUTE|[170]
16:49:40.2 (25563239)|METHOD_EXIT|[1]|PORTERS_BATCH_GetResumeData
16:49:40.2 (25602923)|METHOD_ENTRY|[38]|01pBK000001lFxV|PORTERS_BATCH_GetResumeData.getResumeData(Datetime, Integer)
16:49:40.2 (29721648)|VARIABLE_SCOPE_BEGIN|[6]|PORTERS_DTO_ResumeDateResponse.FIELD_MAPPING|Map<String,String>|true|true
16:49:40.2 (29777835)|VARIABLE_SCOPE_BEGIN|[7]|lastSyncTime|Datetime|false|false
16:49:40.2 (29806347)|VARIABLE_ASSIGNMENT|[7]|lastSyncTime|"2026-04-02T06:15:55.000Z"
16:49:40.2 (29813089)|VARIABLE_SCOPE_BEGIN|[7]|start|Integer|false|false
16:49:40.2 (29819820)|VARIABLE_ASSIGNMENT|[7]|start|0
16:49:40.2 (29828724)|STATEMENT_EXECUTE|[7]
16:49:40.2 (29830248)|STATEMENT_EXECUTE|[8]
16:49:40.2 (29849658)|METHOD_ENTRY|[8]|01pBK000001lFxV|PORTERS_BATCH_GetResumeData.buildFieldList()
16:49:40.2 (29889387)|STATEMENT_EXECUTE|[175]
16:49:40.2 (29890431)|STATEMENT_EXECUTE|[176]
16:49:40.2 (29896355)|HEAP_ALLOCATE|[176]|Bytes:3374
16:49:40.2 (29907980)|METHOD_EXIT|[8]|01pBK000001lFxV|PORTERS_BATCH_GetResumeData.buildFieldList()
16:49:40.2 (29912104)|VARIABLE_SCOPE_BEGIN|[8]|fields|String|false|false
16:49:40.2 (29922189)|VARIABLE_ASSIGNMENT|[8]|fields|"Resume.P_RegisterCha (3354 more) ..."
16:49:40.2 (29924617)|STATEMENT_EXECUTE|[9]
16:49:40.2 (29926507)|VARIABLE_SCOPE_BEGIN|[9]|condition|String|false|false
16:49:40.2 (29931557)|VARIABLE_ASSIGNMENT|[9]|condition|""
16:49:40.2 (29938310)|STATEMENT_EXECUTE|[10]
16:49:40.2 (29939294)|STATEMENT_EXECUTE|[11]
16:49:40.2 (29940823)|HEAP_ALLOCATE|[11]|Bytes:19
16:49:40.2 (29998032)|HEAP_ALLOCATE|[11]|Bytes:19
16:49:40.2 (30006689)|VARIABLE_SCOPE_BEGIN|[11]|timeStr|String|false|false
16:49:40.2 (30012606)|VARIABLE_ASSIGNMENT|[11]|timeStr|"2026-04-02 15:15:55"
16:49:40.2 (30015042)|STATEMENT_EXECUTE|[12]
16:49:40.2 (30016319)|HEAP_ALLOCATE|[12]|Bytes:21
16:49:40.2 (30018851)|HEAP_ALLOCATE|[12]|Bytes:1
16:49:40.2 (30028318)|HEAP_ALLOCATE|[12]|Bytes:41
16:49:40.2 (30032481)|VARIABLE_ASSIGNMENT|[12]|condition|"Person.P_UpdateDate> (21 more) ..."
16:49:40.2 (30035228)|STATEMENT_EXECUTE|[14]
16:49:40.2 (30053393)|HEAP_ALLOCATE|[14]|Bytes:4
16:49:40.2 (30061789)|HEAP_ALLOCATE|[15]|Bytes:9
16:49:40.2 (30088426)|HEAP_ALLOCATE|[15]|Bytes:4
16:49:40.2 (30132047)|HEAP_ALLOCATE|[16]|Bytes:5
16:49:40.2 (30141055)|HEAP_ALLOCATE|[16]|Bytes:4
16:49:40.2 (30148671)|HEAP_ALLOCATE|[17]|Bytes:5
16:49:40.2 (30155002)|HEAP_ALLOCATE|[17]|Bytes:1
16:49:40.2 (30162272)|HEAP_ALLOCATE|[18]|Bytes:5
16:49:40.2 (30166838)|HEAP_ALLOCATE|[19]|Bytes:9
16:49:40.2 (30168853)|HEAP_ALLOCATE|[19]|Bytes:8
16:49:40.2 (30173738)|VARIABLE_SCOPE_BEGIN|[14]|params|Map<String,String>|true|false
16:49:40.2 (30204982)|VARIABLE_ASSIGNMENT|[14]|params|{"partition":"2012","count":"2000","start":"0","field":"Resume.P_RegisterCha (3354 more) ...","itemstate":"existing"}|0x4ab32ff3
16:49:40.2 (30222980)|STATEMENT_EXECUTE|[21]
16:49:40.2 (30224019)|STATEMENT_EXECUTE|[22]
16:49:40.2 (30225516)|HEAP_ALLOCATE|[22]|Bytes:9
16:49:40.2 (30238128)|HEAP_ALLOCATE|[EXTERNAL]|Bytes:-4
16:49:40.2 (30243178)|STATEMENT_EXECUTE|[24]
16:49:40.2 (30247986)|HEAP_ALLOCATE|[24]|Bytes:11
16:49:40.2 (30256128)|METHOD_ENTRY|[24]|01pBK000001lFxV|PORTERS_BATCH_GetResumeData.buildQueryString(Map<String,String>)
16:49:40.2 (30262938)|VARIABLE_SCOPE_BEGIN|[135]|params|Map<String,String>|true|false
16:49:40.2 (30268919)|VARIABLE_ASSIGNMENT|[135]|params|"Map of size 6 too large to display"|0x4ab32ff3
16:49:40.2 (30273252)|STATEMENT_EXECUTE|[135]
16:49:40.2 (30274409)|STATEMENT_EXECUTE|[136]
16:49:40.2 (30287052)|HEAP_ALLOCATE|[136]|Bytes:4
16:49:40.2 (30309507)|VARIABLE_SCOPE_BEGIN|[136]|pairs|List<String>|true|false
16:49:40.2 (30352118)|HEAP_ALLOCATE|[EXTERNAL]|Bytes:4
16:49:40.2 (30359959)|VARIABLE_ASSIGNMENT|[136]|pairs|[]|0x5ab77d05
16:49:40.2 (30392335)|HEAP_ALLOCATE|[137]|Bytes:70
16:49:40.2 (30445724)|HEAP_ALLOCATE|[137]|Bytes:5
16:49:40.2 (30458341)|VARIABLE_SCOPE_BEGIN|[137]|key|String|false|false
16:49:40.2 (30464205)|VARIABLE_ASSIGNMENT|[137]|key|"partition"
16:49:40.2 (30466987)|STATEMENT_EXECUTE|[137]
16:49:40.2 (30467877)|STATEMENT_EXECUTE|[138]
16:49:40.2 (30480575)|VARIABLE_SCOPE_BEGIN|[138]|value|String|false|false
16:49:40.2 (30485288)|VARIABLE_ASSIGNMENT|[138]|value|"2012"
16:49:40.2 (30497743)|STATEMENT_EXECUTE|[139]
16:49:40.2 (30498743)|STATEMENT_EXECUTE|[140]
16:49:40.2 (30500631)|HEAP_ALLOCATE|[140]|Bytes:1
16:49:40.2 (30503211)|HEAP_ALLOCATE|[140]|Bytes:5
16:49:40.2 (30544389)|HEAP_ALLOCATE|[140]|Bytes:15
16:49:40.2 (30554065)|SYSTEM_METHOD_ENTRY|[1]|EncodingUtil.EncodingUtil()
16:49:40.2 (30556556)|STATEMENT_EXECUTE|[1]
16:49:40.2 (30564836)|SYSTEM_METHOD_EXIT|[1]|EncodingUtil
16:49:40.2 (30571171)|METHOD_ENTRY|[140]||System.EncodingUtil.urlEncode(String, String)
16:49:40.2 (30602086)|METHOD_EXIT|[140]||System.EncodingUtil.urlEncode(String, String)
16:49:40.2 (30606367)|HEAP_ALLOCATE|[140]|Bytes:14
16:49:40.2 (30615779)|HEAP_ALLOCATE|[EXTERNAL]|Bytes:4
16:49:40.2 (30623422)|HEAP_ALLOCATE|[137]|Bytes:5
16:49:40.2 (30628486)|VARIABLE_SCOPE_BEGIN|[137]|key|String|false|false
16:49:40.2 (30633496)|VARIABLE_ASSIGNMENT|[137]|key|"count"
16:49:40.2 (30636079)|STATEMENT_EXECUTE|[137]
16:49:40.2 (30636889)|STATEMENT_EXECUTE|[138]
16:49:40.2 (30641590)|VARIABLE_SCOPE_BEGIN|[138]|value|String|false|false
16:49:40.2 (30645844)|VARIABLE_ASSIGNMENT|[138]|value|"2000"
16:49:40.2 (30653426)|STATEMENT_EXECUTE|[139]
16:49:40.2 (30654256)|STATEMENT_EXECUTE|[140]
16:49:40.2 (30656505)|METHOD_ENTRY|[140]||System.EncodingUtil.urlEncode(String, String)
16:49:40.2 (30668091)|METHOD_EXIT|[140]||System.EncodingUtil.urlEncode(String, String)
16:49:40.2 (30670452)|HEAP_ALLOCATE|[140]|Bytes:10
16:49:40.2 (30673842)|HEAP_ALLOCATE|[EXTERNAL]|Bytes:4
16:49:40.2 (30678648)|HEAP_ALLOCATE|[137]|Bytes:5
16:49:40.2 (30682478)|VARIABLE_SCOPE_BEGIN|[137]|key|String|false|false
16:49:40.2 (30686626)|VARIABLE_ASSIGNMENT|[137]|key|"start"
16:49:40.2 (30688667)|STATEMENT_EXECUTE|[137]
16:49:40.2 (30689421)|STATEMENT_EXECUTE|[138]
16:49:40.2 (30693139)|VARIABLE_SCOPE_BEGIN|[138]|value|String|false|false
16:49:40.2 (30697035)|VARIABLE_ASSIGNMENT|[138]|value|"0"
16:49:40.2 (30703515)|STATEMENT_EXECUTE|[139]
16:49:40.2 (30704316)|STATEMENT_EXECUTE|[140]
16:49:40.2 (30706029)|METHOD_ENTRY|[140]||System.EncodingUtil.urlEncode(String, String)
16:49:40.2 (30714886)|METHOD_EXIT|[140]||System.EncodingUtil.urlEncode(String, String)
16:49:40.2 (30716819)|HEAP_ALLOCATE|[140]|Bytes:7
16:49:40.2 (30719554)|HEAP_ALLOCATE|[EXTERNAL]|Bytes:4
16:49:40.2 (30723723)|HEAP_ALLOCATE|[137]|Bytes:5
16:49:40.2 (30727228)|VARIABLE_SCOPE_BEGIN|[137]|key|String|false|false
16:49:40.2 (30731541)|VARIABLE_ASSIGNMENT|[137]|key|"field"
16:49:40.2 (30733617)|STATEMENT_EXECUTE|[137]
16:49:40.2 (30734381)|STATEMENT_EXECUTE|[138]
16:49:40.2 (30737934)|VARIABLE_SCOPE_BEGIN|[138]|value|String|false|false
16:49:40.2 (30743473)|VARIABLE_ASSIGNMENT|[138]|value|"Resume.P_RegisterCha (3354 more) ..."
16:49:40.2 (30749971)|STATEMENT_EXECUTE|[139]
16:49:40.2 (30750790)|STATEMENT_EXECUTE|[140]
16:49:40.2 (30752491)|METHOD_ENTRY|[140]||System.EncodingUtil.urlEncode(String, String)
16:49:40.2 (30784924)|METHOD_EXIT|[140]||System.EncodingUtil.urlEncode(String, String)
16:49:40.2 (30787282)|HEAP_ALLOCATE|[140]|Bytes:3576
16:49:40.2 (30790214)|HEAP_ALLOCATE|[EXTERNAL]|Bytes:4
16:49:40.2 (30794478)|HEAP_ALLOCATE|[137]|Bytes:5
16:49:40.2 (30798195)|VARIABLE_SCOPE_BEGIN|[137]|key|String|false|false
16:49:40.2 (30802343)|VARIABLE_ASSIGNMENT|[137]|key|"itemstate"
16:49:40.2 (30804431)|STATEMENT_EXECUTE|[137]
16:49:40.2 (30805215)|STATEMENT_EXECUTE|[138]
16:49:40.2 (30808748)|VARIABLE_SCOPE_BEGIN|[138]|value|String|false|false
16:49:40.2 (30812710)|VARIABLE_ASSIGNMENT|[138]|value|"existing"
16:49:40.2 (30818845)|STATEMENT_EXECUTE|[139]
16:49:40.2 (30819625)|STATEMENT_EXECUTE|[140]
16:49:40.2 (30821334)|METHOD_ENTRY|[140]||System.EncodingUtil.urlEncode(String, String)
16:49:40.2 (30830405)|METHOD_EXIT|[140]||System.EncodingUtil.urlEncode(String, String)
16:49:40.2 (30832591)|HEAP_ALLOCATE|[140]|Bytes:18
16:49:40.2 (30835423)|HEAP_ALLOCATE|[EXTERNAL]|Bytes:4
16:49:40.2 (30839691)|HEAP_ALLOCATE|[137]|Bytes:5
16:49:40.2 (30843258)|VARIABLE_SCOPE_BEGIN|[137]|key|String|false|false
16:49:40.2 (30847484)|VARIABLE_ASSIGNMENT|[137]|key|"condition"
16:49:40.2 (30849634)|STATEMENT_EXECUTE|[137]
16:49:40.2 (30850396)|STATEMENT_EXECUTE|[138]
16:49:40.2 (30853778)|VARIABLE_SCOPE_BEGIN|[138]|value|String|false|false
16:49:40.2 (30858542)|VARIABLE_ASSIGNMENT|[138]|value|"Person.P_UpdateDate> (21 more) ..."
16:49:40.2 (30864760)|STATEMENT_EXECUTE|[139]
16:49:40.2 (30865553)|STATEMENT_EXECUTE|[140]
16:49:40.2 (30867208)|METHOD_ENTRY|[140]||System.EncodingUtil.urlEncode(String, String)
16:49:40.2 (30876925)|METHOD_EXIT|[140]||System.EncodingUtil.urlEncode(String, String)
16:49:40.2 (30878911)|HEAP_ALLOCATE|[140]|Bytes:61
16:49:40.2 (30881728)|HEAP_ALLOCATE|[EXTERNAL]|Bytes:4
16:49:40.2 (30886040)|HEAP_ALLOCATE|[137]|Bytes:5
16:49:40.2 (30891232)|VARIABLE_ASSIGNMENT|[137]|key|null
16:49:40.2 (30894403)|STATEMENT_EXECUTE|[143]
16:49:40.2 (30895690)|HEAP_ALLOCATE|[143]|Bytes:1
16:49:40.2 (30920649)|HEAP_ALLOCATE|[143]|Bytes:5
16:49:40.2 (30926478)|HEAP_ALLOCATE|[143]|Bytes:14
16:49:40.2 (30929391)|HEAP_ALLOCATE|[143]|Bytes:5
16:49:40.2 (30931639)|HEAP_ALLOCATE|[143]|Bytes:10
16:49:40.2 (30933923)|HEAP_ALLOCATE|[143]|Bytes:5
16:49:40.2 (30935960)|HEAP_ALLOCATE|[143]|Bytes:7
16:49:40.2 (30938608)|HEAP_ALLOCATE|[143]|Bytes:5
16:49:40.2 (30940656)|HEAP_ALLOCATE|[143]|Bytes:3576
16:49:40.2 (30943197)|HEAP_ALLOCATE|[143]|Bytes:5
16:49:40.2 (30945916)|HEAP_ALLOCATE|[143]|Bytes:18
16:49:40.2 (30948170)|HEAP_ALLOCATE|[143]|Bytes:5
16:49:40.2 (30950201)|HEAP_ALLOCATE|[143]|Bytes:61
16:49:40.2 (30952379)|HEAP_ALLOCATE|[143]|Bytes:5
16:49:40.2 (30954648)|HEAP_ALLOCATE|[143]|Bytes:3691
16:49:40.2 (30960053)|METHOD_EXIT|[24]|01pBK000001lFxV|PORTERS_BATCH_GetResumeData.buildQueryString(Map<String,String>)
16:49:40.2 (30964158)|HEAP_ALLOCATE|[24]|Bytes:3738
16:49:40.2 (30966360)|VARIABLE_SCOPE_BEGIN|[24]|endpoint|String|false|false
16:49:40.2 (30972337)|VARIABLE_ASSIGNMENT|[24]|endpoint|"https://api-hrbc-jp. (3718 more) ..."
16:49:40.2 (30974753)|STATEMENT_EXECUTE|[25]
16:49:40.2 (30997913)|VARIABLE_SCOPE_BEGIN|[25]|req|System.HttpRequest|true|false
16:49:40.2 (31044176)|VARIABLE_ASSIGNMENT|[25]|req|"System.HttpRequest[Endpoint=null, Method=null]"|0x2acd48ac
16:49:40.2 (31048396)|STATEMENT_EXECUTE|[26]
16:49:40.2 (31089135)|STATEMENT_EXECUTE|[27]
16:49:40.2 (31091135)|HEAP_ALLOCATE|[27]|Bytes:3
16:49:40.2 (31100098)|STATEMENT_EXECUTE|[28]
16:49:40.2 (35476770)|VARIABLE_SCOPE_BEGIN|[5]|PORTERSAuthHelper.CLIENT_ID|String|false|true
16:49:40.2 (35494278)|VARIABLE_SCOPE_BEGIN|[8]|PORTERSAuthHelper.DEFAULT_TOKEN_EXPIRES_SEC|Integer|false|true
16:49:40.2 (35498720)|VARIABLE_SCOPE_BEGIN|[3]|PORTERSAuthHelper.TOKEN_ENDPOINT|String|false|true
16:49:40.2 (35517255)|HEAP_ALLOCATE|[28]|Bytes:28
16:49:40.2 (35525503)|HEAP_ALLOCATE|[28]|Bytes:8
16:49:40.2 (35527573)|HEAP_ALLOCATE|[28]|Bytes:32
16:49:40.2 (35544153)|VARIABLE_ASSIGNMENT|[28]|PORTERSAuthHelper.CLIENT_ID|"a8678131f29ea6faf1ca (12 more) ..."
16:49:40.2 (35548939)|HEAP_ALLOCATE|[28]|Bytes:45
16:49:40.2 (35553229)|VARIABLE_ASSIGNMENT|[28]|PORTERSAuthHelper.TOKEN_ENDPOINT|"https://api-hrbc-jp. (25 more) ..."
16:49:40.2 (35577787)|METHOD_ENTRY|[1]|01pBK000001Z5HB|PORTERSAuthHelper.PORTERSAuthHelper()
16:49:40.2 (35582662)|STATEMENT_EXECUTE|[1]
16:49:40.2 (35586742)|STATEMENT_EXECUTE|[1]
16:49:40.2 (37739148)|SYSTEM_MODE_ENTER|false
16:49:40.2 (37764081)|HEAP_ALLOCATE|[8]|Bytes:5
16:49:40.2 (37771791)|STATEMENT_EXECUTE|[8]
16:49:40.2 (37780532)|HEAP_ALLOCATE|[8]|Bytes:4
16:49:40.2 (37798531)|VARIABLE_ASSIGNMENT|[8]|PORTERSAuthHelper.DEFAULT_TOKEN_EXPIRES_SEC|1800
16:49:40.2 (37801321)|STATEMENT_EXECUTE|[10]
16:49:40.2 (37802353)|STATEMENT_EXECUTE|[111]
16:49:40.2 (37808122)|SYSTEM_MODE_EXIT|false
16:49:40.2 (37824963)|METHOD_EXIT|[1]|PORTERSAuthHelper
16:49:40.2 (37852150)|METHOD_ENTRY|[28]|01pBK000001Z5HB|PORTERSAuthHelper.getAccessToken()
16:49:40.2 (37890372)|SYSTEM_MODE_ENTER|false
16:49:40.2 (37893365)|HEAP_ALLOCATE|[16]|Bytes:5
16:49:40.2 (37895742)|STATEMENT_EXECUTE|[15]
16:49:40.2 (37896770)|STATEMENT_EXECUTE|[16]
16:49:40.2 (37897508)|STATEMENT_EXECUTE|[16]
16:49:40.2 (37898377)|STATEMENT_EXECUTE|[18]
16:49:40.2 (37906102)|METHOD_ENTRY|[18]|01pBK000001Z5HB|PORTERSAuthHelper.getAuthorizationCode()
16:49:40.2 (37926703)|HEAP_ALLOCATE|[30]|Bytes:5
16:49:40.2 (37929234)|STATEMENT_EXECUTE|[29]
16:49:40.2 (37930047)|STATEMENT_EXECUTE|[30]
16:49:40.2 (37933264)|HEAP_ALLOCATE|[30]|Bytes:79
16:49:40.2 (37943690)|METHOD_ENTRY|[32]||System.EncodingUtil.urlEncode(String, String)
16:49:40.2 (37981247)|METHOD_EXIT|[32]||System.EncodingUtil.urlEncode(String, String)
16:49:40.2 (37983911)|HEAP_ALLOCATE|[33]|Bytes:7
16:49:40.2 (37988350)|HEAP_ALLOCATE|[33]|Bytes:48
16:49:40.2 (37992660)|METHOD_ENTRY|[33]||System.EncodingUtil.urlEncode(String, String)
16:49:40.2 (38014402)|METHOD_EXIT|[33]||System.EncodingUtil.urlEncode(String, String)
16:49:40.2 (38026957)|HEAP_ALLOCATE|[30]|Bytes:174
16:49:40.2 (38030721)|VARIABLE_SCOPE_BEGIN|[30]|endpoint|String|false|false
16:49:40.2 (38041485)|VARIABLE_ASSIGNMENT|[30]|endpoint|"https://api-hrbc-jp. (154 more) ..."
16:49:40.2 (38044332)|STATEMENT_EXECUTE|[35]
16:49:40.2 (38065747)|VARIABLE_SCOPE_BEGIN|[35]|req|System.HttpRequest|true|false
16:49:40.2 (38111428)|VARIABLE_ASSIGNMENT|[35]|req|"System.HttpRequest[Endpoint=null, Method=null]"|0x74bf4875
16:49:40.2 (38114727)|STATEMENT_EXECUTE|[36]
16:49:40.2 (38160034)|STATEMENT_EXECUTE|[37]
16:49:40.2 (38168506)|STATEMENT_EXECUTE|[39]
16:49:40.2 (38252451)|CALLOUT_REQUEST|[39]|System.HttpRequest[Endpoint=https://api-hrbc-jp.porterscloud.com/v1/oauth?response_type=code_direct&app_id=a8678131f29ea6faf1caa908a0f51c38&scope=candidate_r%2Cresume_r%2Cuser_r%2Coption_r%2Cpartition_r, Method=GET]
16:49:40.2 (94146862)|HEAP_ALLOCATE|[EXTERNAL]|Bytes:348
16:49:40.2 (95092545)|CALLOUT_RESPONSE|[39]|System.HttpResponse[Status=OK, StatusCode=200]
16:49:40.2 (95148700)|HEAP_ALLOCATE|[39]|Bytes:181
16:49:40.2 (95190761)|VARIABLE_SCOPE_BEGIN|[39]|res|System.HttpResponse|true|false
16:49:40.2 (95243328)|VARIABLE_ASSIGNMENT|[39]|res|"System.HttpResponse[Status=OK, StatusCode=200]"|0x32bb5c93
16:49:40.2 (95328962)|STATEMENT_EXECUTE|[42]
16:49:40.2 (95331552)|STATEMENT_EXECUTE|[46]
16:49:40.2 (95357893)|VARIABLE_SCOPE_BEGIN|[46]|doc|dom.Document|true|false
16:49:40.2 (95384936)|VARIABLE_ASSIGNMENT|[46]|doc|"Document[]"|0x18390eb4
16:49:40.2 (95390199)|STATEMENT_EXECUTE|[47]
16:49:40.2 (95435752)|HEAP_ALLOCATE|[47]|Bytes:175
16:49:40.2 (95616139)|HEAP_ALLOCATE|[48]|Bytes:4
16:49:40.2 (95621859)|HEAP_ALLOCATE|[48]|Bytes:4
16:49:40.2 (95624834)|HEAP_ALLOCATE|[48]|Bytes:4
16:49:40.2 (95626434)|HEAP_ALLOCATE|[48]|Bytes:4
16:49:40.2 (95702234)|HEAP_ALLOCATE|[48]|Bytes:5
16:49:40.2 (95721387)|HEAP_ALLOCATE|[48]|Bytes:4
16:49:40.2 (95732429)|VARIABLE_SCOPE_BEGIN|[48]|child|dom.XmlNode|true|false
16:49:40.2 (95791557)|VARIABLE_ASSIGNMENT|[48]|child|"XMLNode[ELEMENT,Code,null,null,null,[XMLNode[TEXT,null,null,null,null,null,93482e1c39e08f8c4c42fe610814d8f5,]],null,]"|0x7ceda9ce
16:49:40.2 (95796737)|STATEMENT_EXECUTE|[48]
16:49:40.2 (95813930)|HEAP_ALLOCATE|[49]|Bytes:4
16:49:40.2 (95819474)|HEAP_ALLOCATE|[49]|Bytes:4
16:49:40.2 (95845161)|STATEMENT_EXECUTE|[49]
16:49:40.2 (95846040)|STATEMENT_EXECUTE|[50]
16:49:40.2 (95853543)|HEAP_ALLOCATE|[50]|Bytes:32
16:49:40.2 (95871543)|METHOD_EXIT|[18]|01pBK000001Z5HB|PORTERSAuthHelper.getAuthorizationCode()
16:49:40.2 (95876586)|VARIABLE_SCOPE_BEGIN|[18]|authCode|String|false|false
16:49:40.2 (95885757)|VARIABLE_ASSIGNMENT|[18]|authCode|"93482e1c39e08f8c4c42 (12 more) ..."
16:49:40.2 (95888161)|STATEMENT_EXECUTE|[20]
16:49:40.2 (95901751)|METHOD_ENTRY|[20]|01pBK000001Z5HB|PORTERSAuthHelper.getAccessTokenFromCode(String)
16:49:40.2 (96197182)|VARIABLE_SCOPE_BEGIN|[56]|authCode|String|false|false
16:49:40.2 (96205882)|VARIABLE_ASSIGNMENT|[56]|authCode|"93482e1c39e08f8c4c42 (12 more) ..."
16:49:40.2 (96217311)|HEAP_ALLOCATE|[57]|Bytes:5
16:49:40.2 (96220353)|STATEMENT_EXECUTE|[56]
16:49:40.2 (96221440)|STATEMENT_EXECUTE|[57]
16:49:40.2 (100613046)|VARIABLE_SCOPE_BEGIN|[2]|SecretUtil.FIXED_KEY_BASE64|String|false|true
16:49:40.2 (100659892)|VARIABLE_SCOPE_BEGIN|[3]|SecretUtil.cryptoKey|Blob|false|true
16:49:40.2 (100680302)|HEAP_ALLOCATE|[57]|Bytes:92
16:49:40.2 (100689744)|HEAP_ALLOCATE|[57]|Bytes:6
16:49:40.2 (100692074)|HEAP_ALLOCATE|[57]|Bytes:44
16:49:40.2 (100707784)|VARIABLE_ASSIGNMENT|[57]|SecretUtil.FIXED_KEY_BASE64|"mbTLdmVLN3dVjExO0zaB (24 more) ..."
16:49:40.2 (100735959)|METHOD_ENTRY|[1]|01pBK000001Z5HD|SecretUtil.SecretUtil()
16:49:40.2 (100740449)|STATEMENT_EXECUTE|[1]
16:49:40.2 (100745266)|STATEMENT_EXECUTE|[1]
16:49:40.2 (100752813)|SYSTEM_MODE_ENTER|true
16:49:40.2 (100760932)|HEAP_ALLOCATE|[57]|Bytes:5
16:49:40.2 (100766584)|SYSTEM_MODE_EXIT|true
16:49:40.2 (100776359)|METHOD_EXIT|[1]|SecretUtil
16:49:40.2 (100798418)|METHOD_ENTRY|[57]|01pBK000001Z5HD|SecretUtil.getDecryptedSecret()
16:49:40.2 (100830956)|SYSTEM_MODE_ENTER|true
16:49:40.2 (100834099)|HEAP_ALLOCATE|[19]|Bytes:5
16:49:40.2 (100837204)|STATEMENT_EXECUTE|[18]
16:49:40.2 (100886950)|HEAP_ALLOCATE|[19]|Bytes:118
16:49:40.2 (100894593)|SYSTEM_METHOD_ENTRY|[1]|Test.Test()
16:49:40.2 (100897422)|STATEMENT_EXECUTE|[1]
16:49:40.2 (100904528)|SYSTEM_METHOD_EXIT|[1]|Test
16:49:40.2 (100911281)|METHOD_ENTRY|[19]||System.Test.isRunningTest()
16:49:40.2 (100959568)|METHOD_EXIT|[19]||System.Test.isRunningTest()
16:49:40.2 (100963918)|STATEMENT_EXECUTE|[19]
16:49:40.2 (100965621)|STATEMENT_EXECUTE|[23]
16:49:40.2 (104716586)|HEAP_ALLOCATE|[23]|Bytes:72
16:49:40.2 (104764001)|VARIABLE_SCOPE_BEGIN|[23]|settings|PORTERS_Settings__c|true|false
16:49:40.2 (105049973)|VARIABLE_ASSIGNMENT|[23]|settings|{"LastModifiedDate":"2026-04-02T06:15:55.000Z","IsDeleted":false,"LastSyncTime__c":"2026-04-02T06:15:55.000Z","Client_Secret__c":"sPeXbzmOIRQwl4zKeRFR (108 more) ...","PARTITION_ID__c":2012.0,"API_Call_Count__c":2.0,"Token_Expires_At__c":"2026-03-31T10:09:06.000Z","SetupOwnerId":"00DBK000004uTTF2A2","Access_Token__c":"eba88d5229388a807c43 (12 more) ...","Name":"a0PBK000008oB5J","SystemModstamp":"2026-04-02T06:15:55.000Z","Is_Development_Mode__c":true,"CreatedById":"0057F0000042UBbQAM","CreatedDate":"2026-03-05T03:24:41.000Z","Last_Call_Timestamp__c":"2026-03-31T09:39:06.000Z","Id":"a0PBK000008oB5J2AU","LastModifiedById":"0057F0000042UBbQAM"}|0x98d4800
16:49:40.2 (105179726)|STATEMENT_EXECUTE|[24]
16:49:40.2 (105182605)|STATEMENT_EXECUTE|[26]
16:49:40.2 (105201657)|METHOD_ENTRY|[26]||System.EncodingUtil.base64Decode(String)
16:49:40.2 (105306049)|METHOD_EXIT|[26]||System.EncodingUtil.base64Decode(String)
16:49:40.2 (105312015)|VARIABLE_SCOPE_BEGIN|[26]|encryptedBlob|Blob|false|false
16:49:40.2 (105334415)|VARIABLE_ASSIGNMENT|[26]|encryptedBlob|BLOB(96 bytes)
16:49:40.2 (105339330)|STATEMENT_EXECUTE|[27]
16:49:40.2 (105343637)|HEAP_ALLOCATE|[27]|Bytes:6
16:49:40.2 (105376839)|HEAP_ALLOCATE|[5]|Bytes:5
16:49:40.2 (105381094)|STATEMENT_EXECUTE|[4]
16:49:40.2 (105383222)|STATEMENT_EXECUTE|[5]
16:49:40.2 (105392416)|METHOD_ENTRY|[5]||System.EncodingUtil.base64Decode(String)
16:49:40.2 (105427140)|METHOD_EXIT|[5]||System.EncodingUtil.base64Decode(String)
16:49:40.2 (105500304)|HEAP_ALLOCATE|[27]|Bytes:55
16:49:40.2 (105521435)|SYSTEM_METHOD_ENTRY|[1]|Crypto.Crypto()
16:49:40.2 (105524781)|STATEMENT_EXECUTE|[1]
16:49:40.2 (105534317)|SYSTEM_METHOD_EXIT|[1]|Crypto
16:49:40.2 (105544658)|METHOD_ENTRY|[27]||System.Crypto.decryptWithManagedIV(String, Blob, Blob)
16:49:40.2 (106129608)|METHOD_EXIT|[27]||System.Crypto.decryptWithManagedIV(String, Blob, Blob)
16:49:40.2 (106139603)|VARIABLE_SCOPE_BEGIN|[27]|decryptedBlob|Blob|false|false
16:49:40.2 (106156032)|VARIABLE_ASSIGNMENT|[27]|decryptedBlob|BLOB(64 bytes)
16:49:40.2 (106159295)|STATEMENT_EXECUTE|[28]
16:49:40.2 (106211209)|HEAP_ALLOCATE|[28]|Bytes:64
16:49:40.2 (106223240)|SYSTEM_MODE_EXIT|true
16:49:40.2 (106232381)|METHOD_EXIT|[57]|01pBK000001Z5HD|SecretUtil.getDecryptedSecret()
16:49:40.2 (106235975)|VARIABLE_SCOPE_BEGIN|[57]|clientSecret|String|false|false
16:49:40.2 (106245763)|VARIABLE_ASSIGNMENT|[57]|clientSecret|"7986ef9caa80a97f988f (44 more) ..."
16:49:40.2 (106265137)|STATEMENT_EXECUTE|[58]
16:49:40.2 (106266375)|STATEMENT_EXECUTE|[62]
16:49:40.2 (106289791)|VARIABLE_SCOPE_BEGIN|[62]|req|System.HttpRequest|true|false
16:49:40.2 (106327385)|VARIABLE_ASSIGNMENT|[62]|req|"System.HttpRequest[Endpoint=null, Method=null]"|0x7b6f668d
16:49:40.2 (106330982)|STATEMENT_EXECUTE|[63]
16:49:40.2 (106380995)|STATEMENT_EXECUTE|[64]
16:49:40.2 (106384175)|HEAP_ALLOCATE|[64]|Bytes:4
16:49:40.2 (106395470)|STATEMENT_EXECUTE|[65]
16:49:40.2 (106396905)|HEAP_ALLOCATE|[65]|Bytes:12
16:49:40.2 (106399716)|HEAP_ALLOCATE|[65]|Bytes:33
16:49:40.2 (106413318)|STATEMENT_EXECUTE|[67]
16:49:40.2 (106414970)|HEAP_ALLOCATE|[67]|Bytes:29
16:49:40.2 (106424726)|METHOD_ENTRY|[68]||System.EncodingUtil.urlEncode(String, String)
16:49:40.2 (106447800)|METHOD_EXIT|[68]||System.EncodingUtil.urlEncode(String, String)
16:49:40.2 (106450794)|HEAP_ALLOCATE|[69]|Bytes:8
16:49:40.2 (106454110)|METHOD_ENTRY|[69]||System.EncodingUtil.urlEncode(String, String)
16:49:40.2 (106465519)|METHOD_EXIT|[69]||System.EncodingUtil.urlEncode(String, String)
16:49:40.2 (106467930)|HEAP_ALLOCATE|[70]|Bytes:6
16:49:40.2 (106470951)|METHOD_ENTRY|[70]||System.EncodingUtil.urlEncode(String, String)
16:49:40.2 (106481197)|METHOD_EXIT|[70]||System.EncodingUtil.urlEncode(String, String)
16:49:40.2 (106490119)|HEAP_ALLOCATE|[67]|Bytes:171
16:49:40.2 (106518795)|STATEMENT_EXECUTE|[72]
16:49:40.2 (106568682)|CALLOUT_REQUEST|[72]|System.HttpRequest[Endpoint=https://api-hrbc-jp.porterscloud.com/v1/token, Method=POST]
16:49:40.2 (156280226)|HEAP_ALLOCATE|[EXTERNAL]|Bytes:529
16:49:40.2 (157004905)|CALLOUT_RESPONSE|[72]|System.HttpResponse[Status=OK, StatusCode=200]
16:49:40.2 (157032661)|HEAP_ALLOCATE|[72]|Bytes:362
16:49:40.2 (157063809)|VARIABLE_SCOPE_BEGIN|[72]|res|System.HttpResponse|true|false
16:49:40.2 (157113646)|VARIABLE_ASSIGNMENT|[72]|res|"System.HttpResponse[Status=OK, StatusCode=200]"|0x5ad2e506
16:49:40.2 (157176348)|STATEMENT_EXECUTE|[75]
16:49:40.2 (157178368)|STATEMENT_EXECUTE|[79]
16:49:40.2 (157199621)|VARIABLE_SCOPE_BEGIN|[79]|doc|dom.Document|true|false
16:49:40.2 (157216255)|VARIABLE_ASSIGNMENT|[79]|doc|"Document[]"|0x57b6b56e
16:49:40.2 (157219525)|STATEMENT_EXECUTE|[80]
16:49:40.2 (157251754)|HEAP_ALLOCATE|[80]|Bytes:356
16:49:40.2 (157322572)|STATEMENT_EXECUTE|[81]
16:49:40.2 (157340011)|VARIABLE_SCOPE_BEGIN|[81]|root|dom.XmlNode|true|false
16:49:40.2 (157396540)|VARIABLE_ASSIGNMENT|[81]|root|"XMLNode[ELEMENT,Authentication,null,null,null,[XMLNode[ELEMENT,AccessToken,null,null,null,[XMLNode[TEXT,null,null,null,null,null,86b5b02407d29f1295d91f2f7f3641d0,]],null,], XMLNode[ELEMENT,AccessTokenExpiresIn,null,null,null,[XMLNode[TEXT,null,null,null,null,null,1800000,]],null,], XMLNode[ELEMENT,RefreshToken,null,null,null,[XMLNode[TEXT,null,null,null,null,null,a6d21bc8c1bc422ef416b0c6fa2b2580,]],null,], XMLNode[ELEMENT,RefreshTokenExpiresIn,null,null,null,[XMLNode[TEXT,null,null,null,null,null,7200000,]],null,], XMLNode[ELEMENT,Error,null,null,null,[XMLNode[TEXT,null,null,null,null,null,0,]],null,], XMLNode[ELEMENT,Message,null,null,null,[XMLNode[TEXT,null,null,null,null,null,Success,]],null,]],null,]"|0x39b165f9
16:49:40.2 (157403650)|STATEMENT_EXECUTE|[83]
16:49:40.2 (157412439)|HEAP_ALLOCATE|[83]|Bytes:120
16:49:40.2 (157419063)|HEAP_ALLOCATE|[83]|Bytes:5
16:49:40.2 (157443229)|HEAP_ALLOCATE|[83]|Bytes:12
16:49:40.2 (157473147)|CONSTRUCTOR_ENTRY|[83]|01pBK000001Z5HB|<init>()|PORTERSAuthHelper.TokenResult
16:49:40.2 (157509631)|VARIABLE_SCOPE_BEGIN|[10]|this|PORTERSAuthHelper.TokenResult|true|false
16:49:40.2 (157554199)|VARIABLE_ASSIGNMENT|[10]|this|{}|0x7e2197b7
16:49:40.2 (157578038)|STATEMENT_EXECUTE|[10]
16:49:40.2 (157579103)|STATEMENT_EXECUTE|[11]
16:49:40.2 (157579903)|STATEMENT_EXECUTE|[12]
16:49:40.2 (157582802)|CONSTRUCTOR_EXIT|[83]|01pBK000001Z5HB|<init>()|PORTERSAuthHelper.TokenResult
16:49:40.2 (157586338)|VARIABLE_SCOPE_BEGIN|[83]|result|PORTERSAuthHelper.TokenResult|true|false
16:49:40.2 (157593407)|VARIABLE_ASSIGNMENT|[83]|result|{}|0x7e2197b7
16:49:40.2 (157596286)|STATEMENT_EXECUTE|[84]
16:49:40.2 (157597869)|VARIABLE_SCOPE_BEGIN|[84]|errorCode|String|false|false
16:49:40.2 (157604494)|VARIABLE_ASSIGNMENT|[84]|errorCode|null
16:49:40.2 (157606654)|STATEMENT_EXECUTE|[85]
16:49:40.2 (157607716)|VARIABLE_SCOPE_BEGIN|[85]|errorMessage|String|false|false
16:49:40.2 (157611957)|VARIABLE_ASSIGNMENT|[85]|errorMessage|null
16:49:40.2 (157656246)|HEAP_ALLOCATE|[87]|Bytes:4
16:49:40.2 (157658448)|HEAP_ALLOCATE|[87]|Bytes:4
16:49:40.2 (157659842)|HEAP_ALLOCATE|[87]|Bytes:4
16:49:40.2 (157661279)|HEAP_ALLOCATE|[87]|Bytes:4
16:49:40.2 (157662693)|HEAP_ALLOCATE|[87]|Bytes:4
16:49:40.2 (157664181)|HEAP_ALLOCATE|[87]|Bytes:4
16:49:40.2 (157665573)|HEAP_ALLOCATE|[87]|Bytes:4
16:49:40.2 (157713167)|HEAP_ALLOCATE|[87]|Bytes:5
16:49:40.2 (157725763)|HEAP_ALLOCATE|[87]|Bytes:11
16:49:40.2 (157731581)|VARIABLE_SCOPE_BEGIN|[87]|child|dom.XmlNode|true|false
16:49:40.2 (157749708)|VARIABLE_ASSIGNMENT|[87]|child|"XMLNode[ELEMENT,AccessToken,null,null,null,[XMLNode[TEXT,null,null,null,null,null,86b5b02407d29f1295d91f2f7f3641d0,]],null,]"|0x1cde50d8
16:49:40.2 (157753743)|STATEMENT_EXECUTE|[87]
16:49:40.2 (157754653)|STATEMENT_EXECUTE|[88]
16:49:40.2 (157767616)|HEAP_ALLOCATE|[88]|Bytes:11
16:49:40.2 (157771216)|VARIABLE_SCOPE_BEGIN|[88]|nodeName|String|false|false
16:49:40.2 (157778095)|VARIABLE_ASSIGNMENT|[88]|nodeName|"AccessToken"
16:49:40.2 (157782487)|HEAP_ALLOCATE|[89]|Bytes:5
16:49:40.2 (157809286)|HEAP_ALLOCATE|[91]|Bytes:7
16:49:40.2 (157814674)|HEAP_ALLOCATE|[93]|Bytes:11
16:49:40.2 (157818196)|STATEMENT_EXECUTE|[93]
16:49:40.2 (157819111)|STATEMENT_EXECUTE|[94]
16:49:40.2 (157826476)|HEAP_ALLOCATE|[94]|Bytes:32
16:49:40.2 (157860080)|VARIABLE_ASSIGNMENT|[EXTERNAL]|this|{}|0x7e2197b7
16:49:40.2 (157874786)|VARIABLE_ASSIGNMENT|[EXTERNAL]|value|"86b5b02407d29f1295d9 (12 more) ..."
16:49:40.2 (157896370)|VARIABLE_ASSIGNMENT|[11]|this.accessToken|"86b5b02407d29f1295d9 (12 more) ..."|0x7e2197b7
16:49:40.2 (157921391)|HEAP_ALLOCATE|[87]|Bytes:5
16:49:40.2 (157932788)|HEAP_ALLOCATE|[87]|Bytes:20
16:49:40.2 (157940300)|VARIABLE_SCOPE_BEGIN|[87]|child|dom.XmlNode|true|false
16:49:40.2 (157982598)|VARIABLE_ASSIGNMENT|[87]|child|"XMLNode[ELEMENT,AccessTokenExpiresIn,null,null,null,[XMLNode[TEXT,null,null,null,null,null,1800000,]],null,]"|0x34cae85c
16:49:40.2 (157989176)|STATEMENT_EXECUTE|[87]
16:49:40.2 (157990494)|STATEMENT_EXECUTE|[88]
16:49:40.2 (157997223)|HEAP_ALLOCATE|[88]|Bytes:20
16:49:40.2 (158002785)|VARIABLE_SCOPE_BEGIN|[88]|nodeName|String|false|false
16:49:40.2 (158015083)|VARIABLE_ASSIGNMENT|[88]|nodeName|"AccessTokenExpiresIn"
16:49:40.2 (158044581)|HEAP_ALLOCATE|[95]|Bytes:20
16:49:40.2 (158053339)|STATEMENT_EXECUTE|[95]
16:49:40.2 (158054804)|STATEMENT_EXECUTE|[96]
16:49:40.2 (158070237)|HEAP_ALLOCATE|[96]|Bytes:7
16:49:40.2 (158141064)|VARIABLE_ASSIGNMENT|[EXTERNAL]|this|{"accessToken":"86b5b02407d29f1295d9 (12 more) ..."}|0x7e2197b7
16:49:40.2 (158151726)|VARIABLE_ASSIGNMENT|[EXTERNAL]|value|1800000
16:49:40.2 (158158290)|HEAP_ALLOCATE|[12]|Bytes:4
16:49:40.2 (158163421)|VARIABLE_ASSIGNMENT|[12]|this.expiresIn|1800000|0x7e2197b7
16:49:40.2 (158173096)|HEAP_ALLOCATE|[87]|Bytes:5
16:49:40.2 (158179301)|HEAP_ALLOCATE|[87]|Bytes:12
16:49:40.2 (158182615)|VARIABLE_SCOPE_BEGIN|[87]|child|dom.XmlNode|true|false
16:49:40.2 (158203953)|VARIABLE_ASSIGNMENT|[87]|child|"XMLNode[ELEMENT,RefreshToken,null,null,null,[XMLNode[TEXT,null,null,null,null,null,a6d21bc8c1bc422ef416b0c6fa2b2580,]],null,]"|0x6db37ee1
16:49:40.2 (158207979)|STATEMENT_EXECUTE|[87]
16:49:40.2 (158208803)|STATEMENT_EXECUTE|[88]
16:49:40.2 (158212187)|HEAP_ALLOCATE|[88]|Bytes:12
16:49:40.2 (158215356)|VARIABLE_SCOPE_BEGIN|[88]|nodeName|String|false|false
16:49:40.2 (158220212)|VARIABLE_ASSIGNMENT|[88]|nodeName|"RefreshToken"
16:49:40.2 (158231236)|STATEMENT_EXECUTE|[89]
16:49:40.2 (158234464)|HEAP_ALLOCATE|[87]|Bytes:5
16:49:40.2 (158238726)|HEAP_ALLOCATE|[87]|Bytes:21
16:49:40.2 (158241185)|VARIABLE_SCOPE_BEGIN|[87]|child|dom.XmlNode|true|false
16:49:40.2 (158252221)|VARIABLE_ASSIGNMENT|[87]|child|"XMLNode[ELEMENT,RefreshTokenExpiresIn,null,null,null,[XMLNode[TEXT,null,null,null,null,null,7200000,]],null,]"|0x4ab142d9
16:49:40.2 (158255215)|STATEMENT_EXECUTE|[87]
16:49:40.2 (158255987)|STATEMENT_EXECUTE|[88]
16:49:40.2 (158258700)|HEAP_ALLOCATE|[88]|Bytes:21
16:49:40.2 (158261381)|VARIABLE_SCOPE_BEGIN|[88]|nodeName|String|false|false
16:49:40.2 (158266230)|VARIABLE_ASSIGNMENT|[88]|nodeName|"RefreshTokenExpiresI (1 more) ..."
16:49:40.2 (158275981)|STATEMENT_EXECUTE|[89]
16:49:40.2 (158278939)|HEAP_ALLOCATE|[87]|Bytes:5
16:49:40.2 (158282931)|HEAP_ALLOCATE|[87]|Bytes:5
16:49:40.2 (158285151)|VARIABLE_SCOPE_BEGIN|[87]|child|dom.XmlNode|true|false
16:49:40.2 (158295258)|VARIABLE_ASSIGNMENT|[87]|child|"XMLNode[ELEMENT,Error,null,null,null,[XMLNode[TEXT,null,null,null,null,null,0,]],null,]"|0x568ba1ad
16:49:40.2 (158298204)|STATEMENT_EXECUTE|[87]
16:49:40.2 (158298972)|STATEMENT_EXECUTE|[88]
16:49:40.2 (158301675)|HEAP_ALLOCATE|[88]|Bytes:5
16:49:40.2 (158304359)|VARIABLE_SCOPE_BEGIN|[88]|nodeName|String|false|false
16:49:40.2 (158308519)|VARIABLE_ASSIGNMENT|[88]|nodeName|"Error"
16:49:40.2 (158312136)|STATEMENT_EXECUTE|[89]
16:49:40.2 (158313246)|STATEMENT_EXECUTE|[90]
16:49:40.2 (158321444)|HEAP_ALLOCATE|[90]|Bytes:1
16:49:40.2 (158325787)|VARIABLE_ASSIGNMENT|[90]|errorCode|"0"
16:49:40.2 (158330175)|HEAP_ALLOCATE|[87]|Bytes:5
16:49:40.2 (158334075)|HEAP_ALLOCATE|[87]|Bytes:7
16:49:40.2 (158336369)|VARIABLE_SCOPE_BEGIN|[87]|child|dom.XmlNode|true|false
16:49:40.2 (158347153)|VARIABLE_ASSIGNMENT|[87]|child|"XMLNode[ELEMENT,Message,null,null,null,[XMLNode[TEXT,null,null,null,null,null,Success,]],null,]"|0x1f61179d
16:49:40.2 (158350547)|STATEMENT_EXECUTE|[87]
16:49:40.2 (158351475)|STATEMENT_EXECUTE|[88]
16:49:40.2 (158354156)|HEAP_ALLOCATE|[88]|Bytes:7
16:49:40.2 (158356961)|VARIABLE_SCOPE_BEGIN|[88]|nodeName|String|false|false
16:49:40.2 (158361219)|VARIABLE_ASSIGNMENT|[88]|nodeName|"Message"
16:49:40.2 (158366161)|STATEMENT_EXECUTE|[91]
16:49:40.2 (158367113)|STATEMENT_EXECUTE|[92]
16:49:40.2 (158371785)|HEAP_ALLOCATE|[92]|Bytes:7
16:49:40.2 (158376000)|VARIABLE_ASSIGNMENT|[92]|errorMessage|"Success"
16:49:40.2 (158380434)|HEAP_ALLOCATE|[87]|Bytes:5
16:49:40.2 (158384970)|VARIABLE_ASSIGNMENT|[87]|child|null|
16:49:40.2 (158389742)|HEAP_ALLOCATE|[100]|Bytes:1
16:49:40.2 (158396470)|STATEMENT_EXECUTE|[100]
16:49:40.2 (158425091)|VARIABLE_ASSIGNMENT|[EXTERNAL]|this|{"accessToken":"86b5b02407d29f1295d9 (12 more) ...","expiresIn":1800000}|0x7e2197b7
16:49:40.2 (158452754)|VARIABLE_ASSIGNMENT|[EXTERNAL]|this|{"accessToken":"86b5b02407d29f1295d9 (12 more) ...","expiresIn":1800000}|0x7e2197b7
16:49:40.2 (158458027)|HEAP_ALLOCATE|[104]|Bytes:4
16:49:40.2 (158463622)|STATEMENT_EXECUTE|[104]
16:49:40.2 (158464559)|STATEMENT_EXECUTE|[108]
16:49:40.2 (158475256)|METHOD_EXIT|[20]|01pBK000001Z5HB|PORTERSAuthHelper.getAccessTokenFromCode(String)
16:49:40.2 (158479343)|VARIABLE_SCOPE_BEGIN|[20]|tokenResult|PORTERSAuthHelper.TokenResult|true|false
16:49:40.2 (158486869)|VARIABLE_ASSIGNMENT|[20]|tokenResult|{"accessToken":"86b5b02407d29f1295d9 (12 more) ...","expiresIn":1800000}|0x7e2197b7
16:49:40.2 (158489669)|STATEMENT_EXECUTE|[22]
16:49:40.2 (158498897)|VARIABLE_ASSIGNMENT|[EXTERNAL]|this|{"accessToken":"86b5b02407d29f1295d9 (12 more) ...","expiresIn":1800000}|0x7e2197b7
16:49:40.2 (158506173)|SYSTEM_MODE_EXIT|false
16:49:40.2 (158513891)|METHOD_EXIT|[28]|01pBK000001Z5HB|PORTERSAuthHelper.getAccessToken()
16:49:40.2 (158516802)|VARIABLE_SCOPE_BEGIN|[28]|token|String|false|false
16:49:40.2 (158521904)|VARIABLE_ASSIGNMENT|[28]|token|"86b5b02407d29f1295d9 (12 more) ..."
16:49:40.2 (158524175)|STATEMENT_EXECUTE|[29]
16:49:40.2 (158525956)|HEAP_ALLOCATE|[29]|Bytes:26
16:49:40.2 (158555833)|STATEMENT_EXECUTE|[30]
16:49:40.2 (158557876)|HEAP_ALLOCATE|[30]|Bytes:30
16:49:40.2 (158565602)|STATEMENT_EXECUTE|[31]
16:49:40.2 (158566934)|HEAP_ALLOCATE|[31]|Bytes:22
16:49:40.2 (158569468)|HEAP_ALLOCATE|[31]|Bytes:1
16:49:40.2 (158576674)|STATEMENT_EXECUTE|[32]
16:49:40.2 (158588589)|VARIABLE_SCOPE_BEGIN|[32]|http|System.Http|true|false
16:49:40.2 (158611085)|VARIABLE_ASSIGNMENT|[32]|http|"System.Http[]"|0x35f37af8
16:49:40.2 (158613898)|STATEMENT_EXECUTE|[33]
16:49:40.2 (158664713)|CALLOUT_REQUEST|[33]|System.HttpRequest[Endpoint=https://api-hrbc-jp.porterscloud.com/v1/resume?partition=2012&count=2000&start=0&field=Resume.P_RegisterChannel%2CResume.U_4519E06428F3E45FB1C14E878185BE%2CResume.U_45A05CBAF79D5527F38A6F59E1243B%2CResume.U_E49E1480A206956CDD882F6A2063E7%2CResume.P_Id%2CResume.U_AC5A0D55E86D3363238C61F123390E%2CResume.U_LASTLOGIN%2CResume.U_91DBD8B96BAAD6B33B538CF2494377%2CResume.P_Candidate%2CResume.P_DateOfBirth%2CResume.P_Gender%2CResume.U_4F79E5889587A2E73847A8B269B808%2CResume.U_7F3DF7F61EEF0679AA432646777832%2CResume.U_5247D11C2262F3D9D357DA3D7D472B%2CResume.P_Phase%2CResume.P_PhaseDate%2CResume.U_673275A4DA445C9B23AC18BDD7C4DC%2CResume.U_85DEA8FA18EF17830FD8A036EC95A4%2CResume.P_Education%2CResume.U_217F6B518AF9B5910F86DE3553210E%2CResume.P_TelephoneReference%2CResume.P_MobileReference%2CResume.P_Mail%2CResume.P_MobileMail%2CResume.U_57CF0FC339534D5E1CCAB9E5720732%2CResume.U_40A13BD8D79CFAA685ED4C454030D3%2CResume.P_CurrentStatus%2CResume.P_ChangeJobsCount%2CResume.U_97A8BC60EE4C6181D71B62B0A94867%2CResume.U_C5A71273732B694582E953EE29B262%2CResume.U_48B3606404C39777B9C4D652EB9B33%2CResume.U_983513B1B1284C1AE08155656440DE%2CResume.U_7790CB5A294982B42C78415C082D80%2CResume.U_459C918AD0E71B7D760A7B466FEC2D%2CResume.U_5598122582348E10065B3A9B2FCC79%2CResume.U_7C79BBCF39E0D849E54929A8D70B06%2CResume.U_AEEC844BBC2B3D25C87D589DDCDC28%2CResume.U_223D0173F7AB1E5F4A15DC0DB0904C%2CResume.U_BC07D210E9789C7E4C16092C2718F0%2CResume.U_959F4DF5330A30BF416EE53592D689%2CResume.U_DF0E1BF1E942DE5B44759F145F26CC%2CResume.U_A1D41116DCC9F246FBE2505927D801%2CResume.U_1342FD85C7DD1612C466A201748F45%2CResume.U_AA13AA68D5EF4EAC7F9E80626F6401%2CResume.U_7A82F71961342ABC309E82F3CB4549%2CResume.U_088F183F5A467370986D82D8A56820%2CResume.U_84014DC41521C8B72456DA0602B1DC%2CResume.U_6BFFD96228CF84803A26F4F04200F0%2CResume.U_D430BFCB51DF105C5546258FA6D8E2%2CResume.U_DDA38E8BC45B94D70819747CE7B627%2CResume.U_60E42092BAB538A1E256CE86B3418A%2CResume.U_96F0A72569A21441DA7E5F9D6ACBEA%2CResume.U_F2C3465D66ECA0A6227F731DB868B0%2CResume.U_AGENTSTATUS%2CResume.U_AGETNTSUSAGE%2CResume.U_4495E00E8A888DDC61CF3A56D104F8%2CResume.P_ExpectArea%2CResume.U_80F76B1B3D339C9387773F1C457E51%2CResume.U_KKSKGN%2CResume.U_CE0C8801E69FA2E26E349B09856C0C%2CResume.P_ExpectEmploymentType%2CResume.U_94A609C4275F50CC7C617F6CE0A409%2CResume.P_ExpectCondition%2CResume.U_F7E834098FD85B1A86E77396219E2B%2CResume.U_EF980BC1829E8EC05C300033CFABFC%2CResume.P_ExperiencedIndustry%2CResume.P_ExperiencedJobCategory%2CResume.P_CurrentSalary%2CResume.U_7A6877EFE8D7FB90A4DA9571370642%2CResume.U_D16C6D4F1B6C32B4AC53819D88043F%2CResume.U_8D0C259C0AFF6CDF1806A87DC5F439%2CResume.U_C4E94650CDEFC413E234DD7E6C9274%2CResume.U_971466A5917927863462EF570C1169%2CResume.U_8F8E666EE51CC8D00788940A3DC98C%2CResume.P_ExpectIndustry%2CResume.P_ExpectJobCategory%2CResume.P_CarrierSummary%2CResume.U_42902DED368132819B152E589AA578%2CResume.U_5475007220C4E3258472D5626A0563%2CResume.U_C80486912236BD021D1B63FFB762B4%2CResume.U_12A4C297CC5D159213875DA2210BF2%2CResume.U_ADE568278037E18C20F3AF78AAF8A8%2CResume.U_90AD127E5FCEBCD1AF01DDC8295708%2CResume.U_F205EBF7F6A862C6A9E8DDB135F797%2CResume.U_94E831023512892988CDD4FC4987EB%2CResume.U_13C45F7FFAFC1AB430E6038C76125A%2CResume.U_5F7FC5144BA471117A376B60BC8D90%2CResume.U_8E20986D8967D107BEE5D63870AD68%2CResume.U_DDF5A119155AD1F559BAA37C031C4E%2CResume.P_RegistrationDate%2CResume.P_RegisteredBy%2CResume.P_UpdateDate%2CResume.P_UpdatedBy%2CResume.U_GCLID%2CResume.U_B41102CD1A612DA93AA74B5462DE6E%2CResume.U_8B5178364C17E24A72A2113296D4A5%2CResume.U_9B5DE90D67C3C57A12D66F84AFA05F%2CResume.U_ACB4CAC6E89348FD55DF19E6E20155%2CResume.U_8EF0F79E169EAD365B63D86C9C80B8&itemstate=existing&condition=Person.P_UpdateDate%3E%272026-04-02+15%3A15%3A55%27, Method=GET]
16:49:40.2 (216942115)|HEAP_ALLOCATE|[EXTERNAL]|Bytes:294
16:49:40.2 (218297868)|CALLOUT_RESPONSE|[33]|System.HttpResponse[Status=OK, StatusCode=200]
16:49:40.2 (218330259)|HEAP_ALLOCATE|[33]|Bytes:127
16:49:40.2 (218361246)|VARIABLE_SCOPE_BEGIN|[33]|res|System.HttpResponse|true|false
16:49:40.2 (218422742)|VARIABLE_ASSIGNMENT|[33]|res|"System.HttpResponse[Status=OK, StatusCode=200]"|0x76042c04
16:49:40.2 (218494315)|STATEMENT_EXECUTE|[34]
16:49:40.2 (218496412)|STATEMENT_EXECUTE|[35]
16:49:40.2 (218523657)|HEAP_ALLOCATE|[35]|Bytes:121
16:49:40.2 (218560311)|METHOD_ENTRY|[35]|01pBK000001lFxV|PORTERS_BATCH_GetResumeData.parseXml(String)
16:49:40.2 (218572602)|VARIABLE_SCOPE_BEGIN|[145]|xml|String|false|false
16:49:40.2 (218585688)|VARIABLE_ASSIGNMENT|[145]|xml|"<?xml version=\"1.0\"  (101 more) ..."
16:49:40.2 (218593408)|STATEMENT_EXECUTE|[145]
16:49:40.2 (218595213)|STATEMENT_EXECUTE|[146]
16:49:40.2 (218605385)|HEAP_ALLOCATE|[146]|Bytes:7
16:49:40.2 (218613691)|HEAP_ALLOCATE|[146]|Bytes:112
16:49:40.2 (218617989)|HEAP_ALLOCATE|[146]|Bytes:7
16:49:40.2 (218621691)|HEAP_ALLOCATE|[146]|Bytes:3
16:49:40.2 (218652617)|METHOD_ENTRY|[1]|01pBK000001lEer|PORTERS_DTO_ResumeDateResponse.PORTERS_DTO_ResumeDateResponse()
16:49:40.2 (218656886)|STATEMENT_EXECUTE|[1]
16:49:40.2 (218660733)|STATEMENT_EXECUTE|[1]
16:49:40.2 (218662070)|STATEMENT_EXECUTE|[6]
16:49:40.2 (218681266)|HEAP_ALLOCATE|[6]|Bytes:4
16:49:40.2 (218696496)|HEAP_ALLOCATE|[7]|Bytes:24
16:49:40.2 (218701971)|HEAP_ALLOCATE|[7]|Bytes:21
16:49:40.2 (218769933)|HEAP_ALLOCATE|[8]|Bytes:39
16:49:40.2 (218774327)|HEAP_ALLOCATE|[8]|Bytes:21
16:49:40.2 (218783126)|HEAP_ALLOCATE|[9]|Bytes:39
16:49:40.2 (218786474)|HEAP_ALLOCATE|[9]|Bytes:21
16:49:40.2 (218794379)|HEAP_ALLOCATE|[10]|Bytes:39
16:49:40.2 (218798156)|HEAP_ALLOCATE|[10]|Bytes:24
16:49:40.2 (218805255)|HEAP_ALLOCATE|[11]|Bytes:11
16:49:40.2 (218808475)|HEAP_ALLOCATE|[11]|Bytes:11
16:49:40.2 (218815576)|HEAP_ALLOCATE|[12]|Bytes:39
16:49:40.2 (218818826)|HEAP_ALLOCATE|[12]|Bytes:21
16:49:40.2 (218825721)|HEAP_ALLOCATE|[13]|Bytes:18
16:49:40.2 (218829276)|HEAP_ALLOCATE|[13]|Bytes:16
16:49:40.2 (218836437)|HEAP_ALLOCATE|[14]|Bytes:39
16:49:40.2 (218839725)|HEAP_ALLOCATE|[14]|Bytes:15
16:49:40.2 (218846547)|HEAP_ALLOCATE|[15]|Bytes:18
16:49:40.2 (218849761)|HEAP_ALLOCATE|[15]|Bytes:11
16:49:40.2 (218856942)|HEAP_ALLOCATE|[16]|Bytes:20
16:49:40.2 (218860362)|HEAP_ALLOCATE|[16]|Bytes:18
16:49:40.2 (218867445)|HEAP_ALLOCATE|[17]|Bytes:15
16:49:40.2 (218870936)|HEAP_ALLOCATE|[17]|Bytes:9
16:49:40.2 (218878057)|HEAP_ALLOCATE|[18]|Bytes:39
16:49:40.2 (218881715)|HEAP_ALLOCATE|[18]|Bytes:13
16:49:40.2 (218888951)|HEAP_ALLOCATE|[19]|Bytes:39
16:49:40.2 (218892445)|HEAP_ALLOCATE|[19]|Bytes:13
16:49:40.2 (218900570)|HEAP_ALLOCATE|[20]|Bytes:39
16:49:40.2 (218903772)|HEAP_ALLOCATE|[20]|Bytes:17
16:49:40.2 (218911293)|HEAP_ALLOCATE|[21]|Bytes:14
16:49:40.2 (218914923)|HEAP_ALLOCATE|[21]|Bytes:14
16:49:40.2 (218921897)|HEAP_ALLOCATE|[22]|Bytes:18
16:49:40.2 (218925273)|HEAP_ALLOCATE|[22]|Bytes:18
16:49:40.2 (218932442)|HEAP_ALLOCATE|[23]|Bytes:39
16:49:40.2 (218935973)|HEAP_ALLOCATE|[23]|Bytes:22
16:49:40.2 (218943172)|HEAP_ALLOCATE|[24]|Bytes:39
16:49:40.2 (218946477)|HEAP_ALLOCATE|[24]|Bytes:26
16:49:40.2 (218953412)|HEAP_ALLOCATE|[25]|Bytes:18
16:49:40.2 (218956680)|HEAP_ALLOCATE|[25]|Bytes:18
16:49:40.2 (218963756)|HEAP_ALLOCATE|[26]|Bytes:39
16:49:40.2 (218967073)|HEAP_ALLOCATE|[26]|Bytes:17
16:49:40.2 (218974143)|HEAP_ALLOCATE|[27]|Bytes:27
16:49:40.2 (218977506)|HEAP_ALLOCATE|[27]|Bytes:18
16:49:40.2 (218984582)|HEAP_ALLOCATE|[28]|Bytes:24
16:49:40.2 (218987933)|HEAP_ALLOCATE|[28]|Bytes:24
16:49:40.2 (218995126)|HEAP_ALLOCATE|[29]|Bytes:13
16:49:40.2 (219001647)|HEAP_ALLOCATE|[29]|Bytes:18
16:49:40.2 (219009726)|HEAP_ALLOCATE|[30]|Bytes:19
16:49:40.2 (219012978)|HEAP_ALLOCATE|[30]|Bytes:24
16:49:40.2 (219020001)|HEAP_ALLOCATE|[31]|Bytes:39
16:49:40.2 (219023525)|HEAP_ALLOCATE|[31]|Bytes:20
16:49:40.2 (219031373)|HEAP_ALLOCATE|[32]|Bytes:39
16:49:40.2 (219034717)|HEAP_ALLOCATE|[32]|Bytes:18
16:49:40.2 (219041785)|HEAP_ALLOCATE|[33]|Bytes:22
16:49:40.2 (219045482)|HEAP_ALLOCATE|[33]|Bytes:19
16:49:40.2 (219052597)|HEAP_ALLOCATE|[34]|Bytes:24
16:49:40.2 (219055846)|HEAP_ALLOCATE|[34]|Bytes:26
16:49:40.2 (219062766)|HEAP_ALLOCATE|[35]|Bytes:39
16:49:40.2 (219066169)|HEAP_ALLOCATE|[35]|Bytes:29
16:49:40.2 (219073447)|HEAP_ALLOCATE|[36]|Bytes:39
16:49:40.2 (219076791)|HEAP_ALLOCATE|[36]|Bytes:18
16:49:40.2 (219083790)|HEAP_ALLOCATE|[37]|Bytes:39
16:49:40.2 (219087085)|HEAP_ALLOCATE|[37]|Bytes:13
16:49:40.2 (219094104)|HEAP_ALLOCATE|[38]|Bytes:39
16:49:40.2 (219097294)|HEAP_ALLOCATE|[38]|Bytes:12
16:49:40.2 (219118366)|HEAP_ALLOCATE|[39]|Bytes:39
16:49:40.2 (219122025)|HEAP_ALLOCATE|[39]|Bytes:18
16:49:40.2 (219129697)|HEAP_ALLOCATE|[40]|Bytes:39
16:49:40.2 (219133001)|HEAP_ALLOCATE|[40]|Bytes:17
16:49:40.2 (219140004)|HEAP_ALLOCATE|[41]|Bytes:39
16:49:40.2 (219143340)|HEAP_ALLOCATE|[41]|Bytes:14
16:49:40.2 (219150376)|HEAP_ALLOCATE|[42]|Bytes:39
16:49:40.2 (219153997)|HEAP_ALLOCATE|[42]|Bytes:20
16:49:40.2 (219161299)|HEAP_ALLOCATE|[43]|Bytes:39
16:49:40.2 (219165042)|HEAP_ALLOCATE|[43]|Bytes:20
16:49:40.2 (219171903)|HEAP_ALLOCATE|[44]|Bytes:39
16:49:40.2 (219175210)|HEAP_ALLOCATE|[44]|Bytes:23
16:49:40.2 (219182189)|HEAP_ALLOCATE|[45]|Bytes:39
16:49:40.2 (219185520)|HEAP_ALLOCATE|[45]|Bytes:20
16:49:40.2 (219192400)|HEAP_ALLOCATE|[46]|Bytes:39
16:49:40.2 (219195745)|HEAP_ALLOCATE|[46]|Bytes:24
16:49:40.2 (219202947)|HEAP_ALLOCATE|[47]|Bytes:39
16:49:40.2 (219206220)|HEAP_ALLOCATE|[47]|Bytes:15
16:49:40.2 (219213831)|HEAP_ALLOCATE|[48]|Bytes:39
16:49:40.2 (219217152)|HEAP_ALLOCATE|[48]|Bytes:14
16:49:40.2 (219224199)|HEAP_ALLOCATE|[49]|Bytes:39
16:49:40.2 (219227451)|HEAP_ALLOCATE|[49]|Bytes:20
16:49:40.2 (219234878)|HEAP_ALLOCATE|[50]|Bytes:39
16:49:40.2 (219238615)|HEAP_ALLOCATE|[50]|Bytes:24
16:49:40.2 (219245752)|HEAP_ALLOCATE|[51]|Bytes:39
16:49:40.2 (219248841)|HEAP_ALLOCATE|[51]|Bytes:16
16:49:40.2 (219255819)|HEAP_ALLOCATE|[52]|Bytes:39
16:49:40.2 (219259045)|HEAP_ALLOCATE|[52]|Bytes:16
16:49:40.2 (219265995)|HEAP_ALLOCATE|[53]|Bytes:39
16:49:40.2 (219269246)|HEAP_ALLOCATE|[53]|Bytes:20
16:49:40.2 (219276340)|HEAP_ALLOCATE|[54]|Bytes:39
16:49:40.2 (219279481)|HEAP_ALLOCATE|[54]|Bytes:21
16:49:40.2 (219374654)|HEAP_ALLOCATE|[55]|Bytes:39
16:49:40.2 (219378274)|HEAP_ALLOCATE|[55]|Bytes:20
16:49:40.2 (219386966)|HEAP_ALLOCATE|[56]|Bytes:39
16:49:40.2 (219390159)|HEAP_ALLOCATE|[56]|Bytes:23
16:49:40.2 (219397538)|HEAP_ALLOCATE|[57]|Bytes:39
16:49:40.2 (219400847)|HEAP_ALLOCATE|[57]|Bytes:18
16:49:40.2 (219408058)|HEAP_ALLOCATE|[58]|Bytes:39
16:49:40.2 (219411490)|HEAP_ALLOCATE|[58]|Bytes:24
16:49:40.2 (219418570)|HEAP_ALLOCATE|[59]|Bytes:39
16:49:40.2 (219422051)|HEAP_ALLOCATE|[59]|Bytes:25
16:49:40.2 (219429226)|HEAP_ALLOCATE|[60]|Bytes:20
16:49:40.2 (219432810)|HEAP_ALLOCATE|[60]|Bytes:19
16:49:40.2 (219439778)|HEAP_ALLOCATE|[61]|Bytes:21
16:49:40.2 (219442923)|HEAP_ALLOCATE|[61]|Bytes:21
16:49:40.2 (219449975)|HEAP_ALLOCATE|[62]|Bytes:39
16:49:40.2 (219453187)|HEAP_ALLOCATE|[62]|Bytes:30
16:49:40.2 (219460185)|HEAP_ALLOCATE|[63]|Bytes:19
16:49:40.2 (219463528)|HEAP_ALLOCATE|[63]|Bytes:24
16:49:40.2 (219470534)|HEAP_ALLOCATE|[64]|Bytes:39
16:49:40.2 (219473720)|HEAP_ALLOCATE|[64]|Bytes:22
16:49:40.2 (219480840)|HEAP_ALLOCATE|[65]|Bytes:15
16:49:40.2 (219484133)|HEAP_ALLOCATE|[65]|Bytes:20
16:49:40.2 (219491073)|HEAP_ALLOCATE|[66]|Bytes:39
16:49:40.2 (219494415)|HEAP_ALLOCATE|[66]|Bytes:20
16:49:40.2 (219501636)|HEAP_ALLOCATE|[67]|Bytes:29
16:49:40.2 (219505113)|HEAP_ALLOCATE|[67]|Bytes:26
16:49:40.2 (219512024)|HEAP_ALLOCATE|[68]|Bytes:39
16:49:40.2 (219515339)|HEAP_ALLOCATE|[68]|Bytes:22
16:49:40.2 (219522553)|HEAP_ALLOCATE|[69]|Bytes:24
16:49:40.2 (219526069)|HEAP_ALLOCATE|[69]|Bytes:28
16:49:40.2 (219533229)|HEAP_ALLOCATE|[70]|Bytes:39
16:49:40.2 (219536985)|HEAP_ALLOCATE|[70]|Bytes:11
16:49:40.2 (219544168)|HEAP_ALLOCATE|[71]|Bytes:39
16:49:40.2 (219547429)|HEAP_ALLOCATE|[71]|Bytes:14
16:49:40.2 (219560438)|HEAP_ALLOCATE|[72]|Bytes:28
16:49:40.2 (219563804)|HEAP_ALLOCATE|[72]|Bytes:24
16:49:40.2 (219571027)|HEAP_ALLOCATE|[73]|Bytes:31
16:49:40.2 (219574462)|HEAP_ALLOCATE|[73]|Bytes:33
16:49:40.2 (219581584)|HEAP_ALLOCATE|[74]|Bytes:22
16:49:40.2 (219585073)|HEAP_ALLOCATE|[74]|Bytes:22
16:49:40.2 (219592112)|HEAP_ALLOCATE|[75]|Bytes:39
16:49:40.2 (219595350)|HEAP_ALLOCATE|[75]|Bytes:23
16:49:40.2 (219602560)|HEAP_ALLOCATE|[76]|Bytes:39
16:49:40.2 (219605933)|HEAP_ALLOCATE|[76]|Bytes:24
16:49:40.2 (219613212)|HEAP_ALLOCATE|[77]|Bytes:39
16:49:40.2 (219616568)|HEAP_ALLOCATE|[77]|Bytes:22
16:49:40.2 (219623862)|HEAP_ALLOCATE|[78]|Bytes:39
16:49:40.2 (219627063)|HEAP_ALLOCATE|[78]|Bytes:13
16:49:40.2 (219634318)|HEAP_ALLOCATE|[79]|Bytes:39
16:49:40.2 (219637610)|HEAP_ALLOCATE|[79]|Bytes:17
16:49:40.2 (219644757)|HEAP_ALLOCATE|[80]|Bytes:39
16:49:40.2 (219648073)|HEAP_ALLOCATE|[80]|Bytes:21
16:49:40.2 (219654521)|HEAP_ALLOCATE|[81]|Bytes:23
16:49:40.2 (219657559)|HEAP_ALLOCATE|[81]|Bytes:22
16:49:40.2 (219664417)|HEAP_ALLOCATE|[82]|Bytes:26
16:49:40.2 (219667779)|HEAP_ALLOCATE|[82]|Bytes:23
16:49:40.2 (219675045)|HEAP_ALLOCATE|[83]|Bytes:23
16:49:40.2 (219678446)|HEAP_ALLOCATE|[83]|Bytes:20
16:49:40.2 (219685388)|HEAP_ALLOCATE|[84]|Bytes:39
16:49:40.2 (219688757)|HEAP_ALLOCATE|[84]|Bytes:26
16:49:40.2 (219694882)|HEAP_ALLOCATE|[85]|Bytes:39
16:49:40.2 (219697659)|HEAP_ALLOCATE|[85]|Bytes:16
16:49:40.2 (219703568)|HEAP_ALLOCATE|[86]|Bytes:39
16:49:40.2 (219706430)|HEAP_ALLOCATE|[86]|Bytes:28
16:49:40.2 (219712820)|HEAP_ALLOCATE|[87]|Bytes:39
16:49:40.2 (219715365)|HEAP_ALLOCATE|[87]|Bytes:30
16:49:40.2 (219721520)|HEAP_ALLOCATE|[88]|Bytes:39
16:49:40.2 (219724145)|HEAP_ALLOCATE|[88]|Bytes:27
16:49:40.2 (219729813)|HEAP_ALLOCATE|[89]|Bytes:39
16:49:40.2 (219732553)|HEAP_ALLOCATE|[89]|Bytes:15
16:49:40.2 (219738863)|HEAP_ALLOCATE|[90]|Bytes:39
16:49:40.2 (219741470)|HEAP_ALLOCATE|[90]|Bytes:13
16:49:40.2 (219746907)|HEAP_ALLOCATE|[91]|Bytes:39
16:49:40.2 (219750227)|HEAP_ALLOCATE|[91]|Bytes:13
16:49:40.2 (219756672)|HEAP_ALLOCATE|[92]|Bytes:39
16:49:40.2 (219759722)|HEAP_ALLOCATE|[92]|Bytes:22
16:49:40.2 (219765310)|HEAP_ALLOCATE|[93]|Bytes:39
16:49:40.2 (219768458)|HEAP_ALLOCATE|[93]|Bytes:22
16:49:40.2 (219774322)|HEAP_ALLOCATE|[94]|Bytes:39
16:49:40.2 (219777197)|HEAP_ALLOCATE|[94]|Bytes:25
16:49:40.2 (219783562)|HEAP_ALLOCATE|[95]|Bytes:39
16:49:40.2 (219786423)|HEAP_ALLOCATE|[95]|Bytes:16
16:49:40.2 (219792157)|HEAP_ALLOCATE|[96]|Bytes:25
16:49:40.2 (219795094)|HEAP_ALLOCATE|[96]|Bytes:14
16:49:40.2 (219801409)|HEAP_ALLOCATE|[97]|Bytes:21
16:49:40.2 (219804133)|HEAP_ALLOCATE|[97]|Bytes:12
16:49:40.2 (219810478)|HEAP_ALLOCATE|[98]|Bytes:19
16:49:40.2 (219813643)|HEAP_ALLOCATE|[98]|Bytes:19
16:49:40.2 (219820390)|HEAP_ALLOCATE|[99]|Bytes:18
16:49:40.2 (219823783)|HEAP_ALLOCATE|[99]|Bytes:17
16:49:40.2 (219830701)|HEAP_ALLOCATE|[100]|Bytes:14
16:49:40.2 (219833863)|HEAP_ALLOCATE|[100]|Bytes:8
16:49:40.2 (219840292)|HEAP_ALLOCATE|[101]|Bytes:39
16:49:40.2 (219843124)|HEAP_ALLOCATE|[101]|Bytes:16
16:49:40.2 (219849484)|HEAP_ALLOCATE|[102]|Bytes:39
16:49:40.2 (219852074)|HEAP_ALLOCATE|[102]|Bytes:15
16:49:40.2 (219858074)|HEAP_ALLOCATE|[103]|Bytes:39
16:49:40.2 (219860801)|HEAP_ALLOCATE|[103]|Bytes:16
16:49:40.2 (219870238)|HEAP_ALLOCATE|[104]|Bytes:39
16:49:40.2 (219872692)|HEAP_ALLOCATE|[104]|Bytes:15
16:49:40.2 (219878798)|HEAP_ALLOCATE|[105]|Bytes:39
16:49:40.2 (219881872)|HEAP_ALLOCATE|[105]|Bytes:23
16:49:40.2 (219936235)|VARIABLE_ASSIGNMENT|[6]|PORTERS_DTO_ResumeDateResponse.FIELD_MAPPING|"Map of size 99 too large to display"|0x1ea27244
16:49:40.2 (219942775)|STATEMENT_EXECUTE|[107]
16:49:40.2 (219956691)|METHOD_EXIT|[1]|PORTERS_DTO_ResumeDateResponse
16:49:40.2 (220274561)|HEAP_ALLOCATE|[146]|Bytes:12
16:49:40.2 (220299628)|CONSTRUCTOR_ENTRY|[146]|01pBK000001lEer|<init>()|PORTERS_DTO_ResumeDateResponse
16:49:40.2 (220346213)|VARIABLE_SCOPE_BEGIN|[1]|this|PORTERS_DTO_ResumeDateResponse|true|false
16:49:40.2 (220403445)|VARIABLE_ASSIGNMENT|[1]|this|{}|0x60fd8a15
16:49:40.2 (220436206)|STATEMENT_EXECUTE|[1]
16:49:40.2 (220437920)|STATEMENT_EXECUTE|[2]
16:49:40.2 (220439114)|STATEMENT_EXECUTE|[3]
16:49:40.2 (220442910)|CONSTRUCTOR_EXIT|[146]|01pBK000001lEer|<init>()|PORTERS_DTO_ResumeDateResponse
16:49:40.2 (220449636)|VARIABLE_SCOPE_BEGIN|[146]|res|PORTERS_DTO_ResumeDateResponse|true|false
16:49:40.2 (220464266)|VARIABLE_ASSIGNMENT|[146]|res|{}|0x60fd8a15
16:49:40.2 (220469309)|STATEMENT_EXECUTE|[147]
16:49:40.2 (220483190)|HEAP_ALLOCATE|[147]|Bytes:4
16:49:40.2 (220629109)|VARIABLE_ASSIGNMENT|[EXTERNAL]|this|{}|0x60fd8a15
16:49:40.2 (220670750)|HEAP_ALLOCATE|[EXTERNAL]|Bytes:4
16:49:40.2 (220682019)|VARIABLE_ASSIGNMENT|[EXTERNAL]|value|[]|0x1669f072
16:49:40.2 (220698842)|VARIABLE_ASSIGNMENT|[3]|this.result|[]|0x60fd8a15
16:49:40.2 (220707729)|STATEMENT_EXECUTE|[149]
16:49:40.2 (220734169)|VARIABLE_SCOPE_BEGIN|[149]|doc|dom.Document|true|false
16:49:40.2 (220787245)|VARIABLE_ASSIGNMENT|[149]|doc|"Document[]"|0x1a487d88
16:49:40.2 (220809895)|STATEMENT_EXECUTE|[150]
16:49:40.2 (220913687)|STATEMENT_EXECUTE|[151]
16:49:40.2 (220939870)|VARIABLE_SCOPE_BEGIN|[151]|root|dom.XmlNode|true|false
16:49:40.2 (221006603)|VARIABLE_ASSIGNMENT|[151]|root|"XMLNode[ELEMENT,Resume,null,[common.apex.api.dom.XmlNode$Attribute@bd4cd47, common.apex.api.dom.XmlNode$Attribute@7cf510c6, common.apex.api.dom.XmlNode$Attribute@2546854a],null,[XMLNode[ELEMENT,Code,null,null,null,[XMLNode[TEXT,null,null,null,null,null,113,]],null,]],null,]"|0x7c3b0857
16:49:40.2 (221015649)|STATEMENT_EXECUTE|[153]
16:49:40.2 (221020452)|HEAP_ALLOCATE|[153]|Bytes:5
16:49:40.2 (221074972)|HEAP_ALLOCATE|[153]|Bytes:2
16:49:40.2 (221083122)|VARIABLE_SCOPE_BEGIN|[153]|totalAttr|String|false|false
16:49:40.2 (221093802)|VARIABLE_ASSIGNMENT|[153]|totalAttr|"-1"
16:49:40.2 (221098703)|STATEMENT_EXECUTE|[154]
16:49:40.2 (221193139)|VARIABLE_ASSIGNMENT|[EXTERNAL]|this|{"result":"0x1669f072"}|0x60fd8a15
16:49:40.2 (221204716)|VARIABLE_ASSIGNMENT|[EXTERNAL]|value|-1
16:49:40.2 (221212666)|HEAP_ALLOCATE|[2]|Bytes:4
16:49:40.2 (221220838)|VARIABLE_ASSIGNMENT|[2]|this.totalCount|-1|0x60fd8a15
16:49:40.2 (221272566)|HEAP_ALLOCATE|[156]|Bytes:4
16:49:40.2 (221276984)|HEAP_ALLOCATE|[156]|Bytes:4
16:49:40.2 (221328080)|HEAP_ALLOCATE|[156]|Bytes:5
16:49:40.2 (221346061)|HEAP_ALLOCATE|[156]|Bytes:4
16:49:40.2 (221355491)|VARIABLE_SCOPE_BEGIN|[156]|itemNode|dom.XmlNode|true|false
16:49:40.2 (221396667)|VARIABLE_ASSIGNMENT|[156]|itemNode|"XMLNode[ELEMENT,Code,null,null,null,[XMLNode[TEXT,null,null,null,null,null,113,]],null,]"|0x50f05a1
16:49:40.2 (221403761)|STATEMENT_EXECUTE|[156]
16:49:40.2 (221422271)|HEAP_ALLOCATE|[157]|Bytes:4
16:49:40.2 (221428806)|HEAP_ALLOCATE|[157]|Bytes:4
16:49:40.2 (221452051)|STATEMENT_EXECUTE|[157]
16:49:40.2 (221459528)|HEAP_ALLOCATE|[156]|Bytes:5
16:49:40.2 (221467298)|VARIABLE_ASSIGNMENT|[156]|itemNode|null|
16:49:40.2 (221472567)|STATEMENT_EXECUTE|[168]
16:49:40.2 (221480406)|METHOD_EXIT|[35]|01pBK000001lFxV|PORTERS_BATCH_GetResumeData.parseXml(String)
16:49:40.2 (221489052)|METHOD_EXIT|[38]|01pBK000001lFxV|PORTERS_BATCH_GetResumeData.getResumeData(Datetime, Integer)
16:49:40.2 (221493546)|VARIABLE_SCOPE_BEGIN|[37]|res|PORTERS_DTO_ResumeDateResponse|true|false
16:49:40.2 (221519513)|VARIABLE_ASSIGNMENT|[37]|res|{"result":"0x1669f072","totalCount":-1}|0x60fd8a15
16:49:40.2 (221556147)|VARIABLE_ASSIGNMENT|[EXTERNAL]|this|{"result":"0x1669f072","totalCount":-1}|0x60fd8a15
16:49:40.2 (221694502)|HEAP_ALLOCATE|[40]|Bytes:5
16:49:40.2 (221766400)|VARIABLE_ASSIGNMENT|[40]|wrapper|null|
16:49:40.2 (221772892)|STATEMENT_EXECUTE|[40]
16:49:40.2 (221782571)|HEAP_ALLOCATE|[35]|Bytes:5
16:49:40.2 (221790699)|VARIABLE_ASSIGNMENT|[35]|page|null
16:49:40.2 (221889975)|STATEMENT_EXECUTE|[47]
16:49:40.254 (254180601)|CUMULATIVE_LIMIT_USAGE
16:49:40.254 (254180601)|LIMIT_USAGE_FOR_NS|(default)|
  Number of SOQL queries: 0 out of 200
  Number of query rows: 0 out of 50000
  Number of SOSL queries: 0 out of 20
  Number of DML statements: 0 out of 150
  Number of Publish Immediate DML: 0 out of 150
  Number of DML rows: 0 out of 10000
  Maximum CPU time: 0 out of 60000
  Maximum heap size: 0 out of 12000000
  Number of callouts: 0 out of 0
  Number of Email Invocations: 0 out of 10
  Number of future calls: 0 out of 0
  Number of queueable jobs added to the queue: 0 out of 1
  Number of Mobile Apex push calls: 0 out of 10

16:49:40.254 (254180601)|CUMULATIVE_LIMIT_USAGE_END

16:49:40.2 (254227601)|CODE_UNIT_FINISHED|PORTERS_BATCH_ResumeData
16:49:40.2 (254242836)|EXECUTION_FINISHED
