66.0 APEX_CODE,FINEST;APEX_PROFILING,INFO;CALLOUT,INFO;DATA_ACCESS,INFO;DB,INFO;NBA,INFO;SYSTEM,DEBUG;VALIDATION,INFO;VISUALFORCE,INFO;WAVE,INFO;WORKFLOW,INFO
16:09:05.4 (4389930)|USER_INFO|[EXTERNAL]|0057F0000042UBb|ishibashi@hurex.co.jp.dev1|(GMT+09:00) 日本標準時 (Asia/Tokyo)|GMT+09:00
16:09:05.4 (4436324)|EXECUTION_STARTED
16:09:05.4 (4450704)|CODE_UNIT_STARTED|[EXTERNAL]|apex://OfferComponentController/ACTION$getOffers
16:09:05.4 (5151032)|CODE_UNIT_STARTED|[EXTERNAL]|01pBK000001Vpwv|OfferComponentController.getOffers()
16:09:05.4 (5528615)|HEAP_ALLOCATE|[95]|Bytes:3
16:09:05.4 (5611034)|HEAP_ALLOCATE|[100]|Bytes:152
16:09:05.4 (5660262)|HEAP_ALLOCATE|[417]|Bytes:408
16:09:05.4 (5671996)|HEAP_ALLOCATE|[430]|Bytes:408
16:09:05.4 (5692673)|HEAP_ALLOCATE|[317]|Bytes:6
16:09:05.4 (5703632)|HEAP_ALLOCATE|[EXTERNAL]|Bytes:2
16:09:05.4 (5712822)|METHOD_ENTRY|[5]|01pBK000001Vpwv|OfferComponentController.OfferComponentController()
16:09:05.4 (5717303)|STATEMENT_EXECUTE|[5]
16:09:05.4 (5722112)|STATEMENT_EXECUTE|[5]
16:09:05.4 (5739140)|HEAP_ALLOCATE|[68]|Bytes:5
16:09:05.4 (5761394)|HEAP_ALLOCATE|[74]|Bytes:5
16:09:05.4 (5766190)|HEAP_ALLOCATE|[82]|Bytes:7
16:09:05.4 (6010167)|HEAP_ALLOCATE|[EXTERNAL]|Bytes:5
16:09:05.4 (6024674)|METHOD_EXIT|[5]|OfferComponentController
16:09:05.4 (6037343)|HEAP_ALLOCATE|[18]|Bytes:5
16:09:05.4 (6041953)|STATEMENT_EXECUTE|[16]
16:09:05.4 (6043491)|STATEMENT_EXECUTE|[18]
16:09:05.4 (6045863)|HEAP_ALLOCATE|[18]|Bytes:78
16:09:05.4 (6058925)|HEAP_ALLOCATE|[18]|Bytes:4
16:09:05.4 (21597673)|SOQL_EXECUTE_BEGIN|[18]|Aggregations:0|SELECT COUNT() FROM SelectionProcess__c WHERE LatestProcessStatus__c = 'JOB打診'
16:09:05.4 (78581919)|SOQL_EXECUTE_END|[18]|Rows:2
16:09:05.4 (78627356)|HEAP_ALLOCATE|[18]|Bytes:4
16:09:05.4 (78650946)|VARIABLE_SCOPE_BEGIN|[18]|totalCount|Integer|false|false
16:09:05.4 (78659448)|HEAP_ALLOCATE|[18]|Bytes:4
16:09:05.4 (78691940)|VARIABLE_ASSIGNMENT|[18]|totalCount|2
16:09:05.4 (78696572)|STATEMENT_EXECUTE|[22]
16:09:05.4 (78701907)|HEAP_ALLOCATE|[22]|Bytes:360
16:09:05.4 (78723807)|HEAP_ALLOCATE|[22]|Bytes:4
16:09:05.4 (171123166)|SOQL_EXECUTE_BEGIN|[22]|Aggregations:0|SELECT Id, JobPosition__c, LatestProcessStatus__c, LastModifiedDate, JobPosition__r.Id, JobPosition__r.Company__r.Name, JobPosition__r.JobPosition__c, JobPosition__r.WorkLocation2__c, JobPosition__r.JobCategory1__c, JobPosition__r.LastViewedDate FROM SelectionProcess__c WHERE LatestProcessStatus__c = 'JOB打診' ORDER BY LastModifiedDate DESC NULLS FIRST LIMIT 2
16:09:05.4 (227908355)|SOQL_EXECUTE_END|[22]|Rows:2
16:09:05.4 (227942735)|HEAP_ALLOCATE|[22]|Bytes:12
16:09:05.4 (227965048)|HEAP_ALLOCATE|[22]|Bytes:876
16:09:05.4 (228146962)|HEAP_ALLOCATE|[22]|Bytes:12
16:09:05.4 (228165177)|VARIABLE_SCOPE_BEGIN|[22]|processes|List<SelectionProcess__c>|true|false
16:09:05.4 (228586111)|VARIABLE_ASSIGNMENT|[22]|processes|[{"JobPosition__c":"a0KBK00000GezgQ2AR","LastModifiedDate":"2026-03-25T09:40:48.000Z","JobPosition__r":{"JobPosition__c":"新潟市(新潟) 法人ルート営業・業界シェ (74 more) ...","WorkLocation2__c":"新潟県新潟市（転勤なし／車通勤可）","LastViewedDate":"2026-04-03T08:24:43.000Z","Id":"a0KBK00000GezgQ2AR","Company__c":"001BK00000b1JOJYA2","Company__r":{"Name":"(demo)株式会社エンミッシュ","Id":"001BK00000b1JOJYA2"},"JobCategory1__c":"経営幹部/企画/マーケティング系"},"Id":"a0LBK000006mpG52AI","LatestProcessStatus__c":"JOB打診"},{"JobPosition__c":"a0KBK00000Gexcs2AB","LastModifiedDate":"2026-03-02T05:52:31.000Z","JobPosition__r":{"JobPosition__c":"テスト401求人タイトル求人タイトル求人 (28 more) ...","WorkLocation2__c":"勤務地","LastViewedDate":"2026-04-02T11:19:39.000Z","Id":"a0KBK00000Gexcs2AB","Company__c":"001BK00000cc2ZEYAY","Company__r":{"Name":"テスト 廣川 名","Id":"001BK00000cc2ZEYAY"},"JobCategory1__c":"専門職系（コンサルタント/金融/不動産）"},"Id":"a0LBK000005sEhR2AU","LatestProcessStatus__c":"JOB打診"}]|0x34408105
16:09:05.4 (228608866)|STATEMENT_EXECUTE|[41]
16:09:05.4 (228656178)|HEAP_ALLOCATE|[41]|Bytes:4
16:09:05.4 (228723844)|VARIABLE_SCOPE_BEGIN|[41]|jobInfos|List<Map<String,ANY>>|true|false
16:09:05.4 (228753868)|HEAP_ALLOCATE|[EXTERNAL]|Bytes:4
16:09:05.4 (228761759)|VARIABLE_ASSIGNMENT|[41]|jobInfos|[]|0x3dfb30b9
16:09:05.4 (228976466)|HEAP_ALLOCATE|[44]|Bytes:5
16:09:05.4 (229005061)|HEAP_ALLOCATE|[44]|Bytes:24
16:09:05.4 (229012667)|VARIABLE_SCOPE_BEGIN|[44]|process|SelectionProcess__c|true|false
16:09:05.4 (229143408)|VARIABLE_ASSIGNMENT|[44]|process|{"JobPosition__c":"a0KBK00000GezgQ2AR","LastModifiedDate":"2026-03-25T09:40:48.000Z","JobPosition__r":{"JobPosition__c":"新潟市(新潟) 法人ルート営業・業界シェ (74 more) ...","WorkLocation2__c":"新潟県新潟市（転勤なし／車通勤可）","LastViewedDate":"2026-04-03T08:24:43.000Z","Id":"a0KBK00000GezgQ2AR","Company__c":"001BK00000b1JOJYA2","Company__r":{"Name":"(demo)株式会社エンミッシュ","Id":"001BK00000b1JOJYA2"},"JobCategory1__c":"経営幹部/企画/マーケティング系"},"Id":"a0LBK000006mpG52AI","LatestProcessStatus__c":"JOB打診"}|0x5913cb1a
16:09:05.4 (229154260)|STATEMENT_EXECUTE|[44]
16:09:05.4 (229155262)|STATEMENT_EXECUTE|[45]
16:09:05.4 (229181872)|HEAP_ALLOCATE|[45]|Bytes:4
16:09:05.4 (229189185)|VARIABLE_SCOPE_BEGIN|[45]|jobInfo|Map<String,ANY>|true|false
16:09:05.4 (229202250)|VARIABLE_ASSIGNMENT|[45]|jobInfo|{}|0x67509383
16:09:05.4 (229210435)|STATEMENT_EXECUTE|[46]
16:09:05.4 (229214556)|HEAP_ALLOCATE|[46]|Bytes:5
16:09:05.4 (229281151)|HEAP_ALLOCATE|[EXTERNAL]|Bytes:-4
16:09:05.4 (229290969)|STATEMENT_EXECUTE|[48]
16:09:05.4 (229292429)|HEAP_ALLOCATE|[48]|Bytes:10
16:09:05.4 (229318222)|HEAP_ALLOCATE|[48]|Bytes:14
16:09:05.4 (229362801)|HEAP_ALLOCATE|[48]|Bytes:15
16:09:05.4 (229371597)|HEAP_ALLOCATE|[EXTERNAL]|Bytes:-4
16:09:05.4 (229374986)|STATEMENT_EXECUTE|[50]
16:09:05.4 (229376492)|HEAP_ALLOCATE|[50]|Bytes:11
16:09:05.4 (229453534)|HEAP_ALLOCATE|[EXTERNAL]|Bytes:-4
16:09:05.4 (229457668)|STATEMENT_EXECUTE|[52]
16:09:05.4 (229459306)|HEAP_ALLOCATE|[52]|Bytes:13
16:09:05.4 (229475763)|HEAP_ALLOCATE|[EXTERNAL]|Bytes:-4
16:09:05.4 (229484349)|STATEMENT_EXECUTE|[54]
16:09:05.4 (229485839)|HEAP_ALLOCATE|[54]|Bytes:12
16:09:05.4 (229501753)|HEAP_ALLOCATE|[EXTERNAL]|Bytes:-4
16:09:05.4 (229504955)|STATEMENT_EXECUTE|[56]
16:09:05.4 (229506428)|HEAP_ALLOCATE|[56]|Bytes:11
16:09:05.4 (229568587)|HEAP_ALLOCATE|[EXTERNAL]|Bytes:-4
16:09:05.4 (229572664)|STATEMENT_EXECUTE|[58]
16:09:05.4 (229574042)|HEAP_ALLOCATE|[58]|Bytes:14
16:09:05.4 (229596417)|HEAP_ALLOCATE|[EXTERNAL]|Bytes:-4
16:09:05.4 (229599967)|STATEMENT_EXECUTE|[59]
16:09:05.4 (229613635)|HEAP_ALLOCATE|[EXTERNAL]|Bytes:4
16:09:05.4 (229624401)|HEAP_ALLOCATE|[44]|Bytes:5
16:09:05.4 (229664303)|HEAP_ALLOCATE|[44]|Bytes:24
16:09:05.4 (229670880)|VARIABLE_SCOPE_BEGIN|[44]|process|SelectionProcess__c|true|false
16:09:05.4 (229763960)|VARIABLE_ASSIGNMENT|[44]|process|{"JobPosition__c":"a0KBK00000Gexcs2AB","LastModifiedDate":"2026-03-02T05:52:31.000Z","JobPosition__r":{"JobPosition__c":"テスト401求人タイトル求人タイトル求人 (28 more) ...","WorkLocation2__c":"勤務地","LastViewedDate":"2026-04-02T11:19:39.000Z","Id":"a0KBK00000Gexcs2AB","Company__c":"001BK00000cc2ZEYAY","Company__r":{"Name":"テスト 廣川 名","Id":"001BK00000cc2ZEYAY"},"JobCategory1__c":"専門職系（コンサルタント/金融/不動産）"},"Id":"a0LBK000005sEhR2AU","LatestProcessStatus__c":"JOB打診"}|0x237db06b
16:09:05.4 (229792197)|STATEMENT_EXECUTE|[44]
16:09:05.4 (229793266)|STATEMENT_EXECUTE|[45]
16:09:05.4 (229801163)|HEAP_ALLOCATE|[45]|Bytes:4
16:09:05.4 (229806276)|VARIABLE_SCOPE_BEGIN|[45]|jobInfo|Map<String,ANY>|true|false
16:09:05.4 (229815368)|VARIABLE_ASSIGNMENT|[45]|jobInfo|{}|0x6f2a8d1
16:09:05.4 (229818153)|STATEMENT_EXECUTE|[46]
16:09:05.4 (229827564)|HEAP_ALLOCATE|[EXTERNAL]|Bytes:-4
16:09:05.4 (229830836)|STATEMENT_EXECUTE|[48]
16:09:05.4 (229851567)|HEAP_ALLOCATE|[48]|Bytes:14
16:09:05.4 (229864261)|HEAP_ALLOCATE|[EXTERNAL]|Bytes:-4
16:09:05.4 (229867035)|STATEMENT_EXECUTE|[50]
16:09:05.4 (229873688)|HEAP_ALLOCATE|[EXTERNAL]|Bytes:-4
16:09:05.4 (229876214)|STATEMENT_EXECUTE|[52]
16:09:05.4 (229880576)|HEAP_ALLOCATE|[EXTERNAL]|Bytes:-4
16:09:05.4 (229883079)|STATEMENT_EXECUTE|[54]
16:09:05.4 (229887286)|HEAP_ALLOCATE|[EXTERNAL]|Bytes:-4
16:09:05.4 (229889790)|STATEMENT_EXECUTE|[56]
16:09:05.4 (229895140)|HEAP_ALLOCATE|[EXTERNAL]|Bytes:-4
16:09:05.4 (229897595)|STATEMENT_EXECUTE|[58]
16:09:05.4 (229917610)|HEAP_ALLOCATE|[EXTERNAL]|Bytes:-4
16:09:05.4 (229920255)|STATEMENT_EXECUTE|[59]
16:09:05.4 (229923778)|HEAP_ALLOCATE|[EXTERNAL]|Bytes:4
16:09:05.4 (229931400)|HEAP_ALLOCATE|[44]|Bytes:5
16:09:05.4 (229939915)|VARIABLE_ASSIGNMENT|[44]|process|null|
16:09:05.4 (229943559)|STATEMENT_EXECUTE|[63]
16:09:05.4 (229947980)|HEAP_ALLOCATE|[63]|Bytes:4
16:09:05.4 (229952574)|VARIABLE_SCOPE_BEGIN|[63]|result|Map<String,ANY>|true|false
16:09:05.4 (229958201)|VARIABLE_ASSIGNMENT|[63]|result|{}|0x1e457c94
16:09:05.4 (229961012)|STATEMENT_EXECUTE|[64]
16:09:05.4 (229962552)|HEAP_ALLOCATE|[64]|Bytes:8
16:09:05.4 (229981586)|HEAP_ALLOCATE|[EXTERNAL]|Bytes:-4
16:09:05.4 (229984621)|STATEMENT_EXECUTE|[65]
16:09:05.4 (229985982)|HEAP_ALLOCATE|[65]|Bytes:10
16:09:05.4 (229995805)|HEAP_ALLOCATE|[65]|Bytes:4
16:09:05.4 (230033475)|HEAP_ALLOCATE|[EXTERNAL]|Bytes:-4
16:09:05.4 (230037327)|STATEMENT_EXECUTE|[66]
16:09:05.230 (230105346)|CUMULATIVE_LIMIT_USAGE
16:09:05.230 (230105346)|LIMIT_USAGE_FOR_NS|(default)|
  Number of SOQL queries: 2 out of 100
  Number of query rows: 3 out of 50000
  Number of SOSL queries: 0 out of 20
  Number of DML statements: 0 out of 0
  Number of Publish Immediate DML: 0 out of 150
  Number of DML rows: 0 out of 10000
  Maximum CPU time: 0 out of 10000
  Maximum heap size: 0 out of 6000000
  Number of callouts: 0 out of 100
  Number of Email Invocations: 0 out of 10
  Number of future calls: 0 out of 50
  Number of queueable jobs added to the queue: 0 out of 50
  Number of Mobile Apex push calls: 0 out of 10

16:09:05.230 (230105346)|CUMULATIVE_LIMIT_USAGE_END

16:09:05.4 (230138246)|CODE_UNIT_FINISHED|OfferComponentController.getOffers()
16:09:05.4 (230331894)|CODE_UNIT_FINISHED|apex://OfferComponentController/ACTION$getOffers
16:09:05.4 (230337280)|EXECUTION_FINISHED
