66.0 APEX_CODE,FINEST;APEX_PROFILING,INFO;CALLOUT,INFO;DATA_ACCESS,INFO;DB,INFO;NBA,INFO;SYSTEM,DEBUG;VALIDATION,INFO;VISUALFORCE,INFO;WAVE,INFO;WORKFLOW,INFO
Execute Anonymous: String plainSecret = '7986ef9caa80a97f988f0d413f49e7fe6ba046856b21f297013d469c9ffcef9f';
Execute Anonymous: SecretUtil.setEncryptedSecret(plainSecret);
Execute Anonymous: System.debug('加密后的 Secret 已存储。');
16:34:36.2 (2745178)|USER_INFO|[EXTERNAL]|0057F0000042UBb|ishibashi@hurex.co.jp.dev1|(GMT+09:00) 日本標準時 (Asia/Tokyo)|GMT+09:00
16:34:36.2 (2769899)|EXECUTION_STARTED
16:34:36.2 (2787957)|CODE_UNIT_STARTED|[EXTERNAL]|execute_anonymous_apex
16:34:36.2 (2934103)|VARIABLE_SCOPE_BEGIN|[1]|plainSecret|String|false|false
16:34:36.2 (3046277)|HEAP_ALLOCATE|[95]|Bytes:3
16:34:36.2 (3093021)|HEAP_ALLOCATE|[100]|Bytes:152
16:34:36.2 (3110448)|HEAP_ALLOCATE|[417]|Bytes:408
16:34:36.2 (3129118)|HEAP_ALLOCATE|[430]|Bytes:408
16:34:36.2 (3159225)|HEAP_ALLOCATE|[317]|Bytes:6
16:34:36.2 (3178747)|HEAP_ALLOCATE|[EXTERNAL]|Bytes:5
16:34:36.2 (3276449)|STATEMENT_EXECUTE|[1]
16:34:36.2 (3279575)|STATEMENT_EXECUTE|[1]
16:34:36.2 (3281847)|HEAP_ALLOCATE|[1]|Bytes:64
16:34:36.2 (3335564)|VARIABLE_ASSIGNMENT|[1]|plainSecret|"7986ef9caa80a97f988f (44 more) ..."
16:34:36.2 (3339767)|STATEMENT_EXECUTE|[2]
16:34:36.2 (3383924)|HEAP_ALLOCATE|[68]|Bytes:5
16:34:36.2 (3408281)|HEAP_ALLOCATE|[74]|Bytes:5
16:34:36.2 (3415136)|HEAP_ALLOCATE|[82]|Bytes:7
16:34:36.2 (3435313)|SYSTEM_MODE_ENTER|false
16:34:36.2 (3460953)|HEAP_ALLOCATE|[2]|Bytes:5
16:34:36.2 (5140746)|VARIABLE_SCOPE_BEGIN|[2]|SecretUtil.FIXED_KEY_BASE64|String|false|true
16:34:36.2 (5179023)|VARIABLE_SCOPE_BEGIN|[3]|SecretUtil.cryptoKey|Blob|false|true
16:34:36.2 (5231101)|HEAP_ALLOCATE|[2]|Bytes:92
16:34:36.2 (5240067)|HEAP_ALLOCATE|[2]|Bytes:6
16:34:36.2 (5243325)|HEAP_ALLOCATE|[2]|Bytes:44
16:34:36.2 (5262632)|VARIABLE_ASSIGNMENT|[2]|SecretUtil.FIXED_KEY_BASE64|"mbTLdmVLN3dVjExO0zaB (24 more) ..."
16:34:36.2 (5288706)|METHOD_ENTRY|[1]|01pBK000001Z5HD|SecretUtil.SecretUtil()
16:34:36.2 (5293842)|STATEMENT_EXECUTE|[1]
16:34:36.2 (5298981)|STATEMENT_EXECUTE|[1]
16:34:36.2 (5306290)|SYSTEM_MODE_ENTER|true
16:34:36.2 (5315771)|HEAP_ALLOCATE|[2]|Bytes:5
16:34:36.2 (5325809)|SYSTEM_MODE_EXIT|true
16:34:36.2 (5335557)|METHOD_EXIT|[1]|SecretUtil
16:34:36.2 (5360911)|METHOD_ENTRY|[2]|01pBK000001Z5HD|SecretUtil.setEncryptedSecret(String)
16:34:36.2 (5402412)|VARIABLE_SCOPE_BEGIN|[9]|plainSecret|String|false|false
16:34:36.2 (5413027)|VARIABLE_ASSIGNMENT|[9]|plainSecret|"7986ef9caa80a97f988f (44 more) ..."
16:34:36.2 (5420635)|SYSTEM_MODE_ENTER|true
16:34:36.2 (5424657)|HEAP_ALLOCATE|[10]|Bytes:5
16:34:36.2 (5429097)|STATEMENT_EXECUTE|[9]
16:34:36.2 (5430725)|STATEMENT_EXECUTE|[10]
16:34:36.2 (5433660)|HEAP_ALLOCATE|[10]|Bytes:6
16:34:36.2 (5471591)|HEAP_ALLOCATE|[5]|Bytes:5
16:34:36.2 (5474601)|STATEMENT_EXECUTE|[4]
16:34:36.2 (5475896)|STATEMENT_EXECUTE|[5]
16:34:36.2 (5502145)|HEAP_ALLOCATE|[5]|Bytes:15
16:34:36.2 (5509942)|SYSTEM_METHOD_ENTRY|[1]|EncodingUtil.EncodingUtil()
16:34:36.2 (5512821)|STATEMENT_EXECUTE|[1]
16:34:36.2 (5517882)|SYSTEM_METHOD_EXIT|[1]|EncodingUtil
16:34:36.2 (5530542)|METHOD_ENTRY|[5]||System.EncodingUtil.base64Decode(String)
16:34:36.2 (7351502)|METHOD_EXIT|[5]||System.EncodingUtil.base64Decode(String)
16:34:36.2 (7405997)|HEAP_ALLOCATE|[10]|Bytes:4
16:34:36.2 (7457397)|HEAP_ALLOCATE|[10]|Bytes:55
16:34:36.2 (7469373)|SYSTEM_METHOD_ENTRY|[1]|Crypto.Crypto()
16:34:36.2 (7472829)|STATEMENT_EXECUTE|[1]
16:34:36.2 (7480307)|SYSTEM_METHOD_EXIT|[1]|Crypto
16:34:36.2 (7494601)|METHOD_ENTRY|[10]||System.Crypto.encryptWithManagedIV(String, Blob, Blob)
16:34:36.2 (8769847)|METHOD_EXIT|[10]||System.Crypto.encryptWithManagedIV(String, Blob, Blob)
16:34:36.2 (8783157)|VARIABLE_SCOPE_BEGIN|[10]|encryptedBlob|Blob|false|false
16:34:36.2 (8829116)|VARIABLE_ASSIGNMENT|[10]|encryptedBlob|BLOB(96 bytes)
16:34:36.2 (8834482)|STATEMENT_EXECUTE|[11]
16:34:36.2 (8846599)|METHOD_ENTRY|[11]||System.EncodingUtil.base64Encode(Blob)
16:34:36.2 (8923123)|METHOD_EXIT|[11]||System.EncodingUtil.base64Encode(Blob)
16:34:36.2 (8926501)|VARIABLE_SCOPE_BEGIN|[11]|encryptedString|String|false|false
16:34:36.2 (8939647)|VARIABLE_ASSIGNMENT|[11]|encryptedString|"sPeXbzmOIRQwl4zKeRFR (108 more) ..."
16:34:36.2 (8943596)|STATEMENT_EXECUTE|[13]
16:34:36.2 (11596802)|HEAP_ALLOCATE|[13]|Bytes:44
16:34:36.2 (11630664)|VARIABLE_SCOPE_BEGIN|[13]|settings|PORTERS_Settings__c|true|false
16:34:36.2 (11858874)|VARIABLE_ASSIGNMENT|[13]|settings|{"LastModifiedDate":"2026-03-18T06:06:58.000Z","Is_Development_Mode__c":true,"IsDeleted":false,"CreatedById":"0057F0000042UBbQAM","CreatedDate":"2026-03-05T03:24:41.000Z","Id":"a0PBK000008oB5J2AU","LastModifiedById":"0057F0000042UBbQAM","SetupOwnerId":"00DBK000004uTTF2A2","Name":"a0PBK000008oB5J","SystemModstamp":"2026-03-18T06:06:58.000Z"}|0x3d74b0d9
16:34:36.2 (11867747)|STATEMENT_EXECUTE|[14]
16:34:36.2 (11936350)|HEAP_ALLOCATE|[14]|Bytes:-4
16:34:36.2 (11979036)|VARIABLE_ASSIGNMENT|[14]|this.Client_Secret__c|"sPeXbzmOIRQwl4zKeRFR (108 more) ..."|0x3d74b0d9
16:34:36.2 (11983867)|STATEMENT_EXECUTE|[15]
16:34:36.2 (12038593)|HEAP_ALLOCATE|[15]|Bytes:8
16:34:36.2 (12062005)|DML_BEGIN|[15]|Op:Upsert|Type:PORTERS_Settings__c|Rows:1
16:34:36.2 (12109041)|HEAP_ALLOCATE|[EXTERNAL]|Bytes:8
16:34:36.2 (49345728)|DML_END|[15]
16:34:36.2 (49593051)|SYSTEM_MODE_EXIT|true
16:34:36.2 (50431382)|METHOD_EXIT|[2]|01pBK000001Z5HD|SecretUtil.setEncryptedSecret(String)
16:34:36.2 (50454112)|SYSTEM_MODE_EXIT|false
16:34:36.2 (50465314)|STATEMENT_EXECUTE|[3]
16:34:36.2 (50475504)|HEAP_ALLOCATE|[3]|Bytes:16
16:34:36.2 (50554909)|USER_DEBUG|[3]|DEBUG|加密后的 Secret 已存储。
16:34:36.70 (70909719)|CUMULATIVE_LIMIT_USAGE
16:34:36.70 (70909719)|LIMIT_USAGE_FOR_NS|(default)|
  Number of SOQL queries: 0 out of 100
  Number of query rows: 0 out of 50000
  Number of SOSL queries: 0 out of 20
  Number of DML statements: 1 out of 150
  Number of Publish Immediate DML: 0 out of 150
  Number of DML rows: 1 out of 10000
  Maximum CPU time: 0 out of 10000
  Maximum heap size: 0 out of 6000000
  Number of callouts: 0 out of 100
  Number of Email Invocations: 0 out of 10
  Number of future calls: 0 out of 50
  Number of queueable jobs added to the queue: 0 out of 50
  Number of Mobile Apex push calls: 0 out of 10

16:34:36.70 (70909719)|CUMULATIVE_LIMIT_USAGE_END

16:34:36.2 (70959775)|CODE_UNIT_FINISHED|execute_anonymous_apex
16:34:36.2 (70980348)|EXECUTION_FINISHED
