66.0 APEX_CODE,FINEST;APEX_PROFILING,INFO;CALLOUT,INFO;DATA_ACCESS,INFO;DB,INFO;NBA,INFO;SYSTEM,DEBUG;VALIDATION,INFO;VISUALFORCE,INFO;WAVE,INFO;WORKFLOW,INFO
17:35:55.2 (2106774)|USER_INFO|[EXTERNAL]|0057F0000042UBb|ishibashi@hurex.co.jp.dev1|(GMT+09:00) 日本標準時 (Asia/Tokyo)|GMT+09:00
17:35:55.2 (2134393)|EXECUTION_STARTED
17:35:55.2 (2141951)|CODE_UNIT_STARTED|[EXTERNAL]|apex://RegistrationInfoController/ACTION$getEducationPicklistValues
17:35:55.2 (4521012)|CODE_UNIT_STARTED|[EXTERNAL]|01pBK000001mgyr|RegistrationInfoController.getEducationPicklistValues()
17:35:55.2 (4688837)|HEAP_ALLOCATE|[95]|Bytes:3
17:35:55.2 (4778255)|HEAP_ALLOCATE|[100]|Bytes:152
17:35:55.2 (4792650)|HEAP_ALLOCATE|[417]|Bytes:408
17:35:55.2 (4803642)|HEAP_ALLOCATE|[430]|Bytes:408
17:35:55.2 (4825680)|HEAP_ALLOCATE|[317]|Bytes:6
17:35:55.2 (4836233)|HEAP_ALLOCATE|[EXTERNAL]|Bytes:23
17:35:55.2 (4840926)|HEAP_ALLOCATE|[EXTERNAL]|Bytes:36
17:35:55.2 (4842727)|HEAP_ALLOCATE|[EXTERNAL]|Bytes:7
17:35:55.2 (4851811)|METHOD_ENTRY|[5]|01pBK000001mgyr|RegistrationInfoController.RegistrationInfoController()
17:35:55.2 (4858376)|STATEMENT_EXECUTE|[5]
17:35:55.2 (4866428)|STATEMENT_EXECUTE|[5]
17:35:55.2 (4886791)|HEAP_ALLOCATE|[68]|Bytes:5
17:35:55.2 (4909113)|HEAP_ALLOCATE|[74]|Bytes:5
17:35:55.2 (4913520)|HEAP_ALLOCATE|[82]|Bytes:7
17:35:55.2 (4929850)|HEAP_ALLOCATE|[EXTERNAL]|Bytes:5
17:35:55.2 (4932807)|STATEMENT_EXECUTE|[7]
17:35:55.2 (4940610)|METHOD_EXIT|[5]|RegistrationInfoController
17:35:55.2 (4950143)|HEAP_ALLOCATE|[101]|Bytes:5
17:35:55.2 (4952351)|STATEMENT_EXECUTE|[100]
17:35:55.2 (4953601)|STATEMENT_EXECUTE|[101]
17:35:55.2 (4955045)|HEAP_ALLOCATE|[101]|Bytes:7
17:35:55.2 (4957285)|HEAP_ALLOCATE|[101]|Bytes:23
17:35:55.2 (5059877)|METHOD_ENTRY|[101]|01pBK000001mgyr|RegistrationInfoController.getPicklistValuesWithoutEmpty(Schema.SObjectField)
17:35:55.2 (5086569)|VARIABLE_SCOPE_BEGIN|[132]|field|Schema.SObjectField|true|false
17:35:55.2 (5312047)|VARIABLE_ASSIGNMENT|[132]|field|"common.apex.runtime.impl.ApexFieldToken@232e4377"|0x232e4377
17:35:55.2 (5320961)|HEAP_ALLOCATE|[133]|Bytes:5
17:35:55.2 (5323891)|STATEMENT_EXECUTE|[132]
17:35:55.2 (5324915)|STATEMENT_EXECUTE|[133]
17:35:55.2 (5342235)|HEAP_ALLOCATE|[133]|Bytes:4
17:35:55.2 (5370573)|VARIABLE_SCOPE_BEGIN|[133]|options|List<Map<String,String>>|true|false
17:35:55.2 (5413164)|HEAP_ALLOCATE|[EXTERNAL]|Bytes:4
17:35:55.2 (5423254)|VARIABLE_ASSIGNMENT|[133]|options|[]|0x1f37b74e
17:35:55.2 (5425975)|STATEMENT_EXECUTE|[134]
17:35:55.2 (5426755)|STATEMENT_EXECUTE|[134]
17:35:55.2 (5427711)|STATEMENT_EXECUTE|[135]
17:35:55.2 (5467643)|SYSTEM_MODE_ENTER|true
17:35:55.2 (100358081)|HEAP_ALLOCATE|[EXTERNAL]|Bytes:4
17:35:55.2 (101373139)|HEAP_ALLOCATE|[135]|Bytes:8
17:35:55.2 (101414714)|VARIABLE_SCOPE_BEGIN|[135]|fieldResult|Schema.DescribeFieldResult|true|false
17:35:55.2 (127510636)|VARIABLE_ASSIGNMENT|[135]|fieldResult|"common.api.soap.wsdl.Field@69001040"|0x732e9b49
17:35:55.2 (127626074)|HEAP_ALLOCATE|[EXTERNAL]|Bytes:36
17:35:55.2 (127742731)|HEAP_ALLOCATE|[136]|Bytes:36
17:35:55.2 (128206816)|HEAP_ALLOCATE|[136]|Bytes:5
17:35:55.2 (128237447)|HEAP_ALLOCATE|[136]|Bytes:4
17:35:55.2 (128262651)|VARIABLE_SCOPE_BEGIN|[136]|entry|Schema.PicklistEntry|true|false
17:35:55.2 (128282741)|VARIABLE_ASSIGNMENT|[136]|entry|大学院卒（博士）|0x254d9c05
17:35:55.2 (128289771)|STATEMENT_EXECUTE|[136]
17:35:55.2 (128291302)|STATEMENT_EXECUTE|[137]
17:35:55.2 (128308741)|HEAP_ALLOCATE|[137]|Bytes:4
17:35:55.2 (128324162)|VARIABLE_SCOPE_BEGIN|[137]|option|Map<String,String>|true|false
17:35:55.2 (128339376)|VARIABLE_ASSIGNMENT|[137]|option|{}|0x223eaf36
17:35:55.2 (128342094)|STATEMENT_EXECUTE|[138]
17:35:55.2 (128345559)|HEAP_ALLOCATE|[138]|Bytes:5
17:35:55.2 (128365952)|HEAP_ALLOCATE|[138]|Bytes:8
17:35:55.2 (128413985)|HEAP_ALLOCATE|[EXTERNAL]|Bytes:-4
17:35:55.2 (128418848)|STATEMENT_EXECUTE|[139]
17:35:55.2 (128420206)|HEAP_ALLOCATE|[139]|Bytes:5
17:35:55.2 (128426685)|HEAP_ALLOCATE|[139]|Bytes:8
17:35:55.2 (128435587)|HEAP_ALLOCATE|[EXTERNAL]|Bytes:-4
17:35:55.2 (128438743)|STATEMENT_EXECUTE|[140]
17:35:55.2 (128451405)|HEAP_ALLOCATE|[EXTERNAL]|Bytes:4
17:35:55.2 (128458918)|HEAP_ALLOCATE|[136]|Bytes:5
17:35:55.2 (128464946)|HEAP_ALLOCATE|[136]|Bytes:4
17:35:55.2 (128467591)|VARIABLE_SCOPE_BEGIN|[136]|entry|Schema.PicklistEntry|true|false
17:35:55.2 (128472640)|VARIABLE_ASSIGNMENT|[136]|entry|大学院卒（修士）|0x2ca97ad6
17:35:55.2 (128481177)|STATEMENT_EXECUTE|[136]
17:35:55.2 (128482086)|STATEMENT_EXECUTE|[137]
17:35:55.2 (128485912)|HEAP_ALLOCATE|[137]|Bytes:4
17:35:55.2 (128488765)|VARIABLE_SCOPE_BEGIN|[137]|option|Map<String,String>|true|false
17:35:55.2 (128493999)|VARIABLE_ASSIGNMENT|[137]|option|{}|0x52736aeb
17:35:55.2 (128496786)|STATEMENT_EXECUTE|[138]
17:35:55.2 (128499327)|HEAP_ALLOCATE|[138]|Bytes:8
17:35:55.2 (128503582)|HEAP_ALLOCATE|[EXTERNAL]|Bytes:-4
17:35:55.2 (128506345)|STATEMENT_EXECUTE|[139]
17:35:55.2 (128508219)|HEAP_ALLOCATE|[139]|Bytes:8
17:35:55.2 (128511537)|HEAP_ALLOCATE|[EXTERNAL]|Bytes:-4
17:35:55.2 (128514048)|STATEMENT_EXECUTE|[140]
17:35:55.2 (128516487)|HEAP_ALLOCATE|[EXTERNAL]|Bytes:4
17:35:55.2 (128521457)|HEAP_ALLOCATE|[136]|Bytes:5
17:35:55.2 (128525571)|HEAP_ALLOCATE|[136]|Bytes:4
17:35:55.2 (128527865)|VARIABLE_SCOPE_BEGIN|[136]|entry|Schema.PicklistEntry|true|false
17:35:55.2 (128531860)|VARIABLE_ASSIGNMENT|[136]|entry|大学卒|0x1b176914
17:35:55.2 (128534726)|STATEMENT_EXECUTE|[136]
17:35:55.2 (128535531)|STATEMENT_EXECUTE|[137]
17:35:55.2 (128537842)|HEAP_ALLOCATE|[137]|Bytes:4
17:35:55.2 (128540106)|VARIABLE_SCOPE_BEGIN|[137]|option|Map<String,String>|true|false
17:35:55.2 (128558150)|VARIABLE_ASSIGNMENT|[137]|option|{}|0x4c87325f
17:35:55.2 (128561028)|STATEMENT_EXECUTE|[138]
17:35:55.2 (128563264)|HEAP_ALLOCATE|[138]|Bytes:3
17:35:55.2 (128567029)|HEAP_ALLOCATE|[EXTERNAL]|Bytes:-4
17:35:55.2 (128569607)|STATEMENT_EXECUTE|[139]
17:35:55.2 (128571411)|HEAP_ALLOCATE|[139]|Bytes:3
17:35:55.2 (128574282)|HEAP_ALLOCATE|[EXTERNAL]|Bytes:-4
17:35:55.2 (128577158)|STATEMENT_EXECUTE|[140]
17:35:55.2 (128579332)|HEAP_ALLOCATE|[EXTERNAL]|Bytes:4
17:35:55.2 (128584249)|HEAP_ALLOCATE|[136]|Bytes:5
17:35:55.2 (128588242)|HEAP_ALLOCATE|[136]|Bytes:4
17:35:55.2 (128590612)|VARIABLE_SCOPE_BEGIN|[136]|entry|Schema.PicklistEntry|true|false
17:35:55.2 (128594665)|VARIABLE_ASSIGNMENT|[136]|entry|高専卒|0x2b9f9ed3
17:35:55.2 (128597431)|STATEMENT_EXECUTE|[136]
17:35:55.2 (128598243)|STATEMENT_EXECUTE|[137]
17:35:55.2 (128600685)|HEAP_ALLOCATE|[137]|Bytes:4
17:35:55.2 (128602778)|VARIABLE_SCOPE_BEGIN|[137]|option|Map<String,String>|true|false
17:35:55.2 (128607183)|VARIABLE_ASSIGNMENT|[137]|option|{}|0x62f29d79
17:35:55.2 (128609483)|STATEMENT_EXECUTE|[138]
17:35:55.2 (128611158)|HEAP_ALLOCATE|[138]|Bytes:3
17:35:55.2 (128614540)|HEAP_ALLOCATE|[EXTERNAL]|Bytes:-4
17:35:55.2 (128617128)|STATEMENT_EXECUTE|[139]
17:35:55.2 (128618779)|HEAP_ALLOCATE|[139]|Bytes:3
17:35:55.2 (128621698)|HEAP_ALLOCATE|[EXTERNAL]|Bytes:-4
17:35:55.2 (128624213)|STATEMENT_EXECUTE|[140]
17:35:55.2 (128626348)|HEAP_ALLOCATE|[EXTERNAL]|Bytes:4
17:35:55.2 (128630713)|HEAP_ALLOCATE|[136]|Bytes:5
17:35:55.2 (128634555)|HEAP_ALLOCATE|[136]|Bytes:4
17:35:55.2 (128636631)|VARIABLE_SCOPE_BEGIN|[136]|entry|Schema.PicklistEntry|true|false
17:35:55.2 (128640764)|VARIABLE_ASSIGNMENT|[136]|entry|短大卒|0x420d17fa
17:35:55.2 (128643506)|STATEMENT_EXECUTE|[136]
17:35:55.2 (128644321)|STATEMENT_EXECUTE|[137]
17:35:55.2 (128646405)|HEAP_ALLOCATE|[137]|Bytes:4
17:35:55.2 (128648382)|VARIABLE_SCOPE_BEGIN|[137]|option|Map<String,String>|true|false
17:35:55.2 (128652931)|VARIABLE_ASSIGNMENT|[137]|option|{}|0x37edc02e
17:35:55.2 (128655346)|STATEMENT_EXECUTE|[138]
17:35:55.2 (128657130)|HEAP_ALLOCATE|[138]|Bytes:3
17:35:55.2 (128660312)|HEAP_ALLOCATE|[EXTERNAL]|Bytes:-4
17:35:55.2 (128662799)|STATEMENT_EXECUTE|[139]
17:35:55.2 (128664393)|HEAP_ALLOCATE|[139]|Bytes:3
17:35:55.2 (128667263)|HEAP_ALLOCATE|[EXTERNAL]|Bytes:-4
17:35:55.2 (128669876)|STATEMENT_EXECUTE|[140]
17:35:55.2 (128671891)|HEAP_ALLOCATE|[EXTERNAL]|Bytes:4
17:35:55.2 (128676367)|HEAP_ALLOCATE|[136]|Bytes:5
17:35:55.2 (128680116)|HEAP_ALLOCATE|[136]|Bytes:4
17:35:55.2 (128682153)|VARIABLE_SCOPE_BEGIN|[136]|entry|Schema.PicklistEntry|true|false
17:35:55.2 (128686051)|VARIABLE_ASSIGNMENT|[136]|entry|専門各種学校卒|0x60d3b906
17:35:55.2 (128688731)|STATEMENT_EXECUTE|[136]
17:35:55.2 (128689501)|STATEMENT_EXECUTE|[137]
17:35:55.2 (128691575)|HEAP_ALLOCATE|[137]|Bytes:4
17:35:55.2 (128693551)|VARIABLE_SCOPE_BEGIN|[137]|option|Map<String,String>|true|false
17:35:55.2 (128697587)|VARIABLE_ASSIGNMENT|[137]|option|{}|0x16bce930
17:35:55.2 (128699888)|STATEMENT_EXECUTE|[138]
17:35:55.2 (128701506)|HEAP_ALLOCATE|[138]|Bytes:7
17:35:55.2 (128704507)|HEAP_ALLOCATE|[EXTERNAL]|Bytes:-4
17:35:55.2 (128706972)|STATEMENT_EXECUTE|[139]
17:35:55.2 (128708611)|HEAP_ALLOCATE|[139]|Bytes:7
17:35:55.2 (128711471)|HEAP_ALLOCATE|[EXTERNAL]|Bytes:-4
17:35:55.2 (128713993)|STATEMENT_EXECUTE|[140]
17:35:55.2 (128715957)|HEAP_ALLOCATE|[EXTERNAL]|Bytes:4
17:35:55.2 (128731083)|HEAP_ALLOCATE|[136]|Bytes:5
17:35:55.2 (128736103)|HEAP_ALLOCATE|[136]|Bytes:4
17:35:55.2 (128738236)|VARIABLE_SCOPE_BEGIN|[136]|entry|Schema.PicklistEntry|true|false
17:35:55.2 (128747924)|VARIABLE_ASSIGNMENT|[136]|entry|高校卒|0x3c248eda
17:35:55.2 (128750773)|STATEMENT_EXECUTE|[136]
17:35:55.2 (128751596)|STATEMENT_EXECUTE|[137]
17:35:55.2 (128753965)|HEAP_ALLOCATE|[137]|Bytes:4
17:35:55.2 (128756036)|VARIABLE_SCOPE_BEGIN|[137]|option|Map<String,String>|true|false
17:35:55.2 (128760476)|VARIABLE_ASSIGNMENT|[137]|option|{}|0x6511c5c0
17:35:55.2 (128762758)|STATEMENT_EXECUTE|[138]
17:35:55.2 (128764856)|HEAP_ALLOCATE|[138]|Bytes:3
17:35:55.2 (128768158)|HEAP_ALLOCATE|[EXTERNAL]|Bytes:-4
17:35:55.2 (128776370)|STATEMENT_EXECUTE|[139]
17:35:55.2 (128778207)|HEAP_ALLOCATE|[139]|Bytes:3
17:35:55.2 (128781415)|HEAP_ALLOCATE|[EXTERNAL]|Bytes:-4
17:35:55.2 (128783951)|STATEMENT_EXECUTE|[140]
17:35:55.2 (128785998)|HEAP_ALLOCATE|[EXTERNAL]|Bytes:4
17:35:55.2 (128790762)|HEAP_ALLOCATE|[136]|Bytes:5
17:35:55.2 (128794661)|HEAP_ALLOCATE|[136]|Bytes:4
17:35:55.2 (128796914)|VARIABLE_SCOPE_BEGIN|[136]|entry|Schema.PicklistEntry|true|false
17:35:55.2 (128801267)|VARIABLE_ASSIGNMENT|[136]|entry|その他|0x18775bed
17:35:55.2 (128804036)|STATEMENT_EXECUTE|[136]
17:35:55.2 (128804846)|STATEMENT_EXECUTE|[137]
17:35:55.2 (128806985)|HEAP_ALLOCATE|[137]|Bytes:4
17:35:55.2 (128809182)|VARIABLE_SCOPE_BEGIN|[137]|option|Map<String,String>|true|false
17:35:55.2 (128813355)|VARIABLE_ASSIGNMENT|[137]|option|{}|0x69f3c4ba
17:35:55.2 (128815739)|STATEMENT_EXECUTE|[138]
17:35:55.2 (128817481)|HEAP_ALLOCATE|[138]|Bytes:3
17:35:55.2 (128820526)|HEAP_ALLOCATE|[EXTERNAL]|Bytes:-4
17:35:55.2 (128823080)|STATEMENT_EXECUTE|[139]
17:35:55.2 (128829717)|HEAP_ALLOCATE|[139]|Bytes:3
17:35:55.2 (128833425)|HEAP_ALLOCATE|[EXTERNAL]|Bytes:-4
17:35:55.2 (128835945)|STATEMENT_EXECUTE|[140]
17:35:55.2 (128837991)|HEAP_ALLOCATE|[EXTERNAL]|Bytes:4
17:35:55.2 (128842620)|HEAP_ALLOCATE|[136]|Bytes:5
17:35:55.2 (128848982)|VARIABLE_ASSIGNMENT|[136]|entry|null|
17:35:55.2 (128853940)|STATEMENT_EXECUTE|[145]
17:35:55.2 (128867717)|METHOD_EXIT|[101]|01pBK000001mgyr|RegistrationInfoController.getPicklistValuesWithoutEmpty(Schema.SObjectField)
17:35:55.128 (128925754)|CUMULATIVE_LIMIT_USAGE
17:35:55.128 (128925754)|LIMIT_USAGE_FOR_NS|(default)|
  Number of SOQL queries: 0 out of 100
  Number of query rows: 0 out of 50000
  Number of SOSL queries: 0 out of 20
  Number of DML statements: 0 out of 0
  Number of Publish Immediate DML: 0 out of 150
  Number of DML rows: 0 out of 10000
  Maximum CPU time: 0 out of 10000
  Maximum heap size: 0 out of 6000000
  Number of callouts: 0 out of 100
  Number of Email Invocations: 0 out of 10
  Number of future calls: 0 out of 50
  Number of queueable jobs added to the queue: 0 out of 50
  Number of Mobile Apex push calls: 0 out of 10

17:35:55.128 (128925754)|CUMULATIVE_LIMIT_USAGE_END

17:35:55.2 (128970332)|CODE_UNIT_FINISHED|RegistrationInfoController.getEducationPicklistValues()
17:35:55.2 (129169406)|CODE_UNIT_FINISHED|apex://RegistrationInfoController/ACTION$getEducationPicklistValues
17:35:55.2 (129175240)|EXECUTION_FINISHED
