66.0 APEX_CODE,FINEST;APEX_PROFILING,INFO;CALLOUT,INFO;DATA_ACCESS,INFO;DB,INFO;NBA,INFO;SYSTEM,DEBUG;VALIDATION,INFO;VISUALFORCE,INFO;WAVE,INFO;WORKFLOW,INFO
18:19:28.0 (190678)|USER_INFO|[EXTERNAL]|0057F0000042UBb|ishibashi@hurex.co.jp.dev1|(GMT+09:00) 日本標準時 (Asia/Tokyo)|GMT+09:00
18:19:28.0 (226560)|EXECUTION_STARTED
18:19:28.0 (234469)|CODE_UNIT_STARTED|[EXTERNAL]|apex://RegistrationInfoController/ACTION$getEmploymentPicklistValues
18:19:28.0 (1831544)|CODE_UNIT_STARTED|[EXTERNAL]|01pBK000001mgyr|RegistrationInfoController.getEmploymentPicklistValues()
18:19:28.0 (2006782)|HEAP_ALLOCATE|[95]|Bytes:3
18:19:28.0 (2072390)|HEAP_ALLOCATE|[100]|Bytes:152
18:19:28.0 (2085236)|HEAP_ALLOCATE|[417]|Bytes:408
18:19:28.0 (2095176)|HEAP_ALLOCATE|[430]|Bytes:408
18:19:28.0 (2114474)|HEAP_ALLOCATE|[317]|Bytes:6
18:19:28.0 (2156057)|HEAP_ALLOCATE|[EXTERNAL]|Bytes:23
18:19:28.0 (2158956)|HEAP_ALLOCATE|[EXTERNAL]|Bytes:36
18:19:28.0 (2160786)|HEAP_ALLOCATE|[EXTERNAL]|Bytes:7
18:19:28.0 (2168677)|METHOD_ENTRY|[5]|01pBK000001mgyr|RegistrationInfoController.RegistrationInfoController()
18:19:28.0 (2173294)|STATEMENT_EXECUTE|[5]
18:19:28.0 (2176139)|STATEMENT_EXECUTE|[5]
18:19:28.0 (2194164)|HEAP_ALLOCATE|[68]|Bytes:5
18:19:28.0 (2214404)|HEAP_ALLOCATE|[74]|Bytes:5
18:19:28.0 (2219111)|HEAP_ALLOCATE|[82]|Bytes:7
18:19:28.0 (2374808)|HEAP_ALLOCATE|[EXTERNAL]|Bytes:5
18:19:28.0 (2381112)|STATEMENT_EXECUTE|[7]
18:19:28.0 (2391202)|METHOD_EXIT|[5]|RegistrationInfoController
18:19:28.0 (2406777)|HEAP_ALLOCATE|[107]|Bytes:5
18:19:28.0 (2409882)|STATEMENT_EXECUTE|[106]
18:19:28.0 (2411451)|STATEMENT_EXECUTE|[107]
18:19:28.0 (2413648)|HEAP_ALLOCATE|[107]|Bytes:7
18:19:28.0 (2416956)|HEAP_ALLOCATE|[107]|Bytes:20
18:19:28.0 (2912400)|METHOD_ENTRY|[107]|01pBK000001mgyr|RegistrationInfoController.getPicklistValuesWithoutEmpty(Schema.SObjectField)
18:19:28.0 (2938746)|VARIABLE_SCOPE_BEGIN|[131]|field|Schema.SObjectField|true|false
18:19:28.0 (3125787)|VARIABLE_ASSIGNMENT|[131]|field|"common.apex.runtime.impl.ApexFieldToken@11465108"|0x11465108
18:19:28.0 (3141825)|HEAP_ALLOCATE|[132]|Bytes:5
18:19:28.0 (3147429)|STATEMENT_EXECUTE|[131]
18:19:28.0 (3148494)|STATEMENT_EXECUTE|[132]
18:19:28.0 (3198364)|HEAP_ALLOCATE|[132]|Bytes:4
18:19:28.0 (3226862)|VARIABLE_SCOPE_BEGIN|[132]|options|List<Map<String,String>>|true|false
18:19:28.0 (3265021)|HEAP_ALLOCATE|[EXTERNAL]|Bytes:4
18:19:28.0 (3277016)|VARIABLE_ASSIGNMENT|[132]|options|[]|0x14d3bd8d
18:19:28.0 (3280308)|STATEMENT_EXECUTE|[133]
18:19:28.0 (3281221)|STATEMENT_EXECUTE|[133]
18:19:28.0 (3282274)|STATEMENT_EXECUTE|[134]
18:19:28.0 (3342069)|SYSTEM_MODE_ENTER|true
18:19:28.0 (156926866)|HEAP_ALLOCATE|[EXTERNAL]|Bytes:4
18:19:28.0 (159554888)|HEAP_ALLOCATE|[134]|Bytes:8
18:19:28.0 (159595579)|VARIABLE_SCOPE_BEGIN|[134]|fieldResult|Schema.DescribeFieldResult|true|false
18:19:28.0 (162424722)|VARIABLE_ASSIGNMENT|[134]|fieldResult|"common.api.soap.wsdl.Field@808dd873"|0x29e486ce
18:19:28.0 (162483029)|HEAP_ALLOCATE|[EXTERNAL]|Bytes:16
18:19:28.0 (162549532)|HEAP_ALLOCATE|[135]|Bytes:16
18:19:28.0 (162787871)|HEAP_ALLOCATE|[135]|Bytes:5
18:19:28.0 (162813169)|HEAP_ALLOCATE|[135]|Bytes:4
18:19:28.0 (162820717)|VARIABLE_SCOPE_BEGIN|[135]|entry|Schema.PicklistEntry|true|false
18:19:28.0 (162839204)|VARIABLE_ASSIGNMENT|[135]|entry|就業中|0x2fd1aac6
18:19:28.0 (162845894)|STATEMENT_EXECUTE|[135]
18:19:28.0 (162847347)|STATEMENT_EXECUTE|[136]
18:19:28.0 (162859576)|HEAP_ALLOCATE|[136]|Bytes:4
18:19:28.0 (162869939)|VARIABLE_SCOPE_BEGIN|[136]|option|Map<String,String>|true|false
18:19:28.0 (162882021)|VARIABLE_ASSIGNMENT|[136]|option|{}|0x228e8b04
18:19:28.0 (162884900)|STATEMENT_EXECUTE|[137]
18:19:28.0 (162888093)|HEAP_ALLOCATE|[137]|Bytes:5
18:19:28.0 (162899798)|HEAP_ALLOCATE|[137]|Bytes:3
18:19:28.0 (162934204)|HEAP_ALLOCATE|[EXTERNAL]|Bytes:-4
18:19:28.0 (162938471)|STATEMENT_EXECUTE|[138]
18:19:28.0 (162939905)|HEAP_ALLOCATE|[138]|Bytes:5
18:19:28.0 (162944997)|HEAP_ALLOCATE|[138]|Bytes:3
18:19:28.0 (162953397)|HEAP_ALLOCATE|[EXTERNAL]|Bytes:-4
18:19:28.0 (162956555)|STATEMENT_EXECUTE|[139]
18:19:28.0 (162968632)|HEAP_ALLOCATE|[EXTERNAL]|Bytes:4
18:19:28.0 (162976187)|HEAP_ALLOCATE|[135]|Bytes:5
18:19:28.0 (162982505)|HEAP_ALLOCATE|[135]|Bytes:4
18:19:28.0 (162985477)|VARIABLE_SCOPE_BEGIN|[135]|entry|Schema.PicklistEntry|true|false
18:19:28.0 (162991434)|VARIABLE_ASSIGNMENT|[135]|entry|離職中|0x49881edc
18:19:28.0 (162994631)|STATEMENT_EXECUTE|[135]
18:19:28.0 (162995476)|STATEMENT_EXECUTE|[136]
18:19:28.0 (162998795)|HEAP_ALLOCATE|[136]|Bytes:4
18:19:28.0 (163001615)|VARIABLE_SCOPE_BEGIN|[136]|option|Map<String,String>|true|false
18:19:28.0 (163007247)|VARIABLE_ASSIGNMENT|[136]|option|{}|0x768ad312
18:19:28.0 (163009592)|STATEMENT_EXECUTE|[137]
18:19:28.0 (163012179)|HEAP_ALLOCATE|[137]|Bytes:3
18:19:28.0 (163015942)|HEAP_ALLOCATE|[EXTERNAL]|Bytes:-4
18:19:28.0 (163018766)|STATEMENT_EXECUTE|[138]
18:19:28.0 (163020673)|HEAP_ALLOCATE|[138]|Bytes:3
18:19:28.0 (163023782)|HEAP_ALLOCATE|[EXTERNAL]|Bytes:-4
18:19:28.0 (163026494)|STATEMENT_EXECUTE|[139]
18:19:28.0 (163029177)|HEAP_ALLOCATE|[EXTERNAL]|Bytes:4
18:19:28.0 (163034346)|HEAP_ALLOCATE|[135]|Bytes:5
18:19:28.0 (163038369)|HEAP_ALLOCATE|[135]|Bytes:4
18:19:28.0 (163040730)|VARIABLE_SCOPE_BEGIN|[135]|entry|Schema.PicklistEntry|true|false
18:19:28.0 (163045369)|VARIABLE_ASSIGNMENT|[135]|entry|就業経験なし|0x54afc09f
18:19:28.0 (163048349)|STATEMENT_EXECUTE|[135]
18:19:28.0 (163049194)|STATEMENT_EXECUTE|[136]
18:19:28.0 (163051278)|HEAP_ALLOCATE|[136]|Bytes:4
18:19:28.0 (163053650)|VARIABLE_SCOPE_BEGIN|[136]|option|Map<String,String>|true|false
18:19:28.0 (163057922)|VARIABLE_ASSIGNMENT|[136]|option|{}|0x2afa7a5
18:19:28.0 (163060393)|STATEMENT_EXECUTE|[137]
18:19:28.0 (163062384)|HEAP_ALLOCATE|[137]|Bytes:6
18:19:28.0 (163065792)|HEAP_ALLOCATE|[EXTERNAL]|Bytes:-4
18:19:28.0 (163068455)|STATEMENT_EXECUTE|[138]
18:19:28.0 (163070324)|HEAP_ALLOCATE|[138]|Bytes:6
18:19:28.0 (163073182)|HEAP_ALLOCATE|[EXTERNAL]|Bytes:-4
18:19:28.0 (163075771)|STATEMENT_EXECUTE|[139]
18:19:28.0 (163077982)|HEAP_ALLOCATE|[EXTERNAL]|Bytes:4
18:19:28.0 (163082454)|HEAP_ALLOCATE|[135]|Bytes:5
18:19:28.0 (163088409)|VARIABLE_ASSIGNMENT|[135]|entry|null|
18:19:28.0 (163093575)|STATEMENT_EXECUTE|[144]
18:19:28.0 (163106547)|METHOD_EXIT|[107]|01pBK000001mgyr|RegistrationInfoController.getPicklistValuesWithoutEmpty(Schema.SObjectField)
18:19:28.163 (163161087)|CUMULATIVE_LIMIT_USAGE
18:19:28.163 (163161087)|LIMIT_USAGE_FOR_NS|(default)|
  Number of SOQL queries: 0 out of 100
  Number of query rows: 0 out of 50000
  Number of SOSL queries: 0 out of 20
  Number of DML statements: 0 out of 0
  Number of Publish Immediate DML: 0 out of 150
  Number of DML rows: 0 out of 10000
  Maximum CPU time: 0 out of 10000
  Maximum heap size: 0 out of 6000000
  Number of callouts: 0 out of 100
  Number of Email Invocations: 0 out of 10
  Number of future calls: 0 out of 50
  Number of queueable jobs added to the queue: 0 out of 50
  Number of Mobile Apex push calls: 0 out of 10

18:19:28.163 (163161087)|CUMULATIVE_LIMIT_USAGE_END

18:19:28.0 (163191359)|CODE_UNIT_FINISHED|RegistrationInfoController.getEmploymentPicklistValues()
18:19:28.0 (163370492)|CODE_UNIT_FINISHED|apex://RegistrationInfoController/ACTION$getEmploymentPicklistValues
18:19:28.0 (163380040)|EXECUTION_FINISHED
