66.0 APEX_CODE,FINEST;APEX_PROFILING,INFO;CALLOUT,INFO;DATA_ACCESS,INFO;DB,INFO;NBA,INFO;SYSTEM,DEBUG;VALIDATION,INFO;VISUALFORCE,INFO;WAVE,INFO;WORKFLOW,INFO
17:18:24.5 (5451394)|EXECUTION_STARTED
17:18:24.5 (5488333)|CODE_UNIT_STARTED|[EXTERNAL]|VisualForce View State
17:18:24.5 (15042610)|CODE_UNIT_FINISHED|VisualForce View State
17:18:24.5 (15060440)|EXECUTION_FINISHED
17:18:24.394 (394775741)|VF_PAGE_MESSAGE|コンパイルエラー: 行 76、列 58 でInvalid Time '00:00:00'. Apex times must be of the form HH:MM:SS.NNNzOFFSET. HH must be 00-23, MM must be 00-59, and SS must be 00-59. .NNN is optional and is the milliseconds within the second 000-999. OFFSET is the timezone offset and has an optional + or - followed by HHMM or HH:MM.
17:18:24.394 (425966301)|VF_SERIALIZE_VIEWSTATE_BEGIN|
17:18:24.394 (431411027)|VF_SERIALIZE_VIEWSTATE_END
17:18:24.441 (441224691)|CUMULATIVE_LIMIT_USAGE
17:18:24.441 (441224691)|LIMIT_USAGE_FOR_NS|(default)|
  Number of SOQL queries: 0 out of 100
  Number of query rows: 0 out of 50000
  Number of SOSL queries: 0 out of 20
  Number of DML statements: 0 out of 150
  Number of Publish Immediate DML: 0 out of 150
  Number of DML rows: 0 out of 10000
  Maximum CPU time: 0 out of 10000
  Maximum heap size: 0 out of 6000000
  Number of callouts: 0 out of 100
  Number of Email Invocations: 0 out of 10
  Number of future calls: 0 out of 50
  Number of queueable jobs added to the queue: 0 out of 50
  Number of Mobile Apex push calls: 0 out of 10

17:18:24.441 (441224691)|CUMULATIVE_LIMIT_USAGE_END

