66.0 APEX_CODE,FINEST;APEX_PROFILING,INFO;CALLOUT,INFO;DATA_ACCESS,INFO;DB,INFO;NBA,INFO;SYSTEM,DEBUG;VALIDATION,INFO;VISUALFORCE,INFO;WAVE,INFO;WORKFLOW,INFO
17:40:58.0 (200980)|USER_INFO|[EXTERNAL]|0057F0000042UBb|ishibashi@hurex.co.jp.dev1|(GMT+09:00) 日本標準時 (Asia/Tokyo)|GMT+09:00
17:40:58.0 (241443)|EXECUTION_STARTED
17:40:58.0 (255381)|CODE_UNIT_STARTED|[EXTERNAL]|apex://JobCardsController/ACTION$getJobs
17:40:58.0 (974483)|CODE_UNIT_STARTED|[EXTERNAL]|01pBK000001RGBP|JobCardsController.getJobs()
17:40:58.0 (1355999)|HEAP_ALLOCATE|[95]|Bytes:3
17:40:58.0 (1444844)|HEAP_ALLOCATE|[100]|Bytes:152
17:40:58.0 (1458797)|HEAP_ALLOCATE|[417]|Bytes:408
17:40:58.0 (1470089)|HEAP_ALLOCATE|[430]|Bytes:408
17:40:58.0 (1487909)|HEAP_ALLOCATE|[317]|Bytes:6
17:40:58.0 (1497807)|HEAP_ALLOCATE|[EXTERNAL]|Bytes:10
17:40:58.0 (1500856)|HEAP_ALLOCATE|[EXTERNAL]|Bytes:5
17:40:58.0 (1502606)|HEAP_ALLOCATE|[EXTERNAL]|Bytes:3
17:40:58.0 (1519379)|METHOD_ENTRY|[6]|01pBK000001RGBP|JobCardsController.JobCardsController()
17:40:58.0 (1530413)|STATEMENT_EXECUTE|[6]
17:40:58.0 (1535973)|STATEMENT_EXECUTE|[6]
17:40:58.0 (1553766)|HEAP_ALLOCATE|[68]|Bytes:5
17:40:58.0 (1580973)|HEAP_ALLOCATE|[74]|Bytes:5
17:40:58.0 (1585792)|HEAP_ALLOCATE|[82]|Bytes:7
17:40:58.0 (1748878)|HEAP_ALLOCATE|[EXTERNAL]|Bytes:5
17:40:58.0 (1753786)|STATEMENT_EXECUTE|[12]
17:40:58.0 (1763327)|METHOD_EXIT|[6]|JobCardsController
17:40:58.0 (1772157)|HEAP_ALLOCATE|[35]|Bytes:5
17:40:58.0 (1775178)|STATEMENT_EXECUTE|[33]
17:40:58.0 (1776303)|STATEMENT_EXECUTE|[35]
17:40:58.0 (1789445)|HEAP_ALLOCATE|[35]|Bytes:4
17:40:58.0 (1836468)|VARIABLE_SCOPE_BEGIN|[35]|favoriteJobIds|Set<Id>|true|false
17:40:58.0 (1921738)|VARIABLE_ASSIGNMENT|[35]|favoriteJobIds|[]|0x5a012385
17:40:58.0 (1927826)|HEAP_ALLOCATE|[36]|Bytes:91
17:40:58.0 (1939348)|HEAP_ALLOCATE|[36]|Bytes:4
17:40:58.0 (1945007)|HEAP_ALLOCATE|[36]|Bytes:7
17:40:58.0 (1970230)|HEAP_ALLOCATE|[38]|Bytes:105
17:40:58.0 (1976238)|SYSTEM_METHOD_ENTRY|[1]|UserInfo.UserInfo()
17:40:58.0 (1978210)|STATEMENT_EXECUTE|[1]
17:40:58.0 (1983012)|SYSTEM_METHOD_EXIT|[1]|UserInfo
17:40:58.0 (1993822)|METHOD_ENTRY|[38]||System.UserInfo.getUserId()
17:40:58.0 (4266203)|METHOD_EXIT|[38]||System.UserInfo.getUserId()
17:40:58.0 (5027809)|SOQL_EXECUTE_BEGIN|[36]|Aggregations:0|SELECT Job__c FROM InterestedJob__c WHERE (CreatedById = :tmpVar1 AND IsArchive__c = FALSE)
17:40:58.0 (11892752)|SOQL_EXECUTE_END|[36]|Rows:4
17:40:58.0 (11928820)|HEAP_ALLOCATE|[EXTERNAL]|Bytes:20
17:40:58.0 (12171574)|HEAP_ALLOCATE|[36]|Bytes:54
17:40:58.0 (12181169)|HEAP_ALLOCATE|[36]|Bytes:8
17:40:58.0 (12195103)|SYSTEM_METHOD_ENTRY|[7]|QueryLocatorIterator.QueryLocatorIterator()
17:40:58.0 (12198344)|STATEMENT_EXECUTE|[7]
17:40:58.0 (12210200)|SYSTEM_METHOD_EXIT|[7]|QueryLocatorIterator
17:40:58.0 (12217653)|HEAP_ALLOCATE|[36]|Bytes:28
17:40:58.0 (12298010)|HEAP_ALLOCATE|[36]|Bytes:20
17:40:58.0 (12306614)|HEAP_ALLOCATE|[36]|Bytes:8
17:40:58.0 (12308245)|HEAP_ALLOCATE|[36]|Bytes:8
17:40:58.0 (12316265)|VARIABLE_SCOPE_BEGIN|[15]|this|Database.QueryLocatorIterator|true|false
17:40:58.0 (12387505)|VARIABLE_ASSIGNMENT|[15]|this|{}|0x6421ac0
17:40:58.0 (12391333)|VARIABLE_SCOPE_BEGIN|[15]|values|List<SObject>|true|false
17:40:58.0 (12518134)|VARIABLE_ASSIGNMENT|[15]|values|[{"Job__c":"a0KBK00000Gexcs2AB","Id":"a0OBK000004najC2AQ"},{"Job__c":"a0KBK00000Gexdg2AB","Id":"a0OBK000004nbNV2AY"},{"Job__c":"a0KBK00000Gexcu2AB","Id":"a0OBK000004v8wE2AQ"},{"Job__c":"a0KBK00000GezgQ2AR","Id":"a0OBK0000050riz2AA"}]|0x61f24da5
17:40:58.0 (12523660)|VARIABLE_SCOPE_BEGIN|[15]|ql|Database.QueryLocator|true|false
17:40:58.0 (12541130)|VARIABLE_ASSIGNMENT|[15]|ql|{"query":"SELECT Job__c FROM I (71 more) ..."}|0x5a675a59
17:40:58.0 (12544490)|VARIABLE_SCOPE_BEGIN|[15]|totalNumRecords|Integer|false|false
17:40:58.0 (12550081)|VARIABLE_ASSIGNMENT|[15]|totalNumRecords|4
17:40:58.0 (12552222)|VARIABLE_SCOPE_BEGIN|[15]|queryMoreSize|Integer|false|false
17:40:58.0 (12555714)|VARIABLE_ASSIGNMENT|[15]|queryMoreSize|49996
17:40:58.0 (12630444)|HEAP_ALLOCATE|[36]|Bytes:28
17:40:58.0 (12654983)|METHOD_ENTRY|[36]||Database.QueryLocatorIterator.hasNext()
17:40:58.0 (12765997)|METHOD_EXIT|[36]||Database.QueryLocatorIterator.hasNext()
17:40:58.0 (12771914)|METHOD_ENTRY|[36]||Database.QueryLocatorIterator.next()
17:40:58.0 (12827954)|METHOD_EXIT|[36]||Database.QueryLocatorIterator.next()
17:40:58.0 (12833289)|VARIABLE_SCOPE_BEGIN|[36]|fav|InterestedJob__c|true|false
17:40:58.0 (12859249)|VARIABLE_ASSIGNMENT|[36]|fav|{"Job__c":"a0KBK00000Gexcs2AB","Id":"a0OBK000004najC2AQ"}|0x4799c4ba
17:40:58.0 (12864163)|STATEMENT_EXECUTE|[39]
17:40:58.0 (12865428)|STATEMENT_EXECUTE|[40]
17:40:58.0 (12928786)|HEAP_ALLOCATE|[EXTERNAL]|Bytes:4
17:40:58.0 (12935774)|METHOD_ENTRY|[36]||Database.QueryLocatorIterator.hasNext()
17:40:58.0 (12945929)|METHOD_EXIT|[36]||Database.QueryLocatorIterator.hasNext()
17:40:58.0 (12948280)|METHOD_ENTRY|[36]||Database.QueryLocatorIterator.next()
17:40:58.0 (12969592)|METHOD_EXIT|[36]||Database.QueryLocatorIterator.next()
17:40:58.0 (12972238)|VARIABLE_SCOPE_BEGIN|[36]|fav|InterestedJob__c|true|false
17:40:58.0 (12987481)|VARIABLE_ASSIGNMENT|[36]|fav|{"Job__c":"a0KBK00000Gexdg2AB","Id":"a0OBK000004nbNV2AY"}|0x34f52689
17:40:58.0 (12990555)|STATEMENT_EXECUTE|[39]
17:40:58.0 (12991425)|STATEMENT_EXECUTE|[40]
17:40:58.0 (12996510)|HEAP_ALLOCATE|[EXTERNAL]|Bytes:4
17:40:58.0 (13000444)|METHOD_ENTRY|[36]||Database.QueryLocatorIterator.hasNext()
17:40:58.0 (13008889)|METHOD_EXIT|[36]||Database.QueryLocatorIterator.hasNext()
17:40:58.0 (13011337)|METHOD_ENTRY|[36]||Database.QueryLocatorIterator.next()
17:40:58.0 (13030361)|METHOD_EXIT|[36]||Database.QueryLocatorIterator.next()
17:40:58.0 (13032785)|VARIABLE_SCOPE_BEGIN|[36]|fav|InterestedJob__c|true|false
17:40:58.0 (13044335)|VARIABLE_ASSIGNMENT|[36]|fav|{"Job__c":"a0KBK00000Gexcu2AB","Id":"a0OBK000004v8wE2AQ"}|0x542007dc
17:40:58.0 (13160276)|STATEMENT_EXECUTE|[39]
17:40:58.0 (13161223)|STATEMENT_EXECUTE|[40]
17:40:58.0 (13167458)|HEAP_ALLOCATE|[EXTERNAL]|Bytes:4
17:40:58.0 (13172455)|METHOD_ENTRY|[36]||Database.QueryLocatorIterator.hasNext()
17:40:58.0 (13181492)|METHOD_EXIT|[36]||Database.QueryLocatorIterator.hasNext()
17:40:58.0 (13183873)|METHOD_ENTRY|[36]||Database.QueryLocatorIterator.next()
17:40:58.0 (13203556)|METHOD_EXIT|[36]||Database.QueryLocatorIterator.next()
17:40:58.0 (13205754)|VARIABLE_SCOPE_BEGIN|[36]|fav|InterestedJob__c|true|false
17:40:58.0 (13221422)|VARIABLE_ASSIGNMENT|[36]|fav|{"Job__c":"a0KBK00000GezgQ2AR","Id":"a0OBK0000050riz2AA"}|0x5f324cd3
17:40:58.0 (13224376)|STATEMENT_EXECUTE|[39]
17:40:58.0 (13225227)|STATEMENT_EXECUTE|[40]
17:40:58.0 (13229142)|HEAP_ALLOCATE|[EXTERNAL]|Bytes:4
17:40:58.0 (13233147)|METHOD_ENTRY|[36]||Database.QueryLocatorIterator.hasNext()
17:40:58.0 (13238991)|METHOD_EXIT|[36]||Database.QueryLocatorIterator.hasNext()
17:40:58.0 (13243147)|VARIABLE_ASSIGNMENT|[36]|fav|null|
17:40:58.0 (13265022)|STATEMENT_EXECUTE|[44]
17:40:58.0 (13268236)|HEAP_ALLOCATE|[44]|Bytes:217
17:40:58.0 (13284758)|HEAP_ALLOCATE|[44]|Bytes:4
17:40:58.0 (13965636)|SOQL_EXECUTE_BEGIN|[44]|Aggregations:0|SELECT Id, JobPosition__c, WorkLocation2__c, JobCategory1__c, MaxAnnualSalary__c, MinAnnualSalary__c, JobDescription__c, LastModifiedDate, LastViewedDate FROM Job__c ORDER BY LastModifiedDate DESC NULLS FIRST LIMIT 10
17:40:58.0 (32413150)|SOQL_EXECUTE_END|[44]|Rows:10
17:40:58.0 (32458010)|HEAP_ALLOCATE|[44]|Bytes:44
17:40:58.0 (32487639)|HEAP_ALLOCATE|[44]|Bytes:4083
17:40:58.0 (32584087)|HEAP_ALLOCATE|[44]|Bytes:44
17:40:58.0 (32607451)|VARIABLE_SCOPE_BEGIN|[44]|jobs|List<Job__c>|true|false
17:40:58.0 (32638811)|VARIABLE_ASSIGNMENT|[44]|jobs|"List of size 10 too large to display"|0x21e8e37b
17:40:58.0 (32644019)|STATEMENT_EXECUTE|[54]
17:40:58.0 (32652955)|HEAP_ALLOCATE|[54]|Bytes:4
17:40:58.0 (32762291)|VARIABLE_SCOPE_BEGIN|[54]|result|List<JobCardsController.JobWrapper>|true|false
17:40:58.0 (32780000)|HEAP_ALLOCATE|[EXTERNAL]|Bytes:4
17:40:58.0 (32791373)|VARIABLE_ASSIGNMENT|[54]|result|[]|0x27f3f6bb
17:40:58.0 (32935754)|HEAP_ALLOCATE|[55]|Bytes:5
17:40:58.0 (32957460)|HEAP_ALLOCATE|[55]|Bytes:32
17:40:58.0 (32963365)|VARIABLE_SCOPE_BEGIN|[55]|j|Job__c|true|false
17:40:58.0 (33093437)|VARIABLE_ASSIGNMENT|[55]|j|{"LastModifiedDate":"2026-04-02T02:54:44.000Z","JobPosition__c":"テスト451求人タイトル求人タイトル求人 (235 more) ...","WorkLocation2__c":"444444","LastViewedDate":"2026-04-02T07:30:43.000Z","Id":"a0KBK00000Gexdg2AB","JobDescription__c":"テスト451仕事内容仕事内容仕事内容仕事 (230 more) ...","JobCategory1__c":"経営幹部/企画/マーケティング系"}|0x381dc618
17:40:58.0 (33103093)|STATEMENT_EXECUTE|[55]
17:40:58.0 (33104355)|STATEMENT_EXECUTE|[56]
17:40:58.0 (33137229)|HEAP_ALLOCATE|[56]|Bytes:44
17:40:58.0 (33161316)|CONSTRUCTOR_ENTRY|[56]|01pBK000001RGBP|<init>()|JobCardsController.JobWrapper
17:40:58.0 (33195520)|VARIABLE_SCOPE_BEGIN|[12]|this|JobCardsController.JobWrapper|true|false
17:40:58.0 (33306373)|VARIABLE_ASSIGNMENT|[12]|this|{}|0x374b6711
17:40:58.0 (33328243)|STATEMENT_EXECUTE|[12]
17:40:58.0 (33329727)|STATEMENT_EXECUTE|[13]
17:40:58.0 (33330999)|STATEMENT_EXECUTE|[14]
17:40:58.0 (33332282)|STATEMENT_EXECUTE|[15]
17:40:58.0 (33333420)|STATEMENT_EXECUTE|[16]
17:40:58.0 (33334464)|STATEMENT_EXECUTE|[17]
17:40:58.0 (33335917)|STATEMENT_EXECUTE|[18]
17:40:58.0 (33337004)|STATEMENT_EXECUTE|[19]
17:40:58.0 (33338184)|STATEMENT_EXECUTE|[20]
17:40:58.0 (33339532)|STATEMENT_EXECUTE|[21]
17:40:58.0 (33340781)|STATEMENT_EXECUTE|[22]
17:40:58.0 (33345025)|CONSTRUCTOR_EXIT|[56]|01pBK000001RGBP|<init>()|JobCardsController.JobWrapper
17:40:58.0 (33349953)|VARIABLE_SCOPE_BEGIN|[56]|wrapper|JobCardsController.JobWrapper|true|false
17:40:58.0 (33364326)|VARIABLE_ASSIGNMENT|[56]|wrapper|{}|0x374b6711
17:40:58.0 (33368296)|STATEMENT_EXECUTE|[57]
17:40:58.0 (33603708)|VARIABLE_ASSIGNMENT|[57]|this.Id|"a0KBK00000Gexdg2AB"|0x374b6711
17:40:58.0 (33608919)|STATEMENT_EXECUTE|[58]
17:40:58.0 (33633279)|VARIABLE_ASSIGNMENT|[58]|this.JobPosition|"テスト451求人タイトル求人タイトル求人 (235 more) ..."|0x374b6711
17:40:58.0 (33638073)|STATEMENT_EXECUTE|[59]
17:40:58.0 (33646000)|VARIABLE_ASSIGNMENT|[59]|this.WorkLocation2|"444444"|0x374b6711
17:40:58.0 (33648597)|STATEMENT_EXECUTE|[60]
17:40:58.0 (33656044)|VARIABLE_ASSIGNMENT|[60]|this.JobCategory1|"経営幹部/企画/マーケティング系"|0x374b6711
17:40:58.0 (33659317)|STATEMENT_EXECUTE|[61]
17:40:58.0 (33664434)|VARIABLE_ASSIGNMENT|[61]|this.MaxAnnualSalary|null|0x374b6711
17:40:58.0 (33667126)|STATEMENT_EXECUTE|[62]
17:40:58.0 (33670444)|VARIABLE_ASSIGNMENT|[62]|this.MinAnnualSalary|null|0x374b6711
17:40:58.0 (33673407)|STATEMENT_EXECUTE|[63]
17:40:58.0 (33683644)|VARIABLE_ASSIGNMENT|[63]|this.JobDescription|"テスト451仕事内容仕事内容仕事内容仕事 (230 more) ..."|0x374b6711
17:40:58.0 (33689010)|STATEMENT_EXECUTE|[64]
17:40:58.0 (33724302)|VARIABLE_ASSIGNMENT|[64]|this.LastModifiedDate|"2026-04-02T02:54:44.000Z"|0x374b6711
17:40:58.0 (33727506)|STATEMENT_EXECUTE|[65]
17:40:58.0 (33742246)|VARIABLE_ASSIGNMENT|[65]|this.LastViewedDate|"2026-04-02T07:30:43.000Z"|0x374b6711
17:40:58.0 (33745003)|STATEMENT_EXECUTE|[66]
17:40:58.0 (33801171)|HEAP_ALLOCATE|[66]|Bytes:5
17:40:58.0 (33806533)|VARIABLE_ASSIGNMENT|[66]|this.IsFavorite|true|0x374b6711
17:40:58.0 (33809053)|STATEMENT_EXECUTE|[67]
17:40:58.0 (33830806)|HEAP_ALLOCATE|[EXTERNAL]|Bytes:4
17:40:58.0 (33848123)|HEAP_ALLOCATE|[55]|Bytes:5
17:40:58.0 (33860988)|HEAP_ALLOCATE|[55]|Bytes:40
17:40:58.0 (33867820)|VARIABLE_SCOPE_BEGIN|[55]|j|Job__c|true|false
17:40:58.0 (33935590)|VARIABLE_ASSIGNMENT|[55]|j|{"LastModifiedDate":"2026-03-19T02:02:27.000Z","JobPosition__c":"新潟市(新潟) 法人ルート営業・業界シェ (74 more) ...","WorkLocation2__c":"新潟県新潟市（転勤なし／車通勤可）","LastViewedDate":"2026-04-02T04:28:50.000Z","Id":"a0KBK00000GezgQ2AR","MinAnnualSalary__c":350,"JobDescription__c":"自社開発製造の給配水機器とその関連製品の (25 more) ...","JobCategory1__c":"経営幹部/企画/マーケティング系","MaxAnnualSalary__c":550}|0x6ca12dda
17:40:58.0 (33942953)|STATEMENT_EXECUTE|[55]
17:40:58.0 (33943829)|STATEMENT_EXECUTE|[56]
17:40:58.0 (33947721)|HEAP_ALLOCATE|[56]|Bytes:44
17:40:58.0 (33953013)|CONSTRUCTOR_ENTRY|[56]|01pBK000001RGBP|<init>()|JobCardsController.JobWrapper
17:40:58.0 (33958033)|VARIABLE_SCOPE_BEGIN|[12]|this|JobCardsController.JobWrapper|true|false
17:40:58.0 (33975378)|VARIABLE_ASSIGNMENT|[12]|this|{}|0x7f5bd495
17:40:58.0 (33987072)|STATEMENT_EXECUTE|[12]
17:40:58.0 (33988082)|STATEMENT_EXECUTE|[13]
17:40:58.0 (33988892)|STATEMENT_EXECUTE|[14]
17:40:58.0 (33990222)|STATEMENT_EXECUTE|[15]
17:40:58.0 (33991346)|STATEMENT_EXECUTE|[16]
17:40:58.0 (33992476)|STATEMENT_EXECUTE|[17]
17:40:58.0 (33993651)|STATEMENT_EXECUTE|[18]
17:40:58.0 (33994808)|STATEMENT_EXECUTE|[19]
17:40:58.0 (33995928)|STATEMENT_EXECUTE|[20]
17:40:58.0 (33997224)|STATEMENT_EXECUTE|[21]
17:40:58.0 (33998300)|STATEMENT_EXECUTE|[22]
17:40:58.0 (34001503)|CONSTRUCTOR_EXIT|[56]|01pBK000001RGBP|<init>()|JobCardsController.JobWrapper
17:40:58.0 (34007739)|VARIABLE_SCOPE_BEGIN|[56]|wrapper|JobCardsController.JobWrapper|true|false
17:40:58.0 (34015653)|VARIABLE_ASSIGNMENT|[56]|wrapper|{}|0x7f5bd495
17:40:58.0 (34018168)|STATEMENT_EXECUTE|[57]
17:40:58.0 (34073406)|VARIABLE_ASSIGNMENT|[57]|this.Id|"a0KBK00000GezgQ2AR"|0x7f5bd495
17:40:58.0 (34076497)|STATEMENT_EXECUTE|[58]
17:40:58.0 (34082327)|VARIABLE_ASSIGNMENT|[58]|this.JobPosition|"新潟市(新潟) 法人ルート営業・業界シェ (74 more) ..."|0x7f5bd495
17:40:58.0 (34085627)|STATEMENT_EXECUTE|[59]
17:40:58.0 (34089499)|VARIABLE_ASSIGNMENT|[59]|this.WorkLocation2|"新潟県新潟市（転勤なし／車通勤可）"|0x7f5bd495
17:40:58.0 (34092458)|STATEMENT_EXECUTE|[60]
17:40:58.0 (34095933)|VARIABLE_ASSIGNMENT|[60]|this.JobCategory1|"経営幹部/企画/マーケティング系"|0x7f5bd495
17:40:58.0 (34098762)|STATEMENT_EXECUTE|[61]
17:40:58.0 (34123294)|VARIABLE_ASSIGNMENT|[61]|this.MaxAnnualSalary|550|0x7f5bd495
17:40:58.0 (34125935)|STATEMENT_EXECUTE|[62]
17:40:58.0 (34131617)|VARIABLE_ASSIGNMENT|[62]|this.MinAnnualSalary|350|0x7f5bd495
17:40:58.0 (34134150)|STATEMENT_EXECUTE|[63]
17:40:58.0 (34138073)|VARIABLE_ASSIGNMENT|[63]|this.JobDescription|"自社開発製造の給配水機器とその関連製品の (25 more) ..."|0x7f5bd495
17:40:58.0 (34141202)|STATEMENT_EXECUTE|[64]
17:40:58.0 (34151622)|VARIABLE_ASSIGNMENT|[64]|this.LastModifiedDate|"2026-03-19T02:02:27.000Z"|0x7f5bd495
17:40:58.0 (34155592)|STATEMENT_EXECUTE|[65]
17:40:58.0 (34164762)|VARIABLE_ASSIGNMENT|[65]|this.LastViewedDate|"2026-04-02T04:28:50.000Z"|0x7f5bd495
17:40:58.0 (34167652)|STATEMENT_EXECUTE|[66]
17:40:58.0 (34177369)|HEAP_ALLOCATE|[66]|Bytes:5
17:40:58.0 (34180866)|VARIABLE_ASSIGNMENT|[66]|this.IsFavorite|true|0x7f5bd495
17:40:58.0 (34183298)|STATEMENT_EXECUTE|[67]
17:40:58.0 (34187101)|HEAP_ALLOCATE|[EXTERNAL]|Bytes:4
17:40:58.0 (34194105)|HEAP_ALLOCATE|[55]|Bytes:5
17:40:58.0 (34199948)|HEAP_ALLOCATE|[55]|Bytes:40
17:40:58.0 (34203697)|VARIABLE_SCOPE_BEGIN|[55]|j|Job__c|true|false
17:40:58.0 (34243320)|VARIABLE_ASSIGNMENT|[55]|j|{"LastModifiedDate":"2026-03-18T01:52:52.000Z","JobPosition__c":"テスト401求人タイトル求人タイトル求人 (28 more) ...","WorkLocation2__c":"勤務地","LastViewedDate":"2026-04-02T07:07:16.000Z","Id":"a0KBK00000Gexcs2AB","MinAnnualSalary__c":450,"JobDescription__c":"テスト401仕事内容仕事内容仕事内容仕事 (30 more) ...","JobCategory1__c":"専門職系（コンサルタント/金融/不動産）","MaxAnnualSalary__c":600}|0x59729baf
17:40:58.0 (34249961)|STATEMENT_EXECUTE|[55]
17:40:58.0 (34250819)|STATEMENT_EXECUTE|[56]
17:40:58.0 (34252749)|HEAP_ALLOCATE|[56]|Bytes:44
17:40:58.0 (34256068)|CONSTRUCTOR_ENTRY|[56]|01pBK000001RGBP|<init>()|JobCardsController.JobWrapper
17:40:58.0 (34259559)|VARIABLE_SCOPE_BEGIN|[12]|this|JobCardsController.JobWrapper|true|false
17:40:58.0 (34269186)|VARIABLE_ASSIGNMENT|[12]|this|{}|0x6a1eb0c0
17:40:58.0 (34277177)|STATEMENT_EXECUTE|[12]
17:40:58.0 (34278165)|STATEMENT_EXECUTE|[13]
17:40:58.0 (34278964)|STATEMENT_EXECUTE|[14]
17:40:58.0 (34279782)|STATEMENT_EXECUTE|[15]
17:40:58.0 (34280636)|STATEMENT_EXECUTE|[16]
17:40:58.0 (34281407)|STATEMENT_EXECUTE|[17]
17:40:58.0 (34282182)|STATEMENT_EXECUTE|[18]
17:40:58.0 (34282935)|STATEMENT_EXECUTE|[19]
17:40:58.0 (34283703)|STATEMENT_EXECUTE|[20]
17:40:58.0 (34284497)|STATEMENT_EXECUTE|[21]
17:40:58.0 (34285376)|STATEMENT_EXECUTE|[22]
17:40:58.0 (34287283)|CONSTRUCTOR_EXIT|[56]|01pBK000001RGBP|<init>()|JobCardsController.JobWrapper
17:40:58.0 (34290322)|VARIABLE_SCOPE_BEGIN|[56]|wrapper|JobCardsController.JobWrapper|true|false
17:40:58.0 (34299613)|VARIABLE_ASSIGNMENT|[56]|wrapper|{}|0x6a1eb0c0
17:40:58.0 (34303128)|STATEMENT_EXECUTE|[57]
17:40:58.0 (34353642)|VARIABLE_ASSIGNMENT|[57]|this.Id|"a0KBK00000Gexcs2AB"|0x6a1eb0c0
17:40:58.0 (34359067)|STATEMENT_EXECUTE|[58]
17:40:58.0 (34367232)|VARIABLE_ASSIGNMENT|[58]|this.JobPosition|"テスト401求人タイトル求人タイトル求人 (28 more) ..."|0x6a1eb0c0
17:40:58.0 (34372347)|STATEMENT_EXECUTE|[59]
17:40:58.0 (34378153)|VARIABLE_ASSIGNMENT|[59]|this.WorkLocation2|"勤務地"|0x6a1eb0c0
17:40:58.0 (34382437)|STATEMENT_EXECUTE|[60]
17:40:58.0 (34387357)|VARIABLE_ASSIGNMENT|[60]|this.JobCategory1|"専門職系（コンサルタント/金融/不動産）"|0x6a1eb0c0
17:40:58.0 (34391687)|STATEMENT_EXECUTE|[61]
17:40:58.0 (34399713)|VARIABLE_ASSIGNMENT|[61]|this.MaxAnnualSalary|600|0x6a1eb0c0
17:40:58.0 (34403292)|STATEMENT_EXECUTE|[62]
17:40:58.0 (34408892)|VARIABLE_ASSIGNMENT|[62]|this.MinAnnualSalary|450|0x6a1eb0c0
17:40:58.0 (34412137)|STATEMENT_EXECUTE|[63]
17:40:58.0 (34417636)|VARIABLE_ASSIGNMENT|[63]|this.JobDescription|"テスト401仕事内容仕事内容仕事内容仕事 (30 more) ..."|0x6a1eb0c0
17:40:58.0 (34421662)|STATEMENT_EXECUTE|[64]
17:40:58.0 (34434431)|VARIABLE_ASSIGNMENT|[64]|this.LastModifiedDate|"2026-03-18T01:52:52.000Z"|0x6a1eb0c0
17:40:58.0 (34438744)|STATEMENT_EXECUTE|[65]
17:40:58.0 (34446258)|VARIABLE_ASSIGNMENT|[65]|this.LastViewedDate|"2026-04-02T07:07:16.000Z"|0x6a1eb0c0
17:40:58.0 (34450027)|STATEMENT_EXECUTE|[66]
17:40:58.0 (34462511)|HEAP_ALLOCATE|[66]|Bytes:5
17:40:58.0 (34468131)|VARIABLE_ASSIGNMENT|[66]|this.IsFavorite|true|0x6a1eb0c0
17:40:58.0 (34472051)|STATEMENT_EXECUTE|[67]
17:40:58.0 (34478164)|HEAP_ALLOCATE|[EXTERNAL]|Bytes:4
17:40:58.0 (34488625)|HEAP_ALLOCATE|[55]|Bytes:5
17:40:58.0 (34497810)|HEAP_ALLOCATE|[55]|Bytes:36
17:40:58.0 (34502862)|VARIABLE_SCOPE_BEGIN|[55]|j|Job__c|true|false
17:40:58.0 (34576719)|VARIABLE_ASSIGNMENT|[55]|j|{"LastModifiedDate":"2026-03-12T05:33:30.000Z","JobPosition__c":"テスト424求人タイトル求人タイトル求人 (28 more) ...","LastViewedDate":"2026-04-02T07:16:25.000Z","Id":"a0KBK00000GexdF2AR","MinAnnualSalary__c":250,"JobDescription__c":"テスト424仕事内容仕事内容仕事内容仕事 (30 more) ...","JobCategory1__c":"技術系（電気/電子/機械）","MaxAnnualSalary__c":350}|0x2071f808
17:40:58.0 (34586082)|STATEMENT_EXECUTE|[55]
17:40:58.0 (34587405)|STATEMENT_EXECUTE|[56]
17:40:58.0 (34590816)|HEAP_ALLOCATE|[56]|Bytes:44
17:40:58.0 (34596191)|CONSTRUCTOR_ENTRY|[56]|01pBK000001RGBP|<init>()|JobCardsController.JobWrapper
17:40:58.0 (34602082)|VARIABLE_SCOPE_BEGIN|[12]|this|JobCardsController.JobWrapper|true|false
17:40:58.0 (34622316)|VARIABLE_ASSIGNMENT|[12]|this|{}|0x601317d
17:40:58.0 (34637086)|STATEMENT_EXECUTE|[12]
17:40:58.0 (34638344)|STATEMENT_EXECUTE|[13]
17:40:58.0 (34639605)|STATEMENT_EXECUTE|[14]
17:40:58.0 (34640938)|STATEMENT_EXECUTE|[15]
17:40:58.0 (34641990)|STATEMENT_EXECUTE|[16]
17:40:58.0 (34643086)|STATEMENT_EXECUTE|[17]
17:40:58.0 (34644381)|STATEMENT_EXECUTE|[18]
17:40:58.0 (34645592)|STATEMENT_EXECUTE|[19]
17:40:58.0 (34646841)|STATEMENT_EXECUTE|[20]
17:40:58.0 (34647983)|STATEMENT_EXECUTE|[21]
17:40:58.0 (34648956)|STATEMENT_EXECUTE|[22]
17:40:58.0 (34651775)|CONSTRUCTOR_EXIT|[56]|01pBK000001RGBP|<init>()|JobCardsController.JobWrapper
17:40:58.0 (34656480)|VARIABLE_SCOPE_BEGIN|[56]|wrapper|JobCardsController.JobWrapper|true|false
17:40:58.0 (34670170)|VARIABLE_ASSIGNMENT|[56]|wrapper|{}|0x601317d
17:40:58.0 (34674192)|STATEMENT_EXECUTE|[57]
17:40:58.0 (34757292)|VARIABLE_ASSIGNMENT|[57]|this.Id|"a0KBK00000GexdF2AR"|0x601317d
17:40:58.0 (34762846)|STATEMENT_EXECUTE|[58]
17:40:58.0 (34773921)|VARIABLE_ASSIGNMENT|[58]|this.JobPosition|"テスト424求人タイトル求人タイトル求人 (28 more) ..."|0x601317d
17:40:58.0 (34778572)|STATEMENT_EXECUTE|[59]
17:40:58.0 (34784223)|VARIABLE_ASSIGNMENT|[59]|this.WorkLocation2|null|0x601317d
17:40:58.0 (34788178)|STATEMENT_EXECUTE|[60]
17:40:58.0 (34794173)|VARIABLE_ASSIGNMENT|[60]|this.JobCategory1|"技術系（電気/電子/機械）"|0x601317d
17:40:58.0 (34798703)|STATEMENT_EXECUTE|[61]
17:40:58.0 (34809385)|VARIABLE_ASSIGNMENT|[61]|this.MaxAnnualSalary|350|0x601317d
17:40:58.0 (34813088)|STATEMENT_EXECUTE|[62]
17:40:58.0 (34818130)|VARIABLE_ASSIGNMENT|[62]|this.MinAnnualSalary|250|0x601317d
17:40:58.0 (34821919)|STATEMENT_EXECUTE|[63]
17:40:58.0 (34828187)|VARIABLE_ASSIGNMENT|[63]|this.JobDescription|"テスト424仕事内容仕事内容仕事内容仕事 (30 more) ..."|0x601317d
17:40:58.0 (34832232)|STATEMENT_EXECUTE|[64]
17:40:58.0 (34847480)|VARIABLE_ASSIGNMENT|[64]|this.LastModifiedDate|"2026-03-12T05:33:30.000Z"|0x601317d
17:40:58.0 (34851648)|STATEMENT_EXECUTE|[65]
17:40:58.0 (34860710)|VARIABLE_ASSIGNMENT|[65]|this.LastViewedDate|"2026-04-02T07:16:25.000Z"|0x601317d
17:40:58.0 (34864653)|STATEMENT_EXECUTE|[66]
17:40:58.0 (34876987)|HEAP_ALLOCATE|[66]|Bytes:5
17:40:58.0 (34881740)|VARIABLE_ASSIGNMENT|[66]|this.IsFavorite|false|0x601317d
17:40:58.0 (34885619)|STATEMENT_EXECUTE|[67]
17:40:58.0 (34891550)|HEAP_ALLOCATE|[EXTERNAL]|Bytes:4
17:40:58.0 (34902235)|HEAP_ALLOCATE|[55]|Bytes:5
17:40:58.0 (34911649)|HEAP_ALLOCATE|[55]|Bytes:36
17:40:58.0 (34917623)|VARIABLE_SCOPE_BEGIN|[55]|j|Job__c|true|false
17:40:58.0 (35028850)|VARIABLE_ASSIGNMENT|[55]|j|{"LastModifiedDate":"2026-03-09T05:51:50.000Z","JobPosition__c":"テスト403求人タイトル求人タイトル求人 (28 more) ...","LastViewedDate":"2026-03-18T09:45:24.000Z","Id":"a0KBK00000Gexcu2AB","MinAnnualSalary__c":900,"JobDescription__c":"テスト403仕事内容仕事内容仕事内容仕事 (30 more) ...","JobCategory1__c":"営業系","MaxAnnualSalary__c":600}|0x768ac718
17:40:58.0 (35039170)|STATEMENT_EXECUTE|[55]
17:40:58.0 (35040331)|STATEMENT_EXECUTE|[56]
17:40:58.0 (35043790)|HEAP_ALLOCATE|[56]|Bytes:44
17:40:58.0 (35049046)|CONSTRUCTOR_ENTRY|[56]|01pBK000001RGBP|<init>()|JobCardsController.JobWrapper
17:40:58.0 (35054870)|VARIABLE_SCOPE_BEGIN|[12]|this|JobCardsController.JobWrapper|true|false
17:40:58.0 (35072985)|VARIABLE_ASSIGNMENT|[12]|this|{}|0x133820c5
17:40:58.0 (35085985)|STATEMENT_EXECUTE|[12]
17:40:58.0 (35087082)|STATEMENT_EXECUTE|[13]
17:40:58.0 (35088285)|STATEMENT_EXECUTE|[14]
17:40:58.0 (35089815)|STATEMENT_EXECUTE|[15]
17:40:58.0 (35090895)|STATEMENT_EXECUTE|[16]
17:40:58.0 (35092140)|STATEMENT_EXECUTE|[17]
17:40:58.0 (35093301)|STATEMENT_EXECUTE|[18]
17:40:58.0 (35094451)|STATEMENT_EXECUTE|[19]
17:40:58.0 (35095695)|STATEMENT_EXECUTE|[20]
17:40:58.0 (35096939)|STATEMENT_EXECUTE|[21]
17:40:58.0 (35098200)|STATEMENT_EXECUTE|[22]
17:40:58.0 (35101425)|CONSTRUCTOR_EXIT|[56]|01pBK000001RGBP|<init>()|JobCardsController.JobWrapper
17:40:58.0 (35105779)|VARIABLE_SCOPE_BEGIN|[56]|wrapper|JobCardsController.JobWrapper|true|false
17:40:58.0 (35116195)|VARIABLE_ASSIGNMENT|[56]|wrapper|{}|0x133820c5
17:40:58.0 (35120165)|STATEMENT_EXECUTE|[57]
17:40:58.0 (35190317)|VARIABLE_ASSIGNMENT|[57]|this.Id|"a0KBK00000Gexcu2AB"|0x133820c5
17:40:58.0 (35194882)|STATEMENT_EXECUTE|[58]
17:40:58.0 (35202577)|VARIABLE_ASSIGNMENT|[58]|this.JobPosition|"テスト403求人タイトル求人タイトル求人 (28 more) ..."|0x133820c5
17:40:58.0 (35207377)|STATEMENT_EXECUTE|[59]
17:40:58.0 (35211914)|VARIABLE_ASSIGNMENT|[59]|this.WorkLocation2|null|0x133820c5
17:40:58.0 (35215394)|STATEMENT_EXECUTE|[60]
17:40:58.0 (35220708)|VARIABLE_ASSIGNMENT|[60]|this.JobCategory1|"営業系"|0x133820c5
17:40:58.0 (35224639)|STATEMENT_EXECUTE|[61]
17:40:58.0 (35233344)|VARIABLE_ASSIGNMENT|[61]|this.MaxAnnualSalary|600|0x133820c5
17:40:58.0 (35237649)|STATEMENT_EXECUTE|[62]
17:40:58.0 (35242971)|VARIABLE_ASSIGNMENT|[62]|this.MinAnnualSalary|900|0x133820c5
17:40:58.0 (35246649)|STATEMENT_EXECUTE|[63]
17:40:58.0 (35252582)|VARIABLE_ASSIGNMENT|[63]|this.JobDescription|"テスト403仕事内容仕事内容仕事内容仕事 (30 more) ..."|0x133820c5
17:40:58.0 (35256647)|STATEMENT_EXECUTE|[64]
17:40:58.0 (35269498)|VARIABLE_ASSIGNMENT|[64]|this.LastModifiedDate|"2026-03-09T05:51:50.000Z"|0x133820c5
17:40:58.0 (35273032)|STATEMENT_EXECUTE|[65]
17:40:58.0 (35280728)|VARIABLE_ASSIGNMENT|[65]|this.LastViewedDate|"2026-03-18T09:45:24.000Z"|0x133820c5
17:40:58.0 (35284044)|STATEMENT_EXECUTE|[66]
17:40:58.0 (35296229)|HEAP_ALLOCATE|[66]|Bytes:5
17:40:58.0 (35300547)|VARIABLE_ASSIGNMENT|[66]|this.IsFavorite|true|0x133820c5
17:40:58.0 (35303884)|STATEMENT_EXECUTE|[67]
17:40:58.0 (35309602)|HEAP_ALLOCATE|[EXTERNAL]|Bytes:4
17:40:58.0 (35319496)|HEAP_ALLOCATE|[55]|Bytes:5
17:40:58.0 (35328592)|HEAP_ALLOCATE|[55]|Bytes:36
17:40:58.0 (35333582)|VARIABLE_SCOPE_BEGIN|[55]|j|Job__c|true|false
17:40:58.0 (35390742)|VARIABLE_ASSIGNMENT|[55]|j|{"LastModifiedDate":"2026-03-09T05:51:49.000Z","JobPosition__c":"テスト402求人タイトル求人タイトル求人 (28 more) ...","LastViewedDate":"2026-03-18T09:45:33.000Z","Id":"a0KBK00000Gexct2AB","MinAnnualSalary__c":500,"JobDescription__c":"テスト402仕事内容仕事内容仕事内容仕事 (30 more) ...","JobCategory1__c":"営業系","MaxAnnualSalary__c":400}|0x1320fbee
17:40:58.0 (35398177)|STATEMENT_EXECUTE|[55]
17:40:58.0 (35399535)|STATEMENT_EXECUTE|[56]
17:40:58.0 (35402451)|HEAP_ALLOCATE|[56]|Bytes:44
17:40:58.0 (35407307)|CONSTRUCTOR_ENTRY|[56]|01pBK000001RGBP|<init>()|JobCardsController.JobWrapper
17:40:58.0 (35411974)|VARIABLE_SCOPE_BEGIN|[12]|this|JobCardsController.JobWrapper|true|false
17:40:58.0 (35424818)|VARIABLE_ASSIGNMENT|[12]|this|{}|0x3266b14b
17:40:58.0 (35435552)|STATEMENT_EXECUTE|[12]
17:40:58.0 (35436984)|STATEMENT_EXECUTE|[13]
17:40:58.0 (35438135)|STATEMENT_EXECUTE|[14]
17:40:58.0 (35439364)|STATEMENT_EXECUTE|[15]
17:40:58.0 (35440429)|STATEMENT_EXECUTE|[16]
17:40:58.0 (35443219)|STATEMENT_EXECUTE|[17]
17:40:58.0 (35449239)|STATEMENT_EXECUTE|[18]
17:40:58.0 (35450388)|STATEMENT_EXECUTE|[19]
17:40:58.0 (35451501)|STATEMENT_EXECUTE|[20]
17:40:58.0 (35452572)|STATEMENT_EXECUTE|[21]
17:40:58.0 (35453729)|STATEMENT_EXECUTE|[22]
17:40:58.0 (35456192)|CONSTRUCTOR_EXIT|[56]|01pBK000001RGBP|<init>()|JobCardsController.JobWrapper
17:40:58.0 (35460274)|VARIABLE_SCOPE_BEGIN|[56]|wrapper|JobCardsController.JobWrapper|true|false
17:40:58.0 (35471076)|VARIABLE_ASSIGNMENT|[56]|wrapper|{}|0x3266b14b
17:40:58.0 (35474589)|STATEMENT_EXECUTE|[57]
17:40:58.0 (35523744)|VARIABLE_ASSIGNMENT|[57]|this.Id|"a0KBK00000Gexct2AB"|0x3266b14b
17:40:58.0 (35528183)|STATEMENT_EXECUTE|[58]
17:40:58.0 (35535568)|VARIABLE_ASSIGNMENT|[58]|this.JobPosition|"テスト402求人タイトル求人タイトル求人 (28 more) ..."|0x3266b14b
17:40:58.0 (35539854)|STATEMENT_EXECUTE|[59]
17:40:58.0 (35544053)|VARIABLE_ASSIGNMENT|[59]|this.WorkLocation2|null|0x3266b14b
17:40:58.0 (35548027)|STATEMENT_EXECUTE|[60]
17:40:58.0 (35552532)|VARIABLE_ASSIGNMENT|[60]|this.JobCategory1|"営業系"|0x3266b14b
17:40:58.0 (35556473)|STATEMENT_EXECUTE|[61]
17:40:58.0 (35563318)|VARIABLE_ASSIGNMENT|[61]|this.MaxAnnualSalary|400|0x3266b14b
17:40:58.0 (35566879)|STATEMENT_EXECUTE|[62]
17:40:58.0 (35571953)|VARIABLE_ASSIGNMENT|[62]|this.MinAnnualSalary|500|0x3266b14b
17:40:58.0 (35575288)|STATEMENT_EXECUTE|[63]
17:40:58.0 (35580842)|VARIABLE_ASSIGNMENT|[63]|this.JobDescription|"テスト402仕事内容仕事内容仕事内容仕事 (30 more) ..."|0x3266b14b
17:40:58.0 (35584912)|STATEMENT_EXECUTE|[64]
17:40:58.0 (35594726)|VARIABLE_ASSIGNMENT|[64]|this.LastModifiedDate|"2026-03-09T05:51:49.000Z"|0x3266b14b
17:40:58.0 (35597960)|STATEMENT_EXECUTE|[65]
17:40:58.0 (35605161)|VARIABLE_ASSIGNMENT|[65]|this.LastViewedDate|"2026-03-18T09:45:33.000Z"|0x3266b14b
17:40:58.0 (35608638)|STATEMENT_EXECUTE|[66]
17:40:58.0 (35618848)|HEAP_ALLOCATE|[66]|Bytes:5
17:40:58.0 (35622818)|VARIABLE_ASSIGNMENT|[66]|this.IsFavorite|false|0x3266b14b
17:40:58.0 (35626250)|STATEMENT_EXECUTE|[67]
17:40:58.0 (35630690)|HEAP_ALLOCATE|[EXTERNAL]|Bytes:4
17:40:58.0 (35639047)|HEAP_ALLOCATE|[55]|Bytes:5
17:40:58.0 (35646561)|HEAP_ALLOCATE|[55]|Bytes:40
17:40:58.0 (35651193)|VARIABLE_SCOPE_BEGIN|[55]|j|Job__c|true|false
17:40:58.0 (35708172)|VARIABLE_ASSIGNMENT|[55]|j|{"LastModifiedDate":"2026-03-06T01:15:09.000Z","JobPosition__c":"千代田区(東京) 設備積算・大手サブコン (18 more) ...","WorkLocation2__c":"東京都千代田区","LastViewedDate":"2026-03-17T05:57:19.000Z","Id":"a0KBK00000GezgH2AR","MinAnnualSalary__c":400,"JobDescription__c":"事務所ビルや商業施設、工場など、多様な建 (105 more) ...","JobCategory1__c":"営業系","MaxAnnualSalary__c":650}|0x5e42b5c6
17:40:58.0 (35715870)|STATEMENT_EXECUTE|[55]
17:40:58.0 (35716869)|STATEMENT_EXECUTE|[56]
17:40:58.0 (35719647)|HEAP_ALLOCATE|[56]|Bytes:44
17:40:58.0 (35723866)|CONSTRUCTOR_ENTRY|[56]|01pBK000001RGBP|<init>()|JobCardsController.JobWrapper
17:40:58.0 (35727976)|VARIABLE_SCOPE_BEGIN|[12]|this|JobCardsController.JobWrapper|true|false
17:40:58.0 (35740203)|VARIABLE_ASSIGNMENT|[12]|this|{}|0x2de19f77
17:40:58.0 (35749704)|STATEMENT_EXECUTE|[12]
17:40:58.0 (35751108)|STATEMENT_EXECUTE|[13]
17:40:58.0 (35752273)|STATEMENT_EXECUTE|[14]
17:40:58.0 (35753451)|STATEMENT_EXECUTE|[15]
17:40:58.0 (35754408)|STATEMENT_EXECUTE|[16]
17:40:58.0 (35755605)|STATEMENT_EXECUTE|[17]
17:40:58.0 (35756668)|STATEMENT_EXECUTE|[18]
17:40:58.0 (35757828)|STATEMENT_EXECUTE|[19]
17:40:58.0 (35759003)|STATEMENT_EXECUTE|[20]
17:40:58.0 (35760048)|STATEMENT_EXECUTE|[21]
17:40:58.0 (35761146)|STATEMENT_EXECUTE|[22]
17:40:58.0 (35763758)|CONSTRUCTOR_EXIT|[56]|01pBK000001RGBP|<init>()|JobCardsController.JobWrapper
17:40:58.0 (35768053)|VARIABLE_SCOPE_BEGIN|[56]|wrapper|JobCardsController.JobWrapper|true|false
17:40:58.0 (35777860)|VARIABLE_ASSIGNMENT|[56]|wrapper|{}|0x2de19f77
17:40:58.0 (35781960)|STATEMENT_EXECUTE|[57]
17:40:58.0 (35824108)|VARIABLE_ASSIGNMENT|[57]|this.Id|"a0KBK00000GezgH2AR"|0x2de19f77
17:40:58.0 (35828514)|STATEMENT_EXECUTE|[58]
17:40:58.0 (35836229)|VARIABLE_ASSIGNMENT|[58]|this.JobPosition|"千代田区(東京) 設備積算・大手サブコン (18 more) ..."|0x2de19f77
17:40:58.0 (35840338)|STATEMENT_EXECUTE|[59]
17:40:58.0 (35846039)|VARIABLE_ASSIGNMENT|[59]|this.WorkLocation2|"東京都千代田区"|0x2de19f77
17:40:58.0 (35850362)|STATEMENT_EXECUTE|[60]
17:40:58.0 (35854146)|VARIABLE_ASSIGNMENT|[60]|this.JobCategory1|"営業系"|0x2de19f77
17:40:58.0 (35858159)|STATEMENT_EXECUTE|[61]
17:40:58.0 (35864862)|VARIABLE_ASSIGNMENT|[61]|this.MaxAnnualSalary|650|0x2de19f77
17:40:58.0 (35868895)|STATEMENT_EXECUTE|[62]
17:40:58.0 (35873468)|VARIABLE_ASSIGNMENT|[62]|this.MinAnnualSalary|400|0x2de19f77
17:40:58.0 (35876611)|STATEMENT_EXECUTE|[63]
17:40:58.0 (35882146)|VARIABLE_ASSIGNMENT|[63]|this.JobDescription|"事務所ビルや商業施設、工場など、多様な建 (105 more) ..."|0x2de19f77
17:40:58.0 (35886654)|STATEMENT_EXECUTE|[64]
17:40:58.0 (35896788)|VARIABLE_ASSIGNMENT|[64]|this.LastModifiedDate|"2026-03-06T01:15:09.000Z"|0x2de19f77
17:40:58.0 (35900571)|STATEMENT_EXECUTE|[65]
17:40:58.0 (35907116)|VARIABLE_ASSIGNMENT|[65]|this.LastViewedDate|"2026-03-17T05:57:19.000Z"|0x2de19f77
17:40:58.0 (35910527)|STATEMENT_EXECUTE|[66]
17:40:58.0 (35921182)|HEAP_ALLOCATE|[66]|Bytes:5
17:40:58.0 (35926165)|VARIABLE_ASSIGNMENT|[66]|this.IsFavorite|false|0x2de19f77
17:40:58.0 (35929624)|STATEMENT_EXECUTE|[67]
17:40:58.0 (35934085)|HEAP_ALLOCATE|[EXTERNAL]|Bytes:4
17:40:58.0 (35943867)|HEAP_ALLOCATE|[55]|Bytes:5
17:40:58.0 (35951631)|HEAP_ALLOCATE|[55]|Bytes:36
17:40:58.0 (35956577)|VARIABLE_SCOPE_BEGIN|[55]|j|Job__c|true|false
17:40:58.0 (36020442)|VARIABLE_ASSIGNMENT|[55]|j|{"LastModifiedDate":"2026-02-06T01:25:17.000Z","JobPosition__c":"テスト467求人タイトル求人タイトル求人 (28 more) ...","LastViewedDate":"2026-03-03T09:55:23.000Z","Id":"a0KBK00000Gexdw2AB","MinAnnualSalary__c":216,"JobDescription__c":"テスト467仕事内容仕事内容仕事内容仕事 (30 more) ...","JobCategory1__c":"管理部門/事務系","MaxAnnualSalary__c":0}|0x71dca7be
17:40:58.0 (36029457)|STATEMENT_EXECUTE|[55]
17:40:58.0 (36030737)|STATEMENT_EXECUTE|[56]
17:40:58.0 (36033794)|HEAP_ALLOCATE|[56]|Bytes:44
17:40:58.0 (36038762)|CONSTRUCTOR_ENTRY|[56]|01pBK000001RGBP|<init>()|JobCardsController.JobWrapper
17:40:58.0 (36043622)|VARIABLE_SCOPE_BEGIN|[12]|this|JobCardsController.JobWrapper|true|false
17:40:58.0 (36060001)|VARIABLE_ASSIGNMENT|[12]|this|{}|0x22e4c96f
17:40:58.0 (36070783)|STATEMENT_EXECUTE|[12]
17:40:58.0 (36072127)|STATEMENT_EXECUTE|[13]
17:40:58.0 (36073497)|STATEMENT_EXECUTE|[14]
17:40:58.0 (36074789)|STATEMENT_EXECUTE|[15]
17:40:58.0 (36076039)|STATEMENT_EXECUTE|[16]
17:40:58.0 (36077291)|STATEMENT_EXECUTE|[17]
17:40:58.0 (36078582)|STATEMENT_EXECUTE|[18]
17:40:58.0 (36079797)|STATEMENT_EXECUTE|[19]
17:40:58.0 (36080888)|STATEMENT_EXECUTE|[20]
17:40:58.0 (36081992)|STATEMENT_EXECUTE|[21]
17:40:58.0 (36083192)|STATEMENT_EXECUTE|[22]
17:40:58.0 (36085707)|CONSTRUCTOR_EXIT|[56]|01pBK000001RGBP|<init>()|JobCardsController.JobWrapper
17:40:58.0 (36090004)|VARIABLE_SCOPE_BEGIN|[56]|wrapper|JobCardsController.JobWrapper|true|false
17:40:58.0 (36100645)|VARIABLE_ASSIGNMENT|[56]|wrapper|{}|0x22e4c96f
17:40:58.0 (36104727)|STATEMENT_EXECUTE|[57]
17:40:58.0 (36153387)|VARIABLE_ASSIGNMENT|[57]|this.Id|"a0KBK00000Gexdw2AB"|0x22e4c96f
17:40:58.0 (36158006)|STATEMENT_EXECUTE|[58]
17:40:58.0 (36165606)|VARIABLE_ASSIGNMENT|[58]|this.JobPosition|"テスト467求人タイトル求人タイトル求人 (28 more) ..."|0x22e4c96f
17:40:58.0 (36170236)|STATEMENT_EXECUTE|[59]
17:40:58.0 (36174860)|VARIABLE_ASSIGNMENT|[59]|this.WorkLocation2|null|0x22e4c96f
17:40:58.0 (36179165)|STATEMENT_EXECUTE|[60]
17:40:58.0 (36183759)|VARIABLE_ASSIGNMENT|[60]|this.JobCategory1|"管理部門/事務系"|0x22e4c96f
17:40:58.0 (36188182)|STATEMENT_EXECUTE|[61]
17:40:58.0 (36212366)|HEAP_ALLOCATE|[61]|Bytes:28
17:40:58.0 (36218677)|VARIABLE_ASSIGNMENT|[61]|this.MaxAnnualSalary|0|0x22e4c96f
17:40:58.0 (36222654)|STATEMENT_EXECUTE|[62]
17:40:58.0 (36227626)|VARIABLE_ASSIGNMENT|[62]|this.MinAnnualSalary|216|0x22e4c96f
17:40:58.0 (36231490)|STATEMENT_EXECUTE|[63]
17:40:58.0 (36237192)|VARIABLE_ASSIGNMENT|[63]|this.JobDescription|"テスト467仕事内容仕事内容仕事内容仕事 (30 more) ..."|0x22e4c96f
17:40:58.0 (36242068)|STATEMENT_EXECUTE|[64]
17:40:58.0 (36252605)|VARIABLE_ASSIGNMENT|[64]|this.LastModifiedDate|"2026-02-06T01:25:17.000Z"|0x22e4c96f
17:40:58.0 (36256572)|STATEMENT_EXECUTE|[65]
17:40:58.0 (36263989)|VARIABLE_ASSIGNMENT|[65]|this.LastViewedDate|"2026-03-03T09:55:23.000Z"|0x22e4c96f
17:40:58.0 (36267970)|STATEMENT_EXECUTE|[66]
17:40:58.0 (36277845)|HEAP_ALLOCATE|[66]|Bytes:5
17:40:58.0 (36282134)|VARIABLE_ASSIGNMENT|[66]|this.IsFavorite|false|0x22e4c96f
17:40:58.0 (36286147)|STATEMENT_EXECUTE|[67]
17:40:58.0 (36290649)|HEAP_ALLOCATE|[EXTERNAL]|Bytes:4
17:40:58.0 (36298894)|HEAP_ALLOCATE|[55]|Bytes:5
17:40:58.0 (36306754)|HEAP_ALLOCATE|[55]|Bytes:36
17:40:58.0 (36311104)|VARIABLE_SCOPE_BEGIN|[55]|j|Job__c|true|false
17:40:58.0 (36366421)|VARIABLE_ASSIGNMENT|[55]|j|{"LastModifiedDate":"2026-02-05T00:50:25.000Z","JobPosition__c":"テスト297求人タイトル求人タイトル求人 (28 more) ...","LastViewedDate":"2026-03-28T05:28:09.000Z","Id":"a0KBK00000Gezpx2AB","MinAnnualSalary__c":350,"JobDescription__c":"テスト297仕事内容仕事内容仕事内容仕事 (30 more) ...","JobCategory1__c":"IT系（ソフトウェア/ネットワーク）","MaxAnnualSalary__c":600}|0x514e0c9a
17:40:58.0 (36375466)|STATEMENT_EXECUTE|[55]
17:40:58.0 (36376871)|STATEMENT_EXECUTE|[56]
17:40:58.0 (36379271)|HEAP_ALLOCATE|[56]|Bytes:44
17:40:58.0 (36383205)|CONSTRUCTOR_ENTRY|[56]|01pBK000001RGBP|<init>()|JobCardsController.JobWrapper
17:40:58.0 (36387889)|VARIABLE_SCOPE_BEGIN|[12]|this|JobCardsController.JobWrapper|true|false
17:40:58.0 (36400446)|VARIABLE_ASSIGNMENT|[12]|this|{}|0x7088ebfe
17:40:58.0 (36410859)|STATEMENT_EXECUTE|[12]
17:40:58.0 (36412201)|STATEMENT_EXECUTE|[13]
17:40:58.0 (36413458)|STATEMENT_EXECUTE|[14]
17:40:58.0 (36414858)|STATEMENT_EXECUTE|[15]
17:40:58.0 (36416088)|STATEMENT_EXECUTE|[16]
17:40:58.0 (36417304)|STATEMENT_EXECUTE|[17]
17:40:58.0 (36418540)|STATEMENT_EXECUTE|[18]
17:40:58.0 (36419729)|STATEMENT_EXECUTE|[19]
17:40:58.0 (36420944)|STATEMENT_EXECUTE|[20]
17:40:58.0 (36422176)|STATEMENT_EXECUTE|[21]
17:40:58.0 (36423406)|STATEMENT_EXECUTE|[22]
17:40:58.0 (36426113)|CONSTRUCTOR_EXIT|[56]|01pBK000001RGBP|<init>()|JobCardsController.JobWrapper
17:40:58.0 (36430526)|VARIABLE_SCOPE_BEGIN|[56]|wrapper|JobCardsController.JobWrapper|true|false
17:40:58.0 (36441159)|VARIABLE_ASSIGNMENT|[56]|wrapper|{}|0x7088ebfe
17:40:58.0 (36445191)|STATEMENT_EXECUTE|[57]
17:40:58.0 (36479944)|VARIABLE_ASSIGNMENT|[57]|this.Id|"a0KBK00000Gezpx2AB"|0x7088ebfe
17:40:58.0 (36484366)|STATEMENT_EXECUTE|[58]
17:40:58.0 (36491196)|VARIABLE_ASSIGNMENT|[58]|this.JobPosition|"テスト297求人タイトル求人タイトル求人 (28 more) ..."|0x7088ebfe
17:40:58.0 (36495819)|STATEMENT_EXECUTE|[59]
17:40:58.0 (36499775)|VARIABLE_ASSIGNMENT|[59]|this.WorkLocation2|null|0x7088ebfe
17:40:58.0 (36503768)|STATEMENT_EXECUTE|[60]
17:40:58.0 (36508672)|VARIABLE_ASSIGNMENT|[60]|this.JobCategory1|"IT系（ソフトウェア/ネットワーク）"|0x7088ebfe
17:40:58.0 (36513232)|STATEMENT_EXECUTE|[61]
17:40:58.0 (36519151)|VARIABLE_ASSIGNMENT|[61]|this.MaxAnnualSalary|600|0x7088ebfe
17:40:58.0 (36591933)|STATEMENT_EXECUTE|[62]
17:40:58.0 (36597183)|VARIABLE_ASSIGNMENT|[62]|this.MinAnnualSalary|350|0x7088ebfe
17:40:58.0 (36601284)|STATEMENT_EXECUTE|[63]
17:40:58.0 (36607126)|VARIABLE_ASSIGNMENT|[63]|this.JobDescription|"テスト297仕事内容仕事内容仕事内容仕事 (30 more) ..."|0x7088ebfe
17:40:58.0 (36611614)|STATEMENT_EXECUTE|[64]
17:40:58.0 (36620431)|VARIABLE_ASSIGNMENT|[64]|this.LastModifiedDate|"2026-02-05T00:50:25.000Z"|0x7088ebfe
17:40:58.0 (36624494)|STATEMENT_EXECUTE|[65]
17:40:58.0 (36631541)|VARIABLE_ASSIGNMENT|[65]|this.LastViewedDate|"2026-03-28T05:28:09.000Z"|0x7088ebfe
17:40:58.0 (36635556)|STATEMENT_EXECUTE|[66]
17:40:58.0 (36644259)|HEAP_ALLOCATE|[66]|Bytes:5
17:40:58.0 (36648958)|VARIABLE_ASSIGNMENT|[66]|this.IsFavorite|false|0x7088ebfe
17:40:58.0 (36652896)|STATEMENT_EXECUTE|[67]
17:40:58.0 (36657022)|HEAP_ALLOCATE|[EXTERNAL]|Bytes:4
17:40:58.0 (36679640)|HEAP_ALLOCATE|[55]|Bytes:5
17:40:58.0 (36686748)|HEAP_ALLOCATE|[55]|Bytes:36
17:40:58.0 (36691225)|VARIABLE_SCOPE_BEGIN|[55]|j|Job__c|true|false
17:40:58.0 (36745433)|VARIABLE_ASSIGNMENT|[55]|j|{"LastModifiedDate":"2026-02-05T00:49:22.000Z","JobPosition__c":"テスト407求人タイトル求人タイトル求人 (28 more) ...","LastViewedDate":"2026-03-18T09:45:42.000Z","Id":"a0KBK00000Gexcy2AB","MinAnnualSalary__c":350,"JobDescription__c":"テスト407仕事内容仕事内容仕事内容仕事 (30 more) ...","JobCategory1__c":"営業系","MaxAnnualSalary__c":450}|0x45a562d6
17:40:58.0 (36754346)|STATEMENT_EXECUTE|[55]
17:40:58.0 (36755620)|STATEMENT_EXECUTE|[56]
17:40:58.0 (36758066)|HEAP_ALLOCATE|[56]|Bytes:44
17:40:58.0 (36762002)|CONSTRUCTOR_ENTRY|[56]|01pBK000001RGBP|<init>()|JobCardsController.JobWrapper
17:40:58.0 (36766961)|VARIABLE_SCOPE_BEGIN|[12]|this|JobCardsController.JobWrapper|true|false
17:40:58.0 (36781295)|VARIABLE_ASSIGNMENT|[12]|this|{}|0x7763f04d
17:40:58.0 (36791730)|STATEMENT_EXECUTE|[12]
17:40:58.0 (36905805)|STATEMENT_EXECUTE|[13]
17:40:58.0 (36907155)|STATEMENT_EXECUTE|[14]
17:40:58.0 (36908469)|STATEMENT_EXECUTE|[15]
17:40:58.0 (36909715)|STATEMENT_EXECUTE|[16]
17:40:58.0 (36910925)|STATEMENT_EXECUTE|[17]
17:40:58.0 (36912298)|STATEMENT_EXECUTE|[18]
17:40:58.0 (36913536)|STATEMENT_EXECUTE|[19]
17:40:58.0 (36914739)|STATEMENT_EXECUTE|[20]
17:40:58.0 (36915953)|STATEMENT_EXECUTE|[21]
17:40:58.0 (36917392)|STATEMENT_EXECUTE|[22]
17:40:58.0 (36920740)|CONSTRUCTOR_EXIT|[56]|01pBK000001RGBP|<init>()|JobCardsController.JobWrapper
17:40:58.0 (36925895)|VARIABLE_SCOPE_BEGIN|[56]|wrapper|JobCardsController.JobWrapper|true|false
17:40:58.0 (36939211)|VARIABLE_ASSIGNMENT|[56]|wrapper|{}|0x7763f04d
17:40:58.0 (36943630)|STATEMENT_EXECUTE|[57]
17:40:58.0 (36988936)|VARIABLE_ASSIGNMENT|[57]|this.Id|"a0KBK00000Gexcy2AB"|0x7763f04d
17:40:58.0 (36993371)|STATEMENT_EXECUTE|[58]
17:40:58.0 (37001013)|VARIABLE_ASSIGNMENT|[58]|this.JobPosition|"テスト407求人タイトル求人タイトル求人 (28 more) ..."|0x7763f04d
17:40:58.0 (37005374)|STATEMENT_EXECUTE|[59]
17:40:58.0 (37009335)|VARIABLE_ASSIGNMENT|[59]|this.WorkLocation2|null|0x7763f04d
17:40:58.0 (37012983)|STATEMENT_EXECUTE|[60]
17:40:58.0 (37017324)|VARIABLE_ASSIGNMENT|[60]|this.JobCategory1|"営業系"|0x7763f04d
17:40:58.0 (37021460)|STATEMENT_EXECUTE|[61]
17:40:58.0 (37029239)|VARIABLE_ASSIGNMENT|[61]|this.MaxAnnualSalary|450|0x7763f04d
17:40:58.0 (37033188)|STATEMENT_EXECUTE|[62]
17:40:58.0 (37037452)|VARIABLE_ASSIGNMENT|[62]|this.MinAnnualSalary|350|0x7763f04d
17:40:58.0 (37041305)|STATEMENT_EXECUTE|[63]
17:40:58.0 (37047195)|VARIABLE_ASSIGNMENT|[63]|this.JobDescription|"テスト407仕事内容仕事内容仕事内容仕事 (30 more) ..."|0x7763f04d
17:40:58.0 (37051638)|STATEMENT_EXECUTE|[64]
17:40:58.0 (37063609)|VARIABLE_ASSIGNMENT|[64]|this.LastModifiedDate|"2026-02-05T00:49:22.000Z"|0x7763f04d
17:40:58.0 (37067804)|STATEMENT_EXECUTE|[65]
17:40:58.0 (37075610)|VARIABLE_ASSIGNMENT|[65]|this.LastViewedDate|"2026-03-18T09:45:42.000Z"|0x7763f04d
17:40:58.0 (37079889)|STATEMENT_EXECUTE|[66]
17:40:58.0 (37092181)|HEAP_ALLOCATE|[66]|Bytes:5
17:40:58.0 (37097136)|VARIABLE_ASSIGNMENT|[66]|this.IsFavorite|false|0x7763f04d
17:40:58.0 (37100252)|STATEMENT_EXECUTE|[67]
17:40:58.0 (37104889)|HEAP_ALLOCATE|[EXTERNAL]|Bytes:4
17:40:58.0 (37116103)|HEAP_ALLOCATE|[55]|Bytes:5
17:40:58.0 (37125177)|VARIABLE_ASSIGNMENT|[55]|j|null|
17:40:58.0 (37129319)|STATEMENT_EXECUTE|[69]
17:40:58.37 (37188117)|CUMULATIVE_LIMIT_USAGE
17:40:58.37 (37188117)|LIMIT_USAGE_FOR_NS|(default)|
  Number of SOQL queries: 2 out of 100
  Number of query rows: 14 out of 50000
  Number of SOSL queries: 0 out of 20
  Number of DML statements: 0 out of 150
  Number of Publish Immediate DML: 0 out of 150
  Number of DML rows: 0 out of 10000
  Maximum CPU time: 0 out of 10000
  Maximum heap size: 0 out of 6000000
  Number of callouts: 0 out of 100
  Number of Email Invocations: 0 out of 10
  Number of future calls: 0 out of 50
  Number of queueable jobs added to the queue: 0 out of 50
  Number of Mobile Apex push calls: 0 out of 10

17:40:58.37 (37188117)|CUMULATIVE_LIMIT_USAGE_END

17:40:58.0 (37218250)|CODE_UNIT_FINISHED|JobCardsController.getJobs()
17:40:58.0 (37412319)|CODE_UNIT_FINISHED|apex://JobCardsController/ACTION$getJobs
17:40:58.0 (37419627)|EXECUTION_FINISHED
