66.0 APEX_CODE,FINEST;APEX_PROFILING,INFO;CALLOUT,INFO;DATA_ACCESS,INFO;DB,INFO;NBA,INFO;SYSTEM,DEBUG;VALIDATION,INFO;VISUALFORCE,INFO;WAVE,INFO;WORKFLOW,INFO
18:39:48.0 (208737)|USER_INFO|[EXTERNAL]|0057F0000042UBb|ishibashi@hurex.co.jp.dev1|(GMT+09:00) 日本標準時 (Asia/Tokyo)|GMT+09:00
18:39:48.0 (242864)|EXECUTION_STARTED
18:39:48.0 (252266)|CODE_UNIT_STARTED|[EXTERNAL]|apex://RegistrationInfoController/ACTION$getPrefecturePicklistValues
18:39:48.0 (955317)|CODE_UNIT_STARTED|[EXTERNAL]|01pBK000001mgyr|RegistrationInfoController.getPrefecturePicklistValues()
18:39:48.0 (1233712)|HEAP_ALLOCATE|[95]|Bytes:3
18:39:48.0 (1311113)|HEAP_ALLOCATE|[100]|Bytes:152
18:39:48.0 (1325436)|HEAP_ALLOCATE|[417]|Bytes:408
18:39:48.0 (1336859)|HEAP_ALLOCATE|[430]|Bytes:408
18:39:48.0 (1356207)|HEAP_ALLOCATE|[317]|Bytes:6
18:39:48.0 (1367461)|HEAP_ALLOCATE|[EXTERNAL]|Bytes:23
18:39:48.0 (1370781)|HEAP_ALLOCATE|[EXTERNAL]|Bytes:25
18:39:48.0 (1372576)|HEAP_ALLOCATE|[EXTERNAL]|Bytes:3
18:39:48.0 (1380441)|METHOD_ENTRY|[5]|01pBK000001mgyr|RegistrationInfoController.RegistrationInfoController()
18:39:48.0 (1385357)|STATEMENT_EXECUTE|[5]
18:39:48.0 (1390663)|STATEMENT_EXECUTE|[5]
18:39:48.0 (1409925)|HEAP_ALLOCATE|[68]|Bytes:5
18:39:48.0 (1434355)|HEAP_ALLOCATE|[74]|Bytes:5
18:39:48.0 (1438788)|HEAP_ALLOCATE|[82]|Bytes:7
18:39:48.0 (1589755)|HEAP_ALLOCATE|[EXTERNAL]|Bytes:5
18:39:48.0 (1593539)|STATEMENT_EXECUTE|[8]
18:39:48.0 (1601497)|METHOD_EXIT|[5]|RegistrationInfoController
18:39:48.0 (1612377)|HEAP_ALLOCATE|[110]|Bytes:5
18:39:48.0 (1614697)|STATEMENT_EXECUTE|[109]
18:39:48.0 (1616145)|STATEMENT_EXECUTE|[110]
18:39:48.0 (1617635)|HEAP_ALLOCATE|[110]|Bytes:7
18:39:48.0 (1619654)|HEAP_ALLOCATE|[110]|Bytes:7
18:39:48.0 (2099792)|HEAP_ALLOCATE|[110]|Bytes:7
18:39:48.0 (2129483)|METHOD_ENTRY|[110]|01pBK000001mgyr|RegistrationInfoController.getPicklistValues(Schema.SObjectField, Boolean, String)
18:39:48.0 (2158563)|VARIABLE_SCOPE_BEGIN|[131]|field|Schema.SObjectField|true|false
18:39:48.0 (2522958)|VARIABLE_ASSIGNMENT|[131]|field|"common.apex.runtime.impl.ApexFieldToken@65f88c55"|0x65f88c55
18:39:48.0 (2533035)|VARIABLE_SCOPE_BEGIN|[131]|addEmpty|Boolean|false|false
18:39:48.0 (2541880)|VARIABLE_ASSIGNMENT|[131]|addEmpty|true
18:39:48.0 (2545100)|VARIABLE_SCOPE_BEGIN|[131]|emptyLabel|String|false|false
18:39:48.0 (2552599)|VARIABLE_ASSIGNMENT|[131]|emptyLabel|"都道府県を選択"
18:39:48.0 (2563919)|HEAP_ALLOCATE|[132]|Bytes:5
18:39:48.0 (2568158)|STATEMENT_EXECUTE|[131]
18:39:48.0 (2569350)|STATEMENT_EXECUTE|[132]
18:39:48.0 (2592169)|HEAP_ALLOCATE|[132]|Bytes:4
18:39:48.0 (2624673)|VARIABLE_SCOPE_BEGIN|[132]|options|List<Map<String,String>>|true|false
18:39:48.0 (2677272)|HEAP_ALLOCATE|[EXTERNAL]|Bytes:4
18:39:48.0 (2689499)|VARIABLE_ASSIGNMENT|[132]|options|[]|0xca79a5d
18:39:48.0 (2753827)|STATEMENT_EXECUTE|[133]
18:39:48.0 (2754878)|STATEMENT_EXECUTE|[134]
18:39:48.0 (2765876)|HEAP_ALLOCATE|[134]|Bytes:4
18:39:48.0 (2774655)|HEAP_ALLOCATE|[134]|Bytes:5
18:39:48.0 (2802003)|HEAP_ALLOCATE|[134]|Bytes:5
18:39:48.0 (2816733)|HEAP_ALLOCATE|[EXTERNAL]|Bytes:4
18:39:48.0 (2820828)|STATEMENT_EXECUTE|[137]
18:39:48.0 (2821690)|STATEMENT_EXECUTE|[137]
18:39:48.0 (2861493)|SYSTEM_MODE_ENTER|true
18:39:48.0 (15677149)|HEAP_ALLOCATE|[EXTERNAL]|Bytes:4
18:39:48.0 (15799222)|HEAP_ALLOCATE|[138]|Bytes:8
18:39:48.0 (17306576)|HEAP_ALLOCATE|[EXTERNAL]|Bytes:192
18:39:48.0 (17382125)|HEAP_ALLOCATE|[138]|Bytes:192
18:39:48.0 (17623420)|HEAP_ALLOCATE|[138]|Bytes:5
18:39:48.0 (17644362)|HEAP_ALLOCATE|[138]|Bytes:4
18:39:48.0 (17657087)|VARIABLE_SCOPE_BEGIN|[138]|entry|Schema.PicklistEntry|true|false
18:39:48.0 (17686686)|VARIABLE_ASSIGNMENT|[138]|entry|北海道|0x2268c3a6
18:39:48.0 (17694041)|STATEMENT_EXECUTE|[138]
18:39:48.0 (17695563)|STATEMENT_EXECUTE|[139]
18:39:48.0 (17710565)|HEAP_ALLOCATE|[139]|Bytes:4
18:39:48.0 (17736778)|HEAP_ALLOCATE|[139]|Bytes:3
18:39:48.0 (17795286)|HEAP_ALLOCATE|[139]|Bytes:3
18:39:48.0 (17811270)|HEAP_ALLOCATE|[EXTERNAL]|Bytes:4
18:39:48.0 (17821596)|HEAP_ALLOCATE|[138]|Bytes:5
18:39:48.0 (17829966)|HEAP_ALLOCATE|[138]|Bytes:4
18:39:48.0 (17834387)|VARIABLE_SCOPE_BEGIN|[138]|entry|Schema.PicklistEntry|true|false
18:39:48.0 (17843152)|VARIABLE_ASSIGNMENT|[138]|entry|青森県|0x39cf603
18:39:48.0 (17848016)|STATEMENT_EXECUTE|[138]
18:39:48.0 (17849202)|STATEMENT_EXECUTE|[139]
18:39:48.0 (17854496)|HEAP_ALLOCATE|[139]|Bytes:4
18:39:48.0 (17860894)|HEAP_ALLOCATE|[139]|Bytes:3
18:39:48.0 (17869647)|HEAP_ALLOCATE|[139]|Bytes:3
18:39:48.0 (17877423)|HEAP_ALLOCATE|[EXTERNAL]|Bytes:4
18:39:48.0 (17882686)|HEAP_ALLOCATE|[138]|Bytes:5
18:39:48.0 (17887212)|HEAP_ALLOCATE|[138]|Bytes:4
18:39:48.0 (17889752)|VARIABLE_SCOPE_BEGIN|[138]|entry|Schema.PicklistEntry|true|false
18:39:48.0 (17894193)|VARIABLE_ASSIGNMENT|[138]|entry|岩手県|0x5a57c1de
18:39:48.0 (17896952)|STATEMENT_EXECUTE|[138]
18:39:48.0 (17897796)|STATEMENT_EXECUTE|[139]
18:39:48.0 (17900447)|HEAP_ALLOCATE|[139]|Bytes:4
18:39:48.0 (17903556)|HEAP_ALLOCATE|[139]|Bytes:3
18:39:48.0 (17908952)|HEAP_ALLOCATE|[139]|Bytes:3
18:39:48.0 (17914312)|HEAP_ALLOCATE|[EXTERNAL]|Bytes:4
18:39:48.0 (17918772)|HEAP_ALLOCATE|[138]|Bytes:5
18:39:48.0 (17922823)|HEAP_ALLOCATE|[138]|Bytes:4
18:39:48.0 (17925144)|VARIABLE_SCOPE_BEGIN|[138]|entry|Schema.PicklistEntry|true|false
18:39:48.0 (17929355)|VARIABLE_ASSIGNMENT|[138]|entry|宮城県|0x4a56087b
18:39:48.0 (17931892)|STATEMENT_EXECUTE|[138]
18:39:48.0 (17932792)|STATEMENT_EXECUTE|[139]
18:39:48.0 (17935085)|HEAP_ALLOCATE|[139]|Bytes:4
18:39:48.0 (17937844)|HEAP_ALLOCATE|[139]|Bytes:3
18:39:48.0 (17942681)|HEAP_ALLOCATE|[139]|Bytes:3
18:39:48.0 (17947763)|HEAP_ALLOCATE|[EXTERNAL]|Bytes:4
18:39:48.0 (17952235)|HEAP_ALLOCATE|[138]|Bytes:5
18:39:48.0 (17955827)|HEAP_ALLOCATE|[138]|Bytes:4
18:39:48.0 (17957953)|VARIABLE_SCOPE_BEGIN|[138]|entry|Schema.PicklistEntry|true|false
18:39:48.0 (17962059)|VARIABLE_ASSIGNMENT|[138]|entry|秋田県|0x2ec78764
18:39:48.0 (17965016)|STATEMENT_EXECUTE|[138]
18:39:48.0 (17965828)|STATEMENT_EXECUTE|[139]
18:39:48.0 (17968101)|HEAP_ALLOCATE|[139]|Bytes:4
18:39:48.0 (17970826)|HEAP_ALLOCATE|[139]|Bytes:3
18:39:48.0 (17976126)|HEAP_ALLOCATE|[139]|Bytes:3
18:39:48.0 (17981336)|HEAP_ALLOCATE|[EXTERNAL]|Bytes:4
18:39:48.0 (17985571)|HEAP_ALLOCATE|[138]|Bytes:5
18:39:48.0 (17989218)|HEAP_ALLOCATE|[138]|Bytes:4
18:39:48.0 (17991479)|VARIABLE_SCOPE_BEGIN|[138]|entry|Schema.PicklistEntry|true|false
18:39:48.0 (17995379)|VARIABLE_ASSIGNMENT|[138]|entry|山形県|0x4a0f5051
18:39:48.0 (17997930)|STATEMENT_EXECUTE|[138]
18:39:48.0 (17998737)|STATEMENT_EXECUTE|[139]
18:39:48.0 (18000971)|HEAP_ALLOCATE|[139]|Bytes:4
18:39:48.0 (18004697)|HEAP_ALLOCATE|[139]|Bytes:3
18:39:48.0 (18009543)|HEAP_ALLOCATE|[139]|Bytes:3
18:39:48.0 (18014670)|HEAP_ALLOCATE|[EXTERNAL]|Bytes:4
18:39:48.0 (18019001)|HEAP_ALLOCATE|[138]|Bytes:5
18:39:48.0 (18022592)|HEAP_ALLOCATE|[138]|Bytes:4
18:39:48.0 (18024741)|VARIABLE_SCOPE_BEGIN|[138]|entry|Schema.PicklistEntry|true|false
18:39:48.0 (18030651)|VARIABLE_ASSIGNMENT|[138]|entry|福島県|0x2eb231ff
18:39:48.0 (18034421)|STATEMENT_EXECUTE|[138]
18:39:48.0 (18035429)|STATEMENT_EXECUTE|[139]
18:39:48.0 (18038683)|HEAP_ALLOCATE|[139]|Bytes:4
18:39:48.0 (18043372)|HEAP_ALLOCATE|[139]|Bytes:3
18:39:48.0 (18048501)|HEAP_ALLOCATE|[139]|Bytes:3
18:39:48.0 (18053706)|HEAP_ALLOCATE|[EXTERNAL]|Bytes:4
18:39:48.0 (18058099)|HEAP_ALLOCATE|[138]|Bytes:5
18:39:48.0 (18061866)|HEAP_ALLOCATE|[138]|Bytes:4
18:39:48.0 (18064081)|VARIABLE_SCOPE_BEGIN|[138]|entry|Schema.PicklistEntry|true|false
18:39:48.0 (18068110)|VARIABLE_ASSIGNMENT|[138]|entry|茨城県|0x545de182
18:39:48.0 (18070733)|STATEMENT_EXECUTE|[138]
18:39:48.0 (18071568)|STATEMENT_EXECUTE|[139]
18:39:48.0 (18073848)|HEAP_ALLOCATE|[139]|Bytes:4
18:39:48.0 (18076536)|HEAP_ALLOCATE|[139]|Bytes:3
18:39:48.0 (18081340)|HEAP_ALLOCATE|[139]|Bytes:3
18:39:48.0 (18086426)|HEAP_ALLOCATE|[EXTERNAL]|Bytes:4
18:39:48.0 (18090655)|HEAP_ALLOCATE|[138]|Bytes:5
18:39:48.0 (18094299)|HEAP_ALLOCATE|[138]|Bytes:4
18:39:48.0 (18096533)|VARIABLE_SCOPE_BEGIN|[138]|entry|Schema.PicklistEntry|true|false
18:39:48.0 (18100739)|VARIABLE_ASSIGNMENT|[138]|entry|栃木県|0x4633b0ca
18:39:48.0 (18103326)|STATEMENT_EXECUTE|[138]
18:39:48.0 (18104198)|STATEMENT_EXECUTE|[139]
18:39:48.0 (18106343)|HEAP_ALLOCATE|[139]|Bytes:4
18:39:48.0 (18108965)|HEAP_ALLOCATE|[139]|Bytes:3
18:39:48.0 (18113688)|HEAP_ALLOCATE|[139]|Bytes:3
18:39:48.0 (18119168)|HEAP_ALLOCATE|[EXTERNAL]|Bytes:4
18:39:48.0 (18123565)|HEAP_ALLOCATE|[138]|Bytes:5
18:39:48.0 (18127169)|HEAP_ALLOCATE|[138]|Bytes:4
18:39:48.0 (18129275)|VARIABLE_SCOPE_BEGIN|[138]|entry|Schema.PicklistEntry|true|false
18:39:48.0 (18133202)|VARIABLE_ASSIGNMENT|[138]|entry|群馬県|0x768efd85
18:39:48.0 (18135755)|STATEMENT_EXECUTE|[138]
18:39:48.0 (18136616)|STATEMENT_EXECUTE|[139]
18:39:48.0 (18138709)|HEAP_ALLOCATE|[139]|Bytes:4
18:39:48.0 (18141292)|HEAP_ALLOCATE|[139]|Bytes:3
18:39:48.0 (18145945)|HEAP_ALLOCATE|[139]|Bytes:3
18:39:48.0 (18151041)|HEAP_ALLOCATE|[EXTERNAL]|Bytes:4
18:39:48.0 (18155300)|HEAP_ALLOCATE|[138]|Bytes:5
18:39:48.0 (18159115)|HEAP_ALLOCATE|[138]|Bytes:4
18:39:48.0 (18161335)|VARIABLE_SCOPE_BEGIN|[138]|entry|Schema.PicklistEntry|true|false
18:39:48.0 (18165196)|VARIABLE_ASSIGNMENT|[138]|entry|埼玉県|0x498c1762
18:39:48.0 (18167833)|STATEMENT_EXECUTE|[138]
18:39:48.0 (18168680)|STATEMENT_EXECUTE|[139]
18:39:48.0 (18170812)|HEAP_ALLOCATE|[139]|Bytes:4
18:39:48.0 (18173433)|HEAP_ALLOCATE|[139]|Bytes:3
18:39:48.0 (18178133)|HEAP_ALLOCATE|[139]|Bytes:3
18:39:48.0 (18183230)|HEAP_ALLOCATE|[EXTERNAL]|Bytes:4
18:39:48.0 (18187410)|HEAP_ALLOCATE|[138]|Bytes:5
18:39:48.0 (18190985)|HEAP_ALLOCATE|[138]|Bytes:4
18:39:48.0 (18193154)|VARIABLE_SCOPE_BEGIN|[138]|entry|Schema.PicklistEntry|true|false
18:39:48.0 (18197064)|VARIABLE_ASSIGNMENT|[138]|entry|千葉県|0x7266ae20
18:39:48.0 (18199625)|STATEMENT_EXECUTE|[138]
18:39:48.0 (18200497)|STATEMENT_EXECUTE|[139]
18:39:48.0 (18202625)|HEAP_ALLOCATE|[139]|Bytes:4
18:39:48.0 (18205227)|HEAP_ALLOCATE|[139]|Bytes:3
18:39:48.0 (18209940)|HEAP_ALLOCATE|[139]|Bytes:3
18:39:48.0 (18215164)|HEAP_ALLOCATE|[EXTERNAL]|Bytes:4
18:39:48.0 (18219397)|HEAP_ALLOCATE|[138]|Bytes:5
18:39:48.0 (18223034)|HEAP_ALLOCATE|[138]|Bytes:4
18:39:48.0 (18225219)|VARIABLE_SCOPE_BEGIN|[138]|entry|Schema.PicklistEntry|true|false
18:39:48.0 (18229437)|VARIABLE_ASSIGNMENT|[138]|entry|東京都|0x2988f546
18:39:48.0 (18231924)|STATEMENT_EXECUTE|[138]
18:39:48.0 (18232780)|STATEMENT_EXECUTE|[139]
18:39:48.0 (18234860)|HEAP_ALLOCATE|[139]|Bytes:4
18:39:48.0 (18237488)|HEAP_ALLOCATE|[139]|Bytes:3
18:39:48.0 (18242192)|HEAP_ALLOCATE|[139]|Bytes:3
18:39:48.0 (18247239)|HEAP_ALLOCATE|[EXTERNAL]|Bytes:4
18:39:48.0 (18251594)|HEAP_ALLOCATE|[138]|Bytes:5
18:39:48.0 (18255201)|HEAP_ALLOCATE|[138]|Bytes:4
18:39:48.0 (18257584)|VARIABLE_SCOPE_BEGIN|[138]|entry|Schema.PicklistEntry|true|false
18:39:48.0 (18261447)|VARIABLE_ASSIGNMENT|[138]|entry|神奈川県|0x286b4727
18:39:48.0 (18264059)|STATEMENT_EXECUTE|[138]
18:39:48.0 (18264929)|STATEMENT_EXECUTE|[139]
18:39:48.0 (18267052)|HEAP_ALLOCATE|[139]|Bytes:4
18:39:48.0 (18269644)|HEAP_ALLOCATE|[139]|Bytes:4
18:39:48.0 (18274489)|HEAP_ALLOCATE|[139]|Bytes:4
18:39:48.0 (18279609)|HEAP_ALLOCATE|[EXTERNAL]|Bytes:4
18:39:48.0 (18283864)|HEAP_ALLOCATE|[138]|Bytes:5
18:39:48.0 (18287499)|HEAP_ALLOCATE|[138]|Bytes:4
18:39:48.0 (18289594)|VARIABLE_SCOPE_BEGIN|[138]|entry|Schema.PicklistEntry|true|false
18:39:48.0 (18293565)|VARIABLE_ASSIGNMENT|[138]|entry|新潟県|0x1f5624f
18:39:48.0 (18296115)|STATEMENT_EXECUTE|[138]
18:39:48.0 (18296979)|STATEMENT_EXECUTE|[139]
18:39:48.0 (18299072)|HEAP_ALLOCATE|[139]|Bytes:4
18:39:48.0 (18301687)|HEAP_ALLOCATE|[139]|Bytes:3
18:39:48.0 (18306370)|HEAP_ALLOCATE|[139]|Bytes:3
18:39:48.0 (18311451)|HEAP_ALLOCATE|[EXTERNAL]|Bytes:4
18:39:48.0 (18315643)|HEAP_ALLOCATE|[138]|Bytes:5
18:39:48.0 (18319199)|HEAP_ALLOCATE|[138]|Bytes:4
18:39:48.0 (18321379)|VARIABLE_SCOPE_BEGIN|[138]|entry|Schema.PicklistEntry|true|false
18:39:48.0 (18325127)|VARIABLE_ASSIGNMENT|[138]|entry|富山県|0x46a5dbff
18:39:48.0 (18327627)|STATEMENT_EXECUTE|[138]
18:39:48.0 (18328495)|STATEMENT_EXECUTE|[139]
18:39:48.0 (18330664)|HEAP_ALLOCATE|[139]|Bytes:4
18:39:48.0 (18333249)|HEAP_ALLOCATE|[139]|Bytes:3
18:39:48.0 (18337944)|HEAP_ALLOCATE|[139]|Bytes:3
18:39:48.0 (18343076)|HEAP_ALLOCATE|[EXTERNAL]|Bytes:4
18:39:48.0 (18347316)|HEAP_ALLOCATE|[138]|Bytes:5
18:39:48.0 (18350839)|HEAP_ALLOCATE|[138]|Bytes:4
18:39:48.0 (18352992)|VARIABLE_SCOPE_BEGIN|[138]|entry|Schema.PicklistEntry|true|false
18:39:48.0 (18356867)|VARIABLE_ASSIGNMENT|[138]|entry|石川県|0x28e934a8
18:39:48.0 (18359353)|STATEMENT_EXECUTE|[138]
18:39:48.0 (18360228)|STATEMENT_EXECUTE|[139]
18:39:48.0 (18362275)|HEAP_ALLOCATE|[139]|Bytes:4
18:39:48.0 (18364891)|HEAP_ALLOCATE|[139]|Bytes:3
18:39:48.0 (18369630)|HEAP_ALLOCATE|[139]|Bytes:3
18:39:48.0 (18374663)|HEAP_ALLOCATE|[EXTERNAL]|Bytes:4
18:39:48.0 (18378898)|HEAP_ALLOCATE|[138]|Bytes:5
18:39:48.0 (18382467)|HEAP_ALLOCATE|[138]|Bytes:4
18:39:48.0 (18384626)|VARIABLE_SCOPE_BEGIN|[138]|entry|Schema.PicklistEntry|true|false
18:39:48.0 (18388473)|VARIABLE_ASSIGNMENT|[138]|entry|福井県|0x5a491ced
18:39:48.0 (18391073)|STATEMENT_EXECUTE|[138]
18:39:48.0 (18391909)|STATEMENT_EXECUTE|[139]
18:39:48.0 (18394034)|HEAP_ALLOCATE|[139]|Bytes:4
18:39:48.0 (18396631)|HEAP_ALLOCATE|[139]|Bytes:3
18:39:48.0 (18401336)|HEAP_ALLOCATE|[139]|Bytes:3
18:39:48.0 (18406443)|HEAP_ALLOCATE|[EXTERNAL]|Bytes:4
18:39:48.0 (18410694)|HEAP_ALLOCATE|[138]|Bytes:5
18:39:48.0 (18414227)|HEAP_ALLOCATE|[138]|Bytes:4
18:39:48.0 (18419808)|VARIABLE_SCOPE_BEGIN|[138]|entry|Schema.PicklistEntry|true|false
18:39:48.0 (18423927)|VARIABLE_ASSIGNMENT|[138]|entry|山梨県|0x7004faf1
18:39:48.0 (18426593)|STATEMENT_EXECUTE|[138]
18:39:48.0 (18427476)|STATEMENT_EXECUTE|[139]
18:39:48.0 (18429646)|HEAP_ALLOCATE|[139]|Bytes:4
18:39:48.0 (18432254)|HEAP_ALLOCATE|[139]|Bytes:3
18:39:48.0 (18437027)|HEAP_ALLOCATE|[139]|Bytes:3
18:39:48.0 (18442284)|HEAP_ALLOCATE|[EXTERNAL]|Bytes:4
18:39:48.0 (18446658)|HEAP_ALLOCATE|[138]|Bytes:5
18:39:48.0 (18450331)|HEAP_ALLOCATE|[138]|Bytes:4
18:39:48.0 (18452496)|VARIABLE_SCOPE_BEGIN|[138]|entry|Schema.PicklistEntry|true|false
18:39:48.0 (18456307)|VARIABLE_ASSIGNMENT|[138]|entry|長野県|0x1816ad2d
18:39:48.0 (18458859)|STATEMENT_EXECUTE|[138]
18:39:48.0 (18459677)|STATEMENT_EXECUTE|[139]
18:39:48.0 (18461872)|HEAP_ALLOCATE|[139]|Bytes:4
18:39:48.0 (18464491)|HEAP_ALLOCATE|[139]|Bytes:3
18:39:48.0 (18469211)|HEAP_ALLOCATE|[139]|Bytes:3
18:39:48.0 (18474301)|HEAP_ALLOCATE|[EXTERNAL]|Bytes:4
18:39:48.0 (18478721)|HEAP_ALLOCATE|[138]|Bytes:5
18:39:48.0 (18482289)|HEAP_ALLOCATE|[138]|Bytes:4
18:39:48.0 (18484495)|VARIABLE_SCOPE_BEGIN|[138]|entry|Schema.PicklistEntry|true|false
18:39:48.0 (18488288)|VARIABLE_ASSIGNMENT|[138]|entry|岐阜県|0x793b96f3
18:39:48.0 (18490802)|STATEMENT_EXECUTE|[138]
18:39:48.0 (18491638)|STATEMENT_EXECUTE|[139]
18:39:48.0 (18493772)|HEAP_ALLOCATE|[139]|Bytes:4
18:39:48.0 (18496369)|HEAP_ALLOCATE|[139]|Bytes:3
18:39:48.0 (18501087)|HEAP_ALLOCATE|[139]|Bytes:3
18:39:48.0 (18506166)|HEAP_ALLOCATE|[EXTERNAL]|Bytes:4
18:39:48.0 (18510385)|HEAP_ALLOCATE|[138]|Bytes:5
18:39:48.0 (18514088)|HEAP_ALLOCATE|[138]|Bytes:4
18:39:48.0 (18516222)|VARIABLE_SCOPE_BEGIN|[138]|entry|Schema.PicklistEntry|true|false
18:39:48.0 (18519957)|VARIABLE_ASSIGNMENT|[138]|entry|静岡県|0x6b07434d
18:39:48.0 (18522483)|STATEMENT_EXECUTE|[138]
18:39:48.0 (18523314)|STATEMENT_EXECUTE|[139]
18:39:48.0 (18525507)|HEAP_ALLOCATE|[139]|Bytes:4
18:39:48.0 (18528191)|HEAP_ALLOCATE|[139]|Bytes:3
18:39:48.0 (18532840)|HEAP_ALLOCATE|[139]|Bytes:3
18:39:48.0 (18537902)|HEAP_ALLOCATE|[EXTERNAL]|Bytes:4
18:39:48.0 (18542116)|HEAP_ALLOCATE|[138]|Bytes:5
18:39:48.0 (18545747)|HEAP_ALLOCATE|[138]|Bytes:4
18:39:48.0 (18547928)|VARIABLE_SCOPE_BEGIN|[138]|entry|Schema.PicklistEntry|true|false
18:39:48.0 (18551736)|VARIABLE_ASSIGNMENT|[138]|entry|愛知県|0x3c83ffae
18:39:48.0 (18554222)|STATEMENT_EXECUTE|[138]
18:39:48.0 (18555026)|STATEMENT_EXECUTE|[139]
18:39:48.0 (18557190)|HEAP_ALLOCATE|[139]|Bytes:4
18:39:48.0 (18559732)|HEAP_ALLOCATE|[139]|Bytes:3
18:39:48.0 (18564446)|HEAP_ALLOCATE|[139]|Bytes:3
18:39:48.0 (18569589)|HEAP_ALLOCATE|[EXTERNAL]|Bytes:4
18:39:48.0 (18573797)|HEAP_ALLOCATE|[138]|Bytes:5
18:39:48.0 (18577320)|HEAP_ALLOCATE|[138]|Bytes:4
18:39:48.0 (18579441)|VARIABLE_SCOPE_BEGIN|[138]|entry|Schema.PicklistEntry|true|false
18:39:48.0 (18583347)|VARIABLE_ASSIGNMENT|[138]|entry|三重県|0x115152d6
18:39:48.0 (18585818)|STATEMENT_EXECUTE|[138]
18:39:48.0 (18586672)|STATEMENT_EXECUTE|[139]
18:39:48.0 (18588831)|HEAP_ALLOCATE|[139]|Bytes:4
18:39:48.0 (18591382)|HEAP_ALLOCATE|[139]|Bytes:3
18:39:48.0 (18596050)|HEAP_ALLOCATE|[139]|Bytes:3
18:39:48.0 (18601235)|HEAP_ALLOCATE|[EXTERNAL]|Bytes:4
18:39:48.0 (18605488)|HEAP_ALLOCATE|[138]|Bytes:5
18:39:48.0 (18609162)|HEAP_ALLOCATE|[138]|Bytes:4
18:39:48.0 (18611350)|VARIABLE_SCOPE_BEGIN|[138]|entry|Schema.PicklistEntry|true|false
18:39:48.0 (18615254)|VARIABLE_ASSIGNMENT|[138]|entry|滋賀県|0x3478d201
18:39:48.0 (18617935)|STATEMENT_EXECUTE|[138]
18:39:48.0 (18618744)|STATEMENT_EXECUTE|[139]
18:39:48.0 (18620864)|HEAP_ALLOCATE|[139]|Bytes:4
18:39:48.0 (18623551)|HEAP_ALLOCATE|[139]|Bytes:3
18:39:48.0 (18628265)|HEAP_ALLOCATE|[139]|Bytes:3
18:39:48.0 (18633305)|HEAP_ALLOCATE|[EXTERNAL]|Bytes:4
18:39:48.0 (18637496)|HEAP_ALLOCATE|[138]|Bytes:5
18:39:48.0 (18641113)|HEAP_ALLOCATE|[138]|Bytes:4
18:39:48.0 (18643340)|VARIABLE_SCOPE_BEGIN|[138]|entry|Schema.PicklistEntry|true|false
18:39:48.0 (18647216)|VARIABLE_ASSIGNMENT|[138]|entry|京都府|0x65b4f2e8
18:39:48.0 (18649700)|STATEMENT_EXECUTE|[138]
18:39:48.0 (18650547)|STATEMENT_EXECUTE|[139]
18:39:48.0 (18652711)|HEAP_ALLOCATE|[139]|Bytes:4
18:39:48.0 (18655261)|HEAP_ALLOCATE|[139]|Bytes:3
18:39:48.0 (18660081)|HEAP_ALLOCATE|[139]|Bytes:3
18:39:48.0 (18665117)|HEAP_ALLOCATE|[EXTERNAL]|Bytes:4
18:39:48.0 (18669383)|HEAP_ALLOCATE|[138]|Bytes:5
18:39:48.0 (18672956)|HEAP_ALLOCATE|[138]|Bytes:4
18:39:48.0 (18675099)|VARIABLE_SCOPE_BEGIN|[138]|entry|Schema.PicklistEntry|true|false
18:39:48.0 (18678936)|VARIABLE_ASSIGNMENT|[138]|entry|大阪府|0x46690f7f
18:39:48.0 (18681403)|STATEMENT_EXECUTE|[138]
18:39:48.0 (18682334)|STATEMENT_EXECUTE|[139]
18:39:48.0 (18684474)|HEAP_ALLOCATE|[139]|Bytes:4
18:39:48.0 (18687023)|HEAP_ALLOCATE|[139]|Bytes:3
18:39:48.0 (18691831)|HEAP_ALLOCATE|[139]|Bytes:3
18:39:48.0 (18696938)|HEAP_ALLOCATE|[EXTERNAL]|Bytes:4
18:39:48.0 (18701116)|HEAP_ALLOCATE|[138]|Bytes:5
18:39:48.0 (18704771)|HEAP_ALLOCATE|[138]|Bytes:4
18:39:48.0 (18706965)|VARIABLE_SCOPE_BEGIN|[138]|entry|Schema.PicklistEntry|true|false
18:39:48.0 (18710767)|VARIABLE_ASSIGNMENT|[138]|entry|兵庫県|0x5d353286
18:39:48.0 (18713264)|STATEMENT_EXECUTE|[138]
18:39:48.0 (18714141)|STATEMENT_EXECUTE|[139]
18:39:48.0 (18716280)|HEAP_ALLOCATE|[139]|Bytes:4
18:39:48.0 (18718890)|HEAP_ALLOCATE|[139]|Bytes:3
18:39:48.0 (18723608)|HEAP_ALLOCATE|[139]|Bytes:3
18:39:48.0 (18728631)|HEAP_ALLOCATE|[EXTERNAL]|Bytes:4
18:39:48.0 (18733039)|HEAP_ALLOCATE|[138]|Bytes:5
18:39:48.0 (18736628)|HEAP_ALLOCATE|[138]|Bytes:4
18:39:48.0 (18738726)|VARIABLE_SCOPE_BEGIN|[138]|entry|Schema.PicklistEntry|true|false
18:39:48.0 (18742731)|VARIABLE_ASSIGNMENT|[138]|entry|奈良県|0x2faf0bfb
18:39:48.0 (18745455)|STATEMENT_EXECUTE|[138]
18:39:48.0 (18746268)|STATEMENT_EXECUTE|[139]
18:39:48.0 (18748395)|HEAP_ALLOCATE|[139]|Bytes:4
18:39:48.0 (18751035)|HEAP_ALLOCATE|[139]|Bytes:3
18:39:48.0 (18755744)|HEAP_ALLOCATE|[139]|Bytes:3
18:39:48.0 (18760789)|HEAP_ALLOCATE|[EXTERNAL]|Bytes:4
18:39:48.0 (18764955)|HEAP_ALLOCATE|[138]|Bytes:5
18:39:48.0 (18768524)|HEAP_ALLOCATE|[138]|Bytes:4
18:39:48.0 (18770595)|VARIABLE_SCOPE_BEGIN|[138]|entry|Schema.PicklistEntry|true|false
18:39:48.0 (18774440)|VARIABLE_ASSIGNMENT|[138]|entry|和歌山県|0x6d4e9f54
18:39:48.0 (18777044)|STATEMENT_EXECUTE|[138]
18:39:48.0 (18777864)|STATEMENT_EXECUTE|[139]
18:39:48.0 (18780015)|HEAP_ALLOCATE|[139]|Bytes:4
18:39:48.0 (18782554)|HEAP_ALLOCATE|[139]|Bytes:4
18:39:48.0 (18787276)|HEAP_ALLOCATE|[139]|Bytes:4
18:39:48.0 (18792448)|HEAP_ALLOCATE|[EXTERNAL]|Bytes:4
18:39:48.0 (18796687)|HEAP_ALLOCATE|[138]|Bytes:5
18:39:48.0 (18800263)|HEAP_ALLOCATE|[138]|Bytes:4
18:39:48.0 (18802462)|VARIABLE_SCOPE_BEGIN|[138]|entry|Schema.PicklistEntry|true|false
18:39:48.0 (18806421)|VARIABLE_ASSIGNMENT|[138]|entry|鳥取県|0x63d26775
18:39:48.0 (18808990)|STATEMENT_EXECUTE|[138]
18:39:48.0 (18809804)|STATEMENT_EXECUTE|[139]
18:39:48.0 (18811960)|HEAP_ALLOCATE|[139]|Bytes:4
18:39:48.0 (18814515)|HEAP_ALLOCATE|[139]|Bytes:3
18:39:48.0 (18819235)|HEAP_ALLOCATE|[139]|Bytes:3
18:39:48.0 (18824279)|HEAP_ALLOCATE|[EXTERNAL]|Bytes:4
18:39:48.0 (18828474)|HEAP_ALLOCATE|[138]|Bytes:5
18:39:48.0 (18831956)|HEAP_ALLOCATE|[138]|Bytes:4
18:39:48.0 (18834222)|VARIABLE_SCOPE_BEGIN|[138]|entry|Schema.PicklistEntry|true|false
18:39:48.0 (18838056)|VARIABLE_ASSIGNMENT|[138]|entry|島根県|0x1787c88b
18:39:48.0 (18840585)|STATEMENT_EXECUTE|[138]
18:39:48.0 (18841446)|STATEMENT_EXECUTE|[139]
18:39:48.0 (18843577)|HEAP_ALLOCATE|[139]|Bytes:4
18:39:48.0 (18846138)|HEAP_ALLOCATE|[139]|Bytes:3
18:39:48.0 (18851010)|HEAP_ALLOCATE|[139]|Bytes:3
18:39:48.0 (18856150)|HEAP_ALLOCATE|[EXTERNAL]|Bytes:4
18:39:48.0 (18860428)|HEAP_ALLOCATE|[138]|Bytes:5
18:39:48.0 (18864105)|HEAP_ALLOCATE|[138]|Bytes:4
18:39:48.0 (18866364)|VARIABLE_SCOPE_BEGIN|[138]|entry|Schema.PicklistEntry|true|false
18:39:48.0 (18870541)|VARIABLE_ASSIGNMENT|[138]|entry|岡山県|0x4020f953
18:39:48.0 (18873401)|STATEMENT_EXECUTE|[138]
18:39:48.0 (18874235)|STATEMENT_EXECUTE|[139]
18:39:48.0 (18876423)|HEAP_ALLOCATE|[139]|Bytes:4
18:39:48.0 (18878966)|HEAP_ALLOCATE|[139]|Bytes:3
18:39:48.0 (18883647)|HEAP_ALLOCATE|[139]|Bytes:3
18:39:48.0 (18888757)|HEAP_ALLOCATE|[EXTERNAL]|Bytes:4
18:39:48.0 (18892993)|HEAP_ALLOCATE|[138]|Bytes:5
18:39:48.0 (18896660)|HEAP_ALLOCATE|[138]|Bytes:4
18:39:48.0 (18898839)|VARIABLE_SCOPE_BEGIN|[138]|entry|Schema.PicklistEntry|true|false
18:39:48.0 (18902589)|VARIABLE_ASSIGNMENT|[138]|entry|広島県|0x590d6a3c
18:39:48.0 (18905091)|STATEMENT_EXECUTE|[138]
18:39:48.0 (18905932)|STATEMENT_EXECUTE|[139]
18:39:48.0 (18908064)|HEAP_ALLOCATE|[139]|Bytes:4
18:39:48.0 (18910640)|HEAP_ALLOCATE|[139]|Bytes:3
18:39:48.0 (18915329)|HEAP_ALLOCATE|[139]|Bytes:3
18:39:48.0 (18920502)|HEAP_ALLOCATE|[EXTERNAL]|Bytes:4
18:39:48.0 (18924699)|HEAP_ALLOCATE|[138]|Bytes:5
18:39:48.0 (18928342)|HEAP_ALLOCATE|[138]|Bytes:4
18:39:48.0 (18930484)|VARIABLE_SCOPE_BEGIN|[138]|entry|Schema.PicklistEntry|true|false
18:39:48.0 (18934459)|VARIABLE_ASSIGNMENT|[138]|entry|山口県|0x291447a7
18:39:48.0 (18937224)|STATEMENT_EXECUTE|[138]
18:39:48.0 (18938102)|STATEMENT_EXECUTE|[139]
18:39:48.0 (18940412)|HEAP_ALLOCATE|[139]|Bytes:4
18:39:48.0 (18943123)|HEAP_ALLOCATE|[139]|Bytes:3
18:39:48.0 (18947784)|HEAP_ALLOCATE|[139]|Bytes:3
18:39:48.0 (18952836)|HEAP_ALLOCATE|[EXTERNAL]|Bytes:4
18:39:48.0 (18957047)|HEAP_ALLOCATE|[138]|Bytes:5
18:39:48.0 (18960588)|HEAP_ALLOCATE|[138]|Bytes:4
18:39:48.0 (18962716)|VARIABLE_SCOPE_BEGIN|[138]|entry|Schema.PicklistEntry|true|false
18:39:48.0 (18966658)|VARIABLE_ASSIGNMENT|[138]|entry|徳島県|0x7e019e
18:39:48.0 (18969302)|STATEMENT_EXECUTE|[138]
18:39:48.0 (18970112)|STATEMENT_EXECUTE|[139]
18:39:48.0 (18972189)|HEAP_ALLOCATE|[139]|Bytes:4
18:39:48.0 (18974875)|HEAP_ALLOCATE|[139]|Bytes:3
18:39:48.0 (18979543)|HEAP_ALLOCATE|[139]|Bytes:3
18:39:48.0 (18984621)|HEAP_ALLOCATE|[EXTERNAL]|Bytes:4
18:39:48.0 (18988826)|HEAP_ALLOCATE|[138]|Bytes:5
18:39:48.0 (18992379)|HEAP_ALLOCATE|[138]|Bytes:4
18:39:48.0 (18994507)|VARIABLE_SCOPE_BEGIN|[138]|entry|Schema.PicklistEntry|true|false
18:39:48.0 (19000015)|VARIABLE_ASSIGNMENT|[138]|entry|香川県|0x47538aa3
18:39:48.0 (19003220)|STATEMENT_EXECUTE|[138]
18:39:48.0 (19004097)|STATEMENT_EXECUTE|[139]
18:39:48.0 (19006268)|HEAP_ALLOCATE|[139]|Bytes:4
18:39:48.0 (19009079)|HEAP_ALLOCATE|[139]|Bytes:3
18:39:48.0 (19013862)|HEAP_ALLOCATE|[139]|Bytes:3
18:39:48.0 (19018934)|HEAP_ALLOCATE|[EXTERNAL]|Bytes:4
18:39:48.0 (19035378)|HEAP_ALLOCATE|[138]|Bytes:5
18:39:48.0 (19042117)|HEAP_ALLOCATE|[138]|Bytes:4
18:39:48.0 (19044476)|VARIABLE_SCOPE_BEGIN|[138]|entry|Schema.PicklistEntry|true|false
18:39:48.0 (19326189)|VARIABLE_ASSIGNMENT|[138]|entry|愛媛県|0x753d44ff
18:39:48.0 (19332196)|STATEMENT_EXECUTE|[138]
18:39:48.0 (19333149)|STATEMENT_EXECUTE|[139]
18:39:48.0 (19338706)|HEAP_ALLOCATE|[139]|Bytes:4
18:39:48.0 (19346142)|HEAP_ALLOCATE|[139]|Bytes:3
18:39:48.0 (19354694)|HEAP_ALLOCATE|[139]|Bytes:3
18:39:48.0 (19361084)|HEAP_ALLOCATE|[EXTERNAL]|Bytes:4
18:39:48.0 (19367912)|HEAP_ALLOCATE|[138]|Bytes:5
18:39:48.0 (19373416)|HEAP_ALLOCATE|[138]|Bytes:4
18:39:48.0 (19376451)|VARIABLE_SCOPE_BEGIN|[138]|entry|Schema.PicklistEntry|true|false
18:39:48.0 (19381746)|VARIABLE_ASSIGNMENT|[138]|entry|高知県|0x7e1f0c80
18:39:48.0 (19384491)|STATEMENT_EXECUTE|[138]
18:39:48.0 (19385305)|STATEMENT_EXECUTE|[139]
18:39:48.0 (19387582)|HEAP_ALLOCATE|[139]|Bytes:4
18:39:48.0 (19390276)|HEAP_ALLOCATE|[139]|Bytes:3
18:39:48.0 (19395206)|HEAP_ALLOCATE|[139]|Bytes:3
18:39:48.0 (19400877)|HEAP_ALLOCATE|[EXTERNAL]|Bytes:4
18:39:48.0 (19405410)|HEAP_ALLOCATE|[138]|Bytes:5
18:39:48.0 (19409142)|HEAP_ALLOCATE|[138]|Bytes:4
18:39:48.0 (19411366)|VARIABLE_SCOPE_BEGIN|[138]|entry|Schema.PicklistEntry|true|false
18:39:48.0 (19415357)|VARIABLE_ASSIGNMENT|[138]|entry|福岡県|0xe9d902c
18:39:48.0 (19418326)|STATEMENT_EXECUTE|[138]
18:39:48.0 (19419127)|STATEMENT_EXECUTE|[139]
18:39:48.0 (19421293)|HEAP_ALLOCATE|[139]|Bytes:4
18:39:48.0 (19423818)|HEAP_ALLOCATE|[139]|Bytes:3
18:39:48.0 (19428723)|HEAP_ALLOCATE|[139]|Bytes:3
18:39:48.0 (19433955)|HEAP_ALLOCATE|[EXTERNAL]|Bytes:4
18:39:48.0 (19438292)|HEAP_ALLOCATE|[138]|Bytes:5
18:39:48.0 (19441910)|HEAP_ALLOCATE|[138]|Bytes:4
18:39:48.0 (19444152)|VARIABLE_SCOPE_BEGIN|[138]|entry|Schema.PicklistEntry|true|false
18:39:48.0 (19448228)|VARIABLE_ASSIGNMENT|[138]|entry|佐賀県|0x55c005ce
18:39:48.0 (19450800)|STATEMENT_EXECUTE|[138]
18:39:48.0 (19451650)|STATEMENT_EXECUTE|[139]
18:39:48.0 (19453885)|HEAP_ALLOCATE|[139]|Bytes:4
18:39:48.0 (19456579)|HEAP_ALLOCATE|[139]|Bytes:3
18:39:48.0 (19461430)|HEAP_ALLOCATE|[139]|Bytes:3
18:39:48.0 (19466640)|HEAP_ALLOCATE|[EXTERNAL]|Bytes:4
18:39:48.0 (19470947)|HEAP_ALLOCATE|[138]|Bytes:5
18:39:48.0 (19474653)|HEAP_ALLOCATE|[138]|Bytes:4
18:39:48.0 (19477062)|VARIABLE_SCOPE_BEGIN|[138]|entry|Schema.PicklistEntry|true|false
18:39:48.0 (19481322)|VARIABLE_ASSIGNMENT|[138]|entry|長崎県|0x4ac5a935
18:39:48.0 (19483860)|STATEMENT_EXECUTE|[138]
18:39:48.0 (19484680)|STATEMENT_EXECUTE|[139]
18:39:48.0 (19486823)|HEAP_ALLOCATE|[139]|Bytes:4
18:39:48.0 (19489385)|HEAP_ALLOCATE|[139]|Bytes:3
18:39:48.0 (19494284)|HEAP_ALLOCATE|[139]|Bytes:3
18:39:48.0 (19499412)|HEAP_ALLOCATE|[EXTERNAL]|Bytes:4
18:39:48.0 (19504100)|HEAP_ALLOCATE|[138]|Bytes:5
18:39:48.0 (19507795)|HEAP_ALLOCATE|[138]|Bytes:4
18:39:48.0 (19509982)|VARIABLE_SCOPE_BEGIN|[138]|entry|Schema.PicklistEntry|true|false
18:39:48.0 (19514005)|VARIABLE_ASSIGNMENT|[138]|entry|熊本県|0x4cb8d7e1
18:39:48.0 (19516700)|STATEMENT_EXECUTE|[138]
18:39:48.0 (19517540)|STATEMENT_EXECUTE|[139]
18:39:48.0 (19519670)|HEAP_ALLOCATE|[139]|Bytes:4
18:39:48.0 (19522374)|HEAP_ALLOCATE|[139]|Bytes:3
18:39:48.0 (19527449)|HEAP_ALLOCATE|[139]|Bytes:3
18:39:48.0 (19532640)|HEAP_ALLOCATE|[EXTERNAL]|Bytes:4
18:39:48.0 (19537117)|HEAP_ALLOCATE|[138]|Bytes:5
18:39:48.0 (19541037)|HEAP_ALLOCATE|[138]|Bytes:4
18:39:48.0 (19543386)|VARIABLE_SCOPE_BEGIN|[138]|entry|Schema.PicklistEntry|true|false
18:39:48.0 (19547204)|VARIABLE_ASSIGNMENT|[138]|entry|大分県|0x2e4632aa
18:39:48.0 (19549750)|STATEMENT_EXECUTE|[138]
18:39:48.0 (19550575)|STATEMENT_EXECUTE|[139]
18:39:48.0 (19552715)|HEAP_ALLOCATE|[139]|Bytes:4
18:39:48.0 (19555646)|HEAP_ALLOCATE|[139]|Bytes:3
18:39:48.0 (19585029)|HEAP_ALLOCATE|[139]|Bytes:3
18:39:48.0 (19593436)|HEAP_ALLOCATE|[EXTERNAL]|Bytes:4
18:39:48.0 (19598267)|HEAP_ALLOCATE|[138]|Bytes:5
18:39:48.0 (19602489)|HEAP_ALLOCATE|[138]|Bytes:4
18:39:48.0 (19604890)|VARIABLE_SCOPE_BEGIN|[138]|entry|Schema.PicklistEntry|true|false
18:39:48.0 (19609767)|VARIABLE_ASSIGNMENT|[138]|entry|宮崎県|0x7bfdbcd9
18:39:48.0 (19612508)|STATEMENT_EXECUTE|[138]
18:39:48.0 (19613331)|STATEMENT_EXECUTE|[139]
18:39:48.0 (19615927)|HEAP_ALLOCATE|[139]|Bytes:4
18:39:48.0 (19618789)|HEAP_ALLOCATE|[139]|Bytes:3
18:39:48.0 (19623775)|HEAP_ALLOCATE|[139]|Bytes:3
18:39:48.0 (19629314)|HEAP_ALLOCATE|[EXTERNAL]|Bytes:4
18:39:48.0 (19633769)|HEAP_ALLOCATE|[138]|Bytes:5
18:39:48.0 (19637929)|HEAP_ALLOCATE|[138]|Bytes:4
18:39:48.0 (19640147)|VARIABLE_SCOPE_BEGIN|[138]|entry|Schema.PicklistEntry|true|false
18:39:48.0 (19644285)|VARIABLE_ASSIGNMENT|[138]|entry|鹿児島県|0x1c162e92
18:39:48.0 (19646944)|STATEMENT_EXECUTE|[138]
18:39:48.0 (19647784)|STATEMENT_EXECUTE|[139]
18:39:48.0 (19650013)|HEAP_ALLOCATE|[139]|Bytes:4
18:39:48.0 (19652694)|HEAP_ALLOCATE|[139]|Bytes:4
18:39:48.0 (19657726)|HEAP_ALLOCATE|[139]|Bytes:4
18:39:48.0 (19662878)|HEAP_ALLOCATE|[EXTERNAL]|Bytes:4
18:39:48.0 (19667138)|HEAP_ALLOCATE|[138]|Bytes:5
18:39:48.0 (19670908)|HEAP_ALLOCATE|[138]|Bytes:4
18:39:48.0 (19673057)|VARIABLE_SCOPE_BEGIN|[138]|entry|Schema.PicklistEntry|true|false
18:39:48.0 (19677017)|VARIABLE_ASSIGNMENT|[138]|entry|沖縄県|0x169be52e
18:39:48.0 (19679724)|STATEMENT_EXECUTE|[138]
18:39:48.0 (19680583)|STATEMENT_EXECUTE|[139]
18:39:48.0 (19682688)|HEAP_ALLOCATE|[139]|Bytes:4
18:39:48.0 (19685604)|HEAP_ALLOCATE|[139]|Bytes:3
18:39:48.0 (19690574)|HEAP_ALLOCATE|[139]|Bytes:3
18:39:48.0 (19695703)|HEAP_ALLOCATE|[EXTERNAL]|Bytes:4
18:39:48.0 (19699954)|HEAP_ALLOCATE|[138]|Bytes:5
18:39:48.0 (19706377)|VARIABLE_ASSIGNMENT|[138]|entry|null|
18:39:48.0 (19711159)|STATEMENT_EXECUTE|[144]
18:39:48.0 (19727281)|METHOD_EXIT|[110]|01pBK000001mgyr|RegistrationInfoController.getPicklistValues(Schema.SObjectField, Boolean, String)
18:39:48.19 (19785444)|CUMULATIVE_LIMIT_USAGE
18:39:48.19 (19785444)|LIMIT_USAGE_FOR_NS|(default)|
  Number of SOQL queries: 0 out of 100
  Number of query rows: 0 out of 50000
  Number of SOSL queries: 0 out of 20
  Number of DML statements: 0 out of 0
  Number of Publish Immediate DML: 0 out of 150
  Number of DML rows: 0 out of 10000
  Maximum CPU time: 0 out of 10000
  Maximum heap size: 0 out of 6000000
  Number of callouts: 0 out of 100
  Number of Email Invocations: 0 out of 10
  Number of future calls: 0 out of 50
  Number of queueable jobs added to the queue: 0 out of 50
  Number of Mobile Apex push calls: 0 out of 10

18:39:48.19 (19785444)|CUMULATIVE_LIMIT_USAGE_END

18:39:48.0 (19813039)|CODE_UNIT_FINISHED|RegistrationInfoController.getPrefecturePicklistValues()
18:39:48.0 (19982452)|CODE_UNIT_FINISHED|apex://RegistrationInfoController/ACTION$getPrefecturePicklistValues
18:39:48.0 (19987891)|EXECUTION_FINISHED
