66.0 APEX_CODE,FINEST;APEX_PROFILING,INFO;CALLOUT,INFO;DATA_ACCESS,INFO;DB,INFO;NBA,INFO;SYSTEM,DEBUG;VALIDATION,INFO;VISUALFORCE,INFO;WAVE,INFO;WORKFLOW,INFO
17:35:55.0 (755821)|USER_INFO|[EXTERNAL]|0057F0000042UBb|ishibashi@hurex.co.jp.dev1|(GMT+09:00) 日本標準時 (Asia/Tokyo)|GMT+09:00
17:35:55.0 (803014)|EXECUTION_STARTED
17:35:55.0 (812821)|CODE_UNIT_STARTED|[EXTERNAL]|apex://RegistrationInfoController/ACTION$getPrefecturePicklistValues
17:35:55.0 (2675435)|CODE_UNIT_STARTED|[EXTERNAL]|01pBK000001mgyr|RegistrationInfoController.getPrefecturePicklistValues()
17:35:55.0 (2821960)|HEAP_ALLOCATE|[95]|Bytes:3
17:35:55.0 (2900425)|HEAP_ALLOCATE|[100]|Bytes:152
17:35:55.0 (2914235)|HEAP_ALLOCATE|[417]|Bytes:408
17:35:55.0 (2925204)|HEAP_ALLOCATE|[430]|Bytes:408
17:35:55.0 (2943491)|HEAP_ALLOCATE|[317]|Bytes:6
17:35:55.0 (2953434)|HEAP_ALLOCATE|[EXTERNAL]|Bytes:23
17:35:55.0 (2956156)|HEAP_ALLOCATE|[EXTERNAL]|Bytes:36
17:35:55.0 (2957889)|HEAP_ALLOCATE|[EXTERNAL]|Bytes:7
17:35:55.0 (2964911)|METHOD_ENTRY|[5]|01pBK000001mgyr|RegistrationInfoController.RegistrationInfoController()
17:35:55.0 (2974819)|STATEMENT_EXECUTE|[5]
17:35:55.0 (2979742)|STATEMENT_EXECUTE|[5]
17:35:55.0 (2999232)|HEAP_ALLOCATE|[68]|Bytes:5
17:35:55.0 (3030041)|HEAP_ALLOCATE|[74]|Bytes:5
17:35:55.0 (3035014)|HEAP_ALLOCATE|[82]|Bytes:7
17:35:55.0 (3049249)|HEAP_ALLOCATE|[EXTERNAL]|Bytes:5
17:35:55.0 (3051955)|STATEMENT_EXECUTE|[7]
17:35:55.0 (3058324)|METHOD_EXIT|[5]|RegistrationInfoController
17:35:55.0 (3064972)|HEAP_ALLOCATE|[96]|Bytes:5
17:35:55.0 (3066844)|STATEMENT_EXECUTE|[95]
17:35:55.0 (3067872)|STATEMENT_EXECUTE|[96]
17:35:55.0 (3069530)|HEAP_ALLOCATE|[96]|Bytes:7
17:35:55.0 (3071723)|HEAP_ALLOCATE|[96]|Bytes:7
17:35:55.0 (3159629)|HEAP_ALLOCATE|[96]|Bytes:7
17:35:55.0 (3174517)|METHOD_ENTRY|[96]|01pBK000001mgyr|RegistrationInfoController.getPicklistValuesWithEmpty(Schema.SObjectField, String)
17:35:55.0 (3203091)|VARIABLE_SCOPE_BEGIN|[110]|field|Schema.SObjectField|true|false
17:35:55.0 (3438528)|VARIABLE_ASSIGNMENT|[110]|field|"common.apex.runtime.impl.ApexFieldToken@50a9f5bd"|0x50a9f5bd
17:35:55.0 (3444578)|VARIABLE_SCOPE_BEGIN|[110]|emptyLabel|String|false|false
17:35:55.0 (3454280)|VARIABLE_ASSIGNMENT|[110]|emptyLabel|"都道府県を選択"
17:35:55.0 (3463848)|HEAP_ALLOCATE|[111]|Bytes:5
17:35:55.0 (3466783)|STATEMENT_EXECUTE|[110]
17:35:55.0 (3467853)|STATEMENT_EXECUTE|[111]
17:35:55.0 (3481978)|HEAP_ALLOCATE|[111]|Bytes:4
17:35:55.0 (3509269)|VARIABLE_SCOPE_BEGIN|[111]|options|List<Map<String,String>>|true|false
17:35:55.0 (3553792)|HEAP_ALLOCATE|[EXTERNAL]|Bytes:4
17:35:55.0 (3570324)|VARIABLE_ASSIGNMENT|[111]|options|[]|0x23306050
17:35:55.0 (3573371)|STATEMENT_EXECUTE|[112]
17:35:55.0 (3581749)|HEAP_ALLOCATE|[112]|Bytes:4
17:35:55.0 (3588014)|VARIABLE_SCOPE_BEGIN|[112]|emptyOption|Map<String,String>|true|false
17:35:55.0 (3601342)|VARIABLE_ASSIGNMENT|[112]|emptyOption|{}|0x77d226d3
17:35:55.0 (3604094)|STATEMENT_EXECUTE|[113]
17:35:55.0 (3606384)|HEAP_ALLOCATE|[113]|Bytes:5
17:35:55.0 (3640350)|HEAP_ALLOCATE|[EXTERNAL]|Bytes:-4
17:35:55.0 (3646184)|STATEMENT_EXECUTE|[114]
17:35:55.0 (3647917)|HEAP_ALLOCATE|[114]|Bytes:5
17:35:55.0 (3656122)|HEAP_ALLOCATE|[EXTERNAL]|Bytes:-4
17:35:55.0 (3659236)|STATEMENT_EXECUTE|[115]
17:35:55.0 (3677487)|HEAP_ALLOCATE|[EXTERNAL]|Bytes:4
17:35:55.0 (3681209)|STATEMENT_EXECUTE|[117]
17:35:55.0 (3682089)|STATEMENT_EXECUTE|[117]
17:35:55.0 (3683007)|STATEMENT_EXECUTE|[118]
17:35:55.0 (3726363)|SYSTEM_MODE_ENTER|true
17:35:55.0 (91110480)|HEAP_ALLOCATE|[EXTERNAL]|Bytes:4
17:35:55.0 (93607835)|HEAP_ALLOCATE|[118]|Bytes:8
17:35:55.0 (93655375)|VARIABLE_SCOPE_BEGIN|[118]|fieldResult|Schema.DescribeFieldResult|true|false
17:35:55.0 (104801192)|VARIABLE_ASSIGNMENT|[118]|fieldResult|"common.api.soap.wsdl.Field@3b6ba308"|0x6ef05431
17:35:55.0 (104909594)|HEAP_ALLOCATE|[EXTERNAL]|Bytes:192
17:35:55.0 (105013197)|HEAP_ALLOCATE|[119]|Bytes:192
17:35:55.0 (105263762)|HEAP_ALLOCATE|[119]|Bytes:5
17:35:55.0 (105293718)|HEAP_ALLOCATE|[119]|Bytes:4
17:35:55.0 (105302708)|VARIABLE_SCOPE_BEGIN|[119]|entry|Schema.PicklistEntry|true|false
17:35:55.0 (105325532)|VARIABLE_ASSIGNMENT|[119]|entry|北海道|0x51d64fa1
17:35:55.0 (105333379)|STATEMENT_EXECUTE|[119]
17:35:55.0 (105334694)|STATEMENT_EXECUTE|[120]
17:35:55.0 (105350372)|HEAP_ALLOCATE|[120]|Bytes:4
17:35:55.0 (105359525)|VARIABLE_SCOPE_BEGIN|[120]|option|Map<String,String>|true|false
17:35:55.0 (105375036)|VARIABLE_ASSIGNMENT|[120]|option|{}|0x3debc876
17:35:55.0 (105377967)|STATEMENT_EXECUTE|[121]
17:35:55.0 (105564751)|HEAP_ALLOCATE|[121]|Bytes:3
17:35:55.0 (105609123)|HEAP_ALLOCATE|[EXTERNAL]|Bytes:-4
17:35:55.0 (105613925)|STATEMENT_EXECUTE|[122]
17:35:55.0 (105621384)|HEAP_ALLOCATE|[122]|Bytes:3
17:35:55.0 (105630151)|HEAP_ALLOCATE|[EXTERNAL]|Bytes:-4
17:35:55.0 (105632994)|STATEMENT_EXECUTE|[123]
17:35:55.0 (105646133)|HEAP_ALLOCATE|[EXTERNAL]|Bytes:4
17:35:55.0 (105654677)|HEAP_ALLOCATE|[119]|Bytes:5
17:35:55.0 (105661024)|HEAP_ALLOCATE|[119]|Bytes:4
17:35:55.0 (105664893)|VARIABLE_SCOPE_BEGIN|[119]|entry|Schema.PicklistEntry|true|false
17:35:55.0 (105670798)|VARIABLE_ASSIGNMENT|[119]|entry|青森県|0x2f769459
17:35:55.0 (105674216)|STATEMENT_EXECUTE|[119]
17:35:55.0 (105675096)|STATEMENT_EXECUTE|[120]
17:35:55.0 (105679633)|HEAP_ALLOCATE|[120]|Bytes:4
17:35:55.0 (105682652)|VARIABLE_SCOPE_BEGIN|[120]|option|Map<String,String>|true|false
17:35:55.0 (105688506)|VARIABLE_ASSIGNMENT|[120]|option|{}|0x635d699e
17:35:55.0 (105691166)|STATEMENT_EXECUTE|[121]
17:35:55.0 (105693679)|HEAP_ALLOCATE|[121]|Bytes:3
17:35:55.0 (105697558)|HEAP_ALLOCATE|[EXTERNAL]|Bytes:-4
17:35:55.0 (105700163)|STATEMENT_EXECUTE|[122]
17:35:55.0 (105701929)|HEAP_ALLOCATE|[122]|Bytes:3
17:35:55.0 (105705081)|HEAP_ALLOCATE|[EXTERNAL]|Bytes:-4
17:35:55.0 (105707443)|STATEMENT_EXECUTE|[123]
17:35:55.0 (105709982)|HEAP_ALLOCATE|[EXTERNAL]|Bytes:4
17:35:55.0 (105714641)|HEAP_ALLOCATE|[119]|Bytes:5
17:35:55.0 (105718403)|HEAP_ALLOCATE|[119]|Bytes:4
17:35:55.0 (105720666)|VARIABLE_SCOPE_BEGIN|[119]|entry|Schema.PicklistEntry|true|false
17:35:55.0 (105725153)|VARIABLE_ASSIGNMENT|[119]|entry|岩手県|0x158913
17:35:55.0 (105727918)|STATEMENT_EXECUTE|[119]
17:35:55.0 (105728698)|STATEMENT_EXECUTE|[120]
17:35:55.0 (105731065)|HEAP_ALLOCATE|[120]|Bytes:4
17:35:55.0 (105733101)|VARIABLE_SCOPE_BEGIN|[120]|option|Map<String,String>|true|false
17:35:55.0 (105737196)|VARIABLE_ASSIGNMENT|[120]|option|{}|0x63de491f
17:35:55.0 (105739646)|STATEMENT_EXECUTE|[121]
17:35:55.0 (105741504)|HEAP_ALLOCATE|[121]|Bytes:3
17:35:55.0 (105744753)|HEAP_ALLOCATE|[EXTERNAL]|Bytes:-4
17:35:55.0 (105747206)|STATEMENT_EXECUTE|[122]
17:35:55.0 (105748755)|HEAP_ALLOCATE|[122]|Bytes:3
17:35:55.0 (105751695)|HEAP_ALLOCATE|[EXTERNAL]|Bytes:-4
17:35:55.0 (105754068)|STATEMENT_EXECUTE|[123]
17:35:55.0 (105756241)|HEAP_ALLOCATE|[EXTERNAL]|Bytes:4
17:35:55.0 (105760621)|HEAP_ALLOCATE|[119]|Bytes:5
17:35:55.0 (105764080)|HEAP_ALLOCATE|[119]|Bytes:4
17:35:55.0 (105766274)|VARIABLE_SCOPE_BEGIN|[119]|entry|Schema.PicklistEntry|true|false
17:35:55.0 (105770254)|VARIABLE_ASSIGNMENT|[119]|entry|宮城県|0x7811dd61
17:35:55.0 (105772844)|STATEMENT_EXECUTE|[119]
17:35:55.0 (105773614)|STATEMENT_EXECUTE|[120]
17:35:55.0 (105775757)|HEAP_ALLOCATE|[120]|Bytes:4
17:35:55.0 (105777627)|VARIABLE_SCOPE_BEGIN|[120]|option|Map<String,String>|true|false
17:35:55.0 (105781621)|VARIABLE_ASSIGNMENT|[120]|option|{}|0x70884a64
17:35:55.0 (105783847)|STATEMENT_EXECUTE|[121]
17:35:55.0 (105785455)|HEAP_ALLOCATE|[121]|Bytes:3
17:35:55.0 (105788643)|HEAP_ALLOCATE|[EXTERNAL]|Bytes:-4
17:35:55.0 (105791013)|STATEMENT_EXECUTE|[122]
17:35:55.0 (105792640)|HEAP_ALLOCATE|[122]|Bytes:3
17:35:55.0 (105795492)|HEAP_ALLOCATE|[EXTERNAL]|Bytes:-4
17:35:55.0 (105797820)|STATEMENT_EXECUTE|[123]
17:35:55.0 (105799860)|HEAP_ALLOCATE|[EXTERNAL]|Bytes:4
17:35:55.0 (105804325)|HEAP_ALLOCATE|[119]|Bytes:5
17:35:55.0 (105807794)|HEAP_ALLOCATE|[119]|Bytes:4
17:35:55.0 (105809849)|VARIABLE_SCOPE_BEGIN|[119]|entry|Schema.PicklistEntry|true|false
17:35:55.0 (105813873)|VARIABLE_ASSIGNMENT|[119]|entry|秋田県|0x5cf90877
17:35:55.0 (105816500)|STATEMENT_EXECUTE|[119]
17:35:55.0 (105817245)|STATEMENT_EXECUTE|[120]
17:35:55.0 (105819309)|HEAP_ALLOCATE|[120]|Bytes:4
17:35:55.0 (105821151)|VARIABLE_SCOPE_BEGIN|[120]|option|Map<String,String>|true|false
17:35:55.0 (105825097)|VARIABLE_ASSIGNMENT|[120]|option|{}|0x4d7e2446
17:35:55.0 (105827431)|STATEMENT_EXECUTE|[121]
17:35:55.0 (105829040)|HEAP_ALLOCATE|[121]|Bytes:3
17:35:55.0 (105832279)|HEAP_ALLOCATE|[EXTERNAL]|Bytes:-4
17:35:55.0 (105834745)|STATEMENT_EXECUTE|[122]
17:35:55.0 (105836274)|HEAP_ALLOCATE|[122]|Bytes:3
17:35:55.0 (105839572)|HEAP_ALLOCATE|[EXTERNAL]|Bytes:-4
17:35:55.0 (105841916)|STATEMENT_EXECUTE|[123]
17:35:55.0 (105843923)|HEAP_ALLOCATE|[EXTERNAL]|Bytes:4
17:35:55.0 (105848239)|HEAP_ALLOCATE|[119]|Bytes:5
17:35:55.0 (105851831)|HEAP_ALLOCATE|[119]|Bytes:4
17:35:55.0 (105853918)|VARIABLE_SCOPE_BEGIN|[119]|entry|Schema.PicklistEntry|true|false
17:35:55.0 (105857731)|VARIABLE_ASSIGNMENT|[119]|entry|山形県|0x3bf2025d
17:35:55.0 (105860385)|STATEMENT_EXECUTE|[119]
17:35:55.0 (105861150)|STATEMENT_EXECUTE|[120]
17:35:55.0 (105863238)|HEAP_ALLOCATE|[120]|Bytes:4
17:35:55.0 (105865183)|VARIABLE_SCOPE_BEGIN|[120]|option|Map<String,String>|true|false
17:35:55.0 (105869094)|VARIABLE_ASSIGNMENT|[120]|option|{}|0x91bb42d
17:35:55.0 (105871473)|STATEMENT_EXECUTE|[121]
17:35:55.0 (105873147)|HEAP_ALLOCATE|[121]|Bytes:3
17:35:55.0 (105876081)|HEAP_ALLOCATE|[EXTERNAL]|Bytes:-4
17:35:55.0 (105878517)|STATEMENT_EXECUTE|[122]
17:35:55.0 (105880034)|HEAP_ALLOCATE|[122]|Bytes:3
17:35:55.0 (105882705)|HEAP_ALLOCATE|[EXTERNAL]|Bytes:-4
17:35:55.0 (105885058)|STATEMENT_EXECUTE|[123]
17:35:55.0 (105887078)|HEAP_ALLOCATE|[EXTERNAL]|Bytes:4
17:35:55.0 (105891519)|HEAP_ALLOCATE|[119]|Bytes:5
17:35:55.0 (105894982)|HEAP_ALLOCATE|[119]|Bytes:4
17:35:55.0 (105897050)|VARIABLE_SCOPE_BEGIN|[119]|entry|Schema.PicklistEntry|true|false
17:35:55.0 (105901051)|VARIABLE_ASSIGNMENT|[119]|entry|福島県|0x1d35bfc9
17:35:55.0 (105903636)|STATEMENT_EXECUTE|[119]
17:35:55.0 (105904508)|STATEMENT_EXECUTE|[120]
17:35:55.0 (105906565)|HEAP_ALLOCATE|[120]|Bytes:4
17:35:55.0 (105908445)|VARIABLE_SCOPE_BEGIN|[120]|option|Map<String,String>|true|false
17:35:55.0 (105912375)|VARIABLE_ASSIGNMENT|[120]|option|{}|0x21d5e43d
17:35:55.0 (105914737)|STATEMENT_EXECUTE|[121]
17:35:55.0 (105916380)|HEAP_ALLOCATE|[121]|Bytes:3
17:35:55.0 (105919329)|HEAP_ALLOCATE|[EXTERNAL]|Bytes:-4
17:35:55.0 (105921795)|STATEMENT_EXECUTE|[122]
17:35:55.0 (105923350)|HEAP_ALLOCATE|[122]|Bytes:3
17:35:55.0 (105926064)|HEAP_ALLOCATE|[EXTERNAL]|Bytes:-4
17:35:55.0 (105928430)|STATEMENT_EXECUTE|[123]
17:35:55.0 (105930482)|HEAP_ALLOCATE|[EXTERNAL]|Bytes:4
17:35:55.0 (105934752)|HEAP_ALLOCATE|[119]|Bytes:5
17:35:55.0 (105938327)|HEAP_ALLOCATE|[119]|Bytes:4
17:35:55.0 (105940340)|VARIABLE_SCOPE_BEGIN|[119]|entry|Schema.PicklistEntry|true|false
17:35:55.0 (105944205)|VARIABLE_ASSIGNMENT|[119]|entry|茨城県|0xa9eeab0
17:35:55.0 (105946843)|STATEMENT_EXECUTE|[119]
17:35:55.0 (105947597)|STATEMENT_EXECUTE|[120]
17:35:55.0 (105949735)|HEAP_ALLOCATE|[120]|Bytes:4
17:35:55.0 (105951585)|VARIABLE_SCOPE_BEGIN|[120]|option|Map<String,String>|true|false
17:35:55.0 (105955427)|VARIABLE_ASSIGNMENT|[120]|option|{}|0x5ef09d12
17:35:55.0 (105957694)|STATEMENT_EXECUTE|[121]
17:35:55.0 (105959277)|HEAP_ALLOCATE|[121]|Bytes:3
17:35:55.0 (105962210)|HEAP_ALLOCATE|[EXTERNAL]|Bytes:-4
17:35:55.0 (105964645)|STATEMENT_EXECUTE|[122]
17:35:55.0 (105966218)|HEAP_ALLOCATE|[122]|Bytes:3
17:35:55.0 (105968918)|HEAP_ALLOCATE|[EXTERNAL]|Bytes:-4
17:35:55.0 (105971362)|STATEMENT_EXECUTE|[123]
17:35:55.0 (105973382)|HEAP_ALLOCATE|[EXTERNAL]|Bytes:4
17:35:55.0 (105977785)|HEAP_ALLOCATE|[119]|Bytes:5
17:35:55.0 (105981313)|HEAP_ALLOCATE|[119]|Bytes:4
17:35:55.0 (105983315)|VARIABLE_SCOPE_BEGIN|[119]|entry|Schema.PicklistEntry|true|false
17:35:55.0 (105987260)|VARIABLE_ASSIGNMENT|[119]|entry|栃木県|0x6e0baaf2
17:35:55.0 (105989790)|STATEMENT_EXECUTE|[119]
17:35:55.0 (105990553)|STATEMENT_EXECUTE|[120]
17:35:55.0 (105992605)|HEAP_ALLOCATE|[120]|Bytes:4
17:35:55.0 (105994540)|VARIABLE_SCOPE_BEGIN|[120]|option|Map<String,String>|true|false
17:35:55.0 (105998426)|VARIABLE_ASSIGNMENT|[120]|option|{}|0x60715f02
17:35:55.0 (106000680)|STATEMENT_EXECUTE|[121]
17:35:55.0 (106002980)|HEAP_ALLOCATE|[121]|Bytes:3
17:35:55.0 (106005936)|HEAP_ALLOCATE|[EXTERNAL]|Bytes:-4
17:35:55.0 (106008325)|STATEMENT_EXECUTE|[122]
17:35:55.0 (106009971)|HEAP_ALLOCATE|[122]|Bytes:3
17:35:55.0 (106012705)|HEAP_ALLOCATE|[EXTERNAL]|Bytes:-4
17:35:55.0 (106015052)|STATEMENT_EXECUTE|[123]
17:35:55.0 (106017070)|HEAP_ALLOCATE|[EXTERNAL]|Bytes:4
17:35:55.0 (106021555)|HEAP_ALLOCATE|[119]|Bytes:5
17:35:55.0 (106024963)|HEAP_ALLOCATE|[119]|Bytes:4
17:35:55.0 (106027065)|VARIABLE_SCOPE_BEGIN|[119]|entry|Schema.PicklistEntry|true|false
17:35:55.0 (106030865)|VARIABLE_ASSIGNMENT|[119]|entry|群馬県|0x1dc7e2d6
17:35:55.0 (106033480)|STATEMENT_EXECUTE|[119]
17:35:55.0 (106034235)|STATEMENT_EXECUTE|[120]
17:35:55.0 (106036183)|HEAP_ALLOCATE|[120]|Bytes:4
17:35:55.0 (106038030)|VARIABLE_SCOPE_BEGIN|[120]|option|Map<String,String>|true|false
17:35:55.0 (106042228)|VARIABLE_ASSIGNMENT|[120]|option|{}|0x4705e471
17:35:55.0 (106044600)|STATEMENT_EXECUTE|[121]
17:35:55.0 (106046215)|HEAP_ALLOCATE|[121]|Bytes:3
17:35:55.0 (106049217)|HEAP_ALLOCATE|[EXTERNAL]|Bytes:-4
17:35:55.0 (106051603)|STATEMENT_EXECUTE|[122]
17:35:55.0 (106053147)|HEAP_ALLOCATE|[122]|Bytes:3
17:35:55.0 (106055853)|HEAP_ALLOCATE|[EXTERNAL]|Bytes:-4
17:35:55.0 (106058197)|STATEMENT_EXECUTE|[123]
17:35:55.0 (106060211)|HEAP_ALLOCATE|[EXTERNAL]|Bytes:4
17:35:55.0 (106064473)|HEAP_ALLOCATE|[119]|Bytes:5
17:35:55.0 (106067928)|HEAP_ALLOCATE|[119]|Bytes:4
17:35:55.0 (106069978)|VARIABLE_SCOPE_BEGIN|[119]|entry|Schema.PicklistEntry|true|false
17:35:55.0 (106073957)|VARIABLE_ASSIGNMENT|[119]|entry|埼玉県|0x746a8a59
17:35:55.0 (106076470)|STATEMENT_EXECUTE|[119]
17:35:55.0 (106077255)|STATEMENT_EXECUTE|[120]
17:35:55.0 (106079551)|HEAP_ALLOCATE|[120]|Bytes:4
17:35:55.0 (106081401)|VARIABLE_SCOPE_BEGIN|[120]|option|Map<String,String>|true|false
17:35:55.0 (106085627)|VARIABLE_ASSIGNMENT|[120]|option|{}|0x1e894299
17:35:55.0 (106087985)|STATEMENT_EXECUTE|[121]
17:35:55.0 (106089609)|HEAP_ALLOCATE|[121]|Bytes:3
17:35:55.0 (106092636)|HEAP_ALLOCATE|[EXTERNAL]|Bytes:-4
17:35:55.0 (106095199)|STATEMENT_EXECUTE|[122]
17:35:55.0 (106096724)|HEAP_ALLOCATE|[122]|Bytes:3
17:35:55.0 (106099489)|HEAP_ALLOCATE|[EXTERNAL]|Bytes:-4
17:35:55.0 (106101824)|STATEMENT_EXECUTE|[123]
17:35:55.0 (106103862)|HEAP_ALLOCATE|[EXTERNAL]|Bytes:4
17:35:55.0 (106108289)|HEAP_ALLOCATE|[119]|Bytes:5
17:35:55.0 (106111722)|HEAP_ALLOCATE|[119]|Bytes:4
17:35:55.0 (106113731)|VARIABLE_SCOPE_BEGIN|[119]|entry|Schema.PicklistEntry|true|false
17:35:55.0 (106117531)|VARIABLE_ASSIGNMENT|[119]|entry|千葉県|0x3cfac2cc
17:35:55.0 (106120066)|STATEMENT_EXECUTE|[119]
17:35:55.0 (106120837)|STATEMENT_EXECUTE|[120]
17:35:55.0 (106122849)|HEAP_ALLOCATE|[120]|Bytes:4
17:35:55.0 (106124686)|VARIABLE_SCOPE_BEGIN|[120]|option|Map<String,String>|true|false
17:35:55.0 (106128589)|VARIABLE_ASSIGNMENT|[120]|option|{}|0x54b49f4e
17:35:55.0 (106131024)|STATEMENT_EXECUTE|[121]
17:35:55.0 (106132626)|HEAP_ALLOCATE|[121]|Bytes:3
17:35:55.0 (106135650)|HEAP_ALLOCATE|[EXTERNAL]|Bytes:-4
17:35:55.0 (106138077)|STATEMENT_EXECUTE|[122]
17:35:55.0 (106139630)|HEAP_ALLOCATE|[122]|Bytes:3
17:35:55.0 (106142342)|HEAP_ALLOCATE|[EXTERNAL]|Bytes:-4
17:35:55.0 (106144714)|STATEMENT_EXECUTE|[123]
17:35:55.0 (106146972)|HEAP_ALLOCATE|[EXTERNAL]|Bytes:4
17:35:55.0 (106151239)|HEAP_ALLOCATE|[119]|Bytes:5
17:35:55.0 (106154750)|HEAP_ALLOCATE|[119]|Bytes:4
17:35:55.0 (106156786)|VARIABLE_SCOPE_BEGIN|[119]|entry|Schema.PicklistEntry|true|false
17:35:55.0 (106160514)|VARIABLE_ASSIGNMENT|[119]|entry|東京都|0x74acffc3
17:35:55.0 (106162999)|STATEMENT_EXECUTE|[119]
17:35:55.0 (106163793)|STATEMENT_EXECUTE|[120]
17:35:55.0 (106165864)|HEAP_ALLOCATE|[120]|Bytes:4
17:35:55.0 (106167779)|VARIABLE_SCOPE_BEGIN|[120]|option|Map<String,String>|true|false
17:35:55.0 (106171666)|VARIABLE_ASSIGNMENT|[120]|option|{}|0x2065f645
17:35:55.0 (106174051)|STATEMENT_EXECUTE|[121]
17:35:55.0 (106175647)|HEAP_ALLOCATE|[121]|Bytes:3
17:35:55.0 (106178582)|HEAP_ALLOCATE|[EXTERNAL]|Bytes:-4
17:35:55.0 (106180946)|STATEMENT_EXECUTE|[122]
17:35:55.0 (106182759)|HEAP_ALLOCATE|[122]|Bytes:3
17:35:55.0 (106185509)|HEAP_ALLOCATE|[EXTERNAL]|Bytes:-4
17:35:55.0 (106187950)|STATEMENT_EXECUTE|[123]
17:35:55.0 (106189958)|HEAP_ALLOCATE|[EXTERNAL]|Bytes:4
17:35:55.0 (106194335)|HEAP_ALLOCATE|[119]|Bytes:5
17:35:55.0 (106197917)|HEAP_ALLOCATE|[119]|Bytes:4
17:35:55.0 (106199988)|VARIABLE_SCOPE_BEGIN|[119]|entry|Schema.PicklistEntry|true|false
17:35:55.0 (106203790)|VARIABLE_ASSIGNMENT|[119]|entry|神奈川県|0x4ae3ac27
17:35:55.0 (106206344)|STATEMENT_EXECUTE|[119]
17:35:55.0 (106207126)|STATEMENT_EXECUTE|[120]
17:35:55.0 (106209154)|HEAP_ALLOCATE|[120]|Bytes:4
17:35:55.0 (106210984)|VARIABLE_SCOPE_BEGIN|[120]|option|Map<String,String>|true|false
17:35:55.0 (106214874)|VARIABLE_ASSIGNMENT|[120]|option|{}|0x3add14da
17:35:55.0 (106217176)|STATEMENT_EXECUTE|[121]
17:35:55.0 (106218841)|HEAP_ALLOCATE|[121]|Bytes:4
17:35:55.0 (106221791)|HEAP_ALLOCATE|[EXTERNAL]|Bytes:-4
17:35:55.0 (106224215)|STATEMENT_EXECUTE|[122]
17:35:55.0 (106226391)|HEAP_ALLOCATE|[122]|Bytes:4
17:35:55.0 (106231081)|HEAP_ALLOCATE|[EXTERNAL]|Bytes:-4
17:35:55.0 (106234479)|STATEMENT_EXECUTE|[123]
17:35:55.0 (106237096)|HEAP_ALLOCATE|[EXTERNAL]|Bytes:4
17:35:55.0 (106243841)|HEAP_ALLOCATE|[119]|Bytes:5
17:35:55.0 (106249794)|HEAP_ALLOCATE|[119]|Bytes:4
17:35:55.0 (106253224)|VARIABLE_SCOPE_BEGIN|[119]|entry|Schema.PicklistEntry|true|false
17:35:55.0 (106259396)|VARIABLE_ASSIGNMENT|[119]|entry|新潟県|0x291cb6a5
17:35:55.0 (106263486)|STATEMENT_EXECUTE|[119]
17:35:55.0 (106264484)|STATEMENT_EXECUTE|[120]
17:35:55.0 (106267989)|HEAP_ALLOCATE|[120]|Bytes:4
17:35:55.0 (106271201)|VARIABLE_SCOPE_BEGIN|[120]|option|Map<String,String>|true|false
17:35:55.0 (106277239)|VARIABLE_ASSIGNMENT|[120]|option|{}|0x2644ba1d
17:35:55.0 (106280314)|STATEMENT_EXECUTE|[121]
17:35:55.0 (106283634)|HEAP_ALLOCATE|[121]|Bytes:3
17:35:55.0 (106288954)|HEAP_ALLOCATE|[EXTERNAL]|Bytes:-4
17:35:55.0 (106292640)|STATEMENT_EXECUTE|[122]
17:35:55.0 (106295125)|HEAP_ALLOCATE|[122]|Bytes:3
17:35:55.0 (106299714)|HEAP_ALLOCATE|[EXTERNAL]|Bytes:-4
17:35:55.0 (106303479)|STATEMENT_EXECUTE|[123]
17:35:55.0 (106307171)|HEAP_ALLOCATE|[EXTERNAL]|Bytes:4
17:35:55.0 (106314937)|HEAP_ALLOCATE|[119]|Bytes:5
17:35:55.0 (106321449)|HEAP_ALLOCATE|[119]|Bytes:4
17:35:55.0 (106324826)|VARIABLE_SCOPE_BEGIN|[119]|entry|Schema.PicklistEntry|true|false
17:35:55.0 (106330830)|VARIABLE_ASSIGNMENT|[119]|entry|富山県|0x7111b866
17:35:55.0 (106334983)|STATEMENT_EXECUTE|[119]
17:35:55.0 (106336283)|STATEMENT_EXECUTE|[120]
17:35:55.0 (106340131)|HEAP_ALLOCATE|[120]|Bytes:4
17:35:55.0 (106344090)|VARIABLE_SCOPE_BEGIN|[120]|option|Map<String,String>|true|false
17:35:55.0 (106350809)|VARIABLE_ASSIGNMENT|[120]|option|{}|0x2338095a
17:35:55.0 (106355243)|STATEMENT_EXECUTE|[121]
17:35:55.0 (106359045)|HEAP_ALLOCATE|[121]|Bytes:3
17:35:55.0 (106364108)|HEAP_ALLOCATE|[EXTERNAL]|Bytes:-4
17:35:55.0 (106368388)|STATEMENT_EXECUTE|[122]
17:35:55.0 (106370810)|HEAP_ALLOCATE|[122]|Bytes:3
17:35:55.0 (106375418)|HEAP_ALLOCATE|[EXTERNAL]|Bytes:-4
17:35:55.0 (106378988)|STATEMENT_EXECUTE|[123]
17:35:55.0 (106382293)|HEAP_ALLOCATE|[EXTERNAL]|Bytes:4
17:35:55.0 (106389410)|HEAP_ALLOCATE|[119]|Bytes:5
17:35:55.0 (106396162)|HEAP_ALLOCATE|[119]|Bytes:4
17:35:55.0 (106400059)|VARIABLE_SCOPE_BEGIN|[119]|entry|Schema.PicklistEntry|true|false
17:35:55.0 (106406314)|VARIABLE_ASSIGNMENT|[119]|entry|石川県|0x6f5d3a06
17:35:55.0 (106410741)|STATEMENT_EXECUTE|[119]
17:35:55.0 (106412048)|STATEMENT_EXECUTE|[120]
17:35:55.0 (106415767)|HEAP_ALLOCATE|[120]|Bytes:4
17:35:55.0 (106419007)|VARIABLE_SCOPE_BEGIN|[120]|option|Map<String,String>|true|false
17:35:55.0 (106425242)|VARIABLE_ASSIGNMENT|[120]|option|{}|0x6c4ae1a2
17:35:55.0 (106428656)|STATEMENT_EXECUTE|[121]
17:35:55.0 (106431578)|HEAP_ALLOCATE|[121]|Bytes:3
17:35:55.0 (106437215)|HEAP_ALLOCATE|[EXTERNAL]|Bytes:-4
17:35:55.0 (106441303)|STATEMENT_EXECUTE|[122]
17:35:55.0 (106443413)|HEAP_ALLOCATE|[122]|Bytes:3
17:35:55.0 (106446498)|HEAP_ALLOCATE|[EXTERNAL]|Bytes:-4
17:35:55.0 (106448966)|STATEMENT_EXECUTE|[123]
17:35:55.0 (106451125)|HEAP_ALLOCATE|[EXTERNAL]|Bytes:4
17:35:55.0 (106455903)|HEAP_ALLOCATE|[119]|Bytes:5
17:35:55.0 (106459651)|HEAP_ALLOCATE|[119]|Bytes:4
17:35:55.0 (106461782)|VARIABLE_SCOPE_BEGIN|[119]|entry|Schema.PicklistEntry|true|false
17:35:55.0 (106466020)|VARIABLE_ASSIGNMENT|[119]|entry|福井県|0x1064b6c5
17:35:55.0 (106468668)|STATEMENT_EXECUTE|[119]
17:35:55.0 (106469428)|STATEMENT_EXECUTE|[120]
17:35:55.0 (106471655)|HEAP_ALLOCATE|[120]|Bytes:4
17:35:55.0 (106473717)|VARIABLE_SCOPE_BEGIN|[120]|option|Map<String,String>|true|false
17:35:55.0 (106477721)|VARIABLE_ASSIGNMENT|[120]|option|{}|0x73f50f4a
17:35:55.0 (106479983)|STATEMENT_EXECUTE|[121]
17:35:55.0 (106481623)|HEAP_ALLOCATE|[121]|Bytes:3
17:35:55.0 (106484534)|HEAP_ALLOCATE|[EXTERNAL]|Bytes:-4
17:35:55.0 (106486918)|STATEMENT_EXECUTE|[122]
17:35:55.0 (106488583)|HEAP_ALLOCATE|[122]|Bytes:3
17:35:55.0 (106491291)|HEAP_ALLOCATE|[EXTERNAL]|Bytes:-4
17:35:55.0 (106493651)|STATEMENT_EXECUTE|[123]
17:35:55.0 (106495890)|HEAP_ALLOCATE|[EXTERNAL]|Bytes:4
17:35:55.0 (106500179)|HEAP_ALLOCATE|[119]|Bytes:5
17:35:55.0 (106503618)|HEAP_ALLOCATE|[119]|Bytes:4
17:35:55.0 (106505625)|VARIABLE_SCOPE_BEGIN|[119]|entry|Schema.PicklistEntry|true|false
17:35:55.0 (106509548)|VARIABLE_ASSIGNMENT|[119]|entry|山梨県|0x757e8638
17:35:55.0 (106512148)|STATEMENT_EXECUTE|[119]
17:35:55.0 (106512888)|STATEMENT_EXECUTE|[120]
17:35:55.0 (106514993)|HEAP_ALLOCATE|[120]|Bytes:4
17:35:55.0 (106516879)|VARIABLE_SCOPE_BEGIN|[120]|option|Map<String,String>|true|false
17:35:55.0 (106520809)|VARIABLE_ASSIGNMENT|[120]|option|{}|0x4e023ec4
17:35:55.0 (106523133)|STATEMENT_EXECUTE|[121]
17:35:55.0 (106524757)|HEAP_ALLOCATE|[121]|Bytes:3
17:35:55.0 (106527653)|HEAP_ALLOCATE|[EXTERNAL]|Bytes:-4
17:35:55.0 (106530034)|STATEMENT_EXECUTE|[122]
17:35:55.0 (106531556)|HEAP_ALLOCATE|[122]|Bytes:3
17:35:55.0 (106534345)|HEAP_ALLOCATE|[EXTERNAL]|Bytes:-4
17:35:55.0 (106536709)|STATEMENT_EXECUTE|[123]
17:35:55.0 (106538781)|HEAP_ALLOCATE|[EXTERNAL]|Bytes:4
17:35:55.0 (106543275)|HEAP_ALLOCATE|[119]|Bytes:5
17:35:55.0 (106546718)|HEAP_ALLOCATE|[119]|Bytes:4
17:35:55.0 (106548806)|VARIABLE_SCOPE_BEGIN|[119]|entry|Schema.PicklistEntry|true|false
17:35:55.0 (106552719)|VARIABLE_ASSIGNMENT|[119]|entry|長野県|0x7b657b5f
17:35:55.0 (106555397)|STATEMENT_EXECUTE|[119]
17:35:55.0 (106556149)|STATEMENT_EXECUTE|[120]
17:35:55.0 (106558179)|HEAP_ALLOCATE|[120]|Bytes:4
17:35:55.0 (106560037)|VARIABLE_SCOPE_BEGIN|[120]|option|Map<String,String>|true|false
17:35:55.0 (106564058)|VARIABLE_ASSIGNMENT|[120]|option|{}|0x2031b426
17:35:55.0 (106566605)|STATEMENT_EXECUTE|[121]
17:35:55.0 (106568205)|HEAP_ALLOCATE|[121]|Bytes:3
17:35:55.0 (106571098)|HEAP_ALLOCATE|[EXTERNAL]|Bytes:-4
17:35:55.0 (106573498)|STATEMENT_EXECUTE|[122]
17:35:55.0 (106575029)|HEAP_ALLOCATE|[122]|Bytes:3
17:35:55.0 (106577731)|HEAP_ALLOCATE|[EXTERNAL]|Bytes:-4
17:35:55.0 (106580164)|STATEMENT_EXECUTE|[123]
17:35:55.0 (106582213)|HEAP_ALLOCATE|[EXTERNAL]|Bytes:4
17:35:55.0 (106586549)|HEAP_ALLOCATE|[119]|Bytes:5
17:35:55.0 (106590165)|HEAP_ALLOCATE|[119]|Bytes:4
17:35:55.0 (106592243)|VARIABLE_SCOPE_BEGIN|[119]|entry|Schema.PicklistEntry|true|false
17:35:55.0 (106596044)|VARIABLE_ASSIGNMENT|[119]|entry|岐阜県|0x21ffb95e
17:35:55.0 (106598712)|STATEMENT_EXECUTE|[119]
17:35:55.0 (106599465)|STATEMENT_EXECUTE|[120]
17:35:55.0 (106601693)|HEAP_ALLOCATE|[120]|Bytes:4
17:35:55.0 (106603623)|VARIABLE_SCOPE_BEGIN|[120]|option|Map<String,String>|true|false
17:35:55.0 (106607519)|VARIABLE_ASSIGNMENT|[120]|option|{}|0x7e5447bb
17:35:55.0 (106609875)|STATEMENT_EXECUTE|[121]
17:35:55.0 (106611618)|HEAP_ALLOCATE|[121]|Bytes:3
17:35:55.0 (106614583)|HEAP_ALLOCATE|[EXTERNAL]|Bytes:-4
17:35:55.0 (106616978)|STATEMENT_EXECUTE|[122]
17:35:55.0 (106618518)|HEAP_ALLOCATE|[122]|Bytes:3
17:35:55.0 (106621248)|HEAP_ALLOCATE|[EXTERNAL]|Bytes:-4
17:35:55.0 (106623599)|STATEMENT_EXECUTE|[123]
17:35:55.0 (106625753)|HEAP_ALLOCATE|[EXTERNAL]|Bytes:4
17:35:55.0 (106630129)|HEAP_ALLOCATE|[119]|Bytes:5
17:35:55.0 (106633571)|HEAP_ALLOCATE|[119]|Bytes:4
17:35:55.0 (106635632)|VARIABLE_SCOPE_BEGIN|[119]|entry|Schema.PicklistEntry|true|false
17:35:55.0 (106639783)|VARIABLE_ASSIGNMENT|[119]|entry|静岡県|0x2e3b64ad
17:35:55.0 (106642264)|STATEMENT_EXECUTE|[119]
17:35:55.0 (106643019)|STATEMENT_EXECUTE|[120]
17:35:55.0 (106645069)|HEAP_ALLOCATE|[120]|Bytes:4
17:35:55.0 (106646944)|VARIABLE_SCOPE_BEGIN|[120]|option|Map<String,String>|true|false
17:35:55.0 (106651006)|VARIABLE_ASSIGNMENT|[120]|option|{}|0x30675c8
17:35:55.0 (106653496)|STATEMENT_EXECUTE|[121]
17:35:55.0 (106655048)|HEAP_ALLOCATE|[121]|Bytes:3
17:35:55.0 (106658003)|HEAP_ALLOCATE|[EXTERNAL]|Bytes:-4
17:35:55.0 (106660354)|STATEMENT_EXECUTE|[122]
17:35:55.0 (106661882)|HEAP_ALLOCATE|[122]|Bytes:3
17:35:55.0 (106664635)|HEAP_ALLOCATE|[EXTERNAL]|Bytes:-4
17:35:55.0 (106667065)|STATEMENT_EXECUTE|[123]
17:35:55.0 (106669241)|HEAP_ALLOCATE|[EXTERNAL]|Bytes:4
17:35:55.0 (106673520)|HEAP_ALLOCATE|[119]|Bytes:5
17:35:55.0 (106676962)|HEAP_ALLOCATE|[119]|Bytes:4
17:35:55.0 (106678924)|VARIABLE_SCOPE_BEGIN|[119]|entry|Schema.PicklistEntry|true|false
17:35:55.0 (106682732)|VARIABLE_ASSIGNMENT|[119]|entry|愛知県|0x5f6f19bf
17:35:55.0 (106685238)|STATEMENT_EXECUTE|[119]
17:35:55.0 (106686017)|STATEMENT_EXECUTE|[120]
17:35:55.0 (106687928)|HEAP_ALLOCATE|[120]|Bytes:4
17:35:55.0 (106689810)|VARIABLE_SCOPE_BEGIN|[120]|option|Map<String,String>|true|false
17:35:55.0 (106693752)|VARIABLE_ASSIGNMENT|[120]|option|{}|0x35af476
17:35:55.0 (106695982)|STATEMENT_EXECUTE|[121]
17:35:55.0 (106698057)|HEAP_ALLOCATE|[121]|Bytes:3
17:35:55.0 (106702277)|HEAP_ALLOCATE|[EXTERNAL]|Bytes:-4
17:35:55.0 (106706106)|STATEMENT_EXECUTE|[122]
17:35:55.0 (106708839)|HEAP_ALLOCATE|[122]|Bytes:3
17:35:55.0 (106717897)|HEAP_ALLOCATE|[EXTERNAL]|Bytes:-4
17:35:55.0 (106721603)|STATEMENT_EXECUTE|[123]
17:35:55.0 (106724583)|HEAP_ALLOCATE|[EXTERNAL]|Bytes:4
17:35:55.0 (106731038)|HEAP_ALLOCATE|[119]|Bytes:5
17:35:55.0 (106736887)|HEAP_ALLOCATE|[119]|Bytes:4
17:35:55.0 (106740638)|VARIABLE_SCOPE_BEGIN|[119]|entry|Schema.PicklistEntry|true|false
17:35:55.0 (106746984)|VARIABLE_ASSIGNMENT|[119]|entry|三重県|0x76b1f6bc
17:35:55.0 (106750932)|STATEMENT_EXECUTE|[119]
17:35:55.0 (106752011)|STATEMENT_EXECUTE|[120]
17:35:55.0 (106756127)|HEAP_ALLOCATE|[120]|Bytes:4
17:35:55.0 (106758694)|VARIABLE_SCOPE_BEGIN|[120]|option|Map<String,String>|true|false
17:35:55.0 (106763448)|VARIABLE_ASSIGNMENT|[120]|option|{}|0x46a96597
17:35:55.0 (106765901)|STATEMENT_EXECUTE|[121]
17:35:55.0 (106767970)|HEAP_ALLOCATE|[121]|Bytes:3
17:35:55.0 (106771286)|HEAP_ALLOCATE|[EXTERNAL]|Bytes:-4
17:35:55.0 (106773782)|STATEMENT_EXECUTE|[122]
17:35:55.0 (106775409)|HEAP_ALLOCATE|[122]|Bytes:3
17:35:55.0 (106778192)|HEAP_ALLOCATE|[EXTERNAL]|Bytes:-4
17:35:55.0 (106780560)|STATEMENT_EXECUTE|[123]
17:35:55.0 (106782841)|HEAP_ALLOCATE|[EXTERNAL]|Bytes:4
17:35:55.0 (106787365)|HEAP_ALLOCATE|[119]|Bytes:5
17:35:55.0 (106791162)|HEAP_ALLOCATE|[119]|Bytes:4
17:35:55.0 (106793287)|VARIABLE_SCOPE_BEGIN|[119]|entry|Schema.PicklistEntry|true|false
17:35:55.0 (106797159)|VARIABLE_ASSIGNMENT|[119]|entry|滋賀県|0x61ac3e1c
17:35:55.0 (106799747)|STATEMENT_EXECUTE|[119]
17:35:55.0 (106800494)|STATEMENT_EXECUTE|[120]
17:35:55.0 (106802652)|HEAP_ALLOCATE|[120]|Bytes:4
17:35:55.0 (106804572)|VARIABLE_SCOPE_BEGIN|[120]|option|Map<String,String>|true|false
17:35:55.0 (106808813)|VARIABLE_ASSIGNMENT|[120]|option|{}|0x35018f1b
17:35:55.0 (106811114)|STATEMENT_EXECUTE|[121]
17:35:55.0 (106812747)|HEAP_ALLOCATE|[121]|Bytes:3
17:35:55.0 (106815735)|HEAP_ALLOCATE|[EXTERNAL]|Bytes:-4
17:35:55.0 (106818117)|STATEMENT_EXECUTE|[122]
17:35:55.0 (106819712)|HEAP_ALLOCATE|[122]|Bytes:3
17:35:55.0 (106822448)|HEAP_ALLOCATE|[EXTERNAL]|Bytes:-4
17:35:55.0 (106824869)|STATEMENT_EXECUTE|[123]
17:35:55.0 (106827034)|HEAP_ALLOCATE|[EXTERNAL]|Bytes:4
17:35:55.0 (106831502)|HEAP_ALLOCATE|[119]|Bytes:5
17:35:55.0 (106835147)|HEAP_ALLOCATE|[119]|Bytes:4
17:35:55.0 (106837318)|VARIABLE_SCOPE_BEGIN|[119]|entry|Schema.PicklistEntry|true|false
17:35:55.0 (106841184)|VARIABLE_ASSIGNMENT|[119]|entry|京都府|0x4cfc9b11
17:35:55.0 (106843691)|STATEMENT_EXECUTE|[119]
17:35:55.0 (106844455)|STATEMENT_EXECUTE|[120]
17:35:55.0 (106846464)|HEAP_ALLOCATE|[120]|Bytes:4
17:35:55.0 (106848314)|VARIABLE_SCOPE_BEGIN|[120]|option|Map<String,String>|true|false
17:35:55.0 (106852292)|VARIABLE_ASSIGNMENT|[120]|option|{}|0x41f4dac4
17:35:55.0 (106854536)|STATEMENT_EXECUTE|[121]
17:35:55.0 (106856132)|HEAP_ALLOCATE|[121]|Bytes:3
17:35:55.0 (106858999)|HEAP_ALLOCATE|[EXTERNAL]|Bytes:-4
17:35:55.0 (106861477)|STATEMENT_EXECUTE|[122]
17:35:55.0 (106863117)|HEAP_ALLOCATE|[122]|Bytes:3
17:35:55.0 (106865839)|HEAP_ALLOCATE|[EXTERNAL]|Bytes:-4
17:35:55.0 (106868222)|STATEMENT_EXECUTE|[123]
17:35:55.0 (106870329)|HEAP_ALLOCATE|[EXTERNAL]|Bytes:4
17:35:55.0 (106874662)|HEAP_ALLOCATE|[119]|Bytes:5
17:35:55.0 (106878082)|HEAP_ALLOCATE|[119]|Bytes:4
17:35:55.0 (106880115)|VARIABLE_SCOPE_BEGIN|[119]|entry|Schema.PicklistEntry|true|false
17:35:55.0 (106883964)|VARIABLE_ASSIGNMENT|[119]|entry|大阪府|0x41a85038
17:35:55.0 (106886494)|STATEMENT_EXECUTE|[119]
17:35:55.0 (106887240)|STATEMENT_EXECUTE|[120]
17:35:55.0 (106889157)|HEAP_ALLOCATE|[120]|Bytes:4
17:35:55.0 (106890982)|VARIABLE_SCOPE_BEGIN|[120]|option|Map<String,String>|true|false
17:35:55.0 (106894928)|VARIABLE_ASSIGNMENT|[120]|option|{}|0x78e87641
17:35:55.0 (106897205)|STATEMENT_EXECUTE|[121]
17:35:55.0 (106899026)|HEAP_ALLOCATE|[121]|Bytes:3
17:35:55.0 (106901994)|HEAP_ALLOCATE|[EXTERNAL]|Bytes:-4
17:35:55.0 (106904371)|STATEMENT_EXECUTE|[122]
17:35:55.0 (106905908)|HEAP_ALLOCATE|[122]|Bytes:3
17:35:55.0 (106908671)|HEAP_ALLOCATE|[EXTERNAL]|Bytes:-4
17:35:55.0 (106911010)|STATEMENT_EXECUTE|[123]
17:35:55.0 (106913008)|HEAP_ALLOCATE|[EXTERNAL]|Bytes:4
17:35:55.0 (106917221)|HEAP_ALLOCATE|[119]|Bytes:5
17:35:55.0 (106920766)|HEAP_ALLOCATE|[119]|Bytes:4
17:35:55.0 (106922773)|VARIABLE_SCOPE_BEGIN|[119]|entry|Schema.PicklistEntry|true|false
17:35:55.0 (106926618)|VARIABLE_ASSIGNMENT|[119]|entry|兵庫県|0x50e44e5e
17:35:55.0 (106929173)|STATEMENT_EXECUTE|[119]
17:35:55.0 (106929948)|STATEMENT_EXECUTE|[120]
17:35:55.0 (106931966)|HEAP_ALLOCATE|[120]|Bytes:4
17:35:55.0 (106933800)|VARIABLE_SCOPE_BEGIN|[120]|option|Map<String,String>|true|false
17:35:55.0 (106937656)|VARIABLE_ASSIGNMENT|[120]|option|{}|0x37219c7c
17:35:55.0 (106939931)|STATEMENT_EXECUTE|[121]
17:35:55.0 (106941571)|HEAP_ALLOCATE|[121]|Bytes:3
17:35:55.0 (106944523)|HEAP_ALLOCATE|[EXTERNAL]|Bytes:-4
17:35:55.0 (106946922)|STATEMENT_EXECUTE|[122]
17:35:55.0 (106948474)|HEAP_ALLOCATE|[122]|Bytes:3
17:35:55.0 (106951198)|HEAP_ALLOCATE|[EXTERNAL]|Bytes:-4
17:35:55.0 (106953616)|STATEMENT_EXECUTE|[123]
17:35:55.0 (106955609)|HEAP_ALLOCATE|[EXTERNAL]|Bytes:4
17:35:55.0 (106960190)|HEAP_ALLOCATE|[119]|Bytes:5
17:35:55.0 (106981853)|HEAP_ALLOCATE|[119]|Bytes:4
17:35:55.0 (106984076)|VARIABLE_SCOPE_BEGIN|[119]|entry|Schema.PicklistEntry|true|false
17:35:55.0 (106988244)|VARIABLE_ASSIGNMENT|[119]|entry|奈良県|0x340b3330
17:35:55.0 (106991100)|STATEMENT_EXECUTE|[119]
17:35:55.0 (106991836)|STATEMENT_EXECUTE|[120]
17:35:55.0 (106994266)|HEAP_ALLOCATE|[120]|Bytes:4
17:35:55.0 (106996217)|VARIABLE_SCOPE_BEGIN|[120]|option|Map<String,String>|true|false
17:35:55.0 (107000266)|VARIABLE_ASSIGNMENT|[120]|option|{}|0xf6a018e
17:35:55.0 (107003826)|STATEMENT_EXECUTE|[121]
17:35:55.0 (107005535)|HEAP_ALLOCATE|[121]|Bytes:3
17:35:55.0 (107008578)|HEAP_ALLOCATE|[EXTERNAL]|Bytes:-4
17:35:55.0 (107011088)|STATEMENT_EXECUTE|[122]
17:35:55.0 (107012689)|HEAP_ALLOCATE|[122]|Bytes:3
17:35:55.0 (107015481)|HEAP_ALLOCATE|[EXTERNAL]|Bytes:-4
17:35:55.0 (107017863)|STATEMENT_EXECUTE|[123]
17:35:55.0 (107019975)|HEAP_ALLOCATE|[EXTERNAL]|Bytes:4
17:35:55.0 (107024326)|HEAP_ALLOCATE|[119]|Bytes:5
17:35:55.0 (107027823)|HEAP_ALLOCATE|[119]|Bytes:4
17:35:55.0 (107029951)|VARIABLE_SCOPE_BEGIN|[119]|entry|Schema.PicklistEntry|true|false
17:35:55.0 (107033786)|VARIABLE_ASSIGNMENT|[119]|entry|和歌山県|0x7d8e3883
17:35:55.0 (107036488)|STATEMENT_EXECUTE|[119]
17:35:55.0 (107037300)|STATEMENT_EXECUTE|[120]
17:35:55.0 (107039277)|HEAP_ALLOCATE|[120]|Bytes:4
17:35:55.0 (107041353)|VARIABLE_SCOPE_BEGIN|[120]|option|Map<String,String>|true|false
17:35:55.0 (107045223)|VARIABLE_ASSIGNMENT|[120]|option|{}|0x46f79932
17:35:55.0 (107047466)|STATEMENT_EXECUTE|[121]
17:35:55.0 (107049269)|HEAP_ALLOCATE|[121]|Bytes:4
17:35:55.0 (107052114)|HEAP_ALLOCATE|[EXTERNAL]|Bytes:-4
17:35:55.0 (107054647)|STATEMENT_EXECUTE|[122]
17:35:55.0 (107056221)|HEAP_ALLOCATE|[122]|Bytes:4
17:35:55.0 (107058957)|HEAP_ALLOCATE|[EXTERNAL]|Bytes:-4
17:35:55.0 (107061299)|STATEMENT_EXECUTE|[123]
17:35:55.0 (107063324)|HEAP_ALLOCATE|[EXTERNAL]|Bytes:4
17:35:55.0 (107067741)|HEAP_ALLOCATE|[119]|Bytes:5
17:35:55.0 (107071130)|HEAP_ALLOCATE|[119]|Bytes:4
17:35:55.0 (107073190)|VARIABLE_SCOPE_BEGIN|[119]|entry|Schema.PicklistEntry|true|false
17:35:55.0 (107077253)|VARIABLE_ASSIGNMENT|[119]|entry|鳥取県|0x2b88b06f
17:35:55.0 (107079916)|STATEMENT_EXECUTE|[119]
17:35:55.0 (107080758)|STATEMENT_EXECUTE|[120]
17:35:55.0 (107082734)|HEAP_ALLOCATE|[120]|Bytes:4
17:35:55.0 (107084573)|VARIABLE_SCOPE_BEGIN|[120]|option|Map<String,String>|true|false
17:35:55.0 (107088711)|VARIABLE_ASSIGNMENT|[120]|option|{}|0x7431b2e1
17:35:55.0 (107091209)|STATEMENT_EXECUTE|[121]
17:35:55.0 (107092841)|HEAP_ALLOCATE|[121]|Bytes:3
17:35:55.0 (107095691)|HEAP_ALLOCATE|[EXTERNAL]|Bytes:-4
17:35:55.0 (107098090)|STATEMENT_EXECUTE|[122]
17:35:55.0 (107099656)|HEAP_ALLOCATE|[122]|Bytes:3
17:35:55.0 (107102401)|HEAP_ALLOCATE|[EXTERNAL]|Bytes:-4
17:35:55.0 (107104814)|STATEMENT_EXECUTE|[123]
17:35:55.0 (107106869)|HEAP_ALLOCATE|[EXTERNAL]|Bytes:4
17:35:55.0 (107111114)|HEAP_ALLOCATE|[119]|Bytes:5
17:35:55.0 (107114493)|HEAP_ALLOCATE|[119]|Bytes:4
17:35:55.0 (107116518)|VARIABLE_SCOPE_BEGIN|[119]|entry|Schema.PicklistEntry|true|false
17:35:55.0 (107120314)|VARIABLE_ASSIGNMENT|[119]|entry|島根県|0x78f7d6c4
17:35:55.0 (107123012)|STATEMENT_EXECUTE|[119]
17:35:55.0 (107123783)|STATEMENT_EXECUTE|[120]
17:35:55.0 (107125788)|HEAP_ALLOCATE|[120]|Bytes:4
17:35:55.0 (107127861)|VARIABLE_SCOPE_BEGIN|[120]|option|Map<String,String>|true|false
17:35:55.0 (107131816)|VARIABLE_ASSIGNMENT|[120]|option|{}|0x233fee1
17:35:55.0 (107134711)|STATEMENT_EXECUTE|[121]
17:35:55.0 (107136329)|HEAP_ALLOCATE|[121]|Bytes:3
17:35:55.0 (107139164)|HEAP_ALLOCATE|[EXTERNAL]|Bytes:-4
17:35:55.0 (107141571)|STATEMENT_EXECUTE|[122]
17:35:55.0 (107143093)|HEAP_ALLOCATE|[122]|Bytes:3
17:35:55.0 (107145801)|HEAP_ALLOCATE|[EXTERNAL]|Bytes:-4
17:35:55.0 (107148213)|STATEMENT_EXECUTE|[123]
17:35:55.0 (107150294)|HEAP_ALLOCATE|[EXTERNAL]|Bytes:4
17:35:55.0 (107154583)|HEAP_ALLOCATE|[119]|Bytes:5
17:35:55.0 (107157919)|HEAP_ALLOCATE|[119]|Bytes:4
17:35:55.0 (107160024)|VARIABLE_SCOPE_BEGIN|[119]|entry|Schema.PicklistEntry|true|false
17:35:55.0 (107163757)|VARIABLE_ASSIGNMENT|[119]|entry|岡山県|0x6cd63d00
17:35:55.0 (107166247)|STATEMENT_EXECUTE|[119]
17:35:55.0 (107167007)|STATEMENT_EXECUTE|[120]
17:35:55.0 (107169060)|HEAP_ALLOCATE|[120]|Bytes:4
17:35:55.0 (107175190)|VARIABLE_SCOPE_BEGIN|[120]|option|Map<String,String>|true|false
17:35:55.0 (107179325)|VARIABLE_ASSIGNMENT|[120]|option|{}|0x15893cc1
17:35:55.0 (107181587)|STATEMENT_EXECUTE|[121]
17:35:55.0 (107183230)|HEAP_ALLOCATE|[121]|Bytes:3
17:35:55.0 (107186257)|HEAP_ALLOCATE|[EXTERNAL]|Bytes:-4
17:35:55.0 (107188735)|STATEMENT_EXECUTE|[122]
17:35:55.0 (107190260)|HEAP_ALLOCATE|[122]|Bytes:3
17:35:55.0 (107193037)|HEAP_ALLOCATE|[EXTERNAL]|Bytes:-4
17:35:55.0 (107195470)|STATEMENT_EXECUTE|[123]
17:35:55.0 (107197539)|HEAP_ALLOCATE|[EXTERNAL]|Bytes:4
17:35:55.0 (107201887)|HEAP_ALLOCATE|[119]|Bytes:5
17:35:55.0 (107205293)|HEAP_ALLOCATE|[119]|Bytes:4
17:35:55.0 (107207377)|VARIABLE_SCOPE_BEGIN|[119]|entry|Schema.PicklistEntry|true|false
17:35:55.0 (107211179)|VARIABLE_ASSIGNMENT|[119]|entry|広島県|0x538e8942
17:35:55.0 (107213769)|STATEMENT_EXECUTE|[119]
17:35:55.0 (107214523)|STATEMENT_EXECUTE|[120]
17:35:55.0 (107216627)|HEAP_ALLOCATE|[120]|Bytes:4
17:35:55.0 (107218610)|VARIABLE_SCOPE_BEGIN|[120]|option|Map<String,String>|true|false
17:35:55.0 (107222647)|VARIABLE_ASSIGNMENT|[120]|option|{}|0x4ed7b124
17:35:55.0 (107224908)|STATEMENT_EXECUTE|[121]
17:35:55.0 (107226411)|HEAP_ALLOCATE|[121]|Bytes:3
17:35:55.0 (107229290)|HEAP_ALLOCATE|[EXTERNAL]|Bytes:-4
17:35:55.0 (107231604)|STATEMENT_EXECUTE|[122]
17:35:55.0 (107233115)|HEAP_ALLOCATE|[122]|Bytes:3
17:35:55.0 (107235820)|HEAP_ALLOCATE|[EXTERNAL]|Bytes:-4
17:35:55.0 (107238270)|STATEMENT_EXECUTE|[123]
17:35:55.0 (107240380)|HEAP_ALLOCATE|[EXTERNAL]|Bytes:4
17:35:55.0 (107244795)|HEAP_ALLOCATE|[119]|Bytes:5
17:35:55.0 (107248201)|HEAP_ALLOCATE|[119]|Bytes:4
17:35:55.0 (107250230)|VARIABLE_SCOPE_BEGIN|[119]|entry|Schema.PicklistEntry|true|false
17:35:55.0 (107254153)|VARIABLE_ASSIGNMENT|[119]|entry|山口県|0x13b4abc3
17:35:55.0 (107256685)|STATEMENT_EXECUTE|[119]
17:35:55.0 (107257495)|STATEMENT_EXECUTE|[120]
17:35:55.0 (107259460)|HEAP_ALLOCATE|[120]|Bytes:4
17:35:55.0 (107261281)|VARIABLE_SCOPE_BEGIN|[120]|option|Map<String,String>|true|false
17:35:55.0 (107265502)|VARIABLE_ASSIGNMENT|[120]|option|{}|0x4f87e240
17:35:55.0 (107267796)|STATEMENT_EXECUTE|[121]
17:35:55.0 (107269370)|HEAP_ALLOCATE|[121]|Bytes:3
17:35:55.0 (107272320)|HEAP_ALLOCATE|[EXTERNAL]|Bytes:-4
17:35:55.0 (107274720)|STATEMENT_EXECUTE|[122]
17:35:55.0 (107276287)|HEAP_ALLOCATE|[122]|Bytes:3
17:35:55.0 (107279045)|HEAP_ALLOCATE|[EXTERNAL]|Bytes:-4
17:35:55.0 (107281437)|STATEMENT_EXECUTE|[123]
17:35:55.0 (107283465)|HEAP_ALLOCATE|[EXTERNAL]|Bytes:4
17:35:55.0 (107287700)|HEAP_ALLOCATE|[119]|Bytes:5
17:35:55.0 (107291028)|HEAP_ALLOCATE|[119]|Bytes:4
17:35:55.0 (107293067)|VARIABLE_SCOPE_BEGIN|[119]|entry|Schema.PicklistEntry|true|false
17:35:55.0 (107297297)|VARIABLE_ASSIGNMENT|[119]|entry|徳島県|0x6864a66b
17:35:55.0 (107299755)|STATEMENT_EXECUTE|[119]
17:35:55.0 (107300507)|STATEMENT_EXECUTE|[120]
17:35:55.0 (107302557)|HEAP_ALLOCATE|[120]|Bytes:4
17:35:55.0 (107304384)|VARIABLE_SCOPE_BEGIN|[120]|option|Map<String,String>|true|false
17:35:55.0 (107308228)|VARIABLE_ASSIGNMENT|[120]|option|{}|0x1b4974d2
17:35:55.0 (107310720)|STATEMENT_EXECUTE|[121]
17:35:55.0 (107312305)|HEAP_ALLOCATE|[121]|Bytes:3
17:35:55.0 (107315165)|HEAP_ALLOCATE|[EXTERNAL]|Bytes:-4
17:35:55.0 (107317510)|STATEMENT_EXECUTE|[122]
17:35:55.0 (107319127)|HEAP_ALLOCATE|[122]|Bytes:3
17:35:55.0 (107321856)|HEAP_ALLOCATE|[EXTERNAL]|Bytes:-4
17:35:55.0 (107324229)|STATEMENT_EXECUTE|[123]
17:35:55.0 (107326200)|HEAP_ALLOCATE|[EXTERNAL]|Bytes:4
17:35:55.0 (107330447)|HEAP_ALLOCATE|[119]|Bytes:5
17:35:55.0 (107333808)|HEAP_ALLOCATE|[119]|Bytes:4
17:35:55.0 (107335859)|VARIABLE_SCOPE_BEGIN|[119]|entry|Schema.PicklistEntry|true|false
17:35:55.0 (107339644)|VARIABLE_ASSIGNMENT|[119]|entry|香川県|0x2d953ecb
17:35:55.0 (107342152)|STATEMENT_EXECUTE|[119]
17:35:55.0 (107342908)|STATEMENT_EXECUTE|[120]
17:35:55.0 (107344975)|HEAP_ALLOCATE|[120]|Bytes:4
17:35:55.0 (107346845)|VARIABLE_SCOPE_BEGIN|[120]|option|Map<String,String>|true|false
17:35:55.0 (107350760)|VARIABLE_ASSIGNMENT|[120]|option|{}|0x5df05cdb
17:35:55.0 (107353180)|STATEMENT_EXECUTE|[121]
17:35:55.0 (107354700)|HEAP_ALLOCATE|[121]|Bytes:3
17:35:55.0 (107357590)|HEAP_ALLOCATE|[EXTERNAL]|Bytes:-4
17:35:55.0 (107359997)|STATEMENT_EXECUTE|[122]
17:35:55.0 (107361552)|HEAP_ALLOCATE|[122]|Bytes:3
17:35:55.0 (107364289)|HEAP_ALLOCATE|[EXTERNAL]|Bytes:-4
17:35:55.0 (107366660)|STATEMENT_EXECUTE|[123]
17:35:55.0 (107368682)|HEAP_ALLOCATE|[EXTERNAL]|Bytes:4
17:35:55.0 (107372922)|HEAP_ALLOCATE|[119]|Bytes:5
17:35:55.0 (107376355)|HEAP_ALLOCATE|[119]|Bytes:4
17:35:55.0 (107378530)|VARIABLE_SCOPE_BEGIN|[119]|entry|Schema.PicklistEntry|true|false
17:35:55.0 (107382300)|VARIABLE_ASSIGNMENT|[119]|entry|愛媛県|0x106afef0
17:35:55.0 (107384795)|STATEMENT_EXECUTE|[119]
17:35:55.0 (107385553)|STATEMENT_EXECUTE|[120]
17:35:55.0 (107387570)|HEAP_ALLOCATE|[120]|Bytes:4
17:35:55.0 (107389425)|VARIABLE_SCOPE_BEGIN|[120]|option|Map<String,String>|true|false
17:35:55.0 (107393335)|VARIABLE_ASSIGNMENT|[120]|option|{}|0x4055e7cb
17:35:55.0 (107395641)|STATEMENT_EXECUTE|[121]
17:35:55.0 (107397272)|HEAP_ALLOCATE|[121]|Bytes:3
17:35:55.0 (107400143)|HEAP_ALLOCATE|[EXTERNAL]|Bytes:-4
17:35:55.0 (107402490)|STATEMENT_EXECUTE|[122]
17:35:55.0 (107404056)|HEAP_ALLOCATE|[122]|Bytes:3
17:35:55.0 (107406757)|HEAP_ALLOCATE|[EXTERNAL]|Bytes:-4
17:35:55.0 (107409135)|STATEMENT_EXECUTE|[123]
17:35:55.0 (107411155)|HEAP_ALLOCATE|[EXTERNAL]|Bytes:4
17:35:55.0 (107415280)|HEAP_ALLOCATE|[119]|Bytes:5
17:35:55.0 (107418712)|HEAP_ALLOCATE|[119]|Bytes:4
17:35:55.0 (107420820)|VARIABLE_SCOPE_BEGIN|[119]|entry|Schema.PicklistEntry|true|false
17:35:55.0 (107424842)|VARIABLE_ASSIGNMENT|[119]|entry|高知県|0x4432ea6c
17:35:55.0 (107427400)|STATEMENT_EXECUTE|[119]
17:35:55.0 (107428162)|STATEMENT_EXECUTE|[120]
17:35:55.0 (107430125)|HEAP_ALLOCATE|[120]|Bytes:4
17:35:55.0 (107431971)|VARIABLE_SCOPE_BEGIN|[120]|option|Map<String,String>|true|false
17:35:55.0 (107435884)|VARIABLE_ASSIGNMENT|[120]|option|{}|0x1bfb70b5
17:35:55.0 (107438135)|STATEMENT_EXECUTE|[121]
17:35:55.0 (107439709)|HEAP_ALLOCATE|[121]|Bytes:3
17:35:55.0 (107442695)|HEAP_ALLOCATE|[EXTERNAL]|Bytes:-4
17:35:55.0 (107445097)|STATEMENT_EXECUTE|[122]
17:35:55.0 (107446665)|HEAP_ALLOCATE|[122]|Bytes:3
17:35:55.0 (107449375)|HEAP_ALLOCATE|[EXTERNAL]|Bytes:-4
17:35:55.0 (107451785)|STATEMENT_EXECUTE|[123]
17:35:55.0 (107453879)|HEAP_ALLOCATE|[EXTERNAL]|Bytes:4
17:35:55.0 (107458119)|HEAP_ALLOCATE|[119]|Bytes:5
17:35:55.0 (107461455)|HEAP_ALLOCATE|[119]|Bytes:4
17:35:55.0 (107463482)|VARIABLE_SCOPE_BEGIN|[119]|entry|Schema.PicklistEntry|true|false
17:35:55.0 (107467188)|VARIABLE_ASSIGNMENT|[119]|entry|福岡県|0x5ca18044
17:35:55.0 (107469772)|STATEMENT_EXECUTE|[119]
17:35:55.0 (107470556)|STATEMENT_EXECUTE|[120]
17:35:55.0 (107472579)|HEAP_ALLOCATE|[120]|Bytes:4
17:35:55.0 (107474424)|VARIABLE_SCOPE_BEGIN|[120]|option|Map<String,String>|true|false
17:35:55.0 (107478261)|VARIABLE_ASSIGNMENT|[120]|option|{}|0x33255fa4
17:35:55.0 (107480528)|STATEMENT_EXECUTE|[121]
17:35:55.0 (107482042)|HEAP_ALLOCATE|[121]|Bytes:3
17:35:55.0 (107484934)|HEAP_ALLOCATE|[EXTERNAL]|Bytes:-4
17:35:55.0 (107487457)|STATEMENT_EXECUTE|[122]
17:35:55.0 (107489005)|HEAP_ALLOCATE|[122]|Bytes:3
17:35:55.0 (107491760)|HEAP_ALLOCATE|[EXTERNAL]|Bytes:-4
17:35:55.0 (107494114)|STATEMENT_EXECUTE|[123]
17:35:55.0 (107496189)|HEAP_ALLOCATE|[EXTERNAL]|Bytes:4
17:35:55.0 (107500427)|HEAP_ALLOCATE|[119]|Bytes:5
17:35:55.0 (107503779)|HEAP_ALLOCATE|[119]|Bytes:4
17:35:55.0 (107505804)|VARIABLE_SCOPE_BEGIN|[119]|entry|Schema.PicklistEntry|true|false
17:35:55.0 (107509600)|VARIABLE_ASSIGNMENT|[119]|entry|佐賀県|0x6097a226
17:35:55.0 (107512085)|STATEMENT_EXECUTE|[119]
17:35:55.0 (107512836)|STATEMENT_EXECUTE|[120]
17:35:55.0 (107514815)|HEAP_ALLOCATE|[120]|Bytes:4
17:35:55.0 (107516677)|VARIABLE_SCOPE_BEGIN|[120]|option|Map<String,String>|true|false
17:35:55.0 (107520589)|VARIABLE_ASSIGNMENT|[120]|option|{}|0x20a90859
17:35:55.0 (107522875)|STATEMENT_EXECUTE|[121]
17:35:55.0 (107524424)|HEAP_ALLOCATE|[121]|Bytes:3
17:35:55.0 (107527296)|HEAP_ALLOCATE|[EXTERNAL]|Bytes:-4
17:35:55.0 (107529673)|STATEMENT_EXECUTE|[122]
17:35:55.0 (107531367)|HEAP_ALLOCATE|[122]|Bytes:3
17:35:55.0 (107534065)|HEAP_ALLOCATE|[EXTERNAL]|Bytes:-4
17:35:55.0 (107536466)|STATEMENT_EXECUTE|[123]
17:35:55.0 (107538461)|HEAP_ALLOCATE|[EXTERNAL]|Bytes:4
17:35:55.0 (107542704)|HEAP_ALLOCATE|[119]|Bytes:5
17:35:55.0 (107546080)|HEAP_ALLOCATE|[119]|Bytes:4
17:35:55.0 (107548228)|VARIABLE_SCOPE_BEGIN|[119]|entry|Schema.PicklistEntry|true|false
17:35:55.0 (107551984)|VARIABLE_ASSIGNMENT|[119]|entry|長崎県|0x705a0fa8
17:35:55.0 (107554501)|STATEMENT_EXECUTE|[119]
17:35:55.0 (107555262)|STATEMENT_EXECUTE|[120]
17:35:55.0 (107557169)|HEAP_ALLOCATE|[120]|Bytes:4
17:35:55.0 (107559026)|VARIABLE_SCOPE_BEGIN|[120]|option|Map<String,String>|true|false
17:35:55.0 (107562866)|VARIABLE_ASSIGNMENT|[120]|option|{}|0x691ba678
17:35:55.0 (107565179)|STATEMENT_EXECUTE|[121]
17:35:55.0 (107566686)|HEAP_ALLOCATE|[121]|Bytes:3
17:35:55.0 (107569660)|HEAP_ALLOCATE|[EXTERNAL]|Bytes:-4
17:35:55.0 (107572061)|STATEMENT_EXECUTE|[122]
17:35:55.0 (107573642)|HEAP_ALLOCATE|[122]|Bytes:3
17:35:55.0 (107576444)|HEAP_ALLOCATE|[EXTERNAL]|Bytes:-4
17:35:55.0 (107578850)|STATEMENT_EXECUTE|[123]
17:35:55.0 (107580882)|HEAP_ALLOCATE|[EXTERNAL]|Bytes:4
17:35:55.0 (107587316)|HEAP_ALLOCATE|[119]|Bytes:5
17:35:55.0 (107593421)|HEAP_ALLOCATE|[119]|Bytes:4
17:35:55.0 (107597009)|VARIABLE_SCOPE_BEGIN|[119]|entry|Schema.PicklistEntry|true|false
17:35:55.0 (107603001)|VARIABLE_ASSIGNMENT|[119]|entry|熊本県|0x3440afef
17:35:55.0 (107606835)|STATEMENT_EXECUTE|[119]
17:35:55.0 (107607808)|STATEMENT_EXECUTE|[120]
17:35:55.0 (107611626)|HEAP_ALLOCATE|[120]|Bytes:4
17:35:55.0 (107615475)|VARIABLE_SCOPE_BEGIN|[120]|option|Map<String,String>|true|false
17:35:55.0 (107622579)|VARIABLE_ASSIGNMENT|[120]|option|{}|0x5cc382fe
17:35:55.0 (107626549)|STATEMENT_EXECUTE|[121]
17:35:55.0 (107630222)|HEAP_ALLOCATE|[121]|Bytes:3
17:35:55.0 (107635815)|HEAP_ALLOCATE|[EXTERNAL]|Bytes:-4
17:35:55.0 (107639934)|STATEMENT_EXECUTE|[122]
17:35:55.0 (107642899)|HEAP_ALLOCATE|[122]|Bytes:3
17:35:55.0 (107647665)|HEAP_ALLOCATE|[EXTERNAL]|Bytes:-4
17:35:55.0 (107651222)|STATEMENT_EXECUTE|[123]
17:35:55.0 (107654349)|HEAP_ALLOCATE|[EXTERNAL]|Bytes:4
17:35:55.0 (107662369)|HEAP_ALLOCATE|[119]|Bytes:5
17:35:55.0 (107669562)|HEAP_ALLOCATE|[119]|Bytes:4
17:35:55.0 (107672916)|VARIABLE_SCOPE_BEGIN|[119]|entry|Schema.PicklistEntry|true|false
17:35:55.0 (107679399)|VARIABLE_ASSIGNMENT|[119]|entry|大分県|0x7c44e181
17:35:55.0 (107683515)|STATEMENT_EXECUTE|[119]
17:35:55.0 (107684476)|STATEMENT_EXECUTE|[120]
17:35:55.0 (107688814)|HEAP_ALLOCATE|[120]|Bytes:4
17:35:55.0 (107692578)|VARIABLE_SCOPE_BEGIN|[120]|option|Map<String,String>|true|false
17:35:55.0 (107699154)|VARIABLE_ASSIGNMENT|[120]|option|{}|0x4858b017
17:35:55.0 (107703128)|STATEMENT_EXECUTE|[121]
17:35:55.0 (107706324)|HEAP_ALLOCATE|[121]|Bytes:3
17:35:55.0 (107711374)|HEAP_ALLOCATE|[EXTERNAL]|Bytes:-4
17:35:55.0 (107714874)|STATEMENT_EXECUTE|[122]
17:35:55.0 (107717244)|HEAP_ALLOCATE|[122]|Bytes:3
17:35:55.0 (107721785)|HEAP_ALLOCATE|[EXTERNAL]|Bytes:-4
17:35:55.0 (107725923)|STATEMENT_EXECUTE|[123]
17:35:55.0 (107729639)|HEAP_ALLOCATE|[EXTERNAL]|Bytes:4
17:35:55.0 (107737593)|HEAP_ALLOCATE|[119]|Bytes:5
17:35:55.0 (107744112)|HEAP_ALLOCATE|[119]|Bytes:4
17:35:55.0 (107748153)|VARIABLE_SCOPE_BEGIN|[119]|entry|Schema.PicklistEntry|true|false
17:35:55.0 (107753915)|VARIABLE_ASSIGNMENT|[119]|entry|宮崎県|0x79564124
17:35:55.0 (107759061)|STATEMENT_EXECUTE|[119]
17:35:55.0 (107760313)|STATEMENT_EXECUTE|[120]
17:35:55.0 (107764768)|HEAP_ALLOCATE|[120]|Bytes:4
17:35:55.0 (107768925)|VARIABLE_SCOPE_BEGIN|[120]|option|Map<String,String>|true|false
17:35:55.0 (107775432)|VARIABLE_ASSIGNMENT|[120]|option|{}|0x39c2f882
17:35:55.0 (107779202)|STATEMENT_EXECUTE|[121]
17:35:55.0 (107781967)|HEAP_ALLOCATE|[121]|Bytes:3
17:35:55.0 (107787393)|HEAP_ALLOCATE|[EXTERNAL]|Bytes:-4
17:35:55.0 (107790900)|STATEMENT_EXECUTE|[122]
17:35:55.0 (107793514)|HEAP_ALLOCATE|[122]|Bytes:3
17:35:55.0 (107798148)|HEAP_ALLOCATE|[EXTERNAL]|Bytes:-4
17:35:55.0 (107801940)|STATEMENT_EXECUTE|[123]
17:35:55.0 (107805864)|HEAP_ALLOCATE|[EXTERNAL]|Bytes:4
17:35:55.0 (107813200)|HEAP_ALLOCATE|[119]|Bytes:5
17:35:55.0 (107818909)|HEAP_ALLOCATE|[119]|Bytes:4
17:35:55.0 (107822366)|VARIABLE_SCOPE_BEGIN|[119]|entry|Schema.PicklistEntry|true|false
17:35:55.0 (107828334)|VARIABLE_ASSIGNMENT|[119]|entry|鹿児島県|0x62514ed2
17:35:55.0 (107832464)|STATEMENT_EXECUTE|[119]
17:35:55.0 (107833478)|STATEMENT_EXECUTE|[120]
17:35:55.0 (107837109)|HEAP_ALLOCATE|[120]|Bytes:4
17:35:55.0 (107840433)|VARIABLE_SCOPE_BEGIN|[120]|option|Map<String,String>|true|false
17:35:55.0 (107848034)|VARIABLE_ASSIGNMENT|[120]|option|{}|0x6f849287
17:35:55.0 (107852481)|STATEMENT_EXECUTE|[121]
17:35:55.0 (107856123)|HEAP_ALLOCATE|[121]|Bytes:4
17:35:55.0 (107862403)|HEAP_ALLOCATE|[EXTERNAL]|Bytes:-4
17:35:55.0 (107866687)|STATEMENT_EXECUTE|[122]
17:35:55.0 (107869766)|HEAP_ALLOCATE|[122]|Bytes:4
17:35:55.0 (107875273)|HEAP_ALLOCATE|[EXTERNAL]|Bytes:-4
17:35:55.0 (107879434)|STATEMENT_EXECUTE|[123]
17:35:55.0 (107883048)|HEAP_ALLOCATE|[EXTERNAL]|Bytes:4
17:35:55.0 (107892107)|HEAP_ALLOCATE|[119]|Bytes:5
17:35:55.0 (107899213)|HEAP_ALLOCATE|[119]|Bytes:4
17:35:55.0 (107903399)|VARIABLE_SCOPE_BEGIN|[119]|entry|Schema.PicklistEntry|true|false
17:35:55.0 (107910718)|VARIABLE_ASSIGNMENT|[119]|entry|沖縄県|0x2490a132
17:35:55.0 (107915486)|STATEMENT_EXECUTE|[119]
17:35:55.0 (107916708)|STATEMENT_EXECUTE|[120]
17:35:55.0 (107921338)|HEAP_ALLOCATE|[120]|Bytes:4
17:35:55.0 (107924975)|VARIABLE_SCOPE_BEGIN|[120]|option|Map<String,String>|true|false
17:35:55.0 (107932042)|VARIABLE_ASSIGNMENT|[120]|option|{}|0xa384bca
17:35:55.0 (107936060)|STATEMENT_EXECUTE|[121]
17:35:55.0 (107939473)|HEAP_ALLOCATE|[121]|Bytes:3
17:35:55.0 (107945600)|HEAP_ALLOCATE|[EXTERNAL]|Bytes:-4
17:35:55.0 (107950213)|STATEMENT_EXECUTE|[122]
17:35:55.0 (107953166)|HEAP_ALLOCATE|[122]|Bytes:3
17:35:55.0 (107958367)|HEAP_ALLOCATE|[EXTERNAL]|Bytes:-4
17:35:55.0 (107962698)|STATEMENT_EXECUTE|[123]
17:35:55.0 (107966404)|HEAP_ALLOCATE|[EXTERNAL]|Bytes:4
17:35:55.0 (107974978)|HEAP_ALLOCATE|[119]|Bytes:5
17:35:55.0 (107986306)|VARIABLE_ASSIGNMENT|[119]|entry|null|
17:35:55.0 (107992708)|STATEMENT_EXECUTE|[128]
17:35:55.0 (108012094)|METHOD_EXIT|[96]|01pBK000001mgyr|RegistrationInfoController.getPicklistValuesWithEmpty(Schema.SObjectField, String)
17:35:55.108 (108097842)|CUMULATIVE_LIMIT_USAGE
17:35:55.108 (108097842)|LIMIT_USAGE_FOR_NS|(default)|
  Number of SOQL queries: 0 out of 100
  Number of query rows: 0 out of 50000
  Number of SOSL queries: 0 out of 20
  Number of DML statements: 0 out of 0
  Number of Publish Immediate DML: 0 out of 150
  Number of DML rows: 0 out of 10000
  Maximum CPU time: 0 out of 10000
  Maximum heap size: 0 out of 6000000
  Number of callouts: 0 out of 100
  Number of Email Invocations: 0 out of 10
  Number of future calls: 0 out of 50
  Number of queueable jobs added to the queue: 0 out of 50
  Number of Mobile Apex push calls: 0 out of 10

17:35:55.108 (108097842)|CUMULATIVE_LIMIT_USAGE_END

17:35:55.0 (108141504)|CODE_UNIT_FINISHED|RegistrationInfoController.getPrefecturePicklistValues()
17:35:55.0 (108334528)|CODE_UNIT_FINISHED|apex://RegistrationInfoController/ACTION$getPrefecturePicklistValues
17:35:55.0 (108340659)|EXECUTION_FINISHED
