66.0 APEX_CODE,FINEST;APEX_PROFILING,INFO;CALLOUT,INFO;DATA_ACCESS,INFO;DB,INFO;NBA,INFO;SYSTEM,DEBUG;VALIDATION,INFO;VISUALFORCE,INFO;WAVE,INFO;WORKFLOW,INFO
10:51:14.0 (782810)|USER_INFO|[EXTERNAL]|005BK00000Ilvi1|foryoze@owleyes.ch.hurex|(GMT+09:00) 日本標準時 (Asia/Tokyo)|GMT+09:00
10:51:14.0 (851695)|EXECUTION_STARTED
10:51:14.0 (864044)|CODE_UNIT_STARTED|[EXTERNAL]|apex://JobSearchController/ACTION$getPreferences
10:51:14.0 (2528009)|CODE_UNIT_STARTED|[EXTERNAL]|01pBK000001SmE1|JobSearchController.getPreferences()
10:51:14.0 (4624007)|HEAP_ALLOCATE|[95]|Bytes:3
10:51:14.0 (4709445)|HEAP_ALLOCATE|[100]|Bytes:152
10:51:14.0 (4722882)|HEAP_ALLOCATE|[417]|Bytes:408
10:51:14.0 (4734466)|HEAP_ALLOCATE|[430]|Bytes:408
10:51:14.0 (4753939)|HEAP_ALLOCATE|[317]|Bytes:6
10:51:14.0 (4763466)|HEAP_ALLOCATE|[EXTERNAL]|Bytes:10
10:51:14.0 (4767627)|HEAP_ALLOCATE|[EXTERNAL]|Bytes:46
10:51:14.0 (4777432)|METHOD_ENTRY|[5]|01pBK000001SmE1|JobSearchController.JobSearchController()
10:51:14.0 (4781596)|STATEMENT_EXECUTE|[5]
10:51:14.0 (4784974)|STATEMENT_EXECUTE|[5]
10:51:14.0 (4801574)|HEAP_ALLOCATE|[68]|Bytes:5
10:51:14.0 (4820640)|HEAP_ALLOCATE|[74]|Bytes:5
10:51:14.0 (4825721)|HEAP_ALLOCATE|[82]|Bytes:7
10:51:14.0 (5158855)|HEAP_ALLOCATE|[EXTERNAL]|Bytes:5
10:51:14.0 (5169466)|STATEMENT_EXECUTE|[7]
10:51:14.0 (5176592)|METHOD_EXIT|[5]|JobSearchController
10:51:14.0 (5187002)|HEAP_ALLOCATE|[261]|Bytes:5
10:51:14.0 (5189879)|STATEMENT_EXECUTE|[260]
10:51:14.0 (5191100)|STATEMENT_EXECUTE|[261]
10:51:14.0 (5191901)|STATEMENT_EXECUTE|[261]
10:51:14.0 (5192867)|STATEMENT_EXECUTE|[262]
10:51:14.0 (5223518)|HEAP_ALLOCATE|[262]|Bytes:105
10:51:14.0 (5229616)|SYSTEM_METHOD_ENTRY|[1]|UserInfo.UserInfo()
10:51:14.0 (5231837)|STATEMENT_EXECUTE|[1]
10:51:14.0 (5236226)|SYSTEM_METHOD_EXIT|[1]|UserInfo
10:51:14.0 (5245992)|METHOD_ENTRY|[262]||System.UserInfo.getUserId()
10:51:14.0 (9786221)|METHOD_EXIT|[262]||System.UserInfo.getUserId()
10:51:14.0 (9834413)|HEAP_ALLOCATE|[262]|Bytes:4
10:51:14.0 (9851396)|VARIABLE_SCOPE_BEGIN|[262]|userId|Id|false|false
10:51:14.0 (10295262)|VARIABLE_ASSIGNMENT|[262]|userId|"005BK00000Ilvi1YAB"
10:51:14.0 (10306590)|STATEMENT_EXECUTE|[263]
10:51:14.0 (10313172)|HEAP_ALLOCATE|[263]|Bytes:62
10:51:14.0 (10336987)|HEAP_ALLOCATE|[263]|Bytes:4
10:51:14.0 (10353431)|HEAP_ALLOCATE|[263]|Bytes:7
10:51:14.0 (17209294)|SOQL_EXECUTE_BEGIN|[263]|Aggregations:0|SELECT Contact.AccountId FROM User WHERE Id = :tmpVar1 LIMIT 1
10:51:14.0 (50057603)|SOQL_EXECUTE_END|[263]|Rows:1
10:51:14.0 (50111726)|HEAP_ALLOCATE|[263]|Bytes:8
10:51:14.0 (50139154)|HEAP_ALLOCATE|[263]|Bytes:130
10:51:14.0 (50300202)|HEAP_ALLOCATE|[263]|Bytes:8
10:51:14.0 (50327542)|HEAP_ALLOCATE|[263]|Bytes:30
10:51:14.0 (50414824)|HEAP_ALLOCATE|[263]|Bytes:16
10:51:14.0 (50425991)|VARIABLE_SCOPE_BEGIN|[263]|u|User|true|false
10:51:14.0 (70040746)|VARIABLE_ASSIGNMENT|[263]|u|{"ContactId":"003BK00000ZKsGDYA1","Id":"005BK00000Ilvi1YAB","Contact":{"AccountId":"001BK00000ga0kTYAQ","Id":"003BK00000ZKsGDYA1"}}|0x70e8b2a6
10:51:14.0 (70132706)|STATEMENT_EXECUTE|[265]
10:51:14.0 (70134655)|STATEMENT_EXECUTE|[269]
10:51:14.0 (70139914)|HEAP_ALLOCATE|[269]|Bytes:197
10:51:14.0 (70162526)|HEAP_ALLOCATE|[269]|Bytes:4
10:51:14.0 (75403003)|SOQL_EXECUTE_BEGIN|[269]|Aggregations:0|SELECT PreferredWorkLocation1__c, PreferredWorkLocation2__c, PreferredWorkLocation3__c, PreferredSalary__c, PreferredOccupations__c, IsWillingToRelocate__pc FROM Account WHERE Id = :tmpVar1 LIMIT 1
10:51:14.0 (130393340)|SOQL_EXECUTE_END|[269]|Rows:1
10:51:14.0 (130444974)|HEAP_ALLOCATE|[269]|Bytes:8
10:51:14.0 (130468392)|HEAP_ALLOCATE|[269]|Bytes:237
10:51:14.0 (130560409)|HEAP_ALLOCATE|[269]|Bytes:8
10:51:14.0 (130578630)|HEAP_ALLOCATE|[269]|Bytes:33
10:51:14.0 (130645985)|HEAP_ALLOCATE|[269]|Bytes:32
10:51:14.0 (130652172)|VARIABLE_SCOPE_BEGIN|[269]|acc|Account|true|false
10:51:14.0 (130740902)|VARIABLE_ASSIGNMENT|[269]|acc|{"PreferredWorkLocation3__c":"埼玉県","PreferredSalary__c":"301万円～400万円","IsWillingToRelocate__pc":"不可;可（単身）;可（家族同伴）;条件付 (2 more) ...","Id":"001BK00000ga0kTYAQ","PreferredWorkLocation1__c":"北海道","PreferredOccupations__c":"営業系","PreferredWorkLocation2__c":"秋田県"}|0x14eb73e1
10:51:14.0 (130755685)|STATEMENT_EXECUTE|[273]
10:51:14.0 (130770579)|HEAP_ALLOCATE|[273]|Bytes:4
10:51:14.0 (130784294)|VARIABLE_SCOPE_BEGIN|[273]|prefs|Map<String,ANY>|true|false
10:51:14.0 (130800845)|VARIABLE_ASSIGNMENT|[273]|prefs|{}|0x444d9b4d
10:51:14.0 (130803759)|STATEMENT_EXECUTE|[274]
10:51:14.0 (130806432)|HEAP_ALLOCATE|[274]|Bytes:5
10:51:14.0 (130909874)|HEAP_ALLOCATE|[EXTERNAL]|Bytes:-4
10:51:14.0 (130916593)|STATEMENT_EXECUTE|[275]
10:51:14.0 (130918077)|HEAP_ALLOCATE|[275]|Bytes:5
10:51:14.0 (130938013)|HEAP_ALLOCATE|[EXTERNAL]|Bytes:-4
10:51:14.0 (130941409)|STATEMENT_EXECUTE|[276]
10:51:14.0 (130942770)|HEAP_ALLOCATE|[276]|Bytes:5
10:51:14.0 (130956513)|HEAP_ALLOCATE|[EXTERNAL]|Bytes:-4
10:51:14.0 (130959595)|STATEMENT_EXECUTE|[277]
10:51:14.0 (130960994)|HEAP_ALLOCATE|[277]|Bytes:9
10:51:14.0 (130973521)|HEAP_ALLOCATE|[EXTERNAL]|Bytes:-4
10:51:14.0 (130976692)|STATEMENT_EXECUTE|[280]
10:51:14.0 (130978133)|HEAP_ALLOCATE|[280]|Bytes:10
10:51:14.0 (131022423)|HEAP_ALLOCATE|[280]|Bytes:1
10:51:14.0 (131040144)|HEAP_ALLOCATE|[280]|Bytes:3
10:51:14.0 (131043779)|HEAP_ALLOCATE|[280]|Bytes:8
10:51:14.0 (131068440)|HEAP_ALLOCATE|[EXTERNAL]|Bytes:8
10:51:14.0 (131071180)|HEAP_ALLOCATE|[EXTERNAL]|Bytes:-4
10:51:14.0 (131074224)|STATEMENT_EXECUTE|[281]
10:51:14.0 (131075714)|HEAP_ALLOCATE|[281]|Bytes:8
10:51:14.0 (131101996)|HEAP_ALLOCATE|[281]|Bytes:2
10:51:14.0 (131104430)|HEAP_ALLOCATE|[281]|Bytes:5
10:51:14.0 (131106010)|HEAP_ALLOCATE|[281]|Bytes:7
10:51:14.0 (131107488)|HEAP_ALLOCATE|[281]|Bytes:5
10:51:14.0 (131109303)|HEAP_ALLOCATE|[281]|Bytes:20
10:51:14.0 (131118740)|HEAP_ALLOCATE|[EXTERNAL]|Bytes:20
10:51:14.0 (131120706)|HEAP_ALLOCATE|[EXTERNAL]|Bytes:-4
10:51:14.0 (131123372)|STATEMENT_EXECUTE|[283]
10:51:14.131 (131180739)|CUMULATIVE_LIMIT_USAGE
10:51:14.131 (131180739)|LIMIT_USAGE_FOR_NS|(default)|
  Number of SOQL queries: 2 out of 100
  Number of query rows: 2 out of 50000
  Number of SOSL queries: 0 out of 20
  Number of DML statements: 0 out of 150
  Number of Publish Immediate DML: 0 out of 150
  Number of DML rows: 0 out of 10000
  Maximum CPU time: 0 out of 10000
  Maximum heap size: 0 out of 6000000
  Number of callouts: 0 out of 100
  Number of Email Invocations: 0 out of 10
  Number of future calls: 0 out of 50
  Number of queueable jobs added to the queue: 0 out of 50
  Number of Mobile Apex push calls: 0 out of 10

10:51:14.131 (131180739)|CUMULATIVE_LIMIT_USAGE_END

10:51:14.0 (131223712)|CODE_UNIT_FINISHED|JobSearchController.getPreferences()
10:51:14.0 (131403508)|CODE_UNIT_FINISHED|apex://JobSearchController/ACTION$getPreferences
10:51:14.0 (131409734)|EXECUTION_FINISHED
