66.0 APEX_CODE,FINEST;APEX_PROFILING,INFO;CALLOUT,INFO;DATA_ACCESS,INFO;DB,INFO;NBA,INFO;SYSTEM,DEBUG;VALIDATION,INFO;VISUALFORCE,INFO;WAVE,INFO;WORKFLOW,INFO
18:32:06.1 (1518955)|USER_INFO|[EXTERNAL]|0057F0000042UBb|ishibashi@hurex.co.jp.dev1|(GMT+09:00) 日本標準時 (Asia/Tokyo)|GMT+09:00
18:32:06.1 (1553647)|EXECUTION_STARTED
18:32:06.1 (1562750)|CODE_UNIT_STARTED|[EXTERNAL]|apex://CareerHistoryController/ACTION$getCareerHistory
18:32:06.1 (2256948)|CODE_UNIT_STARTED|[EXTERNAL]|01pBK000001lv3t|CareerHistoryController.getCareerHistory()
18:32:06.1 (6512854)|HEAP_ALLOCATE|[95]|Bytes:3
18:32:06.1 (6612427)|HEAP_ALLOCATE|[100]|Bytes:152
18:32:06.1 (6628674)|HEAP_ALLOCATE|[417]|Bytes:408
18:32:06.1 (6640014)|HEAP_ALLOCATE|[430]|Bytes:408
18:32:06.1 (6662496)|HEAP_ALLOCATE|[317]|Bytes:6
18:32:06.1 (6721359)|HEAP_ALLOCATE|[EXTERNAL]|Bytes:13
18:32:06.1 (6724855)|HEAP_ALLOCATE|[EXTERNAL]|Bytes:17
18:32:06.1 (6726705)|HEAP_ALLOCATE|[EXTERNAL]|Bytes:2
18:32:06.1 (6736426)|METHOD_ENTRY|[1]|01pBK000001lv3t|CareerHistoryController.CareerHistoryController()
18:32:06.1 (6741637)|STATEMENT_EXECUTE|[1]
18:32:06.1 (6750086)|STATEMENT_EXECUTE|[1]
18:32:06.1 (6769236)|HEAP_ALLOCATE|[68]|Bytes:5
18:32:06.1 (6793698)|HEAP_ALLOCATE|[74]|Bytes:5
18:32:06.1 (6798084)|HEAP_ALLOCATE|[82]|Bytes:7
18:32:06.1 (7084153)|HEAP_ALLOCATE|[EXTERNAL]|Bytes:5
18:32:06.1 (7090458)|STATEMENT_EXECUTE|[4]
18:32:06.1 (7101803)|METHOD_EXIT|[1]|CareerHistoryController
18:32:06.1 (7115780)|HEAP_ALLOCATE|[21]|Bytes:5
18:32:06.1 (7118297)|STATEMENT_EXECUTE|[20]
18:32:06.1 (7119397)|STATEMENT_EXECUTE|[21]
18:32:06.1 (7224763)|HEAP_ALLOCATE|[21]|Bytes:4
18:32:06.1 (7347866)|VARIABLE_SCOPE_BEGIN|[21]|careerList|List<CareerHistoryController.CareerWrapper>|true|false
18:32:06.1 (7386308)|HEAP_ALLOCATE|[EXTERNAL]|Bytes:4
18:32:06.1 (7423423)|VARIABLE_ASSIGNMENT|[21]|careerList|[]|0x644ee704
18:32:06.1 (7427801)|STATEMENT_EXECUTE|[22]
18:32:06.1 (7495500)|HEAP_ALLOCATE|[22]|Bytes:4
18:32:06.1 (7593400)|VARIABLE_SCOPE_BEGIN|[22]|acc|Account|true|false
18:32:06.1 (7608373)|VARIABLE_ASSIGNMENT|[22]|acc|{}|0x55f13bb4
18:32:06.1 (7611872)|STATEMENT_EXECUTE|[24]
18:32:06.1 (7612756)|STATEMENT_EXECUTE|[24]
18:32:06.1 (7613745)|STATEMENT_EXECUTE|[25]
18:32:06.1 (7616532)|HEAP_ALLOCATE|[25]|Bytes:54
18:32:06.1 (7630227)|HEAP_ALLOCATE|[25]|Bytes:4
18:32:06.1 (7636808)|HEAP_ALLOCATE|[25]|Bytes:7
18:32:06.1 (7664468)|HEAP_ALLOCATE|[25]|Bytes:105
18:32:06.1 (7673075)|SYSTEM_METHOD_ENTRY|[1]|UserInfo.UserInfo()
18:32:06.1 (7675250)|STATEMENT_EXECUTE|[1]
18:32:06.1 (7681916)|SYSTEM_METHOD_EXIT|[1]|UserInfo
18:32:06.1 (7692469)|METHOD_ENTRY|[25]||System.UserInfo.getUserId()
18:32:06.1 (13061307)|METHOD_EXIT|[25]||System.UserInfo.getUserId()
18:32:06.1 (16009123)|SOQL_EXECUTE_BEGIN|[25]|Aggregations:0|SELECT AccountId FROM User WHERE Id = :tmpVar1 LIMIT 1
18:32:06.1 (22645416)|SOQL_EXECUTE_END|[25]|Rows:1
18:32:06.1 (22680930)|HEAP_ALLOCATE|[25]|Bytes:8
18:32:06.1 (22698890)|HEAP_ALLOCATE|[25]|Bytes:29
18:32:06.1 (22801340)|HEAP_ALLOCATE|[25]|Bytes:8
18:32:06.1 (22818975)|HEAP_ALLOCATE|[25]|Bytes:30
18:32:06.1 (22881254)|HEAP_ALLOCATE|[25]|Bytes:8
18:32:06.1 (22889642)|VARIABLE_SCOPE_BEGIN|[25]|currentUser|User|true|false
18:32:06.1 (22954677)|VARIABLE_ASSIGNMENT|[25]|currentUser|{"Id":"0057F0000042UBbQAM"}|0x66dc5d6d
18:32:06.1 (22972817)|STATEMENT_EXECUTE|[27]
18:32:06.1 (22975631)|STATEMENT_EXECUTE|[44]
18:32:06.1 (22990400)|HEAP_ALLOCATE|[44]|Bytes:276
18:32:06.1 (22995488)|HEAP_ALLOCATE|[44]|Bytes:21
18:32:06.1 (23002575)|HEAP_ALLOCATE|[44]|Bytes:40
18:32:06.1 (23018868)|CONSTRUCTOR_ENTRY|[44]|01pBK000001lv3t|<init>()|CareerHistoryController.CareerWrapper
18:32:06.1 (23044716)|VARIABLE_SCOPE_BEGIN|[4]|this|CareerHistoryController.CareerWrapper|true|false
18:32:06.1 (23078262)|VARIABLE_ASSIGNMENT|[4]|this|{}|0x2b95727c
18:32:06.1 (23085667)|HEAP_ALLOCATE|[EXTERNAL]|Bytes:6
18:32:06.1 (23122201)|STATEMENT_EXECUTE|[4]
18:32:06.1 (23123472)|STATEMENT_EXECUTE|[5]
18:32:06.1 (23124598)|STATEMENT_EXECUTE|[6]
18:32:06.1 (23125495)|STATEMENT_EXECUTE|[7]
18:32:06.1 (23126411)|STATEMENT_EXECUTE|[8]
18:32:06.1 (23127465)|STATEMENT_EXECUTE|[9]
18:32:06.1 (23128369)|STATEMENT_EXECUTE|[10]
18:32:06.1 (23129139)|STATEMENT_EXECUTE|[11]
18:32:06.1 (23130514)|STATEMENT_EXECUTE|[12]
18:32:06.1 (23131394)|STATEMENT_EXECUTE|[13]
18:32:06.1 (23133927)|CONSTRUCTOR_EXIT|[44]|01pBK000001lv3t|<init>()|CareerHistoryController.CareerWrapper
18:32:06.1 (23137557)|VARIABLE_SCOPE_BEGIN|[44]|c1|CareerHistoryController.CareerWrapper|true|false
18:32:06.1 (23148655)|VARIABLE_ASSIGNMENT|[44]|c1|{}|0x2b95727c
18:32:06.1 (23151463)|STATEMENT_EXECUTE|[45]
18:32:06.1 (23153104)|HEAP_ALLOCATE|[45]|Bytes:1
18:32:06.1 (23182499)|VARIABLE_ASSIGNMENT|[EXTERNAL]|this|{}|0x2b95727c
18:32:06.1 (23187893)|VARIABLE_ASSIGNMENT|[EXTERNAL]|value|"1"
18:32:06.1 (23198108)|VARIABLE_ASSIGNMENT|[5]|this.id|"1"|0x2b95727c
18:32:06.1 (23204135)|STATEMENT_EXECUTE|[46]
18:32:06.1 (23216149)|METHOD_ENTRY|[46]|01pBK000001lv3t|CareerHistoryController.nullToEmpty(String)
18:32:06.1 (23221726)|VARIABLE_SCOPE_BEGIN|[145]|str|String|false|false
18:32:06.1 (23227273)|VARIABLE_ASSIGNMENT|[145]|str|null
18:32:06.1 (23273770)|HEAP_ALLOCATE|[145]|Bytes:5
18:32:06.1 (23277265)|STATEMENT_EXECUTE|[145]
18:32:06.1 (23278256)|STATEMENT_EXECUTE|[145]
18:32:06.1 (23287613)|METHOD_EXIT|[46]|01pBK000001lv3t|CareerHistoryController.nullToEmpty(String)
18:32:06.1 (23302554)|VARIABLE_ASSIGNMENT|[EXTERNAL]|this|{"id":"1"}|0x2b95727c
18:32:06.1 (23307179)|VARIABLE_ASSIGNMENT|[EXTERNAL]|value|""
18:32:06.1 (23311721)|VARIABLE_ASSIGNMENT|[6]|this.companyName|""|0x2b95727c
18:32:06.1 (23315861)|STATEMENT_EXECUTE|[47]
18:32:06.1 (23319266)|METHOD_ENTRY|[47]|01pBK000001lv3t|CareerHistoryController.nullToEmpty(String)
18:32:06.1 (23323821)|VARIABLE_SCOPE_BEGIN|[145]|str|String|false|false
18:32:06.1 (23327814)|VARIABLE_ASSIGNMENT|[145]|str|null
18:32:06.1 (23331823)|HEAP_ALLOCATE|[145]|Bytes:5
18:32:06.1 (23333581)|STATEMENT_EXECUTE|[145]
18:32:06.1 (23334429)|STATEMENT_EXECUTE|[145]
18:32:06.1 (23336720)|METHOD_EXIT|[47]|01pBK000001lv3t|CareerHistoryController.nullToEmpty(String)
18:32:06.1 (23349091)|VARIABLE_ASSIGNMENT|[EXTERNAL]|this|{"companyName":"","id":"1"}|0x2b95727c
18:32:06.1 (23353308)|VARIABLE_ASSIGNMENT|[EXTERNAL]|value|""
18:32:06.1 (23356697)|VARIABLE_ASSIGNMENT|[10]|this.annualIncome|""|0x2b95727c
18:32:06.1 (23360186)|STATEMENT_EXECUTE|[48]
18:32:06.1 (23363007)|METHOD_ENTRY|[48]|01pBK000001lv3t|CareerHistoryController.nullToEmpty(String)
18:32:06.1 (23366795)|VARIABLE_SCOPE_BEGIN|[145]|str|String|false|false
18:32:06.1 (23370424)|VARIABLE_ASSIGNMENT|[145]|str|null
18:32:06.1 (23373377)|HEAP_ALLOCATE|[145]|Bytes:5
18:32:06.1 (23374944)|STATEMENT_EXECUTE|[145]
18:32:06.1 (23375698)|STATEMENT_EXECUTE|[145]
18:32:06.1 (23377575)|METHOD_EXIT|[48]|01pBK000001lv3t|CareerHistoryController.nullToEmpty(String)
18:32:06.1 (23389114)|VARIABLE_ASSIGNMENT|[EXTERNAL]|this|{"annualIncome":"","companyName":"","id":"1"}|0x2b95727c
18:32:06.1 (23393337)|VARIABLE_ASSIGNMENT|[EXTERNAL]|value|""
18:32:06.1 (23396944)|VARIABLE_ASSIGNMENT|[11]|this.jobDescription|""|0x2b95727c
18:32:06.1 (23400946)|STATEMENT_EXECUTE|[50]
18:32:06.1 (23403539)|METHOD_ENTRY|[50]|01pBK000001lv3t|CareerHistoryController.nullToEmpty(String)
18:32:06.1 (23407099)|VARIABLE_SCOPE_BEGIN|[145]|str|String|false|false
18:32:06.1 (23410780)|VARIABLE_ASSIGNMENT|[145]|str|null
18:32:06.1 (23413544)|HEAP_ALLOCATE|[145]|Bytes:5
18:32:06.1 (23414988)|STATEMENT_EXECUTE|[145]
18:32:06.1 (23415746)|STATEMENT_EXECUTE|[145]
18:32:06.1 (23417521)|METHOD_EXIT|[50]|01pBK000001lv3t|CareerHistoryController.nullToEmpty(String)
18:32:06.1 (23429169)|VARIABLE_ASSIGNMENT|[EXTERNAL]|this|{"annualIncome":"","companyName":"","id":"1","jobDescription":""}|0x2b95727c
18:32:06.1 (23433169)|VARIABLE_ASSIGNMENT|[EXTERNAL]|value|""
18:32:06.1 (23436741)|VARIABLE_ASSIGNMENT|[12]|this.jobGroup|""|0x2b95727c
18:32:06.1 (23440587)|STATEMENT_EXECUTE|[51]
18:32:06.1 (23442681)|METHOD_ENTRY|[51]|01pBK000001lv3t|CareerHistoryController.nullToEmpty(String)
18:32:06.1 (23446188)|VARIABLE_SCOPE_BEGIN|[145]|str|String|false|false
18:32:06.1 (23449775)|VARIABLE_ASSIGNMENT|[145]|str|null
18:32:06.1 (23452583)|HEAP_ALLOCATE|[145]|Bytes:5
18:32:06.1 (23454073)|STATEMENT_EXECUTE|[145]
18:32:06.1 (23454955)|STATEMENT_EXECUTE|[145]
18:32:06.1 (23456823)|METHOD_EXIT|[51]|01pBK000001lv3t|CareerHistoryController.nullToEmpty(String)
18:32:06.1 (23468681)|VARIABLE_ASSIGNMENT|[EXTERNAL]|this|{"annualIncome":"","companyName":"","id":"1","jobDescription":"","jobGroup":""}|0x2b95727c
18:32:06.1 (23473025)|VARIABLE_ASSIGNMENT|[EXTERNAL]|value|""
18:32:06.1 (23476589)|VARIABLE_ASSIGNMENT|[13]|this.jobGroupOption|""|0x2b95727c
18:32:06.1 (23480241)|STATEMENT_EXECUTE|[52]
18:32:06.1 (23484590)|METHOD_ENTRY|[52]|01pBK000001lv3t|CareerHistoryController.formatDateToYYYYMM(Date)
18:32:06.1 (23488834)|VARIABLE_SCOPE_BEGIN|[147]|d|Date|false|false
18:32:06.1 (23492862)|VARIABLE_ASSIGNMENT|[147]|d|null
18:32:06.1 (23496485)|HEAP_ALLOCATE|[148]|Bytes:5
18:32:06.1 (23498596)|STATEMENT_EXECUTE|[147]
18:32:06.1 (23499549)|STATEMENT_EXECUTE|[148]
18:32:06.1 (23502182)|METHOD_EXIT|[52]|01pBK000001lv3t|CareerHistoryController.formatDateToYYYYMM(Date)
18:32:06.1 (23513978)|VARIABLE_ASSIGNMENT|[EXTERNAL]|this|{"annualIncome":"","companyName":"","id":"1","jobDescription":"","jobGroup":"","jobGroupOption":""}|0x2b95727c
18:32:06.1 (23518589)|VARIABLE_ASSIGNMENT|[EXTERNAL]|value|""
18:32:06.1 (23521926)|VARIABLE_ASSIGNMENT|[7]|this.startDateInput|""|0x2b95727c
18:32:06.1 (23525536)|STATEMENT_EXECUTE|[53]
18:32:06.1 (23528204)|METHOD_ENTRY|[53]|01pBK000001lv3t|CareerHistoryController.formatDateToYYYYMM(Date)
18:32:06.1 (23531636)|VARIABLE_SCOPE_BEGIN|[147]|d|Date|false|false
18:32:06.1 (23535084)|VARIABLE_ASSIGNMENT|[147]|d|null
18:32:06.1 (23538045)|HEAP_ALLOCATE|[148]|Bytes:5
18:32:06.1 (23539641)|STATEMENT_EXECUTE|[147]
18:32:06.1 (23540519)|STATEMENT_EXECUTE|[148]
18:32:06.1 (23542355)|METHOD_EXIT|[53]|01pBK000001lv3t|CareerHistoryController.formatDateToYYYYMM(Date)
18:32:06.1 (23554588)|VARIABLE_ASSIGNMENT|[EXTERNAL]|this|{"annualIncome":"","companyName":"","id":"1","jobDescription":"","jobGroup":"","jobGroupOption":"","startDateInput":""}|0x2b95727c
18:32:06.1 (23559279)|VARIABLE_ASSIGNMENT|[EXTERNAL]|value|""
18:32:06.1 (23562995)|VARIABLE_ASSIGNMENT|[8]|this.endDateInput|""|0x2b95727c
18:32:06.1 (23566499)|STATEMENT_EXECUTE|[54]
18:32:06.1 (23586511)|VARIABLE_ASSIGNMENT|[EXTERNAL]|this|{"annualIncome":"","companyName":"","endDateInput":"","id":"1","jobDescription":"","jobGroup":"","jobGroupOption":"","startDateInput":""}|0x2b95727c
18:32:06.1 (23592319)|VARIABLE_ASSIGNMENT|[EXTERNAL]|value|true
18:32:06.1 (23595386)|HEAP_ALLOCATE|[9]|Bytes:5
18:32:06.1 (23598198)|VARIABLE_ASSIGNMENT|[9]|this.isCurrentJob|true|0x2b95727c
18:32:06.1 (23602258)|STATEMENT_EXECUTE|[55]
18:32:06.1 (23641663)|HEAP_ALLOCATE|[EXTERNAL]|Bytes:4
18:32:06.1 (23647592)|STATEMENT_EXECUTE|[58]
18:32:06.1 (23651054)|HEAP_ALLOCATE|[58]|Bytes:40
18:32:06.1 (23654510)|CONSTRUCTOR_ENTRY|[58]|01pBK000001lv3t|<init>()|CareerHistoryController.CareerWrapper
18:32:06.1 (23661300)|VARIABLE_SCOPE_BEGIN|[4]|this|CareerHistoryController.CareerWrapper|true|false
18:32:06.1 (23670448)|VARIABLE_ASSIGNMENT|[4]|this|{}|0x76fc5885
18:32:06.1 (23681116)|STATEMENT_EXECUTE|[4]
18:32:06.1 (23682088)|STATEMENT_EXECUTE|[5]
18:32:06.1 (23682954)|STATEMENT_EXECUTE|[6]
18:32:06.1 (23683724)|STATEMENT_EXECUTE|[7]
18:32:06.1 (23684494)|STATEMENT_EXECUTE|[8]
18:32:06.1 (23685292)|STATEMENT_EXECUTE|[9]
18:32:06.1 (23686054)|STATEMENT_EXECUTE|[10]
18:32:06.1 (23686839)|STATEMENT_EXECUTE|[11]
18:32:06.1 (23687619)|STATEMENT_EXECUTE|[12]
18:32:06.1 (23688356)|STATEMENT_EXECUTE|[13]
18:32:06.1 (23689988)|CONSTRUCTOR_EXIT|[58]|01pBK000001lv3t|<init>()|CareerHistoryController.CareerWrapper
18:32:06.1 (23693159)|VARIABLE_SCOPE_BEGIN|[58]|c2|CareerHistoryController.CareerWrapper|true|false
18:32:06.1 (23701825)|VARIABLE_ASSIGNMENT|[58]|c2|{}|0x76fc5885
18:32:06.1 (23704639)|STATEMENT_EXECUTE|[59]
18:32:06.1 (23706276)|HEAP_ALLOCATE|[59]|Bytes:1
18:32:06.1 (23717403)|VARIABLE_ASSIGNMENT|[EXTERNAL]|this|{}|0x76fc5885
18:32:06.1 (23721665)|VARIABLE_ASSIGNMENT|[EXTERNAL]|value|"2"
18:32:06.1 (23725306)|VARIABLE_ASSIGNMENT|[5]|this.id|"2"|0x76fc5885
18:32:06.1 (23729068)|STATEMENT_EXECUTE|[60]
18:32:06.1 (23731824)|METHOD_ENTRY|[60]|01pBK000001lv3t|CareerHistoryController.nullToEmpty(String)
18:32:06.1 (23735464)|VARIABLE_SCOPE_BEGIN|[145]|str|String|false|false
18:32:06.1 (23739215)|VARIABLE_ASSIGNMENT|[145]|str|null
18:32:06.1 (23742466)|HEAP_ALLOCATE|[145]|Bytes:5
18:32:06.1 (23744019)|STATEMENT_EXECUTE|[145]
18:32:06.1 (23744830)|STATEMENT_EXECUTE|[145]
18:32:06.1 (23746969)|METHOD_EXIT|[60]|01pBK000001lv3t|CareerHistoryController.nullToEmpty(String)
18:32:06.1 (23756528)|VARIABLE_ASSIGNMENT|[EXTERNAL]|this|{"id":"2"}|0x76fc5885
18:32:06.1 (23760369)|VARIABLE_ASSIGNMENT|[EXTERNAL]|value|""
18:32:06.1 (23763649)|VARIABLE_ASSIGNMENT|[6]|this.companyName|""|0x76fc5885
18:32:06.1 (23767398)|STATEMENT_EXECUTE|[61]
18:32:06.1 (23769601)|METHOD_ENTRY|[61]|01pBK000001lv3t|CareerHistoryController.nullToEmpty(String)
18:32:06.1 (23773205)|VARIABLE_SCOPE_BEGIN|[145]|str|String|false|false
18:32:06.1 (23776697)|VARIABLE_ASSIGNMENT|[145]|str|null
18:32:06.1 (23779546)|HEAP_ALLOCATE|[145]|Bytes:5
18:32:06.1 (23781177)|STATEMENT_EXECUTE|[145]
18:32:06.1 (23782041)|STATEMENT_EXECUTE|[145]
18:32:06.1 (23783943)|METHOD_EXIT|[61]|01pBK000001lv3t|CareerHistoryController.nullToEmpty(String)
18:32:06.1 (23793564)|VARIABLE_ASSIGNMENT|[EXTERNAL]|this|{"companyName":"","id":"2"}|0x76fc5885
18:32:06.1 (23801912)|VARIABLE_ASSIGNMENT|[EXTERNAL]|value|""
18:32:06.1 (23805159)|VARIABLE_ASSIGNMENT|[11]|this.jobDescription|""|0x76fc5885
18:32:06.1 (23808786)|STATEMENT_EXECUTE|[63]
18:32:06.1 (23811149)|METHOD_ENTRY|[63]|01pBK000001lv3t|CareerHistoryController.nullToEmpty(String)
18:32:06.1 (23814644)|VARIABLE_SCOPE_BEGIN|[145]|str|String|false|false
18:32:06.1 (23818126)|VARIABLE_ASSIGNMENT|[145]|str|null
18:32:06.1 (23821023)|HEAP_ALLOCATE|[145]|Bytes:5
18:32:06.1 (23822542)|STATEMENT_EXECUTE|[145]
18:32:06.1 (23823329)|STATEMENT_EXECUTE|[145]
18:32:06.1 (23825158)|METHOD_EXIT|[63]|01pBK000001lv3t|CareerHistoryController.nullToEmpty(String)
18:32:06.1 (23835794)|VARIABLE_ASSIGNMENT|[EXTERNAL]|this|{"companyName":"","id":"2","jobDescription":""}|0x76fc5885
18:32:06.1 (23839634)|VARIABLE_ASSIGNMENT|[EXTERNAL]|value|""
18:32:06.1 (23842858)|VARIABLE_ASSIGNMENT|[12]|this.jobGroup|""|0x76fc5885
18:32:06.1 (23846539)|STATEMENT_EXECUTE|[64]
18:32:06.1 (23848809)|METHOD_ENTRY|[64]|01pBK000001lv3t|CareerHistoryController.nullToEmpty(String)
18:32:06.1 (23852467)|VARIABLE_SCOPE_BEGIN|[145]|str|String|false|false
18:32:06.1 (23856244)|VARIABLE_ASSIGNMENT|[145]|str|null
18:32:06.1 (23859057)|HEAP_ALLOCATE|[145]|Bytes:5
18:32:06.1 (23860562)|STATEMENT_EXECUTE|[145]
18:32:06.1 (23861339)|STATEMENT_EXECUTE|[145]
18:32:06.1 (23863161)|METHOD_EXIT|[64]|01pBK000001lv3t|CareerHistoryController.nullToEmpty(String)
18:32:06.1 (23873384)|VARIABLE_ASSIGNMENT|[EXTERNAL]|this|{"companyName":"","id":"2","jobDescription":"","jobGroup":""}|0x76fc5885
18:32:06.1 (23877292)|VARIABLE_ASSIGNMENT|[EXTERNAL]|value|""
18:32:06.1 (23881067)|VARIABLE_ASSIGNMENT|[13]|this.jobGroupOption|""|0x76fc5885
18:32:06.1 (23886489)|STATEMENT_EXECUTE|[65]
18:32:06.1 (23890094)|METHOD_ENTRY|[65]|01pBK000001lv3t|CareerHistoryController.formatDateToYYYYMM(Date)
18:32:06.1 (23895121)|VARIABLE_SCOPE_BEGIN|[147]|d|Date|false|false
18:32:06.1 (23900294)|VARIABLE_ASSIGNMENT|[147]|d|null
18:32:06.1 (23905039)|HEAP_ALLOCATE|[148]|Bytes:5
18:32:06.1 (23907440)|STATEMENT_EXECUTE|[147]
18:32:06.1 (23908663)|STATEMENT_EXECUTE|[148]
18:32:06.1 (23911661)|METHOD_EXIT|[65]|01pBK000001lv3t|CareerHistoryController.formatDateToYYYYMM(Date)
18:32:06.1 (23927664)|VARIABLE_ASSIGNMENT|[EXTERNAL]|this|{"companyName":"","id":"2","jobDescription":"","jobGroup":"","jobGroupOption":""}|0x76fc5885
18:32:06.1 (23933059)|VARIABLE_ASSIGNMENT|[EXTERNAL]|value|""
18:32:06.1 (23937891)|VARIABLE_ASSIGNMENT|[7]|this.startDateInput|""|0x76fc5885
18:32:06.1 (23943582)|STATEMENT_EXECUTE|[66]
18:32:06.1 (23946901)|METHOD_ENTRY|[66]|01pBK000001lv3t|CareerHistoryController.formatDateToYYYYMM(Date)
18:32:06.1 (23953192)|VARIABLE_SCOPE_BEGIN|[147]|d|Date|false|false
18:32:06.1 (23958776)|VARIABLE_ASSIGNMENT|[147]|d|null
18:32:06.1 (23963644)|HEAP_ALLOCATE|[148]|Bytes:5
18:32:06.1 (23965894)|STATEMENT_EXECUTE|[147]
18:32:06.1 (23967140)|STATEMENT_EXECUTE|[148]
18:32:06.1 (23970269)|METHOD_EXIT|[66]|01pBK000001lv3t|CareerHistoryController.formatDateToYYYYMM(Date)
18:32:06.1 (23983949)|VARIABLE_ASSIGNMENT|[EXTERNAL]|this|{"companyName":"","id":"2","jobDescription":"","jobGroup":"","jobGroupOption":"","startDateInput":""}|0x76fc5885
18:32:06.1 (23987973)|VARIABLE_ASSIGNMENT|[EXTERNAL]|value|""
18:32:06.1 (23991559)|VARIABLE_ASSIGNMENT|[8]|this.endDateInput|""|0x76fc5885
18:32:06.1 (23995784)|STATEMENT_EXECUTE|[67]
18:32:06.1 (24009231)|VARIABLE_ASSIGNMENT|[EXTERNAL]|this|{"companyName":"","endDateInput":"","id":"2","jobDescription":"","jobGroup":"","jobGroupOption":"","startDateInput":""}|0x76fc5885
18:32:06.1 (24014730)|VARIABLE_ASSIGNMENT|[EXTERNAL]|value|false
18:32:06.1 (24017559)|HEAP_ALLOCATE|[9]|Bytes:5
18:32:06.1 (24020489)|VARIABLE_ASSIGNMENT|[9]|this.isCurrentJob|false|0x76fc5885
18:32:06.1 (24024159)|STATEMENT_EXECUTE|[68]
18:32:06.1 (24038509)|HEAP_ALLOCATE|[EXTERNAL]|Bytes:4
18:32:06.1 (24042689)|STATEMENT_EXECUTE|[71]
18:32:06.1 (24045201)|HEAP_ALLOCATE|[71]|Bytes:40
18:32:06.1 (24048154)|CONSTRUCTOR_ENTRY|[71]|01pBK000001lv3t|<init>()|CareerHistoryController.CareerWrapper
18:32:06.1 (24054390)|VARIABLE_SCOPE_BEGIN|[4]|this|CareerHistoryController.CareerWrapper|true|false
18:32:06.1 (24063241)|VARIABLE_ASSIGNMENT|[4]|this|{}|0x72cf5402
18:32:06.1 (24071909)|STATEMENT_EXECUTE|[4]
18:32:06.1 (24072755)|STATEMENT_EXECUTE|[5]
18:32:06.1 (24073621)|STATEMENT_EXECUTE|[6]
18:32:06.1 (24074424)|STATEMENT_EXECUTE|[7]
18:32:06.1 (24075249)|STATEMENT_EXECUTE|[8]
18:32:06.1 (24076106)|STATEMENT_EXECUTE|[9]
18:32:06.1 (24076867)|STATEMENT_EXECUTE|[10]
18:32:06.1 (24077627)|STATEMENT_EXECUTE|[11]
18:32:06.1 (24078423)|STATEMENT_EXECUTE|[12]
18:32:06.1 (24079280)|STATEMENT_EXECUTE|[13]
18:32:06.1 (24080839)|CONSTRUCTOR_EXIT|[71]|01pBK000001lv3t|<init>()|CareerHistoryController.CareerWrapper
18:32:06.1 (24083667)|VARIABLE_SCOPE_BEGIN|[71]|c3|CareerHistoryController.CareerWrapper|true|false
18:32:06.1 (24092369)|VARIABLE_ASSIGNMENT|[71]|c3|{}|0x72cf5402
18:32:06.1 (24095104)|STATEMENT_EXECUTE|[72]
18:32:06.1 (24096684)|HEAP_ALLOCATE|[72]|Bytes:1
18:32:06.1 (24107480)|VARIABLE_ASSIGNMENT|[EXTERNAL]|this|{}|0x72cf5402
18:32:06.1 (24111427)|VARIABLE_ASSIGNMENT|[EXTERNAL]|value|"3"
18:32:06.1 (24115009)|VARIABLE_ASSIGNMENT|[5]|this.id|"3"|0x72cf5402
18:32:06.1 (24118777)|STATEMENT_EXECUTE|[73]
18:32:06.1 (24121713)|METHOD_ENTRY|[73]|01pBK000001lv3t|CareerHistoryController.nullToEmpty(String)
18:32:06.1 (24125129)|VARIABLE_SCOPE_BEGIN|[145]|str|String|false|false
18:32:06.1 (24128699)|VARIABLE_ASSIGNMENT|[145]|str|null
18:32:06.1 (24131776)|HEAP_ALLOCATE|[145]|Bytes:5
18:32:06.1 (24133406)|STATEMENT_EXECUTE|[145]
18:32:06.1 (24134199)|STATEMENT_EXECUTE|[145]
18:32:06.1 (24136451)|METHOD_EXIT|[73]|01pBK000001lv3t|CareerHistoryController.nullToEmpty(String)
18:32:06.1 (24146074)|VARIABLE_ASSIGNMENT|[EXTERNAL]|this|{"id":"3"}|0x72cf5402
18:32:06.1 (24149936)|VARIABLE_ASSIGNMENT|[EXTERNAL]|value|""
18:32:06.1 (24153229)|VARIABLE_ASSIGNMENT|[6]|this.companyName|""|0x72cf5402
18:32:06.1 (24156886)|STATEMENT_EXECUTE|[74]
18:32:06.1 (24159214)|METHOD_ENTRY|[74]|01pBK000001lv3t|CareerHistoryController.nullToEmpty(String)
18:32:06.1 (24162609)|VARIABLE_SCOPE_BEGIN|[145]|str|String|false|false
18:32:06.1 (24166144)|VARIABLE_ASSIGNMENT|[145]|str|null
18:32:06.1 (24168971)|HEAP_ALLOCATE|[145]|Bytes:5
18:32:06.1 (24170444)|STATEMENT_EXECUTE|[145]
18:32:06.1 (24171219)|STATEMENT_EXECUTE|[145]
18:32:06.1 (24173161)|METHOD_EXIT|[74]|01pBK000001lv3t|CareerHistoryController.nullToEmpty(String)
18:32:06.1 (24182882)|VARIABLE_ASSIGNMENT|[EXTERNAL]|this|{"companyName":"","id":"3"}|0x72cf5402
18:32:06.1 (24186803)|VARIABLE_ASSIGNMENT|[EXTERNAL]|value|""
18:32:06.1 (24189969)|VARIABLE_ASSIGNMENT|[11]|this.jobDescription|""|0x72cf5402
18:32:06.1 (24193798)|STATEMENT_EXECUTE|[76]
18:32:06.1 (24196289)|METHOD_ENTRY|[76]|01pBK000001lv3t|CareerHistoryController.nullToEmpty(String)
18:32:06.1 (24199486)|VARIABLE_SCOPE_BEGIN|[145]|str|String|false|false
18:32:06.1 (24203084)|VARIABLE_ASSIGNMENT|[145]|str|null
18:32:06.1 (24205819)|HEAP_ALLOCATE|[145]|Bytes:5
18:32:06.1 (24207296)|STATEMENT_EXECUTE|[145]
18:32:06.1 (24208066)|STATEMENT_EXECUTE|[145]
18:32:06.1 (24209956)|METHOD_EXIT|[76]|01pBK000001lv3t|CareerHistoryController.nullToEmpty(String)
18:32:06.1 (24219921)|VARIABLE_ASSIGNMENT|[EXTERNAL]|this|{"companyName":"","id":"3","jobDescription":""}|0x72cf5402
18:32:06.1 (24223681)|VARIABLE_ASSIGNMENT|[EXTERNAL]|value|""
18:32:06.1 (24226866)|VARIABLE_ASSIGNMENT|[12]|this.jobGroup|""|0x72cf5402
18:32:06.1 (24230429)|STATEMENT_EXECUTE|[77]
18:32:06.1 (24232749)|METHOD_ENTRY|[77]|01pBK000001lv3t|CareerHistoryController.nullToEmpty(String)
18:32:06.1 (24236212)|VARIABLE_SCOPE_BEGIN|[145]|str|String|false|false
18:32:06.1 (24239794)|VARIABLE_ASSIGNMENT|[145]|str|null
18:32:06.1 (24242446)|HEAP_ALLOCATE|[145]|Bytes:5
18:32:06.1 (24243979)|STATEMENT_EXECUTE|[145]
18:32:06.1 (24244754)|STATEMENT_EXECUTE|[145]
18:32:06.1 (24246585)|METHOD_EXIT|[77]|01pBK000001lv3t|CareerHistoryController.nullToEmpty(String)
18:32:06.1 (24256757)|VARIABLE_ASSIGNMENT|[EXTERNAL]|this|{"companyName":"","id":"3","jobDescription":"","jobGroup":""}|0x72cf5402
18:32:06.1 (24260502)|VARIABLE_ASSIGNMENT|[EXTERNAL]|value|""
18:32:06.1 (24263749)|VARIABLE_ASSIGNMENT|[13]|this.jobGroupOption|""|0x72cf5402
18:32:06.1 (24267152)|STATEMENT_EXECUTE|[78]
18:32:06.1 (24269452)|METHOD_ENTRY|[78]|01pBK000001lv3t|CareerHistoryController.formatDateToYYYYMM(Date)
18:32:06.1 (24272811)|VARIABLE_SCOPE_BEGIN|[147]|d|Date|false|false
18:32:06.1 (24276296)|VARIABLE_ASSIGNMENT|[147]|d|null
18:32:06.1 (24279391)|HEAP_ALLOCATE|[148]|Bytes:5
18:32:06.1 (24281024)|STATEMENT_EXECUTE|[147]
18:32:06.1 (24281856)|STATEMENT_EXECUTE|[148]
18:32:06.1 (24283826)|METHOD_EXIT|[78]|01pBK000001lv3t|CareerHistoryController.formatDateToYYYYMM(Date)
18:32:06.1 (24294182)|VARIABLE_ASSIGNMENT|[EXTERNAL]|this|{"companyName":"","id":"3","jobDescription":"","jobGroup":"","jobGroupOption":""}|0x72cf5402
18:32:06.1 (24297889)|VARIABLE_ASSIGNMENT|[EXTERNAL]|value|""
18:32:06.1 (24301183)|VARIABLE_ASSIGNMENT|[7]|this.startDateInput|""|0x72cf5402
18:32:06.1 (24304668)|STATEMENT_EXECUTE|[79]
18:32:06.1 (24306842)|METHOD_ENTRY|[79]|01pBK000001lv3t|CareerHistoryController.formatDateToYYYYMM(Date)
18:32:06.1 (24310138)|VARIABLE_SCOPE_BEGIN|[147]|d|Date|false|false
18:32:06.1 (24313553)|VARIABLE_ASSIGNMENT|[147]|d|null
18:32:06.1 (24316471)|HEAP_ALLOCATE|[148]|Bytes:5
18:32:06.1 (24318123)|STATEMENT_EXECUTE|[147]
18:32:06.1 (24318958)|STATEMENT_EXECUTE|[148]
18:32:06.1 (24320768)|METHOD_EXIT|[79]|01pBK000001lv3t|CareerHistoryController.formatDateToYYYYMM(Date)
18:32:06.1 (24331195)|VARIABLE_ASSIGNMENT|[EXTERNAL]|this|{"companyName":"","id":"3","jobDescription":"","jobGroup":"","jobGroupOption":"","startDateInput":""}|0x72cf5402
18:32:06.1 (24335148)|VARIABLE_ASSIGNMENT|[EXTERNAL]|value|""
18:32:06.1 (24338432)|VARIABLE_ASSIGNMENT|[8]|this.endDateInput|""|0x72cf5402
18:32:06.1 (24342228)|STATEMENT_EXECUTE|[80]
18:32:06.1 (24353248)|VARIABLE_ASSIGNMENT|[EXTERNAL]|this|{"companyName":"","endDateInput":"","id":"3","jobDescription":"","jobGroup":"","jobGroupOption":"","startDateInput":""}|0x72cf5402
18:32:06.1 (24357519)|VARIABLE_ASSIGNMENT|[EXTERNAL]|value|false
18:32:06.1 (24360213)|HEAP_ALLOCATE|[9]|Bytes:5
18:32:06.1 (24362984)|VARIABLE_ASSIGNMENT|[9]|this.isCurrentJob|false|0x72cf5402
18:32:06.1 (24369822)|STATEMENT_EXECUTE|[81]
18:32:06.1 (24377399)|HEAP_ALLOCATE|[EXTERNAL]|Bytes:4
18:32:06.1 (24380516)|STATEMENT_EXECUTE|[84]
18:32:06.1 (24382048)|HEAP_ALLOCATE|[84]|Bytes:40
18:32:06.1 (24384792)|CONSTRUCTOR_ENTRY|[84]|01pBK000001lv3t|<init>()|CareerHistoryController.CareerWrapper
18:32:06.1 (24389100)|VARIABLE_SCOPE_BEGIN|[4]|this|CareerHistoryController.CareerWrapper|true|false
18:32:06.1 (24397656)|VARIABLE_ASSIGNMENT|[4]|this|{}|0x72c9ceb5
18:32:06.1 (24404239)|STATEMENT_EXECUTE|[4]
18:32:06.1 (24405087)|STATEMENT_EXECUTE|[5]
18:32:06.1 (24405915)|STATEMENT_EXECUTE|[6]
18:32:06.1 (24406725)|STATEMENT_EXECUTE|[7]
18:32:06.1 (24407515)|STATEMENT_EXECUTE|[8]
18:32:06.1 (24408316)|STATEMENT_EXECUTE|[9]
18:32:06.1 (24409080)|STATEMENT_EXECUTE|[10]
18:32:06.1 (24409869)|STATEMENT_EXECUTE|[11]
18:32:06.1 (24410655)|STATEMENT_EXECUTE|[12]
18:32:06.1 (24411398)|STATEMENT_EXECUTE|[13]
18:32:06.1 (24413124)|CONSTRUCTOR_EXIT|[84]|01pBK000001lv3t|<init>()|CareerHistoryController.CareerWrapper
18:32:06.1 (24415874)|VARIABLE_SCOPE_BEGIN|[84]|c4|CareerHistoryController.CareerWrapper|true|false
18:32:06.1 (24424877)|VARIABLE_ASSIGNMENT|[84]|c4|{}|0x72c9ceb5
18:32:06.1 (24427348)|STATEMENT_EXECUTE|[85]
18:32:06.1 (24428701)|HEAP_ALLOCATE|[85]|Bytes:1
18:32:06.1 (24439725)|VARIABLE_ASSIGNMENT|[EXTERNAL]|this|{}|0x72c9ceb5
18:32:06.1 (24443746)|VARIABLE_ASSIGNMENT|[EXTERNAL]|value|"4"
18:32:06.1 (24447148)|VARIABLE_ASSIGNMENT|[5]|this.id|"4"|0x72c9ceb5
18:32:06.1 (24450943)|STATEMENT_EXECUTE|[86]
18:32:06.1 (24453633)|METHOD_ENTRY|[86]|01pBK000001lv3t|CareerHistoryController.nullToEmpty(String)
18:32:06.1 (24456831)|VARIABLE_SCOPE_BEGIN|[145]|str|String|false|false
18:32:06.1 (24460398)|VARIABLE_ASSIGNMENT|[145]|str|null
18:32:06.1 (24463482)|HEAP_ALLOCATE|[145]|Bytes:5
18:32:06.1 (24465021)|STATEMENT_EXECUTE|[145]
18:32:06.1 (24465790)|STATEMENT_EXECUTE|[145]
18:32:06.1 (24467784)|METHOD_EXIT|[86]|01pBK000001lv3t|CareerHistoryController.nullToEmpty(String)
18:32:06.1 (24477148)|VARIABLE_ASSIGNMENT|[EXTERNAL]|this|{"id":"4"}|0x72c9ceb5
18:32:06.1 (24480815)|VARIABLE_ASSIGNMENT|[EXTERNAL]|value|""
18:32:06.1 (24483875)|VARIABLE_ASSIGNMENT|[11]|this.jobDescription|""|0x72c9ceb5
18:32:06.1 (24487228)|STATEMENT_EXECUTE|[87]
18:32:06.1 (24497343)|VARIABLE_ASSIGNMENT|[EXTERNAL]|this|{"id":"4","jobDescription":""}|0x72c9ceb5
18:32:06.1 (24501871)|VARIABLE_ASSIGNMENT|[EXTERNAL]|value|false
18:32:06.1 (24504455)|HEAP_ALLOCATE|[9]|Bytes:5
18:32:06.1 (24507120)|VARIABLE_ASSIGNMENT|[9]|this.isCurrentJob|false|0x72c9ceb5
18:32:06.1 (24510950)|STATEMENT_EXECUTE|[88]
18:32:06.1 (24517651)|HEAP_ALLOCATE|[EXTERNAL]|Bytes:4
18:32:06.1 (24520647)|STATEMENT_EXECUTE|[90]
18:32:06.24 (24577080)|CUMULATIVE_LIMIT_USAGE
18:32:06.24 (24577080)|LIMIT_USAGE_FOR_NS|(default)|
  Number of SOQL queries: 1 out of 100
  Number of query rows: 1 out of 50000
  Number of SOSL queries: 0 out of 20
  Number of DML statements: 0 out of 150
  Number of Publish Immediate DML: 0 out of 150
  Number of DML rows: 0 out of 10000
  Maximum CPU time: 0 out of 10000
  Maximum heap size: 0 out of 6000000
  Number of callouts: 0 out of 100
  Number of Email Invocations: 0 out of 10
  Number of future calls: 0 out of 50
  Number of queueable jobs added to the queue: 0 out of 50
  Number of Mobile Apex push calls: 0 out of 10

18:32:06.24 (24577080)|CUMULATIVE_LIMIT_USAGE_END

18:32:06.1 (24605058)|CODE_UNIT_FINISHED|CareerHistoryController.getCareerHistory()
18:32:06.1 (24779465)|CODE_UNIT_FINISHED|apex://CareerHistoryController/ACTION$getCareerHistory
18:32:06.1 (24783953)|EXECUTION_FINISHED
