66.0 APEX_CODE,FINEST;APEX_PROFILING,INFO;CALLOUT,INFO;DATA_ACCESS,INFO;DB,INFO;NBA,INFO;SYSTEM,DEBUG;VALIDATION,INFO;VISUALFORCE,INFO;WAVE,INFO;WORKFLOW,INFO
18:07:03.2 (2083549)|USER_INFO|[EXTERNAL]|0057F0000042UBb|ishibashi@hurex.co.jp.dev1|(GMT+09:00) 日本標準時 (Asia/Tokyo)|GMT+09:00
18:07:03.2 (2113733)|EXECUTION_STARTED
18:07:03.2 (2121217)|CODE_UNIT_STARTED|[EXTERNAL]|apex://RegistrationInfoController/ACTION$getPrefecturePicklistValues
18:07:03.2 (4221539)|CODE_UNIT_STARTED|[EXTERNAL]|01pBK000001mgyr|RegistrationInfoController.getPrefecturePicklistValues()
18:07:03.2 (6141501)|HEAP_ALLOCATE|[95]|Bytes:3
18:07:03.2 (6252991)|HEAP_ALLOCATE|[100]|Bytes:152
18:07:03.2 (6270275)|HEAP_ALLOCATE|[417]|Bytes:408
18:07:03.2 (6280295)|HEAP_ALLOCATE|[430]|Bytes:408
18:07:03.2 (6302132)|HEAP_ALLOCATE|[317]|Bytes:6
18:07:03.2 (6313612)|HEAP_ALLOCATE|[EXTERNAL]|Bytes:23
18:07:03.2 (6319702)|HEAP_ALLOCATE|[EXTERNAL]|Bytes:36
18:07:03.2 (6321815)|HEAP_ALLOCATE|[EXTERNAL]|Bytes:13
18:07:03.2 (6341957)|METHOD_ENTRY|[5]|01pBK000001mgyr|RegistrationInfoController.RegistrationInfoController()
18:07:03.2 (6356005)|STATEMENT_EXECUTE|[5]
18:07:03.2 (6368013)|STATEMENT_EXECUTE|[5]
18:07:03.2 (6387642)|HEAP_ALLOCATE|[68]|Bytes:5
18:07:03.2 (6419818)|HEAP_ALLOCATE|[74]|Bytes:5
18:07:03.2 (6424565)|HEAP_ALLOCATE|[82]|Bytes:7
18:07:03.2 (6620199)|HEAP_ALLOCATE|[EXTERNAL]|Bytes:5
18:07:03.2 (6626545)|STATEMENT_EXECUTE|[7]
18:07:03.2 (6639662)|METHOD_EXIT|[5]|RegistrationInfoController
18:07:03.2 (6652403)|HEAP_ALLOCATE|[98]|Bytes:5
18:07:03.2 (6654787)|STATEMENT_EXECUTE|[97]
18:07:03.2 (6655695)|STATEMENT_EXECUTE|[98]
18:07:03.2 (6657812)|HEAP_ALLOCATE|[98]|Bytes:7
18:07:03.2 (6659817)|HEAP_ALLOCATE|[98]|Bytes:7
18:07:03.2 (14375091)|HEAP_ALLOCATE|[98]|Bytes:7
18:07:03.2 (14427267)|METHOD_ENTRY|[98]|01pBK000001mgyr|RegistrationInfoController.getPicklistValuesWithEmpty(Schema.SObjectField, String)
18:07:03.2 (14464571)|VARIABLE_SCOPE_BEGIN|[112]|field|Schema.SObjectField|true|false
18:07:03.2 (14667387)|VARIABLE_ASSIGNMENT|[112]|field|"common.apex.runtime.impl.ApexFieldToken@16da78cf"|0x16da78cf
18:07:03.2 (14674074)|VARIABLE_SCOPE_BEGIN|[112]|emptyLabel|String|false|false
18:07:03.2 (14682371)|VARIABLE_ASSIGNMENT|[112]|emptyLabel|"都道府県を選択"
18:07:03.2 (14700706)|HEAP_ALLOCATE|[113]|Bytes:5
18:07:03.2 (14705249)|STATEMENT_EXECUTE|[112]
18:07:03.2 (14706522)|STATEMENT_EXECUTE|[113]
18:07:03.2 (14727119)|HEAP_ALLOCATE|[113]|Bytes:4
18:07:03.2 (14761325)|VARIABLE_SCOPE_BEGIN|[113]|options|List<Map<String,String>>|true|false
18:07:03.2 (14802265)|HEAP_ALLOCATE|[EXTERNAL]|Bytes:4
18:07:03.2 (14814243)|VARIABLE_ASSIGNMENT|[113]|options|[]|0x7211f42c
18:07:03.2 (14817324)|STATEMENT_EXECUTE|[114]
18:07:03.2 (14828600)|HEAP_ALLOCATE|[114]|Bytes:4
18:07:03.2 (14837030)|VARIABLE_SCOPE_BEGIN|[114]|emptyOption|Map<String,String>|true|false
18:07:03.2 (14850756)|VARIABLE_ASSIGNMENT|[114]|emptyOption|{}|0xfb93d8e
18:07:03.2 (14853866)|STATEMENT_EXECUTE|[115]
18:07:03.2 (14856477)|HEAP_ALLOCATE|[115]|Bytes:5
18:07:03.2 (14895073)|HEAP_ALLOCATE|[EXTERNAL]|Bytes:-4
18:07:03.2 (14900713)|STATEMENT_EXECUTE|[116]
18:07:03.2 (14902128)|HEAP_ALLOCATE|[116]|Bytes:5
18:07:03.2 (14911169)|HEAP_ALLOCATE|[EXTERNAL]|Bytes:-4
18:07:03.2 (14914667)|STATEMENT_EXECUTE|[117]
18:07:03.2 (14934131)|HEAP_ALLOCATE|[EXTERNAL]|Bytes:4
18:07:03.2 (14937647)|STATEMENT_EXECUTE|[119]
18:07:03.2 (14938482)|STATEMENT_EXECUTE|[119]
18:07:03.2 (14939384)|STATEMENT_EXECUTE|[120]
18:07:03.2 (14973447)|SYSTEM_MODE_ENTER|true
18:07:03.2 (92032475)|HEAP_ALLOCATE|[EXTERNAL]|Bytes:4
18:07:03.2 (93131642)|HEAP_ALLOCATE|[120]|Bytes:8
18:07:03.2 (93177701)|VARIABLE_SCOPE_BEGIN|[120]|fieldResult|Schema.DescribeFieldResult|true|false
18:07:03.2 (97559062)|VARIABLE_ASSIGNMENT|[120]|fieldResult|"common.api.soap.wsdl.Field@46d67b16"|0x35c18ecd
18:07:03.2 (97657784)|HEAP_ALLOCATE|[EXTERNAL]|Bytes:192
18:07:03.2 (97751270)|HEAP_ALLOCATE|[121]|Bytes:192
18:07:03.2 (98095911)|HEAP_ALLOCATE|[121]|Bytes:5
18:07:03.2 (98133104)|HEAP_ALLOCATE|[121]|Bytes:4
18:07:03.2 (98143516)|VARIABLE_SCOPE_BEGIN|[121]|entry|Schema.PicklistEntry|true|false
18:07:03.2 (98171811)|VARIABLE_ASSIGNMENT|[121]|entry|北海道|0x1f379a3b
18:07:03.2 (98181750)|STATEMENT_EXECUTE|[121]
18:07:03.2 (98183525)|STATEMENT_EXECUTE|[122]
18:07:03.2 (98197109)|HEAP_ALLOCATE|[122]|Bytes:4
18:07:03.2 (98206710)|VARIABLE_SCOPE_BEGIN|[122]|option|Map<String,String>|true|false
18:07:03.2 (98223990)|VARIABLE_ASSIGNMENT|[122]|option|{}|0xdab763d
18:07:03.2 (98228780)|STATEMENT_EXECUTE|[123]
18:07:03.2 (98248633)|HEAP_ALLOCATE|[123]|Bytes:3
18:07:03.2 (98308985)|HEAP_ALLOCATE|[EXTERNAL]|Bytes:-4
18:07:03.2 (98316869)|STATEMENT_EXECUTE|[124]
18:07:03.2 (98325171)|HEAP_ALLOCATE|[124]|Bytes:3
18:07:03.2 (98340187)|HEAP_ALLOCATE|[EXTERNAL]|Bytes:-4
18:07:03.2 (98344825)|STATEMENT_EXECUTE|[125]
18:07:03.2 (98362812)|HEAP_ALLOCATE|[EXTERNAL]|Bytes:4
18:07:03.2 (98374192)|HEAP_ALLOCATE|[121]|Bytes:5
18:07:03.2 (98383809)|HEAP_ALLOCATE|[121]|Bytes:4
18:07:03.2 (98388823)|VARIABLE_SCOPE_BEGIN|[121]|entry|Schema.PicklistEntry|true|false
18:07:03.2 (98398186)|VARIABLE_ASSIGNMENT|[121]|entry|青森県|0x547a57b2
18:07:03.2 (98403731)|STATEMENT_EXECUTE|[121]
18:07:03.2 (98405073)|STATEMENT_EXECUTE|[122]
18:07:03.2 (98411635)|HEAP_ALLOCATE|[122]|Bytes:4
18:07:03.2 (98416127)|VARIABLE_SCOPE_BEGIN|[122]|option|Map<String,String>|true|false
18:07:03.2 (98424370)|VARIABLE_ASSIGNMENT|[122]|option|{}|0x32adb842
18:07:03.2 (98428732)|STATEMENT_EXECUTE|[123]
18:07:03.2 (98433188)|HEAP_ALLOCATE|[123]|Bytes:3
18:07:03.2 (98439520)|HEAP_ALLOCATE|[EXTERNAL]|Bytes:-4
18:07:03.2 (98443830)|STATEMENT_EXECUTE|[124]
18:07:03.2 (98446641)|HEAP_ALLOCATE|[124]|Bytes:3
18:07:03.2 (98451834)|HEAP_ALLOCATE|[EXTERNAL]|Bytes:-4
18:07:03.2 (98455847)|STATEMENT_EXECUTE|[125]
18:07:03.2 (98460325)|HEAP_ALLOCATE|[EXTERNAL]|Bytes:4
18:07:03.2 (98467126)|HEAP_ALLOCATE|[121]|Bytes:5
18:07:03.2 (98473449)|HEAP_ALLOCATE|[121]|Bytes:4
18:07:03.2 (98477044)|VARIABLE_SCOPE_BEGIN|[121]|entry|Schema.PicklistEntry|true|false
18:07:03.2 (98485050)|VARIABLE_ASSIGNMENT|[121]|entry|岩手県|0x11e81a6e
18:07:03.2 (98489815)|STATEMENT_EXECUTE|[121]
18:07:03.2 (98490962)|STATEMENT_EXECUTE|[122]
18:07:03.2 (98495116)|HEAP_ALLOCATE|[122]|Bytes:4
18:07:03.2 (98498686)|VARIABLE_SCOPE_BEGIN|[122]|option|Map<String,String>|true|false
18:07:03.2 (98504836)|VARIABLE_ASSIGNMENT|[122]|option|{}|0x47a48cf0
18:07:03.2 (98507421)|STATEMENT_EXECUTE|[123]
18:07:03.2 (98509782)|HEAP_ALLOCATE|[123]|Bytes:3
18:07:03.2 (98513393)|HEAP_ALLOCATE|[EXTERNAL]|Bytes:-4
18:07:03.2 (98516001)|STATEMENT_EXECUTE|[124]
18:07:03.2 (98517734)|HEAP_ALLOCATE|[124]|Bytes:3
18:07:03.2 (98520511)|HEAP_ALLOCATE|[EXTERNAL]|Bytes:-4
18:07:03.2 (98523015)|STATEMENT_EXECUTE|[125]
18:07:03.2 (98525282)|HEAP_ALLOCATE|[EXTERNAL]|Bytes:4
18:07:03.2 (98530052)|HEAP_ALLOCATE|[121]|Bytes:5
18:07:03.2 (98534077)|HEAP_ALLOCATE|[121]|Bytes:4
18:07:03.2 (98536211)|VARIABLE_SCOPE_BEGIN|[121]|entry|Schema.PicklistEntry|true|false
18:07:03.2 (98540606)|VARIABLE_ASSIGNMENT|[121]|entry|宮城県|0x41e59471
18:07:03.2 (98543295)|STATEMENT_EXECUTE|[121]
18:07:03.2 (98544075)|STATEMENT_EXECUTE|[122]
18:07:03.2 (98546487)|HEAP_ALLOCATE|[122]|Bytes:4
18:07:03.2 (98548417)|VARIABLE_SCOPE_BEGIN|[122]|option|Map<String,String>|true|false
18:07:03.2 (98552545)|VARIABLE_ASSIGNMENT|[122]|option|{}|0x1ed55ba7
18:07:03.2 (98554847)|STATEMENT_EXECUTE|[123]
18:07:03.2 (98556791)|HEAP_ALLOCATE|[123]|Bytes:3
18:07:03.2 (98560196)|HEAP_ALLOCATE|[EXTERNAL]|Bytes:-4
18:07:03.2 (98563954)|STATEMENT_EXECUTE|[124]
18:07:03.2 (98566245)|HEAP_ALLOCATE|[124]|Bytes:3
18:07:03.2 (98570455)|HEAP_ALLOCATE|[EXTERNAL]|Bytes:-4
18:07:03.2 (98573993)|STATEMENT_EXECUTE|[125]
18:07:03.2 (98577112)|HEAP_ALLOCATE|[EXTERNAL]|Bytes:4
18:07:03.2 (98583158)|HEAP_ALLOCATE|[121]|Bytes:5
18:07:03.2 (98588814)|HEAP_ALLOCATE|[121]|Bytes:4
18:07:03.2 (98592299)|VARIABLE_SCOPE_BEGIN|[121]|entry|Schema.PicklistEntry|true|false
18:07:03.2 (98598829)|VARIABLE_ASSIGNMENT|[121]|entry|秋田県|0x4f3f0979
18:07:03.2 (98602998)|STATEMENT_EXECUTE|[121]
18:07:03.2 (98604063)|STATEMENT_EXECUTE|[122]
18:07:03.2 (98607631)|HEAP_ALLOCATE|[122]|Bytes:4
18:07:03.2 (98610785)|VARIABLE_SCOPE_BEGIN|[122]|option|Map<String,String>|true|false
18:07:03.2 (98617448)|VARIABLE_ASSIGNMENT|[122]|option|{}|0x2c1fdf62
18:07:03.2 (98621158)|STATEMENT_EXECUTE|[123]
18:07:03.2 (98624291)|HEAP_ALLOCATE|[123]|Bytes:3
18:07:03.2 (98628963)|HEAP_ALLOCATE|[EXTERNAL]|Bytes:-4
18:07:03.2 (98632839)|STATEMENT_EXECUTE|[124]
18:07:03.2 (98635282)|HEAP_ALLOCATE|[124]|Bytes:3
18:07:03.2 (98639477)|HEAP_ALLOCATE|[EXTERNAL]|Bytes:-4
18:07:03.2 (98643205)|STATEMENT_EXECUTE|[125]
18:07:03.2 (98646680)|HEAP_ALLOCATE|[EXTERNAL]|Bytes:4
18:07:03.2 (98653272)|HEAP_ALLOCATE|[121]|Bytes:5
18:07:03.2 (98659332)|HEAP_ALLOCATE|[121]|Bytes:4
18:07:03.2 (98662747)|VARIABLE_SCOPE_BEGIN|[121]|entry|Schema.PicklistEntry|true|false
18:07:03.2 (98669345)|VARIABLE_ASSIGNMENT|[121]|entry|山形県|0x4134808c
18:07:03.2 (98673076)|STATEMENT_EXECUTE|[121]
18:07:03.2 (98674354)|STATEMENT_EXECUTE|[122]
18:07:03.2 (98677901)|HEAP_ALLOCATE|[122]|Bytes:4
18:07:03.2 (98681191)|VARIABLE_SCOPE_BEGIN|[122]|option|Map<String,String>|true|false
18:07:03.2 (98687507)|VARIABLE_ASSIGNMENT|[122]|option|{}|0x7588e36e
18:07:03.2 (98691333)|STATEMENT_EXECUTE|[123]
18:07:03.2 (98694217)|HEAP_ALLOCATE|[123]|Bytes:3
18:07:03.2 (98699117)|HEAP_ALLOCATE|[EXTERNAL]|Bytes:-4
18:07:03.2 (98702607)|STATEMENT_EXECUTE|[124]
18:07:03.2 (98705274)|HEAP_ALLOCATE|[124]|Bytes:3
18:07:03.2 (98709575)|HEAP_ALLOCATE|[EXTERNAL]|Bytes:-4
18:07:03.2 (98713214)|STATEMENT_EXECUTE|[125]
18:07:03.2 (98716315)|HEAP_ALLOCATE|[EXTERNAL]|Bytes:4
18:07:03.2 (98723576)|HEAP_ALLOCATE|[121]|Bytes:5
18:07:03.2 (98729118)|HEAP_ALLOCATE|[121]|Bytes:4
18:07:03.2 (98732534)|VARIABLE_SCOPE_BEGIN|[121]|entry|Schema.PicklistEntry|true|false
18:07:03.2 (98739065)|VARIABLE_ASSIGNMENT|[121]|entry|福島県|0x42cb4867
18:07:03.2 (98743065)|STATEMENT_EXECUTE|[121]
18:07:03.2 (98744306)|STATEMENT_EXECUTE|[122]
18:07:03.2 (98747715)|HEAP_ALLOCATE|[122]|Bytes:4
18:07:03.2 (98751145)|VARIABLE_SCOPE_BEGIN|[122]|option|Map<String,String>|true|false
18:07:03.2 (98758007)|VARIABLE_ASSIGNMENT|[122]|option|{}|0x10fd7b93
18:07:03.2 (98761841)|STATEMENT_EXECUTE|[123]
18:07:03.2 (98764576)|HEAP_ALLOCATE|[123]|Bytes:3
18:07:03.2 (98769390)|HEAP_ALLOCATE|[EXTERNAL]|Bytes:-4
18:07:03.2 (98773155)|STATEMENT_EXECUTE|[124]
18:07:03.2 (98775536)|HEAP_ALLOCATE|[124]|Bytes:3
18:07:03.2 (98779931)|HEAP_ALLOCATE|[EXTERNAL]|Bytes:-4
18:07:03.2 (98783870)|STATEMENT_EXECUTE|[125]
18:07:03.2 (98787268)|HEAP_ALLOCATE|[EXTERNAL]|Bytes:4
18:07:03.2 (98793560)|HEAP_ALLOCATE|[121]|Bytes:5
18:07:03.2 (98799542)|HEAP_ALLOCATE|[121]|Bytes:4
18:07:03.2 (98802975)|VARIABLE_SCOPE_BEGIN|[121]|entry|Schema.PicklistEntry|true|false
18:07:03.2 (98808811)|VARIABLE_ASSIGNMENT|[121]|entry|茨城県|0x7528a9e0
18:07:03.2 (98812871)|STATEMENT_EXECUTE|[121]
18:07:03.2 (98814181)|STATEMENT_EXECUTE|[122]
18:07:03.2 (98817738)|HEAP_ALLOCATE|[122]|Bytes:4
18:07:03.2 (98820755)|VARIABLE_SCOPE_BEGIN|[122]|option|Map<String,String>|true|false
18:07:03.2 (98828215)|VARIABLE_ASSIGNMENT|[122]|option|{}|0x4709b7b8
18:07:03.2 (98832094)|STATEMENT_EXECUTE|[123]
18:07:03.2 (98834728)|HEAP_ALLOCATE|[123]|Bytes:3
18:07:03.2 (98839687)|HEAP_ALLOCATE|[EXTERNAL]|Bytes:-4
18:07:03.2 (98843668)|STATEMENT_EXECUTE|[124]
18:07:03.2 (98846403)|HEAP_ALLOCATE|[124]|Bytes:3
18:07:03.2 (98850559)|HEAP_ALLOCATE|[EXTERNAL]|Bytes:-4
18:07:03.2 (98854826)|STATEMENT_EXECUTE|[125]
18:07:03.2 (98857948)|HEAP_ALLOCATE|[EXTERNAL]|Bytes:4
18:07:03.2 (98864317)|HEAP_ALLOCATE|[121]|Bytes:5
18:07:03.2 (98869986)|HEAP_ALLOCATE|[121]|Bytes:4
18:07:03.2 (98874311)|VARIABLE_SCOPE_BEGIN|[121]|entry|Schema.PicklistEntry|true|false
18:07:03.2 (98878568)|VARIABLE_ASSIGNMENT|[121]|entry|栃木県|0x5f19474e
18:07:03.2 (98881288)|STATEMENT_EXECUTE|[121]
18:07:03.2 (98882062)|STATEMENT_EXECUTE|[122]
18:07:03.2 (98884567)|HEAP_ALLOCATE|[122]|Bytes:4
18:07:03.2 (98886542)|VARIABLE_SCOPE_BEGIN|[122]|option|Map<String,String>|true|false
18:07:03.2 (98890865)|VARIABLE_ASSIGNMENT|[122]|option|{}|0x24c39edd
18:07:03.2 (98893168)|STATEMENT_EXECUTE|[123]
18:07:03.2 (98894965)|HEAP_ALLOCATE|[123]|Bytes:3
18:07:03.2 (98898090)|HEAP_ALLOCATE|[EXTERNAL]|Bytes:-4
18:07:03.2 (98900585)|STATEMENT_EXECUTE|[124]
18:07:03.2 (98902213)|HEAP_ALLOCATE|[124]|Bytes:3
18:07:03.2 (98905022)|HEAP_ALLOCATE|[EXTERNAL]|Bytes:-4
18:07:03.2 (98907686)|STATEMENT_EXECUTE|[125]
18:07:03.2 (98909694)|HEAP_ALLOCATE|[EXTERNAL]|Bytes:4
18:07:03.2 (98914412)|HEAP_ALLOCATE|[121]|Bytes:5
18:07:03.2 (98917941)|HEAP_ALLOCATE|[121]|Bytes:4
18:07:03.2 (98920045)|VARIABLE_SCOPE_BEGIN|[121]|entry|Schema.PicklistEntry|true|false
18:07:03.2 (98924091)|VARIABLE_ASSIGNMENT|[121]|entry|群馬県|0x1414540c
18:07:03.2 (98926927)|STATEMENT_EXECUTE|[121]
18:07:03.2 (98928313)|STATEMENT_EXECUTE|[122]
18:07:03.2 (98931342)|HEAP_ALLOCATE|[122]|Bytes:4
18:07:03.2 (98934192)|VARIABLE_SCOPE_BEGIN|[122]|option|Map<String,String>|true|false
18:07:03.2 (98940460)|VARIABLE_ASSIGNMENT|[122]|option|{}|0x1eaa8541
18:07:03.2 (98944438)|STATEMENT_EXECUTE|[123]
18:07:03.2 (98947201)|HEAP_ALLOCATE|[123]|Bytes:3
18:07:03.2 (98951708)|HEAP_ALLOCATE|[EXTERNAL]|Bytes:-4
18:07:03.2 (98955391)|STATEMENT_EXECUTE|[124]
18:07:03.2 (98958076)|HEAP_ALLOCATE|[124]|Bytes:3
18:07:03.2 (98962016)|HEAP_ALLOCATE|[EXTERNAL]|Bytes:-4
18:07:03.2 (98965580)|STATEMENT_EXECUTE|[125]
18:07:03.2 (98968492)|HEAP_ALLOCATE|[EXTERNAL]|Bytes:4
18:07:03.2 (98975067)|HEAP_ALLOCATE|[121]|Bytes:5
18:07:03.2 (98980534)|HEAP_ALLOCATE|[121]|Bytes:4
18:07:03.2 (98983944)|VARIABLE_SCOPE_BEGIN|[121]|entry|Schema.PicklistEntry|true|false
18:07:03.2 (98989424)|VARIABLE_ASSIGNMENT|[121]|entry|埼玉県|0xb9c82ed
18:07:03.2 (98998826)|STATEMENT_EXECUTE|[121]
18:07:03.2 (98999821)|STATEMENT_EXECUTE|[122]
18:07:03.2 (99003247)|HEAP_ALLOCATE|[122]|Bytes:4
18:07:03.2 (99007495)|VARIABLE_SCOPE_BEGIN|[122]|option|Map<String,String>|true|false
18:07:03.2 (99014406)|VARIABLE_ASSIGNMENT|[122]|option|{}|0x3391d035
18:07:03.2 (99018408)|STATEMENT_EXECUTE|[123]
18:07:03.2 (99021776)|HEAP_ALLOCATE|[123]|Bytes:3
18:07:03.2 (99026930)|HEAP_ALLOCATE|[EXTERNAL]|Bytes:-4
18:07:03.2 (99031003)|STATEMENT_EXECUTE|[124]
18:07:03.2 (99033542)|HEAP_ALLOCATE|[124]|Bytes:3
18:07:03.2 (99038336)|HEAP_ALLOCATE|[EXTERNAL]|Bytes:-4
18:07:03.2 (99042064)|STATEMENT_EXECUTE|[125]
18:07:03.2 (99045093)|HEAP_ALLOCATE|[EXTERNAL]|Bytes:4
18:07:03.2 (99052054)|HEAP_ALLOCATE|[121]|Bytes:5
18:07:03.2 (99058926)|HEAP_ALLOCATE|[121]|Bytes:4
18:07:03.2 (99062663)|VARIABLE_SCOPE_BEGIN|[121]|entry|Schema.PicklistEntry|true|false
18:07:03.2 (99069710)|VARIABLE_ASSIGNMENT|[121]|entry|千葉県|0x513467f
18:07:03.2 (99073385)|STATEMENT_EXECUTE|[121]
18:07:03.2 (99074460)|STATEMENT_EXECUTE|[122]
18:07:03.2 (99078748)|HEAP_ALLOCATE|[122]|Bytes:4
18:07:03.2 (99081211)|VARIABLE_SCOPE_BEGIN|[122]|option|Map<String,String>|true|false
18:07:03.2 (99086107)|VARIABLE_ASSIGNMENT|[122]|option|{}|0x4f595b11
18:07:03.2 (99089015)|STATEMENT_EXECUTE|[123]
18:07:03.2 (99091133)|HEAP_ALLOCATE|[123]|Bytes:3
18:07:03.2 (99094616)|HEAP_ALLOCATE|[EXTERNAL]|Bytes:-4
18:07:03.2 (99097262)|STATEMENT_EXECUTE|[124]
18:07:03.2 (99098930)|HEAP_ALLOCATE|[124]|Bytes:3
18:07:03.2 (99103286)|HEAP_ALLOCATE|[EXTERNAL]|Bytes:-4
18:07:03.2 (99107027)|STATEMENT_EXECUTE|[125]
18:07:03.2 (99110078)|HEAP_ALLOCATE|[EXTERNAL]|Bytes:4
18:07:03.2 (99117095)|HEAP_ALLOCATE|[121]|Bytes:5
18:07:03.2 (99123068)|HEAP_ALLOCATE|[121]|Bytes:4
18:07:03.2 (99126933)|VARIABLE_SCOPE_BEGIN|[121]|entry|Schema.PicklistEntry|true|false
18:07:03.2 (99133615)|VARIABLE_ASSIGNMENT|[121]|entry|東京都|0x20bd33fd
18:07:03.2 (99137701)|STATEMENT_EXECUTE|[121]
18:07:03.2 (99138806)|STATEMENT_EXECUTE|[122]
18:07:03.2 (99142133)|HEAP_ALLOCATE|[122]|Bytes:4
18:07:03.2 (99145217)|VARIABLE_SCOPE_BEGIN|[122]|option|Map<String,String>|true|false
18:07:03.2 (99151624)|VARIABLE_ASSIGNMENT|[122]|option|{}|0x1d905fa7
18:07:03.2 (99155209)|STATEMENT_EXECUTE|[123]
18:07:03.2 (99157917)|HEAP_ALLOCATE|[123]|Bytes:3
18:07:03.2 (99162274)|HEAP_ALLOCATE|[EXTERNAL]|Bytes:-4
18:07:03.2 (99165933)|STATEMENT_EXECUTE|[124]
18:07:03.2 (99168366)|HEAP_ALLOCATE|[124]|Bytes:3
18:07:03.2 (99172748)|HEAP_ALLOCATE|[EXTERNAL]|Bytes:-4
18:07:03.2 (99176913)|STATEMENT_EXECUTE|[125]
18:07:03.2 (99180078)|HEAP_ALLOCATE|[EXTERNAL]|Bytes:4
18:07:03.2 (99186773)|HEAP_ALLOCATE|[121]|Bytes:5
18:07:03.2 (99192638)|HEAP_ALLOCATE|[121]|Bytes:4
18:07:03.2 (99197727)|VARIABLE_SCOPE_BEGIN|[121]|entry|Schema.PicklistEntry|true|false
18:07:03.2 (99202801)|VARIABLE_ASSIGNMENT|[121]|entry|神奈川県|0x2afc2d4
18:07:03.2 (99205438)|STATEMENT_EXECUTE|[121]
18:07:03.2 (99206223)|STATEMENT_EXECUTE|[122]
18:07:03.2 (99208861)|HEAP_ALLOCATE|[122]|Bytes:4
18:07:03.2 (99211129)|VARIABLE_SCOPE_BEGIN|[122]|option|Map<String,String>|true|false
18:07:03.2 (99215350)|VARIABLE_ASSIGNMENT|[122]|option|{}|0x7ab9043
18:07:03.2 (99217750)|STATEMENT_EXECUTE|[123]
18:07:03.2 (99219681)|HEAP_ALLOCATE|[123]|Bytes:4
18:07:03.2 (99222939)|HEAP_ALLOCATE|[EXTERNAL]|Bytes:-4
18:07:03.2 (99225497)|STATEMENT_EXECUTE|[124]
18:07:03.2 (99227184)|HEAP_ALLOCATE|[124]|Bytes:4
18:07:03.2 (99230095)|HEAP_ALLOCATE|[EXTERNAL]|Bytes:-4
18:07:03.2 (99232527)|STATEMENT_EXECUTE|[125]
18:07:03.2 (99234572)|HEAP_ALLOCATE|[EXTERNAL]|Bytes:4
18:07:03.2 (99238842)|HEAP_ALLOCATE|[121]|Bytes:5
18:07:03.2 (99242637)|HEAP_ALLOCATE|[121]|Bytes:4
18:07:03.2 (99244732)|VARIABLE_SCOPE_BEGIN|[121]|entry|Schema.PicklistEntry|true|false
18:07:03.2 (99248742)|VARIABLE_ASSIGNMENT|[121]|entry|新潟県|0x4e407990
18:07:03.2 (99251627)|STATEMENT_EXECUTE|[121]
18:07:03.2 (99252428)|STATEMENT_EXECUTE|[122]
18:07:03.2 (99255164)|HEAP_ALLOCATE|[122]|Bytes:4
18:07:03.2 (99257117)|VARIABLE_SCOPE_BEGIN|[122]|option|Map<String,String>|true|false
18:07:03.2 (99261307)|VARIABLE_ASSIGNMENT|[122]|option|{}|0x51b27a98
18:07:03.2 (99263826)|STATEMENT_EXECUTE|[123]
18:07:03.2 (99265516)|HEAP_ALLOCATE|[123]|Bytes:3
18:07:03.2 (99269003)|HEAP_ALLOCATE|[EXTERNAL]|Bytes:-4
18:07:03.2 (99271432)|STATEMENT_EXECUTE|[124]
18:07:03.2 (99273034)|HEAP_ALLOCATE|[124]|Bytes:3
18:07:03.2 (99275846)|HEAP_ALLOCATE|[EXTERNAL]|Bytes:-4
18:07:03.2 (99278358)|STATEMENT_EXECUTE|[125]
18:07:03.2 (99280426)|HEAP_ALLOCATE|[EXTERNAL]|Bytes:4
18:07:03.2 (99284463)|HEAP_ALLOCATE|[121]|Bytes:5
18:07:03.2 (99287986)|HEAP_ALLOCATE|[121]|Bytes:4
18:07:03.2 (99290000)|VARIABLE_SCOPE_BEGIN|[121]|entry|Schema.PicklistEntry|true|false
18:07:03.2 (99294087)|VARIABLE_ASSIGNMENT|[121]|entry|富山県|0x2d77bb18
18:07:03.2 (99296793)|STATEMENT_EXECUTE|[121]
18:07:03.2 (99297592)|STATEMENT_EXECUTE|[122]
18:07:03.2 (99299664)|HEAP_ALLOCATE|[122]|Bytes:4
18:07:03.2 (99301578)|VARIABLE_SCOPE_BEGIN|[122]|option|Map<String,String>|true|false
18:07:03.2 (99305684)|VARIABLE_ASSIGNMENT|[122]|option|{}|0x76850f7d
18:07:03.2 (99308133)|STATEMENT_EXECUTE|[123]
18:07:03.2 (99309656)|HEAP_ALLOCATE|[123]|Bytes:3
18:07:03.2 (99312751)|HEAP_ALLOCATE|[EXTERNAL]|Bytes:-4
18:07:03.2 (99315171)|STATEMENT_EXECUTE|[124]
18:07:03.2 (99316760)|HEAP_ALLOCATE|[124]|Bytes:3
18:07:03.2 (99319510)|HEAP_ALLOCATE|[EXTERNAL]|Bytes:-4
18:07:03.2 (99321951)|STATEMENT_EXECUTE|[125]
18:07:03.2 (99324046)|HEAP_ALLOCATE|[EXTERNAL]|Bytes:4
18:07:03.2 (99328111)|HEAP_ALLOCATE|[121]|Bytes:5
18:07:03.2 (99331872)|HEAP_ALLOCATE|[121]|Bytes:4
18:07:03.2 (99333893)|VARIABLE_SCOPE_BEGIN|[121]|entry|Schema.PicklistEntry|true|false
18:07:03.2 (99337864)|VARIABLE_ASSIGNMENT|[121]|entry|石川県|0x3b4474c4
18:07:03.2 (99340377)|STATEMENT_EXECUTE|[121]
18:07:03.2 (99341197)|STATEMENT_EXECUTE|[122]
18:07:03.2 (99343155)|HEAP_ALLOCATE|[122]|Bytes:4
18:07:03.2 (99345063)|VARIABLE_SCOPE_BEGIN|[122]|option|Map<String,String>|true|false
18:07:03.2 (99349057)|VARIABLE_ASSIGNMENT|[122]|option|{}|0x7960af8e
18:07:03.2 (99351441)|STATEMENT_EXECUTE|[123]
18:07:03.2 (99353139)|HEAP_ALLOCATE|[123]|Bytes:3
18:07:03.2 (99356137)|HEAP_ALLOCATE|[EXTERNAL]|Bytes:-4
18:07:03.2 (99358603)|STATEMENT_EXECUTE|[124]
18:07:03.2 (99360208)|HEAP_ALLOCATE|[124]|Bytes:3
18:07:03.2 (99362941)|HEAP_ALLOCATE|[EXTERNAL]|Bytes:-4
18:07:03.2 (99365472)|STATEMENT_EXECUTE|[125]
18:07:03.2 (99367601)|HEAP_ALLOCATE|[EXTERNAL]|Bytes:4
18:07:03.2 (99371756)|HEAP_ALLOCATE|[121]|Bytes:5
18:07:03.2 (99375578)|HEAP_ALLOCATE|[121]|Bytes:4
18:07:03.2 (99377532)|VARIABLE_SCOPE_BEGIN|[121]|entry|Schema.PicklistEntry|true|false
18:07:03.2 (99382261)|VARIABLE_ASSIGNMENT|[121]|entry|福井県|0x69df74c1
18:07:03.2 (99386183)|STATEMENT_EXECUTE|[121]
18:07:03.2 (99387223)|STATEMENT_EXECUTE|[122]
18:07:03.2 (99390385)|HEAP_ALLOCATE|[122]|Bytes:4
18:07:03.2 (99393783)|VARIABLE_SCOPE_BEGIN|[122]|option|Map<String,String>|true|false
18:07:03.2 (99400210)|VARIABLE_ASSIGNMENT|[122]|option|{}|0x377f6060
18:07:03.2 (99404151)|STATEMENT_EXECUTE|[123]
18:07:03.2 (99407175)|HEAP_ALLOCATE|[123]|Bytes:3
18:07:03.2 (99411994)|HEAP_ALLOCATE|[EXTERNAL]|Bytes:-4
18:07:03.2 (99415884)|STATEMENT_EXECUTE|[124]
18:07:03.2 (99418213)|HEAP_ALLOCATE|[124]|Bytes:3
18:07:03.2 (99423256)|HEAP_ALLOCATE|[EXTERNAL]|Bytes:-4
18:07:03.2 (99425945)|STATEMENT_EXECUTE|[125]
18:07:03.2 (99428157)|HEAP_ALLOCATE|[EXTERNAL]|Bytes:4
18:07:03.2 (99432743)|HEAP_ALLOCATE|[121]|Bytes:5
18:07:03.2 (99436733)|HEAP_ALLOCATE|[121]|Bytes:4
18:07:03.2 (99439290)|VARIABLE_SCOPE_BEGIN|[121]|entry|Schema.PicklistEntry|true|false
18:07:03.2 (99443573)|VARIABLE_ASSIGNMENT|[121]|entry|山梨県|0x2f85d01f
18:07:03.2 (99446182)|STATEMENT_EXECUTE|[121]
18:07:03.2 (99446986)|STATEMENT_EXECUTE|[122]
18:07:03.2 (99449732)|HEAP_ALLOCATE|[122]|Bytes:4
18:07:03.2 (99451811)|VARIABLE_SCOPE_BEGIN|[122]|option|Map<String,String>|true|false
18:07:03.2 (99456033)|VARIABLE_ASSIGNMENT|[122]|option|{}|0x53e516be
18:07:03.2 (99458726)|STATEMENT_EXECUTE|[123]
18:07:03.2 (99460509)|HEAP_ALLOCATE|[123]|Bytes:3
18:07:03.2 (99463688)|HEAP_ALLOCATE|[EXTERNAL]|Bytes:-4
18:07:03.2 (99466197)|STATEMENT_EXECUTE|[124]
18:07:03.2 (99467867)|HEAP_ALLOCATE|[124]|Bytes:3
18:07:03.2 (99470643)|HEAP_ALLOCATE|[EXTERNAL]|Bytes:-4
18:07:03.2 (99473042)|STATEMENT_EXECUTE|[125]
18:07:03.2 (99475141)|HEAP_ALLOCATE|[EXTERNAL]|Bytes:4
18:07:03.2 (99479412)|HEAP_ALLOCATE|[121]|Bytes:5
18:07:03.2 (99482960)|HEAP_ALLOCATE|[121]|Bytes:4
18:07:03.2 (99484954)|VARIABLE_SCOPE_BEGIN|[121]|entry|Schema.PicklistEntry|true|false
18:07:03.2 (99488969)|VARIABLE_ASSIGNMENT|[121]|entry|長野県|0x410e197f
18:07:03.2 (99491591)|STATEMENT_EXECUTE|[121]
18:07:03.2 (99492372)|STATEMENT_EXECUTE|[122]
18:07:03.2 (99494572)|HEAP_ALLOCATE|[122]|Bytes:4
18:07:03.2 (99496687)|VARIABLE_SCOPE_BEGIN|[122]|option|Map<String,String>|true|false
18:07:03.2 (99500632)|VARIABLE_ASSIGNMENT|[122]|option|{}|0xdbe1d5e
18:07:03.2 (99503023)|STATEMENT_EXECUTE|[123]
18:07:03.2 (99504540)|HEAP_ALLOCATE|[123]|Bytes:3
18:07:03.2 (99508002)|HEAP_ALLOCATE|[EXTERNAL]|Bytes:-4
18:07:03.2 (99510508)|STATEMENT_EXECUTE|[124]
18:07:03.2 (99512113)|HEAP_ALLOCATE|[124]|Bytes:3
18:07:03.2 (99514900)|HEAP_ALLOCATE|[EXTERNAL]|Bytes:-4
18:07:03.2 (99517343)|STATEMENT_EXECUTE|[125]
18:07:03.2 (99519418)|HEAP_ALLOCATE|[EXTERNAL]|Bytes:4
18:07:03.2 (99523436)|HEAP_ALLOCATE|[121]|Bytes:5
18:07:03.2 (99526993)|HEAP_ALLOCATE|[121]|Bytes:4
18:07:03.2 (99529005)|VARIABLE_SCOPE_BEGIN|[121]|entry|Schema.PicklistEntry|true|false
18:07:03.2 (99533263)|VARIABLE_ASSIGNMENT|[121]|entry|岐阜県|0xcba31de
18:07:03.2 (99535957)|STATEMENT_EXECUTE|[121]
18:07:03.2 (99536732)|STATEMENT_EXECUTE|[122]
18:07:03.2 (99538803)|HEAP_ALLOCATE|[122]|Bytes:4
18:07:03.2 (99540808)|VARIABLE_SCOPE_BEGIN|[122]|option|Map<String,String>|true|false
18:07:03.2 (99544791)|VARIABLE_ASSIGNMENT|[122]|option|{}|0x77918611
18:07:03.2 (99547093)|STATEMENT_EXECUTE|[123]
18:07:03.2 (99548791)|HEAP_ALLOCATE|[123]|Bytes:3
18:07:03.2 (99551707)|HEAP_ALLOCATE|[EXTERNAL]|Bytes:-4
18:07:03.2 (99554292)|STATEMENT_EXECUTE|[124]
18:07:03.2 (99556037)|HEAP_ALLOCATE|[124]|Bytes:3
18:07:03.2 (99558803)|HEAP_ALLOCATE|[EXTERNAL]|Bytes:-4
18:07:03.2 (99561260)|STATEMENT_EXECUTE|[125]
18:07:03.2 (99563280)|HEAP_ALLOCATE|[EXTERNAL]|Bytes:4
18:07:03.2 (99567352)|HEAP_ALLOCATE|[121]|Bytes:5
18:07:03.2 (99570810)|HEAP_ALLOCATE|[121]|Bytes:4
18:07:03.2 (99572971)|VARIABLE_SCOPE_BEGIN|[121]|entry|Schema.PicklistEntry|true|false
18:07:03.2 (99577934)|VARIABLE_ASSIGNMENT|[121]|entry|静岡県|0x46e5ac7d
18:07:03.2 (99581956)|STATEMENT_EXECUTE|[121]
18:07:03.2 (99583357)|STATEMENT_EXECUTE|[122]
18:07:03.2 (99586195)|HEAP_ALLOCATE|[122]|Bytes:4
18:07:03.2 (99589235)|VARIABLE_SCOPE_BEGIN|[122]|option|Map<String,String>|true|false
18:07:03.2 (99595158)|VARIABLE_ASSIGNMENT|[122]|option|{}|0x3b4c0d12
18:07:03.2 (99598463)|STATEMENT_EXECUTE|[123]
18:07:03.2 (99601086)|HEAP_ALLOCATE|[123]|Bytes:3
18:07:03.2 (99606252)|HEAP_ALLOCATE|[EXTERNAL]|Bytes:-4
18:07:03.2 (99610191)|STATEMENT_EXECUTE|[124]
18:07:03.2 (99612484)|HEAP_ALLOCATE|[124]|Bytes:3
18:07:03.2 (99617111)|HEAP_ALLOCATE|[EXTERNAL]|Bytes:-4
18:07:03.2 (99620823)|STATEMENT_EXECUTE|[125]
18:07:03.2 (99623940)|HEAP_ALLOCATE|[EXTERNAL]|Bytes:4
18:07:03.2 (99630912)|HEAP_ALLOCATE|[121]|Bytes:5
18:07:03.2 (99636677)|HEAP_ALLOCATE|[121]|Bytes:4
18:07:03.2 (99640429)|VARIABLE_SCOPE_BEGIN|[121]|entry|Schema.PicklistEntry|true|false
18:07:03.2 (99647048)|VARIABLE_ASSIGNMENT|[121]|entry|愛知県|0x66a5ff64
18:07:03.2 (99651342)|STATEMENT_EXECUTE|[121]
18:07:03.2 (99652687)|STATEMENT_EXECUTE|[122]
18:07:03.2 (99655953)|HEAP_ALLOCATE|[122]|Bytes:4
18:07:03.2 (99659272)|VARIABLE_SCOPE_BEGIN|[122]|option|Map<String,String>|true|false
18:07:03.2 (99665787)|VARIABLE_ASSIGNMENT|[122]|option|{}|0x1dff4caf
18:07:03.2 (99669461)|STATEMENT_EXECUTE|[123]
18:07:03.2 (99672162)|HEAP_ALLOCATE|[123]|Bytes:3
18:07:03.2 (99677082)|HEAP_ALLOCATE|[EXTERNAL]|Bytes:-4
18:07:03.2 (99681016)|STATEMENT_EXECUTE|[124]
18:07:03.2 (99683509)|HEAP_ALLOCATE|[124]|Bytes:3
18:07:03.2 (99687995)|HEAP_ALLOCATE|[EXTERNAL]|Bytes:-4
18:07:03.2 (99691833)|STATEMENT_EXECUTE|[125]
18:07:03.2 (99695092)|HEAP_ALLOCATE|[EXTERNAL]|Bytes:4
18:07:03.2 (99701923)|HEAP_ALLOCATE|[121]|Bytes:5
18:07:03.2 (99707627)|HEAP_ALLOCATE|[121]|Bytes:4
18:07:03.2 (99711159)|VARIABLE_SCOPE_BEGIN|[121]|entry|Schema.PicklistEntry|true|false
18:07:03.2 (99717933)|VARIABLE_ASSIGNMENT|[121]|entry|三重県|0x76928d29
18:07:03.2 (99722228)|STATEMENT_EXECUTE|[121]
18:07:03.2 (99723410)|STATEMENT_EXECUTE|[122]
18:07:03.2 (99726871)|HEAP_ALLOCATE|[122]|Bytes:4
18:07:03.2 (99730200)|VARIABLE_SCOPE_BEGIN|[122]|option|Map<String,String>|true|false
18:07:03.2 (99736824)|VARIABLE_ASSIGNMENT|[122]|option|{}|0x2ded2a74
18:07:03.2 (99740331)|STATEMENT_EXECUTE|[123]
18:07:03.2 (99742952)|HEAP_ALLOCATE|[123]|Bytes:3
18:07:03.2 (99747591)|HEAP_ALLOCATE|[EXTERNAL]|Bytes:-4
18:07:03.2 (99751169)|STATEMENT_EXECUTE|[124]
18:07:03.2 (99753675)|HEAP_ALLOCATE|[124]|Bytes:3
18:07:03.2 (99757908)|HEAP_ALLOCATE|[EXTERNAL]|Bytes:-4
18:07:03.2 (99761662)|STATEMENT_EXECUTE|[125]
18:07:03.2 (99764768)|HEAP_ALLOCATE|[EXTERNAL]|Bytes:4
18:07:03.2 (99771383)|HEAP_ALLOCATE|[121]|Bytes:5
18:07:03.2 (99776974)|HEAP_ALLOCATE|[121]|Bytes:4
18:07:03.2 (99780425)|VARIABLE_SCOPE_BEGIN|[121]|entry|Schema.PicklistEntry|true|false
18:07:03.2 (99786659)|VARIABLE_ASSIGNMENT|[121]|entry|滋賀県|0x647abe72
18:07:03.2 (99791224)|STATEMENT_EXECUTE|[121]
18:07:03.2 (99792577)|STATEMENT_EXECUTE|[122]
18:07:03.2 (99796003)|HEAP_ALLOCATE|[122]|Bytes:4
18:07:03.2 (99799373)|VARIABLE_SCOPE_BEGIN|[122]|option|Map<String,String>|true|false
18:07:03.2 (99806452)|VARIABLE_ASSIGNMENT|[122]|option|{}|0x3071c66
18:07:03.2 (99809945)|STATEMENT_EXECUTE|[123]
18:07:03.2 (99812739)|HEAP_ALLOCATE|[123]|Bytes:3
18:07:03.2 (99817740)|HEAP_ALLOCATE|[EXTERNAL]|Bytes:-4
18:07:03.2 (99821687)|STATEMENT_EXECUTE|[124]
18:07:03.2 (99824198)|HEAP_ALLOCATE|[124]|Bytes:3
18:07:03.2 (99828238)|HEAP_ALLOCATE|[EXTERNAL]|Bytes:-4
18:07:03.2 (99831770)|STATEMENT_EXECUTE|[125]
18:07:03.2 (99834854)|HEAP_ALLOCATE|[EXTERNAL]|Bytes:4
18:07:03.2 (99841365)|HEAP_ALLOCATE|[121]|Bytes:5
18:07:03.2 (99847341)|HEAP_ALLOCATE|[121]|Bytes:4
18:07:03.2 (99850847)|VARIABLE_SCOPE_BEGIN|[121]|entry|Schema.PicklistEntry|true|false
18:07:03.2 (99857363)|VARIABLE_ASSIGNMENT|[121]|entry|京都府|0x619e32ea
18:07:03.2 (99861474)|STATEMENT_EXECUTE|[121]
18:07:03.2 (99862552)|STATEMENT_EXECUTE|[122]
18:07:03.2 (99866400)|HEAP_ALLOCATE|[122]|Bytes:4
18:07:03.2 (99869966)|VARIABLE_SCOPE_BEGIN|[122]|option|Map<String,String>|true|false
18:07:03.2 (99877086)|VARIABLE_ASSIGNMENT|[122]|option|{}|0x25e41a27
18:07:03.2 (99880553)|STATEMENT_EXECUTE|[123]
18:07:03.2 (99883431)|HEAP_ALLOCATE|[123]|Bytes:3
18:07:03.2 (99888466)|HEAP_ALLOCATE|[EXTERNAL]|Bytes:-4
18:07:03.2 (99893722)|STATEMENT_EXECUTE|[124]
18:07:03.2 (99895693)|HEAP_ALLOCATE|[124]|Bytes:3
18:07:03.2 (99898855)|HEAP_ALLOCATE|[EXTERNAL]|Bytes:-4
18:07:03.2 (99901467)|STATEMENT_EXECUTE|[125]
18:07:03.2 (99903808)|HEAP_ALLOCATE|[EXTERNAL]|Bytes:4
18:07:03.2 (99908284)|HEAP_ALLOCATE|[121]|Bytes:5
18:07:03.2 (99912364)|HEAP_ALLOCATE|[121]|Bytes:4
18:07:03.2 (99914499)|VARIABLE_SCOPE_BEGIN|[121]|entry|Schema.PicklistEntry|true|false
18:07:03.2 (99919343)|VARIABLE_ASSIGNMENT|[121]|entry|大阪府|0x14dcb9c7
18:07:03.2 (99922041)|STATEMENT_EXECUTE|[121]
18:07:03.2 (99922870)|STATEMENT_EXECUTE|[122]
18:07:03.2 (99925478)|HEAP_ALLOCATE|[122]|Bytes:4
18:07:03.2 (99927540)|VARIABLE_SCOPE_BEGIN|[122]|option|Map<String,String>|true|false
18:07:03.2 (99931932)|VARIABLE_ASSIGNMENT|[122]|option|{}|0x2f836316
18:07:03.2 (99934498)|STATEMENT_EXECUTE|[123]
18:07:03.2 (99936197)|HEAP_ALLOCATE|[123]|Bytes:3
18:07:03.2 (99939473)|HEAP_ALLOCATE|[EXTERNAL]|Bytes:-4
18:07:03.2 (99941952)|STATEMENT_EXECUTE|[124]
18:07:03.2 (99943583)|HEAP_ALLOCATE|[124]|Bytes:3
18:07:03.2 (99946292)|HEAP_ALLOCATE|[EXTERNAL]|Bytes:-4
18:07:03.2 (100217717)|STATEMENT_EXECUTE|[125]
18:07:03.2 (100222902)|HEAP_ALLOCATE|[EXTERNAL]|Bytes:4
18:07:03.2 (100232171)|HEAP_ALLOCATE|[121]|Bytes:5
18:07:03.2 (100238389)|HEAP_ALLOCATE|[121]|Bytes:4
18:07:03.2 (100241416)|VARIABLE_SCOPE_BEGIN|[121]|entry|Schema.PicklistEntry|true|false
18:07:03.2 (100247483)|VARIABLE_ASSIGNMENT|[121]|entry|兵庫県|0x3f9a0d6e
18:07:03.2 (100251195)|STATEMENT_EXECUTE|[121]
18:07:03.2 (100252144)|STATEMENT_EXECUTE|[122]
18:07:03.2 (100255573)|HEAP_ALLOCATE|[122]|Bytes:4
18:07:03.2 (100258284)|VARIABLE_SCOPE_BEGIN|[122]|option|Map<String,String>|true|false
18:07:03.2 (100263880)|VARIABLE_ASSIGNMENT|[122]|option|{}|0x3aaa1d98
18:07:03.2 (100266411)|STATEMENT_EXECUTE|[123]
18:07:03.2 (100270108)|HEAP_ALLOCATE|[123]|Bytes:3
18:07:03.2 (100274034)|HEAP_ALLOCATE|[EXTERNAL]|Bytes:-4
18:07:03.2 (100278280)|STATEMENT_EXECUTE|[124]
18:07:03.2 (100281137)|HEAP_ALLOCATE|[124]|Bytes:3
18:07:03.2 (100286520)|HEAP_ALLOCATE|[EXTERNAL]|Bytes:-4
18:07:03.2 (100289926)|STATEMENT_EXECUTE|[125]
18:07:03.2 (100293407)|HEAP_ALLOCATE|[EXTERNAL]|Bytes:4
18:07:03.2 (100301107)|HEAP_ALLOCATE|[121]|Bytes:5
18:07:03.2 (100307427)|HEAP_ALLOCATE|[121]|Bytes:4
18:07:03.2 (100311425)|VARIABLE_SCOPE_BEGIN|[121]|entry|Schema.PicklistEntry|true|false
18:07:03.2 (100316216)|VARIABLE_ASSIGNMENT|[121]|entry|奈良県|0x4bc9898b
18:07:03.2 (100318985)|STATEMENT_EXECUTE|[121]
18:07:03.2 (100319797)|STATEMENT_EXECUTE|[122]
18:07:03.2 (100322398)|HEAP_ALLOCATE|[122]|Bytes:4
18:07:03.2 (100324868)|VARIABLE_SCOPE_BEGIN|[122]|option|Map<String,String>|true|false
18:07:03.2 (100329537)|VARIABLE_ASSIGNMENT|[122]|option|{}|0x7f66c837
18:07:03.2 (100332042)|STATEMENT_EXECUTE|[123]
18:07:03.2 (100334278)|HEAP_ALLOCATE|[123]|Bytes:3
18:07:03.2 (100338874)|HEAP_ALLOCATE|[EXTERNAL]|Bytes:-4
18:07:03.2 (100342423)|STATEMENT_EXECUTE|[124]
18:07:03.2 (100344707)|HEAP_ALLOCATE|[124]|Bytes:3
18:07:03.2 (100348531)|HEAP_ALLOCATE|[EXTERNAL]|Bytes:-4
18:07:03.2 (100352224)|STATEMENT_EXECUTE|[125]
18:07:03.2 (100355066)|HEAP_ALLOCATE|[EXTERNAL]|Bytes:4
18:07:03.2 (100361493)|HEAP_ALLOCATE|[121]|Bytes:5
18:07:03.2 (100367138)|HEAP_ALLOCATE|[121]|Bytes:4
18:07:03.2 (100370533)|VARIABLE_SCOPE_BEGIN|[121]|entry|Schema.PicklistEntry|true|false
18:07:03.2 (100376824)|VARIABLE_ASSIGNMENT|[121]|entry|和歌山県|0x10784bc8
18:07:03.2 (100380898)|STATEMENT_EXECUTE|[121]
18:07:03.2 (100382023)|STATEMENT_EXECUTE|[122]
18:07:03.2 (100385475)|HEAP_ALLOCATE|[122]|Bytes:4
18:07:03.2 (100389044)|VARIABLE_SCOPE_BEGIN|[122]|option|Map<String,String>|true|false
18:07:03.2 (100395592)|VARIABLE_ASSIGNMENT|[122]|option|{}|0x7a54c282
18:07:03.2 (100399037)|STATEMENT_EXECUTE|[123]
18:07:03.2 (100403051)|HEAP_ALLOCATE|[123]|Bytes:4
18:07:03.2 (100407123)|HEAP_ALLOCATE|[EXTERNAL]|Bytes:-4
18:07:03.2 (100410017)|STATEMENT_EXECUTE|[124]
18:07:03.2 (100411955)|HEAP_ALLOCATE|[124]|Bytes:4
18:07:03.2 (100414754)|HEAP_ALLOCATE|[EXTERNAL]|Bytes:-4
18:07:03.2 (100417223)|STATEMENT_EXECUTE|[125]
18:07:03.2 (100419439)|HEAP_ALLOCATE|[EXTERNAL]|Bytes:4
18:07:03.2 (100423843)|HEAP_ALLOCATE|[121]|Bytes:5
18:07:03.2 (100427767)|HEAP_ALLOCATE|[121]|Bytes:4
18:07:03.2 (100429839)|VARIABLE_SCOPE_BEGIN|[121]|entry|Schema.PicklistEntry|true|false
18:07:03.2 (100434054)|VARIABLE_ASSIGNMENT|[121]|entry|鳥取県|0x7dd68992
18:07:03.2 (100436777)|STATEMENT_EXECUTE|[121]
18:07:03.2 (100437577)|STATEMENT_EXECUTE|[122]
18:07:03.2 (100439916)|HEAP_ALLOCATE|[122]|Bytes:4
18:07:03.2 (100442016)|VARIABLE_SCOPE_BEGIN|[122]|option|Map<String,String>|true|false
18:07:03.2 (100446351)|VARIABLE_ASSIGNMENT|[122]|option|{}|0x34b8c16f
18:07:03.2 (100449083)|STATEMENT_EXECUTE|[123]
18:07:03.2 (100450785)|HEAP_ALLOCATE|[123]|Bytes:3
18:07:03.2 (100453913)|HEAP_ALLOCATE|[EXTERNAL]|Bytes:-4
18:07:03.2 (100456391)|STATEMENT_EXECUTE|[124]
18:07:03.2 (100458158)|HEAP_ALLOCATE|[124]|Bytes:3
18:07:03.2 (100461160)|HEAP_ALLOCATE|[EXTERNAL]|Bytes:-4
18:07:03.2 (100463727)|STATEMENT_EXECUTE|[125]
18:07:03.2 (100465772)|HEAP_ALLOCATE|[EXTERNAL]|Bytes:4
18:07:03.2 (100469879)|HEAP_ALLOCATE|[121]|Bytes:5
18:07:03.2 (100473423)|HEAP_ALLOCATE|[121]|Bytes:4
18:07:03.2 (100475436)|VARIABLE_SCOPE_BEGIN|[121]|entry|Schema.PicklistEntry|true|false
18:07:03.2 (100479490)|VARIABLE_ASSIGNMENT|[121]|entry|島根県|0x66ccfa3b
18:07:03.2 (100482113)|STATEMENT_EXECUTE|[121]
18:07:03.2 (100482889)|STATEMENT_EXECUTE|[122]
18:07:03.2 (100484943)|HEAP_ALLOCATE|[122]|Bytes:4
18:07:03.2 (100487094)|VARIABLE_SCOPE_BEGIN|[122]|option|Map<String,String>|true|false
18:07:03.2 (100491085)|VARIABLE_ASSIGNMENT|[122]|option|{}|0x3ad074b2
18:07:03.2 (100493450)|STATEMENT_EXECUTE|[123]
18:07:03.2 (100495717)|HEAP_ALLOCATE|[123]|Bytes:3
18:07:03.2 (100499609)|HEAP_ALLOCATE|[EXTERNAL]|Bytes:-4
18:07:03.2 (100504322)|STATEMENT_EXECUTE|[124]
18:07:03.2 (100507577)|HEAP_ALLOCATE|[124]|Bytes:3
18:07:03.2 (100512313)|HEAP_ALLOCATE|[EXTERNAL]|Bytes:-4
18:07:03.2 (100515813)|STATEMENT_EXECUTE|[125]
18:07:03.2 (100519302)|HEAP_ALLOCATE|[EXTERNAL]|Bytes:4
18:07:03.2 (100525188)|HEAP_ALLOCATE|[121]|Bytes:5
18:07:03.2 (100531886)|HEAP_ALLOCATE|[121]|Bytes:4
18:07:03.2 (100535197)|VARIABLE_SCOPE_BEGIN|[121]|entry|Schema.PicklistEntry|true|false
18:07:03.2 (100541601)|VARIABLE_ASSIGNMENT|[121]|entry|岡山県|0x7303e063
18:07:03.2 (100545388)|STATEMENT_EXECUTE|[121]
18:07:03.2 (100546323)|STATEMENT_EXECUTE|[122]
18:07:03.2 (100550046)|HEAP_ALLOCATE|[122]|Bytes:4
18:07:03.2 (100553844)|VARIABLE_SCOPE_BEGIN|[122]|option|Map<String,String>|true|false
18:07:03.2 (100560047)|VARIABLE_ASSIGNMENT|[122]|option|{}|0x1c2f4d5
18:07:03.2 (100564236)|STATEMENT_EXECUTE|[123]
18:07:03.2 (100566877)|HEAP_ALLOCATE|[123]|Bytes:3
18:07:03.2 (100571618)|HEAP_ALLOCATE|[EXTERNAL]|Bytes:-4
18:07:03.2 (100575221)|STATEMENT_EXECUTE|[124]
18:07:03.2 (100577933)|HEAP_ALLOCATE|[124]|Bytes:3
18:07:03.2 (100582409)|HEAP_ALLOCATE|[EXTERNAL]|Bytes:-4
18:07:03.2 (100586189)|STATEMENT_EXECUTE|[125]
18:07:03.2 (100589040)|HEAP_ALLOCATE|[EXTERNAL]|Bytes:4
18:07:03.2 (100595601)|HEAP_ALLOCATE|[121]|Bytes:5
18:07:03.2 (100601448)|HEAP_ALLOCATE|[121]|Bytes:4
18:07:03.2 (100605518)|VARIABLE_SCOPE_BEGIN|[121]|entry|Schema.PicklistEntry|true|false
18:07:03.2 (100613249)|VARIABLE_ASSIGNMENT|[121]|entry|広島県|0x5edbf4
18:07:03.2 (100618134)|STATEMENT_EXECUTE|[121]
18:07:03.2 (100619453)|STATEMENT_EXECUTE|[122]
18:07:03.2 (100624076)|HEAP_ALLOCATE|[122]|Bytes:4
18:07:03.2 (100628943)|VARIABLE_SCOPE_BEGIN|[122]|option|Map<String,String>|true|false
18:07:03.2 (100637629)|VARIABLE_ASSIGNMENT|[122]|option|{}|0x39124aa9
18:07:03.2 (100641467)|STATEMENT_EXECUTE|[123]
18:07:03.2 (100647008)|HEAP_ALLOCATE|[123]|Bytes:3
18:07:03.2 (100655127)|HEAP_ALLOCATE|[EXTERNAL]|Bytes:-4
18:07:03.2 (100660028)|STATEMENT_EXECUTE|[124]
18:07:03.2 (100663341)|HEAP_ALLOCATE|[124]|Bytes:3
18:07:03.2 (100668779)|HEAP_ALLOCATE|[EXTERNAL]|Bytes:-4
18:07:03.2 (100673706)|STATEMENT_EXECUTE|[125]
18:07:03.2 (100678098)|HEAP_ALLOCATE|[EXTERNAL]|Bytes:4
18:07:03.2 (100689097)|HEAP_ALLOCATE|[121]|Bytes:5
18:07:03.2 (100698080)|HEAP_ALLOCATE|[121]|Bytes:4
18:07:03.2 (100703507)|VARIABLE_SCOPE_BEGIN|[121]|entry|Schema.PicklistEntry|true|false
18:07:03.2 (100712572)|VARIABLE_ASSIGNMENT|[121]|entry|山口県|0x55feb510
18:07:03.2 (100717188)|STATEMENT_EXECUTE|[121]
18:07:03.2 (100718396)|STATEMENT_EXECUTE|[122]
18:07:03.2 (100724707)|HEAP_ALLOCATE|[122]|Bytes:4
18:07:03.2 (100729866)|VARIABLE_SCOPE_BEGIN|[122]|option|Map<String,String>|true|false
18:07:03.2 (100738999)|VARIABLE_ASSIGNMENT|[122]|option|{}|0x430c9726
18:07:03.2 (100743857)|STATEMENT_EXECUTE|[123]
18:07:03.2 (100749984)|HEAP_ALLOCATE|[123]|Bytes:3
18:07:03.2 (100759132)|HEAP_ALLOCATE|[EXTERNAL]|Bytes:-4
18:07:03.2 (100764304)|STATEMENT_EXECUTE|[124]
18:07:03.2 (100767612)|HEAP_ALLOCATE|[124]|Bytes:3
18:07:03.2 (100772935)|HEAP_ALLOCATE|[EXTERNAL]|Bytes:-4
18:07:03.2 (100777245)|STATEMENT_EXECUTE|[125]
18:07:03.2 (100780911)|HEAP_ALLOCATE|[EXTERNAL]|Bytes:4
18:07:03.2 (100788668)|HEAP_ALLOCATE|[121]|Bytes:5
18:07:03.2 (100900299)|HEAP_ALLOCATE|[121]|Bytes:4
18:07:03.2 (100912331)|VARIABLE_SCOPE_BEGIN|[121]|entry|Schema.PicklistEntry|true|false
18:07:03.2 (100922165)|VARIABLE_ASSIGNMENT|[121]|entry|徳島県|0x357b65c8
18:07:03.2 (100927010)|STATEMENT_EXECUTE|[121]
18:07:03.2 (100928297)|STATEMENT_EXECUTE|[122]
18:07:03.2 (100933533)|HEAP_ALLOCATE|[122]|Bytes:4
18:07:03.2 (100937627)|VARIABLE_SCOPE_BEGIN|[122]|option|Map<String,String>|true|false
18:07:03.2 (100945523)|VARIABLE_ASSIGNMENT|[122]|option|{}|0x1e9736cc
18:07:03.2 (100949863)|STATEMENT_EXECUTE|[123]
18:07:03.2 (100954331)|HEAP_ALLOCATE|[123]|Bytes:3
18:07:03.2 (100961524)|HEAP_ALLOCATE|[EXTERNAL]|Bytes:-4
18:07:03.2 (100966442)|STATEMENT_EXECUTE|[124]
18:07:03.2 (100969622)|HEAP_ALLOCATE|[124]|Bytes:3
18:07:03.2 (100973807)|HEAP_ALLOCATE|[EXTERNAL]|Bytes:-4
18:07:03.2 (100977924)|STATEMENT_EXECUTE|[125]
18:07:03.2 (100981509)|HEAP_ALLOCATE|[EXTERNAL]|Bytes:4
18:07:03.2 (100989743)|HEAP_ALLOCATE|[121]|Bytes:5
18:07:03.2 (100997215)|HEAP_ALLOCATE|[121]|Bytes:4
18:07:03.2 (101000783)|VARIABLE_SCOPE_BEGIN|[121]|entry|Schema.PicklistEntry|true|false
18:07:03.2 (101008135)|VARIABLE_ASSIGNMENT|[121]|entry|香川県|0x3ee1563b
18:07:03.2 (101011863)|STATEMENT_EXECUTE|[121]
18:07:03.2 (101013022)|STATEMENT_EXECUTE|[122]
18:07:03.2 (101016604)|HEAP_ALLOCATE|[122]|Bytes:4
18:07:03.2 (101019783)|VARIABLE_SCOPE_BEGIN|[122]|option|Map<String,String>|true|false
18:07:03.2 (101026348)|VARIABLE_ASSIGNMENT|[122]|option|{}|0x19734366
18:07:03.2 (101029838)|STATEMENT_EXECUTE|[123]
18:07:03.2 (101032608)|HEAP_ALLOCATE|[123]|Bytes:3
18:07:03.2 (101037152)|HEAP_ALLOCATE|[EXTERNAL]|Bytes:-4
18:07:03.2 (101040822)|STATEMENT_EXECUTE|[124]
18:07:03.2 (101043375)|HEAP_ALLOCATE|[124]|Bytes:3
18:07:03.2 (101047388)|HEAP_ALLOCATE|[EXTERNAL]|Bytes:-4
18:07:03.2 (101051106)|STATEMENT_EXECUTE|[125]
18:07:03.2 (101054608)|HEAP_ALLOCATE|[EXTERNAL]|Bytes:4
18:07:03.2 (101061256)|HEAP_ALLOCATE|[121]|Bytes:5
18:07:03.2 (101067016)|HEAP_ALLOCATE|[121]|Bytes:4
18:07:03.2 (101070439)|VARIABLE_SCOPE_BEGIN|[121]|entry|Schema.PicklistEntry|true|false
18:07:03.2 (101076919)|VARIABLE_ASSIGNMENT|[121]|entry|愛媛県|0x774830a5
18:07:03.2 (101080923)|STATEMENT_EXECUTE|[121]
18:07:03.2 (101082069)|STATEMENT_EXECUTE|[122]
18:07:03.2 (101085585)|HEAP_ALLOCATE|[122]|Bytes:4
18:07:03.2 (101088701)|VARIABLE_SCOPE_BEGIN|[122]|option|Map<String,String>|true|false
18:07:03.2 (101095087)|VARIABLE_ASSIGNMENT|[122]|option|{}|0x50ce49d6
18:07:03.2 (101098838)|STATEMENT_EXECUTE|[123]
18:07:03.2 (101101653)|HEAP_ALLOCATE|[123]|Bytes:3
18:07:03.2 (101106557)|HEAP_ALLOCATE|[EXTERNAL]|Bytes:-4
18:07:03.2 (101115598)|STATEMENT_EXECUTE|[124]
18:07:03.2 (101118292)|HEAP_ALLOCATE|[124]|Bytes:3
18:07:03.2 (101122473)|HEAP_ALLOCATE|[EXTERNAL]|Bytes:-4
18:07:03.2 (101126338)|STATEMENT_EXECUTE|[125]
18:07:03.2 (101129486)|HEAP_ALLOCATE|[EXTERNAL]|Bytes:4
18:07:03.2 (101136095)|HEAP_ALLOCATE|[121]|Bytes:5
18:07:03.2 (101141882)|HEAP_ALLOCATE|[121]|Bytes:4
18:07:03.2 (101145573)|VARIABLE_SCOPE_BEGIN|[121]|entry|Schema.PicklistEntry|true|false
18:07:03.2 (101152019)|VARIABLE_ASSIGNMENT|[121]|entry|高知県|0x64aa8d7a
18:07:03.2 (101155884)|STATEMENT_EXECUTE|[121]
18:07:03.2 (101157023)|STATEMENT_EXECUTE|[122]
18:07:03.2 (101160427)|HEAP_ALLOCATE|[122]|Bytes:4
18:07:03.2 (101163505)|VARIABLE_SCOPE_BEGIN|[122]|option|Map<String,String>|true|false
18:07:03.2 (101169847)|VARIABLE_ASSIGNMENT|[122]|option|{}|0x67418afa
18:07:03.2 (101173387)|STATEMENT_EXECUTE|[123]
18:07:03.2 (101176055)|HEAP_ALLOCATE|[123]|Bytes:3
18:07:03.2 (101180718)|HEAP_ALLOCATE|[EXTERNAL]|Bytes:-4
18:07:03.2 (101184510)|STATEMENT_EXECUTE|[124]
18:07:03.2 (101186861)|HEAP_ALLOCATE|[124]|Bytes:3
18:07:03.2 (101191139)|HEAP_ALLOCATE|[EXTERNAL]|Bytes:-4
18:07:03.2 (101194965)|STATEMENT_EXECUTE|[125]
18:07:03.2 (101198269)|HEAP_ALLOCATE|[EXTERNAL]|Bytes:4
18:07:03.2 (101205167)|HEAP_ALLOCATE|[121]|Bytes:5
18:07:03.2 (101211390)|HEAP_ALLOCATE|[121]|Bytes:4
18:07:03.2 (101214794)|VARIABLE_SCOPE_BEGIN|[121]|entry|Schema.PicklistEntry|true|false
18:07:03.2 (101221146)|VARIABLE_ASSIGNMENT|[121]|entry|福岡県|0x51ba53af
18:07:03.2 (101225323)|STATEMENT_EXECUTE|[121]
18:07:03.2 (101226437)|STATEMENT_EXECUTE|[122]
18:07:03.2 (101229754)|HEAP_ALLOCATE|[122]|Bytes:4
18:07:03.2 (101233196)|VARIABLE_SCOPE_BEGIN|[122]|option|Map<String,String>|true|false
18:07:03.2 (101239987)|VARIABLE_ASSIGNMENT|[122]|option|{}|0x739820b7
18:07:03.2 (101243794)|STATEMENT_EXECUTE|[123]
18:07:03.2 (101246664)|HEAP_ALLOCATE|[123]|Bytes:3
18:07:03.2 (101251393)|HEAP_ALLOCATE|[EXTERNAL]|Bytes:-4
18:07:03.2 (101255261)|STATEMENT_EXECUTE|[124]
18:07:03.2 (101257743)|HEAP_ALLOCATE|[124]|Bytes:3
18:07:03.2 (101262198)|HEAP_ALLOCATE|[EXTERNAL]|Bytes:-4
18:07:03.2 (101266367)|STATEMENT_EXECUTE|[125]
18:07:03.2 (101269687)|HEAP_ALLOCATE|[EXTERNAL]|Bytes:4
18:07:03.2 (101276285)|HEAP_ALLOCATE|[121]|Bytes:5
18:07:03.2 (101282379)|HEAP_ALLOCATE|[121]|Bytes:4
18:07:03.2 (101285832)|VARIABLE_SCOPE_BEGIN|[121]|entry|Schema.PicklistEntry|true|false
18:07:03.2 (101292468)|VARIABLE_ASSIGNMENT|[121]|entry|佐賀県|0x43e9a2e3
18:07:03.2 (101296782)|STATEMENT_EXECUTE|[121]
18:07:03.2 (101297929)|STATEMENT_EXECUTE|[122]
18:07:03.2 (101301364)|HEAP_ALLOCATE|[122]|Bytes:4
18:07:03.2 (101304489)|VARIABLE_SCOPE_BEGIN|[122]|option|Map<String,String>|true|false
18:07:03.2 (101311216)|VARIABLE_ASSIGNMENT|[122]|option|{}|0x2894e63e
18:07:03.2 (101315034)|STATEMENT_EXECUTE|[123]
18:07:03.2 (101317819)|HEAP_ALLOCATE|[123]|Bytes:3
18:07:03.2 (101322558)|HEAP_ALLOCATE|[EXTERNAL]|Bytes:-4
18:07:03.2 (101326524)|STATEMENT_EXECUTE|[124]
18:07:03.2 (101329105)|HEAP_ALLOCATE|[124]|Bytes:3
18:07:03.2 (101333449)|HEAP_ALLOCATE|[EXTERNAL]|Bytes:-4
18:07:03.2 (101337165)|STATEMENT_EXECUTE|[125]
18:07:03.2 (101340501)|HEAP_ALLOCATE|[EXTERNAL]|Bytes:4
18:07:03.2 (101347332)|HEAP_ALLOCATE|[121]|Bytes:5
18:07:03.2 (101353466)|HEAP_ALLOCATE|[121]|Bytes:4
18:07:03.2 (101357033)|VARIABLE_SCOPE_BEGIN|[121]|entry|Schema.PicklistEntry|true|false
18:07:03.2 (101363992)|VARIABLE_ASSIGNMENT|[121]|entry|長崎県|0x2b30efa8
18:07:03.2 (101368463)|STATEMENT_EXECUTE|[121]
18:07:03.2 (101369692)|STATEMENT_EXECUTE|[122]
18:07:03.2 (101373259)|HEAP_ALLOCATE|[122]|Bytes:4
18:07:03.2 (101376874)|VARIABLE_SCOPE_BEGIN|[122]|option|Map<String,String>|true|false
18:07:03.2 (101385094)|VARIABLE_ASSIGNMENT|[122]|option|{}|0x199fffe1
18:07:03.2 (101389088)|STATEMENT_EXECUTE|[123]
18:07:03.2 (101391987)|HEAP_ALLOCATE|[123]|Bytes:3
18:07:03.2 (101396853)|HEAP_ALLOCATE|[EXTERNAL]|Bytes:-4
18:07:03.2 (101400719)|STATEMENT_EXECUTE|[124]
18:07:03.2 (101403345)|HEAP_ALLOCATE|[124]|Bytes:3
18:07:03.2 (101408058)|HEAP_ALLOCATE|[EXTERNAL]|Bytes:-4
18:07:03.2 (101412005)|STATEMENT_EXECUTE|[125]
18:07:03.2 (101415373)|HEAP_ALLOCATE|[EXTERNAL]|Bytes:4
18:07:03.2 (101422956)|HEAP_ALLOCATE|[121]|Bytes:5
18:07:03.2 (101429178)|HEAP_ALLOCATE|[121]|Bytes:4
18:07:03.2 (101432553)|VARIABLE_SCOPE_BEGIN|[121]|entry|Schema.PicklistEntry|true|false
18:07:03.2 (101439494)|VARIABLE_ASSIGNMENT|[121]|entry|熊本県|0x176fa88b
18:07:03.2 (101443834)|STATEMENT_EXECUTE|[121]
18:07:03.2 (101445398)|STATEMENT_EXECUTE|[122]
18:07:03.2 (101449102)|HEAP_ALLOCATE|[122]|Bytes:4
18:07:03.2 (101452712)|VARIABLE_SCOPE_BEGIN|[122]|option|Map<String,String>|true|false
18:07:03.2 (101459973)|VARIABLE_ASSIGNMENT|[122]|option|{}|0x1845094e
18:07:03.2 (101463857)|STATEMENT_EXECUTE|[123]
18:07:03.2 (101467261)|HEAP_ALLOCATE|[123]|Bytes:3
18:07:03.2 (101472351)|HEAP_ALLOCATE|[EXTERNAL]|Bytes:-4
18:07:03.2 (101476277)|STATEMENT_EXECUTE|[124]
18:07:03.2 (101479017)|HEAP_ALLOCATE|[124]|Bytes:3
18:07:03.2 (101483579)|HEAP_ALLOCATE|[EXTERNAL]|Bytes:-4
18:07:03.2 (101487479)|STATEMENT_EXECUTE|[125]
18:07:03.2 (101490669)|HEAP_ALLOCATE|[EXTERNAL]|Bytes:4
18:07:03.2 (101497536)|HEAP_ALLOCATE|[121]|Bytes:5
18:07:03.2 (101505836)|HEAP_ALLOCATE|[121]|Bytes:4
18:07:03.2 (101509347)|VARIABLE_SCOPE_BEGIN|[121]|entry|Schema.PicklistEntry|true|false
18:07:03.2 (101516079)|VARIABLE_ASSIGNMENT|[121]|entry|大分県|0x3424e841
18:07:03.2 (101520287)|STATEMENT_EXECUTE|[121]
18:07:03.2 (101521842)|STATEMENT_EXECUTE|[122]
18:07:03.2 (101525785)|HEAP_ALLOCATE|[122]|Bytes:4
18:07:03.2 (101529215)|VARIABLE_SCOPE_BEGIN|[122]|option|Map<String,String>|true|false
18:07:03.2 (101536049)|VARIABLE_ASSIGNMENT|[122]|option|{}|0x522279d3
18:07:03.2 (101540004)|STATEMENT_EXECUTE|[123]
18:07:03.2 (101543042)|HEAP_ALLOCATE|[123]|Bytes:3
18:07:03.2 (101548063)|HEAP_ALLOCATE|[EXTERNAL]|Bytes:-4
18:07:03.2 (101552032)|STATEMENT_EXECUTE|[124]
18:07:03.2 (101554642)|HEAP_ALLOCATE|[124]|Bytes:3
18:07:03.2 (101559043)|HEAP_ALLOCATE|[EXTERNAL]|Bytes:-4
18:07:03.2 (101562869)|STATEMENT_EXECUTE|[125]
18:07:03.2 (101566147)|HEAP_ALLOCATE|[EXTERNAL]|Bytes:4
18:07:03.2 (101573722)|HEAP_ALLOCATE|[121]|Bytes:5
18:07:03.2 (101582729)|HEAP_ALLOCATE|[121]|Bytes:4
18:07:03.2 (101587280)|VARIABLE_SCOPE_BEGIN|[121]|entry|Schema.PicklistEntry|true|false
18:07:03.2 (101595083)|VARIABLE_ASSIGNMENT|[121]|entry|宮崎県|0x38e3a8ec
18:07:03.2 (101599553)|STATEMENT_EXECUTE|[121]
18:07:03.2 (101600974)|STATEMENT_EXECUTE|[122]
18:07:03.2 (101605049)|HEAP_ALLOCATE|[122]|Bytes:4
18:07:03.2 (101633494)|VARIABLE_SCOPE_BEGIN|[122]|option|Map<String,String>|true|false
18:07:03.2 (101642042)|VARIABLE_ASSIGNMENT|[122]|option|{}|0x8dcc9c7
18:07:03.2 (101646504)|STATEMENT_EXECUTE|[123]
18:07:03.2 (101650524)|HEAP_ALLOCATE|[123]|Bytes:3
18:07:03.2 (101657558)|HEAP_ALLOCATE|[EXTERNAL]|Bytes:-4
18:07:03.2 (101662100)|STATEMENT_EXECUTE|[124]
18:07:03.2 (101664875)|HEAP_ALLOCATE|[124]|Bytes:3
18:07:03.2 (101669472)|HEAP_ALLOCATE|[EXTERNAL]|Bytes:-4
18:07:03.2 (101673484)|STATEMENT_EXECUTE|[125]
18:07:03.2 (101677240)|HEAP_ALLOCATE|[EXTERNAL]|Bytes:4
18:07:03.2 (101684777)|HEAP_ALLOCATE|[121]|Bytes:5
18:07:03.2 (101691088)|HEAP_ALLOCATE|[121]|Bytes:4
18:07:03.2 (101694895)|VARIABLE_SCOPE_BEGIN|[121]|entry|Schema.PicklistEntry|true|false
18:07:03.2 (101701934)|VARIABLE_ASSIGNMENT|[121]|entry|鹿児島県|0x1ba95e7d
18:07:03.2 (101706418)|STATEMENT_EXECUTE|[121]
18:07:03.2 (101707713)|STATEMENT_EXECUTE|[122]
18:07:03.2 (101712311)|HEAP_ALLOCATE|[122]|Bytes:4
18:07:03.2 (101716121)|VARIABLE_SCOPE_BEGIN|[122]|option|Map<String,String>|true|false
18:07:03.2 (101723214)|VARIABLE_ASSIGNMENT|[122]|option|{}|0x5a04403a
18:07:03.2 (101727274)|STATEMENT_EXECUTE|[123]
18:07:03.2 (101730495)|HEAP_ALLOCATE|[123]|Bytes:4
18:07:03.2 (101735850)|HEAP_ALLOCATE|[EXTERNAL]|Bytes:-4
18:07:03.2 (101739588)|STATEMENT_EXECUTE|[124]
18:07:03.2 (101741919)|HEAP_ALLOCATE|[124]|Bytes:4
18:07:03.2 (101746426)|HEAP_ALLOCATE|[EXTERNAL]|Bytes:-4
18:07:03.2 (101750320)|STATEMENT_EXECUTE|[125]
18:07:03.2 (101753319)|HEAP_ALLOCATE|[EXTERNAL]|Bytes:4
18:07:03.2 (101760475)|HEAP_ALLOCATE|[121]|Bytes:5
18:07:03.2 (101766677)|HEAP_ALLOCATE|[121]|Bytes:4
18:07:03.2 (101770104)|VARIABLE_SCOPE_BEGIN|[121]|entry|Schema.PicklistEntry|true|false
18:07:03.2 (101776949)|VARIABLE_ASSIGNMENT|[121]|entry|沖縄県|0x7f05375e
18:07:03.2 (101781095)|STATEMENT_EXECUTE|[121]
18:07:03.2 (101782175)|STATEMENT_EXECUTE|[122]
18:07:03.2 (101785618)|HEAP_ALLOCATE|[122]|Bytes:4
18:07:03.2 (101788792)|VARIABLE_SCOPE_BEGIN|[122]|option|Map<String,String>|true|false
18:07:03.2 (101794924)|VARIABLE_ASSIGNMENT|[122]|option|{}|0x11f95b88
18:07:03.2 (101798381)|STATEMENT_EXECUTE|[123]
18:07:03.2 (101814356)|HEAP_ALLOCATE|[123]|Bytes:3
18:07:03.2 (101825508)|HEAP_ALLOCATE|[EXTERNAL]|Bytes:-4
18:07:03.2 (101829854)|STATEMENT_EXECUTE|[124]
18:07:03.2 (101832412)|HEAP_ALLOCATE|[124]|Bytes:3
18:07:03.2 (101836808)|HEAP_ALLOCATE|[EXTERNAL]|Bytes:-4
18:07:03.2 (101840661)|STATEMENT_EXECUTE|[125]
18:07:03.2 (101843918)|HEAP_ALLOCATE|[EXTERNAL]|Bytes:4
18:07:03.2 (101851433)|HEAP_ALLOCATE|[121]|Bytes:5
18:07:03.2 (101861091)|VARIABLE_ASSIGNMENT|[121]|entry|null|
18:07:03.2 (101865644)|STATEMENT_EXECUTE|[130]
18:07:03.2 (101883140)|METHOD_EXIT|[98]|01pBK000001mgyr|RegistrationInfoController.getPicklistValuesWithEmpty(Schema.SObjectField, String)
18:07:03.101 (101975935)|CUMULATIVE_LIMIT_USAGE
18:07:03.101 (101975935)|LIMIT_USAGE_FOR_NS|(default)|
  Number of SOQL queries: 0 out of 100
  Number of query rows: 0 out of 50000
  Number of SOSL queries: 0 out of 20
  Number of DML statements: 0 out of 0
  Number of Publish Immediate DML: 0 out of 150
  Number of DML rows: 0 out of 10000
  Maximum CPU time: 0 out of 10000
  Maximum heap size: 0 out of 6000000
  Number of callouts: 0 out of 100
  Number of Email Invocations: 0 out of 10
  Number of future calls: 0 out of 50
  Number of queueable jobs added to the queue: 0 out of 50
  Number of Mobile Apex push calls: 0 out of 10

18:07:03.101 (101975935)|CUMULATIVE_LIMIT_USAGE_END

18:07:03.2 (102029499)|CODE_UNIT_FINISHED|RegistrationInfoController.getPrefecturePicklistValues()
18:07:03.2 (102212881)|CODE_UNIT_FINISHED|apex://RegistrationInfoController/ACTION$getPrefecturePicklistValues
18:07:03.2 (102220396)|EXECUTION_FINISHED
