66.0 APEX_CODE,FINEST;APEX_PROFILING,INFO;CALLOUT,INFO;DATA_ACCESS,INFO;DB,INFO;NBA,INFO;SYSTEM,DEBUG;VALIDATION,INFO;VISUALFORCE,INFO;WAVE,INFO;WORKFLOW,INFO
18:53:45.0 (221485)|USER_INFO|[EXTERNAL]|0057F0000042UBb|ishibashi@hurex.co.jp.dev1|(GMT+09:00) 日本標準時 (Asia/Tokyo)|GMT+09:00
18:53:45.0 (260998)|EXECUTION_STARTED
18:53:45.0 (270965)|CODE_UNIT_STARTED|[EXTERNAL]|apex://RegistrationInfoController/ACTION$getEmploymentPicklistValues
18:53:45.0 (1043948)|CODE_UNIT_STARTED|[EXTERNAL]|01pBK000001mgyr|RegistrationInfoController.getEmploymentPicklistValues()
18:53:45.0 (1318843)|HEAP_ALLOCATE|[95]|Bytes:3
18:53:45.0 (1407929)|HEAP_ALLOCATE|[100]|Bytes:152
18:53:45.0 (1422964)|HEAP_ALLOCATE|[417]|Bytes:408
18:53:45.0 (1433519)|HEAP_ALLOCATE|[430]|Bytes:408
18:53:45.0 (1454859)|HEAP_ALLOCATE|[317]|Bytes:6
18:53:45.0 (1465947)|HEAP_ALLOCATE|[EXTERNAL]|Bytes:23
18:53:45.0 (1469555)|HEAP_ALLOCATE|[EXTERNAL]|Bytes:37
18:53:45.0 (1471718)|HEAP_ALLOCATE|[EXTERNAL]|Bytes:7
18:53:45.0 (1482103)|METHOD_ENTRY|[5]|01pBK000001mgyr|RegistrationInfoController.RegistrationInfoController()
18:53:45.0 (1486416)|STATEMENT_EXECUTE|[5]
18:53:45.0 (1491919)|STATEMENT_EXECUTE|[5]
18:53:45.0 (1512793)|HEAP_ALLOCATE|[68]|Bytes:5
18:53:45.0 (1537909)|HEAP_ALLOCATE|[74]|Bytes:5
18:53:45.0 (1542178)|HEAP_ALLOCATE|[82]|Bytes:7
18:53:45.0 (1717030)|HEAP_ALLOCATE|[EXTERNAL]|Bytes:5
18:53:45.0 (1721086)|STATEMENT_EXECUTE|[8]
18:53:45.0 (1729864)|METHOD_EXIT|[5]|RegistrationInfoController
18:53:45.0 (1740685)|HEAP_ALLOCATE|[125]|Bytes:5
18:53:45.0 (1742912)|STATEMENT_EXECUTE|[123]
18:53:45.0 (1743810)|STATEMENT_EXECUTE|[125]
18:53:45.0 (1745555)|HEAP_ALLOCATE|[125]|Bytes:7
18:53:45.0 (1747797)|HEAP_ALLOCATE|[125]|Bytes:20
18:53:45.0 (7556632)|METHOD_ENTRY|[125]|01pBK000001mgyr|RegistrationInfoController.getPicklistValuesWithoutEmpty(Schema.SObjectField)
18:53:45.0 (7614188)|VARIABLE_SCOPE_BEGIN|[151]|field|Schema.SObjectField|true|false
18:53:45.0 (7855287)|VARIABLE_ASSIGNMENT|[151]|field|"common.apex.runtime.impl.ApexFieldToken@67e57ca3"|0x67e57ca3
18:53:45.0 (7877276)|HEAP_ALLOCATE|[152]|Bytes:5
18:53:45.0 (7883883)|STATEMENT_EXECUTE|[151]
18:53:45.0 (7885375)|STATEMENT_EXECUTE|[152]
18:53:45.0 (7911830)|HEAP_ALLOCATE|[152]|Bytes:4
18:53:45.0 (7956243)|VARIABLE_SCOPE_BEGIN|[152]|options|List<Map<String,String>>|true|false
18:53:45.0 (8003254)|HEAP_ALLOCATE|[EXTERNAL]|Bytes:4
18:53:45.0 (8014368)|VARIABLE_ASSIGNMENT|[152]|options|[]|0x4d50c1fa
18:53:45.0 (8017728)|STATEMENT_EXECUTE|[153]
18:53:45.0 (8018630)|STATEMENT_EXECUTE|[153]
18:53:45.0 (8019740)|STATEMENT_EXECUTE|[154]
18:53:45.0 (8058158)|SYSTEM_MODE_ENTER|true
18:53:45.0 (24365249)|HEAP_ALLOCATE|[EXTERNAL]|Bytes:4
18:53:45.0 (24488834)|HEAP_ALLOCATE|[154]|Bytes:8
18:53:45.0 (24520210)|VARIABLE_SCOPE_BEGIN|[154]|fieldResult|Schema.DescribeFieldResult|true|false
18:53:45.0 (26346622)|VARIABLE_ASSIGNMENT|[154]|fieldResult|"common.api.soap.wsdl.Field@13912228"|0x15aa495
18:53:45.0 (26422532)|HEAP_ALLOCATE|[EXTERNAL]|Bytes:16
18:53:45.0 (26507278)|HEAP_ALLOCATE|[155]|Bytes:16
18:53:45.0 (26743291)|HEAP_ALLOCATE|[155]|Bytes:5
18:53:45.0 (26769820)|HEAP_ALLOCATE|[155]|Bytes:4
18:53:45.0 (26779169)|VARIABLE_SCOPE_BEGIN|[155]|entry|Schema.PicklistEntry|true|false
18:53:45.0 (26797014)|VARIABLE_ASSIGNMENT|[155]|entry|就業中|0x3abcde7e
18:53:45.0 (26804617)|STATEMENT_EXECUTE|[155]
18:53:45.0 (26806096)|STATEMENT_EXECUTE|[156]
18:53:45.0 (26824791)|HEAP_ALLOCATE|[156]|Bytes:4
18:53:45.0 (26838026)|VARIABLE_SCOPE_BEGIN|[156]|option|Map<String,String>|true|false
18:53:45.0 (26853770)|VARIABLE_ASSIGNMENT|[156]|option|{}|0x71dff8e8
18:53:45.0 (26856921)|STATEMENT_EXECUTE|[157]
18:53:45.0 (26861139)|HEAP_ALLOCATE|[157]|Bytes:5
18:53:45.0 (26875501)|HEAP_ALLOCATE|[157]|Bytes:3
18:53:45.0 (26917794)|HEAP_ALLOCATE|[EXTERNAL]|Bytes:-4
18:53:45.0 (26922454)|STATEMENT_EXECUTE|[158]
18:53:45.0 (26923951)|HEAP_ALLOCATE|[158]|Bytes:5
18:53:45.0 (26929884)|HEAP_ALLOCATE|[158]|Bytes:3
18:53:45.0 (26939050)|HEAP_ALLOCATE|[EXTERNAL]|Bytes:-4
18:53:45.0 (26942066)|STATEMENT_EXECUTE|[159]
18:53:45.0 (26959731)|HEAP_ALLOCATE|[EXTERNAL]|Bytes:4
18:53:45.0 (26966888)|HEAP_ALLOCATE|[155]|Bytes:5
18:53:45.0 (26972337)|HEAP_ALLOCATE|[155]|Bytes:4
18:53:45.0 (26975260)|VARIABLE_SCOPE_BEGIN|[155]|entry|Schema.PicklistEntry|true|false
18:53:45.0 (26980848)|VARIABLE_ASSIGNMENT|[155]|entry|離職中|0x3d784162
18:53:45.0 (26983865)|STATEMENT_EXECUTE|[155]
18:53:45.0 (26984748)|STATEMENT_EXECUTE|[156]
18:53:45.0 (26988332)|HEAP_ALLOCATE|[156]|Bytes:4
18:53:45.0 (26991237)|VARIABLE_SCOPE_BEGIN|[156]|option|Map<String,String>|true|false
18:53:45.0 (26996237)|VARIABLE_ASSIGNMENT|[156]|option|{}|0xf7cea3d
18:53:45.0 (26998820)|STATEMENT_EXECUTE|[157]
18:53:45.0 (27001244)|HEAP_ALLOCATE|[157]|Bytes:3
18:53:45.0 (27005833)|HEAP_ALLOCATE|[EXTERNAL]|Bytes:-4
18:53:45.0 (27008570)|STATEMENT_EXECUTE|[158]
18:53:45.0 (27010345)|HEAP_ALLOCATE|[158]|Bytes:3
18:53:45.0 (27013328)|HEAP_ALLOCATE|[EXTERNAL]|Bytes:-4
18:53:45.0 (27015888)|STATEMENT_EXECUTE|[159]
18:53:45.0 (27018470)|HEAP_ALLOCATE|[EXTERNAL]|Bytes:4
18:53:45.0 (27022882)|HEAP_ALLOCATE|[155]|Bytes:5
18:53:45.0 (27026908)|HEAP_ALLOCATE|[155]|Bytes:4
18:53:45.0 (27029388)|VARIABLE_SCOPE_BEGIN|[155]|entry|Schema.PicklistEntry|true|false
18:53:45.0 (27033532)|VARIABLE_ASSIGNMENT|[155]|entry|就業経験なし|0x536f9a82
18:53:45.0 (27036225)|STATEMENT_EXECUTE|[155]
18:53:45.0 (27037063)|STATEMENT_EXECUTE|[156]
18:53:45.0 (27039384)|HEAP_ALLOCATE|[156]|Bytes:4
18:53:45.0 (27041580)|VARIABLE_SCOPE_BEGIN|[156]|option|Map<String,String>|true|false
18:53:45.0 (27045674)|VARIABLE_ASSIGNMENT|[156]|option|{}|0x5d7920bf
18:53:45.0 (27048154)|STATEMENT_EXECUTE|[157]
18:53:45.0 (27049931)|HEAP_ALLOCATE|[157]|Bytes:6
18:53:45.0 (27053253)|HEAP_ALLOCATE|[EXTERNAL]|Bytes:-4
18:53:45.0 (27055881)|STATEMENT_EXECUTE|[158]
18:53:45.0 (27057636)|HEAP_ALLOCATE|[158]|Bytes:6
18:53:45.0 (27060431)|HEAP_ALLOCATE|[EXTERNAL]|Bytes:-4
18:53:45.0 (27062912)|STATEMENT_EXECUTE|[159]
18:53:45.0 (27065167)|HEAP_ALLOCATE|[EXTERNAL]|Bytes:4
18:53:45.0 (27069297)|HEAP_ALLOCATE|[155]|Bytes:5
18:53:45.0 (27076679)|VARIABLE_ASSIGNMENT|[155]|entry|null|
18:53:45.0 (27081619)|STATEMENT_EXECUTE|[164]
18:53:45.0 (27096824)|METHOD_EXIT|[125]|01pBK000001mgyr|RegistrationInfoController.getPicklistValuesWithoutEmpty(Schema.SObjectField)
18:53:45.27 (27152116)|CUMULATIVE_LIMIT_USAGE
18:53:45.27 (27152116)|LIMIT_USAGE_FOR_NS|(default)|
  Number of SOQL queries: 0 out of 100
  Number of query rows: 0 out of 50000
  Number of SOSL queries: 0 out of 20
  Number of DML statements: 0 out of 0
  Number of Publish Immediate DML: 0 out of 150
  Number of DML rows: 0 out of 10000
  Maximum CPU time: 0 out of 10000
  Maximum heap size: 0 out of 6000000
  Number of callouts: 0 out of 100
  Number of Email Invocations: 0 out of 10
  Number of future calls: 0 out of 50
  Number of queueable jobs added to the queue: 0 out of 50
  Number of Mobile Apex push calls: 0 out of 10

18:53:45.27 (27152116)|CUMULATIVE_LIMIT_USAGE_END

18:53:45.0 (27178270)|CODE_UNIT_FINISHED|RegistrationInfoController.getEmploymentPicklistValues()
18:53:45.0 (27344325)|CODE_UNIT_FINISHED|apex://RegistrationInfoController/ACTION$getEmploymentPicklistValues
18:53:45.0 (27349180)|EXECUTION_FINISHED
