66.0 APEX_CODE,FINEST;APEX_PROFILING,INFO;CALLOUT,INFO;DATA_ACCESS,INFO;DB,INFO;NBA,INFO;SYSTEM,DEBUG;VALIDATION,INFO;VISUALFORCE,INFO;WAVE,INFO;WORKFLOW,INFO
18:38:54.0 (189293)|USER_INFO|[EXTERNAL]|0057F0000042UBb|ishibashi@hurex.co.jp.dev1|(GMT+09:00) 日本標準時 (Asia/Tokyo)|GMT+09:00
18:38:54.0 (220078)|EXECUTION_STARTED
18:38:54.0 (228516)|CODE_UNIT_STARTED|[EXTERNAL]|apex://RegistrationInfoController/ACTION$getRegistrationInfo
18:38:54.0 (1793289)|CODE_UNIT_STARTED|[EXTERNAL]|01pBK000001mgyr|RegistrationInfoController.getRegistrationInfo()
18:38:54.0 (2086761)|HEAP_ALLOCATE|[95]|Bytes:3
18:38:54.0 (2167674)|HEAP_ALLOCATE|[100]|Bytes:152
18:38:54.0 (2187892)|HEAP_ALLOCATE|[417]|Bytes:408
18:38:54.0 (2206914)|HEAP_ALLOCATE|[430]|Bytes:408
18:38:54.0 (2238789)|HEAP_ALLOCATE|[317]|Bytes:6
18:38:54.0 (2254678)|HEAP_ALLOCATE|[EXTERNAL]|Bytes:23
18:38:54.0 (2260083)|HEAP_ALLOCATE|[EXTERNAL]|Bytes:25
18:38:54.0 (2263325)|HEAP_ALLOCATE|[EXTERNAL]|Bytes:3
18:38:54.0 (2276773)|METHOD_ENTRY|[5]|01pBK000001mgyr|RegistrationInfoController.RegistrationInfoController()
18:38:54.0 (2282818)|STATEMENT_EXECUTE|[5]
18:38:54.0 (2288000)|STATEMENT_EXECUTE|[5]
18:38:54.0 (2309056)|HEAP_ALLOCATE|[68]|Bytes:5
18:38:54.0 (2333248)|HEAP_ALLOCATE|[74]|Bytes:5
18:38:54.0 (2340867)|HEAP_ALLOCATE|[82]|Bytes:7
18:38:54.0 (2508504)|HEAP_ALLOCATE|[EXTERNAL]|Bytes:5
18:38:54.0 (2514101)|STATEMENT_EXECUTE|[8]
18:38:54.0 (2523319)|METHOD_EXIT|[5]|RegistrationInfoController
18:38:54.0 (2534748)|HEAP_ALLOCATE|[35]|Bytes:5
18:38:54.0 (2537491)|STATEMENT_EXECUTE|[34]
18:38:54.0 (2538791)|STATEMENT_EXECUTE|[35]
18:38:54.0 (2539570)|STATEMENT_EXECUTE|[35]
18:38:54.0 (2540508)|STATEMENT_EXECUTE|[37]
18:38:54.0 (2542763)|HEAP_ALLOCATE|[37]|Bytes:66
18:38:54.0 (2560009)|HEAP_ALLOCATE|[37]|Bytes:4
18:38:54.0 (4705426)|SOQL_EXECUTE_BEGIN|[37]|Aggregations:0|SELECT AccountId FROM User WHERE Id = '005BK00000GwCFkYAN' LIMIT 1
18:38:54.0 (16609986)|SOQL_EXECUTE_END|[37]|Rows:1
18:38:54.0 (16646882)|HEAP_ALLOCATE|[37]|Bytes:8
18:38:54.0 (16671070)|HEAP_ALLOCATE|[37]|Bytes:60
18:38:54.0 (16794259)|HEAP_ALLOCATE|[37]|Bytes:8
18:38:54.0 (16811787)|HEAP_ALLOCATE|[37]|Bytes:30
18:38:54.0 (16897158)|HEAP_ALLOCATE|[37]|Bytes:12
18:38:54.0 (16907407)|VARIABLE_SCOPE_BEGIN|[37]|currentUser|User|true|false
18:38:54.0 (17013097)|VARIABLE_ASSIGNMENT|[37]|currentUser|{"AccountId":"001BK00000cc2ZEYAY","Id":"005BK00000GwCFkYAN"}|0x75d31a00
18:38:54.0 (17050449)|STATEMENT_EXECUTE|[38]
18:38:54.0 (17052735)|STATEMENT_EXECUTE|[42]
18:38:54.0 (17055506)|HEAP_ALLOCATE|[42]|Bytes:379
18:38:54.0 (17072075)|HEAP_ALLOCATE|[42]|Bytes:4
18:38:54.0 (17080892)|HEAP_ALLOCATE|[42]|Bytes:7
18:38:54.0 (18743440)|SOQL_EXECUTE_BEGIN|[42]|Aggregations:0|SELECT Id, LastName, FirstName, NameKanaSei__pc, NameKanaMei__pc, PersonBirthdate, Gender__pc, PostalCode__c, City__c, CityAndAddress__c, PersonMobilePhone, FinalEducationLevel__pc, SchoolFacultyDepartment__c, NumberOfCompaniesWorked__c, EmploymentStatus__pc, LicensesAndCertifications1__c, ManagementExperience__c, MyPageOtherRequests__c FROM Account WHERE Id = :tmpVar1 LIMIT 1
18:38:54.0 (51250061)|SOQL_EXECUTE_END|[42]|Rows:1
18:38:54.0 (51300665)|HEAP_ALLOCATE|[42]|Bytes:8
18:38:54.0 (51319362)|HEAP_ALLOCATE|[42]|Bytes:545
18:38:54.0 (51434607)|HEAP_ALLOCATE|[42]|Bytes:8
18:38:54.0 (51458027)|HEAP_ALLOCATE|[42]|Bytes:33
18:38:54.0 (51548737)|HEAP_ALLOCATE|[42]|Bytes:76
18:38:54.0 (51560561)|VARIABLE_SCOPE_BEGIN|[42]|acc|Account|true|false
18:38:54.0 (51765500)|VARIABLE_ASSIGNMENT|[42]|acc|{"EmploymentStatus__pc":"離職中","CityAndAddress__c":"市区町村（都道府県以下の住所）213","FirstName":"名11111","FinalEducationLevel__pc":"高専卒","NumberOfCompaniesWorked__c":7,"PersonBirthdate":"2026-04-24T00:00:00.000Z","PostalCode__c":"123-4777","NameKanaMei__pc":"ふりがな(名)1111","Gender__pc":"男性","City__c":"宮城県","NameKanaSei__pc":"ふりがな(姓)11","ManagementExperience__c":false,"MyPageOtherRequests__c":"その他11111111111","LicensesAndCertifications1__c":"免許・資格11","PersonMobilePhone":"5515","Id":"001BK00000cc2ZEYAY","LastName":"テスト 廣川111","SchoolFacultyDepartment__c":"学校名/学部名/学科11"}|0x200ab210
18:38:54.0 (51785985)|STATEMENT_EXECUTE|[53]
18:38:54.0 (51821001)|METHOD_ENTRY|[53]|01pBK000001mgyr|RegistrationInfoController.buildWrapper(Account)
18:38:54.0 (51866071)|VARIABLE_SCOPE_BEGIN|[148]|acc|Account|true|false
18:38:54.0 (51954303)|VARIABLE_ASSIGNMENT|[148]|acc|{"EmploymentStatus__pc":"離職中","CityAndAddress__c":"市区町村（都道府県以下の住所）213","FirstName":"名11111","FinalEducationLevel__pc":"高専卒","NumberOfCompaniesWorked__c":7,"PersonBirthdate":"2026-04-24T00:00:00.000Z","PostalCode__c":"123-4777","NameKanaMei__pc":"ふりがな(名)1111","Gender__pc":"男性","City__c":"宮城県","NameKanaSei__pc":"ふりがな(姓)11","ManagementExperience__c":false,"MyPageOtherRequests__c":"その他11111111111","LicensesAndCertifications1__c":"免許・資格11","PersonMobilePhone":"5515","Id":"001BK00000cc2ZEYAY","LastName":"テスト 廣川111","SchoolFacultyDepartment__c":"学校名/学部名/学科11"}|0x200ab210
18:38:54.0 (51992040)|HEAP_ALLOCATE|[149]|Bytes:5
18:38:54.0 (51997094)|STATEMENT_EXECUTE|[148]
18:38:54.0 (51998940)|STATEMENT_EXECUTE|[149]
18:38:54.0 (52020702)|HEAP_ALLOCATE|[149]|Bytes:76
18:38:54.0 (52057397)|CONSTRUCTOR_ENTRY|[149]|01pBK000001mgyr|<init>()|RegistrationInfoController.RegistrationInfoWrapper
18:38:54.0 (52097816)|VARIABLE_SCOPE_BEGIN|[8]|this|RegistrationInfoController.RegistrationInfoWrapper|true|false
18:38:54.0 (52256604)|VARIABLE_ASSIGNMENT|[8]|this|{}|0x421a04f9
18:38:54.0 (52269162)|HEAP_ALLOCATE|[EXTERNAL]|Bytes:6
18:38:54.0 (55174399)|STATEMENT_EXECUTE|[8]
18:38:54.0 (55180748)|STATEMENT_EXECUTE|[9]
18:38:54.0 (55182098)|STATEMENT_EXECUTE|[10]
18:38:54.0 (55183388)|STATEMENT_EXECUTE|[11]
18:38:54.0 (55184422)|STATEMENT_EXECUTE|[12]
18:38:54.0 (55185333)|STATEMENT_EXECUTE|[13]
18:38:54.0 (55186464)|STATEMENT_EXECUTE|[14]
18:38:54.0 (55187500)|STATEMENT_EXECUTE|[15]
18:38:54.0 (55188375)|STATEMENT_EXECUTE|[16]
18:38:54.0 (55189140)|STATEMENT_EXECUTE|[17]
18:38:54.0 (55190083)|STATEMENT_EXECUTE|[18]
18:38:54.0 (55190839)|STATEMENT_EXECUTE|[19]
18:38:54.0 (55191658)|STATEMENT_EXECUTE|[20]
18:38:54.0 (55192533)|STATEMENT_EXECUTE|[21]
18:38:54.0 (55193558)|STATEMENT_EXECUTE|[22]
18:38:54.0 (55194327)|STATEMENT_EXECUTE|[23]
18:38:54.0 (55195403)|STATEMENT_EXECUTE|[24]
18:38:54.0 (55196161)|STATEMENT_EXECUTE|[25]
18:38:54.0 (55196915)|STATEMENT_EXECUTE|[26]
18:38:54.0 (55204561)|CONSTRUCTOR_EXIT|[149]|01pBK000001mgyr|<init>()|RegistrationInfoController.RegistrationInfoWrapper
18:38:54.0 (55220116)|VARIABLE_SCOPE_BEGIN|[149]|w|RegistrationInfoController.RegistrationInfoWrapper|true|false
18:38:54.0 (55272298)|VARIABLE_ASSIGNMENT|[149]|w|{}|0x421a04f9
18:38:54.0 (55276583)|STATEMENT_EXECUTE|[150]
18:38:54.0 (55376412)|HEAP_ALLOCATE|[150]|Bytes:18
18:38:54.0 (55400942)|VARIABLE_ASSIGNMENT|[150]|this.recordId|"001BK00000cc2ZEYAY"|0x421a04f9
18:38:54.0 (55404459)|STATEMENT_EXECUTE|[151]
18:38:54.0 (55426769)|VARIABLE_ASSIGNMENT|[151]|this.lastName|"テスト 廣川111"|0x421a04f9
18:38:54.0 (55431197)|STATEMENT_EXECUTE|[152]
18:38:54.0 (55441437)|VARIABLE_ASSIGNMENT|[152]|this.firstName|"名11111"|0x421a04f9
18:38:54.0 (55444796)|STATEMENT_EXECUTE|[153]
18:38:54.0 (55455783)|VARIABLE_ASSIGNMENT|[153]|this.kanaSei|"ふりがな(姓)11"|0x421a04f9
18:38:54.0 (55458732)|STATEMENT_EXECUTE|[154]
18:38:54.0 (55465539)|VARIABLE_ASSIGNMENT|[154]|this.kanaMei|"ふりがな(名)1111"|0x421a04f9
18:38:54.0 (55468810)|STATEMENT_EXECUTE|[155]
18:38:54.0 (55583961)|HEAP_ALLOCATE|[155]|Bytes:10
18:38:54.0 (55598547)|VARIABLE_ASSIGNMENT|[155]|this.birthdate|"2026/04/24"|0x421a04f9
18:38:54.0 (55601394)|STATEMENT_EXECUTE|[156]
18:38:54.0 (55616586)|VARIABLE_ASSIGNMENT|[156]|this.gender|"男性"|0x421a04f9
18:38:54.0 (55620079)|STATEMENT_EXECUTE|[157]
18:38:54.0 (55628891)|VARIABLE_ASSIGNMENT|[157]|this.postalCode|"123-4777"|0x421a04f9
18:38:54.0 (55631848)|STATEMENT_EXECUTE|[158]
18:38:54.0 (55639596)|VARIABLE_ASSIGNMENT|[158]|this.prefecture|"宮城県"|0x421a04f9
18:38:54.0 (55642619)|STATEMENT_EXECUTE|[159]
18:38:54.0 (55650545)|VARIABLE_ASSIGNMENT|[159]|this.address|"市区町村（都道府県以下の住所）213"|0x421a04f9
18:38:54.0 (55653991)|STATEMENT_EXECUTE|[160]
18:38:54.0 (55666116)|VARIABLE_ASSIGNMENT|[160]|this.phone|"5515"|0x421a04f9
18:38:54.0 (55668484)|STATEMENT_EXECUTE|[161]
18:38:54.0 (55675807)|VARIABLE_ASSIGNMENT|[161]|this.education|"高専卒"|0x421a04f9
18:38:54.0 (55678683)|STATEMENT_EXECUTE|[162]
18:38:54.0 (55687478)|VARIABLE_ASSIGNMENT|[162]|this.school|"学校名/学部名/学科11"|0x421a04f9
18:38:54.0 (55690240)|STATEMENT_EXECUTE|[163]
18:38:54.0 (55727522)|HEAP_ALLOCATE|[163]|Bytes:28
18:38:54.0 (55732269)|HEAP_ALLOCATE|[163]|Bytes:28
18:38:54.0 (55778845)|HEAP_ALLOCATE|[163]|Bytes:1
18:38:54.0 (55787117)|VARIABLE_ASSIGNMENT|[163]|this.companyCount|"7"|0x421a04f9
18:38:54.0 (55790453)|STATEMENT_EXECUTE|[164]
18:38:54.0 (55801165)|VARIABLE_ASSIGNMENT|[164]|this.employmentStatus|"離職中"|0x421a04f9
18:38:54.0 (55804303)|STATEMENT_EXECUTE|[165]
18:38:54.0 (55812450)|VARIABLE_ASSIGNMENT|[165]|this.license|"免許・資格11"|0x421a04f9
18:38:54.0 (55815359)|STATEMENT_EXECUTE|[167]
18:38:54.0 (55831679)|HEAP_ALLOCATE|[167]|Bytes:5
18:38:54.0 (55836489)|VARIABLE_ASSIGNMENT|[167]|this.managementExperience|"false"|0x421a04f9
18:38:54.0 (55838984)|STATEMENT_EXECUTE|[168]
18:38:54.0 (55847096)|VARIABLE_ASSIGNMENT|[168]|this.remarks|"その他11111111111"|0x421a04f9
18:38:54.0 (55849953)|STATEMENT_EXECUTE|[169]
18:38:54.0 (55860781)|METHOD_EXIT|[53]|01pBK000001mgyr|RegistrationInfoController.buildWrapper(Account)
18:38:54.55 (55910173)|CUMULATIVE_LIMIT_USAGE
18:38:54.55 (55910173)|LIMIT_USAGE_FOR_NS|(default)|
  Number of SOQL queries: 2 out of 100
  Number of query rows: 2 out of 50000
  Number of SOSL queries: 0 out of 20
  Number of DML statements: 0 out of 150
  Number of Publish Immediate DML: 0 out of 150
  Number of DML rows: 0 out of 10000
  Maximum CPU time: 0 out of 10000
  Maximum heap size: 0 out of 6000000
  Number of callouts: 0 out of 100
  Number of Email Invocations: 0 out of 10
  Number of future calls: 0 out of 50
  Number of queueable jobs added to the queue: 0 out of 50
  Number of Mobile Apex push calls: 0 out of 10

18:38:54.55 (55910173)|CUMULATIVE_LIMIT_USAGE_END

18:38:54.0 (55932411)|CODE_UNIT_FINISHED|RegistrationInfoController.getRegistrationInfo()
18:38:54.0 (56116260)|CODE_UNIT_FINISHED|apex://RegistrationInfoController/ACTION$getRegistrationInfo
18:38:54.0 (56123793)|EXECUTION_FINISHED
