66.0 APEX_CODE,FINEST;APEX_PROFILING,INFO;CALLOUT,INFO;DATA_ACCESS,INFO;DB,INFO;NBA,INFO;SYSTEM,DEBUG;VALIDATION,INFO;VISUALFORCE,INFO;WAVE,INFO;WORKFLOW,INFO
15:29:20.2 (2216452)|USER_INFO|[EXTERNAL]|0057F0000042UBb|ishibashi@hurex.co.jp.dev1|(GMT+09:00) 日本標準時 (Asia/Tokyo)|GMT+09:00
15:29:20.2 (2261600)|EXECUTION_STARTED
15:29:20.2 (2273708)|CODE_UNIT_STARTED|[EXTERNAL]|apex://OfferComponentController/ACTION$getOffers
15:29:20.2 (3898694)|CODE_UNIT_STARTED|[EXTERNAL]|01pBK000001Vpwv|OfferComponentController.getOffers()
15:29:20.2 (4364207)|HEAP_ALLOCATE|[95]|Bytes:3
15:29:20.2 (4460448)|HEAP_ALLOCATE|[100]|Bytes:152
15:29:20.2 (4475288)|HEAP_ALLOCATE|[417]|Bytes:408
15:29:20.2 (4487023)|HEAP_ALLOCATE|[430]|Bytes:408
15:29:20.2 (4506843)|HEAP_ALLOCATE|[317]|Bytes:6
15:29:20.2 (4516732)|HEAP_ALLOCATE|[EXTERNAL]|Bytes:2
15:29:20.2 (4528539)|METHOD_ENTRY|[5]|01pBK000001Vpwv|OfferComponentController.OfferComponentController()
15:29:20.2 (4534885)|STATEMENT_EXECUTE|[5]
15:29:20.2 (4539477)|STATEMENT_EXECUTE|[5]
15:29:20.2 (4559339)|HEAP_ALLOCATE|[68]|Bytes:5
15:29:20.2 (4585102)|HEAP_ALLOCATE|[74]|Bytes:5
15:29:20.2 (4589848)|HEAP_ALLOCATE|[82]|Bytes:7
15:29:20.2 (4830728)|HEAP_ALLOCATE|[EXTERNAL]|Bytes:5
15:29:20.2 (4844467)|METHOD_EXIT|[5]|OfferComponentController
15:29:20.2 (4855964)|HEAP_ALLOCATE|[18]|Bytes:5
15:29:20.2 (4858638)|STATEMENT_EXECUTE|[16]
15:29:20.2 (4859826)|STATEMENT_EXECUTE|[18]
15:29:20.2 (4862128)|HEAP_ALLOCATE|[18]|Bytes:78
15:29:20.2 (4879195)|HEAP_ALLOCATE|[18]|Bytes:4
15:29:20.2 (18945381)|SOQL_EXECUTE_BEGIN|[18]|Aggregations:0|SELECT COUNT() FROM SelectionProcess__c WHERE LatestProcessStatus__c = 'JOB打診'
15:29:20.2 (70551955)|SOQL_EXECUTE_END|[18]|Rows:2
15:29:20.2 (70618391)|HEAP_ALLOCATE|[18]|Bytes:4
15:29:20.2 (70650746)|VARIABLE_SCOPE_BEGIN|[18]|totalCount|Integer|false|false
15:29:20.2 (70661451)|HEAP_ALLOCATE|[18]|Bytes:4
15:29:20.2 (70707231)|VARIABLE_ASSIGNMENT|[18]|totalCount|2
15:29:20.2 (70714559)|STATEMENT_EXECUTE|[22]
15:29:20.2 (70722686)|HEAP_ALLOCATE|[22]|Bytes:360
15:29:20.2 (70753453)|HEAP_ALLOCATE|[22]|Bytes:4
15:29:20.2 (104120066)|SOQL_EXECUTE_BEGIN|[22]|Aggregations:0|SELECT Id, JobPosition__c, LatestProcessStatus__c, LastModifiedDate, JobPosition__r.Id, JobPosition__r.Company__r.Name, JobPosition__r.JobPosition__c, JobPosition__r.WorkLocation2__c, JobPosition__r.JobCategory1__c, JobPosition__r.LastViewedDate FROM SelectionProcess__c WHERE LatestProcessStatus__c = 'JOB打診' ORDER BY LastModifiedDate DESC NULLS FIRST LIMIT 2
15:29:20.2 (156675889)|SOQL_EXECUTE_END|[22]|Rows:2
15:29:20.2 (156718970)|HEAP_ALLOCATE|[22]|Bytes:12
15:29:20.2 (156742621)|HEAP_ALLOCATE|[22]|Bytes:874
15:29:20.2 (156894241)|HEAP_ALLOCATE|[22]|Bytes:12
15:29:20.2 (156915469)|VARIABLE_SCOPE_BEGIN|[22]|processes|List<SelectionProcess__c>|true|false
15:29:20.2 (157322300)|VARIABLE_ASSIGNMENT|[22]|processes|[{"JobPosition__c":"a0KBK00000GezgQ2AR","LastModifiedDate":"2026-03-25T09:40:48.000Z","JobPosition__r":{"JobPosition__c":"新潟市(新潟) 法人ルート営業・業界シェ (74 more) ...","WorkLocation2__c":"新潟県新潟市（転勤なし／車通勤可）","LastViewedDate":"2026-04-02T04:28:50.000Z","Id":"a0KBK00000GezgQ2AR","Company__c":"001BK00000b1JOJYA2","Company__r":{"Name":"(demo)株式会社エンミッシュ","Id":"001BK00000b1JOJYA2"},"JobCategory1__c":"経営幹部/企画/マーケティング系"},"Id":"a0LBK000006mpG52AI","LatestProcessStatus__c":"JOB打診"},{"JobPosition__c":"a0KBK00000Gexcs2AB","LastModifiedDate":"2026-03-02T05:52:31.000Z","JobPosition__r":{"JobPosition__c":"テスト401求人タイトル求人タイトル求人 (28 more) ...","WorkLocation2__c":"勤務地","LastViewedDate":"2026-03-29T02:44:24.000Z","Id":"a0KBK00000Gexcs2AB","Company__c":"001BK00000cc2ZEYAY","Company__r":{"Name":"テスト 廣川","Id":"001BK00000cc2ZEYAY"},"JobCategory1__c":"専門職系（コンサルタント/金融/不動産）"},"Id":"a0LBK000005sEhR2AU","LatestProcessStatus__c":"JOB打診"}]|0x628f781e
15:29:20.2 (157342636)|STATEMENT_EXECUTE|[41]
15:29:20.2 (157359412)|HEAP_ALLOCATE|[41]|Bytes:4
15:29:20.2 (157411159)|VARIABLE_SCOPE_BEGIN|[41]|jobInfos|List<Map<String,ANY>>|true|false
15:29:20.2 (157450075)|HEAP_ALLOCATE|[EXTERNAL]|Bytes:4
15:29:20.2 (157458659)|VARIABLE_ASSIGNMENT|[41]|jobInfos|[]|0x186e9308
15:29:20.2 (157661120)|HEAP_ALLOCATE|[44]|Bytes:5
15:29:20.2 (157694522)|HEAP_ALLOCATE|[44]|Bytes:24
15:29:20.2 (157704966)|VARIABLE_SCOPE_BEGIN|[44]|process|SelectionProcess__c|true|false
15:29:20.2 (157855456)|VARIABLE_ASSIGNMENT|[44]|process|{"JobPosition__c":"a0KBK00000GezgQ2AR","LastModifiedDate":"2026-03-25T09:40:48.000Z","JobPosition__r":{"JobPosition__c":"新潟市(新潟) 法人ルート営業・業界シェ (74 more) ...","WorkLocation2__c":"新潟県新潟市（転勤なし／車通勤可）","LastViewedDate":"2026-04-02T04:28:50.000Z","Id":"a0KBK00000GezgQ2AR","Company__c":"001BK00000b1JOJYA2","Company__r":{"Name":"(demo)株式会社エンミッシュ","Id":"001BK00000b1JOJYA2"},"JobCategory1__c":"経営幹部/企画/マーケティング系"},"Id":"a0LBK000006mpG52AI","LatestProcessStatus__c":"JOB打診"}|0x745d7cb8
15:29:20.2 (157867518)|STATEMENT_EXECUTE|[44]
15:29:20.2 (157868679)|STATEMENT_EXECUTE|[45]
15:29:20.2 (157881036)|HEAP_ALLOCATE|[45]|Bytes:4
15:29:20.2 (157890494)|VARIABLE_SCOPE_BEGIN|[45]|jobInfo|Map<String,ANY>|true|false
15:29:20.2 (157907803)|VARIABLE_ASSIGNMENT|[45]|jobInfo|{}|0x572e73d6
15:29:20.2 (157912100)|STATEMENT_EXECUTE|[46]
15:29:20.2 (157917178)|HEAP_ALLOCATE|[46]|Bytes:5
15:29:20.2 (158007034)|HEAP_ALLOCATE|[EXTERNAL]|Bytes:-4
15:29:20.2 (158015591)|STATEMENT_EXECUTE|[48]
15:29:20.2 (158017772)|HEAP_ALLOCATE|[48]|Bytes:10
15:29:20.2 (158048759)|HEAP_ALLOCATE|[48]|Bytes:14
15:29:20.2 (158100538)|HEAP_ALLOCATE|[48]|Bytes:15
15:29:20.2 (158111196)|HEAP_ALLOCATE|[EXTERNAL]|Bytes:-4
15:29:20.2 (158115609)|STATEMENT_EXECUTE|[50]
15:29:20.2 (158117581)|HEAP_ALLOCATE|[50]|Bytes:11
15:29:20.2 (158178672)|HEAP_ALLOCATE|[EXTERNAL]|Bytes:-4
15:29:20.2 (158183194)|STATEMENT_EXECUTE|[52]
15:29:20.2 (158185152)|HEAP_ALLOCATE|[52]|Bytes:13
15:29:20.2 (158227601)|HEAP_ALLOCATE|[EXTERNAL]|Bytes:-4
15:29:20.2 (158232253)|STATEMENT_EXECUTE|[54]
15:29:20.2 (158234507)|HEAP_ALLOCATE|[54]|Bytes:12
15:29:20.2 (158255732)|HEAP_ALLOCATE|[EXTERNAL]|Bytes:-4
15:29:20.2 (158259886)|STATEMENT_EXECUTE|[56]
15:29:20.2 (158261758)|HEAP_ALLOCATE|[56]|Bytes:11
15:29:20.2 (158333552)|HEAP_ALLOCATE|[EXTERNAL]|Bytes:-4
15:29:20.2 (158337816)|STATEMENT_EXECUTE|[58]
15:29:20.2 (158339992)|HEAP_ALLOCATE|[58]|Bytes:14
15:29:20.2 (158370776)|HEAP_ALLOCATE|[EXTERNAL]|Bytes:-4
15:29:20.2 (158375180)|STATEMENT_EXECUTE|[59]
15:29:20.2 (158394481)|HEAP_ALLOCATE|[EXTERNAL]|Bytes:4
15:29:20.2 (158412469)|HEAP_ALLOCATE|[44]|Bytes:5
15:29:20.2 (158424323)|HEAP_ALLOCATE|[44]|Bytes:24
15:29:20.2 (158431744)|VARIABLE_SCOPE_BEGIN|[44]|process|SelectionProcess__c|true|false
15:29:20.2 (158547194)|VARIABLE_ASSIGNMENT|[44]|process|{"JobPosition__c":"a0KBK00000Gexcs2AB","LastModifiedDate":"2026-03-02T05:52:31.000Z","JobPosition__r":{"JobPosition__c":"テスト401求人タイトル求人タイトル求人 (28 more) ...","WorkLocation2__c":"勤務地","LastViewedDate":"2026-03-29T02:44:24.000Z","Id":"a0KBK00000Gexcs2AB","Company__c":"001BK00000cc2ZEYAY","Company__r":{"Name":"テスト 廣川","Id":"001BK00000cc2ZEYAY"},"JobCategory1__c":"専門職系（コンサルタント/金融/不動産）"},"Id":"a0LBK000005sEhR2AU","LatestProcessStatus__c":"JOB打診"}|0x52dfaf
15:29:20.2 (158560419)|STATEMENT_EXECUTE|[44]
15:29:20.2 (158561691)|STATEMENT_EXECUTE|[45]
15:29:20.2 (158573254)|HEAP_ALLOCATE|[45]|Bytes:4
15:29:20.2 (158579669)|VARIABLE_SCOPE_BEGIN|[45]|jobInfo|Map<String,ANY>|true|false
15:29:20.2 (158592837)|VARIABLE_ASSIGNMENT|[45]|jobInfo|{}|0x2b2c42dc
15:29:20.2 (158597223)|STATEMENT_EXECUTE|[46]
15:29:20.2 (158608864)|HEAP_ALLOCATE|[EXTERNAL]|Bytes:-4
15:29:20.2 (158613179)|STATEMENT_EXECUTE|[48]
15:29:20.2 (158639954)|HEAP_ALLOCATE|[48]|Bytes:14
15:29:20.2 (158649226)|HEAP_ALLOCATE|[EXTERNAL]|Bytes:-4
15:29:20.2 (158652097)|STATEMENT_EXECUTE|[50]
15:29:20.2 (158660832)|HEAP_ALLOCATE|[EXTERNAL]|Bytes:-4
15:29:20.2 (158664819)|STATEMENT_EXECUTE|[52]
15:29:20.2 (158669679)|HEAP_ALLOCATE|[EXTERNAL]|Bytes:-4
15:29:20.2 (158672167)|STATEMENT_EXECUTE|[54]
15:29:20.2 (158676530)|HEAP_ALLOCATE|[EXTERNAL]|Bytes:-4
15:29:20.2 (158679097)|STATEMENT_EXECUTE|[56]
15:29:20.2 (158684106)|HEAP_ALLOCATE|[EXTERNAL]|Bytes:-4
15:29:20.2 (158686644)|STATEMENT_EXECUTE|[58]
15:29:20.2 (158692939)|HEAP_ALLOCATE|[EXTERNAL]|Bytes:-4
15:29:20.2 (158695510)|STATEMENT_EXECUTE|[59]
15:29:20.2 (158699499)|HEAP_ALLOCATE|[EXTERNAL]|Bytes:4
15:29:20.2 (158707726)|HEAP_ALLOCATE|[44]|Bytes:5
15:29:20.2 (158716387)|VARIABLE_ASSIGNMENT|[44]|process|null|
15:29:20.2 (158719694)|STATEMENT_EXECUTE|[63]
15:29:20.2 (158724372)|HEAP_ALLOCATE|[63]|Bytes:4
15:29:20.2 (158728833)|VARIABLE_SCOPE_BEGIN|[63]|result|Map<String,ANY>|true|false
15:29:20.2 (158734761)|VARIABLE_ASSIGNMENT|[63]|result|{}|0x5af808e6
15:29:20.2 (158737476)|STATEMENT_EXECUTE|[64]
15:29:20.2 (158738847)|HEAP_ALLOCATE|[64]|Bytes:8
15:29:20.2 (158759159)|HEAP_ALLOCATE|[EXTERNAL]|Bytes:-4
15:29:20.2 (158762254)|STATEMENT_EXECUTE|[65]
15:29:20.2 (158763711)|HEAP_ALLOCATE|[65]|Bytes:10
15:29:20.2 (158772273)|HEAP_ALLOCATE|[65]|Bytes:4
15:29:20.2 (158789546)|HEAP_ALLOCATE|[EXTERNAL]|Bytes:-4
15:29:20.2 (158793394)|STATEMENT_EXECUTE|[66]
15:29:20.158 (158860341)|CUMULATIVE_LIMIT_USAGE
15:29:20.158 (158860341)|LIMIT_USAGE_FOR_NS|(default)|
  Number of SOQL queries: 2 out of 100
  Number of query rows: 3 out of 50000
  Number of SOSL queries: 0 out of 20
  Number of DML statements: 0 out of 0
  Number of Publish Immediate DML: 0 out of 150
  Number of DML rows: 0 out of 10000
  Maximum CPU time: 0 out of 10000
  Maximum heap size: 0 out of 6000000
  Number of callouts: 0 out of 100
  Number of Email Invocations: 0 out of 10
  Number of future calls: 0 out of 50
  Number of queueable jobs added to the queue: 0 out of 50
  Number of Mobile Apex push calls: 0 out of 10

15:29:20.158 (158860341)|CUMULATIVE_LIMIT_USAGE_END

15:29:20.2 (158897506)|CODE_UNIT_FINISHED|OfferComponentController.getOffers()
15:29:20.2 (159102998)|CODE_UNIT_FINISHED|apex://OfferComponentController/ACTION$getOffers
15:29:20.2 (159110351)|EXECUTION_FINISHED
