45.0 APEX_CODE,FINEST;APEX_PROFILING,INFO;CALLOUT,INFO;DATA_ACCESS,INFO;DB,INFO;NBA,INFO;SYSTEM,DEBUG;VALIDATION,INFO;VISUALFORCE,INFO;WAVE,INFO;WORKFLOW,INFO
11:31:27.74 (1074784597)|DML_BEGIN|[243]|Op:Insert|Type:pi__ObjectChangeLog__c|Rows:1
11:31:27.74 (1108693911)|DML_END|[243]
11:31:27.74 (1129217546)|SOQL_EXECUTE_BEGIN|[124]|Aggregations:0|SELECT Id FROM AsyncRequest__c WHERE RequestId__c = :tmpVar1 LIMIT 1
11:31:27.74 (1140474929)|SOQL_EXECUTE_END|[124]|Rows:1
11:31:27.74 (1147065776)|SOQL_EXECUTE_BEGIN|[160]|Aggregations:0|SELECT Id, AsyncType__c, Scheduled_Time__c, Repeat_Type__c, Params__c FROM AsyncRequest__c ORDER BY Scheduled_Time__c ASC NULLS FIRST LIMIT 1
11:31:27.74 (1168765765)|SOQL_EXECUTE_END|[160]|Rows:1
11:31:27.74 (1169632337)|SOQL_EXECUTE_BEGIN|[183]|Aggregations:0|SELECT Id, CronJobDetail.Name, State, NextFireTime FROM CronTrigger WHERE CronJobDetail.Name LIKE :tmpVar1 ORDER BY NextFireTime ASC NULLS FIRST LIMIT 1
11:31:27.74 (1197205755)|SOQL_EXECUTE_END|[183]|Rows:1
11:31:27.200 (1200166862)|CUMULATIVE_LIMIT_USAGE
11:31:27.200 (1200166862)|LIMIT_USAGE_FOR_NS|(default)|
  Number of SOQL queries: 0 out of 100
  Number of query rows: 0 out of 50000
  Number of SOSL queries: 0 out of 20
  Number of DML statements: 0 out of 150
  Number of Publish Immediate DML: 0 out of 150
  Number of DML rows: 0 out of 10000
  Maximum CPU time: 54 out of 10000
  Maximum heap size: 0 out of 6000000
  Number of callouts: 0 out of 100
  Number of Email Invocations: 0 out of 10
  Number of future calls: 0 out of 50
  Number of queueable jobs added to the queue: 0 out of 50
  Number of Mobile Apex push calls: 0 out of 10

11:31:27.200 (1200166862)|LIMIT_USAGE_FOR_NS|pi|
  Number of SOQL queries: 3 out of 100
  Number of query rows: 3 out of 50000
  Number of SOSL queries: 0 out of 20
  Number of DML statements: 1 out of 150
  Number of Publish Immediate DML: 0 out of 150
  Number of DML rows: 1 out of 10000
  Maximum CPU time: 0 out of 10000
  Maximum heap size: 0 out of 6000000
  Number of callouts: 0 out of 100
  Number of Email Invocations: 0 out of 10
  Number of future calls: 0 out of 50
  Number of queueable jobs added to the queue: 0 out of 50
  Number of Mobile Apex push calls: 0 out of 10

11:31:27.200 (1200166862)|CUMULATIVE_LIMIT_USAGE_END

