66.0 APEX_CODE,FINEST;APEX_PROFILING,INFO;CALLOUT,INFO;DATA_ACCESS,INFO;DB,INFO;NBA,INFO;SYSTEM,DEBUG;VALIDATION,INFO;VISUALFORCE,INFO;WAVE,INFO;WORKFLOW,INFO
15:45:06.0 (232204)|USER_INFO|[EXTERNAL]|0057F0000042UBb|ishibashi@hurex.co.jp.dev1|(GMT+09:00) 日本標準時 (Asia/Tokyo)|GMT+09:00
15:45:06.0 (271192)|EXECUTION_STARTED
15:45:06.0 (280587)|CODE_UNIT_STARTED|[EXTERNAL]|apex://PicklistController/ACTION$getPicklistOptions
15:45:06.0 (3752631)|CODE_UNIT_STARTED|[EXTERNAL]|01pBK000001iHe5|PicklistController.getPicklistOptions(String, String)
15:45:06.0 (7829461)|HEAP_ALLOCATE|[95]|Bytes:3
15:45:06.0 (7944099)|HEAP_ALLOCATE|[100]|Bytes:152
15:45:06.0 (7963822)|HEAP_ALLOCATE|[417]|Bytes:408
15:45:06.0 (7994859)|HEAP_ALLOCATE|[430]|Bytes:408
15:45:06.0 (8035980)|HEAP_ALLOCATE|[317]|Bytes:6
15:45:06.0 (8090668)|HEAP_ALLOCATE|[EXTERNAL]|Bytes:1
15:45:06.0 (8102940)|METHOD_ENTRY|[1]|01pBK000001iHe5|PicklistController.PicklistController()
15:45:06.0 (8110278)|STATEMENT_EXECUTE|[1]
15:45:06.0 (8114753)|STATEMENT_EXECUTE|[1]
15:45:06.0 (8164148)|HEAP_ALLOCATE|[68]|Bytes:5
15:45:06.0 (8189289)|HEAP_ALLOCATE|[74]|Bytes:5
15:45:06.0 (8196518)|HEAP_ALLOCATE|[82]|Bytes:7
15:45:06.0 (8436243)|HEAP_ALLOCATE|[EXTERNAL]|Bytes:5
15:45:06.0 (8449637)|METHOD_EXIT|[1]|PicklistController
15:45:06.0 (8455475)|HEAP_ALLOCATE|[EXTERNAL]|Bytes:7
15:45:06.0 (8458626)|HEAP_ALLOCATE|[EXTERNAL]|Bytes:25
15:45:06.0 (8464514)|VARIABLE_SCOPE_BEGIN|[3]|objectName|String|false|false
15:45:06.0 (8498362)|VARIABLE_ASSIGNMENT|[3]|objectName|"Account"
15:45:06.0 (8503303)|VARIABLE_SCOPE_BEGIN|[3]|fieldName|String|false|false
15:45:06.0 (8512075)|VARIABLE_ASSIGNMENT|[3]|fieldName|"PreferredWorkLocatio (5 more) ..."
15:45:06.0 (8523522)|HEAP_ALLOCATE|[4]|Bytes:5
15:45:06.0 (8528393)|STATEMENT_EXECUTE|[3]
15:45:06.0 (8530045)|STATEMENT_EXECUTE|[4]
15:45:06.0 (8605613)|HEAP_ALLOCATE|[4]|Bytes:4
15:45:06.0 (8647095)|VARIABLE_SCOPE_BEGIN|[4]|options|List<Map<String,String>>|true|false
15:45:06.0 (8686181)|HEAP_ALLOCATE|[EXTERNAL]|Bytes:4
15:45:06.0 (8697425)|VARIABLE_ASSIGNMENT|[4]|options|[]|0x7fb0c4bd
15:45:06.0 (8702095)|STATEMENT_EXECUTE|[5]
15:45:07.68 (1068316676)|HEAP_ALLOCATE|[5]|Bytes:5300
15:45:07.68 (1068447784)|VARIABLE_SCOPE_BEGIN|[5]|globalDescribe|Map<String,Schema.SObjectType>|true|false
15:45:07.68 (1069184112)|VARIABLE_ASSIGNMENT|[5]|globalDescribe|"{acceptedeventrelation=AcceptedEventRelation, account=Account, accountbrand=AccountBrand, accountbrandshare=AccountBrandShare, accountchangeevent=AccountChangeEvent, accountcontactrole=AccountContactRole, accountcontactrolechangeevent=AccountContactRoleChangeEvent, accountfeed=AccountFeed, accounthistory=AccountHistory, accountpartner=AccountPartner, ...}"|0x77ae6d18
15:45:07.68 (1069199752)|STATEMENT_EXECUTE|[6]
15:45:07.68 (1069408568)|VARIABLE_SCOPE_BEGIN|[6]|objType|Schema.SObjectType|true|false
15:45:07.68 (1069472364)|VARIABLE_ASSIGNMENT|[6]|objType|"common.apex.runtime.impl.ApexSObjectTypeToken@598cd461"|0x598cd461
15:45:07.68 (1069477259)|STATEMENT_EXECUTE|[7]
15:45:07.68 (1069478544)|STATEMENT_EXECUTE|[10]
15:45:07.68 (1090622348)|HEAP_ALLOCATE|[10]|Bytes:4
15:45:07.68 (1093941033)|HEAP_ALLOCATE|[10]|Bytes:1560
15:45:07.68 (1093970303)|VARIABLE_SCOPE_BEGIN|[10]|fieldMap|Map<String,Schema.SObjectField>|true|false
15:45:07.68 (1094278435)|VARIABLE_ASSIGNMENT|[10]|fieldMap|"{accountnumber=AccountNumber, accountsource=AccountSource, addressfurigana__c=AddressFurigana__c, addressmemo__c=AddressMemo__c, age__pc=Age__pc, agentusagestatus__pc=AgentUsageStatus__pc, annualhiringtarget__c=AnnualHiringTarget__c, annualrevenue=AnnualRevenue, annualrevenue__c=AnnualRevenue__c, aobampmemo__c=AobaMpMemo__c, ...}"|0x796851f6
15:45:07.68 (1094287260)|STATEMENT_EXECUTE|[11]
15:45:07.68 (1094365145)|VARIABLE_SCOPE_BEGIN|[11]|field|Schema.SObjectField|true|false
15:45:07.68 (1094405665)|VARIABLE_ASSIGNMENT|[11]|field|"common.apex.runtime.impl.ApexFieldToken@2689c2fd"|0x2689c2fd
15:45:07.68 (1094410265)|STATEMENT_EXECUTE|[12]
15:45:07.68 (1094411305)|STATEMENT_EXECUTE|[16]
15:45:07.68 (1094455040)|SYSTEM_MODE_ENTER|true
15:45:07.68 (1272039311)|HEAP_ALLOCATE|[EXTERNAL]|Bytes:4
15:45:07.68 (1274441767)|HEAP_ALLOCATE|[16]|Bytes:8
15:45:07.68 (1274482279)|VARIABLE_SCOPE_BEGIN|[16]|fieldDescribe|Schema.DescribeFieldResult|true|false
15:45:07.68 (1289700594)|VARIABLE_ASSIGNMENT|[16]|fieldDescribe|"common.api.soap.wsdl.Field@f8c61ce6"|0x80c32e3
15:45:07.68 (1290775333)|HEAP_ALLOCATE|[17]|Bytes:16
15:45:07.68 (1290951092)|STATEMENT_EXECUTE|[17]
15:45:07.68 (1290955112)|STATEMENT_EXECUTE|[22]
15:45:07.68 (1291012779)|HEAP_ALLOCATE|[EXTERNAL]|Bytes:200
15:45:07.68 (1291110662)|HEAP_ALLOCATE|[22]|Bytes:200
15:45:07.68 (1291127612)|VARIABLE_SCOPE_BEGIN|[22]|picklistEntries|List<Schema.PicklistEntry>|true|false
15:45:07.68 (1291162180)|VARIABLE_ASSIGNMENT|[22]|picklistEntries|"List of size 49 too large to display"|0x70914cc9
15:45:07.68 (1291469555)|HEAP_ALLOCATE|[24]|Bytes:5
15:45:07.68 (1291505851)|HEAP_ALLOCATE|[24]|Bytes:4
15:45:07.68 (1291516611)|VARIABLE_SCOPE_BEGIN|[24]|entry|Schema.PicklistEntry|true|false
15:45:07.68 (1291539266)|VARIABLE_ASSIGNMENT|[24]|entry|北海道|0x4b0dfafb
15:45:07.68 (1291548336)|STATEMENT_EXECUTE|[24]
15:45:07.68 (1291570780)|STATEMENT_EXECUTE|[25]
15:45:07.68 (1291572322)|STATEMENT_EXECUTE|[26]
15:45:07.68 (1291594093)|HEAP_ALLOCATE|[26]|Bytes:4
15:45:07.68 (1291612134)|HEAP_ALLOCATE|[27]|Bytes:5
15:45:07.68 (1291626474)|HEAP_ALLOCATE|[27]|Bytes:3
15:45:07.68 (1291679951)|HEAP_ALLOCATE|[28]|Bytes:5
15:45:07.68 (1291690636)|HEAP_ALLOCATE|[28]|Bytes:3
15:45:07.68 (1291725158)|HEAP_ALLOCATE|[EXTERNAL]|Bytes:4
15:45:07.68 (1291739892)|HEAP_ALLOCATE|[24]|Bytes:5
15:45:07.68 (1291750863)|HEAP_ALLOCATE|[24]|Bytes:4
15:45:07.68 (1291757211)|VARIABLE_SCOPE_BEGIN|[24]|entry|Schema.PicklistEntry|true|false
15:45:07.68 (1291771691)|VARIABLE_ASSIGNMENT|[24]|entry|青森県|0x269b65d3
15:45:07.68 (1291777123)|STATEMENT_EXECUTE|[24]
15:45:07.68 (1291782505)|STATEMENT_EXECUTE|[25]
15:45:07.68 (1291783595)|STATEMENT_EXECUTE|[26]
15:45:07.68 (1291791430)|HEAP_ALLOCATE|[26]|Bytes:4
15:45:07.68 (1291798062)|HEAP_ALLOCATE|[27]|Bytes:3
15:45:07.68 (1291807157)|HEAP_ALLOCATE|[28]|Bytes:3
15:45:07.68 (1291828837)|HEAP_ALLOCATE|[EXTERNAL]|Bytes:4
15:45:07.68 (1291837343)|HEAP_ALLOCATE|[24]|Bytes:5
15:45:07.68 (1291844780)|HEAP_ALLOCATE|[24]|Bytes:4
15:45:07.68 (1291848975)|VARIABLE_SCOPE_BEGIN|[24]|entry|Schema.PicklistEntry|true|false
15:45:07.68 (1291856655)|VARIABLE_ASSIGNMENT|[24]|entry|岩手県|0x20fdcbbc
15:45:07.68 (1291861235)|STATEMENT_EXECUTE|[24]
15:45:07.68 (1291864278)|STATEMENT_EXECUTE|[25]
15:45:07.68 (1291865339)|STATEMENT_EXECUTE|[26]
15:45:07.68 (1291869677)|HEAP_ALLOCATE|[26]|Bytes:4
15:45:07.68 (1291874112)|HEAP_ALLOCATE|[27]|Bytes:3
15:45:07.68 (1291881792)|HEAP_ALLOCATE|[28]|Bytes:3
15:45:07.68 (1291889627)|HEAP_ALLOCATE|[EXTERNAL]|Bytes:4
15:45:07.68 (1291896748)|HEAP_ALLOCATE|[24]|Bytes:5
15:45:07.68 (1291902731)|HEAP_ALLOCATE|[24]|Bytes:4
15:45:07.68 (1291906165)|VARIABLE_SCOPE_BEGIN|[24]|entry|Schema.PicklistEntry|true|false
15:45:07.68 (1291912640)|VARIABLE_ASSIGNMENT|[24]|entry|宮城県|0x1134888a
15:45:07.68 (1291916771)|STATEMENT_EXECUTE|[24]
15:45:07.68 (1291919095)|STATEMENT_EXECUTE|[25]
15:45:07.68 (1291920114)|STATEMENT_EXECUTE|[26]
15:45:07.68 (1291923651)|HEAP_ALLOCATE|[26]|Bytes:4
15:45:07.68 (1291928143)|HEAP_ALLOCATE|[27]|Bytes:3
15:45:07.68 (1291935633)|HEAP_ALLOCATE|[28]|Bytes:3
15:45:07.68 (1291943340)|HEAP_ALLOCATE|[EXTERNAL]|Bytes:4
15:45:07.68 (1291950676)|HEAP_ALLOCATE|[24]|Bytes:5
15:45:07.68 (1291956618)|HEAP_ALLOCATE|[24]|Bytes:4
15:45:07.68 (1291960012)|VARIABLE_SCOPE_BEGIN|[24]|entry|Schema.PicklistEntry|true|false
15:45:07.68 (1291966669)|VARIABLE_ASSIGNMENT|[24]|entry|秋田県|0x354a7275
15:45:07.68 (1291971116)|STATEMENT_EXECUTE|[24]
15:45:07.68 (1291973906)|STATEMENT_EXECUTE|[25]
15:45:07.68 (1291975134)|STATEMENT_EXECUTE|[26]
15:45:07.68 (1291978886)|HEAP_ALLOCATE|[26]|Bytes:4
15:45:07.68 (1291984000)|HEAP_ALLOCATE|[27]|Bytes:3
15:45:07.68 (1291991256)|HEAP_ALLOCATE|[28]|Bytes:3
15:45:07.68 (1291998994)|HEAP_ALLOCATE|[EXTERNAL]|Bytes:4
15:45:07.68 (1292006301)|HEAP_ALLOCATE|[24]|Bytes:5
15:45:07.68 (1292013429)|HEAP_ALLOCATE|[24]|Bytes:4
15:45:07.68 (1292017031)|VARIABLE_SCOPE_BEGIN|[24]|entry|Schema.PicklistEntry|true|false
15:45:07.68 (1292023668)|VARIABLE_ASSIGNMENT|[24]|entry|山形県|0x48022cf2
15:45:07.68 (1292028236)|STATEMENT_EXECUTE|[24]
15:45:07.68 (1292030979)|STATEMENT_EXECUTE|[25]
15:45:07.68 (1292032146)|STATEMENT_EXECUTE|[26]
15:45:07.68 (1292035822)|HEAP_ALLOCATE|[26]|Bytes:4
15:45:07.68 (1292040014)|HEAP_ALLOCATE|[27]|Bytes:3
15:45:07.68 (1292047224)|HEAP_ALLOCATE|[28]|Bytes:3
15:45:07.68 (1292056318)|HEAP_ALLOCATE|[EXTERNAL]|Bytes:4
15:45:07.68 (1292063563)|HEAP_ALLOCATE|[24]|Bytes:5
15:45:07.68 (1292069545)|HEAP_ALLOCATE|[24]|Bytes:4
15:45:07.68 (1292072941)|VARIABLE_SCOPE_BEGIN|[24]|entry|Schema.PicklistEntry|true|false
15:45:07.68 (1292080071)|VARIABLE_ASSIGNMENT|[24]|entry|福島県|0x6ecae65
15:45:07.68 (1292084696)|STATEMENT_EXECUTE|[24]
15:45:07.68 (1292087216)|STATEMENT_EXECUTE|[25]
15:45:07.68 (1292088246)|STATEMENT_EXECUTE|[26]
15:45:07.68 (1292091966)|HEAP_ALLOCATE|[26]|Bytes:4
15:45:07.68 (1292096227)|HEAP_ALLOCATE|[27]|Bytes:3
15:45:07.68 (1292102904)|HEAP_ALLOCATE|[28]|Bytes:3
15:45:07.68 (1292110996)|HEAP_ALLOCATE|[EXTERNAL]|Bytes:4
15:45:07.68 (1292118471)|HEAP_ALLOCATE|[24]|Bytes:5
15:45:07.68 (1292125041)|HEAP_ALLOCATE|[24]|Bytes:4
15:45:07.68 (1292128917)|VARIABLE_SCOPE_BEGIN|[24]|entry|Schema.PicklistEntry|true|false
15:45:07.68 (1292135775)|VARIABLE_ASSIGNMENT|[24]|entry|茨城県|0x332906ea
15:45:07.68 (1292140031)|STATEMENT_EXECUTE|[24]
15:45:07.68 (1292142668)|STATEMENT_EXECUTE|[25]
15:45:07.68 (1292143759)|STATEMENT_EXECUTE|[26]
15:45:07.68 (1292147454)|HEAP_ALLOCATE|[26]|Bytes:4
15:45:07.68 (1292152417)|HEAP_ALLOCATE|[27]|Bytes:3
15:45:07.68 (1292160745)|HEAP_ALLOCATE|[28]|Bytes:3
15:45:07.68 (1292169045)|HEAP_ALLOCATE|[EXTERNAL]|Bytes:4
15:45:07.68 (1292176489)|HEAP_ALLOCATE|[24]|Bytes:5
15:45:07.68 (1292183049)|HEAP_ALLOCATE|[24]|Bytes:4
15:45:07.68 (1292187044)|VARIABLE_SCOPE_BEGIN|[24]|entry|Schema.PicklistEntry|true|false
15:45:07.68 (1292193581)|VARIABLE_ASSIGNMENT|[24]|entry|栃木県|0x55161320
15:45:07.68 (1292197907)|STATEMENT_EXECUTE|[24]
15:45:07.68 (1292200361)|STATEMENT_EXECUTE|[25]
15:45:07.68 (1292201473)|STATEMENT_EXECUTE|[26]
15:45:07.68 (1292204936)|HEAP_ALLOCATE|[26]|Bytes:4
15:45:07.68 (1292209134)|HEAP_ALLOCATE|[27]|Bytes:3
15:45:07.68 (1292216620)|HEAP_ALLOCATE|[28]|Bytes:3
15:45:07.68 (1292223919)|HEAP_ALLOCATE|[EXTERNAL]|Bytes:4
15:45:07.68 (1292230824)|HEAP_ALLOCATE|[24]|Bytes:5
15:45:07.68 (1292236746)|HEAP_ALLOCATE|[24]|Bytes:4
15:45:07.68 (1292246676)|VARIABLE_SCOPE_BEGIN|[24]|entry|Schema.PicklistEntry|true|false
15:45:07.68 (1292253806)|VARIABLE_ASSIGNMENT|[24]|entry|群馬県|0xc2ac0cc
15:45:07.68 (1292257864)|STATEMENT_EXECUTE|[24]
15:45:07.68 (1292260874)|STATEMENT_EXECUTE|[25]
15:45:07.68 (1292262085)|STATEMENT_EXECUTE|[26]
15:45:07.68 (1292265501)|HEAP_ALLOCATE|[26]|Bytes:4
15:45:07.68 (1292269923)|HEAP_ALLOCATE|[27]|Bytes:3
15:45:07.68 (1292277836)|HEAP_ALLOCATE|[28]|Bytes:3
15:45:07.68 (1292285931)|HEAP_ALLOCATE|[EXTERNAL]|Bytes:4
15:45:07.68 (1292293310)|HEAP_ALLOCATE|[24]|Bytes:5
15:45:07.68 (1292299241)|HEAP_ALLOCATE|[24]|Bytes:4
15:45:07.68 (1292302823)|VARIABLE_SCOPE_BEGIN|[24]|entry|Schema.PicklistEntry|true|false
15:45:07.68 (1292309217)|VARIABLE_ASSIGNMENT|[24]|entry|埼玉県|0x6fd6d8aa
15:45:07.68 (1292314280)|STATEMENT_EXECUTE|[24]
15:45:07.68 (1292317016)|STATEMENT_EXECUTE|[25]
15:45:07.68 (1292318317)|STATEMENT_EXECUTE|[26]
15:45:07.68 (1292322140)|HEAP_ALLOCATE|[26]|Bytes:4
15:45:07.68 (1292326329)|HEAP_ALLOCATE|[27]|Bytes:3
15:45:07.68 (1292333120)|HEAP_ALLOCATE|[28]|Bytes:3
15:45:07.68 (1292340606)|HEAP_ALLOCATE|[EXTERNAL]|Bytes:4
15:45:07.68 (1292347831)|HEAP_ALLOCATE|[24]|Bytes:5
15:45:07.68 (1292353956)|HEAP_ALLOCATE|[24]|Bytes:4
15:45:07.68 (1292357374)|VARIABLE_SCOPE_BEGIN|[24]|entry|Schema.PicklistEntry|true|false
15:45:07.68 (1292364344)|VARIABLE_ASSIGNMENT|[24]|entry|千葉県|0x14339dec
15:45:07.68 (1292368821)|STATEMENT_EXECUTE|[24]
15:45:07.68 (1292371621)|STATEMENT_EXECUTE|[25]
15:45:07.68 (1292372957)|STATEMENT_EXECUTE|[26]
15:45:07.68 (1292376824)|HEAP_ALLOCATE|[26]|Bytes:4
15:45:07.68 (1292381530)|HEAP_ALLOCATE|[27]|Bytes:3
15:45:07.68 (1292389286)|HEAP_ALLOCATE|[28]|Bytes:3
15:45:07.68 (1292396730)|HEAP_ALLOCATE|[EXTERNAL]|Bytes:4
15:45:07.68 (1292404142)|HEAP_ALLOCATE|[24]|Bytes:5
15:45:07.68 (1292410367)|HEAP_ALLOCATE|[24]|Bytes:4
15:45:07.68 (1292414344)|VARIABLE_SCOPE_BEGIN|[24]|entry|Schema.PicklistEntry|true|false
15:45:07.68 (1292421493)|VARIABLE_ASSIGNMENT|[24]|entry|東京都|0x71591359
15:45:07.68 (1292426001)|STATEMENT_EXECUTE|[24]
15:45:07.68 (1292429137)|STATEMENT_EXECUTE|[25]
15:45:07.68 (1292430207)|STATEMENT_EXECUTE|[26]
15:45:07.68 (1292433897)|HEAP_ALLOCATE|[26]|Bytes:4
15:45:07.68 (1292439237)|HEAP_ALLOCATE|[27]|Bytes:3
15:45:07.68 (1292447081)|HEAP_ALLOCATE|[28]|Bytes:3
15:45:07.68 (1292455721)|HEAP_ALLOCATE|[EXTERNAL]|Bytes:4
15:45:07.68 (1292463401)|HEAP_ALLOCATE|[24]|Bytes:5
15:45:07.68 (1292469861)|HEAP_ALLOCATE|[24]|Bytes:4
15:45:07.68 (1292474131)|VARIABLE_SCOPE_BEGIN|[24]|entry|Schema.PicklistEntry|true|false
15:45:07.68 (1292480597)|VARIABLE_ASSIGNMENT|[24]|entry|神奈川県|0x2b2f911e
15:45:07.68 (1292485479)|STATEMENT_EXECUTE|[24]
15:45:07.68 (1292488063)|STATEMENT_EXECUTE|[25]
15:45:07.68 (1292489409)|STATEMENT_EXECUTE|[26]
15:45:07.68 (1292493004)|HEAP_ALLOCATE|[26]|Bytes:4
15:45:07.68 (1292497002)|HEAP_ALLOCATE|[27]|Bytes:4
15:45:07.68 (1292504024)|HEAP_ALLOCATE|[28]|Bytes:4
15:45:07.68 (1292511589)|HEAP_ALLOCATE|[EXTERNAL]|Bytes:4
15:45:07.68 (1292518096)|HEAP_ALLOCATE|[24]|Bytes:5
15:45:07.68 (1292524356)|HEAP_ALLOCATE|[24]|Bytes:4
15:45:07.68 (1292527941)|VARIABLE_SCOPE_BEGIN|[24]|entry|Schema.PicklistEntry|true|false
15:45:07.68 (1292534624)|VARIABLE_ASSIGNMENT|[24]|entry|新潟県|0x72e50f59
15:45:07.68 (1292539889)|STATEMENT_EXECUTE|[24]
15:45:07.68 (1292542875)|STATEMENT_EXECUTE|[25]
15:45:07.68 (1292544196)|STATEMENT_EXECUTE|[26]
15:45:07.68 (1292547492)|HEAP_ALLOCATE|[26]|Bytes:4
15:45:07.68 (1292551554)|HEAP_ALLOCATE|[27]|Bytes:3
15:45:07.68 (1292558979)|HEAP_ALLOCATE|[28]|Bytes:3
15:45:07.68 (1292567482)|HEAP_ALLOCATE|[EXTERNAL]|Bytes:4
15:45:07.68 (1292574737)|HEAP_ALLOCATE|[24]|Bytes:5
15:45:07.68 (1292580759)|HEAP_ALLOCATE|[24]|Bytes:4
15:45:07.68 (1292584309)|VARIABLE_SCOPE_BEGIN|[24]|entry|Schema.PicklistEntry|true|false
15:45:07.68 (1292591466)|VARIABLE_ASSIGNMENT|[24]|entry|富山県|0x7a313014
15:45:07.68 (1292595943)|STATEMENT_EXECUTE|[24]
15:45:07.68 (1292598489)|STATEMENT_EXECUTE|[25]
15:45:07.68 (1292599900)|STATEMENT_EXECUTE|[26]
15:45:07.68 (1292603471)|HEAP_ALLOCATE|[26]|Bytes:4
15:45:07.68 (1292607645)|HEAP_ALLOCATE|[27]|Bytes:3
15:45:07.68 (1292614556)|HEAP_ALLOCATE|[28]|Bytes:3
15:45:07.68 (1292622242)|HEAP_ALLOCATE|[EXTERNAL]|Bytes:4
15:45:07.68 (1292628976)|HEAP_ALLOCATE|[24]|Bytes:5
15:45:07.68 (1292634650)|HEAP_ALLOCATE|[24]|Bytes:4
15:45:07.68 (1292637866)|VARIABLE_SCOPE_BEGIN|[24]|entry|Schema.PicklistEntry|true|false
15:45:07.68 (1292643738)|VARIABLE_ASSIGNMENT|[24]|entry|石川県|0x434b37d0
15:45:07.68 (1292648388)|STATEMENT_EXECUTE|[24]
15:45:07.68 (1292650796)|STATEMENT_EXECUTE|[25]
15:45:07.68 (1292652060)|STATEMENT_EXECUTE|[26]
15:45:07.68 (1292655206)|HEAP_ALLOCATE|[26]|Bytes:4
15:45:07.68 (1292659098)|HEAP_ALLOCATE|[27]|Bytes:3
15:45:07.68 (1292666142)|HEAP_ALLOCATE|[28]|Bytes:3
15:45:07.68 (1292673936)|HEAP_ALLOCATE|[EXTERNAL]|Bytes:4
15:45:07.68 (1292680687)|HEAP_ALLOCATE|[24]|Bytes:5
15:45:07.68 (1292686264)|HEAP_ALLOCATE|[24]|Bytes:4
15:45:07.68 (1292689838)|VARIABLE_SCOPE_BEGIN|[24]|entry|Schema.PicklistEntry|true|false
15:45:07.68 (1292696554)|VARIABLE_ASSIGNMENT|[24]|entry|福井県|0x14bbf9c6
15:45:07.68 (1292701009)|STATEMENT_EXECUTE|[24]
15:45:07.68 (1292703334)|STATEMENT_EXECUTE|[25]
15:45:07.68 (1292704616)|STATEMENT_EXECUTE|[26]
15:45:07.68 (1292708090)|HEAP_ALLOCATE|[26]|Bytes:4
15:45:07.68 (1292712068)|HEAP_ALLOCATE|[27]|Bytes:3
15:45:07.68 (1292719164)|HEAP_ALLOCATE|[28]|Bytes:3
15:45:07.68 (1292726909)|HEAP_ALLOCATE|[EXTERNAL]|Bytes:4
15:45:07.68 (1292733647)|HEAP_ALLOCATE|[24]|Bytes:5
15:45:07.68 (1292738851)|HEAP_ALLOCATE|[24]|Bytes:4
15:45:07.68 (1292742036)|VARIABLE_SCOPE_BEGIN|[24]|entry|Schema.PicklistEntry|true|false
15:45:07.68 (1292747941)|VARIABLE_ASSIGNMENT|[24]|entry|山梨県|0x4efea3cf
15:45:07.68 (1292752181)|STATEMENT_EXECUTE|[24]
15:45:07.68 (1292754825)|STATEMENT_EXECUTE|[25]
15:45:07.68 (1292756104)|STATEMENT_EXECUTE|[26]
15:45:07.68 (1292759790)|HEAP_ALLOCATE|[26]|Bytes:4
15:45:07.68 (1292764155)|HEAP_ALLOCATE|[27]|Bytes:3
15:45:07.68 (1292772002)|HEAP_ALLOCATE|[28]|Bytes:3
15:45:07.68 (1292780352)|HEAP_ALLOCATE|[EXTERNAL]|Bytes:4
15:45:07.68 (1292787317)|HEAP_ALLOCATE|[24]|Bytes:5
15:45:07.68 (1292793432)|HEAP_ALLOCATE|[24]|Bytes:4
15:45:07.68 (1292797180)|VARIABLE_SCOPE_BEGIN|[24]|entry|Schema.PicklistEntry|true|false
15:45:07.68 (1292804103)|VARIABLE_ASSIGNMENT|[24]|entry|長野県|0x3d3c9b94
15:45:07.68 (1292808423)|STATEMENT_EXECUTE|[24]
15:45:07.68 (1292811655)|STATEMENT_EXECUTE|[25]
15:45:07.68 (1292813036)|STATEMENT_EXECUTE|[26]
15:45:07.68 (1292817253)|HEAP_ALLOCATE|[26]|Bytes:4
15:45:07.68 (1292822428)|HEAP_ALLOCATE|[27]|Bytes:3
15:45:07.68 (1292830660)|HEAP_ALLOCATE|[28]|Bytes:3
15:45:07.68 (1292839200)|HEAP_ALLOCATE|[EXTERNAL]|Bytes:4
15:45:07.68 (1292847480)|HEAP_ALLOCATE|[24]|Bytes:5
15:45:07.68 (1292854093)|HEAP_ALLOCATE|[24]|Bytes:4
15:45:07.68 (1292858748)|VARIABLE_SCOPE_BEGIN|[24]|entry|Schema.PicklistEntry|true|false
15:45:07.68 (1292867125)|VARIABLE_ASSIGNMENT|[24]|entry|岐阜県|0x27d3ce54
15:45:07.68 (1292872436)|STATEMENT_EXECUTE|[24]
15:45:07.68 (1292875353)|STATEMENT_EXECUTE|[25]
15:45:07.68 (1292876603)|STATEMENT_EXECUTE|[26]
15:45:07.68 (1292880592)|HEAP_ALLOCATE|[26]|Bytes:4
15:45:07.68 (1292885019)|HEAP_ALLOCATE|[27]|Bytes:3
15:45:07.68 (1292892312)|HEAP_ALLOCATE|[28]|Bytes:3
15:45:07.68 (1292900385)|HEAP_ALLOCATE|[EXTERNAL]|Bytes:4
15:45:07.68 (1292907620)|HEAP_ALLOCATE|[24]|Bytes:5
15:45:07.68 (1292913838)|HEAP_ALLOCATE|[24]|Bytes:4
15:45:07.68 (1292917369)|VARIABLE_SCOPE_BEGIN|[24]|entry|Schema.PicklistEntry|true|false
15:45:07.68 (1292923943)|VARIABLE_ASSIGNMENT|[24]|entry|静岡県|0x6c6d66a1
15:45:07.68 (1292928090)|STATEMENT_EXECUTE|[24]
15:45:07.68 (1292930506)|STATEMENT_EXECUTE|[25]
15:45:07.68 (1292931795)|STATEMENT_EXECUTE|[26]
15:45:07.68 (1292935290)|HEAP_ALLOCATE|[26]|Bytes:4
15:45:07.68 (1292939280)|HEAP_ALLOCATE|[27]|Bytes:3
15:45:07.68 (1292946496)|HEAP_ALLOCATE|[28]|Bytes:3
15:45:07.68 (1292954407)|HEAP_ALLOCATE|[EXTERNAL]|Bytes:4
15:45:07.68 (1292961001)|HEAP_ALLOCATE|[24]|Bytes:5
15:45:07.68 (1292966280)|HEAP_ALLOCATE|[24]|Bytes:4
15:45:07.68 (1292969638)|VARIABLE_SCOPE_BEGIN|[24]|entry|Schema.PicklistEntry|true|false
15:45:07.68 (1292976669)|VARIABLE_ASSIGNMENT|[24]|entry|愛知県|0x57b65038
15:45:07.68 (1292981515)|STATEMENT_EXECUTE|[24]
15:45:07.68 (1292984327)|STATEMENT_EXECUTE|[25]
15:45:07.68 (1292985669)|STATEMENT_EXECUTE|[26]
15:45:07.68 (1292989405)|HEAP_ALLOCATE|[26]|Bytes:4
15:45:07.68 (1292994023)|HEAP_ALLOCATE|[27]|Bytes:3
15:45:07.68 (1293001807)|HEAP_ALLOCATE|[28]|Bytes:3
15:45:07.68 (1293011898)|HEAP_ALLOCATE|[EXTERNAL]|Bytes:4
15:45:07.68 (1293019797)|HEAP_ALLOCATE|[24]|Bytes:5
15:45:07.68 (1293026695)|HEAP_ALLOCATE|[24]|Bytes:4
15:45:07.68 (1293030628)|VARIABLE_SCOPE_BEGIN|[24]|entry|Schema.PicklistEntry|true|false
15:45:07.68 (1293038226)|VARIABLE_ASSIGNMENT|[24]|entry|三重県|0xe0f8161
15:45:07.68 (1293043276)|STATEMENT_EXECUTE|[24]
15:45:07.68 (1293046140)|STATEMENT_EXECUTE|[25]
15:45:07.68 (1293047415)|STATEMENT_EXECUTE|[26]
15:45:07.68 (1293051124)|HEAP_ALLOCATE|[26]|Bytes:4
15:45:07.68 (1293056604)|HEAP_ALLOCATE|[27]|Bytes:3
15:45:07.68 (1293065010)|HEAP_ALLOCATE|[28]|Bytes:3
15:45:07.68 (1293072740)|HEAP_ALLOCATE|[EXTERNAL]|Bytes:4
15:45:07.68 (1293079630)|HEAP_ALLOCATE|[24]|Bytes:5
15:45:07.68 (1293085388)|HEAP_ALLOCATE|[24]|Bytes:4
15:45:07.68 (1293089023)|VARIABLE_SCOPE_BEGIN|[24]|entry|Schema.PicklistEntry|true|false
15:45:07.68 (1293095402)|VARIABLE_ASSIGNMENT|[24]|entry|滋賀県|0x37974f9a
15:45:07.68 (1293099543)|STATEMENT_EXECUTE|[24]
15:45:07.68 (1293101843)|STATEMENT_EXECUTE|[25]
15:45:07.68 (1293102997)|STATEMENT_EXECUTE|[26]
15:45:07.68 (1293106652)|HEAP_ALLOCATE|[26]|Bytes:4
15:45:07.68 (1293110682)|HEAP_ALLOCATE|[27]|Bytes:3
15:45:07.68 (1293117702)|HEAP_ALLOCATE|[28]|Bytes:3
15:45:07.68 (1293125045)|HEAP_ALLOCATE|[EXTERNAL]|Bytes:4
15:45:07.68 (1293131873)|HEAP_ALLOCATE|[24]|Bytes:5
15:45:07.68 (1293137777)|HEAP_ALLOCATE|[24]|Bytes:4
15:45:07.68 (1293141183)|VARIABLE_SCOPE_BEGIN|[24]|entry|Schema.PicklistEntry|true|false
15:45:07.68 (1293147851)|VARIABLE_ASSIGNMENT|[24]|entry|京都府|0x30c87fa7
15:45:07.68 (1293152328)|STATEMENT_EXECUTE|[24]
15:45:07.68 (1293154752)|STATEMENT_EXECUTE|[25]
15:45:07.68 (1293156119)|STATEMENT_EXECUTE|[26]
15:45:07.68 (1293160079)|HEAP_ALLOCATE|[26]|Bytes:4
15:45:07.68 (1293164841)|HEAP_ALLOCATE|[27]|Bytes:3
15:45:07.68 (1293172299)|HEAP_ALLOCATE|[28]|Bytes:3
15:45:07.68 (1293179940)|HEAP_ALLOCATE|[EXTERNAL]|Bytes:4
15:45:07.68 (1293186814)|HEAP_ALLOCATE|[24]|Bytes:5
15:45:07.68 (1293192420)|HEAP_ALLOCATE|[24]|Bytes:4
15:45:07.68 (1293196083)|VARIABLE_SCOPE_BEGIN|[24]|entry|Schema.PicklistEntry|true|false
15:45:07.68 (1293203140)|VARIABLE_ASSIGNMENT|[24]|entry|大阪府|0x551ade16
15:45:07.68 (1293207758)|STATEMENT_EXECUTE|[24]
15:45:07.68 (1293210768)|STATEMENT_EXECUTE|[25]
15:45:07.68 (1293211943)|STATEMENT_EXECUTE|[26]
15:45:07.68 (1293215600)|HEAP_ALLOCATE|[26]|Bytes:4
15:45:07.68 (1293220028)|HEAP_ALLOCATE|[27]|Bytes:3
15:45:07.68 (1293226925)|HEAP_ALLOCATE|[28]|Bytes:3
15:45:07.68 (1293234192)|HEAP_ALLOCATE|[EXTERNAL]|Bytes:4
15:45:07.68 (1293240785)|HEAP_ALLOCATE|[24]|Bytes:5
15:45:07.68 (1293246340)|HEAP_ALLOCATE|[24]|Bytes:4
15:45:07.68 (1293249545)|VARIABLE_SCOPE_BEGIN|[24]|entry|Schema.PicklistEntry|true|false
15:45:07.68 (1293256250)|VARIABLE_ASSIGNMENT|[24]|entry|兵庫県|0x276c495d
15:45:07.68 (1293260669)|STATEMENT_EXECUTE|[24]
15:45:07.68 (1293263335)|STATEMENT_EXECUTE|[25]
15:45:07.68 (1293264468)|STATEMENT_EXECUTE|[26]
15:45:07.68 (1293268109)|HEAP_ALLOCATE|[26]|Bytes:4
15:45:07.68 (1293272305)|HEAP_ALLOCATE|[27]|Bytes:3
15:45:07.68 (1293279190)|HEAP_ALLOCATE|[28]|Bytes:3
15:45:07.68 (1293286803)|HEAP_ALLOCATE|[EXTERNAL]|Bytes:4
15:45:07.68 (1293293930)|HEAP_ALLOCATE|[24]|Bytes:5
15:45:07.68 (1293299980)|HEAP_ALLOCATE|[24]|Bytes:4
15:45:07.68 (1293303910)|VARIABLE_SCOPE_BEGIN|[24]|entry|Schema.PicklistEntry|true|false
15:45:07.68 (1293310470)|VARIABLE_ASSIGNMENT|[24]|entry|奈良県|0x2a0a29b5
15:45:07.68 (1293314937)|STATEMENT_EXECUTE|[24]
15:45:07.68 (1293317313)|STATEMENT_EXECUTE|[25]
15:45:07.68 (1293318553)|STATEMENT_EXECUTE|[26]
15:45:07.68 (1293321985)|HEAP_ALLOCATE|[26]|Bytes:4
15:45:07.68 (1293326018)|HEAP_ALLOCATE|[27]|Bytes:3
15:45:07.68 (1293335647)|HEAP_ALLOCATE|[28]|Bytes:3
15:45:07.68 (1293343255)|HEAP_ALLOCATE|[EXTERNAL]|Bytes:4
15:45:07.68 (1293350242)|HEAP_ALLOCATE|[24]|Bytes:5
15:45:07.68 (1293355855)|HEAP_ALLOCATE|[24]|Bytes:4
15:45:07.68 (1293359417)|VARIABLE_SCOPE_BEGIN|[24]|entry|Schema.PicklistEntry|true|false
15:45:07.68 (1293365775)|VARIABLE_ASSIGNMENT|[24]|entry|和歌山県|0x594c5e14
15:45:07.68 (1293369660)|STATEMENT_EXECUTE|[24]
15:45:07.68 (1293371963)|STATEMENT_EXECUTE|[25]
15:45:07.68 (1293373143)|STATEMENT_EXECUTE|[26]
15:45:07.68 (1293376598)|HEAP_ALLOCATE|[26]|Bytes:4
15:45:07.68 (1293380706)|HEAP_ALLOCATE|[27]|Bytes:4
15:45:07.68 (1293387882)|HEAP_ALLOCATE|[28]|Bytes:4
15:45:07.68 (1293396043)|HEAP_ALLOCATE|[EXTERNAL]|Bytes:4
15:45:07.68 (1293402925)|HEAP_ALLOCATE|[24]|Bytes:5
15:45:07.68 (1293408438)|HEAP_ALLOCATE|[24]|Bytes:4
15:45:07.68 (1293411790)|VARIABLE_SCOPE_BEGIN|[24]|entry|Schema.PicklistEntry|true|false
15:45:07.68 (1293418103)|VARIABLE_ASSIGNMENT|[24]|entry|鳥取県|0x5aa5d145
15:45:07.68 (1293422258)|STATEMENT_EXECUTE|[24]
15:45:07.68 (1293424593)|STATEMENT_EXECUTE|[25]
15:45:07.68 (1293425633)|STATEMENT_EXECUTE|[26]
15:45:07.68 (1293429055)|HEAP_ALLOCATE|[26]|Bytes:4
15:45:07.68 (1293433260)|HEAP_ALLOCATE|[27]|Bytes:3
15:45:07.68 (1293440113)|HEAP_ALLOCATE|[28]|Bytes:3
15:45:07.68 (1293447420)|HEAP_ALLOCATE|[EXTERNAL]|Bytes:4
15:45:07.68 (1293453715)|HEAP_ALLOCATE|[24]|Bytes:5
15:45:07.68 (1293459305)|HEAP_ALLOCATE|[24]|Bytes:4
15:45:07.68 (1293462487)|VARIABLE_SCOPE_BEGIN|[24]|entry|Schema.PicklistEntry|true|false
15:45:07.68 (1293468847)|VARIABLE_ASSIGNMENT|[24]|entry|島根県|0x1f465ded
15:45:07.68 (1293471470)|STATEMENT_EXECUTE|[24]
15:45:07.68 (1293473595)|STATEMENT_EXECUTE|[25]
15:45:07.68 (1293474408)|STATEMENT_EXECUTE|[26]
15:45:07.68 (1293476709)|HEAP_ALLOCATE|[26]|Bytes:4
15:45:07.68 (1293479680)|HEAP_ALLOCATE|[27]|Bytes:3
15:45:07.68 (1293484245)|HEAP_ALLOCATE|[28]|Bytes:3
15:45:07.68 (1293489302)|HEAP_ALLOCATE|[EXTERNAL]|Bytes:4
15:45:07.68 (1293493698)|HEAP_ALLOCATE|[24]|Bytes:5
15:45:07.68 (1293497547)|HEAP_ALLOCATE|[24]|Bytes:4
15:45:07.68 (1293499743)|VARIABLE_SCOPE_BEGIN|[24]|entry|Schema.PicklistEntry|true|false
15:45:07.68 (1293503900)|VARIABLE_ASSIGNMENT|[24]|entry|岡山県|0x647a8831
15:45:07.68 (1293506520)|STATEMENT_EXECUTE|[24]
15:45:07.68 (1293508041)|STATEMENT_EXECUTE|[25]
15:45:07.68 (1293508874)|STATEMENT_EXECUTE|[26]
15:45:07.68 (1293510967)|HEAP_ALLOCATE|[26]|Bytes:4
15:45:07.68 (1293513622)|HEAP_ALLOCATE|[27]|Bytes:3
15:45:07.68 (1293518329)|HEAP_ALLOCATE|[28]|Bytes:3
15:45:07.68 (1293523287)|HEAP_ALLOCATE|[EXTERNAL]|Bytes:4
15:45:07.68 (1293527536)|HEAP_ALLOCATE|[24]|Bytes:5
15:45:07.68 (1293531098)|HEAP_ALLOCATE|[24]|Bytes:4
15:45:07.68 (1293533218)|VARIABLE_SCOPE_BEGIN|[24]|entry|Schema.PicklistEntry|true|false
15:45:07.68 (1293537025)|VARIABLE_ASSIGNMENT|[24]|entry|広島県|0x5ffdd654
15:45:07.68 (1293539550)|STATEMENT_EXECUTE|[24]
15:45:07.68 (1293541025)|STATEMENT_EXECUTE|[25]
15:45:07.68 (1293541836)|STATEMENT_EXECUTE|[26]
15:45:07.68 (1293543844)|HEAP_ALLOCATE|[26]|Bytes:4
15:45:07.68 (1293546405)|HEAP_ALLOCATE|[27]|Bytes:3
15:45:07.68 (1293550978)|HEAP_ALLOCATE|[28]|Bytes:3
15:45:07.68 (1293556199)|HEAP_ALLOCATE|[EXTERNAL]|Bytes:4
15:45:07.68 (1293560363)|HEAP_ALLOCATE|[24]|Bytes:5
15:45:07.68 (1293564126)|HEAP_ALLOCATE|[24]|Bytes:4
15:45:07.68 (1293566233)|VARIABLE_SCOPE_BEGIN|[24]|entry|Schema.PicklistEntry|true|false
15:45:07.68 (1293570195)|VARIABLE_ASSIGNMENT|[24]|entry|山口県|0x2ba61b17
15:45:07.68 (1293572963)|STATEMENT_EXECUTE|[24]
15:45:07.68 (1293574455)|STATEMENT_EXECUTE|[25]
15:45:07.68 (1293575268)|STATEMENT_EXECUTE|[26]
15:45:07.68 (1293577266)|HEAP_ALLOCATE|[26]|Bytes:4
15:45:07.68 (1293579820)|HEAP_ALLOCATE|[27]|Bytes:3
15:45:07.68 (1293584514)|HEAP_ALLOCATE|[28]|Bytes:3
15:45:07.68 (1293589516)|HEAP_ALLOCATE|[EXTERNAL]|Bytes:4
15:45:07.68 (1293593819)|HEAP_ALLOCATE|[24]|Bytes:5
15:45:07.68 (1293597362)|HEAP_ALLOCATE|[24]|Bytes:4
15:45:07.68 (1293599471)|VARIABLE_SCOPE_BEGIN|[24]|entry|Schema.PicklistEntry|true|false
15:45:07.68 (1293603281)|VARIABLE_ASSIGNMENT|[24]|entry|徳島県|0x6a292bb
15:45:07.68 (1293605875)|STATEMENT_EXECUTE|[24]
15:45:07.68 (1293607422)|STATEMENT_EXECUTE|[25]
15:45:07.68 (1293608324)|STATEMENT_EXECUTE|[26]
15:45:07.68 (1293610416)|HEAP_ALLOCATE|[26]|Bytes:4
15:45:07.68 (1293613216)|HEAP_ALLOCATE|[27]|Bytes:3
15:45:07.68 (1293617799)|HEAP_ALLOCATE|[28]|Bytes:3
15:45:07.68 (1293622961)|HEAP_ALLOCATE|[EXTERNAL]|Bytes:4
15:45:07.68 (1293627147)|HEAP_ALLOCATE|[24]|Bytes:5
15:45:07.68 (1293630665)|HEAP_ALLOCATE|[24]|Bytes:4
15:45:07.68 (1293632772)|VARIABLE_SCOPE_BEGIN|[24]|entry|Schema.PicklistEntry|true|false
15:45:07.68 (1293636659)|VARIABLE_ASSIGNMENT|[24]|entry|香川県|0x36a9a95e
15:45:07.68 (1293639510)|STATEMENT_EXECUTE|[24]
15:45:07.68 (1293641002)|STATEMENT_EXECUTE|[25]
15:45:07.68 (1293641807)|STATEMENT_EXECUTE|[26]
15:45:07.68 (1293643815)|HEAP_ALLOCATE|[26]|Bytes:4
15:45:07.68 (1293646370)|HEAP_ALLOCATE|[27]|Bytes:3
15:45:07.68 (1293650943)|HEAP_ALLOCATE|[28]|Bytes:3
15:45:07.68 (1293655847)|HEAP_ALLOCATE|[EXTERNAL]|Bytes:4
15:45:07.68 (1293660001)|HEAP_ALLOCATE|[24]|Bytes:5
15:45:07.68 (1293663524)|HEAP_ALLOCATE|[24]|Bytes:4
15:45:07.68 (1293665987)|VARIABLE_SCOPE_BEGIN|[24]|entry|Schema.PicklistEntry|true|false
15:45:07.68 (1293669960)|VARIABLE_ASSIGNMENT|[24]|entry|愛媛県|0x7d796a9
15:45:07.68 (1293672511)|STATEMENT_EXECUTE|[24]
15:45:07.68 (1293674029)|STATEMENT_EXECUTE|[25]
15:45:07.68 (1293674835)|STATEMENT_EXECUTE|[26]
15:45:07.68 (1293676849)|HEAP_ALLOCATE|[26]|Bytes:4
15:45:07.68 (1293679430)|HEAP_ALLOCATE|[27]|Bytes:3
15:45:07.68 (1293683982)|HEAP_ALLOCATE|[28]|Bytes:3
15:45:07.68 (1293689128)|HEAP_ALLOCATE|[EXTERNAL]|Bytes:4
15:45:07.68 (1293693300)|HEAP_ALLOCATE|[24]|Bytes:5
15:45:07.68 (1293697584)|HEAP_ALLOCATE|[24]|Bytes:4
15:45:07.68 (1293699734)|VARIABLE_SCOPE_BEGIN|[24]|entry|Schema.PicklistEntry|true|false
15:45:07.68 (1293703569)|VARIABLE_ASSIGNMENT|[24]|entry|高知県|0x1c324be7
15:45:07.68 (1293706162)|STATEMENT_EXECUTE|[24]
15:45:07.68 (1293707687)|STATEMENT_EXECUTE|[25]
15:45:07.68 (1293708503)|STATEMENT_EXECUTE|[26]
15:45:07.68 (1293710520)|HEAP_ALLOCATE|[26]|Bytes:4
15:45:07.68 (1293713211)|HEAP_ALLOCATE|[27]|Bytes:3
15:45:07.68 (1293717849)|HEAP_ALLOCATE|[28]|Bytes:3
15:45:07.68 (1293722959)|HEAP_ALLOCATE|[EXTERNAL]|Bytes:4
15:45:07.68 (1293727167)|HEAP_ALLOCATE|[24]|Bytes:5
15:45:07.68 (1293730779)|HEAP_ALLOCATE|[24]|Bytes:4
15:45:07.68 (1293732853)|VARIABLE_SCOPE_BEGIN|[24]|entry|Schema.PicklistEntry|true|false
15:45:07.68 (1293736687)|VARIABLE_ASSIGNMENT|[24]|entry|福岡県|0xe172590
15:45:07.68 (1293739187)|STATEMENT_EXECUTE|[24]
15:45:07.68 (1293740697)|STATEMENT_EXECUTE|[25]
15:45:07.68 (1293741509)|STATEMENT_EXECUTE|[26]
15:45:07.68 (1293743490)|HEAP_ALLOCATE|[26]|Bytes:4
15:45:07.68 (1293746046)|HEAP_ALLOCATE|[27]|Bytes:3
15:45:07.68 (1293750610)|HEAP_ALLOCATE|[28]|Bytes:3
15:45:07.68 (1293755594)|HEAP_ALLOCATE|[EXTERNAL]|Bytes:4
15:45:07.68 (1293759921)|HEAP_ALLOCATE|[24]|Bytes:5
15:45:07.68 (1293763554)|HEAP_ALLOCATE|[24]|Bytes:4
15:45:07.68 (1293765645)|VARIABLE_SCOPE_BEGIN|[24]|entry|Schema.PicklistEntry|true|false
15:45:07.68 (1293769404)|VARIABLE_ASSIGNMENT|[24]|entry|佐賀県|0x758f8e55
15:45:07.68 (1293772139)|STATEMENT_EXECUTE|[24]
15:45:07.68 (1293773648)|STATEMENT_EXECUTE|[25]
15:45:07.68 (1293774471)|STATEMENT_EXECUTE|[26]
15:45:07.68 (1293776537)|HEAP_ALLOCATE|[26]|Bytes:4
15:45:07.68 (1293779092)|HEAP_ALLOCATE|[27]|Bytes:3
15:45:07.68 (1293783586)|HEAP_ALLOCATE|[28]|Bytes:3
15:45:07.68 (1293788575)|HEAP_ALLOCATE|[EXTERNAL]|Bytes:4
15:45:07.68 (1293792824)|HEAP_ALLOCATE|[24]|Bytes:5
15:45:07.68 (1293796261)|HEAP_ALLOCATE|[24]|Bytes:4
15:45:07.68 (1293798423)|VARIABLE_SCOPE_BEGIN|[24]|entry|Schema.PicklistEntry|true|false
15:45:07.68 (1293802209)|VARIABLE_ASSIGNMENT|[24]|entry|長崎県|0x4e562c93
15:45:07.68 (1293804709)|STATEMENT_EXECUTE|[24]
15:45:07.68 (1293806228)|STATEMENT_EXECUTE|[25]
15:45:07.68 (1293807032)|STATEMENT_EXECUTE|[26]
15:45:07.68 (1293809012)|HEAP_ALLOCATE|[26]|Bytes:4
15:45:07.68 (1293811574)|HEAP_ALLOCATE|[27]|Bytes:3
15:45:07.68 (1293816124)|HEAP_ALLOCATE|[28]|Bytes:3
15:45:07.68 (1293821066)|HEAP_ALLOCATE|[EXTERNAL]|Bytes:4
15:45:07.68 (1293825319)|HEAP_ALLOCATE|[24]|Bytes:5
15:45:07.68 (1293829059)|HEAP_ALLOCATE|[24]|Bytes:4
15:45:07.68 (1293831204)|VARIABLE_SCOPE_BEGIN|[24]|entry|Schema.PicklistEntry|true|false
15:45:07.68 (1293835128)|VARIABLE_ASSIGNMENT|[24]|entry|熊本県|0x40353bcd
15:45:07.68 (1293837650)|STATEMENT_EXECUTE|[24]
15:45:07.68 (1293839194)|STATEMENT_EXECUTE|[25]
15:45:07.68 (1293840006)|STATEMENT_EXECUTE|[26]
15:45:07.68 (1293842029)|HEAP_ALLOCATE|[26]|Bytes:4
15:45:07.68 (1293844612)|HEAP_ALLOCATE|[27]|Bytes:3
15:45:07.68 (1293849217)|HEAP_ALLOCATE|[28]|Bytes:3
15:45:07.68 (1293854334)|HEAP_ALLOCATE|[EXTERNAL]|Bytes:4
15:45:07.68 (1293858853)|HEAP_ALLOCATE|[24]|Bytes:5
15:45:07.68 (1293862408)|HEAP_ALLOCATE|[24]|Bytes:4
15:45:07.68 (1293864492)|VARIABLE_SCOPE_BEGIN|[24]|entry|Schema.PicklistEntry|true|false
15:45:07.68 (1293868431)|VARIABLE_ASSIGNMENT|[24]|entry|大分県|0x7739adfe
15:45:07.68 (1293870904)|STATEMENT_EXECUTE|[24]
15:45:07.68 (1293872459)|STATEMENT_EXECUTE|[25]
15:45:07.68 (1293873298)|STATEMENT_EXECUTE|[26]
15:45:07.68 (1293875299)|HEAP_ALLOCATE|[26]|Bytes:4
15:45:07.68 (1293878094)|HEAP_ALLOCATE|[27]|Bytes:3
15:45:07.68 (1293882673)|HEAP_ALLOCATE|[28]|Bytes:3
15:45:07.68 (1293887652)|HEAP_ALLOCATE|[EXTERNAL]|Bytes:4
15:45:07.68 (1293891837)|HEAP_ALLOCATE|[24]|Bytes:5
15:45:07.68 (1293895381)|HEAP_ALLOCATE|[24]|Bytes:4
15:45:07.68 (1293897444)|VARIABLE_SCOPE_BEGIN|[24]|entry|Schema.PicklistEntry|true|false
15:45:07.68 (1293901333)|VARIABLE_ASSIGNMENT|[24]|entry|宮崎県|0x7e4d786a
15:45:07.68 (1293903886)|STATEMENT_EXECUTE|[24]
15:45:07.68 (1293905427)|STATEMENT_EXECUTE|[25]
15:45:07.68 (1293906240)|STATEMENT_EXECUTE|[26]
15:45:07.68 (1293908248)|HEAP_ALLOCATE|[26]|Bytes:4
15:45:07.68 (1293910849)|HEAP_ALLOCATE|[27]|Bytes:3
15:45:07.68 (1293915414)|HEAP_ALLOCATE|[28]|Bytes:3
15:45:07.68 (1293920368)|HEAP_ALLOCATE|[EXTERNAL]|Bytes:4
15:45:07.68 (1293924603)|HEAP_ALLOCATE|[24]|Bytes:5
15:45:07.68 (1293928224)|HEAP_ALLOCATE|[24]|Bytes:4
15:45:07.68 (1293930322)|VARIABLE_SCOPE_BEGIN|[24]|entry|Schema.PicklistEntry|true|false
15:45:07.68 (1293934108)|VARIABLE_ASSIGNMENT|[24]|entry|鹿児島県|0x180e184
15:45:07.68 (1293936826)|STATEMENT_EXECUTE|[24]
15:45:07.68 (1293938399)|STATEMENT_EXECUTE|[25]
15:45:07.68 (1293939198)|STATEMENT_EXECUTE|[26]
15:45:07.68 (1293941202)|HEAP_ALLOCATE|[26]|Bytes:4
15:45:07.68 (1293943797)|HEAP_ALLOCATE|[27]|Bytes:4
15:45:07.68 (1293948307)|HEAP_ALLOCATE|[28]|Bytes:4
15:45:07.68 (1293953316)|HEAP_ALLOCATE|[EXTERNAL]|Bytes:4
15:45:07.68 (1293957498)|HEAP_ALLOCATE|[24]|Bytes:5
15:45:07.68 (1293961003)|HEAP_ALLOCATE|[24]|Bytes:4
15:45:07.68 (1293963074)|VARIABLE_SCOPE_BEGIN|[24]|entry|Schema.PicklistEntry|true|false
15:45:07.68 (1293967034)|VARIABLE_ASSIGNMENT|[24]|entry|沖縄県|0x6882592a
15:45:07.68 (1293969543)|STATEMENT_EXECUTE|[24]
15:45:07.68 (1293971060)|STATEMENT_EXECUTE|[25]
15:45:07.68 (1293971882)|STATEMENT_EXECUTE|[26]
15:45:07.68 (1293973944)|HEAP_ALLOCATE|[26]|Bytes:4
15:45:07.68 (1293976545)|HEAP_ALLOCATE|[27]|Bytes:3
15:45:07.68 (1293981089)|HEAP_ALLOCATE|[28]|Bytes:3
15:45:07.68 (1293986124)|HEAP_ALLOCATE|[EXTERNAL]|Bytes:4
15:45:07.68 (1293990402)|HEAP_ALLOCATE|[24]|Bytes:5
15:45:07.68 (1293993907)|HEAP_ALLOCATE|[24]|Bytes:4
15:45:07.68 (1293996094)|VARIABLE_SCOPE_BEGIN|[24]|entry|Schema.PicklistEntry|true|false
15:45:07.68 (1294000096)|VARIABLE_ASSIGNMENT|[24]|entry|海外|0x526e4f99
15:45:07.68 (1294003728)|STATEMENT_EXECUTE|[24]
15:45:07.68 (1294005314)|STATEMENT_EXECUTE|[25]
15:45:07.68 (1294006115)|STATEMENT_EXECUTE|[26]
15:45:07.68 (1294008108)|HEAP_ALLOCATE|[26]|Bytes:4
15:45:07.68 (1294010777)|HEAP_ALLOCATE|[27]|Bytes:2
15:45:07.68 (1294015447)|HEAP_ALLOCATE|[28]|Bytes:2
15:45:07.68 (1294020507)|HEAP_ALLOCATE|[EXTERNAL]|Bytes:4
15:45:07.68 (1294024863)|HEAP_ALLOCATE|[24]|Bytes:5
15:45:07.68 (1294028347)|HEAP_ALLOCATE|[24]|Bytes:4
15:45:07.68 (1294030461)|VARIABLE_SCOPE_BEGIN|[24]|entry|Schema.PicklistEntry|true|false
15:45:07.68 (1294034264)|VARIABLE_ASSIGNMENT|[24]|entry|勤務地不問|0x4775e396
15:45:07.68 (1294036892)|STATEMENT_EXECUTE|[24]
15:45:07.68 (1294038407)|STATEMENT_EXECUTE|[25]
15:45:07.68 (1294039347)|STATEMENT_EXECUTE|[26]
15:45:07.68 (1294041334)|HEAP_ALLOCATE|[26]|Bytes:4
15:45:07.68 (1294043876)|HEAP_ALLOCATE|[27]|Bytes:5
15:45:07.68 (1294048412)|HEAP_ALLOCATE|[28]|Bytes:5
15:45:07.68 (1294053446)|HEAP_ALLOCATE|[EXTERNAL]|Bytes:4
15:45:07.68 (1294057614)|HEAP_ALLOCATE|[24]|Bytes:5
15:45:07.68 (1294063532)|VARIABLE_ASSIGNMENT|[24]|entry|null|
15:45:07.68 (1294067373)|STATEMENT_EXECUTE|[32]
15:45:07.294 (1294148322)|CUMULATIVE_LIMIT_USAGE
15:45:07.294 (1294148322)|LIMIT_USAGE_FOR_NS|(default)|
  Number of SOQL queries: 0 out of 100
  Number of query rows: 0 out of 50000
  Number of SOSL queries: 0 out of 20
  Number of DML statements: 0 out of 0
  Number of Publish Immediate DML: 0 out of 150
  Number of DML rows: 0 out of 10000
  Maximum CPU time: 0 out of 10000
  Maximum heap size: 0 out of 6000000
  Number of callouts: 0 out of 100
  Number of Email Invocations: 0 out of 10
  Number of future calls: 0 out of 50
  Number of queueable jobs added to the queue: 0 out of 50
  Number of Mobile Apex push calls: 0 out of 10

15:45:07.294 (1294148322)|CUMULATIVE_LIMIT_USAGE_END

15:45:07.68 (1294215642)|CODE_UNIT_FINISHED|PicklistController.getPicklistOptions(String, String)
15:45:07.68 (1294427057)|CODE_UNIT_FINISHED|apex://PicklistController/ACTION$getPicklistOptions
15:45:07.68 (1294435273)|EXECUTION_FINISHED
