66.0 APEX_CODE,FINEST;APEX_PROFILING,INFO;CALLOUT,INFO;DATA_ACCESS,INFO;DB,INFO;NBA,INFO;SYSTEM,DEBUG;VALIDATION,INFO;VISUALFORCE,INFO;WAVE,INFO;WORKFLOW,INFO
15:00:27.2 (2380232)|USER_INFO|[EXTERNAL]|0057F0000042UBb|ishibashi@hurex.co.jp.dev1|(GMT+09:00) 日本標準時 (Asia/Tokyo)|GMT+09:00
15:00:27.2 (2457739)|EXECUTION_STARTED
15:00:27.2 (2485750)|CODE_UNIT_STARTED|[EXTERNAL]|apex://RecentJobViewedController/ACTION$getRecentViewedJobs
15:00:27.2 (4883659)|CODE_UNIT_STARTED|[EXTERNAL]|01pBK000001RE9Z|RecentJobViewedController.getRecentViewedJobs()
15:00:27.2 (5527243)|HEAP_ALLOCATE|[95]|Bytes:3
15:00:27.2 (5657174)|HEAP_ALLOCATE|[100]|Bytes:152
15:00:27.2 (5676936)|HEAP_ALLOCATE|[417]|Bytes:408
15:00:27.2 (5694398)|HEAP_ALLOCATE|[430]|Bytes:408
15:00:27.2 (5726667)|HEAP_ALLOCATE|[317]|Bytes:6
15:00:27.2 (5742060)|HEAP_ALLOCATE|[EXTERNAL]|Bytes:1
15:00:27.2 (5771450)|METHOD_ENTRY|[1]|01pBK000001RE9Z|RecentJobViewedController.RecentJobViewedController()
15:00:27.2 (5789400)|STATEMENT_EXECUTE|[1]
15:00:27.2 (5798960)|STATEMENT_EXECUTE|[1]
15:00:27.2 (5853939)|HEAP_ALLOCATE|[68]|Bytes:5
15:00:27.2 (5899339)|HEAP_ALLOCATE|[74]|Bytes:5
15:00:27.2 (5907249)|HEAP_ALLOCATE|[82]|Bytes:7
15:00:27.2 (6179744)|HEAP_ALLOCATE|[EXTERNAL]|Bytes:5
15:00:27.2 (6205718)|METHOD_EXIT|[1]|RecentJobViewedController
15:00:27.2 (6223040)|HEAP_ALLOCATE|[4]|Bytes:5
15:00:27.2 (6227141)|STATEMENT_EXECUTE|[3]
15:00:27.2 (6228839)|STATEMENT_EXECUTE|[4]
15:00:27.2 (6230074)|STATEMENT_EXECUTE|[4]
15:00:27.2 (6231281)|STATEMENT_EXECUTE|[5]
15:00:27.2 (6234254)|HEAP_ALLOCATE|[5]|Bytes:137
15:00:27.2 (6256319)|HEAP_ALLOCATE|[5]|Bytes:4
15:00:27.2 (8780429)|SOQL_EXECUTE_BEGIN|[5]|Aggregations:0|SELECT Id, Name, JobPosition__c, LastViewedDate FROM Job__c WHERE LastViewedDate != NULL ORDER BY LastViewedDate DESC NULLS FIRST LIMIT 4
15:00:27.2 (22052162)|SOQL_EXECUTE_END|[5]|Rows:2
15:00:27.2 (22103844)|HEAP_ALLOCATE|[5]|Bytes:12
15:00:27.2 (22134313)|HEAP_ALLOCATE|[5]|Bytes:262
15:00:27.2 (22191474)|HEAP_ALLOCATE|[5]|Bytes:12
15:00:27.22 (22296909)|CUMULATIVE_LIMIT_USAGE
15:00:27.22 (22296909)|LIMIT_USAGE_FOR_NS|(default)|
  Number of SOQL queries: 1 out of 100
  Number of query rows: 2 out of 50000
  Number of SOSL queries: 0 out of 20
  Number of DML statements: 0 out of 0
  Number of Publish Immediate DML: 0 out of 150
  Number of DML rows: 0 out of 10000
  Maximum CPU time: 0 out of 10000
  Maximum heap size: 0 out of 6000000
  Number of callouts: 0 out of 100
  Number of Email Invocations: 0 out of 10
  Number of future calls: 0 out of 50
  Number of queueable jobs added to the queue: 0 out of 50
  Number of Mobile Apex push calls: 0 out of 10

15:00:27.22 (22296909)|CUMULATIVE_LIMIT_USAGE_END

15:00:27.2 (22346254)|CODE_UNIT_FINISHED|RecentJobViewedController.getRecentViewedJobs()
15:00:27.2 (22471941)|CODE_UNIT_FINISHED|apex://RecentJobViewedController/ACTION$getRecentViewedJobs
15:00:27.2 (22481075)|EXECUTION_FINISHED
