66.0 APEX_CODE,FINEST;APEX_PROFILING,INFO;CALLOUT,INFO;DATA_ACCESS,INFO;DB,INFO;NBA,INFO;SYSTEM,DEBUG;VALIDATION,INFO;VISUALFORCE,INFO;WAVE,INFO;WORKFLOW,INFO
15:42:22.0 (692143)|USER_INFO|[EXTERNAL]|0057F0000042UBb|ishibashi@hurex.co.jp.dev1|(GMT+09:00) 日本標準時 (Asia/Tokyo)|GMT+09:00
15:42:22.0 (731051)|EXECUTION_STARTED
15:42:22.0 (744003)|CODE_UNIT_STARTED|[EXTERNAL]|apex://CustomNotificationController/ACTION$getNotifications
15:42:22.0 (2024105)|CODE_UNIT_STARTED|[EXTERNAL]|01pBK000001VvEL|CustomNotificationController.getNotifications(String)
15:42:22.0 (5757946)|HEAP_ALLOCATE|[95]|Bytes:3
15:42:22.0 (5864050)|HEAP_ALLOCATE|[100]|Bytes:152
15:42:22.0 (5883428)|HEAP_ALLOCATE|[417]|Bytes:408
15:42:22.0 (5899835)|HEAP_ALLOCATE|[430]|Bytes:408
15:42:22.0 (5926115)|HEAP_ALLOCATE|[317]|Bytes:6
15:42:22.0 (5988755)|HEAP_ALLOCATE|[EXTERNAL]|Bytes:7
15:42:22.0 (6000543)|METHOD_ENTRY|[1]|01pBK000001VvEL|CustomNotificationController.CustomNotificationController()
15:42:22.0 (6007638)|STATEMENT_EXECUTE|[1]
15:42:22.0 (6012159)|STATEMENT_EXECUTE|[1]
15:42:22.0 (6031266)|HEAP_ALLOCATE|[68]|Bytes:5
15:42:22.0 (6054087)|HEAP_ALLOCATE|[74]|Bytes:5
15:42:22.0 (6058927)|HEAP_ALLOCATE|[82]|Bytes:7
15:42:22.0 (6229264)|HEAP_ALLOCATE|[EXTERNAL]|Bytes:5
15:42:22.0 (6239326)|METHOD_EXIT|[1]|CustomNotificationController
15:42:22.0 (6246858)|VARIABLE_SCOPE_BEGIN|[5]|before|String|false|false
15:42:22.0 (6275782)|VARIABLE_ASSIGNMENT|[5]|before|null
15:42:22.0 (6285394)|HEAP_ALLOCATE|[6]|Bytes:5
15:42:22.0 (6288065)|STATEMENT_EXECUTE|[5]
15:42:22.0 (6289020)|STATEMENT_EXECUTE|[6]
15:42:22.0 (6315268)|VARIABLE_SCOPE_BEGIN|[6]|req|System.HttpRequest|true|false
15:42:22.0 (6517575)|VARIABLE_ASSIGNMENT|[6]|req|"System.HttpRequest[Endpoint=null, Method=null]"|0xb2905c9
15:42:22.0 (6522357)|STATEMENT_EXECUTE|[7]
15:42:22.0 (6524742)|HEAP_ALLOCATE|[7]|Bytes:3
15:42:22.0 (6607994)|STATEMENT_EXECUTE|[8]
15:42:22.0 (6609670)|HEAP_ALLOCATE|[8]|Bytes:13
15:42:22.0 (6612038)|HEAP_ALLOCATE|[8]|Bytes:7
15:42:22.0 (6650120)|HEAP_ALLOCATE|[8]|Bytes:105
15:42:22.0 (6656237)|SYSTEM_METHOD_ENTRY|[1]|UserInfo.UserInfo()
15:42:22.0 (6658324)|STATEMENT_EXECUTE|[1]
15:42:22.0 (6663266)|SYSTEM_METHOD_EXIT|[1]|UserInfo
15:42:22.0 (6675603)|METHOD_ENTRY|[8]||System.UserInfo.getSessionId()
15:42:22.0 (17219351)|METHOD_EXIT|[8]||System.UserInfo.getSessionId()
15:42:22.0 (17325814)|HEAP_ALLOCATE|[8]|Bytes:119
15:42:22.0 (17415746)|STATEMENT_EXECUTE|[10]
15:42:22.0 (17523466)|HEAP_ALLOCATE|[10]|Bytes:67
15:42:22.0 (17539891)|SYSTEM_METHOD_ENTRY|[1]|Url.Url()
15:42:22.0 (17542481)|STATEMENT_EXECUTE|[1]
15:42:22.0 (17550265)|SYSTEM_METHOD_EXIT|[1]|Url
15:42:22.0 (17569801)|METHOD_ENTRY|[10]||System.Url.getOrgDomainUrl()
15:42:22.0 (18007461)|METHOD_EXIT|[10]||System.Url.getOrgDomainUrl()
15:42:22.0 (18030340)|METHOD_ENTRY|[10]||System.Url.toExternalForm()
15:42:22.0 (18064275)|METHOD_EXIT|[10]||System.Url.toExternalForm()
15:42:22.0 (18068695)|VARIABLE_SCOPE_BEGIN|[10]|domainPath|String|false|false
15:42:22.0 (18100620)|VARIABLE_ASSIGNMENT|[10]|domainPath|"https://hurex--dev1. (25 more) ..."
15:42:22.0 (18108249)|STATEMENT_EXECUTE|[11]
15:42:22.0 (18112023)|HEAP_ALLOCATE|[11]|Bytes:50
15:42:22.0 (18121443)|HEAP_ALLOCATE|[11]|Bytes:95
15:42:22.0 (18125133)|VARIABLE_SCOPE_BEGIN|[11]|endpoint|String|false|false
15:42:22.0 (18156754)|VARIABLE_ASSIGNMENT|[11]|endpoint|"https://hurex--dev1. (75 more) ..."
15:42:22.0 (18296219)|STATEMENT_EXECUTE|[13]
15:42:22.0 (18297920)|STATEMENT_EXECUTE|[16]
15:42:22.0 (18362055)|STATEMENT_EXECUTE|[18]
15:42:22.0 (18392466)|VARIABLE_SCOPE_BEGIN|[18]|http|System.Http|true|false
15:42:22.0 (18574839)|VARIABLE_ASSIGNMENT|[18]|http|"System.Http[]"|0x25f2626
15:42:22.0 (18581727)|STATEMENT_EXECUTE|[19]
15:42:22.0 (18701582)|CALLOUT_REQUEST|[19]|System.HttpRequest[Endpoint=https://hurex--dev1.sandbox.my.salesforce.com/services/data/v56.0/connect/notifications?size=20, Method=GET]
15:42:22.0 (158539732)|HEAP_ALLOCATE|[EXTERNAL]|Bytes:15126
15:42:22.0 (164340606)|CALLOUT_RESPONSE|[19]|System.HttpResponse[Status=OK, StatusCode=200]
15:42:22.0 (164374403)|HEAP_ALLOCATE|[19]|Bytes:14281
15:42:22.0 (164405487)|VARIABLE_SCOPE_BEGIN|[19]|res|System.HttpResponse|true|false
15:42:22.0 (164498453)|VARIABLE_ASSIGNMENT|[19]|res|"System.HttpResponse[Status=OK, StatusCode=200]"|0x49c2bcc0
15:42:22.0 (164596646)|STATEMENT_EXECUTE|[21]
15:42:22.0 (164598029)|STATEMENT_EXECUTE|[22]
15:42:22.0 (165304999)|HEAP_ALLOCATE|[22]|Bytes:13995
15:42:22.165 (165361093)|CUMULATIVE_LIMIT_USAGE
15:42:22.165 (165361093)|LIMIT_USAGE_FOR_NS|(default)|
  Number of SOQL queries: 0 out of 100
  Number of query rows: 0 out of 50000
  Number of SOSL queries: 0 out of 20
  Number of DML statements: 0 out of 150
  Number of Publish Immediate DML: 0 out of 150
  Number of DML rows: 0 out of 10000
  Maximum CPU time: 0 out of 10000
  Maximum heap size: 0 out of 6000000
  Number of callouts: 1 out of 100
  Number of Email Invocations: 0 out of 10
  Number of future calls: 0 out of 50
  Number of queueable jobs added to the queue: 0 out of 50
  Number of Mobile Apex push calls: 0 out of 10

15:42:22.165 (165361093)|CUMULATIVE_LIMIT_USAGE_END

15:42:22.0 (165408127)|CODE_UNIT_FINISHED|CustomNotificationController.getNotifications(String)
15:42:22.0 (165647223)|CODE_UNIT_FINISHED|apex://CustomNotificationController/ACTION$getNotifications
15:42:22.0 (165661186)|EXECUTION_FINISHED
