66.0 APEX_CODE,FINEST;APEX_PROFILING,INFO;CALLOUT,INFO;DATA_ACCESS,INFO;DB,INFO;NBA,INFO;SYSTEM,DEBUG;VALIDATION,INFO;VISUALFORCE,INFO;WAVE,INFO;WORKFLOW,INFO
15:14:53.9 (9132168)|USER_INFO|[EXTERNAL]|0057F0000042UBb|ishibashi@hurex.co.jp.dev1|(GMT+09:00) 日本標準時 (Asia/Tokyo)|GMT+09:00
15:14:53.9 (9161400)|EXECUTION_STARTED
15:14:53.9 (9170512)|CODE_UNIT_STARTED|[EXTERNAL]|apex://JobCardsController/ACTION$getJobs
15:14:53.9 (11424998)|CODE_UNIT_STARTED|[EXTERNAL]|01pBK000001RGBP|JobCardsController.getJobs()
15:14:53.9 (12978260)|HEAP_ALLOCATE|[95]|Bytes:3
15:14:53.9 (13069059)|HEAP_ALLOCATE|[100]|Bytes:152
15:14:53.9 (13082649)|HEAP_ALLOCATE|[417]|Bytes:408
15:14:53.9 (13094001)|HEAP_ALLOCATE|[430]|Bytes:408
15:14:53.9 (13114045)|HEAP_ALLOCATE|[317]|Bytes:6
15:14:53.9 (13125114)|HEAP_ALLOCATE|[EXTERNAL]|Bytes:10
15:14:53.9 (13128613)|HEAP_ALLOCATE|[EXTERNAL]|Bytes:5
15:14:53.9 (13130674)|HEAP_ALLOCATE|[EXTERNAL]|Bytes:3
15:14:53.9 (13141094)|METHOD_ENTRY|[6]|01pBK000001RGBP|JobCardsController.JobCardsController()
15:14:53.9 (13144799)|STATEMENT_EXECUTE|[6]
15:14:53.9 (13149606)|STATEMENT_EXECUTE|[6]
15:14:53.9 (13168196)|HEAP_ALLOCATE|[68]|Bytes:5
15:14:53.9 (13191053)|HEAP_ALLOCATE|[74]|Bytes:5
15:14:53.9 (13195632)|HEAP_ALLOCATE|[82]|Bytes:7
15:14:53.9 (13458473)|HEAP_ALLOCATE|[EXTERNAL]|Bytes:5
15:14:53.9 (13463114)|STATEMENT_EXECUTE|[12]
15:14:53.9 (13472334)|METHOD_EXIT|[6]|JobCardsController
15:14:53.9 (13483311)|HEAP_ALLOCATE|[35]|Bytes:5
15:14:53.9 (13485911)|STATEMENT_EXECUTE|[33]
15:14:53.9 (13486769)|STATEMENT_EXECUTE|[35]
15:14:53.9 (13501837)|HEAP_ALLOCATE|[35]|Bytes:4
15:14:53.9 (13552040)|VARIABLE_SCOPE_BEGIN|[35]|favoriteJobIds|Set<Id>|true|false
15:14:53.9 (13622229)|VARIABLE_ASSIGNMENT|[35]|favoriteJobIds|[]|0x529d5319
15:14:53.9 (13629298)|HEAP_ALLOCATE|[36]|Bytes:91
15:14:53.9 (13642919)|HEAP_ALLOCATE|[36]|Bytes:4
15:14:53.9 (13649505)|HEAP_ALLOCATE|[36]|Bytes:7
15:14:53.9 (13683325)|HEAP_ALLOCATE|[38]|Bytes:105
15:14:53.9 (13690442)|SYSTEM_METHOD_ENTRY|[1]|UserInfo.UserInfo()
15:14:53.9 (13692310)|STATEMENT_EXECUTE|[1]
15:14:53.9 (13697027)|SYSTEM_METHOD_EXIT|[1]|UserInfo
15:14:53.9 (13706933)|METHOD_ENTRY|[38]||System.UserInfo.getUserId()
15:14:53.9 (16011821)|METHOD_EXIT|[38]||System.UserInfo.getUserId()
15:14:53.9 (24759146)|SOQL_EXECUTE_BEGIN|[36]|Aggregations:0|SELECT Job__c FROM InterestedJob__c WHERE (CreatedById = :tmpVar1 AND IsArchive__c = FALSE)
15:14:53.9 (50277883)|SOQL_EXECUTE_END|[36]|Rows:4
15:14:53.9 (50321817)|HEAP_ALLOCATE|[EXTERNAL]|Bytes:20
15:14:53.9 (50540177)|HEAP_ALLOCATE|[36]|Bytes:54
15:14:53.9 (50550000)|HEAP_ALLOCATE|[36]|Bytes:8
15:14:53.9 (50564622)|SYSTEM_METHOD_ENTRY|[7]|QueryLocatorIterator.QueryLocatorIterator()
15:14:53.9 (50568210)|STATEMENT_EXECUTE|[7]
15:14:53.9 (50579660)|SYSTEM_METHOD_EXIT|[7]|QueryLocatorIterator
15:14:53.9 (50586297)|HEAP_ALLOCATE|[36]|Bytes:28
15:14:53.9 (50655253)|HEAP_ALLOCATE|[36]|Bytes:20
15:14:53.9 (50664893)|HEAP_ALLOCATE|[36]|Bytes:8
15:14:53.9 (50667396)|HEAP_ALLOCATE|[36]|Bytes:8
15:14:53.9 (50672484)|VARIABLE_SCOPE_BEGIN|[15]|this|Database.QueryLocatorIterator|true|false
15:14:53.9 (50719157)|VARIABLE_ASSIGNMENT|[15]|this|{}|0x46f1e887
15:14:53.9 (50725583)|VARIABLE_SCOPE_BEGIN|[15]|values|List<SObject>|true|false
15:14:53.9 (50848293)|VARIABLE_ASSIGNMENT|[15]|values|[{"Job__c":"a0KBK00000Gexcs2AB","Id":"a0OBK000004najC2AQ"},{"Job__c":"a0KBK00000Gexdg2AB","Id":"a0OBK000004nbNV2AY"},{"Job__c":"a0KBK00000Gexcu2AB","Id":"a0OBK000004v8wE2AQ"},{"Job__c":"a0KBK00000GezgQ2AR","Id":"a0OBK0000050riz2AA"}]|0x64788f4c
15:14:53.9 (50856801)|VARIABLE_SCOPE_BEGIN|[15]|ql|Database.QueryLocator|true|false
15:14:53.9 (50879078)|VARIABLE_ASSIGNMENT|[15]|ql|{"query":"SELECT Job__c FROM I (71 more) ..."}|0x39597cae
15:14:53.9 (50883516)|VARIABLE_SCOPE_BEGIN|[15]|totalNumRecords|Integer|false|false
15:14:53.9 (50891370)|VARIABLE_ASSIGNMENT|[15]|totalNumRecords|4
15:14:53.9 (50894686)|VARIABLE_SCOPE_BEGIN|[15]|queryMoreSize|Integer|false|false
15:14:53.9 (50899986)|VARIABLE_ASSIGNMENT|[15]|queryMoreSize|49996
15:14:53.9 (50973756)|HEAP_ALLOCATE|[36]|Bytes:28
15:14:53.9 (51000138)|METHOD_ENTRY|[36]||Database.QueryLocatorIterator.hasNext()
15:14:53.9 (51102159)|METHOD_EXIT|[36]||Database.QueryLocatorIterator.hasNext()
15:14:53.9 (51108971)|METHOD_ENTRY|[36]||Database.QueryLocatorIterator.next()
15:14:53.9 (51167757)|METHOD_EXIT|[36]||Database.QueryLocatorIterator.next()
15:14:53.9 (51173318)|VARIABLE_SCOPE_BEGIN|[36]|fav|InterestedJob__c|true|false
15:14:53.9 (51202081)|VARIABLE_ASSIGNMENT|[36]|fav|{"Job__c":"a0KBK00000Gexcs2AB","Id":"a0OBK000004najC2AQ"}|0x21c42d35
15:14:53.9 (51207716)|STATEMENT_EXECUTE|[39]
15:14:53.9 (51209491)|STATEMENT_EXECUTE|[40]
15:14:53.9 (51271416)|HEAP_ALLOCATE|[EXTERNAL]|Bytes:4
15:14:53.9 (51280488)|METHOD_ENTRY|[36]||Database.QueryLocatorIterator.hasNext()
15:14:53.9 (51293138)|METHOD_EXIT|[36]||Database.QueryLocatorIterator.hasNext()
15:14:53.9 (51296736)|METHOD_ENTRY|[36]||Database.QueryLocatorIterator.next()
15:14:53.9 (51327444)|METHOD_EXIT|[36]||Database.QueryLocatorIterator.next()
15:14:53.9 (51331221)|VARIABLE_SCOPE_BEGIN|[36]|fav|InterestedJob__c|true|false
15:14:53.9 (51352168)|VARIABLE_ASSIGNMENT|[36]|fav|{"Job__c":"a0KBK00000Gexdg2AB","Id":"a0OBK000004nbNV2AY"}|0x166c4ae
15:14:53.9 (51356402)|STATEMENT_EXECUTE|[39]
15:14:53.9 (51357613)|STATEMENT_EXECUTE|[40]
15:14:53.9 (51364391)|HEAP_ALLOCATE|[EXTERNAL]|Bytes:4
15:14:53.9 (51369934)|METHOD_ENTRY|[36]||Database.QueryLocatorIterator.hasNext()
15:14:53.9 (51383116)|METHOD_EXIT|[36]||Database.QueryLocatorIterator.hasNext()
15:14:53.9 (51386590)|METHOD_ENTRY|[36]||Database.QueryLocatorIterator.next()
15:14:53.9 (51414146)|METHOD_EXIT|[36]||Database.QueryLocatorIterator.next()
15:14:53.9 (51417316)|VARIABLE_SCOPE_BEGIN|[36]|fav|InterestedJob__c|true|false
15:14:53.9 (51435097)|VARIABLE_ASSIGNMENT|[36]|fav|{"Job__c":"a0KBK00000Gexcu2AB","Id":"a0OBK000004v8wE2AQ"}|0x73286420
15:14:53.9 (51439183)|STATEMENT_EXECUTE|[39]
15:14:53.9 (51440366)|STATEMENT_EXECUTE|[40]
15:14:53.9 (51445118)|HEAP_ALLOCATE|[EXTERNAL]|Bytes:4
15:14:53.9 (51450641)|METHOD_ENTRY|[36]||Database.QueryLocatorIterator.hasNext()
15:14:53.9 (51461641)|METHOD_EXIT|[36]||Database.QueryLocatorIterator.hasNext()
15:14:53.9 (51465156)|METHOD_ENTRY|[36]||Database.QueryLocatorIterator.next()
15:14:53.9 (51491341)|METHOD_EXIT|[36]||Database.QueryLocatorIterator.next()
15:14:53.9 (51519196)|VARIABLE_SCOPE_BEGIN|[36]|fav|InterestedJob__c|true|false
15:14:53.9 (51538099)|VARIABLE_ASSIGNMENT|[36]|fav|{"Job__c":"a0KBK00000GezgQ2AR","Id":"a0OBK0000050riz2AA"}|0x5991144d
15:14:53.9 (51541970)|STATEMENT_EXECUTE|[39]
15:14:53.9 (51543101)|STATEMENT_EXECUTE|[40]
15:14:53.9 (51547771)|HEAP_ALLOCATE|[EXTERNAL]|Bytes:4
15:14:53.9 (51553481)|METHOD_ENTRY|[36]||Database.QueryLocatorIterator.hasNext()
15:14:53.9 (51561831)|METHOD_EXIT|[36]||Database.QueryLocatorIterator.hasNext()
15:14:53.9 (51566916)|VARIABLE_ASSIGNMENT|[36]|fav|null|
15:14:53.9 (51584616)|STATEMENT_EXECUTE|[44]
15:14:53.9 (51587362)|HEAP_ALLOCATE|[44]|Bytes:217
15:14:53.9 (51601953)|HEAP_ALLOCATE|[44]|Bytes:4
15:14:53.9 (64447678)|SOQL_EXECUTE_BEGIN|[44]|Aggregations:0|SELECT Id, JobPosition__c, WorkLocation2__c, JobCategory1__c, MaxAnnualSalary__c, MinAnnualSalary__c, JobDescription__c, LastModifiedDate, LastViewedDate FROM Job__c ORDER BY LastModifiedDate DESC NULLS FIRST LIMIT 10
15:14:53.9 (114122945)|SOQL_EXECUTE_END|[44]|Rows:10
15:14:53.9 (114164164)|HEAP_ALLOCATE|[44]|Bytes:44
15:14:53.9 (114186596)|HEAP_ALLOCATE|[44]|Bytes:4083
15:14:53.9 (114275793)|HEAP_ALLOCATE|[44]|Bytes:44
15:14:53.9 (114294344)|VARIABLE_SCOPE_BEGIN|[44]|jobs|List<Job__c>|true|false
15:14:53.9 (114320575)|VARIABLE_ASSIGNMENT|[44]|jobs|"List of size 10 too large to display"|0x1c9bba72
15:14:53.9 (114326479)|STATEMENT_EXECUTE|[54]
15:14:53.9 (114335712)|HEAP_ALLOCATE|[54]|Bytes:4
15:14:53.9 (114421747)|VARIABLE_SCOPE_BEGIN|[54]|result|List<JobCardsController.JobWrapper>|true|false
15:14:53.9 (114439178)|HEAP_ALLOCATE|[EXTERNAL]|Bytes:4
15:14:53.9 (114449216)|VARIABLE_ASSIGNMENT|[54]|result|[]|0x34befdd8
15:14:53.9 (114580648)|HEAP_ALLOCATE|[55]|Bytes:5
15:14:53.9 (114597340)|HEAP_ALLOCATE|[55]|Bytes:40
15:14:53.9 (114602722)|VARIABLE_SCOPE_BEGIN|[55]|j|Job__c|true|false
15:14:53.9 (114719152)|VARIABLE_ASSIGNMENT|[55]|j|{"LastModifiedDate":"2026-04-03T04:12:21.000Z","JobPosition__c":"新潟市(新潟) 法人ルート営業・業界シェ (74 more) ...","WorkLocation2__c":"新潟県新潟市（転勤なし／車通勤可）","LastViewedDate":"2026-04-03T08:24:43.000Z","Id":"a0KBK00000GezgQ2AR","MinAnnualSalary__c":350,"JobDescription__c":"自社開発製造の給配水機器とその関連製品の (25 more) ...","JobCategory1__c":"経営幹部/企画/マーケティング系","MaxAnnualSalary__c":550}|0x1197ef3c
15:14:53.9 (114729359)|STATEMENT_EXECUTE|[55]
15:14:53.9 (114730631)|STATEMENT_EXECUTE|[56]
15:14:53.9 (114765924)|HEAP_ALLOCATE|[56]|Bytes:44
15:14:53.9 (114790149)|CONSTRUCTOR_ENTRY|[56]|01pBK000001RGBP|<init>()|JobCardsController.JobWrapper
15:14:53.9 (114816591)|VARIABLE_SCOPE_BEGIN|[12]|this|JobCardsController.JobWrapper|true|false
15:14:53.9 (114914479)|VARIABLE_ASSIGNMENT|[12]|this|{}|0x790d5ace
15:14:53.9 (114936316)|STATEMENT_EXECUTE|[12]
15:14:53.9 (114937439)|STATEMENT_EXECUTE|[13]
15:14:53.9 (114938419)|STATEMENT_EXECUTE|[14]
15:14:53.9 (114939285)|STATEMENT_EXECUTE|[15]
15:14:53.9 (114940074)|STATEMENT_EXECUTE|[16]
15:14:53.9 (114940834)|STATEMENT_EXECUTE|[17]
15:14:53.9 (114941604)|STATEMENT_EXECUTE|[18]
15:14:53.9 (114942491)|STATEMENT_EXECUTE|[19]
15:14:53.9 (114943294)|STATEMENT_EXECUTE|[20]
15:14:53.9 (114944344)|STATEMENT_EXECUTE|[21]
15:14:53.9 (114945344)|STATEMENT_EXECUTE|[22]
15:14:53.9 (114947405)|CONSTRUCTOR_EXIT|[56]|01pBK000001RGBP|<init>()|JobCardsController.JobWrapper
15:14:53.9 (114950728)|VARIABLE_SCOPE_BEGIN|[56]|wrapper|JobCardsController.JobWrapper|true|false
15:14:53.9 (114959895)|VARIABLE_ASSIGNMENT|[56]|wrapper|{}|0x790d5ace
15:14:53.9 (114963059)|STATEMENT_EXECUTE|[57]
15:14:53.9 (115174526)|VARIABLE_ASSIGNMENT|[57]|this.Id|"a0KBK00000GezgQ2AR"|0x790d5ace
15:14:53.9 (115181827)|STATEMENT_EXECUTE|[58]
15:14:53.9 (115206079)|VARIABLE_ASSIGNMENT|[58]|this.JobPosition|"新潟市(新潟) 法人ルート営業・業界シェ (74 more) ..."|0x790d5ace
15:14:53.9 (115210394)|STATEMENT_EXECUTE|[59]
15:14:53.9 (115218169)|VARIABLE_ASSIGNMENT|[59]|this.WorkLocation2|"新潟県新潟市（転勤なし／車通勤可）"|0x790d5ace
15:14:53.9 (115221139)|STATEMENT_EXECUTE|[60]
15:14:53.9 (115227919)|VARIABLE_ASSIGNMENT|[60]|this.JobCategory1|"経営幹部/企画/マーケティング系"|0x790d5ace
15:14:53.9 (115230791)|STATEMENT_EXECUTE|[61]
15:14:53.9 (115252394)|VARIABLE_ASSIGNMENT|[61]|this.MaxAnnualSalary|550|0x790d5ace
15:14:53.9 (115255135)|STATEMENT_EXECUTE|[62]
15:14:53.9 (115261386)|VARIABLE_ASSIGNMENT|[62]|this.MinAnnualSalary|350|0x790d5ace
15:14:53.9 (115263805)|STATEMENT_EXECUTE|[63]
15:14:53.9 (115270636)|VARIABLE_ASSIGNMENT|[63]|this.JobDescription|"自社開発製造の給配水機器とその関連製品の (25 more) ..."|0x790d5ace
15:14:53.9 (115273557)|STATEMENT_EXECUTE|[64]
15:14:53.9 (115302179)|VARIABLE_ASSIGNMENT|[64]|this.LastModifiedDate|"2026-04-03T04:12:21.000Z"|0x790d5ace
15:14:53.9 (115304779)|STATEMENT_EXECUTE|[65]
15:14:53.9 (115317882)|VARIABLE_ASSIGNMENT|[65]|this.LastViewedDate|"2026-04-03T08:24:43.000Z"|0x790d5ace
15:14:53.9 (115320310)|STATEMENT_EXECUTE|[66]
15:14:53.9 (115367995)|HEAP_ALLOCATE|[66]|Bytes:5
15:14:53.9 (115373599)|VARIABLE_ASSIGNMENT|[66]|this.IsFavorite|true|0x790d5ace
15:14:53.9 (115376210)|STATEMENT_EXECUTE|[67]
15:14:53.9 (115392883)|HEAP_ALLOCATE|[EXTERNAL]|Bytes:4
15:14:53.9 (115404420)|HEAP_ALLOCATE|[55]|Bytes:5
15:14:53.9 (115416335)|HEAP_ALLOCATE|[55]|Bytes:32
15:14:53.9 (115422637)|VARIABLE_SCOPE_BEGIN|[55]|j|Job__c|true|false
15:14:53.9 (115476872)|VARIABLE_ASSIGNMENT|[55]|j|{"LastModifiedDate":"2026-04-02T02:54:44.000Z","JobPosition__c":"テスト451求人タイトル求人タイトル求人 (235 more) ...","WorkLocation2__c":"444444","LastViewedDate":"2026-04-02T11:07:27.000Z","Id":"a0KBK00000Gexdg2AB","JobDescription__c":"テスト451仕事内容仕事内容仕事内容仕事 (230 more) ...","JobCategory1__c":"経営幹部/企画/マーケティング系"}|0x709f0b3
15:14:53.9 (115483686)|STATEMENT_EXECUTE|[55]
15:14:53.9 (115484720)|STATEMENT_EXECUTE|[56]
15:14:53.9 (115487833)|HEAP_ALLOCATE|[56]|Bytes:44
15:14:53.9 (115505356)|CONSTRUCTOR_ENTRY|[56]|01pBK000001RGBP|<init>()|JobCardsController.JobWrapper
15:14:53.9 (115511996)|VARIABLE_SCOPE_BEGIN|[12]|this|JobCardsController.JobWrapper|true|false
15:14:53.9 (115530730)|VARIABLE_ASSIGNMENT|[12]|this|{}|0x7308360f
15:14:53.9 (115542522)|STATEMENT_EXECUTE|[12]
15:14:53.9 (115543490)|STATEMENT_EXECUTE|[13]
15:14:53.9 (115544433)|STATEMENT_EXECUTE|[14]
15:14:53.9 (115545350)|STATEMENT_EXECUTE|[15]
15:14:53.9 (115546102)|STATEMENT_EXECUTE|[16]
15:14:53.9 (115546883)|STATEMENT_EXECUTE|[17]
15:14:53.9 (115547665)|STATEMENT_EXECUTE|[18]
15:14:53.9 (115548458)|STATEMENT_EXECUTE|[19]
15:14:53.9 (115549202)|STATEMENT_EXECUTE|[20]
15:14:53.9 (115550008)|STATEMENT_EXECUTE|[21]
15:14:53.9 (115550815)|STATEMENT_EXECUTE|[22]
15:14:53.9 (115552807)|CONSTRUCTOR_EXIT|[56]|01pBK000001RGBP|<init>()|JobCardsController.JobWrapper
15:14:53.9 (115555978)|VARIABLE_SCOPE_BEGIN|[56]|wrapper|JobCardsController.JobWrapper|true|false
15:14:53.9 (115564810)|VARIABLE_ASSIGNMENT|[56]|wrapper|{}|0x7308360f
15:14:53.9 (115568550)|STATEMENT_EXECUTE|[57]
15:14:53.9 (115642687)|VARIABLE_ASSIGNMENT|[57]|this.Id|"a0KBK00000Gexdg2AB"|0x7308360f
15:14:53.9 (115646134)|STATEMENT_EXECUTE|[58]
15:14:53.9 (115652414)|VARIABLE_ASSIGNMENT|[58]|this.JobPosition|"テスト451求人タイトル求人タイトル求人 (235 more) ..."|0x7308360f
15:14:53.9 (115655485)|STATEMENT_EXECUTE|[59]
15:14:53.9 (115659084)|VARIABLE_ASSIGNMENT|[59]|this.WorkLocation2|"444444"|0x7308360f
15:14:53.9 (115661687)|STATEMENT_EXECUTE|[60]
15:14:53.9 (115665205)|VARIABLE_ASSIGNMENT|[60]|this.JobCategory1|"経営幹部/企画/マーケティング系"|0x7308360f
15:14:53.9 (115667881)|STATEMENT_EXECUTE|[61]
15:14:53.9 (115671355)|VARIABLE_ASSIGNMENT|[61]|this.MaxAnnualSalary|null|0x7308360f
15:14:53.9 (115673947)|STATEMENT_EXECUTE|[62]
15:14:53.9 (115676507)|VARIABLE_ASSIGNMENT|[62]|this.MinAnnualSalary|null|0x7308360f
15:14:53.9 (115678791)|STATEMENT_EXECUTE|[63]
15:14:53.9 (115682602)|VARIABLE_ASSIGNMENT|[63]|this.JobDescription|"テスト451仕事内容仕事内容仕事内容仕事 (230 more) ..."|0x7308360f
15:14:53.9 (115686738)|STATEMENT_EXECUTE|[64]
15:14:53.9 (115701569)|VARIABLE_ASSIGNMENT|[64]|this.LastModifiedDate|"2026-04-02T02:54:44.000Z"|0x7308360f
15:14:53.9 (115704973)|STATEMENT_EXECUTE|[65]
15:14:53.9 (115712519)|VARIABLE_ASSIGNMENT|[65]|this.LastViewedDate|"2026-04-02T11:07:27.000Z"|0x7308360f
15:14:53.9 (115715592)|STATEMENT_EXECUTE|[66]
15:14:53.9 (115730082)|HEAP_ALLOCATE|[66]|Bytes:5
15:14:53.9 (115734991)|VARIABLE_ASSIGNMENT|[66]|this.IsFavorite|true|0x7308360f
15:14:53.9 (115738506)|STATEMENT_EXECUTE|[67]
15:14:53.9 (115744467)|HEAP_ALLOCATE|[EXTERNAL]|Bytes:4
15:14:53.9 (115755063)|HEAP_ALLOCATE|[55]|Bytes:5
15:14:53.9 (115762657)|HEAP_ALLOCATE|[55]|Bytes:40
15:14:53.9 (115766735)|VARIABLE_SCOPE_BEGIN|[55]|j|Job__c|true|false
15:14:53.9 (115819425)|VARIABLE_ASSIGNMENT|[55]|j|{"LastModifiedDate":"2026-03-18T01:52:52.000Z","JobPosition__c":"テスト401求人タイトル求人タイトル求人 (28 more) ...","WorkLocation2__c":"勤務地","LastViewedDate":"2026-04-02T11:19:39.000Z","Id":"a0KBK00000Gexcs2AB","MinAnnualSalary__c":450,"JobDescription__c":"テスト401仕事内容仕事内容仕事内容仕事 (30 more) ...","JobCategory1__c":"専門職系（コンサルタント/金融/不動産）","MaxAnnualSalary__c":600}|0xd1fc6d3
15:14:53.9 (115826821)|STATEMENT_EXECUTE|[55]
15:14:53.9 (115827830)|STATEMENT_EXECUTE|[56]
15:14:53.9 (115830340)|HEAP_ALLOCATE|[56]|Bytes:44
15:14:53.9 (115833632)|CONSTRUCTOR_ENTRY|[56]|01pBK000001RGBP|<init>()|JobCardsController.JobWrapper
15:14:53.9 (115837355)|VARIABLE_SCOPE_BEGIN|[12]|this|JobCardsController.JobWrapper|true|false
15:14:53.9 (115848628)|VARIABLE_ASSIGNMENT|[12]|this|{}|0x3a604c6e
15:14:53.9 (115857856)|STATEMENT_EXECUTE|[12]
15:14:53.9 (115858787)|STATEMENT_EXECUTE|[13]
15:14:53.9 (115859630)|STATEMENT_EXECUTE|[14]
15:14:53.9 (115860398)|STATEMENT_EXECUTE|[15]
15:14:53.9 (115861147)|STATEMENT_EXECUTE|[16]
15:14:53.9 (115862010)|STATEMENT_EXECUTE|[17]
15:14:53.9 (115862830)|STATEMENT_EXECUTE|[18]
15:14:53.9 (115863725)|STATEMENT_EXECUTE|[19]
15:14:53.9 (115864539)|STATEMENT_EXECUTE|[20]
15:14:53.9 (115865357)|STATEMENT_EXECUTE|[21]
15:14:53.9 (115866150)|STATEMENT_EXECUTE|[22]
15:14:53.9 (115868005)|CONSTRUCTOR_EXIT|[56]|01pBK000001RGBP|<init>()|JobCardsController.JobWrapper
15:14:53.9 (115870763)|VARIABLE_SCOPE_BEGIN|[56]|wrapper|JobCardsController.JobWrapper|true|false
15:14:53.9 (115910167)|VARIABLE_ASSIGNMENT|[56]|wrapper|{}|0x3a604c6e
15:14:53.9 (115913427)|STATEMENT_EXECUTE|[57]
15:14:53.9 (115954435)|VARIABLE_ASSIGNMENT|[57]|this.Id|"a0KBK00000Gexcs2AB"|0x3a604c6e
15:14:53.9 (115957228)|STATEMENT_EXECUTE|[58]
15:14:53.9 (115962552)|VARIABLE_ASSIGNMENT|[58]|this.JobPosition|"テスト401求人タイトル求人タイトル求人 (28 more) ..."|0x3a604c6e
15:14:53.9 (115965509)|STATEMENT_EXECUTE|[59]
15:14:53.9 (115968905)|VARIABLE_ASSIGNMENT|[59]|this.WorkLocation2|"勤務地"|0x3a604c6e
15:14:53.9 (115971627)|STATEMENT_EXECUTE|[60]
15:14:53.9 (115975090)|VARIABLE_ASSIGNMENT|[60]|this.JobCategory1|"専門職系（コンサルタント/金融/不動産）"|0x3a604c6e
15:14:53.9 (115978090)|STATEMENT_EXECUTE|[61]
15:14:53.9 (115986805)|VARIABLE_ASSIGNMENT|[61]|this.MaxAnnualSalary|600|0x3a604c6e
15:14:53.9 (115989301)|STATEMENT_EXECUTE|[62]
15:14:53.9 (115993190)|VARIABLE_ASSIGNMENT|[62]|this.MinAnnualSalary|450|0x3a604c6e
15:14:53.9 (115995410)|STATEMENT_EXECUTE|[63]
15:14:53.9 (115998895)|VARIABLE_ASSIGNMENT|[63]|this.JobDescription|"テスト401仕事内容仕事内容仕事内容仕事 (30 more) ..."|0x3a604c6e
15:14:53.9 (116006688)|STATEMENT_EXECUTE|[64]
15:14:53.9 (116015760)|VARIABLE_ASSIGNMENT|[64]|this.LastModifiedDate|"2026-03-18T01:52:52.000Z"|0x3a604c6e
15:14:53.9 (116018280)|STATEMENT_EXECUTE|[65]
15:14:53.9 (116023331)|VARIABLE_ASSIGNMENT|[65]|this.LastViewedDate|"2026-04-02T11:19:39.000Z"|0x3a604c6e
15:14:53.9 (116025997)|STATEMENT_EXECUTE|[66]
15:14:53.9 (116033727)|HEAP_ALLOCATE|[66]|Bytes:5
15:14:53.9 (116037230)|VARIABLE_ASSIGNMENT|[66]|this.IsFavorite|true|0x3a604c6e
15:14:53.9 (116039625)|STATEMENT_EXECUTE|[67]
15:14:53.9 (116043449)|HEAP_ALLOCATE|[EXTERNAL]|Bytes:4
15:14:53.9 (116049942)|HEAP_ALLOCATE|[55]|Bytes:5
15:14:53.9 (116056562)|HEAP_ALLOCATE|[55]|Bytes:36
15:14:53.9 (116059553)|VARIABLE_SCOPE_BEGIN|[55]|j|Job__c|true|false
15:14:53.9 (116100872)|VARIABLE_ASSIGNMENT|[55]|j|{"LastModifiedDate":"2026-03-12T05:33:30.000Z","JobPosition__c":"テスト424求人タイトル求人タイトル求人 (28 more) ...","LastViewedDate":"2026-04-02T07:16:25.000Z","Id":"a0KBK00000GexdF2AR","MinAnnualSalary__c":250,"JobDescription__c":"テスト424仕事内容仕事内容仕事内容仕事 (30 more) ...","JobCategory1__c":"技術系（電気/電子/機械）","MaxAnnualSalary__c":350}|0x4b648e32
15:14:53.9 (116107339)|STATEMENT_EXECUTE|[55]
15:14:53.9 (116108152)|STATEMENT_EXECUTE|[56]
15:14:53.9 (116110058)|HEAP_ALLOCATE|[56]|Bytes:44
15:14:53.9 (116112923)|CONSTRUCTOR_ENTRY|[56]|01pBK000001RGBP|<init>()|JobCardsController.JobWrapper
15:14:53.9 (116116258)|VARIABLE_SCOPE_BEGIN|[12]|this|JobCardsController.JobWrapper|true|false
15:14:53.9 (116125325)|VARIABLE_ASSIGNMENT|[12]|this|{}|0x29a8bac6
15:14:53.9 (116132837)|STATEMENT_EXECUTE|[12]
15:14:53.9 (116133720)|STATEMENT_EXECUTE|[13]
15:14:53.9 (116134705)|STATEMENT_EXECUTE|[14]
15:14:53.9 (116135502)|STATEMENT_EXECUTE|[15]
15:14:53.9 (116136290)|STATEMENT_EXECUTE|[16]
15:14:53.9 (116137075)|STATEMENT_EXECUTE|[17]
15:14:53.9 (116137843)|STATEMENT_EXECUTE|[18]
15:14:53.9 (116138599)|STATEMENT_EXECUTE|[19]
15:14:53.9 (116139356)|STATEMENT_EXECUTE|[20]
15:14:53.9 (116140119)|STATEMENT_EXECUTE|[21]
15:14:53.9 (116140891)|STATEMENT_EXECUTE|[22]
15:14:53.9 (116142474)|CONSTRUCTOR_EXIT|[56]|01pBK000001RGBP|<init>()|JobCardsController.JobWrapper
15:14:53.9 (116145288)|VARIABLE_SCOPE_BEGIN|[56]|wrapper|JobCardsController.JobWrapper|true|false
15:14:53.9 (116151946)|VARIABLE_ASSIGNMENT|[56]|wrapper|{}|0x29a8bac6
15:14:53.9 (116154336)|STATEMENT_EXECUTE|[57]
15:14:53.9 (116179672)|VARIABLE_ASSIGNMENT|[57]|this.Id|"a0KBK00000GexdF2AR"|0x29a8bac6
15:14:53.9 (116182594)|STATEMENT_EXECUTE|[58]
15:14:53.9 (116187083)|VARIABLE_ASSIGNMENT|[58]|this.JobPosition|"テスト424求人タイトル求人タイトル求人 (28 more) ..."|0x29a8bac6
15:14:53.9 (116189893)|STATEMENT_EXECUTE|[59]
15:14:53.9 (116193273)|VARIABLE_ASSIGNMENT|[59]|this.WorkLocation2|null|0x29a8bac6
15:14:53.9 (116195757)|STATEMENT_EXECUTE|[60]
15:14:53.9 (116198990)|VARIABLE_ASSIGNMENT|[60]|this.JobCategory1|"技術系（電気/電子/機械）"|0x29a8bac6
15:14:53.9 (116201575)|STATEMENT_EXECUTE|[61]
15:14:53.9 (116205898)|VARIABLE_ASSIGNMENT|[61]|this.MaxAnnualSalary|350|0x29a8bac6
15:14:53.9 (116208401)|STATEMENT_EXECUTE|[62]
15:14:53.9 (116211602)|VARIABLE_ASSIGNMENT|[62]|this.MinAnnualSalary|250|0x29a8bac6
15:14:53.9 (116214004)|STATEMENT_EXECUTE|[63]
15:14:53.9 (116217490)|VARIABLE_ASSIGNMENT|[63]|this.JobDescription|"テスト424仕事内容仕事内容仕事内容仕事 (30 more) ..."|0x29a8bac6
15:14:53.9 (116220265)|STATEMENT_EXECUTE|[64]
15:14:53.9 (116226515)|VARIABLE_ASSIGNMENT|[64]|this.LastModifiedDate|"2026-03-12T05:33:30.000Z"|0x29a8bac6
15:14:53.9 (116229178)|STATEMENT_EXECUTE|[65]
15:14:53.9 (116234003)|VARIABLE_ASSIGNMENT|[65]|this.LastViewedDate|"2026-04-02T07:16:25.000Z"|0x29a8bac6
15:14:53.9 (116236398)|STATEMENT_EXECUTE|[66]
15:14:53.9 (116242752)|HEAP_ALLOCATE|[66]|Bytes:5
15:14:53.9 (116245994)|VARIABLE_ASSIGNMENT|[66]|this.IsFavorite|false|0x29a8bac6
15:14:53.9 (116248255)|STATEMENT_EXECUTE|[67]
15:14:53.9 (116251458)|HEAP_ALLOCATE|[EXTERNAL]|Bytes:4
15:14:53.9 (116256877)|HEAP_ALLOCATE|[55]|Bytes:5
15:14:53.9 (116261690)|HEAP_ALLOCATE|[55]|Bytes:36
15:14:53.9 (116264555)|VARIABLE_SCOPE_BEGIN|[55]|j|Job__c|true|false
15:14:53.9 (116296500)|VARIABLE_ASSIGNMENT|[55]|j|{"LastModifiedDate":"2026-03-09T05:51:50.000Z","JobPosition__c":"テスト403求人タイトル求人タイトル求人 (28 more) ...","LastViewedDate":"2026-04-02T10:23:00.000Z","Id":"a0KBK00000Gexcu2AB","MinAnnualSalary__c":900,"JobDescription__c":"テスト403仕事内容仕事内容仕事内容仕事 (30 more) ...","JobCategory1__c":"営業系","MaxAnnualSalary__c":600}|0x65a4666d
15:14:53.9 (116302665)|STATEMENT_EXECUTE|[55]
15:14:53.9 (116303493)|STATEMENT_EXECUTE|[56]
15:14:53.9 (116305120)|HEAP_ALLOCATE|[56]|Bytes:44
15:14:53.9 (116307741)|CONSTRUCTOR_ENTRY|[56]|01pBK000001RGBP|<init>()|JobCardsController.JobWrapper
15:14:53.9 (116310755)|VARIABLE_SCOPE_BEGIN|[12]|this|JobCardsController.JobWrapper|true|false
15:14:53.9 (116319041)|VARIABLE_ASSIGNMENT|[12]|this|{}|0x44506a27
15:14:53.9 (116325525)|STATEMENT_EXECUTE|[12]
15:14:53.9 (116326390)|STATEMENT_EXECUTE|[13]
15:14:53.9 (116327166)|STATEMENT_EXECUTE|[14]
15:14:53.9 (116327951)|STATEMENT_EXECUTE|[15]
15:14:53.9 (116328761)|STATEMENT_EXECUTE|[16]
15:14:53.9 (116329567)|STATEMENT_EXECUTE|[17]
15:14:53.9 (116330336)|STATEMENT_EXECUTE|[18]
15:14:53.9 (116331110)|STATEMENT_EXECUTE|[19]
15:14:53.9 (116331904)|STATEMENT_EXECUTE|[20]
15:14:53.9 (116332680)|STATEMENT_EXECUTE|[21]
15:14:53.9 (116333430)|STATEMENT_EXECUTE|[22]
15:14:53.9 (116335112)|CONSTRUCTOR_EXIT|[56]|01pBK000001RGBP|<init>()|JobCardsController.JobWrapper
15:14:53.9 (116337810)|VARIABLE_SCOPE_BEGIN|[56]|wrapper|JobCardsController.JobWrapper|true|false
15:14:53.9 (116344655)|VARIABLE_ASSIGNMENT|[56]|wrapper|{}|0x44506a27
15:14:53.9 (116347030)|STATEMENT_EXECUTE|[57]
15:14:53.9 (116368870)|VARIABLE_ASSIGNMENT|[57]|this.Id|"a0KBK00000Gexcu2AB"|0x44506a27
15:14:53.9 (116371697)|STATEMENT_EXECUTE|[58]
15:14:53.9 (116375995)|VARIABLE_ASSIGNMENT|[58]|this.JobPosition|"テスト403求人タイトル求人タイトル求人 (28 more) ..."|0x44506a27
15:14:53.9 (116379022)|STATEMENT_EXECUTE|[59]
15:14:53.9 (116381817)|VARIABLE_ASSIGNMENT|[59]|this.WorkLocation2|null|0x44506a27
15:14:53.9 (116384045)|STATEMENT_EXECUTE|[60]
15:14:53.9 (116387153)|VARIABLE_ASSIGNMENT|[60]|this.JobCategory1|"営業系"|0x44506a27
15:14:53.9 (116389614)|STATEMENT_EXECUTE|[61]
15:14:53.9 (116393810)|VARIABLE_ASSIGNMENT|[61]|this.MaxAnnualSalary|600|0x44506a27
15:14:53.9 (116396225)|STATEMENT_EXECUTE|[62]
15:14:53.9 (116399362)|VARIABLE_ASSIGNMENT|[62]|this.MinAnnualSalary|900|0x44506a27
15:14:53.9 (116401620)|STATEMENT_EXECUTE|[63]
15:14:53.9 (116405094)|VARIABLE_ASSIGNMENT|[63]|this.JobDescription|"テスト403仕事内容仕事内容仕事内容仕事 (30 more) ..."|0x44506a27
15:14:53.9 (116407950)|STATEMENT_EXECUTE|[64]
15:14:53.9 (116414040)|VARIABLE_ASSIGNMENT|[64]|this.LastModifiedDate|"2026-03-09T05:51:50.000Z"|0x44506a27
15:14:53.9 (116416368)|STATEMENT_EXECUTE|[65]
15:14:53.9 (116421088)|VARIABLE_ASSIGNMENT|[65]|this.LastViewedDate|"2026-04-02T10:23:00.000Z"|0x44506a27
15:14:53.9 (116423686)|STATEMENT_EXECUTE|[66]
15:14:53.9 (116429968)|HEAP_ALLOCATE|[66]|Bytes:5
15:14:53.9 (116432854)|VARIABLE_ASSIGNMENT|[66]|this.IsFavorite|true|0x44506a27
15:14:53.9 (116435077)|STATEMENT_EXECUTE|[67]
15:14:53.9 (116437962)|HEAP_ALLOCATE|[EXTERNAL]|Bytes:4
15:14:53.9 (116443190)|HEAP_ALLOCATE|[55]|Bytes:5
15:14:53.9 (116447555)|HEAP_ALLOCATE|[55]|Bytes:36
15:14:53.9 (116450310)|VARIABLE_SCOPE_BEGIN|[55]|j|Job__c|true|false
15:14:53.9 (116480710)|VARIABLE_ASSIGNMENT|[55]|j|{"LastModifiedDate":"2026-03-09T05:51:49.000Z","JobPosition__c":"テスト402求人タイトル求人タイトル求人 (28 more) ...","LastViewedDate":"2026-03-18T09:45:33.000Z","Id":"a0KBK00000Gexct2AB","MinAnnualSalary__c":500,"JobDescription__c":"テスト402仕事内容仕事内容仕事内容仕事 (30 more) ...","JobCategory1__c":"営業系","MaxAnnualSalary__c":400}|0x2d608e02
15:14:53.9 (116486578)|STATEMENT_EXECUTE|[55]
15:14:53.9 (116487415)|STATEMENT_EXECUTE|[56]
15:14:53.9 (116489002)|HEAP_ALLOCATE|[56]|Bytes:44
15:14:53.9 (116491632)|CONSTRUCTOR_ENTRY|[56]|01pBK000001RGBP|<init>()|JobCardsController.JobWrapper
15:14:53.9 (116494838)|VARIABLE_SCOPE_BEGIN|[12]|this|JobCardsController.JobWrapper|true|false
15:14:53.9 (116502808)|VARIABLE_ASSIGNMENT|[12]|this|{}|0x76da94ec
15:14:53.9 (116509032)|STATEMENT_EXECUTE|[12]
15:14:53.9 (116509932)|STATEMENT_EXECUTE|[13]
15:14:53.9 (116510714)|STATEMENT_EXECUTE|[14]
15:14:53.9 (116511490)|STATEMENT_EXECUTE|[15]
15:14:53.9 (116512265)|STATEMENT_EXECUTE|[16]
15:14:53.9 (116513069)|STATEMENT_EXECUTE|[17]
15:14:53.9 (116513819)|STATEMENT_EXECUTE|[18]
15:14:53.9 (116514607)|STATEMENT_EXECUTE|[19]
15:14:53.9 (116515383)|STATEMENT_EXECUTE|[20]
15:14:53.9 (116516168)|STATEMENT_EXECUTE|[21]
15:14:53.9 (116516937)|STATEMENT_EXECUTE|[22]
15:14:53.9 (116518248)|CONSTRUCTOR_EXIT|[56]|01pBK000001RGBP|<init>()|JobCardsController.JobWrapper
15:14:53.9 (116520882)|VARIABLE_SCOPE_BEGIN|[56]|wrapper|JobCardsController.JobWrapper|true|false
15:14:53.9 (116527782)|VARIABLE_ASSIGNMENT|[56]|wrapper|{}|0x76da94ec
15:14:53.9 (116530285)|STATEMENT_EXECUTE|[57]
15:14:53.9 (116551875)|VARIABLE_ASSIGNMENT|[57]|this.Id|"a0KBK00000Gexct2AB"|0x76da94ec
15:14:53.9 (116554711)|STATEMENT_EXECUTE|[58]
15:14:53.9 (116558811)|VARIABLE_ASSIGNMENT|[58]|this.JobPosition|"テスト402求人タイトル求人タイトル求人 (28 more) ..."|0x76da94ec
15:14:53.9 (116561819)|STATEMENT_EXECUTE|[59]
15:14:53.9 (116564411)|VARIABLE_ASSIGNMENT|[59]|this.WorkLocation2|null|0x76da94ec
15:14:53.9 (116566681)|STATEMENT_EXECUTE|[60]
15:14:53.9 (116569586)|VARIABLE_ASSIGNMENT|[60]|this.JobCategory1|"営業系"|0x76da94ec
15:14:53.9 (116572012)|STATEMENT_EXECUTE|[61]
15:14:53.9 (116576010)|VARIABLE_ASSIGNMENT|[61]|this.MaxAnnualSalary|400|0x76da94ec
15:14:53.9 (116578544)|STATEMENT_EXECUTE|[62]
15:14:53.9 (116581640)|VARIABLE_ASSIGNMENT|[62]|this.MinAnnualSalary|500|0x76da94ec
15:14:53.9 (116583981)|STATEMENT_EXECUTE|[63]
15:14:53.9 (116587461)|VARIABLE_ASSIGNMENT|[63]|this.JobDescription|"テスト402仕事内容仕事内容仕事内容仕事 (30 more) ..."|0x76da94ec
15:14:53.9 (116590276)|STATEMENT_EXECUTE|[64]
15:14:53.9 (116596487)|VARIABLE_ASSIGNMENT|[64]|this.LastModifiedDate|"2026-03-09T05:51:49.000Z"|0x76da94ec
15:14:53.9 (116598995)|STATEMENT_EXECUTE|[65]
15:14:53.9 (116603911)|VARIABLE_ASSIGNMENT|[65]|this.LastViewedDate|"2026-03-18T09:45:33.000Z"|0x76da94ec
15:14:53.9 (116606247)|STATEMENT_EXECUTE|[66]
15:14:53.9 (116611782)|HEAP_ALLOCATE|[66]|Bytes:5
15:14:53.9 (116614739)|VARIABLE_ASSIGNMENT|[66]|this.IsFavorite|false|0x76da94ec
15:14:53.9 (116617001)|STATEMENT_EXECUTE|[67]
15:14:53.9 (116619750)|HEAP_ALLOCATE|[EXTERNAL]|Bytes:4
15:14:53.9 (116624799)|HEAP_ALLOCATE|[55]|Bytes:5
15:14:53.9 (116629003)|HEAP_ALLOCATE|[55]|Bytes:40
15:14:53.9 (116631726)|VARIABLE_SCOPE_BEGIN|[55]|j|Job__c|true|false
15:14:53.9 (116667328)|VARIABLE_ASSIGNMENT|[55]|j|{"LastModifiedDate":"2026-03-06T01:15:09.000Z","JobPosition__c":"千代田区(東京) 設備積算・大手サブコン (18 more) ...","WorkLocation2__c":"東京都千代田区","LastViewedDate":"2026-03-17T05:57:19.000Z","Id":"a0KBK00000GezgH2AR","MinAnnualSalary__c":400,"JobDescription__c":"事務所ビルや商業施設、工場など、多様な建 (105 more) ...","JobCategory1__c":"営業系","MaxAnnualSalary__c":650}|0x5e3afc23
15:14:53.9 (116673981)|STATEMENT_EXECUTE|[55]
15:14:53.9 (116674937)|STATEMENT_EXECUTE|[56]
15:14:53.9 (116676526)|HEAP_ALLOCATE|[56]|Bytes:44
15:14:53.9 (116679049)|CONSTRUCTOR_ENTRY|[56]|01pBK000001RGBP|<init>()|JobCardsController.JobWrapper
15:14:53.9 (116682071)|VARIABLE_SCOPE_BEGIN|[12]|this|JobCardsController.JobWrapper|true|false
15:14:53.9 (116690366)|VARIABLE_ASSIGNMENT|[12]|this|{}|0x4ee1a565
15:14:53.9 (116697132)|STATEMENT_EXECUTE|[12]
15:14:53.9 (116697985)|STATEMENT_EXECUTE|[13]
15:14:53.9 (116698801)|STATEMENT_EXECUTE|[14]
15:14:53.9 (116699578)|STATEMENT_EXECUTE|[15]
15:14:53.9 (116700356)|STATEMENT_EXECUTE|[16]
15:14:53.9 (116701136)|STATEMENT_EXECUTE|[17]
15:14:53.9 (116701883)|STATEMENT_EXECUTE|[18]
15:14:53.9 (116702661)|STATEMENT_EXECUTE|[19]
15:14:53.9 (116703436)|STATEMENT_EXECUTE|[20]
15:14:53.9 (116704236)|STATEMENT_EXECUTE|[21]
15:14:53.9 (116704984)|STATEMENT_EXECUTE|[22]
15:14:53.9 (116706226)|CONSTRUCTOR_EXIT|[56]|01pBK000001RGBP|<init>()|JobCardsController.JobWrapper
15:14:53.9 (116709434)|VARIABLE_SCOPE_BEGIN|[56]|wrapper|JobCardsController.JobWrapper|true|false
15:14:53.9 (116716139)|VARIABLE_ASSIGNMENT|[56]|wrapper|{}|0x4ee1a565
15:14:53.9 (116718655)|STATEMENT_EXECUTE|[57]
15:14:53.9 (116739621)|VARIABLE_ASSIGNMENT|[57]|this.Id|"a0KBK00000GezgH2AR"|0x4ee1a565
15:14:53.9 (116742371)|STATEMENT_EXECUTE|[58]
15:14:53.9 (116746701)|VARIABLE_ASSIGNMENT|[58]|this.JobPosition|"千代田区(東京) 設備積算・大手サブコン (18 more) ..."|0x4ee1a565
15:14:53.9 (116749455)|STATEMENT_EXECUTE|[59]
15:14:53.9 (116752841)|VARIABLE_ASSIGNMENT|[59]|this.WorkLocation2|"東京都千代田区"|0x4ee1a565
15:14:53.9 (116755401)|STATEMENT_EXECUTE|[60]
15:14:53.9 (116758206)|VARIABLE_ASSIGNMENT|[60]|this.JobCategory1|"営業系"|0x4ee1a565
15:14:53.9 (116760831)|STATEMENT_EXECUTE|[61]
15:14:53.9 (116764942)|VARIABLE_ASSIGNMENT|[61]|this.MaxAnnualSalary|650|0x4ee1a565
15:14:53.9 (116767323)|STATEMENT_EXECUTE|[62]
15:14:53.9 (116770693)|VARIABLE_ASSIGNMENT|[62]|this.MinAnnualSalary|400|0x4ee1a565
15:14:53.9 (116773178)|STATEMENT_EXECUTE|[63]
15:14:53.9 (116776833)|VARIABLE_ASSIGNMENT|[63]|this.JobDescription|"事務所ビルや商業施設、工場など、多様な建 (105 more) ..."|0x4ee1a565
15:14:53.9 (116779851)|STATEMENT_EXECUTE|[64]
15:14:53.9 (116786073)|VARIABLE_ASSIGNMENT|[64]|this.LastModifiedDate|"2026-03-06T01:15:09.000Z"|0x4ee1a565
15:14:53.9 (116788497)|STATEMENT_EXECUTE|[65]
15:14:53.9 (116793254)|VARIABLE_ASSIGNMENT|[65]|this.LastViewedDate|"2026-03-17T05:57:19.000Z"|0x4ee1a565
15:14:53.9 (116795548)|STATEMENT_EXECUTE|[66]
15:14:53.9 (116801346)|HEAP_ALLOCATE|[66]|Bytes:5
15:14:53.9 (116804270)|VARIABLE_ASSIGNMENT|[66]|this.IsFavorite|false|0x4ee1a565
15:14:53.9 (116806665)|STATEMENT_EXECUTE|[67]
15:14:53.9 (116809475)|HEAP_ALLOCATE|[EXTERNAL]|Bytes:4
15:14:53.9 (116814700)|HEAP_ALLOCATE|[55]|Bytes:5
15:14:53.9 (116818871)|HEAP_ALLOCATE|[55]|Bytes:36
15:14:53.9 (116821647)|VARIABLE_SCOPE_BEGIN|[55]|j|Job__c|true|false
15:14:53.9 (116852376)|VARIABLE_ASSIGNMENT|[55]|j|{"LastModifiedDate":"2026-02-06T01:25:17.000Z","JobPosition__c":"テスト467求人タイトル求人タイトル求人 (28 more) ...","LastViewedDate":"2026-04-02T09:39:31.000Z","Id":"a0KBK00000Gexdw2AB","MinAnnualSalary__c":216,"JobDescription__c":"テスト467仕事内容仕事内容仕事内容仕事 (30 more) ...","JobCategory1__c":"管理部門/事務系","MaxAnnualSalary__c":0}|0x3140fcc8
15:14:53.9 (116858299)|STATEMENT_EXECUTE|[55]
15:14:53.9 (116859739)|STATEMENT_EXECUTE|[56]
15:14:53.9 (116862355)|HEAP_ALLOCATE|[56]|Bytes:44
15:14:53.9 (116866133)|CONSTRUCTOR_ENTRY|[56]|01pBK000001RGBP|<init>()|JobCardsController.JobWrapper
15:14:53.9 (116870151)|VARIABLE_SCOPE_BEGIN|[12]|this|JobCardsController.JobWrapper|true|false
15:14:53.9 (116882466)|VARIABLE_ASSIGNMENT|[12]|this|{}|0x22f358f5
15:14:53.9 (116891926)|STATEMENT_EXECUTE|[12]
15:14:53.9 (116893208)|STATEMENT_EXECUTE|[13]
15:14:53.9 (116894472)|STATEMENT_EXECUTE|[14]
15:14:53.9 (116895471)|STATEMENT_EXECUTE|[15]
15:14:53.9 (116896521)|STATEMENT_EXECUTE|[16]
15:14:53.9 (116897609)|STATEMENT_EXECUTE|[17]
15:14:53.9 (116898572)|STATEMENT_EXECUTE|[18]
15:14:53.9 (116899549)|STATEMENT_EXECUTE|[19]
15:14:53.9 (116900558)|STATEMENT_EXECUTE|[20]
15:14:53.9 (116901768)|STATEMENT_EXECUTE|[21]
15:14:53.9 (116903009)|STATEMENT_EXECUTE|[22]
15:14:53.9 (116904975)|CONSTRUCTOR_EXIT|[56]|01pBK000001RGBP|<init>()|JobCardsController.JobWrapper
15:14:53.9 (116908814)|VARIABLE_SCOPE_BEGIN|[56]|wrapper|JobCardsController.JobWrapper|true|false
15:14:53.9 (116916411)|VARIABLE_ASSIGNMENT|[56]|wrapper|{}|0x22f358f5
15:14:53.9 (116918904)|STATEMENT_EXECUTE|[57]
15:14:53.9 (116943166)|VARIABLE_ASSIGNMENT|[57]|this.Id|"a0KBK00000Gexdw2AB"|0x22f358f5
15:14:53.9 (116946056)|STATEMENT_EXECUTE|[58]
15:14:53.9 (116950496)|VARIABLE_ASSIGNMENT|[58]|this.JobPosition|"テスト467求人タイトル求人タイトル求人 (28 more) ..."|0x22f358f5
15:14:53.9 (116953166)|STATEMENT_EXECUTE|[59]
15:14:53.9 (116955894)|VARIABLE_ASSIGNMENT|[59]|this.WorkLocation2|null|0x22f358f5
15:14:53.9 (116958131)|STATEMENT_EXECUTE|[60]
15:14:53.9 (116961306)|VARIABLE_ASSIGNMENT|[60]|this.JobCategory1|"管理部門/事務系"|0x22f358f5
15:14:53.9 (116963929)|STATEMENT_EXECUTE|[61]
15:14:53.9 (116985771)|HEAP_ALLOCATE|[61]|Bytes:28
15:14:53.9 (116990322)|VARIABLE_ASSIGNMENT|[61]|this.MaxAnnualSalary|0|0x22f358f5
15:14:53.9 (116992936)|STATEMENT_EXECUTE|[62]
15:14:53.9 (116996503)|VARIABLE_ASSIGNMENT|[62]|this.MinAnnualSalary|216|0x22f358f5
15:14:53.9 (116998768)|STATEMENT_EXECUTE|[63]
15:14:53.9 (117002161)|VARIABLE_ASSIGNMENT|[63]|this.JobDescription|"テスト467仕事内容仕事内容仕事内容仕事 (30 more) ..."|0x22f358f5
15:14:53.9 (117005357)|STATEMENT_EXECUTE|[64]
15:14:53.9 (117012522)|VARIABLE_ASSIGNMENT|[64]|this.LastModifiedDate|"2026-02-06T01:25:17.000Z"|0x22f358f5
15:14:53.9 (117014979)|STATEMENT_EXECUTE|[65]
15:14:53.9 (117019834)|VARIABLE_ASSIGNMENT|[65]|this.LastViewedDate|"2026-04-02T09:39:31.000Z"|0x22f358f5
15:14:53.9 (117022261)|STATEMENT_EXECUTE|[66]
15:14:53.9 (117028689)|HEAP_ALLOCATE|[66]|Bytes:5
15:14:53.9 (117031534)|VARIABLE_ASSIGNMENT|[66]|this.IsFavorite|false|0x22f358f5
15:14:53.9 (117033891)|STATEMENT_EXECUTE|[67]
15:14:53.9 (117037007)|HEAP_ALLOCATE|[EXTERNAL]|Bytes:4
15:14:53.9 (117042592)|HEAP_ALLOCATE|[55]|Bytes:5
15:14:53.9 (117047311)|HEAP_ALLOCATE|[55]|Bytes:36
15:14:53.9 (117050151)|VARIABLE_SCOPE_BEGIN|[55]|j|Job__c|true|false
15:14:53.9 (117083976)|VARIABLE_ASSIGNMENT|[55]|j|{"LastModifiedDate":"2026-02-05T00:50:25.000Z","JobPosition__c":"テスト297求人タイトル求人タイトル求人 (28 more) ...","LastViewedDate":"2026-03-28T05:28:09.000Z","Id":"a0KBK00000Gezpx2AB","MinAnnualSalary__c":350,"JobDescription__c":"テスト297仕事内容仕事内容仕事内容仕事 (30 more) ...","JobCategory1__c":"IT系（ソフトウェア/ネットワーク）","MaxAnnualSalary__c":600}|0x77916383
15:14:53.9 (117090288)|STATEMENT_EXECUTE|[55]
15:14:53.9 (117091083)|STATEMENT_EXECUTE|[56]
15:14:53.9 (117092678)|HEAP_ALLOCATE|[56]|Bytes:44
15:14:53.9 (117095567)|CONSTRUCTOR_ENTRY|[56]|01pBK000001RGBP|<init>()|JobCardsController.JobWrapper
15:14:53.9 (117098487)|VARIABLE_SCOPE_BEGIN|[12]|this|JobCardsController.JobWrapper|true|false
15:14:53.9 (117106487)|VARIABLE_ASSIGNMENT|[12]|this|{}|0x65350fde
15:14:53.9 (117112911)|STATEMENT_EXECUTE|[12]
15:14:53.9 (117113746)|STATEMENT_EXECUTE|[13]
15:14:53.9 (117114561)|STATEMENT_EXECUTE|[14]
15:14:53.9 (117115466)|STATEMENT_EXECUTE|[15]
15:14:53.9 (117116252)|STATEMENT_EXECUTE|[16]
15:14:53.9 (117117037)|STATEMENT_EXECUTE|[17]
15:14:53.9 (117117823)|STATEMENT_EXECUTE|[18]
15:14:53.9 (117118594)|STATEMENT_EXECUTE|[19]
15:14:53.9 (117119387)|STATEMENT_EXECUTE|[20]
15:14:53.9 (117120191)|STATEMENT_EXECUTE|[21]
15:14:53.9 (117120939)|STATEMENT_EXECUTE|[22]
15:14:53.9 (117122305)|CONSTRUCTOR_EXIT|[56]|01pBK000001RGBP|<init>()|JobCardsController.JobWrapper
15:14:53.9 (117124937)|VARIABLE_SCOPE_BEGIN|[56]|wrapper|JobCardsController.JobWrapper|true|false
15:14:53.9 (117131554)|VARIABLE_ASSIGNMENT|[56]|wrapper|{}|0x65350fde
15:14:53.9 (117133955)|STATEMENT_EXECUTE|[57]
15:14:53.9 (117155636)|VARIABLE_ASSIGNMENT|[57]|this.Id|"a0KBK00000Gezpx2AB"|0x65350fde
15:14:53.9 (117158693)|STATEMENT_EXECUTE|[58]
15:14:53.9 (117162918)|VARIABLE_ASSIGNMENT|[58]|this.JobPosition|"テスト297求人タイトル求人タイトル求人 (28 more) ..."|0x65350fde
15:14:53.9 (117165746)|STATEMENT_EXECUTE|[59]
15:14:53.9 (117168508)|VARIABLE_ASSIGNMENT|[59]|this.WorkLocation2|null|0x65350fde
15:14:53.9 (117170751)|STATEMENT_EXECUTE|[60]
15:14:53.9 (117174062)|VARIABLE_ASSIGNMENT|[60]|this.JobCategory1|"IT系（ソフトウェア/ネットワーク）"|0x65350fde
15:14:53.9 (117176694)|STATEMENT_EXECUTE|[61]
15:14:53.9 (117180774)|VARIABLE_ASSIGNMENT|[61]|this.MaxAnnualSalary|600|0x65350fde
15:14:53.9 (117183131)|STATEMENT_EXECUTE|[62]
15:14:53.9 (117186230)|VARIABLE_ASSIGNMENT|[62]|this.MinAnnualSalary|350|0x65350fde
15:14:53.9 (117188466)|STATEMENT_EXECUTE|[63]
15:14:53.9 (117191798)|VARIABLE_ASSIGNMENT|[63]|this.JobDescription|"テスト297仕事内容仕事内容仕事内容仕事 (30 more) ..."|0x65350fde
15:14:53.9 (117194527)|STATEMENT_EXECUTE|[64]
15:14:53.9 (117200806)|VARIABLE_ASSIGNMENT|[64]|this.LastModifiedDate|"2026-02-05T00:50:25.000Z"|0x65350fde
15:14:53.9 (117203206)|STATEMENT_EXECUTE|[65]
15:14:53.9 (117208020)|VARIABLE_ASSIGNMENT|[65]|this.LastViewedDate|"2026-03-28T05:28:09.000Z"|0x65350fde
15:14:53.9 (117210381)|STATEMENT_EXECUTE|[66]
15:14:53.9 (117215947)|HEAP_ALLOCATE|[66]|Bytes:5
15:14:53.9 (117218842)|VARIABLE_ASSIGNMENT|[66]|this.IsFavorite|false|0x65350fde
15:14:53.9 (117221292)|STATEMENT_EXECUTE|[67]
15:14:53.9 (117224163)|HEAP_ALLOCATE|[EXTERNAL]|Bytes:4
15:14:53.9 (117229278)|HEAP_ALLOCATE|[55]|Bytes:5
15:14:53.9 (117233471)|HEAP_ALLOCATE|[55]|Bytes:36
15:14:53.9 (117236046)|VARIABLE_SCOPE_BEGIN|[55]|j|Job__c|true|false
15:14:53.9 (117265445)|VARIABLE_ASSIGNMENT|[55]|j|{"LastModifiedDate":"2026-02-05T00:49:22.000Z","JobPosition__c":"テスト407求人タイトル求人タイトル求人 (28 more) ...","LastViewedDate":"2026-03-18T09:45:42.000Z","Id":"a0KBK00000Gexcy2AB","MinAnnualSalary__c":350,"JobDescription__c":"テスト407仕事内容仕事内容仕事内容仕事 (30 more) ...","JobCategory1__c":"営業系","MaxAnnualSalary__c":450}|0x5ea8e3ed
15:14:53.9 (117270970)|STATEMENT_EXECUTE|[55]
15:14:53.9 (117271795)|STATEMENT_EXECUTE|[56]
15:14:53.9 (117273299)|HEAP_ALLOCATE|[56]|Bytes:44
15:14:53.9 (117275883)|CONSTRUCTOR_ENTRY|[56]|01pBK000001RGBP|<init>()|JobCardsController.JobWrapper
15:14:53.9 (117280235)|VARIABLE_SCOPE_BEGIN|[12]|this|JobCardsController.JobWrapper|true|false
15:14:53.9 (117292376)|VARIABLE_ASSIGNMENT|[12]|this|{}|0x47ea9a60
15:14:53.9 (117304967)|STATEMENT_EXECUTE|[12]
15:14:53.9 (117306196)|STATEMENT_EXECUTE|[13]
15:14:53.9 (117307321)|STATEMENT_EXECUTE|[14]
15:14:53.9 (117308323)|STATEMENT_EXECUTE|[15]
15:14:53.9 (117309357)|STATEMENT_EXECUTE|[16]
15:14:53.9 (117310400)|STATEMENT_EXECUTE|[17]
15:14:53.9 (117311423)|STATEMENT_EXECUTE|[18]
15:14:53.9 (117312443)|STATEMENT_EXECUTE|[19]
15:14:53.9 (117313499)|STATEMENT_EXECUTE|[20]
15:14:53.9 (117314566)|STATEMENT_EXECUTE|[21]
15:14:53.9 (117315641)|STATEMENT_EXECUTE|[22]
15:14:53.9 (117317574)|CONSTRUCTOR_EXIT|[56]|01pBK000001RGBP|<init>()|JobCardsController.JobWrapper
15:14:53.9 (117321481)|VARIABLE_SCOPE_BEGIN|[56]|wrapper|JobCardsController.JobWrapper|true|false
15:14:53.9 (117332295)|VARIABLE_ASSIGNMENT|[56]|wrapper|{}|0x47ea9a60
15:14:53.9 (117335765)|STATEMENT_EXECUTE|[57]
15:14:53.9 (117363796)|VARIABLE_ASSIGNMENT|[57]|this.Id|"a0KBK00000Gexcy2AB"|0x47ea9a60
15:14:53.9 (117366916)|STATEMENT_EXECUTE|[58]
15:14:53.9 (117371961)|VARIABLE_ASSIGNMENT|[58]|this.JobPosition|"テスト407求人タイトル求人タイトル求人 (28 more) ..."|0x47ea9a60
15:14:53.9 (117374945)|STATEMENT_EXECUTE|[59]
15:14:53.9 (117377751)|VARIABLE_ASSIGNMENT|[59]|this.WorkLocation2|null|0x47ea9a60
15:14:53.9 (117380179)|STATEMENT_EXECUTE|[60]
15:14:53.9 (117383241)|VARIABLE_ASSIGNMENT|[60]|this.JobCategory1|"営業系"|0x47ea9a60
15:14:53.9 (117385848)|STATEMENT_EXECUTE|[61]
15:14:53.9 (117390568)|VARIABLE_ASSIGNMENT|[61]|this.MaxAnnualSalary|450|0x47ea9a60
15:14:53.9 (117392878)|STATEMENT_EXECUTE|[62]
15:14:53.9 (117396033)|VARIABLE_ASSIGNMENT|[62]|this.MinAnnualSalary|350|0x47ea9a60
15:14:53.9 (117398247)|STATEMENT_EXECUTE|[63]
15:14:53.9 (117401586)|VARIABLE_ASSIGNMENT|[63]|this.JobDescription|"テスト407仕事内容仕事内容仕事内容仕事 (30 more) ..."|0x47ea9a60
15:14:53.9 (117404221)|STATEMENT_EXECUTE|[64]
15:14:53.9 (117411623)|VARIABLE_ASSIGNMENT|[64]|this.LastModifiedDate|"2026-02-05T00:49:22.000Z"|0x47ea9a60
15:14:53.9 (117414288)|STATEMENT_EXECUTE|[65]
15:14:53.9 (117419254)|VARIABLE_ASSIGNMENT|[65]|this.LastViewedDate|"2026-03-18T09:45:42.000Z"|0x47ea9a60
15:14:53.9 (117421653)|STATEMENT_EXECUTE|[66]
15:14:53.9 (117428436)|HEAP_ALLOCATE|[66]|Bytes:5
15:14:53.9 (117431270)|VARIABLE_ASSIGNMENT|[66]|this.IsFavorite|false|0x47ea9a60
15:14:53.9 (117433717)|STATEMENT_EXECUTE|[67]
15:14:53.9 (117436672)|HEAP_ALLOCATE|[EXTERNAL]|Bytes:4
15:14:53.9 (117443105)|HEAP_ALLOCATE|[55]|Bytes:5
15:14:53.9 (117448802)|VARIABLE_ASSIGNMENT|[55]|j|null|
15:14:53.9 (117452125)|STATEMENT_EXECUTE|[69]
15:14:53.117 (117504066)|CUMULATIVE_LIMIT_USAGE
15:14:53.117 (117504066)|LIMIT_USAGE_FOR_NS|(default)|
  Number of SOQL queries: 2 out of 100
  Number of query rows: 14 out of 50000
  Number of SOSL queries: 0 out of 20
  Number of DML statements: 0 out of 150
  Number of Publish Immediate DML: 0 out of 150
  Number of DML rows: 0 out of 10000
  Maximum CPU time: 0 out of 10000
  Maximum heap size: 0 out of 6000000
  Number of callouts: 0 out of 100
  Number of Email Invocations: 0 out of 10
  Number of future calls: 0 out of 50
  Number of queueable jobs added to the queue: 0 out of 50
  Number of Mobile Apex push calls: 0 out of 10

15:14:53.117 (117504066)|CUMULATIVE_LIMIT_USAGE_END

15:14:53.9 (117530361)|CODE_UNIT_FINISHED|JobCardsController.getJobs()
15:14:53.9 (117726334)|CODE_UNIT_FINISHED|apex://JobCardsController/ACTION$getJobs
15:14:53.9 (117733921)|EXECUTION_FINISHED
