66.0 APEX_CODE,FINEST;APEX_PROFILING,INFO;CALLOUT,INFO;DATA_ACCESS,INFO;DB,INFO;NBA,INFO;SYSTEM,DEBUG;VALIDATION,INFO;VISUALFORCE,INFO;WAVE,INFO;WORKFLOW,INFO
15:19:29.0 (180819)|USER_INFO|[EXTERNAL]|0057F0000042UBb|ishibashi@hurex.co.jp.dev1|(GMT+09:00) 日本標準時 (Asia/Tokyo)|GMT+09:00
15:19:29.0 (215897)|EXECUTION_STARTED
15:19:29.0 (225419)|CODE_UNIT_STARTED|[EXTERNAL]|apex://JobCardsController/ACTION$getJobs
15:19:29.0 (2590273)|CODE_UNIT_STARTED|[EXTERNAL]|01pBK000001RGBP|JobCardsController.getJobs()
15:19:29.0 (2795423)|HEAP_ALLOCATE|[95]|Bytes:3
15:19:29.0 (2869565)|HEAP_ALLOCATE|[100]|Bytes:152
15:19:29.0 (2882949)|HEAP_ALLOCATE|[417]|Bytes:408
15:19:29.0 (2893999)|HEAP_ALLOCATE|[430]|Bytes:408
15:19:29.0 (2914039)|HEAP_ALLOCATE|[317]|Bytes:6
15:19:29.0 (2966603)|HEAP_ALLOCATE|[EXTERNAL]|Bytes:10
15:19:29.0 (2969631)|HEAP_ALLOCATE|[EXTERNAL]|Bytes:5
15:19:29.0 (2971609)|HEAP_ALLOCATE|[EXTERNAL]|Bytes:3
15:19:29.0 (2982057)|METHOD_ENTRY|[6]|01pBK000001RGBP|JobCardsController.JobCardsController()
15:19:29.0 (2986800)|STATEMENT_EXECUTE|[6]
15:19:29.0 (2990856)|STATEMENT_EXECUTE|[6]
15:19:29.0 (3008964)|HEAP_ALLOCATE|[68]|Bytes:5
15:19:29.0 (3031055)|HEAP_ALLOCATE|[74]|Bytes:5
15:19:29.0 (3036063)|HEAP_ALLOCATE|[82]|Bytes:7
15:19:29.0 (3198085)|HEAP_ALLOCATE|[EXTERNAL]|Bytes:5
15:19:29.0 (3202164)|STATEMENT_EXECUTE|[12]
15:19:29.0 (3208495)|METHOD_EXIT|[6]|JobCardsController
15:19:29.0 (3218780)|HEAP_ALLOCATE|[35]|Bytes:5
15:19:29.0 (3221687)|STATEMENT_EXECUTE|[33]
15:19:29.0 (3222813)|STATEMENT_EXECUTE|[35]
15:19:29.0 (3252782)|HEAP_ALLOCATE|[35]|Bytes:4
15:19:29.0 (3298092)|VARIABLE_SCOPE_BEGIN|[35]|favoriteJobIds|Set<Id>|true|false
15:19:29.0 (3356645)|VARIABLE_ASSIGNMENT|[35]|favoriteJobIds|[]|0x5cd66646
15:19:29.0 (3362479)|HEAP_ALLOCATE|[36]|Bytes:91
15:19:29.0 (3376567)|HEAP_ALLOCATE|[36]|Bytes:4
15:19:29.0 (3382792)|HEAP_ALLOCATE|[36]|Bytes:7
15:19:29.0 (3401120)|HEAP_ALLOCATE|[38]|Bytes:105
15:19:29.0 (3406621)|SYSTEM_METHOD_ENTRY|[1]|UserInfo.UserInfo()
15:19:29.0 (3408500)|STATEMENT_EXECUTE|[1]
15:19:29.0 (3412120)|SYSTEM_METHOD_EXIT|[1]|UserInfo
15:19:29.0 (3420133)|METHOD_ENTRY|[38]||System.UserInfo.getUserId()
15:19:29.0 (5035136)|METHOD_EXIT|[38]||System.UserInfo.getUserId()
15:19:29.0 (5808308)|SOQL_EXECUTE_BEGIN|[36]|Aggregations:0|SELECT Job__c FROM InterestedJob__c WHERE (CreatedById = :tmpVar1 AND IsArchive__c = FALSE)
15:19:29.0 (8493028)|SOQL_EXECUTE_END|[36]|Rows:4
15:19:29.0 (8521348)|HEAP_ALLOCATE|[EXTERNAL]|Bytes:20
15:19:29.0 (8720091)|HEAP_ALLOCATE|[36]|Bytes:54
15:19:29.0 (8728745)|HEAP_ALLOCATE|[36]|Bytes:8
15:19:29.0 (8742492)|SYSTEM_METHOD_ENTRY|[7]|QueryLocatorIterator.QueryLocatorIterator()
15:19:29.0 (8747261)|STATEMENT_EXECUTE|[7]
15:19:29.0 (8756504)|SYSTEM_METHOD_EXIT|[7]|QueryLocatorIterator
15:19:29.0 (8762776)|HEAP_ALLOCATE|[36]|Bytes:28
15:19:29.0 (8828606)|HEAP_ALLOCATE|[36]|Bytes:20
15:19:29.0 (8838030)|HEAP_ALLOCATE|[36]|Bytes:8
15:19:29.0 (8839799)|HEAP_ALLOCATE|[36]|Bytes:8
15:19:29.0 (8844018)|VARIABLE_SCOPE_BEGIN|[15]|this|Database.QueryLocatorIterator|true|false
15:19:29.0 (8880616)|VARIABLE_ASSIGNMENT|[15]|this|{}|0x19e45466
15:19:29.0 (8884231)|VARIABLE_SCOPE_BEGIN|[15]|values|List<SObject>|true|false
15:19:29.0 (8979033)|VARIABLE_ASSIGNMENT|[15]|values|[{"Job__c":"a0KBK00000Gexcs2AB","Id":"a0OBK000004najC2AQ"},{"Job__c":"a0KBK00000Gexdg2AB","Id":"a0OBK000004nbNV2AY"},{"Job__c":"a0KBK00000Gexcu2AB","Id":"a0OBK000004v8wE2AQ"},{"Job__c":"a0KBK00000GezgQ2AR","Id":"a0OBK0000050riz2AA"}]|0x1aee718d
15:19:29.0 (8984754)|VARIABLE_SCOPE_BEGIN|[15]|ql|Database.QueryLocator|true|false
15:19:29.0 (8996785)|VARIABLE_ASSIGNMENT|[15]|ql|{"query":"SELECT Job__c FROM I (71 more) ..."}|0x106cc44e
15:19:29.0 (8999806)|VARIABLE_SCOPE_BEGIN|[15]|totalNumRecords|Integer|false|false
15:19:29.0 (9004853)|VARIABLE_ASSIGNMENT|[15]|totalNumRecords|4
15:19:29.0 (9008034)|VARIABLE_SCOPE_BEGIN|[15]|queryMoreSize|Integer|false|false
15:19:29.0 (9011663)|VARIABLE_ASSIGNMENT|[15]|queryMoreSize|49996
15:19:29.0 (9072450)|HEAP_ALLOCATE|[36]|Bytes:28
15:19:29.0 (9093522)|METHOD_ENTRY|[36]||Database.QueryLocatorIterator.hasNext()
15:19:29.0 (9171419)|METHOD_EXIT|[36]||Database.QueryLocatorIterator.hasNext()
15:19:29.0 (9176524)|METHOD_ENTRY|[36]||Database.QueryLocatorIterator.next()
15:19:29.0 (9221199)|METHOD_EXIT|[36]||Database.QueryLocatorIterator.next()
15:19:29.0 (9226135)|VARIABLE_SCOPE_BEGIN|[36]|fav|InterestedJob__c|true|false
15:19:29.0 (9249287)|VARIABLE_ASSIGNMENT|[36]|fav|{"Job__c":"a0KBK00000Gexcs2AB","Id":"a0OBK000004najC2AQ"}|0x9cd6c78
15:19:29.0 (9253479)|STATEMENT_EXECUTE|[39]
15:19:29.0 (9254588)|STATEMENT_EXECUTE|[40]
15:19:29.0 (9349039)|HEAP_ALLOCATE|[EXTERNAL]|Bytes:4
15:19:29.0 (9356718)|METHOD_ENTRY|[36]||Database.QueryLocatorIterator.hasNext()
15:19:29.0 (9367068)|METHOD_EXIT|[36]||Database.QueryLocatorIterator.hasNext()
15:19:29.0 (9369628)|METHOD_ENTRY|[36]||Database.QueryLocatorIterator.next()
15:19:29.0 (9393346)|METHOD_EXIT|[36]||Database.QueryLocatorIterator.next()
15:19:29.0 (9396129)|VARIABLE_SCOPE_BEGIN|[36]|fav|InterestedJob__c|true|false
15:19:29.0 (9415605)|VARIABLE_ASSIGNMENT|[36]|fav|{"Job__c":"a0KBK00000Gexdg2AB","Id":"a0OBK000004nbNV2AY"}|0x604616d5
15:19:29.0 (9418645)|STATEMENT_EXECUTE|[39]
15:19:29.0 (9419523)|STATEMENT_EXECUTE|[40]
15:19:29.0 (9425776)|HEAP_ALLOCATE|[EXTERNAL]|Bytes:4
15:19:29.0 (9429938)|METHOD_ENTRY|[36]||Database.QueryLocatorIterator.hasNext()
15:19:29.0 (9438159)|METHOD_EXIT|[36]||Database.QueryLocatorIterator.hasNext()
15:19:29.0 (9440437)|METHOD_ENTRY|[36]||Database.QueryLocatorIterator.next()
15:19:29.0 (9460103)|METHOD_EXIT|[36]||Database.QueryLocatorIterator.next()
15:19:29.0 (9462238)|VARIABLE_SCOPE_BEGIN|[36]|fav|InterestedJob__c|true|false
15:19:29.0 (9473743)|VARIABLE_ASSIGNMENT|[36]|fav|{"Job__c":"a0KBK00000Gexcu2AB","Id":"a0OBK000004v8wE2AQ"}|0x167ef027
15:19:29.0 (9476391)|STATEMENT_EXECUTE|[39]
15:19:29.0 (9477260)|STATEMENT_EXECUTE|[40]
15:19:29.0 (9481160)|HEAP_ALLOCATE|[EXTERNAL]|Bytes:4
15:19:29.0 (9484848)|METHOD_ENTRY|[36]||Database.QueryLocatorIterator.hasNext()
15:19:29.0 (9492589)|METHOD_EXIT|[36]||Database.QueryLocatorIterator.hasNext()
15:19:29.0 (9495070)|METHOD_ENTRY|[36]||Database.QueryLocatorIterator.next()
15:19:29.0 (9513718)|METHOD_EXIT|[36]||Database.QueryLocatorIterator.next()
15:19:29.0 (9515897)|VARIABLE_SCOPE_BEGIN|[36]|fav|InterestedJob__c|true|false
15:19:29.0 (9527273)|VARIABLE_ASSIGNMENT|[36]|fav|{"Job__c":"a0KBK00000GezgQ2AR","Id":"a0OBK0000050riz2AA"}|0x2e3e33ed
15:19:29.0 (9529945)|STATEMENT_EXECUTE|[39]
15:19:29.0 (9530749)|STATEMENT_EXECUTE|[40]
15:19:29.0 (9534239)|HEAP_ALLOCATE|[EXTERNAL]|Bytes:4
15:19:29.0 (9538567)|METHOD_ENTRY|[36]||Database.QueryLocatorIterator.hasNext()
15:19:29.0 (9544289)|METHOD_EXIT|[36]||Database.QueryLocatorIterator.hasNext()
15:19:29.0 (9548328)|VARIABLE_ASSIGNMENT|[36]|fav|null|
15:19:29.0 (9564734)|STATEMENT_EXECUTE|[44]
15:19:29.0 (9567088)|HEAP_ALLOCATE|[44]|Bytes:217
15:19:29.0 (9582614)|HEAP_ALLOCATE|[44]|Bytes:4
15:19:29.0 (10191731)|SOQL_EXECUTE_BEGIN|[44]|Aggregations:0|SELECT Id, JobPosition__c, WorkLocation2__c, JobCategory1__c, MaxAnnualSalary__c, MinAnnualSalary__c, JobDescription__c, LastModifiedDate, LastViewedDate FROM Job__c ORDER BY LastModifiedDate DESC NULLS FIRST LIMIT 10
15:19:29.0 (17421012)|SOQL_EXECUTE_END|[44]|Rows:10
15:19:29.0 (17452462)|HEAP_ALLOCATE|[44]|Bytes:44
15:19:29.0 (17479742)|HEAP_ALLOCATE|[44]|Bytes:4083
15:19:29.0 (17566564)|HEAP_ALLOCATE|[44]|Bytes:44
15:19:29.0 (17581438)|VARIABLE_SCOPE_BEGIN|[44]|jobs|List<Job__c>|true|false
15:19:29.0 (17600775)|VARIABLE_ASSIGNMENT|[44]|jobs|"List of size 10 too large to display"|0xcfb1fa6
15:19:29.0 (17605211)|STATEMENT_EXECUTE|[54]
15:19:29.0 (17671356)|HEAP_ALLOCATE|[54]|Bytes:4
15:19:29.0 (17751003)|VARIABLE_SCOPE_BEGIN|[54]|result|List<JobCardsController.JobWrapper>|true|false
15:19:29.0 (17768721)|HEAP_ALLOCATE|[EXTERNAL]|Bytes:4
15:19:29.0 (17775647)|VARIABLE_ASSIGNMENT|[54]|result|[]|0x1fe1278c
15:19:29.0 (17893305)|HEAP_ALLOCATE|[55]|Bytes:5
15:19:29.0 (17909941)|HEAP_ALLOCATE|[55]|Bytes:32
15:19:29.0 (17915701)|VARIABLE_SCOPE_BEGIN|[55]|j|Job__c|true|false
15:19:29.0 (18010246)|VARIABLE_ASSIGNMENT|[55]|j|{"LastModifiedDate":"2026-04-02T02:54:44.000Z","JobPosition__c":"テスト451求人タイトル求人タイトル求人 (235 more) ...","WorkLocation2__c":"444444","LastViewedDate":"2026-03-03T02:49:01.000Z","Id":"a0KBK00000Gexdg2AB","JobDescription__c":"テスト451仕事内容仕事内容仕事内容仕事 (230 more) ...","JobCategory1__c":"経営幹部/企画/マーケティング系"}|0x5d1904fb
15:19:29.0 (18020014)|STATEMENT_EXECUTE|[55]
15:19:29.0 (18021102)|STATEMENT_EXECUTE|[56]
15:19:29.0 (18028844)|HEAP_ALLOCATE|[56]|Bytes:44
15:19:29.0 (18039499)|CONSTRUCTOR_ENTRY|[56]|01pBK000001RGBP|<init>()|JobCardsController.JobWrapper
15:19:29.0 (18052964)|VARIABLE_SCOPE_BEGIN|[12]|this|JobCardsController.JobWrapper|true|false
15:19:29.0 (18085713)|VARIABLE_ASSIGNMENT|[12]|this|{}|0x210ee06d
15:19:29.0 (18102800)|STATEMENT_EXECUTE|[12]
15:19:29.0 (18103891)|STATEMENT_EXECUTE|[13]
15:19:29.0 (18104814)|STATEMENT_EXECUTE|[14]
15:19:29.0 (18105695)|STATEMENT_EXECUTE|[15]
15:19:29.0 (18106464)|STATEMENT_EXECUTE|[16]
15:19:29.0 (18107243)|STATEMENT_EXECUTE|[17]
15:19:29.0 (18108057)|STATEMENT_EXECUTE|[18]
15:19:29.0 (18108950)|STATEMENT_EXECUTE|[19]
15:19:29.0 (18109766)|STATEMENT_EXECUTE|[20]
15:19:29.0 (18110565)|STATEMENT_EXECUTE|[21]
15:19:29.0 (18111450)|STATEMENT_EXECUTE|[22]
15:19:29.0 (18114275)|CONSTRUCTOR_EXIT|[56]|01pBK000001RGBP|<init>()|JobCardsController.JobWrapper
15:19:29.0 (18117773)|VARIABLE_SCOPE_BEGIN|[56]|wrapper|JobCardsController.JobWrapper|true|false
15:19:29.0 (18126085)|VARIABLE_ASSIGNMENT|[56]|wrapper|{}|0x210ee06d
15:19:29.0 (18128760)|STATEMENT_EXECUTE|[57]
15:19:29.0 (18323764)|VARIABLE_ASSIGNMENT|[57]|this.Id|"a0KBK00000Gexdg2AB"|0x210ee06d
15:19:29.0 (18328294)|STATEMENT_EXECUTE|[58]
15:19:29.0 (18346010)|VARIABLE_ASSIGNMENT|[58]|this.JobPosition|"テスト451求人タイトル求人タイトル求人 (235 more) ..."|0x210ee06d
15:19:29.0 (18350105)|STATEMENT_EXECUTE|[59]
15:19:29.0 (18356941)|VARIABLE_ASSIGNMENT|[59]|this.WorkLocation2|"444444"|0x210ee06d
15:19:29.0 (18359443)|STATEMENT_EXECUTE|[60]
15:19:29.0 (18365832)|VARIABLE_ASSIGNMENT|[60]|this.JobCategory1|"経営幹部/企画/マーケティング系"|0x210ee06d
15:19:29.0 (18369114)|STATEMENT_EXECUTE|[61]
15:19:29.0 (18374351)|VARIABLE_ASSIGNMENT|[61]|this.MaxAnnualSalary|null|0x210ee06d
15:19:29.0 (18376879)|STATEMENT_EXECUTE|[62]
15:19:29.0 (18380311)|VARIABLE_ASSIGNMENT|[62]|this.MinAnnualSalary|null|0x210ee06d
15:19:29.0 (18382608)|STATEMENT_EXECUTE|[63]
15:19:29.0 (18389072)|VARIABLE_ASSIGNMENT|[63]|this.JobDescription|"テスト451仕事内容仕事内容仕事内容仕事 (230 more) ..."|0x210ee06d
15:19:29.0 (18392060)|STATEMENT_EXECUTE|[64]
15:19:29.0 (18416685)|VARIABLE_ASSIGNMENT|[64]|this.LastModifiedDate|"2026-04-02T02:54:44.000Z"|0x210ee06d
15:19:29.0 (18419553)|STATEMENT_EXECUTE|[65]
15:19:29.0 (18432020)|VARIABLE_ASSIGNMENT|[65]|this.LastViewedDate|"2026-03-03T02:49:01.000Z"|0x210ee06d
15:19:29.0 (18434839)|STATEMENT_EXECUTE|[66]
15:19:29.0 (18481952)|HEAP_ALLOCATE|[66]|Bytes:5
15:19:29.0 (18487178)|VARIABLE_ASSIGNMENT|[66]|this.IsFavorite|true|0x210ee06d
15:19:29.0 (18489800)|STATEMENT_EXECUTE|[67]
15:19:29.0 (18505605)|HEAP_ALLOCATE|[EXTERNAL]|Bytes:4
15:19:29.0 (18515727)|HEAP_ALLOCATE|[55]|Bytes:5
15:19:29.0 (18524833)|HEAP_ALLOCATE|[55]|Bytes:40
15:19:29.0 (18529379)|VARIABLE_SCOPE_BEGIN|[55]|j|Job__c|true|false
15:19:29.0 (18584597)|VARIABLE_ASSIGNMENT|[55]|j|{"LastModifiedDate":"2026-03-19T02:02:27.000Z","JobPosition__c":"新潟市(新潟) 法人ルート営業・業界シェ (74 more) ...","WorkLocation2__c":"新潟県新潟市（転勤なし／車通勤可）","LastViewedDate":"2026-04-02T04:28:50.000Z","Id":"a0KBK00000GezgQ2AR","MinAnnualSalary__c":350,"JobDescription__c":"自社開発製造の給配水機器とその関連製品の (25 more) ...","JobCategory1__c":"経営幹部/企画/マーケティング系","MaxAnnualSalary__c":550}|0x6aa2a687
15:19:29.0 (18592197)|STATEMENT_EXECUTE|[55]
15:19:29.0 (18593168)|STATEMENT_EXECUTE|[56]
15:19:29.0 (18596285)|HEAP_ALLOCATE|[56]|Bytes:44
15:19:29.0 (18601117)|CONSTRUCTOR_ENTRY|[56]|01pBK000001RGBP|<init>()|JobCardsController.JobWrapper
15:19:29.0 (18605483)|VARIABLE_SCOPE_BEGIN|[12]|this|JobCardsController.JobWrapper|true|false
15:19:29.0 (18621877)|VARIABLE_ASSIGNMENT|[12]|this|{}|0x6b107bd8
15:19:29.0 (18633465)|STATEMENT_EXECUTE|[12]
15:19:29.0 (18634417)|STATEMENT_EXECUTE|[13]
15:19:29.0 (18635248)|STATEMENT_EXECUTE|[14]
15:19:29.0 (18636115)|STATEMENT_EXECUTE|[15]
15:19:29.0 (18636877)|STATEMENT_EXECUTE|[16]
15:19:29.0 (18637633)|STATEMENT_EXECUTE|[17]
15:19:29.0 (18638404)|STATEMENT_EXECUTE|[18]
15:19:29.0 (18639208)|STATEMENT_EXECUTE|[19]
15:19:29.0 (18639987)|STATEMENT_EXECUTE|[20]
15:19:29.0 (18640783)|STATEMENT_EXECUTE|[21]
15:19:29.0 (18641560)|STATEMENT_EXECUTE|[22]
15:19:29.0 (18643783)|CONSTRUCTOR_EXIT|[56]|01pBK000001RGBP|<init>()|JobCardsController.JobWrapper
15:19:29.0 (18647184)|VARIABLE_SCOPE_BEGIN|[56]|wrapper|JobCardsController.JobWrapper|true|false
15:19:29.0 (18654506)|VARIABLE_ASSIGNMENT|[56]|wrapper|{}|0x6b107bd8
15:19:29.0 (18657228)|STATEMENT_EXECUTE|[57]
15:19:29.0 (18704732)|VARIABLE_ASSIGNMENT|[57]|this.Id|"a0KBK00000GezgQ2AR"|0x6b107bd8
15:19:29.0 (18707899)|STATEMENT_EXECUTE|[58]
15:19:29.0 (18712889)|VARIABLE_ASSIGNMENT|[58]|this.JobPosition|"新潟市(新潟) 法人ルート営業・業界シェ (74 more) ..."|0x6b107bd8
15:19:29.0 (18715974)|STATEMENT_EXECUTE|[59]
15:19:29.0 (18719885)|VARIABLE_ASSIGNMENT|[59]|this.WorkLocation2|"新潟県新潟市（転勤なし／車通勤可）"|0x6b107bd8
15:19:29.0 (18722965)|STATEMENT_EXECUTE|[60]
15:19:29.0 (18726216)|VARIABLE_ASSIGNMENT|[60]|this.JobCategory1|"経営幹部/企画/マーケティング系"|0x6b107bd8
15:19:29.0 (18728795)|STATEMENT_EXECUTE|[61]
15:19:29.0 (18758609)|VARIABLE_ASSIGNMENT|[61]|this.MaxAnnualSalary|550|0x6b107bd8
15:19:29.0 (18761334)|STATEMENT_EXECUTE|[62]
15:19:29.0 (18772282)|VARIABLE_ASSIGNMENT|[62]|this.MinAnnualSalary|350|0x6b107bd8
15:19:29.0 (18774599)|STATEMENT_EXECUTE|[63]
15:19:29.0 (18778844)|VARIABLE_ASSIGNMENT|[63]|this.JobDescription|"自社開発製造の給配水機器とその関連製品の (25 more) ..."|0x6b107bd8
15:19:29.0 (18781924)|STATEMENT_EXECUTE|[64]
15:19:29.0 (18790266)|VARIABLE_ASSIGNMENT|[64]|this.LastModifiedDate|"2026-03-19T02:02:27.000Z"|0x6b107bd8
15:19:29.0 (18792914)|STATEMENT_EXECUTE|[65]
15:19:29.0 (18798423)|VARIABLE_ASSIGNMENT|[65]|this.LastViewedDate|"2026-04-02T04:28:50.000Z"|0x6b107bd8
15:19:29.0 (18801203)|STATEMENT_EXECUTE|[66]
15:19:29.0 (18810865)|HEAP_ALLOCATE|[66]|Bytes:5
15:19:29.0 (18814607)|VARIABLE_ASSIGNMENT|[66]|this.IsFavorite|true|0x6b107bd8
15:19:29.0 (18817183)|STATEMENT_EXECUTE|[67]
15:19:29.0 (18821067)|HEAP_ALLOCATE|[EXTERNAL]|Bytes:4
15:19:29.0 (18827902)|HEAP_ALLOCATE|[55]|Bytes:5
15:19:29.0 (18834003)|HEAP_ALLOCATE|[55]|Bytes:40
15:19:29.0 (18837538)|VARIABLE_SCOPE_BEGIN|[55]|j|Job__c|true|false
15:19:29.0 (18876209)|VARIABLE_ASSIGNMENT|[55]|j|{"LastModifiedDate":"2026-03-18T01:52:52.000Z","JobPosition__c":"テスト401求人タイトル求人タイトル求人 (28 more) ...","WorkLocation2__c":"勤務地","LastViewedDate":"2026-03-29T02:44:24.000Z","Id":"a0KBK00000Gexcs2AB","MinAnnualSalary__c":450,"JobDescription__c":"テスト401仕事内容仕事内容仕事内容仕事 (30 more) ...","JobCategory1__c":"専門職系（コンサルタント/金融/不動産）","MaxAnnualSalary__c":600}|0x7fdcc3a3
15:19:29.0 (18883144)|STATEMENT_EXECUTE|[55]
15:19:29.0 (18883984)|STATEMENT_EXECUTE|[56]
15:19:29.0 (18886024)|HEAP_ALLOCATE|[56]|Bytes:44
15:19:29.0 (18889514)|CONSTRUCTOR_ENTRY|[56]|01pBK000001RGBP|<init>()|JobCardsController.JobWrapper
15:19:29.0 (18892779)|VARIABLE_SCOPE_BEGIN|[12]|this|JobCardsController.JobWrapper|true|false
15:19:29.0 (18903201)|VARIABLE_ASSIGNMENT|[12]|this|{}|0x78652fca
15:19:29.0 (18911225)|STATEMENT_EXECUTE|[12]
15:19:29.0 (18912047)|STATEMENT_EXECUTE|[13]
15:19:29.0 (18912847)|STATEMENT_EXECUTE|[14]
15:19:29.0 (18913633)|STATEMENT_EXECUTE|[15]
15:19:29.0 (18914428)|STATEMENT_EXECUTE|[16]
15:19:29.0 (18915219)|STATEMENT_EXECUTE|[17]
15:19:29.0 (18915979)|STATEMENT_EXECUTE|[18]
15:19:29.0 (18916749)|STATEMENT_EXECUTE|[19]
15:19:29.0 (18917503)|STATEMENT_EXECUTE|[20]
15:19:29.0 (18918249)|STATEMENT_EXECUTE|[21]
15:19:29.0 (18919016)|STATEMENT_EXECUTE|[22]
15:19:29.0 (18921161)|CONSTRUCTOR_EXIT|[56]|01pBK000001RGBP|<init>()|JobCardsController.JobWrapper
15:19:29.0 (18924108)|VARIABLE_SCOPE_BEGIN|[56]|wrapper|JobCardsController.JobWrapper|true|false
15:19:29.0 (18930968)|VARIABLE_ASSIGNMENT|[56]|wrapper|{}|0x78652fca
15:19:29.0 (18933455)|STATEMENT_EXECUTE|[57]
15:19:29.0 (18962833)|VARIABLE_ASSIGNMENT|[57]|this.Id|"a0KBK00000Gexcs2AB"|0x78652fca
15:19:29.0 (18965574)|STATEMENT_EXECUTE|[58]
15:19:29.0 (18970210)|VARIABLE_ASSIGNMENT|[58]|this.JobPosition|"テスト401求人タイトル求人タイトル求人 (28 more) ..."|0x78652fca
15:19:29.0 (18973251)|STATEMENT_EXECUTE|[59]
15:19:29.0 (18976584)|VARIABLE_ASSIGNMENT|[59]|this.WorkLocation2|"勤務地"|0x78652fca
15:19:29.0 (18979296)|STATEMENT_EXECUTE|[60]
15:19:29.0 (18982624)|VARIABLE_ASSIGNMENT|[60]|this.JobCategory1|"専門職系（コンサルタント/金融/不動産）"|0x78652fca
15:19:29.0 (18985503)|STATEMENT_EXECUTE|[61]
15:19:29.0 (18989818)|VARIABLE_ASSIGNMENT|[61]|this.MaxAnnualSalary|600|0x78652fca
15:19:29.0 (18992499)|STATEMENT_EXECUTE|[62]
15:19:29.0 (18995753)|VARIABLE_ASSIGNMENT|[62]|this.MinAnnualSalary|450|0x78652fca
15:19:29.0 (18998163)|STATEMENT_EXECUTE|[63]
15:19:29.0 (19001539)|VARIABLE_ASSIGNMENT|[63]|this.JobDescription|"テスト401仕事内容仕事内容仕事内容仕事 (30 more) ..."|0x78652fca
15:19:29.0 (19005237)|STATEMENT_EXECUTE|[64]
15:19:29.0 (19011791)|VARIABLE_ASSIGNMENT|[64]|this.LastModifiedDate|"2026-03-18T01:52:52.000Z"|0x78652fca
15:19:29.0 (19014394)|STATEMENT_EXECUTE|[65]
15:19:29.0 (19019327)|VARIABLE_ASSIGNMENT|[65]|this.LastViewedDate|"2026-03-29T02:44:24.000Z"|0x78652fca
15:19:29.0 (19021697)|STATEMENT_EXECUTE|[66]
15:19:29.0 (19029108)|HEAP_ALLOCATE|[66]|Bytes:5
15:19:29.0 (19032343)|VARIABLE_ASSIGNMENT|[66]|this.IsFavorite|true|0x78652fca
15:19:29.0 (19034718)|STATEMENT_EXECUTE|[67]
15:19:29.0 (19037804)|HEAP_ALLOCATE|[EXTERNAL]|Bytes:4
15:19:29.0 (19043630)|HEAP_ALLOCATE|[55]|Bytes:5
15:19:29.0 (19048772)|HEAP_ALLOCATE|[55]|Bytes:36
15:19:29.0 (19051693)|VARIABLE_SCOPE_BEGIN|[55]|j|Job__c|true|false
15:19:29.0 (19086192)|VARIABLE_ASSIGNMENT|[55]|j|{"LastModifiedDate":"2026-03-12T05:33:30.000Z","JobPosition__c":"テスト424求人タイトル求人タイトル求人 (28 more) ...","LastViewedDate":"2026-03-17T07:21:04.000Z","Id":"a0KBK00000GexdF2AR","MinAnnualSalary__c":250,"JobDescription__c":"テスト424仕事内容仕事内容仕事内容仕事 (30 more) ...","JobCategory1__c":"技術系（電気/電子/機械）","MaxAnnualSalary__c":350}|0x675834fb
15:19:29.0 (19092335)|STATEMENT_EXECUTE|[55]
15:19:29.0 (19093153)|STATEMENT_EXECUTE|[56]
15:19:29.0 (19094880)|HEAP_ALLOCATE|[56]|Bytes:44
15:19:29.0 (19098029)|CONSTRUCTOR_ENTRY|[56]|01pBK000001RGBP|<init>()|JobCardsController.JobWrapper
15:19:29.0 (19100973)|VARIABLE_SCOPE_BEGIN|[12]|this|JobCardsController.JobWrapper|true|false
15:19:29.0 (19110160)|VARIABLE_ASSIGNMENT|[12]|this|{}|0x2e3eb523
15:19:29.0 (19117125)|STATEMENT_EXECUTE|[12]
15:19:29.0 (19117959)|STATEMENT_EXECUTE|[13]
15:19:29.0 (19118760)|STATEMENT_EXECUTE|[14]
15:19:29.0 (19119554)|STATEMENT_EXECUTE|[15]
15:19:29.0 (19120323)|STATEMENT_EXECUTE|[16]
15:19:29.0 (19121110)|STATEMENT_EXECUTE|[17]
15:19:29.0 (19121864)|STATEMENT_EXECUTE|[18]
15:19:29.0 (19122763)|STATEMENT_EXECUTE|[19]
15:19:29.0 (19123724)|STATEMENT_EXECUTE|[20]
15:19:29.0 (19124502)|STATEMENT_EXECUTE|[21]
15:19:29.0 (19125254)|STATEMENT_EXECUTE|[22]
15:19:29.0 (19126863)|CONSTRUCTOR_EXIT|[56]|01pBK000001RGBP|<init>()|JobCardsController.JobWrapper
15:19:29.0 (19129549)|VARIABLE_SCOPE_BEGIN|[56]|wrapper|JobCardsController.JobWrapper|true|false
15:19:29.0 (19136346)|VARIABLE_ASSIGNMENT|[56]|wrapper|{}|0x2e3eb523
15:19:29.0 (19138836)|STATEMENT_EXECUTE|[57]
15:19:29.0 (19162909)|VARIABLE_ASSIGNMENT|[57]|this.Id|"a0KBK00000GexdF2AR"|0x2e3eb523
15:19:29.0 (19165623)|STATEMENT_EXECUTE|[58]
15:19:29.0 (19169932)|VARIABLE_ASSIGNMENT|[58]|this.JobPosition|"テスト424求人タイトル求人タイトル求人 (28 more) ..."|0x2e3eb523
15:19:29.0 (19172883)|STATEMENT_EXECUTE|[59]
15:19:29.0 (19176117)|VARIABLE_ASSIGNMENT|[59]|this.WorkLocation2|null|0x2e3eb523
15:19:29.0 (19178478)|STATEMENT_EXECUTE|[60]
15:19:29.0 (19181751)|VARIABLE_ASSIGNMENT|[60]|this.JobCategory1|"技術系（電気/電子/機械）"|0x2e3eb523
15:19:29.0 (19184736)|STATEMENT_EXECUTE|[61]
15:19:29.0 (19188988)|VARIABLE_ASSIGNMENT|[61]|this.MaxAnnualSalary|350|0x2e3eb523
15:19:29.0 (19191364)|STATEMENT_EXECUTE|[62]
15:19:29.0 (19194579)|VARIABLE_ASSIGNMENT|[62]|this.MinAnnualSalary|250|0x2e3eb523
15:19:29.0 (19197142)|STATEMENT_EXECUTE|[63]
15:19:29.0 (19200627)|VARIABLE_ASSIGNMENT|[63]|this.JobDescription|"テスト424仕事内容仕事内容仕事内容仕事 (30 more) ..."|0x2e3eb523
15:19:29.0 (19203297)|STATEMENT_EXECUTE|[64]
15:19:29.0 (19209369)|VARIABLE_ASSIGNMENT|[64]|this.LastModifiedDate|"2026-03-12T05:33:30.000Z"|0x2e3eb523
15:19:29.0 (19211724)|STATEMENT_EXECUTE|[65]
15:19:29.0 (19216495)|VARIABLE_ASSIGNMENT|[65]|this.LastViewedDate|"2026-03-17T07:21:04.000Z"|0x2e3eb523
15:19:29.0 (19218824)|STATEMENT_EXECUTE|[66]
15:19:29.0 (19225177)|HEAP_ALLOCATE|[66]|Bytes:5
15:19:29.0 (19228451)|VARIABLE_ASSIGNMENT|[66]|this.IsFavorite|false|0x2e3eb523
15:19:29.0 (19292264)|STATEMENT_EXECUTE|[67]
15:19:29.0 (19296243)|HEAP_ALLOCATE|[EXTERNAL]|Bytes:4
15:19:29.0 (19302652)|HEAP_ALLOCATE|[55]|Bytes:5
15:19:29.0 (19307576)|HEAP_ALLOCATE|[55]|Bytes:36
15:19:29.0 (19310401)|VARIABLE_SCOPE_BEGIN|[55]|j|Job__c|true|false
15:19:29.0 (19343749)|VARIABLE_ASSIGNMENT|[55]|j|{"LastModifiedDate":"2026-03-09T05:51:50.000Z","JobPosition__c":"テスト403求人タイトル求人タイトル求人 (28 more) ...","LastViewedDate":"2026-03-18T09:45:24.000Z","Id":"a0KBK00000Gexcu2AB","MinAnnualSalary__c":900,"JobDescription__c":"テスト403仕事内容仕事内容仕事内容仕事 (30 more) ...","JobCategory1__c":"営業系","MaxAnnualSalary__c":600}|0x72f3da37
15:19:29.0 (19350057)|STATEMENT_EXECUTE|[55]
15:19:29.0 (19350886)|STATEMENT_EXECUTE|[56]
15:19:29.0 (19352544)|HEAP_ALLOCATE|[56]|Bytes:44
15:19:29.0 (19355454)|CONSTRUCTOR_ENTRY|[56]|01pBK000001RGBP|<init>()|JobCardsController.JobWrapper
15:19:29.0 (19358689)|VARIABLE_SCOPE_BEGIN|[12]|this|JobCardsController.JobWrapper|true|false
15:19:29.0 (19367509)|VARIABLE_ASSIGNMENT|[12]|this|{}|0x32135725
15:19:29.0 (19374258)|STATEMENT_EXECUTE|[12]
15:19:29.0 (19375127)|STATEMENT_EXECUTE|[13]
15:19:29.0 (19375954)|STATEMENT_EXECUTE|[14]
15:19:29.0 (19376751)|STATEMENT_EXECUTE|[15]
15:19:29.0 (19377623)|STATEMENT_EXECUTE|[16]
15:19:29.0 (19378408)|STATEMENT_EXECUTE|[17]
15:19:29.0 (19379164)|STATEMENT_EXECUTE|[18]
15:19:29.0 (19379938)|STATEMENT_EXECUTE|[19]
15:19:29.0 (19380683)|STATEMENT_EXECUTE|[20]
15:19:29.0 (19381448)|STATEMENT_EXECUTE|[21]
15:19:29.0 (19382212)|STATEMENT_EXECUTE|[22]
15:19:29.0 (19384031)|CONSTRUCTOR_EXIT|[56]|01pBK000001RGBP|<init>()|JobCardsController.JobWrapper
15:19:29.0 (19386966)|VARIABLE_SCOPE_BEGIN|[56]|wrapper|JobCardsController.JobWrapper|true|false
15:19:29.0 (19393716)|VARIABLE_ASSIGNMENT|[56]|wrapper|{}|0x32135725
15:19:29.0 (19396071)|STATEMENT_EXECUTE|[57]
15:19:29.0 (19420451)|VARIABLE_ASSIGNMENT|[57]|this.Id|"a0KBK00000Gexcu2AB"|0x32135725
15:19:29.0 (19423250)|STATEMENT_EXECUTE|[58]
15:19:29.0 (19427448)|VARIABLE_ASSIGNMENT|[58]|this.JobPosition|"テスト403求人タイトル求人タイトル求人 (28 more) ..."|0x32135725
15:19:29.0 (19430275)|STATEMENT_EXECUTE|[59]
15:19:29.0 (19432926)|VARIABLE_ASSIGNMENT|[59]|this.WorkLocation2|null|0x32135725
15:19:29.0 (19435280)|STATEMENT_EXECUTE|[60]
15:19:29.0 (19438155)|VARIABLE_ASSIGNMENT|[60]|this.JobCategory1|"営業系"|0x32135725
15:19:29.0 (19440996)|STATEMENT_EXECUTE|[61]
15:19:29.0 (19445093)|VARIABLE_ASSIGNMENT|[61]|this.MaxAnnualSalary|600|0x32135725
15:19:29.0 (19447345)|STATEMENT_EXECUTE|[62]
15:19:29.0 (19450572)|VARIABLE_ASSIGNMENT|[62]|this.MinAnnualSalary|900|0x32135725
15:19:29.0 (19452855)|STATEMENT_EXECUTE|[63]
15:19:29.0 (19456200)|VARIABLE_ASSIGNMENT|[63]|this.JobDescription|"テスト403仕事内容仕事内容仕事内容仕事 (30 more) ..."|0x32135725
15:19:29.0 (19458939)|STATEMENT_EXECUTE|[64]
15:19:29.0 (19465796)|VARIABLE_ASSIGNMENT|[64]|this.LastModifiedDate|"2026-03-09T05:51:50.000Z"|0x32135725
15:19:29.0 (19468140)|STATEMENT_EXECUTE|[65]
15:19:29.0 (19472758)|VARIABLE_ASSIGNMENT|[65]|this.LastViewedDate|"2026-03-18T09:45:24.000Z"|0x32135725
15:19:29.0 (19475261)|STATEMENT_EXECUTE|[66]
15:19:29.0 (19481873)|HEAP_ALLOCATE|[66]|Bytes:5
15:19:29.0 (19484968)|VARIABLE_ASSIGNMENT|[66]|this.IsFavorite|true|0x32135725
15:19:29.0 (19487292)|STATEMENT_EXECUTE|[67]
15:19:29.0 (19490129)|HEAP_ALLOCATE|[EXTERNAL]|Bytes:4
15:19:29.0 (19495723)|HEAP_ALLOCATE|[55]|Bytes:5
15:19:29.0 (19500067)|HEAP_ALLOCATE|[55]|Bytes:36
15:19:29.0 (19502784)|VARIABLE_SCOPE_BEGIN|[55]|j|Job__c|true|false
15:19:29.0 (19532346)|VARIABLE_ASSIGNMENT|[55]|j|{"LastModifiedDate":"2026-03-09T05:51:49.000Z","JobPosition__c":"テスト402求人タイトル求人タイトル求人 (28 more) ...","LastViewedDate":"2026-03-18T09:45:33.000Z","Id":"a0KBK00000Gexct2AB","MinAnnualSalary__c":500,"JobDescription__c":"テスト402仕事内容仕事内容仕事内容仕事 (30 more) ...","JobCategory1__c":"営業系","MaxAnnualSalary__c":400}|0xd9acc70
15:19:29.0 (19538422)|STATEMENT_EXECUTE|[55]
15:19:29.0 (19539232)|STATEMENT_EXECUTE|[56]
15:19:29.0 (19540870)|HEAP_ALLOCATE|[56]|Bytes:44
15:19:29.0 (19543630)|CONSTRUCTOR_ENTRY|[56]|01pBK000001RGBP|<init>()|JobCardsController.JobWrapper
15:19:29.0 (19546697)|VARIABLE_SCOPE_BEGIN|[12]|this|JobCardsController.JobWrapper|true|false
15:19:29.0 (19555149)|VARIABLE_ASSIGNMENT|[12]|this|{}|0x5ab52404
15:19:29.0 (19561802)|STATEMENT_EXECUTE|[12]
15:19:29.0 (19562667)|STATEMENT_EXECUTE|[13]
15:19:29.0 (19563739)|STATEMENT_EXECUTE|[14]
15:19:29.0 (19564617)|STATEMENT_EXECUTE|[15]
15:19:29.0 (19565400)|STATEMENT_EXECUTE|[16]
15:19:29.0 (19566185)|STATEMENT_EXECUTE|[17]
15:19:29.0 (19566954)|STATEMENT_EXECUTE|[18]
15:19:29.0 (19567729)|STATEMENT_EXECUTE|[19]
15:19:29.0 (19568509)|STATEMENT_EXECUTE|[20]
15:19:29.0 (19569272)|STATEMENT_EXECUTE|[21]
15:19:29.0 (19570034)|STATEMENT_EXECUTE|[22]
15:19:29.0 (19571524)|CONSTRUCTOR_EXIT|[56]|01pBK000001RGBP|<init>()|JobCardsController.JobWrapper
15:19:29.0 (19574288)|VARIABLE_SCOPE_BEGIN|[56]|wrapper|JobCardsController.JobWrapper|true|false
15:19:29.0 (19580588)|VARIABLE_ASSIGNMENT|[56]|wrapper|{}|0x5ab52404
15:19:29.0 (19583284)|STATEMENT_EXECUTE|[57]
15:19:29.0 (19605812)|VARIABLE_ASSIGNMENT|[57]|this.Id|"a0KBK00000Gexct2AB"|0x5ab52404
15:19:29.0 (19608378)|STATEMENT_EXECUTE|[58]
15:19:29.0 (19612662)|VARIABLE_ASSIGNMENT|[58]|this.JobPosition|"テスト402求人タイトル求人タイトル求人 (28 more) ..."|0x5ab52404
15:19:29.0 (19615519)|STATEMENT_EXECUTE|[59]
15:19:29.0 (19618148)|VARIABLE_ASSIGNMENT|[59]|this.WorkLocation2|null|0x5ab52404
15:19:29.0 (19620527)|STATEMENT_EXECUTE|[60]
15:19:29.0 (19623343)|VARIABLE_ASSIGNMENT|[60]|this.JobCategory1|"営業系"|0x5ab52404
15:19:29.0 (19625870)|STATEMENT_EXECUTE|[61]
15:19:29.0 (19630050)|VARIABLE_ASSIGNMENT|[61]|this.MaxAnnualSalary|400|0x5ab52404
15:19:29.0 (19632328)|STATEMENT_EXECUTE|[62]
15:19:29.0 (19635518)|VARIABLE_ASSIGNMENT|[62]|this.MinAnnualSalary|500|0x5ab52404
15:19:29.0 (19637776)|STATEMENT_EXECUTE|[63]
15:19:29.0 (19641091)|VARIABLE_ASSIGNMENT|[63]|this.JobDescription|"テスト402仕事内容仕事内容仕事内容仕事 (30 more) ..."|0x5ab52404
15:19:29.0 (19643798)|STATEMENT_EXECUTE|[64]
15:19:29.0 (19649868)|VARIABLE_ASSIGNMENT|[64]|this.LastModifiedDate|"2026-03-09T05:51:49.000Z"|0x5ab52404
15:19:29.0 (19652321)|STATEMENT_EXECUTE|[65]
15:19:29.0 (19656900)|VARIABLE_ASSIGNMENT|[65]|this.LastViewedDate|"2026-03-18T09:45:33.000Z"|0x5ab52404
15:19:29.0 (19659161)|STATEMENT_EXECUTE|[66]
15:19:29.0 (19665072)|HEAP_ALLOCATE|[66]|Bytes:5
15:19:29.0 (19668116)|VARIABLE_ASSIGNMENT|[66]|this.IsFavorite|false|0x5ab52404
15:19:29.0 (19670650)|STATEMENT_EXECUTE|[67]
15:19:29.0 (19673531)|HEAP_ALLOCATE|[EXTERNAL]|Bytes:4
15:19:29.0 (19679005)|HEAP_ALLOCATE|[55]|Bytes:5
15:19:29.0 (19683107)|HEAP_ALLOCATE|[55]|Bytes:40
15:19:29.0 (19685820)|VARIABLE_SCOPE_BEGIN|[55]|j|Job__c|true|false
15:19:29.0 (19719071)|VARIABLE_ASSIGNMENT|[55]|j|{"LastModifiedDate":"2026-03-06T01:15:09.000Z","JobPosition__c":"千代田区(東京) 設備積算・大手サブコン (18 more) ...","WorkLocation2__c":"東京都千代田区","LastViewedDate":"2026-03-17T05:57:19.000Z","Id":"a0KBK00000GezgH2AR","MinAnnualSalary__c":400,"JobDescription__c":"事務所ビルや商業施設、工場など、多様な建 (105 more) ...","JobCategory1__c":"営業系","MaxAnnualSalary__c":650}|0x1442d7bb
15:19:29.0 (19725203)|STATEMENT_EXECUTE|[55]
15:19:29.0 (19726003)|STATEMENT_EXECUTE|[56]
15:19:29.0 (19727522)|HEAP_ALLOCATE|[56]|Bytes:44
15:19:29.0 (19730318)|CONSTRUCTOR_ENTRY|[56]|01pBK000001RGBP|<init>()|JobCardsController.JobWrapper
15:19:29.0 (19733267)|VARIABLE_SCOPE_BEGIN|[12]|this|JobCardsController.JobWrapper|true|false
15:19:29.0 (19741738)|VARIABLE_ASSIGNMENT|[12]|this|{}|0xb7f4be7
15:19:29.0 (19748487)|STATEMENT_EXECUTE|[12]
15:19:29.0 (19749358)|STATEMENT_EXECUTE|[13]
15:19:29.0 (19750201)|STATEMENT_EXECUTE|[14]
15:19:29.0 (19750983)|STATEMENT_EXECUTE|[15]
15:19:29.0 (19751762)|STATEMENT_EXECUTE|[16]
15:19:29.0 (19752576)|STATEMENT_EXECUTE|[17]
15:19:29.0 (19753368)|STATEMENT_EXECUTE|[18]
15:19:29.0 (19754126)|STATEMENT_EXECUTE|[19]
15:19:29.0 (19754897)|STATEMENT_EXECUTE|[20]
15:19:29.0 (19755643)|STATEMENT_EXECUTE|[21]
15:19:29.0 (19756395)|STATEMENT_EXECUTE|[22]
15:19:29.0 (19757781)|CONSTRUCTOR_EXIT|[56]|01pBK000001RGBP|<init>()|JobCardsController.JobWrapper
15:19:29.0 (19760703)|VARIABLE_SCOPE_BEGIN|[56]|wrapper|JobCardsController.JobWrapper|true|false
15:19:29.0 (19767193)|VARIABLE_ASSIGNMENT|[56]|wrapper|{}|0xb7f4be7
15:19:29.0 (19769845)|STATEMENT_EXECUTE|[57]
15:19:29.0 (19791097)|VARIABLE_ASSIGNMENT|[57]|this.Id|"a0KBK00000GezgH2AR"|0xb7f4be7
15:19:29.0 (19793817)|STATEMENT_EXECUTE|[58]
15:19:29.0 (19798641)|VARIABLE_ASSIGNMENT|[58]|this.JobPosition|"千代田区(東京) 設備積算・大手サブコン (18 more) ..."|0xb7f4be7
15:19:29.0 (19801718)|STATEMENT_EXECUTE|[59]
15:19:29.0 (19805073)|VARIABLE_ASSIGNMENT|[59]|this.WorkLocation2|"東京都千代田区"|0xb7f4be7
15:19:29.0 (19807626)|STATEMENT_EXECUTE|[60]
15:19:29.0 (19810271)|VARIABLE_ASSIGNMENT|[60]|this.JobCategory1|"営業系"|0xb7f4be7
15:19:29.0 (19812850)|STATEMENT_EXECUTE|[61]
15:19:29.0 (19816613)|VARIABLE_ASSIGNMENT|[61]|this.MaxAnnualSalary|650|0xb7f4be7
15:19:29.0 (19818945)|STATEMENT_EXECUTE|[62]
15:19:29.0 (19822131)|VARIABLE_ASSIGNMENT|[62]|this.MinAnnualSalary|400|0xb7f4be7
15:19:29.0 (19824344)|STATEMENT_EXECUTE|[63]
15:19:29.0 (19827822)|VARIABLE_ASSIGNMENT|[63]|this.JobDescription|"事務所ビルや商業施設、工場など、多様な建 (105 more) ..."|0xb7f4be7
15:19:29.0 (19830652)|STATEMENT_EXECUTE|[64]
15:19:29.0 (19837062)|VARIABLE_ASSIGNMENT|[64]|this.LastModifiedDate|"2026-03-06T01:15:09.000Z"|0xb7f4be7
15:19:29.0 (19839518)|STATEMENT_EXECUTE|[65]
15:19:29.0 (19844179)|VARIABLE_ASSIGNMENT|[65]|this.LastViewedDate|"2026-03-17T05:57:19.000Z"|0xb7f4be7
15:19:29.0 (19846642)|STATEMENT_EXECUTE|[66]
15:19:29.0 (19852818)|HEAP_ALLOCATE|[66]|Bytes:5
15:19:29.0 (19856066)|VARIABLE_ASSIGNMENT|[66]|this.IsFavorite|false|0xb7f4be7
15:19:29.0 (19858410)|STATEMENT_EXECUTE|[67]
15:19:29.0 (19861222)|HEAP_ALLOCATE|[EXTERNAL]|Bytes:4
15:19:29.0 (19866808)|HEAP_ALLOCATE|[55]|Bytes:5
15:19:29.0 (19870738)|HEAP_ALLOCATE|[55]|Bytes:36
15:19:29.0 (19873618)|VARIABLE_SCOPE_BEGIN|[55]|j|Job__c|true|false
15:19:29.0 (19904243)|VARIABLE_ASSIGNMENT|[55]|j|{"LastModifiedDate":"2026-02-06T01:25:17.000Z","JobPosition__c":"テスト467求人タイトル求人タイトル求人 (28 more) ...","LastViewedDate":"2026-03-03T09:55:23.000Z","Id":"a0KBK00000Gexdw2AB","MinAnnualSalary__c":216,"JobDescription__c":"テスト467仕事内容仕事内容仕事内容仕事 (30 more) ...","JobCategory1__c":"管理部門/事務系","MaxAnnualSalary__c":0}|0x321bc624
15:19:29.0 (19910091)|STATEMENT_EXECUTE|[55]
15:19:29.0 (19910913)|STATEMENT_EXECUTE|[56]
15:19:29.0 (19912845)|HEAP_ALLOCATE|[56]|Bytes:44
15:19:29.0 (19915538)|CONSTRUCTOR_ENTRY|[56]|01pBK000001RGBP|<init>()|JobCardsController.JobWrapper
15:19:29.0 (19918452)|VARIABLE_SCOPE_BEGIN|[12]|this|JobCardsController.JobWrapper|true|false
15:19:29.0 (19927059)|VARIABLE_ASSIGNMENT|[12]|this|{}|0x50b36006
15:19:29.0 (19933912)|STATEMENT_EXECUTE|[12]
15:19:29.0 (19934761)|STATEMENT_EXECUTE|[13]
15:19:29.0 (19935616)|STATEMENT_EXECUTE|[14]
15:19:29.0 (19936393)|STATEMENT_EXECUTE|[15]
15:19:29.0 (19937178)|STATEMENT_EXECUTE|[16]
15:19:29.0 (19937966)|STATEMENT_EXECUTE|[17]
15:19:29.0 (19938742)|STATEMENT_EXECUTE|[18]
15:19:29.0 (19939497)|STATEMENT_EXECUTE|[19]
15:19:29.0 (19940270)|STATEMENT_EXECUTE|[20]
15:19:29.0 (19941045)|STATEMENT_EXECUTE|[21]
15:19:29.0 (19941798)|STATEMENT_EXECUTE|[22]
15:19:29.0 (19943135)|CONSTRUCTOR_EXIT|[56]|01pBK000001RGBP|<init>()|JobCardsController.JobWrapper
15:19:29.0 (19945863)|VARIABLE_SCOPE_BEGIN|[56]|wrapper|JobCardsController.JobWrapper|true|false
15:19:29.0 (19952343)|VARIABLE_ASSIGNMENT|[56]|wrapper|{}|0x50b36006
15:19:29.0 (19954749)|STATEMENT_EXECUTE|[57]
15:19:29.0 (19975644)|VARIABLE_ASSIGNMENT|[57]|this.Id|"a0KBK00000Gexdw2AB"|0x50b36006
15:19:29.0 (19978243)|STATEMENT_EXECUTE|[58]
15:19:29.0 (19982761)|VARIABLE_ASSIGNMENT|[58]|this.JobPosition|"テスト467求人タイトル求人タイトル求人 (28 more) ..."|0x50b36006
15:19:29.0 (19985837)|STATEMENT_EXECUTE|[59]
15:19:29.0 (19988525)|VARIABLE_ASSIGNMENT|[59]|this.WorkLocation2|null|0x50b36006
15:19:29.0 (19990797)|STATEMENT_EXECUTE|[60]
15:19:29.0 (19993804)|VARIABLE_ASSIGNMENT|[60]|this.JobCategory1|"管理部門/事務系"|0x50b36006
15:19:29.0 (19996428)|STATEMENT_EXECUTE|[61]
15:19:29.0 (20013633)|HEAP_ALLOCATE|[61]|Bytes:28
15:19:29.0 (20018832)|VARIABLE_ASSIGNMENT|[61]|this.MaxAnnualSalary|0|0x50b36006
15:19:29.0 (20021316)|STATEMENT_EXECUTE|[62]
15:19:29.0 (20024831)|VARIABLE_ASSIGNMENT|[62]|this.MinAnnualSalary|216|0x50b36006
15:19:29.0 (20027071)|STATEMENT_EXECUTE|[63]
15:19:29.0 (20030509)|VARIABLE_ASSIGNMENT|[63]|this.JobDescription|"テスト467仕事内容仕事内容仕事内容仕事 (30 more) ..."|0x50b36006
15:19:29.0 (20033273)|STATEMENT_EXECUTE|[64]
15:19:29.0 (20039606)|VARIABLE_ASSIGNMENT|[64]|this.LastModifiedDate|"2026-02-06T01:25:17.000Z"|0x50b36006
15:19:29.0 (20042065)|STATEMENT_EXECUTE|[65]
15:19:29.0 (20046929)|VARIABLE_ASSIGNMENT|[65]|this.LastViewedDate|"2026-03-03T09:55:23.000Z"|0x50b36006
15:19:29.0 (20049193)|STATEMENT_EXECUTE|[66]
15:19:29.0 (20055837)|HEAP_ALLOCATE|[66]|Bytes:5
15:19:29.0 (20058823)|VARIABLE_ASSIGNMENT|[66]|this.IsFavorite|false|0x50b36006
15:19:29.0 (20061205)|STATEMENT_EXECUTE|[67]
15:19:29.0 (20064098)|HEAP_ALLOCATE|[EXTERNAL]|Bytes:4
15:19:29.0 (20069713)|HEAP_ALLOCATE|[55]|Bytes:5
15:19:29.0 (20073736)|HEAP_ALLOCATE|[55]|Bytes:36
15:19:29.0 (20076480)|VARIABLE_SCOPE_BEGIN|[55]|j|Job__c|true|false
15:19:29.0 (20106768)|VARIABLE_ASSIGNMENT|[55]|j|{"LastModifiedDate":"2026-02-05T00:50:25.000Z","JobPosition__c":"テスト297求人タイトル求人タイトル求人 (28 more) ...","LastViewedDate":"2026-03-28T05:28:09.000Z","Id":"a0KBK00000Gezpx2AB","MinAnnualSalary__c":350,"JobDescription__c":"テスト297仕事内容仕事内容仕事内容仕事 (30 more) ...","JobCategory1__c":"IT系（ソフトウェア/ネットワーク）","MaxAnnualSalary__c":600}|0x5e559032
15:19:29.0 (20112960)|STATEMENT_EXECUTE|[55]
15:19:29.0 (20114008)|STATEMENT_EXECUTE|[56]
15:19:29.0 (20115641)|HEAP_ALLOCATE|[56]|Bytes:44
15:19:29.0 (20118267)|CONSTRUCTOR_ENTRY|[56]|01pBK000001RGBP|<init>()|JobCardsController.JobWrapper
15:19:29.0 (20121497)|VARIABLE_SCOPE_BEGIN|[12]|this|JobCardsController.JobWrapper|true|false
15:19:29.0 (20129883)|VARIABLE_ASSIGNMENT|[12]|this|{}|0x78b1af4a
15:19:29.0 (20136576)|STATEMENT_EXECUTE|[12]
15:19:29.0 (20137411)|STATEMENT_EXECUTE|[13]
15:19:29.0 (20138217)|STATEMENT_EXECUTE|[14]
15:19:29.0 (20139019)|STATEMENT_EXECUTE|[15]
15:19:29.0 (20139802)|STATEMENT_EXECUTE|[16]
15:19:29.0 (20140589)|STATEMENT_EXECUTE|[17]
15:19:29.0 (20141402)|STATEMENT_EXECUTE|[18]
15:19:29.0 (20142163)|STATEMENT_EXECUTE|[19]
15:19:29.0 (20142912)|STATEMENT_EXECUTE|[20]
15:19:29.0 (20143684)|STATEMENT_EXECUTE|[21]
15:19:29.0 (20144472)|STATEMENT_EXECUTE|[22]
15:19:29.0 (20145917)|CONSTRUCTOR_EXIT|[56]|01pBK000001RGBP|<init>()|JobCardsController.JobWrapper
15:19:29.0 (20148761)|VARIABLE_SCOPE_BEGIN|[56]|wrapper|JobCardsController.JobWrapper|true|false
15:19:29.0 (20155047)|VARIABLE_ASSIGNMENT|[56]|wrapper|{}|0x78b1af4a
15:19:29.0 (20157460)|STATEMENT_EXECUTE|[57]
15:19:29.0 (20178816)|VARIABLE_ASSIGNMENT|[57]|this.Id|"a0KBK00000Gezpx2AB"|0x78b1af4a
15:19:29.0 (20181551)|STATEMENT_EXECUTE|[58]
15:19:29.0 (20185632)|VARIABLE_ASSIGNMENT|[58]|this.JobPosition|"テスト297求人タイトル求人タイトル求人 (28 more) ..."|0x78b1af4a
15:19:29.0 (20188696)|STATEMENT_EXECUTE|[59]
15:19:29.0 (20191448)|VARIABLE_ASSIGNMENT|[59]|this.WorkLocation2|null|0x78b1af4a
15:19:29.0 (20193754)|STATEMENT_EXECUTE|[60]
15:19:29.0 (20196979)|VARIABLE_ASSIGNMENT|[60]|this.JobCategory1|"IT系（ソフトウェア/ネットワーク）"|0x78b1af4a
15:19:29.0 (20200212)|STATEMENT_EXECUTE|[61]
15:19:29.0 (20206097)|VARIABLE_ASSIGNMENT|[61]|this.MaxAnnualSalary|600|0x78b1af4a
15:19:29.0 (20209450)|STATEMENT_EXECUTE|[62]
15:19:29.0 (20214245)|VARIABLE_ASSIGNMENT|[62]|this.MinAnnualSalary|350|0x78b1af4a
15:19:29.0 (20217528)|STATEMENT_EXECUTE|[63]
15:19:29.0 (20223106)|VARIABLE_ASSIGNMENT|[63]|this.JobDescription|"テスト297仕事内容仕事内容仕事内容仕事 (30 more) ..."|0x78b1af4a
15:19:29.0 (20227430)|STATEMENT_EXECUTE|[64]
15:19:29.0 (20236399)|VARIABLE_ASSIGNMENT|[64]|this.LastModifiedDate|"2026-02-05T00:50:25.000Z"|0x78b1af4a
15:19:29.0 (20239998)|STATEMENT_EXECUTE|[65]
15:19:29.0 (20246912)|VARIABLE_ASSIGNMENT|[65]|this.LastViewedDate|"2026-03-28T05:28:09.000Z"|0x78b1af4a
15:19:29.0 (20250936)|STATEMENT_EXECUTE|[66]
15:19:29.0 (20260951)|HEAP_ALLOCATE|[66]|Bytes:5
15:19:29.0 (20265962)|VARIABLE_ASSIGNMENT|[66]|this.IsFavorite|false|0x78b1af4a
15:19:29.0 (20269521)|STATEMENT_EXECUTE|[67]
15:19:29.0 (20273876)|HEAP_ALLOCATE|[EXTERNAL]|Bytes:4
15:19:29.0 (20282890)|HEAP_ALLOCATE|[55]|Bytes:5
15:19:29.0 (20290370)|HEAP_ALLOCATE|[55]|Bytes:36
15:19:29.0 (20295286)|VARIABLE_SCOPE_BEGIN|[55]|j|Job__c|true|false
15:19:29.0 (20348538)|VARIABLE_ASSIGNMENT|[55]|j|{"LastModifiedDate":"2026-02-05T00:49:22.000Z","JobPosition__c":"テスト407求人タイトル求人タイトル求人 (28 more) ...","LastViewedDate":"2026-03-18T09:45:42.000Z","Id":"a0KBK00000Gexcy2AB","MinAnnualSalary__c":350,"JobDescription__c":"テスト407仕事内容仕事内容仕事内容仕事 (30 more) ...","JobCategory1__c":"営業系","MaxAnnualSalary__c":450}|0x5773ec4
15:19:29.0 (20357334)|STATEMENT_EXECUTE|[55]
15:19:29.0 (20358495)|STATEMENT_EXECUTE|[56]
15:19:29.0 (20361266)|HEAP_ALLOCATE|[56]|Bytes:44
15:19:29.0 (20366525)|CONSTRUCTOR_ENTRY|[56]|01pBK000001RGBP|<init>()|JobCardsController.JobWrapper
15:19:29.0 (20371511)|VARIABLE_SCOPE_BEGIN|[12]|this|JobCardsController.JobWrapper|true|false
15:19:29.0 (20383959)|VARIABLE_ASSIGNMENT|[12]|this|{}|0xbd7315c
15:19:29.0 (20392296)|STATEMENT_EXECUTE|[12]
15:19:29.0 (20393175)|STATEMENT_EXECUTE|[13]
15:19:29.0 (20393966)|STATEMENT_EXECUTE|[14]
15:19:29.0 (20394773)|STATEMENT_EXECUTE|[15]
15:19:29.0 (20395546)|STATEMENT_EXECUTE|[16]
15:19:29.0 (20396355)|STATEMENT_EXECUTE|[17]
15:19:29.0 (20397130)|STATEMENT_EXECUTE|[18]
15:19:29.0 (20397900)|STATEMENT_EXECUTE|[19]
15:19:29.0 (20398656)|STATEMENT_EXECUTE|[20]
15:19:29.0 (20399401)|STATEMENT_EXECUTE|[21]
15:19:29.0 (20400152)|STATEMENT_EXECUTE|[22]
15:19:29.0 (20401910)|CONSTRUCTOR_EXIT|[56]|01pBK000001RGBP|<init>()|JobCardsController.JobWrapper
15:19:29.0 (20405040)|VARIABLE_SCOPE_BEGIN|[56]|wrapper|JobCardsController.JobWrapper|true|false
15:19:29.0 (20411983)|VARIABLE_ASSIGNMENT|[56]|wrapper|{}|0xbd7315c
15:19:29.0 (20414491)|STATEMENT_EXECUTE|[57]
15:19:29.0 (20447225)|VARIABLE_ASSIGNMENT|[57]|this.Id|"a0KBK00000Gexcy2AB"|0xbd7315c
15:19:29.0 (20450151)|STATEMENT_EXECUTE|[58]
15:19:29.0 (20454389)|VARIABLE_ASSIGNMENT|[58]|this.JobPosition|"テスト407求人タイトル求人タイトル求人 (28 more) ..."|0xbd7315c
15:19:29.0 (20457325)|STATEMENT_EXECUTE|[59]
15:19:29.0 (20460160)|VARIABLE_ASSIGNMENT|[59]|this.WorkLocation2|null|0xbd7315c
15:19:29.0 (20462467)|STATEMENT_EXECUTE|[60]
15:19:29.0 (20465294)|VARIABLE_ASSIGNMENT|[60]|this.JobCategory1|"営業系"|0xbd7315c
15:19:29.0 (20467842)|STATEMENT_EXECUTE|[61]
15:19:29.0 (20472422)|VARIABLE_ASSIGNMENT|[61]|this.MaxAnnualSalary|450|0xbd7315c
15:19:29.0 (20474854)|STATEMENT_EXECUTE|[62]
15:19:29.0 (20478040)|VARIABLE_ASSIGNMENT|[62]|this.MinAnnualSalary|350|0xbd7315c
15:19:29.0 (20480730)|STATEMENT_EXECUTE|[63]
15:19:29.0 (20484171)|VARIABLE_ASSIGNMENT|[63]|this.JobDescription|"テスト407仕事内容仕事内容仕事内容仕事 (30 more) ..."|0xbd7315c
15:19:29.0 (20487065)|STATEMENT_EXECUTE|[64]
15:19:29.0 (20494260)|VARIABLE_ASSIGNMENT|[64]|this.LastModifiedDate|"2026-02-05T00:49:22.000Z"|0xbd7315c
15:19:29.0 (20496737)|STATEMENT_EXECUTE|[65]
15:19:29.0 (20501644)|VARIABLE_ASSIGNMENT|[65]|this.LastViewedDate|"2026-03-18T09:45:42.000Z"|0xbd7315c
15:19:29.0 (20504049)|STATEMENT_EXECUTE|[66]
15:19:29.0 (20510627)|HEAP_ALLOCATE|[66]|Bytes:5
15:19:29.0 (20514357)|VARIABLE_ASSIGNMENT|[66]|this.IsFavorite|false|0xbd7315c
15:19:29.0 (20516711)|STATEMENT_EXECUTE|[67]
15:19:29.0 (20520107)|HEAP_ALLOCATE|[EXTERNAL]|Bytes:4
15:19:29.0 (20526201)|HEAP_ALLOCATE|[55]|Bytes:5
15:19:29.0 (20531572)|VARIABLE_ASSIGNMENT|[55]|j|null|
15:19:29.0 (20534798)|STATEMENT_EXECUTE|[69]
15:19:29.20 (20587414)|CUMULATIVE_LIMIT_USAGE
15:19:29.20 (20587414)|LIMIT_USAGE_FOR_NS|(default)|
  Number of SOQL queries: 2 out of 100
  Number of query rows: 14 out of 50000
  Number of SOSL queries: 0 out of 20
  Number of DML statements: 0 out of 150
  Number of Publish Immediate DML: 0 out of 150
  Number of DML rows: 0 out of 10000
  Maximum CPU time: 0 out of 10000
  Maximum heap size: 0 out of 6000000
  Number of callouts: 0 out of 100
  Number of Email Invocations: 0 out of 10
  Number of future calls: 0 out of 50
  Number of queueable jobs added to the queue: 0 out of 50
  Number of Mobile Apex push calls: 0 out of 10

15:19:29.20 (20587414)|CUMULATIVE_LIMIT_USAGE_END

15:19:29.0 (20611449)|CODE_UNIT_FINISHED|JobCardsController.getJobs()
15:19:29.0 (20794069)|CODE_UNIT_FINISHED|apex://JobCardsController/ACTION$getJobs
15:19:29.0 (20800785)|EXECUTION_FINISHED
