66.0 APEX_CODE,FINEST;APEX_PROFILING,INFO;CALLOUT,INFO;DATA_ACCESS,INFO;DB,INFO;NBA,INFO;SYSTEM,DEBUG;VALIDATION,INFO;VISUALFORCE,INFO;WAVE,INFO;WORKFLOW,INFO
18:48:47.0 (182740)|USER_INFO|[EXTERNAL]|0057F0000042UBb|ishibashi@hurex.co.jp.dev1|(GMT+09:00) 日本標準時 (Asia/Tokyo)|GMT+09:00
18:48:47.0 (211988)|EXECUTION_STARTED
18:48:47.0 (220673)|CODE_UNIT_STARTED|[EXTERNAL]|apex://OfferComponentController/ACTION$getOffers
18:48:47.0 (1770765)|CODE_UNIT_STARTED|[EXTERNAL]|01pBK000001Vpwv|OfferComponentController.getOffers()
18:48:47.0 (2038749)|HEAP_ALLOCATE|[95]|Bytes:3
18:48:47.0 (2135199)|HEAP_ALLOCATE|[100]|Bytes:152
18:48:47.0 (2149808)|HEAP_ALLOCATE|[417]|Bytes:408
18:48:47.0 (2160423)|HEAP_ALLOCATE|[430]|Bytes:408
18:48:47.0 (2180226)|HEAP_ALLOCATE|[317]|Bytes:6
18:48:47.0 (2190413)|HEAP_ALLOCATE|[EXTERNAL]|Bytes:2
18:48:47.0 (2210312)|METHOD_ENTRY|[5]|01pBK000001Vpwv|OfferComponentController.OfferComponentController()
18:48:47.0 (2219731)|STATEMENT_EXECUTE|[5]
18:48:47.0 (2227197)|STATEMENT_EXECUTE|[5]
18:48:47.0 (2246409)|HEAP_ALLOCATE|[68]|Bytes:5
18:48:47.0 (2280553)|HEAP_ALLOCATE|[74]|Bytes:5
18:48:47.0 (2285405)|HEAP_ALLOCATE|[82]|Bytes:7
18:48:47.0 (2438846)|HEAP_ALLOCATE|[EXTERNAL]|Bytes:5
18:48:47.0 (2457728)|METHOD_EXIT|[5]|OfferComponentController
18:48:47.0 (2469822)|HEAP_ALLOCATE|[18]|Bytes:5
18:48:47.0 (2472557)|STATEMENT_EXECUTE|[16]
18:48:47.0 (2473495)|STATEMENT_EXECUTE|[18]
18:48:47.0 (2475756)|HEAP_ALLOCATE|[18]|Bytes:78
18:48:47.0 (2489318)|HEAP_ALLOCATE|[18]|Bytes:4
18:48:47.0 (16182601)|SOQL_EXECUTE_BEGIN|[18]|Aggregations:0|SELECT COUNT() FROM SelectionProcess__c WHERE LatestProcessStatus__c = 'JOB打診'
18:48:47.0 (65361906)|SOQL_EXECUTE_END|[18]|Rows:2
18:48:47.0 (65425697)|HEAP_ALLOCATE|[18]|Bytes:4
18:48:47.0 (65483922)|VARIABLE_SCOPE_BEGIN|[18]|totalCount|Integer|false|false
18:48:47.0 (65493653)|HEAP_ALLOCATE|[18]|Bytes:4
18:48:47.0 (65531977)|VARIABLE_ASSIGNMENT|[18]|totalCount|2
18:48:47.0 (65539823)|STATEMENT_EXECUTE|[22]
18:48:47.0 (65547151)|HEAP_ALLOCATE|[22]|Bytes:360
18:48:47.0 (65574644)|HEAP_ALLOCATE|[22]|Bytes:4
18:48:47.0 (94390332)|SOQL_EXECUTE_BEGIN|[22]|Aggregations:0|SELECT Id, JobPosition__c, LatestProcessStatus__c, LastModifiedDate, JobPosition__r.Id, JobPosition__r.Company__r.Name, JobPosition__r.JobPosition__c, JobPosition__r.WorkLocation2__c, JobPosition__r.JobCategory1__c, JobPosition__r.LastViewedDate FROM SelectionProcess__c WHERE LatestProcessStatus__c = 'JOB打診' ORDER BY LastModifiedDate DESC NULLS FIRST LIMIT 2
18:48:47.0 (137582185)|SOQL_EXECUTE_END|[22]|Rows:2
18:48:47.0 (137626696)|HEAP_ALLOCATE|[22]|Bytes:12
18:48:47.0 (137657998)|HEAP_ALLOCATE|[22]|Bytes:884
18:48:47.0 (137843620)|HEAP_ALLOCATE|[22]|Bytes:12
18:48:47.0 (137866650)|VARIABLE_SCOPE_BEGIN|[22]|processes|List<SelectionProcess__c>|true|false
18:48:47.0 (138212634)|VARIABLE_ASSIGNMENT|[22]|processes|[{"JobPosition__c":"a0KBK00000GezgQ2AR","LastModifiedDate":"2026-03-25T09:40:48.000Z","JobPosition__r":{"JobPosition__c":"新潟市(新潟) 法人ルート営業・業界シェ (74 more) ...","WorkLocation2__c":"新潟県新潟市（転勤なし／車通勤可）","LastViewedDate":"2026-04-03T08:24:43.000Z","Id":"a0KBK00000GezgQ2AR","Company__c":"001BK00000b1JOJYA2","Company__r":{"Name":"(demo)株式会社エンミッシュ","Id":"001BK00000b1JOJYA2"},"JobCategory1__c":"経営幹部/企画/マーケティング系"},"Id":"a0LBK000006mpG52AI","LatestProcessStatus__c":"JOB打診"},{"JobPosition__c":"a0KBK00000Gexcs2AB","LastModifiedDate":"2026-03-02T05:52:31.000Z","JobPosition__r":{"JobPosition__c":"テスト401求人タイトル求人タイトル求人 (28 more) ...","WorkLocation2__c":"勤務地","LastViewedDate":"2026-04-02T11:19:39.000Z","Id":"a0KBK00000Gexcs2AB","Company__c":"001BK00000cc2ZEYAY","Company__r":{"Name":"テスト 廣川111 名11111","Id":"001BK00000cc2ZEYAY"},"JobCategory1__c":"専門職系（コンサルタント/金融/不動産）"},"Id":"a0LBK000005sEhR2AU","LatestProcessStatus__c":"JOB打診"}]|0x64a8380e
18:48:47.0 (138233326)|STATEMENT_EXECUTE|[41]
18:48:47.0 (138249869)|HEAP_ALLOCATE|[41]|Bytes:4
18:48:47.0 (138295877)|VARIABLE_SCOPE_BEGIN|[41]|jobInfos|List<Map<String,ANY>>|true|false
18:48:47.0 (138321033)|HEAP_ALLOCATE|[EXTERNAL]|Bytes:4
18:48:47.0 (138327582)|VARIABLE_ASSIGNMENT|[41]|jobInfos|[]|0x4958a8ba
18:48:47.0 (138506379)|HEAP_ALLOCATE|[44]|Bytes:5
18:48:47.0 (138528925)|HEAP_ALLOCATE|[44]|Bytes:24
18:48:47.0 (138535021)|VARIABLE_SCOPE_BEGIN|[44]|process|SelectionProcess__c|true|false
18:48:47.0 (138606002)|VARIABLE_ASSIGNMENT|[44]|process|{"JobPosition__c":"a0KBK00000GezgQ2AR","LastModifiedDate":"2026-03-25T09:40:48.000Z","JobPosition__r":{"JobPosition__c":"新潟市(新潟) 法人ルート営業・業界シェ (74 more) ...","WorkLocation2__c":"新潟県新潟市（転勤なし／車通勤可）","LastViewedDate":"2026-04-03T08:24:43.000Z","Id":"a0KBK00000GezgQ2AR","Company__c":"001BK00000b1JOJYA2","Company__r":{"Name":"(demo)株式会社エンミッシュ","Id":"001BK00000b1JOJYA2"},"JobCategory1__c":"経営幹部/企画/マーケティング系"},"Id":"a0LBK000006mpG52AI","LatestProcessStatus__c":"JOB打診"}|0x36d7b572
18:48:47.0 (138615716)|STATEMENT_EXECUTE|[44]
18:48:47.0 (138616844)|STATEMENT_EXECUTE|[45]
18:48:47.0 (138623996)|HEAP_ALLOCATE|[45]|Bytes:4
18:48:47.0 (138629822)|VARIABLE_SCOPE_BEGIN|[45]|jobInfo|Map<String,ANY>|true|false
18:48:47.0 (138644572)|VARIABLE_ASSIGNMENT|[45]|jobInfo|{}|0x456295d7
18:48:47.0 (138647202)|STATEMENT_EXECUTE|[46]
18:48:47.0 (138650783)|HEAP_ALLOCATE|[46]|Bytes:5
18:48:47.0 (138707455)|HEAP_ALLOCATE|[EXTERNAL]|Bytes:-4
18:48:47.0 (138711662)|STATEMENT_EXECUTE|[48]
18:48:47.0 (138713437)|HEAP_ALLOCATE|[48]|Bytes:10
18:48:47.0 (138734297)|HEAP_ALLOCATE|[48]|Bytes:14
18:48:47.0 (138778591)|HEAP_ALLOCATE|[48]|Bytes:15
18:48:47.0 (138785775)|HEAP_ALLOCATE|[EXTERNAL]|Bytes:-4
18:48:47.0 (138788742)|STATEMENT_EXECUTE|[50]
18:48:47.0 (138790090)|HEAP_ALLOCATE|[50]|Bytes:11
18:48:47.0 (138831486)|HEAP_ALLOCATE|[EXTERNAL]|Bytes:-4
18:48:47.0 (138834704)|STATEMENT_EXECUTE|[52]
18:48:47.0 (138836062)|HEAP_ALLOCATE|[52]|Bytes:13
18:48:47.0 (138851147)|HEAP_ALLOCATE|[EXTERNAL]|Bytes:-4
18:48:47.0 (138854053)|STATEMENT_EXECUTE|[54]
18:48:47.0 (138855302)|HEAP_ALLOCATE|[54]|Bytes:12
18:48:47.0 (138868333)|HEAP_ALLOCATE|[EXTERNAL]|Bytes:-4
18:48:47.0 (138871145)|STATEMENT_EXECUTE|[56]
18:48:47.0 (138872452)|HEAP_ALLOCATE|[56]|Bytes:11
18:48:47.0 (138920629)|HEAP_ALLOCATE|[EXTERNAL]|Bytes:-4
18:48:47.0 (138923813)|STATEMENT_EXECUTE|[58]
18:48:47.0 (138925436)|HEAP_ALLOCATE|[58]|Bytes:14
18:48:47.0 (138944837)|HEAP_ALLOCATE|[EXTERNAL]|Bytes:-4
18:48:47.0 (138948052)|STATEMENT_EXECUTE|[59]
18:48:47.0 (138960279)|HEAP_ALLOCATE|[EXTERNAL]|Bytes:4
18:48:47.0 (138969431)|HEAP_ALLOCATE|[44]|Bytes:5
18:48:47.0 (138975716)|HEAP_ALLOCATE|[44]|Bytes:24
18:48:47.0 (138979554)|VARIABLE_SCOPE_BEGIN|[44]|process|SelectionProcess__c|true|false
18:48:47.0 (139036546)|VARIABLE_ASSIGNMENT|[44]|process|{"JobPosition__c":"a0KBK00000Gexcs2AB","LastModifiedDate":"2026-03-02T05:52:31.000Z","JobPosition__r":{"JobPosition__c":"テスト401求人タイトル求人タイトル求人 (28 more) ...","WorkLocation2__c":"勤務地","LastViewedDate":"2026-04-02T11:19:39.000Z","Id":"a0KBK00000Gexcs2AB","Company__c":"001BK00000cc2ZEYAY","Company__r":{"Name":"テスト 廣川111 名11111","Id":"001BK00000cc2ZEYAY"},"JobCategory1__c":"専門職系（コンサルタント/金融/不動産）"},"Id":"a0LBK000005sEhR2AU","LatestProcessStatus__c":"JOB打診"}|0x17bf59ca
18:48:47.0 (139045493)|STATEMENT_EXECUTE|[44]
18:48:47.0 (139046484)|STATEMENT_EXECUTE|[45]
18:48:47.0 (139051466)|HEAP_ALLOCATE|[45]|Bytes:4
18:48:47.0 (139054902)|VARIABLE_SCOPE_BEGIN|[45]|jobInfo|Map<String,ANY>|true|false
18:48:47.0 (139061798)|VARIABLE_ASSIGNMENT|[45]|jobInfo|{}|0x2ca84314
18:48:47.0 (139064230)|STATEMENT_EXECUTE|[46]
18:48:47.0 (139070219)|HEAP_ALLOCATE|[EXTERNAL]|Bytes:-4
18:48:47.0 (139072951)|STATEMENT_EXECUTE|[48]
18:48:47.0 (139084031)|HEAP_ALLOCATE|[48]|Bytes:14
18:48:47.0 (139091790)|HEAP_ALLOCATE|[EXTERNAL]|Bytes:-4
18:48:47.0 (139094325)|STATEMENT_EXECUTE|[50]
18:48:47.0 (139099150)|HEAP_ALLOCATE|[EXTERNAL]|Bytes:-4
18:48:47.0 (139101601)|STATEMENT_EXECUTE|[52]
18:48:47.0 (139105639)|HEAP_ALLOCATE|[EXTERNAL]|Bytes:-4
18:48:47.0 (139108018)|STATEMENT_EXECUTE|[54]
18:48:47.0 (139111788)|HEAP_ALLOCATE|[EXTERNAL]|Bytes:-4
18:48:47.0 (139114094)|STATEMENT_EXECUTE|[56]
18:48:47.0 (139118838)|HEAP_ALLOCATE|[EXTERNAL]|Bytes:-4
18:48:47.0 (139121185)|STATEMENT_EXECUTE|[58]
18:48:47.0 (139126746)|HEAP_ALLOCATE|[EXTERNAL]|Bytes:-4
18:48:47.0 (139129108)|STATEMENT_EXECUTE|[59]
18:48:47.0 (139132012)|HEAP_ALLOCATE|[EXTERNAL]|Bytes:4
18:48:47.0 (139137470)|HEAP_ALLOCATE|[44]|Bytes:5
18:48:47.0 (139144174)|VARIABLE_ASSIGNMENT|[44]|process|null|
18:48:47.0 (139147737)|STATEMENT_EXECUTE|[63]
18:48:47.0 (139150746)|HEAP_ALLOCATE|[63]|Bytes:4
18:48:47.0 (139153935)|VARIABLE_SCOPE_BEGIN|[63]|result|Map<String,ANY>|true|false
18:48:47.0 (139159416)|VARIABLE_ASSIGNMENT|[63]|result|{}|0x51593178
18:48:47.0 (139161895)|STATEMENT_EXECUTE|[64]
18:48:47.0 (139163180)|HEAP_ALLOCATE|[64]|Bytes:8
18:48:47.0 (139175251)|HEAP_ALLOCATE|[EXTERNAL]|Bytes:-4
18:48:47.0 (139178132)|STATEMENT_EXECUTE|[65]
18:48:47.0 (139179560)|HEAP_ALLOCATE|[65]|Bytes:10
18:48:47.0 (139187224)|HEAP_ALLOCATE|[65]|Bytes:4
18:48:47.0 (139206011)|HEAP_ALLOCATE|[EXTERNAL]|Bytes:-4
18:48:47.0 (139208711)|STATEMENT_EXECUTE|[66]
18:48:47.139 (139263687)|CUMULATIVE_LIMIT_USAGE
18:48:47.139 (139263687)|LIMIT_USAGE_FOR_NS|(default)|
  Number of SOQL queries: 2 out of 100
  Number of query rows: 3 out of 50000
  Number of SOSL queries: 0 out of 20
  Number of DML statements: 0 out of 0
  Number of Publish Immediate DML: 0 out of 150
  Number of DML rows: 0 out of 10000
  Maximum CPU time: 0 out of 10000
  Maximum heap size: 0 out of 6000000
  Number of callouts: 0 out of 100
  Number of Email Invocations: 0 out of 10
  Number of future calls: 0 out of 50
  Number of queueable jobs added to the queue: 0 out of 50
  Number of Mobile Apex push calls: 0 out of 10

18:48:47.139 (139263687)|CUMULATIVE_LIMIT_USAGE_END

18:48:47.0 (139290409)|CODE_UNIT_FINISHED|OfferComponentController.getOffers()
18:48:47.0 (139454861)|CODE_UNIT_FINISHED|apex://OfferComponentController/ACTION$getOffers
18:48:47.0 (139459260)|EXECUTION_FINISHED
