66.0 APEX_CODE,FINEST;APEX_PROFILING,INFO;CALLOUT,INFO;DATA_ACCESS,INFO;DB,INFO;NBA,INFO;SYSTEM,DEBUG;VALIDATION,INFO;VISUALFORCE,INFO;WAVE,INFO;WORKFLOW,INFO
18:53:45.1 (1533858)|USER_INFO|[EXTERNAL]|0057F0000042UBb|ishibashi@hurex.co.jp.dev1|(GMT+09:00) 日本標準時 (Asia/Tokyo)|GMT+09:00
18:53:45.1 (1567258)|EXECUTION_STARTED
18:53:45.1 (1576282)|CODE_UNIT_STARTED|[EXTERNAL]|apex://RegistrationInfoController/ACTION$getPrefecturePicklistValues
18:53:45.1 (3263309)|CODE_UNIT_STARTED|[EXTERNAL]|01pBK000001mgyr|RegistrationInfoController.getPrefecturePicklistValues()
18:53:45.1 (7456202)|HEAP_ALLOCATE|[95]|Bytes:3
18:53:45.1 (7550392)|HEAP_ALLOCATE|[100]|Bytes:152
18:53:45.1 (7564733)|HEAP_ALLOCATE|[417]|Bytes:408
18:53:45.1 (7575124)|HEAP_ALLOCATE|[430]|Bytes:408
18:53:45.1 (7593820)|HEAP_ALLOCATE|[317]|Bytes:6
18:53:45.1 (7604889)|HEAP_ALLOCATE|[EXTERNAL]|Bytes:23
18:53:45.1 (7609517)|HEAP_ALLOCATE|[EXTERNAL]|Bytes:37
18:53:45.1 (7611964)|HEAP_ALLOCATE|[EXTERNAL]|Bytes:7
18:53:45.1 (7625282)|METHOD_ENTRY|[5]|01pBK000001mgyr|RegistrationInfoController.RegistrationInfoController()
18:53:45.1 (7633215)|STATEMENT_EXECUTE|[5]
18:53:45.1 (7638859)|STATEMENT_EXECUTE|[5]
18:53:45.1 (7662435)|HEAP_ALLOCATE|[68]|Bytes:5
18:53:45.1 (7686395)|HEAP_ALLOCATE|[74]|Bytes:5
18:53:45.1 (7690928)|HEAP_ALLOCATE|[82]|Bytes:7
18:53:45.1 (7844485)|HEAP_ALLOCATE|[EXTERNAL]|Bytes:5
18:53:45.1 (7848131)|STATEMENT_EXECUTE|[8]
18:53:45.1 (7857023)|METHOD_EXIT|[5]|RegistrationInfoController
18:53:45.1 (7869754)|HEAP_ALLOCATE|[113]|Bytes:5
18:53:45.1 (7872295)|STATEMENT_EXECUTE|[111]
18:53:45.1 (7873343)|STATEMENT_EXECUTE|[113]
18:53:45.1 (7875126)|HEAP_ALLOCATE|[113]|Bytes:7
18:53:45.1 (7877196)|HEAP_ALLOCATE|[113]|Bytes:7
18:53:45.1 (15465966)|HEAP_ALLOCATE|[113]|Bytes:7
18:53:45.1 (15523874)|METHOD_ENTRY|[113]|01pBK000001mgyr|RegistrationInfoController.getPicklistValuesWithEmpty(Schema.SObjectField, String)
18:53:45.1 (15562975)|VARIABLE_SCOPE_BEGIN|[129]|field|Schema.SObjectField|true|false
18:53:45.1 (15774354)|VARIABLE_ASSIGNMENT|[129]|field|"common.apex.runtime.impl.ApexFieldToken@124e03c7"|0x124e03c7
18:53:45.1 (15786059)|VARIABLE_SCOPE_BEGIN|[129]|emptyLabel|String|false|false
18:53:45.1 (15797343)|VARIABLE_ASSIGNMENT|[129]|emptyLabel|"都道府県を選択"
18:53:45.1 (15821055)|HEAP_ALLOCATE|[130]|Bytes:5
18:53:45.1 (15830114)|STATEMENT_EXECUTE|[129]
18:53:45.1 (15831861)|STATEMENT_EXECUTE|[130]
18:53:45.1 (15856178)|HEAP_ALLOCATE|[130]|Bytes:4
18:53:45.1 (15899069)|VARIABLE_SCOPE_BEGIN|[130]|options|List<Map<String,String>>|true|false
18:53:45.1 (15939309)|HEAP_ALLOCATE|[EXTERNAL]|Bytes:4
18:53:45.1 (15949884)|VARIABLE_ASSIGNMENT|[130]|options|[]|0x566e1060
18:53:45.1 (15952911)|STATEMENT_EXECUTE|[131]
18:53:45.1 (15963021)|HEAP_ALLOCATE|[131]|Bytes:4
18:53:45.1 (15969890)|VARIABLE_SCOPE_BEGIN|[131]|emptyOption|Map<String,String>|true|false
18:53:45.1 (15981944)|VARIABLE_ASSIGNMENT|[131]|emptyOption|{}|0x2d2f13a7
18:53:45.1 (15984806)|STATEMENT_EXECUTE|[132]
18:53:45.1 (15987496)|HEAP_ALLOCATE|[132]|Bytes:5
18:53:45.1 (16028116)|HEAP_ALLOCATE|[EXTERNAL]|Bytes:-4
18:53:45.1 (16035607)|STATEMENT_EXECUTE|[133]
18:53:45.1 (16036956)|HEAP_ALLOCATE|[133]|Bytes:5
18:53:45.1 (16045851)|HEAP_ALLOCATE|[EXTERNAL]|Bytes:-4
18:53:45.1 (16048857)|STATEMENT_EXECUTE|[134]
18:53:45.1 (16060393)|HEAP_ALLOCATE|[EXTERNAL]|Bytes:4
18:53:45.1 (16063794)|STATEMENT_EXECUTE|[136]
18:53:45.1 (16064669)|STATEMENT_EXECUTE|[136]
18:53:45.1 (16065574)|STATEMENT_EXECUTE|[137]
18:53:45.1 (16129396)|SYSTEM_MODE_ENTER|true
18:53:45.1 (32895268)|HEAP_ALLOCATE|[EXTERNAL]|Bytes:4
18:53:45.1 (33007600)|HEAP_ALLOCATE|[137]|Bytes:8
18:53:45.1 (33036291)|VARIABLE_SCOPE_BEGIN|[137]|fieldResult|Schema.DescribeFieldResult|true|false
18:53:45.1 (34115812)|VARIABLE_ASSIGNMENT|[137]|fieldResult|"common.api.soap.wsdl.Field@c7096f92"|0x18fc2785
18:53:45.1 (34178054)|HEAP_ALLOCATE|[EXTERNAL]|Bytes:192
18:53:45.1 (34253397)|HEAP_ALLOCATE|[138]|Bytes:192
18:53:45.1 (34468585)|HEAP_ALLOCATE|[138]|Bytes:5
18:53:45.1 (34488247)|HEAP_ALLOCATE|[138]|Bytes:4
18:53:45.1 (34496101)|VARIABLE_SCOPE_BEGIN|[138]|entry|Schema.PicklistEntry|true|false
18:53:45.1 (34516717)|VARIABLE_ASSIGNMENT|[138]|entry|北海道|0x4d13efd4
18:53:45.1 (34524062)|STATEMENT_EXECUTE|[138]
18:53:45.1 (34525752)|STATEMENT_EXECUTE|[139]
18:53:45.1 (34539787)|HEAP_ALLOCATE|[139]|Bytes:4
18:53:45.1 (34548932)|VARIABLE_SCOPE_BEGIN|[139]|option|Map<String,String>|true|false
18:53:45.1 (34563542)|VARIABLE_ASSIGNMENT|[139]|option|{}|0x3f8eac1
18:53:45.1 (34566499)|STATEMENT_EXECUTE|[140]
18:53:45.1 (34581322)|HEAP_ALLOCATE|[140]|Bytes:3
18:53:45.1 (34615586)|HEAP_ALLOCATE|[EXTERNAL]|Bytes:-4
18:53:45.1 (34619468)|STATEMENT_EXECUTE|[141]
18:53:45.1 (34624867)|HEAP_ALLOCATE|[141]|Bytes:3
18:53:45.1 (34633555)|HEAP_ALLOCATE|[EXTERNAL]|Bytes:-4
18:53:45.1 (34636729)|STATEMENT_EXECUTE|[142]
18:53:45.1 (34648671)|HEAP_ALLOCATE|[EXTERNAL]|Bytes:4
18:53:45.1 (34655928)|HEAP_ALLOCATE|[138]|Bytes:5
18:53:45.1 (34661389)|HEAP_ALLOCATE|[138]|Bytes:4
18:53:45.1 (34664323)|VARIABLE_SCOPE_BEGIN|[138]|entry|Schema.PicklistEntry|true|false
18:53:45.1 (34669974)|VARIABLE_ASSIGNMENT|[138]|entry|青森県|0x1e8ec5ff
18:53:45.1 (34673117)|STATEMENT_EXECUTE|[138]
18:53:45.1 (34673915)|STATEMENT_EXECUTE|[139]
18:53:45.1 (34676995)|HEAP_ALLOCATE|[139]|Bytes:4
18:53:45.1 (34679602)|VARIABLE_SCOPE_BEGIN|[139]|option|Map<String,String>|true|false
18:53:45.1 (34684737)|VARIABLE_ASSIGNMENT|[139]|option|{}|0x3468d5bf
18:53:45.1 (34687229)|STATEMENT_EXECUTE|[140]
18:53:45.1 (34689602)|HEAP_ALLOCATE|[140]|Bytes:3
18:53:45.1 (34693212)|HEAP_ALLOCATE|[EXTERNAL]|Bytes:-4
18:53:45.1 (34695847)|STATEMENT_EXECUTE|[141]
18:53:45.1 (34697747)|HEAP_ALLOCATE|[141]|Bytes:3
18:53:45.1 (34700811)|HEAP_ALLOCATE|[EXTERNAL]|Bytes:-4
18:53:45.1 (34703186)|STATEMENT_EXECUTE|[142]
18:53:45.1 (34705552)|HEAP_ALLOCATE|[EXTERNAL]|Bytes:4
18:53:45.1 (34710300)|HEAP_ALLOCATE|[138]|Bytes:5
18:53:45.1 (34714247)|HEAP_ALLOCATE|[138]|Bytes:4
18:53:45.1 (34716464)|VARIABLE_SCOPE_BEGIN|[138]|entry|Schema.PicklistEntry|true|false
18:53:45.1 (34721427)|VARIABLE_ASSIGNMENT|[138]|entry|岩手県|0x66d7e1a9
18:53:45.1 (34724028)|STATEMENT_EXECUTE|[138]
18:53:45.1 (34724801)|STATEMENT_EXECUTE|[139]
18:53:45.1 (34727054)|HEAP_ALLOCATE|[139]|Bytes:4
18:53:45.1 (34729275)|VARIABLE_SCOPE_BEGIN|[139]|option|Map<String,String>|true|false
18:53:45.1 (34733402)|VARIABLE_ASSIGNMENT|[139]|option|{}|0x22bda150
18:53:45.1 (34735844)|STATEMENT_EXECUTE|[140]
18:53:45.1 (34737730)|HEAP_ALLOCATE|[140]|Bytes:3
18:53:45.1 (34740769)|HEAP_ALLOCATE|[EXTERNAL]|Bytes:-4
18:53:45.1 (34743340)|STATEMENT_EXECUTE|[141]
18:53:45.1 (34745139)|HEAP_ALLOCATE|[141]|Bytes:3
18:53:45.1 (34748054)|HEAP_ALLOCATE|[EXTERNAL]|Bytes:-4
18:53:45.1 (34750521)|STATEMENT_EXECUTE|[142]
18:53:45.1 (34752656)|HEAP_ALLOCATE|[EXTERNAL]|Bytes:4
18:53:45.1 (34757014)|HEAP_ALLOCATE|[138]|Bytes:5
18:53:45.1 (34760801)|HEAP_ALLOCATE|[138]|Bytes:4
18:53:45.1 (34762913)|VARIABLE_SCOPE_BEGIN|[138]|entry|Schema.PicklistEntry|true|false
18:53:45.1 (34767624)|VARIABLE_ASSIGNMENT|[138]|entry|宮城県|0x4af429c5
18:53:45.1 (34770277)|STATEMENT_EXECUTE|[138]
18:53:45.1 (34771027)|STATEMENT_EXECUTE|[139]
18:53:45.1 (34773100)|HEAP_ALLOCATE|[139]|Bytes:4
18:53:45.1 (34775209)|VARIABLE_SCOPE_BEGIN|[139]|option|Map<String,String>|true|false
18:53:45.1 (34779570)|VARIABLE_ASSIGNMENT|[139]|option|{}|0x38c3c809
18:53:45.1 (34781872)|STATEMENT_EXECUTE|[140]
18:53:45.1 (34783780)|HEAP_ALLOCATE|[140]|Bytes:3
18:53:45.1 (34786797)|HEAP_ALLOCATE|[EXTERNAL]|Bytes:-4
18:53:45.1 (34789314)|STATEMENT_EXECUTE|[141]
18:53:45.1 (34790937)|HEAP_ALLOCATE|[141]|Bytes:3
18:53:45.1 (34793687)|HEAP_ALLOCATE|[EXTERNAL]|Bytes:-4
18:53:45.1 (34796084)|STATEMENT_EXECUTE|[142]
18:53:45.1 (34798130)|HEAP_ALLOCATE|[EXTERNAL]|Bytes:4
18:53:45.1 (34802517)|HEAP_ALLOCATE|[138]|Bytes:5
18:53:45.1 (34806254)|HEAP_ALLOCATE|[138]|Bytes:4
18:53:45.1 (34808432)|VARIABLE_SCOPE_BEGIN|[138]|entry|Schema.PicklistEntry|true|false
18:53:45.1 (34812825)|VARIABLE_ASSIGNMENT|[138]|entry|秋田県|0x61c0ac11
18:53:45.1 (34815612)|STATEMENT_EXECUTE|[138]
18:53:45.1 (34816392)|STATEMENT_EXECUTE|[139]
18:53:45.1 (34818484)|HEAP_ALLOCATE|[139]|Bytes:4
18:53:45.1 (34820477)|VARIABLE_SCOPE_BEGIN|[139]|option|Map<String,String>|true|false
18:53:45.1 (34824872)|VARIABLE_ASSIGNMENT|[139]|option|{}|0x2e383658
18:53:45.1 (34827497)|STATEMENT_EXECUTE|[140]
18:53:45.1 (34829366)|HEAP_ALLOCATE|[140]|Bytes:3
18:53:45.1 (34832496)|HEAP_ALLOCATE|[EXTERNAL]|Bytes:-4
18:53:45.1 (34834992)|STATEMENT_EXECUTE|[141]
18:53:45.1 (34836650)|HEAP_ALLOCATE|[141]|Bytes:3
18:53:45.1 (34839398)|HEAP_ALLOCATE|[EXTERNAL]|Bytes:-4
18:53:45.1 (34841753)|STATEMENT_EXECUTE|[142]
18:53:45.1 (34843744)|HEAP_ALLOCATE|[EXTERNAL]|Bytes:4
18:53:45.1 (34848184)|HEAP_ALLOCATE|[138]|Bytes:5
18:53:45.1 (34851951)|HEAP_ALLOCATE|[138]|Bytes:4
18:53:45.1 (34854007)|VARIABLE_SCOPE_BEGIN|[138]|entry|Schema.PicklistEntry|true|false
18:53:45.1 (34858417)|VARIABLE_ASSIGNMENT|[138]|entry|山形県|0x4569885b
18:53:45.1 (34860919)|STATEMENT_EXECUTE|[138]
18:53:45.1 (34861757)|STATEMENT_EXECUTE|[139]
18:53:45.1 (34863822)|HEAP_ALLOCATE|[139]|Bytes:4
18:53:45.1 (34865822)|VARIABLE_SCOPE_BEGIN|[139]|option|Map<String,String>|true|false
18:53:45.1 (34869900)|VARIABLE_ASSIGNMENT|[139]|option|{}|0x634c937f
18:53:45.1 (34872187)|STATEMENT_EXECUTE|[140]
18:53:45.1 (34874014)|HEAP_ALLOCATE|[140]|Bytes:3
18:53:45.1 (34876899)|HEAP_ALLOCATE|[EXTERNAL]|Bytes:-4
18:53:45.1 (34879421)|STATEMENT_EXECUTE|[141]
18:53:45.1 (34881013)|HEAP_ALLOCATE|[141]|Bytes:3
18:53:45.1 (34883849)|HEAP_ALLOCATE|[EXTERNAL]|Bytes:-4
18:53:45.1 (34886232)|STATEMENT_EXECUTE|[142]
18:53:45.1 (34888200)|HEAP_ALLOCATE|[EXTERNAL]|Bytes:4
18:53:45.1 (34892577)|HEAP_ALLOCATE|[138]|Bytes:5
18:53:45.1 (34896159)|HEAP_ALLOCATE|[138]|Bytes:4
18:53:45.1 (34898231)|VARIABLE_SCOPE_BEGIN|[138]|entry|Schema.PicklistEntry|true|false
18:53:45.1 (34902908)|VARIABLE_ASSIGNMENT|[138]|entry|福島県|0x7881b23
18:53:45.1 (34905621)|STATEMENT_EXECUTE|[138]
18:53:45.1 (34906396)|STATEMENT_EXECUTE|[139]
18:53:45.1 (34908432)|HEAP_ALLOCATE|[139]|Bytes:4
18:53:45.1 (34910531)|VARIABLE_SCOPE_BEGIN|[139]|option|Map<String,String>|true|false
18:53:45.1 (34914729)|VARIABLE_ASSIGNMENT|[139]|option|{}|0x68ed677c
18:53:45.1 (34917043)|STATEMENT_EXECUTE|[140]
18:53:45.1 (34918776)|HEAP_ALLOCATE|[140]|Bytes:3
18:53:45.1 (34921686)|HEAP_ALLOCATE|[EXTERNAL]|Bytes:-4
18:53:45.1 (34924113)|STATEMENT_EXECUTE|[141]
18:53:45.1 (34925741)|HEAP_ALLOCATE|[141]|Bytes:3
18:53:45.1 (34928626)|HEAP_ALLOCATE|[EXTERNAL]|Bytes:-4
18:53:45.1 (34930966)|STATEMENT_EXECUTE|[142]
18:53:45.1 (34932903)|HEAP_ALLOCATE|[EXTERNAL]|Bytes:4
18:53:45.1 (34937231)|HEAP_ALLOCATE|[138]|Bytes:5
18:53:45.1 (34940853)|HEAP_ALLOCATE|[138]|Bytes:4
18:53:45.1 (34942941)|VARIABLE_SCOPE_BEGIN|[138]|entry|Schema.PicklistEntry|true|false
18:53:45.1 (34947279)|VARIABLE_ASSIGNMENT|[138]|entry|茨城県|0x614f016a
18:53:45.1 (34949930)|STATEMENT_EXECUTE|[138]
18:53:45.1 (34950726)|STATEMENT_EXECUTE|[139]
18:53:45.1 (34952693)|HEAP_ALLOCATE|[139]|Bytes:4
18:53:45.1 (34954671)|VARIABLE_SCOPE_BEGIN|[139]|option|Map<String,String>|true|false
18:53:45.1 (34959062)|VARIABLE_ASSIGNMENT|[139]|option|{}|0x669fb157
18:53:45.1 (34961371)|STATEMENT_EXECUTE|[140]
18:53:45.1 (34963023)|HEAP_ALLOCATE|[140]|Bytes:3
18:53:45.1 (34965881)|HEAP_ALLOCATE|[EXTERNAL]|Bytes:-4
18:53:45.1 (34968366)|STATEMENT_EXECUTE|[141]
18:53:45.1 (34969998)|HEAP_ALLOCATE|[141]|Bytes:3
18:53:45.1 (34972828)|HEAP_ALLOCATE|[EXTERNAL]|Bytes:-4
18:53:45.1 (34975223)|STATEMENT_EXECUTE|[142]
18:53:45.1 (34977207)|HEAP_ALLOCATE|[EXTERNAL]|Bytes:4
18:53:45.1 (34981464)|HEAP_ALLOCATE|[138]|Bytes:5
18:53:45.1 (34985185)|HEAP_ALLOCATE|[138]|Bytes:4
18:53:45.1 (34987237)|VARIABLE_SCOPE_BEGIN|[138]|entry|Schema.PicklistEntry|true|false
18:53:45.1 (34991580)|VARIABLE_ASSIGNMENT|[138]|entry|栃木県|0x2189efa4
18:53:45.1 (34995099)|STATEMENT_EXECUTE|[138]
18:53:45.1 (34996276)|STATEMENT_EXECUTE|[139]
18:53:45.1 (34999094)|HEAP_ALLOCATE|[139]|Bytes:4
18:53:45.1 (35002142)|VARIABLE_SCOPE_BEGIN|[139]|option|Map<String,String>|true|false
18:53:45.1 (35009406)|VARIABLE_ASSIGNMENT|[139]|option|{}|0x22dcba6e
18:53:45.1 (35013401)|STATEMENT_EXECUTE|[140]
18:53:45.1 (35016216)|HEAP_ALLOCATE|[140]|Bytes:3
18:53:45.1 (35021031)|HEAP_ALLOCATE|[EXTERNAL]|Bytes:-4
18:53:45.1 (35024626)|STATEMENT_EXECUTE|[141]
18:53:45.1 (35026816)|HEAP_ALLOCATE|[141]|Bytes:3
18:53:45.1 (35031301)|HEAP_ALLOCATE|[EXTERNAL]|Bytes:-4
18:53:45.1 (35034713)|STATEMENT_EXECUTE|[142]
18:53:45.1 (35037803)|HEAP_ALLOCATE|[EXTERNAL]|Bytes:4
18:53:45.1 (35044686)|HEAP_ALLOCATE|[138]|Bytes:5
18:53:45.1 (35050829)|HEAP_ALLOCATE|[138]|Bytes:4
18:53:45.1 (35054238)|VARIABLE_SCOPE_BEGIN|[138]|entry|Schema.PicklistEntry|true|false
18:53:45.1 (35060923)|VARIABLE_ASSIGNMENT|[138]|entry|群馬県|0x3b81bb0e
18:53:45.1 (35065055)|STATEMENT_EXECUTE|[138]
18:53:45.1 (35065842)|STATEMENT_EXECUTE|[139]
18:53:45.1 (35068196)|HEAP_ALLOCATE|[139]|Bytes:4
18:53:45.1 (35070616)|VARIABLE_SCOPE_BEGIN|[139]|option|Map<String,String>|true|false
18:53:45.1 (35075281)|VARIABLE_ASSIGNMENT|[139]|option|{}|0x200fb020
18:53:45.1 (35077862)|STATEMENT_EXECUTE|[140]
18:53:45.1 (35079733)|HEAP_ALLOCATE|[140]|Bytes:3
18:53:45.1 (35082902)|HEAP_ALLOCATE|[EXTERNAL]|Bytes:-4
18:53:45.1 (35085458)|STATEMENT_EXECUTE|[141]
18:53:45.1 (35087081)|HEAP_ALLOCATE|[141]|Bytes:3
18:53:45.1 (35089956)|HEAP_ALLOCATE|[EXTERNAL]|Bytes:-4
18:53:45.1 (35092471)|STATEMENT_EXECUTE|[142]
18:53:45.1 (35094587)|HEAP_ALLOCATE|[EXTERNAL]|Bytes:4
18:53:45.1 (35099141)|HEAP_ALLOCATE|[138]|Bytes:5
18:53:45.1 (35103186)|HEAP_ALLOCATE|[138]|Bytes:4
18:53:45.1 (35105302)|VARIABLE_SCOPE_BEGIN|[138]|entry|Schema.PicklistEntry|true|false
18:53:45.1 (35109812)|VARIABLE_ASSIGNMENT|[138]|entry|埼玉県|0x4e958f4a
18:53:45.1 (35112526)|STATEMENT_EXECUTE|[138]
18:53:45.1 (35113281)|STATEMENT_EXECUTE|[139]
18:53:45.1 (35115316)|HEAP_ALLOCATE|[139]|Bytes:4
18:53:45.1 (35117463)|VARIABLE_SCOPE_BEGIN|[139]|option|Map<String,String>|true|false
18:53:45.1 (35121696)|VARIABLE_ASSIGNMENT|[139]|option|{}|0x9dd433c
18:53:45.1 (35124033)|STATEMENT_EXECUTE|[140]
18:53:45.1 (35125791)|HEAP_ALLOCATE|[140]|Bytes:3
18:53:45.1 (35128839)|HEAP_ALLOCATE|[EXTERNAL]|Bytes:-4
18:53:45.1 (35131351)|STATEMENT_EXECUTE|[141]
18:53:45.1 (35132972)|HEAP_ALLOCATE|[141]|Bytes:3
18:53:45.1 (35135786)|HEAP_ALLOCATE|[EXTERNAL]|Bytes:-4
18:53:45.1 (35138173)|STATEMENT_EXECUTE|[142]
18:53:45.1 (35140199)|HEAP_ALLOCATE|[EXTERNAL]|Bytes:4
18:53:45.1 (35144508)|HEAP_ALLOCATE|[138]|Bytes:5
18:53:45.1 (35148229)|HEAP_ALLOCATE|[138]|Bytes:4
18:53:45.1 (35150248)|VARIABLE_SCOPE_BEGIN|[138]|entry|Schema.PicklistEntry|true|false
18:53:45.1 (35154540)|VARIABLE_ASSIGNMENT|[138]|entry|千葉県|0x3f32d0c2
18:53:45.1 (35157063)|STATEMENT_EXECUTE|[138]
18:53:45.1 (35157836)|STATEMENT_EXECUTE|[139]
18:53:45.1 (35159920)|HEAP_ALLOCATE|[139]|Bytes:4
18:53:45.1 (35161983)|VARIABLE_SCOPE_BEGIN|[139]|option|Map<String,String>|true|false
18:53:45.1 (35166198)|VARIABLE_ASSIGNMENT|[139]|option|{}|0x62e1f9b4
18:53:45.1 (35168553)|STATEMENT_EXECUTE|[140]
18:53:45.1 (35170185)|HEAP_ALLOCATE|[140]|Bytes:3
18:53:45.1 (35173245)|HEAP_ALLOCATE|[EXTERNAL]|Bytes:-4
18:53:45.1 (35175831)|STATEMENT_EXECUTE|[141]
18:53:45.1 (35177401)|HEAP_ALLOCATE|[141]|Bytes:3
18:53:45.1 (35180237)|HEAP_ALLOCATE|[EXTERNAL]|Bytes:-4
18:53:45.1 (35182641)|STATEMENT_EXECUTE|[142]
18:53:45.1 (35184665)|HEAP_ALLOCATE|[EXTERNAL]|Bytes:4
18:53:45.1 (35188969)|HEAP_ALLOCATE|[138]|Bytes:5
18:53:45.1 (35192561)|HEAP_ALLOCATE|[138]|Bytes:4
18:53:45.1 (35194576)|VARIABLE_SCOPE_BEGIN|[138]|entry|Schema.PicklistEntry|true|false
18:53:45.1 (35198969)|VARIABLE_ASSIGNMENT|[138]|entry|東京都|0xecd57d
18:53:45.1 (35201679)|STATEMENT_EXECUTE|[138]
18:53:45.1 (35202441)|STATEMENT_EXECUTE|[139]
18:53:45.1 (35204410)|HEAP_ALLOCATE|[139]|Bytes:4
18:53:45.1 (35206333)|VARIABLE_SCOPE_BEGIN|[139]|option|Map<String,String>|true|false
18:53:45.1 (35210332)|VARIABLE_ASSIGNMENT|[139]|option|{}|0x63cbb2ff
18:53:45.1 (35212617)|STATEMENT_EXECUTE|[140]
18:53:45.1 (35214225)|HEAP_ALLOCATE|[140]|Bytes:3
18:53:45.1 (35217148)|HEAP_ALLOCATE|[EXTERNAL]|Bytes:-4
18:53:45.1 (35219606)|STATEMENT_EXECUTE|[141]
18:53:45.1 (35221291)|HEAP_ALLOCATE|[141]|Bytes:3
18:53:45.1 (35224078)|HEAP_ALLOCATE|[EXTERNAL]|Bytes:-4
18:53:45.1 (35226504)|STATEMENT_EXECUTE|[142]
18:53:45.1 (35228503)|HEAP_ALLOCATE|[EXTERNAL]|Bytes:4
18:53:45.1 (35232879)|HEAP_ALLOCATE|[138]|Bytes:5
18:53:45.1 (35236483)|HEAP_ALLOCATE|[138]|Bytes:4
18:53:45.1 (35238501)|VARIABLE_SCOPE_BEGIN|[138]|entry|Schema.PicklistEntry|true|false
18:53:45.1 (35243042)|VARIABLE_ASSIGNMENT|[138]|entry|神奈川県|0x4a56da84
18:53:45.1 (35245664)|STATEMENT_EXECUTE|[138]
18:53:45.1 (35246421)|STATEMENT_EXECUTE|[139]
18:53:45.1 (35248351)|HEAP_ALLOCATE|[139]|Bytes:4
18:53:45.1 (35250371)|VARIABLE_SCOPE_BEGIN|[139]|option|Map<String,String>|true|false
18:53:45.1 (35261222)|VARIABLE_ASSIGNMENT|[139]|option|{}|0x2797b623
18:53:45.1 (35264629)|STATEMENT_EXECUTE|[140]
18:53:45.1 (35267348)|HEAP_ALLOCATE|[140]|Bytes:4
18:53:45.1 (35273080)|HEAP_ALLOCATE|[EXTERNAL]|Bytes:-4
18:53:45.1 (35276977)|STATEMENT_EXECUTE|[141]
18:53:45.1 (35279451)|HEAP_ALLOCATE|[141]|Bytes:4
18:53:45.1 (35283814)|HEAP_ALLOCATE|[EXTERNAL]|Bytes:-4
18:53:45.1 (35287586)|STATEMENT_EXECUTE|[142]
18:53:45.1 (35290596)|HEAP_ALLOCATE|[EXTERNAL]|Bytes:4
18:53:45.1 (35297618)|HEAP_ALLOCATE|[138]|Bytes:5
18:53:45.1 (35304193)|HEAP_ALLOCATE|[138]|Bytes:4
18:53:45.1 (35308086)|VARIABLE_SCOPE_BEGIN|[138]|entry|Schema.PicklistEntry|true|false
18:53:45.1 (35314630)|VARIABLE_ASSIGNMENT|[138]|entry|新潟県|0x41b6c891
18:53:45.1 (35317462)|STATEMENT_EXECUTE|[138]
18:53:45.1 (35318222)|STATEMENT_EXECUTE|[139]
18:53:45.1 (35320606)|HEAP_ALLOCATE|[139]|Bytes:4
18:53:45.1 (35322877)|VARIABLE_SCOPE_BEGIN|[139]|option|Map<String,String>|true|false
18:53:45.1 (35327766)|VARIABLE_ASSIGNMENT|[139]|option|{}|0x7f54d612
18:53:45.1 (35330388)|STATEMENT_EXECUTE|[140]
18:53:45.1 (35332466)|HEAP_ALLOCATE|[140]|Bytes:3
18:53:45.1 (35335811)|HEAP_ALLOCATE|[EXTERNAL]|Bytes:-4
18:53:45.1 (35338495)|STATEMENT_EXECUTE|[141]
18:53:45.1 (35340116)|HEAP_ALLOCATE|[141]|Bytes:3
18:53:45.1 (35342862)|HEAP_ALLOCATE|[EXTERNAL]|Bytes:-4
18:53:45.1 (35345363)|STATEMENT_EXECUTE|[142]
18:53:45.1 (35347496)|HEAP_ALLOCATE|[EXTERNAL]|Bytes:4
18:53:45.1 (35352078)|HEAP_ALLOCATE|[138]|Bytes:5
18:53:45.1 (35356188)|HEAP_ALLOCATE|[138]|Bytes:4
18:53:45.1 (35358301)|VARIABLE_SCOPE_BEGIN|[138]|entry|Schema.PicklistEntry|true|false
18:53:45.1 (35362978)|VARIABLE_ASSIGNMENT|[138]|entry|富山県|0x3aab186
18:53:45.1 (35365556)|STATEMENT_EXECUTE|[138]
18:53:45.1 (35366339)|STATEMENT_EXECUTE|[139]
18:53:45.1 (35368415)|HEAP_ALLOCATE|[139]|Bytes:4
18:53:45.1 (35370454)|VARIABLE_SCOPE_BEGIN|[139]|option|Map<String,String>|true|false
18:53:45.1 (35374839)|VARIABLE_ASSIGNMENT|[139]|option|{}|0x1916297e
18:53:45.1 (35377158)|STATEMENT_EXECUTE|[140]
18:53:45.1 (35378826)|HEAP_ALLOCATE|[140]|Bytes:3
18:53:45.1 (35382246)|HEAP_ALLOCATE|[EXTERNAL]|Bytes:-4
18:53:45.1 (35384742)|STATEMENT_EXECUTE|[141]
18:53:45.1 (35386396)|HEAP_ALLOCATE|[141]|Bytes:3
18:53:45.1 (35389146)|HEAP_ALLOCATE|[EXTERNAL]|Bytes:-4
18:53:45.1 (35391558)|STATEMENT_EXECUTE|[142]
18:53:45.1 (35393684)|HEAP_ALLOCATE|[EXTERNAL]|Bytes:4
18:53:45.1 (35397953)|HEAP_ALLOCATE|[138]|Bytes:5
18:53:45.1 (35401691)|HEAP_ALLOCATE|[138]|Bytes:4
18:53:45.1 (35403746)|VARIABLE_SCOPE_BEGIN|[138]|entry|Schema.PicklistEntry|true|false
18:53:45.1 (35408081)|VARIABLE_ASSIGNMENT|[138]|entry|石川県|0x6e13988d
18:53:45.1 (35410638)|STATEMENT_EXECUTE|[138]
18:53:45.1 (35411410)|STATEMENT_EXECUTE|[139]
18:53:45.1 (35413341)|HEAP_ALLOCATE|[139]|Bytes:4
18:53:45.1 (35415498)|VARIABLE_SCOPE_BEGIN|[139]|option|Map<String,String>|true|false
18:53:45.1 (35420228)|VARIABLE_ASSIGNMENT|[139]|option|{}|0x37ae271b
18:53:45.1 (35422670)|STATEMENT_EXECUTE|[140]
18:53:45.1 (35424380)|HEAP_ALLOCATE|[140]|Bytes:3
18:53:45.1 (35427356)|HEAP_ALLOCATE|[EXTERNAL]|Bytes:-4
18:53:45.1 (35429823)|STATEMENT_EXECUTE|[141]
18:53:45.1 (35431431)|HEAP_ALLOCATE|[141]|Bytes:3
18:53:45.1 (35434218)|HEAP_ALLOCATE|[EXTERNAL]|Bytes:-4
18:53:45.1 (35436577)|STATEMENT_EXECUTE|[142]
18:53:45.1 (35438603)|HEAP_ALLOCATE|[EXTERNAL]|Bytes:4
18:53:45.1 (35445425)|HEAP_ALLOCATE|[138]|Bytes:5
18:53:45.1 (35450882)|HEAP_ALLOCATE|[138]|Bytes:4
18:53:45.1 (35454083)|VARIABLE_SCOPE_BEGIN|[138]|entry|Schema.PicklistEntry|true|false
18:53:45.1 (35461001)|VARIABLE_ASSIGNMENT|[138]|entry|福井県|0x615e96e9
18:53:45.1 (35465511)|STATEMENT_EXECUTE|[138]
18:53:45.1 (35466750)|STATEMENT_EXECUTE|[139]
18:53:45.1 (35470489)|HEAP_ALLOCATE|[139]|Bytes:4
18:53:45.1 (35473786)|VARIABLE_SCOPE_BEGIN|[139]|option|Map<String,String>|true|false
18:53:45.1 (35481062)|VARIABLE_ASSIGNMENT|[139]|option|{}|0x49ab1e65
18:53:45.1 (35485079)|STATEMENT_EXECUTE|[140]
18:53:45.1 (35488116)|HEAP_ALLOCATE|[140]|Bytes:3
18:53:45.1 (35493536)|HEAP_ALLOCATE|[EXTERNAL]|Bytes:-4
18:53:45.1 (35497779)|STATEMENT_EXECUTE|[141]
18:53:45.1 (35500421)|HEAP_ALLOCATE|[141]|Bytes:3
18:53:45.1 (35504963)|HEAP_ALLOCATE|[EXTERNAL]|Bytes:-4
18:53:45.1 (35509122)|STATEMENT_EXECUTE|[142]
18:53:45.1 (35512315)|HEAP_ALLOCATE|[EXTERNAL]|Bytes:4
18:53:45.1 (35519566)|HEAP_ALLOCATE|[138]|Bytes:5
18:53:45.1 (35526756)|HEAP_ALLOCATE|[138]|Bytes:4
18:53:45.1 (35530728)|VARIABLE_SCOPE_BEGIN|[138]|entry|Schema.PicklistEntry|true|false
18:53:45.1 (35538728)|VARIABLE_ASSIGNMENT|[138]|entry|山梨県|0x3b0e202d
18:53:45.1 (35543632)|STATEMENT_EXECUTE|[138]
18:53:45.1 (35545490)|STATEMENT_EXECUTE|[139]
18:53:45.1 (35549484)|HEAP_ALLOCATE|[139]|Bytes:4
18:53:45.1 (35552928)|VARIABLE_SCOPE_BEGIN|[139]|option|Map<String,String>|true|false
18:53:45.1 (35559263)|VARIABLE_ASSIGNMENT|[139]|option|{}|0x7d5e5ea8
18:53:45.1 (35561575)|STATEMENT_EXECUTE|[140]
18:53:45.1 (35563617)|HEAP_ALLOCATE|[140]|Bytes:3
18:53:45.1 (35567518)|HEAP_ALLOCATE|[EXTERNAL]|Bytes:-4
18:53:45.1 (35570071)|STATEMENT_EXECUTE|[141]
18:53:45.1 (35571666)|HEAP_ALLOCATE|[141]|Bytes:3
18:53:45.1 (35574476)|HEAP_ALLOCATE|[EXTERNAL]|Bytes:-4
18:53:45.1 (35576859)|STATEMENT_EXECUTE|[142]
18:53:45.1 (35579015)|HEAP_ALLOCATE|[EXTERNAL]|Bytes:4
18:53:45.1 (35583823)|HEAP_ALLOCATE|[138]|Bytes:5
18:53:45.1 (35587952)|HEAP_ALLOCATE|[138]|Bytes:4
18:53:45.1 (35590166)|VARIABLE_SCOPE_BEGIN|[138]|entry|Schema.PicklistEntry|true|false
18:53:45.1 (35594906)|VARIABLE_ASSIGNMENT|[138]|entry|長野県|0x68226634
18:53:45.1 (35597460)|STATEMENT_EXECUTE|[138]
18:53:45.1 (35598261)|STATEMENT_EXECUTE|[139]
18:53:45.1 (35600552)|HEAP_ALLOCATE|[139]|Bytes:4
18:53:45.1 (35602597)|VARIABLE_SCOPE_BEGIN|[139]|option|Map<String,String>|true|false
18:53:45.1 (35607120)|VARIABLE_ASSIGNMENT|[139]|option|{}|0x79eb1563
18:53:45.1 (35609431)|STATEMENT_EXECUTE|[140]
18:53:45.1 (35611166)|HEAP_ALLOCATE|[140]|Bytes:3
18:53:45.1 (35614128)|HEAP_ALLOCATE|[EXTERNAL]|Bytes:-4
18:53:45.1 (35616558)|STATEMENT_EXECUTE|[141]
18:53:45.1 (35618156)|HEAP_ALLOCATE|[141]|Bytes:3
18:53:45.1 (35620939)|HEAP_ALLOCATE|[EXTERNAL]|Bytes:-4
18:53:45.1 (35623338)|STATEMENT_EXECUTE|[142]
18:53:45.1 (35625358)|HEAP_ALLOCATE|[EXTERNAL]|Bytes:4
18:53:45.1 (35629605)|HEAP_ALLOCATE|[138]|Bytes:5
18:53:45.1 (35633536)|HEAP_ALLOCATE|[138]|Bytes:4
18:53:45.1 (35635668)|VARIABLE_SCOPE_BEGIN|[138]|entry|Schema.PicklistEntry|true|false
18:53:45.1 (35640080)|VARIABLE_ASSIGNMENT|[138]|entry|岐阜県|0x332e5d3b
18:53:45.1 (35642601)|STATEMENT_EXECUTE|[138]
18:53:45.1 (35643420)|STATEMENT_EXECUTE|[139]
18:53:45.1 (35645557)|HEAP_ALLOCATE|[139]|Bytes:4
18:53:45.1 (35647594)|VARIABLE_SCOPE_BEGIN|[139]|option|Map<String,String>|true|false
18:53:45.1 (35651824)|VARIABLE_ASSIGNMENT|[139]|option|{}|0x3c0afee8
18:53:45.1 (35654415)|STATEMENT_EXECUTE|[140]
18:53:45.1 (35656073)|HEAP_ALLOCATE|[140]|Bytes:3
18:53:45.1 (35659081)|HEAP_ALLOCATE|[EXTERNAL]|Bytes:-4
18:53:45.1 (35661613)|STATEMENT_EXECUTE|[141]
18:53:45.1 (35663176)|HEAP_ALLOCATE|[141]|Bytes:3
18:53:45.1 (35665986)|HEAP_ALLOCATE|[EXTERNAL]|Bytes:-4
18:53:45.1 (35668387)|STATEMENT_EXECUTE|[142]
18:53:45.1 (35670461)|HEAP_ALLOCATE|[EXTERNAL]|Bytes:4
18:53:45.1 (35674762)|HEAP_ALLOCATE|[138]|Bytes:5
18:53:45.1 (35678412)|HEAP_ALLOCATE|[138]|Bytes:4
18:53:45.1 (35680495)|VARIABLE_SCOPE_BEGIN|[138]|entry|Schema.PicklistEntry|true|false
18:53:45.1 (35684809)|VARIABLE_ASSIGNMENT|[138]|entry|静岡県|0x47e22c9b
18:53:45.1 (35687452)|STATEMENT_EXECUTE|[138]
18:53:45.1 (35688244)|STATEMENT_EXECUTE|[139]
18:53:45.1 (35690271)|HEAP_ALLOCATE|[139]|Bytes:4
18:53:45.1 (35692315)|VARIABLE_SCOPE_BEGIN|[139]|option|Map<String,String>|true|false
18:53:45.1 (35696498)|VARIABLE_ASSIGNMENT|[139]|option|{}|0x66837909
18:53:45.1 (35698861)|STATEMENT_EXECUTE|[140]
18:53:45.1 (35700501)|HEAP_ALLOCATE|[140]|Bytes:3
18:53:45.1 (35703495)|HEAP_ALLOCATE|[EXTERNAL]|Bytes:-4
18:53:45.1 (35705949)|STATEMENT_EXECUTE|[141]
18:53:45.1 (35707511)|HEAP_ALLOCATE|[141]|Bytes:3
18:53:45.1 (35710336)|HEAP_ALLOCATE|[EXTERNAL]|Bytes:-4
18:53:45.1 (35712715)|STATEMENT_EXECUTE|[142]
18:53:45.1 (35714819)|HEAP_ALLOCATE|[EXTERNAL]|Bytes:4
18:53:45.1 (35719087)|HEAP_ALLOCATE|[138]|Bytes:5
18:53:45.1 (35722751)|HEAP_ALLOCATE|[138]|Bytes:4
18:53:45.1 (35724808)|VARIABLE_SCOPE_BEGIN|[138]|entry|Schema.PicklistEntry|true|false
18:53:45.1 (35729298)|VARIABLE_ASSIGNMENT|[138]|entry|愛知県|0x27852767
18:53:45.1 (35731973)|STATEMENT_EXECUTE|[138]
18:53:45.1 (35732911)|STATEMENT_EXECUTE|[139]
18:53:45.1 (35734943)|HEAP_ALLOCATE|[139]|Bytes:4
18:53:45.1 (35737031)|VARIABLE_SCOPE_BEGIN|[139]|option|Map<String,String>|true|false
18:53:45.1 (35741042)|VARIABLE_ASSIGNMENT|[139]|option|{}|0x4c1360c1
18:53:45.1 (35743275)|STATEMENT_EXECUTE|[140]
18:53:45.1 (35744883)|HEAP_ALLOCATE|[140]|Bytes:3
18:53:45.1 (35747888)|HEAP_ALLOCATE|[EXTERNAL]|Bytes:-4
18:53:45.1 (35750381)|STATEMENT_EXECUTE|[141]
18:53:45.1 (35751941)|HEAP_ALLOCATE|[141]|Bytes:3
18:53:45.1 (35754713)|HEAP_ALLOCATE|[EXTERNAL]|Bytes:-4
18:53:45.1 (35757131)|STATEMENT_EXECUTE|[142]
18:53:45.1 (35759223)|HEAP_ALLOCATE|[EXTERNAL]|Bytes:4
18:53:45.1 (35763418)|HEAP_ALLOCATE|[138]|Bytes:5
18:53:45.1 (35767069)|HEAP_ALLOCATE|[138]|Bytes:4
18:53:45.1 (35769134)|VARIABLE_SCOPE_BEGIN|[138]|entry|Schema.PicklistEntry|true|false
18:53:45.1 (35773512)|VARIABLE_ASSIGNMENT|[138]|entry|三重県|0x1a431b2c
18:53:45.1 (35776224)|STATEMENT_EXECUTE|[138]
18:53:45.1 (35777074)|STATEMENT_EXECUTE|[139]
18:53:45.1 (35779121)|HEAP_ALLOCATE|[139]|Bytes:4
18:53:45.1 (35781161)|VARIABLE_SCOPE_BEGIN|[139]|option|Map<String,String>|true|false
18:53:45.1 (35785190)|VARIABLE_ASSIGNMENT|[139]|option|{}|0x67f5725c
18:53:45.1 (35787429)|STATEMENT_EXECUTE|[140]
18:53:45.1 (35789146)|HEAP_ALLOCATE|[140]|Bytes:3
18:53:45.1 (35792085)|HEAP_ALLOCATE|[EXTERNAL]|Bytes:-4
18:53:45.1 (35794593)|STATEMENT_EXECUTE|[141]
18:53:45.1 (35796205)|HEAP_ALLOCATE|[141]|Bytes:3
18:53:45.1 (35799031)|HEAP_ALLOCATE|[EXTERNAL]|Bytes:-4
18:53:45.1 (35801471)|STATEMENT_EXECUTE|[142]
18:53:45.1 (35803512)|HEAP_ALLOCATE|[EXTERNAL]|Bytes:4
18:53:45.1 (35807707)|HEAP_ALLOCATE|[138]|Bytes:5
18:53:45.1 (35811256)|HEAP_ALLOCATE|[138]|Bytes:4
18:53:45.1 (35813326)|VARIABLE_SCOPE_BEGIN|[138]|entry|Schema.PicklistEntry|true|false
18:53:45.1 (35817758)|VARIABLE_ASSIGNMENT|[138]|entry|滋賀県|0x6945dfda
18:53:45.1 (35820281)|STATEMENT_EXECUTE|[138]
18:53:45.1 (35821066)|STATEMENT_EXECUTE|[139]
18:53:45.1 (35823028)|HEAP_ALLOCATE|[139]|Bytes:4
18:53:45.1 (35825051)|VARIABLE_SCOPE_BEGIN|[139]|option|Map<String,String>|true|false
18:53:45.1 (35829342)|VARIABLE_ASSIGNMENT|[139]|option|{}|0x3e87af5b
18:53:45.1 (35831851)|STATEMENT_EXECUTE|[140]
18:53:45.1 (35833556)|HEAP_ALLOCATE|[140]|Bytes:3
18:53:45.1 (35836603)|HEAP_ALLOCATE|[EXTERNAL]|Bytes:-4
18:53:45.1 (35838999)|STATEMENT_EXECUTE|[141]
18:53:45.1 (35840596)|HEAP_ALLOCATE|[141]|Bytes:3
18:53:45.1 (35843393)|HEAP_ALLOCATE|[EXTERNAL]|Bytes:-4
18:53:45.1 (35845787)|STATEMENT_EXECUTE|[142]
18:53:45.1 (35847851)|HEAP_ALLOCATE|[EXTERNAL]|Bytes:4
18:53:45.1 (35852107)|HEAP_ALLOCATE|[138]|Bytes:5
18:53:45.1 (35855763)|HEAP_ALLOCATE|[138]|Bytes:4
18:53:45.1 (35857828)|VARIABLE_SCOPE_BEGIN|[138]|entry|Schema.PicklistEntry|true|false
18:53:45.1 (35862361)|VARIABLE_ASSIGNMENT|[138]|entry|京都府|0x3c9f59dc
18:53:45.1 (35864918)|STATEMENT_EXECUTE|[138]
18:53:45.1 (35865686)|STATEMENT_EXECUTE|[139]
18:53:45.1 (35867742)|HEAP_ALLOCATE|[139]|Bytes:4
18:53:45.1 (35869818)|VARIABLE_SCOPE_BEGIN|[139]|option|Map<String,String>|true|false
18:53:45.1 (35873965)|VARIABLE_ASSIGNMENT|[139]|option|{}|0x7034ab81
18:53:45.1 (35876486)|STATEMENT_EXECUTE|[140]
18:53:45.1 (35878149)|HEAP_ALLOCATE|[140]|Bytes:3
18:53:45.1 (35881086)|HEAP_ALLOCATE|[EXTERNAL]|Bytes:-4
18:53:45.1 (35883568)|STATEMENT_EXECUTE|[141]
18:53:45.1 (35885138)|HEAP_ALLOCATE|[141]|Bytes:3
18:53:45.1 (35887935)|HEAP_ALLOCATE|[EXTERNAL]|Bytes:-4
18:53:45.1 (35890315)|STATEMENT_EXECUTE|[142]
18:53:45.1 (35892369)|HEAP_ALLOCATE|[EXTERNAL]|Bytes:4
18:53:45.1 (35896583)|HEAP_ALLOCATE|[138]|Bytes:5
18:53:45.1 (35900436)|HEAP_ALLOCATE|[138]|Bytes:4
18:53:45.1 (35902508)|VARIABLE_SCOPE_BEGIN|[138]|entry|Schema.PicklistEntry|true|false
18:53:45.1 (35906873)|VARIABLE_ASSIGNMENT|[138]|entry|大阪府|0x37c80152
18:53:45.1 (35909553)|STATEMENT_EXECUTE|[138]
18:53:45.1 (35910327)|STATEMENT_EXECUTE|[139]
18:53:45.1 (35912298)|HEAP_ALLOCATE|[139]|Bytes:4
18:53:45.1 (35914341)|VARIABLE_SCOPE_BEGIN|[139]|option|Map<String,String>|true|false
18:53:45.1 (35918521)|VARIABLE_ASSIGNMENT|[139]|option|{}|0x34b69d87
18:53:45.1 (35920907)|STATEMENT_EXECUTE|[140]
18:53:45.1 (35922521)|HEAP_ALLOCATE|[140]|Bytes:3
18:53:45.1 (35925539)|HEAP_ALLOCATE|[EXTERNAL]|Bytes:-4
18:53:45.1 (35927947)|STATEMENT_EXECUTE|[141]
18:53:45.1 (35929539)|HEAP_ALLOCATE|[141]|Bytes:3
18:53:45.1 (35932329)|HEAP_ALLOCATE|[EXTERNAL]|Bytes:-4
18:53:45.1 (35934723)|STATEMENT_EXECUTE|[142]
18:53:45.1 (35936758)|HEAP_ALLOCATE|[EXTERNAL]|Bytes:4
18:53:45.1 (35940963)|HEAP_ALLOCATE|[138]|Bytes:5
18:53:45.1 (35944726)|HEAP_ALLOCATE|[138]|Bytes:4
18:53:45.1 (35946786)|VARIABLE_SCOPE_BEGIN|[138]|entry|Schema.PicklistEntry|true|false
18:53:45.1 (35951118)|VARIABLE_ASSIGNMENT|[138]|entry|兵庫県|0x72217374
18:53:45.1 (35953671)|STATEMENT_EXECUTE|[138]
18:53:45.1 (35954456)|STATEMENT_EXECUTE|[139]
18:53:45.1 (35956513)|HEAP_ALLOCATE|[139]|Bytes:4
18:53:45.1 (35958563)|VARIABLE_SCOPE_BEGIN|[139]|option|Map<String,String>|true|false
18:53:45.1 (35962631)|VARIABLE_ASSIGNMENT|[139]|option|{}|0x271ca612
18:53:45.1 (35964858)|STATEMENT_EXECUTE|[140]
18:53:45.1 (35966564)|HEAP_ALLOCATE|[140]|Bytes:3
18:53:45.1 (35969515)|HEAP_ALLOCATE|[EXTERNAL]|Bytes:-4
18:53:45.1 (35971956)|STATEMENT_EXECUTE|[141]
18:53:45.1 (35973617)|HEAP_ALLOCATE|[141]|Bytes:3
18:53:45.1 (35976390)|HEAP_ALLOCATE|[EXTERNAL]|Bytes:-4
18:53:45.1 (35978759)|STATEMENT_EXECUTE|[142]
18:53:45.1 (35980788)|HEAP_ALLOCATE|[EXTERNAL]|Bytes:4
18:53:45.1 (35986861)|HEAP_ALLOCATE|[138]|Bytes:5
18:53:45.1 (35992206)|HEAP_ALLOCATE|[138]|Bytes:4
18:53:45.1 (35995378)|VARIABLE_SCOPE_BEGIN|[138]|entry|Schema.PicklistEntry|true|false
18:53:45.1 (36002231)|VARIABLE_ASSIGNMENT|[138]|entry|奈良県|0x5029e132
18:53:45.1 (36006896)|STATEMENT_EXECUTE|[138]
18:53:45.1 (36007864)|STATEMENT_EXECUTE|[139]
18:53:45.1 (36011199)|HEAP_ALLOCATE|[139]|Bytes:4
18:53:45.1 (36014651)|VARIABLE_SCOPE_BEGIN|[139]|option|Map<String,String>|true|false
18:53:45.1 (36021018)|VARIABLE_ASSIGNMENT|[139]|option|{}|0x50f31415
18:53:45.1 (36024751)|STATEMENT_EXECUTE|[140]
18:53:45.1 (36027751)|HEAP_ALLOCATE|[140]|Bytes:3
18:53:45.1 (36032666)|HEAP_ALLOCATE|[EXTERNAL]|Bytes:-4
18:53:45.1 (36036318)|STATEMENT_EXECUTE|[141]
18:53:45.1 (36039244)|HEAP_ALLOCATE|[141]|Bytes:3
18:53:45.1 (36043895)|HEAP_ALLOCATE|[EXTERNAL]|Bytes:-4
18:53:45.1 (36047333)|STATEMENT_EXECUTE|[142]
18:53:45.1 (36050533)|HEAP_ALLOCATE|[EXTERNAL]|Bytes:4
18:53:45.1 (36057708)|HEAP_ALLOCATE|[138]|Bytes:5
18:53:45.1 (36063875)|HEAP_ALLOCATE|[138]|Bytes:4
18:53:45.1 (36067866)|VARIABLE_SCOPE_BEGIN|[138]|entry|Schema.PicklistEntry|true|false
18:53:45.1 (36075281)|VARIABLE_ASSIGNMENT|[138]|entry|和歌山県|0x29b067ac
18:53:45.1 (36079475)|STATEMENT_EXECUTE|[138]
18:53:45.1 (36080431)|STATEMENT_EXECUTE|[139]
18:53:45.1 (36084221)|HEAP_ALLOCATE|[139]|Bytes:4
18:53:45.1 (36087544)|VARIABLE_SCOPE_BEGIN|[139]|option|Map<String,String>|true|false
18:53:45.1 (36094691)|VARIABLE_ASSIGNMENT|[139]|option|{}|0x6bde78be
18:53:45.1 (36097996)|STATEMENT_EXECUTE|[140]
18:53:45.1 (36101060)|HEAP_ALLOCATE|[140]|Bytes:4
18:53:45.1 (36106421)|HEAP_ALLOCATE|[EXTERNAL]|Bytes:-4
18:53:45.1 (36110196)|STATEMENT_EXECUTE|[141]
18:53:45.1 (36112650)|HEAP_ALLOCATE|[141]|Bytes:4
18:53:45.1 (36117488)|HEAP_ALLOCATE|[EXTERNAL]|Bytes:-4
18:53:45.1 (36121312)|STATEMENT_EXECUTE|[142]
18:53:45.1 (36124370)|HEAP_ALLOCATE|[EXTERNAL]|Bytes:4
18:53:45.1 (36131666)|HEAP_ALLOCATE|[138]|Bytes:5
18:53:45.1 (36138170)|HEAP_ALLOCATE|[138]|Bytes:4
18:53:45.1 (36141638)|VARIABLE_SCOPE_BEGIN|[138]|entry|Schema.PicklistEntry|true|false
18:53:45.1 (36148772)|VARIABLE_ASSIGNMENT|[138]|entry|鳥取県|0x74e12486
18:53:45.1 (36153045)|STATEMENT_EXECUTE|[138]
18:53:45.1 (36154321)|STATEMENT_EXECUTE|[139]
18:53:45.1 (36157703)|HEAP_ALLOCATE|[139]|Bytes:4
18:53:45.1 (36160802)|VARIABLE_SCOPE_BEGIN|[139]|option|Map<String,String>|true|false
18:53:45.1 (36167277)|VARIABLE_ASSIGNMENT|[139]|option|{}|0x3cfac5b3
18:53:45.1 (36170941)|STATEMENT_EXECUTE|[140]
18:53:45.1 (36173997)|HEAP_ALLOCATE|[140]|Bytes:3
18:53:45.1 (36179937)|HEAP_ALLOCATE|[EXTERNAL]|Bytes:-4
18:53:45.1 (36182700)|STATEMENT_EXECUTE|[141]
18:53:45.1 (36184352)|HEAP_ALLOCATE|[141]|Bytes:3
18:53:45.1 (36187383)|HEAP_ALLOCATE|[EXTERNAL]|Bytes:-4
18:53:45.1 (36189741)|STATEMENT_EXECUTE|[142]
18:53:45.1 (36214830)|HEAP_ALLOCATE|[EXTERNAL]|Bytes:4
18:53:45.1 (36222397)|HEAP_ALLOCATE|[138]|Bytes:5
18:53:45.1 (36226770)|HEAP_ALLOCATE|[138]|Bytes:4
18:53:45.1 (36229087)|VARIABLE_SCOPE_BEGIN|[138]|entry|Schema.PicklistEntry|true|false
18:53:45.1 (36234800)|VARIABLE_ASSIGNMENT|[138]|entry|島根県|0x16dd4887
18:53:45.1 (36237583)|STATEMENT_EXECUTE|[138]
18:53:45.1 (36238352)|STATEMENT_EXECUTE|[139]
18:53:45.1 (36240938)|HEAP_ALLOCATE|[139]|Bytes:4
18:53:45.1 (36243260)|VARIABLE_SCOPE_BEGIN|[139]|option|Map<String,String>|true|false
18:53:45.1 (36247990)|VARIABLE_ASSIGNMENT|[139]|option|{}|0xe5ec96a
18:53:45.1 (36250410)|STATEMENT_EXECUTE|[140]
18:53:45.1 (36252565)|HEAP_ALLOCATE|[140]|Bytes:3
18:53:45.1 (36256242)|HEAP_ALLOCATE|[EXTERNAL]|Bytes:-4
18:53:45.1 (36258847)|STATEMENT_EXECUTE|[141]
18:53:45.1 (36260467)|HEAP_ALLOCATE|[141]|Bytes:3
18:53:45.1 (36263285)|HEAP_ALLOCATE|[EXTERNAL]|Bytes:-4
18:53:45.1 (36266133)|STATEMENT_EXECUTE|[142]
18:53:45.1 (36268141)|HEAP_ALLOCATE|[EXTERNAL]|Bytes:4
18:53:45.1 (36272618)|HEAP_ALLOCATE|[138]|Bytes:5
18:53:45.1 (36276375)|HEAP_ALLOCATE|[138]|Bytes:4
18:53:45.1 (36278481)|VARIABLE_SCOPE_BEGIN|[138]|entry|Schema.PicklistEntry|true|false
18:53:45.1 (36283006)|VARIABLE_ASSIGNMENT|[138]|entry|岡山県|0x73e61933
18:53:45.1 (36285530)|STATEMENT_EXECUTE|[138]
18:53:45.1 (36286289)|STATEMENT_EXECUTE|[139]
18:53:45.1 (36288400)|HEAP_ALLOCATE|[139]|Bytes:4
18:53:45.1 (36290465)|VARIABLE_SCOPE_BEGIN|[139]|option|Map<String,String>|true|false
18:53:45.1 (36294446)|VARIABLE_ASSIGNMENT|[139]|option|{}|0x19db9da1
18:53:45.1 (36297078)|STATEMENT_EXECUTE|[140]
18:53:45.1 (36298839)|HEAP_ALLOCATE|[140]|Bytes:3
18:53:45.1 (36301714)|HEAP_ALLOCATE|[EXTERNAL]|Bytes:-4
18:53:45.1 (36304199)|STATEMENT_EXECUTE|[141]
18:53:45.1 (36305808)|HEAP_ALLOCATE|[141]|Bytes:3
18:53:45.1 (36308680)|HEAP_ALLOCATE|[EXTERNAL]|Bytes:-4
18:53:45.1 (36311035)|STATEMENT_EXECUTE|[142]
18:53:45.1 (36313288)|HEAP_ALLOCATE|[EXTERNAL]|Bytes:4
18:53:45.1 (36317528)|HEAP_ALLOCATE|[138]|Bytes:5
18:53:45.1 (36321125)|HEAP_ALLOCATE|[138]|Bytes:4
18:53:45.1 (36323150)|VARIABLE_SCOPE_BEGIN|[138]|entry|Schema.PicklistEntry|true|false
18:53:45.1 (36327380)|VARIABLE_ASSIGNMENT|[138]|entry|広島県|0x653e676d
18:53:45.1 (36329882)|STATEMENT_EXECUTE|[138]
18:53:45.1 (36330662)|STATEMENT_EXECUTE|[139]
18:53:45.1 (36332829)|HEAP_ALLOCATE|[139]|Bytes:4
18:53:45.1 (36334880)|VARIABLE_SCOPE_BEGIN|[139]|option|Map<String,String>|true|false
18:53:45.1 (36338850)|VARIABLE_ASSIGNMENT|[139]|option|{}|0x1dd3f739
18:53:45.1 (36341079)|STATEMENT_EXECUTE|[140]
18:53:45.1 (36342673)|HEAP_ALLOCATE|[140]|Bytes:3
18:53:45.1 (36345567)|HEAP_ALLOCATE|[EXTERNAL]|Bytes:-4
18:53:45.1 (36347990)|STATEMENT_EXECUTE|[141]
18:53:45.1 (36349576)|HEAP_ALLOCATE|[141]|Bytes:3
18:53:45.1 (36352402)|HEAP_ALLOCATE|[EXTERNAL]|Bytes:-4
18:53:45.1 (36354769)|STATEMENT_EXECUTE|[142]
18:53:45.1 (36356746)|HEAP_ALLOCATE|[EXTERNAL]|Bytes:4
18:53:45.1 (36360980)|HEAP_ALLOCATE|[138]|Bytes:5
18:53:45.1 (36364670)|HEAP_ALLOCATE|[138]|Bytes:4
18:53:45.1 (36366716)|VARIABLE_SCOPE_BEGIN|[138]|entry|Schema.PicklistEntry|true|false
18:53:45.1 (36370940)|VARIABLE_ASSIGNMENT|[138]|entry|山口県|0x5ebf5a31
18:53:45.1 (36373714)|STATEMENT_EXECUTE|[138]
18:53:45.1 (36374483)|STATEMENT_EXECUTE|[139]
18:53:45.1 (36376490)|HEAP_ALLOCATE|[139]|Bytes:4
18:53:45.1 (36378467)|VARIABLE_SCOPE_BEGIN|[139]|option|Map<String,String>|true|false
18:53:45.1 (36382423)|VARIABLE_ASSIGNMENT|[139]|option|{}|0x1bccf2d2
18:53:45.1 (36384676)|STATEMENT_EXECUTE|[140]
18:53:45.1 (36386278)|HEAP_ALLOCATE|[140]|Bytes:3
18:53:45.1 (36389275)|HEAP_ALLOCATE|[EXTERNAL]|Bytes:-4
18:53:45.1 (36391718)|STATEMENT_EXECUTE|[141]
18:53:45.1 (36393320)|HEAP_ALLOCATE|[141]|Bytes:3
18:53:45.1 (36396123)|HEAP_ALLOCATE|[EXTERNAL]|Bytes:-4
18:53:45.1 (36398549)|STATEMENT_EXECUTE|[142]
18:53:45.1 (36400490)|HEAP_ALLOCATE|[EXTERNAL]|Bytes:4
18:53:45.1 (36404680)|HEAP_ALLOCATE|[138]|Bytes:5
18:53:45.1 (36408374)|HEAP_ALLOCATE|[138]|Bytes:4
18:53:45.1 (36410484)|VARIABLE_SCOPE_BEGIN|[138]|entry|Schema.PicklistEntry|true|false
18:53:45.1 (36414730)|VARIABLE_ASSIGNMENT|[138]|entry|徳島県|0xddffbc9
18:53:45.1 (36417430)|STATEMENT_EXECUTE|[138]
18:53:45.1 (36418189)|STATEMENT_EXECUTE|[139]
18:53:45.1 (36420352)|HEAP_ALLOCATE|[139]|Bytes:4
18:53:45.1 (36422370)|VARIABLE_SCOPE_BEGIN|[139]|option|Map<String,String>|true|false
18:53:45.1 (36426440)|VARIABLE_ASSIGNMENT|[139]|option|{}|0xf37af74
18:53:45.1 (36428705)|STATEMENT_EXECUTE|[140]
18:53:45.1 (36430337)|HEAP_ALLOCATE|[140]|Bytes:3
18:53:45.1 (36433208)|HEAP_ALLOCATE|[EXTERNAL]|Bytes:-4
18:53:45.1 (36435634)|STATEMENT_EXECUTE|[141]
18:53:45.1 (36437245)|HEAP_ALLOCATE|[141]|Bytes:3
18:53:45.1 (36440028)|HEAP_ALLOCATE|[EXTERNAL]|Bytes:-4
18:53:45.1 (36442424)|STATEMENT_EXECUTE|[142]
18:53:45.1 (36444394)|HEAP_ALLOCATE|[EXTERNAL]|Bytes:4
18:53:45.1 (36448555)|HEAP_ALLOCATE|[138]|Bytes:5
18:53:45.1 (36452147)|HEAP_ALLOCATE|[138]|Bytes:4
18:53:45.1 (36454170)|VARIABLE_SCOPE_BEGIN|[138]|entry|Schema.PicklistEntry|true|false
18:53:45.1 (36458405)|VARIABLE_ASSIGNMENT|[138]|entry|香川県|0x2bfd0271
18:53:45.1 (36460968)|STATEMENT_EXECUTE|[138]
18:53:45.1 (36461749)|STATEMENT_EXECUTE|[139]
18:53:45.1 (36463762)|HEAP_ALLOCATE|[139]|Bytes:4
18:53:45.1 (36465817)|VARIABLE_SCOPE_BEGIN|[139]|option|Map<String,String>|true|false
18:53:45.1 (36469869)|VARIABLE_ASSIGNMENT|[139]|option|{}|0x57db3fbe
18:53:45.1 (36472334)|STATEMENT_EXECUTE|[140]
18:53:45.1 (36473930)|HEAP_ALLOCATE|[140]|Bytes:3
18:53:45.1 (36476784)|HEAP_ALLOCATE|[EXTERNAL]|Bytes:-4
18:53:45.1 (36479249)|STATEMENT_EXECUTE|[141]
18:53:45.1 (36480921)|HEAP_ALLOCATE|[141]|Bytes:3
18:53:45.1 (36483720)|HEAP_ALLOCATE|[EXTERNAL]|Bytes:-4
18:53:45.1 (36486092)|STATEMENT_EXECUTE|[142]
18:53:45.1 (36488085)|HEAP_ALLOCATE|[EXTERNAL]|Bytes:4
18:53:45.1 (36492276)|HEAP_ALLOCATE|[138]|Bytes:5
18:53:45.1 (36495940)|HEAP_ALLOCATE|[138]|Bytes:4
18:53:45.1 (36497981)|VARIABLE_SCOPE_BEGIN|[138]|entry|Schema.PicklistEntry|true|false
18:53:45.1 (36502519)|VARIABLE_ASSIGNMENT|[138]|entry|愛媛県|0x2528873f
18:53:45.1 (36505151)|STATEMENT_EXECUTE|[138]
18:53:45.1 (36505915)|STATEMENT_EXECUTE|[139]
18:53:45.1 (36507930)|HEAP_ALLOCATE|[139]|Bytes:4
18:53:45.1 (36509943)|VARIABLE_SCOPE_BEGIN|[139]|option|Map<String,String>|true|false
18:53:45.1 (36513968)|VARIABLE_ASSIGNMENT|[139]|option|{}|0x1756d0e1
18:53:45.1 (36516265)|STATEMENT_EXECUTE|[140]
18:53:45.1 (36517950)|HEAP_ALLOCATE|[140]|Bytes:3
18:53:45.1 (36520884)|HEAP_ALLOCATE|[EXTERNAL]|Bytes:-4
18:53:45.1 (36523295)|STATEMENT_EXECUTE|[141]
18:53:45.1 (36524898)|HEAP_ALLOCATE|[141]|Bytes:3
18:53:45.1 (36527670)|HEAP_ALLOCATE|[EXTERNAL]|Bytes:-4
18:53:45.1 (36530165)|STATEMENT_EXECUTE|[142]
18:53:45.1 (36532241)|HEAP_ALLOCATE|[EXTERNAL]|Bytes:4
18:53:45.1 (36536375)|HEAP_ALLOCATE|[138]|Bytes:5
18:53:45.1 (36540014)|HEAP_ALLOCATE|[138]|Bytes:4
18:53:45.1 (36542041)|VARIABLE_SCOPE_BEGIN|[138]|entry|Schema.PicklistEntry|true|false
18:53:45.1 (36546248)|VARIABLE_ASSIGNMENT|[138]|entry|高知県|0x547ba6f0
18:53:45.1 (36548957)|STATEMENT_EXECUTE|[138]
18:53:45.1 (36549709)|STATEMENT_EXECUTE|[139]
18:53:45.1 (36551698)|HEAP_ALLOCATE|[139]|Bytes:4
18:53:45.1 (36553750)|VARIABLE_SCOPE_BEGIN|[139]|option|Map<String,String>|true|false
18:53:45.1 (36557696)|VARIABLE_ASSIGNMENT|[139]|option|{}|0x5ad3450e
18:53:45.1 (36559974)|STATEMENT_EXECUTE|[140]
18:53:45.1 (36561650)|HEAP_ALLOCATE|[140]|Bytes:3
18:53:45.1 (36564479)|HEAP_ALLOCATE|[EXTERNAL]|Bytes:-4
18:53:45.1 (36566913)|STATEMENT_EXECUTE|[141]
18:53:45.1 (36568647)|HEAP_ALLOCATE|[141]|Bytes:3
18:53:45.1 (36571410)|HEAP_ALLOCATE|[EXTERNAL]|Bytes:-4
18:53:45.1 (36573770)|STATEMENT_EXECUTE|[142]
18:53:45.1 (36575717)|HEAP_ALLOCATE|[EXTERNAL]|Bytes:4
18:53:45.1 (36579935)|HEAP_ALLOCATE|[138]|Bytes:5
18:53:45.1 (36583465)|HEAP_ALLOCATE|[138]|Bytes:4
18:53:45.1 (36585635)|VARIABLE_SCOPE_BEGIN|[138]|entry|Schema.PicklistEntry|true|false
18:53:45.1 (36589897)|VARIABLE_ASSIGNMENT|[138]|entry|福岡県|0x3b233014
18:53:45.1 (36592509)|STATEMENT_EXECUTE|[138]
18:53:45.1 (36593320)|STATEMENT_EXECUTE|[139]
18:53:45.1 (36595424)|HEAP_ALLOCATE|[139]|Bytes:4
18:53:45.1 (36597457)|VARIABLE_SCOPE_BEGIN|[139]|option|Map<String,String>|true|false
18:53:45.1 (36601473)|VARIABLE_ASSIGNMENT|[139]|option|{}|0x1ad33e49
18:53:45.1 (36603860)|STATEMENT_EXECUTE|[140]
18:53:45.1 (36605492)|HEAP_ALLOCATE|[140]|Bytes:3
18:53:45.1 (36608371)|HEAP_ALLOCATE|[EXTERNAL]|Bytes:-4
18:53:45.1 (36610832)|STATEMENT_EXECUTE|[141]
18:53:45.1 (36612464)|HEAP_ALLOCATE|[141]|Bytes:3
18:53:45.1 (36615218)|HEAP_ALLOCATE|[EXTERNAL]|Bytes:-4
18:53:45.1 (36617566)|STATEMENT_EXECUTE|[142]
18:53:45.1 (36619597)|HEAP_ALLOCATE|[EXTERNAL]|Bytes:4
18:53:45.1 (36623793)|HEAP_ALLOCATE|[138]|Bytes:5
18:53:45.1 (36627377)|HEAP_ALLOCATE|[138]|Bytes:4
18:53:45.1 (36629402)|VARIABLE_SCOPE_BEGIN|[138]|entry|Schema.PicklistEntry|true|false
18:53:45.1 (36633677)|VARIABLE_ASSIGNMENT|[138]|entry|佐賀県|0x131657c5
18:53:45.1 (36636319)|STATEMENT_EXECUTE|[138]
18:53:45.1 (36637076)|STATEMENT_EXECUTE|[139]
18:53:45.1 (36639030)|HEAP_ALLOCATE|[139]|Bytes:4
18:53:45.1 (36641115)|VARIABLE_SCOPE_BEGIN|[139]|option|Map<String,String>|true|false
18:53:45.1 (36645182)|VARIABLE_ASSIGNMENT|[139]|option|{}|0x53ad8b9c
18:53:45.1 (36647496)|STATEMENT_EXECUTE|[140]
18:53:45.1 (36649088)|HEAP_ALLOCATE|[140]|Bytes:3
18:53:45.1 (36651898)|HEAP_ALLOCATE|[EXTERNAL]|Bytes:-4
18:53:45.1 (36654399)|STATEMENT_EXECUTE|[141]
18:53:45.1 (36655983)|HEAP_ALLOCATE|[141]|Bytes:3
18:53:45.1 (36658860)|HEAP_ALLOCATE|[EXTERNAL]|Bytes:-4
18:53:45.1 (36661252)|STATEMENT_EXECUTE|[142]
18:53:45.1 (36663220)|HEAP_ALLOCATE|[EXTERNAL]|Bytes:4
18:53:45.1 (36667352)|HEAP_ALLOCATE|[138]|Bytes:5
18:53:45.1 (36670930)|HEAP_ALLOCATE|[138]|Bytes:4
18:53:45.1 (36672951)|VARIABLE_SCOPE_BEGIN|[138]|entry|Schema.PicklistEntry|true|false
18:53:45.1 (36681785)|VARIABLE_ASSIGNMENT|[138]|entry|長崎県|0x712ca26d
18:53:45.1 (36684397)|STATEMENT_EXECUTE|[138]
18:53:45.1 (36685183)|STATEMENT_EXECUTE|[139]
18:53:45.1 (36687315)|HEAP_ALLOCATE|[139]|Bytes:4
18:53:45.1 (36689717)|VARIABLE_SCOPE_BEGIN|[139]|option|Map<String,String>|true|false
18:53:45.1 (36693895)|VARIABLE_ASSIGNMENT|[139]|option|{}|0x728eeb77
18:53:45.1 (36696208)|STATEMENT_EXECUTE|[140]
18:53:45.1 (36697985)|HEAP_ALLOCATE|[140]|Bytes:3
18:53:45.1 (36700894)|HEAP_ALLOCATE|[EXTERNAL]|Bytes:-4
18:53:45.1 (36703315)|STATEMENT_EXECUTE|[141]
18:53:45.1 (36704952)|HEAP_ALLOCATE|[141]|Bytes:3
18:53:45.1 (36707805)|HEAP_ALLOCATE|[EXTERNAL]|Bytes:-4
18:53:45.1 (36710221)|STATEMENT_EXECUTE|[142]
18:53:45.1 (36712357)|HEAP_ALLOCATE|[EXTERNAL]|Bytes:4
18:53:45.1 (36716969)|HEAP_ALLOCATE|[138]|Bytes:5
18:53:45.1 (36720615)|HEAP_ALLOCATE|[138]|Bytes:4
18:53:45.1 (36722835)|VARIABLE_SCOPE_BEGIN|[138]|entry|Schema.PicklistEntry|true|false
18:53:45.1 (36727357)|VARIABLE_ASSIGNMENT|[138]|entry|熊本県|0x5307329c
18:53:45.1 (36729860)|STATEMENT_EXECUTE|[138]
18:53:45.1 (36730641)|STATEMENT_EXECUTE|[139]
18:53:45.1 (36732685)|HEAP_ALLOCATE|[139]|Bytes:4
18:53:45.1 (36734809)|VARIABLE_SCOPE_BEGIN|[139]|option|Map<String,String>|true|false
18:53:45.1 (36739135)|VARIABLE_ASSIGNMENT|[139]|option|{}|0x6c49a20b
18:53:45.1 (36741481)|STATEMENT_EXECUTE|[140]
18:53:45.1 (36743202)|HEAP_ALLOCATE|[140]|Bytes:3
18:53:45.1 (36746090)|HEAP_ALLOCATE|[EXTERNAL]|Bytes:-4
18:53:45.1 (36748670)|STATEMENT_EXECUTE|[141]
18:53:45.1 (36750266)|HEAP_ALLOCATE|[141]|Bytes:3
18:53:45.1 (36753052)|HEAP_ALLOCATE|[EXTERNAL]|Bytes:-4
18:53:45.1 (36755414)|STATEMENT_EXECUTE|[142]
18:53:45.1 (36757370)|HEAP_ALLOCATE|[EXTERNAL]|Bytes:4
18:53:45.1 (36761542)|HEAP_ALLOCATE|[138]|Bytes:5
18:53:45.1 (36765200)|HEAP_ALLOCATE|[138]|Bytes:4
18:53:45.1 (36767213)|VARIABLE_SCOPE_BEGIN|[138]|entry|Schema.PicklistEntry|true|false
18:53:45.1 (36771472)|VARIABLE_ASSIGNMENT|[138]|entry|大分県|0x78e24a25
18:53:45.1 (36774080)|STATEMENT_EXECUTE|[138]
18:53:45.1 (36774837)|STATEMENT_EXECUTE|[139]
18:53:45.1 (36776888)|HEAP_ALLOCATE|[139]|Bytes:4
18:53:45.1 (36778869)|VARIABLE_SCOPE_BEGIN|[139]|option|Map<String,String>|true|false
18:53:45.1 (36783022)|VARIABLE_ASSIGNMENT|[139]|option|{}|0x7d32c31d
18:53:45.1 (36785380)|STATEMENT_EXECUTE|[140]
18:53:45.1 (36786993)|HEAP_ALLOCATE|[140]|Bytes:3
18:53:45.1 (36789882)|HEAP_ALLOCATE|[EXTERNAL]|Bytes:-4
18:53:45.1 (36792512)|STATEMENT_EXECUTE|[141]
18:53:45.1 (36794065)|HEAP_ALLOCATE|[141]|Bytes:3
18:53:45.1 (36796866)|HEAP_ALLOCATE|[EXTERNAL]|Bytes:-4
18:53:45.1 (36799233)|STATEMENT_EXECUTE|[142]
18:53:45.1 (36801217)|HEAP_ALLOCATE|[EXTERNAL]|Bytes:4
18:53:45.1 (36805391)|HEAP_ALLOCATE|[138]|Bytes:5
18:53:45.1 (36808980)|HEAP_ALLOCATE|[138]|Bytes:4
18:53:45.1 (36811000)|VARIABLE_SCOPE_BEGIN|[138]|entry|Schema.PicklistEntry|true|false
18:53:45.1 (36815345)|VARIABLE_ASSIGNMENT|[138]|entry|宮崎県|0x17cb8df5
18:53:45.1 (36817800)|STATEMENT_EXECUTE|[138]
18:53:45.1 (36818565)|STATEMENT_EXECUTE|[139]
18:53:45.1 (36820644)|HEAP_ALLOCATE|[139]|Bytes:4
18:53:45.1 (36822677)|VARIABLE_SCOPE_BEGIN|[139]|option|Map<String,String>|true|false
18:53:45.1 (36826797)|VARIABLE_ASSIGNMENT|[139]|option|{}|0x36332cfd
18:53:45.1 (36829085)|STATEMENT_EXECUTE|[140]
18:53:45.1 (36830800)|HEAP_ALLOCATE|[140]|Bytes:3
18:53:45.1 (36833732)|HEAP_ALLOCATE|[EXTERNAL]|Bytes:-4
18:53:45.1 (36836185)|STATEMENT_EXECUTE|[141]
18:53:45.1 (36837813)|HEAP_ALLOCATE|[141]|Bytes:3
18:53:45.1 (36840609)|HEAP_ALLOCATE|[EXTERNAL]|Bytes:-4
18:53:45.1 (36842965)|STATEMENT_EXECUTE|[142]
18:53:45.1 (36844925)|HEAP_ALLOCATE|[EXTERNAL]|Bytes:4
18:53:45.1 (36849114)|HEAP_ALLOCATE|[138]|Bytes:5
18:53:45.1 (36852630)|HEAP_ALLOCATE|[138]|Bytes:4
18:53:45.1 (36854682)|VARIABLE_SCOPE_BEGIN|[138]|entry|Schema.PicklistEntry|true|false
18:53:45.1 (36859035)|VARIABLE_ASSIGNMENT|[138]|entry|鹿児島県|0x5ceaeb7c
18:53:45.1 (36861605)|STATEMENT_EXECUTE|[138]
18:53:45.1 (36862358)|STATEMENT_EXECUTE|[139]
18:53:45.1 (36864385)|HEAP_ALLOCATE|[139]|Bytes:4
18:53:45.1 (36866540)|VARIABLE_SCOPE_BEGIN|[139]|option|Map<String,String>|true|false
18:53:45.1 (36870710)|VARIABLE_ASSIGNMENT|[139]|option|{}|0x372bf1d7
18:53:45.1 (36873029)|STATEMENT_EXECUTE|[140]
18:53:45.1 (36874752)|HEAP_ALLOCATE|[140]|Bytes:4
18:53:45.1 (36878112)|HEAP_ALLOCATE|[EXTERNAL]|Bytes:-4
18:53:45.1 (36880638)|STATEMENT_EXECUTE|[141]
18:53:45.1 (36882349)|HEAP_ALLOCATE|[141]|Bytes:4
18:53:45.1 (36885260)|HEAP_ALLOCATE|[EXTERNAL]|Bytes:-4
18:53:45.1 (36887674)|STATEMENT_EXECUTE|[142]
18:53:45.1 (36889639)|HEAP_ALLOCATE|[EXTERNAL]|Bytes:4
18:53:45.1 (36893850)|HEAP_ALLOCATE|[138]|Bytes:5
18:53:45.1 (36897399)|HEAP_ALLOCATE|[138]|Bytes:4
18:53:45.1 (36899437)|VARIABLE_SCOPE_BEGIN|[138]|entry|Schema.PicklistEntry|true|false
18:53:45.1 (36903586)|VARIABLE_ASSIGNMENT|[138]|entry|沖縄県|0x7cc476e2
18:53:45.1 (36906225)|STATEMENT_EXECUTE|[138]
18:53:45.1 (36907035)|STATEMENT_EXECUTE|[139]
18:53:45.1 (36909016)|HEAP_ALLOCATE|[139]|Bytes:4
18:53:45.1 (36911061)|VARIABLE_SCOPE_BEGIN|[139]|option|Map<String,String>|true|false
18:53:45.1 (36915188)|VARIABLE_ASSIGNMENT|[139]|option|{}|0x53bfe943
18:53:45.1 (36917480)|STATEMENT_EXECUTE|[140]
18:53:45.1 (36919270)|HEAP_ALLOCATE|[140]|Bytes:3
18:53:45.1 (36922131)|HEAP_ALLOCATE|[EXTERNAL]|Bytes:-4
18:53:45.1 (36924590)|STATEMENT_EXECUTE|[141]
18:53:45.1 (36926287)|HEAP_ALLOCATE|[141]|Bytes:3
18:53:45.1 (36929050)|HEAP_ALLOCATE|[EXTERNAL]|Bytes:-4
18:53:45.1 (36931425)|STATEMENT_EXECUTE|[142]
18:53:45.1 (36933392)|HEAP_ALLOCATE|[EXTERNAL]|Bytes:4
18:53:45.1 (36937620)|HEAP_ALLOCATE|[138]|Bytes:5
18:53:45.1 (36943564)|VARIABLE_ASSIGNMENT|[138]|entry|null|
18:53:45.1 (36949098)|STATEMENT_EXECUTE|[147]
18:53:45.1 (36965388)|METHOD_EXIT|[113]|01pBK000001mgyr|RegistrationInfoController.getPicklistValuesWithEmpty(Schema.SObjectField, String)
18:53:45.37 (37021142)|CUMULATIVE_LIMIT_USAGE
18:53:45.37 (37021142)|LIMIT_USAGE_FOR_NS|(default)|
  Number of SOQL queries: 0 out of 100
  Number of query rows: 0 out of 50000
  Number of SOSL queries: 0 out of 20
  Number of DML statements: 0 out of 0
  Number of Publish Immediate DML: 0 out of 150
  Number of DML rows: 0 out of 10000
  Maximum CPU time: 0 out of 10000
  Maximum heap size: 0 out of 6000000
  Number of callouts: 0 out of 100
  Number of Email Invocations: 0 out of 10
  Number of future calls: 0 out of 50
  Number of queueable jobs added to the queue: 0 out of 50
  Number of Mobile Apex push calls: 0 out of 10

18:53:45.37 (37021142)|CUMULATIVE_LIMIT_USAGE_END

18:53:45.1 (37043719)|CODE_UNIT_FINISHED|RegistrationInfoController.getPrefecturePicklistValues()
18:53:45.1 (37210179)|CODE_UNIT_FINISHED|apex://RegistrationInfoController/ACTION$getPrefecturePicklistValues
18:53:45.1 (37214421)|EXECUTION_FINISHED
