66.0 APEX_CODE,FINEST;APEX_PROFILING,INFO;CALLOUT,INFO;DATA_ACCESS,INFO;DB,INFO;NBA,INFO;SYSTEM,DEBUG;VALIDATION,INFO;VISUALFORCE,INFO;WAVE,INFO;WORKFLOW,INFO
15:44:14.0 (265424)|USER_INFO|[EXTERNAL]|0057F0000042UBb|ishibashi@hurex.co.jp.dev1|(GMT+09:00) 日本標準時 (Asia/Tokyo)|GMT+09:00
15:44:14.0 (309245)|EXECUTION_STARTED
15:44:14.0 (322170)|CODE_UNIT_STARTED|[EXTERNAL]|apex://CustomNotificationController/ACTION$getNotifications
15:44:14.0 (2478773)|CODE_UNIT_STARTED|[EXTERNAL]|01pBK000001VvEL|CustomNotificationController.getNotifications(String)
15:44:14.0 (2776847)|HEAP_ALLOCATE|[95]|Bytes:3
15:44:14.0 (2886049)|HEAP_ALLOCATE|[100]|Bytes:152
15:44:14.0 (2905085)|HEAP_ALLOCATE|[417]|Bytes:408
15:44:14.0 (2920526)|HEAP_ALLOCATE|[430]|Bytes:408
15:44:14.0 (2952291)|HEAP_ALLOCATE|[317]|Bytes:6
15:44:14.0 (3024519)|HEAP_ALLOCATE|[EXTERNAL]|Bytes:7
15:44:14.0 (3040816)|METHOD_ENTRY|[1]|01pBK000001VvEL|CustomNotificationController.CustomNotificationController()
15:44:14.0 (3047504)|STATEMENT_EXECUTE|[1]
15:44:14.0 (3054394)|STATEMENT_EXECUTE|[1]
15:44:14.0 (3079134)|HEAP_ALLOCATE|[68]|Bytes:5
15:44:14.0 (3112448)|HEAP_ALLOCATE|[74]|Bytes:5
15:44:14.0 (3121736)|HEAP_ALLOCATE|[82]|Bytes:7
15:44:14.0 (3314317)|HEAP_ALLOCATE|[EXTERNAL]|Bytes:5
15:44:14.0 (3328712)|METHOD_EXIT|[1]|CustomNotificationController
15:44:14.0 (3338275)|VARIABLE_SCOPE_BEGIN|[5]|before|String|false|false
15:44:14.0 (3371377)|VARIABLE_ASSIGNMENT|[5]|before|null
15:44:14.0 (3383300)|HEAP_ALLOCATE|[6]|Bytes:5
15:44:14.0 (3386312)|STATEMENT_EXECUTE|[5]
15:44:14.0 (3387426)|STATEMENT_EXECUTE|[6]
15:44:14.0 (3416392)|VARIABLE_SCOPE_BEGIN|[6]|req|System.HttpRequest|true|false
15:44:14.0 (3643747)|VARIABLE_ASSIGNMENT|[6]|req|"System.HttpRequest[Endpoint=null, Method=null]"|0x80e1fc4
15:44:14.0 (3650744)|STATEMENT_EXECUTE|[7]
15:44:14.0 (3653973)|HEAP_ALLOCATE|[7]|Bytes:3
15:44:14.0 (3729478)|STATEMENT_EXECUTE|[8]
15:44:14.0 (3731157)|HEAP_ALLOCATE|[8]|Bytes:13
15:44:14.0 (3733785)|HEAP_ALLOCATE|[8]|Bytes:7
15:44:14.0 (3785572)|HEAP_ALLOCATE|[8]|Bytes:105
15:44:14.0 (3793744)|SYSTEM_METHOD_ENTRY|[1]|UserInfo.UserInfo()
15:44:14.0 (3795972)|STATEMENT_EXECUTE|[1]
15:44:14.0 (3801351)|SYSTEM_METHOD_EXIT|[1]|UserInfo
15:44:14.0 (3810880)|METHOD_ENTRY|[8]||System.UserInfo.getSessionId()
15:44:14.0 (14441861)|METHOD_EXIT|[8]||System.UserInfo.getSessionId()
15:44:14.0 (14482011)|HEAP_ALLOCATE|[8]|Bytes:119
15:44:14.0 (14538212)|STATEMENT_EXECUTE|[10]
15:44:14.0 (14600542)|HEAP_ALLOCATE|[10]|Bytes:67
15:44:14.0 (14621301)|SYSTEM_METHOD_ENTRY|[1]|Url.Url()
15:44:14.0 (14624535)|STATEMENT_EXECUTE|[1]
15:44:14.0 (14635400)|SYSTEM_METHOD_EXIT|[1]|Url
15:44:14.0 (14647246)|METHOD_ENTRY|[10]||System.Url.getOrgDomainUrl()
15:44:14.0 (14911366)|METHOD_EXIT|[10]||System.Url.getOrgDomainUrl()
15:44:14.0 (14928546)|METHOD_ENTRY|[10]||System.Url.toExternalForm()
15:44:14.0 (14962320)|METHOD_EXIT|[10]||System.Url.toExternalForm()
15:44:14.0 (14966110)|VARIABLE_SCOPE_BEGIN|[10]|domainPath|String|false|false
15:44:14.0 (14990106)|VARIABLE_ASSIGNMENT|[10]|domainPath|"https://hurex--dev1. (25 more) ..."
15:44:14.0 (14994007)|STATEMENT_EXECUTE|[11]
15:44:14.0 (14996974)|HEAP_ALLOCATE|[11]|Bytes:50
15:44:14.0 (15003828)|HEAP_ALLOCATE|[11]|Bytes:95
15:44:14.0 (15007697)|VARIABLE_SCOPE_BEGIN|[11]|endpoint|String|false|false
15:44:14.0 (15012759)|VARIABLE_ASSIGNMENT|[11]|endpoint|"https://hurex--dev1. (75 more) ..."
15:44:14.0 (15062080)|STATEMENT_EXECUTE|[13]
15:44:14.0 (15063264)|STATEMENT_EXECUTE|[16]
15:44:14.0 (15092538)|STATEMENT_EXECUTE|[18]
15:44:14.0 (15112245)|VARIABLE_SCOPE_BEGIN|[18]|http|System.Http|true|false
15:44:14.0 (15214546)|VARIABLE_ASSIGNMENT|[18]|http|"System.Http[]"|0x6b9553ba
15:44:14.0 (15219717)|STATEMENT_EXECUTE|[19]
15:44:14.0 (15292726)|CALLOUT_REQUEST|[19]|System.HttpRequest[Endpoint=https://hurex--dev1.sandbox.my.salesforce.com/services/data/v56.0/connect/notifications?size=20, Method=GET]
15:44:14.0 (398261201)|HEAP_ALLOCATE|[EXTERNAL]|Bytes:15126
15:44:14.0 (404495594)|CALLOUT_RESPONSE|[19]|System.HttpResponse[Status=OK, StatusCode=200]
15:44:14.0 (404531128)|HEAP_ALLOCATE|[19]|Bytes:14281
15:44:14.0 (404567096)|VARIABLE_SCOPE_BEGIN|[19]|res|System.HttpResponse|true|false
15:44:14.0 (404645998)|VARIABLE_ASSIGNMENT|[19]|res|"System.HttpResponse[Status=OK, StatusCode=200]"|0x615e56ed
15:44:14.0 (404713664)|STATEMENT_EXECUTE|[21]
15:44:14.0 (404715726)|STATEMENT_EXECUTE|[22]
15:44:14.0 (405332409)|HEAP_ALLOCATE|[22]|Bytes:13995
15:44:14.405 (405386390)|CUMULATIVE_LIMIT_USAGE
15:44:14.405 (405386390)|LIMIT_USAGE_FOR_NS|(default)|
  Number of SOQL queries: 0 out of 100
  Number of query rows: 0 out of 50000
  Number of SOSL queries: 0 out of 20
  Number of DML statements: 0 out of 150
  Number of Publish Immediate DML: 0 out of 150
  Number of DML rows: 0 out of 10000
  Maximum CPU time: 0 out of 10000
  Maximum heap size: 0 out of 6000000
  Number of callouts: 1 out of 100
  Number of Email Invocations: 0 out of 10
  Number of future calls: 0 out of 50
  Number of queueable jobs added to the queue: 0 out of 50
  Number of Mobile Apex push calls: 0 out of 10

15:44:14.405 (405386390)|CUMULATIVE_LIMIT_USAGE_END

15:44:14.0 (405419743)|CODE_UNIT_FINISHED|CustomNotificationController.getNotifications(String)
15:44:14.0 (405578291)|CODE_UNIT_FINISHED|apex://CustomNotificationController/ACTION$getNotifications
15:44:14.0 (405582912)|EXECUTION_FINISHED
