66.0 APEX_CODE,FINEST;APEX_PROFILING,INFO;CALLOUT,INFO;DATA_ACCESS,INFO;DB,INFO;NBA,INFO;SYSTEM,DEBUG;VALIDATION,INFO;VISUALFORCE,INFO;WAVE,INFO;WORKFLOW,INFO
15:54:53.1 (1598716)|USER_INFO|[EXTERNAL]|0057F0000042UBb|ishibashi@hurex.co.jp.dev1|(GMT+09:00) 日本標準時 (Asia/Tokyo)|GMT+09:00
15:54:53.1 (1632492)|EXECUTION_STARTED
15:54:53.1 (1644358)|CODE_UNIT_STARTED|[EXTERNAL]|apex://CustomNotificationController/ACTION$getNotifications
15:54:53.1 (3657937)|CODE_UNIT_STARTED|[EXTERNAL]|01pBK000001VvEL|CustomNotificationController.getNotifications(String)
15:54:53.1 (6438706)|HEAP_ALLOCATE|[95]|Bytes:3
15:54:53.1 (6528761)|HEAP_ALLOCATE|[100]|Bytes:152
15:54:53.1 (6543229)|HEAP_ALLOCATE|[417]|Bytes:408
15:54:53.1 (6553580)|HEAP_ALLOCATE|[430]|Bytes:408
15:54:53.1 (6574695)|HEAP_ALLOCATE|[317]|Bytes:6
15:54:53.1 (6630839)|HEAP_ALLOCATE|[EXTERNAL]|Bytes:7
15:54:53.1 (6642019)|METHOD_ENTRY|[1]|01pBK000001VvEL|CustomNotificationController.CustomNotificationController()
15:54:53.1 (6646297)|STATEMENT_EXECUTE|[1]
15:54:53.1 (6650699)|STATEMENT_EXECUTE|[1]
15:54:53.1 (6669001)|HEAP_ALLOCATE|[68]|Bytes:5
15:54:53.1 (6692749)|HEAP_ALLOCATE|[74]|Bytes:5
15:54:53.1 (6698489)|HEAP_ALLOCATE|[82]|Bytes:7
15:54:53.1 (7056732)|HEAP_ALLOCATE|[EXTERNAL]|Bytes:5
15:54:53.1 (7075142)|METHOD_EXIT|[1]|CustomNotificationController
15:54:53.1 (7082673)|VARIABLE_SCOPE_BEGIN|[5]|before|String|false|false
15:54:53.1 (7109863)|VARIABLE_ASSIGNMENT|[5]|before|null
15:54:53.1 (7122316)|HEAP_ALLOCATE|[6]|Bytes:5
15:54:53.1 (7125399)|STATEMENT_EXECUTE|[5]
15:54:53.1 (7126664)|STATEMENT_EXECUTE|[6]
15:54:53.1 (7151937)|VARIABLE_SCOPE_BEGIN|[6]|req|System.HttpRequest|true|false
15:54:53.1 (7354210)|VARIABLE_ASSIGNMENT|[6]|req|"System.HttpRequest[Endpoint=null, Method=null]"|0xeb49c41
15:54:53.1 (7359612)|STATEMENT_EXECUTE|[7]
15:54:53.1 (7362571)|HEAP_ALLOCATE|[7]|Bytes:3
15:54:53.1 (7422463)|STATEMENT_EXECUTE|[8]
15:54:53.1 (7423816)|HEAP_ALLOCATE|[8]|Bytes:13
15:54:53.1 (7426506)|HEAP_ALLOCATE|[8]|Bytes:7
15:54:53.1 (7469021)|HEAP_ALLOCATE|[8]|Bytes:105
15:54:53.1 (7476756)|SYSTEM_METHOD_ENTRY|[1]|UserInfo.UserInfo()
15:54:53.1 (7479019)|STATEMENT_EXECUTE|[1]
15:54:53.1 (7485342)|SYSTEM_METHOD_EXIT|[1]|UserInfo
15:54:53.1 (7495034)|METHOD_ENTRY|[8]||System.UserInfo.getSessionId()
15:54:53.1 (12799950)|METHOD_EXIT|[8]||System.UserInfo.getSessionId()
15:54:53.1 (12832810)|HEAP_ALLOCATE|[8]|Bytes:119
15:54:53.1 (12879119)|STATEMENT_EXECUTE|[10]
15:54:53.1 (12928856)|HEAP_ALLOCATE|[10]|Bytes:67
15:54:53.1 (12942795)|SYSTEM_METHOD_ENTRY|[1]|Url.Url()
15:54:53.1 (12945029)|STATEMENT_EXECUTE|[1]
15:54:53.1 (12951797)|SYSTEM_METHOD_EXIT|[1]|Url
15:54:53.1 (12960683)|METHOD_ENTRY|[10]||System.Url.getOrgDomainUrl()
15:54:53.1 (13161951)|METHOD_EXIT|[10]||System.Url.getOrgDomainUrl()
15:54:53.1 (13175278)|METHOD_ENTRY|[10]||System.Url.toExternalForm()
15:54:53.1 (13204369)|METHOD_EXIT|[10]||System.Url.toExternalForm()
15:54:53.1 (13207090)|VARIABLE_SCOPE_BEGIN|[10]|domainPath|String|false|false
15:54:53.1 (13224452)|VARIABLE_ASSIGNMENT|[10]|domainPath|"https://hurex--dev1. (25 more) ..."
15:54:53.1 (13227244)|STATEMENT_EXECUTE|[11]
15:54:53.1 (13230182)|HEAP_ALLOCATE|[11]|Bytes:50
15:54:53.1 (13235290)|HEAP_ALLOCATE|[11]|Bytes:95
15:54:53.1 (13237822)|VARIABLE_SCOPE_BEGIN|[11]|endpoint|String|false|false
15:54:53.1 (13242972)|VARIABLE_ASSIGNMENT|[11]|endpoint|"https://hurex--dev1. (75 more) ..."
15:54:53.1 (13284396)|STATEMENT_EXECUTE|[13]
15:54:53.1 (13285495)|STATEMENT_EXECUTE|[16]
15:54:53.1 (13306319)|STATEMENT_EXECUTE|[18]
15:54:53.1 (13324401)|VARIABLE_SCOPE_BEGIN|[18]|http|System.Http|true|false
15:54:53.1 (13423062)|VARIABLE_ASSIGNMENT|[18]|http|"System.Http[]"|0x21bda02d
15:54:53.1 (13427173)|STATEMENT_EXECUTE|[19]
15:54:53.1 (13505291)|CALLOUT_REQUEST|[19]|System.HttpRequest[Endpoint=https://hurex--dev1.sandbox.my.salesforce.com/services/data/v56.0/connect/notifications?size=20, Method=GET]
15:54:53.1 (260759839)|HEAP_ALLOCATE|[EXTERNAL]|Bytes:15126
15:54:53.1 (265184345)|CALLOUT_RESPONSE|[19]|System.HttpResponse[Status=OK, StatusCode=200]
15:54:53.1 (265216711)|HEAP_ALLOCATE|[19]|Bytes:14281
15:54:53.1 (265250018)|VARIABLE_SCOPE_BEGIN|[19]|res|System.HttpResponse|true|false
15:54:53.1 (265366628)|VARIABLE_ASSIGNMENT|[19]|res|"System.HttpResponse[Status=OK, StatusCode=200]"|0x6d4d669a
15:54:53.1 (265446149)|STATEMENT_EXECUTE|[21]
15:54:53.1 (265449365)|STATEMENT_EXECUTE|[22]
15:54:53.1 (266146007)|HEAP_ALLOCATE|[22]|Bytes:13995
15:54:53.266 (266209080)|CUMULATIVE_LIMIT_USAGE
15:54:53.266 (266209080)|LIMIT_USAGE_FOR_NS|(default)|
  Number of SOQL queries: 0 out of 100
  Number of query rows: 0 out of 50000
  Number of SOSL queries: 0 out of 20
  Number of DML statements: 0 out of 150
  Number of Publish Immediate DML: 0 out of 150
  Number of DML rows: 0 out of 10000
  Maximum CPU time: 0 out of 10000
  Maximum heap size: 0 out of 6000000
  Number of callouts: 1 out of 100
  Number of Email Invocations: 0 out of 10
  Number of future calls: 0 out of 50
  Number of queueable jobs added to the queue: 0 out of 50
  Number of Mobile Apex push calls: 0 out of 10

15:54:53.266 (266209080)|CUMULATIVE_LIMIT_USAGE_END

15:54:53.1 (266246318)|CODE_UNIT_FINISHED|CustomNotificationController.getNotifications(String)
15:54:53.1 (266449825)|CODE_UNIT_FINISHED|apex://CustomNotificationController/ACTION$getNotifications
15:54:53.1 (266457153)|EXECUTION_FINISHED
