66.0 APEX_CODE,FINEST;APEX_PROFILING,INFO;CALLOUT,INFO;DATA_ACCESS,INFO;DB,INFO;NBA,INFO;SYSTEM,DEBUG;VALIDATION,INFO;VISUALFORCE,INFO;WAVE,INFO;WORKFLOW,INFO
15:26:04.0 (707413)|USER_INFO|[EXTERNAL]|0057F0000042UBb|ishibashi@hurex.co.jp.dev1|(GMT+09:00) 日本標準時 (Asia/Tokyo)|GMT+09:00
15:26:04.0 (741341)|EXECUTION_STARTED
15:26:04.0 (754626)|CODE_UNIT_STARTED|[EXTERNAL]|apex://CustomNotificationController/ACTION$getNotifications
15:26:04.0 (1836617)|CODE_UNIT_STARTED|[EXTERNAL]|01pBK000001VvEL|CustomNotificationController.getNotifications(String)
15:26:04.0 (5395526)|HEAP_ALLOCATE|[95]|Bytes:3
15:26:04.0 (5505709)|HEAP_ALLOCATE|[100]|Bytes:152
15:26:04.0 (5523745)|HEAP_ALLOCATE|[417]|Bytes:408
15:26:04.0 (5540326)|HEAP_ALLOCATE|[430]|Bytes:408
15:26:04.0 (5569088)|HEAP_ALLOCATE|[317]|Bytes:6
15:26:04.0 (5621108)|HEAP_ALLOCATE|[EXTERNAL]|Bytes:7
15:26:04.0 (5644143)|METHOD_ENTRY|[1]|01pBK000001VvEL|CustomNotificationController.CustomNotificationController()
15:26:04.0 (5653867)|STATEMENT_EXECUTE|[1]
15:26:04.0 (5662090)|STATEMENT_EXECUTE|[1]
15:26:04.0 (5691962)|HEAP_ALLOCATE|[68]|Bytes:5
15:26:04.0 (5719977)|HEAP_ALLOCATE|[74]|Bytes:5
15:26:04.0 (5727577)|HEAP_ALLOCATE|[82]|Bytes:7
15:26:04.0 (5928227)|HEAP_ALLOCATE|[EXTERNAL]|Bytes:5
15:26:04.0 (5945101)|METHOD_EXIT|[1]|CustomNotificationController
15:26:04.0 (5954383)|VARIABLE_SCOPE_BEGIN|[5]|before|String|false|false
15:26:04.0 (6008445)|VARIABLE_ASSIGNMENT|[5]|before|null
15:26:04.0 (6020574)|HEAP_ALLOCATE|[6]|Bytes:5
15:26:04.0 (6024900)|STATEMENT_EXECUTE|[5]
15:26:04.0 (6026451)|STATEMENT_EXECUTE|[6]
15:26:04.0 (6061802)|VARIABLE_SCOPE_BEGIN|[6]|req|System.HttpRequest|true|false
15:26:04.0 (6355628)|VARIABLE_ASSIGNMENT|[6]|req|"System.HttpRequest[Endpoint=null, Method=null]"|0x727ee3c3
15:26:04.0 (6363511)|STATEMENT_EXECUTE|[7]
15:26:04.0 (6367461)|HEAP_ALLOCATE|[7]|Bytes:3
15:26:04.0 (6443410)|STATEMENT_EXECUTE|[8]
15:26:04.0 (6446225)|HEAP_ALLOCATE|[8]|Bytes:13
15:26:04.0 (6449960)|HEAP_ALLOCATE|[8]|Bytes:7
15:26:04.0 (6494826)|HEAP_ALLOCATE|[8]|Bytes:105
15:26:04.0 (6504592)|SYSTEM_METHOD_ENTRY|[1]|UserInfo.UserInfo()
15:26:04.0 (6508027)|STATEMENT_EXECUTE|[1]
15:26:04.0 (6514840)|SYSTEM_METHOD_EXIT|[1]|UserInfo
15:26:04.0 (6536035)|METHOD_ENTRY|[8]||System.UserInfo.getSessionId()
15:26:04.0 (16176496)|METHOD_EXIT|[8]||System.UserInfo.getSessionId()
15:26:04.0 (16221203)|HEAP_ALLOCATE|[8]|Bytes:119
15:26:04.0 (16278030)|STATEMENT_EXECUTE|[10]
15:26:04.0 (16341771)|HEAP_ALLOCATE|[10]|Bytes:67
15:26:04.0 (16355611)|SYSTEM_METHOD_ENTRY|[1]|Url.Url()
15:26:04.0 (16357934)|STATEMENT_EXECUTE|[1]
15:26:04.0 (16365930)|SYSTEM_METHOD_EXIT|[1]|Url
15:26:04.0 (16375662)|METHOD_ENTRY|[10]||System.Url.getOrgDomainUrl()
15:26:04.0 (16638184)|METHOD_EXIT|[10]||System.Url.getOrgDomainUrl()
15:26:04.0 (16658140)|METHOD_ENTRY|[10]||System.Url.toExternalForm()
15:26:04.0 (16701353)|METHOD_EXIT|[10]||System.Url.toExternalForm()
15:26:04.0 (16707248)|VARIABLE_SCOPE_BEGIN|[10]|domainPath|String|false|false
15:26:04.0 (16740702)|VARIABLE_ASSIGNMENT|[10]|domainPath|"https://hurex--dev1. (25 more) ..."
15:26:04.0 (16745673)|STATEMENT_EXECUTE|[11]
15:26:04.0 (16749127)|HEAP_ALLOCATE|[11]|Bytes:50
15:26:04.0 (16758684)|HEAP_ALLOCATE|[11]|Bytes:95
15:26:04.0 (16762818)|VARIABLE_SCOPE_BEGIN|[11]|endpoint|String|false|false
15:26:04.0 (16771544)|VARIABLE_ASSIGNMENT|[11]|endpoint|"https://hurex--dev1. (75 more) ..."
15:26:04.0 (16833420)|STATEMENT_EXECUTE|[13]
15:26:04.0 (16835320)|STATEMENT_EXECUTE|[16]
15:26:04.0 (16883927)|STATEMENT_EXECUTE|[18]
15:26:04.0 (16908204)|VARIABLE_SCOPE_BEGIN|[18]|http|System.Http|true|false
15:26:04.0 (17085482)|VARIABLE_ASSIGNMENT|[18]|http|"System.Http[]"|0x2e1f151f
15:26:04.0 (17093514)|STATEMENT_EXECUTE|[19]
15:26:04.0 (17173831)|CALLOUT_REQUEST|[19]|System.HttpRequest[Endpoint=https://hurex--dev1.sandbox.my.salesforce.com/services/data/v56.0/connect/notifications?size=20, Method=GET]
15:26:04.0 (86312706)|HEAP_ALLOCATE|[EXTERNAL]|Bytes:939
15:26:04.0 (88288036)|CALLOUT_RESPONSE|[19]|System.HttpResponse[Status=Unauthorized, StatusCode=401]
15:26:04.0 (88313681)|HEAP_ALLOCATE|[19]|Bytes:91
15:26:04.0 (88342380)|VARIABLE_SCOPE_BEGIN|[19]|res|System.HttpResponse|true|false
15:26:04.0 (88404476)|VARIABLE_ASSIGNMENT|[19]|res|"System.HttpResponse[Status=Unauthorized, StatusCode=401]"|0x3c8c30bd
15:26:04.0 (88456120)|STATEMENT_EXECUTE|[23]
15:26:04.0 (88457579)|STATEMENT_EXECUTE|[24]
15:26:04.0 (88500547)|HEAP_ALLOCATE|[24]|Bytes:9
15:26:04.0 (88524328)|HEAP_ALLOCATE|[24]|Bytes:75
15:26:04.0 (88536970)|HEAP_ALLOCATE|[24]|Bytes:84
15:26:04.0 (88715152)|FATAL_ERROR|System.AuraHandledException: Script-thrown exception

Class.CustomNotificationController.getNotifications: line 24, column 1
15:26:04.0 (88729274)|FATAL_ERROR|System.AuraHandledException: Script-thrown exception

Class.CustomNotificationController.getNotifications: line 24, column 1
15:26:04.88 (88736580)|CUMULATIVE_LIMIT_USAGE
15:26:04.88 (88736580)|LIMIT_USAGE_FOR_NS|(default)|
  Number of SOQL queries: 0 out of 100
  Number of query rows: 0 out of 50000
  Number of SOSL queries: 0 out of 20
  Number of DML statements: 0 out of 150
  Number of Publish Immediate DML: 0 out of 150
  Number of DML rows: 0 out of 10000
  Maximum CPU time: 0 out of 10000
  Maximum heap size: 0 out of 6000000
  Number of callouts: 1 out of 100
  Number of Email Invocations: 0 out of 10
  Number of future calls: 0 out of 50
  Number of queueable jobs added to the queue: 0 out of 50
  Number of Mobile Apex push calls: 0 out of 10

15:26:04.88 (88736580)|CUMULATIVE_LIMIT_USAGE_END

15:26:04.0 (88768551)|CODE_UNIT_FINISHED|CustomNotificationController.getNotifications(String)
15:26:04.0 (88997088)|CODE_UNIT_FINISHED|apex://CustomNotificationController/ACTION$getNotifications
15:26:04.0 (89003846)|EXECUTION_FINISHED
