66.0 APEX_CODE,FINEST;APEX_PROFILING,INFO;CALLOUT,INFO;DATA_ACCESS,INFO;DB,INFO;NBA,INFO;SYSTEM,DEBUG;VALIDATION,INFO;VISUALFORCE,INFO;WAVE,INFO;WORKFLOW,INFO
16:05:22.0 (808795)|USER_INFO|[EXTERNAL]|0057F0000042UBb|ishibashi@hurex.co.jp.dev1|(GMT+09:00) 日本標準時 (Asia/Tokyo)|GMT+09:00
16:05:22.0 (845802)|EXECUTION_STARTED
16:05:22.0 (856911)|CODE_UNIT_STARTED|[EXTERNAL]|apex://CustomNotificationController/ACTION$getNotifications
16:05:22.0 (2042888)|CODE_UNIT_STARTED|[EXTERNAL]|01pBK000001VvEL|CustomNotificationController.getNotifications(String)
16:05:22.0 (5576027)|HEAP_ALLOCATE|[95]|Bytes:3
16:05:22.0 (5675514)|HEAP_ALLOCATE|[100]|Bytes:152
16:05:22.0 (5690407)|HEAP_ALLOCATE|[417]|Bytes:408
16:05:22.0 (5702046)|HEAP_ALLOCATE|[430]|Bytes:408
16:05:22.0 (5722210)|HEAP_ALLOCATE|[317]|Bytes:6
16:05:22.0 (5779996)|HEAP_ALLOCATE|[EXTERNAL]|Bytes:7
16:05:22.0 (5790806)|METHOD_ENTRY|[1]|01pBK000001VvEL|CustomNotificationController.CustomNotificationController()
16:05:22.0 (5797983)|STATEMENT_EXECUTE|[1]
16:05:22.0 (5802424)|STATEMENT_EXECUTE|[1]
16:05:22.0 (5818900)|HEAP_ALLOCATE|[68]|Bytes:5
16:05:22.0 (5839165)|HEAP_ALLOCATE|[74]|Bytes:5
16:05:22.0 (5843982)|HEAP_ALLOCATE|[82]|Bytes:7
16:05:22.0 (6002294)|HEAP_ALLOCATE|[EXTERNAL]|Bytes:5
16:05:22.0 (6012479)|METHOD_EXIT|[1]|CustomNotificationController
16:05:22.0 (6018566)|VARIABLE_SCOPE_BEGIN|[5]|before|String|false|false
16:05:22.0 (6043870)|VARIABLE_ASSIGNMENT|[5]|before|null
16:05:22.0 (6052849)|HEAP_ALLOCATE|[6]|Bytes:5
16:05:22.0 (6055826)|STATEMENT_EXECUTE|[5]
16:05:22.0 (6056877)|STATEMENT_EXECUTE|[6]
16:05:22.0 (6079810)|VARIABLE_SCOPE_BEGIN|[6]|req|System.HttpRequest|true|false
16:05:22.0 (6314618)|VARIABLE_ASSIGNMENT|[6]|req|"System.HttpRequest[Endpoint=null, Method=null]"|0x12d3eba5
16:05:22.0 (6322594)|STATEMENT_EXECUTE|[7]
16:05:22.0 (6325863)|HEAP_ALLOCATE|[7]|Bytes:3
16:05:22.0 (6405500)|STATEMENT_EXECUTE|[8]
16:05:22.0 (6408172)|HEAP_ALLOCATE|[8]|Bytes:13
16:05:22.0 (6412451)|HEAP_ALLOCATE|[8]|Bytes:7
16:05:22.0 (6462341)|HEAP_ALLOCATE|[8]|Bytes:105
16:05:22.0 (6471583)|SYSTEM_METHOD_ENTRY|[1]|UserInfo.UserInfo()
16:05:22.0 (6474014)|STATEMENT_EXECUTE|[1]
16:05:22.0 (6479034)|SYSTEM_METHOD_EXIT|[1]|UserInfo
16:05:22.0 (6488641)|METHOD_ENTRY|[8]||System.UserInfo.getSessionId()
16:05:22.0 (16809438)|METHOD_EXIT|[8]||System.UserInfo.getSessionId()
16:05:22.0 (16869719)|HEAP_ALLOCATE|[8]|Bytes:119
16:05:22.0 (16933229)|STATEMENT_EXECUTE|[10]
16:05:22.0 (17009164)|HEAP_ALLOCATE|[10]|Bytes:67
16:05:22.0 (17026657)|SYSTEM_METHOD_ENTRY|[1]|Url.Url()
16:05:22.0 (17029048)|STATEMENT_EXECUTE|[1]
16:05:22.0 (17036759)|SYSTEM_METHOD_EXIT|[1]|Url
16:05:22.0 (17045790)|METHOD_ENTRY|[10]||System.Url.getOrgDomainUrl()
16:05:22.0 (17335936)|METHOD_EXIT|[10]||System.Url.getOrgDomainUrl()
16:05:22.0 (17356188)|METHOD_ENTRY|[10]||System.Url.toExternalForm()
16:05:22.0 (17389168)|METHOD_EXIT|[10]||System.Url.toExternalForm()
16:05:22.0 (17393360)|VARIABLE_SCOPE_BEGIN|[10]|domainPath|String|false|false
16:05:22.0 (17414243)|VARIABLE_ASSIGNMENT|[10]|domainPath|"https://hurex--dev1. (25 more) ..."
16:05:22.0 (17417784)|STATEMENT_EXECUTE|[11]
16:05:22.0 (17420918)|HEAP_ALLOCATE|[11]|Bytes:50
16:05:22.0 (17429247)|HEAP_ALLOCATE|[11]|Bytes:95
16:05:22.0 (17431940)|VARIABLE_SCOPE_BEGIN|[11]|endpoint|String|false|false
16:05:22.0 (17437256)|VARIABLE_ASSIGNMENT|[11]|endpoint|"https://hurex--dev1. (75 more) ..."
16:05:22.0 (17489452)|STATEMENT_EXECUTE|[13]
16:05:22.0 (17490641)|STATEMENT_EXECUTE|[16]
16:05:22.0 (17522326)|STATEMENT_EXECUTE|[18]
16:05:22.0 (17540508)|VARIABLE_SCOPE_BEGIN|[18]|http|System.Http|true|false
16:05:22.0 (17649857)|VARIABLE_ASSIGNMENT|[18]|http|"System.Http[]"|0x23204bab
16:05:22.0 (17655256)|STATEMENT_EXECUTE|[19]
16:05:22.0 (17740390)|CALLOUT_REQUEST|[19]|System.HttpRequest[Endpoint=https://hurex--dev1.sandbox.my.salesforce.com/services/data/v56.0/connect/notifications?size=20, Method=GET]
16:05:22.0 (204581250)|HEAP_ALLOCATE|[EXTERNAL]|Bytes:15126
16:05:22.0 (207220655)|CALLOUT_RESPONSE|[19]|System.HttpResponse[Status=OK, StatusCode=200]
16:05:22.0 (207253555)|HEAP_ALLOCATE|[19]|Bytes:14281
16:05:22.0 (207291877)|VARIABLE_SCOPE_BEGIN|[19]|res|System.HttpResponse|true|false
16:05:22.0 (207377617)|VARIABLE_ASSIGNMENT|[19]|res|"System.HttpResponse[Status=OK, StatusCode=200]"|0x595920b4
16:05:22.0 (207459099)|STATEMENT_EXECUTE|[21]
16:05:22.0 (207461229)|STATEMENT_EXECUTE|[22]
16:05:22.0 (208171412)|HEAP_ALLOCATE|[22]|Bytes:13995
16:05:22.208 (208215228)|CUMULATIVE_LIMIT_USAGE
16:05:22.208 (208215228)|LIMIT_USAGE_FOR_NS|(default)|
  Number of SOQL queries: 0 out of 100
  Number of query rows: 0 out of 50000
  Number of SOSL queries: 0 out of 20
  Number of DML statements: 0 out of 150
  Number of Publish Immediate DML: 0 out of 150
  Number of DML rows: 0 out of 10000
  Maximum CPU time: 0 out of 10000
  Maximum heap size: 0 out of 6000000
  Number of callouts: 1 out of 100
  Number of Email Invocations: 0 out of 10
  Number of future calls: 0 out of 50
  Number of queueable jobs added to the queue: 0 out of 50
  Number of Mobile Apex push calls: 0 out of 10

16:05:22.208 (208215228)|CUMULATIVE_LIMIT_USAGE_END

16:05:22.0 (208252612)|CODE_UNIT_FINISHED|CustomNotificationController.getNotifications(String)
16:05:22.0 (208462958)|CODE_UNIT_FINISHED|apex://CustomNotificationController/ACTION$getNotifications
16:05:22.0 (208470044)|EXECUTION_FINISHED
