66.0 APEX_CODE,FINEST;APEX_PROFILING,INFO;CALLOUT,INFO;DATA_ACCESS,INFO;DB,INFO;NBA,INFO;SYSTEM,DEBUG;VALIDATION,INFO;VISUALFORCE,INFO;WAVE,INFO;WORKFLOW,INFO
17:53:48.1 (1635204)|USER_INFO|[EXTERNAL]|0057F0000042UBb|ishibashi@hurex.co.jp.dev1|(GMT+09:00) 日本標準時 (Asia/Tokyo)|GMT+09:00
17:53:48.1 (1681702)|EXECUTION_STARTED
17:53:48.1 (1716639)|CODE_UNIT_STARTED|[EXTERNAL]|01pBK000001lKfR|PORTERS_BATCH_ResumeData
17:53:48.1 (4180567)|HEAP_ALLOCATE|[95]|Bytes:3
17:53:48.1 (4267977)|HEAP_ALLOCATE|[100]|Bytes:152
17:53:48.1 (4283679)|HEAP_ALLOCATE|[417]|Bytes:408
17:53:48.1 (4294227)|HEAP_ALLOCATE|[430]|Bytes:408
17:53:48.1 (4315413)|HEAP_ALLOCATE|[317]|Bytes:6
17:53:48.1 (6799392)|HEAP_ALLOCATE|[EXTERNAL]|Bytes:80
17:53:48.1 (7191368)|HEAP_ALLOCATE|[EXTERNAL]|Bytes:11
17:53:48.1 (7214332)|SYSTEM_METHOD_ENTRY|[15]|BatchableContextImpl.BatchableContextImpl()
17:53:48.1 (7220389)|STATEMENT_EXECUTE|[15]
17:53:48.1 (7233684)|SYSTEM_METHOD_EXIT|[15]|BatchableContextImpl
17:53:48.1 (7239498)|HEAP_ALLOCATE|[EXTERNAL]|Bytes:12
17:53:48.1 (7243036)|HEAP_ALLOCATE|[EXTERNAL]|Bytes:4
17:53:48.1 (7248142)|VARIABLE_SCOPE_BEGIN|[31]|this|Database.BatchableContextImpl|true|false
17:53:48.1 (7318239)|VARIABLE_ASSIGNMENT|[31]|this|{}|0x1525151d
17:53:48.1 (7325239)|VARIABLE_SCOPE_BEGIN|[31]|jobId|Id|false|false
17:53:48.1 (7418301)|VARIABLE_ASSIGNMENT|[31]|jobId|"707BK00000xTCzDYAW"
17:53:48.1 (7424381)|VARIABLE_SCOPE_BEGIN|[31]|childJobId|Id|false|false
17:53:48.1 (7432958)|VARIABLE_ASSIGNMENT|[31]|childJobId|null
17:53:48.1 (48906946)|HEAP_ALLOCATE|[EXTERNAL]|Bytes:65
17:53:48.1 (48931906)|HEAP_ALLOCATE|[EXTERNAL]|Bytes:10
17:53:48.1 (48949292)|METHOD_ENTRY|[1]|01pBK000001lKfR|PORTERS_BATCH_ResumeData.PORTERS_BATCH_ResumeData()
17:53:48.1 (48959321)|STATEMENT_EXECUTE|[1]
17:53:48.1 (48965930)|STATEMENT_EXECUTE|[1]
17:53:48.1 (48973148)|METHOD_EXIT|[1]|PORTERS_BATCH_ResumeData
17:53:48.1 (48978333)|HEAP_ALLOCATE|[EXTERNAL]|Bytes:16
17:53:48.1 (48981257)|HEAP_ALLOCATE|[EXTERNAL]|Bytes:12
17:53:48.1 (48989045)|VARIABLE_SCOPE_BEGIN|[52]|this|PORTERS_BATCH_ResumeData|true|false
17:53:48.1 (49076235)|VARIABLE_ASSIGNMENT|[52]|this|{"lastSyncTime":"2026-04-07T08:24:03.000Z","pageSize":200}|0x7a331f11
17:53:48.1 (49083940)|VARIABLE_SCOPE_BEGIN|[52]|bc|Database.BatchableContext|true|false
17:53:48.1 (49152637)|VARIABLE_ASSIGNMENT|[52]|bc|{"jobId":"707BK00000xTCzDYAW"}|0x1525151d
17:53:48.1 (49163284)|STATEMENT_EXECUTE|[52]
17:53:48.1 (49164740)|STATEMENT_EXECUTE|[53]
17:53:48.1 (52551334)|HEAP_ALLOCATE|[53]|Bytes:72
17:53:48.1 (52597857)|VARIABLE_SCOPE_BEGIN|[53]|settings|PORTERS_Settings__c|true|false
17:53:48.1 (52808116)|VARIABLE_ASSIGNMENT|[53]|settings|{"LastModifiedDate":"2026-04-07T08:24:03.000Z","IsDeleted":false,"LastSyncTime__c":"2026-04-07T08:24:03.000Z","Client_Secret__c":"sPeXbzmOIRQwl4zKeRFR (108 more) ...","PARTITION_ID__c":2012.0,"API_Call_Count__c":2.0,"Token_Expires_At__c":"2026-02-04T05:41:00.000Z","SetupOwnerId":"00DBK000004uTTF2A2","Access_Token__c":"eba88d5229388a807c43 (12 more) ...","Name":"a0PBK000008oB5J","SystemModstamp":"2026-04-07T08:24:03.000Z","Is_Development_Mode__c":true,"CreatedById":"0057F0000042UBbQAM","CreatedDate":"2026-03-05T03:24:41.000Z","Last_Call_Timestamp__c":"2026-02-03T05:41:00.000Z","Id":"a0PBK000008oB5J2AU","LastModifiedById":"0057F0000042UBbQAM"}|0x1bf118b6
17:53:48.1 (52822124)|STATEMENT_EXECUTE|[54]
17:53:48.1 (52858640)|HEAP_ALLOCATE|[68]|Bytes:5
17:53:48.1 (52894878)|HEAP_ALLOCATE|[74]|Bytes:5
17:53:48.1 (52903394)|HEAP_ALLOCATE|[82]|Bytes:7
17:53:48.1 (52971645)|HEAP_ALLOCATE|[54]|Bytes:56
17:53:48.1 (53071177)|VARIABLE_ASSIGNMENT|[54]|this.LastSyncTime__c|"2026-04-07T08:53:48.473Z"|0x1bf118b6
17:53:48.1 (53077035)|STATEMENT_EXECUTE|[55]
17:53:48.1 (53108858)|HEAP_ALLOCATE|[55]|Bytes:8
17:53:48.1 (53119496)|DML_BEGIN|[55]|Op:Upsert|Type:PORTERS_Settings__c|Rows:1
17:53:48.1 (53155730)|HEAP_ALLOCATE|[EXTERNAL]|Bytes:8
17:53:48.1 (131509849)|DML_END|[55]
17:53:48.171 (171118344)|CUMULATIVE_LIMIT_USAGE
17:53:48.171 (171118344)|LIMIT_USAGE_FOR_NS|(default)|
  Number of SOQL queries: 0 out of 200
  Number of query rows: 0 out of 50000
  Number of SOSL queries: 0 out of 20
  Number of DML statements: 0 out of 150
  Number of Publish Immediate DML: 0 out of 150
  Number of DML rows: 0 out of 10000
  Maximum CPU time: 0 out of 60000
  Maximum heap size: 0 out of 12000000
  Number of callouts: 0 out of 0
  Number of Email Invocations: 0 out of 10
  Number of future calls: 0 out of 0
  Number of queueable jobs added to the queue: 0 out of 1
  Number of Mobile Apex push calls: 0 out of 10

17:53:48.171 (171118344)|CUMULATIVE_LIMIT_USAGE_END

17:53:48.1 (171172927)|CODE_UNIT_FINISHED|PORTERS_BATCH_ResumeData
17:53:48.1 (171193041)|EXECUTION_FINISHED
