66.0 APEX_CODE,FINEST;APEX_PROFILING,INFO;CALLOUT,INFO;DATA_ACCESS,INFO;DB,INFO;NBA,INFO;SYSTEM,DEBUG;VALIDATION,INFO;VISUALFORCE,INFO;WAVE,INFO;WORKFLOW,INFO
15:41:31.0 (255527)|USER_INFO|[EXTERNAL]|0057F0000042UBb|ishibashi@hurex.co.jp.dev1|(GMT+09:00) 日本標準時 (Asia/Tokyo)|GMT+09:00
15:41:31.0 (303208)|EXECUTION_STARTED
15:41:31.0 (314705)|CODE_UNIT_STARTED|[EXTERNAL]|apex://CustomNotificationController/ACTION$getNotifications
15:41:31.0 (3729278)|CODE_UNIT_STARTED|[EXTERNAL]|01pBK000001VvEL|CustomNotificationController.getNotifications(String)
15:41:31.0 (4066997)|HEAP_ALLOCATE|[95]|Bytes:3
15:41:31.0 (4163108)|HEAP_ALLOCATE|[100]|Bytes:152
15:41:31.0 (4181809)|HEAP_ALLOCATE|[417]|Bytes:408
15:41:31.0 (4199451)|HEAP_ALLOCATE|[430]|Bytes:408
15:41:31.0 (4227845)|HEAP_ALLOCATE|[317]|Bytes:6
15:41:31.0 (4241945)|HEAP_ALLOCATE|[EXTERNAL]|Bytes:7
15:41:31.0 (4257201)|METHOD_ENTRY|[1]|01pBK000001VvEL|CustomNotificationController.CustomNotificationController()
15:41:31.0 (4264552)|STATEMENT_EXECUTE|[1]
15:41:31.0 (4269825)|STATEMENT_EXECUTE|[1]
15:41:31.0 (4295065)|HEAP_ALLOCATE|[68]|Bytes:5
15:41:31.0 (4326065)|HEAP_ALLOCATE|[74]|Bytes:5
15:41:31.0 (4333408)|HEAP_ALLOCATE|[82]|Bytes:7
15:41:31.0 (4522848)|HEAP_ALLOCATE|[EXTERNAL]|Bytes:5
15:41:31.0 (4536319)|METHOD_EXIT|[1]|CustomNotificationController
15:41:31.0 (4548728)|VARIABLE_SCOPE_BEGIN|[5]|before|String|false|false
15:41:31.0 (4584916)|VARIABLE_ASSIGNMENT|[5]|before|null
15:41:31.0 (4597592)|HEAP_ALLOCATE|[6]|Bytes:5
15:41:31.0 (4601346)|STATEMENT_EXECUTE|[5]
15:41:31.0 (4602919)|STATEMENT_EXECUTE|[6]
15:41:31.0 (4635559)|VARIABLE_SCOPE_BEGIN|[6]|req|System.HttpRequest|true|false
15:41:31.0 (4894502)|VARIABLE_ASSIGNMENT|[6]|req|"System.HttpRequest[Endpoint=null, Method=null]"|0x1c968c0
15:41:31.0 (4902251)|STATEMENT_EXECUTE|[7]
15:41:31.0 (4905742)|HEAP_ALLOCATE|[7]|Bytes:3
15:41:31.0 (4987497)|STATEMENT_EXECUTE|[8]
15:41:31.0 (4989669)|HEAP_ALLOCATE|[8]|Bytes:13
15:41:31.0 (4993287)|HEAP_ALLOCATE|[8]|Bytes:7
15:41:31.0 (5045999)|HEAP_ALLOCATE|[8]|Bytes:105
15:41:31.0 (5057149)|SYSTEM_METHOD_ENTRY|[1]|UserInfo.UserInfo()
15:41:31.0 (5060706)|STATEMENT_EXECUTE|[1]
15:41:31.0 (5066404)|SYSTEM_METHOD_EXIT|[1]|UserInfo
15:41:31.0 (5079494)|METHOD_ENTRY|[8]||System.UserInfo.getSessionId()
15:41:31.0 (16321620)|METHOD_EXIT|[8]||System.UserInfo.getSessionId()
15:41:31.0 (16366265)|HEAP_ALLOCATE|[8]|Bytes:119
15:41:31.0 (16438724)|STATEMENT_EXECUTE|[10]
15:41:31.0 (16512812)|HEAP_ALLOCATE|[10]|Bytes:67
15:41:31.0 (16532635)|SYSTEM_METHOD_ENTRY|[1]|Url.Url()
15:41:31.0 (16536773)|STATEMENT_EXECUTE|[1]
15:41:31.0 (16546921)|SYSTEM_METHOD_EXIT|[1]|Url
15:41:31.0 (16560411)|METHOD_ENTRY|[10]||System.Url.getOrgDomainUrl()
15:41:31.0 (16830710)|METHOD_EXIT|[10]||System.Url.getOrgDomainUrl()
15:41:31.0 (16851103)|METHOD_ENTRY|[10]||System.Url.toExternalForm()
15:41:31.0 (16891096)|METHOD_EXIT|[10]||System.Url.toExternalForm()
15:41:31.0 (16896212)|VARIABLE_SCOPE_BEGIN|[10]|domainPath|String|false|false
15:41:31.0 (16919064)|VARIABLE_ASSIGNMENT|[10]|domainPath|"https://hurex--dev1. (25 more) ..."
15:41:31.0 (16924092)|STATEMENT_EXECUTE|[11]
15:41:31.0 (16928267)|HEAP_ALLOCATE|[11]|Bytes:50
15:41:31.0 (16935891)|HEAP_ALLOCATE|[11]|Bytes:95
15:41:31.0 (16939963)|VARIABLE_SCOPE_BEGIN|[11]|endpoint|String|false|false
15:41:31.0 (16948769)|VARIABLE_ASSIGNMENT|[11]|endpoint|"https://hurex--dev1. (75 more) ..."
15:41:31.0 (17006614)|STATEMENT_EXECUTE|[13]
15:41:31.0 (17009798)|STATEMENT_EXECUTE|[16]
15:41:31.0 (17040497)|STATEMENT_EXECUTE|[18]
15:41:31.0 (17064159)|VARIABLE_SCOPE_BEGIN|[18]|http|System.Http|true|false
15:41:31.0 (17207170)|VARIABLE_ASSIGNMENT|[18]|http|"System.Http[]"|0x6b85b9a9
15:41:31.0 (17213249)|STATEMENT_EXECUTE|[19]
15:41:31.0 (17295899)|CALLOUT_REQUEST|[19]|System.HttpRequest[Endpoint=https://hurex--dev1.sandbox.my.salesforce.com/services/data/v56.0/connect/notifications?size=20, Method=GET]
15:41:31.0 (779852426)|HEAP_ALLOCATE|[EXTERNAL]|Bytes:871
15:41:31.0 (782145455)|CALLOUT_RESPONSE|[19]|System.HttpResponse[Status=OK, StatusCode=200]
15:41:31.0 (782174648)|HEAP_ALLOCATE|[19]|Bytes:26
15:41:31.0 (782210821)|VARIABLE_SCOPE_BEGIN|[19]|res|System.HttpResponse|true|false
15:41:31.0 (782293688)|VARIABLE_ASSIGNMENT|[19]|res|"System.HttpResponse[Status=OK, StatusCode=200]"|0x5a9ad9e9
15:41:31.0 (782368393)|STATEMENT_EXECUTE|[21]
15:41:31.0 (782370604)|STATEMENT_EXECUTE|[22]
15:41:31.0 (782392753)|HEAP_ALLOCATE|[22]|Bytes:20
15:41:31.782 (782436763)|CUMULATIVE_LIMIT_USAGE
15:41:31.782 (782436763)|LIMIT_USAGE_FOR_NS|(default)|
  Number of SOQL queries: 0 out of 100
  Number of query rows: 0 out of 50000
  Number of SOSL queries: 0 out of 20
  Number of DML statements: 0 out of 150
  Number of Publish Immediate DML: 0 out of 150
  Number of DML rows: 0 out of 10000
  Maximum CPU time: 0 out of 10000
  Maximum heap size: 0 out of 6000000
  Number of callouts: 1 out of 100
  Number of Email Invocations: 0 out of 10
  Number of future calls: 0 out of 50
  Number of queueable jobs added to the queue: 0 out of 50
  Number of Mobile Apex push calls: 0 out of 10

15:41:31.782 (782436763)|CUMULATIVE_LIMIT_USAGE_END

15:41:31.0 (782476463)|CODE_UNIT_FINISHED|CustomNotificationController.getNotifications(String)
15:41:31.0 (782695913)|CODE_UNIT_FINISHED|apex://CustomNotificationController/ACTION$getNotifications
15:41:31.0 (782703654)|EXECUTION_FINISHED
