66.0 APEX_CODE,FINEST;APEX_PROFILING,INFO;CALLOUT,INFO;DATA_ACCESS,INFO;DB,INFO;NBA,INFO;SYSTEM,DEBUG;VALIDATION,INFO;VISUALFORCE,INFO;WAVE,INFO;WORKFLOW,INFO
17:38:49.0 (240292)|USER_INFO|[EXTERNAL]|0057F0000042UBb|ishibashi@hurex.co.jp.dev1|(GMT+09:00) 日本標準時 (Asia/Tokyo)|GMT+09:00
17:38:49.0 (282689)|EXECUTION_STARTED
17:38:49.0 (296242)|CODE_UNIT_STARTED|[EXTERNAL]|apex://RegistrationInfoController/ACTION$updateRegistrationInfo
17:38:49.0 (6414120)|HEAP_ALLOCATE|[95]|Bytes:3
17:38:49.0 (6528593)|HEAP_ALLOCATE|[100]|Bytes:152
17:38:49.0 (6547887)|HEAP_ALLOCATE|[417]|Bytes:408
17:38:49.0 (6565778)|HEAP_ALLOCATE|[430]|Bytes:408
17:38:49.0 (6595720)|HEAP_ALLOCATE|[317]|Bytes:6
17:38:49.0 (6626672)|HEAP_ALLOCATE|[EXTERNAL]|Bytes:76
17:38:49.0 (6635746)|VARIABLE_SCOPE_BEGIN|[7]|this|RegistrationInfoController.RegistrationInfoWrapper|true|false
17:38:49.0 (6825036)|VARIABLE_ASSIGNMENT|[7]|this|{}|0x4ae31708
17:38:49.0 (6842990)|HEAP_ALLOCATE|[EXTERNAL]|Bytes:6
17:38:49.0 (8681266)|STATEMENT_EXECUTE|[7]
17:38:49.0 (8685623)|STATEMENT_EXECUTE|[8]
17:38:49.0 (8686780)|STATEMENT_EXECUTE|[9]
17:38:49.0 (8687736)|STATEMENT_EXECUTE|[10]
17:38:49.0 (8688551)|STATEMENT_EXECUTE|[11]
17:38:49.0 (8689286)|STATEMENT_EXECUTE|[12]
17:38:49.0 (8690040)|STATEMENT_EXECUTE|[13]
17:38:49.0 (8690809)|STATEMENT_EXECUTE|[14]
17:38:49.0 (8691527)|STATEMENT_EXECUTE|[15]
17:38:49.0 (8692297)|STATEMENT_EXECUTE|[16]
17:38:49.0 (8693059)|STATEMENT_EXECUTE|[17]
17:38:49.0 (8693816)|STATEMENT_EXECUTE|[18]
17:38:49.0 (8695566)|STATEMENT_EXECUTE|[19]
17:38:49.0 (8696402)|STATEMENT_EXECUTE|[20]
17:38:49.0 (8697143)|STATEMENT_EXECUTE|[21]
17:38:49.0 (8697879)|STATEMENT_EXECUTE|[22]
17:38:49.0 (8698604)|STATEMENT_EXECUTE|[23]
17:38:49.0 (8699333)|STATEMENT_EXECUTE|[24]
17:38:49.0 (8700051)|STATEMENT_EXECUTE|[25]
17:38:49.0 (9502492)|CODE_UNIT_STARTED|[EXTERNAL]|01pBK000001mgyr|RegistrationInfoController.updateRegistrationInfo(RegistrationInfoController.RegistrationInfoWrapper)
17:38:49.0 (9643411)|HEAP_ALLOCATE|[EXTERNAL]|Bytes:23
17:38:49.0 (9649504)|HEAP_ALLOCATE|[EXTERNAL]|Bytes:36
17:38:49.0 (9653010)|HEAP_ALLOCATE|[EXTERNAL]|Bytes:7
17:38:49.0 (9666089)|METHOD_ENTRY|[5]|01pBK000001mgyr|RegistrationInfoController.RegistrationInfoController()
17:38:49.0 (9669926)|STATEMENT_EXECUTE|[5]
17:38:49.0 (9673918)|STATEMENT_EXECUTE|[5]
17:38:49.0 (9693507)|HEAP_ALLOCATE|[68]|Bytes:5
17:38:49.0 (9737848)|HEAP_ALLOCATE|[74]|Bytes:5
17:38:49.0 (9744441)|HEAP_ALLOCATE|[82]|Bytes:7
17:38:49.0 (9767686)|HEAP_ALLOCATE|[EXTERNAL]|Bytes:5
17:38:49.0 (9770503)|STATEMENT_EXECUTE|[7]
17:38:49.0 (9778836)|METHOD_EXIT|[5]|RegistrationInfoController
17:38:49.0 (9782872)|HEAP_ALLOCATE|[EXTERNAL]|Bytes:76
17:38:49.0 (9788659)|VARIABLE_SCOPE_BEGIN|[54]|wrapper|RegistrationInfoController.RegistrationInfoWrapper|true|false
17:38:49.0 (9844856)|VARIABLE_ASSIGNMENT|[54]|wrapper|{}|0x4ae31708
17:38:49.0 (9854811)|HEAP_ALLOCATE|[55]|Bytes:5
17:38:49.0 (9857334)|STATEMENT_EXECUTE|[54]
17:38:49.0 (9949272)|STATEMENT_EXECUTE|[55]
17:38:49.0 (9950575)|STATEMENT_EXECUTE|[56]
17:38:49.0 (9970153)|HEAP_ALLOCATE|[56]|Bytes:20
17:38:49.0 (10145149)|FATAL_ERROR|System.AuraHandledException: Script-thrown exception

Class.RegistrationInfoController.updateRegistrationInfo: line 56, column 1
17:38:49.0 (10156093)|FATAL_ERROR|System.AuraHandledException: Script-thrown exception

Class.RegistrationInfoController.updateRegistrationInfo: line 56, column 1
17:38:49.10 (10165620)|CUMULATIVE_LIMIT_USAGE
17:38:49.10 (10165620)|LIMIT_USAGE_FOR_NS|(default)|
  Number of SOQL queries: 0 out of 100
  Number of query rows: 0 out of 50000
  Number of SOSL queries: 0 out of 20
  Number of DML statements: 0 out of 150
  Number of Publish Immediate DML: 0 out of 150
  Number of DML rows: 0 out of 10000
  Maximum CPU time: 0 out of 10000
  Maximum heap size: 0 out of 6000000
  Number of callouts: 0 out of 100
  Number of Email Invocations: 0 out of 10
  Number of future calls: 0 out of 50
  Number of queueable jobs added to the queue: 0 out of 50
  Number of Mobile Apex push calls: 0 out of 10

17:38:49.10 (10165620)|CUMULATIVE_LIMIT_USAGE_END

17:38:49.0 (10211245)|CODE_UNIT_FINISHED|RegistrationInfoController.updateRegistrationInfo(RegistrationInfoController.RegistrationInfoWrapper)
17:38:49.0 (10426382)|CODE_UNIT_FINISHED|apex://RegistrationInfoController/ACTION$updateRegistrationInfo
17:38:49.0 (10432321)|EXECUTION_FINISHED
