66.0 APEX_CODE,FINEST;APEX_PROFILING,INFO;CALLOUT,INFO;DATA_ACCESS,INFO;DB,INFO;NBA,INFO;SYSTEM,DEBUG;VALIDATION,INFO;VISUALFORCE,INFO;WAVE,INFO;WORKFLOW,INFO
17:07:42.0 (233671)|USER_INFO|[EXTERNAL]|0057F0000042UBb|ishibashi@hurex.co.jp.dev1|(GMT+09:00) 日本標準時 (Asia/Tokyo)|GMT+09:00
17:07:42.0 (280985)|EXECUTION_STARTED
17:07:42.0 (291673)|CODE_UNIT_STARTED|[EXTERNAL]|apex://RecentJobViewedController/ACTION$getRecentViewedJobs
17:07:42.0 (1921228)|CODE_UNIT_STARTED|[EXTERNAL]|01pBK000001RE9Z|RecentJobViewedController.getRecentViewedJobs()
17:07:42.0 (2073708)|VARIABLE_SCOPE_BEGIN|[4]|RecentJobViewedController.testForceException|Boolean|false|true
17:07:42.0 (2321123)|HEAP_ALLOCATE|[95]|Bytes:3
17:07:42.0 (2366508)|HEAP_ALLOCATE|[100]|Bytes:152
17:07:42.0 (2383561)|HEAP_ALLOCATE|[417]|Bytes:408
17:07:42.0 (2397415)|HEAP_ALLOCATE|[430]|Bytes:408
17:07:42.0 (2421273)|HEAP_ALLOCATE|[317]|Bytes:6
17:07:42.0 (2434119)|HEAP_ALLOCATE|[EXTERNAL]|Bytes:1
17:07:42.0 (2447273)|METHOD_ENTRY|[1]|01pBK000001RE9Z|RecentJobViewedController.RecentJobViewedController()
17:07:42.0 (2453645)|STATEMENT_EXECUTE|[1]
17:07:42.0 (2457340)|STATEMENT_EXECUTE|[1]
17:07:42.0 (2477210)|HEAP_ALLOCATE|[68]|Bytes:5
17:07:42.0 (2499939)|HEAP_ALLOCATE|[74]|Bytes:5
17:07:42.0 (2520799)|HEAP_ALLOCATE|[82]|Bytes:7
17:07:42.0 (2709642)|HEAP_ALLOCATE|[4]|Bytes:5
17:07:42.0 (2714225)|STATEMENT_EXECUTE|[4]
17:07:42.0 (2719660)|HEAP_ALLOCATE|[4]|Bytes:5
17:07:42.0 (2760457)|VARIABLE_ASSIGNMENT|[4]|RecentJobViewedController.testForceException|false
17:07:42.0 (2773904)|METHOD_EXIT|[1]|RecentJobViewedController
17:07:42.0 (2787450)|HEAP_ALLOCATE|[8]|Bytes:5
17:07:42.0 (2790979)|STATEMENT_EXECUTE|[7]
17:07:42.0 (2792102)|STATEMENT_EXECUTE|[8]
17:07:42.0 (2793039)|STATEMENT_EXECUTE|[8]
17:07:42.0 (2826420)|HEAP_ALLOCATE|[9]|Bytes:118
17:07:42.0 (2831738)|SYSTEM_METHOD_ENTRY|[1]|Test.Test()
17:07:42.0 (2833562)|STATEMENT_EXECUTE|[1]
17:07:42.0 (2838455)|SYSTEM_METHOD_EXIT|[1]|Test
17:07:42.0 (2847484)|METHOD_ENTRY|[9]||System.Test.isRunningTest()
17:07:42.0 (2877928)|METHOD_EXIT|[9]||System.Test.isRunningTest()
17:07:42.0 (2883033)|STATEMENT_EXECUTE|[9]
17:07:42.0 (2884048)|STATEMENT_EXECUTE|[13]
17:07:42.0 (2885742)|HEAP_ALLOCATE|[13]|Bytes:137
17:07:42.0 (2904451)|HEAP_ALLOCATE|[13]|Bytes:4
17:07:42.0 (3727923)|SOQL_EXECUTE_BEGIN|[13]|Aggregations:0|SELECT Id, Name, JobPosition__c, LastViewedDate FROM Job__c WHERE LastViewedDate != NULL ORDER BY LastViewedDate DESC NULLS FIRST LIMIT 4
17:07:42.0 (17229211)|SOQL_EXECUTE_END|[13]|Rows:4
17:07:42.0 (17265478)|HEAP_ALLOCATE|[13]|Bytes:20
17:07:42.0 (17299281)|HEAP_ALLOCATE|[13]|Bytes:884
17:07:42.0 (17346072)|HEAP_ALLOCATE|[13]|Bytes:20
17:07:42.17 (17413942)|CUMULATIVE_LIMIT_USAGE
17:07:42.17 (17413942)|LIMIT_USAGE_FOR_NS|(default)|
  Number of SOQL queries: 1 out of 100
  Number of query rows: 4 out of 50000
  Number of SOSL queries: 0 out of 20
  Number of DML statements: 0 out of 0
  Number of Publish Immediate DML: 0 out of 150
  Number of DML rows: 0 out of 10000
  Maximum CPU time: 0 out of 10000
  Maximum heap size: 0 out of 6000000
  Number of callouts: 0 out of 100
  Number of Email Invocations: 0 out of 10
  Number of future calls: 0 out of 50
  Number of queueable jobs added to the queue: 0 out of 50
  Number of Mobile Apex push calls: 0 out of 10

17:07:42.17 (17413942)|CUMULATIVE_LIMIT_USAGE_END

17:07:42.0 (17443871)|CODE_UNIT_FINISHED|RecentJobViewedController.getRecentViewedJobs()
17:07:42.0 (17625671)|CODE_UNIT_FINISHED|apex://RecentJobViewedController/ACTION$getRecentViewedJobs
17:07:42.0 (17632602)|EXECUTION_FINISHED
