66.0 APEX_CODE,FINEST;APEX_PROFILING,INFO;CALLOUT,INFO;DATA_ACCESS,INFO;DB,INFO;NBA,INFO;SYSTEM,DEBUG;VALIDATION,INFO;VISUALFORCE,INFO;WAVE,INFO;WORKFLOW,INFO
15:54:02.0 (698095)|USER_INFO|[EXTERNAL]|0057F0000042UBb|ishibashi@hurex.co.jp.dev1|(GMT+09:00) 日本標準時 (Asia/Tokyo)|GMT+09:00
15:54:02.0 (736470)|EXECUTION_STARTED
15:54:02.0 (747438)|CODE_UNIT_STARTED|[EXTERNAL]|apex://JobCardsController/ACTION$getJobs
15:54:02.0 (3149118)|CODE_UNIT_STARTED|[EXTERNAL]|01pBK000001RGBP|JobCardsController.getJobs()
15:54:02.0 (5766656)|HEAP_ALLOCATE|[95]|Bytes:3
15:54:02.0 (5869673)|HEAP_ALLOCATE|[100]|Bytes:152
15:54:02.0 (5885871)|HEAP_ALLOCATE|[417]|Bytes:408
15:54:02.0 (5896757)|HEAP_ALLOCATE|[430]|Bytes:408
15:54:02.0 (5916416)|HEAP_ALLOCATE|[317]|Bytes:6
15:54:02.0 (5926845)|HEAP_ALLOCATE|[EXTERNAL]|Bytes:10
15:54:02.0 (5930385)|HEAP_ALLOCATE|[EXTERNAL]|Bytes:5
15:54:02.0 (5932269)|HEAP_ALLOCATE|[EXTERNAL]|Bytes:3
15:54:02.0 (5944098)|METHOD_ENTRY|[6]|01pBK000001RGBP|JobCardsController.JobCardsController()
15:54:02.0 (5951611)|STATEMENT_EXECUTE|[6]
15:54:02.0 (5956677)|STATEMENT_EXECUTE|[6]
15:54:02.0 (5975901)|HEAP_ALLOCATE|[68]|Bytes:5
15:54:02.0 (6002371)|HEAP_ALLOCATE|[74]|Bytes:5
15:54:02.0 (6007818)|HEAP_ALLOCATE|[82]|Bytes:7
15:54:02.0 (6407000)|HEAP_ALLOCATE|[EXTERNAL]|Bytes:5
15:54:02.0 (6416167)|STATEMENT_EXECUTE|[12]
15:54:02.0 (6429074)|METHOD_EXIT|[6]|JobCardsController
15:54:02.0 (6444454)|HEAP_ALLOCATE|[35]|Bytes:5
15:54:02.0 (6447391)|STATEMENT_EXECUTE|[33]
15:54:02.0 (6448439)|STATEMENT_EXECUTE|[35]
15:54:02.0 (6467024)|HEAP_ALLOCATE|[35]|Bytes:4
15:54:02.0 (6524754)|VARIABLE_SCOPE_BEGIN|[35]|favoriteJobIds|Set<Id>|true|false
15:54:02.0 (6593855)|VARIABLE_ASSIGNMENT|[35]|favoriteJobIds|[]|0x4d1b7004
15:54:02.0 (6600082)|HEAP_ALLOCATE|[36]|Bytes:91
15:54:02.0 (6615509)|HEAP_ALLOCATE|[36]|Bytes:4
15:54:02.0 (6622164)|HEAP_ALLOCATE|[36]|Bytes:7
15:54:02.0 (6663183)|HEAP_ALLOCATE|[38]|Bytes:105
15:54:02.0 (6670849)|SYSTEM_METHOD_ENTRY|[1]|UserInfo.UserInfo()
15:54:02.0 (6673147)|STATEMENT_EXECUTE|[1]
15:54:02.0 (6678114)|SYSTEM_METHOD_EXIT|[1]|UserInfo
15:54:02.0 (6690361)|METHOD_ENTRY|[38]||System.UserInfo.getUserId()
15:54:02.0 (8657587)|METHOD_EXIT|[38]||System.UserInfo.getUserId()
15:54:02.0 (11785419)|SOQL_EXECUTE_BEGIN|[36]|Aggregations:0|SELECT Job__c FROM InterestedJob__c WHERE (CreatedById = :tmpVar1 AND IsArchive__c = FALSE)
15:54:02.0 (21665927)|SOQL_EXECUTE_END|[36]|Rows:4
15:54:02.0 (21708155)|HEAP_ALLOCATE|[EXTERNAL]|Bytes:20
15:54:02.0 (21974567)|HEAP_ALLOCATE|[36]|Bytes:54
15:54:02.0 (21983215)|HEAP_ALLOCATE|[36]|Bytes:8
15:54:02.0 (21997673)|SYSTEM_METHOD_ENTRY|[7]|QueryLocatorIterator.QueryLocatorIterator()
15:54:02.0 (22002118)|STATEMENT_EXECUTE|[7]
15:54:02.0 (22013255)|SYSTEM_METHOD_EXIT|[7]|QueryLocatorIterator
15:54:02.0 (22021670)|HEAP_ALLOCATE|[36]|Bytes:28
15:54:02.0 (22115128)|HEAP_ALLOCATE|[36]|Bytes:20
15:54:02.0 (22125437)|HEAP_ALLOCATE|[36]|Bytes:8
15:54:02.0 (22127217)|HEAP_ALLOCATE|[36]|Bytes:8
15:54:02.0 (22132838)|VARIABLE_SCOPE_BEGIN|[15]|this|Database.QueryLocatorIterator|true|false
15:54:02.0 (22179194)|VARIABLE_ASSIGNMENT|[15]|this|{}|0x6c0caafd
15:54:02.0 (22182587)|VARIABLE_SCOPE_BEGIN|[15]|values|List<SObject>|true|false
15:54:02.0 (22319459)|VARIABLE_ASSIGNMENT|[15]|values|[{"Job__c":"a0KBK00000Gexcs2AB","Id":"a0OBK000004najC2AQ"},{"Job__c":"a0KBK00000Gexdg2AB","Id":"a0OBK000004nbNV2AY"},{"Job__c":"a0KBK00000Gexcu2AB","Id":"a0OBK000004v8wE2AQ"},{"Job__c":"a0KBK00000GezgQ2AR","Id":"a0OBK0000050riz2AA"}]|0x5d1a5397
15:54:02.0 (22325868)|VARIABLE_SCOPE_BEGIN|[15]|ql|Database.QueryLocator|true|false
15:54:02.0 (22345061)|VARIABLE_ASSIGNMENT|[15]|ql|{"query":"SELECT Job__c FROM I (71 more) ..."}|0x4e06f0cd
15:54:02.0 (22347829)|VARIABLE_SCOPE_BEGIN|[15]|totalNumRecords|Integer|false|false
15:54:02.0 (22353891)|VARIABLE_ASSIGNMENT|[15]|totalNumRecords|4
15:54:02.0 (22356053)|VARIABLE_SCOPE_BEGIN|[15]|queryMoreSize|Integer|false|false
15:54:02.0 (22359679)|VARIABLE_ASSIGNMENT|[15]|queryMoreSize|49996
15:54:02.0 (22432146)|HEAP_ALLOCATE|[36]|Bytes:28
15:54:02.0 (22456899)|METHOD_ENTRY|[36]||Database.QueryLocatorIterator.hasNext()
15:54:02.0 (22553358)|METHOD_EXIT|[36]||Database.QueryLocatorIterator.hasNext()
15:54:02.0 (22558326)|METHOD_ENTRY|[36]||Database.QueryLocatorIterator.next()
15:54:02.0 (22616154)|METHOD_EXIT|[36]||Database.QueryLocatorIterator.next()
15:54:02.0 (22623532)|VARIABLE_SCOPE_BEGIN|[36]|fav|InterestedJob__c|true|false
15:54:02.0 (22652529)|VARIABLE_ASSIGNMENT|[36]|fav|{"Job__c":"a0KBK00000Gexcs2AB","Id":"a0OBK000004najC2AQ"}|0x6109dc07
15:54:02.0 (22656489)|STATEMENT_EXECUTE|[39]
15:54:02.0 (22657564)|STATEMENT_EXECUTE|[40]
15:54:02.0 (22726715)|HEAP_ALLOCATE|[EXTERNAL]|Bytes:4
15:54:02.0 (22734853)|METHOD_ENTRY|[36]||Database.QueryLocatorIterator.hasNext()
15:54:02.0 (22745278)|METHOD_EXIT|[36]||Database.QueryLocatorIterator.hasNext()
15:54:02.0 (22747670)|METHOD_ENTRY|[36]||Database.QueryLocatorIterator.next()
15:54:02.0 (22770815)|METHOD_EXIT|[36]||Database.QueryLocatorIterator.next()
15:54:02.0 (22773472)|VARIABLE_SCOPE_BEGIN|[36]|fav|InterestedJob__c|true|false
15:54:02.0 (22790328)|VARIABLE_ASSIGNMENT|[36]|fav|{"Job__c":"a0KBK00000Gexdg2AB","Id":"a0OBK000004nbNV2AY"}|0x6e00bd5a
15:54:02.0 (22793398)|STATEMENT_EXECUTE|[39]
15:54:02.0 (22794223)|STATEMENT_EXECUTE|[40]
15:54:02.0 (22800185)|HEAP_ALLOCATE|[EXTERNAL]|Bytes:4
15:54:02.0 (22804080)|METHOD_ENTRY|[36]||Database.QueryLocatorIterator.hasNext()
15:54:02.0 (22812071)|METHOD_EXIT|[36]||Database.QueryLocatorIterator.hasNext()
15:54:02.0 (22814204)|METHOD_ENTRY|[36]||Database.QueryLocatorIterator.next()
15:54:02.0 (22833224)|METHOD_EXIT|[36]||Database.QueryLocatorIterator.next()
15:54:02.0 (22835478)|VARIABLE_SCOPE_BEGIN|[36]|fav|InterestedJob__c|true|false
15:54:02.0 (22847238)|VARIABLE_ASSIGNMENT|[36]|fav|{"Job__c":"a0KBK00000Gexcu2AB","Id":"a0OBK000004v8wE2AQ"}|0x1779b8cf
15:54:02.0 (22849845)|STATEMENT_EXECUTE|[39]
15:54:02.0 (22850678)|STATEMENT_EXECUTE|[40]
15:54:02.0 (22854113)|HEAP_ALLOCATE|[EXTERNAL]|Bytes:4
15:54:02.0 (22857649)|METHOD_ENTRY|[36]||Database.QueryLocatorIterator.hasNext()
15:54:02.0 (22865255)|METHOD_EXIT|[36]||Database.QueryLocatorIterator.hasNext()
15:54:02.0 (22867783)|METHOD_ENTRY|[36]||Database.QueryLocatorIterator.next()
15:54:02.0 (22885811)|METHOD_EXIT|[36]||Database.QueryLocatorIterator.next()
15:54:02.0 (22888058)|VARIABLE_SCOPE_BEGIN|[36]|fav|InterestedJob__c|true|false
15:54:02.0 (22902496)|VARIABLE_ASSIGNMENT|[36]|fav|{"Job__c":"a0KBK00000GezgQ2AR","Id":"a0OBK0000050riz2AA"}|0x21516443
15:54:02.0 (22907125)|STATEMENT_EXECUTE|[39]
15:54:02.0 (22908250)|STATEMENT_EXECUTE|[40]
15:54:02.0 (22913795)|HEAP_ALLOCATE|[EXTERNAL]|Bytes:4
15:54:02.0 (22919739)|METHOD_ENTRY|[36]||Database.QueryLocatorIterator.hasNext()
15:54:02.0 (22925890)|METHOD_EXIT|[36]||Database.QueryLocatorIterator.hasNext()
15:54:02.0 (22930179)|VARIABLE_ASSIGNMENT|[36]|fav|null|
15:54:02.0 (22950724)|STATEMENT_EXECUTE|[44]
15:54:02.0 (22953968)|HEAP_ALLOCATE|[44]|Bytes:217
15:54:02.0 (22972428)|HEAP_ALLOCATE|[44]|Bytes:4
15:54:02.0 (26639473)|SOQL_EXECUTE_BEGIN|[44]|Aggregations:0|SELECT Id, JobPosition__c, WorkLocation2__c, JobCategory1__c, MaxAnnualSalary__c, MinAnnualSalary__c, JobDescription__c, LastModifiedDate, LastViewedDate FROM Job__c ORDER BY LastModifiedDate DESC NULLS FIRST LIMIT 10
15:54:02.0 (48904473)|SOQL_EXECUTE_END|[44]|Rows:10
15:54:02.0 (48952018)|HEAP_ALLOCATE|[44]|Bytes:44
15:54:02.0 (48978391)|HEAP_ALLOCATE|[44]|Bytes:4083
15:54:02.0 (49096671)|HEAP_ALLOCATE|[44]|Bytes:44
15:54:02.0 (49118810)|VARIABLE_SCOPE_BEGIN|[44]|jobs|List<Job__c>|true|false
15:54:02.0 (49148710)|VARIABLE_ASSIGNMENT|[44]|jobs|"List of size 10 too large to display"|0x272b10c7
15:54:02.0 (49153944)|STATEMENT_EXECUTE|[54]
15:54:02.0 (49164399)|HEAP_ALLOCATE|[54]|Bytes:4
15:54:02.0 (49259738)|VARIABLE_SCOPE_BEGIN|[54]|result|List<JobCardsController.JobWrapper>|true|false
15:54:02.0 (49278197)|HEAP_ALLOCATE|[EXTERNAL]|Bytes:4
15:54:02.0 (49291253)|VARIABLE_ASSIGNMENT|[54]|result|[]|0x3447683f
15:54:02.0 (49434223)|HEAP_ALLOCATE|[55]|Bytes:5
15:54:02.0 (49479479)|HEAP_ALLOCATE|[55]|Bytes:32
15:54:02.0 (49487877)|VARIABLE_SCOPE_BEGIN|[55]|j|Job__c|true|false
15:54:02.0 (49597457)|VARIABLE_ASSIGNMENT|[55]|j|{"LastModifiedDate":"2026-04-02T02:54:44.000Z","JobPosition__c":"テスト451求人タイトル求人タイトル求人 (235 more) ...","WorkLocation2__c":"444444","LastViewedDate":"2026-03-03T02:49:01.000Z","Id":"a0KBK00000Gexdg2AB","JobDescription__c":"テスト451仕事内容仕事内容仕事内容仕事 (230 more) ...","JobCategory1__c":"経営幹部/企画/マーケティング系"}|0x7cca31af
15:54:02.0 (49607317)|STATEMENT_EXECUTE|[55]
15:54:02.0 (49608422)|STATEMENT_EXECUTE|[56]
15:54:02.0 (49642847)|HEAP_ALLOCATE|[56]|Bytes:44
15:54:02.0 (49665117)|CONSTRUCTOR_ENTRY|[56]|01pBK000001RGBP|<init>()|JobCardsController.JobWrapper
15:54:02.0 (49698288)|VARIABLE_SCOPE_BEGIN|[12]|this|JobCardsController.JobWrapper|true|false
15:54:02.0 (49822105)|VARIABLE_ASSIGNMENT|[12]|this|{}|0x148a0d0
15:54:02.0 (49846566)|STATEMENT_EXECUTE|[12]
15:54:02.0 (49847589)|STATEMENT_EXECUTE|[13]
15:54:02.0 (49862811)|STATEMENT_EXECUTE|[14]
15:54:02.0 (49863789)|STATEMENT_EXECUTE|[15]
15:54:02.0 (49864577)|STATEMENT_EXECUTE|[16]
15:54:02.0 (49865362)|STATEMENT_EXECUTE|[17]
15:54:02.0 (49866172)|STATEMENT_EXECUTE|[18]
15:54:02.0 (49867010)|STATEMENT_EXECUTE|[19]
15:54:02.0 (49867777)|STATEMENT_EXECUTE|[20]
15:54:02.0 (49868567)|STATEMENT_EXECUTE|[21]
15:54:02.0 (49869684)|STATEMENT_EXECUTE|[22]
15:54:02.0 (49872912)|CONSTRUCTOR_EXIT|[56]|01pBK000001RGBP|<init>()|JobCardsController.JobWrapper
15:54:02.0 (49876772)|VARIABLE_SCOPE_BEGIN|[56]|wrapper|JobCardsController.JobWrapper|true|false
15:54:02.0 (49887888)|VARIABLE_ASSIGNMENT|[56]|wrapper|{}|0x148a0d0
15:54:02.0 (49890401)|STATEMENT_EXECUTE|[57]
15:54:02.0 (50118229)|VARIABLE_ASSIGNMENT|[57]|this.Id|"a0KBK00000Gexdg2AB"|0x148a0d0
15:54:02.0 (50123683)|STATEMENT_EXECUTE|[58]
15:54:02.0 (50143733)|VARIABLE_ASSIGNMENT|[58]|this.JobPosition|"テスト451求人タイトル求人タイトル求人 (235 more) ..."|0x148a0d0
15:54:02.0 (50148065)|STATEMENT_EXECUTE|[59]
15:54:02.0 (50155529)|VARIABLE_ASSIGNMENT|[59]|this.WorkLocation2|"444444"|0x148a0d0
15:54:02.0 (50157914)|STATEMENT_EXECUTE|[60]
15:54:02.0 (50170674)|VARIABLE_ASSIGNMENT|[60]|this.JobCategory1|"経営幹部/企画/マーケティング系"|0x148a0d0
15:54:02.0 (50173936)|STATEMENT_EXECUTE|[61]
15:54:02.0 (50180038)|VARIABLE_ASSIGNMENT|[61]|this.MaxAnnualSalary|null|0x148a0d0
15:54:02.0 (50182282)|STATEMENT_EXECUTE|[62]
15:54:02.0 (50185803)|VARIABLE_ASSIGNMENT|[62]|this.MinAnnualSalary|null|0x148a0d0
15:54:02.0 (50187991)|STATEMENT_EXECUTE|[63]
15:54:02.0 (50194433)|VARIABLE_ASSIGNMENT|[63]|this.JobDescription|"テスト451仕事内容仕事内容仕事内容仕事 (230 more) ..."|0x148a0d0
15:54:02.0 (50197423)|STATEMENT_EXECUTE|[64]
15:54:02.0 (50223854)|VARIABLE_ASSIGNMENT|[64]|this.LastModifiedDate|"2026-04-02T02:54:44.000Z"|0x148a0d0
15:54:02.0 (50226735)|STATEMENT_EXECUTE|[65]
15:54:02.0 (50240031)|VARIABLE_ASSIGNMENT|[65]|this.LastViewedDate|"2026-03-03T02:49:01.000Z"|0x148a0d0
15:54:02.0 (50243076)|STATEMENT_EXECUTE|[66]
15:54:02.0 (50296026)|HEAP_ALLOCATE|[66]|Bytes:5
15:54:02.0 (50302875)|VARIABLE_ASSIGNMENT|[66]|this.IsFavorite|true|0x148a0d0
15:54:02.0 (50305777)|STATEMENT_EXECUTE|[67]
15:54:02.0 (50323355)|HEAP_ALLOCATE|[EXTERNAL]|Bytes:4
15:54:02.0 (50336278)|HEAP_ALLOCATE|[55]|Bytes:5
15:54:02.0 (50348491)|HEAP_ALLOCATE|[55]|Bytes:40
15:54:02.0 (50354090)|VARIABLE_SCOPE_BEGIN|[55]|j|Job__c|true|false
15:54:02.0 (50411776)|VARIABLE_ASSIGNMENT|[55]|j|{"LastModifiedDate":"2026-03-19T02:02:27.000Z","JobPosition__c":"新潟市(新潟) 法人ルート営業・業界シェ (74 more) ...","WorkLocation2__c":"新潟県新潟市（転勤なし／車通勤可）","LastViewedDate":"2026-04-02T04:28:50.000Z","Id":"a0KBK00000GezgQ2AR","MinAnnualSalary__c":350,"JobDescription__c":"自社開発製造の給配水機器とその関連製品の (25 more) ...","JobCategory1__c":"経営幹部/企画/マーケティング系","MaxAnnualSalary__c":550}|0x1a50ae4c
15:54:02.0 (50419864)|STATEMENT_EXECUTE|[55]
15:54:02.0 (50420708)|STATEMENT_EXECUTE|[56]
15:54:02.0 (50424189)|HEAP_ALLOCATE|[56]|Bytes:44
15:54:02.0 (50429317)|CONSTRUCTOR_ENTRY|[56]|01pBK000001RGBP|<init>()|JobCardsController.JobWrapper
15:54:02.0 (50433589)|VARIABLE_SCOPE_BEGIN|[12]|this|JobCardsController.JobWrapper|true|false
15:54:02.0 (50449314)|VARIABLE_ASSIGNMENT|[12]|this|{}|0x6aa7f8f7
15:54:02.0 (50459948)|STATEMENT_EXECUTE|[12]
15:54:02.0 (50460831)|STATEMENT_EXECUTE|[13]
15:54:02.0 (50461668)|STATEMENT_EXECUTE|[14]
15:54:02.0 (50462566)|STATEMENT_EXECUTE|[15]
15:54:02.0 (50463336)|STATEMENT_EXECUTE|[16]
15:54:02.0 (50464093)|STATEMENT_EXECUTE|[17]
15:54:02.0 (50464883)|STATEMENT_EXECUTE|[18]
15:54:02.0 (50465653)|STATEMENT_EXECUTE|[19]
15:54:02.0 (50466430)|STATEMENT_EXECUTE|[20]
15:54:02.0 (50467246)|STATEMENT_EXECUTE|[21]
15:54:02.0 (50468045)|STATEMENT_EXECUTE|[22]
15:54:02.0 (50470146)|CONSTRUCTOR_EXIT|[56]|01pBK000001RGBP|<init>()|JobCardsController.JobWrapper
15:54:02.0 (50473545)|VARIABLE_SCOPE_BEGIN|[56]|wrapper|JobCardsController.JobWrapper|true|false
15:54:02.0 (50481127)|VARIABLE_ASSIGNMENT|[56]|wrapper|{}|0x6aa7f8f7
15:54:02.0 (50483731)|STATEMENT_EXECUTE|[57]
15:54:02.0 (50557040)|VARIABLE_ASSIGNMENT|[57]|this.Id|"a0KBK00000GezgQ2AR"|0x6aa7f8f7
15:54:02.0 (50560435)|STATEMENT_EXECUTE|[58]
15:54:02.0 (50566526)|VARIABLE_ASSIGNMENT|[58]|this.JobPosition|"新潟市(新潟) 法人ルート営業・業界シェ (74 more) ..."|0x6aa7f8f7
15:54:02.0 (50569452)|STATEMENT_EXECUTE|[59]
15:54:02.0 (50573485)|VARIABLE_ASSIGNMENT|[59]|this.WorkLocation2|"新潟県新潟市（転勤なし／車通勤可）"|0x6aa7f8f7
15:54:02.0 (50576227)|STATEMENT_EXECUTE|[60]
15:54:02.0 (50579430)|VARIABLE_ASSIGNMENT|[60]|this.JobCategory1|"経営幹部/企画/マーケティング系"|0x6aa7f8f7
15:54:02.0 (50582159)|STATEMENT_EXECUTE|[61]
15:54:02.0 (50628630)|VARIABLE_ASSIGNMENT|[61]|this.MaxAnnualSalary|550|0x6aa7f8f7
15:54:02.0 (50659665)|STATEMENT_EXECUTE|[62]
15:54:02.0 (50667187)|VARIABLE_ASSIGNMENT|[62]|this.MinAnnualSalary|350|0x6aa7f8f7
15:54:02.0 (50669507)|STATEMENT_EXECUTE|[63]
15:54:02.0 (50677362)|VARIABLE_ASSIGNMENT|[63]|this.JobDescription|"自社開発製造の給配水機器とその関連製品の (25 more) ..."|0x6aa7f8f7
15:54:02.0 (50685385)|STATEMENT_EXECUTE|[64]
15:54:02.0 (50697092)|VARIABLE_ASSIGNMENT|[64]|this.LastModifiedDate|"2026-03-19T02:02:27.000Z"|0x6aa7f8f7
15:54:02.0 (50699580)|STATEMENT_EXECUTE|[65]
15:54:02.0 (50705237)|VARIABLE_ASSIGNMENT|[65]|this.LastViewedDate|"2026-04-02T04:28:50.000Z"|0x6aa7f8f7
15:54:02.0 (50707646)|STATEMENT_EXECUTE|[66]
15:54:02.0 (50718700)|HEAP_ALLOCATE|[66]|Bytes:5
15:54:02.0 (50723012)|VARIABLE_ASSIGNMENT|[66]|this.IsFavorite|true|0x6aa7f8f7
15:54:02.0 (50725460)|STATEMENT_EXECUTE|[67]
15:54:02.0 (50730062)|HEAP_ALLOCATE|[EXTERNAL]|Bytes:4
15:54:02.0 (50738599)|HEAP_ALLOCATE|[55]|Bytes:5
15:54:02.0 (50746165)|HEAP_ALLOCATE|[55]|Bytes:40
15:54:02.0 (50750127)|VARIABLE_SCOPE_BEGIN|[55]|j|Job__c|true|false
15:54:02.0 (50792379)|VARIABLE_ASSIGNMENT|[55]|j|{"LastModifiedDate":"2026-03-18T01:52:52.000Z","JobPosition__c":"テスト401求人タイトル求人タイトル求人 (28 more) ...","WorkLocation2__c":"勤務地","LastViewedDate":"2026-03-29T02:44:24.000Z","Id":"a0KBK00000Gexcs2AB","MinAnnualSalary__c":450,"JobDescription__c":"テスト401仕事内容仕事内容仕事内容仕事 (30 more) ...","JobCategory1__c":"専門職系（コンサルタント/金融/不動産）","MaxAnnualSalary__c":600}|0x5f89ce46
15:54:02.0 (50799296)|STATEMENT_EXECUTE|[55]
15:54:02.0 (50800252)|STATEMENT_EXECUTE|[56]
15:54:02.0 (50802567)|HEAP_ALLOCATE|[56]|Bytes:44
15:54:02.0 (50806540)|CONSTRUCTOR_ENTRY|[56]|01pBK000001RGBP|<init>()|JobCardsController.JobWrapper
15:54:02.0 (50810062)|VARIABLE_SCOPE_BEGIN|[12]|this|JobCardsController.JobWrapper|true|false
15:54:02.0 (50821862)|VARIABLE_ASSIGNMENT|[12]|this|{}|0x7388cb29
15:54:02.0 (50830285)|STATEMENT_EXECUTE|[12]
15:54:02.0 (50831120)|STATEMENT_EXECUTE|[13]
15:54:02.0 (50831923)|STATEMENT_EXECUTE|[14]
15:54:02.0 (50832710)|STATEMENT_EXECUTE|[15]
15:54:02.0 (50833481)|STATEMENT_EXECUTE|[16]
15:54:02.0 (50834260)|STATEMENT_EXECUTE|[17]
15:54:02.0 (50835055)|STATEMENT_EXECUTE|[18]
15:54:02.0 (50835814)|STATEMENT_EXECUTE|[19]
15:54:02.0 (50836582)|STATEMENT_EXECUTE|[20]
15:54:02.0 (50837331)|STATEMENT_EXECUTE|[21]
15:54:02.0 (50838235)|STATEMENT_EXECUTE|[22]
15:54:02.0 (50840194)|CONSTRUCTOR_EXIT|[56]|01pBK000001RGBP|<init>()|JobCardsController.JobWrapper
15:54:02.0 (50843255)|VARIABLE_SCOPE_BEGIN|[56]|wrapper|JobCardsController.JobWrapper|true|false
15:54:02.0 (50850212)|VARIABLE_ASSIGNMENT|[56]|wrapper|{}|0x7388cb29
15:54:02.0 (50852690)|STATEMENT_EXECUTE|[57]
15:54:02.0 (50904962)|VARIABLE_ASSIGNMENT|[57]|this.Id|"a0KBK00000Gexcs2AB"|0x7388cb29
15:54:02.0 (50907988)|STATEMENT_EXECUTE|[58]
15:54:02.0 (50913330)|VARIABLE_ASSIGNMENT|[58]|this.JobPosition|"テスト401求人タイトル求人タイトル求人 (28 more) ..."|0x7388cb29
15:54:02.0 (50916267)|STATEMENT_EXECUTE|[59]
15:54:02.0 (50919679)|VARIABLE_ASSIGNMENT|[59]|this.WorkLocation2|"勤務地"|0x7388cb29
15:54:02.0 (50922424)|STATEMENT_EXECUTE|[60]
15:54:02.0 (50925612)|VARIABLE_ASSIGNMENT|[60]|this.JobCategory1|"専門職系（コンサルタント/金融/不動産）"|0x7388cb29
15:54:02.0 (50928467)|STATEMENT_EXECUTE|[61]
15:54:02.0 (50933815)|VARIABLE_ASSIGNMENT|[61]|this.MaxAnnualSalary|600|0x7388cb29
15:54:02.0 (50936310)|STATEMENT_EXECUTE|[62]
15:54:02.0 (50939864)|VARIABLE_ASSIGNMENT|[62]|this.MinAnnualSalary|450|0x7388cb29
15:54:02.0 (50942072)|STATEMENT_EXECUTE|[63]
15:54:02.0 (50945767)|VARIABLE_ASSIGNMENT|[63]|this.JobDescription|"テスト401仕事内容仕事内容仕事内容仕事 (30 more) ..."|0x7388cb29
15:54:02.0 (50948460)|STATEMENT_EXECUTE|[64]
15:54:02.0 (50955909)|VARIABLE_ASSIGNMENT|[64]|this.LastModifiedDate|"2026-03-18T01:52:52.000Z"|0x7388cb29
15:54:02.0 (50958410)|STATEMENT_EXECUTE|[65]
15:54:02.0 (50963530)|VARIABLE_ASSIGNMENT|[65]|this.LastViewedDate|"2026-03-29T02:44:24.000Z"|0x7388cb29
15:54:02.0 (50965907)|STATEMENT_EXECUTE|[66]
15:54:02.0 (50973987)|HEAP_ALLOCATE|[66]|Bytes:5
15:54:02.0 (50977511)|VARIABLE_ASSIGNMENT|[66]|this.IsFavorite|true|0x7388cb29
15:54:02.0 (50979940)|STATEMENT_EXECUTE|[67]
15:54:02.0 (50983185)|HEAP_ALLOCATE|[EXTERNAL]|Bytes:4
15:54:02.0 (51035518)|HEAP_ALLOCATE|[55]|Bytes:5
15:54:02.0 (51049489)|HEAP_ALLOCATE|[55]|Bytes:36
15:54:02.0 (51053655)|VARIABLE_SCOPE_BEGIN|[55]|j|Job__c|true|false
15:54:02.0 (51119321)|VARIABLE_ASSIGNMENT|[55]|j|{"LastModifiedDate":"2026-03-12T05:33:30.000Z","JobPosition__c":"テスト424求人タイトル求人タイトル求人 (28 more) ...","LastViewedDate":"2026-03-17T07:21:04.000Z","Id":"a0KBK00000GexdF2AR","MinAnnualSalary__c":250,"JobDescription__c":"テスト424仕事内容仕事内容仕事内容仕事 (30 more) ...","JobCategory1__c":"技術系（電気/電子/機械）","MaxAnnualSalary__c":350}|0x52a02dfa
15:54:02.0 (51126086)|STATEMENT_EXECUTE|[55]
15:54:02.0 (51127021)|STATEMENT_EXECUTE|[56]
15:54:02.0 (51129189)|HEAP_ALLOCATE|[56]|Bytes:44
15:54:02.0 (51132961)|CONSTRUCTOR_ENTRY|[56]|01pBK000001RGBP|<init>()|JobCardsController.JobWrapper
15:54:02.0 (51136609)|VARIABLE_SCOPE_BEGIN|[12]|this|JobCardsController.JobWrapper|true|false
15:54:02.0 (51164766)|VARIABLE_ASSIGNMENT|[12]|this|{}|0x3782aba8
15:54:02.0 (51173843)|STATEMENT_EXECUTE|[12]
15:54:02.0 (51174732)|STATEMENT_EXECUTE|[13]
15:54:02.0 (51175579)|STATEMENT_EXECUTE|[14]
15:54:02.0 (51176379)|STATEMENT_EXECUTE|[15]
15:54:02.0 (51177181)|STATEMENT_EXECUTE|[16]
15:54:02.0 (51177973)|STATEMENT_EXECUTE|[17]
15:54:02.0 (51178868)|STATEMENT_EXECUTE|[18]
15:54:02.0 (51179754)|STATEMENT_EXECUTE|[19]
15:54:02.0 (51180519)|STATEMENT_EXECUTE|[20]
15:54:02.0 (51181274)|STATEMENT_EXECUTE|[21]
15:54:02.0 (51182031)|STATEMENT_EXECUTE|[22]
15:54:02.0 (51183862)|CONSTRUCTOR_EXIT|[56]|01pBK000001RGBP|<init>()|JobCardsController.JobWrapper
15:54:02.0 (51186804)|VARIABLE_SCOPE_BEGIN|[56]|wrapper|JobCardsController.JobWrapper|true|false
15:54:02.0 (51193844)|VARIABLE_ASSIGNMENT|[56]|wrapper|{}|0x3782aba8
15:54:02.0 (51196388)|STATEMENT_EXECUTE|[57]
15:54:02.0 (51236179)|VARIABLE_ASSIGNMENT|[57]|this.Id|"a0KBK00000GexdF2AR"|0x3782aba8
15:54:02.0 (51239239)|STATEMENT_EXECUTE|[58]
15:54:02.0 (51244064)|VARIABLE_ASSIGNMENT|[58]|this.JobPosition|"テスト424求人タイトル求人タイトル求人 (28 more) ..."|0x3782aba8
15:54:02.0 (51246956)|STATEMENT_EXECUTE|[59]
15:54:02.0 (51250641)|VARIABLE_ASSIGNMENT|[59]|this.WorkLocation2|null|0x3782aba8
15:54:02.0 (51252892)|STATEMENT_EXECUTE|[60]
15:54:02.0 (51255983)|VARIABLE_ASSIGNMENT|[60]|this.JobCategory1|"技術系（電気/電子/機械）"|0x3782aba8
15:54:02.0 (51258614)|STATEMENT_EXECUTE|[61]
15:54:02.0 (51264479)|VARIABLE_ASSIGNMENT|[61]|this.MaxAnnualSalary|350|0x3782aba8
15:54:02.0 (51266721)|STATEMENT_EXECUTE|[62]
15:54:02.0 (51269961)|VARIABLE_ASSIGNMENT|[62]|this.MinAnnualSalary|250|0x3782aba8
15:54:02.0 (51272166)|STATEMENT_EXECUTE|[63]
15:54:02.0 (51275955)|VARIABLE_ASSIGNMENT|[63]|this.JobDescription|"テスト424仕事内容仕事内容仕事内容仕事 (30 more) ..."|0x3782aba8
15:54:02.0 (51278774)|STATEMENT_EXECUTE|[64]
15:54:02.0 (51286385)|VARIABLE_ASSIGNMENT|[64]|this.LastModifiedDate|"2026-03-12T05:33:30.000Z"|0x3782aba8
15:54:02.0 (51288902)|STATEMENT_EXECUTE|[65]
15:54:02.0 (51293895)|VARIABLE_ASSIGNMENT|[65]|this.LastViewedDate|"2026-03-17T07:21:04.000Z"|0x3782aba8
15:54:02.0 (51296161)|STATEMENT_EXECUTE|[66]
15:54:02.0 (51304314)|HEAP_ALLOCATE|[66]|Bytes:5
15:54:02.0 (51307714)|VARIABLE_ASSIGNMENT|[66]|this.IsFavorite|false|0x3782aba8
15:54:02.0 (51310444)|STATEMENT_EXECUTE|[67]
15:54:02.0 (51313687)|HEAP_ALLOCATE|[EXTERNAL]|Bytes:4
15:54:02.0 (51319939)|HEAP_ALLOCATE|[55]|Bytes:5
15:54:02.0 (51325979)|HEAP_ALLOCATE|[55]|Bytes:36
15:54:02.0 (51329122)|VARIABLE_SCOPE_BEGIN|[55]|j|Job__c|true|false
15:54:02.0 (51373241)|VARIABLE_ASSIGNMENT|[55]|j|{"LastModifiedDate":"2026-03-09T05:51:50.000Z","JobPosition__c":"テスト403求人タイトル求人タイトル求人 (28 more) ...","LastViewedDate":"2026-03-18T09:45:24.000Z","Id":"a0KBK00000Gexcu2AB","MinAnnualSalary__c":900,"JobDescription__c":"テスト403仕事内容仕事内容仕事内容仕事 (30 more) ...","JobCategory1__c":"営業系","MaxAnnualSalary__c":600}|0x7fca2948
15:54:02.0 (51379306)|STATEMENT_EXECUTE|[55]
15:54:02.0 (51380285)|STATEMENT_EXECUTE|[56]
15:54:02.0 (51382292)|HEAP_ALLOCATE|[56]|Bytes:44
15:54:02.0 (51385498)|CONSTRUCTOR_ENTRY|[56]|01pBK000001RGBP|<init>()|JobCardsController.JobWrapper
15:54:02.0 (51388771)|VARIABLE_SCOPE_BEGIN|[12]|this|JobCardsController.JobWrapper|true|false
15:54:02.0 (51398220)|VARIABLE_ASSIGNMENT|[12]|this|{}|0xc2c6c89
15:54:02.0 (51406075)|STATEMENT_EXECUTE|[12]
15:54:02.0 (51406969)|STATEMENT_EXECUTE|[13]
15:54:02.0 (51407784)|STATEMENT_EXECUTE|[14]
15:54:02.0 (51408686)|STATEMENT_EXECUTE|[15]
15:54:02.0 (51409467)|STATEMENT_EXECUTE|[16]
15:54:02.0 (51410239)|STATEMENT_EXECUTE|[17]
15:54:02.0 (51411002)|STATEMENT_EXECUTE|[18]
15:54:02.0 (51411765)|STATEMENT_EXECUTE|[19]
15:54:02.0 (51412544)|STATEMENT_EXECUTE|[20]
15:54:02.0 (51413304)|STATEMENT_EXECUTE|[21]
15:54:02.0 (51414088)|STATEMENT_EXECUTE|[22]
15:54:02.0 (51416119)|CONSTRUCTOR_EXIT|[56]|01pBK000001RGBP|<init>()|JobCardsController.JobWrapper
15:54:02.0 (51418785)|VARIABLE_SCOPE_BEGIN|[56]|wrapper|JobCardsController.JobWrapper|true|false
15:54:02.0 (51425441)|VARIABLE_ASSIGNMENT|[56]|wrapper|{}|0xc2c6c89
15:54:02.0 (51427884)|STATEMENT_EXECUTE|[57]
15:54:02.0 (51454701)|VARIABLE_ASSIGNMENT|[57]|this.Id|"a0KBK00000Gexcu2AB"|0xc2c6c89
15:54:02.0 (51457383)|STATEMENT_EXECUTE|[58]
15:54:02.0 (51462062)|VARIABLE_ASSIGNMENT|[58]|this.JobPosition|"テスト403求人タイトル求人タイトル求人 (28 more) ..."|0xc2c6c89
15:54:02.0 (51464828)|STATEMENT_EXECUTE|[59]
15:54:02.0 (51467791)|VARIABLE_ASSIGNMENT|[59]|this.WorkLocation2|null|0xc2c6c89
15:54:02.0 (51470024)|STATEMENT_EXECUTE|[60]
15:54:02.0 (51473046)|VARIABLE_ASSIGNMENT|[60]|this.JobCategory1|"営業系"|0xc2c6c89
15:54:02.0 (51475706)|STATEMENT_EXECUTE|[61]
15:54:02.0 (51479945)|VARIABLE_ASSIGNMENT|[61]|this.MaxAnnualSalary|600|0xc2c6c89
15:54:02.0 (51482371)|STATEMENT_EXECUTE|[62]
15:54:02.0 (51485559)|VARIABLE_ASSIGNMENT|[62]|this.MinAnnualSalary|900|0xc2c6c89
15:54:02.0 (51487922)|STATEMENT_EXECUTE|[63]
15:54:02.0 (51491818)|VARIABLE_ASSIGNMENT|[63]|this.JobDescription|"テスト403仕事内容仕事内容仕事内容仕事 (30 more) ..."|0xc2c6c89
15:54:02.0 (51494797)|STATEMENT_EXECUTE|[64]
15:54:02.0 (51501576)|VARIABLE_ASSIGNMENT|[64]|this.LastModifiedDate|"2026-03-09T05:51:50.000Z"|0xc2c6c89
15:54:02.0 (51504243)|STATEMENT_EXECUTE|[65]
15:54:02.0 (51528086)|VARIABLE_ASSIGNMENT|[65]|this.LastViewedDate|"2026-03-18T09:45:24.000Z"|0xc2c6c89
15:54:02.0 (51530697)|STATEMENT_EXECUTE|[66]
15:54:02.0 (51538828)|HEAP_ALLOCATE|[66]|Bytes:5
15:54:02.0 (51542087)|VARIABLE_ASSIGNMENT|[66]|this.IsFavorite|true|0xc2c6c89
15:54:02.0 (51544383)|STATEMENT_EXECUTE|[67]
15:54:02.0 (51547771)|HEAP_ALLOCATE|[EXTERNAL]|Bytes:4
15:54:02.0 (51554048)|HEAP_ALLOCATE|[55]|Bytes:5
15:54:02.0 (51559130)|HEAP_ALLOCATE|[55]|Bytes:36
15:54:02.0 (51562247)|VARIABLE_SCOPE_BEGIN|[55]|j|Job__c|true|false
15:54:02.0 (51616358)|VARIABLE_ASSIGNMENT|[55]|j|{"LastModifiedDate":"2026-03-09T05:51:49.000Z","JobPosition__c":"テスト402求人タイトル求人タイトル求人 (28 more) ...","LastViewedDate":"2026-03-18T09:45:33.000Z","Id":"a0KBK00000Gexct2AB","MinAnnualSalary__c":500,"JobDescription__c":"テスト402仕事内容仕事内容仕事内容仕事 (30 more) ...","JobCategory1__c":"営業系","MaxAnnualSalary__c":400}|0x60f7ca33
15:54:02.0 (51622326)|STATEMENT_EXECUTE|[55]
15:54:02.0 (51623180)|STATEMENT_EXECUTE|[56]
15:54:02.0 (51625218)|HEAP_ALLOCATE|[56]|Bytes:44
15:54:02.0 (51628468)|CONSTRUCTOR_ENTRY|[56]|01pBK000001RGBP|<init>()|JobCardsController.JobWrapper
15:54:02.0 (51631783)|VARIABLE_SCOPE_BEGIN|[12]|this|JobCardsController.JobWrapper|true|false
15:54:02.0 (51641298)|VARIABLE_ASSIGNMENT|[12]|this|{}|0x59194dbb
15:54:02.0 (51648717)|STATEMENT_EXECUTE|[12]
15:54:02.0 (51649708)|STATEMENT_EXECUTE|[13]
15:54:02.0 (51650512)|STATEMENT_EXECUTE|[14]
15:54:02.0 (51651298)|STATEMENT_EXECUTE|[15]
15:54:02.0 (51652073)|STATEMENT_EXECUTE|[16]
15:54:02.0 (51652853)|STATEMENT_EXECUTE|[17]
15:54:02.0 (51653624)|STATEMENT_EXECUTE|[18]
15:54:02.0 (51654404)|STATEMENT_EXECUTE|[19]
15:54:02.0 (51655148)|STATEMENT_EXECUTE|[20]
15:54:02.0 (51655904)|STATEMENT_EXECUTE|[21]
15:54:02.0 (51656660)|STATEMENT_EXECUTE|[22]
15:54:02.0 (51672173)|CONSTRUCTOR_EXIT|[56]|01pBK000001RGBP|<init>()|JobCardsController.JobWrapper
15:54:02.0 (51675372)|VARIABLE_SCOPE_BEGIN|[56]|wrapper|JobCardsController.JobWrapper|true|false
15:54:02.0 (51682793)|VARIABLE_ASSIGNMENT|[56]|wrapper|{}|0x59194dbb
15:54:02.0 (51685158)|STATEMENT_EXECUTE|[57]
15:54:02.0 (51717643)|VARIABLE_ASSIGNMENT|[57]|this.Id|"a0KBK00000Gexct2AB"|0x59194dbb
15:54:02.0 (51720535)|STATEMENT_EXECUTE|[58]
15:54:02.0 (51725405)|VARIABLE_ASSIGNMENT|[58]|this.JobPosition|"テスト402求人タイトル求人タイトル求人 (28 more) ..."|0x59194dbb
15:54:02.0 (51728505)|STATEMENT_EXECUTE|[59]
15:54:02.0 (51731285)|VARIABLE_ASSIGNMENT|[59]|this.WorkLocation2|null|0x59194dbb
15:54:02.0 (51733669)|STATEMENT_EXECUTE|[60]
15:54:02.0 (51736481)|VARIABLE_ASSIGNMENT|[60]|this.JobCategory1|"営業系"|0x59194dbb
15:54:02.0 (51739008)|STATEMENT_EXECUTE|[61]
15:54:02.0 (51744038)|VARIABLE_ASSIGNMENT|[61]|this.MaxAnnualSalary|400|0x59194dbb
15:54:02.0 (51746508)|STATEMENT_EXECUTE|[62]
15:54:02.0 (51749693)|VARIABLE_ASSIGNMENT|[62]|this.MinAnnualSalary|500|0x59194dbb
15:54:02.0 (51751995)|STATEMENT_EXECUTE|[63]
15:54:02.0 (51760193)|VARIABLE_ASSIGNMENT|[63]|this.JobDescription|"テスト402仕事内容仕事内容仕事内容仕事 (30 more) ..."|0x59194dbb
15:54:02.0 (51763256)|STATEMENT_EXECUTE|[64]
15:54:02.0 (51770987)|VARIABLE_ASSIGNMENT|[64]|this.LastModifiedDate|"2026-03-09T05:51:49.000Z"|0x59194dbb
15:54:02.0 (51773358)|STATEMENT_EXECUTE|[65]
15:54:02.0 (51778225)|VARIABLE_ASSIGNMENT|[65]|this.LastViewedDate|"2026-03-18T09:45:33.000Z"|0x59194dbb
15:54:02.0 (51780545)|STATEMENT_EXECUTE|[66]
15:54:02.0 (51787908)|HEAP_ALLOCATE|[66]|Bytes:5
15:54:02.0 (51791318)|VARIABLE_ASSIGNMENT|[66]|this.IsFavorite|false|0x59194dbb
15:54:02.0 (51793598)|STATEMENT_EXECUTE|[67]
15:54:02.0 (51796608)|HEAP_ALLOCATE|[EXTERNAL]|Bytes:4
15:54:02.0 (51802635)|HEAP_ALLOCATE|[55]|Bytes:5
15:54:02.0 (51808002)|HEAP_ALLOCATE|[55]|Bytes:40
15:54:02.0 (51811071)|VARIABLE_SCOPE_BEGIN|[55]|j|Job__c|true|false
15:54:02.0 (51848865)|VARIABLE_ASSIGNMENT|[55]|j|{"LastModifiedDate":"2026-03-06T01:15:09.000Z","JobPosition__c":"千代田区(東京) 設備積算・大手サブコン (18 more) ...","WorkLocation2__c":"東京都千代田区","LastViewedDate":"2026-03-17T05:57:19.000Z","Id":"a0KBK00000GezgH2AR","MinAnnualSalary__c":400,"JobDescription__c":"事務所ビルや商業施設、工場など、多様な建 (105 more) ...","JobCategory1__c":"営業系","MaxAnnualSalary__c":650}|0x719dc395
15:54:02.0 (51855250)|STATEMENT_EXECUTE|[55]
15:54:02.0 (51856088)|STATEMENT_EXECUTE|[56]
15:54:02.0 (51857943)|HEAP_ALLOCATE|[56]|Bytes:44
15:54:02.0 (51860845)|CONSTRUCTOR_ENTRY|[56]|01pBK000001RGBP|<init>()|JobCardsController.JobWrapper
15:54:02.0 (51863933)|VARIABLE_SCOPE_BEGIN|[12]|this|JobCardsController.JobWrapper|true|false
15:54:02.0 (51872879)|VARIABLE_ASSIGNMENT|[12]|this|{}|0x6cfd1432
15:54:02.0 (51879932)|STATEMENT_EXECUTE|[12]
15:54:02.0 (51880814)|STATEMENT_EXECUTE|[13]
15:54:02.0 (51881627)|STATEMENT_EXECUTE|[14]
15:54:02.0 (51882411)|STATEMENT_EXECUTE|[15]
15:54:02.0 (51883195)|STATEMENT_EXECUTE|[16]
15:54:02.0 (51884001)|STATEMENT_EXECUTE|[17]
15:54:02.0 (51884758)|STATEMENT_EXECUTE|[18]
15:54:02.0 (51885510)|STATEMENT_EXECUTE|[19]
15:54:02.0 (51886273)|STATEMENT_EXECUTE|[20]
15:54:02.0 (51887073)|STATEMENT_EXECUTE|[21]
15:54:02.0 (51887846)|STATEMENT_EXECUTE|[22]
15:54:02.0 (51889197)|CONSTRUCTOR_EXIT|[56]|01pBK000001RGBP|<init>()|JobCardsController.JobWrapper
15:54:02.0 (51892196)|VARIABLE_SCOPE_BEGIN|[56]|wrapper|JobCardsController.JobWrapper|true|false
15:54:02.0 (51898578)|VARIABLE_ASSIGNMENT|[56]|wrapper|{}|0x6cfd1432
15:54:02.0 (51900933)|STATEMENT_EXECUTE|[57]
15:54:02.0 (51936268)|VARIABLE_ASSIGNMENT|[57]|this.Id|"a0KBK00000GezgH2AR"|0x6cfd1432
15:54:02.0 (51939778)|STATEMENT_EXECUTE|[58]
15:54:02.0 (51945160)|VARIABLE_ASSIGNMENT|[58]|this.JobPosition|"千代田区(東京) 設備積算・大手サブコン (18 more) ..."|0x6cfd1432
15:54:02.0 (51948115)|STATEMENT_EXECUTE|[59]
15:54:02.0 (51951446)|VARIABLE_ASSIGNMENT|[59]|this.WorkLocation2|"東京都千代田区"|0x6cfd1432
15:54:02.0 (51954062)|STATEMENT_EXECUTE|[60]
15:54:02.0 (51956738)|VARIABLE_ASSIGNMENT|[60]|this.JobCategory1|"営業系"|0x6cfd1432
15:54:02.0 (51959296)|STATEMENT_EXECUTE|[61]
15:54:02.0 (51964108)|VARIABLE_ASSIGNMENT|[61]|this.MaxAnnualSalary|650|0x6cfd1432
15:54:02.0 (51966343)|STATEMENT_EXECUTE|[62]
15:54:02.0 (51969573)|VARIABLE_ASSIGNMENT|[62]|this.MinAnnualSalary|400|0x6cfd1432
15:54:02.0 (51971965)|STATEMENT_EXECUTE|[63]
15:54:02.0 (51975590)|VARIABLE_ASSIGNMENT|[63]|this.JobDescription|"事務所ビルや商業施設、工場など、多様な建 (105 more) ..."|0x6cfd1432
15:54:02.0 (51978500)|STATEMENT_EXECUTE|[64]
15:54:02.0 (51985677)|VARIABLE_ASSIGNMENT|[64]|this.LastModifiedDate|"2026-03-06T01:15:09.000Z"|0x6cfd1432
15:54:02.0 (51988059)|STATEMENT_EXECUTE|[65]
15:54:02.0 (51993008)|VARIABLE_ASSIGNMENT|[65]|this.LastViewedDate|"2026-03-17T05:57:19.000Z"|0x6cfd1432
15:54:02.0 (51995504)|STATEMENT_EXECUTE|[66]
15:54:02.0 (52002553)|HEAP_ALLOCATE|[66]|Bytes:5
15:54:02.0 (52006358)|VARIABLE_ASSIGNMENT|[66]|this.IsFavorite|false|0x6cfd1432
15:54:02.0 (52008647)|STATEMENT_EXECUTE|[67]
15:54:02.0 (52011493)|HEAP_ALLOCATE|[EXTERNAL]|Bytes:4
15:54:02.0 (52017885)|HEAP_ALLOCATE|[55]|Bytes:5
15:54:02.0 (52023178)|HEAP_ALLOCATE|[55]|Bytes:36
15:54:02.0 (52026053)|VARIABLE_SCOPE_BEGIN|[55]|j|Job__c|true|false
15:54:02.0 (52061325)|VARIABLE_ASSIGNMENT|[55]|j|{"LastModifiedDate":"2026-02-06T01:25:17.000Z","JobPosition__c":"テスト467求人タイトル求人タイトル求人 (28 more) ...","LastViewedDate":"2026-03-03T09:55:23.000Z","Id":"a0KBK00000Gexdw2AB","MinAnnualSalary__c":216,"JobDescription__c":"テスト467仕事内容仕事内容仕事内容仕事 (30 more) ...","JobCategory1__c":"管理部門/事務系","MaxAnnualSalary__c":0}|0x2201efa1
15:54:02.0 (52067265)|STATEMENT_EXECUTE|[55]
15:54:02.0 (52068144)|STATEMENT_EXECUTE|[56]
15:54:02.0 (52069827)|HEAP_ALLOCATE|[56]|Bytes:44
15:54:02.0 (52072580)|CONSTRUCTOR_ENTRY|[56]|01pBK000001RGBP|<init>()|JobCardsController.JobWrapper
15:54:02.0 (52075592)|VARIABLE_SCOPE_BEGIN|[12]|this|JobCardsController.JobWrapper|true|false
15:54:02.0 (52084423)|VARIABLE_ASSIGNMENT|[12]|this|{}|0x4e002dee
15:54:02.0 (52091167)|STATEMENT_EXECUTE|[12]
15:54:02.0 (52092007)|STATEMENT_EXECUTE|[13]
15:54:02.0 (52092807)|STATEMENT_EXECUTE|[14]
15:54:02.0 (52093582)|STATEMENT_EXECUTE|[15]
15:54:02.0 (52094360)|STATEMENT_EXECUTE|[16]
15:54:02.0 (52095147)|STATEMENT_EXECUTE|[17]
15:54:02.0 (52095918)|STATEMENT_EXECUTE|[18]
15:54:02.0 (52096696)|STATEMENT_EXECUTE|[19]
15:54:02.0 (52097453)|STATEMENT_EXECUTE|[20]
15:54:02.0 (52098214)|STATEMENT_EXECUTE|[21]
15:54:02.0 (52098965)|STATEMENT_EXECUTE|[22]
15:54:02.0 (52100367)|CONSTRUCTOR_EXIT|[56]|01pBK000001RGBP|<init>()|JobCardsController.JobWrapper
15:54:02.0 (52103173)|VARIABLE_SCOPE_BEGIN|[56]|wrapper|JobCardsController.JobWrapper|true|false
15:54:02.0 (52109872)|VARIABLE_ASSIGNMENT|[56]|wrapper|{}|0x4e002dee
15:54:02.0 (52112362)|STATEMENT_EXECUTE|[57]
15:54:02.0 (52135624)|VARIABLE_ASSIGNMENT|[57]|this.Id|"a0KBK00000Gexdw2AB"|0x4e002dee
15:54:02.0 (52138401)|STATEMENT_EXECUTE|[58]
15:54:02.0 (52142567)|VARIABLE_ASSIGNMENT|[58]|this.JobPosition|"テスト467求人タイトル求人タイトル求人 (28 more) ..."|0x4e002dee
15:54:02.0 (52145353)|STATEMENT_EXECUTE|[59]
15:54:02.0 (52148413)|VARIABLE_ASSIGNMENT|[59]|this.WorkLocation2|null|0x4e002dee
15:54:02.0 (52150719)|STATEMENT_EXECUTE|[60]
15:54:02.0 (52153710)|VARIABLE_ASSIGNMENT|[60]|this.JobCategory1|"管理部門/事務系"|0x4e002dee
15:54:02.0 (52156286)|STATEMENT_EXECUTE|[61]
15:54:02.0 (52176045)|HEAP_ALLOCATE|[61]|Bytes:28
15:54:02.0 (52180134)|VARIABLE_ASSIGNMENT|[61]|this.MaxAnnualSalary|0|0x4e002dee
15:54:02.0 (52182517)|STATEMENT_EXECUTE|[62]
15:54:02.0 (52185866)|VARIABLE_ASSIGNMENT|[62]|this.MinAnnualSalary|216|0x4e002dee
15:54:02.0 (52188142)|STATEMENT_EXECUTE|[63]
15:54:02.0 (52191555)|VARIABLE_ASSIGNMENT|[63]|this.JobDescription|"テスト467仕事内容仕事内容仕事内容仕事 (30 more) ..."|0x4e002dee
15:54:02.0 (52194415)|STATEMENT_EXECUTE|[64]
15:54:02.0 (52208117)|VARIABLE_ASSIGNMENT|[64]|this.LastModifiedDate|"2026-02-06T01:25:17.000Z"|0x4e002dee
15:54:02.0 (52210843)|STATEMENT_EXECUTE|[65]
15:54:02.0 (52215968)|VARIABLE_ASSIGNMENT|[65]|this.LastViewedDate|"2026-03-03T09:55:23.000Z"|0x4e002dee
15:54:02.0 (52218268)|STATEMENT_EXECUTE|[66]
15:54:02.0 (52225411)|HEAP_ALLOCATE|[66]|Bytes:5
15:54:02.0 (52228728)|VARIABLE_ASSIGNMENT|[66]|this.IsFavorite|false|0x4e002dee
15:54:02.0 (52231082)|STATEMENT_EXECUTE|[67]
15:54:02.0 (52234042)|HEAP_ALLOCATE|[EXTERNAL]|Bytes:4
15:54:02.0 (52239789)|HEAP_ALLOCATE|[55]|Bytes:5
15:54:02.0 (52244698)|HEAP_ALLOCATE|[55]|Bytes:36
15:54:02.0 (52247424)|VARIABLE_SCOPE_BEGIN|[55]|j|Job__c|true|false
15:54:02.0 (52311535)|VARIABLE_ASSIGNMENT|[55]|j|{"LastModifiedDate":"2026-02-05T00:50:25.000Z","JobPosition__c":"テスト297求人タイトル求人タイトル求人 (28 more) ...","LastViewedDate":"2026-03-28T05:28:09.000Z","Id":"a0KBK00000Gezpx2AB","MinAnnualSalary__c":350,"JobDescription__c":"テスト297仕事内容仕事内容仕事内容仕事 (30 more) ...","JobCategory1__c":"IT系（ソフトウェア/ネットワーク）","MaxAnnualSalary__c":600}|0xcaf12c0
15:54:02.0 (52322472)|STATEMENT_EXECUTE|[55]
15:54:02.0 (52323401)|STATEMENT_EXECUTE|[56]
15:54:02.0 (52325447)|HEAP_ALLOCATE|[56]|Bytes:44
15:54:02.0 (52328751)|CONSTRUCTOR_ENTRY|[56]|01pBK000001RGBP|<init>()|JobCardsController.JobWrapper
15:54:02.0 (52331806)|VARIABLE_SCOPE_BEGIN|[12]|this|JobCardsController.JobWrapper|true|false
15:54:02.0 (52341995)|VARIABLE_ASSIGNMENT|[12]|this|{}|0x21274883
15:54:02.0 (52349140)|STATEMENT_EXECUTE|[12]
15:54:02.0 (52350007)|STATEMENT_EXECUTE|[13]
15:54:02.0 (52350783)|STATEMENT_EXECUTE|[14]
15:54:02.0 (52351566)|STATEMENT_EXECUTE|[15]
15:54:02.0 (52352349)|STATEMENT_EXECUTE|[16]
15:54:02.0 (52353133)|STATEMENT_EXECUTE|[17]
15:54:02.0 (52353894)|STATEMENT_EXECUTE|[18]
15:54:02.0 (52354681)|STATEMENT_EXECUTE|[19]
15:54:02.0 (52355432)|STATEMENT_EXECUTE|[20]
15:54:02.0 (52356186)|STATEMENT_EXECUTE|[21]
15:54:02.0 (52356945)|STATEMENT_EXECUTE|[22]
15:54:02.0 (52358536)|CONSTRUCTOR_EXIT|[56]|01pBK000001RGBP|<init>()|JobCardsController.JobWrapper
15:54:02.0 (52361502)|VARIABLE_SCOPE_BEGIN|[56]|wrapper|JobCardsController.JobWrapper|true|false
15:54:02.0 (52368054)|VARIABLE_ASSIGNMENT|[56]|wrapper|{}|0x21274883
15:54:02.0 (52370434)|STATEMENT_EXECUTE|[57]
15:54:02.0 (52396882)|VARIABLE_ASSIGNMENT|[57]|this.Id|"a0KBK00000Gezpx2AB"|0x21274883
15:54:02.0 (52399692)|STATEMENT_EXECUTE|[58]
15:54:02.0 (52404123)|VARIABLE_ASSIGNMENT|[58]|this.JobPosition|"テスト297求人タイトル求人タイトル求人 (28 more) ..."|0x21274883
15:54:02.0 (52406994)|STATEMENT_EXECUTE|[59]
15:54:02.0 (52409837)|VARIABLE_ASSIGNMENT|[59]|this.WorkLocation2|null|0x21274883
15:54:02.0 (52412047)|STATEMENT_EXECUTE|[60]
15:54:02.0 (52415237)|VARIABLE_ASSIGNMENT|[60]|this.JobCategory1|"IT系（ソフトウェア/ネットワーク）"|0x21274883
15:54:02.0 (52417965)|STATEMENT_EXECUTE|[61]
15:54:02.0 (52422367)|VARIABLE_ASSIGNMENT|[61]|this.MaxAnnualSalary|600|0x21274883
15:54:02.0 (52424756)|STATEMENT_EXECUTE|[62]
15:54:02.0 (52427982)|VARIABLE_ASSIGNMENT|[62]|this.MinAnnualSalary|350|0x21274883
15:54:02.0 (52430177)|STATEMENT_EXECUTE|[63]
15:54:02.0 (52433704)|VARIABLE_ASSIGNMENT|[63]|this.JobDescription|"テスト297仕事内容仕事内容仕事内容仕事 (30 more) ..."|0x21274883
15:54:02.0 (52436512)|STATEMENT_EXECUTE|[64]
15:54:02.0 (52462769)|VARIABLE_ASSIGNMENT|[64]|this.LastModifiedDate|"2026-02-05T00:50:25.000Z"|0x21274883
15:54:02.0 (52465387)|STATEMENT_EXECUTE|[65]
15:54:02.0 (52470601)|VARIABLE_ASSIGNMENT|[65]|this.LastViewedDate|"2026-03-28T05:28:09.000Z"|0x21274883
15:54:02.0 (52472957)|STATEMENT_EXECUTE|[66]
15:54:02.0 (52480310)|HEAP_ALLOCATE|[66]|Bytes:5
15:54:02.0 (52483649)|VARIABLE_ASSIGNMENT|[66]|this.IsFavorite|false|0x21274883
15:54:02.0 (52485962)|STATEMENT_EXECUTE|[67]
15:54:02.0 (52488943)|HEAP_ALLOCATE|[EXTERNAL]|Bytes:4
15:54:02.0 (52495955)|HEAP_ALLOCATE|[55]|Bytes:5
15:54:02.0 (52519639)|HEAP_ALLOCATE|[55]|Bytes:36
15:54:02.0 (52525507)|VARIABLE_SCOPE_BEGIN|[55]|j|Job__c|true|false
15:54:02.0 (52583589)|VARIABLE_ASSIGNMENT|[55]|j|{"LastModifiedDate":"2026-02-05T00:49:22.000Z","JobPosition__c":"テスト407求人タイトル求人タイトル求人 (28 more) ...","LastViewedDate":"2026-03-18T09:45:42.000Z","Id":"a0KBK00000Gexcy2AB","MinAnnualSalary__c":350,"JobDescription__c":"テスト407仕事内容仕事内容仕事内容仕事 (30 more) ...","JobCategory1__c":"営業系","MaxAnnualSalary__c":450}|0x52d7f734
15:54:02.0 (52593473)|STATEMENT_EXECUTE|[55]
15:54:02.0 (52594718)|STATEMENT_EXECUTE|[56]
15:54:02.0 (52597625)|HEAP_ALLOCATE|[56]|Bytes:44
15:54:02.0 (52602476)|CONSTRUCTOR_ENTRY|[56]|01pBK000001RGBP|<init>()|JobCardsController.JobWrapper
15:54:02.0 (52607634)|VARIABLE_SCOPE_BEGIN|[12]|this|JobCardsController.JobWrapper|true|false
15:54:02.0 (52623618)|VARIABLE_ASSIGNMENT|[12]|this|{}|0x32c0ad89
15:54:02.0 (52633851)|STATEMENT_EXECUTE|[12]
15:54:02.0 (52634765)|STATEMENT_EXECUTE|[13]
15:54:02.0 (52635580)|STATEMENT_EXECUTE|[14]
15:54:02.0 (52636358)|STATEMENT_EXECUTE|[15]
15:54:02.0 (52637160)|STATEMENT_EXECUTE|[16]
15:54:02.0 (52637973)|STATEMENT_EXECUTE|[17]
15:54:02.0 (52638785)|STATEMENT_EXECUTE|[18]
15:54:02.0 (52639540)|STATEMENT_EXECUTE|[19]
15:54:02.0 (52640303)|STATEMENT_EXECUTE|[20]
15:54:02.0 (52641073)|STATEMENT_EXECUTE|[21]
15:54:02.0 (52647731)|STATEMENT_EXECUTE|[22]
15:54:02.0 (52649886)|CONSTRUCTOR_EXIT|[56]|01pBK000001RGBP|<init>()|JobCardsController.JobWrapper
15:54:02.0 (52653017)|VARIABLE_SCOPE_BEGIN|[56]|wrapper|JobCardsController.JobWrapper|true|false
15:54:02.0 (52660787)|VARIABLE_ASSIGNMENT|[56]|wrapper|{}|0x32c0ad89
15:54:02.0 (52663311)|STATEMENT_EXECUTE|[57]
15:54:02.0 (52696365)|VARIABLE_ASSIGNMENT|[57]|this.Id|"a0KBK00000Gexcy2AB"|0x32c0ad89
15:54:02.0 (52699091)|STATEMENT_EXECUTE|[58]
15:54:02.0 (52703656)|VARIABLE_ASSIGNMENT|[58]|this.JobPosition|"テスト407求人タイトル求人タイトル求人 (28 more) ..."|0x32c0ad89
15:54:02.0 (52706508)|STATEMENT_EXECUTE|[59]
15:54:02.0 (52709646)|VARIABLE_ASSIGNMENT|[59]|this.WorkLocation2|null|0x32c0ad89
15:54:02.0 (52711887)|STATEMENT_EXECUTE|[60]
15:54:02.0 (52714781)|VARIABLE_ASSIGNMENT|[60]|this.JobCategory1|"営業系"|0x32c0ad89
15:54:02.0 (52717472)|STATEMENT_EXECUTE|[61]
15:54:02.0 (52722351)|VARIABLE_ASSIGNMENT|[61]|this.MaxAnnualSalary|450|0x32c0ad89
15:54:02.0 (52724621)|STATEMENT_EXECUTE|[62]
15:54:02.0 (52727848)|VARIABLE_ASSIGNMENT|[62]|this.MinAnnualSalary|350|0x32c0ad89
15:54:02.0 (52730205)|STATEMENT_EXECUTE|[63]
15:54:02.0 (52733728)|VARIABLE_ASSIGNMENT|[63]|this.JobDescription|"テスト407仕事内容仕事内容仕事内容仕事 (30 more) ..."|0x32c0ad89
15:54:02.0 (52736457)|STATEMENT_EXECUTE|[64]
15:54:02.0 (52762284)|VARIABLE_ASSIGNMENT|[64]|this.LastModifiedDate|"2026-02-05T00:49:22.000Z"|0x32c0ad89
15:54:02.0 (52764908)|STATEMENT_EXECUTE|[65]
15:54:02.0 (52770058)|VARIABLE_ASSIGNMENT|[65]|this.LastViewedDate|"2026-03-18T09:45:42.000Z"|0x32c0ad89
15:54:02.0 (52772325)|STATEMENT_EXECUTE|[66]
15:54:02.0 (52781318)|HEAP_ALLOCATE|[66]|Bytes:5
15:54:02.0 (52784919)|VARIABLE_ASSIGNMENT|[66]|this.IsFavorite|false|0x32c0ad89
15:54:02.0 (52792175)|STATEMENT_EXECUTE|[67]
15:54:02.0 (52796391)|HEAP_ALLOCATE|[EXTERNAL]|Bytes:4
15:54:02.0 (52803904)|HEAP_ALLOCATE|[55]|Bytes:5
15:54:02.0 (52810001)|VARIABLE_ASSIGNMENT|[55]|j|null|
15:54:02.0 (52814085)|STATEMENT_EXECUTE|[69]
15:54:02.52 (52867531)|CUMULATIVE_LIMIT_USAGE
15:54:02.52 (52867531)|LIMIT_USAGE_FOR_NS|(default)|
  Number of SOQL queries: 2 out of 100
  Number of query rows: 14 out of 50000
  Number of SOSL queries: 0 out of 20
  Number of DML statements: 0 out of 150
  Number of Publish Immediate DML: 0 out of 150
  Number of DML rows: 0 out of 10000
  Maximum CPU time: 0 out of 10000
  Maximum heap size: 0 out of 6000000
  Number of callouts: 0 out of 100
  Number of Email Invocations: 0 out of 10
  Number of future calls: 0 out of 50
  Number of queueable jobs added to the queue: 0 out of 50
  Number of Mobile Apex push calls: 0 out of 10

15:54:02.52 (52867531)|CUMULATIVE_LIMIT_USAGE_END

15:54:02.0 (52910676)|CODE_UNIT_FINISHED|JobCardsController.getJobs()
15:54:02.0 (53128622)|CODE_UNIT_FINISHED|apex://JobCardsController/ACTION$getJobs
15:54:02.0 (53135124)|EXECUTION_FINISHED
