66.0 APEX_CODE,FINEST;APEX_PROFILING,INFO;CALLOUT,INFO;DATA_ACCESS,INFO;DB,INFO;NBA,INFO;SYSTEM,DEBUG;VALIDATION,INFO;VISUALFORCE,INFO;WAVE,INFO;WORKFLOW,INFO
15:52:56.0 (308187)|USER_INFO|[EXTERNAL]|0057F0000042UBb|ishibashi@hurex.co.jp.dev1|(GMT+09:00) 日本標準時 (Asia/Tokyo)|GMT+09:00
15:52:56.0 (353508)|EXECUTION_STARTED
15:52:56.0 (367210)|CODE_UNIT_STARTED|[EXTERNAL]|apex://JobCardsController/ACTION$getJobs
15:52:56.0 (2222551)|CODE_UNIT_STARTED|[EXTERNAL]|01pBK000001RGBP|JobCardsController.getJobs()
15:52:56.0 (2515599)|HEAP_ALLOCATE|[95]|Bytes:3
15:52:56.0 (2607606)|HEAP_ALLOCATE|[100]|Bytes:152
15:52:56.0 (2623186)|HEAP_ALLOCATE|[417]|Bytes:408
15:52:56.0 (2640677)|HEAP_ALLOCATE|[430]|Bytes:408
15:52:56.0 (2676264)|HEAP_ALLOCATE|[317]|Bytes:6
15:52:56.0 (2738882)|HEAP_ALLOCATE|[EXTERNAL]|Bytes:10
15:52:56.0 (2743830)|HEAP_ALLOCATE|[EXTERNAL]|Bytes:5
15:52:56.0 (2746819)|HEAP_ALLOCATE|[EXTERNAL]|Bytes:2
15:52:56.0 (2758260)|METHOD_ENTRY|[1]|01pBK000001RGBP|JobCardsController.JobCardsController()
15:52:56.0 (2764446)|STATEMENT_EXECUTE|[1]
15:52:56.0 (2770020)|STATEMENT_EXECUTE|[1]
15:52:56.0 (2793026)|HEAP_ALLOCATE|[68]|Bytes:5
15:52:56.0 (2834784)|HEAP_ALLOCATE|[74]|Bytes:5
15:52:56.0 (2841752)|HEAP_ALLOCATE|[82]|Bytes:7
15:52:56.0 (3041953)|HEAP_ALLOCATE|[EXTERNAL]|Bytes:5
15:52:56.0 (3048249)|STATEMENT_EXECUTE|[3]
15:52:56.0 (3056427)|METHOD_EXIT|[1]|JobCardsController
15:52:56.0 (3068930)|HEAP_ALLOCATE|[18]|Bytes:5
15:52:56.0 (3072310)|STATEMENT_EXECUTE|[17]
15:52:56.0 (3073909)|STATEMENT_EXECUTE|[18]
15:52:56.0 (3111077)|HEAP_ALLOCATE|[18]|Bytes:4
15:52:56.0 (3173809)|VARIABLE_SCOPE_BEGIN|[18]|favoriteJobIds|Set<Id>|true|false
15:52:56.0 (3264389)|VARIABLE_ASSIGNMENT|[18]|favoriteJobIds|[]|0x67dc5d20
15:52:56.0 (3274289)|HEAP_ALLOCATE|[19]|Bytes:91
15:52:56.0 (3288795)|HEAP_ALLOCATE|[19]|Bytes:4
15:52:56.0 (3298740)|HEAP_ALLOCATE|[19]|Bytes:7
15:52:56.0 (3322499)|HEAP_ALLOCATE|[21]|Bytes:105
15:52:56.0 (3330315)|SYSTEM_METHOD_ENTRY|[1]|UserInfo.UserInfo()
15:52:56.0 (3333426)|STATEMENT_EXECUTE|[1]
15:52:56.0 (3338563)|SYSTEM_METHOD_EXIT|[1]|UserInfo
15:52:56.0 (3351693)|METHOD_ENTRY|[21]||System.UserInfo.getUserId()
15:52:56.0 (5486365)|METHOD_EXIT|[21]||System.UserInfo.getUserId()
15:52:56.0 (8398464)|SOQL_EXECUTE_BEGIN|[19]|Aggregations:0|SELECT Job__c FROM InterestedJob__c WHERE (CreatedById = :tmpVar1 AND IsArchive__c = FALSE)
15:52:56.0 (16573437)|SOQL_EXECUTE_END|[19]|Rows:1
15:52:56.0 (16621518)|HEAP_ALLOCATE|[EXTERNAL]|Bytes:8
15:52:56.0 (16932329)|HEAP_ALLOCATE|[19]|Bytes:54
15:52:56.0 (16941909)|HEAP_ALLOCATE|[19]|Bytes:8
15:52:56.0 (16958458)|SYSTEM_METHOD_ENTRY|[7]|QueryLocatorIterator.QueryLocatorIterator()
15:52:56.0 (16977667)|STATEMENT_EXECUTE|[7]
15:52:56.0 (16991668)|SYSTEM_METHOD_EXIT|[7]|QueryLocatorIterator
15:52:56.0 (17001533)|HEAP_ALLOCATE|[19]|Bytes:28
15:52:56.0 (17131076)|HEAP_ALLOCATE|[19]|Bytes:8
15:52:56.0 (17143371)|HEAP_ALLOCATE|[19]|Bytes:8
15:52:56.0 (17146127)|HEAP_ALLOCATE|[19]|Bytes:8
15:52:56.0 (17153434)|VARIABLE_SCOPE_BEGIN|[15]|this|Database.QueryLocatorIterator|true|false
15:52:56.0 (17232389)|VARIABLE_ASSIGNMENT|[15]|this|{}|0x6720f3ea
15:52:56.0 (17240280)|VARIABLE_SCOPE_BEGIN|[15]|values|List<SObject>|true|false
15:52:56.0 (17374255)|VARIABLE_ASSIGNMENT|[15]|values|[{"Job__c":"a0KBK00000Gexcs2AB","Id":"a0OBK000004najC2AQ"}]|0x138e895c
15:52:56.0 (17381375)|VARIABLE_SCOPE_BEGIN|[15]|ql|Database.QueryLocator|true|false
15:52:56.0 (17399914)|VARIABLE_ASSIGNMENT|[15]|ql|{"query":"SELECT Job__c FROM I (71 more) ..."}|0x645de942
15:52:56.0 (17405190)|VARIABLE_SCOPE_BEGIN|[15]|totalNumRecords|Integer|false|false
15:52:56.0 (17413373)|VARIABLE_ASSIGNMENT|[15]|totalNumRecords|1
15:52:56.0 (17421024)|VARIABLE_SCOPE_BEGIN|[15]|queryMoreSize|Integer|false|false
15:52:56.0 (17426475)|VARIABLE_ASSIGNMENT|[15]|queryMoreSize|49999
15:52:56.0 (17515917)|HEAP_ALLOCATE|[19]|Bytes:28
15:52:56.0 (17546632)|METHOD_ENTRY|[19]||Database.QueryLocatorIterator.hasNext()
15:52:56.0 (17688042)|METHOD_EXIT|[19]||Database.QueryLocatorIterator.hasNext()
15:52:56.0 (17698118)|METHOD_ENTRY|[19]||Database.QueryLocatorIterator.next()
15:52:56.0 (17815137)|METHOD_EXIT|[19]||Database.QueryLocatorIterator.next()
15:52:56.0 (17840285)|VARIABLE_SCOPE_BEGIN|[19]|fav|InterestedJob__c|true|false
15:52:56.0 (17901493)|VARIABLE_ASSIGNMENT|[19]|fav|{"Job__c":"a0KBK00000Gexcs2AB","Id":"a0OBK000004najC2AQ"}|0x413fb0e1
15:52:56.0 (17908793)|STATEMENT_EXECUTE|[22]
15:52:56.0 (17910347)|STATEMENT_EXECUTE|[23]
15:52:56.0 (17998685)|HEAP_ALLOCATE|[EXTERNAL]|Bytes:4
15:52:56.0 (18010840)|METHOD_ENTRY|[19]||Database.QueryLocatorIterator.hasNext()
15:52:56.0 (18023338)|METHOD_EXIT|[19]||Database.QueryLocatorIterator.hasNext()
15:52:56.0 (18030103)|VARIABLE_ASSIGNMENT|[19]|fav|null|
15:52:56.0 (18053829)|STATEMENT_EXECUTE|[26]
15:52:56.0 (18056825)|HEAP_ALLOCATE|[26]|Bytes:217
15:52:56.0 (18078989)|HEAP_ALLOCATE|[26]|Bytes:4
15:52:56.0 (22127815)|SOQL_EXECUTE_BEGIN|[26]|Aggregations:0|SELECT Id, JobPosition__c, WorkLocation2__c, JobCategory1__c, MaxAnnualSalary__c, MinAnnualSalary__c, JobDescription__c, LastModifiedDate, LastViewedDate FROM Job__c ORDER BY LastModifiedDate DESC NULLS FIRST LIMIT 10
15:52:56.0 (37526712)|SOQL_EXECUTE_END|[26]|Rows:10
15:52:56.0 (37586493)|HEAP_ALLOCATE|[26]|Bytes:44
15:52:56.0 (37616062)|HEAP_ALLOCATE|[26]|Bytes:4133
15:52:56.0 (37758380)|HEAP_ALLOCATE|[26]|Bytes:44
15:52:56.0 (37783739)|VARIABLE_SCOPE_BEGIN|[26]|jobs|List<Job__c>|true|false
15:52:56.0 (37818585)|VARIABLE_ASSIGNMENT|[26]|jobs|"List of size 10 too large to display"|0x375b5a2c
15:52:56.0 (37828055)|STATEMENT_EXECUTE|[35]
15:52:56.0 (37964416)|HEAP_ALLOCATE|[35]|Bytes:4
15:52:56.0 (38099335)|VARIABLE_SCOPE_BEGIN|[35]|result|List<JobCardsController.JobWrapper>|true|false
15:52:56.0 (38125375)|HEAP_ALLOCATE|[EXTERNAL]|Bytes:4
15:52:56.0 (38140502)|VARIABLE_ASSIGNMENT|[35]|result|[]|0x6e82d55
15:52:56.0 (38332677)|HEAP_ALLOCATE|[36]|Bytes:5
15:52:56.0 (38384036)|HEAP_ALLOCATE|[36]|Bytes:40
15:52:56.0 (38393783)|VARIABLE_SCOPE_BEGIN|[36]|j|Job__c|true|false
15:52:56.0 (38560219)|VARIABLE_ASSIGNMENT|[36]|j|{"LastModifiedDate":"2026-03-17T03:14:00.000Z","JobPosition__c":"テスト401求人タイトル求人タイトル求人 (28 more) ...","WorkLocation2__c":"111","LastViewedDate":"2026-03-17T06:44:29.000Z","Id":"a0KBK00000Gexcs2AB","MinAnnualSalary__c":450,"JobDescription__c":"テスト401仕事内容仕事内容仕事内容仕事 (30 more) ...","JobCategory1__c":"専門職系（コンサルタント/金融/不動産）","MaxAnnualSalary__c":600}|0x8d6298
15:52:56.0 (38576621)|STATEMENT_EXECUTE|[36]
15:52:56.0 (38578391)|STATEMENT_EXECUTE|[37]
15:52:56.0 (38590925)|HEAP_ALLOCATE|[37]|Bytes:44
15:52:56.0 (38608522)|CONSTRUCTOR_ENTRY|[37]|01pBK000001RGBP|<init>()|JobCardsController.JobWrapper
15:52:56.0 (38669724)|VARIABLE_SCOPE_BEGIN|[3]|this|JobCardsController.JobWrapper|true|false
15:52:56.0 (38722415)|VARIABLE_ASSIGNMENT|[3]|this|{}|0x4c030f14
15:52:56.0 (38747218)|STATEMENT_EXECUTE|[3]
15:52:56.0 (38748936)|STATEMENT_EXECUTE|[4]
15:52:56.0 (38750484)|STATEMENT_EXECUTE|[5]
15:52:56.0 (38752128)|STATEMENT_EXECUTE|[6]
15:52:56.0 (38753570)|STATEMENT_EXECUTE|[7]
15:52:56.0 (38754769)|STATEMENT_EXECUTE|[8]
15:52:56.0 (38756089)|STATEMENT_EXECUTE|[9]
15:52:56.0 (38757434)|STATEMENT_EXECUTE|[10]
15:52:56.0 (38758663)|STATEMENT_EXECUTE|[11]
15:52:56.0 (38760000)|STATEMENT_EXECUTE|[12]
15:52:56.0 (38761259)|STATEMENT_EXECUTE|[13]
15:52:56.0 (38765638)|CONSTRUCTOR_EXIT|[37]|01pBK000001RGBP|<init>()|JobCardsController.JobWrapper
15:52:56.0 (38771228)|VARIABLE_SCOPE_BEGIN|[37]|wrapper|JobCardsController.JobWrapper|true|false
15:52:56.0 (38785180)|VARIABLE_ASSIGNMENT|[37]|wrapper|{}|0x4c030f14
15:52:56.0 (38790435)|STATEMENT_EXECUTE|[38]
15:52:56.0 (39121649)|VARIABLE_ASSIGNMENT|[38]|this.Id|"a0KBK00000Gexcs2AB"|0x4c030f14
15:52:56.0 (39132412)|STATEMENT_EXECUTE|[39]
15:52:56.0 (39169823)|VARIABLE_ASSIGNMENT|[39]|this.JobPosition|"テスト401求人タイトル求人タイトル求人 (28 more) ..."|0x4c030f14
15:52:56.0 (39176827)|STATEMENT_EXECUTE|[40]
15:52:56.0 (39187611)|VARIABLE_ASSIGNMENT|[40]|this.WorkLocation2|"111"|0x4c030f14
15:52:56.0 (39192264)|STATEMENT_EXECUTE|[41]
15:52:56.0 (39202130)|VARIABLE_ASSIGNMENT|[41]|this.JobCategory1|"専門職系（コンサルタント/金融/不動産）"|0x4c030f14
15:52:56.0 (39207232)|STATEMENT_EXECUTE|[42]
15:52:56.0 (39272117)|VARIABLE_ASSIGNMENT|[42]|this.MaxAnnualSalary|600|0x4c030f14
15:52:56.0 (39277125)|STATEMENT_EXECUTE|[43]
15:52:56.0 (39288482)|VARIABLE_ASSIGNMENT|[43]|this.MinAnnualSalary|450|0x4c030f14
15:52:56.0 (39292356)|STATEMENT_EXECUTE|[44]
15:52:56.0 (39302400)|VARIABLE_ASSIGNMENT|[44]|this.JobDescription|"テスト401仕事内容仕事内容仕事内容仕事 (30 more) ..."|0x4c030f14
15:52:56.0 (39307368)|STATEMENT_EXECUTE|[45]
15:52:56.0 (39350462)|VARIABLE_ASSIGNMENT|[45]|this.LastModifiedDate|"2026-03-17T03:14:00.000Z"|0x4c030f14
15:52:56.0 (39355051)|STATEMENT_EXECUTE|[46]
15:52:56.0 (39375744)|VARIABLE_ASSIGNMENT|[46]|this.LastViewedDate|"2026-03-17T06:44:29.000Z"|0x4c030f14
15:52:56.0 (39379887)|STATEMENT_EXECUTE|[47]
15:52:56.0 (39457743)|HEAP_ALLOCATE|[47]|Bytes:5
15:52:56.0 (39490289)|VARIABLE_ASSIGNMENT|[47]|this.IsFavorite|true|0x4c030f14
15:52:56.0 (39494989)|STATEMENT_EXECUTE|[48]
15:52:56.0 (39524471)|HEAP_ALLOCATE|[EXTERNAL]|Bytes:4
15:52:56.0 (39543617)|HEAP_ALLOCATE|[36]|Bytes:5
15:52:56.0 (39560798)|HEAP_ALLOCATE|[36]|Bytes:40
15:52:56.0 (39570641)|VARIABLE_SCOPE_BEGIN|[36]|j|Job__c|true|false
15:52:56.0 (39670876)|VARIABLE_ASSIGNMENT|[36]|j|{"LastModifiedDate":"2026-03-12T20:14:16.000Z","JobPosition__c":"新潟市(新潟) 法人ルート営業・業界シェ (74 more) ...","WorkLocation2__c":"新潟県新潟市（転勤なし／車通勤可）","LastViewedDate":"2026-03-17T06:44:37.000Z","Id":"a0KBK00000GezgQ2AR","MinAnnualSalary__c":350,"JobDescription__c":"自社開発製造の給配水機器とその関連製品の (25 more) ...","JobCategory1__c":"経営幹部/企画/マーケティング系","MaxAnnualSalary__c":550}|0x31db1e4a
15:52:56.0 (39685283)|STATEMENT_EXECUTE|[36]
15:52:56.0 (39686525)|STATEMENT_EXECUTE|[37]
15:52:56.0 (39691138)|HEAP_ALLOCATE|[37]|Bytes:44
15:52:56.0 (39698392)|CONSTRUCTOR_ENTRY|[37]|01pBK000001RGBP|<init>()|JobCardsController.JobWrapper
15:52:56.0 (39706688)|VARIABLE_SCOPE_BEGIN|[3]|this|JobCardsController.JobWrapper|true|false
15:52:56.0 (39735963)|VARIABLE_ASSIGNMENT|[3]|this|{}|0xf7c316
15:52:56.0 (39752743)|STATEMENT_EXECUTE|[3]
15:52:56.0 (39754133)|STATEMENT_EXECUTE|[4]
15:52:56.0 (39755394)|STATEMENT_EXECUTE|[5]
15:52:56.0 (39756870)|STATEMENT_EXECUTE|[6]
15:52:56.0 (39758381)|STATEMENT_EXECUTE|[7]
15:52:56.0 (39759685)|STATEMENT_EXECUTE|[8]
15:52:56.0 (39760870)|STATEMENT_EXECUTE|[9]
15:52:56.0 (39762123)|STATEMENT_EXECUTE|[10]
15:52:56.0 (39763354)|STATEMENT_EXECUTE|[11]
15:52:56.0 (39764636)|STATEMENT_EXECUTE|[12]
15:52:56.0 (39765861)|STATEMENT_EXECUTE|[13]
15:52:56.0 (39769168)|CONSTRUCTOR_EXIT|[37]|01pBK000001RGBP|<init>()|JobCardsController.JobWrapper
15:52:56.0 (39774913)|VARIABLE_SCOPE_BEGIN|[37]|wrapper|JobCardsController.JobWrapper|true|false
15:52:56.0 (39786649)|VARIABLE_ASSIGNMENT|[37]|wrapper|{}|0xf7c316
15:52:56.0 (39791073)|STATEMENT_EXECUTE|[38]
15:52:56.0 (39900590)|VARIABLE_ASSIGNMENT|[38]|this.Id|"a0KBK00000GezgQ2AR"|0xf7c316
15:52:56.0 (39905700)|STATEMENT_EXECUTE|[39]
15:52:56.0 (39914355)|VARIABLE_ASSIGNMENT|[39]|this.JobPosition|"新潟市(新潟) 法人ルート営業・業界シェ (74 more) ..."|0xf7c316
15:52:56.0 (39919747)|STATEMENT_EXECUTE|[40]
15:52:56.0 (39926021)|VARIABLE_ASSIGNMENT|[40]|this.WorkLocation2|"新潟県新潟市（転勤なし／車通勤可）"|0xf7c316
15:52:56.0 (39930653)|STATEMENT_EXECUTE|[41]
15:52:56.0 (39936254)|VARIABLE_ASSIGNMENT|[41]|this.JobCategory1|"経営幹部/企画/マーケティング系"|0xf7c316
15:52:56.0 (39940838)|STATEMENT_EXECUTE|[42]
15:52:56.0 (39949815)|VARIABLE_ASSIGNMENT|[42]|this.MaxAnnualSalary|550|0xf7c316
15:52:56.0 (39954369)|STATEMENT_EXECUTE|[43]
15:52:56.0 (39960132)|VARIABLE_ASSIGNMENT|[43]|this.MinAnnualSalary|350|0xf7c316
15:52:56.0 (39964221)|STATEMENT_EXECUTE|[44]
15:52:56.0 (39970401)|VARIABLE_ASSIGNMENT|[44]|this.JobDescription|"自社開発製造の給配水機器とその関連製品の (25 more) ..."|0xf7c316
15:52:56.0 (39975280)|STATEMENT_EXECUTE|[45]
15:52:56.0 (40096060)|VARIABLE_ASSIGNMENT|[45]|this.LastModifiedDate|"2026-03-12T20:14:16.000Z"|0xf7c316
15:52:56.0 (40106793)|STATEMENT_EXECUTE|[46]
15:52:56.0 (40119800)|VARIABLE_ASSIGNMENT|[46]|this.LastViewedDate|"2026-03-17T06:44:37.000Z"|0xf7c316
15:52:56.0 (40123904)|STATEMENT_EXECUTE|[47]
15:52:56.0 (40141283)|HEAP_ALLOCATE|[47]|Bytes:5
15:52:56.0 (40146855)|VARIABLE_ASSIGNMENT|[47]|this.IsFavorite|false|0xf7c316
15:52:56.0 (40150915)|STATEMENT_EXECUTE|[48]
15:52:56.0 (40158522)|HEAP_ALLOCATE|[EXTERNAL]|Bytes:4
15:52:56.0 (40171602)|HEAP_ALLOCATE|[36]|Bytes:5
15:52:56.0 (40183548)|HEAP_ALLOCATE|[36]|Bytes:36
15:52:56.0 (40190200)|VARIABLE_SCOPE_BEGIN|[36]|j|Job__c|true|false
15:52:56.0 (40310663)|VARIABLE_ASSIGNMENT|[36]|j|{"LastModifiedDate":"2026-03-12T05:33:30.000Z","JobPosition__c":"テスト424求人タイトル求人タイトル求人 (28 more) ...","LastViewedDate":"2026-03-17T03:03:54.000Z","Id":"a0KBK00000GexdF2AR","MinAnnualSalary__c":250,"JobDescription__c":"テスト424仕事内容仕事内容仕事内容仕事 (30 more) ...","JobCategory1__c":"技術系（電気/電子/機械）","MaxAnnualSalary__c":350}|0x4c8c95d1
15:52:56.0 (40322582)|STATEMENT_EXECUTE|[36]
15:52:56.0 (40324135)|STATEMENT_EXECUTE|[37]
15:52:56.0 (40328242)|HEAP_ALLOCATE|[37]|Bytes:44
15:52:56.0 (40334609)|CONSTRUCTOR_ENTRY|[37]|01pBK000001RGBP|<init>()|JobCardsController.JobWrapper
15:52:56.0 (40341086)|VARIABLE_SCOPE_BEGIN|[3]|this|JobCardsController.JobWrapper|true|false
15:52:56.0 (40375461)|VARIABLE_ASSIGNMENT|[3]|this|{}|0x3b47b15d
15:52:56.0 (40390659)|STATEMENT_EXECUTE|[3]
15:52:56.0 (40392017)|STATEMENT_EXECUTE|[4]
15:52:56.0 (40393281)|STATEMENT_EXECUTE|[5]
15:52:56.0 (40394543)|STATEMENT_EXECUTE|[6]
15:52:56.0 (40395834)|STATEMENT_EXECUTE|[7]
15:52:56.0 (40397076)|STATEMENT_EXECUTE|[8]
15:52:56.0 (40398242)|STATEMENT_EXECUTE|[9]
15:52:56.0 (40399531)|STATEMENT_EXECUTE|[10]
15:52:56.0 (40400744)|STATEMENT_EXECUTE|[11]
15:52:56.0 (40402008)|STATEMENT_EXECUTE|[12]
15:52:56.0 (40403230)|STATEMENT_EXECUTE|[13]
15:52:56.0 (40406171)|CONSTRUCTOR_EXIT|[37]|01pBK000001RGBP|<init>()|JobCardsController.JobWrapper
15:52:56.0 (40411161)|VARIABLE_SCOPE_BEGIN|[37]|wrapper|JobCardsController.JobWrapper|true|false
15:52:56.0 (40422574)|VARIABLE_ASSIGNMENT|[37]|wrapper|{}|0x3b47b15d
15:52:56.0 (40427158)|STATEMENT_EXECUTE|[38]
15:52:56.0 (40502971)|VARIABLE_ASSIGNMENT|[38]|this.Id|"a0KBK00000GexdF2AR"|0x3b47b15d
15:52:56.0 (40507726)|STATEMENT_EXECUTE|[39]
15:52:56.0 (40515669)|VARIABLE_ASSIGNMENT|[39]|this.JobPosition|"テスト424求人タイトル求人タイトル求人 (28 more) ..."|0x3b47b15d
15:52:56.0 (40520437)|STATEMENT_EXECUTE|[40]
15:52:56.0 (40525769)|VARIABLE_ASSIGNMENT|[40]|this.WorkLocation2|null|0x3b47b15d
15:52:56.0 (40529860)|STATEMENT_EXECUTE|[41]
15:52:56.0 (40535240)|VARIABLE_ASSIGNMENT|[41]|this.JobCategory1|"技術系（電気/電子/機械）"|0x3b47b15d
15:52:56.0 (40539921)|STATEMENT_EXECUTE|[42]
15:52:56.0 (40548312)|VARIABLE_ASSIGNMENT|[42]|this.MaxAnnualSalary|350|0x3b47b15d
15:52:56.0 (40552342)|STATEMENT_EXECUTE|[43]
15:52:56.0 (40557726)|VARIABLE_ASSIGNMENT|[43]|this.MinAnnualSalary|250|0x3b47b15d
15:52:56.0 (40561749)|STATEMENT_EXECUTE|[44]
15:52:56.0 (40567799)|VARIABLE_ASSIGNMENT|[44]|this.JobDescription|"テスト424仕事内容仕事内容仕事内容仕事 (30 more) ..."|0x3b47b15d
15:52:56.0 (40572784)|STATEMENT_EXECUTE|[45]
15:52:56.0 (40585204)|VARIABLE_ASSIGNMENT|[45]|this.LastModifiedDate|"2026-03-12T05:33:30.000Z"|0x3b47b15d
15:52:56.0 (40589409)|STATEMENT_EXECUTE|[46]
15:52:56.0 (40597080)|VARIABLE_ASSIGNMENT|[46]|this.LastViewedDate|"2026-03-17T03:03:54.000Z"|0x3b47b15d
15:52:56.0 (40601061)|STATEMENT_EXECUTE|[47]
15:52:56.0 (40611804)|HEAP_ALLOCATE|[47]|Bytes:5
15:52:56.0 (40616773)|VARIABLE_ASSIGNMENT|[47]|this.IsFavorite|false|0x3b47b15d
15:52:56.0 (40620851)|STATEMENT_EXECUTE|[48]
15:52:56.0 (40626666)|HEAP_ALLOCATE|[EXTERNAL]|Bytes:4
15:52:56.0 (40636201)|HEAP_ALLOCATE|[36]|Bytes:5
15:52:56.0 (40645010)|HEAP_ALLOCATE|[36]|Bytes:32
15:52:56.0 (40650229)|VARIABLE_SCOPE_BEGIN|[36]|j|Job__c|true|false
15:52:56.0 (40707128)|VARIABLE_ASSIGNMENT|[36]|j|{"LastModifiedDate":"2026-03-09T05:51:50.000Z","JobPosition__c":"テスト403求人タイトル求人タイトル求人 (28 more) ...","Id":"a0KBK00000Gexcu2AB","MinAnnualSalary__c":900,"JobDescription__c":"テスト403仕事内容仕事内容仕事内容仕事 (30 more) ...","JobCategory1__c":"営業系","MaxAnnualSalary__c":600}|0x4cb0267b
15:52:56.0 (40716423)|STATEMENT_EXECUTE|[36]
15:52:56.0 (40717778)|STATEMENT_EXECUTE|[37]
15:52:56.0 (40720851)|HEAP_ALLOCATE|[37]|Bytes:44
15:52:56.0 (40725243)|CONSTRUCTOR_ENTRY|[37]|01pBK000001RGBP|<init>()|JobCardsController.JobWrapper
15:52:56.0 (40730413)|VARIABLE_SCOPE_BEGIN|[3]|this|JobCardsController.JobWrapper|true|false
15:52:56.0 (40744415)|VARIABLE_ASSIGNMENT|[3]|this|{}|0x6f68728e
15:52:56.0 (40755713)|STATEMENT_EXECUTE|[3]
15:52:56.0 (40757095)|STATEMENT_EXECUTE|[4]
15:52:56.0 (40758395)|STATEMENT_EXECUTE|[5]
15:52:56.0 (40759736)|STATEMENT_EXECUTE|[6]
15:52:56.0 (40760964)|STATEMENT_EXECUTE|[7]
15:52:56.0 (40762175)|STATEMENT_EXECUTE|[8]
15:52:56.0 (40763438)|STATEMENT_EXECUTE|[9]
15:52:56.0 (40764623)|STATEMENT_EXECUTE|[10]
15:52:56.0 (40765878)|STATEMENT_EXECUTE|[11]
15:52:56.0 (40767136)|STATEMENT_EXECUTE|[12]
15:52:56.0 (40768349)|STATEMENT_EXECUTE|[13]
15:52:56.0 (40770804)|CONSTRUCTOR_EXIT|[37]|01pBK000001RGBP|<init>()|JobCardsController.JobWrapper
15:52:56.0 (40775571)|VARIABLE_SCOPE_BEGIN|[37]|wrapper|JobCardsController.JobWrapper|true|false
15:52:56.0 (40786728)|VARIABLE_ASSIGNMENT|[37]|wrapper|{}|0x6f68728e
15:52:56.0 (40791548)|STATEMENT_EXECUTE|[38]
15:52:56.0 (40889373)|VARIABLE_ASSIGNMENT|[38]|this.Id|"a0KBK00000Gexcu2AB"|0x6f68728e
15:52:56.0 (40895330)|STATEMENT_EXECUTE|[39]
15:52:56.0 (40903370)|VARIABLE_ASSIGNMENT|[39]|this.JobPosition|"テスト403求人タイトル求人タイトル求人 (28 more) ..."|0x6f68728e
15:52:56.0 (40908218)|STATEMENT_EXECUTE|[40]
15:52:56.0 (40912723)|VARIABLE_ASSIGNMENT|[40]|this.WorkLocation2|null|0x6f68728e
15:52:56.0 (40917193)|STATEMENT_EXECUTE|[41]
15:52:56.0 (40921812)|VARIABLE_ASSIGNMENT|[41]|this.JobCategory1|"営業系"|0x6f68728e
15:52:56.0 (40926365)|STATEMENT_EXECUTE|[42]
15:52:56.0 (40933888)|VARIABLE_ASSIGNMENT|[42]|this.MaxAnnualSalary|600|0x6f68728e
15:52:56.0 (40937985)|STATEMENT_EXECUTE|[43]
15:52:56.0 (40942960)|VARIABLE_ASSIGNMENT|[43]|this.MinAnnualSalary|900|0x6f68728e
15:52:56.0 (40946849)|STATEMENT_EXECUTE|[44]
15:52:56.0 (40952846)|VARIABLE_ASSIGNMENT|[44]|this.JobDescription|"テスト403仕事内容仕事内容仕事内容仕事 (30 more) ..."|0x6f68728e
15:52:56.0 (40957794)|STATEMENT_EXECUTE|[45]
15:52:56.0 (40969542)|VARIABLE_ASSIGNMENT|[45]|this.LastModifiedDate|"2026-03-09T05:51:50.000Z"|0x6f68728e
15:52:56.0 (40973839)|STATEMENT_EXECUTE|[46]
15:52:56.0 (40977951)|VARIABLE_ASSIGNMENT|[46]|this.LastViewedDate|null|0x6f68728e
15:52:56.0 (40981813)|STATEMENT_EXECUTE|[47]
15:52:56.0 (40993055)|HEAP_ALLOCATE|[47]|Bytes:5
15:52:56.0 (40997965)|VARIABLE_ASSIGNMENT|[47]|this.IsFavorite|false|0x6f68728e
15:52:56.0 (41001993)|STATEMENT_EXECUTE|[48]
15:52:56.0 (41007625)|HEAP_ALLOCATE|[EXTERNAL]|Bytes:4
15:52:56.0 (41016840)|HEAP_ALLOCATE|[36]|Bytes:5
15:52:56.0 (41025115)|HEAP_ALLOCATE|[36]|Bytes:32
15:52:56.0 (41029600)|VARIABLE_SCOPE_BEGIN|[36]|j|Job__c|true|false
15:52:56.0 (41086885)|VARIABLE_ASSIGNMENT|[36]|j|{"LastModifiedDate":"2026-03-09T05:51:49.000Z","JobPosition__c":"テスト402求人タイトル求人タイトル求人 (28 more) ...","Id":"a0KBK00000Gexct2AB","MinAnnualSalary__c":500,"JobDescription__c":"テスト402仕事内容仕事内容仕事内容仕事 (30 more) ...","JobCategory1__c":"営業系","MaxAnnualSalary__c":400}|0x27c214d7
15:52:56.0 (41096353)|STATEMENT_EXECUTE|[36]
15:52:56.0 (41097641)|STATEMENT_EXECUTE|[37]
15:52:56.0 (41100780)|HEAP_ALLOCATE|[37]|Bytes:44
15:52:56.0 (41105263)|CONSTRUCTOR_ENTRY|[37]|01pBK000001RGBP|<init>()|JobCardsController.JobWrapper
15:52:56.0 (41110760)|VARIABLE_SCOPE_BEGIN|[3]|this|JobCardsController.JobWrapper|true|false
15:52:56.0 (41127544)|VARIABLE_ASSIGNMENT|[3]|this|{}|0x30af9ed5
15:52:56.0 (41138403)|STATEMENT_EXECUTE|[3]
15:52:56.0 (41139707)|STATEMENT_EXECUTE|[4]
15:52:56.0 (41140987)|STATEMENT_EXECUTE|[5]
15:52:56.0 (41142274)|STATEMENT_EXECUTE|[6]
15:52:56.0 (41143558)|STATEMENT_EXECUTE|[7]
15:52:56.0 (41144769)|STATEMENT_EXECUTE|[8]
15:52:56.0 (41146016)|STATEMENT_EXECUTE|[9]
15:52:56.0 (41147251)|STATEMENT_EXECUTE|[10]
15:52:56.0 (41148462)|STATEMENT_EXECUTE|[11]
15:52:56.0 (41149667)|STATEMENT_EXECUTE|[12]
15:52:56.0 (41150923)|STATEMENT_EXECUTE|[13]
15:52:56.0 (41153526)|CONSTRUCTOR_EXIT|[37]|01pBK000001RGBP|<init>()|JobCardsController.JobWrapper
15:52:56.0 (41158352)|VARIABLE_SCOPE_BEGIN|[37]|wrapper|JobCardsController.JobWrapper|true|false
15:52:56.0 (41169228)|VARIABLE_ASSIGNMENT|[37]|wrapper|{}|0x30af9ed5
15:52:56.0 (41173461)|STATEMENT_EXECUTE|[38]
15:52:56.0 (41227544)|VARIABLE_ASSIGNMENT|[38]|this.Id|"a0KBK00000Gexct2AB"|0x30af9ed5
15:52:56.0 (41232597)|STATEMENT_EXECUTE|[39]
15:52:56.0 (41240503)|VARIABLE_ASSIGNMENT|[39]|this.JobPosition|"テスト402求人タイトル求人タイトル求人 (28 more) ..."|0x30af9ed5
15:52:56.0 (41246482)|STATEMENT_EXECUTE|[40]
15:52:56.0 (41251045)|VARIABLE_ASSIGNMENT|[40]|this.WorkLocation2|null|0x30af9ed5
15:52:56.0 (41255272)|STATEMENT_EXECUTE|[41]
15:52:56.0 (41260234)|VARIABLE_ASSIGNMENT|[41]|this.JobCategory1|"営業系"|0x30af9ed5
15:52:56.0 (41264804)|STATEMENT_EXECUTE|[42]
15:52:56.0 (41271709)|VARIABLE_ASSIGNMENT|[42]|this.MaxAnnualSalary|400|0x30af9ed5
15:52:56.0 (41275807)|STATEMENT_EXECUTE|[43]
15:52:56.0 (41280829)|VARIABLE_ASSIGNMENT|[43]|this.MinAnnualSalary|500|0x30af9ed5
15:52:56.0 (41284833)|STATEMENT_EXECUTE|[44]
15:52:56.0 (41290685)|VARIABLE_ASSIGNMENT|[44]|this.JobDescription|"テスト402仕事内容仕事内容仕事内容仕事 (30 more) ..."|0x30af9ed5
15:52:56.0 (41295494)|STATEMENT_EXECUTE|[45]
15:52:56.0 (41306643)|VARIABLE_ASSIGNMENT|[45]|this.LastModifiedDate|"2026-03-09T05:51:49.000Z"|0x30af9ed5
15:52:56.0 (41311043)|STATEMENT_EXECUTE|[46]
15:52:56.0 (41315267)|VARIABLE_ASSIGNMENT|[46]|this.LastViewedDate|null|0x30af9ed5
15:52:56.0 (41319402)|STATEMENT_EXECUTE|[47]
15:52:56.0 (41329732)|HEAP_ALLOCATE|[47]|Bytes:5
15:52:56.0 (41334622)|VARIABLE_ASSIGNMENT|[47]|this.IsFavorite|false|0x30af9ed5
15:52:56.0 (41338701)|STATEMENT_EXECUTE|[48]
15:52:56.0 (41343700)|HEAP_ALLOCATE|[EXTERNAL]|Bytes:4
15:52:56.0 (41352555)|HEAP_ALLOCATE|[36]|Bytes:5
15:52:56.0 (41360426)|HEAP_ALLOCATE|[36]|Bytes:40
15:52:56.0 (41365272)|VARIABLE_SCOPE_BEGIN|[36]|j|Job__c|true|false
15:52:56.0 (41430110)|VARIABLE_ASSIGNMENT|[36]|j|{"LastModifiedDate":"2026-03-06T01:15:09.000Z","JobPosition__c":"千代田区(東京) 設備積算・大手サブコン (18 more) ...","WorkLocation2__c":"東京都千代田区","LastViewedDate":"2026-03-17T05:57:19.000Z","Id":"a0KBK00000GezgH2AR","MinAnnualSalary__c":400,"JobDescription__c":"事務所ビルや商業施設、工場など、多様な建 (105 more) ...","JobCategory1__c":"営業系","MaxAnnualSalary__c":650}|0x4e02672b
15:52:56.0 (41441619)|STATEMENT_EXECUTE|[36]
15:52:56.0 (41442959)|STATEMENT_EXECUTE|[37]
15:52:56.0 (41445909)|HEAP_ALLOCATE|[37]|Bytes:44
15:52:56.0 (41450482)|CONSTRUCTOR_ENTRY|[37]|01pBK000001RGBP|<init>()|JobCardsController.JobWrapper
15:52:56.0 (41456157)|VARIABLE_SCOPE_BEGIN|[3]|this|JobCardsController.JobWrapper|true|false
15:52:56.0 (41471562)|VARIABLE_ASSIGNMENT|[3]|this|{}|0xe7e14a5
15:52:56.0 (41482640)|STATEMENT_EXECUTE|[3]
15:52:56.0 (41484015)|STATEMENT_EXECUTE|[4]
15:52:56.0 (41485272)|STATEMENT_EXECUTE|[5]
15:52:56.0 (41486504)|STATEMENT_EXECUTE|[6]
15:52:56.0 (41487790)|STATEMENT_EXECUTE|[7]
15:52:56.0 (41488944)|STATEMENT_EXECUTE|[8]
15:52:56.0 (41490204)|STATEMENT_EXECUTE|[9]
15:52:56.0 (41491455)|STATEMENT_EXECUTE|[10]
15:52:56.0 (41492667)|STATEMENT_EXECUTE|[11]
15:52:56.0 (41493927)|STATEMENT_EXECUTE|[12]
15:52:56.0 (41495407)|STATEMENT_EXECUTE|[13]
15:52:56.0 (41497903)|CONSTRUCTOR_EXIT|[37]|01pBK000001RGBP|<init>()|JobCardsController.JobWrapper
15:52:56.0 (41502672)|VARIABLE_SCOPE_BEGIN|[37]|wrapper|JobCardsController.JobWrapper|true|false
15:52:56.0 (41514222)|VARIABLE_ASSIGNMENT|[37]|wrapper|{}|0xe7e14a5
15:52:56.0 (41518742)|STATEMENT_EXECUTE|[38]
15:52:56.0 (41565609)|VARIABLE_ASSIGNMENT|[38]|this.Id|"a0KBK00000GezgH2AR"|0xe7e14a5
15:52:56.0 (41570742)|STATEMENT_EXECUTE|[39]
15:52:56.0 (41577821)|VARIABLE_ASSIGNMENT|[39]|this.JobPosition|"千代田区(東京) 設備積算・大手サブコン (18 more) ..."|0xe7e14a5
15:52:56.0 (41582803)|STATEMENT_EXECUTE|[40]
15:52:56.0 (41587987)|VARIABLE_ASSIGNMENT|[40]|this.WorkLocation2|"東京都千代田区"|0xe7e14a5
15:52:56.0 (41592516)|STATEMENT_EXECUTE|[41]
15:52:56.0 (41597021)|VARIABLE_ASSIGNMENT|[41]|this.JobCategory1|"営業系"|0xe7e14a5
15:52:56.0 (41601489)|STATEMENT_EXECUTE|[42]
15:52:56.0 (41607680)|VARIABLE_ASSIGNMENT|[42]|this.MaxAnnualSalary|650|0xe7e14a5
15:52:56.0 (41611918)|STATEMENT_EXECUTE|[43]
15:52:56.0 (41617152)|VARIABLE_ASSIGNMENT|[43]|this.MinAnnualSalary|400|0xe7e14a5
15:52:56.0 (41621278)|STATEMENT_EXECUTE|[44]
15:52:56.0 (41627231)|VARIABLE_ASSIGNMENT|[44]|this.JobDescription|"事務所ビルや商業施設、工場など、多様な建 (105 more) ..."|0xe7e14a5
15:52:56.0 (41631962)|STATEMENT_EXECUTE|[45]
15:52:56.0 (41642708)|VARIABLE_ASSIGNMENT|[45]|this.LastModifiedDate|"2026-03-06T01:15:09.000Z"|0xe7e14a5
15:52:56.0 (41646860)|STATEMENT_EXECUTE|[46]
15:52:56.0 (41654991)|VARIABLE_ASSIGNMENT|[46]|this.LastViewedDate|"2026-03-17T05:57:19.000Z"|0xe7e14a5
15:52:56.0 (41658998)|STATEMENT_EXECUTE|[47]
15:52:56.0 (41668688)|HEAP_ALLOCATE|[47]|Bytes:5
15:52:56.0 (41673528)|VARIABLE_ASSIGNMENT|[47]|this.IsFavorite|false|0xe7e14a5
15:52:56.0 (41684451)|STATEMENT_EXECUTE|[48]
15:52:56.0 (41689346)|HEAP_ALLOCATE|[EXTERNAL]|Bytes:4
15:52:56.0 (41697903)|HEAP_ALLOCATE|[36]|Bytes:5
15:52:56.0 (41705258)|HEAP_ALLOCATE|[36]|Bytes:40
15:52:56.0 (41710179)|VARIABLE_SCOPE_BEGIN|[36]|j|Job__c|true|false
15:52:56.0 (41817692)|VARIABLE_ASSIGNMENT|[36]|j|{"LastModifiedDate":"2026-03-04T02:02:48.000Z","JobPosition__c":"テスト451求人タイトル求人タイトル求人 (235 more) ...","WorkLocation2__c":"444444","LastViewedDate":"2026-03-03T02:49:01.000Z","Id":"a0KBK00000Gexdg2AB","MinAnnualSalary__c":0,"JobDescription__c":"テスト451仕事内容仕事内容仕事内容仕事 (230 more) ...","JobCategory1__c":"経営幹部/企画/マーケティング系","MaxAnnualSalary__c":0}|0x66885127
15:52:56.0 (41828631)|STATEMENT_EXECUTE|[36]
15:52:56.0 (41830078)|STATEMENT_EXECUTE|[37]
15:52:56.0 (41832894)|HEAP_ALLOCATE|[37]|Bytes:44
15:52:56.0 (41837891)|CONSTRUCTOR_ENTRY|[37]|01pBK000001RGBP|<init>()|JobCardsController.JobWrapper
15:52:56.0 (41843896)|VARIABLE_SCOPE_BEGIN|[3]|this|JobCardsController.JobWrapper|true|false
15:52:56.0 (41861132)|VARIABLE_ASSIGNMENT|[3]|this|{}|0x835916e
15:52:56.0 (41873077)|STATEMENT_EXECUTE|[3]
15:52:56.0 (41874348)|STATEMENT_EXECUTE|[4]
15:52:56.0 (41875676)|STATEMENT_EXECUTE|[5]
15:52:56.0 (41877066)|STATEMENT_EXECUTE|[6]
15:52:56.0 (41878271)|STATEMENT_EXECUTE|[7]
15:52:56.0 (41879431)|STATEMENT_EXECUTE|[8]
15:52:56.0 (41880805)|STATEMENT_EXECUTE|[9]
15:52:56.0 (41882141)|STATEMENT_EXECUTE|[10]
15:52:56.0 (41883301)|STATEMENT_EXECUTE|[11]
15:52:56.0 (41884563)|STATEMENT_EXECUTE|[12]
15:52:56.0 (41885759)|STATEMENT_EXECUTE|[13]
15:52:56.0 (41888508)|CONSTRUCTOR_EXIT|[37]|01pBK000001RGBP|<init>()|JobCardsController.JobWrapper
15:52:56.0 (41893132)|VARIABLE_SCOPE_BEGIN|[37]|wrapper|JobCardsController.JobWrapper|true|false
15:52:56.0 (41904703)|VARIABLE_ASSIGNMENT|[37]|wrapper|{}|0x835916e
15:52:56.0 (41908823)|STATEMENT_EXECUTE|[38]
15:52:56.0 (41961766)|VARIABLE_ASSIGNMENT|[38]|this.Id|"a0KBK00000Gexdg2AB"|0x835916e
15:52:56.0 (41966698)|STATEMENT_EXECUTE|[39]
15:52:56.0 (41974330)|VARIABLE_ASSIGNMENT|[39]|this.JobPosition|"テスト451求人タイトル求人タイトル求人 (235 more) ..."|0x835916e
15:52:56.0 (41979378)|STATEMENT_EXECUTE|[40]
15:52:56.0 (41984386)|VARIABLE_ASSIGNMENT|[40]|this.WorkLocation2|"444444"|0x835916e
15:52:56.0 (41988446)|STATEMENT_EXECUTE|[41]
15:52:56.0 (42015560)|VARIABLE_ASSIGNMENT|[41]|this.JobCategory1|"経営幹部/企画/マーケティング系"|0x835916e
15:52:56.0 (42021282)|STATEMENT_EXECUTE|[42]
15:52:56.0 (42051699)|HEAP_ALLOCATE|[42]|Bytes:28
15:52:56.0 (42059350)|VARIABLE_ASSIGNMENT|[42]|this.MaxAnnualSalary|0|0x835916e
15:52:56.0 (42063306)|STATEMENT_EXECUTE|[43]
15:52:56.0 (42068037)|HEAP_ALLOCATE|[43]|Bytes:28
15:52:56.0 (42073080)|VARIABLE_ASSIGNMENT|[43]|this.MinAnnualSalary|0|0x835916e
15:52:56.0 (42077187)|STATEMENT_EXECUTE|[44]
15:52:56.0 (42083284)|VARIABLE_ASSIGNMENT|[44]|this.JobDescription|"テスト451仕事内容仕事内容仕事内容仕事 (230 more) ..."|0x835916e
15:52:56.0 (42093563)|STATEMENT_EXECUTE|[45]
15:52:56.0 (42107980)|VARIABLE_ASSIGNMENT|[45]|this.LastModifiedDate|"2026-03-04T02:02:48.000Z"|0x835916e
15:52:56.0 (42111880)|STATEMENT_EXECUTE|[46]
15:52:56.0 (42120479)|VARIABLE_ASSIGNMENT|[46]|this.LastViewedDate|"2026-03-03T02:49:01.000Z"|0x835916e
15:52:56.0 (42124457)|STATEMENT_EXECUTE|[47]
15:52:56.0 (42136195)|HEAP_ALLOCATE|[47]|Bytes:5
15:52:56.0 (42140769)|VARIABLE_ASSIGNMENT|[47]|this.IsFavorite|false|0x835916e
15:52:56.0 (42144866)|STATEMENT_EXECUTE|[48]
15:52:56.0 (42150615)|HEAP_ALLOCATE|[EXTERNAL]|Bytes:4
15:52:56.0 (42161460)|HEAP_ALLOCATE|[36]|Bytes:5
15:52:56.0 (42170190)|HEAP_ALLOCATE|[36]|Bytes:36
15:52:56.0 (42175559)|VARIABLE_SCOPE_BEGIN|[36]|j|Job__c|true|false
15:52:56.0 (42242545)|VARIABLE_ASSIGNMENT|[36]|j|{"LastModifiedDate":"2026-02-06T01:25:17.000Z","JobPosition__c":"テスト467求人タイトル求人タイトル求人 (28 more) ...","LastViewedDate":"2026-03-03T09:55:23.000Z","Id":"a0KBK00000Gexdw2AB","MinAnnualSalary__c":216,"JobDescription__c":"テスト467仕事内容仕事内容仕事内容仕事 (30 more) ...","JobCategory1__c":"管理部門/事務系","MaxAnnualSalary__c":0}|0x2bc63073
15:52:56.0 (42253356)|STATEMENT_EXECUTE|[36]
15:52:56.0 (42254775)|STATEMENT_EXECUTE|[37]
15:52:56.0 (42257675)|HEAP_ALLOCATE|[37]|Bytes:44
15:52:56.0 (42262155)|CONSTRUCTOR_ENTRY|[37]|01pBK000001RGBP|<init>()|JobCardsController.JobWrapper
15:52:56.0 (42267995)|VARIABLE_SCOPE_BEGIN|[3]|this|JobCardsController.JobWrapper|true|false
15:52:56.0 (42282597)|VARIABLE_ASSIGNMENT|[3]|this|{}|0x24656ee4
15:52:56.0 (42294809)|STATEMENT_EXECUTE|[3]
15:52:56.0 (42296292)|STATEMENT_EXECUTE|[4]
15:52:56.0 (42297572)|STATEMENT_EXECUTE|[5]
15:52:56.0 (42298766)|STATEMENT_EXECUTE|[6]
15:52:56.0 (42300075)|STATEMENT_EXECUTE|[7]
15:52:56.0 (42301315)|STATEMENT_EXECUTE|[8]
15:52:56.0 (42302545)|STATEMENT_EXECUTE|[9]
15:52:56.0 (42303787)|STATEMENT_EXECUTE|[10]
15:52:56.0 (42305026)|STATEMENT_EXECUTE|[11]
15:52:56.0 (42306199)|STATEMENT_EXECUTE|[12]
15:52:56.0 (42307490)|STATEMENT_EXECUTE|[13]
15:52:56.0 (42310383)|CONSTRUCTOR_EXIT|[37]|01pBK000001RGBP|<init>()|JobCardsController.JobWrapper
15:52:56.0 (42314668)|VARIABLE_SCOPE_BEGIN|[37]|wrapper|JobCardsController.JobWrapper|true|false
15:52:56.0 (42334060)|VARIABLE_ASSIGNMENT|[37]|wrapper|{}|0x24656ee4
15:52:56.0 (42338404)|STATEMENT_EXECUTE|[38]
15:52:56.0 (42398474)|VARIABLE_ASSIGNMENT|[38]|this.Id|"a0KBK00000Gexdw2AB"|0x24656ee4
15:52:56.0 (42404074)|STATEMENT_EXECUTE|[39]
15:52:56.0 (42412207)|VARIABLE_ASSIGNMENT|[39]|this.JobPosition|"テスト467求人タイトル求人タイトル求人 (28 more) ..."|0x24656ee4
15:52:56.0 (42417001)|STATEMENT_EXECUTE|[40]
15:52:56.0 (42421714)|VARIABLE_ASSIGNMENT|[40]|this.WorkLocation2|null|0x24656ee4
15:52:56.0 (42425569)|STATEMENT_EXECUTE|[41]
15:52:56.0 (42430636)|VARIABLE_ASSIGNMENT|[41]|this.JobCategory1|"管理部門/事務系"|0x24656ee4
15:52:56.0 (42435259)|STATEMENT_EXECUTE|[42]
15:52:56.0 (42441597)|HEAP_ALLOCATE|[42]|Bytes:28
15:52:56.0 (42453778)|VARIABLE_ASSIGNMENT|[42]|this.MaxAnnualSalary|0|0x24656ee4
15:52:56.0 (42457971)|STATEMENT_EXECUTE|[43]
15:52:56.0 (42463774)|VARIABLE_ASSIGNMENT|[43]|this.MinAnnualSalary|216|0x24656ee4
15:52:56.0 (42467786)|STATEMENT_EXECUTE|[44]
15:52:56.0 (42473644)|VARIABLE_ASSIGNMENT|[44]|this.JobDescription|"テスト467仕事内容仕事内容仕事内容仕事 (30 more) ..."|0x24656ee4
15:52:56.0 (42478211)|STATEMENT_EXECUTE|[45]
15:52:56.0 (42488681)|VARIABLE_ASSIGNMENT|[45]|this.LastModifiedDate|"2026-02-06T01:25:17.000Z"|0x24656ee4
15:52:56.0 (42492764)|STATEMENT_EXECUTE|[46]
15:52:56.0 (42500505)|VARIABLE_ASSIGNMENT|[46]|this.LastViewedDate|"2026-03-03T09:55:23.000Z"|0x24656ee4
15:52:56.0 (42504614)|STATEMENT_EXECUTE|[47]
15:52:56.0 (42514931)|HEAP_ALLOCATE|[47]|Bytes:5
15:52:56.0 (42519644)|VARIABLE_ASSIGNMENT|[47]|this.IsFavorite|false|0x24656ee4
15:52:56.0 (42523865)|STATEMENT_EXECUTE|[48]
15:52:56.0 (42528553)|HEAP_ALLOCATE|[EXTERNAL]|Bytes:4
15:52:56.0 (42537284)|HEAP_ALLOCATE|[36]|Bytes:5
15:52:56.0 (42545008)|HEAP_ALLOCATE|[36]|Bytes:36
15:52:56.0 (42549684)|VARIABLE_SCOPE_BEGIN|[36]|j|Job__c|true|false
15:52:56.0 (42608771)|VARIABLE_ASSIGNMENT|[36]|j|{"LastModifiedDate":"2026-02-05T00:50:25.000Z","JobPosition__c":"テスト297求人タイトル求人タイトル求人 (28 more) ...","LastViewedDate":"2026-03-03T09:55:10.000Z","Id":"a0KBK00000Gezpx2AB","MinAnnualSalary__c":350,"JobDescription__c":"テスト297仕事内容仕事内容仕事内容仕事 (30 more) ...","JobCategory1__c":"IT系（ソフトウェア/ネットワーク）","MaxAnnualSalary__c":600}|0x1c15fd70
15:52:56.0 (42625179)|STATEMENT_EXECUTE|[36]
15:52:56.0 (42626527)|STATEMENT_EXECUTE|[37]
15:52:56.0 (42629704)|HEAP_ALLOCATE|[37]|Bytes:44
15:52:56.0 (42634655)|CONSTRUCTOR_ENTRY|[37]|01pBK000001RGBP|<init>()|JobCardsController.JobWrapper
15:52:56.0 (42639858)|VARIABLE_SCOPE_BEGIN|[3]|this|JobCardsController.JobWrapper|true|false
15:52:56.0 (42655418)|VARIABLE_ASSIGNMENT|[3]|this|{}|0x68f0158b
15:52:56.0 (42672065)|STATEMENT_EXECUTE|[3]
15:52:56.0 (42673420)|STATEMENT_EXECUTE|[4]
15:52:56.0 (42674638)|STATEMENT_EXECUTE|[5]
15:52:56.0 (42675918)|STATEMENT_EXECUTE|[6]
15:52:56.0 (42677219)|STATEMENT_EXECUTE|[7]
15:52:56.0 (42678410)|STATEMENT_EXECUTE|[8]
15:52:56.0 (42679686)|STATEMENT_EXECUTE|[9]
15:52:56.0 (42680895)|STATEMENT_EXECUTE|[10]
15:52:56.0 (42682087)|STATEMENT_EXECUTE|[11]
15:52:56.0 (42683251)|STATEMENT_EXECUTE|[12]
15:52:56.0 (42684501)|STATEMENT_EXECUTE|[13]
15:52:56.0 (42687074)|CONSTRUCTOR_EXIT|[37]|01pBK000001RGBP|<init>()|JobCardsController.JobWrapper
15:52:56.0 (42691979)|VARIABLE_SCOPE_BEGIN|[37]|wrapper|JobCardsController.JobWrapper|true|false
15:52:56.0 (42703436)|VARIABLE_ASSIGNMENT|[37]|wrapper|{}|0x68f0158b
15:52:56.0 (42707585)|STATEMENT_EXECUTE|[38]
15:52:56.0 (42757774)|VARIABLE_ASSIGNMENT|[38]|this.Id|"a0KBK00000Gezpx2AB"|0x68f0158b
15:52:56.0 (42762579)|STATEMENT_EXECUTE|[39]
15:52:56.0 (42769709)|VARIABLE_ASSIGNMENT|[39]|this.JobPosition|"テスト297求人タイトル求人タイトル求人 (28 more) ..."|0x68f0158b
15:52:56.0 (42774546)|STATEMENT_EXECUTE|[40]
15:52:56.0 (42779509)|VARIABLE_ASSIGNMENT|[40]|this.WorkLocation2|null|0x68f0158b
15:52:56.0 (42783869)|STATEMENT_EXECUTE|[41]
15:52:56.0 (42790459)|VARIABLE_ASSIGNMENT|[41]|this.JobCategory1|"IT系（ソフトウェア/ネットワーク）"|0x68f0158b
15:52:56.0 (42795309)|STATEMENT_EXECUTE|[42]
15:52:56.0 (42803809)|VARIABLE_ASSIGNMENT|[42]|this.MaxAnnualSalary|600|0x68f0158b
15:52:56.0 (42808148)|STATEMENT_EXECUTE|[43]
15:52:56.0 (42814377)|VARIABLE_ASSIGNMENT|[43]|this.MinAnnualSalary|350|0x68f0158b
15:52:56.0 (42818842)|STATEMENT_EXECUTE|[44]
15:52:56.0 (42825887)|VARIABLE_ASSIGNMENT|[44]|this.JobDescription|"テスト297仕事内容仕事内容仕事内容仕事 (30 more) ..."|0x68f0158b
15:52:56.0 (42830978)|STATEMENT_EXECUTE|[45]
15:52:56.0 (42844034)|VARIABLE_ASSIGNMENT|[45]|this.LastModifiedDate|"2026-02-05T00:50:25.000Z"|0x68f0158b
15:52:56.0 (42848643)|STATEMENT_EXECUTE|[46]
15:52:56.0 (42858293)|VARIABLE_ASSIGNMENT|[46]|this.LastViewedDate|"2026-03-03T09:55:10.000Z"|0x68f0158b
15:52:56.0 (42862582)|STATEMENT_EXECUTE|[47]
15:52:56.0 (42879860)|HEAP_ALLOCATE|[47]|Bytes:5
15:52:56.0 (42885665)|VARIABLE_ASSIGNMENT|[47]|this.IsFavorite|false|0x68f0158b
15:52:56.0 (42890149)|STATEMENT_EXECUTE|[48]
15:52:56.0 (42895710)|HEAP_ALLOCATE|[EXTERNAL]|Bytes:4
15:52:56.0 (42905193)|HEAP_ALLOCATE|[36]|Bytes:5
15:52:56.0 (42914159)|HEAP_ALLOCATE|[36]|Bytes:32
15:52:56.0 (42919695)|VARIABLE_SCOPE_BEGIN|[36]|j|Job__c|true|false
15:52:56.0 (43013230)|VARIABLE_ASSIGNMENT|[36]|j|{"LastModifiedDate":"2026-02-05T00:49:22.000Z","JobPosition__c":"テスト407求人タイトル求人タイトル求人 (28 more) ...","Id":"a0KBK00000Gexcy2AB","MinAnnualSalary__c":350,"JobDescription__c":"テスト407仕事内容仕事内容仕事内容仕事 (30 more) ...","JobCategory1__c":"営業系","MaxAnnualSalary__c":450}|0x4173eae6
15:52:56.0 (43023036)|STATEMENT_EXECUTE|[36]
15:52:56.0 (43024439)|STATEMENT_EXECUTE|[37]
15:52:56.0 (43027213)|HEAP_ALLOCATE|[37]|Bytes:44
15:52:56.0 (43031888)|CONSTRUCTOR_ENTRY|[37]|01pBK000001RGBP|<init>()|JobCardsController.JobWrapper
15:52:56.0 (43036893)|VARIABLE_SCOPE_BEGIN|[3]|this|JobCardsController.JobWrapper|true|false
15:52:56.0 (43084560)|VARIABLE_ASSIGNMENT|[3]|this|{}|0x1655ff0c
15:52:56.0 (43097884)|STATEMENT_EXECUTE|[3]
15:52:56.0 (43099193)|STATEMENT_EXECUTE|[4]
15:52:56.0 (43100463)|STATEMENT_EXECUTE|[5]
15:52:56.0 (43101703)|STATEMENT_EXECUTE|[6]
15:52:56.0 (43103003)|STATEMENT_EXECUTE|[7]
15:52:56.0 (43104207)|STATEMENT_EXECUTE|[8]
15:52:56.0 (43105383)|STATEMENT_EXECUTE|[9]
15:52:56.0 (43106628)|STATEMENT_EXECUTE|[10]
15:52:56.0 (43107768)|STATEMENT_EXECUTE|[11]
15:52:56.0 (43108983)|STATEMENT_EXECUTE|[12]
15:52:56.0 (43110109)|STATEMENT_EXECUTE|[13]
15:52:56.0 (43112555)|CONSTRUCTOR_EXIT|[37]|01pBK000001RGBP|<init>()|JobCardsController.JobWrapper
15:52:56.0 (43117066)|VARIABLE_SCOPE_BEGIN|[37]|wrapper|JobCardsController.JobWrapper|true|false
15:52:56.0 (43128663)|VARIABLE_ASSIGNMENT|[37]|wrapper|{}|0x1655ff0c
15:52:56.0 (43132823)|STATEMENT_EXECUTE|[38]
15:52:56.0 (43187344)|VARIABLE_ASSIGNMENT|[38]|this.Id|"a0KBK00000Gexcy2AB"|0x1655ff0c
15:52:56.0 (43192115)|STATEMENT_EXECUTE|[39]
15:52:56.0 (43199518)|VARIABLE_ASSIGNMENT|[39]|this.JobPosition|"テスト407求人タイトル求人タイトル求人 (28 more) ..."|0x1655ff0c
15:52:56.0 (43204285)|STATEMENT_EXECUTE|[40]
15:52:56.0 (43208313)|VARIABLE_ASSIGNMENT|[40]|this.WorkLocation2|null|0x1655ff0c
15:52:56.0 (43212497)|STATEMENT_EXECUTE|[41]
15:52:56.0 (43217125)|VARIABLE_ASSIGNMENT|[41]|this.JobCategory1|"営業系"|0x1655ff0c
15:52:56.0 (43221293)|STATEMENT_EXECUTE|[42]
15:52:56.0 (43228273)|VARIABLE_ASSIGNMENT|[42]|this.MaxAnnualSalary|450|0x1655ff0c
15:52:56.0 (43232189)|STATEMENT_EXECUTE|[43]
15:52:56.0 (43237229)|VARIABLE_ASSIGNMENT|[43]|this.MinAnnualSalary|350|0x1655ff0c
15:52:56.0 (43241165)|STATEMENT_EXECUTE|[44]
15:52:56.0 (43246927)|VARIABLE_ASSIGNMENT|[44]|this.JobDescription|"テスト407仕事内容仕事内容仕事内容仕事 (30 more) ..."|0x1655ff0c
15:52:56.0 (43251227)|STATEMENT_EXECUTE|[45]
15:52:56.0 (43263006)|VARIABLE_ASSIGNMENT|[45]|this.LastModifiedDate|"2026-02-05T00:49:22.000Z"|0x1655ff0c
15:52:56.0 (43267064)|STATEMENT_EXECUTE|[46]
15:52:56.0 (43271247)|VARIABLE_ASSIGNMENT|[46]|this.LastViewedDate|null|0x1655ff0c
15:52:56.0 (43274923)|STATEMENT_EXECUTE|[47]
15:52:56.0 (43284986)|HEAP_ALLOCATE|[47]|Bytes:5
15:52:56.0 (43289495)|VARIABLE_ASSIGNMENT|[47]|this.IsFavorite|false|0x1655ff0c
15:52:56.0 (43300273)|STATEMENT_EXECUTE|[48]
15:52:56.0 (43306090)|HEAP_ALLOCATE|[EXTERNAL]|Bytes:4
15:52:56.0 (43315627)|HEAP_ALLOCATE|[36]|Bytes:5
15:52:56.0 (43324554)|VARIABLE_ASSIGNMENT|[36]|j|null|
15:52:56.0 (43329408)|STATEMENT_EXECUTE|[50]
15:52:56.43 (43393494)|CUMULATIVE_LIMIT_USAGE
15:52:56.43 (43393494)|LIMIT_USAGE_FOR_NS|(default)|
  Number of SOQL queries: 2 out of 100
  Number of query rows: 11 out of 50000
  Number of SOSL queries: 0 out of 20
  Number of DML statements: 0 out of 150
  Number of Publish Immediate DML: 0 out of 150
  Number of DML rows: 0 out of 10000
  Maximum CPU time: 0 out of 10000
  Maximum heap size: 0 out of 6000000
  Number of callouts: 0 out of 100
  Number of Email Invocations: 0 out of 10
  Number of future calls: 0 out of 50
  Number of queueable jobs added to the queue: 0 out of 50
  Number of Mobile Apex push calls: 0 out of 10

15:52:56.43 (43393494)|CUMULATIVE_LIMIT_USAGE_END

15:52:56.0 (43449749)|CODE_UNIT_FINISHED|JobCardsController.getJobs()
15:52:56.0 (43659913)|CODE_UNIT_FINISHED|apex://JobCardsController/ACTION$getJobs
15:52:56.0 (43666015)|EXECUTION_FINISHED
