66.0 APEX_CODE,FINEST;APEX_PROFILING,INFO;CALLOUT,INFO;DATA_ACCESS,INFO;DB,INFO;NBA,INFO;SYSTEM,DEBUG;VALIDATION,INFO;VISUALFORCE,INFO;WAVE,INFO;WORKFLOW,INFO
18:27:45.0 (332566)|USER_INFO|[EXTERNAL]|005BK00000Ilvi1|foryoze@owleyes.ch.hurex|(GMT+09:00) 日本標準時 (Asia/Tokyo)|GMT+09:00
18:27:45.0 (382245)|EXECUTION_STARTED
18:27:45.0 (394131)|CODE_UNIT_STARTED|[EXTERNAL]|apex://UserProfileHeaderController/ACTION$getSelectionProcesses
18:27:45.0 (2621860)|CODE_UNIT_STARTED|[EXTERNAL]|01pBK000001nVV7|UserProfileHeaderController.getSelectionProcesses()
18:27:45.0 (2909769)|HEAP_ALLOCATE|[95]|Bytes:3
18:27:45.0 (2986773)|HEAP_ALLOCATE|[100]|Bytes:152
18:27:45.0 (3001001)|HEAP_ALLOCATE|[417]|Bytes:408
18:27:45.0 (3012281)|HEAP_ALLOCATE|[430]|Bytes:408
18:27:45.0 (3042284)|HEAP_ALLOCATE|[317]|Bytes:6
18:27:45.0 (3052699)|HEAP_ALLOCATE|[EXTERNAL]|Bytes:1
18:27:45.0 (3063480)|METHOD_ENTRY|[1]|01pBK000001nVV7|UserProfileHeaderController.UserProfileHeaderController()
18:27:45.0 (3067869)|STATEMENT_EXECUTE|[1]
18:27:45.0 (3071265)|STATEMENT_EXECUTE|[1]
18:27:45.0 (3089295)|HEAP_ALLOCATE|[68]|Bytes:5
18:27:45.0 (3110134)|HEAP_ALLOCATE|[74]|Bytes:5
18:27:45.0 (3114636)|HEAP_ALLOCATE|[82]|Bytes:7
18:27:45.0 (3262383)|HEAP_ALLOCATE|[EXTERNAL]|Bytes:5
18:27:45.0 (3271706)|METHOD_EXIT|[1]|UserProfileHeaderController
18:27:45.0 (3282425)|HEAP_ALLOCATE|[6]|Bytes:5
18:27:45.0 (3284544)|STATEMENT_EXECUTE|[4]
18:27:45.0 (3285509)|STATEMENT_EXECUTE|[6]
18:27:45.0 (3309604)|HEAP_ALLOCATE|[6]|Bytes:105
18:27:45.0 (3313773)|SYSTEM_METHOD_ENTRY|[1]|UserInfo.UserInfo()
18:27:45.0 (3321316)|STATEMENT_EXECUTE|[1]
18:27:45.0 (3326202)|SYSTEM_METHOD_EXIT|[1]|UserInfo
18:27:45.0 (3335462)|METHOD_ENTRY|[6]||System.UserInfo.getUserId()
18:27:45.0 (4897148)|METHOD_EXIT|[6]||System.UserInfo.getUserId()
18:27:45.0 (4921313)|HEAP_ALLOCATE|[6]|Bytes:4
18:27:45.0 (4929254)|VARIABLE_SCOPE_BEGIN|[6]|currentUserId|Id|false|false
18:27:45.0 (5174969)|VARIABLE_ASSIGNMENT|[6]|currentUserId|"005BK00000Ilvi1YAB"
18:27:45.0 (5184656)|STATEMENT_EXECUTE|[9]
18:27:45.0 (5188955)|HEAP_ALLOCATE|[9]|Bytes:124
18:27:45.0 (5209536)|HEAP_ALLOCATE|[9]|Bytes:4
18:27:45.0 (8852361)|SOQL_EXECUTE_BEGIN|[9]|Aggregations:0|SELECT Id, LatestProcessStatus__c FROM SelectionProcess__c WHERE (LatestProcessStatus__c != NULL AND JobPosition__c != NULL)
18:27:45.0 (44452265)|SOQL_EXECUTE_END|[9]|Rows:3
18:27:45.0 (44485660)|HEAP_ALLOCATE|[9]|Bytes:16
18:27:45.0 (44508979)|HEAP_ALLOCATE|[9]|Bytes:185
18:27:45.0 (44563641)|HEAP_ALLOCATE|[9]|Bytes:16
18:27:45.44 (44638123)|CUMULATIVE_LIMIT_USAGE
18:27:45.44 (44638123)|LIMIT_USAGE_FOR_NS|(default)|
  Number of SOQL queries: 1 out of 100
  Number of query rows: 3 out of 50000
  Number of SOSL queries: 0 out of 20
  Number of DML statements: 0 out of 0
  Number of Publish Immediate DML: 0 out of 150
  Number of DML rows: 0 out of 10000
  Maximum CPU time: 0 out of 10000
  Maximum heap size: 0 out of 6000000
  Number of callouts: 0 out of 100
  Number of Email Invocations: 0 out of 10
  Number of future calls: 0 out of 50
  Number of queueable jobs added to the queue: 0 out of 50
  Number of Mobile Apex push calls: 0 out of 10

18:27:45.44 (44638123)|CUMULATIVE_LIMIT_USAGE_END

18:27:45.0 (44687010)|CODE_UNIT_FINISHED|UserProfileHeaderController.getSelectionProcesses()
18:27:45.0 (44858830)|CODE_UNIT_FINISHED|apex://UserProfileHeaderController/ACTION$getSelectionProcesses
18:27:45.0 (44863722)|EXECUTION_FINISHED
