66.0 APEX_CODE,FINEST;APEX_PROFILING,INFO;CALLOUT,INFO;DATA_ACCESS,INFO;DB,INFO;NBA,INFO;SYSTEM,DEBUG;VALIDATION,INFO;VISUALFORCE,INFO;WAVE,INFO;WORKFLOW,INFO
15:39:01.0 (194177)|USER_INFO|[EXTERNAL]|0057F0000042UBb|ishibashi@hurex.co.jp.dev1|(GMT+09:00) 日本標準時 (Asia/Tokyo)|GMT+09:00
15:39:01.0 (228708)|EXECUTION_STARTED
15:39:01.0 (239165)|CODE_UNIT_STARTED|[EXTERNAL]|apex://CustomNotificationController/ACTION$getNotifications
15:39:01.0 (1223691)|CODE_UNIT_STARTED|[EXTERNAL]|01pBK000001VvEL|CustomNotificationController.getNotifications(String)
15:39:01.0 (1417165)|HEAP_ALLOCATE|[95]|Bytes:3
15:39:01.0 (1483464)|HEAP_ALLOCATE|[100]|Bytes:152
15:39:01.0 (1496820)|HEAP_ALLOCATE|[417]|Bytes:408
15:39:01.0 (1508102)|HEAP_ALLOCATE|[430]|Bytes:408
15:39:01.0 (1526896)|HEAP_ALLOCATE|[317]|Bytes:6
15:39:01.0 (1569169)|HEAP_ALLOCATE|[EXTERNAL]|Bytes:7
15:39:01.0 (1579205)|METHOD_ENTRY|[1]|01pBK000001VvEL|CustomNotificationController.CustomNotificationController()
15:39:01.0 (1583943)|STATEMENT_EXECUTE|[1]
15:39:01.0 (1588844)|STATEMENT_EXECUTE|[1]
15:39:01.0 (1605738)|HEAP_ALLOCATE|[68]|Bytes:5
15:39:01.0 (1626416)|HEAP_ALLOCATE|[74]|Bytes:5
15:39:01.0 (1630967)|HEAP_ALLOCATE|[82]|Bytes:7
15:39:01.0 (1776779)|HEAP_ALLOCATE|[EXTERNAL]|Bytes:5
15:39:01.0 (1785922)|METHOD_EXIT|[1]|CustomNotificationController
15:39:01.0 (1792525)|VARIABLE_SCOPE_BEGIN|[5]|before|String|false|false
15:39:01.0 (1821394)|VARIABLE_ASSIGNMENT|[5]|before|null
15:39:01.0 (1831163)|HEAP_ALLOCATE|[6]|Bytes:5
15:39:01.0 (1833757)|STATEMENT_EXECUTE|[5]
15:39:01.0 (1834754)|STATEMENT_EXECUTE|[6]
15:39:01.0 (1858184)|VARIABLE_SCOPE_BEGIN|[6]|req|System.HttpRequest|true|false
15:39:01.0 (2035917)|VARIABLE_ASSIGNMENT|[6]|req|"System.HttpRequest[Endpoint=null, Method=null]"|0x22f41718
15:39:01.0 (2041446)|STATEMENT_EXECUTE|[7]
15:39:01.0 (2043344)|HEAP_ALLOCATE|[7]|Bytes:3
15:39:01.0 (2107659)|STATEMENT_EXECUTE|[8]
15:39:01.0 (2109518)|HEAP_ALLOCATE|[8]|Bytes:13
15:39:01.0 (2111829)|HEAP_ALLOCATE|[8]|Bytes:7
15:39:01.0 (2141883)|HEAP_ALLOCATE|[8]|Bytes:105
15:39:01.0 (2148320)|SYSTEM_METHOD_ENTRY|[1]|UserInfo.UserInfo()
15:39:01.0 (2150351)|STATEMENT_EXECUTE|[1]
15:39:01.0 (2154798)|SYSTEM_METHOD_EXIT|[1]|UserInfo
15:39:01.0 (2163038)|METHOD_ENTRY|[8]||System.UserInfo.getSessionId()
15:39:01.0 (9930967)|METHOD_EXIT|[8]||System.UserInfo.getSessionId()
15:39:01.0 (9980663)|HEAP_ALLOCATE|[8]|Bytes:119
15:39:01.0 (10038223)|STATEMENT_EXECUTE|[10]
15:39:01.0 (10089472)|HEAP_ALLOCATE|[10]|Bytes:67
15:39:01.0 (10102131)|SYSTEM_METHOD_ENTRY|[1]|Url.Url()
15:39:01.0 (10104427)|STATEMENT_EXECUTE|[1]
15:39:01.0 (10110372)|SYSTEM_METHOD_EXIT|[1]|Url
15:39:01.0 (10119093)|METHOD_ENTRY|[10]||System.Url.getOrgDomainUrl()
15:39:01.0 (10364520)|METHOD_EXIT|[10]||System.Url.getOrgDomainUrl()
15:39:01.0 (10378798)|METHOD_ENTRY|[10]||System.Url.toExternalForm()
15:39:01.0 (10407242)|METHOD_EXIT|[10]||System.Url.toExternalForm()
15:39:01.0 (10411646)|VARIABLE_SCOPE_BEGIN|[10]|domainPath|String|false|false
15:39:01.0 (10433232)|VARIABLE_ASSIGNMENT|[10]|domainPath|"https://hurex--dev1. (25 more) ..."
15:39:01.0 (10437121)|STATEMENT_EXECUTE|[11]
15:39:01.0 (10439919)|HEAP_ALLOCATE|[11]|Bytes:50
15:39:01.0 (10447814)|HEAP_ALLOCATE|[11]|Bytes:95
15:39:01.0 (10451293)|VARIABLE_SCOPE_BEGIN|[11]|endpoint|String|false|false
15:39:01.0 (10458540)|VARIABLE_ASSIGNMENT|[11]|endpoint|"https://hurex--dev1. (75 more) ..."
15:39:01.0 (10523439)|STATEMENT_EXECUTE|[13]
15:39:01.0 (10524744)|STATEMENT_EXECUTE|[16]
15:39:01.0 (10551747)|STATEMENT_EXECUTE|[18]
15:39:01.0 (10586797)|VARIABLE_SCOPE_BEGIN|[18]|http|System.Http|true|false
15:39:01.0 (10736723)|VARIABLE_ASSIGNMENT|[18]|http|"System.Http[]"|0x202177c6
15:39:01.0 (10742254)|STATEMENT_EXECUTE|[19]
15:39:01.0 (10871792)|CALLOUT_REQUEST|[19]|System.HttpRequest[Endpoint=https://hurex--dev1.sandbox.my.salesforce.com/services/data/v56.0/connect/notifications?size=20, Method=GET]
15:39:01.0 (192200529)|HEAP_ALLOCATE|[EXTERNAL]|Bytes:15126
15:39:01.0 (194960750)|CALLOUT_RESPONSE|[19]|System.HttpResponse[Status=OK, StatusCode=200]
15:39:01.0 (194991427)|HEAP_ALLOCATE|[19]|Bytes:14281
15:39:01.0 (195025177)|VARIABLE_SCOPE_BEGIN|[19]|res|System.HttpResponse|true|false
15:39:01.0 (195089960)|VARIABLE_ASSIGNMENT|[19]|res|"System.HttpResponse[Status=OK, StatusCode=200]"|0x5b95615
15:39:01.0 (195155307)|STATEMENT_EXECUTE|[21]
15:39:01.0 (195156694)|STATEMENT_EXECUTE|[22]
15:39:01.0 (195738904)|HEAP_ALLOCATE|[22]|Bytes:13995
15:39:01.195 (195790271)|CUMULATIVE_LIMIT_USAGE
15:39:01.195 (195790271)|LIMIT_USAGE_FOR_NS|(default)|
  Number of SOQL queries: 0 out of 100
  Number of query rows: 0 out of 50000
  Number of SOSL queries: 0 out of 20
  Number of DML statements: 0 out of 150
  Number of Publish Immediate DML: 0 out of 150
  Number of DML rows: 0 out of 10000
  Maximum CPU time: 0 out of 10000
  Maximum heap size: 0 out of 6000000
  Number of callouts: 1 out of 100
  Number of Email Invocations: 0 out of 10
  Number of future calls: 0 out of 50
  Number of queueable jobs added to the queue: 0 out of 50
  Number of Mobile Apex push calls: 0 out of 10

15:39:01.195 (195790271)|CUMULATIVE_LIMIT_USAGE_END

15:39:01.0 (195829461)|CODE_UNIT_FINISHED|CustomNotificationController.getNotifications(String)
15:39:01.0 (196023064)|CODE_UNIT_FINISHED|apex://CustomNotificationController/ACTION$getNotifications
15:39:01.0 (196031545)|EXECUTION_FINISHED
