66.0 APEX_CODE,FINEST;APEX_PROFILING,INFO;CALLOUT,INFO;DATA_ACCESS,INFO;DB,INFO;NBA,INFO;SYSTEM,DEBUG;VALIDATION,INFO;VISUALFORCE,INFO;WAVE,INFO;WORKFLOW,INFO
17:55:02.1 (1661298)|USER_INFO|[EXTERNAL]|0057F0000042UBb|ishibashi@hurex.co.jp.dev1|(GMT+09:00) 日本標準時 (Asia/Tokyo)|GMT+09:00
17:55:02.1 (1706959)|EXECUTION_STARTED
17:55:02.1 (1767261)|CODE_UNIT_STARTED|[EXTERNAL]|apex://CareerHistoryController/ACTION$getCareerHistory
17:55:02.1 (2603228)|CODE_UNIT_STARTED|[EXTERNAL]|01pBK000001lv3t|CareerHistoryController.getCareerHistory()
17:55:02.1 (7069132)|HEAP_ALLOCATE|[95]|Bytes:3
17:55:02.1 (7192025)|HEAP_ALLOCATE|[100]|Bytes:152
17:55:02.1 (7212292)|HEAP_ALLOCATE|[417]|Bytes:408
17:55:02.1 (7228965)|HEAP_ALLOCATE|[430]|Bytes:408
17:55:02.1 (7283370)|HEAP_ALLOCATE|[317]|Bytes:6
17:55:02.1 (7337002)|HEAP_ALLOCATE|[EXTERNAL]|Bytes:13
17:55:02.1 (7341964)|HEAP_ALLOCATE|[EXTERNAL]|Bytes:17
17:55:02.1 (7344777)|HEAP_ALLOCATE|[EXTERNAL]|Bytes:2
17:55:02.1 (7357647)|METHOD_ENTRY|[1]|01pBK000001lv3t|CareerHistoryController.CareerHistoryController()
17:55:02.1 (7368394)|STATEMENT_EXECUTE|[1]
17:55:02.1 (7374744)|STATEMENT_EXECUTE|[1]
17:55:02.1 (7399554)|HEAP_ALLOCATE|[68]|Bytes:5
17:55:02.1 (7426699)|HEAP_ALLOCATE|[74]|Bytes:5
17:55:02.1 (7433800)|HEAP_ALLOCATE|[82]|Bytes:7
17:55:02.1 (7632187)|HEAP_ALLOCATE|[EXTERNAL]|Bytes:5
17:55:02.1 (7639362)|STATEMENT_EXECUTE|[4]
17:55:02.1 (7649360)|METHOD_EXIT|[1]|CareerHistoryController
17:55:02.1 (7663535)|HEAP_ALLOCATE|[21]|Bytes:5
17:55:02.1 (7667334)|STATEMENT_EXECUTE|[20]
17:55:02.1 (7668998)|STATEMENT_EXECUTE|[21]
17:55:02.1 (7774511)|HEAP_ALLOCATE|[21]|Bytes:4
17:55:02.1 (7889910)|VARIABLE_SCOPE_BEGIN|[21]|careerList|List<CareerHistoryController.CareerWrapper>|true|false
17:55:02.1 (7931218)|HEAP_ALLOCATE|[EXTERNAL]|Bytes:4
17:55:02.1 (7986500)|VARIABLE_ASSIGNMENT|[21]|careerList|[]|0x45a3afda
17:55:02.1 (7992160)|STATEMENT_EXECUTE|[22]
17:55:02.1 (8074122)|HEAP_ALLOCATE|[22]|Bytes:4
17:55:02.1 (8187348)|VARIABLE_SCOPE_BEGIN|[22]|acc|Account|true|false
17:55:02.1 (8209071)|VARIABLE_ASSIGNMENT|[22]|acc|{}|0x58f46f51
17:55:02.1 (8213886)|STATEMENT_EXECUTE|[24]
17:55:02.1 (8215290)|STATEMENT_EXECUTE|[24]
17:55:02.1 (8216615)|STATEMENT_EXECUTE|[25]
17:55:02.1 (8220141)|HEAP_ALLOCATE|[25]|Bytes:54
17:55:02.1 (8244753)|HEAP_ALLOCATE|[25]|Bytes:4
17:55:02.1 (8253549)|HEAP_ALLOCATE|[25]|Bytes:7
17:55:02.1 (8286330)|HEAP_ALLOCATE|[25]|Bytes:105
17:55:02.1 (8297835)|SYSTEM_METHOD_ENTRY|[1]|UserInfo.UserInfo()
17:55:02.1 (8301730)|STATEMENT_EXECUTE|[1]
17:55:02.1 (8309470)|SYSTEM_METHOD_EXIT|[1]|UserInfo
17:55:02.1 (8327594)|METHOD_ENTRY|[25]||System.UserInfo.getUserId()
17:55:02.1 (14369313)|METHOD_EXIT|[25]||System.UserInfo.getUserId()
17:55:02.1 (16652081)|SOQL_EXECUTE_BEGIN|[25]|Aggregations:0|SELECT AccountId FROM User WHERE Id = :tmpVar1 LIMIT 1
17:55:02.1 (24518212)|SOQL_EXECUTE_END|[25]|Rows:1
17:55:02.1 (24553273)|HEAP_ALLOCATE|[25]|Bytes:8
17:55:02.1 (24569519)|HEAP_ALLOCATE|[25]|Bytes:29
17:55:02.1 (24651016)|HEAP_ALLOCATE|[25]|Bytes:8
17:55:02.1 (24668377)|HEAP_ALLOCATE|[25]|Bytes:30
17:55:02.1 (24730207)|HEAP_ALLOCATE|[25]|Bytes:8
17:55:02.1 (24741276)|VARIABLE_SCOPE_BEGIN|[25]|currentUser|User|true|false
17:55:02.1 (24817487)|VARIABLE_ASSIGNMENT|[25]|currentUser|{"Id":"0057F0000042UBbQAM"}|0x484f3a42
17:55:02.1 (24834120)|STATEMENT_EXECUTE|[27]
17:55:02.1 (24837620)|STATEMENT_EXECUTE|[44]
17:55:02.1 (24856186)|HEAP_ALLOCATE|[44]|Bytes:276
17:55:02.1 (24862715)|HEAP_ALLOCATE|[44]|Bytes:21
17:55:02.1 (24873261)|HEAP_ALLOCATE|[44]|Bytes:40
17:55:02.1 (24899168)|CONSTRUCTOR_ENTRY|[44]|01pBK000001lv3t|<init>()|CareerHistoryController.CareerWrapper
17:55:02.1 (24933691)|VARIABLE_SCOPE_BEGIN|[4]|this|CareerHistoryController.CareerWrapper|true|false
17:55:02.1 (24992184)|VARIABLE_ASSIGNMENT|[4]|this|{}|0x6b81c600
17:55:02.1 (25001517)|HEAP_ALLOCATE|[EXTERNAL]|Bytes:6
17:55:02.1 (25041794)|STATEMENT_EXECUTE|[4]
17:55:02.1 (25043469)|STATEMENT_EXECUTE|[5]
17:55:02.1 (25045006)|STATEMENT_EXECUTE|[6]
17:55:02.1 (25046132)|STATEMENT_EXECUTE|[7]
17:55:02.1 (25047350)|STATEMENT_EXECUTE|[8]
17:55:02.1 (25048389)|STATEMENT_EXECUTE|[9]
17:55:02.1 (25049819)|STATEMENT_EXECUTE|[10]
17:55:02.1 (25050872)|STATEMENT_EXECUTE|[11]
17:55:02.1 (25052195)|STATEMENT_EXECUTE|[12]
17:55:02.1 (25053299)|STATEMENT_EXECUTE|[13]
17:55:02.1 (25057971)|CONSTRUCTOR_EXIT|[44]|01pBK000001lv3t|<init>()|CareerHistoryController.CareerWrapper
17:55:02.1 (25063851)|VARIABLE_SCOPE_BEGIN|[44]|c1|CareerHistoryController.CareerWrapper|true|false
17:55:02.1 (25081371)|VARIABLE_ASSIGNMENT|[44]|c1|{}|0x6b81c600
17:55:02.1 (25085955)|STATEMENT_EXECUTE|[45]
17:55:02.1 (25088802)|HEAP_ALLOCATE|[45]|Bytes:1
17:55:02.1 (25135562)|VARIABLE_ASSIGNMENT|[EXTERNAL]|this|{}|0x6b81c600
17:55:02.1 (25144599)|VARIABLE_ASSIGNMENT|[EXTERNAL]|value|"1"
17:55:02.1 (25164539)|VARIABLE_ASSIGNMENT|[5]|this.id|"1"|0x6b81c600
17:55:02.1 (25174534)|STATEMENT_EXECUTE|[46]
17:55:02.1 (25203719)|METHOD_ENTRY|[46]|01pBK000001lv3t|CareerHistoryController.nullToEmpty(String)
17:55:02.1 (25215173)|VARIABLE_SCOPE_BEGIN|[145]|str|String|false|false
17:55:02.1 (25223383)|VARIABLE_ASSIGNMENT|[145]|str|null
17:55:02.1 (25240467)|HEAP_ALLOCATE|[145]|Bytes:5
17:55:02.1 (25244141)|STATEMENT_EXECUTE|[145]
17:55:02.1 (25245516)|STATEMENT_EXECUTE|[145]
17:55:02.1 (25254552)|METHOD_EXIT|[46]|01pBK000001lv3t|CareerHistoryController.nullToEmpty(String)
17:55:02.1 (25278976)|VARIABLE_ASSIGNMENT|[EXTERNAL]|this|{"id":"1"}|0x6b81c600
17:55:02.1 (25285883)|VARIABLE_ASSIGNMENT|[EXTERNAL]|value|""
17:55:02.1 (25293306)|VARIABLE_ASSIGNMENT|[6]|this.companyName|""|0x6b81c600
17:55:02.1 (25299676)|STATEMENT_EXECUTE|[47]
17:55:02.1 (25305961)|METHOD_ENTRY|[47]|01pBK000001lv3t|CareerHistoryController.nullToEmpty(String)
17:55:02.1 (25313591)|VARIABLE_SCOPE_BEGIN|[145]|str|String|false|false
17:55:02.1 (25318853)|VARIABLE_ASSIGNMENT|[145]|str|null
17:55:02.1 (25325386)|HEAP_ALLOCATE|[145]|Bytes:5
17:55:02.1 (25327850)|STATEMENT_EXECUTE|[145]
17:55:02.1 (25329229)|STATEMENT_EXECUTE|[145]
17:55:02.1 (25333518)|METHOD_EXIT|[47]|01pBK000001lv3t|CareerHistoryController.nullToEmpty(String)
17:55:02.1 (25354303)|VARIABLE_ASSIGNMENT|[EXTERNAL]|this|{"companyName":"","id":"1"}|0x6b81c600
17:55:02.1 (25360832)|VARIABLE_ASSIGNMENT|[EXTERNAL]|value|""
17:55:02.1 (25366882)|VARIABLE_ASSIGNMENT|[10]|this.annualIncome|""|0x6b81c600
17:55:02.1 (25372883)|STATEMENT_EXECUTE|[48]
17:55:02.1 (25377725)|METHOD_ENTRY|[48]|01pBK000001lv3t|CareerHistoryController.nullToEmpty(String)
17:55:02.1 (25383613)|VARIABLE_SCOPE_BEGIN|[145]|str|String|false|false
17:55:02.1 (25388742)|VARIABLE_ASSIGNMENT|[145]|str|null
17:55:02.1 (25393776)|HEAP_ALLOCATE|[145]|Bytes:5
17:55:02.1 (25396181)|STATEMENT_EXECUTE|[145]
17:55:02.1 (25397401)|STATEMENT_EXECUTE|[145]
17:55:02.1 (25400910)|METHOD_EXIT|[48]|01pBK000001lv3t|CareerHistoryController.nullToEmpty(String)
17:55:02.1 (25418720)|VARIABLE_ASSIGNMENT|[EXTERNAL]|this|{"annualIncome":"","companyName":"","id":"1"}|0x6b81c600
17:55:02.1 (25425280)|VARIABLE_ASSIGNMENT|[EXTERNAL]|value|""
17:55:02.1 (25431344)|VARIABLE_ASSIGNMENT|[11]|this.jobDescription|""|0x6b81c600
17:55:02.1 (25437267)|STATEMENT_EXECUTE|[50]
17:55:02.1 (25441551)|METHOD_ENTRY|[50]|01pBK000001lv3t|CareerHistoryController.nullToEmpty(String)
17:55:02.1 (25447345)|VARIABLE_SCOPE_BEGIN|[145]|str|String|false|false
17:55:02.1 (25452502)|VARIABLE_ASSIGNMENT|[145]|str|null
17:55:02.1 (25457501)|HEAP_ALLOCATE|[145]|Bytes:5
17:55:02.1 (25460008)|STATEMENT_EXECUTE|[145]
17:55:02.1 (25461105)|STATEMENT_EXECUTE|[145]
17:55:02.1 (25464345)|METHOD_EXIT|[50]|01pBK000001lv3t|CareerHistoryController.nullToEmpty(String)
17:55:02.1 (25483681)|VARIABLE_ASSIGNMENT|[EXTERNAL]|this|{"annualIncome":"","companyName":"","id":"1","jobDescription":""}|0x6b81c600
17:55:02.1 (25490160)|VARIABLE_ASSIGNMENT|[EXTERNAL]|value|""
17:55:02.1 (25495565)|VARIABLE_ASSIGNMENT|[12]|this.jobGroup|""|0x6b81c600
17:55:02.1 (25502067)|STATEMENT_EXECUTE|[51]
17:55:02.1 (25506262)|METHOD_ENTRY|[51]|01pBK000001lv3t|CareerHistoryController.nullToEmpty(String)
17:55:02.1 (25512783)|VARIABLE_SCOPE_BEGIN|[145]|str|String|false|false
17:55:02.1 (25518510)|VARIABLE_ASSIGNMENT|[145]|str|null
17:55:02.1 (25524030)|HEAP_ALLOCATE|[145]|Bytes:5
17:55:02.1 (25526362)|STATEMENT_EXECUTE|[145]
17:55:02.1 (25527745)|STATEMENT_EXECUTE|[145]
17:55:02.1 (25530717)|METHOD_EXIT|[51]|01pBK000001lv3t|CareerHistoryController.nullToEmpty(String)
17:55:02.1 (25550067)|VARIABLE_ASSIGNMENT|[EXTERNAL]|this|{"annualIncome":"","companyName":"","id":"1","jobDescription":"","jobGroup":""}|0x6b81c600
17:55:02.1 (25556198)|VARIABLE_ASSIGNMENT|[EXTERNAL]|value|""
17:55:02.1 (25561818)|VARIABLE_ASSIGNMENT|[13]|this.jobGroupOption|""|0x6b81c600
17:55:02.1 (25567441)|STATEMENT_EXECUTE|[52]
17:55:02.1 (25573709)|METHOD_ENTRY|[52]|01pBK000001lv3t|CareerHistoryController.formatDateToYYYYMM(Date)
17:55:02.1 (25580751)|VARIABLE_SCOPE_BEGIN|[147]|d|Date|false|false
17:55:02.1 (25586807)|VARIABLE_ASSIGNMENT|[147]|d|null
17:55:02.1 (25593754)|HEAP_ALLOCATE|[148]|Bytes:5
17:55:02.1 (25596781)|STATEMENT_EXECUTE|[147]
17:55:02.1 (25598536)|STATEMENT_EXECUTE|[148]
17:55:02.1 (25603137)|METHOD_EXIT|[52]|01pBK000001lv3t|CareerHistoryController.formatDateToYYYYMM(Date)
17:55:02.1 (25622834)|VARIABLE_ASSIGNMENT|[EXTERNAL]|this|{"annualIncome":"","companyName":"","id":"1","jobDescription":"","jobGroup":"","jobGroupOption":""}|0x6b81c600
17:55:02.1 (25628846)|VARIABLE_ASSIGNMENT|[EXTERNAL]|value|""
17:55:02.1 (25634072)|VARIABLE_ASSIGNMENT|[7]|this.startDateInput|""|0x6b81c600
17:55:02.1 (25639652)|STATEMENT_EXECUTE|[53]
17:55:02.1 (25644239)|METHOD_ENTRY|[53]|01pBK000001lv3t|CareerHistoryController.formatDateToYYYYMM(Date)
17:55:02.1 (25654490)|VARIABLE_SCOPE_BEGIN|[147]|d|Date|false|false
17:55:02.1 (25660954)|VARIABLE_ASSIGNMENT|[147]|d|null
17:55:02.1 (25666362)|HEAP_ALLOCATE|[148]|Bytes:5
17:55:02.1 (25669110)|STATEMENT_EXECUTE|[147]
17:55:02.1 (25670549)|STATEMENT_EXECUTE|[148]
17:55:02.1 (25674099)|METHOD_EXIT|[53]|01pBK000001lv3t|CareerHistoryController.formatDateToYYYYMM(Date)
17:55:02.1 (25695224)|VARIABLE_ASSIGNMENT|[EXTERNAL]|this|{"annualIncome":"","companyName":"","id":"1","jobDescription":"","jobGroup":"","jobGroupOption":"","startDateInput":""}|0x6b81c600
17:55:02.1 (25702303)|VARIABLE_ASSIGNMENT|[EXTERNAL]|value|""
17:55:02.1 (25708038)|VARIABLE_ASSIGNMENT|[8]|this.endDateInput|""|0x6b81c600
17:55:02.1 (25713886)|STATEMENT_EXECUTE|[54]
17:55:02.1 (25780188)|VARIABLE_ASSIGNMENT|[EXTERNAL]|this|{"annualIncome":"","companyName":"","endDateInput":"","id":"1","jobDescription":"","jobGroup":"","jobGroupOption":"","startDateInput":""}|0x6b81c600
17:55:02.1 (25790992)|VARIABLE_ASSIGNMENT|[EXTERNAL]|value|true
17:55:02.1 (25797064)|HEAP_ALLOCATE|[9]|Bytes:5
17:55:02.1 (25801916)|VARIABLE_ASSIGNMENT|[9]|this.isCurrentJob|true|0x6b81c600
17:55:02.1 (25808768)|STATEMENT_EXECUTE|[55]
17:55:02.1 (25875008)|HEAP_ALLOCATE|[EXTERNAL]|Bytes:4
17:55:02.1 (25883778)|STATEMENT_EXECUTE|[58]
17:55:02.1 (25890479)|HEAP_ALLOCATE|[58]|Bytes:40
17:55:02.1 (25897407)|CONSTRUCTOR_ENTRY|[58]|01pBK000001lv3t|<init>()|CareerHistoryController.CareerWrapper
17:55:02.1 (25909664)|VARIABLE_SCOPE_BEGIN|[4]|this|CareerHistoryController.CareerWrapper|true|false
17:55:02.1 (25925213)|VARIABLE_ASSIGNMENT|[4]|this|{}|0x6c6e84d1
17:55:02.1 (25945500)|STATEMENT_EXECUTE|[4]
17:55:02.1 (25946758)|STATEMENT_EXECUTE|[5]
17:55:02.1 (25948067)|STATEMENT_EXECUTE|[6]
17:55:02.1 (25949104)|STATEMENT_EXECUTE|[7]
17:55:02.1 (25950124)|STATEMENT_EXECUTE|[8]
17:55:02.1 (25951124)|STATEMENT_EXECUTE|[9]
17:55:02.1 (25952421)|STATEMENT_EXECUTE|[10]
17:55:02.1 (25953659)|STATEMENT_EXECUTE|[11]
17:55:02.1 (25954862)|STATEMENT_EXECUTE|[12]
17:55:02.1 (25955952)|STATEMENT_EXECUTE|[13]
17:55:02.1 (25959581)|CONSTRUCTOR_EXIT|[58]|01pBK000001lv3t|<init>()|CareerHistoryController.CareerWrapper
17:55:02.1 (25965043)|VARIABLE_SCOPE_BEGIN|[58]|c2|CareerHistoryController.CareerWrapper|true|false
17:55:02.1 (25979834)|VARIABLE_ASSIGNMENT|[58]|c2|{}|0x6c6e84d1
17:55:02.1 (25983894)|STATEMENT_EXECUTE|[59]
17:55:02.1 (25986901)|HEAP_ALLOCATE|[59]|Bytes:1
17:55:02.1 (26007822)|VARIABLE_ASSIGNMENT|[EXTERNAL]|this|{}|0x6c6e84d1
17:55:02.1 (26016326)|VARIABLE_ASSIGNMENT|[EXTERNAL]|value|"2"
17:55:02.1 (26022312)|VARIABLE_ASSIGNMENT|[5]|this.id|"2"|0x6c6e84d1
17:55:02.1 (26028421)|STATEMENT_EXECUTE|[60]
17:55:02.1 (26036541)|METHOD_ENTRY|[60]|01pBK000001lv3t|CareerHistoryController.nullToEmpty(String)
17:55:02.1 (26043441)|VARIABLE_SCOPE_BEGIN|[145]|str|String|false|false
17:55:02.1 (26049059)|VARIABLE_ASSIGNMENT|[145]|str|null
17:55:02.1 (26057728)|HEAP_ALLOCATE|[145]|Bytes:5
17:55:02.1 (26060551)|STATEMENT_EXECUTE|[145]
17:55:02.1 (26061878)|STATEMENT_EXECUTE|[145]
17:55:02.1 (26067361)|METHOD_EXIT|[60]|01pBK000001lv3t|CareerHistoryController.nullToEmpty(String)
17:55:02.1 (26085084)|VARIABLE_ASSIGNMENT|[EXTERNAL]|this|{"id":"2"}|0x6c6e84d1
17:55:02.1 (26091451)|VARIABLE_ASSIGNMENT|[EXTERNAL]|value|""
17:55:02.1 (26096931)|VARIABLE_ASSIGNMENT|[6]|this.companyName|""|0x6c6e84d1
17:55:02.1 (26102710)|STATEMENT_EXECUTE|[61]
17:55:02.1 (26107135)|METHOD_ENTRY|[61]|01pBK000001lv3t|CareerHistoryController.nullToEmpty(String)
17:55:02.1 (26113500)|VARIABLE_SCOPE_BEGIN|[145]|str|String|false|false
17:55:02.1 (26119779)|VARIABLE_ASSIGNMENT|[145]|str|null
17:55:02.1 (26125084)|HEAP_ALLOCATE|[145]|Bytes:5
17:55:02.1 (26127597)|STATEMENT_EXECUTE|[145]
17:55:02.1 (26128799)|STATEMENT_EXECUTE|[145]
17:55:02.1 (26132670)|METHOD_EXIT|[61]|01pBK000001lv3t|CareerHistoryController.nullToEmpty(String)
17:55:02.1 (26151003)|VARIABLE_ASSIGNMENT|[EXTERNAL]|this|{"companyName":"","id":"2"}|0x6c6e84d1
17:55:02.1 (26157351)|VARIABLE_ASSIGNMENT|[EXTERNAL]|value|""
17:55:02.1 (26163289)|VARIABLE_ASSIGNMENT|[11]|this.jobDescription|""|0x6c6e84d1
17:55:02.1 (26169309)|STATEMENT_EXECUTE|[63]
17:55:02.1 (26173529)|METHOD_ENTRY|[63]|01pBK000001lv3t|CareerHistoryController.nullToEmpty(String)
17:55:02.1 (26180438)|VARIABLE_SCOPE_BEGIN|[145]|str|String|false|false
17:55:02.1 (26186034)|VARIABLE_ASSIGNMENT|[145]|str|null
17:55:02.1 (26191355)|HEAP_ALLOCATE|[145]|Bytes:5
17:55:02.1 (26194157)|STATEMENT_EXECUTE|[145]
17:55:02.1 (26195306)|STATEMENT_EXECUTE|[145]
17:55:02.1 (26198748)|METHOD_EXIT|[63]|01pBK000001lv3t|CareerHistoryController.nullToEmpty(String)
17:55:02.1 (26217206)|VARIABLE_ASSIGNMENT|[EXTERNAL]|this|{"companyName":"","id":"2","jobDescription":""}|0x6c6e84d1
17:55:02.1 (26223479)|VARIABLE_ASSIGNMENT|[EXTERNAL]|value|""
17:55:02.1 (26228802)|VARIABLE_ASSIGNMENT|[12]|this.jobGroup|""|0x6c6e84d1
17:55:02.1 (26234259)|STATEMENT_EXECUTE|[64]
17:55:02.1 (26238554)|METHOD_ENTRY|[64]|01pBK000001lv3t|CareerHistoryController.nullToEmpty(String)
17:55:02.1 (26244710)|VARIABLE_SCOPE_BEGIN|[145]|str|String|false|false
17:55:02.1 (26250776)|VARIABLE_ASSIGNMENT|[145]|str|null
17:55:02.1 (26255571)|HEAP_ALLOCATE|[145]|Bytes:5
17:55:02.1 (26257991)|STATEMENT_EXECUTE|[145]
17:55:02.1 (26259139)|STATEMENT_EXECUTE|[145]
17:55:02.1 (26262392)|METHOD_EXIT|[64]|01pBK000001lv3t|CareerHistoryController.nullToEmpty(String)
17:55:02.1 (26282289)|VARIABLE_ASSIGNMENT|[EXTERNAL]|this|{"companyName":"","id":"2","jobDescription":"","jobGroup":""}|0x6c6e84d1
17:55:02.1 (26288556)|VARIABLE_ASSIGNMENT|[EXTERNAL]|value|""
17:55:02.1 (26293444)|VARIABLE_ASSIGNMENT|[13]|this.jobGroupOption|""|0x6c6e84d1
17:55:02.1 (26299339)|STATEMENT_EXECUTE|[65]
17:55:02.1 (26304825)|METHOD_ENTRY|[65]|01pBK000001lv3t|CareerHistoryController.formatDateToYYYYMM(Date)
17:55:02.1 (26311267)|VARIABLE_SCOPE_BEGIN|[147]|d|Date|false|false
17:55:02.1 (26317486)|VARIABLE_ASSIGNMENT|[147]|d|null
17:55:02.1 (26324436)|HEAP_ALLOCATE|[148]|Bytes:5
17:55:02.1 (26327515)|STATEMENT_EXECUTE|[147]
17:55:02.1 (26328913)|STATEMENT_EXECUTE|[148]
17:55:02.1 (26333170)|METHOD_EXIT|[65]|01pBK000001lv3t|CareerHistoryController.formatDateToYYYYMM(Date)
17:55:02.1 (26352144)|VARIABLE_ASSIGNMENT|[EXTERNAL]|this|{"companyName":"","id":"2","jobDescription":"","jobGroup":"","jobGroupOption":""}|0x6c6e84d1
17:55:02.1 (26358052)|VARIABLE_ASSIGNMENT|[EXTERNAL]|value|""
17:55:02.1 (26363885)|VARIABLE_ASSIGNMENT|[7]|this.startDateInput|""|0x6c6e84d1
17:55:02.1 (26369308)|STATEMENT_EXECUTE|[66]
17:55:02.1 (26373164)|METHOD_ENTRY|[66]|01pBK000001lv3t|CareerHistoryController.formatDateToYYYYMM(Date)
17:55:02.1 (26379013)|VARIABLE_SCOPE_BEGIN|[147]|d|Date|false|false
17:55:02.1 (26384578)|VARIABLE_ASSIGNMENT|[147]|d|null
17:55:02.1 (26390081)|HEAP_ALLOCATE|[148]|Bytes:5
17:55:02.1 (26392963)|STATEMENT_EXECUTE|[147]
17:55:02.1 (26394398)|STATEMENT_EXECUTE|[148]
17:55:02.1 (26397587)|METHOD_EXIT|[66]|01pBK000001lv3t|CareerHistoryController.formatDateToYYYYMM(Date)
17:55:02.1 (26416973)|VARIABLE_ASSIGNMENT|[EXTERNAL]|this|{"companyName":"","id":"2","jobDescription":"","jobGroup":"","jobGroupOption":"","startDateInput":""}|0x6c6e84d1
17:55:02.1 (26422999)|VARIABLE_ASSIGNMENT|[EXTERNAL]|value|""
17:55:02.1 (26428608)|VARIABLE_ASSIGNMENT|[8]|this.endDateInput|""|0x6c6e84d1
17:55:02.1 (26434293)|STATEMENT_EXECUTE|[67]
17:55:02.1 (26454282)|VARIABLE_ASSIGNMENT|[EXTERNAL]|this|{"companyName":"","endDateInput":"","id":"2","jobDescription":"","jobGroup":"","jobGroupOption":"","startDateInput":""}|0x6c6e84d1
17:55:02.1 (26462761)|VARIABLE_ASSIGNMENT|[EXTERNAL]|value|false
17:55:02.1 (26466880)|HEAP_ALLOCATE|[9]|Bytes:5
17:55:02.1 (26470988)|VARIABLE_ASSIGNMENT|[9]|this.isCurrentJob|false|0x6c6e84d1
17:55:02.1 (26476213)|STATEMENT_EXECUTE|[68]
17:55:02.1 (26508849)|HEAP_ALLOCATE|[EXTERNAL]|Bytes:4
17:55:02.1 (26515564)|STATEMENT_EXECUTE|[71]
17:55:02.1 (26521017)|HEAP_ALLOCATE|[71]|Bytes:40
17:55:02.1 (26527927)|CONSTRUCTOR_ENTRY|[71]|01pBK000001lv3t|<init>()|CareerHistoryController.CareerWrapper
17:55:02.1 (26542037)|VARIABLE_SCOPE_BEGIN|[4]|this|CareerHistoryController.CareerWrapper|true|false
17:55:02.1 (26558222)|VARIABLE_ASSIGNMENT|[4]|this|{}|0x5dc23e34
17:55:02.1 (26575739)|STATEMENT_EXECUTE|[4]
17:55:02.1 (26577192)|STATEMENT_EXECUTE|[5]
17:55:02.1 (26578642)|STATEMENT_EXECUTE|[6]
17:55:02.1 (26579847)|STATEMENT_EXECUTE|[7]
17:55:02.1 (26581067)|STATEMENT_EXECUTE|[8]
17:55:02.1 (26582284)|STATEMENT_EXECUTE|[9]
17:55:02.1 (26583806)|STATEMENT_EXECUTE|[10]
17:55:02.1 (26585030)|STATEMENT_EXECUTE|[11]
17:55:02.1 (26586232)|STATEMENT_EXECUTE|[12]
17:55:02.1 (26587287)|STATEMENT_EXECUTE|[13]
17:55:02.1 (26590884)|CONSTRUCTOR_EXIT|[71]|01pBK000001lv3t|<init>()|CareerHistoryController.CareerWrapper
17:55:02.1 (26595767)|VARIABLE_SCOPE_BEGIN|[71]|c3|CareerHistoryController.CareerWrapper|true|false
17:55:02.1 (26610737)|VARIABLE_ASSIGNMENT|[71]|c3|{}|0x5dc23e34
17:55:02.1 (26615335)|STATEMENT_EXECUTE|[72]
17:55:02.1 (26618046)|HEAP_ALLOCATE|[72]|Bytes:1
17:55:02.1 (26637805)|VARIABLE_ASSIGNMENT|[EXTERNAL]|this|{}|0x5dc23e34
17:55:02.1 (26645177)|VARIABLE_ASSIGNMENT|[EXTERNAL]|value|"3"
17:55:02.1 (26650781)|VARIABLE_ASSIGNMENT|[5]|this.id|"3"|0x5dc23e34
17:55:02.1 (26656690)|STATEMENT_EXECUTE|[73]
17:55:02.1 (26663168)|METHOD_ENTRY|[73]|01pBK000001lv3t|CareerHistoryController.nullToEmpty(String)
17:55:02.1 (26669902)|VARIABLE_SCOPE_BEGIN|[145]|str|String|false|false
17:55:02.1 (26679420)|VARIABLE_ASSIGNMENT|[145]|str|null
17:55:02.1 (26687601)|HEAP_ALLOCATE|[145]|Bytes:5
17:55:02.1 (26690396)|STATEMENT_EXECUTE|[145]
17:55:02.1 (26691552)|STATEMENT_EXECUTE|[145]
17:55:02.1 (26696881)|METHOD_EXIT|[73]|01pBK000001lv3t|CareerHistoryController.nullToEmpty(String)
17:55:02.1 (26714328)|VARIABLE_ASSIGNMENT|[EXTERNAL]|this|{"id":"3"}|0x5dc23e34
17:55:02.1 (26720546)|VARIABLE_ASSIGNMENT|[EXTERNAL]|value|""
17:55:02.1 (26725630)|VARIABLE_ASSIGNMENT|[6]|this.companyName|""|0x5dc23e34
17:55:02.1 (26731555)|STATEMENT_EXECUTE|[74]
17:55:02.1 (26735892)|METHOD_ENTRY|[74]|01pBK000001lv3t|CareerHistoryController.nullToEmpty(String)
17:55:02.1 (26742921)|VARIABLE_SCOPE_BEGIN|[145]|str|String|false|false
17:55:02.1 (26748356)|VARIABLE_ASSIGNMENT|[145]|str|null
17:55:02.1 (26754197)|HEAP_ALLOCATE|[145]|Bytes:5
17:55:02.1 (26756890)|STATEMENT_EXECUTE|[145]
17:55:02.1 (26758006)|STATEMENT_EXECUTE|[145]
17:55:02.1 (26761866)|METHOD_EXIT|[74]|01pBK000001lv3t|CareerHistoryController.nullToEmpty(String)
17:55:02.1 (26779743)|VARIABLE_ASSIGNMENT|[EXTERNAL]|this|{"companyName":"","id":"3"}|0x5dc23e34
17:55:02.1 (26785581)|VARIABLE_ASSIGNMENT|[EXTERNAL]|value|""
17:55:02.1 (26790630)|VARIABLE_ASSIGNMENT|[11]|this.jobDescription|""|0x5dc23e34
17:55:02.1 (26795935)|STATEMENT_EXECUTE|[76]
17:55:02.1 (26800195)|METHOD_ENTRY|[76]|01pBK000001lv3t|CareerHistoryController.nullToEmpty(String)
17:55:02.1 (26805872)|VARIABLE_SCOPE_BEGIN|[145]|str|String|false|false
17:55:02.1 (26811202)|VARIABLE_ASSIGNMENT|[145]|str|null
17:55:02.1 (26816163)|HEAP_ALLOCATE|[145]|Bytes:5
17:55:02.1 (26818585)|STATEMENT_EXECUTE|[145]
17:55:02.1 (26819729)|STATEMENT_EXECUTE|[145]
17:55:02.1 (26822930)|METHOD_EXIT|[76]|01pBK000001lv3t|CareerHistoryController.nullToEmpty(String)
17:55:02.1 (26840045)|VARIABLE_ASSIGNMENT|[EXTERNAL]|this|{"companyName":"","id":"3","jobDescription":""}|0x5dc23e34
17:55:02.1 (26845345)|VARIABLE_ASSIGNMENT|[EXTERNAL]|value|""
17:55:02.1 (26851224)|VARIABLE_ASSIGNMENT|[12]|this.jobGroup|""|0x5dc23e34
17:55:02.1 (26857200)|STATEMENT_EXECUTE|[77]
17:55:02.1 (26861541)|METHOD_ENTRY|[77]|01pBK000001lv3t|CareerHistoryController.nullToEmpty(String)
17:55:02.1 (26868005)|VARIABLE_SCOPE_BEGIN|[145]|str|String|false|false
17:55:02.1 (26873725)|VARIABLE_ASSIGNMENT|[145]|str|null
17:55:02.1 (26879507)|HEAP_ALLOCATE|[145]|Bytes:5
17:55:02.1 (26882296)|STATEMENT_EXECUTE|[145]
17:55:02.1 (26883776)|STATEMENT_EXECUTE|[145]
17:55:02.1 (26887215)|METHOD_EXIT|[77]|01pBK000001lv3t|CareerHistoryController.nullToEmpty(String)
17:55:02.1 (26905531)|VARIABLE_ASSIGNMENT|[EXTERNAL]|this|{"companyName":"","id":"3","jobDescription":"","jobGroup":""}|0x5dc23e34
17:55:02.1 (26910806)|VARIABLE_ASSIGNMENT|[EXTERNAL]|value|""
17:55:02.1 (26915861)|VARIABLE_ASSIGNMENT|[13]|this.jobGroupOption|""|0x5dc23e34
17:55:02.1 (26921577)|STATEMENT_EXECUTE|[78]
17:55:02.1 (26926157)|METHOD_ENTRY|[78]|01pBK000001lv3t|CareerHistoryController.formatDateToYYYYMM(Date)
17:55:02.1 (26932626)|VARIABLE_SCOPE_BEGIN|[147]|d|Date|false|false
17:55:02.1 (26938830)|VARIABLE_ASSIGNMENT|[147]|d|null
17:55:02.1 (26944525)|HEAP_ALLOCATE|[148]|Bytes:5
17:55:02.1 (26947336)|STATEMENT_EXECUTE|[147]
17:55:02.1 (26948864)|STATEMENT_EXECUTE|[148]
17:55:02.1 (26953648)|METHOD_EXIT|[78]|01pBK000001lv3t|CareerHistoryController.formatDateToYYYYMM(Date)
17:55:02.1 (26971038)|VARIABLE_ASSIGNMENT|[EXTERNAL]|this|{"companyName":"","id":"3","jobDescription":"","jobGroup":"","jobGroupOption":""}|0x5dc23e34
17:55:02.1 (26976987)|VARIABLE_ASSIGNMENT|[EXTERNAL]|value|""
17:55:02.1 (26982518)|VARIABLE_ASSIGNMENT|[7]|this.startDateInput|""|0x5dc23e34
17:55:02.1 (26988432)|STATEMENT_EXECUTE|[79]
17:55:02.1 (26992139)|METHOD_ENTRY|[79]|01pBK000001lv3t|CareerHistoryController.formatDateToYYYYMM(Date)
17:55:02.1 (26998211)|VARIABLE_SCOPE_BEGIN|[147]|d|Date|false|false
17:55:02.1 (27003829)|VARIABLE_ASSIGNMENT|[147]|d|null
17:55:02.1 (27010098)|HEAP_ALLOCATE|[148]|Bytes:5
17:55:02.1 (27012399)|STATEMENT_EXECUTE|[147]
17:55:02.1 (27013589)|STATEMENT_EXECUTE|[148]
17:55:02.1 (27016598)|METHOD_EXIT|[79]|01pBK000001lv3t|CareerHistoryController.formatDateToYYYYMM(Date)
17:55:02.1 (27034330)|VARIABLE_ASSIGNMENT|[EXTERNAL]|this|{"companyName":"","id":"3","jobDescription":"","jobGroup":"","jobGroupOption":"","startDateInput":""}|0x5dc23e34
17:55:02.1 (27040850)|VARIABLE_ASSIGNMENT|[EXTERNAL]|value|""
17:55:02.1 (27046613)|VARIABLE_ASSIGNMENT|[8]|this.endDateInput|""|0x5dc23e34
17:55:02.1 (27052683)|STATEMENT_EXECUTE|[80]
17:55:02.1 (27074040)|VARIABLE_ASSIGNMENT|[EXTERNAL]|this|{"companyName":"","endDateInput":"","id":"3","jobDescription":"","jobGroup":"","jobGroupOption":"","startDateInput":""}|0x5dc23e34
17:55:02.1 (27082735)|VARIABLE_ASSIGNMENT|[EXTERNAL]|value|false
17:55:02.1 (27086968)|HEAP_ALLOCATE|[9]|Bytes:5
17:55:02.1 (27091365)|VARIABLE_ASSIGNMENT|[9]|this.isCurrentJob|false|0x5dc23e34
17:55:02.1 (27097829)|STATEMENT_EXECUTE|[81]
17:55:02.1 (27128177)|HEAP_ALLOCATE|[EXTERNAL]|Bytes:4
17:55:02.1 (27134808)|STATEMENT_EXECUTE|[84]
17:55:02.1 (27140079)|HEAP_ALLOCATE|[84]|Bytes:40
17:55:02.1 (27146952)|CONSTRUCTOR_ENTRY|[84]|01pBK000001lv3t|<init>()|CareerHistoryController.CareerWrapper
17:55:02.1 (27158568)|VARIABLE_SCOPE_BEGIN|[4]|this|CareerHistoryController.CareerWrapper|true|false
17:55:02.1 (27175632)|VARIABLE_ASSIGNMENT|[4]|this|{}|0x3896424a
17:55:02.1 (27192584)|STATEMENT_EXECUTE|[4]
17:55:02.1 (27193777)|STATEMENT_EXECUTE|[5]
17:55:02.1 (27194891)|STATEMENT_EXECUTE|[6]
17:55:02.1 (27195954)|STATEMENT_EXECUTE|[7]
17:55:02.1 (27196997)|STATEMENT_EXECUTE|[8]
17:55:02.1 (27198075)|STATEMENT_EXECUTE|[9]
17:55:02.1 (27199099)|STATEMENT_EXECUTE|[10]
17:55:02.1 (27200146)|STATEMENT_EXECUTE|[11]
17:55:02.1 (27201322)|STATEMENT_EXECUTE|[12]
17:55:02.1 (27202338)|STATEMENT_EXECUTE|[13]
17:55:02.1 (27206102)|CONSTRUCTOR_EXIT|[84]|01pBK000001lv3t|<init>()|CareerHistoryController.CareerWrapper
17:55:02.1 (27210713)|VARIABLE_SCOPE_BEGIN|[84]|c4|CareerHistoryController.CareerWrapper|true|false
17:55:02.1 (27225889)|VARIABLE_ASSIGNMENT|[84]|c4|{}|0x3896424a
17:55:02.1 (27230386)|STATEMENT_EXECUTE|[85]
17:55:02.1 (27233042)|HEAP_ALLOCATE|[85]|Bytes:1
17:55:02.1 (27252857)|VARIABLE_ASSIGNMENT|[EXTERNAL]|this|{}|0x3896424a
17:55:02.1 (27260092)|VARIABLE_ASSIGNMENT|[EXTERNAL]|value|"4"
17:55:02.1 (27266853)|VARIABLE_ASSIGNMENT|[5]|this.id|"4"|0x3896424a
17:55:02.1 (27273587)|STATEMENT_EXECUTE|[86]
17:55:02.1 (27280239)|METHOD_ENTRY|[86]|01pBK000001lv3t|CareerHistoryController.nullToEmpty(String)
17:55:02.1 (27286737)|VARIABLE_SCOPE_BEGIN|[145]|str|String|false|false
17:55:02.1 (27293042)|VARIABLE_ASSIGNMENT|[145]|str|null
17:55:02.1 (27301664)|HEAP_ALLOCATE|[145]|Bytes:5
17:55:02.1 (27304336)|STATEMENT_EXECUTE|[145]
17:55:02.1 (27305406)|STATEMENT_EXECUTE|[145]
17:55:02.1 (27310103)|METHOD_EXIT|[86]|01pBK000001lv3t|CareerHistoryController.nullToEmpty(String)
17:55:02.1 (27327461)|VARIABLE_ASSIGNMENT|[EXTERNAL]|this|{"id":"4"}|0x3896424a
17:55:02.1 (27333589)|VARIABLE_ASSIGNMENT|[EXTERNAL]|value|""
17:55:02.1 (27339063)|VARIABLE_ASSIGNMENT|[11]|this.jobDescription|""|0x3896424a
17:55:02.1 (27344854)|STATEMENT_EXECUTE|[87]
17:55:02.1 (27362356)|VARIABLE_ASSIGNMENT|[EXTERNAL]|this|{"id":"4","jobDescription":""}|0x3896424a
17:55:02.1 (27369861)|VARIABLE_ASSIGNMENT|[EXTERNAL]|value|false
17:55:02.1 (27373717)|HEAP_ALLOCATE|[9]|Bytes:5
17:55:02.1 (27377826)|VARIABLE_ASSIGNMENT|[9]|this.isCurrentJob|false|0x3896424a
17:55:02.1 (27383768)|STATEMENT_EXECUTE|[88]
17:55:02.1 (27402596)|HEAP_ALLOCATE|[EXTERNAL]|Bytes:4
17:55:02.1 (27408242)|STATEMENT_EXECUTE|[90]
17:55:02.27 (27483667)|CUMULATIVE_LIMIT_USAGE
17:55:02.27 (27483667)|LIMIT_USAGE_FOR_NS|(default)|
  Number of SOQL queries: 1 out of 100
  Number of query rows: 1 out of 50000
  Number of SOSL queries: 0 out of 20
  Number of DML statements: 0 out of 150
  Number of Publish Immediate DML: 0 out of 150
  Number of DML rows: 0 out of 10000
  Maximum CPU time: 0 out of 10000
  Maximum heap size: 0 out of 6000000
  Number of callouts: 0 out of 100
  Number of Email Invocations: 0 out of 10
  Number of future calls: 0 out of 50
  Number of queueable jobs added to the queue: 0 out of 50
  Number of Mobile Apex push calls: 0 out of 10

17:55:02.27 (27483667)|CUMULATIVE_LIMIT_USAGE_END

17:55:02.1 (27541902)|CODE_UNIT_FINISHED|CareerHistoryController.getCareerHistory()
17:55:02.1 (27738354)|CODE_UNIT_FINISHED|apex://CareerHistoryController/ACTION$getCareerHistory
17:55:02.1 (27745023)|EXECUTION_FINISHED
