66.0 APEX_CODE,FINEST;APEX_PROFILING,INFO;CALLOUT,INFO;DATA_ACCESS,INFO;DB,INFO;NBA,INFO;SYSTEM,DEBUG;VALIDATION,INFO;VISUALFORCE,INFO;WAVE,INFO;WORKFLOW,INFO
15:35:37.0 (218288)|USER_INFO|[EXTERNAL]|0057F0000042UBb|ishibashi@hurex.co.jp.dev1|(GMT+09:00) 日本標準時 (Asia/Tokyo)|GMT+09:00
15:35:37.0 (263390)|EXECUTION_STARTED
15:35:37.0 (274876)|CODE_UNIT_STARTED|[EXTERNAL]|apex://RegistrationInfoController/ACTION$updateRegistrationInfo
15:35:37.0 (1716786)|HEAP_ALLOCATE|[95]|Bytes:3
15:35:37.0 (1815152)|HEAP_ALLOCATE|[100]|Bytes:152
15:35:37.0 (1831185)|HEAP_ALLOCATE|[417]|Bytes:408
15:35:37.0 (1842021)|HEAP_ALLOCATE|[430]|Bytes:408
15:35:37.0 (1863705)|HEAP_ALLOCATE|[317]|Bytes:6
15:35:37.0 (1917869)|HEAP_ALLOCATE|[EXTERNAL]|Bytes:76
15:35:37.0 (1923986)|VARIABLE_SCOPE_BEGIN|[7]|this|RegistrationInfoController.RegistrationInfoWrapper|true|false
15:35:37.0 (1999988)|VARIABLE_ASSIGNMENT|[7]|this|{}|0x1f93a4c7
15:35:37.0 (2012160)|HEAP_ALLOCATE|[EXTERNAL]|Bytes:6
15:35:37.0 (5798462)|STATEMENT_EXECUTE|[7]
15:35:37.0 (5805922)|STATEMENT_EXECUTE|[8]
15:35:37.0 (5807713)|STATEMENT_EXECUTE|[9]
15:35:37.0 (5809127)|STATEMENT_EXECUTE|[10]
15:35:37.0 (5810845)|STATEMENT_EXECUTE|[11]
15:35:37.0 (5811885)|STATEMENT_EXECUTE|[12]
15:35:37.0 (5812809)|STATEMENT_EXECUTE|[13]
15:35:37.0 (5813782)|STATEMENT_EXECUTE|[14]
15:35:37.0 (5814513)|STATEMENT_EXECUTE|[15]
15:35:37.0 (5815393)|STATEMENT_EXECUTE|[16]
15:35:37.0 (5816115)|STATEMENT_EXECUTE|[17]
15:35:37.0 (5816957)|STATEMENT_EXECUTE|[18]
15:35:37.0 (5819115)|STATEMENT_EXECUTE|[19]
15:35:37.0 (5819945)|STATEMENT_EXECUTE|[20]
15:35:37.0 (5820818)|STATEMENT_EXECUTE|[21]
15:35:37.0 (5821758)|STATEMENT_EXECUTE|[22]
15:35:37.0 (5822622)|STATEMENT_EXECUTE|[23]
15:35:37.0 (5823415)|STATEMENT_EXECUTE|[24]
15:35:37.0 (5824161)|STATEMENT_EXECUTE|[25]
15:35:37.0 (6810464)|CODE_UNIT_STARTED|[EXTERNAL]|01pBK000001mgyr|RegistrationInfoController.updateRegistrationInfo(RegistrationInfoController.RegistrationInfoWrapper)
15:35:37.0 (6993087)|HEAP_ALLOCATE|[EXTERNAL]|Bytes:23
15:35:37.0 (7005290)|HEAP_ALLOCATE|[EXTERNAL]|Bytes:16
15:35:37.0 (7021159)|METHOD_ENTRY|[5]|01pBK000001mgyr|RegistrationInfoController.RegistrationInfoController()
15:35:37.0 (7025403)|STATEMENT_EXECUTE|[5]
15:35:37.0 (7029989)|STATEMENT_EXECUTE|[5]
15:35:37.0 (7054735)|HEAP_ALLOCATE|[68]|Bytes:5
15:35:37.0 (7092457)|HEAP_ALLOCATE|[74]|Bytes:5
15:35:37.0 (7102351)|HEAP_ALLOCATE|[82]|Bytes:7
15:35:37.0 (7138550)|HEAP_ALLOCATE|[EXTERNAL]|Bytes:5
15:35:37.0 (7142393)|STATEMENT_EXECUTE|[7]
15:35:37.0 (7151230)|METHOD_EXIT|[5]|RegistrationInfoController
15:35:37.0 (7156565)|HEAP_ALLOCATE|[EXTERNAL]|Bytes:76
15:35:37.0 (7163134)|VARIABLE_SCOPE_BEGIN|[54]|wrapper|RegistrationInfoController.RegistrationInfoWrapper|true|false
15:35:37.0 (7282280)|VARIABLE_ASSIGNMENT|[54]|wrapper|{}|0x1f93a4c7
15:35:37.0 (7292813)|HEAP_ALLOCATE|[55]|Bytes:5
15:35:37.0 (7296649)|STATEMENT_EXECUTE|[54]
15:35:37.0 (7305200)|STATEMENT_EXECUTE|[55]
15:35:37.0 (7306165)|STATEMENT_EXECUTE|[56]
15:35:37.0 (7335635)|HEAP_ALLOCATE|[56]|Bytes:20
15:35:37.0 (7516445)|FATAL_ERROR|System.AuraHandledException: Script-thrown exception

Class.RegistrationInfoController.updateRegistrationInfo: line 56, column 1
15:35:37.0 (7525690)|FATAL_ERROR|System.AuraHandledException: Script-thrown exception

Class.RegistrationInfoController.updateRegistrationInfo: line 56, column 1
15:35:37.7 (7532805)|CUMULATIVE_LIMIT_USAGE
15:35:37.7 (7532805)|LIMIT_USAGE_FOR_NS|(default)|
  Number of SOQL queries: 0 out of 100
  Number of query rows: 0 out of 50000
  Number of SOSL queries: 0 out of 20
  Number of DML statements: 0 out of 150
  Number of Publish Immediate DML: 0 out of 150
  Number of DML rows: 0 out of 10000
  Maximum CPU time: 0 out of 10000
  Maximum heap size: 0 out of 6000000
  Number of callouts: 0 out of 100
  Number of Email Invocations: 0 out of 10
  Number of future calls: 0 out of 50
  Number of queueable jobs added to the queue: 0 out of 50
  Number of Mobile Apex push calls: 0 out of 10

15:35:37.7 (7532805)|CUMULATIVE_LIMIT_USAGE_END

15:35:37.0 (7564691)|CODE_UNIT_FINISHED|RegistrationInfoController.updateRegistrationInfo(RegistrationInfoController.RegistrationInfoWrapper)
15:35:37.0 (7783590)|CODE_UNIT_FINISHED|apex://RegistrationInfoController/ACTION$updateRegistrationInfo
15:35:37.0 (7790261)|EXECUTION_FINISHED
