66.0 APEX_CODE,FINEST;APEX_PROFILING,INFO;CALLOUT,INFO;DATA_ACCESS,INFO;DB,INFO;NBA,INFO;SYSTEM,DEBUG;VALIDATION,INFO;VISUALFORCE,INFO;WAVE,INFO;WORKFLOW,INFO
18:10:34.0 (193085)|USER_INFO|[EXTERNAL]|0057F0000042UBb|ishibashi@hurex.co.jp.dev1|(GMT+09:00) 日本標準時 (Asia/Tokyo)|GMT+09:00
18:10:34.0 (234317)|EXECUTION_STARTED
18:10:34.0 (245274)|CODE_UNIT_STARTED|[EXTERNAL]|apex://RegistrationInfoController/ACTION$updateRegistrationInfo
18:10:34.0 (4747255)|HEAP_ALLOCATE|[95]|Bytes:3
18:10:34.0 (4849277)|HEAP_ALLOCATE|[100]|Bytes:152
18:10:34.0 (4865564)|HEAP_ALLOCATE|[417]|Bytes:408
18:10:34.0 (4876663)|HEAP_ALLOCATE|[430]|Bytes:408
18:10:34.0 (4897184)|HEAP_ALLOCATE|[317]|Bytes:6
18:10:34.0 (4911160)|HEAP_ALLOCATE|[EXTERNAL]|Bytes:76
18:10:34.0 (4916430)|VARIABLE_SCOPE_BEGIN|[7]|this|RegistrationInfoController.RegistrationInfoWrapper|true|false
18:10:34.0 (4986335)|VARIABLE_ASSIGNMENT|[7]|this|{}|0xaff836e
18:10:34.0 (4997370)|HEAP_ALLOCATE|[EXTERNAL]|Bytes:6
18:10:34.0 (7054128)|STATEMENT_EXECUTE|[7]
18:10:34.0 (7059219)|STATEMENT_EXECUTE|[8]
18:10:34.0 (7060604)|STATEMENT_EXECUTE|[9]
18:10:34.0 (7061702)|STATEMENT_EXECUTE|[10]
18:10:34.0 (7062992)|STATEMENT_EXECUTE|[11]
18:10:34.0 (7063903)|STATEMENT_EXECUTE|[12]
18:10:34.0 (7064687)|STATEMENT_EXECUTE|[13]
18:10:34.0 (7065733)|STATEMENT_EXECUTE|[14]
18:10:34.0 (7066501)|STATEMENT_EXECUTE|[15]
18:10:34.0 (7067388)|STATEMENT_EXECUTE|[16]
18:10:34.0 (7068248)|STATEMENT_EXECUTE|[17]
18:10:34.0 (7069105)|STATEMENT_EXECUTE|[18]
18:10:34.0 (7071330)|STATEMENT_EXECUTE|[19]
18:10:34.0 (7072112)|STATEMENT_EXECUTE|[20]
18:10:34.0 (7073044)|STATEMENT_EXECUTE|[21]
18:10:34.0 (7073897)|STATEMENT_EXECUTE|[22]
18:10:34.0 (7074768)|STATEMENT_EXECUTE|[23]
18:10:34.0 (7075507)|STATEMENT_EXECUTE|[24]
18:10:34.0 (7076264)|STATEMENT_EXECUTE|[25]
18:10:34.0 (7844195)|CODE_UNIT_STARTED|[EXTERNAL]|01pBK000001mgyr|RegistrationInfoController.updateRegistrationInfo(RegistrationInfoController.RegistrationInfoWrapper)
18:10:34.0 (7983004)|HEAP_ALLOCATE|[EXTERNAL]|Bytes:23
18:10:34.0 (7989426)|HEAP_ALLOCATE|[EXTERNAL]|Bytes:36
18:10:34.0 (7992872)|HEAP_ALLOCATE|[EXTERNAL]|Bytes:13
18:10:34.0 (8003297)|METHOD_ENTRY|[5]|01pBK000001mgyr|RegistrationInfoController.RegistrationInfoController()
18:10:34.0 (8008187)|STATEMENT_EXECUTE|[5]
18:10:34.0 (8011457)|STATEMENT_EXECUTE|[5]
18:10:34.0 (8031751)|HEAP_ALLOCATE|[68]|Bytes:5
18:10:34.0 (8057750)|HEAP_ALLOCATE|[74]|Bytes:5
18:10:34.0 (8063806)|HEAP_ALLOCATE|[82]|Bytes:7
18:10:34.0 (8087616)|HEAP_ALLOCATE|[EXTERNAL]|Bytes:5
18:10:34.0 (8090196)|STATEMENT_EXECUTE|[7]
18:10:34.0 (8097236)|METHOD_EXIT|[5]|RegistrationInfoController
18:10:34.0 (8101032)|HEAP_ALLOCATE|[EXTERNAL]|Bytes:76
18:10:34.0 (8105091)|VARIABLE_SCOPE_BEGIN|[54]|wrapper|RegistrationInfoController.RegistrationInfoWrapper|true|false
18:10:34.0 (8168062)|VARIABLE_ASSIGNMENT|[54]|wrapper|{}|0xaff836e
18:10:34.0 (8183150)|HEAP_ALLOCATE|[55]|Bytes:5
18:10:34.0 (8187315)|STATEMENT_EXECUTE|[54]
18:10:34.0 (8188722)|STATEMENT_EXECUTE|[55]
18:10:34.0 (8191738)|HEAP_ALLOCATE|[55]|Bytes:24
18:10:34.0 (8259946)|USER_DEBUG|[55]|DEBUG|=== wrapper 接收到的完整内容 ===
18:10:34.0 (8273581)|STATEMENT_EXECUTE|[56]
18:10:34.0 (8325757)|HEAP_ALLOCATE|[56]|Bytes:24
18:10:34.0 (8333653)|SYSTEM_METHOD_ENTRY|[1]|JSON.JSON()
18:10:34.0 (8335491)|STATEMENT_EXECUTE|[1]
18:10:34.0 (8342218)|SYSTEM_METHOD_EXIT|[1]|JSON
18:10:34.0 (8352307)|METHOD_ENTRY|[56]||System.JSON.serialize(Object)
18:10:34.0 (8470027)|METHOD_EXIT|[56]||System.JSON.serialize(Object)
18:10:34.0 (8475675)|USER_DEBUG|[56]|DEBUG|{"school":null,"remarks":null,"recordId":null,"prefecture":null,"postalCode":null,"phone":null,"managementExperience":null,"license":null,"lastName":null,"kanaSei":null,"kanaMei":null,"gender":null,"firstName":null,"employmentStatus":null,"education":null,"companyCount":null,"birthdate":null,"address":null}
18:10:34.0 (8527586)|STATEMENT_EXECUTE|[57]
18:10:34.0 (8528613)|STATEMENT_EXECUTE|[58]
18:10:34.0 (8549167)|HEAP_ALLOCATE|[58]|Bytes:20
18:10:34.0 (8722109)|FATAL_ERROR|System.AuraHandledException: Script-thrown exception

Class.RegistrationInfoController.updateRegistrationInfo: line 58, column 1
18:10:34.0 (8736693)|FATAL_ERROR|System.AuraHandledException: Script-thrown exception

Class.RegistrationInfoController.updateRegistrationInfo: line 58, column 1
18:10:34.8 (8746581)|CUMULATIVE_LIMIT_USAGE
18:10:34.8 (8746581)|LIMIT_USAGE_FOR_NS|(default)|
  Number of SOQL queries: 0 out of 100
  Number of query rows: 0 out of 50000
  Number of SOSL queries: 0 out of 20
  Number of DML statements: 0 out of 150
  Number of Publish Immediate DML: 0 out of 150
  Number of DML rows: 0 out of 10000
  Maximum CPU time: 0 out of 10000
  Maximum heap size: 0 out of 6000000
  Number of callouts: 0 out of 100
  Number of Email Invocations: 0 out of 10
  Number of future calls: 0 out of 50
  Number of queueable jobs added to the queue: 0 out of 50
  Number of Mobile Apex push calls: 0 out of 10

18:10:34.8 (8746581)|CUMULATIVE_LIMIT_USAGE_END

18:10:34.0 (8776680)|CODE_UNIT_FINISHED|RegistrationInfoController.updateRegistrationInfo(RegistrationInfoController.RegistrationInfoWrapper)
18:10:34.0 (8996894)|CODE_UNIT_FINISHED|apex://RegistrationInfoController/ACTION$updateRegistrationInfo
18:10:34.0 (9002054)|EXECUTION_FINISHED
