66.0 APEX_CODE,FINEST;APEX_PROFILING,INFO;CALLOUT,INFO;DATA_ACCESS,INFO;DB,INFO;NBA,INFO;SYSTEM,DEBUG;VALIDATION,INFO;VISUALFORCE,INFO;WAVE,INFO;WORKFLOW,INFO
15:35:37.0 (271207)|USER_INFO|[EXTERNAL]|0057F0000042UBb|ishibashi@hurex.co.jp.dev1|(GMT+09:00) 日本標準時 (Asia/Tokyo)|GMT+09:00
15:35:37.0 (321123)|EXECUTION_STARTED
15:35:37.0 (331248)|CODE_UNIT_STARTED|[EXTERNAL]|apex://RegistrationInfoController/ACTION$updateRegistrationInfo
15:35:37.0 (3481518)|HEAP_ALLOCATE|[95]|Bytes:3
15:35:37.0 (3591942)|HEAP_ALLOCATE|[100]|Bytes:152
15:35:37.0 (3608407)|HEAP_ALLOCATE|[417]|Bytes:408
15:35:37.0 (3619920)|HEAP_ALLOCATE|[430]|Bytes:408
15:35:37.0 (3653424)|HEAP_ALLOCATE|[317]|Bytes:6
15:35:37.0 (3721084)|HEAP_ALLOCATE|[EXTERNAL]|Bytes:76
15:35:37.0 (3731729)|VARIABLE_SCOPE_BEGIN|[7]|this|RegistrationInfoController.RegistrationInfoWrapper|true|false
15:35:37.0 (3868337)|VARIABLE_ASSIGNMENT|[7]|this|{}|0x1872ed7a
15:35:37.0 (3888427)|HEAP_ALLOCATE|[EXTERNAL]|Bytes:6
15:35:37.0 (9054063)|STATEMENT_EXECUTE|[7]
15:35:37.0 (9061668)|STATEMENT_EXECUTE|[8]
15:35:37.0 (9063888)|STATEMENT_EXECUTE|[9]
15:35:37.0 (9065218)|STATEMENT_EXECUTE|[10]
15:35:37.0 (9066910)|STATEMENT_EXECUTE|[11]
15:35:37.0 (9068441)|STATEMENT_EXECUTE|[12]
15:35:37.0 (9069783)|STATEMENT_EXECUTE|[13]
15:35:37.0 (9071363)|STATEMENT_EXECUTE|[14]
15:35:37.0 (9072828)|STATEMENT_EXECUTE|[15]
15:35:37.0 (9074289)|STATEMENT_EXECUTE|[16]
15:35:37.0 (9075504)|STATEMENT_EXECUTE|[17]
15:35:37.0 (9076818)|STATEMENT_EXECUTE|[18]
15:35:37.0 (9078596)|STATEMENT_EXECUTE|[19]
15:35:37.0 (9080003)|STATEMENT_EXECUTE|[20]
15:35:37.0 (9081255)|STATEMENT_EXECUTE|[21]
15:35:37.0 (9082535)|STATEMENT_EXECUTE|[22]
15:35:37.0 (9083468)|STATEMENT_EXECUTE|[23]
15:35:37.0 (9084823)|STATEMENT_EXECUTE|[24]
15:35:37.0 (9086009)|STATEMENT_EXECUTE|[25]
15:35:37.0 (11786499)|CODE_UNIT_STARTED|[EXTERNAL]|01pBK000001mgyr|RegistrationInfoController.updateRegistrationInfo(RegistrationInfoController.RegistrationInfoWrapper)
15:35:37.0 (12005118)|HEAP_ALLOCATE|[EXTERNAL]|Bytes:23
15:35:37.0 (12017915)|HEAP_ALLOCATE|[EXTERNAL]|Bytes:16
15:35:37.0 (12043843)|METHOD_ENTRY|[5]|01pBK000001mgyr|RegistrationInfoController.RegistrationInfoController()
15:35:37.0 (12048307)|STATEMENT_EXECUTE|[5]
15:35:37.0 (12053653)|STATEMENT_EXECUTE|[5]
15:35:37.0 (12079815)|HEAP_ALLOCATE|[68]|Bytes:5
15:35:37.0 (12115555)|HEAP_ALLOCATE|[74]|Bytes:5
15:35:37.0 (12122599)|HEAP_ALLOCATE|[82]|Bytes:7
15:35:37.0 (12150029)|HEAP_ALLOCATE|[EXTERNAL]|Bytes:5
15:35:37.0 (12152636)|STATEMENT_EXECUTE|[7]
15:35:37.0 (12159684)|METHOD_EXIT|[5]|RegistrationInfoController
15:35:37.0 (12164801)|HEAP_ALLOCATE|[EXTERNAL]|Bytes:76
15:35:37.0 (12169840)|VARIABLE_SCOPE_BEGIN|[54]|wrapper|RegistrationInfoController.RegistrationInfoWrapper|true|false
15:35:37.0 (12220586)|VARIABLE_ASSIGNMENT|[54]|wrapper|{}|0x1872ed7a
15:35:37.0 (12231226)|HEAP_ALLOCATE|[55]|Bytes:5
15:35:37.0 (12233953)|STATEMENT_EXECUTE|[54]
15:35:37.0 (12242099)|STATEMENT_EXECUTE|[55]
15:35:37.0 (12243124)|STATEMENT_EXECUTE|[56]
15:35:37.0 (12270805)|HEAP_ALLOCATE|[56]|Bytes:20
15:35:37.0 (12474566)|FATAL_ERROR|System.AuraHandledException: Script-thrown exception

Class.RegistrationInfoController.updateRegistrationInfo: line 56, column 1
15:35:37.0 (12483436)|FATAL_ERROR|System.AuraHandledException: Script-thrown exception

Class.RegistrationInfoController.updateRegistrationInfo: line 56, column 1
15:35:37.12 (12490432)|CUMULATIVE_LIMIT_USAGE
15:35:37.12 (12490432)|LIMIT_USAGE_FOR_NS|(default)|
  Number of SOQL queries: 0 out of 100
  Number of query rows: 0 out of 50000
  Number of SOSL queries: 0 out of 20
  Number of DML statements: 0 out of 150
  Number of Publish Immediate DML: 0 out of 150
  Number of DML rows: 0 out of 10000
  Maximum CPU time: 0 out of 10000
  Maximum heap size: 0 out of 6000000
  Number of callouts: 0 out of 100
  Number of Email Invocations: 0 out of 10
  Number of future calls: 0 out of 50
  Number of queueable jobs added to the queue: 0 out of 50
  Number of Mobile Apex push calls: 0 out of 10

15:35:37.12 (12490432)|CUMULATIVE_LIMIT_USAGE_END

15:35:37.0 (12515231)|CODE_UNIT_FINISHED|RegistrationInfoController.updateRegistrationInfo(RegistrationInfoController.RegistrationInfoWrapper)
15:35:37.0 (12742975)|CODE_UNIT_FINISHED|apex://RegistrationInfoController/ACTION$updateRegistrationInfo
15:35:37.0 (12748563)|EXECUTION_FINISHED
