66.0 APEX_CODE,FINEST;APEX_PROFILING,INFO;CALLOUT,INFO;DATA_ACCESS,INFO;DB,INFO;NBA,INFO;SYSTEM,DEBUG;VALIDATION,INFO;VISUALFORCE,INFO;WAVE,INFO;WORKFLOW,INFO
12:27:17.0 (238133)|USER_INFO|[EXTERNAL]|0057F0000042UBb|ishibashi@hurex.co.jp.dev1|(GMT+09:00) 日本標準時 (Asia/Tokyo)|GMT+09:00
12:27:17.0 (312813)|EXECUTION_STARTED
12:27:17.0 (340448)|CODE_UNIT_STARTED|[EXTERNAL]|apex://RecentJobViewedController/ACTION$getRecentViewedJobs
12:27:17.0 (1187320)|CODE_UNIT_STARTED|[EXTERNAL]|01pBK000001RE9Z|RecentJobViewedController.getRecentViewedJobs()
12:27:17.0 (1410281)|VARIABLE_SCOPE_BEGIN|[4]|RecentJobViewedController.testForceException|Boolean|false|true
12:27:17.0 (1657035)|HEAP_ALLOCATE|[95]|Bytes:3
12:27:17.0 (1707088)|HEAP_ALLOCATE|[100]|Bytes:152
12:27:17.0 (1721876)|HEAP_ALLOCATE|[417]|Bytes:408
12:27:17.0 (1732723)|HEAP_ALLOCATE|[430]|Bytes:408
12:27:17.0 (1752430)|HEAP_ALLOCATE|[317]|Bytes:6
12:27:17.0 (1762870)|HEAP_ALLOCATE|[EXTERNAL]|Bytes:1
12:27:17.0 (1775040)|METHOD_ENTRY|[1]|01pBK000001RE9Z|RecentJobViewedController.RecentJobViewedController()
12:27:17.0 (1785365)|STATEMENT_EXECUTE|[1]
12:27:17.0 (1789305)|STATEMENT_EXECUTE|[1]
12:27:17.0 (1805545)|HEAP_ALLOCATE|[68]|Bytes:5
12:27:17.0 (1836348)|HEAP_ALLOCATE|[74]|Bytes:5
12:27:17.0 (1840966)|HEAP_ALLOCATE|[82]|Bytes:7
12:27:17.0 (2132505)|HEAP_ALLOCATE|[4]|Bytes:5
12:27:17.0 (2140555)|STATEMENT_EXECUTE|[4]
12:27:17.0 (2146693)|HEAP_ALLOCATE|[4]|Bytes:5
12:27:17.0 (2215481)|VARIABLE_ASSIGNMENT|[4]|RecentJobViewedController.testForceException|false
12:27:17.0 (2228784)|METHOD_EXIT|[1]|RecentJobViewedController
12:27:17.0 (2241287)|HEAP_ALLOCATE|[8]|Bytes:5
12:27:17.0 (2243860)|STATEMENT_EXECUTE|[7]
12:27:17.0 (2244908)|STATEMENT_EXECUTE|[8]
12:27:17.0 (2245703)|STATEMENT_EXECUTE|[8]
12:27:17.0 (2278076)|HEAP_ALLOCATE|[9]|Bytes:118
12:27:17.0 (2284288)|SYSTEM_METHOD_ENTRY|[1]|Test.Test()
12:27:17.0 (2286445)|STATEMENT_EXECUTE|[1]
12:27:17.0 (2291355)|SYSTEM_METHOD_EXIT|[1]|Test
12:27:17.0 (2304563)|METHOD_ENTRY|[9]||System.Test.isRunningTest()
12:27:17.0 (2339248)|METHOD_EXIT|[9]||System.Test.isRunningTest()
12:27:17.0 (2344910)|STATEMENT_EXECUTE|[9]
12:27:17.0 (2346019)|STATEMENT_EXECUTE|[13]
12:27:17.0 (2347961)|HEAP_ALLOCATE|[13]|Bytes:137
12:27:17.0 (2364169)|HEAP_ALLOCATE|[13]|Bytes:4
12:27:17.0 (4446877)|SOQL_EXECUTE_BEGIN|[13]|Aggregations:0|SELECT Id, Name, JobPosition__c, LastViewedDate FROM Job__c WHERE LastViewedDate != NULL ORDER BY LastViewedDate DESC NULLS FIRST LIMIT 4
12:27:17.0 (12466271)|SOQL_EXECUTE_END|[13]|Rows:4
12:27:17.0 (12504996)|HEAP_ALLOCATE|[13]|Bytes:20
12:27:17.0 (12534955)|HEAP_ALLOCATE|[13]|Bytes:884
12:27:17.0 (12590619)|HEAP_ALLOCATE|[13]|Bytes:20
12:27:17.12 (12691259)|CUMULATIVE_LIMIT_USAGE
12:27:17.12 (12691259)|LIMIT_USAGE_FOR_NS|(default)|
  Number of SOQL queries: 1 out of 100
  Number of query rows: 4 out of 50000
  Number of SOSL queries: 0 out of 20
  Number of DML statements: 0 out of 0
  Number of Publish Immediate DML: 0 out of 150
  Number of DML rows: 0 out of 10000
  Maximum CPU time: 0 out of 10000
  Maximum heap size: 0 out of 6000000
  Number of callouts: 0 out of 100
  Number of Email Invocations: 0 out of 10
  Number of future calls: 0 out of 50
  Number of queueable jobs added to the queue: 0 out of 50
  Number of Mobile Apex push calls: 0 out of 10

12:27:17.12 (12691259)|CUMULATIVE_LIMIT_USAGE_END

12:27:17.0 (12742996)|CODE_UNIT_FINISHED|RecentJobViewedController.getRecentViewedJobs()
12:27:17.0 (12902678)|CODE_UNIT_FINISHED|apex://RecentJobViewedController/ACTION$getRecentViewedJobs
12:27:17.0 (12908227)|EXECUTION_FINISHED
