66.0 APEX_CODE,FINEST;APEX_PROFILING,INFO;CALLOUT,INFO;DATA_ACCESS,INFO;DB,INFO;NBA,INFO;SYSTEM,DEBUG;VALIDATION,INFO;VISUALFORCE,INFO;WAVE,INFO;WORKFLOW,INFO
15:55:22.1 (1600299)|USER_INFO|[EXTERNAL]|0057F0000042UBb|ishibashi@hurex.co.jp.dev1|(GMT+09:00) 日本標準時 (Asia/Tokyo)|GMT+09:00
15:55:22.1 (1634746)|EXECUTION_STARTED
15:55:22.1 (1646393)|CODE_UNIT_STARTED|[EXTERNAL]|apex://CustomNotificationController/ACTION$getNotifications
15:55:22.1 (3641882)|CODE_UNIT_STARTED|[EXTERNAL]|01pBK000001VvEL|CustomNotificationController.getNotifications(String)
15:55:22.1 (6490847)|HEAP_ALLOCATE|[95]|Bytes:3
15:55:22.1 (6610016)|HEAP_ALLOCATE|[100]|Bytes:152
15:55:22.1 (6630631)|HEAP_ALLOCATE|[417]|Bytes:408
15:55:22.1 (6648914)|HEAP_ALLOCATE|[430]|Bytes:408
15:55:22.1 (6680360)|HEAP_ALLOCATE|[317]|Bytes:6
15:55:22.1 (6750674)|HEAP_ALLOCATE|[EXTERNAL]|Bytes:7
15:55:22.1 (6767062)|METHOD_ENTRY|[1]|01pBK000001VvEL|CustomNotificationController.CustomNotificationController()
15:55:22.1 (6773469)|STATEMENT_EXECUTE|[1]
15:55:22.1 (6780104)|STATEMENT_EXECUTE|[1]
15:55:22.1 (6804541)|HEAP_ALLOCATE|[68]|Bytes:5
15:55:22.1 (6835308)|HEAP_ALLOCATE|[74]|Bytes:5
15:55:22.1 (6843016)|HEAP_ALLOCATE|[82]|Bytes:7
15:55:22.1 (7051847)|HEAP_ALLOCATE|[EXTERNAL]|Bytes:5
15:55:22.1 (7066911)|METHOD_EXIT|[1]|CustomNotificationController
15:55:22.1 (7076338)|VARIABLE_SCOPE_BEGIN|[5]|before|String|false|false
15:55:22.1 (7117800)|VARIABLE_ASSIGNMENT|[5]|before|null
15:55:22.1 (7132555)|HEAP_ALLOCATE|[6]|Bytes:5
15:55:22.1 (7136733)|STATEMENT_EXECUTE|[5]
15:55:22.1 (7138230)|STATEMENT_EXECUTE|[6]
15:55:22.1 (7167103)|VARIABLE_SCOPE_BEGIN|[6]|req|System.HttpRequest|true|false
15:55:22.1 (7422999)|VARIABLE_ASSIGNMENT|[6]|req|"System.HttpRequest[Endpoint=null, Method=null]"|0x3e58a5e6
15:55:22.1 (7431949)|STATEMENT_EXECUTE|[7]
15:55:22.1 (7435549)|HEAP_ALLOCATE|[7]|Bytes:3
15:55:22.1 (7519694)|STATEMENT_EXECUTE|[8]
15:55:22.1 (7521811)|HEAP_ALLOCATE|[8]|Bytes:13
15:55:22.1 (7526051)|HEAP_ALLOCATE|[8]|Bytes:7
15:55:22.1 (7579159)|HEAP_ALLOCATE|[8]|Bytes:105
15:55:22.1 (7590833)|SYSTEM_METHOD_ENTRY|[1]|UserInfo.UserInfo()
15:55:22.1 (7594452)|STATEMENT_EXECUTE|[1]
15:55:22.1 (7601919)|SYSTEM_METHOD_EXIT|[1]|UserInfo
15:55:22.1 (7614661)|METHOD_ENTRY|[8]||System.UserInfo.getSessionId()
15:55:22.1 (13262495)|METHOD_EXIT|[8]||System.UserInfo.getSessionId()
15:55:22.1 (13304557)|HEAP_ALLOCATE|[8]|Bytes:119
15:55:22.1 (13370507)|STATEMENT_EXECUTE|[10]
15:55:22.1 (13443302)|HEAP_ALLOCATE|[10]|Bytes:67
15:55:22.1 (13461200)|SYSTEM_METHOD_ENTRY|[1]|Url.Url()
15:55:22.1 (13464150)|STATEMENT_EXECUTE|[1]
15:55:22.1 (13474184)|SYSTEM_METHOD_EXIT|[1]|Url
15:55:22.1 (13485369)|METHOD_ENTRY|[10]||System.Url.getOrgDomainUrl()
15:55:22.1 (13753718)|METHOD_EXIT|[10]||System.Url.getOrgDomainUrl()
15:55:22.1 (13770547)|METHOD_ENTRY|[10]||System.Url.toExternalForm()
15:55:22.1 (13812030)|METHOD_EXIT|[10]||System.Url.toExternalForm()
15:55:22.1 (13817219)|VARIABLE_SCOPE_BEGIN|[10]|domainPath|String|false|false
15:55:22.1 (13842449)|VARIABLE_ASSIGNMENT|[10]|domainPath|"https://hurex--dev1. (25 more) ..."
15:55:22.1 (13847879)|STATEMENT_EXECUTE|[11]
15:55:22.1 (13850929)|HEAP_ALLOCATE|[11]|Bytes:50
15:55:22.1 (13859003)|HEAP_ALLOCATE|[11]|Bytes:95
15:55:22.1 (13863348)|VARIABLE_SCOPE_BEGIN|[11]|endpoint|String|false|false
15:55:22.1 (13871758)|VARIABLE_ASSIGNMENT|[11]|endpoint|"https://hurex--dev1. (75 more) ..."
15:55:22.1 (13931995)|STATEMENT_EXECUTE|[13]
15:55:22.1 (13933733)|STATEMENT_EXECUTE|[16]
15:55:22.1 (13965690)|STATEMENT_EXECUTE|[18]
15:55:22.1 (14001234)|VARIABLE_SCOPE_BEGIN|[18]|http|System.Http|true|false
15:55:22.1 (14139619)|VARIABLE_ASSIGNMENT|[18]|http|"System.Http[]"|0x37e502fc
15:55:22.1 (14147255)|STATEMENT_EXECUTE|[19]
15:55:22.1 (14247202)|CALLOUT_REQUEST|[19]|System.HttpRequest[Endpoint=https://hurex--dev1.sandbox.my.salesforce.com/services/data/v56.0/connect/notifications?size=20, Method=GET]
15:55:22.1 (99860582)|HEAP_ALLOCATE|[EXTERNAL]|Bytes:15126
15:55:22.1 (102013872)|CALLOUT_RESPONSE|[19]|System.HttpResponse[Status=OK, StatusCode=200]
15:55:22.1 (102045298)|HEAP_ALLOCATE|[19]|Bytes:14281
15:55:22.1 (102079780)|VARIABLE_SCOPE_BEGIN|[19]|res|System.HttpResponse|true|false
15:55:22.1 (102147249)|VARIABLE_ASSIGNMENT|[19]|res|"System.HttpResponse[Status=OK, StatusCode=200]"|0x1d905bea
15:55:22.1 (102212057)|STATEMENT_EXECUTE|[21]
15:55:22.1 (102214695)|STATEMENT_EXECUTE|[22]
15:55:22.1 (102776588)|HEAP_ALLOCATE|[22]|Bytes:13995
15:55:22.102 (102813806)|CUMULATIVE_LIMIT_USAGE
15:55:22.102 (102813806)|LIMIT_USAGE_FOR_NS|(default)|
  Number of SOQL queries: 0 out of 100
  Number of query rows: 0 out of 50000
  Number of SOSL queries: 0 out of 20
  Number of DML statements: 0 out of 150
  Number of Publish Immediate DML: 0 out of 150
  Number of DML rows: 0 out of 10000
  Maximum CPU time: 0 out of 10000
  Maximum heap size: 0 out of 6000000
  Number of callouts: 1 out of 100
  Number of Email Invocations: 0 out of 10
  Number of future calls: 0 out of 50
  Number of queueable jobs added to the queue: 0 out of 50
  Number of Mobile Apex push calls: 0 out of 10

15:55:22.102 (102813806)|CUMULATIVE_LIMIT_USAGE_END

15:55:22.1 (102844050)|CODE_UNIT_FINISHED|CustomNotificationController.getNotifications(String)
15:55:22.1 (102994988)|CODE_UNIT_FINISHED|apex://CustomNotificationController/ACTION$getNotifications
15:55:22.1 (102999261)|EXECUTION_FINISHED
