66.0 APEX_CODE,FINEST;APEX_PROFILING,INFO;CALLOUT,INFO;DATA_ACCESS,INFO;DB,INFO;NBA,INFO;SYSTEM,DEBUG;VALIDATION,INFO;VISUALFORCE,INFO;WAVE,INFO;WORKFLOW,INFO
17:34:24.0 (353329)|USER_INFO|[EXTERNAL]|0057F0000042UBb|ishibashi@hurex.co.jp.dev1|(GMT+09:00) 日本標準時 (Asia/Tokyo)|GMT+09:00
17:34:24.0 (426308)|EXECUTION_STARTED
17:34:24.0 (450455)|CODE_UNIT_STARTED|[EXTERNAL]|apex://JobCardsController/ACTION$getJobs
17:34:24.0 (2221885)|CODE_UNIT_STARTED|[EXTERNAL]|01pBK000001RGBP|JobCardsController.getJobs()
17:34:24.0 (2635513)|HEAP_ALLOCATE|[95]|Bytes:3
17:34:24.0 (2739751)|HEAP_ALLOCATE|[100]|Bytes:152
17:34:24.0 (2757724)|HEAP_ALLOCATE|[417]|Bytes:408
17:34:24.0 (2773769)|HEAP_ALLOCATE|[430]|Bytes:408
17:34:24.0 (2793910)|HEAP_ALLOCATE|[317]|Bytes:6
17:34:24.0 (2804296)|HEAP_ALLOCATE|[EXTERNAL]|Bytes:10
17:34:24.0 (2807400)|HEAP_ALLOCATE|[EXTERNAL]|Bytes:5
17:34:24.0 (2809366)|HEAP_ALLOCATE|[EXTERNAL]|Bytes:3
17:34:24.0 (2831797)|METHOD_ENTRY|[6]|01pBK000001RGBP|JobCardsController.JobCardsController()
17:34:24.0 (2845202)|STATEMENT_EXECUTE|[6]
17:34:24.0 (2850091)|STATEMENT_EXECUTE|[6]
17:34:24.0 (2869637)|HEAP_ALLOCATE|[68]|Bytes:5
17:34:24.0 (2899364)|HEAP_ALLOCATE|[74]|Bytes:5
17:34:24.0 (2905730)|HEAP_ALLOCATE|[82]|Bytes:7
17:34:24.0 (3087505)|HEAP_ALLOCATE|[EXTERNAL]|Bytes:5
17:34:24.0 (3097625)|STATEMENT_EXECUTE|[12]
17:34:24.0 (3114035)|METHOD_EXIT|[6]|JobCardsController
17:34:24.0 (3127301)|HEAP_ALLOCATE|[35]|Bytes:5
17:34:24.0 (3129962)|STATEMENT_EXECUTE|[33]
17:34:24.0 (3130901)|STATEMENT_EXECUTE|[35]
17:34:24.0 (3150103)|HEAP_ALLOCATE|[35]|Bytes:4
17:34:24.0 (3262399)|VARIABLE_SCOPE_BEGIN|[35]|favoriteJobIds|Set<Id>|true|false
17:34:24.0 (3356125)|VARIABLE_ASSIGNMENT|[35]|favoriteJobIds|[]|0x773f2a44
17:34:24.0 (3364305)|HEAP_ALLOCATE|[36]|Bytes:91
17:34:24.0 (3384736)|HEAP_ALLOCATE|[36]|Bytes:4
17:34:24.0 (3395810)|HEAP_ALLOCATE|[36]|Bytes:7
17:34:24.0 (3440367)|HEAP_ALLOCATE|[38]|Bytes:105
17:34:24.0 (3451090)|SYSTEM_METHOD_ENTRY|[1]|UserInfo.UserInfo()
17:34:24.0 (3454880)|STATEMENT_EXECUTE|[1]
17:34:24.0 (3462904)|SYSTEM_METHOD_EXIT|[1]|UserInfo
17:34:24.0 (3479819)|METHOD_ENTRY|[38]||System.UserInfo.getUserId()
17:34:24.0 (8077573)|METHOD_EXIT|[38]||System.UserInfo.getUserId()
17:34:24.0 (9692376)|SOQL_EXECUTE_BEGIN|[36]|Aggregations:0|SELECT Job__c FROM InterestedJob__c WHERE (CreatedById = :tmpVar1 AND IsArchive__c = FALSE)
17:34:24.0 (20739018)|SOQL_EXECUTE_END|[36]|Rows:4
17:34:24.0 (20788536)|HEAP_ALLOCATE|[EXTERNAL]|Bytes:20
17:34:24.0 (21049576)|HEAP_ALLOCATE|[36]|Bytes:54
17:34:24.0 (21058474)|HEAP_ALLOCATE|[36]|Bytes:8
17:34:24.0 (21073896)|SYSTEM_METHOD_ENTRY|[7]|QueryLocatorIterator.QueryLocatorIterator()
17:34:24.0 (21077473)|STATEMENT_EXECUTE|[7]
17:34:24.0 (21088297)|SYSTEM_METHOD_EXIT|[7]|QueryLocatorIterator
17:34:24.0 (21097099)|HEAP_ALLOCATE|[36]|Bytes:28
17:34:24.0 (21189555)|HEAP_ALLOCATE|[36]|Bytes:20
17:34:24.0 (21198775)|HEAP_ALLOCATE|[36]|Bytes:8
17:34:24.0 (21200626)|HEAP_ALLOCATE|[36]|Bytes:8
17:34:24.0 (21207310)|VARIABLE_SCOPE_BEGIN|[15]|this|Database.QueryLocatorIterator|true|false
17:34:24.0 (21263542)|VARIABLE_ASSIGNMENT|[15]|this|{}|0x541569cf
17:34:24.0 (21267833)|VARIABLE_SCOPE_BEGIN|[15]|values|List<SObject>|true|false
17:34:24.0 (21401414)|VARIABLE_ASSIGNMENT|[15]|values|[{"Job__c":"a0KBK00000Gexcs2AB","Id":"a0OBK000004najC2AQ"},{"Job__c":"a0KBK00000Gexdg2AB","Id":"a0OBK000004nbNV2AY"},{"Job__c":"a0KBK00000Gexcu2AB","Id":"a0OBK000004v8wE2AQ"},{"Job__c":"a0KBK00000GezgQ2AR","Id":"a0OBK0000050riz2AA"}]|0x6d0292f
17:34:24.0 (21407427)|VARIABLE_SCOPE_BEGIN|[15]|ql|Database.QueryLocator|true|false
17:34:24.0 (21429464)|VARIABLE_ASSIGNMENT|[15]|ql|{"query":"SELECT Job__c FROM I (71 more) ..."}|0x238af401
17:34:24.0 (21432924)|VARIABLE_SCOPE_BEGIN|[15]|totalNumRecords|Integer|false|false
17:34:24.0 (21439277)|VARIABLE_ASSIGNMENT|[15]|totalNumRecords|4
17:34:24.0 (21442311)|VARIABLE_SCOPE_BEGIN|[15]|queryMoreSize|Integer|false|false
17:34:24.0 (21446100)|VARIABLE_ASSIGNMENT|[15]|queryMoreSize|49996
17:34:24.0 (21527356)|HEAP_ALLOCATE|[36]|Bytes:28
17:34:24.0 (21550988)|METHOD_ENTRY|[36]||Database.QueryLocatorIterator.hasNext()
17:34:24.0 (21642886)|METHOD_EXIT|[36]||Database.QueryLocatorIterator.hasNext()
17:34:24.0 (21647895)|METHOD_ENTRY|[36]||Database.QueryLocatorIterator.next()
17:34:24.0 (21700838)|METHOD_EXIT|[36]||Database.QueryLocatorIterator.next()
17:34:24.0 (21705548)|VARIABLE_SCOPE_BEGIN|[36]|fav|InterestedJob__c|true|false
17:34:24.0 (21729743)|VARIABLE_ASSIGNMENT|[36]|fav|{"Job__c":"a0KBK00000Gexcs2AB","Id":"a0OBK000004najC2AQ"}|0x2a0c6c5e
17:34:24.0 (21734083)|STATEMENT_EXECUTE|[39]
17:34:24.0 (21735688)|STATEMENT_EXECUTE|[40]
17:34:24.0 (21802724)|HEAP_ALLOCATE|[EXTERNAL]|Bytes:4
17:34:24.0 (21813625)|METHOD_ENTRY|[36]||Database.QueryLocatorIterator.hasNext()
17:34:24.0 (21827769)|METHOD_EXIT|[36]||Database.QueryLocatorIterator.hasNext()
17:34:24.0 (21831838)|METHOD_ENTRY|[36]||Database.QueryLocatorIterator.next()
17:34:24.0 (21866107)|METHOD_EXIT|[36]||Database.QueryLocatorIterator.next()
17:34:24.0 (21870147)|VARIABLE_SCOPE_BEGIN|[36]|fav|InterestedJob__c|true|false
17:34:24.0 (21899305)|VARIABLE_ASSIGNMENT|[36]|fav|{"Job__c":"a0KBK00000Gexdg2AB","Id":"a0OBK000004nbNV2AY"}|0x2d12b161
17:34:24.0 (21904373)|STATEMENT_EXECUTE|[39]
17:34:24.0 (21905589)|STATEMENT_EXECUTE|[40]
17:34:24.0 (21916679)|HEAP_ALLOCATE|[EXTERNAL]|Bytes:4
17:34:24.0 (21923063)|METHOD_ENTRY|[36]||Database.QueryLocatorIterator.hasNext()
17:34:24.0 (21931828)|METHOD_EXIT|[36]||Database.QueryLocatorIterator.hasNext()
17:34:24.0 (21934007)|METHOD_ENTRY|[36]||Database.QueryLocatorIterator.next()
17:34:24.0 (21953228)|METHOD_EXIT|[36]||Database.QueryLocatorIterator.next()
17:34:24.0 (21955552)|VARIABLE_SCOPE_BEGIN|[36]|fav|InterestedJob__c|true|false
17:34:24.0 (21969763)|VARIABLE_ASSIGNMENT|[36]|fav|{"Job__c":"a0KBK00000Gexcu2AB","Id":"a0OBK000004v8wE2AQ"}|0x59cc623e
17:34:24.0 (21972547)|STATEMENT_EXECUTE|[39]
17:34:24.0 (21973399)|STATEMENT_EXECUTE|[40]
17:34:24.0 (21977118)|HEAP_ALLOCATE|[EXTERNAL]|Bytes:4
17:34:24.0 (21981003)|METHOD_ENTRY|[36]||Database.QueryLocatorIterator.hasNext()
17:34:24.0 (21989007)|METHOD_EXIT|[36]||Database.QueryLocatorIterator.hasNext()
17:34:24.0 (21991576)|METHOD_ENTRY|[36]||Database.QueryLocatorIterator.next()
17:34:24.0 (22010131)|METHOD_EXIT|[36]||Database.QueryLocatorIterator.next()
17:34:24.0 (22013307)|VARIABLE_SCOPE_BEGIN|[36]|fav|InterestedJob__c|true|false
17:34:24.0 (22024915)|VARIABLE_ASSIGNMENT|[36]|fav|{"Job__c":"a0KBK00000GezgQ2AR","Id":"a0OBK0000050riz2AA"}|0x4d1134b6
17:34:24.0 (22027701)|STATEMENT_EXECUTE|[39]
17:34:24.0 (22028549)|STATEMENT_EXECUTE|[40]
17:34:24.0 (22031974)|HEAP_ALLOCATE|[EXTERNAL]|Bytes:4
17:34:24.0 (22036088)|METHOD_ENTRY|[36]||Database.QueryLocatorIterator.hasNext()
17:34:24.0 (22042091)|METHOD_EXIT|[36]||Database.QueryLocatorIterator.hasNext()
17:34:24.0 (22046708)|VARIABLE_ASSIGNMENT|[36]|fav|null|
17:34:24.0 (22068892)|STATEMENT_EXECUTE|[44]
17:34:24.0 (22072050)|HEAP_ALLOCATE|[44]|Bytes:217
17:34:24.0 (22091986)|HEAP_ALLOCATE|[44]|Bytes:4
17:34:24.0 (25783614)|SOQL_EXECUTE_BEGIN|[44]|Aggregations:0|SELECT Id, JobPosition__c, WorkLocation2__c, JobCategory1__c, MaxAnnualSalary__c, MinAnnualSalary__c, JobDescription__c, LastModifiedDate, LastViewedDate FROM Job__c ORDER BY LastModifiedDate DESC NULLS FIRST LIMIT 10
17:34:24.0 (49843118)|SOQL_EXECUTE_END|[44]|Rows:10
17:34:24.0 (49891143)|HEAP_ALLOCATE|[44]|Bytes:44
17:34:24.0 (49915530)|HEAP_ALLOCATE|[44]|Bytes:4083
17:34:24.0 (50054485)|HEAP_ALLOCATE|[44]|Bytes:44
17:34:24.0 (50077639)|VARIABLE_SCOPE_BEGIN|[44]|jobs|List<Job__c>|true|false
17:34:24.0 (50116723)|VARIABLE_ASSIGNMENT|[44]|jobs|"List of size 10 too large to display"|0x1d8b241f
17:34:24.0 (50123357)|STATEMENT_EXECUTE|[54]
17:34:24.0 (50136957)|HEAP_ALLOCATE|[54]|Bytes:4
17:34:24.0 (50259596)|VARIABLE_SCOPE_BEGIN|[54]|result|List<JobCardsController.JobWrapper>|true|false
17:34:24.0 (50292768)|HEAP_ALLOCATE|[EXTERNAL]|Bytes:4
17:34:24.0 (50307205)|VARIABLE_ASSIGNMENT|[54]|result|[]|0x6e870a9a
17:34:24.0 (50507955)|HEAP_ALLOCATE|[55]|Bytes:5
17:34:24.0 (50534101)|HEAP_ALLOCATE|[55]|Bytes:40
17:34:24.0 (50541549)|VARIABLE_SCOPE_BEGIN|[55]|j|Job__c|true|false
17:34:24.0 (50707889)|VARIABLE_ASSIGNMENT|[55]|j|{"LastModifiedDate":"2026-04-03T04:12:21.000Z","JobPosition__c":"新潟市(新潟) 法人ルート営業・業界シェ (74 more) ...","WorkLocation2__c":"新潟県新潟市（転勤なし／車通勤可）","LastViewedDate":"2026-04-03T08:24:43.000Z","Id":"a0KBK00000GezgQ2AR","MinAnnualSalary__c":350,"JobDescription__c":"自社開発製造の給配水機器とその関連製品の (25 more) ...","JobCategory1__c":"経営幹部/企画/マーケティング系","MaxAnnualSalary__c":550}|0x1b475b1a
17:34:24.0 (50718780)|STATEMENT_EXECUTE|[55]
17:34:24.0 (50720035)|STATEMENT_EXECUTE|[56]
17:34:24.0 (50768641)|HEAP_ALLOCATE|[56]|Bytes:44
17:34:24.0 (50808403)|CONSTRUCTOR_ENTRY|[56]|01pBK000001RGBP|<init>()|JobCardsController.JobWrapper
17:34:24.0 (50838638)|VARIABLE_SCOPE_BEGIN|[12]|this|JobCardsController.JobWrapper|true|false
17:34:24.0 (50984083)|VARIABLE_ASSIGNMENT|[12]|this|{}|0x25da89e5
17:34:24.0 (51019429)|STATEMENT_EXECUTE|[12]
17:34:24.0 (51022383)|STATEMENT_EXECUTE|[13]
17:34:24.0 (51023457)|STATEMENT_EXECUTE|[14]
17:34:24.0 (51024224)|STATEMENT_EXECUTE|[15]
17:34:24.0 (51025244)|STATEMENT_EXECUTE|[16]
17:34:24.0 (51026274)|STATEMENT_EXECUTE|[17]
17:34:24.0 (51027041)|STATEMENT_EXECUTE|[18]
17:34:24.0 (51028041)|STATEMENT_EXECUTE|[19]
17:34:24.0 (51029127)|STATEMENT_EXECUTE|[20]
17:34:24.0 (51030141)|STATEMENT_EXECUTE|[21]
17:34:24.0 (51031024)|STATEMENT_EXECUTE|[22]
17:34:24.0 (51034414)|CONSTRUCTOR_EXIT|[56]|01pBK000001RGBP|<init>()|JobCardsController.JobWrapper
17:34:24.0 (51038692)|VARIABLE_SCOPE_BEGIN|[56]|wrapper|JobCardsController.JobWrapper|true|false
17:34:24.0 (51049566)|VARIABLE_ASSIGNMENT|[56]|wrapper|{}|0x25da89e5
17:34:24.0 (51052337)|STATEMENT_EXECUTE|[57]
17:34:24.0 (51347275)|VARIABLE_ASSIGNMENT|[57]|this.Id|"a0KBK00000GezgQ2AR"|0x25da89e5
17:34:24.0 (51354499)|STATEMENT_EXECUTE|[58]
17:34:24.0 (51386355)|VARIABLE_ASSIGNMENT|[58]|this.JobPosition|"新潟市(新潟) 法人ルート営業・業界シェ (74 more) ..."|0x25da89e5
17:34:24.0 (51390809)|STATEMENT_EXECUTE|[59]
17:34:24.0 (51399338)|VARIABLE_ASSIGNMENT|[59]|this.WorkLocation2|"新潟県新潟市（転勤なし／車通勤可）"|0x25da89e5
17:34:24.0 (51402952)|STATEMENT_EXECUTE|[60]
17:34:24.0 (51416865)|VARIABLE_ASSIGNMENT|[60]|this.JobCategory1|"経営幹部/企画/マーケティング系"|0x25da89e5
17:34:24.0 (51421462)|STATEMENT_EXECUTE|[61]
17:34:24.0 (51450926)|VARIABLE_ASSIGNMENT|[61]|this.MaxAnnualSalary|550|0x25da89e5
17:34:24.0 (51455049)|STATEMENT_EXECUTE|[62]
17:34:24.0 (51483519)|VARIABLE_ASSIGNMENT|[62]|this.MinAnnualSalary|350|0x25da89e5
17:34:24.0 (51486314)|STATEMENT_EXECUTE|[63]
17:34:24.0 (51494079)|VARIABLE_ASSIGNMENT|[63]|this.JobDescription|"自社開発製造の給配水機器とその関連製品の (25 more) ..."|0x25da89e5
17:34:24.0 (51497110)|STATEMENT_EXECUTE|[64]
17:34:24.0 (51543014)|VARIABLE_ASSIGNMENT|[64]|this.LastModifiedDate|"2026-04-03T04:12:21.000Z"|0x25da89e5
17:34:24.0 (51546665)|STATEMENT_EXECUTE|[65]
17:34:24.0 (51561214)|VARIABLE_ASSIGNMENT|[65]|this.LastViewedDate|"2026-04-03T08:24:43.000Z"|0x25da89e5
17:34:24.0 (51563760)|STATEMENT_EXECUTE|[66]
17:34:24.0 (51621044)|HEAP_ALLOCATE|[66]|Bytes:5
17:34:24.0 (51626751)|VARIABLE_ASSIGNMENT|[66]|this.IsFavorite|true|0x25da89e5
17:34:24.0 (51629563)|STATEMENT_EXECUTE|[67]
17:34:24.0 (51648541)|HEAP_ALLOCATE|[EXTERNAL]|Bytes:4
17:34:24.0 (51662377)|HEAP_ALLOCATE|[55]|Bytes:5
17:34:24.0 (51680329)|HEAP_ALLOCATE|[55]|Bytes:32
17:34:24.0 (51687664)|VARIABLE_SCOPE_BEGIN|[55]|j|Job__c|true|false
17:34:24.0 (51779188)|VARIABLE_ASSIGNMENT|[55]|j|{"LastModifiedDate":"2026-04-02T02:54:44.000Z","JobPosition__c":"テスト451求人タイトル求人タイトル求人 (235 more) ...","WorkLocation2__c":"444444","LastViewedDate":"2026-04-02T11:07:27.000Z","Id":"a0KBK00000Gexdg2AB","JobDescription__c":"テスト451仕事内容仕事内容仕事内容仕事 (230 more) ...","JobCategory1__c":"経営幹部/企画/マーケティング系"}|0xc189785
17:34:24.0 (51787547)|STATEMENT_EXECUTE|[55]
17:34:24.0 (51788497)|STATEMENT_EXECUTE|[56]
17:34:24.0 (51792006)|HEAP_ALLOCATE|[56]|Bytes:44
17:34:24.0 (51796970)|CONSTRUCTOR_ENTRY|[56]|01pBK000001RGBP|<init>()|JobCardsController.JobWrapper
17:34:24.0 (51801541)|VARIABLE_SCOPE_BEGIN|[12]|this|JobCardsController.JobWrapper|true|false
17:34:24.0 (51834699)|VARIABLE_ASSIGNMENT|[12]|this|{}|0x1a4d8ccd
17:34:24.0 (51848183)|STATEMENT_EXECUTE|[12]
17:34:24.0 (51849081)|STATEMENT_EXECUTE|[13]
17:34:24.0 (51849871)|STATEMENT_EXECUTE|[14]
17:34:24.0 (51850635)|STATEMENT_EXECUTE|[15]
17:34:24.0 (51851561)|STATEMENT_EXECUTE|[16]
17:34:24.0 (51852480)|STATEMENT_EXECUTE|[17]
17:34:24.0 (51853238)|STATEMENT_EXECUTE|[18]
17:34:24.0 (51854059)|STATEMENT_EXECUTE|[19]
17:34:24.0 (51854934)|STATEMENT_EXECUTE|[20]
17:34:24.0 (51855734)|STATEMENT_EXECUTE|[21]
17:34:24.0 (51870836)|STATEMENT_EXECUTE|[22]
17:34:24.0 (51873886)|CONSTRUCTOR_EXIT|[56]|01pBK000001RGBP|<init>()|JobCardsController.JobWrapper
17:34:24.0 (51877798)|VARIABLE_SCOPE_BEGIN|[56]|wrapper|JobCardsController.JobWrapper|true|false
17:34:24.0 (51886658)|VARIABLE_ASSIGNMENT|[56]|wrapper|{}|0x1a4d8ccd
17:34:24.0 (51889592)|STATEMENT_EXECUTE|[57]
17:34:24.0 (51994758)|VARIABLE_ASSIGNMENT|[57]|this.Id|"a0KBK00000Gexdg2AB"|0x1a4d8ccd
17:34:24.0 (51999891)|STATEMENT_EXECUTE|[58]
17:34:24.0 (52007867)|VARIABLE_ASSIGNMENT|[58]|this.JobPosition|"テスト451求人タイトル求人タイトル求人 (235 more) ..."|0x1a4d8ccd
17:34:24.0 (52011773)|STATEMENT_EXECUTE|[59]
17:34:24.0 (52015812)|VARIABLE_ASSIGNMENT|[59]|this.WorkLocation2|"444444"|0x1a4d8ccd
17:34:24.0 (52018384)|STATEMENT_EXECUTE|[60]
17:34:24.0 (52021936)|VARIABLE_ASSIGNMENT|[60]|this.JobCategory1|"経営幹部/企画/マーケティング系"|0x1a4d8ccd
17:34:24.0 (52024812)|STATEMENT_EXECUTE|[61]
17:34:24.0 (52040998)|VARIABLE_ASSIGNMENT|[61]|this.MaxAnnualSalary|null|0x1a4d8ccd
17:34:24.0 (52043584)|STATEMENT_EXECUTE|[62]
17:34:24.0 (52046430)|VARIABLE_ASSIGNMENT|[62]|this.MinAnnualSalary|null|0x1a4d8ccd
17:34:24.0 (52048694)|STATEMENT_EXECUTE|[63]
17:34:24.0 (52052793)|VARIABLE_ASSIGNMENT|[63]|this.JobDescription|"テスト451仕事内容仕事内容仕事内容仕事 (230 more) ..."|0x1a4d8ccd
17:34:24.0 (52055871)|STATEMENT_EXECUTE|[64]
17:34:24.0 (52066449)|VARIABLE_ASSIGNMENT|[64]|this.LastModifiedDate|"2026-04-02T02:54:44.000Z"|0x1a4d8ccd
17:34:24.0 (52069012)|STATEMENT_EXECUTE|[65]
17:34:24.0 (52074450)|VARIABLE_ASSIGNMENT|[65]|this.LastViewedDate|"2026-04-02T11:07:27.000Z"|0x1a4d8ccd
17:34:24.0 (52090456)|STATEMENT_EXECUTE|[66]
17:34:24.0 (52102921)|HEAP_ALLOCATE|[66]|Bytes:5
17:34:24.0 (52106526)|VARIABLE_ASSIGNMENT|[66]|this.IsFavorite|true|0x1a4d8ccd
17:34:24.0 (52108989)|STATEMENT_EXECUTE|[67]
17:34:24.0 (52113474)|HEAP_ALLOCATE|[EXTERNAL]|Bytes:4
17:34:24.0 (52121401)|HEAP_ALLOCATE|[55]|Bytes:5
17:34:24.0 (52143377)|HEAP_ALLOCATE|[55]|Bytes:40
17:34:24.0 (52147682)|VARIABLE_SCOPE_BEGIN|[55]|j|Job__c|true|false
17:34:24.0 (52244559)|VARIABLE_ASSIGNMENT|[55]|j|{"LastModifiedDate":"2026-03-18T01:52:52.000Z","JobPosition__c":"テスト401求人タイトル求人タイトル求人 (28 more) ...","WorkLocation2__c":"勤務地","LastViewedDate":"2026-04-02T11:19:39.000Z","Id":"a0KBK00000Gexcs2AB","MinAnnualSalary__c":450,"JobDescription__c":"テスト401仕事内容仕事内容仕事内容仕事 (30 more) ...","JobCategory1__c":"専門職系（コンサルタント/金融/不動産）","MaxAnnualSalary__c":600}|0x31a7e8d0
17:34:24.0 (52252855)|STATEMENT_EXECUTE|[55]
17:34:24.0 (52253778)|STATEMENT_EXECUTE|[56]
17:34:24.0 (52256696)|HEAP_ALLOCATE|[56]|Bytes:44
17:34:24.0 (52261393)|CONSTRUCTOR_ENTRY|[56]|01pBK000001RGBP|<init>()|JobCardsController.JobWrapper
17:34:24.0 (52265330)|VARIABLE_SCOPE_BEGIN|[12]|this|JobCardsController.JobWrapper|true|false
17:34:24.0 (52293210)|VARIABLE_ASSIGNMENT|[12]|this|{}|0x70854d2c
17:34:24.0 (52303953)|STATEMENT_EXECUTE|[12]
17:34:24.0 (52304859)|STATEMENT_EXECUTE|[13]
17:34:24.0 (52305676)|STATEMENT_EXECUTE|[14]
17:34:24.0 (52306431)|STATEMENT_EXECUTE|[15]
17:34:24.0 (52307254)|STATEMENT_EXECUTE|[16]
17:34:24.0 (52308050)|STATEMENT_EXECUTE|[17]
17:34:24.0 (52308801)|STATEMENT_EXECUTE|[18]
17:34:24.0 (52309649)|STATEMENT_EXECUTE|[19]
17:34:24.0 (52310476)|STATEMENT_EXECUTE|[20]
17:34:24.0 (52311275)|STATEMENT_EXECUTE|[21]
17:34:24.0 (52312324)|STATEMENT_EXECUTE|[22]
17:34:24.0 (52314114)|CONSTRUCTOR_EXIT|[56]|01pBK000001RGBP|<init>()|JobCardsController.JobWrapper
17:34:24.0 (52317591)|VARIABLE_SCOPE_BEGIN|[56]|wrapper|JobCardsController.JobWrapper|true|false
17:34:24.0 (52340785)|VARIABLE_ASSIGNMENT|[56]|wrapper|{}|0x70854d2c
17:34:24.0 (52343569)|STATEMENT_EXECUTE|[57]
17:34:24.0 (52397480)|VARIABLE_ASSIGNMENT|[57]|this.Id|"a0KBK00000Gexcs2AB"|0x70854d2c
17:34:24.0 (52401187)|STATEMENT_EXECUTE|[58]
17:34:24.0 (52407148)|VARIABLE_ASSIGNMENT|[58]|this.JobPosition|"テスト401求人タイトル求人タイトル求人 (28 more) ..."|0x70854d2c
17:34:24.0 (52410280)|STATEMENT_EXECUTE|[59]
17:34:24.0 (52413758)|VARIABLE_ASSIGNMENT|[59]|this.WorkLocation2|"勤務地"|0x70854d2c
17:34:24.0 (52416554)|STATEMENT_EXECUTE|[60]
17:34:24.0 (52433725)|VARIABLE_ASSIGNMENT|[60]|this.JobCategory1|"専門職系（コンサルタント/金融/不動産）"|0x70854d2c
17:34:24.0 (52437209)|STATEMENT_EXECUTE|[61]
17:34:24.0 (52445296)|VARIABLE_ASSIGNMENT|[61]|this.MaxAnnualSalary|600|0x70854d2c
17:34:24.0 (52447725)|STATEMENT_EXECUTE|[62]
17:34:24.0 (52451305)|VARIABLE_ASSIGNMENT|[62]|this.MinAnnualSalary|450|0x70854d2c
17:34:24.0 (52453740)|STATEMENT_EXECUTE|[63]
17:34:24.0 (52457580)|VARIABLE_ASSIGNMENT|[63]|this.JobDescription|"テスト401仕事内容仕事内容仕事内容仕事 (30 more) ..."|0x70854d2c
17:34:24.0 (52460483)|STATEMENT_EXECUTE|[64]
17:34:24.0 (52488461)|VARIABLE_ASSIGNMENT|[64]|this.LastModifiedDate|"2026-03-18T01:52:52.000Z"|0x70854d2c
17:34:24.0 (52491515)|STATEMENT_EXECUTE|[65]
17:34:24.0 (52497562)|VARIABLE_ASSIGNMENT|[65]|this.LastViewedDate|"2026-04-02T11:19:39.000Z"|0x70854d2c
17:34:24.0 (52500019)|STATEMENT_EXECUTE|[66]
17:34:24.0 (52509114)|HEAP_ALLOCATE|[66]|Bytes:5
17:34:24.0 (52512599)|VARIABLE_ASSIGNMENT|[66]|this.IsFavorite|true|0x70854d2c
17:34:24.0 (52515045)|STATEMENT_EXECUTE|[67]
17:34:24.0 (52518825)|HEAP_ALLOCATE|[EXTERNAL]|Bytes:4
17:34:24.0 (52525175)|HEAP_ALLOCATE|[55]|Bytes:5
17:34:24.0 (52530960)|HEAP_ALLOCATE|[55]|Bytes:36
17:34:24.0 (52534042)|VARIABLE_SCOPE_BEGIN|[55]|j|Job__c|true|false
17:34:24.0 (52590077)|VARIABLE_ASSIGNMENT|[55]|j|{"LastModifiedDate":"2026-03-12T05:33:30.000Z","JobPosition__c":"テスト424求人タイトル求人タイトル求人 (28 more) ...","LastViewedDate":"2026-04-02T07:16:25.000Z","Id":"a0KBK00000GexdF2AR","MinAnnualSalary__c":250,"JobDescription__c":"テスト424仕事内容仕事内容仕事内容仕事 (30 more) ...","JobCategory1__c":"技術系（電気/電子/機械）","MaxAnnualSalary__c":350}|0x56a343ad
17:34:24.0 (52607403)|STATEMENT_EXECUTE|[55]
17:34:24.0 (52608276)|STATEMENT_EXECUTE|[56]
17:34:24.0 (52610475)|HEAP_ALLOCATE|[56]|Bytes:44
17:34:24.0 (52613813)|CONSTRUCTOR_ENTRY|[56]|01pBK000001RGBP|<init>()|JobCardsController.JobWrapper
17:34:24.0 (52617083)|VARIABLE_SCOPE_BEGIN|[12]|this|JobCardsController.JobWrapper|true|false
17:34:24.0 (52627852)|VARIABLE_ASSIGNMENT|[12]|this|{}|0x1617778
17:34:24.0 (52636279)|STATEMENT_EXECUTE|[12]
17:34:24.0 (52637111)|STATEMENT_EXECUTE|[13]
17:34:24.0 (52637916)|STATEMENT_EXECUTE|[14]
17:34:24.0 (52638747)|STATEMENT_EXECUTE|[15]
17:34:24.0 (52639557)|STATEMENT_EXECUTE|[16]
17:34:24.0 (52640415)|STATEMENT_EXECUTE|[17]
17:34:24.0 (52641262)|STATEMENT_EXECUTE|[18]
17:34:24.0 (52642073)|STATEMENT_EXECUTE|[19]
17:34:24.0 (52642859)|STATEMENT_EXECUTE|[20]
17:34:24.0 (52648314)|STATEMENT_EXECUTE|[21]
17:34:24.0 (52649104)|STATEMENT_EXECUTE|[22]
17:34:24.0 (52650876)|CONSTRUCTOR_EXIT|[56]|01pBK000001RGBP|<init>()|JobCardsController.JobWrapper
17:34:24.0 (52654184)|VARIABLE_SCOPE_BEGIN|[56]|wrapper|JobCardsController.JobWrapper|true|false
17:34:24.0 (52661875)|VARIABLE_ASSIGNMENT|[56]|wrapper|{}|0x1617778
17:34:24.0 (52664339)|STATEMENT_EXECUTE|[57]
17:34:24.0 (52692958)|VARIABLE_ASSIGNMENT|[57]|this.Id|"a0KBK00000GexdF2AR"|0x1617778
17:34:24.0 (52706246)|STATEMENT_EXECUTE|[58]
17:34:24.0 (52712238)|VARIABLE_ASSIGNMENT|[58]|this.JobPosition|"テスト424求人タイトル求人タイトル求人 (28 more) ..."|0x1617778
17:34:24.0 (52715325)|STATEMENT_EXECUTE|[59]
17:34:24.0 (52718529)|VARIABLE_ASSIGNMENT|[59]|this.WorkLocation2|null|0x1617778
17:34:24.0 (52721015)|STATEMENT_EXECUTE|[60]
17:34:24.0 (52724274)|VARIABLE_ASSIGNMENT|[60]|this.JobCategory1|"技術系（電気/電子/機械）"|0x1617778
17:34:24.0 (52726999)|STATEMENT_EXECUTE|[61]
17:34:24.0 (52732123)|VARIABLE_ASSIGNMENT|[61]|this.MaxAnnualSalary|350|0x1617778
17:34:24.0 (52734458)|STATEMENT_EXECUTE|[62]
17:34:24.0 (52737712)|VARIABLE_ASSIGNMENT|[62]|this.MinAnnualSalary|250|0x1617778
17:34:24.0 (52740092)|STATEMENT_EXECUTE|[63]
17:34:24.0 (52756137)|VARIABLE_ASSIGNMENT|[63]|this.JobDescription|"テスト424仕事内容仕事内容仕事内容仕事 (30 more) ..."|0x1617778
17:34:24.0 (52759124)|STATEMENT_EXECUTE|[64]
17:34:24.0 (52766682)|VARIABLE_ASSIGNMENT|[64]|this.LastModifiedDate|"2026-03-12T05:33:30.000Z"|0x1617778
17:34:24.0 (52769207)|STATEMENT_EXECUTE|[65]
17:34:24.0 (52774328)|VARIABLE_ASSIGNMENT|[65]|this.LastViewedDate|"2026-04-02T07:16:25.000Z"|0x1617778
17:34:24.0 (52776721)|STATEMENT_EXECUTE|[66]
17:34:24.0 (52784064)|HEAP_ALLOCATE|[66]|Bytes:5
17:34:24.0 (52787316)|VARIABLE_ASSIGNMENT|[66]|this.IsFavorite|false|0x1617778
17:34:24.0 (52789871)|STATEMENT_EXECUTE|[67]
17:34:24.0 (52792994)|HEAP_ALLOCATE|[EXTERNAL]|Bytes:4
17:34:24.0 (52798802)|HEAP_ALLOCATE|[55]|Bytes:5
17:34:24.0 (52803896)|HEAP_ALLOCATE|[55]|Bytes:36
17:34:24.0 (52806924)|VARIABLE_SCOPE_BEGIN|[55]|j|Job__c|true|false
17:34:24.0 (52857376)|VARIABLE_ASSIGNMENT|[55]|j|{"LastModifiedDate":"2026-03-09T05:51:50.000Z","JobPosition__c":"テスト403求人タイトル求人タイトル求人 (28 more) ...","LastViewedDate":"2026-04-02T10:23:00.000Z","Id":"a0KBK00000Gexcu2AB","MinAnnualSalary__c":900,"JobDescription__c":"テスト403仕事内容仕事内容仕事内容仕事 (30 more) ...","JobCategory1__c":"営業系","MaxAnnualSalary__c":600}|0x771d5de8
17:34:24.0 (52864055)|STATEMENT_EXECUTE|[55]
17:34:24.0 (52864993)|STATEMENT_EXECUTE|[56]
17:34:24.0 (52866833)|HEAP_ALLOCATE|[56]|Bytes:44
17:34:24.0 (52890190)|CONSTRUCTOR_ENTRY|[56]|01pBK000001RGBP|<init>()|JobCardsController.JobWrapper
17:34:24.0 (52893410)|VARIABLE_SCOPE_BEGIN|[12]|this|JobCardsController.JobWrapper|true|false
17:34:24.0 (52903938)|VARIABLE_ASSIGNMENT|[12]|this|{}|0x47350659
17:34:24.0 (52911423)|STATEMENT_EXECUTE|[12]
17:34:24.0 (52912313)|STATEMENT_EXECUTE|[13]
17:34:24.0 (52913110)|STATEMENT_EXECUTE|[14]
17:34:24.0 (52913987)|STATEMENT_EXECUTE|[15]
17:34:24.0 (52914830)|STATEMENT_EXECUTE|[16]
17:34:24.0 (52915637)|STATEMENT_EXECUTE|[17]
17:34:24.0 (52933210)|STATEMENT_EXECUTE|[18]
17:34:24.0 (52934090)|STATEMENT_EXECUTE|[19]
17:34:24.0 (52934876)|STATEMENT_EXECUTE|[20]
17:34:24.0 (52935656)|STATEMENT_EXECUTE|[21]
17:34:24.0 (52936421)|STATEMENT_EXECUTE|[22]
17:34:24.0 (52938555)|CONSTRUCTOR_EXIT|[56]|01pBK000001RGBP|<init>()|JobCardsController.JobWrapper
17:34:24.0 (52941841)|VARIABLE_SCOPE_BEGIN|[56]|wrapper|JobCardsController.JobWrapper|true|false
17:34:24.0 (52949864)|VARIABLE_ASSIGNMENT|[56]|wrapper|{}|0x47350659
17:34:24.0 (52952405)|STATEMENT_EXECUTE|[57]
17:34:24.0 (52979568)|VARIABLE_ASSIGNMENT|[57]|this.Id|"a0KBK00000Gexcu2AB"|0x47350659
17:34:24.0 (52982275)|STATEMENT_EXECUTE|[58]
17:34:24.0 (52987025)|VARIABLE_ASSIGNMENT|[58]|this.JobPosition|"テスト403求人タイトル求人タイトル求人 (28 more) ..."|0x47350659
17:34:24.0 (52990096)|STATEMENT_EXECUTE|[59]
17:34:24.0 (52993032)|VARIABLE_ASSIGNMENT|[59]|this.WorkLocation2|null|0x47350659
17:34:24.0 (52995361)|STATEMENT_EXECUTE|[60]
17:34:24.0 (52998426)|VARIABLE_ASSIGNMENT|[60]|this.JobCategory1|"営業系"|0x47350659
17:34:24.0 (53001260)|STATEMENT_EXECUTE|[61]
17:34:24.0 (53006613)|VARIABLE_ASSIGNMENT|[61]|this.MaxAnnualSalary|600|0x47350659
17:34:24.0 (53009071)|STATEMENT_EXECUTE|[62]
17:34:24.0 (53012324)|VARIABLE_ASSIGNMENT|[62]|this.MinAnnualSalary|900|0x47350659
17:34:24.0 (53014646)|STATEMENT_EXECUTE|[63]
17:34:24.0 (53018142)|VARIABLE_ASSIGNMENT|[63]|this.JobDescription|"テスト403仕事内容仕事内容仕事内容仕事 (30 more) ..."|0x47350659
17:34:24.0 (53020974)|STATEMENT_EXECUTE|[64]
17:34:24.0 (53027223)|VARIABLE_ASSIGNMENT|[64]|this.LastModifiedDate|"2026-03-09T05:51:50.000Z"|0x47350659
17:34:24.0 (53029773)|STATEMENT_EXECUTE|[65]
17:34:24.0 (53034846)|VARIABLE_ASSIGNMENT|[65]|this.LastViewedDate|"2026-04-02T10:23:00.000Z"|0x47350659
17:34:24.0 (53037356)|STATEMENT_EXECUTE|[66]
17:34:24.0 (53043929)|HEAP_ALLOCATE|[66]|Bytes:5
17:34:24.0 (53049860)|VARIABLE_ASSIGNMENT|[66]|this.IsFavorite|true|0x47350659
17:34:24.0 (53052457)|STATEMENT_EXECUTE|[67]
17:34:24.0 (53055337)|HEAP_ALLOCATE|[EXTERNAL]|Bytes:4
17:34:24.0 (53061318)|HEAP_ALLOCATE|[55]|Bytes:5
17:34:24.0 (53082251)|HEAP_ALLOCATE|[55]|Bytes:36
17:34:24.0 (53085541)|VARIABLE_SCOPE_BEGIN|[55]|j|Job__c|true|false
17:34:24.0 (53122139)|VARIABLE_ASSIGNMENT|[55]|j|{"LastModifiedDate":"2026-03-09T05:51:49.000Z","JobPosition__c":"テスト402求人タイトル求人タイトル求人 (28 more) ...","LastViewedDate":"2026-03-18T09:45:33.000Z","Id":"a0KBK00000Gexct2AB","MinAnnualSalary__c":500,"JobDescription__c":"テスト402仕事内容仕事内容仕事内容仕事 (30 more) ...","JobCategory1__c":"営業系","MaxAnnualSalary__c":400}|0x3ff14831
17:34:24.0 (53138410)|STATEMENT_EXECUTE|[55]
17:34:24.0 (53139385)|STATEMENT_EXECUTE|[56]
17:34:24.0 (53141644)|HEAP_ALLOCATE|[56]|Bytes:44
17:34:24.0 (53144686)|CONSTRUCTOR_ENTRY|[56]|01pBK000001RGBP|<init>()|JobCardsController.JobWrapper
17:34:24.0 (53147779)|VARIABLE_SCOPE_BEGIN|[12]|this|JobCardsController.JobWrapper|true|false
17:34:24.0 (53158399)|VARIABLE_ASSIGNMENT|[12]|this|{}|0x31e8c196
17:34:24.0 (53166009)|STATEMENT_EXECUTE|[12]
17:34:24.0 (53166990)|STATEMENT_EXECUTE|[13]
17:34:24.0 (53167785)|STATEMENT_EXECUTE|[14]
17:34:24.0 (53168569)|STATEMENT_EXECUTE|[15]
17:34:24.0 (53169444)|STATEMENT_EXECUTE|[16]
17:34:24.0 (53170230)|STATEMENT_EXECUTE|[17]
17:34:24.0 (53170991)|STATEMENT_EXECUTE|[18]
17:34:24.0 (53171801)|STATEMENT_EXECUTE|[19]
17:34:24.0 (53172610)|STATEMENT_EXECUTE|[20]
17:34:24.0 (53182716)|STATEMENT_EXECUTE|[21]
17:34:24.0 (53183496)|STATEMENT_EXECUTE|[22]
17:34:24.0 (53185275)|CONSTRUCTOR_EXIT|[56]|01pBK000001RGBP|<init>()|JobCardsController.JobWrapper
17:34:24.0 (53188399)|VARIABLE_SCOPE_BEGIN|[56]|wrapper|JobCardsController.JobWrapper|true|false
17:34:24.0 (53196090)|VARIABLE_ASSIGNMENT|[56]|wrapper|{}|0x31e8c196
17:34:24.0 (53198584)|STATEMENT_EXECUTE|[57]
17:34:24.0 (53246376)|VARIABLE_ASSIGNMENT|[57]|this.Id|"a0KBK00000Gexct2AB"|0x31e8c196
17:34:24.0 (53250141)|STATEMENT_EXECUTE|[58]
17:34:24.0 (53255545)|VARIABLE_ASSIGNMENT|[58]|this.JobPosition|"テスト402求人タイトル求人タイトル求人 (28 more) ..."|0x31e8c196
17:34:24.0 (53258566)|STATEMENT_EXECUTE|[59]
17:34:24.0 (53261419)|VARIABLE_ASSIGNMENT|[59]|this.WorkLocation2|null|0x31e8c196
17:34:24.0 (53263809)|STATEMENT_EXECUTE|[60]
17:34:24.0 (53266912)|VARIABLE_ASSIGNMENT|[60]|this.JobCategory1|"営業系"|0x31e8c196
17:34:24.0 (53269499)|STATEMENT_EXECUTE|[61]
17:34:24.0 (53278542)|VARIABLE_ASSIGNMENT|[61]|this.MaxAnnualSalary|400|0x31e8c196
17:34:24.0 (53281097)|STATEMENT_EXECUTE|[62]
17:34:24.0 (53284574)|VARIABLE_ASSIGNMENT|[62]|this.MinAnnualSalary|500|0x31e8c196
17:34:24.0 (53287055)|STATEMENT_EXECUTE|[63]
17:34:24.0 (53290693)|VARIABLE_ASSIGNMENT|[63]|this.JobDescription|"テスト402仕事内容仕事内容仕事内容仕事 (30 more) ..."|0x31e8c196
17:34:24.0 (53293744)|STATEMENT_EXECUTE|[64]
17:34:24.0 (53300244)|VARIABLE_ASSIGNMENT|[64]|this.LastModifiedDate|"2026-03-09T05:51:49.000Z"|0x31e8c196
17:34:24.0 (53302673)|STATEMENT_EXECUTE|[65]
17:34:24.0 (53307313)|VARIABLE_ASSIGNMENT|[65]|this.LastViewedDate|"2026-03-18T09:45:33.000Z"|0x31e8c196
17:34:24.0 (53309611)|STATEMENT_EXECUTE|[66]
17:34:24.0 (53316464)|HEAP_ALLOCATE|[66]|Bytes:5
17:34:24.0 (53319576)|VARIABLE_ASSIGNMENT|[66]|this.IsFavorite|false|0x31e8c196
17:34:24.0 (53322024)|STATEMENT_EXECUTE|[67]
17:34:24.0 (53324825)|HEAP_ALLOCATE|[EXTERNAL]|Bytes:4
17:34:24.0 (53330098)|HEAP_ALLOCATE|[55]|Bytes:5
17:34:24.0 (53334816)|HEAP_ALLOCATE|[55]|Bytes:40
17:34:24.0 (53353489)|VARIABLE_SCOPE_BEGIN|[55]|j|Job__c|true|false
17:34:24.0 (53401534)|VARIABLE_ASSIGNMENT|[55]|j|{"LastModifiedDate":"2026-03-06T01:15:09.000Z","JobPosition__c":"千代田区(東京) 設備積算・大手サブコン (18 more) ...","WorkLocation2__c":"東京都千代田区","LastViewedDate":"2026-03-17T05:57:19.000Z","Id":"a0KBK00000GezgH2AR","MinAnnualSalary__c":400,"JobDescription__c":"事務所ビルや商業施設、工場など、多様な建 (105 more) ...","JobCategory1__c":"営業系","MaxAnnualSalary__c":650}|0x311ec677
17:34:24.0 (53408323)|STATEMENT_EXECUTE|[55]
17:34:24.0 (53409219)|STATEMENT_EXECUTE|[56]
17:34:24.0 (53411159)|HEAP_ALLOCATE|[56]|Bytes:44
17:34:24.0 (53414589)|CONSTRUCTOR_ENTRY|[56]|01pBK000001RGBP|<init>()|JobCardsController.JobWrapper
17:34:24.0 (53417644)|VARIABLE_SCOPE_BEGIN|[12]|this|JobCardsController.JobWrapper|true|false
17:34:24.0 (53427453)|VARIABLE_ASSIGNMENT|[12]|this|{}|0x6b5e16aa
17:34:24.0 (53434678)|STATEMENT_EXECUTE|[12]
17:34:24.0 (53435598)|STATEMENT_EXECUTE|[13]
17:34:24.0 (53436405)|STATEMENT_EXECUTE|[14]
17:34:24.0 (53437194)|STATEMENT_EXECUTE|[15]
17:34:24.0 (53438023)|STATEMENT_EXECUTE|[16]
17:34:24.0 (53438849)|STATEMENT_EXECUTE|[17]
17:34:24.0 (53439612)|STATEMENT_EXECUTE|[18]
17:34:24.0 (53440399)|STATEMENT_EXECUTE|[19]
17:34:24.0 (53441205)|STATEMENT_EXECUTE|[20]
17:34:24.0 (53442044)|STATEMENT_EXECUTE|[21]
17:34:24.0 (53442827)|STATEMENT_EXECUTE|[22]
17:34:24.0 (53444305)|CONSTRUCTOR_EXIT|[56]|01pBK000001RGBP|<init>()|JobCardsController.JobWrapper
17:34:24.0 (53447435)|VARIABLE_SCOPE_BEGIN|[56]|wrapper|JobCardsController.JobWrapper|true|false
17:34:24.0 (53454358)|VARIABLE_ASSIGNMENT|[56]|wrapper|{}|0x6b5e16aa
17:34:24.0 (53470286)|STATEMENT_EXECUTE|[57]
17:34:24.0 (53511100)|VARIABLE_ASSIGNMENT|[57]|this.Id|"a0KBK00000GezgH2AR"|0x6b5e16aa
17:34:24.0 (53516204)|STATEMENT_EXECUTE|[58]
17:34:24.0 (53524468)|VARIABLE_ASSIGNMENT|[58]|this.JobPosition|"千代田区(東京) 設備積算・大手サブコン (18 more) ..."|0x6b5e16aa
17:34:24.0 (53528837)|STATEMENT_EXECUTE|[59]
17:34:24.0 (53534171)|VARIABLE_ASSIGNMENT|[59]|this.WorkLocation2|"東京都千代田区"|0x6b5e16aa
17:34:24.0 (53538404)|STATEMENT_EXECUTE|[60]
17:34:24.0 (53542312)|VARIABLE_ASSIGNMENT|[60]|this.JobCategory1|"営業系"|0x6b5e16aa
17:34:24.0 (53546372)|STATEMENT_EXECUTE|[61]
17:34:24.0 (53554394)|VARIABLE_ASSIGNMENT|[61]|this.MaxAnnualSalary|650|0x6b5e16aa
17:34:24.0 (53558363)|STATEMENT_EXECUTE|[62]
17:34:24.0 (53563442)|VARIABLE_ASSIGNMENT|[62]|this.MinAnnualSalary|400|0x6b5e16aa
17:34:24.0 (53566521)|STATEMENT_EXECUTE|[63]
17:34:24.0 (53572344)|VARIABLE_ASSIGNMENT|[63]|this.JobDescription|"事務所ビルや商業施設、工場など、多様な建 (105 more) ..."|0x6b5e16aa
17:34:24.0 (53576617)|STATEMENT_EXECUTE|[64]
17:34:24.0 (53597012)|VARIABLE_ASSIGNMENT|[64]|this.LastModifiedDate|"2026-03-06T01:15:09.000Z"|0x6b5e16aa
17:34:24.0 (53601102)|STATEMENT_EXECUTE|[65]
17:34:24.0 (53608486)|VARIABLE_ASSIGNMENT|[65]|this.LastViewedDate|"2026-03-17T05:57:19.000Z"|0x6b5e16aa
17:34:24.0 (53612382)|STATEMENT_EXECUTE|[66]
17:34:24.0 (53624606)|HEAP_ALLOCATE|[66]|Bytes:5
17:34:24.0 (53665573)|VARIABLE_ASSIGNMENT|[66]|this.IsFavorite|false|0x6b5e16aa
17:34:24.0 (53669668)|STATEMENT_EXECUTE|[67]
17:34:24.0 (53693979)|HEAP_ALLOCATE|[EXTERNAL]|Bytes:4
17:34:24.0 (53706959)|HEAP_ALLOCATE|[55]|Bytes:5
17:34:24.0 (53715937)|HEAP_ALLOCATE|[55]|Bytes:36
17:34:24.0 (53721517)|VARIABLE_SCOPE_BEGIN|[55]|j|Job__c|true|false
17:34:24.0 (53814287)|VARIABLE_ASSIGNMENT|[55]|j|{"LastModifiedDate":"2026-02-06T01:25:17.000Z","JobPosition__c":"テスト467求人タイトル求人タイトル求人 (28 more) ...","LastViewedDate":"2026-04-02T09:39:31.000Z","Id":"a0KBK00000Gexdw2AB","MinAnnualSalary__c":216,"JobDescription__c":"テスト467仕事内容仕事内容仕事内容仕事 (30 more) ...","JobCategory1__c":"管理部門/事務系","MaxAnnualSalary__c":0}|0x7dec55d2
17:34:24.0 (53824821)|STATEMENT_EXECUTE|[55]
17:34:24.0 (53826295)|STATEMENT_EXECUTE|[56]
17:34:24.0 (53829947)|HEAP_ALLOCATE|[56]|Bytes:44
17:34:24.0 (53835408)|CONSTRUCTOR_ENTRY|[56]|01pBK000001RGBP|<init>()|JobCardsController.JobWrapper
17:34:24.0 (53841731)|VARIABLE_SCOPE_BEGIN|[12]|this|JobCardsController.JobWrapper|true|false
17:34:24.0 (53886396)|VARIABLE_ASSIGNMENT|[12]|this|{}|0x618e660e
17:34:24.0 (53919361)|STATEMENT_EXECUTE|[12]
17:34:24.0 (53920819)|STATEMENT_EXECUTE|[13]
17:34:24.0 (53922156)|STATEMENT_EXECUTE|[14]
17:34:24.0 (53923416)|STATEMENT_EXECUTE|[15]
17:34:24.0 (53924569)|STATEMENT_EXECUTE|[16]
17:34:24.0 (53925834)|STATEMENT_EXECUTE|[17]
17:34:24.0 (53926938)|STATEMENT_EXECUTE|[18]
17:34:24.0 (53928075)|STATEMENT_EXECUTE|[19]
17:34:24.0 (53929303)|STATEMENT_EXECUTE|[20]
17:34:24.0 (53930650)|STATEMENT_EXECUTE|[21]
17:34:24.0 (53931845)|STATEMENT_EXECUTE|[22]
17:34:24.0 (53934805)|CONSTRUCTOR_EXIT|[56]|01pBK000001RGBP|<init>()|JobCardsController.JobWrapper
17:34:24.0 (53940259)|VARIABLE_SCOPE_BEGIN|[56]|wrapper|JobCardsController.JobWrapper|true|false
17:34:24.0 (53968331)|VARIABLE_ASSIGNMENT|[56]|wrapper|{}|0x618e660e
17:34:24.0 (53972911)|STATEMENT_EXECUTE|[57]
17:34:24.0 (54074129)|VARIABLE_ASSIGNMENT|[57]|this.Id|"a0KBK00000Gexdw2AB"|0x618e660e
17:34:24.0 (54081609)|STATEMENT_EXECUTE|[58]
17:34:24.0 (54093729)|VARIABLE_ASSIGNMENT|[58]|this.JobPosition|"テスト467求人タイトル求人タイトル求人 (28 more) ..."|0x618e660e
17:34:24.0 (54099454)|STATEMENT_EXECUTE|[59]
17:34:24.0 (54105683)|VARIABLE_ASSIGNMENT|[59]|this.WorkLocation2|null|0x618e660e
17:34:24.0 (54123254)|STATEMENT_EXECUTE|[60]
17:34:24.0 (54130685)|VARIABLE_ASSIGNMENT|[60]|this.JobCategory1|"管理部門/事務系"|0x618e660e
17:34:24.0 (54135920)|STATEMENT_EXECUTE|[61]
17:34:24.0 (54188802)|HEAP_ALLOCATE|[61]|Bytes:28
17:34:24.0 (54198630)|VARIABLE_ASSIGNMENT|[61]|this.MaxAnnualSalary|0|0x618e660e
17:34:24.0 (54203069)|STATEMENT_EXECUTE|[62]
17:34:24.0 (54211850)|VARIABLE_ASSIGNMENT|[62]|this.MinAnnualSalary|216|0x618e660e
17:34:24.0 (54216425)|STATEMENT_EXECUTE|[63]
17:34:24.0 (54223819)|VARIABLE_ASSIGNMENT|[63]|this.JobDescription|"テスト467仕事内容仕事内容仕事内容仕事 (30 more) ..."|0x618e660e
17:34:24.0 (54228610)|STATEMENT_EXECUTE|[64]
17:34:24.0 (54266274)|VARIABLE_ASSIGNMENT|[64]|this.LastModifiedDate|"2026-02-06T01:25:17.000Z"|0x618e660e
17:34:24.0 (54271955)|STATEMENT_EXECUTE|[65]
17:34:24.0 (54284243)|VARIABLE_ASSIGNMENT|[65]|this.LastViewedDate|"2026-04-02T09:39:31.000Z"|0x618e660e
17:34:24.0 (54289101)|STATEMENT_EXECUTE|[66]
17:34:24.0 (54307663)|HEAP_ALLOCATE|[66]|Bytes:5
17:34:24.0 (54313072)|VARIABLE_ASSIGNMENT|[66]|this.IsFavorite|false|0x618e660e
17:34:24.0 (54317657)|STATEMENT_EXECUTE|[67]
17:34:24.0 (54324269)|HEAP_ALLOCATE|[EXTERNAL]|Bytes:4
17:34:24.0 (54338180)|HEAP_ALLOCATE|[55]|Bytes:5
17:34:24.0 (54350029)|HEAP_ALLOCATE|[55]|Bytes:36
17:34:24.0 (54356954)|VARIABLE_SCOPE_BEGIN|[55]|j|Job__c|true|false
17:34:24.0 (54457771)|VARIABLE_ASSIGNMENT|[55]|j|{"LastModifiedDate":"2026-02-05T00:50:25.000Z","JobPosition__c":"テスト297求人タイトル求人タイトル求人 (28 more) ...","LastViewedDate":"2026-03-28T05:28:09.000Z","Id":"a0KBK00000Gezpx2AB","MinAnnualSalary__c":350,"JobDescription__c":"テスト297仕事内容仕事内容仕事内容仕事 (30 more) ...","JobCategory1__c":"IT系（ソフトウェア/ネットワーク）","MaxAnnualSalary__c":600}|0x6083b59a
17:34:24.0 (54477620)|STATEMENT_EXECUTE|[55]
17:34:24.0 (54478864)|STATEMENT_EXECUTE|[56]
17:34:24.0 (54483623)|HEAP_ALLOCATE|[56]|Bytes:44
17:34:24.0 (54491428)|CONSTRUCTOR_ENTRY|[56]|01pBK000001RGBP|<init>()|JobCardsController.JobWrapper
17:34:24.0 (54498462)|VARIABLE_SCOPE_BEGIN|[12]|this|JobCardsController.JobWrapper|true|false
17:34:24.0 (54533112)|VARIABLE_ASSIGNMENT|[12]|this|{}|0xe66b3a8
17:34:24.0 (54551578)|STATEMENT_EXECUTE|[12]
17:34:24.0 (54553277)|STATEMENT_EXECUTE|[13]
17:34:24.0 (54554726)|STATEMENT_EXECUTE|[14]
17:34:24.0 (54556485)|STATEMENT_EXECUTE|[15]
17:34:24.0 (54557615)|STATEMENT_EXECUTE|[16]
17:34:24.0 (54558982)|STATEMENT_EXECUTE|[17]
17:34:24.0 (54560090)|STATEMENT_EXECUTE|[18]
17:34:24.0 (54561332)|STATEMENT_EXECUTE|[19]
17:34:24.0 (54562502)|STATEMENT_EXECUTE|[20]
17:34:24.0 (54563737)|STATEMENT_EXECUTE|[21]
17:34:24.0 (54564897)|STATEMENT_EXECUTE|[22]
17:34:24.0 (54568536)|CONSTRUCTOR_EXIT|[56]|01pBK000001RGBP|<init>()|JobCardsController.JobWrapper
17:34:24.0 (54574403)|VARIABLE_SCOPE_BEGIN|[56]|wrapper|JobCardsController.JobWrapper|true|false
17:34:24.0 (54617071)|VARIABLE_ASSIGNMENT|[56]|wrapper|{}|0xe66b3a8
17:34:24.0 (54621462)|STATEMENT_EXECUTE|[57]
17:34:24.0 (54746481)|VARIABLE_ASSIGNMENT|[57]|this.Id|"a0KBK00000Gezpx2AB"|0xe66b3a8
17:34:24.0 (54753340)|STATEMENT_EXECUTE|[58]
17:34:24.0 (54764814)|VARIABLE_ASSIGNMENT|[58]|this.JobPosition|"テスト297求人タイトル求人タイトル求人 (28 more) ..."|0xe66b3a8
17:34:24.0 (54770296)|STATEMENT_EXECUTE|[59]
17:34:24.0 (54783726)|VARIABLE_ASSIGNMENT|[59]|this.WorkLocation2|null|0xe66b3a8
17:34:24.0 (54787635)|STATEMENT_EXECUTE|[60]
17:34:24.0 (54794049)|VARIABLE_ASSIGNMENT|[60]|this.JobCategory1|"IT系（ソフトウェア/ネットワーク）"|0xe66b3a8
17:34:24.0 (54798737)|STATEMENT_EXECUTE|[61]
17:34:24.0 (54810465)|VARIABLE_ASSIGNMENT|[61]|this.MaxAnnualSalary|600|0xe66b3a8
17:34:24.0 (54814684)|STATEMENT_EXECUTE|[62]
17:34:24.0 (54820851)|VARIABLE_ASSIGNMENT|[62]|this.MinAnnualSalary|350|0xe66b3a8
17:34:24.0 (54825252)|STATEMENT_EXECUTE|[63]
17:34:24.0 (54831425)|VARIABLE_ASSIGNMENT|[63]|this.JobDescription|"テスト297仕事内容仕事内容仕事内容仕事 (30 more) ..."|0xe66b3a8
17:34:24.0 (54835465)|STATEMENT_EXECUTE|[64]
17:34:24.0 (54861090)|VARIABLE_ASSIGNMENT|[64]|this.LastModifiedDate|"2026-02-05T00:50:25.000Z"|0xe66b3a8
17:34:24.0 (54865686)|STATEMENT_EXECUTE|[65]
17:34:24.0 (54875056)|VARIABLE_ASSIGNMENT|[65]|this.LastViewedDate|"2026-03-28T05:28:09.000Z"|0xe66b3a8
17:34:24.0 (54879221)|STATEMENT_EXECUTE|[66]
17:34:24.0 (54919332)|HEAP_ALLOCATE|[66]|Bytes:5
17:34:24.0 (54926539)|VARIABLE_ASSIGNMENT|[66]|this.IsFavorite|false|0xe66b3a8
17:34:24.0 (54930477)|STATEMENT_EXECUTE|[67]
17:34:24.0 (54943906)|HEAP_ALLOCATE|[EXTERNAL]|Bytes:4
17:34:24.0 (54959226)|HEAP_ALLOCATE|[55]|Bytes:5
17:34:24.0 (54972831)|HEAP_ALLOCATE|[55]|Bytes:36
17:34:24.0 (54980285)|VARIABLE_SCOPE_BEGIN|[55]|j|Job__c|true|false
17:34:24.0 (55098544)|VARIABLE_ASSIGNMENT|[55]|j|{"LastModifiedDate":"2026-02-05T00:49:22.000Z","JobPosition__c":"テスト407求人タイトル求人タイトル求人 (28 more) ...","LastViewedDate":"2026-03-18T09:45:42.000Z","Id":"a0KBK00000Gexcy2AB","MinAnnualSalary__c":350,"JobDescription__c":"テスト407仕事内容仕事内容仕事内容仕事 (30 more) ...","JobCategory1__c":"営業系","MaxAnnualSalary__c":450}|0x5586d97b
17:34:24.0 (55111771)|STATEMENT_EXECUTE|[55]
17:34:24.0 (55113251)|STATEMENT_EXECUTE|[56]
17:34:24.0 (55117819)|HEAP_ALLOCATE|[56]|Bytes:44
17:34:24.0 (55153692)|CONSTRUCTOR_ENTRY|[56]|01pBK000001RGBP|<init>()|JobCardsController.JobWrapper
17:34:24.0 (55160880)|VARIABLE_SCOPE_BEGIN|[12]|this|JobCardsController.JobWrapper|true|false
17:34:24.0 (55200592)|VARIABLE_ASSIGNMENT|[12]|this|{}|0x79752783
17:34:24.0 (55219690)|STATEMENT_EXECUTE|[12]
17:34:24.0 (55238728)|STATEMENT_EXECUTE|[13]
17:34:24.0 (55240345)|STATEMENT_EXECUTE|[14]
17:34:24.0 (55241533)|STATEMENT_EXECUTE|[15]
17:34:24.0 (55242811)|STATEMENT_EXECUTE|[16]
17:34:24.0 (55244181)|STATEMENT_EXECUTE|[17]
17:34:24.0 (55245524)|STATEMENT_EXECUTE|[18]
17:34:24.0 (55246764)|STATEMENT_EXECUTE|[19]
17:34:24.0 (55248287)|STATEMENT_EXECUTE|[20]
17:34:24.0 (55249846)|STATEMENT_EXECUTE|[21]
17:34:24.0 (55251337)|STATEMENT_EXECUTE|[22]
17:34:24.0 (55255371)|CONSTRUCTOR_EXIT|[56]|01pBK000001RGBP|<init>()|JobCardsController.JobWrapper
17:34:24.0 (55260889)|VARIABLE_SCOPE_BEGIN|[56]|wrapper|JobCardsController.JobWrapper|true|false
17:34:24.0 (55297172)|VARIABLE_ASSIGNMENT|[56]|wrapper|{}|0x79752783
17:34:24.0 (55301810)|STATEMENT_EXECUTE|[57]
17:34:24.0 (55439657)|VARIABLE_ASSIGNMENT|[57]|this.Id|"a0KBK00000Gexcy2AB"|0x79752783
17:34:24.0 (55447416)|STATEMENT_EXECUTE|[58]
17:34:24.0 (55460348)|VARIABLE_ASSIGNMENT|[58]|this.JobPosition|"テスト407求人タイトル求人タイトル求人 (28 more) ..."|0x79752783
17:34:24.0 (55465847)|STATEMENT_EXECUTE|[59]
17:34:24.0 (55470515)|VARIABLE_ASSIGNMENT|[59]|this.WorkLocation2|null|0x79752783
17:34:24.0 (55474495)|STATEMENT_EXECUTE|[60]
17:34:24.0 (55479642)|VARIABLE_ASSIGNMENT|[60]|this.JobCategory1|"営業系"|0x79752783
17:34:24.0 (55484401)|STATEMENT_EXECUTE|[61]
17:34:24.0 (55502487)|VARIABLE_ASSIGNMENT|[61]|this.MaxAnnualSalary|450|0x79752783
17:34:24.0 (55506263)|STATEMENT_EXECUTE|[62]
17:34:24.0 (55512087)|VARIABLE_ASSIGNMENT|[62]|this.MinAnnualSalary|350|0x79752783
17:34:24.0 (55515835)|STATEMENT_EXECUTE|[63]
17:34:24.0 (55521790)|VARIABLE_ASSIGNMENT|[63]|this.JobDescription|"テスト407仕事内容仕事内容仕事内容仕事 (30 more) ..."|0x79752783
17:34:24.0 (55525753)|STATEMENT_EXECUTE|[64]
17:34:24.0 (55545515)|VARIABLE_ASSIGNMENT|[64]|this.LastModifiedDate|"2026-02-05T00:49:22.000Z"|0x79752783
17:34:24.0 (55549519)|STATEMENT_EXECUTE|[65]
17:34:24.0 (55557926)|VARIABLE_ASSIGNMENT|[65]|this.LastViewedDate|"2026-03-18T09:45:42.000Z"|0x79752783
17:34:24.0 (55561561)|STATEMENT_EXECUTE|[66]
17:34:24.0 (55578120)|HEAP_ALLOCATE|[66]|Bytes:5
17:34:24.0 (55598381)|VARIABLE_ASSIGNMENT|[66]|this.IsFavorite|false|0x79752783
17:34:24.0 (55600992)|STATEMENT_EXECUTE|[67]
17:34:24.0 (55606843)|HEAP_ALLOCATE|[EXTERNAL]|Bytes:4
17:34:24.0 (55618126)|HEAP_ALLOCATE|[55]|Bytes:5
17:34:24.0 (55641785)|VARIABLE_ASSIGNMENT|[55]|j|null|
17:34:24.0 (55646258)|STATEMENT_EXECUTE|[69]
17:34:24.55 (55715415)|CUMULATIVE_LIMIT_USAGE
17:34:24.55 (55715415)|LIMIT_USAGE_FOR_NS|(default)|
  Number of SOQL queries: 2 out of 100
  Number of query rows: 14 out of 50000
  Number of SOSL queries: 0 out of 20
  Number of DML statements: 0 out of 150
  Number of Publish Immediate DML: 0 out of 150
  Number of DML rows: 0 out of 10000
  Maximum CPU time: 0 out of 10000
  Maximum heap size: 0 out of 6000000
  Number of callouts: 0 out of 100
  Number of Email Invocations: 0 out of 10
  Number of future calls: 0 out of 50
  Number of queueable jobs added to the queue: 0 out of 50
  Number of Mobile Apex push calls: 0 out of 10

17:34:24.55 (55715415)|CUMULATIVE_LIMIT_USAGE_END

17:34:24.0 (55760801)|CODE_UNIT_FINISHED|JobCardsController.getJobs()
17:34:24.0 (55994410)|CODE_UNIT_FINISHED|apex://JobCardsController/ACTION$getJobs
17:34:24.0 (56002399)|EXECUTION_FINISHED
