66.0 APEX_CODE,FINEST;APEX_PROFILING,INFO;CALLOUT,INFO;DATA_ACCESS,INFO;DB,INFO;NBA,INFO;SYSTEM,DEBUG;VALIDATION,INFO;VISUALFORCE,INFO;WAVE,INFO;WORKFLOW,INFO
11:52:25.1 (1630479)|USER_INFO|[EXTERNAL]|0057F0000042UBb|ishibashi@hurex.co.jp.dev1|(GMT+09:00) 日本標準時 (Asia/Tokyo)|GMT+09:00
11:52:25.1 (1671089)|EXECUTION_STARTED
11:52:25.1 (1680411)|CODE_UNIT_STARTED|[EXTERNAL]|apex://ZipCodeSearchController/ACTION$searchAddress
11:52:25.1 (3583204)|CODE_UNIT_STARTED|[EXTERNAL]|01pBK000001fJ9N|ZipCodeSearchController.searchAddress(String)
11:52:25.1 (6234732)|HEAP_ALLOCATE|[95]|Bytes:3
11:52:25.1 (6327832)|HEAP_ALLOCATE|[100]|Bytes:152
11:52:25.1 (6342459)|HEAP_ALLOCATE|[417]|Bytes:408
11:52:25.1 (6353345)|HEAP_ALLOCATE|[430]|Bytes:408
11:52:25.1 (6373577)|HEAP_ALLOCATE|[317]|Bytes:6
11:52:25.1 (6429002)|HEAP_ALLOCATE|[EXTERNAL]|Bytes:1
11:52:25.1 (6439484)|METHOD_ENTRY|[1]|01pBK000001fJ9N|ZipCodeSearchController.ZipCodeSearchController()
11:52:25.1 (6443753)|STATEMENT_EXECUTE|[1]
11:52:25.1 (6447547)|STATEMENT_EXECUTE|[1]
11:52:25.1 (6464942)|HEAP_ALLOCATE|[68]|Bytes:5
11:52:25.1 (6487595)|HEAP_ALLOCATE|[74]|Bytes:5
11:52:25.1 (6491854)|HEAP_ALLOCATE|[82]|Bytes:7
11:52:25.1 (6678655)|HEAP_ALLOCATE|[EXTERNAL]|Bytes:5
11:52:25.1 (6690157)|METHOD_EXIT|[1]|ZipCodeSearchController
11:52:25.1 (6694122)|HEAP_ALLOCATE|[EXTERNAL]|Bytes:7
11:52:25.1 (6698816)|VARIABLE_SCOPE_BEGIN|[3]|zipcode|String|false|false
11:52:25.1 (6736389)|VARIABLE_ASSIGNMENT|[3]|zipcode|"1500022"
11:52:25.1 (6745044)|HEAP_ALLOCATE|[4]|Bytes:5
11:52:25.1 (6747736)|STATEMENT_EXECUTE|[3]
11:52:25.1 (6748913)|STATEMENT_EXECUTE|[4]
11:52:25.1 (6751497)|HEAP_ALLOCATE|[4]|Bytes:1
11:52:25.1 (6823179)|HEAP_ALLOCATE|[4]|Bytes:7
11:52:25.1 (6833119)|VARIABLE_SCOPE_BEGIN|[4]|cleanZip|String|false|false
11:52:25.1 (6842898)|VARIABLE_ASSIGNMENT|[4]|cleanZip|"1500022"
11:52:25.1 (6906349)|STATEMENT_EXECUTE|[5]
11:52:25.1 (6908339)|STATEMENT_EXECUTE|[11]
11:52:25.1 (6911345)|HEAP_ALLOCATE|[11]|Bytes:49
11:52:25.1 (6919031)|HEAP_ALLOCATE|[11]|Bytes:56
11:52:25.1 (6921227)|VARIABLE_SCOPE_BEGIN|[11]|endpoint|String|false|false
11:52:25.1 (6929164)|VARIABLE_ASSIGNMENT|[11]|endpoint|"https://zipcloud.ibs (36 more) ..."
11:52:25.1 (6931678)|STATEMENT_EXECUTE|[12]
11:52:25.1 (6958237)|VARIABLE_SCOPE_BEGIN|[12]|req|System.HttpRequest|true|false
11:52:25.1 (7178101)|VARIABLE_ASSIGNMENT|[12]|req|"System.HttpRequest[Endpoint=null, Method=null]"|0x1a947a73
11:52:25.1 (7185872)|STATEMENT_EXECUTE|[13]
11:52:25.1 (7238876)|STATEMENT_EXECUTE|[14]
11:52:25.1 (7241216)|HEAP_ALLOCATE|[14]|Bytes:3
11:52:25.1 (7255601)|STATEMENT_EXECUTE|[15]
11:52:25.1 (7270851)|STATEMENT_EXECUTE|[17]
11:52:25.1 (7271751)|STATEMENT_EXECUTE|[17]
11:52:25.1 (7272536)|STATEMENT_EXECUTE|[18]
11:52:25.1 (7282644)|VARIABLE_SCOPE_BEGIN|[18]|http|System.Http|true|false
11:52:25.1 (7339014)|VARIABLE_ASSIGNMENT|[18]|http|"System.Http[]"|0x24c85827
11:52:25.1 (7342853)|STATEMENT_EXECUTE|[19]
11:52:25.1 (7466543)|CALLOUT_REQUEST|[19]|System.HttpRequest[Endpoint=https://zipcloud.ibsnet.co.jp/api/search?zipcode=1500022, Method=GET]
11:52:25.1 (379761873)|HEAP_ALLOCATE|[EXTERNAL]|Bytes:505
11:52:25.1 (382191855)|CALLOUT_RESPONSE|[19]|System.HttpResponse[Status=OK, StatusCode=200]
11:52:25.1 (382232664)|HEAP_ALLOCATE|[19]|Bytes:302
11:52:25.1 (382268181)|VARIABLE_SCOPE_BEGIN|[19]|res|System.HttpResponse|true|false
11:52:25.1 (382332501)|VARIABLE_ASSIGNMENT|[19]|res|"System.HttpResponse[Status=OK, StatusCode=200]"|0x660bda8a
11:52:25.1 (382339439)|STATEMENT_EXECUTE|[20]
11:52:25.1 (382420082)|HEAP_ALLOCATE|[20]|Bytes:240
11:52:25.1 (382501378)|HEAP_ALLOCATE|[20]|Bytes:24
11:52:25.1 (382516849)|SYSTEM_METHOD_ENTRY|[1]|JSON.JSON()
11:52:25.1 (382519288)|STATEMENT_EXECUTE|[1]
11:52:25.1 (382529467)|SYSTEM_METHOD_EXIT|[1]|JSON
11:52:25.1 (382544714)|METHOD_ENTRY|[20]||System.JSON.deserializeUntyped(String)
11:52:25.1 (392475322)|METHOD_EXIT|[20]||System.JSON.deserializeUntyped(String)
11:52:25.1 (392514451)|VARIABLE_SCOPE_BEGIN|[20]|result|Map<String,ANY>|true|false
11:52:25.1 (392542908)|HEAP_ALLOCATE|[EXTERNAL]|Bytes:8
11:52:25.1 (392579872)|VARIABLE_ASSIGNMENT|[20]|result|{"results":["Map of size 8 too large to display"],"status":200}|0x708a347f
11:52:25.1 (392587251)|STATEMENT_EXECUTE|[21]
11:52:25.392 (392661674)|CUMULATIVE_LIMIT_USAGE
11:52:25.392 (392661674)|LIMIT_USAGE_FOR_NS|(default)|
  Number of SOQL queries: 0 out of 100
  Number of query rows: 0 out of 50000
  Number of SOSL queries: 0 out of 20
  Number of DML statements: 0 out of 0
  Number of Publish Immediate DML: 0 out of 150
  Number of DML rows: 0 out of 10000
  Maximum CPU time: 0 out of 10000
  Maximum heap size: 0 out of 6000000
  Number of callouts: 1 out of 100
  Number of Email Invocations: 0 out of 10
  Number of future calls: 0 out of 50
  Number of queueable jobs added to the queue: 0 out of 50
  Number of Mobile Apex push calls: 0 out of 10

11:52:25.392 (392661674)|CUMULATIVE_LIMIT_USAGE_END

11:52:25.1 (392722204)|CODE_UNIT_FINISHED|ZipCodeSearchController.searchAddress(String)
11:52:25.1 (392916659)|CODE_UNIT_FINISHED|apex://ZipCodeSearchController/ACTION$searchAddress
11:52:25.1 (392922923)|EXECUTION_FINISHED
