66.0 APEX_CODE,FINEST;APEX_PROFILING,INFO;CALLOUT,INFO;DATA_ACCESS,INFO;DB,INFO;NBA,INFO;SYSTEM,DEBUG;VALIDATION,INFO;VISUALFORCE,INFO;WAVE,INFO;WORKFLOW,INFO
15:32:23.0 (226291)|USER_INFO|[EXTERNAL]|0057F0000042UBb|ishibashi@hurex.co.jp.dev1|(GMT+09:00) 日本標準時 (Asia/Tokyo)|GMT+09:00
15:32:23.0 (257929)|EXECUTION_STARTED
15:32:23.0 (270039)|CODE_UNIT_STARTED|[EXTERNAL]|apex://CustomNotificationController/ACTION$getNotifications
15:32:23.0 (1305454)|CODE_UNIT_STARTED|[EXTERNAL]|01pBK000001VvEL|CustomNotificationController.getNotifications(String)
15:32:23.0 (1662781)|HEAP_ALLOCATE|[95]|Bytes:3
15:32:23.0 (1768941)|HEAP_ALLOCATE|[100]|Bytes:152
15:32:23.0 (1784620)|HEAP_ALLOCATE|[417]|Bytes:408
15:32:23.0 (1795256)|HEAP_ALLOCATE|[430]|Bytes:408
15:32:23.0 (1820111)|HEAP_ALLOCATE|[317]|Bytes:6
15:32:23.0 (1873639)|HEAP_ALLOCATE|[EXTERNAL]|Bytes:7
15:32:23.0 (1883475)|METHOD_ENTRY|[1]|01pBK000001VvEL|CustomNotificationController.CustomNotificationController()
15:32:23.0 (1887929)|STATEMENT_EXECUTE|[1]
15:32:23.0 (1893220)|STATEMENT_EXECUTE|[1]
15:32:23.0 (1912945)|HEAP_ALLOCATE|[68]|Bytes:5
15:32:23.0 (1935619)|HEAP_ALLOCATE|[74]|Bytes:5
15:32:23.0 (1940315)|HEAP_ALLOCATE|[82]|Bytes:7
15:32:23.0 (2111789)|HEAP_ALLOCATE|[EXTERNAL]|Bytes:5
15:32:23.0 (2128350)|METHOD_EXIT|[1]|CustomNotificationController
15:32:23.0 (2137058)|VARIABLE_SCOPE_BEGIN|[5]|before|String|false|false
15:32:23.0 (2168323)|VARIABLE_ASSIGNMENT|[5]|before|null
15:32:23.0 (2179304)|HEAP_ALLOCATE|[6]|Bytes:5
15:32:23.0 (2182464)|STATEMENT_EXECUTE|[5]
15:32:23.0 (2183456)|STATEMENT_EXECUTE|[6]
15:32:23.0 (2209433)|VARIABLE_SCOPE_BEGIN|[6]|req|System.HttpRequest|true|false
15:32:23.0 (2401822)|VARIABLE_ASSIGNMENT|[6]|req|"System.HttpRequest[Endpoint=null, Method=null]"|0x41d95dc6
15:32:23.0 (2407158)|STATEMENT_EXECUTE|[7]
15:32:23.0 (2410469)|HEAP_ALLOCATE|[7]|Bytes:3
15:32:23.0 (2477708)|STATEMENT_EXECUTE|[8]
15:32:23.0 (2479393)|HEAP_ALLOCATE|[8]|Bytes:13
15:32:23.0 (2481588)|HEAP_ALLOCATE|[8]|Bytes:7
15:32:23.0 (2523206)|HEAP_ALLOCATE|[8]|Bytes:105
15:32:23.0 (2530587)|SYSTEM_METHOD_ENTRY|[1]|UserInfo.UserInfo()
15:32:23.0 (2532778)|STATEMENT_EXECUTE|[1]
15:32:23.0 (2537926)|SYSTEM_METHOD_EXIT|[1]|UserInfo
15:32:23.0 (2547707)|METHOD_ENTRY|[8]||System.UserInfo.getSessionId()
15:32:23.0 (11352498)|METHOD_EXIT|[8]||System.UserInfo.getSessionId()
15:32:23.0 (11399540)|HEAP_ALLOCATE|[8]|Bytes:119
15:32:23.0 (11466525)|STATEMENT_EXECUTE|[10]
15:32:23.0 (11532186)|HEAP_ALLOCATE|[10]|Bytes:67
15:32:23.0 (11547489)|SYSTEM_METHOD_ENTRY|[1]|Url.Url()
15:32:23.0 (11549630)|STATEMENT_EXECUTE|[1]
15:32:23.0 (11557976)|SYSTEM_METHOD_EXIT|[1]|Url
15:32:23.0 (11568737)|METHOD_ENTRY|[10]||System.Url.getOrgDomainUrl()
15:32:23.0 (11811943)|METHOD_EXIT|[10]||System.Url.getOrgDomainUrl()
15:32:23.0 (11826947)|METHOD_ENTRY|[10]||System.Url.toExternalForm()
15:32:23.0 (11856449)|METHOD_EXIT|[10]||System.Url.toExternalForm()
15:32:23.0 (11860165)|VARIABLE_SCOPE_BEGIN|[10]|domainPath|String|false|false
15:32:23.0 (11881979)|VARIABLE_ASSIGNMENT|[10]|domainPath|"https://hurex--dev1. (25 more) ..."
15:32:23.0 (11884964)|STATEMENT_EXECUTE|[11]
15:32:23.0 (11888032)|HEAP_ALLOCATE|[11]|Bytes:50
15:32:23.0 (11895515)|HEAP_ALLOCATE|[11]|Bytes:95
15:32:23.0 (11898088)|VARIABLE_SCOPE_BEGIN|[11]|endpoint|String|false|false
15:32:23.0 (11903454)|VARIABLE_ASSIGNMENT|[11]|endpoint|"https://hurex--dev1. (75 more) ..."
15:32:23.0 (11953289)|STATEMENT_EXECUTE|[13]
15:32:23.0 (11954308)|STATEMENT_EXECUTE|[16]
15:32:23.0 (11977659)|STATEMENT_EXECUTE|[18]
15:32:23.0 (11997472)|VARIABLE_SCOPE_BEGIN|[18]|http|System.Http|true|false
15:32:23.0 (12130201)|VARIABLE_ASSIGNMENT|[18]|http|"System.Http[]"|0x3687036
15:32:23.0 (12138727)|STATEMENT_EXECUTE|[19]
15:32:23.0 (12250800)|CALLOUT_REQUEST|[19]|System.HttpRequest[Endpoint=https://hurex--dev1.sandbox.my.salesforce.com/services/data/v56.0/connect/notifications?size=20, Method=GET]
15:32:23.0 (79794429)|HEAP_ALLOCATE|[EXTERNAL]|Bytes:939
15:32:23.0 (81186777)|CALLOUT_RESPONSE|[19]|System.HttpResponse[Status=Unauthorized, StatusCode=401]
15:32:23.0 (81217966)|HEAP_ALLOCATE|[19]|Bytes:91
15:32:23.0 (81260027)|VARIABLE_SCOPE_BEGIN|[19]|res|System.HttpResponse|true|false
15:32:23.0 (81346630)|VARIABLE_ASSIGNMENT|[19]|res|"System.HttpResponse[Status=Unauthorized, StatusCode=401]"|0x4689e26b
15:32:23.0 (81426403)|STATEMENT_EXECUTE|[23]
15:32:23.0 (81428825)|STATEMENT_EXECUTE|[24]
15:32:23.0 (81477637)|HEAP_ALLOCATE|[24]|Bytes:9
15:32:23.0 (81511213)|HEAP_ALLOCATE|[24]|Bytes:75
15:32:23.0 (81529885)|HEAP_ALLOCATE|[24]|Bytes:84
15:32:23.0 (81702712)|FATAL_ERROR|System.AuraHandledException: Script-thrown exception

Class.CustomNotificationController.getNotifications: line 24, column 1
15:32:23.0 (81749218)|FATAL_ERROR|System.AuraHandledException: Script-thrown exception

Class.CustomNotificationController.getNotifications: line 24, column 1
15:32:23.81 (81759490)|CUMULATIVE_LIMIT_USAGE
15:32:23.81 (81759490)|LIMIT_USAGE_FOR_NS|(default)|
  Number of SOQL queries: 0 out of 100
  Number of query rows: 0 out of 50000
  Number of SOSL queries: 0 out of 20
  Number of DML statements: 0 out of 150
  Number of Publish Immediate DML: 0 out of 150
  Number of DML rows: 0 out of 10000
  Maximum CPU time: 0 out of 10000
  Maximum heap size: 0 out of 6000000
  Number of callouts: 1 out of 100
  Number of Email Invocations: 0 out of 10
  Number of future calls: 0 out of 50
  Number of queueable jobs added to the queue: 0 out of 50
  Number of Mobile Apex push calls: 0 out of 10

15:32:23.81 (81759490)|CUMULATIVE_LIMIT_USAGE_END

15:32:23.0 (81791693)|CODE_UNIT_FINISHED|CustomNotificationController.getNotifications(String)
15:32:23.0 (82043388)|CODE_UNIT_FINISHED|apex://CustomNotificationController/ACTION$getNotifications
15:32:23.0 (82050676)|EXECUTION_FINISHED
