66.0 APEX_CODE,FINEST;APEX_PROFILING,INFO;CALLOUT,INFO;DATA_ACCESS,INFO;DB,INFO;NBA,INFO;SYSTEM,DEBUG;VALIDATION,INFO;VISUALFORCE,INFO;WAVE,INFO;WORKFLOW,INFO
16:26:41.0 (336710)|USER_INFO|[EXTERNAL]|0057F0000042UBb|ishibashi@hurex.co.jp.dev1|(GMT+09:00) 日本標準時 (Asia/Tokyo)|GMT+09:00
16:26:41.0 (407268)|EXECUTION_STARTED
16:26:41.0 (433914)|CODE_UNIT_STARTED|[EXTERNAL]|apex://RegistrationInfoController/ACTION$getRegistrationInfo
16:26:41.0 (2257756)|CODE_UNIT_STARTED|[EXTERNAL]|01pBK000001mgyr|RegistrationInfoController.getRegistrationInfo()
16:26:41.0 (2571326)|HEAP_ALLOCATE|[95]|Bytes:3
16:26:41.0 (2675981)|HEAP_ALLOCATE|[100]|Bytes:152
16:26:41.0 (2697135)|HEAP_ALLOCATE|[417]|Bytes:408
16:26:41.0 (2728360)|HEAP_ALLOCATE|[430]|Bytes:408
16:26:41.0 (2765106)|HEAP_ALLOCATE|[317]|Bytes:6
16:26:41.0 (2837579)|HEAP_ALLOCATE|[EXTERNAL]|Bytes:23
16:26:41.0 (2841644)|HEAP_ALLOCATE|[EXTERNAL]|Bytes:16
16:26:41.0 (2861360)|METHOD_ENTRY|[5]|01pBK000001mgyr|RegistrationInfoController.RegistrationInfoController()
16:26:41.0 (2870511)|STATEMENT_EXECUTE|[5]
16:26:41.0 (2876439)|STATEMENT_EXECUTE|[5]
16:26:41.0 (2904821)|HEAP_ALLOCATE|[68]|Bytes:5
16:26:41.0 (2936430)|HEAP_ALLOCATE|[74]|Bytes:5
16:26:41.0 (2942496)|HEAP_ALLOCATE|[82]|Bytes:7
16:26:41.0 (3164599)|HEAP_ALLOCATE|[EXTERNAL]|Bytes:5
16:26:41.0 (3174128)|STATEMENT_EXECUTE|[7]
16:26:41.0 (3191313)|METHOD_EXIT|[5]|RegistrationInfoController
16:26:41.0 (3207526)|HEAP_ALLOCATE|[30]|Bytes:5
16:26:41.0 (3211319)|STATEMENT_EXECUTE|[29]
16:26:41.0 (3212837)|STATEMENT_EXECUTE|[30]
16:26:41.0 (3214018)|STATEMENT_EXECUTE|[30]
16:26:41.0 (3215448)|STATEMENT_EXECUTE|[31]
16:26:41.0 (3218378)|HEAP_ALLOCATE|[31]|Bytes:70
16:26:41.0 (3242963)|HEAP_ALLOCATE|[31]|Bytes:4
16:26:41.0 (4730546)|SOQL_EXECUTE_BEGIN|[31]|Aggregations:0|SELECT Id, AccountId FROM User WHERE Id = '005BK00000GwCFkYAN' LIMIT 1
16:26:41.0 (12566138)|SOQL_EXECUTE_END|[31]|Rows:1
16:26:41.0 (12618411)|HEAP_ALLOCATE|[31]|Bytes:8
16:26:41.0 (12649262)|HEAP_ALLOCATE|[31]|Bytes:60
16:26:41.0 (12850342)|HEAP_ALLOCATE|[31]|Bytes:8
16:26:41.0 (12876974)|HEAP_ALLOCATE|[31]|Bytes:30
16:26:41.0 (12988240)|HEAP_ALLOCATE|[31]|Bytes:12
16:26:41.0 (13005910)|VARIABLE_SCOPE_BEGIN|[31]|currentUser|User|true|false
16:26:41.0 (13170348)|VARIABLE_ASSIGNMENT|[31]|currentUser|{"Id":"005BK00000GwCFkYAN","AccountId":"001BK00000cc2ZEYAY"}|0x2d7a093b
16:26:41.0 (13254758)|STATEMENT_EXECUTE|[32]
16:26:41.0 (13257957)|STATEMENT_EXECUTE|[36]
16:26:41.0 (13260786)|HEAP_ALLOCATE|[36]|Bytes:379
16:26:41.0 (13286024)|HEAP_ALLOCATE|[36]|Bytes:4
16:26:41.0 (13298937)|HEAP_ALLOCATE|[36]|Bytes:7
16:26:41.0 (15263108)|SOQL_EXECUTE_BEGIN|[36]|Aggregations:0|SELECT Id, LastName, FirstName, NameKanaSei__pc, NameKanaMei__pc, PersonBirthdate, Gender__pc, PostalCode__c, City__c, CityAndAddress__c, PersonMobilePhone, FinalEducationLevel__pc, SchoolFacultyDepartment__c, NumberOfCompaniesWorked__c, EmploymentStatus__pc, LicensesAndCertifications1__c, ManagementExperience__c, MyPageOtherRequests__c FROM Account WHERE Id = :tmpVar1 LIMIT 1
16:26:41.0 (39446384)|SOQL_EXECUTE_END|[36]|Rows:1
16:26:41.0 (39485229)|HEAP_ALLOCATE|[36]|Bytes:8
16:26:41.0 (39501825)|HEAP_ALLOCATE|[36]|Bytes:500
16:26:41.0 (39601314)|HEAP_ALLOCATE|[36]|Bytes:8
16:26:41.0 (39619629)|HEAP_ALLOCATE|[36]|Bytes:33
16:26:41.0 (39705616)|HEAP_ALLOCATE|[36]|Bytes:72
16:26:41.0 (39718102)|VARIABLE_SCOPE_BEGIN|[36]|acc|Account|true|false
16:26:41.0 (39892316)|VARIABLE_ASSIGNMENT|[36]|acc|{"EmploymentStatus__pc":"就業中","CityAndAddress__c":"市区町村（都道府県以下の住所）","FirstName":"名","FinalEducationLevel__pc":"大学院卒（博士）","NumberOfCompaniesWorked__c":1,"PostalCode__c":"123-4567","NameKanaMei__pc":"ふりがな(名)","Gender__pc":"男性","City__c":"岩手県","NameKanaSei__pc":"ふりがな(姓)","ManagementExperience__c":false,"MyPageOtherRequests__c":"その他","LicensesAndCertifications1__c":"免許・資格","PersonMobilePhone":"123456789","Id":"001BK00000cc2ZEYAY","LastName":"テスト 廣川","SchoolFacultyDepartment__c":"学校名/学部名/学科"}|0x73a4b210
16:26:41.0 (39912187)|STATEMENT_EXECUTE|[47]
16:26:41.0 (39945879)|METHOD_ENTRY|[47]|01pBK000001mgyr|RegistrationInfoController.buildWrapper(Account)
16:26:41.0 (39985633)|VARIABLE_SCOPE_BEGIN|[93]|acc|Account|true|false
16:26:41.0 (40042969)|VARIABLE_ASSIGNMENT|[93]|acc|{"EmploymentStatus__pc":"就業中","CityAndAddress__c":"市区町村（都道府県以下の住所）","FirstName":"名","FinalEducationLevel__pc":"大学院卒（博士）","NumberOfCompaniesWorked__c":1,"PostalCode__c":"123-4567","NameKanaMei__pc":"ふりがな(名)","Gender__pc":"男性","City__c":"岩手県","NameKanaSei__pc":"ふりがな(姓)","ManagementExperience__c":false,"MyPageOtherRequests__c":"その他","LicensesAndCertifications1__c":"免許・資格","PersonMobilePhone":"123456789","Id":"001BK00000cc2ZEYAY","LastName":"テスト 廣川","SchoolFacultyDepartment__c":"学校名/学部名/学科"}|0x73a4b210
16:26:41.0 (40067381)|HEAP_ALLOCATE|[94]|Bytes:5
16:26:41.0 (40071957)|STATEMENT_EXECUTE|[93]
16:26:41.0 (40073213)|STATEMENT_EXECUTE|[94]
16:26:41.0 (40160359)|HEAP_ALLOCATE|[94]|Bytes:76
16:26:41.0 (40177831)|CONSTRUCTOR_ENTRY|[94]|01pBK000001mgyr|<init>()|RegistrationInfoController.RegistrationInfoWrapper
16:26:41.0 (40215993)|VARIABLE_SCOPE_BEGIN|[7]|this|RegistrationInfoController.RegistrationInfoWrapper|true|false
16:26:41.0 (40297456)|VARIABLE_ASSIGNMENT|[7]|this|{}|0x29aa099b
16:26:41.0 (40311878)|HEAP_ALLOCATE|[EXTERNAL]|Bytes:6
16:26:41.0 (42957755)|STATEMENT_EXECUTE|[7]
16:26:41.0 (42964603)|STATEMENT_EXECUTE|[8]
16:26:41.0 (42966140)|STATEMENT_EXECUTE|[9]
16:26:41.0 (42967066)|STATEMENT_EXECUTE|[10]
16:26:41.0 (42968669)|STATEMENT_EXECUTE|[11]
16:26:41.0 (42969819)|STATEMENT_EXECUTE|[12]
16:26:41.0 (42970716)|STATEMENT_EXECUTE|[13]
16:26:41.0 (42971750)|STATEMENT_EXECUTE|[14]
16:26:41.0 (42972743)|STATEMENT_EXECUTE|[15]
16:26:41.0 (42973622)|STATEMENT_EXECUTE|[16]
16:26:41.0 (42974508)|STATEMENT_EXECUTE|[17]
16:26:41.0 (42975431)|STATEMENT_EXECUTE|[18]
16:26:41.0 (42976186)|STATEMENT_EXECUTE|[19]
16:26:41.0 (42977020)|STATEMENT_EXECUTE|[20]
16:26:41.0 (42977910)|STATEMENT_EXECUTE|[21]
16:26:41.0 (42978836)|STATEMENT_EXECUTE|[22]
16:26:41.0 (42979616)|STATEMENT_EXECUTE|[23]
16:26:41.0 (42980559)|STATEMENT_EXECUTE|[24]
16:26:41.0 (42981306)|STATEMENT_EXECUTE|[25]
16:26:41.0 (42988439)|CONSTRUCTOR_EXIT|[94]|01pBK000001mgyr|<init>()|RegistrationInfoController.RegistrationInfoWrapper
16:26:41.0 (43003669)|VARIABLE_SCOPE_BEGIN|[94]|w|RegistrationInfoController.RegistrationInfoWrapper|true|false
16:26:41.0 (43071766)|VARIABLE_ASSIGNMENT|[94]|w|{}|0x29aa099b
16:26:41.0 (43077789)|STATEMENT_EXECUTE|[95]
16:26:41.0 (43190812)|HEAP_ALLOCATE|[95]|Bytes:18
16:26:41.0 (43217567)|VARIABLE_ASSIGNMENT|[95]|this.recordId|"001BK00000cc2ZEYAY"|0x29aa099b
16:26:41.0 (43222070)|STATEMENT_EXECUTE|[96]
16:26:41.0 (43250532)|VARIABLE_ASSIGNMENT|[96]|this.lastName|"テスト 廣川"|0x29aa099b
16:26:41.0 (43255297)|STATEMENT_EXECUTE|[97]
16:26:41.0 (43265789)|VARIABLE_ASSIGNMENT|[97]|this.firstName|"名"|0x29aa099b
16:26:41.0 (43268688)|STATEMENT_EXECUTE|[98]
16:26:41.0 (43279407)|VARIABLE_ASSIGNMENT|[98]|this.kanaSei|"ふりがな(姓)"|0x29aa099b
16:26:41.0 (43283664)|STATEMENT_EXECUTE|[99]
16:26:41.0 (43293522)|VARIABLE_ASSIGNMENT|[99]|this.kanaMei|"ふりがな(名)"|0x29aa099b
16:26:41.0 (43298579)|STATEMENT_EXECUTE|[100]
16:26:41.0 (43306098)|VARIABLE_ASSIGNMENT|[100]|this.birthdate|""|0x29aa099b
16:26:41.0 (43309242)|STATEMENT_EXECUTE|[101]
16:26:41.0 (43317449)|VARIABLE_ASSIGNMENT|[101]|this.gender|"男性"|0x29aa099b
16:26:41.0 (43320690)|STATEMENT_EXECUTE|[102]
16:26:41.0 (43329052)|VARIABLE_ASSIGNMENT|[102]|this.postalCode|"123-4567"|0x29aa099b
16:26:41.0 (43333140)|STATEMENT_EXECUTE|[103]
16:26:41.0 (43350400)|VARIABLE_ASSIGNMENT|[103]|this.prefecture|"岩手県"|0x29aa099b
16:26:41.0 (43354037)|STATEMENT_EXECUTE|[104]
16:26:41.0 (43362267)|VARIABLE_ASSIGNMENT|[104]|this.address|"市区町村（都道府県以下の住所）"|0x29aa099b
16:26:41.0 (43365572)|STATEMENT_EXECUTE|[105]
16:26:41.0 (43377133)|VARIABLE_ASSIGNMENT|[105]|this.phone|"123456789"|0x29aa099b
16:26:41.0 (43380080)|STATEMENT_EXECUTE|[106]
16:26:41.0 (43387313)|VARIABLE_ASSIGNMENT|[106]|this.education|"大学院卒（博士）"|0x29aa099b
16:26:41.0 (43390328)|STATEMENT_EXECUTE|[107]
16:26:41.0 (43401089)|VARIABLE_ASSIGNMENT|[107]|this.school|"学校名/学部名/学科"|0x29aa099b
16:26:41.0 (43404498)|STATEMENT_EXECUTE|[108]
16:26:41.0 (43451498)|HEAP_ALLOCATE|[108]|Bytes:28
16:26:41.0 (43459397)|HEAP_ALLOCATE|[108]|Bytes:28
16:26:41.0 (43560224)|HEAP_ALLOCATE|[108]|Bytes:1
16:26:41.0 (43577658)|VARIABLE_ASSIGNMENT|[108]|this.companyCount|"1"|0x29aa099b
16:26:41.0 (43582574)|STATEMENT_EXECUTE|[109]
16:26:41.0 (43610341)|VARIABLE_ASSIGNMENT|[109]|this.employmentStatus|"就業中"|0x29aa099b
16:26:41.0 (43614632)|STATEMENT_EXECUTE|[110]
16:26:41.0 (43623954)|VARIABLE_ASSIGNMENT|[110]|this.license|"免許・資格"|0x29aa099b
16:26:41.0 (43627333)|STATEMENT_EXECUTE|[111]
16:26:41.0 (43647622)|METHOD_ENTRY|[111]|01pBK000001mgyr|RegistrationInfoController.convertManagementBooleanToString(Boolean)
16:26:41.0 (43672809)|VARIABLE_SCOPE_BEGIN|[121]|mgmtBool|Boolean|false|false
16:26:41.0 (43684565)|VARIABLE_ASSIGNMENT|[121]|mgmtBool|false
16:26:41.0 (43697659)|HEAP_ALLOCATE|[122]|Bytes:5
16:26:41.0 (43723660)|STATEMENT_EXECUTE|[121]
16:26:41.0 (43729797)|STATEMENT_EXECUTE|[122]
16:26:41.0 (43731757)|STATEMENT_EXECUTE|[123]
16:26:41.0 (43733937)|HEAP_ALLOCATE|[123]|Bytes:2
16:26:41.0 (43745453)|METHOD_EXIT|[111]|01pBK000001mgyr|RegistrationInfoController.convertManagementBooleanToString(Boolean)
16:26:41.0 (43758023)|VARIABLE_ASSIGNMENT|[111]|this.managementExperience|"なし"|0x29aa099b
16:26:41.0 (43762925)|STATEMENT_EXECUTE|[112]
16:26:41.0 (43783553)|VARIABLE_ASSIGNMENT|[112]|this.remarks|"その他"|0x29aa099b
16:26:41.0 (43788661)|STATEMENT_EXECUTE|[113]
16:26:41.0 (43794860)|METHOD_EXIT|[47]|01pBK000001mgyr|RegistrationInfoController.buildWrapper(Account)
16:26:41.43 (43880476)|CUMULATIVE_LIMIT_USAGE
16:26:41.43 (43880476)|LIMIT_USAGE_FOR_NS|(default)|
  Number of SOQL queries: 2 out of 100
  Number of query rows: 2 out of 50000
  Number of SOSL queries: 0 out of 20
  Number of DML statements: 0 out of 150
  Number of Publish Immediate DML: 0 out of 150
  Number of DML rows: 0 out of 10000
  Maximum CPU time: 0 out of 10000
  Maximum heap size: 0 out of 6000000
  Number of callouts: 0 out of 100
  Number of Email Invocations: 0 out of 10
  Number of future calls: 0 out of 50
  Number of queueable jobs added to the queue: 0 out of 50
  Number of Mobile Apex push calls: 0 out of 10

16:26:41.43 (43880476)|CUMULATIVE_LIMIT_USAGE_END

16:26:41.0 (43939554)|CODE_UNIT_FINISHED|RegistrationInfoController.getRegistrationInfo()
16:26:41.0 (44183320)|CODE_UNIT_FINISHED|apex://RegistrationInfoController/ACTION$getRegistrationInfo
16:26:41.0 (44196443)|EXECUTION_FINISHED
