66.0 APEX_CODE,FINEST;APEX_PROFILING,INFO;CALLOUT,INFO;DATA_ACCESS,INFO;DB,INFO;NBA,INFO;SYSTEM,DEBUG;VALIDATION,INFO;VISUALFORCE,INFO;WAVE,INFO;WORKFLOW,INFO
11:19:02.4 (4729003)|EXECUTION_STARTED
11:19:02.4 (4776224)|CODE_UNIT_STARTED|[EXTERNAL]|VisualForce View State
11:19:02.4 (14303583)|CODE_UNIT_FINISHED|VisualForce View State
11:19:02.4 (14324080)|EXECUTION_FINISHED
11:19:02.25 (25684829)|HEAP_ALLOCATE|[EXTERNAL]|Bytes:-4
11:19:02.26 (26010390)|SYSTEM_MODE_ENTER|false
11:19:02.180 (180626704)|CUMULATIVE_LIMIT_USAGE
11:19:02.180 (180626704)|LIMIT_USAGE_FOR_NS|(default)|
  Number of SOQL queries: 0 out of 100
  Number of query rows: 0 out of 50000
  Number of SOSL queries: 0 out of 20
  Number of DML statements: 0 out of 150
  Number of Publish Immediate DML: 0 out of 150
  Number of DML rows: 0 out of 10000
  Maximum CPU time: 0 out of 10000
  Maximum heap size: 0 out of 6000000
  Number of callouts: 0 out of 100
  Number of Email Invocations: 0 out of 10
  Number of future calls: 0 out of 50
  Number of queueable jobs added to the queue: 0 out of 50
  Number of Mobile Apex push calls: 0 out of 10

11:19:02.180 (180626704)|CUMULATIVE_LIMIT_USAGE_END

