66.0 APEX_CODE,FINEST;APEX_PROFILING,INFO;CALLOUT,INFO;DATA_ACCESS,INFO;DB,INFO;NBA,INFO;SYSTEM,DEBUG;VALIDATION,INFO;VISUALFORCE,INFO;WAVE,INFO;WORKFLOW,INFO
18:17:11.2 (2605686)|USER_INFO|[EXTERNAL]|0057F0000042UBb|ishibashi@hurex.co.jp.dev1|(GMT+09:00) 日本標準時 (Asia/Tokyo)|GMT+09:00
18:17:11.2 (2687035)|EXECUTION_STARTED
18:17:11.2 (2714654)|CODE_UNIT_STARTED|[EXTERNAL]|apex://OfferComponentController/ACTION$getOffers
18:17:11.2 (4525725)|CODE_UNIT_STARTED|[EXTERNAL]|01pBK000001Vpwv|OfferComponentController.getOffers()
18:17:11.2 (7619041)|HEAP_ALLOCATE|[95]|Bytes:3
18:17:11.2 (7765794)|HEAP_ALLOCATE|[100]|Bytes:152
18:17:11.2 (7783227)|HEAP_ALLOCATE|[417]|Bytes:408
18:17:11.2 (7801069)|HEAP_ALLOCATE|[430]|Bytes:408
18:17:11.2 (7824799)|HEAP_ALLOCATE|[317]|Bytes:6
18:17:11.2 (7889612)|HEAP_ALLOCATE|[EXTERNAL]|Bytes:2
18:17:11.2 (7908006)|METHOD_ENTRY|[5]|01pBK000001Vpwv|OfferComponentController.OfferComponentController()
18:17:11.2 (7924252)|STATEMENT_EXECUTE|[5]
18:17:11.2 (7931299)|STATEMENT_EXECUTE|[5]
18:17:11.2 (7952262)|HEAP_ALLOCATE|[68]|Bytes:5
18:17:11.2 (7990786)|HEAP_ALLOCATE|[74]|Bytes:5
18:17:11.2 (7996310)|HEAP_ALLOCATE|[82]|Bytes:7
18:17:11.2 (8439191)|HEAP_ALLOCATE|[EXTERNAL]|Bytes:5
18:17:11.2 (8462961)|METHOD_EXIT|[5]|OfferComponentController
18:17:11.2 (8478547)|HEAP_ALLOCATE|[18]|Bytes:5
18:17:11.2 (8481412)|STATEMENT_EXECUTE|[16]
18:17:11.2 (8482576)|STATEMENT_EXECUTE|[18]
18:17:11.2 (8485241)|HEAP_ALLOCATE|[18]|Bytes:78
18:17:11.2 (8510234)|HEAP_ALLOCATE|[18]|Bytes:4
18:17:11.2 (10723189)|SOQL_EXECUTE_BEGIN|[18]|Aggregations:0|SELECT COUNT() FROM SelectionProcess__c WHERE LatestProcessStatus__c = 'JOB打診'
18:17:11.2 (26145862)|SOQL_EXECUTE_END|[18]|Rows:2
18:17:11.2 (26210978)|HEAP_ALLOCATE|[18]|Bytes:4
18:17:11.2 (26253651)|VARIABLE_SCOPE_BEGIN|[18]|totalCount|Integer|false|false
18:17:11.2 (26261414)|HEAP_ALLOCATE|[18]|Bytes:4
18:17:11.2 (26318688)|VARIABLE_ASSIGNMENT|[18]|totalCount|2
18:17:11.2 (26324028)|STATEMENT_EXECUTE|[22]
18:17:11.2 (26330518)|HEAP_ALLOCATE|[22]|Bytes:360
18:17:11.2 (26358970)|HEAP_ALLOCATE|[22]|Bytes:4
18:17:11.2 (37480785)|SOQL_EXECUTE_BEGIN|[22]|Aggregations:0|SELECT Id, JobPosition__c, LatestProcessStatus__c, LastModifiedDate, JobPosition__r.Id, JobPosition__r.Company__r.Name, JobPosition__r.JobPosition__c, JobPosition__r.WorkLocation2__c, JobPosition__r.JobCategory1__c, JobPosition__r.LastViewedDate FROM SelectionProcess__c WHERE LatestProcessStatus__c = 'JOB打診' ORDER BY LastModifiedDate DESC NULLS FIRST LIMIT 2
18:17:11.2 (74909645)|SOQL_EXECUTE_END|[22]|Rows:2
18:17:11.2 (74958435)|HEAP_ALLOCATE|[22]|Bytes:12
18:17:11.2 (74986935)|HEAP_ALLOCATE|[22]|Bytes:874
18:17:11.2 (75160815)|HEAP_ALLOCATE|[22]|Bytes:12
18:17:11.2 (75186314)|VARIABLE_SCOPE_BEGIN|[22]|processes|List<SelectionProcess__c>|true|false
18:17:11.2 (75745683)|VARIABLE_ASSIGNMENT|[22]|processes|[{"JobPosition__c":"a0KBK00000GezgQ2AR","LastModifiedDate":"2026-03-25T09:40:48.000Z","JobPosition__r":{"JobPosition__c":"新潟市(新潟) 法人ルート営業・業界シェ (74 more) ...","WorkLocation2__c":"新潟県新潟市（転勤なし／車通勤可）","LastViewedDate":"2026-04-02T09:08:32.000Z","Id":"a0KBK00000GezgQ2AR","Company__c":"001BK00000b1JOJYA2","Company__r":{"Name":"(demo)株式会社エンミッシュ","Id":"001BK00000b1JOJYA2"},"JobCategory1__c":"経営幹部/企画/マーケティング系"},"Id":"a0LBK000006mpG52AI","LatestProcessStatus__c":"JOB打診"},{"JobPosition__c":"a0KBK00000Gexcs2AB","LastModifiedDate":"2026-03-02T05:52:31.000Z","JobPosition__r":{"JobPosition__c":"テスト401求人タイトル求人タイトル求人 (28 more) ...","WorkLocation2__c":"勤務地","LastViewedDate":"2026-04-02T07:07:16.000Z","Id":"a0KBK00000Gexcs2AB","Company__c":"001BK00000cc2ZEYAY","Company__r":{"Name":"テスト 廣川","Id":"001BK00000cc2ZEYAY"},"JobCategory1__c":"専門職系（コンサルタント/金融/不動産）"},"Id":"a0LBK000005sEhR2AU","LatestProcessStatus__c":"JOB打診"}]|0x2cb3ce6a
18:17:11.2 (75767340)|STATEMENT_EXECUTE|[41]
18:17:11.2 (75788905)|HEAP_ALLOCATE|[41]|Bytes:4
18:17:11.2 (75873049)|VARIABLE_SCOPE_BEGIN|[41]|jobInfos|List<Map<String,ANY>>|true|false
18:17:11.2 (75903721)|HEAP_ALLOCATE|[EXTERNAL]|Bytes:4
18:17:11.2 (75912041)|VARIABLE_ASSIGNMENT|[41]|jobInfos|[]|0x49248242
18:17:11.2 (76150124)|HEAP_ALLOCATE|[44]|Bytes:5
18:17:11.2 (76183064)|HEAP_ALLOCATE|[44]|Bytes:24
18:17:11.2 (76191365)|VARIABLE_SCOPE_BEGIN|[44]|process|SelectionProcess__c|true|false
18:17:11.2 (76274875)|VARIABLE_ASSIGNMENT|[44]|process|{"JobPosition__c":"a0KBK00000GezgQ2AR","LastModifiedDate":"2026-03-25T09:40:48.000Z","JobPosition__r":{"JobPosition__c":"新潟市(新潟) 法人ルート営業・業界シェ (74 more) ...","WorkLocation2__c":"新潟県新潟市（転勤なし／車通勤可）","LastViewedDate":"2026-04-02T09:08:32.000Z","Id":"a0KBK00000GezgQ2AR","Company__c":"001BK00000b1JOJYA2","Company__r":{"Name":"(demo)株式会社エンミッシュ","Id":"001BK00000b1JOJYA2"},"JobCategory1__c":"経営幹部/企画/マーケティング系"},"Id":"a0LBK000006mpG52AI","LatestProcessStatus__c":"JOB打診"}|0x26c26abc
18:17:11.2 (76284813)|STATEMENT_EXECUTE|[44]
18:17:11.2 (76285975)|STATEMENT_EXECUTE|[45]
18:17:11.2 (76296285)|HEAP_ALLOCATE|[45]|Bytes:4
18:17:11.2 (76303423)|VARIABLE_SCOPE_BEGIN|[45]|jobInfo|Map<String,ANY>|true|false
18:17:11.2 (76317048)|VARIABLE_ASSIGNMENT|[45]|jobInfo|{}|0x23f188d
18:17:11.2 (76320074)|STATEMENT_EXECUTE|[46]
18:17:11.2 (76324477)|HEAP_ALLOCATE|[46]|Bytes:5
18:17:11.2 (76394624)|HEAP_ALLOCATE|[EXTERNAL]|Bytes:-4
18:17:11.2 (76400077)|STATEMENT_EXECUTE|[48]
18:17:11.2 (76401851)|HEAP_ALLOCATE|[48]|Bytes:10
18:17:11.2 (76425498)|HEAP_ALLOCATE|[48]|Bytes:14
18:17:11.2 (76488151)|HEAP_ALLOCATE|[48]|Bytes:15
18:17:11.2 (76512887)|HEAP_ALLOCATE|[EXTERNAL]|Bytes:-4
18:17:11.2 (76516500)|STATEMENT_EXECUTE|[50]
18:17:11.2 (76517985)|HEAP_ALLOCATE|[50]|Bytes:11
18:17:11.2 (76571493)|HEAP_ALLOCATE|[EXTERNAL]|Bytes:-4
18:17:11.2 (76575213)|STATEMENT_EXECUTE|[52]
18:17:11.2 (76576585)|HEAP_ALLOCATE|[52]|Bytes:13
18:17:11.2 (76593046)|HEAP_ALLOCATE|[EXTERNAL]|Bytes:-4
18:17:11.2 (76596184)|STATEMENT_EXECUTE|[54]
18:17:11.2 (76597370)|HEAP_ALLOCATE|[54]|Bytes:12
18:17:11.2 (76610763)|HEAP_ALLOCATE|[EXTERNAL]|Bytes:-4
18:17:11.2 (76613842)|STATEMENT_EXECUTE|[56]
18:17:11.2 (76615228)|HEAP_ALLOCATE|[56]|Bytes:11
18:17:11.2 (76672110)|HEAP_ALLOCATE|[EXTERNAL]|Bytes:-4
18:17:11.2 (76675709)|STATEMENT_EXECUTE|[58]
18:17:11.2 (76677275)|HEAP_ALLOCATE|[58]|Bytes:14
18:17:11.2 (76699614)|HEAP_ALLOCATE|[EXTERNAL]|Bytes:-4
18:17:11.2 (76702945)|STATEMENT_EXECUTE|[59]
18:17:11.2 (76717340)|HEAP_ALLOCATE|[EXTERNAL]|Bytes:4
18:17:11.2 (76729230)|HEAP_ALLOCATE|[44]|Bytes:5
18:17:11.2 (76737576)|HEAP_ALLOCATE|[44]|Bytes:24
18:17:11.2 (76742315)|VARIABLE_SCOPE_BEGIN|[44]|process|SelectionProcess__c|true|false
18:17:11.2 (76815632)|VARIABLE_ASSIGNMENT|[44]|process|{"JobPosition__c":"a0KBK00000Gexcs2AB","LastModifiedDate":"2026-03-02T05:52:31.000Z","JobPosition__r":{"JobPosition__c":"テスト401求人タイトル求人タイトル求人 (28 more) ...","WorkLocation2__c":"勤務地","LastViewedDate":"2026-04-02T07:07:16.000Z","Id":"a0KBK00000Gexcs2AB","Company__c":"001BK00000cc2ZEYAY","Company__r":{"Name":"テスト 廣川","Id":"001BK00000cc2ZEYAY"},"JobCategory1__c":"専門職系（コンサルタント/金融/不動産）"},"Id":"a0LBK000005sEhR2AU","LatestProcessStatus__c":"JOB打診"}|0x5e221a58
18:17:11.2 (76825354)|STATEMENT_EXECUTE|[44]
18:17:11.2 (76826285)|STATEMENT_EXECUTE|[45]
18:17:11.2 (76832721)|HEAP_ALLOCATE|[45]|Bytes:4
18:17:11.2 (76836864)|VARIABLE_SCOPE_BEGIN|[45]|jobInfo|Map<String,ANY>|true|false
18:17:11.2 (76844744)|VARIABLE_ASSIGNMENT|[45]|jobInfo|{}|0x675b6f4e
18:17:11.2 (76847681)|STATEMENT_EXECUTE|[46]
18:17:11.2 (76854902)|HEAP_ALLOCATE|[EXTERNAL]|Bytes:-4
18:17:11.2 (76858178)|STATEMENT_EXECUTE|[48]
18:17:11.2 (76873334)|HEAP_ALLOCATE|[48]|Bytes:14
18:17:11.2 (76880472)|HEAP_ALLOCATE|[EXTERNAL]|Bytes:-4
18:17:11.2 (76883296)|STATEMENT_EXECUTE|[50]
18:17:11.2 (76888629)|HEAP_ALLOCATE|[EXTERNAL]|Bytes:-4
18:17:11.2 (76891338)|STATEMENT_EXECUTE|[52]
18:17:11.2 (76895466)|HEAP_ALLOCATE|[EXTERNAL]|Bytes:-4
18:17:11.2 (76898123)|STATEMENT_EXECUTE|[54]
18:17:11.2 (76902040)|HEAP_ALLOCATE|[EXTERNAL]|Bytes:-4
18:17:11.2 (76904702)|STATEMENT_EXECUTE|[56]
18:17:11.2 (76909706)|HEAP_ALLOCATE|[EXTERNAL]|Bytes:-4
18:17:11.2 (76912404)|STATEMENT_EXECUTE|[58]
18:17:11.2 (76918204)|HEAP_ALLOCATE|[EXTERNAL]|Bytes:-4
18:17:11.2 (76920893)|STATEMENT_EXECUTE|[59]
18:17:11.2 (76924046)|HEAP_ALLOCATE|[EXTERNAL]|Bytes:4
18:17:11.2 (76930636)|HEAP_ALLOCATE|[44]|Bytes:5
18:17:11.2 (76938199)|VARIABLE_ASSIGNMENT|[44]|process|null|
18:17:11.2 (76942239)|STATEMENT_EXECUTE|[63]
18:17:11.2 (76945606)|HEAP_ALLOCATE|[63]|Bytes:4
18:17:11.2 (76949011)|VARIABLE_SCOPE_BEGIN|[63]|result|Map<String,ANY>|true|false
18:17:11.2 (76954576)|VARIABLE_ASSIGNMENT|[63]|result|{}|0x18493846
18:17:11.2 (76957375)|STATEMENT_EXECUTE|[64]
18:17:11.2 (76959006)|HEAP_ALLOCATE|[64]|Bytes:8
18:17:11.2 (76977174)|HEAP_ALLOCATE|[EXTERNAL]|Bytes:-4
18:17:11.2 (76980526)|STATEMENT_EXECUTE|[65]
18:17:11.2 (76981996)|HEAP_ALLOCATE|[65]|Bytes:10
18:17:11.2 (76991121)|HEAP_ALLOCATE|[65]|Bytes:4
18:17:11.2 (77016821)|HEAP_ALLOCATE|[EXTERNAL]|Bytes:-4
18:17:11.2 (77020326)|STATEMENT_EXECUTE|[66]
18:17:11.77 (77094891)|CUMULATIVE_LIMIT_USAGE
18:17:11.77 (77094891)|LIMIT_USAGE_FOR_NS|(default)|
  Number of SOQL queries: 2 out of 100
  Number of query rows: 3 out of 50000
  Number of SOSL queries: 0 out of 20
  Number of DML statements: 0 out of 0
  Number of Publish Immediate DML: 0 out of 150
  Number of DML rows: 0 out of 10000
  Maximum CPU time: 0 out of 10000
  Maximum heap size: 0 out of 6000000
  Number of callouts: 0 out of 100
  Number of Email Invocations: 0 out of 10
  Number of future calls: 0 out of 50
  Number of queueable jobs added to the queue: 0 out of 50
  Number of Mobile Apex push calls: 0 out of 10

18:17:11.77 (77094891)|CUMULATIVE_LIMIT_USAGE_END

18:17:11.2 (77144228)|CODE_UNIT_FINISHED|OfferComponentController.getOffers()
18:17:11.2 (77346766)|CODE_UNIT_FINISHED|apex://OfferComponentController/ACTION$getOffers
18:17:11.2 (77356077)|EXECUTION_FINISHED
