66.0 APEX_CODE,FINEST;APEX_PROFILING,INFO;CALLOUT,INFO;DATA_ACCESS,INFO;DB,INFO;NBA,INFO;SYSTEM,DEBUG;VALIDATION,INFO;VISUALFORCE,INFO;WAVE,INFO;WORKFLOW,INFO
Execute Anonymous: //String FIELDS = 'Person.P_Id,Person.P_Name,Person.P_Telephone,Person.P_Mail,Person.P_Mobile,Person.P_MobileMail,Person.P_RegistrationDate,Person.P_RegisteredBy,Person.P_UpdateDate,Person.P_UpdatedBy';
Execute Anonymous: Datetime lastSyncTime = Datetime.valueOf('2026-03-01 10:56:02');
Execute Anonymous: PORTERS_DTO_ResumeDateResponse res =
Execute Anonymous:             PORTERS_API_GetResumeData.getResumeData(null, 0);
Execute Anonymous: for(PORTERS_DTO_ResumeDateResponse.Wrapper wrapper:res.result){
Execute Anonymous:                 system.debug(wrapper);
Execute Anonymous:             }
12:48:38.1 (1192033)|USER_INFO|[EXTERNAL]|0057F0000042UBb|ishibashi@hurex.co.jp.dev1|(GMT+09:00) 日本標準時 (Asia/Tokyo)|GMT+09:00
12:48:38.1 (1227653)|EXECUTION_STARTED
12:48:38.1 (1250825)|CODE_UNIT_STARTED|[EXTERNAL]|execute_anonymous_apex
12:48:38.1 (1469971)|VARIABLE_SCOPE_BEGIN|[2]|lastSyncTime|Datetime|false|false
12:48:38.1 (18809977)|VARIABLE_SCOPE_BEGIN|[6]|PORTERS_DTO_ResumeDateResponse.FIELD_MAPPING|Map<String,String>|true|true
12:48:38.1 (18883242)|VARIABLE_SCOPE_BEGIN|[3]|res|PORTERS_DTO_ResumeDateResponse|true|false
12:48:38.1 (19036586)|HEAP_ALLOCATE|[95]|Bytes:3
12:48:38.1 (19088875)|HEAP_ALLOCATE|[100]|Bytes:152
12:48:38.1 (19102339)|HEAP_ALLOCATE|[417]|Bytes:408
12:48:38.1 (19113638)|HEAP_ALLOCATE|[430]|Bytes:408
12:48:38.1 (19132727)|HEAP_ALLOCATE|[317]|Bytes:6
12:48:38.1 (19158037)|HEAP_ALLOCATE|[EXTERNAL]|Bytes:9
12:48:38.1 (19233315)|STATEMENT_EXECUTE|[1]
12:48:38.1 (19235336)|STATEMENT_EXECUTE|[2]
12:48:38.1 (19237036)|HEAP_ALLOCATE|[2]|Bytes:19
12:48:38.1 (19332990)|HEAP_ALLOCATE|[2]|Bytes:56
12:48:38.1 (19418219)|VARIABLE_ASSIGNMENT|[2]|lastSyncTime|"2026-03-01T01:56:02.000Z"
12:48:38.1 (19421244)|STATEMENT_EXECUTE|[3]
12:48:38.1 (19459801)|HEAP_ALLOCATE|[68]|Bytes:5
12:48:38.1 (19489504)|HEAP_ALLOCATE|[74]|Bytes:5
12:48:38.1 (19494104)|HEAP_ALLOCATE|[82]|Bytes:7
12:48:38.1 (19516648)|SYSTEM_MODE_ENTER|false
12:48:38.1 (19539349)|HEAP_ALLOCATE|[4]|Bytes:5
12:48:38.1 (36643013)|VARIABLE_SCOPE_BEGIN|[5]|PORTERS_API_GetResumeData.BASE_URL|String|false|true
12:48:38.1 (36670010)|VARIABLE_SCOPE_BEGIN|[3]|PORTERS_API_GetResumeData.CLIENT_ID|String|false|true
12:48:38.1 (36682031)|VARIABLE_SCOPE_BEGIN|[4]|PORTERS_API_GetResumeData.DEFAULT_TOKEN_EXPIRES_SEC|Integer|false|true
12:48:38.1 (36688620)|VARIABLE_SCOPE_BEGIN|[2]|PORTERS_API_GetResumeData.TOKEN_ENDPOINT|String|false|true
12:48:38.1 (36715002)|HEAP_ALLOCATE|[4]|Bytes:16
12:48:38.1 (36725675)|HEAP_ALLOCATE|[4]|Bytes:22
12:48:38.1 (36728440)|HEAP_ALLOCATE|[4]|Bytes:36
12:48:38.1 (36751578)|VARIABLE_ASSIGNMENT|[4]|PORTERS_API_GetResumeData.BASE_URL|"https://api-hrbc-jp. (16 more) ..."
12:48:38.1 (36755854)|HEAP_ALLOCATE|[4]|Bytes:32
12:48:38.1 (36761433)|VARIABLE_ASSIGNMENT|[4]|PORTERS_API_GetResumeData.CLIENT_ID|"a8678131f29ea6faf1ca (12 more) ..."
12:48:38.1 (36766009)|HEAP_ALLOCATE|[4]|Bytes:45
12:48:38.1 (36771945)|VARIABLE_ASSIGNMENT|[4]|PORTERS_API_GetResumeData.TOKEN_ENDPOINT|"https://api-hrbc-jp. (25 more) ..."
12:48:38.1 (36807668)|METHOD_ENTRY|[1]|01pBK000001lFxV|PORTERS_API_GetResumeData.PORTERS_API_GetResumeData()
12:48:38.1 (36813956)|STATEMENT_EXECUTE|[1]
12:48:38.1 (36823030)|STATEMENT_EXECUTE|[1]
12:48:38.1 (36824853)|STATEMENT_EXECUTE|[4]
12:48:38.1 (36834565)|HEAP_ALLOCATE|[4]|Bytes:4
12:48:38.1 (36846341)|VARIABLE_ASSIGNMENT|[4]|PORTERS_API_GetResumeData.DEFAULT_TOKEN_EXPIRES_SEC|1800
12:48:38.1 (36849036)|STATEMENT_EXECUTE|[171]
12:48:38.1 (36857627)|METHOD_EXIT|[1]|PORTERS_API_GetResumeData
12:48:38.1 (36903944)|METHOD_ENTRY|[4]|01pBK000001lFxV|PORTERS_API_GetResumeData.getResumeData(Datetime, Integer)
12:48:38.1 (36943148)|VARIABLE_SCOPE_BEGIN|[7]|lastSyncTime|Datetime|false|false
12:48:38.1 (36956481)|VARIABLE_ASSIGNMENT|[7]|lastSyncTime|null
12:48:38.1 (36960533)|VARIABLE_SCOPE_BEGIN|[7]|start|Integer|false|false
12:48:38.1 (36966556)|VARIABLE_ASSIGNMENT|[7]|start|0
12:48:38.1 (36974115)|STATEMENT_EXECUTE|[7]
12:48:38.1 (36975346)|STATEMENT_EXECUTE|[8]
12:48:38.1 (36985474)|METHOD_ENTRY|[8]|01pBK000001lFxV|PORTERS_API_GetResumeData.buildFieldList()
12:48:38.1 (37025385)|STATEMENT_EXECUTE|[176]
12:48:38.1 (37027326)|STATEMENT_EXECUTE|[177]
12:48:38.1 (37030464)|HEAP_ALLOCATE|[177]|Bytes:3008
12:48:38.1 (37039331)|METHOD_EXIT|[8]|01pBK000001lFxV|PORTERS_API_GetResumeData.buildFieldList()
12:48:38.1 (37044920)|VARIABLE_SCOPE_BEGIN|[8]|fields|String|false|false
12:48:38.1 (37057632)|VARIABLE_ASSIGNMENT|[8]|fields|"Resume.P_RegisterCha (2988 more) ..."
12:48:38.1 (37061396)|STATEMENT_EXECUTE|[9]
12:48:38.1 (37063852)|VARIABLE_SCOPE_BEGIN|[9]|condition|String|false|false
12:48:38.1 (37070692)|VARIABLE_ASSIGNMENT|[9]|condition|""
12:48:38.1 (37075419)|STATEMENT_EXECUTE|[10]
12:48:38.1 (37076861)|STATEMENT_EXECUTE|[14]
12:48:38.1 (37093846)|HEAP_ALLOCATE|[14]|Bytes:4
12:48:38.1 (37104985)|HEAP_ALLOCATE|[15]|Bytes:9
12:48:38.1 (37145753)|HEAP_ALLOCATE|[15]|Bytes:4
12:48:38.1 (37185750)|HEAP_ALLOCATE|[16]|Bytes:5
12:48:38.1 (37199596)|HEAP_ALLOCATE|[16]|Bytes:2
12:48:38.1 (37211656)|HEAP_ALLOCATE|[17]|Bytes:5
12:48:38.1 (37221559)|HEAP_ALLOCATE|[17]|Bytes:1
12:48:38.1 (37232174)|HEAP_ALLOCATE|[18]|Bytes:5
12:48:38.1 (37239191)|HEAP_ALLOCATE|[19]|Bytes:9
12:48:38.1 (37242518)|HEAP_ALLOCATE|[19]|Bytes:8
12:48:38.1 (37249924)|VARIABLE_SCOPE_BEGIN|[14]|params|Map<String,String>|true|false
12:48:38.1 (37287808)|VARIABLE_ASSIGNMENT|[14]|params|{"partition":"2012","count":"10","start":"0","field":"Resume.P_RegisterCha (2988 more) ...","itemstate":"existing"}|0x3ffa48e5
12:48:38.1 (37321190)|STATEMENT_EXECUTE|[21]
12:48:38.1 (37323046)|STATEMENT_EXECUTE|[24]
12:48:38.1 (37329245)|HEAP_ALLOCATE|[24]|Bytes:11
12:48:38.1 (37339121)|METHOD_ENTRY|[24]|01pBK000001lFxV|PORTERS_API_GetResumeData.buildQueryString(Map<String,String>)
12:48:38.1 (37348980)|VARIABLE_SCOPE_BEGIN|[135]|params|Map<String,String>|true|false
12:48:38.1 (37366052)|VARIABLE_ASSIGNMENT|[135]|params|{"partition":"2012","count":"10","start":"0","field":"Resume.P_RegisterCha (2988 more) ...","itemstate":"existing"}|0x3ffa48e5
12:48:38.1 (37373089)|STATEMENT_EXECUTE|[135]
12:48:38.1 (37374428)|STATEMENT_EXECUTE|[136]
12:48:38.1 (37430976)|HEAP_ALLOCATE|[136]|Bytes:4
12:48:38.1 (37476853)|VARIABLE_SCOPE_BEGIN|[136]|pairs|List<String>|true|false
12:48:38.1 (37526820)|HEAP_ALLOCATE|[EXTERNAL]|Bytes:4
12:48:38.1 (37541825)|VARIABLE_ASSIGNMENT|[136]|pairs|[]|0x29b31b8
12:48:38.1 (37588644)|HEAP_ALLOCATE|[137]|Bytes:57
12:48:38.1 (37687745)|HEAP_ALLOCATE|[137]|Bytes:5
12:48:38.1 (37709488)|VARIABLE_SCOPE_BEGIN|[137]|key|String|false|false
12:48:38.1 (37717963)|VARIABLE_ASSIGNMENT|[137]|key|"partition"
12:48:38.1 (37720925)|STATEMENT_EXECUTE|[137]
12:48:38.1 (37721994)|STATEMENT_EXECUTE|[138]
12:48:38.1 (37738431)|VARIABLE_SCOPE_BEGIN|[138]|value|String|false|false
12:48:38.1 (37743128)|VARIABLE_ASSIGNMENT|[138]|value|"2012"
12:48:38.1 (37759402)|STATEMENT_EXECUTE|[139]
12:48:38.1 (37760343)|STATEMENT_EXECUTE|[140]
12:48:38.1 (37762048)|HEAP_ALLOCATE|[140]|Bytes:1
12:48:38.1 (37765207)|HEAP_ALLOCATE|[140]|Bytes:5
12:48:38.1 (37792405)|HEAP_ALLOCATE|[140]|Bytes:15
12:48:38.1 (37804040)|SYSTEM_METHOD_ENTRY|[1]|EncodingUtil.EncodingUtil()
12:48:38.1 (37806912)|STATEMENT_EXECUTE|[1]
12:48:38.1 (37817580)|SYSTEM_METHOD_EXIT|[1]|EncodingUtil
12:48:38.1 (37826731)|METHOD_ENTRY|[140]||System.EncodingUtil.urlEncode(String, String)
12:48:38.1 (40415329)|METHOD_EXIT|[140]||System.EncodingUtil.urlEncode(String, String)
12:48:38.1 (40432650)|HEAP_ALLOCATE|[140]|Bytes:14
12:48:38.1 (40452320)|HEAP_ALLOCATE|[EXTERNAL]|Bytes:4
12:48:38.1 (40467845)|HEAP_ALLOCATE|[137]|Bytes:5
12:48:38.1 (40479598)|VARIABLE_SCOPE_BEGIN|[137]|key|String|false|false
12:48:38.1 (40492024)|VARIABLE_ASSIGNMENT|[137]|key|"count"
12:48:38.1 (40495936)|STATEMENT_EXECUTE|[137]
12:48:38.1 (40497194)|STATEMENT_EXECUTE|[138]
12:48:38.1 (40507764)|VARIABLE_SCOPE_BEGIN|[138]|value|String|false|false
12:48:38.1 (40514266)|VARIABLE_ASSIGNMENT|[138]|value|"10"
12:48:38.1 (40532323)|STATEMENT_EXECUTE|[139]
12:48:38.1 (40533210)|STATEMENT_EXECUTE|[140]
12:48:38.1 (40537389)|METHOD_ENTRY|[140]||System.EncodingUtil.urlEncode(String, String)
12:48:38.1 (40551078)|METHOD_EXIT|[140]||System.EncodingUtil.urlEncode(String, String)
12:48:38.1 (40553634)|HEAP_ALLOCATE|[140]|Bytes:8
12:48:38.1 (40557374)|HEAP_ALLOCATE|[EXTERNAL]|Bytes:4
12:48:38.1 (40562812)|HEAP_ALLOCATE|[137]|Bytes:5
12:48:38.1 (40566730)|VARIABLE_SCOPE_BEGIN|[137]|key|String|false|false
12:48:38.1 (40571383)|VARIABLE_ASSIGNMENT|[137]|key|"start"
12:48:38.1 (40573468)|STATEMENT_EXECUTE|[137]
12:48:38.1 (40574310)|STATEMENT_EXECUTE|[138]
12:48:38.1 (40578490)|VARIABLE_SCOPE_BEGIN|[138]|value|String|false|false
12:48:38.1 (40582407)|VARIABLE_ASSIGNMENT|[138]|value|"0"
12:48:38.1 (40589159)|STATEMENT_EXECUTE|[139]
12:48:38.1 (40589968)|STATEMENT_EXECUTE|[140]
12:48:38.1 (40591704)|METHOD_ENTRY|[140]||System.EncodingUtil.urlEncode(String, String)
12:48:38.1 (40600783)|METHOD_EXIT|[140]||System.EncodingUtil.urlEncode(String, String)
12:48:38.1 (40602685)|HEAP_ALLOCATE|[140]|Bytes:7
12:48:38.1 (40605554)|HEAP_ALLOCATE|[EXTERNAL]|Bytes:4
12:48:38.1 (40610139)|HEAP_ALLOCATE|[137]|Bytes:5
12:48:38.1 (40613685)|VARIABLE_SCOPE_BEGIN|[137]|key|String|false|false
12:48:38.1 (40621427)|VARIABLE_ASSIGNMENT|[137]|key|"field"
12:48:38.1 (40623495)|STATEMENT_EXECUTE|[137]
12:48:38.1 (40624281)|STATEMENT_EXECUTE|[138]
12:48:38.1 (40628002)|VARIABLE_SCOPE_BEGIN|[138]|value|String|false|false
12:48:38.1 (40633658)|VARIABLE_ASSIGNMENT|[138]|value|"Resume.P_RegisterCha (2988 more) ..."
12:48:38.1 (40640385)|STATEMENT_EXECUTE|[139]
12:48:38.1 (40641205)|STATEMENT_EXECUTE|[140]
12:48:38.1 (40642761)|METHOD_ENTRY|[140]||System.EncodingUtil.urlEncode(String, String)
12:48:38.1 (40670670)|METHOD_EXIT|[140]||System.EncodingUtil.urlEncode(String, String)
12:48:38.1 (40672969)|HEAP_ALLOCATE|[140]|Bytes:3180
12:48:38.1 (40675962)|HEAP_ALLOCATE|[EXTERNAL]|Bytes:4
12:48:38.1 (40680391)|HEAP_ALLOCATE|[137]|Bytes:5
12:48:38.1 (40683934)|VARIABLE_SCOPE_BEGIN|[137]|key|String|false|false
12:48:38.1 (40688345)|VARIABLE_ASSIGNMENT|[137]|key|"itemstate"
12:48:38.1 (40690449)|STATEMENT_EXECUTE|[137]
12:48:38.1 (40691235)|STATEMENT_EXECUTE|[138]
12:48:38.1 (40694637)|VARIABLE_SCOPE_BEGIN|[138]|value|String|false|false
12:48:38.1 (40698889)|VARIABLE_ASSIGNMENT|[138]|value|"existing"
12:48:38.1 (40705388)|STATEMENT_EXECUTE|[139]
12:48:38.1 (40706211)|STATEMENT_EXECUTE|[140]
12:48:38.1 (40707877)|METHOD_ENTRY|[140]||System.EncodingUtil.urlEncode(String, String)
12:48:38.1 (40716597)|METHOD_EXIT|[140]||System.EncodingUtil.urlEncode(String, String)
12:48:38.1 (40718589)|HEAP_ALLOCATE|[140]|Bytes:18
12:48:38.1 (40721429)|HEAP_ALLOCATE|[EXTERNAL]|Bytes:4
12:48:38.1 (40725486)|HEAP_ALLOCATE|[137]|Bytes:5
12:48:38.1 (40731160)|VARIABLE_ASSIGNMENT|[137]|key|null
12:48:38.1 (40734258)|STATEMENT_EXECUTE|[143]
12:48:38.1 (40735854)|HEAP_ALLOCATE|[143]|Bytes:1
12:48:38.1 (40779890)|HEAP_ALLOCATE|[143]|Bytes:5
12:48:38.1 (40785400)|HEAP_ALLOCATE|[143]|Bytes:14
12:48:38.1 (40788279)|HEAP_ALLOCATE|[143]|Bytes:5
12:48:38.1 (40790370)|HEAP_ALLOCATE|[143]|Bytes:8
12:48:38.1 (40792858)|HEAP_ALLOCATE|[143]|Bytes:5
12:48:38.1 (40794729)|HEAP_ALLOCATE|[143]|Bytes:7
12:48:38.1 (40796807)|HEAP_ALLOCATE|[143]|Bytes:5
12:48:38.1 (40798836)|HEAP_ALLOCATE|[143]|Bytes:3180
12:48:38.1 (40801188)|HEAP_ALLOCATE|[143]|Bytes:5
12:48:38.1 (40803787)|HEAP_ALLOCATE|[143]|Bytes:18
12:48:38.1 (40805853)|HEAP_ALLOCATE|[143]|Bytes:5
12:48:38.1 (40808119)|HEAP_ALLOCATE|[143]|Bytes:3231
12:48:38.1 (40814670)|METHOD_EXIT|[24]|01pBK000001lFxV|PORTERS_API_GetResumeData.buildQueryString(Map<String,String>)
12:48:38.1 (40818870)|HEAP_ALLOCATE|[24]|Bytes:3278
12:48:38.1 (40820919)|VARIABLE_SCOPE_BEGIN|[24]|endpoint|String|false|false
12:48:38.1 (40827244)|VARIABLE_ASSIGNMENT|[24]|endpoint|"https://api-hrbc-jp. (3258 more) ..."
12:48:38.1 (40829448)|STATEMENT_EXECUTE|[25]
12:48:38.1 (40874654)|VARIABLE_SCOPE_BEGIN|[25]|req|System.HttpRequest|true|false
12:48:38.1 (41044241)|VARIABLE_ASSIGNMENT|[25]|req|"System.HttpRequest[Endpoint=null, Method=null]"|0x12eb5e2
12:48:38.1 (41049805)|STATEMENT_EXECUTE|[26]
12:48:38.1 (41123447)|STATEMENT_EXECUTE|[27]
12:48:38.1 (41125586)|HEAP_ALLOCATE|[27]|Bytes:3
12:48:38.1 (41141432)|STATEMENT_EXECUTE|[28]
12:48:38.1 (41150700)|METHOD_ENTRY|[28]|01pBK000001lFxV|PORTERS_API_GetResumeData.getAccessToken()
12:48:38.1 (41161459)|STATEMENT_EXECUTE|[40]
12:48:38.1 (41162544)|STATEMENT_EXECUTE|[41]
12:48:38.1 (41163349)|STATEMENT_EXECUTE|[41]
12:48:38.1 (41164204)|STATEMENT_EXECUTE|[43]
12:48:38.1 (41166941)|METHOD_ENTRY|[43]|01pBK000001lFxV|PORTERS_API_GetResumeData.getAuthorizationCode()
12:48:38.1 (41172812)|STATEMENT_EXECUTE|[53]
12:48:38.1 (41173855)|STATEMENT_EXECUTE|[54]
12:48:38.1 (41175671)|HEAP_ALLOCATE|[54]|Bytes:79
12:48:38.1 (41184492)|METHOD_ENTRY|[56]||System.EncodingUtil.urlEncode(String, String)
12:48:38.1 (41200301)|METHOD_EXIT|[56]||System.EncodingUtil.urlEncode(String, String)
12:48:38.1 (41202494)|HEAP_ALLOCATE|[57]|Bytes:7
12:48:38.1 (41204364)|HEAP_ALLOCATE|[57]|Bytes:48
12:48:38.1 (41206625)|METHOD_ENTRY|[57]||System.EncodingUtil.urlEncode(String, String)
12:48:38.1 (41218346)|METHOD_EXIT|[57]||System.EncodingUtil.urlEncode(String, String)
12:48:38.1 (41224830)|HEAP_ALLOCATE|[54]|Bytes:174
12:48:38.1 (41227035)|VARIABLE_SCOPE_BEGIN|[54]|endpoint|String|false|false
12:48:38.1 (41233668)|VARIABLE_ASSIGNMENT|[54]|endpoint|"https://api-hrbc-jp. (154 more) ..."
12:48:38.1 (41235994)|STATEMENT_EXECUTE|[59]
12:48:38.1 (41242871)|VARIABLE_SCOPE_BEGIN|[59]|req|System.HttpRequest|true|false
12:48:38.1 (41276859)|VARIABLE_ASSIGNMENT|[59]|req|"System.HttpRequest[Endpoint=null, Method=null]"|0x49707c3f
12:48:38.1 (41280052)|STATEMENT_EXECUTE|[60]
12:48:38.1 (41290306)|STATEMENT_EXECUTE|[61]
12:48:38.1 (41296956)|STATEMENT_EXECUTE|[63]
12:48:38.1 (41409364)|CALLOUT_REQUEST|[63]|System.HttpRequest[Endpoint=https://api-hrbc-jp.porterscloud.com/v1/oauth?response_type=code_direct&app_id=a8678131f29ea6faf1caa908a0f51c38&scope=candidate_r%2Cresume_r%2Cuser_r%2Coption_r%2Cpartition_r, Method=GET]
12:48:38.1 (102206493)|HEAP_ALLOCATE|[EXTERNAL]|Bytes:348
12:48:38.1 (104164032)|CALLOUT_RESPONSE|[63]|System.HttpResponse[Status=OK, StatusCode=200]
12:48:38.1 (104195263)|HEAP_ALLOCATE|[63]|Bytes:181
12:48:38.1 (104225734)|VARIABLE_SCOPE_BEGIN|[63]|res|System.HttpResponse|true|false
12:48:38.1 (104285911)|VARIABLE_ASSIGNMENT|[63]|res|"System.HttpResponse[Status=OK, StatusCode=200]"|0x85ef942
12:48:38.1 (104349933)|STATEMENT_EXECUTE|[66]
12:48:38.1 (104352011)|STATEMENT_EXECUTE|[70]
12:48:38.1 (104395276)|VARIABLE_SCOPE_BEGIN|[70]|doc|dom.Document|true|false
12:48:38.1 (104422669)|VARIABLE_ASSIGNMENT|[70]|doc|"Document[]"|0x6800e1a3
12:48:38.1 (104428753)|STATEMENT_EXECUTE|[71]
12:48:38.1 (104462943)|HEAP_ALLOCATE|[71]|Bytes:175
12:48:38.1 (104638046)|HEAP_ALLOCATE|[72]|Bytes:4
12:48:38.1 (104645159)|HEAP_ALLOCATE|[72]|Bytes:4
12:48:38.1 (104647335)|HEAP_ALLOCATE|[72]|Bytes:4
12:48:38.1 (104649609)|HEAP_ALLOCATE|[72]|Bytes:4
12:48:38.1 (104717644)|HEAP_ALLOCATE|[72]|Bytes:5
12:48:38.1 (104735879)|HEAP_ALLOCATE|[72]|Bytes:4
12:48:38.1 (104743626)|VARIABLE_SCOPE_BEGIN|[72]|child|dom.XmlNode|true|false
12:48:38.1 (104805822)|VARIABLE_ASSIGNMENT|[72]|child|"XMLNode[ELEMENT,Code,null,null,null,[XMLNode[TEXT,null,null,null,null,null,a3e4d13366462ee794d887b97bb8cb7e,]],null,]"|0x3b1d5882
12:48:38.1 (104810180)|STATEMENT_EXECUTE|[72]
12:48:38.1 (104834092)|HEAP_ALLOCATE|[73]|Bytes:4
12:48:38.1 (104839394)|HEAP_ALLOCATE|[73]|Bytes:4
12:48:38.1 (104861525)|STATEMENT_EXECUTE|[73]
12:48:38.1 (104862557)|STATEMENT_EXECUTE|[74]
12:48:38.1 (104879282)|HEAP_ALLOCATE|[74]|Bytes:32
12:48:38.1 (104889356)|METHOD_EXIT|[43]|01pBK000001lFxV|PORTERS_API_GetResumeData.getAuthorizationCode()
12:48:38.1 (104894004)|VARIABLE_SCOPE_BEGIN|[43]|authCode|String|false|false
12:48:38.1 (104903699)|VARIABLE_ASSIGNMENT|[43]|authCode|"a3e4d13366462ee794d8 (12 more) ..."
12:48:38.1 (104905989)|STATEMENT_EXECUTE|[45]
12:48:38.1 (104921799)|METHOD_ENTRY|[45]|01pBK000001lFxV|PORTERS_API_GetResumeData.getAccessTokenFromCode(String)
12:48:38.1 (104939538)|VARIABLE_SCOPE_BEGIN|[80]|authCode|String|false|false
12:48:38.1 (104944663)|VARIABLE_ASSIGNMENT|[80]|authCode|"a3e4d13366462ee794d8 (12 more) ..."
12:48:38.1 (104949434)|STATEMENT_EXECUTE|[80]
12:48:38.1 (104950398)|STATEMENT_EXECUTE|[81]
12:48:38.1 (138123695)|VARIABLE_SCOPE_BEGIN|[2]|SecretUtil.FIXED_KEY_BASE64|String|false|true
12:48:38.1 (138167766)|VARIABLE_SCOPE_BEGIN|[3]|SecretUtil.cryptoKey|Blob|false|true
12:48:38.1 (138188204)|HEAP_ALLOCATE|[81]|Bytes:92
12:48:38.1 (138197709)|HEAP_ALLOCATE|[81]|Bytes:6
12:48:38.1 (138200133)|HEAP_ALLOCATE|[81]|Bytes:44
12:48:38.1 (138222421)|VARIABLE_ASSIGNMENT|[81]|SecretUtil.FIXED_KEY_BASE64|"mbTLdmVLN3dVjExO0zaB (24 more) ..."
12:48:38.1 (138248832)|METHOD_ENTRY|[1]|01pBK000001Z5HD|SecretUtil.SecretUtil()
12:48:38.1 (138254125)|STATEMENT_EXECUTE|[1]
12:48:38.1 (138258796)|STATEMENT_EXECUTE|[1]
12:48:38.1 (138268212)|SYSTEM_MODE_ENTER|true
12:48:38.1 (138277299)|HEAP_ALLOCATE|[81]|Bytes:5
12:48:38.1 (138283052)|SYSTEM_MODE_EXIT|true
12:48:38.1 (138291671)|METHOD_EXIT|[1]|SecretUtil
12:48:38.1 (138313609)|METHOD_ENTRY|[81]|01pBK000001Z5HD|SecretUtil.getDecryptedSecret()
12:48:38.1 (138343522)|SYSTEM_MODE_ENTER|true
12:48:38.1 (138346239)|HEAP_ALLOCATE|[19]|Bytes:5
12:48:38.1 (138350660)|STATEMENT_EXECUTE|[18]
12:48:38.1 (138391100)|HEAP_ALLOCATE|[19]|Bytes:118
12:48:38.1 (138396059)|SYSTEM_METHOD_ENTRY|[1]|Test.Test()
12:48:38.1 (138397911)|STATEMENT_EXECUTE|[1]
12:48:38.1 (138403477)|SYSTEM_METHOD_EXIT|[1]|Test
12:48:38.1 (138408784)|METHOD_ENTRY|[19]||System.Test.isRunningTest()
12:48:38.1 (138445908)|METHOD_EXIT|[19]||System.Test.isRunningTest()
12:48:38.1 (138449568)|STATEMENT_EXECUTE|[19]
12:48:38.1 (138450863)|STATEMENT_EXECUTE|[23]
12:48:38.1 (140108068)|HEAP_ALLOCATE|[23]|Bytes:72
12:48:38.1 (140143619)|VARIABLE_SCOPE_BEGIN|[23]|settings|PORTERS_Settings__c|true|false
12:48:38.1 (140346471)|VARIABLE_ASSIGNMENT|[23]|settings|{"LastModifiedDate":"2026-04-03T02:18:51.000Z","IsDeleted":false,"LastSyncTime__c":"2026-04-03T02:18:51.000Z","Client_Secret__c":"sPeXbzmOIRQwl4zKeRFR (108 more) ...","PARTITION_ID__c":2012.0,"API_Call_Count__c":2.0,"Token_Expires_At__c":"2026-03-31T10:09:06.000Z","SetupOwnerId":"00DBK000004uTTF2A2","Access_Token__c":"eba88d5229388a807c43 (12 more) ...","Name":"a0PBK000008oB5J","SystemModstamp":"2026-04-03T02:18:51.000Z","Is_Development_Mode__c":true,"CreatedById":"0057F0000042UBbQAM","CreatedDate":"2026-03-05T03:24:41.000Z","Last_Call_Timestamp__c":"2026-03-31T09:39:06.000Z","Id":"a0PBK000008oB5J2AU","LastModifiedById":"0057F0000042UBbQAM"}|0x19562925
12:48:38.1 (140443720)|STATEMENT_EXECUTE|[24]
12:48:38.1 (140445586)|STATEMENT_EXECUTE|[26]
12:48:38.1 (140459561)|METHOD_ENTRY|[26]||System.EncodingUtil.base64Decode(String)
12:48:38.1 (140530103)|METHOD_EXIT|[26]||System.EncodingUtil.base64Decode(String)
12:48:38.1 (140533579)|VARIABLE_SCOPE_BEGIN|[26]|encryptedBlob|Blob|false|false
12:48:38.1 (140550091)|VARIABLE_ASSIGNMENT|[26]|encryptedBlob|BLOB(96 bytes)
12:48:38.1 (140552525)|STATEMENT_EXECUTE|[27]
12:48:38.1 (140555828)|HEAP_ALLOCATE|[27]|Bytes:6
12:48:38.1 (140581105)|HEAP_ALLOCATE|[5]|Bytes:5
12:48:38.1 (140583630)|STATEMENT_EXECUTE|[4]
12:48:38.1 (140584542)|STATEMENT_EXECUTE|[5]
12:48:38.1 (140591322)|METHOD_ENTRY|[5]||System.EncodingUtil.base64Decode(String)
12:48:38.1 (140611790)|METHOD_EXIT|[5]||System.EncodingUtil.base64Decode(String)
12:48:38.1 (140667213)|HEAP_ALLOCATE|[27]|Bytes:55
12:48:38.1 (140678610)|SYSTEM_METHOD_ENTRY|[1]|Crypto.Crypto()
12:48:38.1 (140680473)|STATEMENT_EXECUTE|[1]
12:48:38.1 (140685943)|SYSTEM_METHOD_EXIT|[1]|Crypto
12:48:38.1 (140692202)|METHOD_ENTRY|[27]||System.Crypto.decryptWithManagedIV(String, Blob, Blob)
12:48:38.1 (141457704)|METHOD_EXIT|[27]||System.Crypto.decryptWithManagedIV(String, Blob, Blob)
12:48:38.1 (141470430)|VARIABLE_SCOPE_BEGIN|[27]|decryptedBlob|Blob|false|false
12:48:38.1 (141487509)|VARIABLE_ASSIGNMENT|[27]|decryptedBlob|BLOB(64 bytes)
12:48:38.1 (141490713)|STATEMENT_EXECUTE|[28]
12:48:38.1 (141548144)|HEAP_ALLOCATE|[28]|Bytes:64
12:48:38.1 (141559232)|SYSTEM_MODE_EXIT|true
12:48:38.1 (141569026)|METHOD_EXIT|[81]|01pBK000001Z5HD|SecretUtil.getDecryptedSecret()
12:48:38.1 (141572140)|VARIABLE_SCOPE_BEGIN|[81]|clientSecret|String|false|false
12:48:38.1 (141582287)|VARIABLE_ASSIGNMENT|[81]|clientSecret|"7986ef9caa80a97f988f (44 more) ..."
12:48:38.1 (141599693)|STATEMENT_EXECUTE|[82]
12:48:38.1 (141600727)|STATEMENT_EXECUTE|[86]
12:48:38.1 (141625269)|VARIABLE_SCOPE_BEGIN|[86]|req|System.HttpRequest|true|false
12:48:38.1 (141681160)|VARIABLE_ASSIGNMENT|[86]|req|"System.HttpRequest[Endpoint=null, Method=null]"|0x3bde4423
12:48:38.1 (141684612)|STATEMENT_EXECUTE|[87]
12:48:38.1 (141738794)|STATEMENT_EXECUTE|[88]
12:48:38.1 (141741844)|HEAP_ALLOCATE|[88]|Bytes:4
12:48:38.1 (141752580)|STATEMENT_EXECUTE|[89]
12:48:38.1 (141754145)|HEAP_ALLOCATE|[89]|Bytes:12
12:48:38.1 (141756567)|HEAP_ALLOCATE|[89]|Bytes:33
12:48:38.1 (141773320)|STATEMENT_EXECUTE|[91]
12:48:38.1 (141774750)|HEAP_ALLOCATE|[91]|Bytes:29
12:48:38.1 (141785053)|METHOD_ENTRY|[92]||System.EncodingUtil.urlEncode(String, String)
12:48:38.1 (141813293)|METHOD_EXIT|[92]||System.EncodingUtil.urlEncode(String, String)
12:48:38.1 (141815563)|HEAP_ALLOCATE|[93]|Bytes:8
12:48:38.1 (141818577)|METHOD_ENTRY|[93]||System.EncodingUtil.urlEncode(String, String)
12:48:38.1 (141829548)|METHOD_EXIT|[93]||System.EncodingUtil.urlEncode(String, String)
12:48:38.1 (141831439)|HEAP_ALLOCATE|[94]|Bytes:6
12:48:38.1 (141834129)|METHOD_ENTRY|[94]||System.EncodingUtil.urlEncode(String, String)
12:48:38.1 (141844296)|METHOD_EXIT|[94]||System.EncodingUtil.urlEncode(String, String)
12:48:38.1 (141853676)|HEAP_ALLOCATE|[91]|Bytes:171
12:48:38.1 (141890164)|STATEMENT_EXECUTE|[96]
12:48:38.1 (141938600)|CALLOUT_REQUEST|[96]|System.HttpRequest[Endpoint=https://api-hrbc-jp.porterscloud.com/v1/token, Method=POST]
12:48:38.1 (191373900)|HEAP_ALLOCATE|[EXTERNAL]|Bytes:529
12:48:38.1 (192397639)|CALLOUT_RESPONSE|[96]|System.HttpResponse[Status=OK, StatusCode=200]
12:48:38.1 (192424788)|HEAP_ALLOCATE|[96]|Bytes:362
12:48:38.1 (192452587)|VARIABLE_SCOPE_BEGIN|[96]|res|System.HttpResponse|true|false
12:48:38.1 (192509855)|VARIABLE_ASSIGNMENT|[96]|res|"System.HttpResponse[Status=OK, StatusCode=200]"|0x1b441ccd
12:48:38.1 (192571516)|STATEMENT_EXECUTE|[99]
12:48:38.1 (192573575)|STATEMENT_EXECUTE|[103]
12:48:38.1 (192611746)|VARIABLE_SCOPE_BEGIN|[103]|doc|dom.Document|true|false
12:48:38.1 (192635367)|VARIABLE_ASSIGNMENT|[103]|doc|"Document[]"|0x139783ec
12:48:38.1 (192638688)|STATEMENT_EXECUTE|[104]
12:48:38.1 (192672893)|HEAP_ALLOCATE|[104]|Bytes:356
12:48:38.1 (192749462)|STATEMENT_EXECUTE|[105]
12:48:38.1 (192764836)|VARIABLE_SCOPE_BEGIN|[105]|root|dom.XmlNode|true|false
12:48:38.1 (192834654)|VARIABLE_ASSIGNMENT|[105]|root|"XMLNode[ELEMENT,Authentication,null,null,null,[XMLNode[ELEMENT,AccessToken,null,null,null,[XMLNode[TEXT,null,null,null,null,null,581adf80e8a522614e17774ace3782ff,]],null,], XMLNode[ELEMENT,AccessTokenExpiresIn,null,null,null,[XMLNode[TEXT,null,null,null,null,null,1800000,]],null,], XMLNode[ELEMENT,RefreshToken,null,null,null,[XMLNode[TEXT,null,null,null,null,null,a4e667e4dd2afa010fc7feda0bd004bb,]],null,], XMLNode[ELEMENT,RefreshTokenExpiresIn,null,null,null,[XMLNode[TEXT,null,null,null,null,null,7200000,]],null,], XMLNode[ELEMENT,Error,null,null,null,[XMLNode[TEXT,null,null,null,null,null,0,]],null,], XMLNode[ELEMENT,Message,null,null,null,[XMLNode[TEXT,null,null,null,null,null,Success,]],null,]],null,]"|0x40966df8
12:48:38.1 (192842087)|STATEMENT_EXECUTE|[107]
12:48:38.1 (192846935)|VARIABLE_SCOPE_BEGIN|[107]|accessToken|String|false|false
12:48:38.1 (192855312)|VARIABLE_ASSIGNMENT|[107]|accessToken|""
12:48:38.1 (192857726)|STATEMENT_EXECUTE|[108]
12:48:38.1 (192859140)|VARIABLE_SCOPE_BEGIN|[108]|errorCode|String|false|false
12:48:38.1 (192864931)|VARIABLE_ASSIGNMENT|[108]|errorCode|null
12:48:38.1 (192867855)|STATEMENT_EXECUTE|[109]
12:48:38.1 (192869651)|VARIABLE_SCOPE_BEGIN|[109]|errorMessage|String|false|false
12:48:38.1 (192875645)|VARIABLE_ASSIGNMENT|[109]|errorMessage|null
12:48:38.1 (192947121)|HEAP_ALLOCATE|[111]|Bytes:4
12:48:38.1 (192952284)|HEAP_ALLOCATE|[111]|Bytes:4
12:48:38.1 (192954384)|HEAP_ALLOCATE|[111]|Bytes:4
12:48:38.1 (192956679)|HEAP_ALLOCATE|[111]|Bytes:4
12:48:38.1 (192958829)|HEAP_ALLOCATE|[111]|Bytes:4
12:48:38.1 (192961074)|HEAP_ALLOCATE|[111]|Bytes:4
12:48:38.1 (192963286)|HEAP_ALLOCATE|[111]|Bytes:4
12:48:38.1 (193025359)|HEAP_ALLOCATE|[111]|Bytes:5
12:48:38.1 (193042724)|HEAP_ALLOCATE|[111]|Bytes:11
12:48:38.1 (193049860)|VARIABLE_SCOPE_BEGIN|[111]|child|dom.XmlNode|true|false
12:48:38.1 (193081330)|VARIABLE_ASSIGNMENT|[111]|child|"XMLNode[ELEMENT,AccessToken,null,null,null,[XMLNode[TEXT,null,null,null,null,null,581adf80e8a522614e17774ace3782ff,]],null,]"|0x41ffcc79
12:48:38.1 (193088747)|STATEMENT_EXECUTE|[111]
12:48:38.1 (193089728)|STATEMENT_EXECUTE|[112]
12:48:38.1 (193106973)|HEAP_ALLOCATE|[112]|Bytes:11
12:48:38.1 (193111214)|VARIABLE_SCOPE_BEGIN|[112]|nodeName|String|false|false
12:48:38.1 (193116833)|VARIABLE_ASSIGNMENT|[112]|nodeName|"AccessToken"
12:48:38.1 (193120518)|HEAP_ALLOCATE|[113]|Bytes:5
12:48:38.1 (193149406)|HEAP_ALLOCATE|[115]|Bytes:7
12:48:38.1 (193155293)|HEAP_ALLOCATE|[117]|Bytes:11
12:48:38.1 (193158657)|STATEMENT_EXECUTE|[117]
12:48:38.1 (193159735)|STATEMENT_EXECUTE|[118]
12:48:38.1 (193175763)|HEAP_ALLOCATE|[118]|Bytes:32
12:48:38.1 (193181919)|VARIABLE_ASSIGNMENT|[118]|accessToken|"581adf80e8a522614e17 (12 more) ..."
12:48:38.1 (193188746)|HEAP_ALLOCATE|[111]|Bytes:5
12:48:38.1 (193193934)|HEAP_ALLOCATE|[111]|Bytes:20
12:48:38.1 (193196725)|VARIABLE_SCOPE_BEGIN|[111]|child|dom.XmlNode|true|false
12:48:38.1 (193227097)|VARIABLE_ASSIGNMENT|[111]|child|"XMLNode[ELEMENT,AccessTokenExpiresIn,null,null,null,[XMLNode[TEXT,null,null,null,null,null,1800000,]],null,]"|0x554176bc
12:48:38.1 (193230527)|STATEMENT_EXECUTE|[111]
12:48:38.1 (193231377)|STATEMENT_EXECUTE|[112]
12:48:38.1 (193235369)|HEAP_ALLOCATE|[112]|Bytes:20
12:48:38.1 (193238729)|VARIABLE_SCOPE_BEGIN|[112]|nodeName|String|false|false
12:48:38.1 (193243469)|VARIABLE_ASSIGNMENT|[112]|nodeName|"AccessTokenExpiresIn"
12:48:38.1 (193257205)|STATEMENT_EXECUTE|[113]
12:48:38.1 (193260871)|HEAP_ALLOCATE|[111]|Bytes:5
12:48:38.1 (193265220)|HEAP_ALLOCATE|[111]|Bytes:12
12:48:38.1 (193267721)|VARIABLE_SCOPE_BEGIN|[111]|child|dom.XmlNode|true|false
12:48:38.1 (193288432)|VARIABLE_ASSIGNMENT|[111]|child|"XMLNode[ELEMENT,RefreshToken,null,null,null,[XMLNode[TEXT,null,null,null,null,null,a4e667e4dd2afa010fc7feda0bd004bb,]],null,]"|0x26cb3841
12:48:38.1 (193292139)|STATEMENT_EXECUTE|[111]
12:48:38.1 (193292985)|STATEMENT_EXECUTE|[112]
12:48:38.1 (193296317)|HEAP_ALLOCATE|[112]|Bytes:12
12:48:38.1 (193299347)|VARIABLE_SCOPE_BEGIN|[112]|nodeName|String|false|false
12:48:38.1 (193303862)|VARIABLE_ASSIGNMENT|[112]|nodeName|"RefreshToken"
12:48:38.1 (193311382)|STATEMENT_EXECUTE|[113]
12:48:38.1 (193314629)|HEAP_ALLOCATE|[111]|Bytes:5
12:48:38.1 (193318916)|HEAP_ALLOCATE|[111]|Bytes:21
12:48:38.1 (193321247)|VARIABLE_SCOPE_BEGIN|[111]|child|dom.XmlNode|true|false
12:48:38.1 (193340174)|VARIABLE_ASSIGNMENT|[111]|child|"XMLNode[ELEMENT,RefreshTokenExpiresIn,null,null,null,[XMLNode[TEXT,null,null,null,null,null,7200000,]],null,]"|0x19e8b4e5
12:48:38.1 (193343422)|STATEMENT_EXECUTE|[111]
12:48:38.1 (193344247)|STATEMENT_EXECUTE|[112]
12:48:38.1 (193347343)|HEAP_ALLOCATE|[112]|Bytes:21
12:48:38.1 (193350377)|VARIABLE_SCOPE_BEGIN|[112]|nodeName|String|false|false
12:48:38.1 (193355346)|VARIABLE_ASSIGNMENT|[112]|nodeName|"RefreshTokenExpiresI (1 more) ..."
12:48:38.1 (193362601)|STATEMENT_EXECUTE|[113]
12:48:38.1 (193365775)|HEAP_ALLOCATE|[111]|Bytes:5
12:48:38.1 (193369967)|HEAP_ALLOCATE|[111]|Bytes:5
12:48:38.1 (193372268)|VARIABLE_SCOPE_BEGIN|[111]|child|dom.XmlNode|true|false
12:48:38.1 (193391001)|VARIABLE_ASSIGNMENT|[111]|child|"XMLNode[ELEMENT,Error,null,null,null,[XMLNode[TEXT,null,null,null,null,null,0,]],null,]"|0x5353accd
12:48:38.1 (193394384)|STATEMENT_EXECUTE|[111]
12:48:38.1 (193395211)|STATEMENT_EXECUTE|[112]
12:48:38.1 (193398202)|HEAP_ALLOCATE|[112]|Bytes:5
12:48:38.1 (193401196)|VARIABLE_SCOPE_BEGIN|[112]|nodeName|String|false|false
12:48:38.1 (193407803)|VARIABLE_ASSIGNMENT|[112]|nodeName|"Error"
12:48:38.1 (193411771)|STATEMENT_EXECUTE|[113]
12:48:38.1 (193412874)|STATEMENT_EXECUTE|[114]
12:48:38.1 (193422648)|HEAP_ALLOCATE|[114]|Bytes:1
12:48:38.1 (193429343)|VARIABLE_ASSIGNMENT|[114]|errorCode|"0"
12:48:38.1 (193437244)|HEAP_ALLOCATE|[111]|Bytes:5
12:48:38.1 (193444556)|HEAP_ALLOCATE|[111]|Bytes:7
12:48:38.1 (193448266)|VARIABLE_SCOPE_BEGIN|[111]|child|dom.XmlNode|true|false
12:48:38.1 (193482230)|VARIABLE_ASSIGNMENT|[111]|child|"XMLNode[ELEMENT,Message,null,null,null,[XMLNode[TEXT,null,null,null,null,null,Success,]],null,]"|0xd79c48d
12:48:38.1 (193488333)|STATEMENT_EXECUTE|[111]
12:48:38.1 (193489407)|STATEMENT_EXECUTE|[112]
12:48:38.1 (193495716)|HEAP_ALLOCATE|[112]|Bytes:7
12:48:38.1 (193500396)|VARIABLE_SCOPE_BEGIN|[112]|nodeName|String|false|false
12:48:38.1 (193507818)|VARIABLE_ASSIGNMENT|[112]|nodeName|"Message"
12:48:38.1 (193513848)|STATEMENT_EXECUTE|[115]
12:48:38.1 (193514788)|STATEMENT_EXECUTE|[116]
12:48:38.1 (193523296)|HEAP_ALLOCATE|[116]|Bytes:7
12:48:38.1 (193527376)|VARIABLE_ASSIGNMENT|[116]|errorMessage|"Success"
12:48:38.1 (193532512)|HEAP_ALLOCATE|[111]|Bytes:5
12:48:38.1 (193537711)|VARIABLE_ASSIGNMENT|[111]|child|null|
12:48:38.1 (193542034)|HEAP_ALLOCATE|[122]|Bytes:1
12:48:38.1 (193549504)|STATEMENT_EXECUTE|[122]
12:48:38.1 (193597000)|HEAP_ALLOCATE|[126]|Bytes:4
12:48:38.1 (193602482)|STATEMENT_EXECUTE|[126]
12:48:38.1 (193603487)|STATEMENT_EXECUTE|[130]
12:48:38.1 (193610720)|METHOD_EXIT|[45]|01pBK000001lFxV|PORTERS_API_GetResumeData.getAccessTokenFromCode(String)
12:48:38.1 (193614440)|VARIABLE_SCOPE_BEGIN|[45]|tokenResult|String|false|false
12:48:38.1 (193620287)|VARIABLE_ASSIGNMENT|[45]|tokenResult|"581adf80e8a522614e17 (12 more) ..."
12:48:38.1 (193622835)|STATEMENT_EXECUTE|[47]
12:48:38.1 (193625832)|METHOD_EXIT|[28]|01pBK000001lFxV|PORTERS_API_GetResumeData.getAccessToken()
12:48:38.1 (193628885)|VARIABLE_SCOPE_BEGIN|[28]|token|String|false|false
12:48:38.1 (193633640)|VARIABLE_ASSIGNMENT|[28]|token|"581adf80e8a522614e17 (12 more) ..."
12:48:38.1 (193636251)|STATEMENT_EXECUTE|[29]
12:48:38.1 (193638094)|HEAP_ALLOCATE|[29]|Bytes:26
12:48:38.1 (193669040)|STATEMENT_EXECUTE|[30]
12:48:38.1 (193671237)|HEAP_ALLOCATE|[30]|Bytes:30
12:48:38.1 (193685571)|STATEMENT_EXECUTE|[31]
12:48:38.1 (193687867)|HEAP_ALLOCATE|[31]|Bytes:22
12:48:38.1 (193691166)|HEAP_ALLOCATE|[31]|Bytes:1
12:48:38.1 (193701808)|STATEMENT_EXECUTE|[32]
12:48:38.1 (193716066)|VARIABLE_SCOPE_BEGIN|[32]|http|System.Http|true|false
12:48:38.1 (193764027)|VARIABLE_ASSIGNMENT|[32]|http|"System.Http[]"|0x2379288c
12:48:38.1 (193767699)|STATEMENT_EXECUTE|[33]
12:48:38.1 (193817742)|CALLOUT_REQUEST|[33]|System.HttpRequest[Endpoint=https://api-hrbc-jp.porterscloud.com/v1/resume?partition=2012&count=10&start=0&field=Resume.P_RegisterChannel%2CResume.P_Id%2CResume.P_DateOfBirth%2CResume.P_Gender%2CResume.P_Phase%2CResume.P_PhaseDate%2CResume.P_Education%2CResume.P_CurrentStatus%2CResume.P_ChangeJobsCount%2CResume.P_CurrentSalary%2CResume.P_CarrierSummary%2CResume.P_Mail%2CResume.U_4519E06428F3E45FB1C14E878185BE%2CResume.U_45A05CBAF79D5527F38A6F59E1243B%2CResume.U_E49E1480A206956CDD882F6A2063E7%2CResume.U_AC5A0D55E86D3363238C61F123390E%2CResume.U_LASTLOGIN%2CResume.U_91DBD8B96BAAD6B33B538CF2494377%2CResume.U_4F79E5889587A2E73847A8B269B808%2CResume.U_7F3DF7F61EEF0679AA432646777832%2CResume.U_5247D11C2262F3D9D357DA3D7D472B%2CResume.U_673275A4DA445C9B23AC18BDD7C4DC%2CResume.U_85DEA8FA18EF17830FD8A036EC95A4%2CResume.U_217F6B518AF9B5910F86DE3553210E%2CResume.U_57CF0FC339534D5E1CCAB9E5720732%2CResume.U_40A13BD8D79CFAA685ED4C454030D3%2CResume.U_97A8BC60EE4C6181D71B62B0A94867%2CResume.U_C5A71273732B694582E953EE29B262%2CResume.U_48B3606404C39777B9C4D652EB9B33%2CResume.U_983513B1B1284C1AE08155656440DE%2CResume.U_7790CB5A294982B42C78415C082D80%2CResume.U_459C918AD0E71B7D760A7B466FEC2D%2CResume.U_5598122582348E10065B3A9B2FCC79%2CResume.U_7C79BBCF39E0D849E54929A8D70B06%2CResume.U_AEEC844BBC2B3D25C87D589DDCDC28%2CResume.U_223D0173F7AB1E5F4A15DC0DB0904C%2CResume.U_BC07D210E9789C7E4C16092C2718F0%2CResume.U_959F4DF5330A30BF416EE53592D689%2CResume.U_DF0E1BF1E942DE5B44759F145F26CC%2CResume.U_A1D41116DCC9F246FBE2505927D801%2CResume.U_1342FD85C7DD1612C466A201748F45%2CResume.U_AA13AA68D5EF4EAC7F9E80626F6401%2CResume.U_7A82F71961342ABC309E82F3CB4549%2CResume.U_088F183F5A467370986D82D8A56820%2CResume.U_84014DC41521C8B72456DA0602B1DC%2CResume.U_6BFFD96228CF84803A26F4F04200F0%2CResume.U_D430BFCB51DF105C5546258FA6D8E2%2CResume.U_DDA38E8BC45B94D70819747CE7B627%2CResume.U_60E42092BAB538A1E256CE86B3418A%2CResume.U_96F0A72569A21441DA7E5F9D6ACBEA%2CResume.U_F2C3465D66ECA0A6227F731DB868B0%2CResume.U_AGENTSTATUS%2CResume.U_AGETNTSUSAGE%2CResume.U_4495E00E8A888DDC61CF3A56D104F8%2CResume.U_80F76B1B3D339C9387773F1C457E51%2CResume.U_KKSKGN%2CResume.U_CE0C8801E69FA2E26E349B09856C0C%2CResume.U_94A609C4275F50CC7C617F6CE0A409%2CResume.U_F7E834098FD85B1A86E77396219E2B%2CResume.U_EF980BC1829E8EC05C300033CFABFC%2CResume.U_7A6877EFE8D7FB90A4DA9571370642%2CResume.U_D16C6D4F1B6C32B4AC53819D88043F%2CResume.U_8D0C259C0AFF6CDF1806A87DC5F439%2CResume.U_C4E94650CDEFC413E234DD7E6C9274%2CResume.U_971466A5917927863462EF570C1169%2CResume.U_8F8E666EE51CC8D00788940A3DC98C%2CResume.U_42902DED368132819B152E589AA578%2CResume.U_5475007220C4E3258472D5626A0563%2CResume.U_C80486912236BD021D1B63FFB762B4%2CResume.U_12A4C297CC5D159213875DA2210BF2%2CResume.U_ADE568278037E18C20F3AF78AAF8A8%2CResume.U_90AD127E5FCEBCD1AF01DDC8295708%2CResume.U_F205EBF7F6A862C6A9E8DDB135F797%2CResume.U_94E831023512892988CDD4FC4987EB%2CResume.U_13C45F7FFAFC1AB430E6038C76125A%2CResume.U_5F7FC5144BA471117A376B60BC8D90%2CResume.U_8E20986D8967D107BEE5D63870AD68%2CResume.U_DDF5A119155AD1F559BAA37C031C4E%2CResume.U_GCLID%2CResume.U_B41102CD1A612DA93AA74B5462DE6E%2CResume.U_8B5178364C17E24A72A2113296D4A5%2CResume.U_9B5DE90D67C3C57A12D66F84AFA05F%2CResume.U_ACB4CAC6E89348FD55DF19E6E20155%2CResume.U_8EF0F79E169EAD365B63D86C9C80B8&itemstate=existing, Method=GET]
12:48:38.1 (251311943)|HEAP_ALLOCATE|[EXTERNAL]|Bytes:294
12:48:38.1 (252936135)|CALLOUT_RESPONSE|[33]|System.HttpResponse[Status=OK, StatusCode=200]
12:48:38.1 (252970310)|HEAP_ALLOCATE|[33]|Bytes:127
12:48:38.1 (253000524)|VARIABLE_SCOPE_BEGIN|[33]|res|System.HttpResponse|true|false
12:48:38.1 (253080225)|VARIABLE_ASSIGNMENT|[33]|res|"System.HttpResponse[Status=OK, StatusCode=200]"|0x5a65bc7d
12:48:38.1 (253151349)|STATEMENT_EXECUTE|[34]
12:48:38.1 (253153045)|STATEMENT_EXECUTE|[35]
12:48:38.1 (253177766)|HEAP_ALLOCATE|[35]|Bytes:121
12:48:38.1 (253212777)|METHOD_ENTRY|[35]|01pBK000001lFxV|PORTERS_API_GetResumeData.parseXml(String)
12:48:38.1 (253222843)|VARIABLE_SCOPE_BEGIN|[145]|xml|String|false|false
12:48:38.1 (253235447)|VARIABLE_ASSIGNMENT|[145]|xml|"<?xml version=\"1.0\"  (101 more) ..."
12:48:38.1 (253242730)|STATEMENT_EXECUTE|[145]
12:48:38.1 (253244166)|STATEMENT_EXECUTE|[146]
12:48:38.1 (253255451)|HEAP_ALLOCATE|[146]|Bytes:7
12:48:38.1 (253263684)|HEAP_ALLOCATE|[146]|Bytes:112
12:48:38.1 (253268479)|HEAP_ALLOCATE|[146]|Bytes:7
12:48:38.1 (253272039)|HEAP_ALLOCATE|[146]|Bytes:3
12:48:38.1 (253303614)|METHOD_ENTRY|[1]|01pBK000001lEer|PORTERS_DTO_ResumeDateResponse.PORTERS_DTO_ResumeDateResponse()
12:48:38.1 (253307557)|STATEMENT_EXECUTE|[1]
12:48:38.1 (253311399)|STATEMENT_EXECUTE|[1]
12:48:38.1 (253312504)|STATEMENT_EXECUTE|[6]
12:48:38.1 (253330134)|HEAP_ALLOCATE|[6]|Bytes:4
12:48:38.1 (253343593)|HEAP_ALLOCATE|[7]|Bytes:24
12:48:38.1 (253351457)|HEAP_ALLOCATE|[7]|Bytes:21
12:48:38.1 (253409540)|HEAP_ALLOCATE|[8]|Bytes:39
12:48:38.1 (253413508)|HEAP_ALLOCATE|[8]|Bytes:21
12:48:38.1 (253420458)|HEAP_ALLOCATE|[9]|Bytes:39
12:48:38.1 (253423543)|HEAP_ALLOCATE|[9]|Bytes:21
12:48:38.1 (253436981)|HEAP_ALLOCATE|[10]|Bytes:39
12:48:38.1 (253440217)|HEAP_ALLOCATE|[10]|Bytes:24
12:48:38.1 (253446308)|HEAP_ALLOCATE|[11]|Bytes:11
12:48:38.1 (253449127)|HEAP_ALLOCATE|[11]|Bytes:11
12:48:38.1 (253455187)|HEAP_ALLOCATE|[12]|Bytes:39
12:48:38.1 (253457921)|HEAP_ALLOCATE|[12]|Bytes:21
12:48:38.1 (253463481)|HEAP_ALLOCATE|[13]|Bytes:18
12:48:38.1 (253466316)|HEAP_ALLOCATE|[13]|Bytes:16
12:48:38.1 (253471793)|HEAP_ALLOCATE|[14]|Bytes:39
12:48:38.1 (253474228)|HEAP_ALLOCATE|[14]|Bytes:15
12:48:38.1 (253480045)|HEAP_ALLOCATE|[15]|Bytes:18
12:48:38.1 (253482835)|HEAP_ALLOCATE|[15]|Bytes:11
12:48:38.1 (253489047)|HEAP_ALLOCATE|[16]|Bytes:20
12:48:38.1 (253491837)|HEAP_ALLOCATE|[16]|Bytes:18
12:48:38.1 (253497676)|HEAP_ALLOCATE|[17]|Bytes:15
12:48:38.1 (253500282)|HEAP_ALLOCATE|[17]|Bytes:9
12:48:38.1 (253506601)|HEAP_ALLOCATE|[18]|Bytes:39
12:48:38.1 (253509396)|HEAP_ALLOCATE|[18]|Bytes:13
12:48:38.1 (253515631)|HEAP_ALLOCATE|[19]|Bytes:39
12:48:38.1 (253518543)|HEAP_ALLOCATE|[19]|Bytes:13
12:48:38.1 (253525081)|HEAP_ALLOCATE|[20]|Bytes:39
12:48:38.1 (253527521)|HEAP_ALLOCATE|[20]|Bytes:17
12:48:38.1 (253533602)|HEAP_ALLOCATE|[21]|Bytes:14
12:48:38.1 (253536517)|HEAP_ALLOCATE|[21]|Bytes:14
12:48:38.1 (253542615)|HEAP_ALLOCATE|[22]|Bytes:18
12:48:38.1 (253545142)|HEAP_ALLOCATE|[22]|Bytes:18
12:48:38.1 (253551209)|HEAP_ALLOCATE|[23]|Bytes:39
12:48:38.1 (253554169)|HEAP_ALLOCATE|[23]|Bytes:22
12:48:38.1 (253560667)|HEAP_ALLOCATE|[24]|Bytes:39
12:48:38.1 (253563676)|HEAP_ALLOCATE|[24]|Bytes:26
12:48:38.1 (253570386)|HEAP_ALLOCATE|[25]|Bytes:18
12:48:38.1 (253573315)|HEAP_ALLOCATE|[25]|Bytes:18
12:48:38.1 (253578931)|HEAP_ALLOCATE|[26]|Bytes:39
12:48:38.1 (253581543)|HEAP_ALLOCATE|[26]|Bytes:17
12:48:38.1 (253587224)|HEAP_ALLOCATE|[27]|Bytes:27
12:48:38.1 (253589634)|HEAP_ALLOCATE|[27]|Bytes:18
12:48:38.1 (253595539)|HEAP_ALLOCATE|[28]|Bytes:24
12:48:38.1 (253597924)|HEAP_ALLOCATE|[28]|Bytes:24
12:48:38.1 (253603369)|HEAP_ALLOCATE|[29]|Bytes:13
12:48:38.1 (253606102)|HEAP_ALLOCATE|[29]|Bytes:18
12:48:38.1 (253611741)|HEAP_ALLOCATE|[30]|Bytes:19
12:48:38.1 (253614372)|HEAP_ALLOCATE|[30]|Bytes:24
12:48:38.1 (253620382)|HEAP_ALLOCATE|[31]|Bytes:39
12:48:38.1 (253625847)|HEAP_ALLOCATE|[31]|Bytes:20
12:48:38.1 (253632954)|HEAP_ALLOCATE|[32]|Bytes:39
12:48:38.1 (253635767)|HEAP_ALLOCATE|[32]|Bytes:18
12:48:38.1 (253642522)|HEAP_ALLOCATE|[33]|Bytes:22
12:48:38.1 (253645302)|HEAP_ALLOCATE|[33]|Bytes:19
12:48:38.1 (253652587)|HEAP_ALLOCATE|[34]|Bytes:24
12:48:38.1 (253655162)|HEAP_ALLOCATE|[34]|Bytes:26
12:48:38.1 (253661271)|HEAP_ALLOCATE|[35]|Bytes:39
12:48:38.1 (253668365)|HEAP_ALLOCATE|[35]|Bytes:29
12:48:38.1 (253675255)|HEAP_ALLOCATE|[36]|Bytes:39
12:48:38.1 (253678292)|HEAP_ALLOCATE|[36]|Bytes:18
12:48:38.1 (253684868)|HEAP_ALLOCATE|[37]|Bytes:39
12:48:38.1 (253688091)|HEAP_ALLOCATE|[37]|Bytes:13
12:48:38.1 (253693911)|HEAP_ALLOCATE|[38]|Bytes:39
12:48:38.1 (253697085)|HEAP_ALLOCATE|[38]|Bytes:12
12:48:38.1 (253703766)|HEAP_ALLOCATE|[39]|Bytes:39
12:48:38.1 (253706365)|HEAP_ALLOCATE|[39]|Bytes:18
12:48:38.1 (253713043)|HEAP_ALLOCATE|[40]|Bytes:39
12:48:38.1 (253716490)|HEAP_ALLOCATE|[40]|Bytes:17
12:48:38.1 (253723242)|HEAP_ALLOCATE|[41]|Bytes:39
12:48:38.1 (253726092)|HEAP_ALLOCATE|[41]|Bytes:14
12:48:38.1 (253731807)|HEAP_ALLOCATE|[42]|Bytes:39
12:48:38.1 (253734453)|HEAP_ALLOCATE|[42]|Bytes:20
12:48:38.1 (253740513)|HEAP_ALLOCATE|[43]|Bytes:39
12:48:38.1 (253743036)|HEAP_ALLOCATE|[43]|Bytes:20
12:48:38.1 (253749106)|HEAP_ALLOCATE|[44]|Bytes:39
12:48:38.1 (253751724)|HEAP_ALLOCATE|[44]|Bytes:23
12:48:38.1 (253757361)|HEAP_ALLOCATE|[45]|Bytes:39
12:48:38.1 (253759654)|HEAP_ALLOCATE|[45]|Bytes:20
12:48:38.1 (253765551)|HEAP_ALLOCATE|[46]|Bytes:39
12:48:38.1 (253768326)|HEAP_ALLOCATE|[46]|Bytes:24
12:48:38.1 (253774388)|HEAP_ALLOCATE|[47]|Bytes:39
12:48:38.1 (253776917)|HEAP_ALLOCATE|[47]|Bytes:15
12:48:38.1 (253783431)|HEAP_ALLOCATE|[48]|Bytes:39
12:48:38.1 (253785962)|HEAP_ALLOCATE|[48]|Bytes:14
12:48:38.1 (253791709)|HEAP_ALLOCATE|[49]|Bytes:39
12:48:38.1 (253794368)|HEAP_ALLOCATE|[49]|Bytes:20
12:48:38.1 (253800377)|HEAP_ALLOCATE|[50]|Bytes:39
12:48:38.1 (253803290)|HEAP_ALLOCATE|[50]|Bytes:24
12:48:38.1 (253809812)|HEAP_ALLOCATE|[51]|Bytes:39
12:48:38.1 (253812766)|HEAP_ALLOCATE|[51]|Bytes:16
12:48:38.1 (253818941)|HEAP_ALLOCATE|[52]|Bytes:39
12:48:38.1 (253821409)|HEAP_ALLOCATE|[52]|Bytes:16
12:48:38.1 (253827741)|HEAP_ALLOCATE|[53]|Bytes:39
12:48:38.1 (253830606)|HEAP_ALLOCATE|[53]|Bytes:20
12:48:38.1 (253837386)|HEAP_ALLOCATE|[54]|Bytes:39
12:48:38.1 (253840408)|HEAP_ALLOCATE|[54]|Bytes:21
12:48:38.1 (253847133)|HEAP_ALLOCATE|[55]|Bytes:39
12:48:38.1 (253850257)|HEAP_ALLOCATE|[55]|Bytes:20
12:48:38.1 (253858442)|HEAP_ALLOCATE|[56]|Bytes:39
12:48:38.1 (253861153)|HEAP_ALLOCATE|[56]|Bytes:23
12:48:38.1 (253867905)|HEAP_ALLOCATE|[57]|Bytes:39
12:48:38.1 (253871022)|HEAP_ALLOCATE|[57]|Bytes:18
12:48:38.1 (253877555)|HEAP_ALLOCATE|[58]|Bytes:39
12:48:38.1 (253880310)|HEAP_ALLOCATE|[58]|Bytes:24
12:48:38.1 (253886861)|HEAP_ALLOCATE|[59]|Bytes:39
12:48:38.1 (253889675)|HEAP_ALLOCATE|[59]|Bytes:25
12:48:38.1 (253896332)|HEAP_ALLOCATE|[60]|Bytes:20
12:48:38.1 (253899151)|HEAP_ALLOCATE|[60]|Bytes:19
12:48:38.1 (253906014)|HEAP_ALLOCATE|[61]|Bytes:21
12:48:38.1 (253908733)|HEAP_ALLOCATE|[61]|Bytes:21
12:48:38.1 (253915352)|HEAP_ALLOCATE|[62]|Bytes:39
12:48:38.1 (253918275)|HEAP_ALLOCATE|[62]|Bytes:30
12:48:38.1 (253924710)|HEAP_ALLOCATE|[63]|Bytes:19
12:48:38.1 (253927695)|HEAP_ALLOCATE|[63]|Bytes:24
12:48:38.1 (253934627)|HEAP_ALLOCATE|[64]|Bytes:39
12:48:38.1 (253937372)|HEAP_ALLOCATE|[64]|Bytes:22
12:48:38.1 (253944029)|HEAP_ALLOCATE|[65]|Bytes:15
12:48:38.1 (253946619)|HEAP_ALLOCATE|[65]|Bytes:20
12:48:38.1 (253953482)|HEAP_ALLOCATE|[66]|Bytes:39
12:48:38.1 (253956314)|HEAP_ALLOCATE|[66]|Bytes:20
12:48:38.1 (253962680)|HEAP_ALLOCATE|[67]|Bytes:29
12:48:38.1 (253965424)|HEAP_ALLOCATE|[67]|Bytes:26
12:48:38.1 (253972042)|HEAP_ALLOCATE|[68]|Bytes:39
12:48:38.1 (253974982)|HEAP_ALLOCATE|[68]|Bytes:22
12:48:38.1 (253981286)|HEAP_ALLOCATE|[69]|Bytes:24
12:48:38.1 (253984330)|HEAP_ALLOCATE|[69]|Bytes:28
12:48:38.1 (253990440)|HEAP_ALLOCATE|[70]|Bytes:39
12:48:38.1 (253993333)|HEAP_ALLOCATE|[70]|Bytes:11
12:48:38.1 (253999633)|HEAP_ALLOCATE|[71]|Bytes:39
12:48:38.1 (254015349)|HEAP_ALLOCATE|[71]|Bytes:14
12:48:38.1 (254023656)|HEAP_ALLOCATE|[72]|Bytes:28
12:48:38.1 (254026800)|HEAP_ALLOCATE|[72]|Bytes:24
12:48:38.1 (254033367)|HEAP_ALLOCATE|[73]|Bytes:31
12:48:38.1 (254036416)|HEAP_ALLOCATE|[73]|Bytes:33
12:48:38.1 (254049455)|HEAP_ALLOCATE|[74]|Bytes:22
12:48:38.1 (254052229)|HEAP_ALLOCATE|[74]|Bytes:22
12:48:38.1 (254058334)|HEAP_ALLOCATE|[75]|Bytes:39
12:48:38.1 (254061244)|HEAP_ALLOCATE|[75]|Bytes:23
12:48:38.1 (254067388)|HEAP_ALLOCATE|[76]|Bytes:39
12:48:38.1 (254070084)|HEAP_ALLOCATE|[76]|Bytes:24
12:48:38.1 (254076597)|HEAP_ALLOCATE|[77]|Bytes:39
12:48:38.1 (254079439)|HEAP_ALLOCATE|[77]|Bytes:22
12:48:38.1 (254085582)|HEAP_ALLOCATE|[78]|Bytes:39
12:48:38.1 (254088939)|HEAP_ALLOCATE|[78]|Bytes:13
12:48:38.1 (254100594)|HEAP_ALLOCATE|[79]|Bytes:39
12:48:38.1 (254103566)|HEAP_ALLOCATE|[79]|Bytes:17
12:48:38.1 (254109980)|HEAP_ALLOCATE|[80]|Bytes:39
12:48:38.1 (254112973)|HEAP_ALLOCATE|[80]|Bytes:21
12:48:38.1 (254119444)|HEAP_ALLOCATE|[81]|Bytes:23
12:48:38.1 (254122280)|HEAP_ALLOCATE|[81]|Bytes:22
12:48:38.1 (254128786)|HEAP_ALLOCATE|[82]|Bytes:26
12:48:38.1 (254131482)|HEAP_ALLOCATE|[82]|Bytes:23
12:48:38.1 (254137719)|HEAP_ALLOCATE|[83]|Bytes:23
12:48:38.1 (254140236)|HEAP_ALLOCATE|[83]|Bytes:20
12:48:38.1 (254146579)|HEAP_ALLOCATE|[84]|Bytes:39
12:48:38.1 (254149294)|HEAP_ALLOCATE|[84]|Bytes:26
12:48:38.1 (254155082)|HEAP_ALLOCATE|[85]|Bytes:39
12:48:38.1 (254157954)|HEAP_ALLOCATE|[85]|Bytes:16
12:48:38.1 (254164810)|HEAP_ALLOCATE|[86]|Bytes:39
12:48:38.1 (254167740)|HEAP_ALLOCATE|[86]|Bytes:28
12:48:38.1 (254174084)|HEAP_ALLOCATE|[87]|Bytes:39
12:48:38.1 (254176561)|HEAP_ALLOCATE|[87]|Bytes:30
12:48:38.1 (254183068)|HEAP_ALLOCATE|[88]|Bytes:39
12:48:38.1 (254185743)|HEAP_ALLOCATE|[88]|Bytes:27
12:48:38.1 (254191793)|HEAP_ALLOCATE|[89]|Bytes:39
12:48:38.1 (254194503)|HEAP_ALLOCATE|[89]|Bytes:15
12:48:38.1 (254200294)|HEAP_ALLOCATE|[90]|Bytes:39
12:48:38.1 (254203350)|HEAP_ALLOCATE|[90]|Bytes:13
12:48:38.1 (254209501)|HEAP_ALLOCATE|[91]|Bytes:39
12:48:38.1 (254212245)|HEAP_ALLOCATE|[91]|Bytes:13
12:48:38.1 (254218538)|HEAP_ALLOCATE|[92]|Bytes:39
12:48:38.1 (254221116)|HEAP_ALLOCATE|[92]|Bytes:22
12:48:38.1 (254227193)|HEAP_ALLOCATE|[93]|Bytes:39
12:48:38.1 (254230060)|HEAP_ALLOCATE|[93]|Bytes:22
12:48:38.1 (254236190)|HEAP_ALLOCATE|[94]|Bytes:39
12:48:38.1 (254238813)|HEAP_ALLOCATE|[94]|Bytes:25
12:48:38.1 (254245000)|HEAP_ALLOCATE|[95]|Bytes:39
12:48:38.1 (254247582)|HEAP_ALLOCATE|[95]|Bytes:16
12:48:38.1 (254253624)|HEAP_ALLOCATE|[96]|Bytes:25
12:48:38.1 (254256156)|HEAP_ALLOCATE|[96]|Bytes:14
12:48:38.1 (254262938)|HEAP_ALLOCATE|[97]|Bytes:21
12:48:38.1 (254265753)|HEAP_ALLOCATE|[97]|Bytes:12
12:48:38.1 (254272011)|HEAP_ALLOCATE|[98]|Bytes:19
12:48:38.1 (254274764)|HEAP_ALLOCATE|[98]|Bytes:19
12:48:38.1 (254281348)|HEAP_ALLOCATE|[99]|Bytes:18
12:48:38.1 (254283941)|HEAP_ALLOCATE|[99]|Bytes:17
12:48:38.1 (254289735)|HEAP_ALLOCATE|[100]|Bytes:14
12:48:38.1 (254292473)|HEAP_ALLOCATE|[100]|Bytes:8
12:48:38.1 (254299227)|HEAP_ALLOCATE|[101]|Bytes:39
12:48:38.1 (254302013)|HEAP_ALLOCATE|[101]|Bytes:16
12:48:38.1 (254308359)|HEAP_ALLOCATE|[102]|Bytes:39
12:48:38.1 (254311014)|HEAP_ALLOCATE|[102]|Bytes:15
12:48:38.1 (254317486)|HEAP_ALLOCATE|[103]|Bytes:39
12:48:38.1 (254320175)|HEAP_ALLOCATE|[103]|Bytes:16
12:48:38.1 (254329007)|HEAP_ALLOCATE|[104]|Bytes:39
12:48:38.1 (254331752)|HEAP_ALLOCATE|[104]|Bytes:15
12:48:38.1 (254337846)|HEAP_ALLOCATE|[105]|Bytes:39
12:48:38.1 (254340517)|HEAP_ALLOCATE|[105]|Bytes:23
12:48:38.1 (254401360)|VARIABLE_ASSIGNMENT|[6]|PORTERS_DTO_ResumeDateResponse.FIELD_MAPPING|"Map of size 99 too large to display"|0x17ce5717
12:48:38.1 (254408487)|STATEMENT_EXECUTE|[107]
12:48:38.1 (254420395)|METHOD_EXIT|[1]|PORTERS_DTO_ResumeDateResponse
12:48:38.1 (254842941)|HEAP_ALLOCATE|[146]|Bytes:12
12:48:38.1 (254875026)|CONSTRUCTOR_ENTRY|[146]|01pBK000001lEer|<init>()|PORTERS_DTO_ResumeDateResponse
12:48:38.1 (254921185)|VARIABLE_SCOPE_BEGIN|[1]|this|PORTERS_DTO_ResumeDateResponse|true|false
12:48:38.1 (254990705)|VARIABLE_ASSIGNMENT|[1]|this|{}|0x6d417d2c
12:48:38.1 (255004269)|HEAP_ALLOCATE|[EXTERNAL]|Bytes:6
12:48:38.1 (255043553)|STATEMENT_EXECUTE|[1]
12:48:38.1 (255045728)|STATEMENT_EXECUTE|[2]
12:48:38.1 (255047598)|STATEMENT_EXECUTE|[3]
12:48:38.1 (255051978)|CONSTRUCTOR_EXIT|[146]|01pBK000001lEer|<init>()|PORTERS_DTO_ResumeDateResponse
12:48:38.1 (255057668)|VARIABLE_SCOPE_BEGIN|[146]|res|PORTERS_DTO_ResumeDateResponse|true|false
12:48:38.1 (255075076)|VARIABLE_ASSIGNMENT|[146]|res|{}|0x6d417d2c
12:48:38.1 (255079684)|STATEMENT_EXECUTE|[147]
12:48:38.1 (255094564)|HEAP_ALLOCATE|[147]|Bytes:4
12:48:38.1 (255196968)|VARIABLE_ASSIGNMENT|[EXTERNAL]|this|{}|0x6d417d2c
12:48:38.1 (255232242)|HEAP_ALLOCATE|[EXTERNAL]|Bytes:4
12:48:38.1 (255242769)|VARIABLE_ASSIGNMENT|[EXTERNAL]|value|[]|0x464d241b
12:48:38.1 (255266871)|VARIABLE_ASSIGNMENT|[3]|this.result|[]|0x6d417d2c
12:48:38.1 (255275591)|STATEMENT_EXECUTE|[149]
12:48:38.1 (255317146)|VARIABLE_SCOPE_BEGIN|[149]|doc|dom.Document|true|false
12:48:38.1 (255407102)|VARIABLE_ASSIGNMENT|[149]|doc|"Document[]"|0x208399e3
12:48:38.1 (255412337)|STATEMENT_EXECUTE|[150]
12:48:38.1 (255543847)|STATEMENT_EXECUTE|[151]
12:48:38.1 (255569498)|VARIABLE_SCOPE_BEGIN|[151]|root|dom.XmlNode|true|false
12:48:38.1 (255661144)|VARIABLE_ASSIGNMENT|[151]|root|"XMLNode[ELEMENT,Resume,null,[common.apex.api.dom.XmlNode$Attribute@7eb249e5, common.apex.api.dom.XmlNode$Attribute@596e3673, common.apex.api.dom.XmlNode$Attribute@762cbcb9],null,[XMLNode[ELEMENT,Code,null,null,null,[XMLNode[TEXT,null,null,null,null,null,103,]],null,]],null,]"|0x4a5c6f1e
12:48:38.1 (255669479)|STATEMENT_EXECUTE|[153]
12:48:38.1 (255673668)|HEAP_ALLOCATE|[153]|Bytes:5
12:48:38.1 (255720418)|HEAP_ALLOCATE|[153]|Bytes:2
12:48:38.1 (255727920)|VARIABLE_SCOPE_BEGIN|[153]|totalAttr|String|false|false
12:48:38.1 (255738158)|VARIABLE_ASSIGNMENT|[153]|totalAttr|"-1"
12:48:38.1 (255742271)|STATEMENT_EXECUTE|[154]
12:48:38.1 (255844952)|VARIABLE_ASSIGNMENT|[EXTERNAL]|this|{"result":"0x464d241b"}|0x6d417d2c
12:48:38.1 (255856573)|VARIABLE_ASSIGNMENT|[EXTERNAL]|value|-1
12:48:38.1 (255864277)|HEAP_ALLOCATE|[2]|Bytes:4
12:48:38.1 (255873300)|VARIABLE_ASSIGNMENT|[2]|this.totalCount|-1|0x6d417d2c
12:48:38.1 (255935612)|HEAP_ALLOCATE|[156]|Bytes:4
12:48:38.1 (255940487)|HEAP_ALLOCATE|[156]|Bytes:4
12:48:38.1 (255988707)|HEAP_ALLOCATE|[156]|Bytes:5
12:48:38.1 (256007927)|HEAP_ALLOCATE|[156]|Bytes:4
12:48:38.1 (256018399)|VARIABLE_SCOPE_BEGIN|[156]|itemNode|dom.XmlNode|true|false
12:48:38.1 (256105616)|VARIABLE_ASSIGNMENT|[156]|itemNode|"XMLNode[ELEMENT,Code,null,null,null,[XMLNode[TEXT,null,null,null,null,null,103,]],null,]"|0x1d6231cf
12:48:38.1 (256137529)|STATEMENT_EXECUTE|[156]
12:48:38.1 (256168370)|HEAP_ALLOCATE|[157]|Bytes:4
12:48:38.1 (256176425)|HEAP_ALLOCATE|[157]|Bytes:4
12:48:38.1 (256204270)|STATEMENT_EXECUTE|[157]
12:48:38.1 (256213678)|HEAP_ALLOCATE|[156]|Bytes:5
12:48:38.1 (256224172)|VARIABLE_ASSIGNMENT|[156]|itemNode|null|
12:48:38.1 (256229495)|STATEMENT_EXECUTE|[169]
12:48:38.1 (256236550)|METHOD_EXIT|[35]|01pBK000001lFxV|PORTERS_API_GetResumeData.parseXml(String)
12:48:38.1 (256245643)|METHOD_EXIT|[4]|01pBK000001lFxV|PORTERS_API_GetResumeData.getResumeData(Datetime, Integer)
12:48:38.1 (256257750)|SYSTEM_MODE_EXIT|false
12:48:38.1 (256299300)|VARIABLE_ASSIGNMENT|[3]|res|{"result":"0x464d241b","totalCount":-1}|0x6d417d2c
12:48:38.1 (256353814)|SYSTEM_MODE_ENTER|false
12:48:38.1 (256369506)|HEAP_ALLOCATE|[5]|Bytes:5
12:48:38.1 (256405139)|VARIABLE_ASSIGNMENT|[EXTERNAL]|this|{"result":"0x464d241b","totalCount":-1}|0x6d417d2c
12:48:38.1 (256418956)|SYSTEM_MODE_EXIT|false
12:48:38.1 (256554072)|HEAP_ALLOCATE|[5]|Bytes:5
12:48:38.1 (256624663)|VARIABLE_ASSIGNMENT|[5]|wrapper|null|
12:48:38.1 (256628827)|STATEMENT_EXECUTE|[5]
12:48:38.256 (256688197)|CUMULATIVE_LIMIT_USAGE
12:48:38.256 (256688197)|LIMIT_USAGE_FOR_NS|(default)|
  Number of SOQL queries: 0 out of 100
  Number of query rows: 0 out of 50000
  Number of SOSL queries: 0 out of 20
  Number of DML statements: 0 out of 150
  Number of Publish Immediate DML: 0 out of 150
  Number of DML rows: 0 out of 10000
  Maximum CPU time: 0 out of 10000
  Maximum heap size: 0 out of 6000000
  Number of callouts: 3 out of 100
  Number of Email Invocations: 0 out of 10
  Number of future calls: 0 out of 50
  Number of queueable jobs added to the queue: 0 out of 50
  Number of Mobile Apex push calls: 0 out of 10

12:48:38.256 (256688197)|CUMULATIVE_LIMIT_USAGE_END

12:48:38.1 (256760442)|CODE_UNIT_FINISHED|execute_anonymous_apex
12:48:38.1 (256774652)|EXECUTION_FINISHED
