66.0 APEX_CODE,FINEST;APEX_PROFILING,INFO;CALLOUT,INFO;DATA_ACCESS,INFO;DB,INFO;NBA,INFO;SYSTEM,DEBUG;VALIDATION,INFO;VISUALFORCE,INFO;WAVE,INFO;WORKFLOW,INFO
15:18:32.0 (725128)|USER_INFO|[EXTERNAL]|005BK00000Ilvi1|foryoze@owleyes.ch.hurex|(GMT+09:00) 日本標準時 (Asia/Tokyo)|GMT+09:00
15:18:32.0 (809202)|EXECUTION_STARTED
15:18:32.0 (831402)|CODE_UNIT_STARTED|[EXTERNAL]|apex://JobCardsController/ACTION$toggleFavoriteJob
15:18:32.0 (4488354)|CODE_UNIT_STARTED|[EXTERNAL]|01pBK000001RGBP|JobCardsController.toggleFavoriteJob(String, Boolean)
15:18:32.0 (6620877)|HEAP_ALLOCATE|[95]|Bytes:3
15:18:32.0 (6734886)|HEAP_ALLOCATE|[100]|Bytes:152
15:18:32.0 (6753365)|HEAP_ALLOCATE|[417]|Bytes:408
15:18:32.0 (6766073)|HEAP_ALLOCATE|[430]|Bytes:408
15:18:32.0 (6787098)|HEAP_ALLOCATE|[317]|Bytes:6
15:18:32.0 (6797473)|HEAP_ALLOCATE|[EXTERNAL]|Bytes:10
15:18:32.0 (6800532)|HEAP_ALLOCATE|[EXTERNAL]|Bytes:5
15:18:32.0 (6802639)|HEAP_ALLOCATE|[EXTERNAL]|Bytes:3
15:18:32.0 (6818833)|METHOD_ENTRY|[6]|01pBK000001RGBP|JobCardsController.JobCardsController()
15:18:32.0 (6827566)|STATEMENT_EXECUTE|[6]
15:18:32.0 (6835577)|STATEMENT_EXECUTE|[6]
15:18:32.0 (6852922)|HEAP_ALLOCATE|[68]|Bytes:5
15:18:32.0 (6877052)|HEAP_ALLOCATE|[74]|Bytes:5
15:18:32.0 (6881245)|HEAP_ALLOCATE|[82]|Bytes:7
15:18:32.0 (7251882)|HEAP_ALLOCATE|[EXTERNAL]|Bytes:5
15:18:32.0 (7262352)|STATEMENT_EXECUTE|[12]
15:18:32.0 (7282248)|METHOD_EXIT|[6]|JobCardsController
15:18:32.0 (7289127)|HEAP_ALLOCATE|[EXTERNAL]|Bytes:18
15:18:32.0 (7292807)|HEAP_ALLOCATE|[EXTERNAL]|Bytes:5
15:18:32.0 (7310863)|VARIABLE_SCOPE_BEGIN|[82]|jobId|String|false|false
15:18:32.0 (7368291)|VARIABLE_ASSIGNMENT|[82]|jobId|"a0KBK00000Jh7Xx2AJ"
15:18:32.0 (7374011)|VARIABLE_SCOPE_BEGIN|[82]|isFavorite|Boolean|false|false
15:18:32.0 (7383425)|VARIABLE_ASSIGNMENT|[82]|isFavorite|false
15:18:32.0 (7398471)|HEAP_ALLOCATE|[83]|Bytes:5
15:18:32.0 (7402204)|STATEMENT_EXECUTE|[82]
15:18:32.0 (7403460)|STATEMENT_EXECUTE|[83]
15:18:32.0 (7404445)|STATEMENT_EXECUTE|[83]
15:18:32.0 (7405683)|STATEMENT_EXECUTE|[84]
15:18:32.0 (7455372)|HEAP_ALLOCATE|[84]|Bytes:105
15:18:32.0 (7463242)|SYSTEM_METHOD_ENTRY|[1]|UserInfo.UserInfo()
15:18:32.0 (7465629)|STATEMENT_EXECUTE|[1]
15:18:32.0 (7472850)|SYSTEM_METHOD_EXIT|[1]|UserInfo
15:18:32.0 (7487456)|METHOD_ENTRY|[84]||System.UserInfo.getUserId()
15:18:32.0 (12628518)|METHOD_EXIT|[84]||System.UserInfo.getUserId()
15:18:32.0 (12675674)|HEAP_ALLOCATE|[84]|Bytes:4
15:18:32.0 (12689748)|VARIABLE_SCOPE_BEGIN|[84]|userId|Id|false|false
15:18:32.0 (12945895)|VARIABLE_ASSIGNMENT|[84]|userId|"005BK00000Ilvi1YAB"
15:18:32.0 (12953241)|STATEMENT_EXECUTE|[86]
15:18:32.0 (12958109)|HEAP_ALLOCATE|[86]|Bytes:106
15:18:32.0 (12987028)|HEAP_ALLOCATE|[86]|Bytes:4
15:18:32.0 (12999897)|HEAP_ALLOCATE|[86]|Bytes:7
15:18:32.0 (13013261)|HEAP_ALLOCATE|[86]|Bytes:7
15:18:32.0 (14513676)|SOQL_EXECUTE_BEGIN|[86]|Aggregations:0|SELECT Id, IsArchive__c FROM InterestedJob__c WHERE (Job__c = :tmpVar1 AND CreatedById = :tmpVar2) LIMIT 1
15:18:32.0 (41012280)|SOQL_EXECUTE_END|[86]|Rows:1
15:18:32.0 (41050851)|HEAP_ALLOCATE|[86]|Bytes:8
15:18:32.0 (41080144)|HEAP_ALLOCATE|[86]|Bytes:49
15:18:32.0 (41225662)|HEAP_ALLOCATE|[86]|Bytes:8
15:18:32.0 (41248713)|VARIABLE_SCOPE_BEGIN|[86]|existingRecords|List<InterestedJob__c>|true|false
15:18:32.0 (41342945)|VARIABLE_ASSIGNMENT|[86]|existingRecords|[{"IsArchive__c":false,"Id":"a0OBK000005XjjR2AS"}]|0x59af7057
15:18:32.0 (41451853)|STATEMENT_EXECUTE|[92]
15:18:32.0 (41453257)|STATEMENT_EXECUTE|[94]
15:18:32.0 (41476083)|HEAP_ALLOCATE|[94]|Bytes:12
15:18:32.0 (41480889)|VARIABLE_SCOPE_BEGIN|[94]|favRecord|InterestedJob__c|true|false
15:18:32.0 (41502640)|VARIABLE_ASSIGNMENT|[94]|favRecord|{"IsArchive__c":false,"Id":"a0OBK000005XjjR2AS"}|0x3f61452a
15:18:32.0 (41505738)|STATEMENT_EXECUTE|[95]
15:18:32.0 (41592804)|VARIABLE_ASSIGNMENT|[95]|this.IsArchive__c|true|0x3f61452a
15:18:32.0 (41595889)|STATEMENT_EXECUTE|[96]
15:18:32.0 (41610425)|HEAP_ALLOCATE|[96]|Bytes:-4
15:18:32.0 (41614903)|VARIABLE_ASSIGNMENT|[96]|this.Aggregation__c|true|0x3f61452a
15:18:32.0 (41617579)|STATEMENT_EXECUTE|[97]
15:18:32.0 (41651833)|HEAP_ALLOCATE|[97]|Bytes:8
15:18:32.0 (41666327)|DML_BEGIN|[97]|Op:Update|Type:InterestedJob__c|Rows:1
15:18:32.0 (41699485)|HEAP_ALLOCATE|[EXTERNAL]|Bytes:8
15:18:32.0 (93926805)|DML_END|[97]
15:18:32.0 (95642305)|STATEMENT_EXECUTE|[109]
15:18:32.0 (95658639)|HEAP_ALLOCATE|[109]|Bytes:5
15:18:32.0 (95678772)|HEAP_ALLOCATE|[109]|Bytes:5
15:18:32.127 (127315995)|CUMULATIVE_LIMIT_USAGE
15:18:32.127 (127315995)|LIMIT_USAGE_FOR_NS|(default)|
  Number of SOQL queries: 1 out of 100
  Number of query rows: 1 out of 50000
  Number of SOSL queries: 0 out of 20
  Number of DML statements: 1 out of 150
  Number of Publish Immediate DML: 0 out of 150
  Number of DML rows: 1 out of 10000
  Maximum CPU time: 0 out of 10000
  Maximum heap size: 0 out of 6000000
  Number of callouts: 0 out of 100
  Number of Email Invocations: 0 out of 10
  Number of future calls: 0 out of 50
  Number of queueable jobs added to the queue: 0 out of 50
  Number of Mobile Apex push calls: 0 out of 10

15:18:32.127 (127315995)|CUMULATIVE_LIMIT_USAGE_END

15:18:32.0 (127357778)|CODE_UNIT_FINISHED|JobCardsController.toggleFavoriteJob(String, Boolean)
15:18:32.0 (127572032)|CODE_UNIT_FINISHED|apex://JobCardsController/ACTION$toggleFavoriteJob
15:18:32.0 (127582845)|EXECUTION_FINISHED
