66.0 APEX_CODE,FINEST;APEX_PROFILING,INFO;CALLOUT,INFO;DATA_ACCESS,INFO;DB,INFO;NBA,INFO;SYSTEM,DEBUG;VALIDATION,INFO;VISUALFORCE,INFO;WAVE,INFO;WORKFLOW,INFO
18:38:40.0 (186581)|USER_INFO|[EXTERNAL]|0057F0000042UBb|ishibashi@hurex.co.jp.dev1|(GMT+09:00) 日本標準時 (Asia/Tokyo)|GMT+09:00
18:38:40.0 (218489)|EXECUTION_STARTED
18:38:40.0 (227380)|CODE_UNIT_STARTED|[EXTERNAL]|apex://RegistrationInfoController/ACTION$getPrefecturePicklistValues
18:38:40.0 (2449154)|CODE_UNIT_STARTED|[EXTERNAL]|01pBK000001mgyr|RegistrationInfoController.getPrefecturePicklistValues()
18:38:40.0 (2717708)|HEAP_ALLOCATE|[95]|Bytes:3
18:38:40.0 (2797001)|HEAP_ALLOCATE|[100]|Bytes:152
18:38:40.0 (2812728)|HEAP_ALLOCATE|[417]|Bytes:408
18:38:40.0 (2823840)|HEAP_ALLOCATE|[430]|Bytes:408
18:38:40.0 (2845746)|HEAP_ALLOCATE|[317]|Bytes:6
18:38:40.0 (2856571)|HEAP_ALLOCATE|[EXTERNAL]|Bytes:23
18:38:40.0 (2859763)|HEAP_ALLOCATE|[EXTERNAL]|Bytes:25
18:38:40.0 (2861842)|HEAP_ALLOCATE|[EXTERNAL]|Bytes:3
18:38:40.0 (2872955)|METHOD_ENTRY|[5]|01pBK000001mgyr|RegistrationInfoController.RegistrationInfoController()
18:38:40.0 (2877280)|STATEMENT_EXECUTE|[5]
18:38:40.0 (2882931)|STATEMENT_EXECUTE|[5]
18:38:40.0 (2901684)|HEAP_ALLOCATE|[68]|Bytes:5
18:38:40.0 (2924460)|HEAP_ALLOCATE|[74]|Bytes:5
18:38:40.0 (2929128)|HEAP_ALLOCATE|[82]|Bytes:7
18:38:40.0 (3079056)|HEAP_ALLOCATE|[EXTERNAL]|Bytes:5
18:38:40.0 (3083802)|STATEMENT_EXECUTE|[8]
18:38:40.0 (3092397)|METHOD_EXIT|[5]|RegistrationInfoController
18:38:40.0 (3104398)|HEAP_ALLOCATE|[110]|Bytes:5
18:38:40.0 (3106980)|STATEMENT_EXECUTE|[109]
18:38:40.0 (3108303)|STATEMENT_EXECUTE|[110]
18:38:40.0 (3109988)|HEAP_ALLOCATE|[110]|Bytes:7
18:38:40.0 (3112037)|HEAP_ALLOCATE|[110]|Bytes:7
18:38:40.0 (3616136)|HEAP_ALLOCATE|[110]|Bytes:7
18:38:40.0 (3648896)|METHOD_ENTRY|[110]|01pBK000001mgyr|RegistrationInfoController.getPicklistValues(Schema.SObjectField, Boolean, String)
18:38:40.0 (3681444)|VARIABLE_SCOPE_BEGIN|[131]|field|Schema.SObjectField|true|false
18:38:40.0 (3884441)|VARIABLE_ASSIGNMENT|[131]|field|"common.apex.runtime.impl.ApexFieldToken@9e2803e"|0x9e2803e
18:38:40.0 (3893802)|VARIABLE_SCOPE_BEGIN|[131]|addEmpty|Boolean|false|false
18:38:40.0 (3901647)|VARIABLE_ASSIGNMENT|[131]|addEmpty|true
18:38:40.0 (3904928)|VARIABLE_SCOPE_BEGIN|[131]|emptyLabel|String|false|false
18:38:40.0 (3911367)|VARIABLE_ASSIGNMENT|[131]|emptyLabel|"都道府県を選択"
18:38:40.0 (3921658)|HEAP_ALLOCATE|[132]|Bytes:5
18:38:40.0 (3925012)|STATEMENT_EXECUTE|[131]
18:38:40.0 (3926155)|STATEMENT_EXECUTE|[132]
18:38:40.0 (3943830)|HEAP_ALLOCATE|[132]|Bytes:4
18:38:40.0 (4005816)|VARIABLE_SCOPE_BEGIN|[132]|options|List<Map<String,String>>|true|false
18:38:40.0 (4058747)|HEAP_ALLOCATE|[EXTERNAL]|Bytes:4
18:38:40.0 (4071978)|VARIABLE_ASSIGNMENT|[132]|options|[]|0x59ce005d
18:38:40.0 (4140403)|STATEMENT_EXECUTE|[133]
18:38:40.0 (4141404)|STATEMENT_EXECUTE|[134]
18:38:40.0 (4150777)|HEAP_ALLOCATE|[134]|Bytes:4
18:38:40.0 (4158591)|HEAP_ALLOCATE|[134]|Bytes:5
18:38:40.0 (4185705)|HEAP_ALLOCATE|[134]|Bytes:5
18:38:40.0 (4209016)|HEAP_ALLOCATE|[EXTERNAL]|Bytes:4
18:38:40.0 (4213147)|STATEMENT_EXECUTE|[137]
18:38:40.0 (4214016)|STATEMENT_EXECUTE|[137]
18:38:40.0 (4287000)|SYSTEM_MODE_ENTER|true
18:38:40.0 (93695724)|HEAP_ALLOCATE|[EXTERNAL]|Bytes:4
18:38:40.0 (94624769)|HEAP_ALLOCATE|[138]|Bytes:8
18:38:40.0 (96761296)|HEAP_ALLOCATE|[EXTERNAL]|Bytes:192
18:38:40.0 (96860178)|HEAP_ALLOCATE|[138]|Bytes:192
18:38:40.0 (97075064)|HEAP_ALLOCATE|[138]|Bytes:5
18:38:40.0 (97100464)|HEAP_ALLOCATE|[138]|Bytes:4
18:38:40.0 (97110639)|VARIABLE_SCOPE_BEGIN|[138]|entry|Schema.PicklistEntry|true|false
18:38:40.0 (97143472)|VARIABLE_ASSIGNMENT|[138]|entry|北海道|0x4b9ac2fe
18:38:40.0 (97153323)|STATEMENT_EXECUTE|[138]
18:38:40.0 (97155306)|STATEMENT_EXECUTE|[139]
18:38:40.0 (97174101)|HEAP_ALLOCATE|[139]|Bytes:4
18:38:40.0 (97203038)|HEAP_ALLOCATE|[139]|Bytes:3
18:38:40.0 (97298292)|HEAP_ALLOCATE|[139]|Bytes:3
18:38:40.0 (97318727)|HEAP_ALLOCATE|[EXTERNAL]|Bytes:4
18:38:40.0 (97331125)|HEAP_ALLOCATE|[138]|Bytes:5
18:38:40.0 (97341125)|HEAP_ALLOCATE|[138]|Bytes:4
18:38:40.0 (97347055)|VARIABLE_SCOPE_BEGIN|[138]|entry|Schema.PicklistEntry|true|false
18:38:40.0 (97357110)|VARIABLE_ASSIGNMENT|[138]|entry|青森県|0x55bd6fed
18:38:40.0 (97361125)|STATEMENT_EXECUTE|[138]
18:38:40.0 (97362108)|STATEMENT_EXECUTE|[139]
18:38:40.0 (97437114)|HEAP_ALLOCATE|[139]|Bytes:4
18:38:40.0 (97510157)|HEAP_ALLOCATE|[139]|Bytes:3
18:38:40.0 (97546473)|HEAP_ALLOCATE|[139]|Bytes:3
18:38:40.0 (97564552)|HEAP_ALLOCATE|[EXTERNAL]|Bytes:4
18:38:40.0 (97595536)|HEAP_ALLOCATE|[138]|Bytes:5
18:38:40.0 (97620195)|HEAP_ALLOCATE|[138]|Bytes:4
18:38:40.0 (97630951)|VARIABLE_SCOPE_BEGIN|[138]|entry|Schema.PicklistEntry|true|false
18:38:40.0 (97657127)|VARIABLE_ASSIGNMENT|[138]|entry|岩手県|0x62aa54d4
18:38:40.0 (97665328)|STATEMENT_EXECUTE|[138]
18:38:40.0 (97666791)|STATEMENT_EXECUTE|[139]
18:38:40.0 (97686570)|HEAP_ALLOCATE|[139]|Bytes:4
18:38:40.0 (97690536)|HEAP_ALLOCATE|[139]|Bytes:3
18:38:40.0 (97696797)|HEAP_ALLOCATE|[139]|Bytes:3
18:38:40.0 (97702676)|HEAP_ALLOCATE|[EXTERNAL]|Bytes:4
18:38:40.0 (97708011)|HEAP_ALLOCATE|[138]|Bytes:5
18:38:40.0 (97712770)|HEAP_ALLOCATE|[138]|Bytes:4
18:38:40.0 (97715216)|VARIABLE_SCOPE_BEGIN|[138]|entry|Schema.PicklistEntry|true|false
18:38:40.0 (97720053)|VARIABLE_ASSIGNMENT|[138]|entry|宮城県|0x2e82ed50
18:38:40.0 (97723059)|STATEMENT_EXECUTE|[138]
18:38:40.0 (97723940)|STATEMENT_EXECUTE|[139]
18:38:40.0 (97726635)|HEAP_ALLOCATE|[139]|Bytes:4
18:38:40.0 (97729435)|HEAP_ALLOCATE|[139]|Bytes:3
18:38:40.0 (97734741)|HEAP_ALLOCATE|[139]|Bytes:3
18:38:40.0 (97740098)|HEAP_ALLOCATE|[EXTERNAL]|Bytes:4
18:38:40.0 (97744535)|HEAP_ALLOCATE|[138]|Bytes:5
18:38:40.0 (97748340)|HEAP_ALLOCATE|[138]|Bytes:4
18:38:40.0 (97750576)|VARIABLE_SCOPE_BEGIN|[138]|entry|Schema.PicklistEntry|true|false
18:38:40.0 (97754865)|VARIABLE_ASSIGNMENT|[138]|entry|秋田県|0x3392474c
18:38:40.0 (97757593)|STATEMENT_EXECUTE|[138]
18:38:40.0 (97758421)|STATEMENT_EXECUTE|[139]
18:38:40.0 (97760901)|HEAP_ALLOCATE|[139]|Bytes:4
18:38:40.0 (97763479)|HEAP_ALLOCATE|[139]|Bytes:3
18:38:40.0 (97768232)|HEAP_ALLOCATE|[139]|Bytes:3
18:38:40.0 (97773389)|HEAP_ALLOCATE|[EXTERNAL]|Bytes:4
18:38:40.0 (97777805)|HEAP_ALLOCATE|[138]|Bytes:5
18:38:40.0 (97781460)|HEAP_ALLOCATE|[138]|Bytes:4
18:38:40.0 (97783557)|VARIABLE_SCOPE_BEGIN|[138]|entry|Schema.PicklistEntry|true|false
18:38:40.0 (97787885)|VARIABLE_ASSIGNMENT|[138]|entry|山形県|0xd6e84d4
18:38:40.0 (97790487)|STATEMENT_EXECUTE|[138]
18:38:40.0 (97791335)|STATEMENT_EXECUTE|[139]
18:38:40.0 (97793567)|HEAP_ALLOCATE|[139]|Bytes:4
18:38:40.0 (97796178)|HEAP_ALLOCATE|[139]|Bytes:3
18:38:40.0 (97800905)|HEAP_ALLOCATE|[139]|Bytes:3
18:38:40.0 (97806048)|HEAP_ALLOCATE|[EXTERNAL]|Bytes:4
18:38:40.0 (97810465)|HEAP_ALLOCATE|[138]|Bytes:5
18:38:40.0 (97814023)|HEAP_ALLOCATE|[138]|Bytes:4
18:38:40.0 (97816111)|VARIABLE_SCOPE_BEGIN|[138]|entry|Schema.PicklistEntry|true|false
18:38:40.0 (97820110)|VARIABLE_ASSIGNMENT|[138]|entry|福島県|0x3dd27d59
18:38:40.0 (97822945)|STATEMENT_EXECUTE|[138]
18:38:40.0 (97823743)|STATEMENT_EXECUTE|[139]
18:38:40.0 (97826006)|HEAP_ALLOCATE|[139]|Bytes:4
18:38:40.0 (97828490)|HEAP_ALLOCATE|[139]|Bytes:3
18:38:40.0 (97833192)|HEAP_ALLOCATE|[139]|Bytes:3
18:38:40.0 (97838478)|HEAP_ALLOCATE|[EXTERNAL]|Bytes:4
18:38:40.0 (97842819)|HEAP_ALLOCATE|[138]|Bytes:5
18:38:40.0 (97846460)|HEAP_ALLOCATE|[138]|Bytes:4
18:38:40.0 (97848669)|VARIABLE_SCOPE_BEGIN|[138]|entry|Schema.PicklistEntry|true|false
18:38:40.0 (97852679)|VARIABLE_ASSIGNMENT|[138]|entry|茨城県|0x483efde
18:38:40.0 (97855285)|STATEMENT_EXECUTE|[138]
18:38:40.0 (97856101)|STATEMENT_EXECUTE|[139]
18:38:40.0 (97858275)|HEAP_ALLOCATE|[139]|Bytes:4
18:38:40.0 (97860715)|HEAP_ALLOCATE|[139]|Bytes:3
18:38:40.0 (97865510)|HEAP_ALLOCATE|[139]|Bytes:3
18:38:40.0 (97870688)|HEAP_ALLOCATE|[EXTERNAL]|Bytes:4
18:38:40.0 (97875049)|HEAP_ALLOCATE|[138]|Bytes:5
18:38:40.0 (97878588)|HEAP_ALLOCATE|[138]|Bytes:4
18:38:40.0 (97880679)|VARIABLE_SCOPE_BEGIN|[138]|entry|Schema.PicklistEntry|true|false
18:38:40.0 (97884957)|VARIABLE_ASSIGNMENT|[138]|entry|栃木県|0x258a6025
18:38:40.0 (97887920)|STATEMENT_EXECUTE|[138]
18:38:40.0 (97888719)|STATEMENT_EXECUTE|[139]
18:38:40.0 (97890940)|HEAP_ALLOCATE|[139]|Bytes:4
18:38:40.0 (97893343)|HEAP_ALLOCATE|[139]|Bytes:3
18:38:40.0 (97897967)|HEAP_ALLOCATE|[139]|Bytes:3
18:38:40.0 (97903354)|HEAP_ALLOCATE|[EXTERNAL]|Bytes:4
18:38:40.0 (97907745)|HEAP_ALLOCATE|[138]|Bytes:5
18:38:40.0 (97911388)|HEAP_ALLOCATE|[138]|Bytes:4
18:38:40.0 (97913467)|VARIABLE_SCOPE_BEGIN|[138]|entry|Schema.PicklistEntry|true|false
18:38:40.0 (97917430)|VARIABLE_ASSIGNMENT|[138]|entry|群馬県|0x5cbb1864
18:38:40.0 (97919982)|STATEMENT_EXECUTE|[138]
18:38:40.0 (97920803)|STATEMENT_EXECUTE|[139]
18:38:40.0 (97923083)|HEAP_ALLOCATE|[139]|Bytes:4
18:38:40.0 (97925472)|HEAP_ALLOCATE|[139]|Bytes:3
18:38:40.0 (97930216)|HEAP_ALLOCATE|[139]|Bytes:3
18:38:40.0 (97935365)|HEAP_ALLOCATE|[EXTERNAL]|Bytes:4
18:38:40.0 (97939664)|HEAP_ALLOCATE|[138]|Bytes:5
18:38:40.0 (97943365)|HEAP_ALLOCATE|[138]|Bytes:4
18:38:40.0 (97945597)|VARIABLE_SCOPE_BEGIN|[138]|entry|Schema.PicklistEntry|true|false
18:38:40.0 (97949535)|VARIABLE_ASSIGNMENT|[138]|entry|埼玉県|0x72ad8e1f
18:38:40.0 (97952096)|STATEMENT_EXECUTE|[138]
18:38:40.0 (97952905)|STATEMENT_EXECUTE|[139]
18:38:40.0 (97955073)|HEAP_ALLOCATE|[139]|Bytes:4
18:38:40.0 (97957519)|HEAP_ALLOCATE|[139]|Bytes:3
18:38:40.0 (97962247)|HEAP_ALLOCATE|[139]|Bytes:3
18:38:40.0 (97967375)|HEAP_ALLOCATE|[EXTERNAL]|Bytes:4
18:38:40.0 (97971642)|HEAP_ALLOCATE|[138]|Bytes:5
18:38:40.0 (97975391)|HEAP_ALLOCATE|[138]|Bytes:4
18:38:40.0 (97977603)|VARIABLE_SCOPE_BEGIN|[138]|entry|Schema.PicklistEntry|true|false
18:38:40.0 (97981575)|VARIABLE_ASSIGNMENT|[138]|entry|千葉県|0x694b728b
18:38:40.0 (97984392)|STATEMENT_EXECUTE|[138]
18:38:40.0 (97985171)|STATEMENT_EXECUTE|[139]
18:38:40.0 (97987328)|HEAP_ALLOCATE|[139]|Bytes:4
18:38:40.0 (97989855)|HEAP_ALLOCATE|[139]|Bytes:3
18:38:40.0 (97994485)|HEAP_ALLOCATE|[139]|Bytes:3
18:38:40.0 (97999645)|HEAP_ALLOCATE|[EXTERNAL]|Bytes:4
18:38:40.0 (98004064)|HEAP_ALLOCATE|[138]|Bytes:5
18:38:40.0 (98008662)|HEAP_ALLOCATE|[138]|Bytes:4
18:38:40.0 (98010800)|VARIABLE_SCOPE_BEGIN|[138]|entry|Schema.PicklistEntry|true|false
18:38:40.0 (98014823)|VARIABLE_ASSIGNMENT|[138]|entry|東京都|0x1f36accf
18:38:40.0 (98017354)|STATEMENT_EXECUTE|[138]
18:38:40.0 (98018145)|STATEMENT_EXECUTE|[139]
18:38:40.0 (98020280)|HEAP_ALLOCATE|[139]|Bytes:4
18:38:40.0 (98022891)|HEAP_ALLOCATE|[139]|Bytes:3
18:38:40.0 (98027475)|HEAP_ALLOCATE|[139]|Bytes:3
18:38:40.0 (98032791)|HEAP_ALLOCATE|[EXTERNAL]|Bytes:4
18:38:40.0 (98037122)|HEAP_ALLOCATE|[138]|Bytes:5
18:38:40.0 (98040819)|HEAP_ALLOCATE|[138]|Bytes:4
18:38:40.0 (98042881)|VARIABLE_SCOPE_BEGIN|[138]|entry|Schema.PicklistEntry|true|false
18:38:40.0 (98046803)|VARIABLE_ASSIGNMENT|[138]|entry|神奈川県|0x1b4aef75
18:38:40.0 (98049570)|STATEMENT_EXECUTE|[138]
18:38:40.0 (98050376)|STATEMENT_EXECUTE|[139]
18:38:40.0 (98052653)|HEAP_ALLOCATE|[139]|Bytes:4
18:38:40.0 (98055189)|HEAP_ALLOCATE|[139]|Bytes:4
18:38:40.0 (98060052)|HEAP_ALLOCATE|[139]|Bytes:4
18:38:40.0 (98065273)|HEAP_ALLOCATE|[EXTERNAL]|Bytes:4
18:38:40.0 (98069425)|HEAP_ALLOCATE|[138]|Bytes:5
18:38:40.0 (98072965)|HEAP_ALLOCATE|[138]|Bytes:4
18:38:40.0 (98075070)|VARIABLE_SCOPE_BEGIN|[138]|entry|Schema.PicklistEntry|true|false
18:38:40.0 (98079028)|VARIABLE_ASSIGNMENT|[138]|entry|新潟県|0x5094775
18:38:40.0 (98081742)|STATEMENT_EXECUTE|[138]
18:38:40.0 (98082536)|STATEMENT_EXECUTE|[139]
18:38:40.0 (98084695)|HEAP_ALLOCATE|[139]|Bytes:4
18:38:40.0 (98087308)|HEAP_ALLOCATE|[139]|Bytes:3
18:38:40.0 (98092151)|HEAP_ALLOCATE|[139]|Bytes:3
18:38:40.0 (98097522)|HEAP_ALLOCATE|[EXTERNAL]|Bytes:4
18:38:40.0 (98101675)|HEAP_ALLOCATE|[138]|Bytes:5
18:38:40.0 (98105359)|HEAP_ALLOCATE|[138]|Bytes:4
18:38:40.0 (98107404)|VARIABLE_SCOPE_BEGIN|[138]|entry|Schema.PicklistEntry|true|false
18:38:40.0 (98111366)|VARIABLE_ASSIGNMENT|[138]|entry|富山県|0x3764a275
18:38:40.0 (98113998)|STATEMENT_EXECUTE|[138]
18:38:40.0 (98114806)|STATEMENT_EXECUTE|[139]
18:38:40.0 (98117013)|HEAP_ALLOCATE|[139]|Bytes:4
18:38:40.0 (98119587)|HEAP_ALLOCATE|[139]|Bytes:3
18:38:40.0 (98124280)|HEAP_ALLOCATE|[139]|Bytes:3
18:38:40.0 (98129525)|HEAP_ALLOCATE|[EXTERNAL]|Bytes:4
18:38:40.0 (98133871)|HEAP_ALLOCATE|[138]|Bytes:5
18:38:40.0 (98137431)|HEAP_ALLOCATE|[138]|Bytes:4
18:38:40.0 (98139481)|VARIABLE_SCOPE_BEGIN|[138]|entry|Schema.PicklistEntry|true|false
18:38:40.0 (98143378)|VARIABLE_ASSIGNMENT|[138]|entry|石川県|0x1d9e2082
18:38:40.0 (98146188)|STATEMENT_EXECUTE|[138]
18:38:40.0 (98146982)|STATEMENT_EXECUTE|[139]
18:38:40.0 (98149133)|HEAP_ALLOCATE|[139]|Bytes:4
18:38:40.0 (98151705)|HEAP_ALLOCATE|[139]|Bytes:3
18:38:40.0 (98156620)|HEAP_ALLOCATE|[139]|Bytes:3
18:38:40.0 (98161869)|HEAP_ALLOCATE|[EXTERNAL]|Bytes:4
18:38:40.0 (98166138)|HEAP_ALLOCATE|[138]|Bytes:5
18:38:40.0 (98169760)|HEAP_ALLOCATE|[138]|Bytes:4
18:38:40.0 (98172007)|VARIABLE_SCOPE_BEGIN|[138]|entry|Schema.PicklistEntry|true|false
18:38:40.0 (98175917)|VARIABLE_ASSIGNMENT|[138]|entry|福井県|0x51e34503
18:38:40.0 (98178596)|STATEMENT_EXECUTE|[138]
18:38:40.0 (98179409)|STATEMENT_EXECUTE|[139]
18:38:40.0 (98181535)|HEAP_ALLOCATE|[139]|Bytes:4
18:38:40.0 (98184042)|HEAP_ALLOCATE|[139]|Bytes:3
18:38:40.0 (98188820)|HEAP_ALLOCATE|[139]|Bytes:3
18:38:40.0 (98193928)|HEAP_ALLOCATE|[EXTERNAL]|Bytes:4
18:38:40.0 (98198141)|HEAP_ALLOCATE|[138]|Bytes:5
18:38:40.0 (98201760)|HEAP_ALLOCATE|[138]|Bytes:4
18:38:40.0 (98203840)|VARIABLE_SCOPE_BEGIN|[138]|entry|Schema.PicklistEntry|true|false
18:38:40.0 (98207809)|VARIABLE_ASSIGNMENT|[138]|entry|山梨県|0x1e1e82a5
18:38:40.0 (98210496)|STATEMENT_EXECUTE|[138]
18:38:40.0 (98211303)|STATEMENT_EXECUTE|[139]
18:38:40.0 (98213437)|HEAP_ALLOCATE|[139]|Bytes:4
18:38:40.0 (98215895)|HEAP_ALLOCATE|[139]|Bytes:3
18:38:40.0 (98220557)|HEAP_ALLOCATE|[139]|Bytes:3
18:38:40.0 (98225681)|HEAP_ALLOCATE|[EXTERNAL]|Bytes:4
18:38:40.0 (98229998)|HEAP_ALLOCATE|[138]|Bytes:5
18:38:40.0 (98233542)|HEAP_ALLOCATE|[138]|Bytes:4
18:38:40.0 (98235628)|VARIABLE_SCOPE_BEGIN|[138]|entry|Schema.PicklistEntry|true|false
18:38:40.0 (98239615)|VARIABLE_ASSIGNMENT|[138]|entry|長野県|0xc7bfc19
18:38:40.0 (98242151)|STATEMENT_EXECUTE|[138]
18:38:40.0 (98242950)|STATEMENT_EXECUTE|[139]
18:38:40.0 (98245146)|HEAP_ALLOCATE|[139]|Bytes:4
18:38:40.0 (98247789)|HEAP_ALLOCATE|[139]|Bytes:3
18:38:40.0 (98252441)|HEAP_ALLOCATE|[139]|Bytes:3
18:38:40.0 (98257700)|HEAP_ALLOCATE|[EXTERNAL]|Bytes:4
18:38:40.0 (98262086)|HEAP_ALLOCATE|[138]|Bytes:5
18:38:40.0 (98265616)|HEAP_ALLOCATE|[138]|Bytes:4
18:38:40.0 (98267719)|VARIABLE_SCOPE_BEGIN|[138]|entry|Schema.PicklistEntry|true|false
18:38:40.0 (98271876)|VARIABLE_ASSIGNMENT|[138]|entry|岐阜県|0x608d5724
18:38:40.0 (98274521)|STATEMENT_EXECUTE|[138]
18:38:40.0 (98275310)|STATEMENT_EXECUTE|[139]
18:38:40.0 (98277533)|HEAP_ALLOCATE|[139]|Bytes:4
18:38:40.0 (98279978)|HEAP_ALLOCATE|[139]|Bytes:3
18:38:40.0 (98284599)|HEAP_ALLOCATE|[139]|Bytes:3
18:38:40.0 (98289696)|HEAP_ALLOCATE|[EXTERNAL]|Bytes:4
18:38:40.0 (98293885)|HEAP_ALLOCATE|[138]|Bytes:5
18:38:40.0 (98297520)|HEAP_ALLOCATE|[138]|Bytes:4
18:38:40.0 (98299600)|VARIABLE_SCOPE_BEGIN|[138]|entry|Schema.PicklistEntry|true|false
18:38:40.0 (98303563)|VARIABLE_ASSIGNMENT|[138]|entry|静岡県|0x2b8dcd6b
18:38:40.0 (98306148)|STATEMENT_EXECUTE|[138]
18:38:40.0 (98306940)|STATEMENT_EXECUTE|[139]
18:38:40.0 (98309053)|HEAP_ALLOCATE|[139]|Bytes:4
18:38:40.0 (98311510)|HEAP_ALLOCATE|[139]|Bytes:3
18:38:40.0 (98316155)|HEAP_ALLOCATE|[139]|Bytes:3
18:38:40.0 (98321295)|HEAP_ALLOCATE|[EXTERNAL]|Bytes:4
18:38:40.0 (98325494)|HEAP_ALLOCATE|[138]|Bytes:5
18:38:40.0 (98329110)|HEAP_ALLOCATE|[138]|Bytes:4
18:38:40.0 (98331165)|VARIABLE_SCOPE_BEGIN|[138]|entry|Schema.PicklistEntry|true|false
18:38:40.0 (98335164)|VARIABLE_ASSIGNMENT|[138]|entry|愛知県|0x416c7915
18:38:40.0 (98337695)|STATEMENT_EXECUTE|[138]
18:38:40.0 (98338495)|STATEMENT_EXECUTE|[139]
18:38:40.0 (98340660)|HEAP_ALLOCATE|[139]|Bytes:4
18:38:40.0 (98343110)|HEAP_ALLOCATE|[139]|Bytes:3
18:38:40.0 (98347773)|HEAP_ALLOCATE|[139]|Bytes:3
18:38:40.0 (98353193)|HEAP_ALLOCATE|[EXTERNAL]|Bytes:4
18:38:40.0 (98357388)|HEAP_ALLOCATE|[138]|Bytes:5
18:38:40.0 (98360944)|HEAP_ALLOCATE|[138]|Bytes:4
18:38:40.0 (98363056)|VARIABLE_SCOPE_BEGIN|[138]|entry|Schema.PicklistEntry|true|false
18:38:40.0 (98367132)|VARIABLE_ASSIGNMENT|[138]|entry|三重県|0x1224de15
18:38:40.0 (98369685)|STATEMENT_EXECUTE|[138]
18:38:40.0 (98370531)|STATEMENT_EXECUTE|[139]
18:38:40.0 (98372619)|HEAP_ALLOCATE|[139]|Bytes:4
18:38:40.0 (98375034)|HEAP_ALLOCATE|[139]|Bytes:3
18:38:40.0 (98379767)|HEAP_ALLOCATE|[139]|Bytes:3
18:38:40.0 (98384905)|HEAP_ALLOCATE|[EXTERNAL]|Bytes:4
18:38:40.0 (98389096)|HEAP_ALLOCATE|[138]|Bytes:5
18:38:40.0 (98392655)|HEAP_ALLOCATE|[138]|Bytes:4
18:38:40.0 (98394751)|VARIABLE_SCOPE_BEGIN|[138]|entry|Schema.PicklistEntry|true|false
18:38:40.0 (98398719)|VARIABLE_ASSIGNMENT|[138]|entry|滋賀県|0x181a8f02
18:38:40.0 (98401397)|STATEMENT_EXECUTE|[138]
18:38:40.0 (98402196)|STATEMENT_EXECUTE|[139]
18:38:40.0 (98404442)|HEAP_ALLOCATE|[139]|Bytes:4
18:38:40.0 (98406902)|HEAP_ALLOCATE|[139]|Bytes:3
18:38:40.0 (98411635)|HEAP_ALLOCATE|[139]|Bytes:3
18:38:40.0 (98416764)|HEAP_ALLOCATE|[EXTERNAL]|Bytes:4
18:38:40.0 (98420970)|HEAP_ALLOCATE|[138]|Bytes:5
18:38:40.0 (98424628)|HEAP_ALLOCATE|[138]|Bytes:4
18:38:40.0 (98426726)|VARIABLE_SCOPE_BEGIN|[138]|entry|Schema.PicklistEntry|true|false
18:38:40.0 (98430732)|VARIABLE_ASSIGNMENT|[138]|entry|京都府|0x5d39efff
18:38:40.0 (98433250)|STATEMENT_EXECUTE|[138]
18:38:40.0 (98434056)|STATEMENT_EXECUTE|[139]
18:38:40.0 (98436180)|HEAP_ALLOCATE|[139]|Bytes:4
18:38:40.0 (98438588)|HEAP_ALLOCATE|[139]|Bytes:3
18:38:40.0 (98443325)|HEAP_ALLOCATE|[139]|Bytes:3
18:38:40.0 (98448447)|HEAP_ALLOCATE|[EXTERNAL]|Bytes:4
18:38:40.0 (98452585)|HEAP_ALLOCATE|[138]|Bytes:5
18:38:40.0 (98456136)|HEAP_ALLOCATE|[138]|Bytes:4
18:38:40.0 (98458191)|VARIABLE_SCOPE_BEGIN|[138]|entry|Schema.PicklistEntry|true|false
18:38:40.0 (98462099)|VARIABLE_ASSIGNMENT|[138]|entry|大阪府|0x7fbf919c
18:38:40.0 (98464650)|STATEMENT_EXECUTE|[138]
18:38:40.0 (98465453)|STATEMENT_EXECUTE|[139]
18:38:40.0 (98467783)|HEAP_ALLOCATE|[139]|Bytes:4
18:38:40.0 (98470262)|HEAP_ALLOCATE|[139]|Bytes:3
18:38:40.0 (98475109)|HEAP_ALLOCATE|[139]|Bytes:3
18:38:40.0 (98480390)|HEAP_ALLOCATE|[EXTERNAL]|Bytes:4
18:38:40.0 (98484586)|HEAP_ALLOCATE|[138]|Bytes:5
18:38:40.0 (98488172)|HEAP_ALLOCATE|[138]|Bytes:4
18:38:40.0 (98490257)|VARIABLE_SCOPE_BEGIN|[138]|entry|Schema.PicklistEntry|true|false
18:38:40.0 (98497239)|VARIABLE_ASSIGNMENT|[138]|entry|兵庫県|0x4bdf3c08
18:38:40.0 (98499855)|STATEMENT_EXECUTE|[138]
18:38:40.0 (98500689)|STATEMENT_EXECUTE|[139]
18:38:40.0 (98502963)|HEAP_ALLOCATE|[139]|Bytes:4
18:38:40.0 (98505773)|HEAP_ALLOCATE|[139]|Bytes:3
18:38:40.0 (98510551)|HEAP_ALLOCATE|[139]|Bytes:3
18:38:40.0 (98515831)|HEAP_ALLOCATE|[EXTERNAL]|Bytes:4
18:38:40.0 (98520513)|HEAP_ALLOCATE|[138]|Bytes:5
18:38:40.0 (98524302)|HEAP_ALLOCATE|[138]|Bytes:4
18:38:40.0 (98526431)|VARIABLE_SCOPE_BEGIN|[138]|entry|Schema.PicklistEntry|true|false
18:38:40.0 (98530323)|VARIABLE_ASSIGNMENT|[138]|entry|奈良県|0x7f1d8ee
18:38:40.0 (98532990)|STATEMENT_EXECUTE|[138]
18:38:40.0 (98533821)|STATEMENT_EXECUTE|[139]
18:38:40.0 (98535999)|HEAP_ALLOCATE|[139]|Bytes:4
18:38:40.0 (98538698)|HEAP_ALLOCATE|[139]|Bytes:3
18:38:40.0 (98543576)|HEAP_ALLOCATE|[139]|Bytes:3
18:38:40.0 (98548753)|HEAP_ALLOCATE|[EXTERNAL]|Bytes:4
18:38:40.0 (98553079)|HEAP_ALLOCATE|[138]|Bytes:5
18:38:40.0 (98556872)|HEAP_ALLOCATE|[138]|Bytes:4
18:38:40.0 (98558943)|VARIABLE_SCOPE_BEGIN|[138]|entry|Schema.PicklistEntry|true|false
18:38:40.0 (98562955)|VARIABLE_ASSIGNMENT|[138]|entry|和歌山県|0x152599f8
18:38:40.0 (98565653)|STATEMENT_EXECUTE|[138]
18:38:40.0 (98566466)|STATEMENT_EXECUTE|[139]
18:38:40.0 (98568908)|HEAP_ALLOCATE|[139]|Bytes:4
18:38:40.0 (98571582)|HEAP_ALLOCATE|[139]|Bytes:4
18:38:40.0 (98576310)|HEAP_ALLOCATE|[139]|Bytes:4
18:38:40.0 (98581412)|HEAP_ALLOCATE|[EXTERNAL]|Bytes:4
18:38:40.0 (98585692)|HEAP_ALLOCATE|[138]|Bytes:5
18:38:40.0 (98589366)|HEAP_ALLOCATE|[138]|Bytes:4
18:38:40.0 (98591450)|VARIABLE_SCOPE_BEGIN|[138]|entry|Schema.PicklistEntry|true|false
18:38:40.0 (98595708)|VARIABLE_ASSIGNMENT|[138]|entry|鳥取県|0x1695d9b1
18:38:40.0 (98598270)|STATEMENT_EXECUTE|[138]
18:38:40.0 (98599080)|STATEMENT_EXECUTE|[139]
18:38:40.0 (98601312)|HEAP_ALLOCATE|[139]|Bytes:4
18:38:40.0 (98603708)|HEAP_ALLOCATE|[139]|Bytes:3
18:38:40.0 (98608487)|HEAP_ALLOCATE|[139]|Bytes:3
18:38:40.0 (98613680)|HEAP_ALLOCATE|[EXTERNAL]|Bytes:4
18:38:40.0 (98617919)|HEAP_ALLOCATE|[138]|Bytes:5
18:38:40.0 (98621416)|HEAP_ALLOCATE|[138]|Bytes:4
18:38:40.0 (98623542)|VARIABLE_SCOPE_BEGIN|[138]|entry|Schema.PicklistEntry|true|false
18:38:40.0 (98627550)|VARIABLE_ASSIGNMENT|[138]|entry|島根県|0x24988817
18:38:40.0 (98630096)|STATEMENT_EXECUTE|[138]
18:38:40.0 (98630905)|STATEMENT_EXECUTE|[139]
18:38:40.0 (98633156)|HEAP_ALLOCATE|[139]|Bytes:4
18:38:40.0 (98635577)|HEAP_ALLOCATE|[139]|Bytes:3
18:38:40.0 (98640376)|HEAP_ALLOCATE|[139]|Bytes:3
18:38:40.0 (98645550)|HEAP_ALLOCATE|[EXTERNAL]|Bytes:4
18:38:40.0 (98649775)|HEAP_ALLOCATE|[138]|Bytes:5
18:38:40.0 (98653574)|HEAP_ALLOCATE|[138]|Bytes:4
18:38:40.0 (98655643)|VARIABLE_SCOPE_BEGIN|[138]|entry|Schema.PicklistEntry|true|false
18:38:40.0 (98659745)|VARIABLE_ASSIGNMENT|[138]|entry|岡山県|0x2da702c2
18:38:40.0 (98662210)|STATEMENT_EXECUTE|[138]
18:38:40.0 (98663010)|STATEMENT_EXECUTE|[139]
18:38:40.0 (98665050)|HEAP_ALLOCATE|[139]|Bytes:4
18:38:40.0 (98667514)|HEAP_ALLOCATE|[139]|Bytes:3
18:38:40.0 (98672285)|HEAP_ALLOCATE|[139]|Bytes:3
18:38:40.0 (98677390)|HEAP_ALLOCATE|[EXTERNAL]|Bytes:4
18:38:40.0 (98681589)|HEAP_ALLOCATE|[138]|Bytes:5
18:38:40.0 (98685216)|HEAP_ALLOCATE|[138]|Bytes:4
18:38:40.0 (98687350)|VARIABLE_SCOPE_BEGIN|[138]|entry|Schema.PicklistEntry|true|false
18:38:40.0 (98691360)|VARIABLE_ASSIGNMENT|[138]|entry|広島県|0x1474a4d7
18:38:40.0 (98693836)|STATEMENT_EXECUTE|[138]
18:38:40.0 (98694644)|STATEMENT_EXECUTE|[139]
18:38:40.0 (98696786)|HEAP_ALLOCATE|[139]|Bytes:4
18:38:40.0 (98699260)|HEAP_ALLOCATE|[139]|Bytes:3
18:38:40.0 (98703859)|HEAP_ALLOCATE|[139]|Bytes:3
18:38:40.0 (98709094)|HEAP_ALLOCATE|[EXTERNAL]|Bytes:4
18:38:40.0 (98713279)|HEAP_ALLOCATE|[138]|Bytes:5
18:38:40.0 (98716885)|HEAP_ALLOCATE|[138]|Bytes:4
18:38:40.0 (98718914)|VARIABLE_SCOPE_BEGIN|[138]|entry|Schema.PicklistEntry|true|false
18:38:40.0 (98723039)|VARIABLE_ASSIGNMENT|[138]|entry|山口県|0x2c14bfb9
18:38:40.0 (98725646)|STATEMENT_EXECUTE|[138]
18:38:40.0 (98726450)|STATEMENT_EXECUTE|[139]
18:38:40.0 (98728585)|HEAP_ALLOCATE|[139]|Bytes:4
18:38:40.0 (98731102)|HEAP_ALLOCATE|[139]|Bytes:3
18:38:40.0 (98735813)|HEAP_ALLOCATE|[139]|Bytes:3
18:38:40.0 (98740916)|HEAP_ALLOCATE|[EXTERNAL]|Bytes:4
18:38:40.0 (98745072)|HEAP_ALLOCATE|[138]|Bytes:5
18:38:40.0 (98748779)|HEAP_ALLOCATE|[138]|Bytes:4
18:38:40.0 (98750924)|VARIABLE_SCOPE_BEGIN|[138]|entry|Schema.PicklistEntry|true|false
18:38:40.0 (98754797)|VARIABLE_ASSIGNMENT|[138]|entry|徳島県|0x4cac421c
18:38:40.0 (98757286)|STATEMENT_EXECUTE|[138]
18:38:40.0 (98758094)|STATEMENT_EXECUTE|[139]
18:38:40.0 (98760140)|HEAP_ALLOCATE|[139]|Bytes:4
18:38:40.0 (98762909)|HEAP_ALLOCATE|[139]|Bytes:3
18:38:40.0 (98767511)|HEAP_ALLOCATE|[139]|Bytes:3
18:38:40.0 (98772834)|HEAP_ALLOCATE|[EXTERNAL]|Bytes:4
18:38:40.0 (98777128)|HEAP_ALLOCATE|[138]|Bytes:5
18:38:40.0 (98780750)|HEAP_ALLOCATE|[138]|Bytes:4
18:38:40.0 (98782790)|VARIABLE_SCOPE_BEGIN|[138]|entry|Schema.PicklistEntry|true|false
18:38:40.0 (98787216)|VARIABLE_ASSIGNMENT|[138]|entry|香川県|0x5988f859
18:38:40.0 (98789714)|STATEMENT_EXECUTE|[138]
18:38:40.0 (98790513)|STATEMENT_EXECUTE|[139]
18:38:40.0 (98792711)|HEAP_ALLOCATE|[139]|Bytes:4
18:38:40.0 (98795131)|HEAP_ALLOCATE|[139]|Bytes:3
18:38:40.0 (98799849)|HEAP_ALLOCATE|[139]|Bytes:3
18:38:40.0 (98805018)|HEAP_ALLOCATE|[EXTERNAL]|Bytes:4
18:38:40.0 (98809151)|HEAP_ALLOCATE|[138]|Bytes:5
18:38:40.0 (98812746)|HEAP_ALLOCATE|[138]|Bytes:4
18:38:40.0 (98814778)|VARIABLE_SCOPE_BEGIN|[138]|entry|Schema.PicklistEntry|true|false
18:38:40.0 (98818756)|VARIABLE_ASSIGNMENT|[138]|entry|愛媛県|0x68ebbda3
18:38:40.0 (98821256)|STATEMENT_EXECUTE|[138]
18:38:40.0 (98822186)|STATEMENT_EXECUTE|[139]
18:38:40.0 (98824291)|HEAP_ALLOCATE|[139]|Bytes:4
18:38:40.0 (98826740)|HEAP_ALLOCATE|[139]|Bytes:3
18:38:40.0 (98831504)|HEAP_ALLOCATE|[139]|Bytes:3
18:38:40.0 (98836623)|HEAP_ALLOCATE|[EXTERNAL]|Bytes:4
18:38:40.0 (98840731)|HEAP_ALLOCATE|[138]|Bytes:5
18:38:40.0 (98844423)|HEAP_ALLOCATE|[138]|Bytes:4
18:38:40.0 (98846600)|VARIABLE_SCOPE_BEGIN|[138]|entry|Schema.PicklistEntry|true|false
18:38:40.0 (98850457)|VARIABLE_ASSIGNMENT|[138]|entry|高知県|0x610b2e70
18:38:40.0 (98852977)|STATEMENT_EXECUTE|[138]
18:38:40.0 (98853776)|STATEMENT_EXECUTE|[139]
18:38:40.0 (98855948)|HEAP_ALLOCATE|[139]|Bytes:4
18:38:40.0 (98858357)|HEAP_ALLOCATE|[139]|Bytes:3
18:38:40.0 (98863008)|HEAP_ALLOCATE|[139]|Bytes:3
18:38:40.0 (98868099)|HEAP_ALLOCATE|[EXTERNAL]|Bytes:4
18:38:40.0 (98872273)|HEAP_ALLOCATE|[138]|Bytes:5
18:38:40.0 (98875916)|HEAP_ALLOCATE|[138]|Bytes:4
18:38:40.0 (98878046)|VARIABLE_SCOPE_BEGIN|[138]|entry|Schema.PicklistEntry|true|false
18:38:40.0 (98881932)|VARIABLE_ASSIGNMENT|[138]|entry|福岡県|0x4f193cef
18:38:40.0 (98885651)|STATEMENT_EXECUTE|[138]
18:38:40.0 (98886441)|STATEMENT_EXECUTE|[139]
18:38:40.0 (98888465)|HEAP_ALLOCATE|[139]|Bytes:4
18:38:40.0 (98890794)|HEAP_ALLOCATE|[139]|Bytes:3
18:38:40.0 (98895326)|HEAP_ALLOCATE|[139]|Bytes:3
18:38:40.0 (98900390)|HEAP_ALLOCATE|[EXTERNAL]|Bytes:4
18:38:40.0 (98904528)|HEAP_ALLOCATE|[138]|Bytes:5
18:38:40.0 (98907952)|HEAP_ALLOCATE|[138]|Bytes:4
18:38:40.0 (98910064)|VARIABLE_SCOPE_BEGIN|[138]|entry|Schema.PicklistEntry|true|false
18:38:40.0 (98914100)|VARIABLE_ASSIGNMENT|[138]|entry|佐賀県|0x514d5f65
18:38:40.0 (98916591)|STATEMENT_EXECUTE|[138]
18:38:40.0 (98917391)|STATEMENT_EXECUTE|[139]
18:38:40.0 (98919451)|HEAP_ALLOCATE|[139]|Bytes:4
18:38:40.0 (98921808)|HEAP_ALLOCATE|[139]|Bytes:3
18:38:40.0 (98926371)|HEAP_ALLOCATE|[139]|Bytes:3
18:38:40.0 (98931409)|HEAP_ALLOCATE|[EXTERNAL]|Bytes:4
18:38:40.0 (98935518)|HEAP_ALLOCATE|[138]|Bytes:5
18:38:40.0 (98938963)|HEAP_ALLOCATE|[138]|Bytes:4
18:38:40.0 (98940979)|VARIABLE_SCOPE_BEGIN|[138]|entry|Schema.PicklistEntry|true|false
18:38:40.0 (98945206)|VARIABLE_ASSIGNMENT|[138]|entry|長崎県|0x647ee64a
18:38:40.0 (98947640)|STATEMENT_EXECUTE|[138]
18:38:40.0 (98948438)|STATEMENT_EXECUTE|[139]
18:38:40.0 (98950522)|HEAP_ALLOCATE|[139]|Bytes:4
18:38:40.0 (98952949)|HEAP_ALLOCATE|[139]|Bytes:3
18:38:40.0 (98957558)|HEAP_ALLOCATE|[139]|Bytes:3
18:38:40.0 (98962567)|HEAP_ALLOCATE|[EXTERNAL]|Bytes:4
18:38:40.0 (98966783)|HEAP_ALLOCATE|[138]|Bytes:5
18:38:40.0 (98970303)|HEAP_ALLOCATE|[138]|Bytes:4
18:38:40.0 (98972324)|VARIABLE_SCOPE_BEGIN|[138]|entry|Schema.PicklistEntry|true|false
18:38:40.0 (98976088)|VARIABLE_ASSIGNMENT|[138]|entry|熊本県|0x5c3e2c1b
18:38:40.0 (98978668)|STATEMENT_EXECUTE|[138]
18:38:40.0 (98979478)|STATEMENT_EXECUTE|[139]
18:38:40.0 (98981549)|HEAP_ALLOCATE|[139]|Bytes:4
18:38:40.0 (98983968)|HEAP_ALLOCATE|[139]|Bytes:3
18:38:40.0 (98988701)|HEAP_ALLOCATE|[139]|Bytes:3
18:38:40.0 (98993656)|HEAP_ALLOCATE|[EXTERNAL]|Bytes:4
18:38:40.0 (98997698)|HEAP_ALLOCATE|[138]|Bytes:5
18:38:40.0 (99001255)|HEAP_ALLOCATE|[138]|Bytes:4
18:38:40.0 (99003591)|VARIABLE_SCOPE_BEGIN|[138]|entry|Schema.PicklistEntry|true|false
18:38:40.0 (99007461)|VARIABLE_ASSIGNMENT|[138]|entry|大分県|0x5ac68d37
18:38:40.0 (99009919)|STATEMENT_EXECUTE|[138]
18:38:40.0 (99010692)|STATEMENT_EXECUTE|[139]
18:38:40.0 (99012868)|HEAP_ALLOCATE|[139]|Bytes:4
18:38:40.0 (99015278)|HEAP_ALLOCATE|[139]|Bytes:3
18:38:40.0 (99019747)|HEAP_ALLOCATE|[139]|Bytes:3
18:38:40.0 (99024761)|HEAP_ALLOCATE|[EXTERNAL]|Bytes:4
18:38:40.0 (99028894)|HEAP_ALLOCATE|[138]|Bytes:5
18:38:40.0 (99032416)|HEAP_ALLOCATE|[138]|Bytes:4
18:38:40.0 (99034393)|VARIABLE_SCOPE_BEGIN|[138]|entry|Schema.PicklistEntry|true|false
18:38:40.0 (99038186)|VARIABLE_ASSIGNMENT|[138]|entry|宮崎県|0x61cb577d
18:38:40.0 (99040683)|STATEMENT_EXECUTE|[138]
18:38:40.0 (99041469)|STATEMENT_EXECUTE|[139]
18:38:40.0 (99043471)|HEAP_ALLOCATE|[139]|Bytes:4
18:38:40.0 (99045949)|HEAP_ALLOCATE|[139]|Bytes:3
18:38:40.0 (99050561)|HEAP_ALLOCATE|[139]|Bytes:3
18:38:40.0 (99055576)|HEAP_ALLOCATE|[EXTERNAL]|Bytes:4
18:38:40.0 (99059761)|HEAP_ALLOCATE|[138]|Bytes:5
18:38:40.0 (99063271)|HEAP_ALLOCATE|[138]|Bytes:4
18:38:40.0 (99065388)|VARIABLE_SCOPE_BEGIN|[138]|entry|Schema.PicklistEntry|true|false
18:38:40.0 (99069200)|VARIABLE_ASSIGNMENT|[138]|entry|鹿児島県|0x7294a1b8
18:38:40.0 (99071831)|STATEMENT_EXECUTE|[138]
18:38:40.0 (99072613)|STATEMENT_EXECUTE|[139]
18:38:40.0 (99074623)|HEAP_ALLOCATE|[139]|Bytes:4
18:38:40.0 (99077002)|HEAP_ALLOCATE|[139]|Bytes:4
18:38:40.0 (99081621)|HEAP_ALLOCATE|[139]|Bytes:4
18:38:40.0 (99086513)|HEAP_ALLOCATE|[EXTERNAL]|Bytes:4
18:38:40.0 (99090656)|HEAP_ALLOCATE|[138]|Bytes:5
18:38:40.0 (99094061)|HEAP_ALLOCATE|[138]|Bytes:4
18:38:40.0 (99096046)|VARIABLE_SCOPE_BEGIN|[138]|entry|Schema.PicklistEntry|true|false
18:38:40.0 (99099944)|VARIABLE_ASSIGNMENT|[138]|entry|沖縄県|0x5fe70505
18:38:40.0 (99102386)|STATEMENT_EXECUTE|[138]
18:38:40.0 (99103158)|STATEMENT_EXECUTE|[139]
18:38:40.0 (99105213)|HEAP_ALLOCATE|[139]|Bytes:4
18:38:40.0 (99107695)|HEAP_ALLOCATE|[139]|Bytes:3
18:38:40.0 (99112331)|HEAP_ALLOCATE|[139]|Bytes:3
18:38:40.0 (99117267)|HEAP_ALLOCATE|[EXTERNAL]|Bytes:4
18:38:40.0 (99121555)|HEAP_ALLOCATE|[138]|Bytes:5
18:38:40.0 (99128056)|VARIABLE_ASSIGNMENT|[138]|entry|null|
18:38:40.0 (99133046)|STATEMENT_EXECUTE|[144]
18:38:40.0 (99152941)|METHOD_EXIT|[110]|01pBK000001mgyr|RegistrationInfoController.getPicklistValues(Schema.SObjectField, Boolean, String)
18:38:40.99 (99216086)|CUMULATIVE_LIMIT_USAGE
18:38:40.99 (99216086)|LIMIT_USAGE_FOR_NS|(default)|
  Number of SOQL queries: 0 out of 100
  Number of query rows: 0 out of 50000
  Number of SOSL queries: 0 out of 20
  Number of DML statements: 0 out of 0
  Number of Publish Immediate DML: 0 out of 150
  Number of DML rows: 0 out of 10000
  Maximum CPU time: 0 out of 10000
  Maximum heap size: 0 out of 6000000
  Number of callouts: 0 out of 100
  Number of Email Invocations: 0 out of 10
  Number of future calls: 0 out of 50
  Number of queueable jobs added to the queue: 0 out of 50
  Number of Mobile Apex push calls: 0 out of 10

18:38:40.99 (99216086)|CUMULATIVE_LIMIT_USAGE_END

18:38:40.0 (99242900)|CODE_UNIT_FINISHED|RegistrationInfoController.getPrefecturePicklistValues()
18:38:40.0 (99415172)|CODE_UNIT_FINISHED|apex://RegistrationInfoController/ACTION$getPrefecturePicklistValues
18:38:40.0 (99420031)|EXECUTION_FINISHED
