66.0 APEX_CODE,FINEST;APEX_PROFILING,INFO;CALLOUT,INFO;DATA_ACCESS,INFO;DB,INFO;NBA,INFO;SYSTEM,DEBUG;VALIDATION,INFO;VISUALFORCE,INFO;WAVE,INFO;WORKFLOW,INFO
15:41:26.2 (2614340)|USER_INFO|[EXTERNAL]|0057F0000042UBb|ishibashi@hurex.co.jp.dev1|(GMT+09:00) 日本標準時 (Asia/Tokyo)|GMT+09:00
15:41:26.2 (2645649)|EXECUTION_STARTED
15:41:26.2 (2669107)|CODE_UNIT_STARTED|[EXTERNAL]|apex://CareerHistoryController/ACTION$getCareerHistory
15:41:26.2 (5020978)|CODE_UNIT_STARTED|[EXTERNAL]|01pBK000001lv3t|CareerHistoryController.getCareerHistory()
15:41:26.2 (6488257)|HEAP_ALLOCATE|[95]|Bytes:3
15:41:26.2 (6604397)|HEAP_ALLOCATE|[100]|Bytes:152
15:41:26.2 (6619955)|HEAP_ALLOCATE|[417]|Bytes:408
15:41:26.2 (6630761)|HEAP_ALLOCATE|[430]|Bytes:408
15:41:26.2 (6651887)|HEAP_ALLOCATE|[317]|Bytes:6
15:41:26.2 (6662238)|HEAP_ALLOCATE|[EXTERNAL]|Bytes:13
15:41:26.2 (6665364)|HEAP_ALLOCATE|[EXTERNAL]|Bytes:17
15:41:26.2 (6667162)|HEAP_ALLOCATE|[EXTERNAL]|Bytes:2
15:41:26.2 (6678203)|METHOD_ENTRY|[1]|01pBK000001lv3t|CareerHistoryController.CareerHistoryController()
15:41:26.2 (6682776)|STATEMENT_EXECUTE|[1]
15:41:26.2 (6687338)|STATEMENT_EXECUTE|[1]
15:41:26.2 (6705961)|HEAP_ALLOCATE|[68]|Bytes:5
15:41:26.2 (6728366)|HEAP_ALLOCATE|[74]|Bytes:5
15:41:26.2 (6733058)|HEAP_ALLOCATE|[82]|Bytes:7
15:41:26.2 (7154667)|HEAP_ALLOCATE|[EXTERNAL]|Bytes:5
15:41:26.2 (7163998)|STATEMENT_EXECUTE|[4]
15:41:26.2 (7175523)|METHOD_EXIT|[1]|CareerHistoryController
15:41:26.2 (7191357)|HEAP_ALLOCATE|[21]|Bytes:5
15:41:26.2 (7193777)|STATEMENT_EXECUTE|[20]
15:41:26.2 (7194752)|STATEMENT_EXECUTE|[21]
15:41:26.2 (7211107)|HEAP_ALLOCATE|[21]|Bytes:4
15:41:26.2 (7295094)|VARIABLE_SCOPE_BEGIN|[21]|careerList|List<CareerHistoryController.CareerWrapper>|true|false
15:41:26.2 (7337322)|HEAP_ALLOCATE|[EXTERNAL]|Bytes:4
15:41:26.2 (7388298)|VARIABLE_ASSIGNMENT|[21]|careerList|[]|0xf06d148
15:41:26.2 (7392693)|STATEMENT_EXECUTE|[22]
15:41:26.2 (7468854)|HEAP_ALLOCATE|[22]|Bytes:4
15:41:26.2 (7560124)|VARIABLE_SCOPE_BEGIN|[22]|acc|Account|true|false
15:41:26.2 (7573909)|VARIABLE_ASSIGNMENT|[22]|acc|{}|0x4ccf870a
15:41:26.2 (7577049)|STATEMENT_EXECUTE|[24]
15:41:26.2 (7577925)|STATEMENT_EXECUTE|[24]
15:41:26.2 (7578700)|STATEMENT_EXECUTE|[25]
15:41:26.2 (7581232)|HEAP_ALLOCATE|[25]|Bytes:54
15:41:26.2 (7595098)|HEAP_ALLOCATE|[25]|Bytes:4
15:41:26.2 (7602170)|HEAP_ALLOCATE|[25]|Bytes:7
15:41:26.2 (7642814)|HEAP_ALLOCATE|[25]|Bytes:105
15:41:26.2 (7651382)|SYSTEM_METHOD_ENTRY|[1]|UserInfo.UserInfo()
15:41:26.2 (7653624)|STATEMENT_EXECUTE|[1]
15:41:26.2 (7659391)|SYSTEM_METHOD_EXIT|[1]|UserInfo
15:41:26.2 (7672853)|METHOD_ENTRY|[25]||System.UserInfo.getUserId()
15:41:26.2 (10079841)|METHOD_EXIT|[25]||System.UserInfo.getUserId()
15:41:26.2 (13389353)|SOQL_EXECUTE_BEGIN|[25]|Aggregations:0|SELECT AccountId FROM User WHERE Id = :tmpVar1 LIMIT 1
15:41:26.2 (22627388)|SOQL_EXECUTE_END|[25]|Rows:1
15:41:26.2 (22667761)|HEAP_ALLOCATE|[25]|Bytes:8
15:41:26.2 (22690576)|HEAP_ALLOCATE|[25]|Bytes:29
15:41:26.2 (22787112)|HEAP_ALLOCATE|[25]|Bytes:8
15:41:26.2 (22807431)|HEAP_ALLOCATE|[25]|Bytes:30
15:41:26.2 (22874582)|HEAP_ALLOCATE|[25]|Bytes:8
15:41:26.2 (22884546)|VARIABLE_SCOPE_BEGIN|[25]|currentUser|User|true|false
15:41:26.2 (22987408)|VARIABLE_ASSIGNMENT|[25]|currentUser|{"Id":"0057F0000042UBbQAM"}|0x2453efb6
15:41:26.2 (23004267)|STATEMENT_EXECUTE|[27]
15:41:26.2 (23008710)|STATEMENT_EXECUTE|[44]
15:41:26.2 (23111986)|HEAP_ALLOCATE|[44]|Bytes:276
15:41:26.2 (23117828)|HEAP_ALLOCATE|[44]|Bytes:21
15:41:26.2 (23136985)|HEAP_ALLOCATE|[44]|Bytes:40
15:41:26.2 (23164316)|CONSTRUCTOR_ENTRY|[44]|01pBK000001lv3t|<init>()|CareerHistoryController.CareerWrapper
15:41:26.2 (23204525)|VARIABLE_SCOPE_BEGIN|[4]|this|CareerHistoryController.CareerWrapper|true|false
15:41:26.2 (23278702)|VARIABLE_ASSIGNMENT|[4]|this|{}|0x45f4d864
15:41:26.2 (23285471)|HEAP_ALLOCATE|[EXTERNAL]|Bytes:6
15:41:26.2 (23309917)|STATEMENT_EXECUTE|[4]
15:41:26.2 (23311055)|STATEMENT_EXECUTE|[5]
15:41:26.2 (23312239)|STATEMENT_EXECUTE|[6]
15:41:26.2 (23313160)|STATEMENT_EXECUTE|[7]
15:41:26.2 (23314033)|STATEMENT_EXECUTE|[8]
15:41:26.2 (23314944)|STATEMENT_EXECUTE|[9]
15:41:26.2 (23315696)|STATEMENT_EXECUTE|[10]
15:41:26.2 (23316824)|STATEMENT_EXECUTE|[11]
15:41:26.2 (23317880)|STATEMENT_EXECUTE|[12]
15:41:26.2 (23318701)|STATEMENT_EXECUTE|[13]
15:41:26.2 (23321469)|CONSTRUCTOR_EXIT|[44]|01pBK000001lv3t|<init>()|CareerHistoryController.CareerWrapper
15:41:26.2 (23325037)|VARIABLE_SCOPE_BEGIN|[44]|c1|CareerHistoryController.CareerWrapper|true|false
15:41:26.2 (23336622)|VARIABLE_ASSIGNMENT|[44]|c1|{}|0x45f4d864
15:41:26.2 (23339403)|STATEMENT_EXECUTE|[45]
15:41:26.2 (23341187)|HEAP_ALLOCATE|[45]|Bytes:1
15:41:26.2 (23393816)|VARIABLE_ASSIGNMENT|[EXTERNAL]|this|{}|0x45f4d864
15:41:26.2 (23402292)|VARIABLE_ASSIGNMENT|[EXTERNAL]|value|"1"
15:41:26.2 (23414211)|VARIABLE_ASSIGNMENT|[5]|this.id|"1"|0x45f4d864
15:41:26.2 (23422419)|STATEMENT_EXECUTE|[46]
15:41:26.2 (23440415)|METHOD_ENTRY|[46]|01pBK000001lv3t|CareerHistoryController.nullToEmpty(String)
15:41:26.2 (23451516)|VARIABLE_SCOPE_BEGIN|[145]|str|String|false|false
15:41:26.2 (23457967)|VARIABLE_ASSIGNMENT|[145]|str|null
15:41:26.2 (23469472)|HEAP_ALLOCATE|[145]|Bytes:5
15:41:26.2 (23471968)|STATEMENT_EXECUTE|[145]
15:41:26.2 (23472916)|STATEMENT_EXECUTE|[145]
15:41:26.2 (23480954)|METHOD_EXIT|[46]|01pBK000001lv3t|CareerHistoryController.nullToEmpty(String)
15:41:26.2 (23500496)|VARIABLE_ASSIGNMENT|[EXTERNAL]|this|{"id":"1"}|0x45f4d864
15:41:26.2 (23505198)|VARIABLE_ASSIGNMENT|[EXTERNAL]|value|""
15:41:26.2 (23509886)|VARIABLE_ASSIGNMENT|[6]|this.companyName|""|0x45f4d864
15:41:26.2 (23514041)|STATEMENT_EXECUTE|[47]
15:41:26.2 (23517373)|METHOD_ENTRY|[47]|01pBK000001lv3t|CareerHistoryController.nullToEmpty(String)
15:41:26.2 (23521328)|VARIABLE_SCOPE_BEGIN|[145]|str|String|false|false
15:41:26.2 (23524836)|VARIABLE_ASSIGNMENT|[145]|str|null
15:41:26.2 (23528112)|HEAP_ALLOCATE|[145]|Bytes:5
15:41:26.2 (23529696)|STATEMENT_EXECUTE|[145]
15:41:26.2 (23530502)|STATEMENT_EXECUTE|[145]
15:41:26.2 (23532839)|METHOD_EXIT|[47]|01pBK000001lv3t|CareerHistoryController.nullToEmpty(String)
15:41:26.2 (23548253)|VARIABLE_ASSIGNMENT|[EXTERNAL]|this|{"companyName":"","id":"1"}|0x45f4d864
15:41:26.2 (23552366)|VARIABLE_ASSIGNMENT|[EXTERNAL]|value|""
15:41:26.2 (23556211)|VARIABLE_ASSIGNMENT|[10]|this.annualIncome|""|0x45f4d864
15:41:26.2 (23559977)|STATEMENT_EXECUTE|[48]
15:41:26.2 (23562611)|METHOD_ENTRY|[48]|01pBK000001lv3t|CareerHistoryController.nullToEmpty(String)
15:41:26.2 (23566520)|VARIABLE_SCOPE_BEGIN|[145]|str|String|false|false
15:41:26.2 (23569808)|VARIABLE_ASSIGNMENT|[145]|str|null
15:41:26.2 (23572526)|HEAP_ALLOCATE|[145]|Bytes:5
15:41:26.2 (23574032)|STATEMENT_EXECUTE|[145]
15:41:26.2 (23574807)|STATEMENT_EXECUTE|[145]
15:41:26.2 (23576833)|METHOD_EXIT|[48]|01pBK000001lv3t|CareerHistoryController.nullToEmpty(String)
15:41:26.2 (23591003)|VARIABLE_ASSIGNMENT|[EXTERNAL]|this|{"annualIncome":"","companyName":"","id":"1"}|0x45f4d864
15:41:26.2 (23595262)|VARIABLE_ASSIGNMENT|[EXTERNAL]|value|""
15:41:26.2 (23598957)|VARIABLE_ASSIGNMENT|[11]|this.jobDescription|""|0x45f4d864
15:41:26.2 (23602576)|STATEMENT_EXECUTE|[50]
15:41:26.2 (23604874)|METHOD_ENTRY|[50]|01pBK000001lv3t|CareerHistoryController.nullToEmpty(String)
15:41:26.2 (23608372)|VARIABLE_SCOPE_BEGIN|[145]|str|String|false|false
15:41:26.2 (23611736)|VARIABLE_ASSIGNMENT|[145]|str|null
15:41:26.2 (23614568)|HEAP_ALLOCATE|[145]|Bytes:5
15:41:26.2 (23616089)|STATEMENT_EXECUTE|[145]
15:41:26.2 (23616869)|STATEMENT_EXECUTE|[145]
15:41:26.2 (23618693)|METHOD_EXIT|[50]|01pBK000001lv3t|CareerHistoryController.nullToEmpty(String)
15:41:26.2 (23632283)|VARIABLE_ASSIGNMENT|[EXTERNAL]|this|{"annualIncome":"","companyName":"","id":"1","jobDescription":""}|0x45f4d864
15:41:26.2 (23636343)|VARIABLE_ASSIGNMENT|[EXTERNAL]|value|""
15:41:26.2 (23640312)|VARIABLE_ASSIGNMENT|[12]|this.jobGroup|""|0x45f4d864
15:41:26.2 (23643833)|STATEMENT_EXECUTE|[51]
15:41:26.2 (23646037)|METHOD_ENTRY|[51]|01pBK000001lv3t|CareerHistoryController.nullToEmpty(String)
15:41:26.2 (23649637)|VARIABLE_SCOPE_BEGIN|[145]|str|String|false|false
15:41:26.2 (23653164)|VARIABLE_ASSIGNMENT|[145]|str|null
15:41:26.2 (23655919)|HEAP_ALLOCATE|[145]|Bytes:5
15:41:26.2 (23657512)|STATEMENT_EXECUTE|[145]
15:41:26.2 (23658392)|STATEMENT_EXECUTE|[145]
15:41:26.2 (23660346)|METHOD_EXIT|[51]|01pBK000001lv3t|CareerHistoryController.nullToEmpty(String)
15:41:26.2 (23674438)|VARIABLE_ASSIGNMENT|[EXTERNAL]|this|{"annualIncome":"","companyName":"","id":"1","jobDescription":"","jobGroup":""}|0x45f4d864
15:41:26.2 (23678510)|VARIABLE_ASSIGNMENT|[EXTERNAL]|value|""
15:41:26.2 (23682235)|VARIABLE_ASSIGNMENT|[13]|this.jobGroupOption|""|0x45f4d864
15:41:26.2 (23686041)|STATEMENT_EXECUTE|[52]
15:41:26.2 (23697008)|METHOD_ENTRY|[52]|01pBK000001lv3t|CareerHistoryController.formatDateToYYYYMM(Date)
15:41:26.2 (23703690)|VARIABLE_SCOPE_BEGIN|[147]|d|Date|false|false
15:41:26.2 (23707541)|VARIABLE_ASSIGNMENT|[147]|d|null
15:41:26.2 (23711308)|HEAP_ALLOCATE|[148]|Bytes:5
15:41:26.2 (23713182)|STATEMENT_EXECUTE|[147]
15:41:26.2 (23714502)|STATEMENT_EXECUTE|[148]
15:41:26.2 (23717509)|METHOD_EXIT|[52]|01pBK000001lv3t|CareerHistoryController.formatDateToYYYYMM(Date)
15:41:26.2 (23731803)|VARIABLE_ASSIGNMENT|[EXTERNAL]|this|{"annualIncome":"","companyName":"","id":"1","jobDescription":"","jobGroup":"","jobGroupOption":""}|0x45f4d864
15:41:26.2 (23736022)|VARIABLE_ASSIGNMENT|[EXTERNAL]|value|""
15:41:26.2 (23739971)|VARIABLE_ASSIGNMENT|[7]|this.startDateInput|""|0x45f4d864
15:41:26.2 (23743788)|STATEMENT_EXECUTE|[53]
15:41:26.2 (23746972)|METHOD_ENTRY|[53]|01pBK000001lv3t|CareerHistoryController.formatDateToYYYYMM(Date)
15:41:26.2 (23750655)|VARIABLE_SCOPE_BEGIN|[147]|d|Date|false|false
15:41:26.2 (23754002)|VARIABLE_ASSIGNMENT|[147]|d|null
15:41:26.2 (23757093)|HEAP_ALLOCATE|[148]|Bytes:5
15:41:26.2 (23758768)|STATEMENT_EXECUTE|[147]
15:41:26.2 (23759733)|STATEMENT_EXECUTE|[148]
15:41:26.2 (23761633)|METHOD_EXIT|[53]|01pBK000001lv3t|CareerHistoryController.formatDateToYYYYMM(Date)
15:41:26.2 (23775866)|VARIABLE_ASSIGNMENT|[EXTERNAL]|this|{"annualIncome":"","companyName":"","id":"1","jobDescription":"","jobGroup":"","jobGroupOption":"","startDateInput":""}|0x45f4d864
15:41:26.2 (23780682)|VARIABLE_ASSIGNMENT|[EXTERNAL]|value|""
15:41:26.2 (23784767)|VARIABLE_ASSIGNMENT|[8]|this.endDateInput|""|0x45f4d864
15:41:26.2 (23788466)|STATEMENT_EXECUTE|[54]
15:41:26.2 (23812272)|VARIABLE_ASSIGNMENT|[EXTERNAL]|this|{"annualIncome":"","companyName":"","endDateInput":"","id":"1","jobDescription":"","jobGroup":"","jobGroupOption":"","startDateInput":""}|0x45f4d864
15:41:26.2 (23818152)|VARIABLE_ASSIGNMENT|[EXTERNAL]|value|true
15:41:26.2 (23821181)|HEAP_ALLOCATE|[9]|Bytes:5
15:41:26.2 (23824462)|VARIABLE_ASSIGNMENT|[9]|this.isCurrentJob|true|0x45f4d864
15:41:26.2 (23828320)|STATEMENT_EXECUTE|[55]
15:41:26.2 (23855065)|HEAP_ALLOCATE|[EXTERNAL]|Bytes:4
15:41:26.2 (23860601)|STATEMENT_EXECUTE|[58]
15:41:26.2 (23863921)|HEAP_ALLOCATE|[58]|Bytes:40
15:41:26.2 (23867793)|CONSTRUCTOR_ENTRY|[58]|01pBK000001lv3t|<init>()|CareerHistoryController.CareerWrapper
15:41:26.2 (23873798)|VARIABLE_SCOPE_BEGIN|[4]|this|CareerHistoryController.CareerWrapper|true|false
15:41:26.2 (23882888)|VARIABLE_ASSIGNMENT|[4]|this|{}|0x1d29c19c
15:41:26.2 (23891672)|STATEMENT_EXECUTE|[4]
15:41:26.2 (23892678)|STATEMENT_EXECUTE|[5]
15:41:26.2 (23893529)|STATEMENT_EXECUTE|[6]
15:41:26.2 (23894285)|STATEMENT_EXECUTE|[7]
15:41:26.2 (23895068)|STATEMENT_EXECUTE|[8]
15:41:26.2 (23895896)|STATEMENT_EXECUTE|[9]
15:41:26.2 (23896633)|STATEMENT_EXECUTE|[10]
15:41:26.2 (23897445)|STATEMENT_EXECUTE|[11]
15:41:26.2 (23898241)|STATEMENT_EXECUTE|[12]
15:41:26.2 (23899003)|STATEMENT_EXECUTE|[13]
15:41:26.2 (23900794)|CONSTRUCTOR_EXIT|[58]|01pBK000001lv3t|<init>()|CareerHistoryController.CareerWrapper
15:41:26.2 (23903658)|VARIABLE_SCOPE_BEGIN|[58]|c2|CareerHistoryController.CareerWrapper|true|false
15:41:26.2 (23913115)|VARIABLE_ASSIGNMENT|[58]|c2|{}|0x1d29c19c
15:41:26.2 (23915612)|STATEMENT_EXECUTE|[59]
15:41:26.2 (23917277)|HEAP_ALLOCATE|[59]|Bytes:1
15:41:26.2 (23929159)|VARIABLE_ASSIGNMENT|[EXTERNAL]|this|{}|0x1d29c19c
15:41:26.2 (23933441)|VARIABLE_ASSIGNMENT|[EXTERNAL]|value|"2"
15:41:26.2 (23937390)|VARIABLE_ASSIGNMENT|[5]|this.id|"2"|0x1d29c19c
15:41:26.2 (23940923)|STATEMENT_EXECUTE|[60]
15:41:26.2 (23943846)|METHOD_ENTRY|[60]|01pBK000001lv3t|CareerHistoryController.nullToEmpty(String)
15:41:26.2 (23947736)|VARIABLE_SCOPE_BEGIN|[145]|str|String|false|false
15:41:26.2 (23951298)|VARIABLE_ASSIGNMENT|[145]|str|null
15:41:26.2 (23954373)|HEAP_ALLOCATE|[145]|Bytes:5
15:41:26.2 (23956004)|STATEMENT_EXECUTE|[145]
15:41:26.2 (23956847)|STATEMENT_EXECUTE|[145]
15:41:26.2 (23959082)|METHOD_EXIT|[60]|01pBK000001lv3t|CareerHistoryController.nullToEmpty(String)
15:41:26.2 (23969365)|VARIABLE_ASSIGNMENT|[EXTERNAL]|this|{"id":"2"}|0x1d29c19c
15:41:26.2 (23973171)|VARIABLE_ASSIGNMENT|[EXTERNAL]|value|""
15:41:26.2 (23976320)|VARIABLE_ASSIGNMENT|[6]|this.companyName|""|0x1d29c19c
15:41:26.2 (23979743)|STATEMENT_EXECUTE|[61]
15:41:26.2 (23982082)|METHOD_ENTRY|[61]|01pBK000001lv3t|CareerHistoryController.nullToEmpty(String)
15:41:26.2 (23985542)|VARIABLE_SCOPE_BEGIN|[145]|str|String|false|false
15:41:26.2 (23988951)|VARIABLE_ASSIGNMENT|[145]|str|null
15:41:26.2 (23991647)|HEAP_ALLOCATE|[145]|Bytes:5
15:41:26.2 (23993327)|STATEMENT_EXECUTE|[145]
15:41:26.2 (23994117)|STATEMENT_EXECUTE|[145]
15:41:26.2 (23995966)|METHOD_EXIT|[61]|01pBK000001lv3t|CareerHistoryController.nullToEmpty(String)
15:41:26.2 (24006072)|VARIABLE_ASSIGNMENT|[EXTERNAL]|this|{"companyName":"","id":"2"}|0x1d29c19c
15:41:26.2 (24010493)|VARIABLE_ASSIGNMENT|[EXTERNAL]|value|""
15:41:26.2 (24013601)|VARIABLE_ASSIGNMENT|[11]|this.jobDescription|""|0x1d29c19c
15:41:26.2 (24016973)|STATEMENT_EXECUTE|[63]
15:41:26.2 (24019153)|METHOD_ENTRY|[63]|01pBK000001lv3t|CareerHistoryController.nullToEmpty(String)
15:41:26.2 (24022418)|VARIABLE_SCOPE_BEGIN|[145]|str|String|false|false
15:41:26.2 (24025726)|VARIABLE_ASSIGNMENT|[145]|str|null
15:41:26.2 (24028427)|HEAP_ALLOCATE|[145]|Bytes:5
15:41:26.2 (24029929)|STATEMENT_EXECUTE|[145]
15:41:26.2 (24030702)|STATEMENT_EXECUTE|[145]
15:41:26.2 (24032521)|METHOD_EXIT|[63]|01pBK000001lv3t|CareerHistoryController.nullToEmpty(String)
15:41:26.2 (24042931)|VARIABLE_ASSIGNMENT|[EXTERNAL]|this|{"companyName":"","id":"2","jobDescription":""}|0x1d29c19c
15:41:26.2 (24046883)|VARIABLE_ASSIGNMENT|[EXTERNAL]|value|""
15:41:26.2 (24050070)|VARIABLE_ASSIGNMENT|[12]|this.jobGroup|""|0x1d29c19c
15:41:26.2 (24053361)|STATEMENT_EXECUTE|[64]
15:41:26.2 (24055571)|METHOD_ENTRY|[64]|01pBK000001lv3t|CareerHistoryController.nullToEmpty(String)
15:41:26.2 (24058893)|VARIABLE_SCOPE_BEGIN|[145]|str|String|false|false
15:41:26.2 (24062513)|VARIABLE_ASSIGNMENT|[145]|str|null
15:41:26.2 (24065188)|HEAP_ALLOCATE|[145]|Bytes:5
15:41:26.2 (24066663)|STATEMENT_EXECUTE|[145]
15:41:26.2 (24067445)|STATEMENT_EXECUTE|[145]
15:41:26.2 (24069266)|METHOD_EXIT|[64]|01pBK000001lv3t|CareerHistoryController.nullToEmpty(String)
15:41:26.2 (24079845)|VARIABLE_ASSIGNMENT|[EXTERNAL]|this|{"companyName":"","id":"2","jobDescription":"","jobGroup":""}|0x1d29c19c
15:41:26.2 (24084656)|VARIABLE_ASSIGNMENT|[EXTERNAL]|value|""
15:41:26.2 (24089590)|VARIABLE_ASSIGNMENT|[13]|this.jobGroupOption|""|0x1d29c19c
15:41:26.2 (24094323)|STATEMENT_EXECUTE|[65]
15:41:26.2 (24098238)|METHOD_ENTRY|[65]|01pBK000001lv3t|CareerHistoryController.formatDateToYYYYMM(Date)
15:41:26.2 (24103617)|VARIABLE_SCOPE_BEGIN|[147]|d|Date|false|false
15:41:26.2 (24109405)|VARIABLE_ASSIGNMENT|[147]|d|null
15:41:26.2 (24113723)|HEAP_ALLOCATE|[148]|Bytes:5
15:41:26.2 (24116022)|STATEMENT_EXECUTE|[147]
15:41:26.2 (24117359)|STATEMENT_EXECUTE|[148]
15:41:26.2 (24120479)|METHOD_EXIT|[65]|01pBK000001lv3t|CareerHistoryController.formatDateToYYYYMM(Date)
15:41:26.2 (24136863)|VARIABLE_ASSIGNMENT|[EXTERNAL]|this|{"companyName":"","id":"2","jobDescription":"","jobGroup":"","jobGroupOption":""}|0x1d29c19c
15:41:26.2 (24142052)|VARIABLE_ASSIGNMENT|[EXTERNAL]|value|""
15:41:26.2 (24146948)|VARIABLE_ASSIGNMENT|[7]|this.startDateInput|""|0x1d29c19c
15:41:26.2 (24152095)|STATEMENT_EXECUTE|[66]
15:41:26.2 (24154884)|METHOD_ENTRY|[66]|01pBK000001lv3t|CareerHistoryController.formatDateToYYYYMM(Date)
15:41:26.2 (24158942)|VARIABLE_SCOPE_BEGIN|[147]|d|Date|false|false
15:41:26.2 (24162852)|VARIABLE_ASSIGNMENT|[147]|d|null
15:41:26.2 (24166385)|HEAP_ALLOCATE|[148]|Bytes:5
15:41:26.2 (24167996)|STATEMENT_EXECUTE|[147]
15:41:26.2 (24168877)|STATEMENT_EXECUTE|[148]
15:41:26.2 (24171068)|METHOD_EXIT|[66]|01pBK000001lv3t|CareerHistoryController.formatDateToYYYYMM(Date)
15:41:26.2 (24182352)|VARIABLE_ASSIGNMENT|[EXTERNAL]|this|{"companyName":"","id":"2","jobDescription":"","jobGroup":"","jobGroupOption":"","startDateInput":""}|0x1d29c19c
15:41:26.2 (24186226)|VARIABLE_ASSIGNMENT|[EXTERNAL]|value|""
15:41:26.2 (24189563)|VARIABLE_ASSIGNMENT|[8]|this.endDateInput|""|0x1d29c19c
15:41:26.2 (24193108)|STATEMENT_EXECUTE|[67]
15:41:26.2 (24205726)|VARIABLE_ASSIGNMENT|[EXTERNAL]|this|{"companyName":"","endDateInput":"","id":"2","jobDescription":"","jobGroup":"","jobGroupOption":"","startDateInput":""}|0x1d29c19c
15:41:26.2 (24210171)|VARIABLE_ASSIGNMENT|[EXTERNAL]|value|false
15:41:26.2 (24212612)|HEAP_ALLOCATE|[9]|Bytes:5
15:41:26.2 (24215588)|VARIABLE_ASSIGNMENT|[9]|this.isCurrentJob|false|0x1d29c19c
15:41:26.2 (24219181)|STATEMENT_EXECUTE|[68]
15:41:26.2 (24230258)|HEAP_ALLOCATE|[EXTERNAL]|Bytes:4
15:41:26.2 (24233806)|STATEMENT_EXECUTE|[71]
15:41:26.2 (24236268)|HEAP_ALLOCATE|[71]|Bytes:40
15:41:26.2 (24239052)|CONSTRUCTOR_ENTRY|[71]|01pBK000001lv3t|<init>()|CareerHistoryController.CareerWrapper
15:41:26.2 (24244859)|VARIABLE_SCOPE_BEGIN|[4]|this|CareerHistoryController.CareerWrapper|true|false
15:41:26.2 (24254198)|VARIABLE_ASSIGNMENT|[4]|this|{}|0x60f5662b
15:41:26.2 (24261129)|STATEMENT_EXECUTE|[4]
15:41:26.2 (24262208)|STATEMENT_EXECUTE|[5]
15:41:26.2 (24263000)|STATEMENT_EXECUTE|[6]
15:41:26.2 (24263803)|STATEMENT_EXECUTE|[7]
15:41:26.2 (24264597)|STATEMENT_EXECUTE|[8]
15:41:26.2 (24265418)|STATEMENT_EXECUTE|[9]
15:41:26.2 (24266183)|STATEMENT_EXECUTE|[10]
15:41:26.2 (24266945)|STATEMENT_EXECUTE|[11]
15:41:26.2 (24267700)|STATEMENT_EXECUTE|[12]
15:41:26.2 (24268437)|STATEMENT_EXECUTE|[13]
15:41:26.2 (24269933)|CONSTRUCTOR_EXIT|[71]|01pBK000001lv3t|<init>()|CareerHistoryController.CareerWrapper
15:41:26.2 (24272713)|VARIABLE_SCOPE_BEGIN|[71]|c3|CareerHistoryController.CareerWrapper|true|false
15:41:26.2 (24281572)|VARIABLE_ASSIGNMENT|[71]|c3|{}|0x60f5662b
15:41:26.2 (24284322)|STATEMENT_EXECUTE|[72]
15:41:26.2 (24286038)|HEAP_ALLOCATE|[72]|Bytes:1
15:41:26.2 (24297590)|VARIABLE_ASSIGNMENT|[EXTERNAL]|this|{}|0x60f5662b
15:41:26.2 (24301534)|VARIABLE_ASSIGNMENT|[EXTERNAL]|value|"3"
15:41:26.2 (24305047)|VARIABLE_ASSIGNMENT|[5]|this.id|"3"|0x60f5662b
15:41:26.2 (24308615)|STATEMENT_EXECUTE|[73]
15:41:26.2 (24311385)|METHOD_ENTRY|[73]|01pBK000001lv3t|CareerHistoryController.nullToEmpty(String)
15:41:26.2 (24316926)|VARIABLE_SCOPE_BEGIN|[145]|str|String|false|false
15:41:26.2 (24321947)|VARIABLE_ASSIGNMENT|[145]|str|null
15:41:26.2 (24326236)|HEAP_ALLOCATE|[145]|Bytes:5
15:41:26.2 (24328307)|STATEMENT_EXECUTE|[145]
15:41:26.2 (24329286)|STATEMENT_EXECUTE|[145]
15:41:26.2 (24332505)|METHOD_EXIT|[73]|01pBK000001lv3t|CareerHistoryController.nullToEmpty(String)
15:41:26.2 (24347415)|VARIABLE_ASSIGNMENT|[EXTERNAL]|this|{"id":"3"}|0x60f5662b
15:41:26.2 (24352925)|VARIABLE_ASSIGNMENT|[EXTERNAL]|value|""
15:41:26.2 (24357764)|VARIABLE_ASSIGNMENT|[6]|this.companyName|""|0x60f5662b
15:41:26.2 (24362857)|STATEMENT_EXECUTE|[74]
15:41:26.2 (24366495)|METHOD_ENTRY|[74]|01pBK000001lv3t|CareerHistoryController.nullToEmpty(String)
15:41:26.2 (24372783)|VARIABLE_SCOPE_BEGIN|[145]|str|String|false|false
15:41:26.2 (24377889)|VARIABLE_ASSIGNMENT|[145]|str|null
15:41:26.2 (24382856)|HEAP_ALLOCATE|[145]|Bytes:5
15:41:26.2 (24385147)|STATEMENT_EXECUTE|[145]
15:41:26.2 (24386306)|STATEMENT_EXECUTE|[145]
15:41:26.2 (24389916)|METHOD_EXIT|[74]|01pBK000001lv3t|CareerHistoryController.nullToEmpty(String)
15:41:26.2 (24406929)|VARIABLE_ASSIGNMENT|[EXTERNAL]|this|{"companyName":"","id":"3"}|0x60f5662b
15:41:26.2 (24412938)|VARIABLE_ASSIGNMENT|[EXTERNAL]|value|""
15:41:26.2 (24417708)|VARIABLE_ASSIGNMENT|[11]|this.jobDescription|""|0x60f5662b
15:41:26.2 (24422714)|STATEMENT_EXECUTE|[76]
15:41:26.2 (24426561)|METHOD_ENTRY|[76]|01pBK000001lv3t|CareerHistoryController.nullToEmpty(String)
15:41:26.2 (24432286)|VARIABLE_SCOPE_BEGIN|[145]|str|String|false|false
15:41:26.2 (24437132)|VARIABLE_ASSIGNMENT|[145]|str|null
15:41:26.2 (24441705)|HEAP_ALLOCATE|[145]|Bytes:5
15:41:26.2 (24443863)|STATEMENT_EXECUTE|[145]
15:41:26.2 (24444916)|STATEMENT_EXECUTE|[145]
15:41:26.2 (24447946)|METHOD_EXIT|[76]|01pBK000001lv3t|CareerHistoryController.nullToEmpty(String)
15:41:26.2 (24465095)|VARIABLE_ASSIGNMENT|[EXTERNAL]|this|{"companyName":"","id":"3","jobDescription":""}|0x60f5662b
15:41:26.2 (24470393)|VARIABLE_ASSIGNMENT|[EXTERNAL]|value|""
15:41:26.2 (24475524)|VARIABLE_ASSIGNMENT|[12]|this.jobGroup|""|0x60f5662b
15:41:26.2 (24481274)|STATEMENT_EXECUTE|[77]
15:41:26.2 (24484914)|METHOD_ENTRY|[77]|01pBK000001lv3t|CareerHistoryController.nullToEmpty(String)
15:41:26.2 (24490355)|VARIABLE_SCOPE_BEGIN|[145]|str|String|false|false
15:41:26.2 (24495663)|VARIABLE_ASSIGNMENT|[145]|str|null
15:41:26.2 (24500639)|HEAP_ALLOCATE|[145]|Bytes:5
15:41:26.2 (24502306)|STATEMENT_EXECUTE|[145]
15:41:26.2 (24503111)|STATEMENT_EXECUTE|[145]
15:41:26.2 (24505320)|METHOD_EXIT|[77]|01pBK000001lv3t|CareerHistoryController.nullToEmpty(String)
15:41:26.2 (24517103)|VARIABLE_ASSIGNMENT|[EXTERNAL]|this|{"companyName":"","id":"3","jobDescription":"","jobGroup":""}|0x60f5662b
15:41:26.2 (24520911)|VARIABLE_ASSIGNMENT|[EXTERNAL]|value|""
15:41:26.2 (24524372)|VARIABLE_ASSIGNMENT|[13]|this.jobGroupOption|""|0x60f5662b
15:41:26.2 (24528085)|STATEMENT_EXECUTE|[78]
15:41:26.2 (24531009)|METHOD_ENTRY|[78]|01pBK000001lv3t|CareerHistoryController.formatDateToYYYYMM(Date)
15:41:26.2 (24534808)|VARIABLE_SCOPE_BEGIN|[147]|d|Date|false|false
15:41:26.2 (24538264)|VARIABLE_ASSIGNMENT|[147]|d|null
15:41:26.2 (24541237)|HEAP_ALLOCATE|[148]|Bytes:5
15:41:26.2 (24542774)|STATEMENT_EXECUTE|[147]
15:41:26.2 (24543894)|STATEMENT_EXECUTE|[148]
15:41:26.2 (24546094)|METHOD_EXIT|[78]|01pBK000001lv3t|CareerHistoryController.formatDateToYYYYMM(Date)
15:41:26.2 (24557119)|VARIABLE_ASSIGNMENT|[EXTERNAL]|this|{"companyName":"","id":"3","jobDescription":"","jobGroup":"","jobGroupOption":""}|0x60f5662b
15:41:26.2 (24560798)|VARIABLE_ASSIGNMENT|[EXTERNAL]|value|""
15:41:26.2 (24564269)|VARIABLE_ASSIGNMENT|[7]|this.startDateInput|""|0x60f5662b
15:41:26.2 (24567634)|STATEMENT_EXECUTE|[79]
15:41:26.2 (24569989)|METHOD_ENTRY|[79]|01pBK000001lv3t|CareerHistoryController.formatDateToYYYYMM(Date)
15:41:26.2 (24573398)|VARIABLE_SCOPE_BEGIN|[147]|d|Date|false|false
15:41:26.2 (24576722)|VARIABLE_ASSIGNMENT|[147]|d|null
15:41:26.2 (24579357)|HEAP_ALLOCATE|[148]|Bytes:5
15:41:26.2 (24580848)|STATEMENT_EXECUTE|[147]
15:41:26.2 (24581715)|STATEMENT_EXECUTE|[148]
15:41:26.2 (24583463)|METHOD_EXIT|[79]|01pBK000001lv3t|CareerHistoryController.formatDateToYYYYMM(Date)
15:41:26.2 (24594293)|VARIABLE_ASSIGNMENT|[EXTERNAL]|this|{"companyName":"","id":"3","jobDescription":"","jobGroup":"","jobGroupOption":"","startDateInput":""}|0x60f5662b
15:41:26.2 (24598072)|VARIABLE_ASSIGNMENT|[EXTERNAL]|value|""
15:41:26.2 (24601193)|VARIABLE_ASSIGNMENT|[8]|this.endDateInput|""|0x60f5662b
15:41:26.2 (24604488)|STATEMENT_EXECUTE|[80]
15:41:26.2 (24616782)|VARIABLE_ASSIGNMENT|[EXTERNAL]|this|{"companyName":"","endDateInput":"","id":"3","jobDescription":"","jobGroup":"","jobGroupOption":"","startDateInput":""}|0x60f5662b
15:41:26.2 (24621468)|VARIABLE_ASSIGNMENT|[EXTERNAL]|value|false
15:41:26.2 (24624122)|HEAP_ALLOCATE|[9]|Bytes:5
15:41:26.2 (24626832)|VARIABLE_ASSIGNMENT|[9]|this.isCurrentJob|false|0x60f5662b
15:41:26.2 (24630347)|STATEMENT_EXECUTE|[81]
15:41:26.2 (24642084)|HEAP_ALLOCATE|[EXTERNAL]|Bytes:4
15:41:26.2 (24645590)|STATEMENT_EXECUTE|[84]
15:41:26.2 (24648003)|HEAP_ALLOCATE|[84]|Bytes:40
15:41:26.2 (24651416)|CONSTRUCTOR_ENTRY|[84]|01pBK000001lv3t|<init>()|CareerHistoryController.CareerWrapper
15:41:26.2 (24656727)|VARIABLE_SCOPE_BEGIN|[4]|this|CareerHistoryController.CareerWrapper|true|false
15:41:26.2 (24665428)|VARIABLE_ASSIGNMENT|[4]|this|{}|0x3bf8b21b
15:41:26.2 (24673423)|STATEMENT_EXECUTE|[4]
15:41:26.2 (24674401)|STATEMENT_EXECUTE|[5]
15:41:26.2 (24675202)|STATEMENT_EXECUTE|[6]
15:41:26.2 (24676014)|STATEMENT_EXECUTE|[7]
15:41:26.2 (24676783)|STATEMENT_EXECUTE|[8]
15:41:26.2 (24677595)|STATEMENT_EXECUTE|[9]
15:41:26.2 (24678332)|STATEMENT_EXECUTE|[10]
15:41:26.2 (24679155)|STATEMENT_EXECUTE|[11]
15:41:26.2 (24679954)|STATEMENT_EXECUTE|[12]
15:41:26.2 (24680732)|STATEMENT_EXECUTE|[13]
15:41:26.2 (24682736)|CONSTRUCTOR_EXIT|[84]|01pBK000001lv3t|<init>()|CareerHistoryController.CareerWrapper
15:41:26.2 (24685574)|VARIABLE_SCOPE_BEGIN|[84]|c4|CareerHistoryController.CareerWrapper|true|false
15:41:26.2 (24694268)|VARIABLE_ASSIGNMENT|[84]|c4|{}|0x3bf8b21b
15:41:26.2 (24696927)|STATEMENT_EXECUTE|[85]
15:41:26.2 (24698713)|HEAP_ALLOCATE|[85]|Bytes:1
15:41:26.2 (24710150)|VARIABLE_ASSIGNMENT|[EXTERNAL]|this|{}|0x3bf8b21b
15:41:26.2 (24714358)|VARIABLE_ASSIGNMENT|[EXTERNAL]|value|"4"
15:41:26.2 (24717892)|VARIABLE_ASSIGNMENT|[5]|this.id|"4"|0x3bf8b21b
15:41:26.2 (24721393)|STATEMENT_EXECUTE|[86]
15:41:26.2 (24724053)|METHOD_ENTRY|[86]|01pBK000001lv3t|CareerHistoryController.nullToEmpty(String)
15:41:26.2 (24727313)|VARIABLE_SCOPE_BEGIN|[145]|str|String|false|false
15:41:26.2 (24730762)|VARIABLE_ASSIGNMENT|[145]|str|null
15:41:26.2 (24733834)|HEAP_ALLOCATE|[145]|Bytes:5
15:41:26.2 (24735354)|STATEMENT_EXECUTE|[145]
15:41:26.2 (24736188)|STATEMENT_EXECUTE|[145]
15:41:26.2 (24738275)|METHOD_EXIT|[86]|01pBK000001lv3t|CareerHistoryController.nullToEmpty(String)
15:41:26.2 (24748021)|VARIABLE_ASSIGNMENT|[EXTERNAL]|this|{"id":"4"}|0x3bf8b21b
15:41:26.2 (24751713)|VARIABLE_ASSIGNMENT|[EXTERNAL]|value|""
15:41:26.2 (24754857)|VARIABLE_ASSIGNMENT|[11]|this.jobDescription|""|0x3bf8b21b
15:41:26.2 (24758375)|STATEMENT_EXECUTE|[87]
15:41:26.2 (24768549)|VARIABLE_ASSIGNMENT|[EXTERNAL]|this|{"id":"4","jobDescription":""}|0x3bf8b21b
15:41:26.2 (24772737)|VARIABLE_ASSIGNMENT|[EXTERNAL]|value|false
15:41:26.2 (24775130)|HEAP_ALLOCATE|[9]|Bytes:5
15:41:26.2 (24778858)|VARIABLE_ASSIGNMENT|[9]|this.isCurrentJob|false|0x3bf8b21b
15:41:26.2 (24784053)|STATEMENT_EXECUTE|[88]
15:41:26.2 (24794202)|HEAP_ALLOCATE|[EXTERNAL]|Bytes:4
15:41:26.2 (24798578)|STATEMENT_EXECUTE|[90]
15:41:26.24 (24857304)|CUMULATIVE_LIMIT_USAGE
15:41:26.24 (24857304)|LIMIT_USAGE_FOR_NS|(default)|
  Number of SOQL queries: 1 out of 100
  Number of query rows: 1 out of 50000
  Number of SOSL queries: 0 out of 20
  Number of DML statements: 0 out of 150
  Number of Publish Immediate DML: 0 out of 150
  Number of DML rows: 0 out of 10000
  Maximum CPU time: 0 out of 10000
  Maximum heap size: 0 out of 6000000
  Number of callouts: 0 out of 100
  Number of Email Invocations: 0 out of 10
  Number of future calls: 0 out of 50
  Number of queueable jobs added to the queue: 0 out of 50
  Number of Mobile Apex push calls: 0 out of 10

15:41:26.24 (24857304)|CUMULATIVE_LIMIT_USAGE_END

15:41:26.2 (24902108)|CODE_UNIT_FINISHED|CareerHistoryController.getCareerHistory()
15:41:26.2 (25071068)|CODE_UNIT_FINISHED|apex://CareerHistoryController/ACTION$getCareerHistory
15:41:26.2 (25076160)|EXECUTION_FINISHED
