66.0 APEX_CODE,FINEST;APEX_PROFILING,INFO;CALLOUT,INFO;DATA_ACCESS,INFO;DB,INFO;NBA,INFO;SYSTEM,DEBUG;VALIDATION,INFO;VISUALFORCE,INFO;WAVE,INFO;WORKFLOW,INFO
17:23:40.4 (4366161)|EXECUTION_STARTED
17:23:40.4 (4429018)|CODE_UNIT_STARTED|[EXTERNAL]|VisualForce View State
17:23:40.4 (10457333)|CODE_UNIT_FINISHED|VisualForce View State
17:23:40.4 (10476611)|EXECUTION_FINISHED
17:23:40.21 (21775975)|SYSTEM_MODE_ENTER|false
17:23:40.125 (125773470)|CUMULATIVE_LIMIT_USAGE
17:23:40.125 (125773470)|LIMIT_USAGE_FOR_NS|(default)|
  Number of SOQL queries: 0 out of 100
  Number of query rows: 0 out of 50000
  Number of SOSL queries: 0 out of 20
  Number of DML statements: 0 out of 150
  Number of Publish Immediate DML: 0 out of 150
  Number of DML rows: 0 out of 10000
  Maximum CPU time: 0 out of 10000
  Maximum heap size: 0 out of 6000000
  Number of callouts: 0 out of 100
  Number of Email Invocations: 0 out of 10
  Number of future calls: 0 out of 50
  Number of queueable jobs added to the queue: 0 out of 50
  Number of Mobile Apex push calls: 0 out of 10

17:23:40.125 (125773470)|CUMULATIVE_LIMIT_USAGE_END

