66.0 APEX_CODE,FINEST;APEX_PROFILING,INFO;CALLOUT,INFO;DATA_ACCESS,INFO;DB,INFO;NBA,INFO;SYSTEM,DEBUG;VALIDATION,INFO;VISUALFORCE,INFO;WAVE,INFO;WORKFLOW,INFO
18:23:28.0 (214151)|USER_INFO|[EXTERNAL]|0057F0000042UBb|ishibashi@hurex.co.jp.dev1|(GMT+09:00) 日本標準時 (Asia/Tokyo)|GMT+09:00
18:23:28.0 (248402)|EXECUTION_STARTED
18:23:28.0 (258243)|CODE_UNIT_STARTED|[EXTERNAL]|apex://JobCardsController/ACTION$getJobs
18:23:28.0 (2365622)|CODE_UNIT_STARTED|[EXTERNAL]|01pBK000001RGBP|JobCardsController.getJobs()
18:23:28.0 (2602250)|HEAP_ALLOCATE|[95]|Bytes:3
18:23:28.0 (2687000)|HEAP_ALLOCATE|[100]|Bytes:152
18:23:28.0 (2763905)|HEAP_ALLOCATE|[417]|Bytes:408
18:23:28.0 (2780153)|HEAP_ALLOCATE|[430]|Bytes:408
18:23:28.0 (2802178)|HEAP_ALLOCATE|[317]|Bytes:6
18:23:28.0 (2855290)|HEAP_ALLOCATE|[EXTERNAL]|Bytes:10
18:23:28.0 (2862392)|HEAP_ALLOCATE|[EXTERNAL]|Bytes:5
18:23:28.0 (2864343)|HEAP_ALLOCATE|[EXTERNAL]|Bytes:3
18:23:28.0 (2874070)|METHOD_ENTRY|[6]|01pBK000001RGBP|JobCardsController.JobCardsController()
18:23:28.0 (2877563)|STATEMENT_EXECUTE|[6]
18:23:28.0 (2881689)|STATEMENT_EXECUTE|[6]
18:23:28.0 (2900320)|HEAP_ALLOCATE|[68]|Bytes:5
18:23:28.0 (2921615)|HEAP_ALLOCATE|[74]|Bytes:5
18:23:28.0 (2926812)|HEAP_ALLOCATE|[82]|Bytes:7
18:23:28.0 (3098523)|HEAP_ALLOCATE|[EXTERNAL]|Bytes:5
18:23:28.0 (3103480)|STATEMENT_EXECUTE|[12]
18:23:28.0 (3111654)|METHOD_EXIT|[6]|JobCardsController
18:23:28.0 (3121653)|HEAP_ALLOCATE|[35]|Bytes:5
18:23:28.0 (3124313)|STATEMENT_EXECUTE|[33]
18:23:28.0 (3125305)|STATEMENT_EXECUTE|[35]
18:23:28.0 (3156148)|HEAP_ALLOCATE|[35]|Bytes:4
18:23:28.0 (3200130)|VARIABLE_SCOPE_BEGIN|[35]|favoriteJobIds|Set<Id>|true|false
18:23:28.0 (3261936)|VARIABLE_ASSIGNMENT|[35]|favoriteJobIds|[]|0x5d45d35d
18:23:28.0 (3267365)|HEAP_ALLOCATE|[36]|Bytes:91
18:23:28.0 (3281213)|HEAP_ALLOCATE|[36]|Bytes:4
18:23:28.0 (3288174)|HEAP_ALLOCATE|[36]|Bytes:7
18:23:28.0 (3307919)|HEAP_ALLOCATE|[38]|Bytes:105
18:23:28.0 (3313335)|SYSTEM_METHOD_ENTRY|[1]|UserInfo.UserInfo()
18:23:28.0 (3315216)|STATEMENT_EXECUTE|[1]
18:23:28.0 (3319388)|SYSTEM_METHOD_EXIT|[1]|UserInfo
18:23:28.0 (3329040)|METHOD_ENTRY|[38]||System.UserInfo.getUserId()
18:23:28.0 (8142119)|METHOD_EXIT|[38]||System.UserInfo.getUserId()
18:23:28.0 (10643052)|SOQL_EXECUTE_BEGIN|[36]|Aggregations:0|SELECT Job__c FROM InterestedJob__c WHERE (CreatedById = :tmpVar1 AND IsArchive__c = FALSE)
18:23:28.0 (18056576)|SOQL_EXECUTE_END|[36]|Rows:4
18:23:28.0 (18111022)|HEAP_ALLOCATE|[EXTERNAL]|Bytes:20
18:23:28.0 (18532393)|HEAP_ALLOCATE|[36]|Bytes:54
18:23:28.0 (18548233)|HEAP_ALLOCATE|[36]|Bytes:8
18:23:28.0 (18576969)|SYSTEM_METHOD_ENTRY|[7]|QueryLocatorIterator.QueryLocatorIterator()
18:23:28.0 (18580729)|STATEMENT_EXECUTE|[7]
18:23:28.0 (18596432)|SYSTEM_METHOD_EXIT|[7]|QueryLocatorIterator
18:23:28.0 (18604613)|HEAP_ALLOCATE|[36]|Bytes:28
18:23:28.0 (18708643)|HEAP_ALLOCATE|[36]|Bytes:20
18:23:28.0 (18733001)|HEAP_ALLOCATE|[36]|Bytes:8
18:23:28.0 (18735118)|HEAP_ALLOCATE|[36]|Bytes:8
18:23:28.0 (18740036)|VARIABLE_SCOPE_BEGIN|[15]|this|Database.QueryLocatorIterator|true|false
18:23:28.0 (18788701)|VARIABLE_ASSIGNMENT|[15]|this|{}|0x23eee7b4
18:23:28.0 (18805109)|VARIABLE_SCOPE_BEGIN|[15]|values|List<SObject>|true|false
18:23:28.0 (19026689)|VARIABLE_ASSIGNMENT|[15]|values|[{"Job__c":"a0KBK00000Gexcs2AB","Id":"a0OBK000004najC2AQ"},{"Job__c":"a0KBK00000Gexdg2AB","Id":"a0OBK000004nbNV2AY"},{"Job__c":"a0KBK00000Gexcu2AB","Id":"a0OBK000004v8wE2AQ"},{"Job__c":"a0KBK00000GezgQ2AR","Id":"a0OBK0000050riz2AA"}]|0x17e50f01
18:23:28.0 (19034286)|VARIABLE_SCOPE_BEGIN|[15]|ql|Database.QueryLocator|true|false
18:23:28.0 (19047364)|VARIABLE_ASSIGNMENT|[15]|ql|{"query":"SELECT Job__c FROM I (71 more) ..."}|0x71451b00
18:23:28.0 (19050490)|VARIABLE_SCOPE_BEGIN|[15]|totalNumRecords|Integer|false|false
18:23:28.0 (19056826)|VARIABLE_ASSIGNMENT|[15]|totalNumRecords|4
18:23:28.0 (19059183)|VARIABLE_SCOPE_BEGIN|[15]|queryMoreSize|Integer|false|false
18:23:28.0 (19063203)|VARIABLE_ASSIGNMENT|[15]|queryMoreSize|49996
18:23:28.0 (19170739)|HEAP_ALLOCATE|[36]|Bytes:28
18:23:28.0 (19209352)|METHOD_ENTRY|[36]||Database.QueryLocatorIterator.hasNext()
18:23:28.0 (19336593)|METHOD_EXIT|[36]||Database.QueryLocatorIterator.hasNext()
18:23:28.0 (19342592)|METHOD_ENTRY|[36]||Database.QueryLocatorIterator.next()
18:23:28.0 (19398201)|METHOD_EXIT|[36]||Database.QueryLocatorIterator.next()
18:23:28.0 (19404115)|VARIABLE_SCOPE_BEGIN|[36]|fav|InterestedJob__c|true|false
18:23:28.0 (19435324)|VARIABLE_ASSIGNMENT|[36]|fav|{"Job__c":"a0KBK00000Gexcs2AB","Id":"a0OBK000004najC2AQ"}|0x339b1f09
18:23:28.0 (19439709)|STATEMENT_EXECUTE|[39]
18:23:28.0 (19440946)|STATEMENT_EXECUTE|[40]
18:23:28.0 (19542520)|HEAP_ALLOCATE|[EXTERNAL]|Bytes:4
18:23:28.0 (19562570)|METHOD_ENTRY|[36]||Database.QueryLocatorIterator.hasNext()
18:23:28.0 (19579884)|METHOD_EXIT|[36]||Database.QueryLocatorIterator.hasNext()
18:23:28.0 (19582797)|METHOD_ENTRY|[36]||Database.QueryLocatorIterator.next()
18:23:28.0 (19609522)|METHOD_EXIT|[36]||Database.QueryLocatorIterator.next()
18:23:28.0 (19613872)|VARIABLE_SCOPE_BEGIN|[36]|fav|InterestedJob__c|true|false
18:23:28.0 (19665343)|VARIABLE_ASSIGNMENT|[36]|fav|{"Job__c":"a0KBK00000Gexdg2AB","Id":"a0OBK000004nbNV2AY"}|0xc39937c
18:23:28.0 (19669531)|STATEMENT_EXECUTE|[39]
18:23:28.0 (19670415)|STATEMENT_EXECUTE|[40]
18:23:28.0 (19743773)|HEAP_ALLOCATE|[EXTERNAL]|Bytes:4
18:23:28.0 (19750952)|METHOD_ENTRY|[36]||Database.QueryLocatorIterator.hasNext()
18:23:28.0 (19761632)|METHOD_EXIT|[36]||Database.QueryLocatorIterator.hasNext()
18:23:28.0 (19764402)|METHOD_ENTRY|[36]||Database.QueryLocatorIterator.next()
18:23:28.0 (19807616)|METHOD_EXIT|[36]||Database.QueryLocatorIterator.next()
18:23:28.0 (19812100)|VARIABLE_SCOPE_BEGIN|[36]|fav|InterestedJob__c|true|false
18:23:28.0 (19840592)|VARIABLE_ASSIGNMENT|[36]|fav|{"Job__c":"a0KBK00000Gexcu2AB","Id":"a0OBK000004v8wE2AQ"}|0x55fd04e0
18:23:28.0 (19856595)|STATEMENT_EXECUTE|[39]
18:23:28.0 (19857585)|STATEMENT_EXECUTE|[40]
18:23:28.0 (19865144)|HEAP_ALLOCATE|[EXTERNAL]|Bytes:4
18:23:28.0 (19870569)|METHOD_ENTRY|[36]||Database.QueryLocatorIterator.hasNext()
18:23:28.0 (19880542)|METHOD_EXIT|[36]||Database.QueryLocatorIterator.hasNext()
18:23:28.0 (19883145)|METHOD_ENTRY|[36]||Database.QueryLocatorIterator.next()
18:23:28.0 (19919015)|METHOD_EXIT|[36]||Database.QueryLocatorIterator.next()
18:23:28.0 (19921925)|VARIABLE_SCOPE_BEGIN|[36]|fav|InterestedJob__c|true|false
18:23:28.0 (19955801)|VARIABLE_ASSIGNMENT|[36]|fav|{"Job__c":"a0KBK00000GezgQ2AR","Id":"a0OBK0000050riz2AA"}|0x56da7599
18:23:28.0 (19973610)|STATEMENT_EXECUTE|[39]
18:23:28.0 (19974592)|STATEMENT_EXECUTE|[40]
18:23:28.0 (19980639)|HEAP_ALLOCATE|[EXTERNAL]|Bytes:4
18:23:28.0 (19986527)|METHOD_ENTRY|[36]||Database.QueryLocatorIterator.hasNext()
18:23:28.0 (19997940)|METHOD_EXIT|[36]||Database.QueryLocatorIterator.hasNext()
18:23:28.0 (20018512)|VARIABLE_ASSIGNMENT|[36]|fav|null|
18:23:28.0 (20048022)|STATEMENT_EXECUTE|[44]
18:23:28.0 (20052161)|HEAP_ALLOCATE|[44]|Bytes:217
18:23:28.0 (20076732)|HEAP_ALLOCATE|[44]|Bytes:4
18:23:28.0 (21152301)|SOQL_EXECUTE_BEGIN|[44]|Aggregations:0|SELECT Id, JobPosition__c, WorkLocation2__c, JobCategory1__c, MaxAnnualSalary__c, MinAnnualSalary__c, JobDescription__c, LastModifiedDate, LastViewedDate FROM Job__c ORDER BY LastModifiedDate DESC NULLS FIRST LIMIT 10
18:23:28.0 (44365995)|SOQL_EXECUTE_END|[44]|Rows:10
18:23:28.0 (44404665)|HEAP_ALLOCATE|[44]|Bytes:44
18:23:28.0 (44428558)|HEAP_ALLOCATE|[44]|Bytes:4083
18:23:28.0 (44522733)|HEAP_ALLOCATE|[44]|Bytes:44
18:23:28.0 (44546458)|VARIABLE_SCOPE_BEGIN|[44]|jobs|List<Job__c>|true|false
18:23:28.0 (44570035)|VARIABLE_ASSIGNMENT|[44]|jobs|"List of size 10 too large to display"|0x6c59e767
18:23:28.0 (44577621)|STATEMENT_EXECUTE|[54]
18:23:28.0 (44672311)|HEAP_ALLOCATE|[54]|Bytes:4
18:23:28.0 (44769552)|VARIABLE_SCOPE_BEGIN|[54]|result|List<JobCardsController.JobWrapper>|true|false
18:23:28.0 (44793580)|HEAP_ALLOCATE|[EXTERNAL]|Bytes:4
18:23:28.0 (44807746)|VARIABLE_ASSIGNMENT|[54]|result|[]|0x234ec181
18:23:28.0 (44953921)|HEAP_ALLOCATE|[55]|Bytes:5
18:23:28.0 (44973809)|HEAP_ALLOCATE|[55]|Bytes:32
18:23:28.0 (44980256)|VARIABLE_SCOPE_BEGIN|[55]|j|Job__c|true|false
18:23:28.0 (45109182)|VARIABLE_ASSIGNMENT|[55]|j|{"LastModifiedDate":"2026-04-02T02:54:44.000Z","JobPosition__c":"テスト451求人タイトル求人タイトル求人 (235 more) ...","WorkLocation2__c":"444444","LastViewedDate":"2026-04-02T07:30:43.000Z","Id":"a0KBK00000Gexdg2AB","JobDescription__c":"テスト451仕事内容仕事内容仕事内容仕事 (230 more) ...","JobCategory1__c":"経営幹部/企画/マーケティング系"}|0x2f9ccfd3
18:23:28.0 (45119510)|STATEMENT_EXECUTE|[55]
18:23:28.0 (45120988)|STATEMENT_EXECUTE|[56]
18:23:28.0 (45129386)|HEAP_ALLOCATE|[56]|Bytes:44
18:23:28.0 (45141823)|CONSTRUCTOR_ENTRY|[56]|01pBK000001RGBP|<init>()|JobCardsController.JobWrapper
18:23:28.0 (45164380)|VARIABLE_SCOPE_BEGIN|[12]|this|JobCardsController.JobWrapper|true|false
18:23:28.0 (45198955)|VARIABLE_ASSIGNMENT|[12]|this|{}|0x21f490db
18:23:28.0 (45217389)|STATEMENT_EXECUTE|[12]
18:23:28.0 (45218398)|STATEMENT_EXECUTE|[13]
18:23:28.0 (45219443)|STATEMENT_EXECUTE|[14]
18:23:28.0 (45220245)|STATEMENT_EXECUTE|[15]
18:23:28.0 (45221018)|STATEMENT_EXECUTE|[16]
18:23:28.0 (45221903)|STATEMENT_EXECUTE|[17]
18:23:28.0 (45222745)|STATEMENT_EXECUTE|[18]
18:23:28.0 (45223773)|STATEMENT_EXECUTE|[19]
18:23:28.0 (45224568)|STATEMENT_EXECUTE|[20]
18:23:28.0 (45225636)|STATEMENT_EXECUTE|[21]
18:23:28.0 (45226545)|STATEMENT_EXECUTE|[22]
18:23:28.0 (45230094)|CONSTRUCTOR_EXIT|[56]|01pBK000001RGBP|<init>()|JobCardsController.JobWrapper
18:23:28.0 (45234040)|VARIABLE_SCOPE_BEGIN|[56]|wrapper|JobCardsController.JobWrapper|true|false
18:23:28.0 (45243723)|VARIABLE_ASSIGNMENT|[56]|wrapper|{}|0x21f490db
18:23:28.0 (45247120)|STATEMENT_EXECUTE|[57]
18:23:28.0 (45521580)|VARIABLE_ASSIGNMENT|[57]|this.Id|"a0KBK00000Gexdg2AB"|0x21f490db
18:23:28.0 (45526979)|STATEMENT_EXECUTE|[58]
18:23:28.0 (45548408)|VARIABLE_ASSIGNMENT|[58]|this.JobPosition|"テスト451求人タイトル求人タイトル求人 (235 more) ..."|0x21f490db
18:23:28.0 (45553062)|STATEMENT_EXECUTE|[59]
18:23:28.0 (45561334)|VARIABLE_ASSIGNMENT|[59]|this.WorkLocation2|"444444"|0x21f490db
18:23:28.0 (45564311)|STATEMENT_EXECUTE|[60]
18:23:28.0 (45571618)|VARIABLE_ASSIGNMENT|[60]|this.JobCategory1|"経営幹部/企画/マーケティング系"|0x21f490db
18:23:28.0 (45575337)|STATEMENT_EXECUTE|[61]
18:23:28.0 (45580553)|VARIABLE_ASSIGNMENT|[61]|this.MaxAnnualSalary|null|0x21f490db
18:23:28.0 (45583113)|STATEMENT_EXECUTE|[62]
18:23:28.0 (45586405)|VARIABLE_ASSIGNMENT|[62]|this.MinAnnualSalary|null|0x21f490db
18:23:28.0 (45589455)|STATEMENT_EXECUTE|[63]
18:23:28.0 (45596505)|VARIABLE_ASSIGNMENT|[63]|this.JobDescription|"テスト451仕事内容仕事内容仕事内容仕事 (230 more) ..."|0x21f490db
18:23:28.0 (45599917)|STATEMENT_EXECUTE|[64]
18:23:28.0 (45632152)|VARIABLE_ASSIGNMENT|[64]|this.LastModifiedDate|"2026-04-02T02:54:44.000Z"|0x21f490db
18:23:28.0 (45635430)|STATEMENT_EXECUTE|[65]
18:23:28.0 (45653340)|VARIABLE_ASSIGNMENT|[65]|this.LastViewedDate|"2026-04-02T07:30:43.000Z"|0x21f490db
18:23:28.0 (45656443)|STATEMENT_EXECUTE|[66]
18:23:28.0 (45711658)|HEAP_ALLOCATE|[66]|Bytes:5
18:23:28.0 (45716958)|VARIABLE_ASSIGNMENT|[66]|this.IsFavorite|true|0x21f490db
18:23:28.0 (45720031)|STATEMENT_EXECUTE|[67]
18:23:28.0 (45736342)|HEAP_ALLOCATE|[EXTERNAL]|Bytes:4
18:23:28.0 (45748168)|HEAP_ALLOCATE|[55]|Bytes:5
18:23:28.0 (45758496)|HEAP_ALLOCATE|[55]|Bytes:40
18:23:28.0 (45763940)|VARIABLE_SCOPE_BEGIN|[55]|j|Job__c|true|false
18:23:28.0 (45823870)|VARIABLE_ASSIGNMENT|[55]|j|{"LastModifiedDate":"2026-03-19T02:02:27.000Z","JobPosition__c":"新潟市(新潟) 法人ルート営業・業界シェ (74 more) ...","WorkLocation2__c":"新潟県新潟市（転勤なし／車通勤可）","LastViewedDate":"2026-04-02T09:08:32.000Z","Id":"a0KBK00000GezgQ2AR","MinAnnualSalary__c":350,"JobDescription__c":"自社開発製造の給配水機器とその関連製品の (25 more) ...","JobCategory1__c":"経営幹部/企画/マーケティング系","MaxAnnualSalary__c":550}|0x69bba6c5
18:23:28.0 (45832063)|STATEMENT_EXECUTE|[55]
18:23:28.0 (45832960)|STATEMENT_EXECUTE|[56]
18:23:28.0 (45836348)|HEAP_ALLOCATE|[56]|Bytes:44
18:23:28.0 (45841200)|CONSTRUCTOR_ENTRY|[56]|01pBK000001RGBP|<init>()|JobCardsController.JobWrapper
18:23:28.0 (45845823)|VARIABLE_SCOPE_BEGIN|[12]|this|JobCardsController.JobWrapper|true|false
18:23:28.0 (45867588)|VARIABLE_ASSIGNMENT|[12]|this|{}|0x703ecd79
18:23:28.0 (45880051)|STATEMENT_EXECUTE|[12]
18:23:28.0 (45881122)|STATEMENT_EXECUTE|[13]
18:23:28.0 (45882075)|STATEMENT_EXECUTE|[14]
18:23:28.0 (45882972)|STATEMENT_EXECUTE|[15]
18:23:28.0 (45883763)|STATEMENT_EXECUTE|[16]
18:23:28.0 (45884704)|STATEMENT_EXECUTE|[17]
18:23:28.0 (45885499)|STATEMENT_EXECUTE|[18]
18:23:28.0 (45886379)|STATEMENT_EXECUTE|[19]
18:23:28.0 (45887141)|STATEMENT_EXECUTE|[20]
18:23:28.0 (45888107)|STATEMENT_EXECUTE|[21]
18:23:28.0 (45888979)|STATEMENT_EXECUTE|[22]
18:23:28.0 (45891531)|CONSTRUCTOR_EXIT|[56]|01pBK000001RGBP|<init>()|JobCardsController.JobWrapper
18:23:28.0 (45895286)|VARIABLE_SCOPE_BEGIN|[56]|wrapper|JobCardsController.JobWrapper|true|false
18:23:28.0 (45904265)|VARIABLE_ASSIGNMENT|[56]|wrapper|{}|0x703ecd79
18:23:28.0 (45907515)|STATEMENT_EXECUTE|[57]
18:23:28.0 (45961490)|VARIABLE_ASSIGNMENT|[57]|this.Id|"a0KBK00000GezgQ2AR"|0x703ecd79
18:23:28.0 (45965101)|STATEMENT_EXECUTE|[58]
18:23:28.0 (45970868)|VARIABLE_ASSIGNMENT|[58]|this.JobPosition|"新潟市(新潟) 法人ルート営業・業界シェ (74 more) ..."|0x703ecd79
18:23:28.0 (45978520)|STATEMENT_EXECUTE|[59]
18:23:28.0 (45984895)|VARIABLE_ASSIGNMENT|[59]|this.WorkLocation2|"新潟県新潟市（転勤なし／車通勤可）"|0x703ecd79
18:23:28.0 (45989178)|STATEMENT_EXECUTE|[60]
18:23:28.0 (45993650)|VARIABLE_ASSIGNMENT|[60]|this.JobCategory1|"経営幹部/企画/マーケティング系"|0x703ecd79
18:23:28.0 (45997965)|STATEMENT_EXECUTE|[61]
18:23:28.0 (46062457)|VARIABLE_ASSIGNMENT|[61]|this.MaxAnnualSalary|550|0x703ecd79
18:23:28.0 (46068211)|STATEMENT_EXECUTE|[62]
18:23:28.0 (46079704)|VARIABLE_ASSIGNMENT|[62]|this.MinAnnualSalary|350|0x703ecd79
18:23:28.0 (46082751)|STATEMENT_EXECUTE|[63]
18:23:28.0 (46087246)|VARIABLE_ASSIGNMENT|[63]|this.JobDescription|"自社開発製造の給配水機器とその関連製品の (25 more) ..."|0x703ecd79
18:23:28.0 (46090760)|STATEMENT_EXECUTE|[64]
18:23:28.0 (46103668)|VARIABLE_ASSIGNMENT|[64]|this.LastModifiedDate|"2026-03-19T02:02:27.000Z"|0x703ecd79
18:23:28.0 (46113431)|STATEMENT_EXECUTE|[65]
18:23:28.0 (46120166)|VARIABLE_ASSIGNMENT|[65]|this.LastViewedDate|"2026-04-02T09:08:32.000Z"|0x703ecd79
18:23:28.0 (46123074)|STATEMENT_EXECUTE|[66]
18:23:28.0 (46135125)|HEAP_ALLOCATE|[66]|Bytes:5
18:23:28.0 (46139635)|VARIABLE_ASSIGNMENT|[66]|this.IsFavorite|true|0x703ecd79
18:23:28.0 (46142401)|STATEMENT_EXECUTE|[67]
18:23:28.0 (46147427)|HEAP_ALLOCATE|[EXTERNAL]|Bytes:4
18:23:28.0 (46156035)|HEAP_ALLOCATE|[55]|Bytes:5
18:23:28.0 (46165024)|HEAP_ALLOCATE|[55]|Bytes:40
18:23:28.0 (46169846)|VARIABLE_SCOPE_BEGIN|[55]|j|Job__c|true|false
18:23:28.0 (46217150)|VARIABLE_ASSIGNMENT|[55]|j|{"LastModifiedDate":"2026-03-18T01:52:52.000Z","JobPosition__c":"テスト401求人タイトル求人タイトル求人 (28 more) ...","WorkLocation2__c":"勤務地","LastViewedDate":"2026-04-02T07:07:16.000Z","Id":"a0KBK00000Gexcs2AB","MinAnnualSalary__c":450,"JobDescription__c":"テスト401仕事内容仕事内容仕事内容仕事 (30 more) ...","JobCategory1__c":"専門職系（コンサルタント/金融/不動産）","MaxAnnualSalary__c":600}|0x4493a010
18:23:28.0 (46225039)|STATEMENT_EXECUTE|[55]
18:23:28.0 (46225926)|STATEMENT_EXECUTE|[56]
18:23:28.0 (46228359)|HEAP_ALLOCATE|[56]|Bytes:44
18:23:28.0 (46232692)|CONSTRUCTOR_ENTRY|[56]|01pBK000001RGBP|<init>()|JobCardsController.JobWrapper
18:23:28.0 (46237496)|VARIABLE_SCOPE_BEGIN|[12]|this|JobCardsController.JobWrapper|true|false
18:23:28.0 (46251482)|VARIABLE_ASSIGNMENT|[12]|this|{}|0x1c99659c
18:23:28.0 (46262231)|STATEMENT_EXECUTE|[12]
18:23:28.0 (46263260)|STATEMENT_EXECUTE|[13]
18:23:28.0 (46264125)|STATEMENT_EXECUTE|[14]
18:23:28.0 (46264936)|STATEMENT_EXECUTE|[15]
18:23:28.0 (46265739)|STATEMENT_EXECUTE|[16]
18:23:28.0 (46266559)|STATEMENT_EXECUTE|[17]
18:23:28.0 (46267424)|STATEMENT_EXECUTE|[18]
18:23:28.0 (46268258)|STATEMENT_EXECUTE|[19]
18:23:28.0 (46269031)|STATEMENT_EXECUTE|[20]
18:23:28.0 (46269851)|STATEMENT_EXECUTE|[21]
18:23:28.0 (46270679)|STATEMENT_EXECUTE|[22]
18:23:28.0 (46272929)|CONSTRUCTOR_EXIT|[56]|01pBK000001RGBP|<init>()|JobCardsController.JobWrapper
18:23:28.0 (46276730)|VARIABLE_SCOPE_BEGIN|[56]|wrapper|JobCardsController.JobWrapper|true|false
18:23:28.0 (46285778)|VARIABLE_ASSIGNMENT|[56]|wrapper|{}|0x1c99659c
18:23:28.0 (46290099)|STATEMENT_EXECUTE|[57]
18:23:28.0 (46353100)|VARIABLE_ASSIGNMENT|[57]|this.Id|"a0KBK00000Gexcs2AB"|0x1c99659c
18:23:28.0 (46360855)|STATEMENT_EXECUTE|[58]
18:23:28.0 (46368108)|VARIABLE_ASSIGNMENT|[58]|this.JobPosition|"テスト401求人タイトル求人タイトル求人 (28 more) ..."|0x1c99659c
18:23:28.0 (46372253)|STATEMENT_EXECUTE|[59]
18:23:28.0 (46376045)|VARIABLE_ASSIGNMENT|[59]|this.WorkLocation2|"勤務地"|0x1c99659c
18:23:28.0 (46379205)|STATEMENT_EXECUTE|[60]
18:23:28.0 (46383020)|VARIABLE_ASSIGNMENT|[60]|this.JobCategory1|"専門職系（コンサルタント/金融/不動産）"|0x1c99659c
18:23:28.0 (46386453)|STATEMENT_EXECUTE|[61]
18:23:28.0 (46393146)|VARIABLE_ASSIGNMENT|[61]|this.MaxAnnualSalary|600|0x1c99659c
18:23:28.0 (46401027)|STATEMENT_EXECUTE|[62]
18:23:28.0 (46404635)|VARIABLE_ASSIGNMENT|[62]|this.MinAnnualSalary|450|0x1c99659c
18:23:28.0 (46407251)|STATEMENT_EXECUTE|[63]
18:23:28.0 (46410995)|VARIABLE_ASSIGNMENT|[63]|this.JobDescription|"テスト401仕事内容仕事内容仕事内容仕事 (30 more) ..."|0x1c99659c
18:23:28.0 (46414241)|STATEMENT_EXECUTE|[64]
18:23:28.0 (46423555)|VARIABLE_ASSIGNMENT|[64]|this.LastModifiedDate|"2026-03-18T01:52:52.000Z"|0x1c99659c
18:23:28.0 (46426473)|STATEMENT_EXECUTE|[65]
18:23:28.0 (46432290)|VARIABLE_ASSIGNMENT|[65]|this.LastViewedDate|"2026-04-02T07:07:16.000Z"|0x1c99659c
18:23:28.0 (46435269)|STATEMENT_EXECUTE|[66]
18:23:28.0 (46444955)|HEAP_ALLOCATE|[66]|Bytes:5
18:23:28.0 (46449354)|VARIABLE_ASSIGNMENT|[66]|this.IsFavorite|true|0x1c99659c
18:23:28.0 (46451909)|STATEMENT_EXECUTE|[67]
18:23:28.0 (46455752)|HEAP_ALLOCATE|[EXTERNAL]|Bytes:4
18:23:28.0 (46464019)|HEAP_ALLOCATE|[55]|Bytes:5
18:23:28.0 (46471070)|HEAP_ALLOCATE|[55]|Bytes:36
18:23:28.0 (46475171)|VARIABLE_SCOPE_BEGIN|[55]|j|Job__c|true|false
18:23:28.0 (46525816)|VARIABLE_ASSIGNMENT|[55]|j|{"LastModifiedDate":"2026-03-12T05:33:30.000Z","JobPosition__c":"テスト424求人タイトル求人タイトル求人 (28 more) ...","LastViewedDate":"2026-04-02T07:16:25.000Z","Id":"a0KBK00000GexdF2AR","MinAnnualSalary__c":250,"JobDescription__c":"テスト424仕事内容仕事内容仕事内容仕事 (30 more) ...","JobCategory1__c":"技術系（電気/電子/機械）","MaxAnnualSalary__c":350}|0x574a23db
18:23:28.0 (46535514)|STATEMENT_EXECUTE|[55]
18:23:28.0 (46536729)|STATEMENT_EXECUTE|[56]
18:23:28.0 (46539856)|HEAP_ALLOCATE|[56]|Bytes:44
18:23:28.0 (46545374)|CONSTRUCTOR_ENTRY|[56]|01pBK000001RGBP|<init>()|JobCardsController.JobWrapper
18:23:28.0 (46550862)|VARIABLE_SCOPE_BEGIN|[12]|this|JobCardsController.JobWrapper|true|false
18:23:28.0 (46569041)|VARIABLE_ASSIGNMENT|[12]|this|{}|0x196e5c9c
18:23:28.0 (46578906)|STATEMENT_EXECUTE|[12]
18:23:28.0 (46579898)|STATEMENT_EXECUTE|[13]
18:23:28.0 (46580784)|STATEMENT_EXECUTE|[14]
18:23:28.0 (46581599)|STATEMENT_EXECUTE|[15]
18:23:28.0 (46582407)|STATEMENT_EXECUTE|[16]
18:23:28.0 (46583229)|STATEMENT_EXECUTE|[17]
18:23:28.0 (46584117)|STATEMENT_EXECUTE|[18]
18:23:28.0 (46584891)|STATEMENT_EXECUTE|[19]
18:23:28.0 (46585682)|STATEMENT_EXECUTE|[20]
18:23:28.0 (46586532)|STATEMENT_EXECUTE|[21]
18:23:28.0 (46587316)|STATEMENT_EXECUTE|[22]
18:23:28.0 (46589414)|CONSTRUCTOR_EXIT|[56]|01pBK000001RGBP|<init>()|JobCardsController.JobWrapper
18:23:28.0 (46592777)|VARIABLE_SCOPE_BEGIN|[56]|wrapper|JobCardsController.JobWrapper|true|false
18:23:28.0 (46601098)|VARIABLE_ASSIGNMENT|[56]|wrapper|{}|0x196e5c9c
18:23:28.0 (46603909)|STATEMENT_EXECUTE|[57]
18:23:28.0 (46643044)|VARIABLE_ASSIGNMENT|[57]|this.Id|"a0KBK00000GexdF2AR"|0x196e5c9c
18:23:28.0 (46651503)|STATEMENT_EXECUTE|[58]
18:23:28.0 (46656874)|VARIABLE_ASSIGNMENT|[58]|this.JobPosition|"テスト424求人タイトル求人タイトル求人 (28 more) ..."|0x196e5c9c
18:23:28.0 (46660365)|STATEMENT_EXECUTE|[59]
18:23:28.0 (46663946)|VARIABLE_ASSIGNMENT|[59]|this.WorkLocation2|null|0x196e5c9c
18:23:28.0 (46666624)|STATEMENT_EXECUTE|[60]
18:23:28.0 (46670432)|VARIABLE_ASSIGNMENT|[60]|this.JobCategory1|"技術系（電気/電子/機械）"|0x196e5c9c
18:23:28.0 (46673669)|STATEMENT_EXECUTE|[61]
18:23:28.0 (46679073)|VARIABLE_ASSIGNMENT|[61]|this.MaxAnnualSalary|350|0x196e5c9c
18:23:28.0 (46681829)|STATEMENT_EXECUTE|[62]
18:23:28.0 (46685584)|VARIABLE_ASSIGNMENT|[62]|this.MinAnnualSalary|250|0x196e5c9c
18:23:28.0 (46688106)|STATEMENT_EXECUTE|[63]
18:23:28.0 (46691863)|VARIABLE_ASSIGNMENT|[63]|this.JobDescription|"テスト424仕事内容仕事内容仕事内容仕事 (30 more) ..."|0x196e5c9c
18:23:28.0 (46694860)|STATEMENT_EXECUTE|[64]
18:23:28.0 (46704504)|VARIABLE_ASSIGNMENT|[64]|this.LastModifiedDate|"2026-03-12T05:33:30.000Z"|0x196e5c9c
18:23:28.0 (46707503)|STATEMENT_EXECUTE|[65]
18:23:28.0 (46730829)|VARIABLE_ASSIGNMENT|[65]|this.LastViewedDate|"2026-04-02T07:16:25.000Z"|0x196e5c9c
18:23:28.0 (46733837)|STATEMENT_EXECUTE|[66]
18:23:28.0 (46743465)|HEAP_ALLOCATE|[66]|Bytes:5
18:23:28.0 (46747081)|VARIABLE_ASSIGNMENT|[66]|this.IsFavorite|false|0x196e5c9c
18:23:28.0 (46749731)|STATEMENT_EXECUTE|[67]
18:23:28.0 (46753012)|HEAP_ALLOCATE|[EXTERNAL]|Bytes:4
18:23:28.0 (46760119)|HEAP_ALLOCATE|[55]|Bytes:5
18:23:28.0 (46766864)|HEAP_ALLOCATE|[55]|Bytes:36
18:23:28.0 (46770659)|VARIABLE_SCOPE_BEGIN|[55]|j|Job__c|true|false
18:23:28.0 (46816586)|VARIABLE_ASSIGNMENT|[55]|j|{"LastModifiedDate":"2026-03-09T05:51:50.000Z","JobPosition__c":"テスト403求人タイトル求人タイトル求人 (28 more) ...","LastViewedDate":"2026-03-18T09:45:24.000Z","Id":"a0KBK00000Gexcu2AB","MinAnnualSalary__c":900,"JobDescription__c":"テスト403仕事内容仕事内容仕事内容仕事 (30 more) ...","JobCategory1__c":"営業系","MaxAnnualSalary__c":600}|0x1ee19cb6
18:23:28.0 (46823123)|STATEMENT_EXECUTE|[55]
18:23:28.0 (46823989)|STATEMENT_EXECUTE|[56]
18:23:28.0 (46826299)|HEAP_ALLOCATE|[56]|Bytes:44
18:23:28.0 (46829748)|CONSTRUCTOR_ENTRY|[56]|01pBK000001RGBP|<init>()|JobCardsController.JobWrapper
18:23:28.0 (46833437)|VARIABLE_SCOPE_BEGIN|[12]|this|JobCardsController.JobWrapper|true|false
18:23:28.0 (46844282)|VARIABLE_ASSIGNMENT|[12]|this|{}|0x49fc04e1
18:23:28.0 (46856498)|STATEMENT_EXECUTE|[12]
18:23:28.0 (46857482)|STATEMENT_EXECUTE|[13]
18:23:28.0 (46858322)|STATEMENT_EXECUTE|[14]
18:23:28.0 (46859152)|STATEMENT_EXECUTE|[15]
18:23:28.0 (46860054)|STATEMENT_EXECUTE|[16]
18:23:28.0 (46860885)|STATEMENT_EXECUTE|[17]
18:23:28.0 (46861680)|STATEMENT_EXECUTE|[18]
18:23:28.0 (46862496)|STATEMENT_EXECUTE|[19]
18:23:28.0 (46863248)|STATEMENT_EXECUTE|[20]
18:23:28.0 (46864066)|STATEMENT_EXECUTE|[21]
18:23:28.0 (46864869)|STATEMENT_EXECUTE|[22]
18:23:28.0 (46866841)|CONSTRUCTOR_EXIT|[56]|01pBK000001RGBP|<init>()|JobCardsController.JobWrapper
18:23:28.0 (46870209)|VARIABLE_SCOPE_BEGIN|[56]|wrapper|JobCardsController.JobWrapper|true|false
18:23:28.0 (46880420)|VARIABLE_ASSIGNMENT|[56]|wrapper|{}|0x49fc04e1
18:23:28.0 (46883216)|STATEMENT_EXECUTE|[57]
18:23:28.0 (46916750)|VARIABLE_ASSIGNMENT|[57]|this.Id|"a0KBK00000Gexcu2AB"|0x49fc04e1
18:23:28.0 (46921862)|STATEMENT_EXECUTE|[58]
18:23:28.0 (46928443)|VARIABLE_ASSIGNMENT|[58]|this.JobPosition|"テスト403求人タイトル求人タイトル求人 (28 more) ..."|0x49fc04e1
18:23:28.0 (46933087)|STATEMENT_EXECUTE|[59]
18:23:28.0 (46938287)|VARIABLE_ASSIGNMENT|[59]|this.WorkLocation2|null|0x49fc04e1
18:23:28.0 (46941250)|STATEMENT_EXECUTE|[60]
18:23:28.0 (46945015)|VARIABLE_ASSIGNMENT|[60]|this.JobCategory1|"営業系"|0x49fc04e1
18:23:28.0 (46948144)|STATEMENT_EXECUTE|[61]
18:23:28.0 (46953062)|VARIABLE_ASSIGNMENT|[61]|this.MaxAnnualSalary|600|0x49fc04e1
18:23:28.0 (46955737)|STATEMENT_EXECUTE|[62]
18:23:28.0 (46959094)|VARIABLE_ASSIGNMENT|[62]|this.MinAnnualSalary|900|0x49fc04e1
18:23:28.0 (46961717)|STATEMENT_EXECUTE|[63]
18:23:28.0 (46965605)|VARIABLE_ASSIGNMENT|[63]|this.JobDescription|"テスト403仕事内容仕事内容仕事内容仕事 (30 more) ..."|0x49fc04e1
18:23:28.0 (46968993)|STATEMENT_EXECUTE|[64]
18:23:28.0 (46976652)|VARIABLE_ASSIGNMENT|[64]|this.LastModifiedDate|"2026-03-09T05:51:50.000Z"|0x49fc04e1
18:23:28.0 (46979417)|STATEMENT_EXECUTE|[65]
18:23:28.0 (46984600)|VARIABLE_ASSIGNMENT|[65]|this.LastViewedDate|"2026-03-18T09:45:24.000Z"|0x49fc04e1
18:23:28.0 (46987179)|STATEMENT_EXECUTE|[66]
18:23:28.0 (46994957)|HEAP_ALLOCATE|[66]|Bytes:5
18:23:28.0 (46998651)|VARIABLE_ASSIGNMENT|[66]|this.IsFavorite|true|0x49fc04e1
18:23:28.0 (47001686)|STATEMENT_EXECUTE|[67]
18:23:28.0 (47006007)|HEAP_ALLOCATE|[EXTERNAL]|Bytes:4
18:23:28.0 (47012605)|HEAP_ALLOCATE|[55]|Bytes:5
18:23:28.0 (47017938)|HEAP_ALLOCATE|[55]|Bytes:36
18:23:28.0 (47021464)|VARIABLE_SCOPE_BEGIN|[55]|j|Job__c|true|false
18:23:28.0 (47062698)|VARIABLE_ASSIGNMENT|[55]|j|{"LastModifiedDate":"2026-03-09T05:51:49.000Z","JobPosition__c":"テスト402求人タイトル求人タイトル求人 (28 more) ...","LastViewedDate":"2026-03-18T09:45:33.000Z","Id":"a0KBK00000Gexct2AB","MinAnnualSalary__c":500,"JobDescription__c":"テスト402仕事内容仕事内容仕事内容仕事 (30 more) ...","JobCategory1__c":"営業系","MaxAnnualSalary__c":400}|0x2ad89c21
18:23:28.0 (47069397)|STATEMENT_EXECUTE|[55]
18:23:28.0 (47070264)|STATEMENT_EXECUTE|[56]
18:23:28.0 (47072206)|HEAP_ALLOCATE|[56]|Bytes:44
18:23:28.0 (47075555)|CONSTRUCTOR_ENTRY|[56]|01pBK000001RGBP|<init>()|JobCardsController.JobWrapper
18:23:28.0 (47079085)|VARIABLE_SCOPE_BEGIN|[12]|this|JobCardsController.JobWrapper|true|false
18:23:28.0 (47089954)|VARIABLE_ASSIGNMENT|[12]|this|{}|0x4faf4da2
18:23:28.0 (47098230)|STATEMENT_EXECUTE|[12]
18:23:28.0 (47099334)|STATEMENT_EXECUTE|[13]
18:23:28.0 (47100214)|STATEMENT_EXECUTE|[14]
18:23:28.0 (47101024)|STATEMENT_EXECUTE|[15]
18:23:28.0 (47101819)|STATEMENT_EXECUTE|[16]
18:23:28.0 (47102645)|STATEMENT_EXECUTE|[17]
18:23:28.0 (47103417)|STATEMENT_EXECUTE|[18]
18:23:28.0 (47104228)|STATEMENT_EXECUTE|[19]
18:23:28.0 (47104979)|STATEMENT_EXECUTE|[20]
18:23:28.0 (47105812)|STATEMENT_EXECUTE|[21]
18:23:28.0 (47106564)|STATEMENT_EXECUTE|[22]
18:23:28.0 (47108260)|CONSTRUCTOR_EXIT|[56]|01pBK000001RGBP|<init>()|JobCardsController.JobWrapper
18:23:28.0 (47111370)|VARIABLE_SCOPE_BEGIN|[56]|wrapper|JobCardsController.JobWrapper|true|false
18:23:28.0 (47118893)|VARIABLE_ASSIGNMENT|[56]|wrapper|{}|0x4faf4da2
18:23:28.0 (47121709)|STATEMENT_EXECUTE|[57]
18:23:28.0 (47157914)|VARIABLE_ASSIGNMENT|[57]|this.Id|"a0KBK00000Gexct2AB"|0x4faf4da2
18:23:28.0 (47162744)|STATEMENT_EXECUTE|[58]
18:23:28.0 (47169932)|VARIABLE_ASSIGNMENT|[58]|this.JobPosition|"テスト402求人タイトル求人タイトル求人 (28 more) ..."|0x4faf4da2
18:23:28.0 (47174759)|STATEMENT_EXECUTE|[59]
18:23:28.0 (47179006)|VARIABLE_ASSIGNMENT|[59]|this.WorkLocation2|null|0x4faf4da2
18:23:28.0 (47183176)|STATEMENT_EXECUTE|[60]
18:23:28.0 (47187686)|VARIABLE_ASSIGNMENT|[60]|this.JobCategory1|"営業系"|0x4faf4da2
18:23:28.0 (47191859)|STATEMENT_EXECUTE|[61]
18:23:28.0 (47199036)|VARIABLE_ASSIGNMENT|[61]|this.MaxAnnualSalary|400|0x4faf4da2
18:23:28.0 (47203494)|STATEMENT_EXECUTE|[62]
18:23:28.0 (47209024)|VARIABLE_ASSIGNMENT|[62]|this.MinAnnualSalary|500|0x4faf4da2
18:23:28.0 (47211864)|STATEMENT_EXECUTE|[63]
18:23:28.0 (47215897)|VARIABLE_ASSIGNMENT|[63]|this.JobDescription|"テスト402仕事内容仕事内容仕事内容仕事 (30 more) ..."|0x4faf4da2
18:23:28.0 (47222974)|STATEMENT_EXECUTE|[64]
18:23:28.0 (47230958)|VARIABLE_ASSIGNMENT|[64]|this.LastModifiedDate|"2026-03-09T05:51:49.000Z"|0x4faf4da2
18:23:28.0 (47233650)|STATEMENT_EXECUTE|[65]
18:23:28.0 (47240603)|VARIABLE_ASSIGNMENT|[65]|this.LastViewedDate|"2026-03-18T09:45:33.000Z"|0x4faf4da2
18:23:28.0 (47243447)|STATEMENT_EXECUTE|[66]
18:23:28.0 (47251609)|HEAP_ALLOCATE|[66]|Bytes:5
18:23:28.0 (47255069)|VARIABLE_ASSIGNMENT|[66]|this.IsFavorite|false|0x4faf4da2
18:23:28.0 (47257741)|STATEMENT_EXECUTE|[67]
18:23:28.0 (47261370)|HEAP_ALLOCATE|[EXTERNAL]|Bytes:4
18:23:28.0 (47268819)|HEAP_ALLOCATE|[55]|Bytes:5
18:23:28.0 (47274799)|HEAP_ALLOCATE|[55]|Bytes:40
18:23:28.0 (47278431)|VARIABLE_SCOPE_BEGIN|[55]|j|Job__c|true|false
18:23:28.0 (47322822)|VARIABLE_ASSIGNMENT|[55]|j|{"LastModifiedDate":"2026-03-06T01:15:09.000Z","JobPosition__c":"千代田区(東京) 設備積算・大手サブコン (18 more) ...","WorkLocation2__c":"東京都千代田区","LastViewedDate":"2026-03-17T05:57:19.000Z","Id":"a0KBK00000GezgH2AR","MinAnnualSalary__c":400,"JobDescription__c":"事務所ビルや商業施設、工場など、多様な建 (105 more) ...","JobCategory1__c":"営業系","MaxAnnualSalary__c":650}|0x73923a4a
18:23:28.0 (47329649)|STATEMENT_EXECUTE|[55]
18:23:28.0 (47330463)|STATEMENT_EXECUTE|[56]
18:23:28.0 (47332534)|HEAP_ALLOCATE|[56]|Bytes:44
18:23:28.0 (47335954)|CONSTRUCTOR_ENTRY|[56]|01pBK000001RGBP|<init>()|JobCardsController.JobWrapper
18:23:28.0 (47339685)|VARIABLE_SCOPE_BEGIN|[12]|this|JobCardsController.JobWrapper|true|false
18:23:28.0 (47350437)|VARIABLE_ASSIGNMENT|[12]|this|{}|0x18cd644e
18:23:28.0 (47358791)|STATEMENT_EXECUTE|[12]
18:23:28.0 (47359714)|STATEMENT_EXECUTE|[13]
18:23:28.0 (47360610)|STATEMENT_EXECUTE|[14]
18:23:28.0 (47361408)|STATEMENT_EXECUTE|[15]
18:23:28.0 (47362219)|STATEMENT_EXECUTE|[16]
18:23:28.0 (47363042)|STATEMENT_EXECUTE|[17]
18:23:28.0 (47363840)|STATEMENT_EXECUTE|[18]
18:23:28.0 (47364644)|STATEMENT_EXECUTE|[19]
18:23:28.0 (47365424)|STATEMENT_EXECUTE|[20]
18:23:28.0 (47366262)|STATEMENT_EXECUTE|[21]
18:23:28.0 (47367044)|STATEMENT_EXECUTE|[22]
18:23:28.0 (47368714)|CONSTRUCTOR_EXIT|[56]|01pBK000001RGBP|<init>()|JobCardsController.JobWrapper
18:23:28.0 (47371904)|VARIABLE_SCOPE_BEGIN|[56]|wrapper|JobCardsController.JobWrapper|true|false
18:23:28.0 (47379531)|VARIABLE_ASSIGNMENT|[56]|wrapper|{}|0x18cd644e
18:23:28.0 (47390839)|STATEMENT_EXECUTE|[57]
18:23:28.0 (47421645)|VARIABLE_ASSIGNMENT|[57]|this.Id|"a0KBK00000GezgH2AR"|0x18cd644e
18:23:28.0 (47425249)|STATEMENT_EXECUTE|[58]
18:23:28.0 (47430437)|VARIABLE_ASSIGNMENT|[58]|this.JobPosition|"千代田区(東京) 設備積算・大手サブコン (18 more) ..."|0x18cd644e
18:23:28.0 (47433986)|STATEMENT_EXECUTE|[59]
18:23:28.0 (47437639)|VARIABLE_ASSIGNMENT|[59]|this.WorkLocation2|"東京都千代田区"|0x18cd644e
18:23:28.0 (47440854)|STATEMENT_EXECUTE|[60]
18:23:28.0 (47443887)|VARIABLE_ASSIGNMENT|[60]|this.JobCategory1|"営業系"|0x18cd644e
18:23:28.0 (47446764)|STATEMENT_EXECUTE|[61]
18:23:28.0 (47451494)|VARIABLE_ASSIGNMENT|[61]|this.MaxAnnualSalary|650|0x18cd644e
18:23:28.0 (47454148)|STATEMENT_EXECUTE|[62]
18:23:28.0 (47457651)|VARIABLE_ASSIGNMENT|[62]|this.MinAnnualSalary|400|0x18cd644e
18:23:28.0 (47460279)|STATEMENT_EXECUTE|[63]
18:23:28.0 (47464149)|VARIABLE_ASSIGNMENT|[63]|this.JobDescription|"事務所ビルや商業施設、工場など、多様な建 (105 more) ..."|0x18cd644e
18:23:28.0 (47467544)|STATEMENT_EXECUTE|[64]
18:23:28.0 (47475159)|VARIABLE_ASSIGNMENT|[64]|this.LastModifiedDate|"2026-03-06T01:15:09.000Z"|0x18cd644e
18:23:28.0 (47477898)|STATEMENT_EXECUTE|[65]
18:23:28.0 (47483326)|VARIABLE_ASSIGNMENT|[65]|this.LastViewedDate|"2026-03-17T05:57:19.000Z"|0x18cd644e
18:23:28.0 (47486019)|STATEMENT_EXECUTE|[66]
18:23:28.0 (47493736)|HEAP_ALLOCATE|[66]|Bytes:5
18:23:28.0 (47497622)|VARIABLE_ASSIGNMENT|[66]|this.IsFavorite|false|0x18cd644e
18:23:28.0 (47500147)|STATEMENT_EXECUTE|[67]
18:23:28.0 (47503076)|HEAP_ALLOCATE|[EXTERNAL]|Bytes:4
18:23:28.0 (47509672)|HEAP_ALLOCATE|[55]|Bytes:5
18:23:28.0 (47514822)|HEAP_ALLOCATE|[55]|Bytes:36
18:23:28.0 (47518019)|VARIABLE_SCOPE_BEGIN|[55]|j|Job__c|true|false
18:23:28.0 (47553903)|VARIABLE_ASSIGNMENT|[55]|j|{"LastModifiedDate":"2026-02-06T01:25:17.000Z","JobPosition__c":"テスト467求人タイトル求人タイトル求人 (28 more) ...","LastViewedDate":"2026-03-03T09:55:23.000Z","Id":"a0KBK00000Gexdw2AB","MinAnnualSalary__c":216,"JobDescription__c":"テスト467仕事内容仕事内容仕事内容仕事 (30 more) ...","JobCategory1__c":"管理部門/事務系","MaxAnnualSalary__c":0}|0x75c09b18
18:23:28.0 (47563847)|STATEMENT_EXECUTE|[55]
18:23:28.0 (47564904)|STATEMENT_EXECUTE|[56]
18:23:28.0 (47566519)|HEAP_ALLOCATE|[56]|Bytes:44
18:23:28.0 (47569714)|CONSTRUCTOR_ENTRY|[56]|01pBK000001RGBP|<init>()|JobCardsController.JobWrapper
18:23:28.0 (47573398)|VARIABLE_SCOPE_BEGIN|[12]|this|JobCardsController.JobWrapper|true|false
18:23:28.0 (47583156)|VARIABLE_ASSIGNMENT|[12]|this|{}|0x73ac5177
18:23:28.0 (47590449)|STATEMENT_EXECUTE|[12]
18:23:28.0 (47591434)|STATEMENT_EXECUTE|[13]
18:23:28.0 (47592273)|STATEMENT_EXECUTE|[14]
18:23:28.0 (47593052)|STATEMENT_EXECUTE|[15]
18:23:28.0 (47593834)|STATEMENT_EXECUTE|[16]
18:23:28.0 (47594637)|STATEMENT_EXECUTE|[17]
18:23:28.0 (47595433)|STATEMENT_EXECUTE|[18]
18:23:28.0 (47596362)|STATEMENT_EXECUTE|[19]
18:23:28.0 (47597227)|STATEMENT_EXECUTE|[20]
18:23:28.0 (47598024)|STATEMENT_EXECUTE|[21]
18:23:28.0 (47598824)|STATEMENT_EXECUTE|[22]
18:23:28.0 (47600259)|CONSTRUCTOR_EXIT|[56]|01pBK000001RGBP|<init>()|JobCardsController.JobWrapper
18:23:28.0 (47603356)|VARIABLE_SCOPE_BEGIN|[56]|wrapper|JobCardsController.JobWrapper|true|false
18:23:28.0 (47610839)|VARIABLE_ASSIGNMENT|[56]|wrapper|{}|0x73ac5177
18:23:28.0 (47613540)|STATEMENT_EXECUTE|[57]
18:23:28.0 (47638604)|VARIABLE_ASSIGNMENT|[57]|this.Id|"a0KBK00000Gexdw2AB"|0x73ac5177
18:23:28.0 (47643668)|STATEMENT_EXECUTE|[58]
18:23:28.0 (47648529)|VARIABLE_ASSIGNMENT|[58]|this.JobPosition|"テスト467求人タイトル求人タイトル求人 (28 more) ..."|0x73ac5177
18:23:28.0 (47651699)|STATEMENT_EXECUTE|[59]
18:23:28.0 (47654639)|VARIABLE_ASSIGNMENT|[59]|this.WorkLocation2|null|0x73ac5177
18:23:28.0 (47657344)|STATEMENT_EXECUTE|[60]
18:23:28.0 (47660601)|VARIABLE_ASSIGNMENT|[60]|this.JobCategory1|"管理部門/事務系"|0x73ac5177
18:23:28.0 (47663494)|STATEMENT_EXECUTE|[61]
18:23:28.0 (47715635)|HEAP_ALLOCATE|[61]|Bytes:28
18:23:28.0 (47722592)|VARIABLE_ASSIGNMENT|[61]|this.MaxAnnualSalary|0|0x73ac5177
18:23:28.0 (47725399)|STATEMENT_EXECUTE|[62]
18:23:28.0 (47734078)|VARIABLE_ASSIGNMENT|[62]|this.MinAnnualSalary|216|0x73ac5177
18:23:28.0 (47736772)|STATEMENT_EXECUTE|[63]
18:23:28.0 (47740826)|VARIABLE_ASSIGNMENT|[63]|this.JobDescription|"テスト467仕事内容仕事内容仕事内容仕事 (30 more) ..."|0x73ac5177
18:23:28.0 (47744101)|STATEMENT_EXECUTE|[64]
18:23:28.0 (47752749)|VARIABLE_ASSIGNMENT|[64]|this.LastModifiedDate|"2026-02-06T01:25:17.000Z"|0x73ac5177
18:23:28.0 (47755473)|STATEMENT_EXECUTE|[65]
18:23:28.0 (47760729)|VARIABLE_ASSIGNMENT|[65]|this.LastViewedDate|"2026-03-03T09:55:23.000Z"|0x73ac5177
18:23:28.0 (47763406)|STATEMENT_EXECUTE|[66]
18:23:28.0 (47771886)|HEAP_ALLOCATE|[66]|Bytes:5
18:23:28.0 (47775317)|VARIABLE_ASSIGNMENT|[66]|this.IsFavorite|false|0x73ac5177
18:23:28.0 (47777966)|STATEMENT_EXECUTE|[67]
18:23:28.0 (47781159)|HEAP_ALLOCATE|[EXTERNAL]|Bytes:4
18:23:28.0 (47788089)|HEAP_ALLOCATE|[55]|Bytes:5
18:23:28.0 (47793377)|HEAP_ALLOCATE|[55]|Bytes:36
18:23:28.0 (47796975)|VARIABLE_SCOPE_BEGIN|[55]|j|Job__c|true|false
18:23:28.0 (47837600)|VARIABLE_ASSIGNMENT|[55]|j|{"LastModifiedDate":"2026-02-05T00:50:25.000Z","JobPosition__c":"テスト297求人タイトル求人タイトル求人 (28 more) ...","LastViewedDate":"2026-03-28T05:28:09.000Z","Id":"a0KBK00000Gezpx2AB","MinAnnualSalary__c":350,"JobDescription__c":"テスト297仕事内容仕事内容仕事内容仕事 (30 more) ...","JobCategory1__c":"IT系（ソフトウェア/ネットワーク）","MaxAnnualSalary__c":600}|0x67d6bd3a
18:23:28.0 (47844859)|STATEMENT_EXECUTE|[55]
18:23:28.0 (47845761)|STATEMENT_EXECUTE|[56]
18:23:28.0 (47847754)|HEAP_ALLOCATE|[56]|Bytes:44
18:23:28.0 (47850536)|CONSTRUCTOR_ENTRY|[56]|01pBK000001RGBP|<init>()|JobCardsController.JobWrapper
18:23:28.0 (47854069)|VARIABLE_SCOPE_BEGIN|[12]|this|JobCardsController.JobWrapper|true|false
18:23:28.0 (47865096)|VARIABLE_ASSIGNMENT|[12]|this|{}|0x5a5e98ef
18:23:28.0 (47872787)|STATEMENT_EXECUTE|[12]
18:23:28.0 (47873718)|STATEMENT_EXECUTE|[13]
18:23:28.0 (47874549)|STATEMENT_EXECUTE|[14]
18:23:28.0 (47875326)|STATEMENT_EXECUTE|[15]
18:23:28.0 (47876104)|STATEMENT_EXECUTE|[16]
18:23:28.0 (47876929)|STATEMENT_EXECUTE|[17]
18:23:28.0 (47877715)|STATEMENT_EXECUTE|[18]
18:23:28.0 (47878522)|STATEMENT_EXECUTE|[19]
18:23:28.0 (47879293)|STATEMENT_EXECUTE|[20]
18:23:28.0 (47880092)|STATEMENT_EXECUTE|[21]
18:23:28.0 (47880900)|STATEMENT_EXECUTE|[22]
18:23:28.0 (47882535)|CONSTRUCTOR_EXIT|[56]|01pBK000001RGBP|<init>()|JobCardsController.JobWrapper
18:23:28.0 (47885572)|VARIABLE_SCOPE_BEGIN|[56]|wrapper|JobCardsController.JobWrapper|true|false
18:23:28.0 (47897594)|VARIABLE_ASSIGNMENT|[56]|wrapper|{}|0x5a5e98ef
18:23:28.0 (47901639)|STATEMENT_EXECUTE|[57]
18:23:28.0 (47944472)|VARIABLE_ASSIGNMENT|[57]|this.Id|"a0KBK00000Gezpx2AB"|0x5a5e98ef
18:23:28.0 (47950279)|STATEMENT_EXECUTE|[58]
18:23:28.0 (47958202)|VARIABLE_ASSIGNMENT|[58]|this.JobPosition|"テスト297求人タイトル求人タイトル求人 (28 more) ..."|0x5a5e98ef
18:23:28.0 (47962716)|STATEMENT_EXECUTE|[59]
18:23:28.0 (47971656)|VARIABLE_ASSIGNMENT|[59]|this.WorkLocation2|null|0x5a5e98ef
18:23:28.0 (47975728)|STATEMENT_EXECUTE|[60]
18:23:28.0 (47981666)|VARIABLE_ASSIGNMENT|[60]|this.JobCategory1|"IT系（ソフトウェア/ネットワーク）"|0x5a5e98ef
18:23:28.0 (47984927)|STATEMENT_EXECUTE|[61]
18:23:28.0 (47991632)|VARIABLE_ASSIGNMENT|[61]|this.MaxAnnualSalary|600|0x5a5e98ef
18:23:28.0 (47995961)|STATEMENT_EXECUTE|[62]
18:23:28.0 (48002167)|VARIABLE_ASSIGNMENT|[62]|this.MinAnnualSalary|350|0x5a5e98ef
18:23:28.0 (48005758)|STATEMENT_EXECUTE|[63]
18:23:28.0 (48009814)|VARIABLE_ASSIGNMENT|[63]|this.JobDescription|"テスト297仕事内容仕事内容仕事内容仕事 (30 more) ..."|0x5a5e98ef
18:23:28.0 (48012959)|STATEMENT_EXECUTE|[64]
18:23:28.0 (48020611)|VARIABLE_ASSIGNMENT|[64]|this.LastModifiedDate|"2026-02-05T00:50:25.000Z"|0x5a5e98ef
18:23:28.0 (48023490)|STATEMENT_EXECUTE|[65]
18:23:28.0 (48028729)|VARIABLE_ASSIGNMENT|[65]|this.LastViewedDate|"2026-03-28T05:28:09.000Z"|0x5a5e98ef
18:23:28.0 (48031456)|STATEMENT_EXECUTE|[66]
18:23:28.0 (48039268)|HEAP_ALLOCATE|[66]|Bytes:5
18:23:28.0 (48042734)|VARIABLE_ASSIGNMENT|[66]|this.IsFavorite|false|0x5a5e98ef
18:23:28.0 (48045317)|STATEMENT_EXECUTE|[67]
18:23:28.0 (48048434)|HEAP_ALLOCATE|[EXTERNAL]|Bytes:4
18:23:28.0 (48055069)|HEAP_ALLOCATE|[55]|Bytes:5
18:23:28.0 (48060337)|HEAP_ALLOCATE|[55]|Bytes:36
18:23:28.0 (48064044)|VARIABLE_SCOPE_BEGIN|[55]|j|Job__c|true|false
18:23:28.0 (48103319)|VARIABLE_ASSIGNMENT|[55]|j|{"LastModifiedDate":"2026-02-05T00:49:22.000Z","JobPosition__c":"テスト407求人タイトル求人タイトル求人 (28 more) ...","LastViewedDate":"2026-03-18T09:45:42.000Z","Id":"a0KBK00000Gexcy2AB","MinAnnualSalary__c":350,"JobDescription__c":"テスト407仕事内容仕事内容仕事内容仕事 (30 more) ...","JobCategory1__c":"営業系","MaxAnnualSalary__c":450}|0x9811c75
18:23:28.0 (48109709)|STATEMENT_EXECUTE|[55]
18:23:28.0 (48110549)|STATEMENT_EXECUTE|[56]
18:23:28.0 (48112276)|HEAP_ALLOCATE|[56]|Bytes:44
18:23:28.0 (48115410)|CONSTRUCTOR_ENTRY|[56]|01pBK000001RGBP|<init>()|JobCardsController.JobWrapper
18:23:28.0 (48119186)|VARIABLE_SCOPE_BEGIN|[12]|this|JobCardsController.JobWrapper|true|false
18:23:28.0 (48130587)|VARIABLE_ASSIGNMENT|[12]|this|{}|0x6f291c5b
18:23:28.0 (48138128)|STATEMENT_EXECUTE|[12]
18:23:28.0 (48139134)|STATEMENT_EXECUTE|[13]
18:23:28.0 (48139916)|STATEMENT_EXECUTE|[14]
18:23:28.0 (48140710)|STATEMENT_EXECUTE|[15]
18:23:28.0 (48141494)|STATEMENT_EXECUTE|[16]
18:23:28.0 (48142304)|STATEMENT_EXECUTE|[17]
18:23:28.0 (48143114)|STATEMENT_EXECUTE|[18]
18:23:28.0 (48144092)|STATEMENT_EXECUTE|[19]
18:23:28.0 (48144882)|STATEMENT_EXECUTE|[20]
18:23:28.0 (48145850)|STATEMENT_EXECUTE|[21]
18:23:28.0 (48146710)|STATEMENT_EXECUTE|[22]
18:23:28.0 (48148339)|CONSTRUCTOR_EXIT|[56]|01pBK000001RGBP|<init>()|JobCardsController.JobWrapper
18:23:28.0 (48151606)|VARIABLE_SCOPE_BEGIN|[56]|wrapper|JobCardsController.JobWrapper|true|false
18:23:28.0 (48162665)|VARIABLE_ASSIGNMENT|[56]|wrapper|{}|0x6f291c5b
18:23:28.0 (48165792)|STATEMENT_EXECUTE|[57]
18:23:28.0 (48193467)|VARIABLE_ASSIGNMENT|[57]|this.Id|"a0KBK00000Gexcy2AB"|0x6f291c5b
18:23:28.0 (48196579)|STATEMENT_EXECUTE|[58]
18:23:28.0 (48201338)|VARIABLE_ASSIGNMENT|[58]|this.JobPosition|"テスト407求人タイトル求人タイトル求人 (28 more) ..."|0x6f291c5b
18:23:28.0 (48204728)|STATEMENT_EXECUTE|[59]
18:23:28.0 (48207662)|VARIABLE_ASSIGNMENT|[59]|this.WorkLocation2|null|0x6f291c5b
18:23:28.0 (48210717)|STATEMENT_EXECUTE|[60]
18:23:28.0 (48213891)|VARIABLE_ASSIGNMENT|[60]|this.JobCategory1|"営業系"|0x6f291c5b
18:23:28.0 (48216863)|STATEMENT_EXECUTE|[61]
18:23:28.0 (48221565)|VARIABLE_ASSIGNMENT|[61]|this.MaxAnnualSalary|450|0x6f291c5b
18:23:28.0 (48224289)|STATEMENT_EXECUTE|[62]
18:23:28.0 (48227681)|VARIABLE_ASSIGNMENT|[62]|this.MinAnnualSalary|350|0x6f291c5b
18:23:28.0 (48230333)|STATEMENT_EXECUTE|[63]
18:23:28.0 (48234323)|VARIABLE_ASSIGNMENT|[63]|this.JobDescription|"テスト407仕事内容仕事内容仕事内容仕事 (30 more) ..."|0x6f291c5b
18:23:28.0 (48237445)|STATEMENT_EXECUTE|[64]
18:23:28.0 (48244295)|VARIABLE_ASSIGNMENT|[64]|this.LastModifiedDate|"2026-02-05T00:49:22.000Z"|0x6f291c5b
18:23:28.0 (48247071)|STATEMENT_EXECUTE|[65]
18:23:28.0 (48252149)|VARIABLE_ASSIGNMENT|[65]|this.LastViewedDate|"2026-03-18T09:45:42.000Z"|0x6f291c5b
18:23:28.0 (48255076)|STATEMENT_EXECUTE|[66]
18:23:28.0 (48262097)|HEAP_ALLOCATE|[66]|Bytes:5
18:23:28.0 (48265599)|VARIABLE_ASSIGNMENT|[66]|this.IsFavorite|false|0x6f291c5b
18:23:28.0 (48268214)|STATEMENT_EXECUTE|[67]
18:23:28.0 (48272073)|HEAP_ALLOCATE|[EXTERNAL]|Bytes:4
18:23:28.0 (48278654)|HEAP_ALLOCATE|[55]|Bytes:5
18:23:28.0 (48284592)|VARIABLE_ASSIGNMENT|[55]|j|null|
18:23:28.0 (48287680)|STATEMENT_EXECUTE|[69]
18:23:28.48 (48367918)|CUMULATIVE_LIMIT_USAGE
18:23:28.48 (48367918)|LIMIT_USAGE_FOR_NS|(default)|
  Number of SOQL queries: 2 out of 100
  Number of query rows: 14 out of 50000
  Number of SOSL queries: 0 out of 20
  Number of DML statements: 0 out of 150
  Number of Publish Immediate DML: 0 out of 150
  Number of DML rows: 0 out of 10000
  Maximum CPU time: 0 out of 10000
  Maximum heap size: 0 out of 6000000
  Number of callouts: 0 out of 100
  Number of Email Invocations: 0 out of 10
  Number of future calls: 0 out of 50
  Number of queueable jobs added to the queue: 0 out of 50
  Number of Mobile Apex push calls: 0 out of 10

18:23:28.48 (48367918)|CUMULATIVE_LIMIT_USAGE_END

18:23:28.0 (48419702)|CODE_UNIT_FINISHED|JobCardsController.getJobs()
18:23:28.0 (48707705)|CODE_UNIT_FINISHED|apex://JobCardsController/ACTION$getJobs
18:23:28.0 (48715561)|EXECUTION_FINISHED
