66.0 APEX_CODE,FINEST;APEX_PROFILING,INFO;CALLOUT,INFO;DATA_ACCESS,INFO;DB,INFO;NBA,INFO;SYSTEM,DEBUG;VALIDATION,INFO;VISUALFORCE,INFO;WAVE,INFO;WORKFLOW,INFO
09:54:01.0 (787724)|USER_INFO|[EXTERNAL]|005BK00000Ilvi1|foryoze@owleyes.ch.hurex|(GMT+09:00) 日本標準時 (Asia/Tokyo)|GMT+09:00
09:54:01.0 (862819)|EXECUTION_STARTED
09:54:01.0 (886504)|CODE_UNIT_STARTED|[EXTERNAL]|apex://JobCardsController/ACTION$getJobs
09:54:01.0 (2507436)|CODE_UNIT_STARTED|[EXTERNAL]|01pBK000001RGBP|JobCardsController.getJobs()
09:54:01.0 (4653784)|HEAP_ALLOCATE|[95]|Bytes:3
09:54:01.0 (4764209)|HEAP_ALLOCATE|[100]|Bytes:152
09:54:01.0 (4783608)|HEAP_ALLOCATE|[417]|Bytes:408
09:54:01.0 (4800896)|HEAP_ALLOCATE|[430]|Bytes:408
09:54:01.0 (4829081)|HEAP_ALLOCATE|[317]|Bytes:6
09:54:01.0 (4841918)|HEAP_ALLOCATE|[EXTERNAL]|Bytes:10
09:54:01.0 (4846269)|HEAP_ALLOCATE|[EXTERNAL]|Bytes:5
09:54:01.0 (4849773)|HEAP_ALLOCATE|[EXTERNAL]|Bytes:3
09:54:01.0 (4866793)|METHOD_ENTRY|[6]|01pBK000001RGBP|JobCardsController.JobCardsController()
09:54:01.0 (4874272)|STATEMENT_EXECUTE|[6]
09:54:01.0 (4880276)|STATEMENT_EXECUTE|[6]
09:54:01.0 (4901820)|HEAP_ALLOCATE|[68]|Bytes:5
09:54:01.0 (4923972)|HEAP_ALLOCATE|[74]|Bytes:5
09:54:01.0 (4930127)|HEAP_ALLOCATE|[82]|Bytes:7
09:54:01.0 (5301635)|HEAP_ALLOCATE|[EXTERNAL]|Bytes:5
09:54:01.0 (5312157)|STATEMENT_EXECUTE|[12]
09:54:01.0 (5330075)|METHOD_EXIT|[6]|JobCardsController
09:54:01.0 (5347252)|HEAP_ALLOCATE|[35]|Bytes:5
09:54:01.0 (5350421)|STATEMENT_EXECUTE|[33]
09:54:01.0 (5351697)|STATEMENT_EXECUTE|[35]
09:54:01.0 (5374158)|HEAP_ALLOCATE|[35]|Bytes:4
09:54:01.0 (5433554)|VARIABLE_SCOPE_BEGIN|[35]|favoriteJobIds|Set<Id>|true|false
09:54:01.0 (5507391)|VARIABLE_ASSIGNMENT|[35]|favoriteJobIds|[]|0x7d74aca7
09:54:01.0 (5517339)|HEAP_ALLOCATE|[36]|Bytes:91
09:54:01.0 (5535772)|HEAP_ALLOCATE|[36]|Bytes:4
09:54:01.0 (5545170)|HEAP_ALLOCATE|[36]|Bytes:7
09:54:01.0 (5584866)|HEAP_ALLOCATE|[38]|Bytes:105
09:54:01.0 (5596339)|SYSTEM_METHOD_ENTRY|[1]|UserInfo.UserInfo()
09:54:01.0 (5600089)|STATEMENT_EXECUTE|[1]
09:54:01.0 (5606799)|SYSTEM_METHOD_EXIT|[1]|UserInfo
09:54:01.0 (5620147)|METHOD_ENTRY|[38]||System.UserInfo.getUserId()
09:54:01.0 (12847652)|METHOD_EXIT|[38]||System.UserInfo.getUserId()
09:54:01.0 (14235299)|SOQL_EXECUTE_BEGIN|[36]|Aggregations:0|SELECT Job__c FROM InterestedJob__c WHERE (CreatedById = :tmpVar1 AND IsArchive__c = FALSE)
09:54:01.0 (59007282)|SOQL_EXECUTE_END|[36]|Rows:9
09:54:01.0 (59052534)|HEAP_ALLOCATE|[EXTERNAL]|Bytes:40
09:54:01.0 (59322947)|HEAP_ALLOCATE|[36]|Bytes:54
09:54:01.0 (59332013)|HEAP_ALLOCATE|[36]|Bytes:8
09:54:01.0 (59349408)|SYSTEM_METHOD_ENTRY|[7]|QueryLocatorIterator.QueryLocatorIterator()
09:54:01.0 (59354277)|STATEMENT_EXECUTE|[7]
09:54:01.0 (59397487)|SYSTEM_METHOD_EXIT|[7]|QueryLocatorIterator
09:54:01.0 (59409150)|HEAP_ALLOCATE|[36]|Bytes:28
09:54:01.0 (59494033)|HEAP_ALLOCATE|[36]|Bytes:40
09:54:01.0 (59505196)|HEAP_ALLOCATE|[36]|Bytes:8
09:54:01.0 (59506863)|HEAP_ALLOCATE|[36]|Bytes:8
09:54:01.0 (59512278)|VARIABLE_SCOPE_BEGIN|[15]|this|Database.QueryLocatorIterator|true|false
09:54:01.0 (59593680)|VARIABLE_ASSIGNMENT|[15]|this|{}|0xbe639c8
09:54:01.0 (59597963)|VARIABLE_SCOPE_BEGIN|[15]|values|List<SObject>|true|false
09:54:01.0 (59613330)|VARIABLE_ASSIGNMENT|[15]|values|"List of size 9 too large to display"|0x466046e9
09:54:01.0 (59616351)|VARIABLE_SCOPE_BEGIN|[15]|ql|Database.QueryLocator|true|false
09:54:01.0 (59644537)|VARIABLE_ASSIGNMENT|[15]|ql|{"query":"SELECT Job__c FROM I (71 more) ..."}|0x8a3ec76
09:54:01.0 (59647203)|VARIABLE_SCOPE_BEGIN|[15]|totalNumRecords|Integer|false|false
09:54:01.0 (59653563)|VARIABLE_ASSIGNMENT|[15]|totalNumRecords|9
09:54:01.0 (59655663)|VARIABLE_SCOPE_BEGIN|[15]|queryMoreSize|Integer|false|false
09:54:01.0 (59659286)|VARIABLE_ASSIGNMENT|[15]|queryMoreSize|49991
09:54:01.0 (59754027)|HEAP_ALLOCATE|[36]|Bytes:28
09:54:01.0 (59786373)|METHOD_ENTRY|[36]||Database.QueryLocatorIterator.hasNext()
09:54:01.0 (59896297)|METHOD_EXIT|[36]||Database.QueryLocatorIterator.hasNext()
09:54:01.0 (59902400)|METHOD_ENTRY|[36]||Database.QueryLocatorIterator.next()
09:54:01.0 (59963849)|METHOD_EXIT|[36]||Database.QueryLocatorIterator.next()
09:54:01.0 (59971491)|VARIABLE_SCOPE_BEGIN|[36]|fav|InterestedJob__c|true|false
09:54:01.0 (60078027)|VARIABLE_ASSIGNMENT|[36]|fav|{"Job__c":"a0KBK00000Gexcs2AB","Id":"a0OBK000005VI7S2AW"}|0x3a7ac55d
09:54:01.0 (60085213)|STATEMENT_EXECUTE|[39]
09:54:01.0 (60086678)|STATEMENT_EXECUTE|[40]
09:54:01.0 (60160224)|HEAP_ALLOCATE|[EXTERNAL]|Bytes:4
09:54:01.0 (60171257)|METHOD_ENTRY|[36]||Database.QueryLocatorIterator.hasNext()
09:54:01.0 (60187936)|METHOD_EXIT|[36]||Database.QueryLocatorIterator.hasNext()
09:54:01.0 (60191585)|METHOD_ENTRY|[36]||Database.QueryLocatorIterator.next()
09:54:01.0 (60226564)|METHOD_EXIT|[36]||Database.QueryLocatorIterator.next()
09:54:01.0 (60231086)|VARIABLE_SCOPE_BEGIN|[36]|fav|InterestedJob__c|true|false
09:54:01.0 (60267022)|VARIABLE_ASSIGNMENT|[36]|fav|{"Job__c":"a0KBK00000GezgQ2AR","Id":"a0OBK000005JEpa2AG"}|0x7ee98bf5
09:54:01.0 (60270601)|STATEMENT_EXECUTE|[39]
09:54:01.0 (60271455)|STATEMENT_EXECUTE|[40]
09:54:01.0 (60278865)|HEAP_ALLOCATE|[EXTERNAL]|Bytes:4
09:54:01.0 (60283717)|METHOD_ENTRY|[36]||Database.QueryLocatorIterator.hasNext()
09:54:01.0 (60292650)|METHOD_EXIT|[36]||Database.QueryLocatorIterator.hasNext()
09:54:01.0 (60294980)|METHOD_ENTRY|[36]||Database.QueryLocatorIterator.next()
09:54:01.0 (60314713)|METHOD_EXIT|[36]||Database.QueryLocatorIterator.next()
09:54:01.0 (60316878)|VARIABLE_SCOPE_BEGIN|[36]|fav|InterestedJob__c|true|false
09:54:01.0 (60330247)|VARIABLE_ASSIGNMENT|[36]|fav|{"Job__c":"a0KBK00000JHS4z2AH","Id":"a0OBK000005Pi6D2AS"}|0x693e1802
09:54:01.0 (60333073)|STATEMENT_EXECUTE|[39]
09:54:01.0 (60333949)|STATEMENT_EXECUTE|[40]
09:54:01.0 (60337644)|HEAP_ALLOCATE|[EXTERNAL]|Bytes:4
09:54:01.0 (60341245)|METHOD_ENTRY|[36]||Database.QueryLocatorIterator.hasNext()
09:54:01.0 (60348682)|METHOD_EXIT|[36]||Database.QueryLocatorIterator.hasNext()
09:54:01.0 (60351176)|METHOD_ENTRY|[36]||Database.QueryLocatorIterator.next()
09:54:01.0 (60369287)|METHOD_EXIT|[36]||Database.QueryLocatorIterator.next()
09:54:01.0 (60371523)|VARIABLE_SCOPE_BEGIN|[36]|fav|InterestedJob__c|true|false
09:54:01.0 (60382550)|VARIABLE_ASSIGNMENT|[36]|fav|{"Job__c":"a0KBK00000JScCH2A1","Id":"a0OBK000005VAwI2AW"}|0x2db5d648
09:54:01.0 (60385420)|STATEMENT_EXECUTE|[39]
09:54:01.0 (60386296)|STATEMENT_EXECUTE|[40]
09:54:01.0 (60389594)|HEAP_ALLOCATE|[EXTERNAL]|Bytes:4
09:54:01.0 (60393142)|METHOD_ENTRY|[36]||Database.QueryLocatorIterator.hasNext()
09:54:01.0 (60401910)|METHOD_EXIT|[36]||Database.QueryLocatorIterator.hasNext()
09:54:01.0 (60405435)|METHOD_ENTRY|[36]||Database.QueryLocatorIterator.next()
09:54:01.0 (60429116)|METHOD_EXIT|[36]||Database.QueryLocatorIterator.next()
09:54:01.0 (60431288)|VARIABLE_SCOPE_BEGIN|[36]|fav|InterestedJob__c|true|false
09:54:01.0 (60443051)|VARIABLE_ASSIGNMENT|[36]|fav|{"Job__c":"a0KBK00000Gezhs2AB","Id":"a0OBK000005VIdh2AG"}|0x4189be8e
09:54:01.0 (60445619)|STATEMENT_EXECUTE|[39]
09:54:01.0 (60446392)|STATEMENT_EXECUTE|[40]
09:54:01.0 (60449961)|HEAP_ALLOCATE|[EXTERNAL]|Bytes:4
09:54:01.0 (60453333)|METHOD_ENTRY|[36]||Database.QueryLocatorIterator.hasNext()
09:54:01.0 (60461069)|METHOD_EXIT|[36]||Database.QueryLocatorIterator.hasNext()
09:54:01.0 (60463250)|METHOD_ENTRY|[36]||Database.QueryLocatorIterator.next()
09:54:01.0 (60480973)|METHOD_EXIT|[36]||Database.QueryLocatorIterator.next()
09:54:01.0 (60483068)|VARIABLE_SCOPE_BEGIN|[36]|fav|InterestedJob__c|true|false
09:54:01.0 (60493554)|VARIABLE_ASSIGNMENT|[36]|fav|{"Job__c":"a0KBK00000JSb4v2AD","Id":"a0OBK000005VNbm2AG"}|0x730d3369
09:54:01.0 (60496345)|STATEMENT_EXECUTE|[39]
09:54:01.0 (60497147)|STATEMENT_EXECUTE|[40]
09:54:01.0 (60500486)|HEAP_ALLOCATE|[EXTERNAL]|Bytes:4
09:54:01.0 (60503694)|METHOD_ENTRY|[36]||Database.QueryLocatorIterator.hasNext()
09:54:01.0 (60511151)|METHOD_EXIT|[36]||Database.QueryLocatorIterator.hasNext()
09:54:01.0 (60513352)|METHOD_ENTRY|[36]||Database.QueryLocatorIterator.next()
09:54:01.0 (60531302)|METHOD_EXIT|[36]||Database.QueryLocatorIterator.next()
09:54:01.0 (60533219)|VARIABLE_SCOPE_BEGIN|[36]|fav|InterestedJob__c|true|false
09:54:01.0 (60543662)|VARIABLE_ASSIGNMENT|[36]|fav|{"Job__c":"a0KBK00000JKXw92AH","Id":"a0OBK000005Pi4b2AC"}|0x6a6adb02
09:54:01.0 (60546648)|STATEMENT_EXECUTE|[39]
09:54:01.0 (60547535)|STATEMENT_EXECUTE|[40]
09:54:01.0 (60550855)|HEAP_ALLOCATE|[EXTERNAL]|Bytes:4
09:54:01.0 (60554431)|METHOD_ENTRY|[36]||Database.QueryLocatorIterator.hasNext()
09:54:01.0 (60561743)|METHOD_EXIT|[36]||Database.QueryLocatorIterator.hasNext()
09:54:01.0 (60563851)|METHOD_ENTRY|[36]||Database.QueryLocatorIterator.next()
09:54:01.0 (60581430)|METHOD_EXIT|[36]||Database.QueryLocatorIterator.next()
09:54:01.0 (60583400)|VARIABLE_SCOPE_BEGIN|[36]|fav|InterestedJob__c|true|false
09:54:01.0 (60593675)|VARIABLE_ASSIGNMENT|[36]|fav|{"Job__c":"a0KBK00000JSXqv2AH","Id":"a0OBK000005VJwM2AW"}|0x696e4791
09:54:01.0 (60596389)|STATEMENT_EXECUTE|[39]
09:54:01.0 (60597168)|STATEMENT_EXECUTE|[40]
09:54:01.0 (60600287)|HEAP_ALLOCATE|[EXTERNAL]|Bytes:4
09:54:01.0 (60603511)|METHOD_ENTRY|[36]||Database.QueryLocatorIterator.hasNext()
09:54:01.0 (60610836)|METHOD_EXIT|[36]||Database.QueryLocatorIterator.hasNext()
09:54:01.0 (60612927)|METHOD_ENTRY|[36]||Database.QueryLocatorIterator.next()
09:54:01.0 (60630138)|METHOD_EXIT|[36]||Database.QueryLocatorIterator.next()
09:54:01.0 (60632086)|VARIABLE_SCOPE_BEGIN|[36]|fav|InterestedJob__c|true|false
09:54:01.0 (60642065)|VARIABLE_ASSIGNMENT|[36]|fav|{"Job__c":"a0KBK00000JSdMr2AL","Id":"a0OBK000005VDEF2A4"}|0x659ff9fc
09:54:01.0 (60644736)|STATEMENT_EXECUTE|[39]
09:54:01.0 (60645513)|STATEMENT_EXECUTE|[40]
09:54:01.0 (60648675)|HEAP_ALLOCATE|[EXTERNAL]|Bytes:4
09:54:01.0 (60651908)|METHOD_ENTRY|[36]||Database.QueryLocatorIterator.hasNext()
09:54:01.0 (60658334)|METHOD_EXIT|[36]||Database.QueryLocatorIterator.hasNext()
09:54:01.0 (60662605)|VARIABLE_ASSIGNMENT|[36]|fav|null|
09:54:01.0 (60686793)|STATEMENT_EXECUTE|[44]
09:54:01.0 (60690412)|HEAP_ALLOCATE|[44]|Bytes:217
09:54:01.0 (60711038)|HEAP_ALLOCATE|[44]|Bytes:4
09:54:01.0 (62778288)|SOQL_EXECUTE_BEGIN|[44]|Aggregations:0|SELECT Id, JobPosition__c, WorkLocation2__c, JobCategory1__c, MaxAnnualSalary__c, MinAnnualSalary__c, JobDescription__c, LastModifiedDate, LastViewedDate FROM Job__c ORDER BY LastModifiedDate DESC NULLS FIRST LIMIT 10
09:54:01.0 (101161106)|SOQL_EXECUTE_END|[44]|Rows:10
09:54:01.0 (101202961)|HEAP_ALLOCATE|[44]|Bytes:44
09:54:01.0 (101220241)|HEAP_ALLOCATE|[44]|Bytes:7000
09:54:01.0 (101337932)|HEAP_ALLOCATE|[44]|Bytes:44
09:54:01.0 (101361677)|VARIABLE_SCOPE_BEGIN|[44]|jobs|List<Job__c>|true|false
09:54:01.0 (101390263)|VARIABLE_ASSIGNMENT|[44]|jobs|"List of size 10 too large to display"|0x2aa99965
09:54:01.0 (101396948)|STATEMENT_EXECUTE|[54]
09:54:01.0 (101409096)|HEAP_ALLOCATE|[54]|Bytes:4
09:54:01.0 (101503392)|VARIABLE_SCOPE_BEGIN|[54]|result|List<JobCardsController.JobWrapper>|true|false
09:54:01.0 (101518519)|HEAP_ALLOCATE|[EXTERNAL]|Bytes:4
09:54:01.0 (101527626)|VARIABLE_ASSIGNMENT|[54]|result|[]|0x37a9a60d
09:54:01.0 (101687663)|HEAP_ALLOCATE|[55]|Bytes:5
09:54:01.0 (101710054)|HEAP_ALLOCATE|[55]|Bytes:24
09:54:01.0 (101717642)|VARIABLE_SCOPE_BEGIN|[55]|j|Job__c|true|false
09:54:01.0 (101826848)|VARIABLE_ASSIGNMENT|[55]|j|{"JobPosition__c":"仙台市(宮城) 経営企画・リカバリーウェ (56 more) ...","LastModifiedDate":"2026-04-14T05:23:55.000Z","Id":"a0KBK00000Jh7Xx2AJ","JobDescription__c":"・・・\n\n【具体的には\u2026】\n・\n・\n・\n (153 more) ...","JobCategory1__c":"経営幹部/企画/マーケティング系"}|0x680b724d
09:54:01.0 (101836595)|STATEMENT_EXECUTE|[55]
09:54:01.0 (101837761)|STATEMENT_EXECUTE|[56]
09:54:01.0 (101878377)|HEAP_ALLOCATE|[56]|Bytes:44
09:54:01.0 (101904779)|CONSTRUCTOR_ENTRY|[56]|01pBK000001RGBP|<init>()|JobCardsController.JobWrapper
09:54:01.0 (101936584)|VARIABLE_SCOPE_BEGIN|[12]|this|JobCardsController.JobWrapper|true|false
09:54:01.0 (102089021)|VARIABLE_ASSIGNMENT|[12]|this|{}|0x1b5753dc
09:54:01.0 (102114409)|STATEMENT_EXECUTE|[12]
09:54:01.0 (102115514)|STATEMENT_EXECUTE|[13]
09:54:01.0 (102116748)|STATEMENT_EXECUTE|[14]
09:54:01.0 (102117714)|STATEMENT_EXECUTE|[15]
09:54:01.0 (102118798)|STATEMENT_EXECUTE|[16]
09:54:01.0 (102119721)|STATEMENT_EXECUTE|[17]
09:54:01.0 (102120491)|STATEMENT_EXECUTE|[18]
09:54:01.0 (102121505)|STATEMENT_EXECUTE|[19]
09:54:01.0 (102122387)|STATEMENT_EXECUTE|[20]
09:54:01.0 (102123457)|STATEMENT_EXECUTE|[21]
09:54:01.0 (102124366)|STATEMENT_EXECUTE|[22]
09:54:01.0 (102127111)|CONSTRUCTOR_EXIT|[56]|01pBK000001RGBP|<init>()|JobCardsController.JobWrapper
09:54:01.0 (102130545)|VARIABLE_SCOPE_BEGIN|[56]|wrapper|JobCardsController.JobWrapper|true|false
09:54:01.0 (102140363)|VARIABLE_ASSIGNMENT|[56]|wrapper|{}|0x1b5753dc
09:54:01.0 (102143123)|STATEMENT_EXECUTE|[57]
09:54:01.0 (102385167)|VARIABLE_ASSIGNMENT|[57]|this.Id|"a0KBK00000Jh7Xx2AJ"|0x1b5753dc
09:54:01.0 (102389713)|STATEMENT_EXECUTE|[58]
09:54:01.0 (102410415)|VARIABLE_ASSIGNMENT|[58]|this.JobPosition|"仙台市(宮城) 経営企画・リカバリーウェ (56 more) ..."|0x1b5753dc
09:54:01.0 (102415045)|STATEMENT_EXECUTE|[59]
09:54:01.0 (102421747)|VARIABLE_ASSIGNMENT|[59]|this.WorkLocation2|null|0x1b5753dc
09:54:01.0 (102424275)|STATEMENT_EXECUTE|[60]
09:54:01.0 (102431885)|VARIABLE_ASSIGNMENT|[60]|this.JobCategory1|"経営幹部/企画/マーケティング系"|0x1b5753dc
09:54:01.0 (102435274)|STATEMENT_EXECUTE|[61]
09:54:01.0 (102438718)|VARIABLE_ASSIGNMENT|[61]|this.MaxAnnualSalary|null|0x1b5753dc
09:54:01.0 (102441194)|STATEMENT_EXECUTE|[62]
09:54:01.0 (102444539)|VARIABLE_ASSIGNMENT|[62]|this.MinAnnualSalary|null|0x1b5753dc
09:54:01.0 (102447034)|STATEMENT_EXECUTE|[63]
09:54:01.0 (102455606)|VARIABLE_ASSIGNMENT|[63]|this.JobDescription|"・・・\n\n【具体的には\u2026】\n・\n・\n・\n (153 more) ..."|0x1b5753dc
09:54:01.0 (102459114)|STATEMENT_EXECUTE|[64]
09:54:01.0 (102491717)|VARIABLE_ASSIGNMENT|[64]|this.LastModifiedDate|"2026-04-14T05:23:55.000Z"|0x1b5753dc
09:54:01.0 (102494632)|STATEMENT_EXECUTE|[65]
09:54:01.0 (102498799)|VARIABLE_ASSIGNMENT|[65]|this.LastViewedDate|null|0x1b5753dc
09:54:01.0 (102501341)|STATEMENT_EXECUTE|[66]
09:54:01.0 (102548925)|HEAP_ALLOCATE|[66]|Bytes:5
09:54:01.0 (102554292)|VARIABLE_ASSIGNMENT|[66]|this.IsFavorite|false|0x1b5753dc
09:54:01.0 (102556957)|STATEMENT_EXECUTE|[67]
09:54:01.0 (102574253)|HEAP_ALLOCATE|[EXTERNAL]|Bytes:4
09:54:01.0 (102585923)|HEAP_ALLOCATE|[55]|Bytes:5
09:54:01.0 (102596750)|HEAP_ALLOCATE|[55]|Bytes:40
09:54:01.0 (102602587)|VARIABLE_SCOPE_BEGIN|[55]|j|Job__c|true|false
09:54:01.0 (102672893)|VARIABLE_ASSIGNMENT|[55]|j|{"LastModifiedDate":"2026-04-14T01:32:00.000Z","JobPosition__c":"仙台市（宮城）社内情報セキュリティ担当・ (68 more) ...","WorkLocation2__c":"宮城県仙台市泉区長命ケ丘3-27-3","LastViewedDate":"2026-04-14T03:46:59.000Z","Id":"a0KBK00000JHS4z2AH","MinAnnualSalary__c":500,"JobDescription__c":"社内SEとして、以下のような業務をお任せ (1657 more) ...","JobCategory1__c":"IT系（ソフトウェア/ネットワーク）","MaxAnnualSalary__c":700}|0x3b3f5a2d
09:54:01.0 (102681326)|STATEMENT_EXECUTE|[55]
09:54:01.0 (102682236)|STATEMENT_EXECUTE|[56]
09:54:01.0 (102685700)|HEAP_ALLOCATE|[56]|Bytes:44
09:54:01.0 (102690262)|CONSTRUCTOR_ENTRY|[56]|01pBK000001RGBP|<init>()|JobCardsController.JobWrapper
09:54:01.0 (102695996)|VARIABLE_SCOPE_BEGIN|[12]|this|JobCardsController.JobWrapper|true|false
09:54:01.0 (102710843)|VARIABLE_ASSIGNMENT|[12]|this|{}|0x5b7d8aaa
09:54:01.0 (102721688)|STATEMENT_EXECUTE|[12]
09:54:01.0 (102722581)|STATEMENT_EXECUTE|[13]
09:54:01.0 (102723471)|STATEMENT_EXECUTE|[14]
09:54:01.0 (102724292)|STATEMENT_EXECUTE|[15]
09:54:01.0 (102725139)|STATEMENT_EXECUTE|[16]
09:54:01.0 (102726084)|STATEMENT_EXECUTE|[17]
09:54:01.0 (102726866)|STATEMENT_EXECUTE|[18]
09:54:01.0 (102727674)|STATEMENT_EXECUTE|[19]
09:54:01.0 (102728457)|STATEMENT_EXECUTE|[20]
09:54:01.0 (102729231)|STATEMENT_EXECUTE|[21]
09:54:01.0 (102730029)|STATEMENT_EXECUTE|[22]
09:54:01.0 (102732203)|CONSTRUCTOR_EXIT|[56]|01pBK000001RGBP|<init>()|JobCardsController.JobWrapper
09:54:01.0 (102735444)|VARIABLE_SCOPE_BEGIN|[56]|wrapper|JobCardsController.JobWrapper|true|false
09:54:01.0 (102743293)|VARIABLE_ASSIGNMENT|[56]|wrapper|{}|0x5b7d8aaa
09:54:01.0 (102746146)|STATEMENT_EXECUTE|[57]
09:54:01.0 (102799019)|VARIABLE_ASSIGNMENT|[57]|this.Id|"a0KBK00000JHS4z2AH"|0x5b7d8aaa
09:54:01.0 (102802048)|STATEMENT_EXECUTE|[58]
09:54:01.0 (102807722)|VARIABLE_ASSIGNMENT|[58]|this.JobPosition|"仙台市（宮城）社内情報セキュリティ担当・ (68 more) ..."|0x5b7d8aaa
09:54:01.0 (102810962)|STATEMENT_EXECUTE|[59]
09:54:01.0 (102822634)|VARIABLE_ASSIGNMENT|[59]|this.WorkLocation2|"宮城県仙台市泉区長命ケ丘3-27-3"|0x5b7d8aaa
09:54:01.0 (102825718)|STATEMENT_EXECUTE|[60]
09:54:01.0 (102829313)|VARIABLE_ASSIGNMENT|[60]|this.JobCategory1|"IT系（ソフトウェア/ネットワーク）"|0x5b7d8aaa
09:54:01.0 (102832252)|STATEMENT_EXECUTE|[61]
09:54:01.0 (102933161)|VARIABLE_ASSIGNMENT|[61]|this.MaxAnnualSalary|700|0x5b7d8aaa
09:54:01.0 (102936341)|STATEMENT_EXECUTE|[62]
09:54:01.0 (102942928)|VARIABLE_ASSIGNMENT|[62]|this.MinAnnualSalary|500|0x5b7d8aaa
09:54:01.0 (102945343)|STATEMENT_EXECUTE|[63]
09:54:01.0 (102949727)|VARIABLE_ASSIGNMENT|[63]|this.JobDescription|"社内SEとして、以下のような業務をお任せ (1657 more) ..."|0x5b7d8aaa
09:54:01.0 (102952713)|STATEMENT_EXECUTE|[64]
09:54:01.0 (102964510)|VARIABLE_ASSIGNMENT|[64]|this.LastModifiedDate|"2026-04-14T01:32:00.000Z"|0x5b7d8aaa
09:54:01.0 (102967328)|STATEMENT_EXECUTE|[65]
09:54:01.0 (102978746)|VARIABLE_ASSIGNMENT|[65]|this.LastViewedDate|"2026-04-14T03:46:59.000Z"|0x5b7d8aaa
09:54:01.0 (102981336)|STATEMENT_EXECUTE|[66]
09:54:01.0 (102991894)|HEAP_ALLOCATE|[66]|Bytes:5
09:54:01.0 (102995385)|VARIABLE_ASSIGNMENT|[66]|this.IsFavorite|true|0x5b7d8aaa
09:54:01.0 (102998065)|STATEMENT_EXECUTE|[67]
09:54:01.0 (103002175)|HEAP_ALLOCATE|[EXTERNAL]|Bytes:4
09:54:01.0 (103009785)|HEAP_ALLOCATE|[55]|Bytes:5
09:54:01.0 (103016333)|HEAP_ALLOCATE|[55]|Bytes:40
09:54:01.0 (103020085)|VARIABLE_SCOPE_BEGIN|[55]|j|Job__c|true|false
09:54:01.0 (103060030)|VARIABLE_ASSIGNMENT|[55]|j|{"LastModifiedDate":"2026-04-10T10:00:26.000Z","JobPosition__c":"仙台市（宮城）法人営業・リカバリーウェア (60 more) ...","WorkLocation2__c":"宮城県仙台市泉区長命ケ丘3-27-3","LastViewedDate":"2026-04-14T04:10:24.000Z","Id":"a0KBK00000JKXw92AH","MinAnnualSalary__c":500,"JobDescription__c":"法人営業として、以下のような業務をお任せ (1657 more) ...","JobCategory1__c":"営業系","MaxAnnualSalary__c":700}|0x73b0e6cf
09:54:01.0 (103066996)|STATEMENT_EXECUTE|[55]
09:54:01.0 (103067855)|STATEMENT_EXECUTE|[56]
09:54:01.0 (103070339)|HEAP_ALLOCATE|[56]|Bytes:44
09:54:01.0 (103074161)|CONSTRUCTOR_ENTRY|[56]|01pBK000001RGBP|<init>()|JobCardsController.JobWrapper
09:54:01.0 (103078622)|VARIABLE_SCOPE_BEGIN|[12]|this|JobCardsController.JobWrapper|true|false
09:54:01.0 (103089306)|VARIABLE_ASSIGNMENT|[12]|this|{}|0xb4104d2
09:54:01.0 (103097439)|STATEMENT_EXECUTE|[12]
09:54:01.0 (103098293)|STATEMENT_EXECUTE|[13]
09:54:01.0 (103099164)|STATEMENT_EXECUTE|[14]
09:54:01.0 (103099966)|STATEMENT_EXECUTE|[15]
09:54:01.0 (103100790)|STATEMENT_EXECUTE|[16]
09:54:01.0 (103101628)|STATEMENT_EXECUTE|[17]
09:54:01.0 (103102495)|STATEMENT_EXECUTE|[18]
09:54:01.0 (103103293)|STATEMENT_EXECUTE|[19]
09:54:01.0 (103104131)|STATEMENT_EXECUTE|[20]
09:54:01.0 (103104886)|STATEMENT_EXECUTE|[21]
09:54:01.0 (103105654)|STATEMENT_EXECUTE|[22]
09:54:01.0 (103107396)|CONSTRUCTOR_EXIT|[56]|01pBK000001RGBP|<init>()|JobCardsController.JobWrapper
09:54:01.0 (103110559)|VARIABLE_SCOPE_BEGIN|[56]|wrapper|JobCardsController.JobWrapper|true|false
09:54:01.0 (103118004)|VARIABLE_ASSIGNMENT|[56]|wrapper|{}|0xb4104d2
09:54:01.0 (103120659)|STATEMENT_EXECUTE|[57]
09:54:01.0 (103155424)|VARIABLE_ASSIGNMENT|[57]|this.Id|"a0KBK00000JKXw92AH"|0xb4104d2
09:54:01.0 (103158806)|STATEMENT_EXECUTE|[58]
09:54:01.0 (103163720)|VARIABLE_ASSIGNMENT|[58]|this.JobPosition|"仙台市（宮城）法人営業・リカバリーウェア (60 more) ..."|0xb4104d2
09:54:01.0 (103166990)|STATEMENT_EXECUTE|[59]
09:54:01.0 (103170820)|VARIABLE_ASSIGNMENT|[59]|this.WorkLocation2|"宮城県仙台市泉区長命ケ丘3-27-3"|0xb4104d2
09:54:01.0 (103173696)|STATEMENT_EXECUTE|[60]
09:54:01.0 (103176704)|VARIABLE_ASSIGNMENT|[60]|this.JobCategory1|"営業系"|0xb4104d2
09:54:01.0 (103179500)|STATEMENT_EXECUTE|[61]
09:54:01.0 (103184333)|VARIABLE_ASSIGNMENT|[61]|this.MaxAnnualSalary|700|0xb4104d2
09:54:01.0 (103186785)|STATEMENT_EXECUTE|[62]
09:54:01.0 (103190083)|VARIABLE_ASSIGNMENT|[62]|this.MinAnnualSalary|500|0xb4104d2
09:54:01.0 (103192382)|STATEMENT_EXECUTE|[63]
09:54:01.0 (103196105)|VARIABLE_ASSIGNMENT|[63]|this.JobDescription|"法人営業として、以下のような業務をお任せ (1657 more) ..."|0xb4104d2
09:54:01.0 (103199108)|STATEMENT_EXECUTE|[64]
09:54:01.0 (103206286)|VARIABLE_ASSIGNMENT|[64]|this.LastModifiedDate|"2026-04-10T10:00:26.000Z"|0xb4104d2
09:54:01.0 (103209006)|STATEMENT_EXECUTE|[65]
09:54:01.0 (103214355)|VARIABLE_ASSIGNMENT|[65]|this.LastViewedDate|"2026-04-14T04:10:24.000Z"|0xb4104d2
09:54:01.0 (103216922)|STATEMENT_EXECUTE|[66]
09:54:01.0 (103224103)|HEAP_ALLOCATE|[66]|Bytes:5
09:54:01.0 (103227009)|VARIABLE_ASSIGNMENT|[66]|this.IsFavorite|true|0xb4104d2
09:54:01.0 (103229512)|STATEMENT_EXECUTE|[67]
09:54:01.0 (103232702)|HEAP_ALLOCATE|[EXTERNAL]|Bytes:4
09:54:01.0 (103238251)|HEAP_ALLOCATE|[55]|Bytes:5
09:54:01.0 (103243199)|HEAP_ALLOCATE|[55]|Bytes:20
09:54:01.0 (103250494)|VARIABLE_SCOPE_BEGIN|[55]|j|Job__c|true|false
09:54:01.0 (103279219)|VARIABLE_ASSIGNMENT|[55]|j|{"JobPosition__c":"●形式厳守！右記テンプレに則って作成→市 (63 more) ...","LastModifiedDate":"2026-04-10T09:25:28.000Z","Id":"a0KBK00000JSdMr2AL","JobDescription__c":"・・・\n\n【具体的には\u2026】\n・\n・\n・\n (153 more) ..."}|0x464573a7
09:54:01.0 (103284159)|STATEMENT_EXECUTE|[55]
09:54:01.0 (103285061)|STATEMENT_EXECUTE|[56]
09:54:01.0 (103286917)|HEAP_ALLOCATE|[56]|Bytes:44
09:54:01.0 (103289878)|CONSTRUCTOR_ENTRY|[56]|01pBK000001RGBP|<init>()|JobCardsController.JobWrapper
09:54:01.0 (103293813)|VARIABLE_SCOPE_BEGIN|[12]|this|JobCardsController.JobWrapper|true|false
09:54:01.0 (103302903)|VARIABLE_ASSIGNMENT|[12]|this|{}|0x2a296fd5
09:54:01.0 (103309990)|STATEMENT_EXECUTE|[12]
09:54:01.0 (103310877)|STATEMENT_EXECUTE|[13]
09:54:01.0 (103311744)|STATEMENT_EXECUTE|[14]
09:54:01.0 (103312543)|STATEMENT_EXECUTE|[15]
09:54:01.0 (103313336)|STATEMENT_EXECUTE|[16]
09:54:01.0 (103314127)|STATEMENT_EXECUTE|[17]
09:54:01.0 (103314903)|STATEMENT_EXECUTE|[18]
09:54:01.0 (103315698)|STATEMENT_EXECUTE|[19]
09:54:01.0 (103316471)|STATEMENT_EXECUTE|[20]
09:54:01.0 (103317223)|STATEMENT_EXECUTE|[21]
09:54:01.0 (103317981)|STATEMENT_EXECUTE|[22]
09:54:01.0 (103319636)|CONSTRUCTOR_EXIT|[56]|01pBK000001RGBP|<init>()|JobCardsController.JobWrapper
09:54:01.0 (103322670)|VARIABLE_SCOPE_BEGIN|[56]|wrapper|JobCardsController.JobWrapper|true|false
09:54:01.0 (103329815)|VARIABLE_ASSIGNMENT|[56]|wrapper|{}|0x2a296fd5
09:54:01.0 (103332869)|STATEMENT_EXECUTE|[57]
09:54:01.0 (103360783)|VARIABLE_ASSIGNMENT|[57]|this.Id|"a0KBK00000JSdMr2AL"|0x2a296fd5
09:54:01.0 (103363774)|STATEMENT_EXECUTE|[58]
09:54:01.0 (103424675)|VARIABLE_ASSIGNMENT|[58]|this.JobPosition|"●形式厳守！右記テンプレに則って作成→市 (63 more) ..."|0x2a296fd5
09:54:01.0 (103428460)|STATEMENT_EXECUTE|[59]
09:54:01.0 (103432130)|VARIABLE_ASSIGNMENT|[59]|this.WorkLocation2|null|0x2a296fd5
09:54:01.0 (103434581)|STATEMENT_EXECUTE|[60]
09:54:01.0 (103437395)|VARIABLE_ASSIGNMENT|[60]|this.JobCategory1|null|0x2a296fd5
09:54:01.0 (103439972)|STATEMENT_EXECUTE|[61]
09:54:01.0 (103442744)|VARIABLE_ASSIGNMENT|[61]|this.MaxAnnualSalary|null|0x2a296fd5
09:54:01.0 (103445080)|STATEMENT_EXECUTE|[62]
09:54:01.0 (103447839)|VARIABLE_ASSIGNMENT|[62]|this.MinAnnualSalary|null|0x2a296fd5
09:54:01.0 (103451131)|STATEMENT_EXECUTE|[63]
09:54:01.0 (103457069)|VARIABLE_ASSIGNMENT|[63]|this.JobDescription|"・・・\n\n【具体的には\u2026】\n・\n・\n・\n (153 more) ..."|0x2a296fd5
09:54:01.0 (103461541)|STATEMENT_EXECUTE|[64]
09:54:01.0 (103472276)|VARIABLE_ASSIGNMENT|[64]|this.LastModifiedDate|"2026-04-10T09:25:28.000Z"|0x2a296fd5
09:54:01.0 (103476241)|STATEMENT_EXECUTE|[65]
09:54:01.0 (103480259)|VARIABLE_ASSIGNMENT|[65]|this.LastViewedDate|null|0x2a296fd5
09:54:01.0 (103483746)|STATEMENT_EXECUTE|[66]
09:54:01.0 (103494222)|HEAP_ALLOCATE|[66]|Bytes:5
09:54:01.0 (103497629)|VARIABLE_ASSIGNMENT|[66]|this.IsFavorite|true|0x2a296fd5
09:54:01.0 (103499941)|STATEMENT_EXECUTE|[67]
09:54:01.0 (103503258)|HEAP_ALLOCATE|[EXTERNAL]|Bytes:4
09:54:01.0 (103510606)|HEAP_ALLOCATE|[55]|Bytes:5
09:54:01.0 (103516855)|HEAP_ALLOCATE|[55]|Bytes:32
09:54:01.0 (103520214)|VARIABLE_SCOPE_BEGIN|[55]|j|Job__c|true|false
09:54:01.0 (103561015)|VARIABLE_ASSIGNMENT|[55]|j|{"LastModifiedDate":"2026-04-10T09:25:06.000Z","JobPosition__c":"テスト100求人タイトル求人タイトル求人 (28 more) ...","Id":"a0KBK00000Gezhs2AB","MinAnnualSalary__c":450,"JobDescription__c":"テスト100仕事内容仕事内容仕事内容仕事 (30 more) ...","JobCategory1__c":"営業系","MaxAnnualSalary__c":600}|0x75efe838
09:54:01.0 (103566843)|STATEMENT_EXECUTE|[55]
09:54:01.0 (103567697)|STATEMENT_EXECUTE|[56]
09:54:01.0 (103570008)|HEAP_ALLOCATE|[56]|Bytes:44
09:54:01.0 (103573454)|CONSTRUCTOR_ENTRY|[56]|01pBK000001RGBP|<init>()|JobCardsController.JobWrapper
09:54:01.0 (103577540)|VARIABLE_SCOPE_BEGIN|[12]|this|JobCardsController.JobWrapper|true|false
09:54:01.0 (103589075)|VARIABLE_ASSIGNMENT|[12]|this|{}|0x1358d6a2
09:54:01.0 (103596984)|STATEMENT_EXECUTE|[12]
09:54:01.0 (103597860)|STATEMENT_EXECUTE|[13]
09:54:01.0 (103598716)|STATEMENT_EXECUTE|[14]
09:54:01.0 (103599534)|STATEMENT_EXECUTE|[15]
09:54:01.0 (103600428)|STATEMENT_EXECUTE|[16]
09:54:01.0 (103601204)|STATEMENT_EXECUTE|[17]
09:54:01.0 (103601993)|STATEMENT_EXECUTE|[18]
09:54:01.0 (103602806)|STATEMENT_EXECUTE|[19]
09:54:01.0 (103603632)|STATEMENT_EXECUTE|[20]
09:54:01.0 (103604403)|STATEMENT_EXECUTE|[21]
09:54:01.0 (103605154)|STATEMENT_EXECUTE|[22]
09:54:01.0 (103606792)|CONSTRUCTOR_EXIT|[56]|01pBK000001RGBP|<init>()|JobCardsController.JobWrapper
09:54:01.0 (103609693)|VARIABLE_SCOPE_BEGIN|[56]|wrapper|JobCardsController.JobWrapper|true|false
09:54:01.0 (103617074)|VARIABLE_ASSIGNMENT|[56]|wrapper|{}|0x1358d6a2
09:54:01.0 (103619760)|STATEMENT_EXECUTE|[57]
09:54:01.0 (103655456)|VARIABLE_ASSIGNMENT|[57]|this.Id|"a0KBK00000Gezhs2AB"|0x1358d6a2
09:54:01.0 (103658494)|STATEMENT_EXECUTE|[58]
09:54:01.0 (103663331)|VARIABLE_ASSIGNMENT|[58]|this.JobPosition|"テスト100求人タイトル求人タイトル求人 (28 more) ..."|0x1358d6a2
09:54:01.0 (103666332)|STATEMENT_EXECUTE|[59]
09:54:01.0 (103669204)|VARIABLE_ASSIGNMENT|[59]|this.WorkLocation2|null|0x1358d6a2
09:54:01.0 (103671554)|STATEMENT_EXECUTE|[60]
09:54:01.0 (103674969)|VARIABLE_ASSIGNMENT|[60]|this.JobCategory1|"営業系"|0x1358d6a2
09:54:01.0 (103677640)|STATEMENT_EXECUTE|[61]
09:54:01.0 (103684389)|VARIABLE_ASSIGNMENT|[61]|this.MaxAnnualSalary|600|0x1358d6a2
09:54:01.0 (103686743)|STATEMENT_EXECUTE|[62]
09:54:01.0 (103690165)|VARIABLE_ASSIGNMENT|[62]|this.MinAnnualSalary|450|0x1358d6a2
09:54:01.0 (103692463)|STATEMENT_EXECUTE|[63]
09:54:01.0 (103696323)|VARIABLE_ASSIGNMENT|[63]|this.JobDescription|"テスト100仕事内容仕事内容仕事内容仕事 (30 more) ..."|0x1358d6a2
09:54:01.0 (103699293)|STATEMENT_EXECUTE|[64]
09:54:01.0 (103706458)|VARIABLE_ASSIGNMENT|[64]|this.LastModifiedDate|"2026-04-10T09:25:06.000Z"|0x1358d6a2
09:54:01.0 (103709253)|STATEMENT_EXECUTE|[65]
09:54:01.0 (103711831)|VARIABLE_ASSIGNMENT|[65]|this.LastViewedDate|null|0x1358d6a2
09:54:01.0 (103714221)|STATEMENT_EXECUTE|[66]
09:54:01.0 (103720209)|HEAP_ALLOCATE|[66]|Bytes:5
09:54:01.0 (103723220)|VARIABLE_ASSIGNMENT|[66]|this.IsFavorite|true|0x1358d6a2
09:54:01.0 (103725546)|STATEMENT_EXECUTE|[67]
09:54:01.0 (103728599)|HEAP_ALLOCATE|[EXTERNAL]|Bytes:4
09:54:01.0 (103734028)|HEAP_ALLOCATE|[55]|Bytes:5
09:54:01.0 (103738476)|HEAP_ALLOCATE|[55]|Bytes:40
09:54:01.0 (103741068)|VARIABLE_SCOPE_BEGIN|[55]|j|Job__c|true|false
09:54:01.0 (103778542)|VARIABLE_ASSIGNMENT|[55]|j|{"LastModifiedDate":"2026-04-10T09:24:38.000Z","JobPosition__c":"テスト401求人タイトル求人タイトル求人 (75 more) ...","WorkLocation2__c":"勤務地","LastViewedDate":"2026-04-09T09:28:45.000Z","Id":"a0KBK00000Gexcs2AB","MinAnnualSalary__c":450,"JobDescription__c":"テスト401仕事内容仕事内容仕事内容仕事 (30 more) ...","JobCategory1__c":"専門職系（コンサルタント/金融/不動産）","MaxAnnualSalary__c":600}|0x34c02a9a
09:54:01.0 (103785560)|STATEMENT_EXECUTE|[55]
09:54:01.0 (103786632)|STATEMENT_EXECUTE|[56]
09:54:01.0 (103788316)|HEAP_ALLOCATE|[56]|Bytes:44
09:54:01.0 (103791203)|CONSTRUCTOR_ENTRY|[56]|01pBK000001RGBP|<init>()|JobCardsController.JobWrapper
09:54:01.0 (103794683)|VARIABLE_SCOPE_BEGIN|[12]|this|JobCardsController.JobWrapper|true|false
09:54:01.0 (103803877)|VARIABLE_ASSIGNMENT|[12]|this|{}|0x24c736b9
09:54:01.0 (103810755)|STATEMENT_EXECUTE|[12]
09:54:01.0 (103811667)|STATEMENT_EXECUTE|[13]
09:54:01.0 (103812468)|STATEMENT_EXECUTE|[14]
09:54:01.0 (103813269)|STATEMENT_EXECUTE|[15]
09:54:01.0 (103814066)|STATEMENT_EXECUTE|[16]
09:54:01.0 (103814872)|STATEMENT_EXECUTE|[17]
09:54:01.0 (103815626)|STATEMENT_EXECUTE|[18]
09:54:01.0 (103816427)|STATEMENT_EXECUTE|[19]
09:54:01.0 (103817312)|STATEMENT_EXECUTE|[20]
09:54:01.0 (103818122)|STATEMENT_EXECUTE|[21]
09:54:01.0 (103818930)|STATEMENT_EXECUTE|[22]
09:54:01.0 (103820502)|CONSTRUCTOR_EXIT|[56]|01pBK000001RGBP|<init>()|JobCardsController.JobWrapper
09:54:01.0 (103823208)|VARIABLE_SCOPE_BEGIN|[56]|wrapper|JobCardsController.JobWrapper|true|false
09:54:01.0 (103830425)|VARIABLE_ASSIGNMENT|[56]|wrapper|{}|0x24c736b9
09:54:01.0 (103833190)|STATEMENT_EXECUTE|[57]
09:54:01.0 (103858842)|VARIABLE_ASSIGNMENT|[57]|this.Id|"a0KBK00000Gexcs2AB"|0x24c736b9
09:54:01.0 (103861699)|STATEMENT_EXECUTE|[58]
09:54:01.0 (103866222)|VARIABLE_ASSIGNMENT|[58]|this.JobPosition|"テスト401求人タイトル求人タイトル求人 (75 more) ..."|0x24c736b9
09:54:01.0 (103869237)|STATEMENT_EXECUTE|[59]
09:54:01.0 (103872629)|VARIABLE_ASSIGNMENT|[59]|this.WorkLocation2|"勤務地"|0x24c736b9
09:54:01.0 (103875316)|STATEMENT_EXECUTE|[60]
09:54:01.0 (103878581)|VARIABLE_ASSIGNMENT|[60]|this.JobCategory1|"専門職系（コンサルタント/金融/不動産）"|0x24c736b9
09:54:01.0 (103881583)|STATEMENT_EXECUTE|[61]
09:54:01.0 (103886008)|VARIABLE_ASSIGNMENT|[61]|this.MaxAnnualSalary|600|0x24c736b9
09:54:01.0 (103888531)|STATEMENT_EXECUTE|[62]
09:54:01.0 (103891746)|VARIABLE_ASSIGNMENT|[62]|this.MinAnnualSalary|450|0x24c736b9
09:54:01.0 (103894311)|STATEMENT_EXECUTE|[63]
09:54:01.0 (103897932)|VARIABLE_ASSIGNMENT|[63]|this.JobDescription|"テスト401仕事内容仕事内容仕事内容仕事 (30 more) ..."|0x24c736b9
09:54:01.0 (103900759)|STATEMENT_EXECUTE|[64]
09:54:01.0 (103907462)|VARIABLE_ASSIGNMENT|[64]|this.LastModifiedDate|"2026-04-10T09:24:38.000Z"|0x24c736b9
09:54:01.0 (103910046)|STATEMENT_EXECUTE|[65]
09:54:01.0 (103915220)|VARIABLE_ASSIGNMENT|[65]|this.LastViewedDate|"2026-04-09T09:28:45.000Z"|0x24c736b9
09:54:01.0 (103917733)|STATEMENT_EXECUTE|[66]
09:54:01.0 (103924039)|HEAP_ALLOCATE|[66]|Bytes:5
09:54:01.0 (103926995)|VARIABLE_ASSIGNMENT|[66]|this.IsFavorite|true|0x24c736b9
09:54:01.0 (103929592)|STATEMENT_EXECUTE|[67]
09:54:01.0 (103932349)|HEAP_ALLOCATE|[EXTERNAL]|Bytes:4
09:54:01.0 (103937678)|HEAP_ALLOCATE|[55]|Bytes:5
09:54:01.0 (103941815)|HEAP_ALLOCATE|[55]|Bytes:20
09:54:01.0 (103944298)|VARIABLE_SCOPE_BEGIN|[55]|j|Job__c|true|false
09:54:01.0 (103968155)|VARIABLE_ASSIGNMENT|[55]|j|{"JobPosition__c":"●形式厳守！右記テンプレに則って作成→市 (63 more) ...","LastModifiedDate":"2026-04-10T08:59:13.000Z","Id":"a0KBK00000JScCH2A1","JobDescription__c":"・・・\n\n【具体的には\u2026】\n・\n・\n・\n (153 more) ..."}|0x40323453
09:54:01.0 (103973353)|STATEMENT_EXECUTE|[55]
09:54:01.0 (103974160)|STATEMENT_EXECUTE|[56]
09:54:01.0 (103975763)|HEAP_ALLOCATE|[56]|Bytes:44
09:54:01.0 (103978550)|CONSTRUCTOR_ENTRY|[56]|01pBK000001RGBP|<init>()|JobCardsController.JobWrapper
09:54:01.0 (103981808)|VARIABLE_SCOPE_BEGIN|[12]|this|JobCardsController.JobWrapper|true|false
09:54:01.0 (103990510)|VARIABLE_ASSIGNMENT|[12]|this|{}|0x2723c167
09:54:01.0 (103996781)|STATEMENT_EXECUTE|[12]
09:54:01.0 (103997619)|STATEMENT_EXECUTE|[13]
09:54:01.0 (103998431)|STATEMENT_EXECUTE|[14]
09:54:01.0 (103999214)|STATEMENT_EXECUTE|[15]
09:54:01.0 (104000014)|STATEMENT_EXECUTE|[16]
09:54:01.0 (104001401)|STATEMENT_EXECUTE|[17]
09:54:01.0 (104002199)|STATEMENT_EXECUTE|[18]
09:54:01.0 (104003014)|STATEMENT_EXECUTE|[19]
09:54:01.0 (104003772)|STATEMENT_EXECUTE|[20]
09:54:01.0 (104004529)|STATEMENT_EXECUTE|[21]
09:54:01.0 (104005292)|STATEMENT_EXECUTE|[22]
09:54:01.0 (104006828)|CONSTRUCTOR_EXIT|[56]|01pBK000001RGBP|<init>()|JobCardsController.JobWrapper
09:54:01.0 (104009854)|VARIABLE_SCOPE_BEGIN|[56]|wrapper|JobCardsController.JobWrapper|true|false
09:54:01.0 (104016961)|VARIABLE_ASSIGNMENT|[56]|wrapper|{}|0x2723c167
09:54:01.0 (104019679)|STATEMENT_EXECUTE|[57]
09:54:01.0 (104045272)|VARIABLE_ASSIGNMENT|[57]|this.Id|"a0KBK00000JScCH2A1"|0x2723c167
09:54:01.0 (104047978)|STATEMENT_EXECUTE|[58]
09:54:01.0 (104052486)|VARIABLE_ASSIGNMENT|[58]|this.JobPosition|"●形式厳守！右記テンプレに則って作成→市 (63 more) ..."|0x2723c167
09:54:01.0 (104055490)|STATEMENT_EXECUTE|[59]
09:54:01.0 (104058359)|VARIABLE_ASSIGNMENT|[59]|this.WorkLocation2|null|0x2723c167
09:54:01.0 (104061194)|STATEMENT_EXECUTE|[60]
09:54:01.0 (104063784)|VARIABLE_ASSIGNMENT|[60]|this.JobCategory1|null|0x2723c167
09:54:01.0 (104066202)|STATEMENT_EXECUTE|[61]
09:54:01.0 (104068762)|VARIABLE_ASSIGNMENT|[61]|this.MaxAnnualSalary|null|0x2723c167
09:54:01.0 (104071206)|STATEMENT_EXECUTE|[62]
09:54:01.0 (104073713)|VARIABLE_ASSIGNMENT|[62]|this.MinAnnualSalary|null|0x2723c167
09:54:01.0 (104076130)|STATEMENT_EXECUTE|[63]
09:54:01.0 (104080068)|VARIABLE_ASSIGNMENT|[63]|this.JobDescription|"・・・\n\n【具体的には\u2026】\n・\n・\n・\n (153 more) ..."|0x2723c167
09:54:01.0 (104083043)|STATEMENT_EXECUTE|[64]
09:54:01.0 (104089609)|VARIABLE_ASSIGNMENT|[64]|this.LastModifiedDate|"2026-04-10T08:59:13.000Z"|0x2723c167
09:54:01.0 (104092216)|STATEMENT_EXECUTE|[65]
09:54:01.0 (104094948)|VARIABLE_ASSIGNMENT|[65]|this.LastViewedDate|null|0x2723c167
09:54:01.0 (104097266)|STATEMENT_EXECUTE|[66]
09:54:01.0 (104104472)|HEAP_ALLOCATE|[66]|Bytes:5
09:54:01.0 (104107326)|VARIABLE_ASSIGNMENT|[66]|this.IsFavorite|true|0x2723c167
09:54:01.0 (104109666)|STATEMENT_EXECUTE|[67]
09:54:01.0 (104114630)|HEAP_ALLOCATE|[EXTERNAL]|Bytes:4
09:54:01.0 (104120325)|HEAP_ALLOCATE|[55]|Bytes:5
09:54:01.0 (104124360)|HEAP_ALLOCATE|[55]|Bytes:32
09:54:01.0 (104126878)|VARIABLE_SCOPE_BEGIN|[55]|j|Job__c|true|false
09:54:01.0 (104153817)|VARIABLE_ASSIGNMENT|[55]|j|{"LastModifiedDate":"2026-04-10T08:58:47.000Z","JobPosition__c":"テスト100求人タイトル求人タイトル求人 (28 more) ...","Id":"a0KBK00000JSXqv2AH","MinAnnualSalary__c":450,"JobDescription__c":"テスト100仕事内容仕事内容仕事内容仕事 (30 more) ...","JobCategory1__c":"営業系","MaxAnnualSalary__c":600}|0x2d07afb9
09:54:01.0 (104159479)|STATEMENT_EXECUTE|[55]
09:54:01.0 (104160384)|STATEMENT_EXECUTE|[56]
09:54:01.0 (104162234)|HEAP_ALLOCATE|[56]|Bytes:44
09:54:01.0 (104165027)|CONSTRUCTOR_ENTRY|[56]|01pBK000001RGBP|<init>()|JobCardsController.JobWrapper
09:54:01.0 (104168403)|VARIABLE_SCOPE_BEGIN|[12]|this|JobCardsController.JobWrapper|true|false
09:54:01.0 (104176947)|VARIABLE_ASSIGNMENT|[12]|this|{}|0x46154591
09:54:01.0 (104183401)|STATEMENT_EXECUTE|[12]
09:54:01.0 (104184286)|STATEMENT_EXECUTE|[13]
09:54:01.0 (104185119)|STATEMENT_EXECUTE|[14]
09:54:01.0 (104185922)|STATEMENT_EXECUTE|[15]
09:54:01.0 (104186725)|STATEMENT_EXECUTE|[16]
09:54:01.0 (104187522)|STATEMENT_EXECUTE|[17]
09:54:01.0 (104188297)|STATEMENT_EXECUTE|[18]
09:54:01.0 (104189115)|STATEMENT_EXECUTE|[19]
09:54:01.0 (104189861)|STATEMENT_EXECUTE|[20]
09:54:01.0 (104190677)|STATEMENT_EXECUTE|[21]
09:54:01.0 (104191542)|STATEMENT_EXECUTE|[22]
09:54:01.0 (104192997)|CONSTRUCTOR_EXIT|[56]|01pBK000001RGBP|<init>()|JobCardsController.JobWrapper
09:54:01.0 (104195996)|VARIABLE_SCOPE_BEGIN|[56]|wrapper|JobCardsController.JobWrapper|true|false
09:54:01.0 (104203087)|VARIABLE_ASSIGNMENT|[56]|wrapper|{}|0x46154591
09:54:01.0 (104205726)|STATEMENT_EXECUTE|[57]
09:54:01.0 (104230280)|VARIABLE_ASSIGNMENT|[57]|this.Id|"a0KBK00000JSXqv2AH"|0x46154591
09:54:01.0 (104233244)|STATEMENT_EXECUTE|[58]
09:54:01.0 (104237748)|VARIABLE_ASSIGNMENT|[58]|this.JobPosition|"テスト100求人タイトル求人タイトル求人 (28 more) ..."|0x46154591
09:54:01.0 (104240666)|STATEMENT_EXECUTE|[59]
09:54:01.0 (104243387)|VARIABLE_ASSIGNMENT|[59]|this.WorkLocation2|null|0x46154591
09:54:01.0 (104245725)|STATEMENT_EXECUTE|[60]
09:54:01.0 (104248675)|VARIABLE_ASSIGNMENT|[60]|this.JobCategory1|"営業系"|0x46154591
09:54:01.0 (104251281)|STATEMENT_EXECUTE|[61]
09:54:01.0 (104255749)|VARIABLE_ASSIGNMENT|[61]|this.MaxAnnualSalary|600|0x46154591
09:54:01.0 (104258181)|STATEMENT_EXECUTE|[62]
09:54:01.0 (104261779)|VARIABLE_ASSIGNMENT|[62]|this.MinAnnualSalary|450|0x46154591
09:54:01.0 (104264164)|STATEMENT_EXECUTE|[63]
09:54:01.0 (104267757)|VARIABLE_ASSIGNMENT|[63]|this.JobDescription|"テスト100仕事内容仕事内容仕事内容仕事 (30 more) ..."|0x46154591
09:54:01.0 (104270809)|STATEMENT_EXECUTE|[64]
09:54:01.0 (104277209)|VARIABLE_ASSIGNMENT|[64]|this.LastModifiedDate|"2026-04-10T08:58:47.000Z"|0x46154591
09:54:01.0 (104279660)|STATEMENT_EXECUTE|[65]
09:54:01.0 (104282261)|VARIABLE_ASSIGNMENT|[65]|this.LastViewedDate|null|0x46154591
09:54:01.0 (104284686)|STATEMENT_EXECUTE|[66]
09:54:01.0 (104291226)|HEAP_ALLOCATE|[66]|Bytes:5
09:54:01.0 (104294319)|VARIABLE_ASSIGNMENT|[66]|this.IsFavorite|true|0x46154591
09:54:01.0 (104296637)|STATEMENT_EXECUTE|[67]
09:54:01.0 (104301106)|HEAP_ALLOCATE|[EXTERNAL]|Bytes:4
09:54:01.0 (104306505)|HEAP_ALLOCATE|[55]|Bytes:5
09:54:01.0 (104310999)|HEAP_ALLOCATE|[55]|Bytes:20
09:54:01.0 (104313639)|VARIABLE_SCOPE_BEGIN|[55]|j|Job__c|true|false
09:54:01.0 (104336350)|VARIABLE_ASSIGNMENT|[55]|j|{"JobPosition__c":"●形式厳守！右記テンプレに則って作成→市 (63 more) ...","LastModifiedDate":"2026-04-10T08:58:30.000Z","Id":"a0KBK00000JSb4v2AD","JobDescription__c":"・・・\n\n【具体的には\u2026】\n・\n・\n・\n (153 more) ..."}|0x27233c09
09:54:01.0 (104341059)|STATEMENT_EXECUTE|[55]
09:54:01.0 (104341915)|STATEMENT_EXECUTE|[56]
09:54:01.0 (104343481)|HEAP_ALLOCATE|[56]|Bytes:44
09:54:01.0 (104346404)|CONSTRUCTOR_ENTRY|[56]|01pBK000001RGBP|<init>()|JobCardsController.JobWrapper
09:54:01.0 (104349542)|VARIABLE_SCOPE_BEGIN|[12]|this|JobCardsController.JobWrapper|true|false
09:54:01.0 (104358179)|VARIABLE_ASSIGNMENT|[12]|this|{}|0x13ad7637
09:54:01.0 (104365115)|STATEMENT_EXECUTE|[12]
09:54:01.0 (104365955)|STATEMENT_EXECUTE|[13]
09:54:01.0 (104366871)|STATEMENT_EXECUTE|[14]
09:54:01.0 (104367687)|STATEMENT_EXECUTE|[15]
09:54:01.0 (104368500)|STATEMENT_EXECUTE|[16]
09:54:01.0 (104369302)|STATEMENT_EXECUTE|[17]
09:54:01.0 (104370080)|STATEMENT_EXECUTE|[18]
09:54:01.0 (104370870)|STATEMENT_EXECUTE|[19]
09:54:01.0 (104371634)|STATEMENT_EXECUTE|[20]
09:54:01.0 (104372441)|STATEMENT_EXECUTE|[21]
09:54:01.0 (104373686)|STATEMENT_EXECUTE|[22]
09:54:01.0 (104375164)|CONSTRUCTOR_EXIT|[56]|01pBK000001RGBP|<init>()|JobCardsController.JobWrapper
09:54:01.0 (104377945)|VARIABLE_SCOPE_BEGIN|[56]|wrapper|JobCardsController.JobWrapper|true|false
09:54:01.0 (104384934)|VARIABLE_ASSIGNMENT|[56]|wrapper|{}|0x13ad7637
09:54:01.0 (104387679)|STATEMENT_EXECUTE|[57]
09:54:01.0 (104419877)|VARIABLE_ASSIGNMENT|[57]|this.Id|"a0KBK00000JSb4v2AD"|0x13ad7637
09:54:01.0 (104424074)|STATEMENT_EXECUTE|[58]
09:54:01.0 (104429377)|VARIABLE_ASSIGNMENT|[58]|this.JobPosition|"●形式厳守！右記テンプレに則って作成→市 (63 more) ..."|0x13ad7637
09:54:01.0 (104432236)|STATEMENT_EXECUTE|[59]
09:54:01.0 (104434911)|VARIABLE_ASSIGNMENT|[59]|this.WorkLocation2|null|0x13ad7637
09:54:01.0 (104437224)|STATEMENT_EXECUTE|[60]
09:54:01.0 (104439823)|VARIABLE_ASSIGNMENT|[60]|this.JobCategory1|null|0x13ad7637
09:54:01.0 (104442114)|STATEMENT_EXECUTE|[61]
09:54:01.0 (104444561)|VARIABLE_ASSIGNMENT|[61]|this.MaxAnnualSalary|null|0x13ad7637
09:54:01.0 (104446894)|STATEMENT_EXECUTE|[62]
09:54:01.0 (104449470)|VARIABLE_ASSIGNMENT|[62]|this.MinAnnualSalary|null|0x13ad7637
09:54:01.0 (104451837)|STATEMENT_EXECUTE|[63]
09:54:01.0 (104455716)|VARIABLE_ASSIGNMENT|[63]|this.JobDescription|"・・・\n\n【具体的には\u2026】\n・\n・\n・\n (153 more) ..."|0x13ad7637
09:54:01.0 (104458391)|STATEMENT_EXECUTE|[64]
09:54:01.0 (104464761)|VARIABLE_ASSIGNMENT|[64]|this.LastModifiedDate|"2026-04-10T08:58:30.000Z"|0x13ad7637
09:54:01.0 (104467157)|STATEMENT_EXECUTE|[65]
09:54:01.0 (104469673)|VARIABLE_ASSIGNMENT|[65]|this.LastViewedDate|null|0x13ad7637
09:54:01.0 (104472011)|STATEMENT_EXECUTE|[66]
09:54:01.0 (104478328)|HEAP_ALLOCATE|[66]|Bytes:5
09:54:01.0 (104481242)|VARIABLE_ASSIGNMENT|[66]|this.IsFavorite|true|0x13ad7637
09:54:01.0 (104483643)|STATEMENT_EXECUTE|[67]
09:54:01.0 (104486492)|HEAP_ALLOCATE|[EXTERNAL]|Bytes:4
09:54:01.0 (104491787)|HEAP_ALLOCATE|[55]|Bytes:5
09:54:01.0 (104495863)|HEAP_ALLOCATE|[55]|Bytes:24
09:54:01.0 (104498396)|VARIABLE_SCOPE_BEGIN|[55]|j|Job__c|true|false
09:54:01.0 (104526881)|VARIABLE_ASSIGNMENT|[55]|j|{"JobPosition__c":"●形式厳守！右記テンプレに則って作成→市 (63 more) ...","LastViewedDate":"2026-04-13T08:48:36.000Z","LastModifiedDate":"2026-04-10T08:38:49.000Z","Id":"a0KBK00000JSb1h2AD","JobDescription__c":"・・・\n\n【具体的には\u2026】\n・\n・\n・\n (153 more) ..."}|0x1282568d
09:54:01.0 (104532273)|STATEMENT_EXECUTE|[55]
09:54:01.0 (104533117)|STATEMENT_EXECUTE|[56]
09:54:01.0 (104535527)|HEAP_ALLOCATE|[56]|Bytes:44
09:54:01.0 (104538291)|CONSTRUCTOR_ENTRY|[56]|01pBK000001RGBP|<init>()|JobCardsController.JobWrapper
09:54:01.0 (104541694)|VARIABLE_SCOPE_BEGIN|[12]|this|JobCardsController.JobWrapper|true|false
09:54:01.0 (104551029)|VARIABLE_ASSIGNMENT|[12]|this|{}|0xec2e805
09:54:01.0 (104557602)|STATEMENT_EXECUTE|[12]
09:54:01.0 (104558456)|STATEMENT_EXECUTE|[13]
09:54:01.0 (104559296)|STATEMENT_EXECUTE|[14]
09:54:01.0 (104560093)|STATEMENT_EXECUTE|[15]
09:54:01.0 (104560904)|STATEMENT_EXECUTE|[16]
09:54:01.0 (104561713)|STATEMENT_EXECUTE|[17]
09:54:01.0 (104562505)|STATEMENT_EXECUTE|[18]
09:54:01.0 (104563305)|STATEMENT_EXECUTE|[19]
09:54:01.0 (104564192)|STATEMENT_EXECUTE|[20]
09:54:01.0 (104565062)|STATEMENT_EXECUTE|[21]
09:54:01.0 (104565805)|STATEMENT_EXECUTE|[22]
09:54:01.0 (104567282)|CONSTRUCTOR_EXIT|[56]|01pBK000001RGBP|<init>()|JobCardsController.JobWrapper
09:54:01.0 (104570090)|VARIABLE_SCOPE_BEGIN|[56]|wrapper|JobCardsController.JobWrapper|true|false
09:54:01.0 (104577115)|VARIABLE_ASSIGNMENT|[56]|wrapper|{}|0xec2e805
09:54:01.0 (104579828)|STATEMENT_EXECUTE|[57]
09:54:01.0 (104605522)|VARIABLE_ASSIGNMENT|[57]|this.Id|"a0KBK00000JSb1h2AD"|0xec2e805
09:54:01.0 (104608277)|STATEMENT_EXECUTE|[58]
09:54:01.0 (104612531)|VARIABLE_ASSIGNMENT|[58]|this.JobPosition|"●形式厳守！右記テンプレに則って作成→市 (63 more) ..."|0xec2e805
09:54:01.0 (104615415)|STATEMENT_EXECUTE|[59]
09:54:01.0 (104618241)|VARIABLE_ASSIGNMENT|[59]|this.WorkLocation2|null|0xec2e805
09:54:01.0 (104620646)|STATEMENT_EXECUTE|[60]
09:54:01.0 (104623048)|VARIABLE_ASSIGNMENT|[60]|this.JobCategory1|null|0xec2e805
09:54:01.0 (104625401)|STATEMENT_EXECUTE|[61]
09:54:01.0 (104628036)|VARIABLE_ASSIGNMENT|[61]|this.MaxAnnualSalary|null|0xec2e805
09:54:01.0 (104630377)|STATEMENT_EXECUTE|[62]
09:54:01.0 (104632974)|VARIABLE_ASSIGNMENT|[62]|this.MinAnnualSalary|null|0xec2e805
09:54:01.0 (104635454)|STATEMENT_EXECUTE|[63]
09:54:01.0 (104639241)|VARIABLE_ASSIGNMENT|[63]|this.JobDescription|"・・・\n\n【具体的には\u2026】\n・\n・\n・\n (153 more) ..."|0xec2e805
09:54:01.0 (104642091)|STATEMENT_EXECUTE|[64]
09:54:01.0 (104648796)|VARIABLE_ASSIGNMENT|[64]|this.LastModifiedDate|"2026-04-10T08:38:49.000Z"|0xec2e805
09:54:01.0 (104651337)|STATEMENT_EXECUTE|[65]
09:54:01.0 (104656544)|VARIABLE_ASSIGNMENT|[65]|this.LastViewedDate|"2026-04-13T08:48:36.000Z"|0xec2e805
09:54:01.0 (104659729)|STATEMENT_EXECUTE|[66]
09:54:01.0 (104665936)|HEAP_ALLOCATE|[66]|Bytes:5
09:54:01.0 (104668806)|VARIABLE_ASSIGNMENT|[66]|this.IsFavorite|false|0xec2e805
09:54:01.0 (104671151)|STATEMENT_EXECUTE|[67]
09:54:01.0 (104673739)|HEAP_ALLOCATE|[EXTERNAL]|Bytes:4
09:54:01.0 (104679376)|HEAP_ALLOCATE|[55]|Bytes:5
09:54:01.0 (104684502)|VARIABLE_ASSIGNMENT|[55]|j|null|
09:54:01.0 (104688520)|STATEMENT_EXECUTE|[69]
09:54:01.104 (104857200)|CUMULATIVE_LIMIT_USAGE
09:54:01.104 (104857200)|LIMIT_USAGE_FOR_NS|(default)|
  Number of SOQL queries: 2 out of 100
  Number of query rows: 19 out of 50000
  Number of SOSL queries: 0 out of 20
  Number of DML statements: 0 out of 150
  Number of Publish Immediate DML: 0 out of 150
  Number of DML rows: 0 out of 10000
  Maximum CPU time: 0 out of 10000
  Maximum heap size: 0 out of 6000000
  Number of callouts: 0 out of 100
  Number of Email Invocations: 0 out of 10
  Number of future calls: 0 out of 50
  Number of queueable jobs added to the queue: 0 out of 50
  Number of Mobile Apex push calls: 0 out of 10

09:54:01.104 (104857200)|CUMULATIVE_LIMIT_USAGE_END

09:54:01.0 (104932716)|CODE_UNIT_FINISHED|JobCardsController.getJobs()
09:54:01.0 (105135770)|CODE_UNIT_FINISHED|apex://JobCardsController/ACTION$getJobs
09:54:01.0 (105145261)|EXECUTION_FINISHED
