66.0 APEX_CODE,FINEST;APEX_PROFILING,INFO;CALLOUT,INFO;DATA_ACCESS,INFO;DB,INFO;NBA,INFO;SYSTEM,DEBUG;VALIDATION,INFO;VISUALFORCE,INFO;WAVE,INFO;WORKFLOW,INFO
15:33:04.0 (731840)|USER_INFO|[EXTERNAL]|0057F0000042UBb|ishibashi@hurex.co.jp.dev1|(GMT+09:00) 日本標準時 (Asia/Tokyo)|GMT+09:00
15:33:04.0 (761479)|EXECUTION_STARTED
15:33:04.0 (770532)|CODE_UNIT_STARTED|[EXTERNAL]|apex://OfferComponentController/ACTION$getOffers
15:33:04.0 (2949759)|CODE_UNIT_STARTED|[EXTERNAL]|01pBK000001Vpwv|OfferComponentController.getOffers()
15:33:04.0 (3302503)|HEAP_ALLOCATE|[95]|Bytes:3
15:33:04.0 (3373963)|HEAP_ALLOCATE|[100]|Bytes:152
15:33:04.0 (3387686)|HEAP_ALLOCATE|[417]|Bytes:408
15:33:04.0 (3402739)|HEAP_ALLOCATE|[430]|Bytes:408
15:33:04.0 (3422336)|HEAP_ALLOCATE|[317]|Bytes:6
15:33:04.0 (3431445)|HEAP_ALLOCATE|[EXTERNAL]|Bytes:1
15:33:04.0 (3441909)|METHOD_ENTRY|[1]|01pBK000001Vpwv|OfferComponentController.OfferComponentController()
15:33:04.0 (3446660)|STATEMENT_EXECUTE|[1]
15:33:04.0 (3452060)|STATEMENT_EXECUTE|[1]
15:33:04.0 (3469954)|HEAP_ALLOCATE|[68]|Bytes:5
15:33:04.0 (3490231)|HEAP_ALLOCATE|[74]|Bytes:5
15:33:04.0 (3494918)|HEAP_ALLOCATE|[82]|Bytes:7
15:33:04.0 (3697630)|HEAP_ALLOCATE|[EXTERNAL]|Bytes:5
15:33:04.0 (3708518)|METHOD_EXIT|[1]|OfferComponentController
15:33:04.0 (3718361)|HEAP_ALLOCATE|[4]|Bytes:5
15:33:04.0 (3721076)|STATEMENT_EXECUTE|[3]
15:33:04.0 (3722485)|STATEMENT_EXECUTE|[4]
15:33:04.0 (3724311)|HEAP_ALLOCATE|[4]|Bytes:78
15:33:04.0 (3736860)|HEAP_ALLOCATE|[4]|Bytes:4
15:33:04.0 (4325488)|SOQL_EXECUTE_BEGIN|[4]|Aggregations:0|SELECT COUNT() FROM SelectionProcess__c WHERE LatestProcessStatus__c = 'JOB打診'
15:33:04.0 (13856676)|SOQL_EXECUTE_END|[4]|Rows:1
15:33:04.0 (13902070)|HEAP_ALLOCATE|[4]|Bytes:4
15:33:04.0 (13926924)|VARIABLE_SCOPE_BEGIN|[4]|totalCount|Integer|false|false
15:33:04.0 (13935625)|HEAP_ALLOCATE|[4]|Bytes:4
15:33:04.0 (13964014)|VARIABLE_ASSIGNMENT|[4]|totalCount|1
15:33:04.0 (13968202)|STATEMENT_EXECUTE|[5]
15:33:04.0 (13973475)|HEAP_ALLOCATE|[5]|Bytes:360
15:33:04.0 (13988910)|HEAP_ALLOCATE|[5]|Bytes:4
15:33:04.0 (15884432)|SOQL_EXECUTE_BEGIN|[5]|Aggregations:0|SELECT Id, JobPosition__c, LatestProcessStatus__c, LastModifiedDate, JobPosition__r.Id, JobPosition__r.Company__r.Name, JobPosition__r.JobPosition__c, JobPosition__r.WorkLocation2__c, JobPosition__r.JobCategory1__c, JobPosition__r.LastViewedDate FROM SelectionProcess__c WHERE LatestProcessStatus__c = 'JOB打診' ORDER BY LastModifiedDate DESC NULLS FIRST LIMIT 2
15:33:04.0 (37102738)|SOQL_EXECUTE_END|[5]|Rows:1
15:33:04.0 (37131180)|HEAP_ALLOCATE|[5]|Bytes:8
15:33:04.0 (37149652)|HEAP_ALLOCATE|[5]|Bytes:404
15:33:04.0 (37267263)|HEAP_ALLOCATE|[5]|Bytes:8
15:33:04.0 (37286517)|VARIABLE_SCOPE_BEGIN|[5]|processes|List<SelectionProcess__c>|true|false
15:33:04.0 (37555637)|VARIABLE_ASSIGNMENT|[5]|processes|[{"JobPosition__c":"a0KBK00000Gexcs2AB","LastModifiedDate":"2026-03-02T05:52:31.000Z","JobPosition__r":{"JobPosition__c":"テスト401求人タイトル求人タイトル求人 (28 more) ...","WorkLocation2__c":"勤務地","LastViewedDate":"2026-03-19T08:07:40.000Z","Id":"a0KBK00000Gexcs2AB","Company__c":"001BK00000cc2ZEYAY","Company__r":{"Name":"テスト 廣川","Id":"001BK00000cc2ZEYAY"},"JobCategory1__c":"専門職系（コンサルタント/金融/不動産）"},"Id":"a0LBK000005sEhR2AU","LatestProcessStatus__c":"JOB打診"}]|0x37d934d3
15:33:04.0 (37568636)|STATEMENT_EXECUTE|[22]
15:33:04.0 (37582969)|HEAP_ALLOCATE|[22]|Bytes:4
15:33:04.0 (37620302)|VARIABLE_SCOPE_BEGIN|[22]|jobInfos|List<Map<String,ANY>>|true|false
15:33:04.0 (37644748)|HEAP_ALLOCATE|[EXTERNAL]|Bytes:4
15:33:04.0 (37651609)|VARIABLE_ASSIGNMENT|[22]|jobInfos|[]|0x811e1f0
15:33:04.0 (37826169)|HEAP_ALLOCATE|[24]|Bytes:5
15:33:04.0 (37846958)|HEAP_ALLOCATE|[24]|Bytes:24
15:33:04.0 (37854077)|VARIABLE_SCOPE_BEGIN|[24]|process|SelectionProcess__c|true|false
15:33:04.0 (37934787)|VARIABLE_ASSIGNMENT|[24]|process|{"JobPosition__c":"a0KBK00000Gexcs2AB","LastModifiedDate":"2026-03-02T05:52:31.000Z","JobPosition__r":{"JobPosition__c":"テスト401求人タイトル求人タイトル求人 (28 more) ...","WorkLocation2__c":"勤務地","LastViewedDate":"2026-03-19T08:07:40.000Z","Id":"a0KBK00000Gexcs2AB","Company__c":"001BK00000cc2ZEYAY","Company__r":{"Name":"テスト 廣川","Id":"001BK00000cc2ZEYAY"},"JobCategory1__c":"専門職系（コンサルタント/金融/不動産）"},"Id":"a0LBK000005sEhR2AU","LatestProcessStatus__c":"JOB打診"}|0x6863ea4
15:33:04.0 (37944458)|STATEMENT_EXECUTE|[24]
15:33:04.0 (37945604)|STATEMENT_EXECUTE|[25]
15:33:04.0 (37953082)|HEAP_ALLOCATE|[25]|Bytes:4
15:33:04.0 (37958633)|VARIABLE_SCOPE_BEGIN|[25]|jobInfo|Map<String,ANY>|true|false
15:33:04.0 (37971194)|VARIABLE_ASSIGNMENT|[25]|jobInfo|{}|0x86cb29
15:33:04.0 (37973896)|STATEMENT_EXECUTE|[26]
15:33:04.0 (37977312)|HEAP_ALLOCATE|[26]|Bytes:5
15:33:04.0 (38040499)|HEAP_ALLOCATE|[EXTERNAL]|Bytes:-4
15:33:04.0 (38047957)|STATEMENT_EXECUTE|[27]
15:33:04.0 (38049969)|HEAP_ALLOCATE|[27]|Bytes:10
15:33:04.0 (38094907)|HEAP_ALLOCATE|[27]|Bytes:14
15:33:04.0 (38135468)|HEAP_ALLOCATE|[27]|Bytes:14
15:33:04.0 (38144288)|HEAP_ALLOCATE|[EXTERNAL]|Bytes:-4
15:33:04.0 (38147625)|STATEMENT_EXECUTE|[28]
15:33:04.0 (38148898)|HEAP_ALLOCATE|[28]|Bytes:11
15:33:04.0 (38201779)|HEAP_ALLOCATE|[EXTERNAL]|Bytes:-4
15:33:04.0 (38205264)|STATEMENT_EXECUTE|[29]
15:33:04.0 (38206604)|HEAP_ALLOCATE|[29]|Bytes:13
15:33:04.0 (38223303)|HEAP_ALLOCATE|[EXTERNAL]|Bytes:-4
15:33:04.0 (38226383)|STATEMENT_EXECUTE|[30]
15:33:04.0 (38227600)|HEAP_ALLOCATE|[30]|Bytes:12
15:33:04.0 (38241574)|HEAP_ALLOCATE|[EXTERNAL]|Bytes:-4
15:33:04.0 (38244547)|STATEMENT_EXECUTE|[31]
15:33:04.0 (38245929)|HEAP_ALLOCATE|[31]|Bytes:11
15:33:04.0 (38296051)|HEAP_ALLOCATE|[EXTERNAL]|Bytes:-4
15:33:04.0 (38299679)|STATEMENT_EXECUTE|[32]
15:33:04.0 (38301208)|HEAP_ALLOCATE|[32]|Bytes:14
15:33:04.0 (38322663)|HEAP_ALLOCATE|[EXTERNAL]|Bytes:-4
15:33:04.0 (38326226)|STATEMENT_EXECUTE|[33]
15:33:04.0 (38339965)|HEAP_ALLOCATE|[EXTERNAL]|Bytes:4
15:33:04.0 (38352298)|HEAP_ALLOCATE|[24]|Bytes:5
15:33:04.0 (38362793)|VARIABLE_ASSIGNMENT|[24]|process|null|
15:33:04.0 (38366546)|STATEMENT_EXECUTE|[35]
15:33:04.0 (38371833)|HEAP_ALLOCATE|[35]|Bytes:4
15:33:04.0 (38375671)|VARIABLE_SCOPE_BEGIN|[35]|result|Map<String,ANY>|true|false
15:33:04.0 (38384323)|VARIABLE_ASSIGNMENT|[35]|result|{}|0x3f701a0
15:33:04.0 (38387479)|STATEMENT_EXECUTE|[36]
15:33:04.0 (38388590)|HEAP_ALLOCATE|[36]|Bytes:8
15:33:04.0 (38399138)|HEAP_ALLOCATE|[EXTERNAL]|Bytes:-4
15:33:04.0 (38402278)|STATEMENT_EXECUTE|[37]
15:33:04.0 (38403585)|HEAP_ALLOCATE|[37]|Bytes:10
15:33:04.0 (38411953)|HEAP_ALLOCATE|[37]|Bytes:4
15:33:04.0 (38429045)|HEAP_ALLOCATE|[EXTERNAL]|Bytes:-4
15:33:04.0 (38432114)|STATEMENT_EXECUTE|[38]
15:33:04.38 (38485769)|CUMULATIVE_LIMIT_USAGE
15:33:04.38 (38485769)|LIMIT_USAGE_FOR_NS|(default)|
  Number of SOQL queries: 2 out of 100
  Number of query rows: 2 out of 50000
  Number of SOSL queries: 0 out of 20
  Number of DML statements: 0 out of 0
  Number of Publish Immediate DML: 0 out of 150
  Number of DML rows: 0 out of 10000
  Maximum CPU time: 0 out of 10000
  Maximum heap size: 0 out of 6000000
  Number of callouts: 0 out of 100
  Number of Email Invocations: 0 out of 10
  Number of future calls: 0 out of 50
  Number of queueable jobs added to the queue: 0 out of 50
  Number of Mobile Apex push calls: 0 out of 10

15:33:04.38 (38485769)|CUMULATIVE_LIMIT_USAGE_END

15:33:04.0 (38527065)|CODE_UNIT_FINISHED|OfferComponentController.getOffers()
15:33:04.0 (38710185)|CODE_UNIT_FINISHED|apex://OfferComponentController/ACTION$getOffers
15:33:04.0 (38715616)|EXECUTION_FINISHED
