66.0 APEX_CODE,FINEST;APEX_PROFILING,INFO;CALLOUT,INFO;DATA_ACCESS,INFO;DB,INFO;NBA,INFO;SYSTEM,DEBUG;VALIDATION,INFO;VISUALFORCE,INFO;WAVE,INFO;WORKFLOW,INFO
12:27:18.0 (220001)|USER_INFO|[EXTERNAL]|0057F0000042UBb|ishibashi@hurex.co.jp.dev1|(GMT+09:00) 日本標準時 (Asia/Tokyo)|GMT+09:00
12:27:18.0 (382095)|EXECUTION_STARTED
12:27:18.0 (412543)|CODE_UNIT_STARTED|[EXTERNAL]|apex://JobCardsController/ACTION$getJobs
12:27:18.0 (2200865)|CODE_UNIT_STARTED|[EXTERNAL]|01pBK000001RGBP|JobCardsController.getJobs()
12:27:18.0 (2612178)|HEAP_ALLOCATE|[95]|Bytes:3
12:27:18.0 (2694962)|HEAP_ALLOCATE|[100]|Bytes:152
12:27:18.0 (2709707)|HEAP_ALLOCATE|[417]|Bytes:408
12:27:18.0 (2720486)|HEAP_ALLOCATE|[430]|Bytes:408
12:27:18.0 (2740679)|HEAP_ALLOCATE|[317]|Bytes:6
12:27:18.0 (2750608)|HEAP_ALLOCATE|[EXTERNAL]|Bytes:10
12:27:18.0 (2754221)|HEAP_ALLOCATE|[EXTERNAL]|Bytes:5
12:27:18.0 (2756157)|HEAP_ALLOCATE|[EXTERNAL]|Bytes:3
12:27:18.0 (2766135)|METHOD_ENTRY|[6]|01pBK000001RGBP|JobCardsController.JobCardsController()
12:27:18.0 (2771448)|STATEMENT_EXECUTE|[6]
12:27:18.0 (2776676)|STATEMENT_EXECUTE|[6]
12:27:18.0 (2798137)|HEAP_ALLOCATE|[68]|Bytes:5
12:27:18.0 (2859597)|HEAP_ALLOCATE|[74]|Bytes:5
12:27:18.0 (2866717)|HEAP_ALLOCATE|[82]|Bytes:7
12:27:18.0 (3064380)|HEAP_ALLOCATE|[EXTERNAL]|Bytes:5
12:27:18.0 (3085765)|STATEMENT_EXECUTE|[12]
12:27:18.0 (3096287)|METHOD_EXIT|[6]|JobCardsController
12:27:18.0 (3108340)|HEAP_ALLOCATE|[35]|Bytes:5
12:27:18.0 (3110871)|STATEMENT_EXECUTE|[33]
12:27:18.0 (3111986)|STATEMENT_EXECUTE|[35]
12:27:18.0 (3144002)|HEAP_ALLOCATE|[35]|Bytes:4
12:27:18.0 (3190513)|VARIABLE_SCOPE_BEGIN|[35]|favoriteJobIds|Set<Id>|true|false
12:27:18.0 (3284675)|VARIABLE_ASSIGNMENT|[35]|favoriteJobIds|[]|0x45f3686f
12:27:18.0 (3290958)|HEAP_ALLOCATE|[36]|Bytes:91
12:27:18.0 (3304952)|HEAP_ALLOCATE|[36]|Bytes:4
12:27:18.0 (3325903)|HEAP_ALLOCATE|[36]|Bytes:7
12:27:18.0 (3375317)|HEAP_ALLOCATE|[38]|Bytes:105
12:27:18.0 (3395702)|SYSTEM_METHOD_ENTRY|[1]|UserInfo.UserInfo()
12:27:18.0 (3398373)|STATEMENT_EXECUTE|[1]
12:27:18.0 (3403151)|SYSTEM_METHOD_EXIT|[1]|UserInfo
12:27:18.0 (3423641)|METHOD_ENTRY|[38]||System.UserInfo.getUserId()
12:27:18.0 (8142665)|METHOD_EXIT|[38]||System.UserInfo.getUserId()
12:27:18.0 (10614165)|SOQL_EXECUTE_BEGIN|[36]|Aggregations:0|SELECT Job__c FROM InterestedJob__c WHERE (CreatedById = :tmpVar1 AND IsArchive__c = FALSE)
12:27:18.0 (19644273)|SOQL_EXECUTE_END|[36]|Rows:4
12:27:18.0 (19690408)|HEAP_ALLOCATE|[EXTERNAL]|Bytes:20
12:27:18.0 (19960269)|HEAP_ALLOCATE|[36]|Bytes:54
12:27:18.0 (19968173)|HEAP_ALLOCATE|[36]|Bytes:8
12:27:18.0 (19982343)|SYSTEM_METHOD_ENTRY|[7]|QueryLocatorIterator.QueryLocatorIterator()
12:27:18.0 (19986525)|STATEMENT_EXECUTE|[7]
12:27:18.0 (19997019)|SYSTEM_METHOD_EXIT|[7]|QueryLocatorIterator
12:27:18.0 (20005929)|HEAP_ALLOCATE|[36]|Bytes:28
12:27:18.0 (20093727)|HEAP_ALLOCATE|[36]|Bytes:20
12:27:18.0 (20103698)|HEAP_ALLOCATE|[36]|Bytes:8
12:27:18.0 (20105568)|HEAP_ALLOCATE|[36]|Bytes:8
12:27:18.0 (20110550)|VARIABLE_SCOPE_BEGIN|[15]|this|Database.QueryLocatorIterator|true|false
12:27:18.0 (20166011)|VARIABLE_ASSIGNMENT|[15]|this|{}|0x593de36b
12:27:18.0 (20169783)|VARIABLE_SCOPE_BEGIN|[15]|values|List<SObject>|true|false
12:27:18.0 (20276733)|VARIABLE_ASSIGNMENT|[15]|values|[{"Job__c":"a0KBK00000Gexcs2AB","Id":"a0OBK000004najC2AQ"},{"Job__c":"a0KBK00000Gexdg2AB","Id":"a0OBK000004nbNV2AY"},{"Job__c":"a0KBK00000Gexcu2AB","Id":"a0OBK000004v8wE2AQ"},{"Job__c":"a0KBK00000GezgQ2AR","Id":"a0OBK0000050riz2AA"}]|0x3f5a9a33
12:27:18.0 (20286269)|VARIABLE_SCOPE_BEGIN|[15]|ql|Database.QueryLocator|true|false
12:27:18.0 (20306009)|VARIABLE_ASSIGNMENT|[15]|ql|{"query":"SELECT Job__c FROM I (71 more) ..."}|0x6fd9fba9
12:27:18.0 (20309257)|VARIABLE_SCOPE_BEGIN|[15]|totalNumRecords|Integer|false|false
12:27:18.0 (20315246)|VARIABLE_ASSIGNMENT|[15]|totalNumRecords|4
12:27:18.0 (20317581)|VARIABLE_SCOPE_BEGIN|[15]|queryMoreSize|Integer|false|false
12:27:18.0 (20321159)|VARIABLE_ASSIGNMENT|[15]|queryMoreSize|49996
12:27:18.0 (20390370)|HEAP_ALLOCATE|[36]|Bytes:28
12:27:18.0 (20415841)|METHOD_ENTRY|[36]||Database.QueryLocatorIterator.hasNext()
12:27:18.0 (20503943)|METHOD_EXIT|[36]||Database.QueryLocatorIterator.hasNext()
12:27:18.0 (20509587)|METHOD_ENTRY|[36]||Database.QueryLocatorIterator.next()
12:27:18.0 (20560602)|METHOD_EXIT|[36]||Database.QueryLocatorIterator.next()
12:27:18.0 (20566049)|VARIABLE_SCOPE_BEGIN|[36]|fav|InterestedJob__c|true|false
12:27:18.0 (20588374)|VARIABLE_ASSIGNMENT|[36]|fav|{"Job__c":"a0KBK00000Gexcs2AB","Id":"a0OBK000004najC2AQ"}|0x72da434b
12:27:18.0 (20593598)|STATEMENT_EXECUTE|[39]
12:27:18.0 (20594843)|STATEMENT_EXECUTE|[40]
12:27:18.0 (20653374)|HEAP_ALLOCATE|[EXTERNAL]|Bytes:4
12:27:18.0 (20660883)|METHOD_ENTRY|[36]||Database.QueryLocatorIterator.hasNext()
12:27:18.0 (20670337)|METHOD_EXIT|[36]||Database.QueryLocatorIterator.hasNext()
12:27:18.0 (20672851)|METHOD_ENTRY|[36]||Database.QueryLocatorIterator.next()
12:27:18.0 (20694321)|METHOD_EXIT|[36]||Database.QueryLocatorIterator.next()
12:27:18.0 (20696896)|VARIABLE_SCOPE_BEGIN|[36]|fav|InterestedJob__c|true|false
12:27:18.0 (20712271)|VARIABLE_ASSIGNMENT|[36]|fav|{"Job__c":"a0KBK00000Gexdg2AB","Id":"a0OBK000004nbNV2AY"}|0x19bac421
12:27:18.0 (20715654)|STATEMENT_EXECUTE|[39]
12:27:18.0 (20716485)|STATEMENT_EXECUTE|[40]
12:27:18.0 (20721786)|HEAP_ALLOCATE|[EXTERNAL]|Bytes:4
12:27:18.0 (20725667)|METHOD_ENTRY|[36]||Database.QueryLocatorIterator.hasNext()
12:27:18.0 (20733353)|METHOD_EXIT|[36]||Database.QueryLocatorIterator.hasNext()
12:27:18.0 (20735926)|METHOD_ENTRY|[36]||Database.QueryLocatorIterator.next()
12:27:18.0 (20754692)|METHOD_EXIT|[36]||Database.QueryLocatorIterator.next()
12:27:18.0 (20756833)|VARIABLE_SCOPE_BEGIN|[36]|fav|InterestedJob__c|true|false
12:27:18.0 (20768413)|VARIABLE_ASSIGNMENT|[36]|fav|{"Job__c":"a0KBK00000Gexcu2AB","Id":"a0OBK000004v8wE2AQ"}|0x391e600c
12:27:18.0 (20771235)|STATEMENT_EXECUTE|[39]
12:27:18.0 (20772058)|STATEMENT_EXECUTE|[40]
12:27:18.0 (20775602)|HEAP_ALLOCATE|[EXTERNAL]|Bytes:4
12:27:18.0 (20779238)|METHOD_ENTRY|[36]||Database.QueryLocatorIterator.hasNext()
12:27:18.0 (20786705)|METHOD_EXIT|[36]||Database.QueryLocatorIterator.hasNext()
12:27:18.0 (20789044)|METHOD_ENTRY|[36]||Database.QueryLocatorIterator.next()
12:27:18.0 (20806984)|METHOD_EXIT|[36]||Database.QueryLocatorIterator.next()
12:27:18.0 (20808982)|VARIABLE_SCOPE_BEGIN|[36]|fav|InterestedJob__c|true|false
12:27:18.0 (20819908)|VARIABLE_ASSIGNMENT|[36]|fav|{"Job__c":"a0KBK00000GezgQ2AR","Id":"a0OBK0000050riz2AA"}|0x2b76dbeb
12:27:18.0 (20822613)|STATEMENT_EXECUTE|[39]
12:27:18.0 (20823456)|STATEMENT_EXECUTE|[40]
12:27:18.0 (20826638)|HEAP_ALLOCATE|[EXTERNAL]|Bytes:4
12:27:18.0 (20830487)|METHOD_ENTRY|[36]||Database.QueryLocatorIterator.hasNext()
12:27:18.0 (20836236)|METHOD_EXIT|[36]||Database.QueryLocatorIterator.hasNext()
12:27:18.0 (20839866)|VARIABLE_ASSIGNMENT|[36]|fav|null|
12:27:18.0 (20859707)|STATEMENT_EXECUTE|[44]
12:27:18.0 (20862308)|HEAP_ALLOCATE|[44]|Bytes:217
12:27:18.0 (20879232)|HEAP_ALLOCATE|[44]|Bytes:4
12:27:18.0 (24623049)|SOQL_EXECUTE_BEGIN|[44]|Aggregations:0|SELECT Id, JobPosition__c, WorkLocation2__c, JobCategory1__c, MaxAnnualSalary__c, MinAnnualSalary__c, JobDescription__c, LastModifiedDate, LastViewedDate FROM Job__c ORDER BY LastModifiedDate DESC NULLS FIRST LIMIT 10
12:27:18.0 (43666892)|SOQL_EXECUTE_END|[44]|Rows:10
12:27:18.0 (43704943)|HEAP_ALLOCATE|[44]|Bytes:44
12:27:18.0 (43729149)|HEAP_ALLOCATE|[44]|Bytes:4083
12:27:18.0 (43842615)|HEAP_ALLOCATE|[44]|Bytes:44
12:27:18.0 (43865010)|VARIABLE_SCOPE_BEGIN|[44]|jobs|List<Job__c>|true|false
12:27:18.0 (43890926)|VARIABLE_ASSIGNMENT|[44]|jobs|"List of size 10 too large to display"|0x79e60681
12:27:18.0 (43896031)|STATEMENT_EXECUTE|[54]
12:27:18.0 (43907476)|HEAP_ALLOCATE|[54]|Bytes:4
12:27:18.0 (43990963)|VARIABLE_SCOPE_BEGIN|[54]|result|List<JobCardsController.JobWrapper>|true|false
12:27:18.0 (44007446)|HEAP_ALLOCATE|[EXTERNAL]|Bytes:4
12:27:18.0 (44013953)|VARIABLE_ASSIGNMENT|[54]|result|[]|0x5a547092
12:27:18.0 (44145657)|HEAP_ALLOCATE|[55]|Bytes:5
12:27:18.0 (44166978)|HEAP_ALLOCATE|[55]|Bytes:40
12:27:18.0 (44173983)|VARIABLE_SCOPE_BEGIN|[55]|j|Job__c|true|false
12:27:18.0 (44301618)|VARIABLE_ASSIGNMENT|[55]|j|{"LastModifiedDate":"2026-04-03T04:12:21.000Z","JobPosition__c":"新潟市(新潟) 法人ルート営業・業界シェ (74 more) ...","WorkLocation2__c":"新潟県新潟市（転勤なし／車通勤可）","LastViewedDate":"2026-04-03T08:24:43.000Z","Id":"a0KBK00000GezgQ2AR","MinAnnualSalary__c":350,"JobDescription__c":"自社開発製造の給配水機器とその関連製品の (25 more) ...","JobCategory1__c":"経営幹部/企画/マーケティング系","MaxAnnualSalary__c":550}|0x4c56135a
12:27:18.0 (44321580)|STATEMENT_EXECUTE|[55]
12:27:18.0 (44322873)|STATEMENT_EXECUTE|[56]
12:27:18.0 (44368425)|HEAP_ALLOCATE|[56]|Bytes:44
12:27:18.0 (44399970)|CONSTRUCTOR_ENTRY|[56]|01pBK000001RGBP|<init>()|JobCardsController.JobWrapper
12:27:18.0 (44441138)|VARIABLE_SCOPE_BEGIN|[12]|this|JobCardsController.JobWrapper|true|false
12:27:18.0 (44579451)|VARIABLE_ASSIGNMENT|[12]|this|{}|0x38dcb2c7
12:27:18.0 (44606209)|STATEMENT_EXECUTE|[12]
12:27:18.0 (44607394)|STATEMENT_EXECUTE|[13]
12:27:18.0 (44608708)|STATEMENT_EXECUTE|[14]
12:27:18.0 (44609487)|STATEMENT_EXECUTE|[15]
12:27:18.0 (44610343)|STATEMENT_EXECUTE|[16]
12:27:18.0 (44611098)|STATEMENT_EXECUTE|[17]
12:27:18.0 (44611839)|STATEMENT_EXECUTE|[18]
12:27:18.0 (44612582)|STATEMENT_EXECUTE|[19]
12:27:18.0 (44613577)|STATEMENT_EXECUTE|[20]
12:27:18.0 (44614337)|STATEMENT_EXECUTE|[21]
12:27:18.0 (44615214)|STATEMENT_EXECUTE|[22]
12:27:18.0 (44618791)|CONSTRUCTOR_EXIT|[56]|01pBK000001RGBP|<init>()|JobCardsController.JobWrapper
12:27:18.0 (44624496)|VARIABLE_SCOPE_BEGIN|[56]|wrapper|JobCardsController.JobWrapper|true|false
12:27:18.0 (44638824)|VARIABLE_ASSIGNMENT|[56]|wrapper|{}|0x38dcb2c7
12:27:18.0 (44643039)|STATEMENT_EXECUTE|[57]
12:27:18.0 (44910362)|VARIABLE_ASSIGNMENT|[57]|this.Id|"a0KBK00000GezgQ2AR"|0x38dcb2c7
12:27:18.0 (44918367)|STATEMENT_EXECUTE|[58]
12:27:18.0 (44953459)|VARIABLE_ASSIGNMENT|[58]|this.JobPosition|"新潟市(新潟) 法人ルート営業・業界シェ (74 more) ..."|0x38dcb2c7
12:27:18.0 (44960933)|STATEMENT_EXECUTE|[59]
12:27:18.0 (44974512)|VARIABLE_ASSIGNMENT|[59]|this.WorkLocation2|"新潟県新潟市（転勤なし／車通勤可）"|0x38dcb2c7
12:27:18.0 (44979462)|STATEMENT_EXECUTE|[60]
12:27:18.0 (44989233)|VARIABLE_ASSIGNMENT|[60]|this.JobCategory1|"経営幹部/企画/マーケティング系"|0x38dcb2c7
12:27:18.0 (44994794)|STATEMENT_EXECUTE|[61]
12:27:18.0 (45023780)|VARIABLE_ASSIGNMENT|[61]|this.MaxAnnualSalary|550|0x38dcb2c7
12:27:18.0 (45029340)|STATEMENT_EXECUTE|[62]
12:27:18.0 (45039628)|VARIABLE_ASSIGNMENT|[62]|this.MinAnnualSalary|350|0x38dcb2c7
12:27:18.0 (45043197)|STATEMENT_EXECUTE|[63]
12:27:18.0 (45054453)|VARIABLE_ASSIGNMENT|[63]|this.JobDescription|"自社開発製造の給配水機器とその関連製品の (25 more) ..."|0x38dcb2c7
12:27:18.0 (45058958)|STATEMENT_EXECUTE|[64]
12:27:18.0 (45093826)|VARIABLE_ASSIGNMENT|[64]|this.LastModifiedDate|"2026-04-03T04:12:21.000Z"|0x38dcb2c7
12:27:18.0 (45096975)|STATEMENT_EXECUTE|[65]
12:27:18.0 (45110996)|VARIABLE_ASSIGNMENT|[65]|this.LastViewedDate|"2026-04-03T08:24:43.000Z"|0x38dcb2c7
12:27:18.0 (45113562)|STATEMENT_EXECUTE|[66]
12:27:18.0 (45174869)|HEAP_ALLOCATE|[66]|Bytes:5
12:27:18.0 (45182369)|VARIABLE_ASSIGNMENT|[66]|this.IsFavorite|true|0x38dcb2c7
12:27:18.0 (45185332)|STATEMENT_EXECUTE|[67]
12:27:18.0 (45205125)|HEAP_ALLOCATE|[EXTERNAL]|Bytes:4
12:27:18.0 (45219569)|HEAP_ALLOCATE|[55]|Bytes:5
12:27:18.0 (45231478)|HEAP_ALLOCATE|[55]|Bytes:32
12:27:18.0 (45239900)|VARIABLE_SCOPE_BEGIN|[55]|j|Job__c|true|false
12:27:18.0 (45314292)|VARIABLE_ASSIGNMENT|[55]|j|{"LastModifiedDate":"2026-04-02T02:54:44.000Z","JobPosition__c":"テスト451求人タイトル求人タイトル求人 (235 more) ...","WorkLocation2__c":"444444","LastViewedDate":"2026-04-02T11:07:27.000Z","Id":"a0KBK00000Gexdg2AB","JobDescription__c":"テスト451仕事内容仕事内容仕事内容仕事 (230 more) ...","JobCategory1__c":"経営幹部/企画/マーケティング系"}|0x405cf624
12:27:18.0 (45324768)|STATEMENT_EXECUTE|[55]
12:27:18.0 (45325778)|STATEMENT_EXECUTE|[56]
12:27:18.0 (45330137)|HEAP_ALLOCATE|[56]|Bytes:44
12:27:18.0 (45336165)|CONSTRUCTOR_ENTRY|[56]|01pBK000001RGBP|<init>()|JobCardsController.JobWrapper
12:27:18.0 (45341684)|VARIABLE_SCOPE_BEGIN|[12]|this|JobCardsController.JobWrapper|true|false
12:27:18.0 (45363128)|VARIABLE_ASSIGNMENT|[12]|this|{}|0x2f926e65
12:27:18.0 (45376444)|STATEMENT_EXECUTE|[12]
12:27:18.0 (45377397)|STATEMENT_EXECUTE|[13]
12:27:18.0 (45378338)|STATEMENT_EXECUTE|[14]
12:27:18.0 (45379086)|STATEMENT_EXECUTE|[15]
12:27:18.0 (45379843)|STATEMENT_EXECUTE|[16]
12:27:18.0 (45380582)|STATEMENT_EXECUTE|[17]
12:27:18.0 (45381377)|STATEMENT_EXECUTE|[18]
12:27:18.0 (45382128)|STATEMENT_EXECUTE|[19]
12:27:18.0 (45382898)|STATEMENT_EXECUTE|[20]
12:27:18.0 (45383659)|STATEMENT_EXECUTE|[21]
12:27:18.0 (45384414)|STATEMENT_EXECUTE|[22]
12:27:18.0 (45386378)|CONSTRUCTOR_EXIT|[56]|01pBK000001RGBP|<init>()|JobCardsController.JobWrapper
12:27:18.0 (45389927)|VARIABLE_SCOPE_BEGIN|[56]|wrapper|JobCardsController.JobWrapper|true|false
12:27:18.0 (45397829)|VARIABLE_ASSIGNMENT|[56]|wrapper|{}|0x2f926e65
12:27:18.0 (45400553)|STATEMENT_EXECUTE|[57]
12:27:18.0 (45507747)|VARIABLE_ASSIGNMENT|[57]|this.Id|"a0KBK00000Gexdg2AB"|0x2f926e65
12:27:18.0 (45513716)|STATEMENT_EXECUTE|[58]
12:27:18.0 (45524609)|VARIABLE_ASSIGNMENT|[58]|this.JobPosition|"テスト451求人タイトル求人タイトル求人 (235 more) ..."|0x2f926e65
12:27:18.0 (45528629)|STATEMENT_EXECUTE|[59]
12:27:18.0 (45533097)|VARIABLE_ASSIGNMENT|[59]|this.WorkLocation2|"444444"|0x2f926e65
12:27:18.0 (45535572)|STATEMENT_EXECUTE|[60]
12:27:18.0 (45539609)|VARIABLE_ASSIGNMENT|[60]|this.JobCategory1|"経営幹部/企画/マーケティング系"|0x2f926e65
12:27:18.0 (45542803)|STATEMENT_EXECUTE|[61]
12:27:18.0 (45546954)|VARIABLE_ASSIGNMENT|[61]|this.MaxAnnualSalary|null|0x2f926e65
12:27:18.0 (45550503)|STATEMENT_EXECUTE|[62]
12:27:18.0 (45554136)|VARIABLE_ASSIGNMENT|[62]|this.MinAnnualSalary|null|0x2f926e65
12:27:18.0 (45557711)|STATEMENT_EXECUTE|[63]
12:27:18.0 (45563578)|VARIABLE_ASSIGNMENT|[63]|this.JobDescription|"テスト451仕事内容仕事内容仕事内容仕事 (230 more) ..."|0x2f926e65
12:27:18.0 (45568133)|STATEMENT_EXECUTE|[64]
12:27:18.0 (45585890)|VARIABLE_ASSIGNMENT|[64]|this.LastModifiedDate|"2026-04-02T02:54:44.000Z"|0x2f926e65
12:27:18.0 (45590158)|STATEMENT_EXECUTE|[65]
12:27:18.0 (45599051)|VARIABLE_ASSIGNMENT|[65]|this.LastViewedDate|"2026-04-02T11:07:27.000Z"|0x2f926e65
12:27:18.0 (45603109)|STATEMENT_EXECUTE|[66]
12:27:18.0 (45620025)|HEAP_ALLOCATE|[66]|Bytes:5
12:27:18.0 (45625286)|VARIABLE_ASSIGNMENT|[66]|this.IsFavorite|true|0x2f926e65
12:27:18.0 (45629037)|STATEMENT_EXECUTE|[67]
12:27:18.0 (45635562)|HEAP_ALLOCATE|[EXTERNAL]|Bytes:4
12:27:18.0 (45647334)|HEAP_ALLOCATE|[55]|Bytes:5
12:27:18.0 (45659005)|HEAP_ALLOCATE|[55]|Bytes:40
12:27:18.0 (45665462)|VARIABLE_SCOPE_BEGIN|[55]|j|Job__c|true|false
12:27:18.0 (45736267)|VARIABLE_ASSIGNMENT|[55]|j|{"LastModifiedDate":"2026-03-18T01:52:52.000Z","JobPosition__c":"テスト401求人タイトル求人タイトル求人 (28 more) ...","WorkLocation2__c":"勤務地","LastViewedDate":"2026-04-02T11:19:39.000Z","Id":"a0KBK00000Gexcs2AB","MinAnnualSalary__c":450,"JobDescription__c":"テスト401仕事内容仕事内容仕事内容仕事 (30 more) ...","JobCategory1__c":"専門職系（コンサルタント/金融/不動産）","MaxAnnualSalary__c":600}|0x3e037518
12:27:18.0 (45744120)|STATEMENT_EXECUTE|[55]
12:27:18.0 (45745111)|STATEMENT_EXECUTE|[56]
12:27:18.0 (45748257)|HEAP_ALLOCATE|[56]|Bytes:44
12:27:18.0 (45752828)|CONSTRUCTOR_ENTRY|[56]|01pBK000001RGBP|<init>()|JobCardsController.JobWrapper
12:27:18.0 (45757193)|VARIABLE_SCOPE_BEGIN|[12]|this|JobCardsController.JobWrapper|true|false
12:27:18.0 (45771989)|VARIABLE_ASSIGNMENT|[12]|this|{}|0x67282494
12:27:18.0 (45782020)|STATEMENT_EXECUTE|[12]
12:27:18.0 (45782887)|STATEMENT_EXECUTE|[13]
12:27:18.0 (45783730)|STATEMENT_EXECUTE|[14]
12:27:18.0 (45784497)|STATEMENT_EXECUTE|[15]
12:27:18.0 (45785276)|STATEMENT_EXECUTE|[16]
12:27:18.0 (45786031)|STATEMENT_EXECUTE|[17]
12:27:18.0 (45786800)|STATEMENT_EXECUTE|[18]
12:27:18.0 (45787552)|STATEMENT_EXECUTE|[19]
12:27:18.0 (45788327)|STATEMENT_EXECUTE|[20]
12:27:18.0 (45789065)|STATEMENT_EXECUTE|[21]
12:27:18.0 (45790034)|STATEMENT_EXECUTE|[22]
12:27:18.0 (45791797)|CONSTRUCTOR_EXIT|[56]|01pBK000001RGBP|<init>()|JobCardsController.JobWrapper
12:27:18.0 (45795063)|VARIABLE_SCOPE_BEGIN|[56]|wrapper|JobCardsController.JobWrapper|true|false
12:27:18.0 (45801727)|VARIABLE_ASSIGNMENT|[56]|wrapper|{}|0x67282494
12:27:18.0 (45804507)|STATEMENT_EXECUTE|[57]
12:27:18.0 (45856457)|VARIABLE_ASSIGNMENT|[57]|this.Id|"a0KBK00000Gexcs2AB"|0x67282494
12:27:18.0 (45860119)|STATEMENT_EXECUTE|[58]
12:27:18.0 (45866921)|VARIABLE_ASSIGNMENT|[58]|this.JobPosition|"テスト401求人タイトル求人タイトル求人 (28 more) ..."|0x67282494
12:27:18.0 (45871215)|STATEMENT_EXECUTE|[59]
12:27:18.0 (45875879)|VARIABLE_ASSIGNMENT|[59]|this.WorkLocation2|"勤務地"|0x67282494
12:27:18.0 (45880170)|STATEMENT_EXECUTE|[60]
12:27:18.0 (45884817)|VARIABLE_ASSIGNMENT|[60]|this.JobCategory1|"専門職系（コンサルタント/金融/不動産）"|0x67282494
12:27:18.0 (45888975)|STATEMENT_EXECUTE|[61]
12:27:18.0 (45899326)|VARIABLE_ASSIGNMENT|[61]|this.MaxAnnualSalary|600|0x67282494
12:27:18.0 (45903148)|STATEMENT_EXECUTE|[62]
12:27:18.0 (45908358)|VARIABLE_ASSIGNMENT|[62]|this.MinAnnualSalary|450|0x67282494
12:27:18.0 (45910801)|STATEMENT_EXECUTE|[63]
12:27:18.0 (45914647)|VARIABLE_ASSIGNMENT|[63]|this.JobDescription|"テスト401仕事内容仕事内容仕事内容仕事 (30 more) ..."|0x67282494
12:27:18.0 (45917604)|STATEMENT_EXECUTE|[64]
12:27:18.0 (45927212)|VARIABLE_ASSIGNMENT|[64]|this.LastModifiedDate|"2026-03-18T01:52:52.000Z"|0x67282494
12:27:18.0 (45929681)|STATEMENT_EXECUTE|[65]
12:27:18.0 (45935249)|VARIABLE_ASSIGNMENT|[65]|this.LastViewedDate|"2026-04-02T11:19:39.000Z"|0x67282494
12:27:18.0 (45937630)|STATEMENT_EXECUTE|[66]
12:27:18.0 (45955633)|HEAP_ALLOCATE|[66]|Bytes:5
12:27:18.0 (45961007)|VARIABLE_ASSIGNMENT|[66]|this.IsFavorite|true|0x67282494
12:27:18.0 (45963420)|STATEMENT_EXECUTE|[67]
12:27:18.0 (45967852)|HEAP_ALLOCATE|[EXTERNAL]|Bytes:4
12:27:18.0 (45975336)|HEAP_ALLOCATE|[55]|Bytes:5
12:27:18.0 (45982792)|HEAP_ALLOCATE|[55]|Bytes:36
12:27:18.0 (45986379)|VARIABLE_SCOPE_BEGIN|[55]|j|Job__c|true|false
12:27:18.0 (46034681)|VARIABLE_ASSIGNMENT|[55]|j|{"LastModifiedDate":"2026-03-12T05:33:30.000Z","JobPosition__c":"テスト424求人タイトル求人タイトル求人 (28 more) ...","LastViewedDate":"2026-04-02T07:16:25.000Z","Id":"a0KBK00000GexdF2AR","MinAnnualSalary__c":250,"JobDescription__c":"テスト424仕事内容仕事内容仕事内容仕事 (30 more) ...","JobCategory1__c":"技術系（電気/電子/機械）","MaxAnnualSalary__c":350}|0x5c9d0524
12:27:18.0 (46041981)|STATEMENT_EXECUTE|[55]
12:27:18.0 (46042857)|STATEMENT_EXECUTE|[56]
12:27:18.0 (46045162)|HEAP_ALLOCATE|[56]|Bytes:44
12:27:18.0 (46048529)|CONSTRUCTOR_ENTRY|[56]|01pBK000001RGBP|<init>()|JobCardsController.JobWrapper
12:27:18.0 (46052134)|VARIABLE_SCOPE_BEGIN|[12]|this|JobCardsController.JobWrapper|true|false
12:27:18.0 (46063374)|VARIABLE_ASSIGNMENT|[12]|this|{}|0x3a3ff83c
12:27:18.0 (46071767)|STATEMENT_EXECUTE|[12]
12:27:18.0 (46072657)|STATEMENT_EXECUTE|[13]
12:27:18.0 (46073566)|STATEMENT_EXECUTE|[14]
12:27:18.0 (46074358)|STATEMENT_EXECUTE|[15]
12:27:18.0 (46075224)|STATEMENT_EXECUTE|[16]
12:27:18.0 (46075991)|STATEMENT_EXECUTE|[17]
12:27:18.0 (46076820)|STATEMENT_EXECUTE|[18]
12:27:18.0 (46077548)|STATEMENT_EXECUTE|[19]
12:27:18.0 (46078292)|STATEMENT_EXECUTE|[20]
12:27:18.0 (46079026)|STATEMENT_EXECUTE|[21]
12:27:18.0 (46079763)|STATEMENT_EXECUTE|[22]
12:27:18.0 (46081459)|CONSTRUCTOR_EXIT|[56]|01pBK000001RGBP|<init>()|JobCardsController.JobWrapper
12:27:18.0 (46084319)|VARIABLE_SCOPE_BEGIN|[56]|wrapper|JobCardsController.JobWrapper|true|false
12:27:18.0 (46090858)|VARIABLE_ASSIGNMENT|[56]|wrapper|{}|0x3a3ff83c
12:27:18.0 (46093285)|STATEMENT_EXECUTE|[57]
12:27:18.0 (46141186)|VARIABLE_ASSIGNMENT|[57]|this.Id|"a0KBK00000GexdF2AR"|0x3a3ff83c
12:27:18.0 (46146056)|STATEMENT_EXECUTE|[58]
12:27:18.0 (46152738)|VARIABLE_ASSIGNMENT|[58]|this.JobPosition|"テスト424求人タイトル求人タイトル求人 (28 more) ..."|0x3a3ff83c
12:27:18.0 (46157063)|STATEMENT_EXECUTE|[59]
12:27:18.0 (46161936)|VARIABLE_ASSIGNMENT|[59]|this.WorkLocation2|null|0x3a3ff83c
12:27:18.0 (46164940)|STATEMENT_EXECUTE|[60]
12:27:18.0 (46169319)|VARIABLE_ASSIGNMENT|[60]|this.JobCategory1|"技術系（電気/電子/機械）"|0x3a3ff83c
12:27:18.0 (46173805)|STATEMENT_EXECUTE|[61]
12:27:18.0 (46181522)|VARIABLE_ASSIGNMENT|[61]|this.MaxAnnualSalary|350|0x3a3ff83c
12:27:18.0 (46185196)|STATEMENT_EXECUTE|[62]
12:27:18.0 (46190033)|VARIABLE_ASSIGNMENT|[62]|this.MinAnnualSalary|250|0x3a3ff83c
12:27:18.0 (46192585)|STATEMENT_EXECUTE|[63]
12:27:18.0 (46196347)|VARIABLE_ASSIGNMENT|[63]|this.JobDescription|"テスト424仕事内容仕事内容仕事内容仕事 (30 more) ..."|0x3a3ff83c
12:27:18.0 (46199308)|STATEMENT_EXECUTE|[64]
12:27:18.0 (46207986)|VARIABLE_ASSIGNMENT|[64]|this.LastModifiedDate|"2026-03-12T05:33:30.000Z"|0x3a3ff83c
12:27:18.0 (46210590)|STATEMENT_EXECUTE|[65]
12:27:18.0 (46215691)|VARIABLE_ASSIGNMENT|[65]|this.LastViewedDate|"2026-04-02T07:16:25.000Z"|0x3a3ff83c
12:27:18.0 (46218206)|STATEMENT_EXECUTE|[66]
12:27:18.0 (46225882)|HEAP_ALLOCATE|[66]|Bytes:5
12:27:18.0 (46228885)|VARIABLE_ASSIGNMENT|[66]|this.IsFavorite|false|0x3a3ff83c
12:27:18.0 (46231176)|STATEMENT_EXECUTE|[67]
12:27:18.0 (46234853)|HEAP_ALLOCATE|[EXTERNAL]|Bytes:4
12:27:18.0 (46240950)|HEAP_ALLOCATE|[55]|Bytes:5
12:27:18.0 (46247066)|HEAP_ALLOCATE|[55]|Bytes:36
12:27:18.0 (46250118)|VARIABLE_SCOPE_BEGIN|[55]|j|Job__c|true|false
12:27:18.0 (46292982)|VARIABLE_ASSIGNMENT|[55]|j|{"LastModifiedDate":"2026-03-09T05:51:50.000Z","JobPosition__c":"テスト403求人タイトル求人タイトル求人 (28 more) ...","LastViewedDate":"2026-04-02T10:23:00.000Z","Id":"a0KBK00000Gexcu2AB","MinAnnualSalary__c":900,"JobDescription__c":"テスト403仕事内容仕事内容仕事内容仕事 (30 more) ...","JobCategory1__c":"営業系","MaxAnnualSalary__c":600}|0x202d112e
12:27:18.0 (46299324)|STATEMENT_EXECUTE|[55]
12:27:18.0 (46300512)|STATEMENT_EXECUTE|[56]
12:27:18.0 (46303318)|HEAP_ALLOCATE|[56]|Bytes:44
12:27:18.0 (46307549)|CONSTRUCTOR_ENTRY|[56]|01pBK000001RGBP|<init>()|JobCardsController.JobWrapper
12:27:18.0 (46312004)|VARIABLE_SCOPE_BEGIN|[12]|this|JobCardsController.JobWrapper|true|false
12:27:18.0 (46322146)|VARIABLE_ASSIGNMENT|[12]|this|{}|0x246ed3c
12:27:18.0 (46329671)|STATEMENT_EXECUTE|[12]
12:27:18.0 (46330642)|STATEMENT_EXECUTE|[13]
12:27:18.0 (46331439)|STATEMENT_EXECUTE|[14]
12:27:18.0 (46332355)|STATEMENT_EXECUTE|[15]
12:27:18.0 (46333142)|STATEMENT_EXECUTE|[16]
12:27:18.0 (46333903)|STATEMENT_EXECUTE|[17]
12:27:18.0 (46334665)|STATEMENT_EXECUTE|[18]
12:27:18.0 (46335407)|STATEMENT_EXECUTE|[19]
12:27:18.0 (46336177)|STATEMENT_EXECUTE|[20]
12:27:18.0 (46336931)|STATEMENT_EXECUTE|[21]
12:27:18.0 (46337668)|STATEMENT_EXECUTE|[22]
12:27:18.0 (46340067)|CONSTRUCTOR_EXIT|[56]|01pBK000001RGBP|<init>()|JobCardsController.JobWrapper
12:27:18.0 (46344206)|VARIABLE_SCOPE_BEGIN|[56]|wrapper|JobCardsController.JobWrapper|true|false
12:27:18.0 (46354912)|VARIABLE_ASSIGNMENT|[56]|wrapper|{}|0x246ed3c
12:27:18.0 (46357584)|STATEMENT_EXECUTE|[57]
12:27:18.0 (46391569)|VARIABLE_ASSIGNMENT|[57]|this.Id|"a0KBK00000Gexcu2AB"|0x246ed3c
12:27:18.0 (46395580)|STATEMENT_EXECUTE|[58]
12:27:18.0 (46401628)|VARIABLE_ASSIGNMENT|[58]|this.JobPosition|"テスト403求人タイトル求人タイトル求人 (28 more) ..."|0x246ed3c
12:27:18.0 (46405770)|STATEMENT_EXECUTE|[59]
12:27:18.0 (46409680)|VARIABLE_ASSIGNMENT|[59]|this.WorkLocation2|null|0x246ed3c
12:27:18.0 (46413221)|STATEMENT_EXECUTE|[60]
12:27:18.0 (46417697)|VARIABLE_ASSIGNMENT|[60]|this.JobCategory1|"営業系"|0x246ed3c
12:27:18.0 (46421500)|STATEMENT_EXECUTE|[61]
12:27:18.0 (46427809)|VARIABLE_ASSIGNMENT|[61]|this.MaxAnnualSalary|600|0x246ed3c
12:27:18.0 (46431651)|STATEMENT_EXECUTE|[62]
12:27:18.0 (46435986)|VARIABLE_ASSIGNMENT|[62]|this.MinAnnualSalary|900|0x246ed3c
12:27:18.0 (46439350)|STATEMENT_EXECUTE|[63]
12:27:18.0 (46445196)|VARIABLE_ASSIGNMENT|[63]|this.JobDescription|"テスト403仕事内容仕事内容仕事内容仕事 (30 more) ..."|0x246ed3c
12:27:18.0 (46448315)|STATEMENT_EXECUTE|[64]
12:27:18.0 (46456257)|VARIABLE_ASSIGNMENT|[64]|this.LastModifiedDate|"2026-03-09T05:51:50.000Z"|0x246ed3c
12:27:18.0 (46458648)|STATEMENT_EXECUTE|[65]
12:27:18.0 (46463510)|VARIABLE_ASSIGNMENT|[65]|this.LastViewedDate|"2026-04-02T10:23:00.000Z"|0x246ed3c
12:27:18.0 (46466066)|STATEMENT_EXECUTE|[66]
12:27:18.0 (46473545)|HEAP_ALLOCATE|[66]|Bytes:5
12:27:18.0 (46476534)|VARIABLE_ASSIGNMENT|[66]|this.IsFavorite|true|0x246ed3c
12:27:18.0 (46480051)|STATEMENT_EXECUTE|[67]
12:27:18.0 (46485117)|HEAP_ALLOCATE|[EXTERNAL]|Bytes:4
12:27:18.0 (46493593)|HEAP_ALLOCATE|[55]|Bytes:5
12:27:18.0 (46501100)|HEAP_ALLOCATE|[55]|Bytes:36
12:27:18.0 (46504408)|VARIABLE_SCOPE_BEGIN|[55]|j|Job__c|true|false
12:27:18.0 (46542171)|VARIABLE_ASSIGNMENT|[55]|j|{"LastModifiedDate":"2026-03-09T05:51:49.000Z","JobPosition__c":"テスト402求人タイトル求人タイトル求人 (28 more) ...","LastViewedDate":"2026-03-18T09:45:33.000Z","Id":"a0KBK00000Gexct2AB","MinAnnualSalary__c":500,"JobDescription__c":"テスト402仕事内容仕事内容仕事内容仕事 (30 more) ...","JobCategory1__c":"営業系","MaxAnnualSalary__c":400}|0x7e73ed9
12:27:18.0 (46548325)|STATEMENT_EXECUTE|[55]
12:27:18.0 (46549260)|STATEMENT_EXECUTE|[56]
12:27:18.0 (46551235)|HEAP_ALLOCATE|[56]|Bytes:44
12:27:18.0 (46554194)|CONSTRUCTOR_ENTRY|[56]|01pBK000001RGBP|<init>()|JobCardsController.JobWrapper
12:27:18.0 (46557406)|VARIABLE_SCOPE_BEGIN|[12]|this|JobCardsController.JobWrapper|true|false
12:27:18.0 (46566520)|VARIABLE_ASSIGNMENT|[12]|this|{}|0x3e1b4a57
12:27:18.0 (46573759)|STATEMENT_EXECUTE|[12]
12:27:18.0 (46574800)|STATEMENT_EXECUTE|[13]
12:27:18.0 (46575726)|STATEMENT_EXECUTE|[14]
12:27:18.0 (46576490)|STATEMENT_EXECUTE|[15]
12:27:18.0 (46577264)|STATEMENT_EXECUTE|[16]
12:27:18.0 (46578027)|STATEMENT_EXECUTE|[17]
12:27:18.0 (46578764)|STATEMENT_EXECUTE|[18]
12:27:18.0 (46579515)|STATEMENT_EXECUTE|[19]
12:27:18.0 (46580287)|STATEMENT_EXECUTE|[20]
12:27:18.0 (46581060)|STATEMENT_EXECUTE|[21]
12:27:18.0 (46581794)|STATEMENT_EXECUTE|[22]
12:27:18.0 (46583331)|CONSTRUCTOR_EXIT|[56]|01pBK000001RGBP|<init>()|JobCardsController.JobWrapper
12:27:18.0 (46585964)|VARIABLE_SCOPE_BEGIN|[56]|wrapper|JobCardsController.JobWrapper|true|false
12:27:18.0 (46593856)|VARIABLE_ASSIGNMENT|[56]|wrapper|{}|0x3e1b4a57
12:27:18.0 (46597479)|STATEMENT_EXECUTE|[57]
12:27:18.0 (46642080)|VARIABLE_ASSIGNMENT|[57]|this.Id|"a0KBK00000Gexct2AB"|0x3e1b4a57
12:27:18.0 (46647264)|STATEMENT_EXECUTE|[58]
12:27:18.0 (46654450)|VARIABLE_ASSIGNMENT|[58]|this.JobPosition|"テスト402求人タイトル求人タイトル求人 (28 more) ..."|0x3e1b4a57
12:27:18.0 (46659435)|STATEMENT_EXECUTE|[59]
12:27:18.0 (46663718)|VARIABLE_ASSIGNMENT|[59]|this.WorkLocation2|null|0x3e1b4a57
12:27:18.0 (46667429)|STATEMENT_EXECUTE|[60]
12:27:18.0 (46675507)|VARIABLE_ASSIGNMENT|[60]|this.JobCategory1|"営業系"|0x3e1b4a57
12:27:18.0 (46678264)|STATEMENT_EXECUTE|[61]
12:27:18.0 (46683250)|VARIABLE_ASSIGNMENT|[61]|this.MaxAnnualSalary|400|0x3e1b4a57
12:27:18.0 (46685590)|STATEMENT_EXECUTE|[62]
12:27:18.0 (46688761)|VARIABLE_ASSIGNMENT|[62]|this.MinAnnualSalary|500|0x3e1b4a57
12:27:18.0 (46691173)|STATEMENT_EXECUTE|[63]
12:27:18.0 (46694740)|VARIABLE_ASSIGNMENT|[63]|this.JobDescription|"テスト402仕事内容仕事内容仕事内容仕事 (30 more) ..."|0x3e1b4a57
12:27:18.0 (46697634)|STATEMENT_EXECUTE|[64]
12:27:18.0 (46705500)|VARIABLE_ASSIGNMENT|[64]|this.LastModifiedDate|"2026-03-09T05:51:49.000Z"|0x3e1b4a57
12:27:18.0 (46707960)|STATEMENT_EXECUTE|[65]
12:27:18.0 (46712907)|VARIABLE_ASSIGNMENT|[65]|this.LastViewedDate|"2026-03-18T09:45:33.000Z"|0x3e1b4a57
12:27:18.0 (46715299)|STATEMENT_EXECUTE|[66]
12:27:18.0 (46722624)|HEAP_ALLOCATE|[66]|Bytes:5
12:27:18.0 (46725785)|VARIABLE_ASSIGNMENT|[66]|this.IsFavorite|false|0x3e1b4a57
12:27:18.0 (46728104)|STATEMENT_EXECUTE|[67]
12:27:18.0 (46731675)|HEAP_ALLOCATE|[EXTERNAL]|Bytes:4
12:27:18.0 (46737515)|HEAP_ALLOCATE|[55]|Bytes:5
12:27:18.0 (46742515)|HEAP_ALLOCATE|[55]|Bytes:40
12:27:18.0 (46745763)|VARIABLE_SCOPE_BEGIN|[55]|j|Job__c|true|false
12:27:18.0 (46785830)|VARIABLE_ASSIGNMENT|[55]|j|{"LastModifiedDate":"2026-03-06T01:15:09.000Z","JobPosition__c":"千代田区(東京) 設備積算・大手サブコン (18 more) ...","WorkLocation2__c":"東京都千代田区","LastViewedDate":"2026-03-17T05:57:19.000Z","Id":"a0KBK00000GezgH2AR","MinAnnualSalary__c":400,"JobDescription__c":"事務所ビルや商業施設、工場など、多様な建 (105 more) ...","JobCategory1__c":"営業系","MaxAnnualSalary__c":650}|0x22e93088
12:27:18.0 (46792012)|STATEMENT_EXECUTE|[55]
12:27:18.0 (46792892)|STATEMENT_EXECUTE|[56]
12:27:18.0 (46794784)|HEAP_ALLOCATE|[56]|Bytes:44
12:27:18.0 (46797836)|CONSTRUCTOR_ENTRY|[56]|01pBK000001RGBP|<init>()|JobCardsController.JobWrapper
12:27:18.0 (46801309)|VARIABLE_SCOPE_BEGIN|[12]|this|JobCardsController.JobWrapper|true|false
12:27:18.0 (46811059)|VARIABLE_ASSIGNMENT|[12]|this|{}|0x18b1d584
12:27:18.0 (46818230)|STATEMENT_EXECUTE|[12]
12:27:18.0 (46819114)|STATEMENT_EXECUTE|[13]
12:27:18.0 (46819909)|STATEMENT_EXECUTE|[14]
12:27:18.0 (46820721)|STATEMENT_EXECUTE|[15]
12:27:18.0 (46821509)|STATEMENT_EXECUTE|[16]
12:27:18.0 (46822281)|STATEMENT_EXECUTE|[17]
12:27:18.0 (46823021)|STATEMENT_EXECUTE|[18]
12:27:18.0 (46823776)|STATEMENT_EXECUTE|[19]
12:27:18.0 (46824530)|STATEMENT_EXECUTE|[20]
12:27:18.0 (46825280)|STATEMENT_EXECUTE|[21]
12:27:18.0 (46826017)|STATEMENT_EXECUTE|[22]
12:27:18.0 (46827557)|CONSTRUCTOR_EXIT|[56]|01pBK000001RGBP|<init>()|JobCardsController.JobWrapper
12:27:18.0 (46830448)|VARIABLE_SCOPE_BEGIN|[56]|wrapper|JobCardsController.JobWrapper|true|false
12:27:18.0 (46836831)|VARIABLE_ASSIGNMENT|[56]|wrapper|{}|0x18b1d584
12:27:18.0 (46839401)|STATEMENT_EXECUTE|[57]
12:27:18.0 (46868288)|VARIABLE_ASSIGNMENT|[57]|this.Id|"a0KBK00000GezgH2AR"|0x18b1d584
12:27:18.0 (46871166)|STATEMENT_EXECUTE|[58]
12:27:18.0 (46875574)|VARIABLE_ASSIGNMENT|[58]|this.JobPosition|"千代田区(東京) 設備積算・大手サブコン (18 more) ..."|0x18b1d584
12:27:18.0 (46879014)|STATEMENT_EXECUTE|[59]
12:27:18.0 (46882443)|VARIABLE_ASSIGNMENT|[59]|this.WorkLocation2|"東京都千代田区"|0x18b1d584
12:27:18.0 (46885279)|STATEMENT_EXECUTE|[60]
12:27:18.0 (46888016)|VARIABLE_ASSIGNMENT|[60]|this.JobCategory1|"営業系"|0x18b1d584
12:27:18.0 (46890536)|STATEMENT_EXECUTE|[61]
12:27:18.0 (46894589)|VARIABLE_ASSIGNMENT|[61]|this.MaxAnnualSalary|650|0x18b1d584
12:27:18.0 (46896980)|STATEMENT_EXECUTE|[62]
12:27:18.0 (46900075)|VARIABLE_ASSIGNMENT|[62]|this.MinAnnualSalary|400|0x18b1d584
12:27:18.0 (46902516)|STATEMENT_EXECUTE|[63]
12:27:18.0 (46906088)|VARIABLE_ASSIGNMENT|[63]|this.JobDescription|"事務所ビルや商業施設、工場など、多様な建 (105 more) ..."|0x18b1d584
12:27:18.0 (46909074)|STATEMENT_EXECUTE|[64]
12:27:18.0 (46915589)|VARIABLE_ASSIGNMENT|[64]|this.LastModifiedDate|"2026-03-06T01:15:09.000Z"|0x18b1d584
12:27:18.0 (46917967)|STATEMENT_EXECUTE|[65]
12:27:18.0 (46922910)|VARIABLE_ASSIGNMENT|[65]|this.LastViewedDate|"2026-03-17T05:57:19.000Z"|0x18b1d584
12:27:18.0 (46925374)|STATEMENT_EXECUTE|[66]
12:27:18.0 (46931066)|HEAP_ALLOCATE|[66]|Bytes:5
12:27:18.0 (46933899)|VARIABLE_ASSIGNMENT|[66]|this.IsFavorite|false|0x18b1d584
12:27:18.0 (46936260)|STATEMENT_EXECUTE|[67]
12:27:18.0 (46939087)|HEAP_ALLOCATE|[EXTERNAL]|Bytes:4
12:27:18.0 (46944531)|HEAP_ALLOCATE|[55]|Bytes:5
12:27:18.0 (46949016)|HEAP_ALLOCATE|[55]|Bytes:36
12:27:18.0 (46951584)|VARIABLE_SCOPE_BEGIN|[55]|j|Job__c|true|false
12:27:18.0 (46983531)|VARIABLE_ASSIGNMENT|[55]|j|{"LastModifiedDate":"2026-02-06T01:25:17.000Z","JobPosition__c":"テスト467求人タイトル求人タイトル求人 (28 more) ...","LastViewedDate":"2026-04-02T09:39:31.000Z","Id":"a0KBK00000Gexdw2AB","MinAnnualSalary__c":216,"JobDescription__c":"テスト467仕事内容仕事内容仕事内容仕事 (30 more) ...","JobCategory1__c":"管理部門/事務系","MaxAnnualSalary__c":0}|0x1669a5d4
12:27:18.0 (46989154)|STATEMENT_EXECUTE|[55]
12:27:18.0 (46990151)|STATEMENT_EXECUTE|[56]
12:27:18.0 (46991809)|HEAP_ALLOCATE|[56]|Bytes:44
12:27:18.0 (46994479)|CONSTRUCTOR_ENTRY|[56]|01pBK000001RGBP|<init>()|JobCardsController.JobWrapper
12:27:18.0 (46997296)|VARIABLE_SCOPE_BEGIN|[12]|this|JobCardsController.JobWrapper|true|false
12:27:18.0 (47005304)|VARIABLE_ASSIGNMENT|[12]|this|{}|0x5d0a30b6
12:27:18.0 (47011885)|STATEMENT_EXECUTE|[12]
12:27:18.0 (47012714)|STATEMENT_EXECUTE|[13]
12:27:18.0 (47013556)|STATEMENT_EXECUTE|[14]
12:27:18.0 (47014355)|STATEMENT_EXECUTE|[15]
12:27:18.0 (47015170)|STATEMENT_EXECUTE|[16]
12:27:18.0 (47015922)|STATEMENT_EXECUTE|[17]
12:27:18.0 (47016661)|STATEMENT_EXECUTE|[18]
12:27:18.0 (47017423)|STATEMENT_EXECUTE|[19]
12:27:18.0 (47018193)|STATEMENT_EXECUTE|[20]
12:27:18.0 (47018925)|STATEMENT_EXECUTE|[21]
12:27:18.0 (47019671)|STATEMENT_EXECUTE|[22]
12:27:18.0 (47021025)|CONSTRUCTOR_EXIT|[56]|01pBK000001RGBP|<init>()|JobCardsController.JobWrapper
12:27:18.0 (47023615)|VARIABLE_SCOPE_BEGIN|[56]|wrapper|JobCardsController.JobWrapper|true|false
12:27:18.0 (47030155)|VARIABLE_ASSIGNMENT|[56]|wrapper|{}|0x5d0a30b6
12:27:18.0 (47032571)|STATEMENT_EXECUTE|[57]
12:27:18.0 (47056159)|VARIABLE_ASSIGNMENT|[57]|this.Id|"a0KBK00000Gexdw2AB"|0x5d0a30b6
12:27:18.0 (47059006)|STATEMENT_EXECUTE|[58]
12:27:18.0 (47063164)|VARIABLE_ASSIGNMENT|[58]|this.JobPosition|"テスト467求人タイトル求人タイトル求人 (28 more) ..."|0x5d0a30b6
12:27:18.0 (47065980)|STATEMENT_EXECUTE|[59]
12:27:18.0 (47068855)|VARIABLE_ASSIGNMENT|[59]|this.WorkLocation2|null|0x5d0a30b6
12:27:18.0 (47071170)|STATEMENT_EXECUTE|[60]
12:27:18.0 (47074334)|VARIABLE_ASSIGNMENT|[60]|this.JobCategory1|"管理部門/事務系"|0x5d0a30b6
12:27:18.0 (47077103)|STATEMENT_EXECUTE|[61]
12:27:18.0 (47098129)|HEAP_ALLOCATE|[61]|Bytes:28
12:27:18.0 (47102417)|VARIABLE_ASSIGNMENT|[61]|this.MaxAnnualSalary|0|0x5d0a30b6
12:27:18.0 (47104750)|STATEMENT_EXECUTE|[62]
12:27:18.0 (47108206)|VARIABLE_ASSIGNMENT|[62]|this.MinAnnualSalary|216|0x5d0a30b6
12:27:18.0 (47110425)|STATEMENT_EXECUTE|[63]
12:27:18.0 (47113974)|VARIABLE_ASSIGNMENT|[63]|this.JobDescription|"テスト467仕事内容仕事内容仕事内容仕事 (30 more) ..."|0x5d0a30b6
12:27:18.0 (47116730)|STATEMENT_EXECUTE|[64]
12:27:18.0 (47123425)|VARIABLE_ASSIGNMENT|[64]|this.LastModifiedDate|"2026-02-06T01:25:17.000Z"|0x5d0a30b6
12:27:18.0 (47125724)|STATEMENT_EXECUTE|[65]
12:27:18.0 (47130799)|VARIABLE_ASSIGNMENT|[65]|this.LastViewedDate|"2026-04-02T09:39:31.000Z"|0x5d0a30b6
12:27:18.0 (47133295)|STATEMENT_EXECUTE|[66]
12:27:18.0 (47138855)|HEAP_ALLOCATE|[66]|Bytes:5
12:27:18.0 (47141569)|VARIABLE_ASSIGNMENT|[66]|this.IsFavorite|false|0x5d0a30b6
12:27:18.0 (47143821)|STATEMENT_EXECUTE|[67]
12:27:18.0 (47146441)|HEAP_ALLOCATE|[EXTERNAL]|Bytes:4
12:27:18.0 (47151269)|HEAP_ALLOCATE|[55]|Bytes:5
12:27:18.0 (47155241)|HEAP_ALLOCATE|[55]|Bytes:36
12:27:18.0 (47157998)|VARIABLE_SCOPE_BEGIN|[55]|j|Job__c|true|false
12:27:18.0 (47188263)|VARIABLE_ASSIGNMENT|[55]|j|{"LastModifiedDate":"2026-02-05T00:50:25.000Z","JobPosition__c":"テスト297求人タイトル求人タイトル求人 (28 more) ...","LastViewedDate":"2026-03-28T05:28:09.000Z","Id":"a0KBK00000Gezpx2AB","MinAnnualSalary__c":350,"JobDescription__c":"テスト297仕事内容仕事内容仕事内容仕事 (30 more) ...","JobCategory1__c":"IT系（ソフトウェア/ネットワーク）","MaxAnnualSalary__c":600}|0x5e056256
12:27:18.0 (47194018)|STATEMENT_EXECUTE|[55]
12:27:18.0 (47194859)|STATEMENT_EXECUTE|[56]
12:27:18.0 (47196375)|HEAP_ALLOCATE|[56]|Bytes:44
12:27:18.0 (47198952)|CONSTRUCTOR_ENTRY|[56]|01pBK000001RGBP|<init>()|JobCardsController.JobWrapper
12:27:18.0 (47201715)|VARIABLE_SCOPE_BEGIN|[12]|this|JobCardsController.JobWrapper|true|false
12:27:18.0 (47209568)|VARIABLE_ASSIGNMENT|[12]|this|{}|0x68101926
12:27:18.0 (47215577)|STATEMENT_EXECUTE|[12]
12:27:18.0 (47216395)|STATEMENT_EXECUTE|[13]
12:27:18.0 (47217180)|STATEMENT_EXECUTE|[14]
12:27:18.0 (47217963)|STATEMENT_EXECUTE|[15]
12:27:18.0 (47218730)|STATEMENT_EXECUTE|[16]
12:27:18.0 (47219515)|STATEMENT_EXECUTE|[17]
12:27:18.0 (47220255)|STATEMENT_EXECUTE|[18]
12:27:18.0 (47221052)|STATEMENT_EXECUTE|[19]
12:27:18.0 (47221876)|STATEMENT_EXECUTE|[20]
12:27:18.0 (47222653)|STATEMENT_EXECUTE|[21]
12:27:18.0 (47223439)|STATEMENT_EXECUTE|[22]
12:27:18.0 (47224729)|CONSTRUCTOR_EXIT|[56]|01pBK000001RGBP|<init>()|JobCardsController.JobWrapper
12:27:18.0 (47230837)|VARIABLE_SCOPE_BEGIN|[56]|wrapper|JobCardsController.JobWrapper|true|false
12:27:18.0 (47237634)|VARIABLE_ASSIGNMENT|[56]|wrapper|{}|0x68101926
12:27:18.0 (47240466)|STATEMENT_EXECUTE|[57]
12:27:18.0 (47264134)|VARIABLE_ASSIGNMENT|[57]|this.Id|"a0KBK00000Gezpx2AB"|0x68101926
12:27:18.0 (47266937)|STATEMENT_EXECUTE|[58]
12:27:18.0 (47271558)|VARIABLE_ASSIGNMENT|[58]|this.JobPosition|"テスト297求人タイトル求人タイトル求人 (28 more) ..."|0x68101926
12:27:18.0 (47274503)|STATEMENT_EXECUTE|[59]
12:27:18.0 (47277075)|VARIABLE_ASSIGNMENT|[59]|this.WorkLocation2|null|0x68101926
12:27:18.0 (47279443)|STATEMENT_EXECUTE|[60]
12:27:18.0 (47282898)|VARIABLE_ASSIGNMENT|[60]|this.JobCategory1|"IT系（ソフトウェア/ネットワーク）"|0x68101926
12:27:18.0 (47285645)|STATEMENT_EXECUTE|[61]
12:27:18.0 (47289527)|VARIABLE_ASSIGNMENT|[61]|this.MaxAnnualSalary|600|0x68101926
12:27:18.0 (47292739)|STATEMENT_EXECUTE|[62]
12:27:18.0 (47297786)|VARIABLE_ASSIGNMENT|[62]|this.MinAnnualSalary|350|0x68101926
12:27:18.0 (47301317)|STATEMENT_EXECUTE|[63]
12:27:18.0 (47306393)|VARIABLE_ASSIGNMENT|[63]|this.JobDescription|"テスト297仕事内容仕事内容仕事内容仕事 (30 more) ..."|0x68101926
12:27:18.0 (47310584)|STATEMENT_EXECUTE|[64]
12:27:18.0 (47319029)|VARIABLE_ASSIGNMENT|[64]|this.LastModifiedDate|"2026-02-05T00:50:25.000Z"|0x68101926
12:27:18.0 (47322384)|STATEMENT_EXECUTE|[65]
12:27:18.0 (47328827)|VARIABLE_ASSIGNMENT|[65]|this.LastViewedDate|"2026-03-28T05:28:09.000Z"|0x68101926
12:27:18.0 (47332294)|STATEMENT_EXECUTE|[66]
12:27:18.0 (47341155)|HEAP_ALLOCATE|[66]|Bytes:5
12:27:18.0 (47345274)|VARIABLE_ASSIGNMENT|[66]|this.IsFavorite|false|0x68101926
12:27:18.0 (47348939)|STATEMENT_EXECUTE|[67]
12:27:18.0 (47352914)|HEAP_ALLOCATE|[EXTERNAL]|Bytes:4
12:27:18.0 (47359979)|HEAP_ALLOCATE|[55]|Bytes:5
12:27:18.0 (47366794)|HEAP_ALLOCATE|[55]|Bytes:36
12:27:18.0 (47370783)|VARIABLE_SCOPE_BEGIN|[55]|j|Job__c|true|false
12:27:18.0 (47409173)|VARIABLE_ASSIGNMENT|[55]|j|{"LastModifiedDate":"2026-02-05T00:49:22.000Z","JobPosition__c":"テスト407求人タイトル求人タイトル求人 (28 more) ...","LastViewedDate":"2026-03-18T09:45:42.000Z","Id":"a0KBK00000Gexcy2AB","MinAnnualSalary__c":350,"JobDescription__c":"テスト407仕事内容仕事内容仕事内容仕事 (30 more) ...","JobCategory1__c":"営業系","MaxAnnualSalary__c":450}|0x60aa9eb9
12:27:18.0 (47415421)|STATEMENT_EXECUTE|[55]
12:27:18.0 (47416307)|STATEMENT_EXECUTE|[56]
12:27:18.0 (47418018)|HEAP_ALLOCATE|[56]|Bytes:44
12:27:18.0 (47421027)|CONSTRUCTOR_ENTRY|[56]|01pBK000001RGBP|<init>()|JobCardsController.JobWrapper
12:27:18.0 (47424328)|VARIABLE_SCOPE_BEGIN|[12]|this|JobCardsController.JobWrapper|true|false
12:27:18.0 (47433659)|VARIABLE_ASSIGNMENT|[12]|this|{}|0xc3daf81
12:27:18.0 (47440152)|STATEMENT_EXECUTE|[12]
12:27:18.0 (47441014)|STATEMENT_EXECUTE|[13]
12:27:18.0 (47441831)|STATEMENT_EXECUTE|[14]
12:27:18.0 (47442620)|STATEMENT_EXECUTE|[15]
12:27:18.0 (47443419)|STATEMENT_EXECUTE|[16]
12:27:18.0 (47444206)|STATEMENT_EXECUTE|[17]
12:27:18.0 (47444952)|STATEMENT_EXECUTE|[18]
12:27:18.0 (47445754)|STATEMENT_EXECUTE|[19]
12:27:18.0 (47446569)|STATEMENT_EXECUTE|[20]
12:27:18.0 (47447338)|STATEMENT_EXECUTE|[21]
12:27:18.0 (47448155)|STATEMENT_EXECUTE|[22]
12:27:18.0 (47449551)|CONSTRUCTOR_EXIT|[56]|01pBK000001RGBP|<init>()|JobCardsController.JobWrapper
12:27:18.0 (47452108)|VARIABLE_SCOPE_BEGIN|[56]|wrapper|JobCardsController.JobWrapper|true|false
12:27:18.0 (47458495)|VARIABLE_ASSIGNMENT|[56]|wrapper|{}|0xc3daf81
12:27:18.0 (47461008)|STATEMENT_EXECUTE|[57]
12:27:18.0 (47489786)|VARIABLE_ASSIGNMENT|[57]|this.Id|"a0KBK00000Gexcy2AB"|0xc3daf81
12:27:18.0 (47492586)|STATEMENT_EXECUTE|[58]
12:27:18.0 (47496697)|VARIABLE_ASSIGNMENT|[58]|this.JobPosition|"テスト407求人タイトル求人タイトル求人 (28 more) ..."|0xc3daf81
12:27:18.0 (47499839)|STATEMENT_EXECUTE|[59]
12:27:18.0 (47502454)|VARIABLE_ASSIGNMENT|[59]|this.WorkLocation2|null|0xc3daf81
12:27:18.0 (47504761)|STATEMENT_EXECUTE|[60]
12:27:18.0 (47507626)|VARIABLE_ASSIGNMENT|[60]|this.JobCategory1|"営業系"|0xc3daf81
12:27:18.0 (47510332)|STATEMENT_EXECUTE|[61]
12:27:18.0 (47514605)|VARIABLE_ASSIGNMENT|[61]|this.MaxAnnualSalary|450|0xc3daf81
12:27:18.0 (47516973)|STATEMENT_EXECUTE|[62]
12:27:18.0 (47520023)|VARIABLE_ASSIGNMENT|[62]|this.MinAnnualSalary|350|0xc3daf81
12:27:18.0 (47522619)|STATEMENT_EXECUTE|[63]
12:27:18.0 (47526070)|VARIABLE_ASSIGNMENT|[63]|this.JobDescription|"テスト407仕事内容仕事内容仕事内容仕事 (30 more) ..."|0xc3daf81
12:27:18.0 (47528848)|STATEMENT_EXECUTE|[64]
12:27:18.0 (47535701)|VARIABLE_ASSIGNMENT|[64]|this.LastModifiedDate|"2026-02-05T00:49:22.000Z"|0xc3daf81
12:27:18.0 (47538160)|STATEMENT_EXECUTE|[65]
12:27:18.0 (47543053)|VARIABLE_ASSIGNMENT|[65]|this.LastViewedDate|"2026-03-18T09:45:42.000Z"|0xc3daf81
12:27:18.0 (47545453)|STATEMENT_EXECUTE|[66]
12:27:18.0 (47551262)|HEAP_ALLOCATE|[66]|Bytes:5
12:27:18.0 (47554044)|VARIABLE_ASSIGNMENT|[66]|this.IsFavorite|false|0xc3daf81
12:27:18.0 (47556282)|STATEMENT_EXECUTE|[67]
12:27:18.0 (47558979)|HEAP_ALLOCATE|[EXTERNAL]|Bytes:4
12:27:18.0 (47564333)|HEAP_ALLOCATE|[55]|Bytes:5
12:27:18.0 (47569483)|VARIABLE_ASSIGNMENT|[55]|j|null|
12:27:18.0 (47573399)|STATEMENT_EXECUTE|[69]
12:27:18.47 (47626209)|CUMULATIVE_LIMIT_USAGE
12:27:18.47 (47626209)|LIMIT_USAGE_FOR_NS|(default)|
  Number of SOQL queries: 2 out of 100
  Number of query rows: 14 out of 50000
  Number of SOSL queries: 0 out of 20
  Number of DML statements: 0 out of 150
  Number of Publish Immediate DML: 0 out of 150
  Number of DML rows: 0 out of 10000
  Maximum CPU time: 0 out of 10000
  Maximum heap size: 0 out of 6000000
  Number of callouts: 0 out of 100
  Number of Email Invocations: 0 out of 10
  Number of future calls: 0 out of 50
  Number of queueable jobs added to the queue: 0 out of 50
  Number of Mobile Apex push calls: 0 out of 10

12:27:18.47 (47626209)|CUMULATIVE_LIMIT_USAGE_END

12:27:18.0 (47662269)|CODE_UNIT_FINISHED|JobCardsController.getJobs()
12:27:18.0 (47835801)|CODE_UNIT_FINISHED|apex://JobCardsController/ACTION$getJobs
12:27:18.0 (47843684)|EXECUTION_FINISHED
