66.0 APEX_CODE,FINEST;APEX_PROFILING,INFO;CALLOUT,INFO;DATA_ACCESS,INFO;DB,INFO;NBA,INFO;SYSTEM,DEBUG;VALIDATION,INFO;VISUALFORCE,INFO;WAVE,INFO;WORKFLOW,INFO
17:59:28.1 (1618244)|USER_INFO|[EXTERNAL]|0057F0000042UBb|ishibashi@hurex.co.jp.dev1|(GMT+09:00) 日本標準時 (Asia/Tokyo)|GMT+09:00
17:59:28.1 (1663411)|EXECUTION_STARTED
17:59:28.1 (1679415)|CODE_UNIT_STARTED|[EXTERNAL]|apex://CareerHistoryController/ACTION$getCareerHistory
17:59:28.1 (3278082)|CODE_UNIT_STARTED|[EXTERNAL]|01pBK000001lv3t|CareerHistoryController.getCareerHistory()
17:59:28.1 (8071255)|HEAP_ALLOCATE|[95]|Bytes:3
17:59:28.1 (8192740)|HEAP_ALLOCATE|[100]|Bytes:152
17:59:28.1 (8212220)|HEAP_ALLOCATE|[417]|Bytes:408
17:59:28.1 (8228369)|HEAP_ALLOCATE|[430]|Bytes:408
17:59:28.1 (8248999)|HEAP_ALLOCATE|[317]|Bytes:6
17:59:28.1 (8259858)|HEAP_ALLOCATE|[EXTERNAL]|Bytes:13
17:59:28.1 (8263230)|HEAP_ALLOCATE|[EXTERNAL]|Bytes:17
17:59:28.1 (8265269)|HEAP_ALLOCATE|[EXTERNAL]|Bytes:2
17:59:28.1 (8288177)|METHOD_ENTRY|[1]|01pBK000001lv3t|CareerHistoryController.CareerHistoryController()
17:59:28.1 (8301138)|STATEMENT_EXECUTE|[1]
17:59:28.1 (8303849)|STATEMENT_EXECUTE|[1]
17:59:28.1 (8322889)|HEAP_ALLOCATE|[68]|Bytes:5
17:59:28.1 (8350076)|HEAP_ALLOCATE|[74]|Bytes:5
17:59:28.1 (8354749)|HEAP_ALLOCATE|[82]|Bytes:7
17:59:28.1 (8714585)|HEAP_ALLOCATE|[EXTERNAL]|Bytes:5
17:59:28.1 (8724698)|STATEMENT_EXECUTE|[4]
17:59:28.1 (8742936)|METHOD_EXIT|[1]|CareerHistoryController
17:59:28.1 (8758600)|HEAP_ALLOCATE|[21]|Bytes:5
17:59:28.1 (8762974)|STATEMENT_EXECUTE|[20]
17:59:28.1 (8764337)|STATEMENT_EXECUTE|[21]
17:59:28.1 (8783061)|HEAP_ALLOCATE|[21]|Bytes:4
17:59:28.1 (8916618)|VARIABLE_SCOPE_BEGIN|[21]|careerList|List<CareerHistoryController.CareerWrapper>|true|false
17:59:28.1 (8955220)|HEAP_ALLOCATE|[EXTERNAL]|Bytes:4
17:59:28.1 (9022214)|VARIABLE_ASSIGNMENT|[21]|careerList|[]|0x14c8fefe
17:59:28.1 (9030141)|STATEMENT_EXECUTE|[22]
17:59:28.1 (9123927)|HEAP_ALLOCATE|[22]|Bytes:4
17:59:28.1 (9246935)|VARIABLE_SCOPE_BEGIN|[22]|acc|Account|true|false
17:59:28.1 (9266472)|VARIABLE_ASSIGNMENT|[22]|acc|{}|0x4dafcca5
17:59:28.1 (9269814)|STATEMENT_EXECUTE|[24]
17:59:28.1 (9270697)|STATEMENT_EXECUTE|[24]
17:59:28.1 (9271491)|STATEMENT_EXECUTE|[25]
17:59:28.1 (9274682)|HEAP_ALLOCATE|[25]|Bytes:54
17:59:28.1 (9290967)|HEAP_ALLOCATE|[25]|Bytes:4
17:59:28.1 (9298558)|HEAP_ALLOCATE|[25]|Bytes:7
17:59:28.1 (9342332)|HEAP_ALLOCATE|[25]|Bytes:105
17:59:28.1 (9353649)|SYSTEM_METHOD_ENTRY|[1]|UserInfo.UserInfo()
17:59:28.1 (9356343)|STATEMENT_EXECUTE|[1]
17:59:28.1 (9362227)|SYSTEM_METHOD_EXIT|[1]|UserInfo
17:59:28.1 (9377966)|METHOD_ENTRY|[25]||System.UserInfo.getUserId()
17:59:28.1 (14371499)|METHOD_EXIT|[25]||System.UserInfo.getUserId()
17:59:28.1 (17320169)|SOQL_EXECUTE_BEGIN|[25]|Aggregations:0|SELECT AccountId FROM User WHERE Id = :tmpVar1 LIMIT 1
17:59:28.1 (39011491)|SOQL_EXECUTE_END|[25]|Rows:1
17:59:28.1 (39059208)|HEAP_ALLOCATE|[25]|Bytes:8
17:59:28.1 (39083345)|HEAP_ALLOCATE|[25]|Bytes:29
17:59:28.1 (39214364)|HEAP_ALLOCATE|[25]|Bytes:8
17:59:28.1 (39236615)|HEAP_ALLOCATE|[25]|Bytes:30
17:59:28.1 (39314979)|HEAP_ALLOCATE|[25]|Bytes:8
17:59:28.1 (39323496)|VARIABLE_SCOPE_BEGIN|[25]|currentUser|User|true|false
17:59:28.1 (39388992)|VARIABLE_ASSIGNMENT|[25]|currentUser|{"Id":"0057F0000042UBbQAM"}|0x986d0f6
17:59:28.1 (39405911)|STATEMENT_EXECUTE|[27]
17:59:28.1 (39409535)|STATEMENT_EXECUTE|[44]
17:59:28.1 (39501412)|HEAP_ALLOCATE|[44]|Bytes:276
17:59:28.1 (39506569)|HEAP_ALLOCATE|[44]|Bytes:21
17:59:28.1 (39529919)|HEAP_ALLOCATE|[44]|Bytes:40
17:59:28.1 (39557044)|CONSTRUCTOR_ENTRY|[44]|01pBK000001lv3t|<init>()|CareerHistoryController.CareerWrapper
17:59:28.1 (39656266)|VARIABLE_SCOPE_BEGIN|[4]|this|CareerHistoryController.CareerWrapper|true|false
17:59:28.1 (39746735)|VARIABLE_ASSIGNMENT|[4]|this|{}|0x425a7400
17:59:28.1 (39756407)|HEAP_ALLOCATE|[EXTERNAL]|Bytes:6
17:59:28.1 (39789647)|STATEMENT_EXECUTE|[4]
17:59:28.1 (39791062)|STATEMENT_EXECUTE|[5]
17:59:28.1 (39792180)|STATEMENT_EXECUTE|[6]
17:59:28.1 (39793191)|STATEMENT_EXECUTE|[7]
17:59:28.1 (39794119)|STATEMENT_EXECUTE|[8]
17:59:28.1 (39795147)|STATEMENT_EXECUTE|[9]
17:59:28.1 (39796000)|STATEMENT_EXECUTE|[10]
17:59:28.1 (39796934)|STATEMENT_EXECUTE|[11]
17:59:28.1 (39797902)|STATEMENT_EXECUTE|[12]
17:59:28.1 (39798932)|STATEMENT_EXECUTE|[13]
17:59:28.1 (39803176)|CONSTRUCTOR_EXIT|[44]|01pBK000001lv3t|<init>()|CareerHistoryController.CareerWrapper
17:59:28.1 (39807404)|VARIABLE_SCOPE_BEGIN|[44]|c1|CareerHistoryController.CareerWrapper|true|false
17:59:28.1 (39818901)|VARIABLE_ASSIGNMENT|[44]|c1|{}|0x425a7400
17:59:28.1 (39821937)|STATEMENT_EXECUTE|[45]
17:59:28.1 (39823731)|HEAP_ALLOCATE|[45]|Bytes:1
17:59:28.1 (39878690)|VARIABLE_ASSIGNMENT|[EXTERNAL]|this|{}|0x425a7400
17:59:28.1 (39885214)|VARIABLE_ASSIGNMENT|[EXTERNAL]|value|"1"
17:59:28.1 (39902154)|VARIABLE_ASSIGNMENT|[5]|this.id|"1"|0x425a7400
17:59:28.1 (39908856)|STATEMENT_EXECUTE|[46]
17:59:28.1 (39928048)|METHOD_ENTRY|[46]|01pBK000001lv3t|CareerHistoryController.nullToEmpty(String)
17:59:28.1 (39936074)|VARIABLE_SCOPE_BEGIN|[145]|str|String|false|false
17:59:28.1 (39942436)|VARIABLE_ASSIGNMENT|[145]|str|null
17:59:28.1 (39958113)|HEAP_ALLOCATE|[145]|Bytes:5
17:59:28.1 (39960516)|STATEMENT_EXECUTE|[145]
17:59:28.1 (39961623)|STATEMENT_EXECUTE|[145]
17:59:28.1 (39971089)|METHOD_EXIT|[46]|01pBK000001lv3t|CareerHistoryController.nullToEmpty(String)
17:59:28.1 (39987801)|VARIABLE_ASSIGNMENT|[EXTERNAL]|this|{"id":"1"}|0x425a7400
17:59:28.1 (39992380)|VARIABLE_ASSIGNMENT|[EXTERNAL]|value|""
17:59:28.1 (39996934)|VARIABLE_ASSIGNMENT|[6]|this.companyName|""|0x425a7400
17:59:28.1 (40001059)|STATEMENT_EXECUTE|[47]
17:59:28.1 (40005562)|METHOD_ENTRY|[47]|01pBK000001lv3t|CareerHistoryController.nullToEmpty(String)
17:59:28.1 (40009685)|VARIABLE_SCOPE_BEGIN|[145]|str|String|false|false
17:59:28.1 (40013367)|VARIABLE_ASSIGNMENT|[145]|str|null
17:59:28.1 (40017259)|HEAP_ALLOCATE|[145]|Bytes:5
17:59:28.1 (40018970)|STATEMENT_EXECUTE|[145]
17:59:28.1 (40019864)|STATEMENT_EXECUTE|[145]
17:59:28.1 (40022046)|METHOD_EXIT|[47]|01pBK000001lv3t|CareerHistoryController.nullToEmpty(String)
17:59:28.1 (40037657)|VARIABLE_ASSIGNMENT|[EXTERNAL]|this|{"companyName":"","id":"1"}|0x425a7400
17:59:28.1 (40041750)|VARIABLE_ASSIGNMENT|[EXTERNAL]|value|""
17:59:28.1 (40045910)|VARIABLE_ASSIGNMENT|[10]|this.annualIncome|""|0x425a7400
17:59:28.1 (40049658)|STATEMENT_EXECUTE|[48]
17:59:28.1 (40052229)|METHOD_ENTRY|[48]|01pBK000001lv3t|CareerHistoryController.nullToEmpty(String)
17:59:28.1 (40056068)|VARIABLE_SCOPE_BEGIN|[145]|str|String|false|false
17:59:28.1 (40059657)|VARIABLE_ASSIGNMENT|[145]|str|null
17:59:28.1 (40062740)|HEAP_ALLOCATE|[145]|Bytes:5
17:59:28.1 (40064411)|STATEMENT_EXECUTE|[145]
17:59:28.1 (40065219)|STATEMENT_EXECUTE|[145]
17:59:28.1 (40067273)|METHOD_EXIT|[48]|01pBK000001lv3t|CareerHistoryController.nullToEmpty(String)
17:59:28.1 (40081763)|VARIABLE_ASSIGNMENT|[EXTERNAL]|this|{"annualIncome":"","companyName":"","id":"1"}|0x425a7400
17:59:28.1 (40085947)|VARIABLE_ASSIGNMENT|[EXTERNAL]|value|""
17:59:28.1 (40089930)|VARIABLE_ASSIGNMENT|[11]|this.jobDescription|""|0x425a7400
17:59:28.1 (40093621)|STATEMENT_EXECUTE|[50]
17:59:28.1 (40096350)|METHOD_ENTRY|[50]|01pBK000001lv3t|CareerHistoryController.nullToEmpty(String)
17:59:28.1 (40099905)|VARIABLE_SCOPE_BEGIN|[145]|str|String|false|false
17:59:28.1 (40103486)|VARIABLE_ASSIGNMENT|[145]|str|null
17:59:28.1 (40106596)|HEAP_ALLOCATE|[145]|Bytes:5
17:59:28.1 (40108310)|STATEMENT_EXECUTE|[145]
17:59:28.1 (40109084)|STATEMENT_EXECUTE|[145]
17:59:28.1 (40111072)|METHOD_EXIT|[50]|01pBK000001lv3t|CareerHistoryController.nullToEmpty(String)
17:59:28.1 (40124757)|VARIABLE_ASSIGNMENT|[EXTERNAL]|this|{"annualIncome":"","companyName":"","id":"1","jobDescription":""}|0x425a7400
17:59:28.1 (40128807)|VARIABLE_ASSIGNMENT|[EXTERNAL]|value|""
17:59:28.1 (40132679)|VARIABLE_ASSIGNMENT|[12]|this.jobGroup|""|0x425a7400
17:59:28.1 (40136518)|STATEMENT_EXECUTE|[51]
17:59:28.1 (40138909)|METHOD_ENTRY|[51]|01pBK000001lv3t|CareerHistoryController.nullToEmpty(String)
17:59:28.1 (40142559)|VARIABLE_SCOPE_BEGIN|[145]|str|String|false|false
17:59:28.1 (40145974)|VARIABLE_ASSIGNMENT|[145]|str|null
17:59:28.1 (40148931)|HEAP_ALLOCATE|[145]|Bytes:5
17:59:28.1 (40150622)|STATEMENT_EXECUTE|[145]
17:59:28.1 (40151548)|STATEMENT_EXECUTE|[145]
17:59:28.1 (40153550)|METHOD_EXIT|[51]|01pBK000001lv3t|CareerHistoryController.nullToEmpty(String)
17:59:28.1 (40167543)|VARIABLE_ASSIGNMENT|[EXTERNAL]|this|{"annualIncome":"","companyName":"","id":"1","jobDescription":"","jobGroup":""}|0x425a7400
17:59:28.1 (40171735)|VARIABLE_ASSIGNMENT|[EXTERNAL]|value|""
17:59:28.1 (40175593)|VARIABLE_ASSIGNMENT|[13]|this.jobGroupOption|""|0x425a7400
17:59:28.1 (40179243)|STATEMENT_EXECUTE|[52]
17:59:28.1 (40188647)|METHOD_ENTRY|[52]|01pBK000001lv3t|CareerHistoryController.formatDateToYYYYMM(Date)
17:59:28.1 (40196003)|VARIABLE_SCOPE_BEGIN|[147]|d|Date|false|false
17:59:28.1 (40200090)|VARIABLE_ASSIGNMENT|[147]|d|null
17:59:28.1 (40204092)|HEAP_ALLOCATE|[148]|Bytes:5
17:59:28.1 (40206233)|STATEMENT_EXECUTE|[147]
17:59:28.1 (40207402)|STATEMENT_EXECUTE|[148]
17:59:28.1 (40210322)|METHOD_EXIT|[52]|01pBK000001lv3t|CareerHistoryController.formatDateToYYYYMM(Date)
17:59:28.1 (40225123)|VARIABLE_ASSIGNMENT|[EXTERNAL]|this|{"annualIncome":"","companyName":"","id":"1","jobDescription":"","jobGroup":"","jobGroupOption":""}|0x425a7400
17:59:28.1 (40229327)|VARIABLE_ASSIGNMENT|[EXTERNAL]|value|""
17:59:28.1 (40233434)|VARIABLE_ASSIGNMENT|[7]|this.startDateInput|""|0x425a7400
17:59:28.1 (40237139)|STATEMENT_EXECUTE|[53]
17:59:28.1 (40239917)|METHOD_ENTRY|[53]|01pBK000001lv3t|CareerHistoryController.formatDateToYYYYMM(Date)
17:59:28.1 (40243654)|VARIABLE_SCOPE_BEGIN|[147]|d|Date|false|false
17:59:28.1 (40247149)|VARIABLE_ASSIGNMENT|[147]|d|null
17:59:28.1 (40250512)|HEAP_ALLOCATE|[148]|Bytes:5
17:59:28.1 (40252308)|STATEMENT_EXECUTE|[147]
17:59:28.1 (40253176)|STATEMENT_EXECUTE|[148]
17:59:28.1 (40255017)|METHOD_EXIT|[53]|01pBK000001lv3t|CareerHistoryController.formatDateToYYYYMM(Date)
17:59:28.1 (40268973)|VARIABLE_ASSIGNMENT|[EXTERNAL]|this|{"annualIncome":"","companyName":"","id":"1","jobDescription":"","jobGroup":"","jobGroupOption":"","startDateInput":""}|0x425a7400
17:59:28.1 (40273351)|VARIABLE_ASSIGNMENT|[EXTERNAL]|value|""
17:59:28.1 (40277693)|VARIABLE_ASSIGNMENT|[8]|this.endDateInput|""|0x425a7400
17:59:28.1 (40281373)|STATEMENT_EXECUTE|[54]
17:59:28.1 (40305932)|VARIABLE_ASSIGNMENT|[EXTERNAL]|this|{"annualIncome":"","companyName":"","endDateInput":"","id":"1","jobDescription":"","jobGroup":"","jobGroupOption":"","startDateInput":""}|0x425a7400
17:59:28.1 (40312007)|VARIABLE_ASSIGNMENT|[EXTERNAL]|value|true
17:59:28.1 (40315320)|HEAP_ALLOCATE|[9]|Bytes:5
17:59:28.1 (40318727)|VARIABLE_ASSIGNMENT|[9]|this.isCurrentJob|true|0x425a7400
17:59:28.1 (40322869)|STATEMENT_EXECUTE|[55]
17:59:28.1 (40363737)|HEAP_ALLOCATE|[EXTERNAL]|Bytes:4
17:59:28.1 (40369208)|STATEMENT_EXECUTE|[58]
17:59:28.1 (40373661)|HEAP_ALLOCATE|[58]|Bytes:40
17:59:28.1 (40377721)|CONSTRUCTOR_ENTRY|[58]|01pBK000001lv3t|<init>()|CareerHistoryController.CareerWrapper
17:59:28.1 (40385587)|VARIABLE_SCOPE_BEGIN|[4]|this|CareerHistoryController.CareerWrapper|true|false
17:59:28.1 (40395012)|VARIABLE_ASSIGNMENT|[4]|this|{}|0x141b2087
17:59:28.1 (40408630)|STATEMENT_EXECUTE|[4]
17:59:28.1 (40410054)|STATEMENT_EXECUTE|[5]
17:59:28.1 (40411186)|STATEMENT_EXECUTE|[6]
17:59:28.1 (40412344)|STATEMENT_EXECUTE|[7]
17:59:28.1 (40413468)|STATEMENT_EXECUTE|[8]
17:59:28.1 (40414584)|STATEMENT_EXECUTE|[9]
17:59:28.1 (40415567)|STATEMENT_EXECUTE|[10]
17:59:28.1 (40416676)|STATEMENT_EXECUTE|[11]
17:59:28.1 (40417711)|STATEMENT_EXECUTE|[12]
17:59:28.1 (40418807)|STATEMENT_EXECUTE|[13]
17:59:28.1 (40421709)|CONSTRUCTOR_EXIT|[58]|01pBK000001lv3t|<init>()|CareerHistoryController.CareerWrapper
17:59:28.1 (40426635)|VARIABLE_SCOPE_BEGIN|[58]|c2|CareerHistoryController.CareerWrapper|true|false
17:59:28.1 (40440624)|VARIABLE_ASSIGNMENT|[58]|c2|{}|0x141b2087
17:59:28.1 (40444576)|STATEMENT_EXECUTE|[59]
17:59:28.1 (40446834)|HEAP_ALLOCATE|[59]|Bytes:1
17:59:28.1 (40465598)|VARIABLE_ASSIGNMENT|[EXTERNAL]|this|{}|0x141b2087
17:59:28.1 (40472433)|VARIABLE_ASSIGNMENT|[EXTERNAL]|value|"2"
17:59:28.1 (40478478)|VARIABLE_ASSIGNMENT|[5]|this.id|"2"|0x141b2087
17:59:28.1 (40484387)|STATEMENT_EXECUTE|[60]
17:59:28.1 (40489559)|METHOD_ENTRY|[60]|01pBK000001lv3t|CareerHistoryController.nullToEmpty(String)
17:59:28.1 (40495575)|VARIABLE_SCOPE_BEGIN|[145]|str|String|false|false
17:59:28.1 (40501881)|VARIABLE_ASSIGNMENT|[145]|str|null
17:59:28.1 (40507950)|HEAP_ALLOCATE|[145]|Bytes:5
17:59:28.1 (40510672)|STATEMENT_EXECUTE|[145]
17:59:28.1 (40511846)|STATEMENT_EXECUTE|[145]
17:59:28.1 (40515326)|METHOD_EXIT|[60]|01pBK000001lv3t|CareerHistoryController.nullToEmpty(String)
17:59:28.1 (40531769)|VARIABLE_ASSIGNMENT|[EXTERNAL]|this|{"id":"2"}|0x141b2087
17:59:28.1 (40537598)|VARIABLE_ASSIGNMENT|[EXTERNAL]|value|""
17:59:28.1 (40543117)|VARIABLE_ASSIGNMENT|[6]|this.companyName|""|0x141b2087
17:59:28.1 (40548854)|STATEMENT_EXECUTE|[61]
17:59:28.1 (40552809)|METHOD_ENTRY|[61]|01pBK000001lv3t|CareerHistoryController.nullToEmpty(String)
17:59:28.1 (40558683)|VARIABLE_SCOPE_BEGIN|[145]|str|String|false|false
17:59:28.1 (40564605)|VARIABLE_ASSIGNMENT|[145]|str|null
17:59:28.1 (40569576)|HEAP_ALLOCATE|[145]|Bytes:5
17:59:28.1 (40572353)|STATEMENT_EXECUTE|[145]
17:59:28.1 (40573697)|STATEMENT_EXECUTE|[145]
17:59:28.1 (40576537)|METHOD_EXIT|[61]|01pBK000001lv3t|CareerHistoryController.nullToEmpty(String)
17:59:28.1 (40593820)|VARIABLE_ASSIGNMENT|[EXTERNAL]|this|{"companyName":"","id":"2"}|0x141b2087
17:59:28.1 (40600351)|VARIABLE_ASSIGNMENT|[EXTERNAL]|value|""
17:59:28.1 (40606091)|VARIABLE_ASSIGNMENT|[11]|this.jobDescription|""|0x141b2087
17:59:28.1 (40611826)|STATEMENT_EXECUTE|[63]
17:59:28.1 (40615943)|METHOD_ENTRY|[63]|01pBK000001lv3t|CareerHistoryController.nullToEmpty(String)
17:59:28.1 (40621497)|VARIABLE_SCOPE_BEGIN|[145]|str|String|false|false
17:59:28.1 (40626360)|VARIABLE_ASSIGNMENT|[145]|str|null
17:59:28.1 (40630003)|HEAP_ALLOCATE|[145]|Bytes:5
17:59:28.1 (40631830)|STATEMENT_EXECUTE|[145]
17:59:28.1 (40632651)|STATEMENT_EXECUTE|[145]
17:59:28.1 (40634665)|METHOD_EXIT|[63]|01pBK000001lv3t|CareerHistoryController.nullToEmpty(String)
17:59:28.1 (40646071)|VARIABLE_ASSIGNMENT|[EXTERNAL]|this|{"companyName":"","id":"2","jobDescription":""}|0x141b2087
17:59:28.1 (40650275)|VARIABLE_ASSIGNMENT|[EXTERNAL]|value|""
17:59:28.1 (40653770)|VARIABLE_ASSIGNMENT|[12]|this.jobGroup|""|0x141b2087
17:59:28.1 (40657378)|STATEMENT_EXECUTE|[64]
17:59:28.1 (40660354)|METHOD_ENTRY|[64]|01pBK000001lv3t|CareerHistoryController.nullToEmpty(String)
17:59:28.1 (40663954)|VARIABLE_SCOPE_BEGIN|[145]|str|String|false|false
17:59:28.1 (40667607)|VARIABLE_ASSIGNMENT|[145]|str|null
17:59:28.1 (40670539)|HEAP_ALLOCATE|[145]|Bytes:5
17:59:28.1 (40672164)|STATEMENT_EXECUTE|[145]
17:59:28.1 (40672992)|STATEMENT_EXECUTE|[145]
17:59:28.1 (40674925)|METHOD_EXIT|[64]|01pBK000001lv3t|CareerHistoryController.nullToEmpty(String)
17:59:28.1 (40686139)|VARIABLE_ASSIGNMENT|[EXTERNAL]|this|{"companyName":"","id":"2","jobDescription":"","jobGroup":""}|0x141b2087
17:59:28.1 (40690115)|VARIABLE_ASSIGNMENT|[EXTERNAL]|value|""
17:59:28.1 (40693504)|VARIABLE_ASSIGNMENT|[13]|this.jobGroupOption|""|0x141b2087
17:59:28.1 (40697038)|STATEMENT_EXECUTE|[65]
17:59:28.1 (40699737)|METHOD_ENTRY|[65]|01pBK000001lv3t|CareerHistoryController.formatDateToYYYYMM(Date)
17:59:28.1 (40703372)|VARIABLE_SCOPE_BEGIN|[147]|d|Date|false|false
17:59:28.1 (40706839)|VARIABLE_ASSIGNMENT|[147]|d|null
17:59:28.1 (40709920)|HEAP_ALLOCATE|[148]|Bytes:5
17:59:28.1 (40711720)|STATEMENT_EXECUTE|[147]
17:59:28.1 (40712664)|STATEMENT_EXECUTE|[148]
17:59:28.1 (40714776)|METHOD_EXIT|[65]|01pBK000001lv3t|CareerHistoryController.formatDateToYYYYMM(Date)
17:59:28.1 (40725730)|VARIABLE_ASSIGNMENT|[EXTERNAL]|this|{"companyName":"","id":"2","jobDescription":"","jobGroup":"","jobGroupOption":""}|0x141b2087
17:59:28.1 (40729596)|VARIABLE_ASSIGNMENT|[EXTERNAL]|value|""
17:59:28.1 (40733070)|VARIABLE_ASSIGNMENT|[7]|this.startDateInput|""|0x141b2087
17:59:28.1 (40736612)|STATEMENT_EXECUTE|[66]
17:59:28.1 (40739141)|METHOD_ENTRY|[66]|01pBK000001lv3t|CareerHistoryController.formatDateToYYYYMM(Date)
17:59:28.1 (40742524)|VARIABLE_SCOPE_BEGIN|[147]|d|Date|false|false
17:59:28.1 (40745986)|VARIABLE_ASSIGNMENT|[147]|d|null
17:59:28.1 (40748845)|HEAP_ALLOCATE|[148]|Bytes:5
17:59:28.1 (40750449)|STATEMENT_EXECUTE|[147]
17:59:28.1 (40751291)|STATEMENT_EXECUTE|[148]
17:59:28.1 (40753131)|METHOD_EXIT|[66]|01pBK000001lv3t|CareerHistoryController.formatDateToYYYYMM(Date)
17:59:28.1 (40764305)|VARIABLE_ASSIGNMENT|[EXTERNAL]|this|{"companyName":"","id":"2","jobDescription":"","jobGroup":"","jobGroupOption":"","startDateInput":""}|0x141b2087
17:59:28.1 (40768199)|VARIABLE_ASSIGNMENT|[EXTERNAL]|value|""
17:59:28.1 (40771801)|VARIABLE_ASSIGNMENT|[8]|this.endDateInput|""|0x141b2087
17:59:28.1 (40775585)|STATEMENT_EXECUTE|[67]
17:59:28.1 (40788534)|VARIABLE_ASSIGNMENT|[EXTERNAL]|this|{"companyName":"","endDateInput":"","id":"2","jobDescription":"","jobGroup":"","jobGroupOption":"","startDateInput":""}|0x141b2087
17:59:28.1 (40792967)|VARIABLE_ASSIGNMENT|[EXTERNAL]|value|false
17:59:28.1 (40795504)|HEAP_ALLOCATE|[9]|Bytes:5
17:59:28.1 (40798431)|VARIABLE_ASSIGNMENT|[9]|this.isCurrentJob|false|0x141b2087
17:59:28.1 (40801995)|STATEMENT_EXECUTE|[68]
17:59:28.1 (40815452)|HEAP_ALLOCATE|[EXTERNAL]|Bytes:4
17:59:28.1 (40819871)|STATEMENT_EXECUTE|[71]
17:59:28.1 (40822495)|HEAP_ALLOCATE|[71]|Bytes:40
17:59:28.1 (40825667)|CONSTRUCTOR_ENTRY|[71]|01pBK000001lv3t|<init>()|CareerHistoryController.CareerWrapper
17:59:28.1 (40831795)|VARIABLE_SCOPE_BEGIN|[4]|this|CareerHistoryController.CareerWrapper|true|false
17:59:28.1 (40841073)|VARIABLE_ASSIGNMENT|[4]|this|{}|0x21f73770
17:59:28.1 (40849500)|STATEMENT_EXECUTE|[4]
17:59:28.1 (40850383)|STATEMENT_EXECUTE|[5]
17:59:28.1 (40851218)|STATEMENT_EXECUTE|[6]
17:59:28.1 (40851997)|STATEMENT_EXECUTE|[7]
17:59:28.1 (40852818)|STATEMENT_EXECUTE|[8]
17:59:28.1 (40853631)|STATEMENT_EXECUTE|[9]
17:59:28.1 (40854428)|STATEMENT_EXECUTE|[10]
17:59:28.1 (40855251)|STATEMENT_EXECUTE|[11]
17:59:28.1 (40856039)|STATEMENT_EXECUTE|[12]
17:59:28.1 (40856793)|STATEMENT_EXECUTE|[13]
17:59:28.1 (40858494)|CONSTRUCTOR_EXIT|[71]|01pBK000001lv3t|<init>()|CareerHistoryController.CareerWrapper
17:59:28.1 (40862063)|VARIABLE_SCOPE_BEGIN|[71]|c3|CareerHistoryController.CareerWrapper|true|false
17:59:28.1 (40871141)|VARIABLE_ASSIGNMENT|[71]|c3|{}|0x21f73770
17:59:28.1 (40873878)|STATEMENT_EXECUTE|[72]
17:59:28.1 (40875704)|HEAP_ALLOCATE|[72]|Bytes:1
17:59:28.1 (40886674)|VARIABLE_ASSIGNMENT|[EXTERNAL]|this|{}|0x21f73770
17:59:28.1 (40891035)|VARIABLE_ASSIGNMENT|[EXTERNAL]|value|"3"
17:59:28.1 (40894424)|VARIABLE_ASSIGNMENT|[5]|this.id|"3"|0x21f73770
17:59:28.1 (40898066)|STATEMENT_EXECUTE|[73]
17:59:28.1 (40900793)|METHOD_ENTRY|[73]|01pBK000001lv3t|CareerHistoryController.nullToEmpty(String)
17:59:28.1 (40904096)|VARIABLE_SCOPE_BEGIN|[145]|str|String|false|false
17:59:28.1 (40907695)|VARIABLE_ASSIGNMENT|[145]|str|null
17:59:28.1 (40911122)|HEAP_ALLOCATE|[145]|Bytes:5
17:59:28.1 (40912812)|STATEMENT_EXECUTE|[145]
17:59:28.1 (40913621)|STATEMENT_EXECUTE|[145]
17:59:28.1 (40915715)|METHOD_EXIT|[73]|01pBK000001lv3t|CareerHistoryController.nullToEmpty(String)
17:59:28.1 (40925719)|VARIABLE_ASSIGNMENT|[EXTERNAL]|this|{"id":"3"}|0x21f73770
17:59:28.1 (40929519)|VARIABLE_ASSIGNMENT|[EXTERNAL]|value|""
17:59:28.1 (40932734)|VARIABLE_ASSIGNMENT|[6]|this.companyName|""|0x21f73770
17:59:28.1 (40936385)|STATEMENT_EXECUTE|[74]
17:59:28.1 (40938610)|METHOD_ENTRY|[74]|01pBK000001lv3t|CareerHistoryController.nullToEmpty(String)
17:59:28.1 (40941864)|VARIABLE_SCOPE_BEGIN|[145]|str|String|false|false
17:59:28.1 (40945355)|VARIABLE_ASSIGNMENT|[145]|str|null
17:59:28.1 (40948206)|HEAP_ALLOCATE|[145]|Bytes:5
17:59:28.1 (40949815)|STATEMENT_EXECUTE|[145]
17:59:28.1 (40950607)|STATEMENT_EXECUTE|[145]
17:59:28.1 (40952404)|METHOD_EXIT|[74]|01pBK000001lv3t|CareerHistoryController.nullToEmpty(String)
17:59:28.1 (40962308)|VARIABLE_ASSIGNMENT|[EXTERNAL]|this|{"companyName":"","id":"3"}|0x21f73770
17:59:28.1 (40966139)|VARIABLE_ASSIGNMENT|[EXTERNAL]|value|""
17:59:28.1 (40969469)|VARIABLE_ASSIGNMENT|[11]|this.jobDescription|""|0x21f73770
17:59:28.1 (40972927)|STATEMENT_EXECUTE|[76]
17:59:28.1 (40975200)|METHOD_ENTRY|[76]|01pBK000001lv3t|CareerHistoryController.nullToEmpty(String)
17:59:28.1 (40978445)|VARIABLE_SCOPE_BEGIN|[145]|str|String|false|false
17:59:28.1 (40981948)|VARIABLE_ASSIGNMENT|[145]|str|null
17:59:28.1 (40984786)|HEAP_ALLOCATE|[145]|Bytes:5
17:59:28.1 (40986342)|STATEMENT_EXECUTE|[145]
17:59:28.1 (40987170)|STATEMENT_EXECUTE|[145]
17:59:28.1 (40989025)|METHOD_EXIT|[76]|01pBK000001lv3t|CareerHistoryController.nullToEmpty(String)
17:59:28.1 (40999115)|VARIABLE_ASSIGNMENT|[EXTERNAL]|this|{"companyName":"","id":"3","jobDescription":""}|0x21f73770
17:59:28.1 (41002903)|VARIABLE_ASSIGNMENT|[EXTERNAL]|value|""
17:59:28.1 (41007399)|VARIABLE_ASSIGNMENT|[12]|this.jobGroup|""|0x21f73770
17:59:28.1 (41011153)|STATEMENT_EXECUTE|[77]
17:59:28.1 (41013616)|METHOD_ENTRY|[77]|01pBK000001lv3t|CareerHistoryController.nullToEmpty(String)
17:59:28.1 (41017034)|VARIABLE_SCOPE_BEGIN|[145]|str|String|false|false
17:59:28.1 (41020544)|VARIABLE_ASSIGNMENT|[145]|str|null
17:59:28.1 (41023274)|HEAP_ALLOCATE|[145]|Bytes:5
17:59:28.1 (41024917)|STATEMENT_EXECUTE|[145]
17:59:28.1 (41025719)|STATEMENT_EXECUTE|[145]
17:59:28.1 (41027572)|METHOD_EXIT|[77]|01pBK000001lv3t|CareerHistoryController.nullToEmpty(String)
17:59:28.1 (41038344)|VARIABLE_ASSIGNMENT|[EXTERNAL]|this|{"companyName":"","id":"3","jobDescription":"","jobGroup":""}|0x21f73770
17:59:28.1 (41042167)|VARIABLE_ASSIGNMENT|[EXTERNAL]|value|""
17:59:28.1 (41045332)|VARIABLE_ASSIGNMENT|[13]|this.jobGroupOption|""|0x21f73770
17:59:28.1 (41048735)|STATEMENT_EXECUTE|[78]
17:59:28.1 (41051154)|METHOD_ENTRY|[78]|01pBK000001lv3t|CareerHistoryController.formatDateToYYYYMM(Date)
17:59:28.1 (41054529)|VARIABLE_SCOPE_BEGIN|[147]|d|Date|false|false
17:59:28.1 (41057949)|VARIABLE_ASSIGNMENT|[147]|d|null
17:59:28.1 (41060888)|HEAP_ALLOCATE|[148]|Bytes:5
17:59:28.1 (41062537)|STATEMENT_EXECUTE|[147]
17:59:28.1 (41063409)|STATEMENT_EXECUTE|[148]
17:59:28.1 (41065353)|METHOD_EXIT|[78]|01pBK000001lv3t|CareerHistoryController.formatDateToYYYYMM(Date)
17:59:28.1 (41076114)|VARIABLE_ASSIGNMENT|[EXTERNAL]|this|{"companyName":"","id":"3","jobDescription":"","jobGroup":"","jobGroupOption":""}|0x21f73770
17:59:28.1 (41079820)|VARIABLE_ASSIGNMENT|[EXTERNAL]|value|""
17:59:28.1 (41083178)|VARIABLE_ASSIGNMENT|[7]|this.startDateInput|""|0x21f73770
17:59:28.1 (41086715)|STATEMENT_EXECUTE|[79]
17:59:28.1 (41088867)|METHOD_ENTRY|[79]|01pBK000001lv3t|CareerHistoryController.formatDateToYYYYMM(Date)
17:59:28.1 (41092258)|VARIABLE_SCOPE_BEGIN|[147]|d|Date|false|false
17:59:28.1 (41095678)|VARIABLE_ASSIGNMENT|[147]|d|null
17:59:28.1 (41098477)|HEAP_ALLOCATE|[148]|Bytes:5
17:59:28.1 (41100104)|STATEMENT_EXECUTE|[147]
17:59:28.1 (41100948)|STATEMENT_EXECUTE|[148]
17:59:28.1 (41102717)|METHOD_EXIT|[79]|01pBK000001lv3t|CareerHistoryController.formatDateToYYYYMM(Date)
17:59:28.1 (41114071)|VARIABLE_ASSIGNMENT|[EXTERNAL]|this|{"companyName":"","id":"3","jobDescription":"","jobGroup":"","jobGroupOption":"","startDateInput":""}|0x21f73770
17:59:28.1 (41118026)|VARIABLE_ASSIGNMENT|[EXTERNAL]|value|""
17:59:28.1 (41121522)|VARIABLE_ASSIGNMENT|[8]|this.endDateInput|""|0x21f73770
17:59:28.1 (41125055)|STATEMENT_EXECUTE|[80]
17:59:28.1 (41136534)|VARIABLE_ASSIGNMENT|[EXTERNAL]|this|{"companyName":"","endDateInput":"","id":"3","jobDescription":"","jobGroup":"","jobGroupOption":"","startDateInput":""}|0x21f73770
17:59:28.1 (41140868)|VARIABLE_ASSIGNMENT|[EXTERNAL]|value|false
17:59:28.1 (41143388)|HEAP_ALLOCATE|[9]|Bytes:5
17:59:28.1 (41146157)|VARIABLE_ASSIGNMENT|[9]|this.isCurrentJob|false|0x21f73770
17:59:28.1 (41150016)|STATEMENT_EXECUTE|[81]
17:59:28.1 (41158447)|HEAP_ALLOCATE|[EXTERNAL]|Bytes:4
17:59:28.1 (41161569)|STATEMENT_EXECUTE|[84]
17:59:28.1 (41163193)|HEAP_ALLOCATE|[84]|Bytes:40
17:59:28.1 (41165841)|CONSTRUCTOR_ENTRY|[84]|01pBK000001lv3t|<init>()|CareerHistoryController.CareerWrapper
17:59:28.1 (41170168)|VARIABLE_SCOPE_BEGIN|[4]|this|CareerHistoryController.CareerWrapper|true|false
17:59:28.1 (41178939)|VARIABLE_ASSIGNMENT|[4]|this|{}|0x37865ab4
17:59:28.1 (41185397)|STATEMENT_EXECUTE|[4]
17:59:28.1 (41186234)|STATEMENT_EXECUTE|[5]
17:59:28.1 (41187060)|STATEMENT_EXECUTE|[6]
17:59:28.1 (41187849)|STATEMENT_EXECUTE|[7]
17:59:28.1 (41188708)|STATEMENT_EXECUTE|[8]
17:59:28.1 (41189503)|STATEMENT_EXECUTE|[9]
17:59:28.1 (41190254)|STATEMENT_EXECUTE|[10]
17:59:28.1 (41191024)|STATEMENT_EXECUTE|[11]
17:59:28.1 (41191812)|STATEMENT_EXECUTE|[12]
17:59:28.1 (41192604)|STATEMENT_EXECUTE|[13]
17:59:28.1 (41194432)|CONSTRUCTOR_EXIT|[84]|01pBK000001lv3t|<init>()|CareerHistoryController.CareerWrapper
17:59:28.1 (41197422)|VARIABLE_SCOPE_BEGIN|[84]|c4|CareerHistoryController.CareerWrapper|true|false
17:59:28.1 (41206061)|VARIABLE_ASSIGNMENT|[84]|c4|{}|0x37865ab4
17:59:28.1 (41208922)|STATEMENT_EXECUTE|[85]
17:59:28.1 (41210273)|HEAP_ALLOCATE|[85]|Bytes:1
17:59:28.1 (41220556)|VARIABLE_ASSIGNMENT|[EXTERNAL]|this|{}|0x37865ab4
17:59:28.1 (41224651)|VARIABLE_ASSIGNMENT|[EXTERNAL]|value|"4"
17:59:28.1 (41228122)|VARIABLE_ASSIGNMENT|[5]|this.id|"4"|0x37865ab4
17:59:28.1 (41231682)|STATEMENT_EXECUTE|[86]
17:59:28.1 (41234753)|METHOD_ENTRY|[86]|01pBK000001lv3t|CareerHistoryController.nullToEmpty(String)
17:59:28.1 (41238423)|VARIABLE_SCOPE_BEGIN|[145]|str|String|false|false
17:59:28.1 (41241959)|VARIABLE_ASSIGNMENT|[145]|str|null
17:59:28.1 (41245155)|HEAP_ALLOCATE|[145]|Bytes:5
17:59:28.1 (41246822)|STATEMENT_EXECUTE|[145]
17:59:28.1 (41247668)|STATEMENT_EXECUTE|[145]
17:59:28.1 (41249969)|METHOD_EXIT|[86]|01pBK000001lv3t|CareerHistoryController.nullToEmpty(String)
17:59:28.1 (41259821)|VARIABLE_ASSIGNMENT|[EXTERNAL]|this|{"id":"4"}|0x37865ab4
17:59:28.1 (41263480)|VARIABLE_ASSIGNMENT|[EXTERNAL]|value|""
17:59:28.1 (41267158)|VARIABLE_ASSIGNMENT|[11]|this.jobDescription|""|0x37865ab4
17:59:28.1 (41270833)|STATEMENT_EXECUTE|[87]
17:59:28.1 (41280901)|VARIABLE_ASSIGNMENT|[EXTERNAL]|this|{"id":"4","jobDescription":""}|0x37865ab4
17:59:28.1 (41285400)|VARIABLE_ASSIGNMENT|[EXTERNAL]|value|false
17:59:28.1 (41287874)|HEAP_ALLOCATE|[9]|Bytes:5
17:59:28.1 (41290468)|VARIABLE_ASSIGNMENT|[9]|this.isCurrentJob|false|0x37865ab4
17:59:28.1 (41299016)|STATEMENT_EXECUTE|[88]
17:59:28.1 (41306120)|HEAP_ALLOCATE|[EXTERNAL]|Bytes:4
17:59:28.1 (41309187)|STATEMENT_EXECUTE|[90]
17:59:28.41 (41365596)|CUMULATIVE_LIMIT_USAGE
17:59:28.41 (41365596)|LIMIT_USAGE_FOR_NS|(default)|
  Number of SOQL queries: 1 out of 100
  Number of query rows: 1 out of 50000
  Number of SOSL queries: 0 out of 20
  Number of DML statements: 0 out of 150
  Number of Publish Immediate DML: 0 out of 150
  Number of DML rows: 0 out of 10000
  Maximum CPU time: 0 out of 10000
  Maximum heap size: 0 out of 6000000
  Number of callouts: 0 out of 100
  Number of Email Invocations: 0 out of 10
  Number of future calls: 0 out of 50
  Number of queueable jobs added to the queue: 0 out of 50
  Number of Mobile Apex push calls: 0 out of 10

17:59:28.41 (41365596)|CUMULATIVE_LIMIT_USAGE_END

17:59:28.1 (41410468)|CODE_UNIT_FINISHED|CareerHistoryController.getCareerHistory()
17:59:28.1 (41581220)|CODE_UNIT_FINISHED|apex://CareerHistoryController/ACTION$getCareerHistory
17:59:28.1 (41586670)|EXECUTION_FINISHED
