66.0 APEX_CODE,FINEST;APEX_PROFILING,INFO;CALLOUT,INFO;DATA_ACCESS,INFO;DB,INFO;NBA,INFO;SYSTEM,DEBUG;VALIDATION,INFO;VISUALFORCE,INFO;WAVE,INFO;WORKFLOW,INFO
18:59:01.0 (198263)|USER_INFO|[EXTERNAL]|0057F0000042UBb|ishibashi@hurex.co.jp.dev1|(GMT+09:00) 日本標準時 (Asia/Tokyo)|GMT+09:00
18:59:01.0 (229998)|EXECUTION_STARTED
18:59:01.0 (238786)|CODE_UNIT_STARTED|[EXTERNAL]|apex://CustomNotificationController/ACTION$getNotifications
18:59:01.0 (2447669)|CODE_UNIT_STARTED|[EXTERNAL]|01pBK000001VvEL|CustomNotificationController.getNotifications(String)
18:59:01.0 (2702683)|HEAP_ALLOCATE|[95]|Bytes:3
18:59:01.0 (2806671)|HEAP_ALLOCATE|[100]|Bytes:152
18:59:01.0 (2835579)|HEAP_ALLOCATE|[417]|Bytes:408
18:59:01.0 (2872868)|HEAP_ALLOCATE|[430]|Bytes:408
18:59:01.0 (2908393)|HEAP_ALLOCATE|[317]|Bytes:6
18:59:01.0 (2979349)|HEAP_ALLOCATE|[EXTERNAL]|Bytes:7
18:59:01.0 (2990100)|METHOD_ENTRY|[1]|01pBK000001VvEL|CustomNotificationController.CustomNotificationController()
18:59:01.0 (3007964)|STATEMENT_EXECUTE|[1]
18:59:01.0 (3013794)|STATEMENT_EXECUTE|[1]
18:59:01.0 (3030925)|HEAP_ALLOCATE|[68]|Bytes:5
18:59:01.0 (3050809)|HEAP_ALLOCATE|[74]|Bytes:5
18:59:01.0 (3055425)|HEAP_ALLOCATE|[82]|Bytes:7
18:59:01.0 (3260178)|HEAP_ALLOCATE|[EXTERNAL]|Bytes:5
18:59:01.0 (3274754)|METHOD_EXIT|[1]|CustomNotificationController
18:59:01.0 (3280915)|VARIABLE_SCOPE_BEGIN|[5]|before|String|false|false
18:59:01.0 (3333838)|VARIABLE_ASSIGNMENT|[5]|before|null
18:59:01.0 (3342960)|HEAP_ALLOCATE|[6]|Bytes:5
18:59:01.0 (3345308)|STATEMENT_EXECUTE|[5]
18:59:01.0 (3346438)|STATEMENT_EXECUTE|[6]
18:59:01.0 (3376263)|VARIABLE_SCOPE_BEGIN|[6]|req|System.HttpRequest|true|false
18:59:01.0 (3625316)|VARIABLE_ASSIGNMENT|[6]|req|"System.HttpRequest[Endpoint=null, Method=null]"|0x39980b39
18:59:01.0 (3632108)|STATEMENT_EXECUTE|[7]
18:59:01.0 (3635348)|HEAP_ALLOCATE|[7]|Bytes:3
18:59:01.0 (3717680)|STATEMENT_EXECUTE|[8]
18:59:01.0 (3719471)|HEAP_ALLOCATE|[8]|Bytes:13
18:59:01.0 (3722145)|HEAP_ALLOCATE|[8]|Bytes:7
18:59:01.0 (3778760)|HEAP_ALLOCATE|[8]|Bytes:105
18:59:01.0 (3789880)|SYSTEM_METHOD_ENTRY|[1]|UserInfo.UserInfo()
18:59:01.0 (3793116)|STATEMENT_EXECUTE|[1]
18:59:01.0 (3800884)|SYSTEM_METHOD_EXIT|[1]|UserInfo
18:59:01.0 (3812621)|METHOD_ENTRY|[8]||System.UserInfo.getSessionId()
18:59:01.0 (14651097)|METHOD_EXIT|[8]||System.UserInfo.getSessionId()
18:59:01.0 (14683585)|HEAP_ALLOCATE|[8]|Bytes:119
18:59:01.0 (14729771)|STATEMENT_EXECUTE|[10]
18:59:01.0 (14773551)|HEAP_ALLOCATE|[10]|Bytes:67
18:59:01.0 (14784340)|SYSTEM_METHOD_ENTRY|[1]|Url.Url()
18:59:01.0 (14786558)|STATEMENT_EXECUTE|[1]
18:59:01.0 (14793445)|SYSTEM_METHOD_EXIT|[1]|Url
18:59:01.0 (14802283)|METHOD_ENTRY|[10]||System.Url.getOrgDomainUrl()
18:59:01.0 (15057596)|METHOD_EXIT|[10]||System.Url.getOrgDomainUrl()
18:59:01.0 (15078321)|METHOD_ENTRY|[10]||System.Url.toExternalForm()
18:59:01.0 (15122156)|METHOD_EXIT|[10]||System.Url.toExternalForm()
18:59:01.0 (15127165)|VARIABLE_SCOPE_BEGIN|[10]|domainPath|String|false|false
18:59:01.0 (15149291)|VARIABLE_ASSIGNMENT|[10]|domainPath|"https://hurex--dev1. (25 more) ..."
18:59:01.0 (15153481)|STATEMENT_EXECUTE|[11]
18:59:01.0 (15157200)|HEAP_ALLOCATE|[11]|Bytes:50
18:59:01.0 (15165817)|HEAP_ALLOCATE|[11]|Bytes:95
18:59:01.0 (15169950)|VARIABLE_SCOPE_BEGIN|[11]|endpoint|String|false|false
18:59:01.0 (15178024)|VARIABLE_ASSIGNMENT|[11]|endpoint|"https://hurex--dev1. (75 more) ..."
18:59:01.0 (15223574)|STATEMENT_EXECUTE|[13]
18:59:01.0 (15228531)|STATEMENT_EXECUTE|[16]
18:59:01.0 (15257895)|STATEMENT_EXECUTE|[18]
18:59:01.0 (15275696)|VARIABLE_SCOPE_BEGIN|[18]|http|System.Http|true|false
18:59:01.0 (15375801)|VARIABLE_ASSIGNMENT|[18]|http|"System.Http[]"|0xdd967b8
18:59:01.0 (15379569)|STATEMENT_EXECUTE|[19]
18:59:01.0 (15471762)|CALLOUT_REQUEST|[19]|System.HttpRequest[Endpoint=https://hurex--dev1.sandbox.my.salesforce.com/services/data/v56.0/connect/notifications?size=20, Method=GET]
18:59:01.0 (223275987)|HEAP_ALLOCATE|[EXTERNAL]|Bytes:872
18:59:01.0 (225400673)|CALLOUT_RESPONSE|[19]|System.HttpResponse[Status=OK, StatusCode=200]
18:59:01.0 (225423260)|HEAP_ALLOCATE|[19]|Bytes:26
18:59:01.0 (225449266)|VARIABLE_SCOPE_BEGIN|[19]|res|System.HttpResponse|true|false
18:59:01.0 (225508484)|VARIABLE_ASSIGNMENT|[19]|res|"System.HttpResponse[Status=OK, StatusCode=200]"|0x5f2b807d
18:59:01.0 (225560581)|STATEMENT_EXECUTE|[21]
18:59:01.0 (225561899)|STATEMENT_EXECUTE|[22]
18:59:01.0 (225577182)|HEAP_ALLOCATE|[22]|Bytes:20
18:59:01.225 (225607760)|CUMULATIVE_LIMIT_USAGE
18:59:01.225 (225607760)|LIMIT_USAGE_FOR_NS|(default)|
  Number of SOQL queries: 0 out of 100
  Number of query rows: 0 out of 50000
  Number of SOSL queries: 0 out of 20
  Number of DML statements: 0 out of 150
  Number of Publish Immediate DML: 0 out of 150
  Number of DML rows: 0 out of 10000
  Maximum CPU time: 0 out of 10000
  Maximum heap size: 0 out of 6000000
  Number of callouts: 1 out of 100
  Number of Email Invocations: 0 out of 10
  Number of future calls: 0 out of 50
  Number of queueable jobs added to the queue: 0 out of 50
  Number of Mobile Apex push calls: 0 out of 10

18:59:01.225 (225607760)|CUMULATIVE_LIMIT_USAGE_END

18:59:01.0 (225644357)|CODE_UNIT_FINISHED|CustomNotificationController.getNotifications(String)
18:59:01.0 (225932312)|CODE_UNIT_FINISHED|apex://CustomNotificationController/ACTION$getNotifications
18:59:01.0 (225936761)|EXECUTION_FINISHED
