66.0 APEX_CODE,FINEST;APEX_PROFILING,INFO;CALLOUT,INFO;DATA_ACCESS,INFO;DB,INFO;NBA,INFO;SYSTEM,DEBUG;VALIDATION,INFO;VISUALFORCE,INFO;WAVE,INFO;WORKFLOW,INFO
15:47:51.0 (813677)|USER_INFO|[EXTERNAL]|0057F0000042UBb|ishibashi@hurex.co.jp.dev1|(GMT+09:00) 日本標準時 (Asia/Tokyo)|GMT+09:00
15:47:51.0 (864648)|EXECUTION_STARTED
15:47:51.0 (886784)|CODE_UNIT_STARTED|[EXTERNAL]|apex://OfferComponentController/ACTION$getOffers
15:47:51.0 (3172525)|CODE_UNIT_STARTED|[EXTERNAL]|01pBK000001Vpwv|OfferComponentController.getOffers()
15:47:51.0 (3557224)|HEAP_ALLOCATE|[95]|Bytes:3
15:47:51.0 (3648813)|HEAP_ALLOCATE|[100]|Bytes:152
15:47:51.0 (3663214)|HEAP_ALLOCATE|[417]|Bytes:408
15:47:51.0 (3674701)|HEAP_ALLOCATE|[430]|Bytes:408
15:47:51.0 (3694681)|HEAP_ALLOCATE|[317]|Bytes:6
15:47:51.0 (3704368)|HEAP_ALLOCATE|[EXTERNAL]|Bytes:1
15:47:51.0 (3722804)|METHOD_ENTRY|[1]|01pBK000001Vpwv|OfferComponentController.OfferComponentController()
15:47:51.0 (3734267)|STATEMENT_EXECUTE|[1]
15:47:51.0 (3745224)|STATEMENT_EXECUTE|[1]
15:47:51.0 (3763369)|HEAP_ALLOCATE|[68]|Bytes:5
15:47:51.0 (3792844)|HEAP_ALLOCATE|[74]|Bytes:5
15:47:51.0 (3797806)|HEAP_ALLOCATE|[82]|Bytes:7
15:47:51.0 (4059654)|HEAP_ALLOCATE|[EXTERNAL]|Bytes:5
15:47:51.0 (4076134)|METHOD_EXIT|[1]|OfferComponentController
15:47:51.0 (4087150)|HEAP_ALLOCATE|[4]|Bytes:5
15:47:51.0 (4090322)|STATEMENT_EXECUTE|[3]
15:47:51.0 (4091630)|STATEMENT_EXECUTE|[4]
15:47:51.0 (4094092)|HEAP_ALLOCATE|[4]|Bytes:78
15:47:51.0 (4107757)|HEAP_ALLOCATE|[4]|Bytes:4
15:47:51.0 (6768417)|SOQL_EXECUTE_BEGIN|[4]|Aggregations:0|SELECT COUNT() FROM SelectionProcess__c WHERE LatestProcessStatus__c = 'JOB打診'
15:47:51.0 (16878000)|SOQL_EXECUTE_END|[4]|Rows:1
15:47:51.0 (16918485)|HEAP_ALLOCATE|[4]|Bytes:4
15:47:51.0 (16944203)|VARIABLE_SCOPE_BEGIN|[4]|totalCount|Integer|false|false
15:47:51.0 (16951018)|HEAP_ALLOCATE|[4]|Bytes:4
15:47:51.0 (17001293)|VARIABLE_ASSIGNMENT|[4]|totalCount|1
15:47:51.0 (17006303)|STATEMENT_EXECUTE|[5]
15:47:51.0 (17011678)|HEAP_ALLOCATE|[5]|Bytes:360
15:47:51.0 (17029749)|HEAP_ALLOCATE|[5]|Bytes:4
15:47:51.0 (25480510)|SOQL_EXECUTE_BEGIN|[5]|Aggregations:0|SELECT Id, JobPosition__c, LatestProcessStatus__c, LastModifiedDate, JobPosition__r.Id, JobPosition__r.Company__r.Name, JobPosition__r.JobPosition__c, JobPosition__r.WorkLocation2__c, JobPosition__r.JobCategory1__c, JobPosition__r.LastViewedDate FROM SelectionProcess__c WHERE LatestProcessStatus__c = 'JOB打診' ORDER BY LastModifiedDate DESC NULLS FIRST LIMIT 2
15:47:51.0 (43892046)|SOQL_EXECUTE_END|[5]|Rows:1
15:47:51.0 (43924114)|HEAP_ALLOCATE|[5]|Bytes:8
15:47:51.0 (43942563)|HEAP_ALLOCATE|[5]|Bytes:404
15:47:51.0 (44077366)|HEAP_ALLOCATE|[5]|Bytes:8
15:47:51.0 (44098130)|VARIABLE_SCOPE_BEGIN|[5]|processes|List<SelectionProcess__c>|true|false
15:47:51.0 (44401688)|VARIABLE_ASSIGNMENT|[5]|processes|[{"JobPosition__c":"a0KBK00000Gexcs2AB","LastModifiedDate":"2026-03-02T05:52:31.000Z","JobPosition__r":{"JobPosition__c":"テスト401求人タイトル求人タイトル求人 (28 more) ...","WorkLocation2__c":"勤務地","LastViewedDate":"2026-03-19T08:07:40.000Z","Id":"a0KBK00000Gexcs2AB","Company__c":"001BK00000cc2ZEYAY","Company__r":{"Name":"テスト 廣川","Id":"001BK00000cc2ZEYAY"},"JobCategory1__c":"専門職系（コンサルタント/金融/不動産）"},"Id":"a0LBK000005sEhR2AU","LatestProcessStatus__c":"JOB打診"}]|0x2f270d53
15:47:51.0 (44414622)|STATEMENT_EXECUTE|[22]
15:47:51.0 (44432831)|HEAP_ALLOCATE|[22]|Bytes:4
15:47:51.0 (44496370)|VARIABLE_SCOPE_BEGIN|[22]|jobInfos|List<Map<String,ANY>>|true|false
15:47:51.0 (44524231)|HEAP_ALLOCATE|[EXTERNAL]|Bytes:4
15:47:51.0 (44534734)|VARIABLE_ASSIGNMENT|[22]|jobInfos|[]|0x566a7391
15:47:51.0 (44771822)|HEAP_ALLOCATE|[24]|Bytes:5
15:47:51.0 (44800666)|HEAP_ALLOCATE|[24]|Bytes:24
15:47:51.0 (44808607)|VARIABLE_SCOPE_BEGIN|[24]|process|SelectionProcess__c|true|false
15:47:51.0 (44904690)|VARIABLE_ASSIGNMENT|[24]|process|{"JobPosition__c":"a0KBK00000Gexcs2AB","LastModifiedDate":"2026-03-02T05:52:31.000Z","JobPosition__r":{"JobPosition__c":"テスト401求人タイトル求人タイトル求人 (28 more) ...","WorkLocation2__c":"勤務地","LastViewedDate":"2026-03-19T08:07:40.000Z","Id":"a0KBK00000Gexcs2AB","Company__c":"001BK00000cc2ZEYAY","Company__r":{"Name":"テスト 廣川","Id":"001BK00000cc2ZEYAY"},"JobCategory1__c":"専門職系（コンサルタント/金融/不動産）"},"Id":"a0LBK000005sEhR2AU","LatestProcessStatus__c":"JOB打診"}|0x53d12cdd
15:47:51.0 (44914177)|STATEMENT_EXECUTE|[24]
15:47:51.0 (44915404)|STATEMENT_EXECUTE|[25]
15:47:51.0 (44923927)|HEAP_ALLOCATE|[25]|Bytes:4
15:47:51.0 (44929867)|VARIABLE_SCOPE_BEGIN|[25]|jobInfo|Map<String,ANY>|true|false
15:47:51.0 (44941875)|VARIABLE_ASSIGNMENT|[25]|jobInfo|{}|0x29f12505
15:47:51.0 (44944403)|STATEMENT_EXECUTE|[26]
15:47:51.0 (44948449)|HEAP_ALLOCATE|[26]|Bytes:5
15:47:51.0 (45017227)|HEAP_ALLOCATE|[EXTERNAL]|Bytes:-4
15:47:51.0 (45022513)|STATEMENT_EXECUTE|[27]
15:47:51.0 (45023883)|HEAP_ALLOCATE|[27]|Bytes:10
15:47:51.0 (45044968)|HEAP_ALLOCATE|[27]|Bytes:14
15:47:51.0 (45096853)|HEAP_ALLOCATE|[27]|Bytes:14
15:47:51.0 (45104224)|HEAP_ALLOCATE|[EXTERNAL]|Bytes:-4
15:47:51.0 (45107128)|STATEMENT_EXECUTE|[28]
15:47:51.0 (45108434)|HEAP_ALLOCATE|[28]|Bytes:11
15:47:51.0 (45158673)|HEAP_ALLOCATE|[EXTERNAL]|Bytes:-4
15:47:51.0 (45161930)|STATEMENT_EXECUTE|[29]
15:47:51.0 (45163260)|HEAP_ALLOCATE|[29]|Bytes:13
15:47:51.0 (45177778)|HEAP_ALLOCATE|[EXTERNAL]|Bytes:-4
15:47:51.0 (45180708)|STATEMENT_EXECUTE|[30]
15:47:51.0 (45181896)|HEAP_ALLOCATE|[30]|Bytes:12
15:47:51.0 (45194274)|HEAP_ALLOCATE|[EXTERNAL]|Bytes:-4
15:47:51.0 (45197055)|STATEMENT_EXECUTE|[31]
15:47:51.0 (45198528)|HEAP_ALLOCATE|[31]|Bytes:11
15:47:51.0 (45244982)|HEAP_ALLOCATE|[EXTERNAL]|Bytes:-4
15:47:51.0 (45248388)|STATEMENT_EXECUTE|[32]
15:47:51.0 (45249745)|HEAP_ALLOCATE|[32]|Bytes:14
15:47:51.0 (45270589)|HEAP_ALLOCATE|[EXTERNAL]|Bytes:-4
15:47:51.0 (45273712)|STATEMENT_EXECUTE|[33]
15:47:51.0 (45295186)|HEAP_ALLOCATE|[EXTERNAL]|Bytes:4
15:47:51.0 (45305624)|HEAP_ALLOCATE|[24]|Bytes:5
15:47:51.0 (45313933)|VARIABLE_ASSIGNMENT|[24]|process|null|
15:47:51.0 (45317738)|STATEMENT_EXECUTE|[35]
15:47:51.0 (45322318)|HEAP_ALLOCATE|[35]|Bytes:4
15:47:51.0 (45326105)|VARIABLE_SCOPE_BEGIN|[35]|result|Map<String,ANY>|true|false
15:47:51.0 (45332996)|VARIABLE_ASSIGNMENT|[35]|result|{}|0x6db8d841
15:47:51.0 (45335785)|STATEMENT_EXECUTE|[36]
15:47:51.0 (45337067)|HEAP_ALLOCATE|[36]|Bytes:8
15:47:51.0 (45346981)|HEAP_ALLOCATE|[EXTERNAL]|Bytes:-4
15:47:51.0 (45349881)|STATEMENT_EXECUTE|[37]
15:47:51.0 (45351225)|HEAP_ALLOCATE|[37]|Bytes:10
15:47:51.0 (45365117)|HEAP_ALLOCATE|[37]|Bytes:4
15:47:51.0 (45398392)|HEAP_ALLOCATE|[EXTERNAL]|Bytes:-4
15:47:51.0 (45401241)|STATEMENT_EXECUTE|[38]
15:47:51.45 (45452740)|CUMULATIVE_LIMIT_USAGE
15:47:51.45 (45452740)|LIMIT_USAGE_FOR_NS|(default)|
  Number of SOQL queries: 2 out of 100
  Number of query rows: 2 out of 50000
  Number of SOSL queries: 0 out of 20
  Number of DML statements: 0 out of 0
  Number of Publish Immediate DML: 0 out of 150
  Number of DML rows: 0 out of 10000
  Maximum CPU time: 0 out of 10000
  Maximum heap size: 0 out of 6000000
  Number of callouts: 0 out of 100
  Number of Email Invocations: 0 out of 10
  Number of future calls: 0 out of 50
  Number of queueable jobs added to the queue: 0 out of 50
  Number of Mobile Apex push calls: 0 out of 10

15:47:51.45 (45452740)|CUMULATIVE_LIMIT_USAGE_END

15:47:51.0 (45473264)|CODE_UNIT_FINISHED|OfferComponentController.getOffers()
15:47:51.0 (45624562)|CODE_UNIT_FINISHED|apex://OfferComponentController/ACTION$getOffers
15:47:51.0 (45629867)|EXECUTION_FINISHED
