66.0 APEX_CODE,FINEST;APEX_PROFILING,INFO;CALLOUT,INFO;DATA_ACCESS,INFO;DB,INFO;NBA,INFO;SYSTEM,DEBUG;VALIDATION,INFO;VISUALFORCE,INFO;WAVE,INFO;WORKFLOW,INFO
10:54:39.0 (213518)|USER_INFO|[EXTERNAL]|005BK00000Ilvi1|foryoze@owleyes.ch.hurex|(GMT+09:00) 日本標準時 (Asia/Tokyo)|GMT+09:00
10:54:39.0 (294724)|EXECUTION_STARTED
10:54:39.0 (309050)|CODE_UNIT_STARTED|[EXTERNAL]|apex://RegistrationInfoController/ACTION$getPrefecturePicklistValues
10:54:39.0 (2850971)|CODE_UNIT_STARTED|[EXTERNAL]|01pBK000001mgyr|RegistrationInfoController.getPrefecturePicklistValues()
10:54:39.0 (3193875)|HEAP_ALLOCATE|[95]|Bytes:3
10:54:39.0 (3289691)|HEAP_ALLOCATE|[100]|Bytes:152
10:54:39.0 (3302849)|HEAP_ALLOCATE|[417]|Bytes:408
10:54:39.0 (3313712)|HEAP_ALLOCATE|[430]|Bytes:408
10:54:39.0 (3331461)|HEAP_ALLOCATE|[317]|Bytes:6
10:54:39.0 (3341232)|HEAP_ALLOCATE|[EXTERNAL]|Bytes:23
10:54:39.0 (3344312)|HEAP_ALLOCATE|[EXTERNAL]|Bytes:37
10:54:39.0 (3345992)|HEAP_ALLOCATE|[EXTERNAL]|Bytes:7
10:54:39.0 (3355471)|METHOD_ENTRY|[5]|01pBK000001mgyr|RegistrationInfoController.RegistrationInfoController()
10:54:39.0 (3365592)|STATEMENT_EXECUTE|[5]
10:54:39.0 (3370778)|STATEMENT_EXECUTE|[5]
10:54:39.0 (3390462)|HEAP_ALLOCATE|[68]|Bytes:5
10:54:39.0 (3412880)|HEAP_ALLOCATE|[74]|Bytes:5
10:54:39.0 (3417485)|HEAP_ALLOCATE|[82]|Bytes:7
10:54:39.0 (3578759)|HEAP_ALLOCATE|[EXTERNAL]|Bytes:5
10:54:39.0 (3581931)|STATEMENT_EXECUTE|[8]
10:54:39.0 (3589547)|METHOD_EXIT|[5]|RegistrationInfoController
10:54:39.0 (3600562)|HEAP_ALLOCATE|[112]|Bytes:5
10:54:39.0 (3602758)|STATEMENT_EXECUTE|[110]
10:54:39.0 (3603760)|STATEMENT_EXECUTE|[112]
10:54:39.0 (3605596)|HEAP_ALLOCATE|[112]|Bytes:7
10:54:39.0 (3607548)|HEAP_ALLOCATE|[112]|Bytes:7
10:54:39.0 (4207585)|HEAP_ALLOCATE|[112]|Bytes:7
10:54:39.0 (4243029)|METHOD_ENTRY|[112]|01pBK000001mgyr|RegistrationInfoController.getPicklistValuesWithEmpty(Schema.SObjectField, String)
10:54:39.0 (4272907)|VARIABLE_SCOPE_BEGIN|[128]|field|Schema.SObjectField|true|false
10:54:39.0 (4484554)|VARIABLE_ASSIGNMENT|[128]|field|"common.apex.runtime.impl.ApexFieldToken@23fef96b"|0x23fef96b
10:54:39.0 (4492002)|VARIABLE_SCOPE_BEGIN|[128]|emptyLabel|String|false|false
10:54:39.0 (4501027)|VARIABLE_ASSIGNMENT|[128]|emptyLabel|"都道府県を選択"
10:54:39.0 (4516368)|HEAP_ALLOCATE|[129]|Bytes:5
10:54:39.0 (4520456)|STATEMENT_EXECUTE|[128]
10:54:39.0 (4521777)|STATEMENT_EXECUTE|[129]
10:54:39.0 (4541837)|HEAP_ALLOCATE|[129]|Bytes:4
10:54:39.0 (4574905)|VARIABLE_SCOPE_BEGIN|[129]|options|List<Map<String,String>>|true|false
10:54:39.0 (4625068)|HEAP_ALLOCATE|[EXTERNAL]|Bytes:4
10:54:39.0 (4638009)|VARIABLE_ASSIGNMENT|[129]|options|[]|0x797f6d5b
10:54:39.0 (4642288)|STATEMENT_EXECUTE|[130]
10:54:39.0 (4655510)|HEAP_ALLOCATE|[130]|Bytes:4
10:54:39.0 (4664229)|VARIABLE_SCOPE_BEGIN|[130]|emptyOption|Map<String,String>|true|false
10:54:39.0 (4708498)|VARIABLE_ASSIGNMENT|[130]|emptyOption|{}|0x144a2c69
10:54:39.0 (4711654)|STATEMENT_EXECUTE|[131]
10:54:39.0 (4714867)|HEAP_ALLOCATE|[131]|Bytes:5
10:54:39.0 (4759365)|HEAP_ALLOCATE|[EXTERNAL]|Bytes:-4
10:54:39.0 (4765154)|STATEMENT_EXECUTE|[132]
10:54:39.0 (4766709)|HEAP_ALLOCATE|[132]|Bytes:5
10:54:39.0 (4775465)|HEAP_ALLOCATE|[EXTERNAL]|Bytes:-4
10:54:39.0 (4778652)|STATEMENT_EXECUTE|[133]
10:54:39.0 (4791535)|HEAP_ALLOCATE|[EXTERNAL]|Bytes:4
10:54:39.0 (4794704)|STATEMENT_EXECUTE|[135]
10:54:39.0 (4795569)|STATEMENT_EXECUTE|[135]
10:54:39.0 (4796640)|STATEMENT_EXECUTE|[136]
10:54:39.0 (4836032)|SYSTEM_MODE_ENTER|true
10:54:39.0 (7987017)|HEAP_ALLOCATE|[EXTERNAL]|Bytes:4
10:54:39.0 (8092488)|HEAP_ALLOCATE|[136]|Bytes:8
10:54:39.0 (8114378)|VARIABLE_SCOPE_BEGIN|[136]|fieldResult|Schema.DescribeFieldResult|true|false
10:54:39.0 (12514465)|VARIABLE_ASSIGNMENT|[136]|fieldResult|"common.api.soap.wsdl.Field@ff92cf0e"|0x5161b8d6
10:54:39.0 (12589473)|HEAP_ALLOCATE|[EXTERNAL]|Bytes:192
10:54:39.0 (12675167)|HEAP_ALLOCATE|[137]|Bytes:192
10:54:39.0 (12906415)|HEAP_ALLOCATE|[137]|Bytes:5
10:54:39.0 (12930257)|HEAP_ALLOCATE|[137]|Bytes:4
10:54:39.0 (12938418)|VARIABLE_SCOPE_BEGIN|[137]|entry|Schema.PicklistEntry|true|false
10:54:39.0 (12962439)|VARIABLE_ASSIGNMENT|[137]|entry|北海道|0x4426360e
10:54:39.0 (12969218)|STATEMENT_EXECUTE|[137]
10:54:39.0 (12970715)|STATEMENT_EXECUTE|[138]
10:54:39.0 (12983692)|HEAP_ALLOCATE|[138]|Bytes:4
10:54:39.0 (12991928)|VARIABLE_SCOPE_BEGIN|[138]|option|Map<String,String>|true|false
10:54:39.0 (13008554)|VARIABLE_ASSIGNMENT|[138]|option|{}|0x53e59338
10:54:39.0 (13012219)|STATEMENT_EXECUTE|[139]
10:54:39.0 (13029619)|HEAP_ALLOCATE|[139]|Bytes:3
10:54:39.0 (13064323)|HEAP_ALLOCATE|[EXTERNAL]|Bytes:-4
10:54:39.0 (13069428)|STATEMENT_EXECUTE|[140]
10:54:39.0 (13076351)|HEAP_ALLOCATE|[140]|Bytes:3
10:54:39.0 (13104964)|HEAP_ALLOCATE|[EXTERNAL]|Bytes:-4
10:54:39.0 (13109303)|STATEMENT_EXECUTE|[141]
10:54:39.0 (13126847)|HEAP_ALLOCATE|[EXTERNAL]|Bytes:4
10:54:39.0 (13137261)|HEAP_ALLOCATE|[137]|Bytes:5
10:54:39.0 (13145472)|HEAP_ALLOCATE|[137]|Bytes:4
10:54:39.0 (13148767)|VARIABLE_SCOPE_BEGIN|[137]|entry|Schema.PicklistEntry|true|false
10:54:39.0 (13155830)|VARIABLE_ASSIGNMENT|[137]|entry|青森県|0x45444c78
10:54:39.0 (13159334)|STATEMENT_EXECUTE|[137]
10:54:39.0 (13160333)|STATEMENT_EXECUTE|[138]
10:54:39.0 (13164149)|HEAP_ALLOCATE|[138]|Bytes:4
10:54:39.0 (13167137)|VARIABLE_SCOPE_BEGIN|[138]|option|Map<String,String>|true|false
10:54:39.0 (13173452)|VARIABLE_ASSIGNMENT|[138]|option|{}|0x735d31f4
10:54:39.0 (13175826)|STATEMENT_EXECUTE|[139]
10:54:39.0 (13178818)|HEAP_ALLOCATE|[139]|Bytes:3
10:54:39.0 (13183289)|HEAP_ALLOCATE|[EXTERNAL]|Bytes:-4
10:54:39.0 (13186394)|STATEMENT_EXECUTE|[140]
10:54:39.0 (13188293)|HEAP_ALLOCATE|[140]|Bytes:3
10:54:39.0 (13191520)|HEAP_ALLOCATE|[EXTERNAL]|Bytes:-4
10:54:39.0 (13194034)|STATEMENT_EXECUTE|[141]
10:54:39.0 (13196591)|HEAP_ALLOCATE|[EXTERNAL]|Bytes:4
10:54:39.0 (13201770)|HEAP_ALLOCATE|[137]|Bytes:5
10:54:39.0 (13205937)|HEAP_ALLOCATE|[137]|Bytes:4
10:54:39.0 (13208067)|VARIABLE_SCOPE_BEGIN|[137]|entry|Schema.PicklistEntry|true|false
10:54:39.0 (13212767)|VARIABLE_ASSIGNMENT|[137]|entry|岩手県|0x63effd7
10:54:39.0 (13215498)|STATEMENT_EXECUTE|[137]
10:54:39.0 (13216282)|STATEMENT_EXECUTE|[138]
10:54:39.0 (13218681)|HEAP_ALLOCATE|[138]|Bytes:4
10:54:39.0 (13220797)|VARIABLE_SCOPE_BEGIN|[138]|option|Map<String,String>|true|false
10:54:39.0 (13224869)|VARIABLE_ASSIGNMENT|[138]|option|{}|0x793dd07b
10:54:39.0 (13227196)|STATEMENT_EXECUTE|[139]
10:54:39.0 (13229052)|HEAP_ALLOCATE|[139]|Bytes:3
10:54:39.0 (13232474)|HEAP_ALLOCATE|[EXTERNAL]|Bytes:-4
10:54:39.0 (13235081)|STATEMENT_EXECUTE|[140]
10:54:39.0 (13236785)|HEAP_ALLOCATE|[140]|Bytes:3
10:54:39.0 (13239693)|HEAP_ALLOCATE|[EXTERNAL]|Bytes:-4
10:54:39.0 (13242138)|STATEMENT_EXECUTE|[141]
10:54:39.0 (13244444)|HEAP_ALLOCATE|[EXTERNAL]|Bytes:4
10:54:39.0 (13249059)|HEAP_ALLOCATE|[137]|Bytes:5
10:54:39.0 (13252737)|HEAP_ALLOCATE|[137]|Bytes:4
10:54:39.0 (13254882)|VARIABLE_SCOPE_BEGIN|[137]|entry|Schema.PicklistEntry|true|false
10:54:39.0 (13259282)|VARIABLE_ASSIGNMENT|[137]|entry|宮城県|0x1e7d74a8
10:54:39.0 (13261973)|STATEMENT_EXECUTE|[137]
10:54:39.0 (13262748)|STATEMENT_EXECUTE|[138]
10:54:39.0 (13264991)|HEAP_ALLOCATE|[138]|Bytes:4
10:54:39.0 (13266999)|VARIABLE_SCOPE_BEGIN|[138]|option|Map<String,String>|true|false
10:54:39.0 (13271164)|VARIABLE_ASSIGNMENT|[138]|option|{}|0x4b53402
10:54:39.0 (13273524)|STATEMENT_EXECUTE|[139]
10:54:39.0 (13275270)|HEAP_ALLOCATE|[139]|Bytes:3
10:54:39.0 (13278361)|HEAP_ALLOCATE|[EXTERNAL]|Bytes:-4
10:54:39.0 (13280879)|STATEMENT_EXECUTE|[140]
10:54:39.0 (13282479)|HEAP_ALLOCATE|[140]|Bytes:3
10:54:39.0 (13285373)|HEAP_ALLOCATE|[EXTERNAL]|Bytes:-4
10:54:39.0 (13287901)|STATEMENT_EXECUTE|[141]
10:54:39.0 (13290029)|HEAP_ALLOCATE|[EXTERNAL]|Bytes:4
10:54:39.0 (13294328)|HEAP_ALLOCATE|[137]|Bytes:5
10:54:39.0 (13297980)|HEAP_ALLOCATE|[137]|Bytes:4
10:54:39.0 (13300041)|VARIABLE_SCOPE_BEGIN|[137]|entry|Schema.PicklistEntry|true|false
10:54:39.0 (13304283)|VARIABLE_ASSIGNMENT|[137]|entry|秋田県|0x7584b304
10:54:39.0 (13306975)|STATEMENT_EXECUTE|[137]
10:54:39.0 (13307854)|STATEMENT_EXECUTE|[138]
10:54:39.0 (13310179)|HEAP_ALLOCATE|[138]|Bytes:4
10:54:39.0 (13312281)|VARIABLE_SCOPE_BEGIN|[138]|option|Map<String,String>|true|false
10:54:39.0 (13316409)|VARIABLE_ASSIGNMENT|[138]|option|{}|0x62ad1bc7
10:54:39.0 (13318635)|STATEMENT_EXECUTE|[139]
10:54:39.0 (13320348)|HEAP_ALLOCATE|[139]|Bytes:3
10:54:39.0 (13323425)|HEAP_ALLOCATE|[EXTERNAL]|Bytes:-4
10:54:39.0 (13325914)|STATEMENT_EXECUTE|[140]
10:54:39.0 (13327487)|HEAP_ALLOCATE|[140]|Bytes:3
10:54:39.0 (13330398)|HEAP_ALLOCATE|[EXTERNAL]|Bytes:-4
10:54:39.0 (13332918)|STATEMENT_EXECUTE|[141]
10:54:39.0 (13335006)|HEAP_ALLOCATE|[EXTERNAL]|Bytes:4
10:54:39.0 (13339388)|HEAP_ALLOCATE|[137]|Bytes:5
10:54:39.0 (13343007)|HEAP_ALLOCATE|[137]|Bytes:4
10:54:39.0 (13345099)|VARIABLE_SCOPE_BEGIN|[137]|entry|Schema.PicklistEntry|true|false
10:54:39.0 (13349059)|VARIABLE_ASSIGNMENT|[137]|entry|山形県|0x1780fb0e
10:54:39.0 (13351597)|STATEMENT_EXECUTE|[137]
10:54:39.0 (13352385)|STATEMENT_EXECUTE|[138]
10:54:39.0 (13354618)|HEAP_ALLOCATE|[138]|Bytes:4
10:54:39.0 (13356580)|VARIABLE_SCOPE_BEGIN|[138]|option|Map<String,String>|true|false
10:54:39.0 (13360594)|VARIABLE_ASSIGNMENT|[138]|option|{}|0x3a38d8d8
10:54:39.0 (13362901)|STATEMENT_EXECUTE|[139]
10:54:39.0 (13364717)|HEAP_ALLOCATE|[139]|Bytes:3
10:54:39.0 (13367857)|HEAP_ALLOCATE|[EXTERNAL]|Bytes:-4
10:54:39.0 (13370375)|STATEMENT_EXECUTE|[140]
10:54:39.0 (13372012)|HEAP_ALLOCATE|[140]|Bytes:3
10:54:39.0 (13374945)|HEAP_ALLOCATE|[EXTERNAL]|Bytes:-4
10:54:39.0 (13377390)|STATEMENT_EXECUTE|[141]
10:54:39.0 (13379539)|HEAP_ALLOCATE|[EXTERNAL]|Bytes:4
10:54:39.0 (13383953)|HEAP_ALLOCATE|[137]|Bytes:5
10:54:39.0 (13387637)|HEAP_ALLOCATE|[137]|Bytes:4
10:54:39.0 (13389757)|VARIABLE_SCOPE_BEGIN|[137]|entry|Schema.PicklistEntry|true|false
10:54:39.0 (13393867)|VARIABLE_ASSIGNMENT|[137]|entry|福島県|0x6af45008
10:54:39.0 (13396390)|STATEMENT_EXECUTE|[137]
10:54:39.0 (13397183)|STATEMENT_EXECUTE|[138]
10:54:39.0 (13399297)|HEAP_ALLOCATE|[138]|Bytes:4
10:54:39.0 (13401275)|VARIABLE_SCOPE_BEGIN|[138]|option|Map<String,String>|true|false
10:54:39.0 (13405211)|VARIABLE_ASSIGNMENT|[138]|option|{}|0x608d1db2
10:54:39.0 (13407572)|STATEMENT_EXECUTE|[139]
10:54:39.0 (13409227)|HEAP_ALLOCATE|[139]|Bytes:3
10:54:39.0 (13412371)|HEAP_ALLOCATE|[EXTERNAL]|Bytes:-4
10:54:39.0 (13414988)|STATEMENT_EXECUTE|[140]
10:54:39.0 (13416609)|HEAP_ALLOCATE|[140]|Bytes:3
10:54:39.0 (13419707)|HEAP_ALLOCATE|[EXTERNAL]|Bytes:-4
10:54:39.0 (13422144)|STATEMENT_EXECUTE|[141]
10:54:39.0 (13424240)|HEAP_ALLOCATE|[EXTERNAL]|Bytes:4
10:54:39.0 (13428836)|HEAP_ALLOCATE|[137]|Bytes:5
10:54:39.0 (13432412)|HEAP_ALLOCATE|[137]|Bytes:4
10:54:39.0 (13434460)|VARIABLE_SCOPE_BEGIN|[137]|entry|Schema.PicklistEntry|true|false
10:54:39.0 (13438509)|VARIABLE_ASSIGNMENT|[137]|entry|茨城県|0x7045d226
10:54:39.0 (13440996)|STATEMENT_EXECUTE|[137]
10:54:39.0 (13441764)|STATEMENT_EXECUTE|[138]
10:54:39.0 (13443869)|HEAP_ALLOCATE|[138]|Bytes:4
10:54:39.0 (13445839)|VARIABLE_SCOPE_BEGIN|[138]|option|Map<String,String>|true|false
10:54:39.0 (13450063)|VARIABLE_ASSIGNMENT|[138]|option|{}|0xc473aee
10:54:39.0 (13452293)|STATEMENT_EXECUTE|[139]
10:54:39.0 (13453900)|HEAP_ALLOCATE|[139]|Bytes:3
10:54:39.0 (13457049)|HEAP_ALLOCATE|[EXTERNAL]|Bytes:-4
10:54:39.0 (13459547)|STATEMENT_EXECUTE|[140]
10:54:39.0 (13461250)|HEAP_ALLOCATE|[140]|Bytes:3
10:54:39.0 (13464169)|HEAP_ALLOCATE|[EXTERNAL]|Bytes:-4
10:54:39.0 (13466622)|STATEMENT_EXECUTE|[141]
10:54:39.0 (13468743)|HEAP_ALLOCATE|[EXTERNAL]|Bytes:4
10:54:39.0 (13473060)|HEAP_ALLOCATE|[137]|Bytes:5
10:54:39.0 (13476689)|HEAP_ALLOCATE|[137]|Bytes:4
10:54:39.0 (13478759)|VARIABLE_SCOPE_BEGIN|[137]|entry|Schema.PicklistEntry|true|false
10:54:39.0 (13482708)|VARIABLE_ASSIGNMENT|[137]|entry|栃木県|0x447b4f7e
10:54:39.0 (13485222)|STATEMENT_EXECUTE|[137]
10:54:39.0 (13486010)|STATEMENT_EXECUTE|[138]
10:54:39.0 (13488137)|HEAP_ALLOCATE|[138]|Bytes:4
10:54:39.0 (13490084)|VARIABLE_SCOPE_BEGIN|[138]|option|Map<String,String>|true|false
10:54:39.0 (13494022)|VARIABLE_ASSIGNMENT|[138]|option|{}|0x4c93bace
10:54:39.0 (13496402)|STATEMENT_EXECUTE|[139]
10:54:39.0 (13498088)|HEAP_ALLOCATE|[139]|Bytes:3
10:54:39.0 (13501105)|HEAP_ALLOCATE|[EXTERNAL]|Bytes:-4
10:54:39.0 (13503636)|STATEMENT_EXECUTE|[140]
10:54:39.0 (13505183)|HEAP_ALLOCATE|[140]|Bytes:3
10:54:39.0 (13508080)|HEAP_ALLOCATE|[EXTERNAL]|Bytes:-4
10:54:39.0 (13510564)|STATEMENT_EXECUTE|[141]
10:54:39.0 (13512661)|HEAP_ALLOCATE|[EXTERNAL]|Bytes:4
10:54:39.0 (13517258)|HEAP_ALLOCATE|[137]|Bytes:5
10:54:39.0 (13520767)|HEAP_ALLOCATE|[137]|Bytes:4
10:54:39.0 (13522775)|VARIABLE_SCOPE_BEGIN|[137]|entry|Schema.PicklistEntry|true|false
10:54:39.0 (13526877)|VARIABLE_ASSIGNMENT|[137]|entry|群馬県|0x12198598
10:54:39.0 (13529453)|STATEMENT_EXECUTE|[137]
10:54:39.0 (13530254)|STATEMENT_EXECUTE|[138]
10:54:39.0 (13532424)|HEAP_ALLOCATE|[138]|Bytes:4
10:54:39.0 (13534536)|VARIABLE_SCOPE_BEGIN|[138]|option|Map<String,String>|true|false
10:54:39.0 (13538610)|VARIABLE_ASSIGNMENT|[138]|option|{}|0x273c5d7f
10:54:39.0 (13541017)|STATEMENT_EXECUTE|[139]
10:54:39.0 (13542735)|HEAP_ALLOCATE|[139]|Bytes:3
10:54:39.0 (13545744)|HEAP_ALLOCATE|[EXTERNAL]|Bytes:-4
10:54:39.0 (13548202)|STATEMENT_EXECUTE|[140]
10:54:39.0 (13549820)|HEAP_ALLOCATE|[140]|Bytes:3
10:54:39.0 (13552742)|HEAP_ALLOCATE|[EXTERNAL]|Bytes:-4
10:54:39.0 (13555195)|STATEMENT_EXECUTE|[141]
10:54:39.0 (13557351)|HEAP_ALLOCATE|[EXTERNAL]|Bytes:4
10:54:39.0 (13561612)|HEAP_ALLOCATE|[137]|Bytes:5
10:54:39.0 (13565248)|HEAP_ALLOCATE|[137]|Bytes:4
10:54:39.0 (13567283)|VARIABLE_SCOPE_BEGIN|[137]|entry|Schema.PicklistEntry|true|false
10:54:39.0 (13571219)|VARIABLE_ASSIGNMENT|[137]|entry|埼玉県|0x3922f659
10:54:39.0 (13573748)|STATEMENT_EXECUTE|[137]
10:54:39.0 (13574531)|STATEMENT_EXECUTE|[138]
10:54:39.0 (13576657)|HEAP_ALLOCATE|[138]|Bytes:4
10:54:39.0 (13578607)|VARIABLE_SCOPE_BEGIN|[138]|option|Map<String,String>|true|false
10:54:39.0 (13582515)|VARIABLE_ASSIGNMENT|[138]|option|{}|0x68b66e79
10:54:39.0 (13584802)|STATEMENT_EXECUTE|[139]
10:54:39.0 (13586435)|HEAP_ALLOCATE|[139]|Bytes:3
10:54:39.0 (13589508)|HEAP_ALLOCATE|[EXTERNAL]|Bytes:-4
10:54:39.0 (13592023)|STATEMENT_EXECUTE|[140]
10:54:39.0 (13593598)|HEAP_ALLOCATE|[140]|Bytes:3
10:54:39.0 (13596475)|HEAP_ALLOCATE|[EXTERNAL]|Bytes:-4
10:54:39.0 (13598907)|STATEMENT_EXECUTE|[141]
10:54:39.0 (13601084)|HEAP_ALLOCATE|[EXTERNAL]|Bytes:4
10:54:39.0 (13605495)|HEAP_ALLOCATE|[137]|Bytes:5
10:54:39.0 (13609183)|HEAP_ALLOCATE|[137]|Bytes:4
10:54:39.0 (13611176)|VARIABLE_SCOPE_BEGIN|[137]|entry|Schema.PicklistEntry|true|false
10:54:39.0 (13615273)|VARIABLE_ASSIGNMENT|[137]|entry|千葉県|0x365d13b2
10:54:39.0 (13617702)|STATEMENT_EXECUTE|[137]
10:54:39.0 (13618486)|STATEMENT_EXECUTE|[138]
10:54:39.0 (13620597)|HEAP_ALLOCATE|[138]|Bytes:4
10:54:39.0 (13622549)|VARIABLE_SCOPE_BEGIN|[138]|option|Map<String,String>|true|false
10:54:39.0 (13626524)|VARIABLE_ASSIGNMENT|[138]|option|{}|0x73cf77a3
10:54:39.0 (13628747)|STATEMENT_EXECUTE|[139]
10:54:39.0 (13630389)|HEAP_ALLOCATE|[139]|Bytes:3
10:54:39.0 (13633460)|HEAP_ALLOCATE|[EXTERNAL]|Bytes:-4
10:54:39.0 (13636095)|STATEMENT_EXECUTE|[140]
10:54:39.0 (13637711)|HEAP_ALLOCATE|[140]|Bytes:3
10:54:39.0 (13640589)|HEAP_ALLOCATE|[EXTERNAL]|Bytes:-4
10:54:39.0 (13643058)|STATEMENT_EXECUTE|[141]
10:54:39.0 (13645186)|HEAP_ALLOCATE|[EXTERNAL]|Bytes:4
10:54:39.0 (13649508)|HEAP_ALLOCATE|[137]|Bytes:5
10:54:39.0 (13653069)|HEAP_ALLOCATE|[137]|Bytes:4
10:54:39.0 (13655129)|VARIABLE_SCOPE_BEGIN|[137]|entry|Schema.PicklistEntry|true|false
10:54:39.0 (13659308)|VARIABLE_ASSIGNMENT|[137]|entry|東京都|0x5df1c7bd
10:54:39.0 (13662035)|STATEMENT_EXECUTE|[137]
10:54:39.0 (13662823)|STATEMENT_EXECUTE|[138]
10:54:39.0 (13664931)|HEAP_ALLOCATE|[138]|Bytes:4
10:54:39.0 (13666926)|VARIABLE_SCOPE_BEGIN|[138]|option|Map<String,String>|true|false
10:54:39.0 (13670858)|VARIABLE_ASSIGNMENT|[138]|option|{}|0x6efafdc
10:54:39.0 (13673230)|STATEMENT_EXECUTE|[139]
10:54:39.0 (13674896)|HEAP_ALLOCATE|[139]|Bytes:3
10:54:39.0 (13678015)|HEAP_ALLOCATE|[EXTERNAL]|Bytes:-4
10:54:39.0 (13680568)|STATEMENT_EXECUTE|[140]
10:54:39.0 (13682420)|HEAP_ALLOCATE|[140]|Bytes:3
10:54:39.0 (13685274)|HEAP_ALLOCATE|[EXTERNAL]|Bytes:-4
10:54:39.0 (13687725)|STATEMENT_EXECUTE|[141]
10:54:39.0 (13689829)|HEAP_ALLOCATE|[EXTERNAL]|Bytes:4
10:54:39.0 (13694297)|HEAP_ALLOCATE|[137]|Bytes:5
10:54:39.0 (13697820)|HEAP_ALLOCATE|[137]|Bytes:4
10:54:39.0 (13699855)|VARIABLE_SCOPE_BEGIN|[137]|entry|Schema.PicklistEntry|true|false
10:54:39.0 (13703983)|VARIABLE_ASSIGNMENT|[137]|entry|神奈川県|0x5871fc30
10:54:39.0 (13706531)|STATEMENT_EXECUTE|[137]
10:54:39.0 (13707318)|STATEMENT_EXECUTE|[138]
10:54:39.0 (13709430)|HEAP_ALLOCATE|[138]|Bytes:4
10:54:39.0 (13711510)|VARIABLE_SCOPE_BEGIN|[138]|option|Map<String,String>|true|false
10:54:39.0 (13715499)|VARIABLE_ASSIGNMENT|[138]|option|{}|0x508bfaf2
10:54:39.0 (13717795)|STATEMENT_EXECUTE|[139]
10:54:39.0 (13719468)|HEAP_ALLOCATE|[139]|Bytes:4
10:54:39.0 (13722508)|HEAP_ALLOCATE|[EXTERNAL]|Bytes:-4
10:54:39.0 (13725070)|STATEMENT_EXECUTE|[140]
10:54:39.0 (13726646)|HEAP_ALLOCATE|[140]|Bytes:4
10:54:39.0 (13729492)|HEAP_ALLOCATE|[EXTERNAL]|Bytes:-4
10:54:39.0 (13732102)|STATEMENT_EXECUTE|[141]
10:54:39.0 (13734263)|HEAP_ALLOCATE|[EXTERNAL]|Bytes:4
10:54:39.0 (13738631)|HEAP_ALLOCATE|[137]|Bytes:5
10:54:39.0 (13742388)|HEAP_ALLOCATE|[137]|Bytes:4
10:54:39.0 (13744480)|VARIABLE_SCOPE_BEGIN|[137]|entry|Schema.PicklistEntry|true|false
10:54:39.0 (13748380)|VARIABLE_ASSIGNMENT|[137]|entry|新潟県|0x3941371
10:54:39.0 (13750966)|STATEMENT_EXECUTE|[137]
10:54:39.0 (13751926)|STATEMENT_EXECUTE|[138]
10:54:39.0 (13754020)|HEAP_ALLOCATE|[138]|Bytes:4
10:54:39.0 (13755975)|VARIABLE_SCOPE_BEGIN|[138]|option|Map<String,String>|true|false
10:54:39.0 (13760085)|VARIABLE_ASSIGNMENT|[138]|option|{}|0x78fedd90
10:54:39.0 (13762375)|STATEMENT_EXECUTE|[139]
10:54:39.0 (13764009)|HEAP_ALLOCATE|[139]|Bytes:3
10:54:39.0 (13767066)|HEAP_ALLOCATE|[EXTERNAL]|Bytes:-4
10:54:39.0 (13769668)|STATEMENT_EXECUTE|[140]
10:54:39.0 (13771285)|HEAP_ALLOCATE|[140]|Bytes:3
10:54:39.0 (13774184)|HEAP_ALLOCATE|[EXTERNAL]|Bytes:-4
10:54:39.0 (13776619)|STATEMENT_EXECUTE|[141]
10:54:39.0 (13778755)|HEAP_ALLOCATE|[EXTERNAL]|Bytes:4
10:54:39.0 (13783109)|HEAP_ALLOCATE|[137]|Bytes:5
10:54:39.0 (13786725)|HEAP_ALLOCATE|[137]|Bytes:4
10:54:39.0 (13788774)|VARIABLE_SCOPE_BEGIN|[137]|entry|Schema.PicklistEntry|true|false
10:54:39.0 (13792799)|VARIABLE_ASSIGNMENT|[137]|entry|富山県|0x2f393ec3
10:54:39.0 (13795276)|STATEMENT_EXECUTE|[137]
10:54:39.0 (13796058)|STATEMENT_EXECUTE|[138]
10:54:39.0 (13798178)|HEAP_ALLOCATE|[138]|Bytes:4
10:54:39.0 (13800094)|VARIABLE_SCOPE_BEGIN|[138]|option|Map<String,String>|true|false
10:54:39.0 (13803955)|VARIABLE_ASSIGNMENT|[138]|option|{}|0x206a0dbc
10:54:39.0 (13806299)|STATEMENT_EXECUTE|[139]
10:54:39.0 (13808061)|HEAP_ALLOCATE|[139]|Bytes:3
10:54:39.0 (13811208)|HEAP_ALLOCATE|[EXTERNAL]|Bytes:-4
10:54:39.0 (13813765)|STATEMENT_EXECUTE|[140]
10:54:39.0 (13815332)|HEAP_ALLOCATE|[140]|Bytes:3
10:54:39.0 (13818196)|HEAP_ALLOCATE|[EXTERNAL]|Bytes:-4
10:54:39.0 (13820692)|STATEMENT_EXECUTE|[141]
10:54:39.0 (13822774)|HEAP_ALLOCATE|[EXTERNAL]|Bytes:4
10:54:39.0 (13827173)|HEAP_ALLOCATE|[137]|Bytes:5
10:54:39.0 (13830743)|HEAP_ALLOCATE|[137]|Bytes:4
10:54:39.0 (13832805)|VARIABLE_SCOPE_BEGIN|[137]|entry|Schema.PicklistEntry|true|false
10:54:39.0 (13837288)|VARIABLE_ASSIGNMENT|[137]|entry|石川県|0x3469d5b
10:54:39.0 (13839897)|STATEMENT_EXECUTE|[137]
10:54:39.0 (13840670)|STATEMENT_EXECUTE|[138]
10:54:39.0 (13842807)|HEAP_ALLOCATE|[138]|Bytes:4
10:54:39.0 (13844742)|VARIABLE_SCOPE_BEGIN|[138]|option|Map<String,String>|true|false
10:54:39.0 (13848583)|VARIABLE_ASSIGNMENT|[138]|option|{}|0xddad2fe
10:54:39.0 (13850956)|STATEMENT_EXECUTE|[139]
10:54:39.0 (13852565)|HEAP_ALLOCATE|[139]|Bytes:3
10:54:39.0 (13855617)|HEAP_ALLOCATE|[EXTERNAL]|Bytes:-4
10:54:39.0 (13858118)|STATEMENT_EXECUTE|[140]
10:54:39.0 (13859737)|HEAP_ALLOCATE|[140]|Bytes:3
10:54:39.0 (13862623)|HEAP_ALLOCATE|[EXTERNAL]|Bytes:-4
10:54:39.0 (13865070)|STATEMENT_EXECUTE|[141]
10:54:39.0 (13867209)|HEAP_ALLOCATE|[EXTERNAL]|Bytes:4
10:54:39.0 (13871701)|HEAP_ALLOCATE|[137]|Bytes:5
10:54:39.0 (13875281)|HEAP_ALLOCATE|[137]|Bytes:4
10:54:39.0 (13877346)|VARIABLE_SCOPE_BEGIN|[137]|entry|Schema.PicklistEntry|true|false
10:54:39.0 (13881238)|VARIABLE_ASSIGNMENT|[137]|entry|福井県|0x6bf32aa0
10:54:39.0 (13883630)|STATEMENT_EXECUTE|[137]
10:54:39.0 (13884414)|STATEMENT_EXECUTE|[138]
10:54:39.0 (13886548)|HEAP_ALLOCATE|[138]|Bytes:4
10:54:39.0 (13888501)|VARIABLE_SCOPE_BEGIN|[138]|option|Map<String,String>|true|false
10:54:39.0 (13892440)|VARIABLE_ASSIGNMENT|[138]|option|{}|0x1b84cd8f
10:54:39.0 (13894733)|STATEMENT_EXECUTE|[139]
10:54:39.0 (13896410)|HEAP_ALLOCATE|[139]|Bytes:3
10:54:39.0 (13899459)|HEAP_ALLOCATE|[EXTERNAL]|Bytes:-4
10:54:39.0 (13902010)|STATEMENT_EXECUTE|[140]
10:54:39.0 (13903613)|HEAP_ALLOCATE|[140]|Bytes:3
10:54:39.0 (13906471)|HEAP_ALLOCATE|[EXTERNAL]|Bytes:-4
10:54:39.0 (13908918)|STATEMENT_EXECUTE|[141]
10:54:39.0 (13911034)|HEAP_ALLOCATE|[EXTERNAL]|Bytes:4
10:54:39.0 (13915470)|HEAP_ALLOCATE|[137]|Bytes:5
10:54:39.0 (13919058)|HEAP_ALLOCATE|[137]|Bytes:4
10:54:39.0 (13921238)|VARIABLE_SCOPE_BEGIN|[137]|entry|Schema.PicklistEntry|true|false
10:54:39.0 (13925230)|VARIABLE_ASSIGNMENT|[137]|entry|山梨県|0x2c1f27e1
10:54:39.0 (13927810)|STATEMENT_EXECUTE|[137]
10:54:39.0 (13928589)|STATEMENT_EXECUTE|[138]
10:54:39.0 (13930697)|HEAP_ALLOCATE|[138]|Bytes:4
10:54:39.0 (13932648)|VARIABLE_SCOPE_BEGIN|[138]|option|Map<String,String>|true|false
10:54:39.0 (13936558)|VARIABLE_ASSIGNMENT|[138]|option|{}|0x77094dbe
10:54:39.0 (13938818)|STATEMENT_EXECUTE|[139]
10:54:39.0 (13940398)|HEAP_ALLOCATE|[139]|Bytes:3
10:54:39.0 (13943533)|HEAP_ALLOCATE|[EXTERNAL]|Bytes:-4
10:54:39.0 (13946101)|STATEMENT_EXECUTE|[140]
10:54:39.0 (13947650)|HEAP_ALLOCATE|[140]|Bytes:3
10:54:39.0 (13950533)|HEAP_ALLOCATE|[EXTERNAL]|Bytes:-4
10:54:39.0 (13953001)|STATEMENT_EXECUTE|[141]
10:54:39.0 (13955100)|HEAP_ALLOCATE|[EXTERNAL]|Bytes:4
10:54:39.0 (13959430)|HEAP_ALLOCATE|[137]|Bytes:5
10:54:39.0 (13962999)|HEAP_ALLOCATE|[137]|Bytes:4
10:54:39.0 (13964995)|VARIABLE_SCOPE_BEGIN|[137]|entry|Schema.PicklistEntry|true|false
10:54:39.0 (13969013)|VARIABLE_ASSIGNMENT|[137]|entry|長野県|0x55dcfd5
10:54:39.0 (13971453)|STATEMENT_EXECUTE|[137]
10:54:39.0 (13972257)|STATEMENT_EXECUTE|[138]
10:54:39.0 (13974279)|HEAP_ALLOCATE|[138]|Bytes:4
10:54:39.0 (13976234)|VARIABLE_SCOPE_BEGIN|[138]|option|Map<String,String>|true|false
10:54:39.0 (13980069)|VARIABLE_ASSIGNMENT|[138]|option|{}|0x38888244
10:54:39.0 (13982298)|STATEMENT_EXECUTE|[139]
10:54:39.0 (13984012)|HEAP_ALLOCATE|[139]|Bytes:3
10:54:39.0 (13987078)|HEAP_ALLOCATE|[EXTERNAL]|Bytes:-4
10:54:39.0 (13989620)|STATEMENT_EXECUTE|[140]
10:54:39.0 (13991261)|HEAP_ALLOCATE|[140]|Bytes:3
10:54:39.0 (13994170)|HEAP_ALLOCATE|[EXTERNAL]|Bytes:-4
10:54:39.0 (13996646)|STATEMENT_EXECUTE|[141]
10:54:39.0 (13998795)|HEAP_ALLOCATE|[EXTERNAL]|Bytes:4
10:54:39.0 (14003128)|HEAP_ALLOCATE|[137]|Bytes:5
10:54:39.0 (14007684)|HEAP_ALLOCATE|[137]|Bytes:4
10:54:39.0 (14009901)|VARIABLE_SCOPE_BEGIN|[137]|entry|Schema.PicklistEntry|true|false
10:54:39.0 (14014074)|VARIABLE_ASSIGNMENT|[137]|entry|岐阜県|0x6d7d9a9b
10:54:39.0 (14016626)|STATEMENT_EXECUTE|[137]
10:54:39.0 (14017405)|STATEMENT_EXECUTE|[138]
10:54:39.0 (14019506)|HEAP_ALLOCATE|[138]|Bytes:4
10:54:39.0 (14021444)|VARIABLE_SCOPE_BEGIN|[138]|option|Map<String,String>|true|false
10:54:39.0 (14025434)|VARIABLE_ASSIGNMENT|[138]|option|{}|0x50244e37
10:54:39.0 (14027689)|STATEMENT_EXECUTE|[139]
10:54:39.0 (14029426)|HEAP_ALLOCATE|[139]|Bytes:3
10:54:39.0 (14032440)|HEAP_ALLOCATE|[EXTERNAL]|Bytes:-4
10:54:39.0 (14034995)|STATEMENT_EXECUTE|[140]
10:54:39.0 (14036615)|HEAP_ALLOCATE|[140]|Bytes:3
10:54:39.0 (14039501)|HEAP_ALLOCATE|[EXTERNAL]|Bytes:-4
10:54:39.0 (14041958)|STATEMENT_EXECUTE|[141]
10:54:39.0 (14044075)|HEAP_ALLOCATE|[EXTERNAL]|Bytes:4
10:54:39.0 (14048452)|HEAP_ALLOCATE|[137]|Bytes:5
10:54:39.0 (14051996)|HEAP_ALLOCATE|[137]|Bytes:4
10:54:39.0 (14054112)|VARIABLE_SCOPE_BEGIN|[137]|entry|Schema.PicklistEntry|true|false
10:54:39.0 (14058060)|VARIABLE_ASSIGNMENT|[137]|entry|静岡県|0x3b6c0081
10:54:39.0 (14060526)|STATEMENT_EXECUTE|[137]
10:54:39.0 (14061358)|STATEMENT_EXECUTE|[138]
10:54:39.0 (14063400)|HEAP_ALLOCATE|[138]|Bytes:4
10:54:39.0 (14065410)|VARIABLE_SCOPE_BEGIN|[138]|option|Map<String,String>|true|false
10:54:39.0 (14069288)|VARIABLE_ASSIGNMENT|[138]|option|{}|0x470a3f0a
10:54:39.0 (14071514)|STATEMENT_EXECUTE|[139]
10:54:39.0 (14073220)|HEAP_ALLOCATE|[139]|Bytes:3
10:54:39.0 (14076308)|HEAP_ALLOCATE|[EXTERNAL]|Bytes:-4
10:54:39.0 (14078784)|STATEMENT_EXECUTE|[140]
10:54:39.0 (14080380)|HEAP_ALLOCATE|[140]|Bytes:3
10:54:39.0 (14083254)|HEAP_ALLOCATE|[EXTERNAL]|Bytes:-4
10:54:39.0 (14085710)|STATEMENT_EXECUTE|[141]
10:54:39.0 (14087831)|HEAP_ALLOCATE|[EXTERNAL]|Bytes:4
10:54:39.0 (14092073)|HEAP_ALLOCATE|[137]|Bytes:5
10:54:39.0 (14095743)|HEAP_ALLOCATE|[137]|Bytes:4
10:54:39.0 (14097785)|VARIABLE_SCOPE_BEGIN|[137]|entry|Schema.PicklistEntry|true|false
10:54:39.0 (14101718)|VARIABLE_ASSIGNMENT|[137]|entry|愛知県|0x4622cc32
10:54:39.0 (14104159)|STATEMENT_EXECUTE|[137]
10:54:39.0 (14104923)|STATEMENT_EXECUTE|[138]
10:54:39.0 (14107269)|HEAP_ALLOCATE|[138]|Bytes:4
10:54:39.0 (14109198)|VARIABLE_SCOPE_BEGIN|[138]|option|Map<String,String>|true|false
10:54:39.0 (14113110)|VARIABLE_ASSIGNMENT|[138]|option|{}|0x34056737
10:54:39.0 (14115527)|STATEMENT_EXECUTE|[139]
10:54:39.0 (14117339)|HEAP_ALLOCATE|[139]|Bytes:3
10:54:39.0 (14151848)|HEAP_ALLOCATE|[EXTERNAL]|Bytes:-4
10:54:39.0 (14156068)|STATEMENT_EXECUTE|[140]
10:54:39.0 (14158797)|HEAP_ALLOCATE|[140]|Bytes:3
10:54:39.0 (14162078)|HEAP_ALLOCATE|[EXTERNAL]|Bytes:-4
10:54:39.0 (14164542)|STATEMENT_EXECUTE|[141]
10:54:39.0 (14166861)|HEAP_ALLOCATE|[EXTERNAL]|Bytes:4
10:54:39.0 (14172085)|HEAP_ALLOCATE|[137]|Bytes:5
10:54:39.0 (14176708)|HEAP_ALLOCATE|[137]|Bytes:4
10:54:39.0 (14179269)|VARIABLE_SCOPE_BEGIN|[137]|entry|Schema.PicklistEntry|true|false
10:54:39.0 (14184733)|VARIABLE_ASSIGNMENT|[137]|entry|三重県|0x6f36013e
10:54:39.0 (14187389)|STATEMENT_EXECUTE|[137]
10:54:39.0 (14188187)|STATEMENT_EXECUTE|[138]
10:54:39.0 (14191250)|HEAP_ALLOCATE|[138]|Bytes:4
10:54:39.0 (14193479)|VARIABLE_SCOPE_BEGIN|[138]|option|Map<String,String>|true|false
10:54:39.0 (14198489)|VARIABLE_ASSIGNMENT|[138]|option|{}|0x795291bd
10:54:39.0 (14201102)|STATEMENT_EXECUTE|[139]
10:54:39.0 (14202873)|HEAP_ALLOCATE|[139]|Bytes:3
10:54:39.0 (14206018)|HEAP_ALLOCATE|[EXTERNAL]|Bytes:-4
10:54:39.0 (14208604)|STATEMENT_EXECUTE|[140]
10:54:39.0 (14210153)|HEAP_ALLOCATE|[140]|Bytes:3
10:54:39.0 (14213049)|HEAP_ALLOCATE|[EXTERNAL]|Bytes:-4
10:54:39.0 (14215567)|STATEMENT_EXECUTE|[141]
10:54:39.0 (14217710)|HEAP_ALLOCATE|[EXTERNAL]|Bytes:4
10:54:39.0 (14222015)|HEAP_ALLOCATE|[137]|Bytes:5
10:54:39.0 (14225583)|HEAP_ALLOCATE|[137]|Bytes:4
10:54:39.0 (14227709)|VARIABLE_SCOPE_BEGIN|[137]|entry|Schema.PicklistEntry|true|false
10:54:39.0 (14231880)|VARIABLE_ASSIGNMENT|[137]|entry|滋賀県|0x294191f9
10:54:39.0 (14234441)|STATEMENT_EXECUTE|[137]
10:54:39.0 (14235230)|STATEMENT_EXECUTE|[138]
10:54:39.0 (14237390)|HEAP_ALLOCATE|[138]|Bytes:4
10:54:39.0 (14239573)|VARIABLE_SCOPE_BEGIN|[138]|option|Map<String,String>|true|false
10:54:39.0 (14243600)|VARIABLE_ASSIGNMENT|[138]|option|{}|0x36626739
10:54:39.0 (14246123)|STATEMENT_EXECUTE|[139]
10:54:39.0 (14247833)|HEAP_ALLOCATE|[139]|Bytes:3
10:54:39.0 (14250906)|HEAP_ALLOCATE|[EXTERNAL]|Bytes:-4
10:54:39.0 (14253539)|STATEMENT_EXECUTE|[140]
10:54:39.0 (14255126)|HEAP_ALLOCATE|[140]|Bytes:3
10:54:39.0 (14257998)|HEAP_ALLOCATE|[EXTERNAL]|Bytes:-4
10:54:39.0 (14260536)|STATEMENT_EXECUTE|[141]
10:54:39.0 (14262679)|HEAP_ALLOCATE|[EXTERNAL]|Bytes:4
10:54:39.0 (14266915)|HEAP_ALLOCATE|[137]|Bytes:5
10:54:39.0 (14270468)|HEAP_ALLOCATE|[137]|Bytes:4
10:54:39.0 (14272508)|VARIABLE_SCOPE_BEGIN|[137]|entry|Schema.PicklistEntry|true|false
10:54:39.0 (14276683)|VARIABLE_ASSIGNMENT|[137]|entry|京都府|0x6982bf3a
10:54:39.0 (14279103)|STATEMENT_EXECUTE|[137]
10:54:39.0 (14279909)|STATEMENT_EXECUTE|[138]
10:54:39.0 (14281965)|HEAP_ALLOCATE|[138]|Bytes:4
10:54:39.0 (14283891)|VARIABLE_SCOPE_BEGIN|[138]|option|Map<String,String>|true|false
10:54:39.0 (14287921)|VARIABLE_ASSIGNMENT|[138]|option|{}|0x43014ce
10:54:39.0 (14290548)|STATEMENT_EXECUTE|[139]
10:54:39.0 (14292238)|HEAP_ALLOCATE|[139]|Bytes:3
10:54:39.0 (14295313)|HEAP_ALLOCATE|[EXTERNAL]|Bytes:-4
10:54:39.0 (14297892)|STATEMENT_EXECUTE|[140]
10:54:39.0 (14299466)|HEAP_ALLOCATE|[140]|Bytes:3
10:54:39.0 (14302290)|HEAP_ALLOCATE|[EXTERNAL]|Bytes:-4
10:54:39.0 (14304696)|STATEMENT_EXECUTE|[141]
10:54:39.0 (14306844)|HEAP_ALLOCATE|[EXTERNAL]|Bytes:4
10:54:39.0 (14311140)|HEAP_ALLOCATE|[137]|Bytes:5
10:54:39.0 (14314690)|HEAP_ALLOCATE|[137]|Bytes:4
10:54:39.0 (14316718)|VARIABLE_SCOPE_BEGIN|[137]|entry|Schema.PicklistEntry|true|false
10:54:39.0 (14320942)|VARIABLE_ASSIGNMENT|[137]|entry|大阪府|0x215b83e8
10:54:39.0 (14323395)|STATEMENT_EXECUTE|[137]
10:54:39.0 (14324188)|STATEMENT_EXECUTE|[138]
10:54:39.0 (14326225)|HEAP_ALLOCATE|[138]|Bytes:4
10:54:39.0 (14328134)|VARIABLE_SCOPE_BEGIN|[138]|option|Map<String,String>|true|false
10:54:39.0 (14332163)|VARIABLE_ASSIGNMENT|[138]|option|{}|0x4a56355
10:54:39.0 (14334410)|STATEMENT_EXECUTE|[139]
10:54:39.0 (14336093)|HEAP_ALLOCATE|[139]|Bytes:3
10:54:39.0 (14339229)|HEAP_ALLOCATE|[EXTERNAL]|Bytes:-4
10:54:39.0 (14341726)|STATEMENT_EXECUTE|[140]
10:54:39.0 (14343334)|HEAP_ALLOCATE|[140]|Bytes:3
10:54:39.0 (14346148)|HEAP_ALLOCATE|[EXTERNAL]|Bytes:-4
10:54:39.0 (14348556)|STATEMENT_EXECUTE|[141]
10:54:39.0 (14350679)|HEAP_ALLOCATE|[EXTERNAL]|Bytes:4
10:54:39.0 (14354942)|HEAP_ALLOCATE|[137]|Bytes:5
10:54:39.0 (14358534)|HEAP_ALLOCATE|[137]|Bytes:4
10:54:39.0 (14360590)|VARIABLE_SCOPE_BEGIN|[137]|entry|Schema.PicklistEntry|true|false
10:54:39.0 (14364860)|VARIABLE_ASSIGNMENT|[137]|entry|兵庫県|0x78a27794
10:54:39.0 (14367313)|STATEMENT_EXECUTE|[137]
10:54:39.0 (14368107)|STATEMENT_EXECUTE|[138]
10:54:39.0 (14370238)|HEAP_ALLOCATE|[138]|Bytes:4
10:54:39.0 (14372209)|VARIABLE_SCOPE_BEGIN|[138]|option|Map<String,String>|true|false
10:54:39.0 (14376157)|VARIABLE_ASSIGNMENT|[138]|option|{}|0x7cb08a2a
10:54:39.0 (14378408)|STATEMENT_EXECUTE|[139]
10:54:39.0 (14380055)|HEAP_ALLOCATE|[139]|Bytes:3
10:54:39.0 (14383119)|HEAP_ALLOCATE|[EXTERNAL]|Bytes:-4
10:54:39.0 (14385680)|STATEMENT_EXECUTE|[140]
10:54:39.0 (14387260)|HEAP_ALLOCATE|[140]|Bytes:3
10:54:39.0 (14390113)|HEAP_ALLOCATE|[EXTERNAL]|Bytes:-4
10:54:39.0 (14392575)|STATEMENT_EXECUTE|[141]
10:54:39.0 (14394698)|HEAP_ALLOCATE|[EXTERNAL]|Bytes:4
10:54:39.0 (14399184)|HEAP_ALLOCATE|[137]|Bytes:5
10:54:39.0 (14402742)|HEAP_ALLOCATE|[137]|Bytes:4
10:54:39.0 (14404762)|VARIABLE_SCOPE_BEGIN|[137]|entry|Schema.PicklistEntry|true|false
10:54:39.0 (14408854)|VARIABLE_ASSIGNMENT|[137]|entry|奈良県|0x1891297
10:54:39.0 (14411451)|STATEMENT_EXECUTE|[137]
10:54:39.0 (14412245)|STATEMENT_EXECUTE|[138]
10:54:39.0 (14414400)|HEAP_ALLOCATE|[138]|Bytes:4
10:54:39.0 (14416368)|VARIABLE_SCOPE_BEGIN|[138]|option|Map<String,String>|true|false
10:54:39.0 (14420322)|VARIABLE_ASSIGNMENT|[138]|option|{}|0x2e197638
10:54:39.0 (14422591)|STATEMENT_EXECUTE|[139]
10:54:39.0 (14424239)|HEAP_ALLOCATE|[139]|Bytes:3
10:54:39.0 (14427345)|HEAP_ALLOCATE|[EXTERNAL]|Bytes:-4
10:54:39.0 (14429954)|STATEMENT_EXECUTE|[140]
10:54:39.0 (14431541)|HEAP_ALLOCATE|[140]|Bytes:3
10:54:39.0 (14434336)|HEAP_ALLOCATE|[EXTERNAL]|Bytes:-4
10:54:39.0 (14436816)|STATEMENT_EXECUTE|[141]
10:54:39.0 (14438960)|HEAP_ALLOCATE|[EXTERNAL]|Bytes:4
10:54:39.0 (14443291)|HEAP_ALLOCATE|[137]|Bytes:5
10:54:39.0 (14446944)|HEAP_ALLOCATE|[137]|Bytes:4
10:54:39.0 (14448956)|VARIABLE_SCOPE_BEGIN|[137]|entry|Schema.PicklistEntry|true|false
10:54:39.0 (14452864)|VARIABLE_ASSIGNMENT|[137]|entry|和歌山県|0x456caab8
10:54:39.0 (14455347)|STATEMENT_EXECUTE|[137]
10:54:39.0 (14456136)|STATEMENT_EXECUTE|[138]
10:54:39.0 (14458230)|HEAP_ALLOCATE|[138]|Bytes:4
10:54:39.0 (14460156)|VARIABLE_SCOPE_BEGIN|[138]|option|Map<String,String>|true|false
10:54:39.0 (14463977)|VARIABLE_ASSIGNMENT|[138]|option|{}|0x3df589e5
10:54:39.0 (14466352)|STATEMENT_EXECUTE|[139]
10:54:39.0 (14467991)|HEAP_ALLOCATE|[139]|Bytes:4
10:54:39.0 (14476662)|HEAP_ALLOCATE|[EXTERNAL]|Bytes:-4
10:54:39.0 (14479302)|STATEMENT_EXECUTE|[140]
10:54:39.0 (14481250)|HEAP_ALLOCATE|[140]|Bytes:4
10:54:39.0 (14484560)|HEAP_ALLOCATE|[EXTERNAL]|Bytes:-4
10:54:39.0 (14487015)|STATEMENT_EXECUTE|[141]
10:54:39.0 (14489200)|HEAP_ALLOCATE|[EXTERNAL]|Bytes:4
10:54:39.0 (14493994)|HEAP_ALLOCATE|[137]|Bytes:5
10:54:39.0 (14498006)|HEAP_ALLOCATE|[137]|Bytes:4
10:54:39.0 (14500214)|VARIABLE_SCOPE_BEGIN|[137]|entry|Schema.PicklistEntry|true|false
10:54:39.0 (14504671)|VARIABLE_ASSIGNMENT|[137]|entry|鳥取県|0x74212966
10:54:39.0 (14507181)|STATEMENT_EXECUTE|[137]
10:54:39.0 (14507970)|STATEMENT_EXECUTE|[138]
10:54:39.0 (14510310)|HEAP_ALLOCATE|[138]|Bytes:4
10:54:39.0 (14512496)|VARIABLE_SCOPE_BEGIN|[138]|option|Map<String,String>|true|false
10:54:39.0 (14516752)|VARIABLE_ASSIGNMENT|[138]|option|{}|0x11ec396c
10:54:39.0 (14518935)|STATEMENT_EXECUTE|[139]
10:54:39.0 (14520989)|HEAP_ALLOCATE|[139]|Bytes:3
10:54:39.0 (14524159)|HEAP_ALLOCATE|[EXTERNAL]|Bytes:-4
10:54:39.0 (14526671)|STATEMENT_EXECUTE|[140]
10:54:39.0 (14528327)|HEAP_ALLOCATE|[140]|Bytes:3
10:54:39.0 (14531114)|HEAP_ALLOCATE|[EXTERNAL]|Bytes:-4
10:54:39.0 (14533739)|STATEMENT_EXECUTE|[141]
10:54:39.0 (14536056)|HEAP_ALLOCATE|[EXTERNAL]|Bytes:4
10:54:39.0 (14540486)|HEAP_ALLOCATE|[137]|Bytes:5
10:54:39.0 (14544189)|HEAP_ALLOCATE|[137]|Bytes:4
10:54:39.0 (14546331)|VARIABLE_SCOPE_BEGIN|[137]|entry|Schema.PicklistEntry|true|false
10:54:39.0 (14611794)|VARIABLE_ASSIGNMENT|[137]|entry|島根県|0x31756883
10:54:39.0 (14615048)|STATEMENT_EXECUTE|[137]
10:54:39.0 (14615832)|STATEMENT_EXECUTE|[138]
10:54:39.0 (14618136)|HEAP_ALLOCATE|[138]|Bytes:4
10:54:39.0 (14620555)|VARIABLE_SCOPE_BEGIN|[138]|option|Map<String,String>|true|false
10:54:39.0 (14625102)|VARIABLE_ASSIGNMENT|[138]|option|{}|0x20de65e9
10:54:39.0 (14627323)|STATEMENT_EXECUTE|[139]
10:54:39.0 (14629502)|HEAP_ALLOCATE|[139]|Bytes:3
10:54:39.0 (14632916)|HEAP_ALLOCATE|[EXTERNAL]|Bytes:-4
10:54:39.0 (14635467)|STATEMENT_EXECUTE|[140]
10:54:39.0 (14637074)|HEAP_ALLOCATE|[140]|Bytes:3
10:54:39.0 (14640005)|HEAP_ALLOCATE|[EXTERNAL]|Bytes:-4
10:54:39.0 (14642639)|STATEMENT_EXECUTE|[141]
10:54:39.0 (14645052)|HEAP_ALLOCATE|[EXTERNAL]|Bytes:4
10:54:39.0 (14649698)|HEAP_ALLOCATE|[137]|Bytes:5
10:54:39.0 (14653345)|HEAP_ALLOCATE|[137]|Bytes:4
10:54:39.0 (14655446)|VARIABLE_SCOPE_BEGIN|[137]|entry|Schema.PicklistEntry|true|false
10:54:39.0 (14659839)|VARIABLE_ASSIGNMENT|[137]|entry|岡山県|0x5dc9028d
10:54:39.0 (14662304)|STATEMENT_EXECUTE|[137]
10:54:39.0 (14663090)|STATEMENT_EXECUTE|[138]
10:54:39.0 (14665219)|HEAP_ALLOCATE|[138]|Bytes:4
10:54:39.0 (14667149)|VARIABLE_SCOPE_BEGIN|[138]|option|Map<String,String>|true|false
10:54:39.0 (14671275)|VARIABLE_ASSIGNMENT|[138]|option|{}|0x2d9e6701
10:54:39.0 (14673964)|STATEMENT_EXECUTE|[139]
10:54:39.0 (14675711)|HEAP_ALLOCATE|[139]|Bytes:3
10:54:39.0 (14678802)|HEAP_ALLOCATE|[EXTERNAL]|Bytes:-4
10:54:39.0 (14681298)|STATEMENT_EXECUTE|[140]
10:54:39.0 (14682925)|HEAP_ALLOCATE|[140]|Bytes:3
10:54:39.0 (14685861)|HEAP_ALLOCATE|[EXTERNAL]|Bytes:-4
10:54:39.0 (14688329)|STATEMENT_EXECUTE|[141]
10:54:39.0 (14690431)|HEAP_ALLOCATE|[EXTERNAL]|Bytes:4
10:54:39.0 (14694893)|HEAP_ALLOCATE|[137]|Bytes:5
10:54:39.0 (14698780)|HEAP_ALLOCATE|[137]|Bytes:4
10:54:39.0 (14701081)|VARIABLE_SCOPE_BEGIN|[137]|entry|Schema.PicklistEntry|true|false
10:54:39.0 (14705213)|VARIABLE_ASSIGNMENT|[137]|entry|広島県|0x37b53341
10:54:39.0 (14707910)|STATEMENT_EXECUTE|[137]
10:54:39.0 (14708679)|STATEMENT_EXECUTE|[138]
10:54:39.0 (14710816)|HEAP_ALLOCATE|[138]|Bytes:4
10:54:39.0 (14712883)|VARIABLE_SCOPE_BEGIN|[138]|option|Map<String,String>|true|false
10:54:39.0 (14716855)|VARIABLE_ASSIGNMENT|[138]|option|{}|0x6417f973
10:54:39.0 (14719124)|STATEMENT_EXECUTE|[139]
10:54:39.0 (14720765)|HEAP_ALLOCATE|[139]|Bytes:3
10:54:39.0 (14723785)|HEAP_ALLOCATE|[EXTERNAL]|Bytes:-4
10:54:39.0 (14726560)|STATEMENT_EXECUTE|[140]
10:54:39.0 (14728141)|HEAP_ALLOCATE|[140]|Bytes:3
10:54:39.0 (14730960)|HEAP_ALLOCATE|[EXTERNAL]|Bytes:-4
10:54:39.0 (14733444)|STATEMENT_EXECUTE|[141]
10:54:39.0 (14735564)|HEAP_ALLOCATE|[EXTERNAL]|Bytes:4
10:54:39.0 (14739881)|HEAP_ALLOCATE|[137]|Bytes:5
10:54:39.0 (14744469)|HEAP_ALLOCATE|[137]|Bytes:4
10:54:39.0 (14747841)|VARIABLE_SCOPE_BEGIN|[137]|entry|Schema.PicklistEntry|true|false
10:54:39.0 (14753716)|VARIABLE_ASSIGNMENT|[137]|entry|山口県|0x715f5216
10:54:39.0 (14757736)|STATEMENT_EXECUTE|[137]
10:54:39.0 (14758900)|STATEMENT_EXECUTE|[138]
10:54:39.0 (14761850)|HEAP_ALLOCATE|[138]|Bytes:4
10:54:39.0 (14765564)|VARIABLE_SCOPE_BEGIN|[138]|option|Map<String,String>|true|false
10:54:39.0 (14772814)|VARIABLE_ASSIGNMENT|[138]|option|{}|0x2fa79553
10:54:39.0 (14776450)|STATEMENT_EXECUTE|[139]
10:54:39.0 (14779171)|HEAP_ALLOCATE|[139]|Bytes:3
10:54:39.0 (14784227)|HEAP_ALLOCATE|[EXTERNAL]|Bytes:-4
10:54:39.0 (14787699)|STATEMENT_EXECUTE|[140]
10:54:39.0 (14790313)|HEAP_ALLOCATE|[140]|Bytes:3
10:54:39.0 (14794880)|HEAP_ALLOCATE|[EXTERNAL]|Bytes:-4
10:54:39.0 (14798374)|STATEMENT_EXECUTE|[141]
10:54:39.0 (14801355)|HEAP_ALLOCATE|[EXTERNAL]|Bytes:4
10:54:39.0 (14808966)|HEAP_ALLOCATE|[137]|Bytes:5
10:54:39.0 (14813618)|HEAP_ALLOCATE|[137]|Bytes:4
10:54:39.0 (14816081)|VARIABLE_SCOPE_BEGIN|[137]|entry|Schema.PicklistEntry|true|false
10:54:39.0 (14821545)|VARIABLE_ASSIGNMENT|[137]|entry|徳島県|0x319684dd
10:54:39.0 (14824365)|STATEMENT_EXECUTE|[137]
10:54:39.0 (14825145)|STATEMENT_EXECUTE|[138]
10:54:39.0 (14827688)|HEAP_ALLOCATE|[138]|Bytes:4
10:54:39.0 (14829759)|VARIABLE_SCOPE_BEGIN|[138]|option|Map<String,String>|true|false
10:54:39.0 (14834387)|VARIABLE_ASSIGNMENT|[138]|option|{}|0x6a113ffd
10:54:39.0 (14836655)|STATEMENT_EXECUTE|[139]
10:54:39.0 (14838504)|HEAP_ALLOCATE|[139]|Bytes:3
10:54:39.0 (14841800)|HEAP_ALLOCATE|[EXTERNAL]|Bytes:-4
10:54:39.0 (14844344)|STATEMENT_EXECUTE|[140]
10:54:39.0 (14845955)|HEAP_ALLOCATE|[140]|Bytes:3
10:54:39.0 (14848784)|HEAP_ALLOCATE|[EXTERNAL]|Bytes:-4
10:54:39.0 (14851412)|STATEMENT_EXECUTE|[141]
10:54:39.0 (14853580)|HEAP_ALLOCATE|[EXTERNAL]|Bytes:4
10:54:39.0 (14858010)|HEAP_ALLOCATE|[137]|Bytes:5
10:54:39.0 (14861696)|HEAP_ALLOCATE|[137]|Bytes:4
10:54:39.0 (14863918)|VARIABLE_SCOPE_BEGIN|[137]|entry|Schema.PicklistEntry|true|false
10:54:39.0 (14868404)|VARIABLE_ASSIGNMENT|[137]|entry|香川県|0x61551f4b
10:54:39.0 (14871212)|STATEMENT_EXECUTE|[137]
10:54:39.0 (14871994)|STATEMENT_EXECUTE|[138]
10:54:39.0 (14874222)|HEAP_ALLOCATE|[138]|Bytes:4
10:54:39.0 (14876215)|VARIABLE_SCOPE_BEGIN|[138]|option|Map<String,String>|true|false
10:54:39.0 (14880167)|VARIABLE_ASSIGNMENT|[138]|option|{}|0x724b033f
10:54:39.0 (14882570)|STATEMENT_EXECUTE|[139]
10:54:39.0 (14884244)|HEAP_ALLOCATE|[139]|Bytes:3
10:54:39.0 (14887340)|HEAP_ALLOCATE|[EXTERNAL]|Bytes:-4
10:54:39.0 (14889790)|STATEMENT_EXECUTE|[140]
10:54:39.0 (14891419)|HEAP_ALLOCATE|[140]|Bytes:3
10:54:39.0 (14894320)|HEAP_ALLOCATE|[EXTERNAL]|Bytes:-4
10:54:39.0 (14896770)|STATEMENT_EXECUTE|[141]
10:54:39.0 (14898883)|HEAP_ALLOCATE|[EXTERNAL]|Bytes:4
10:54:39.0 (14903220)|HEAP_ALLOCATE|[137]|Bytes:5
10:54:39.0 (14906929)|HEAP_ALLOCATE|[137]|Bytes:4
10:54:39.0 (14908915)|VARIABLE_SCOPE_BEGIN|[137]|entry|Schema.PicklistEntry|true|false
10:54:39.0 (14913195)|VARIABLE_ASSIGNMENT|[137]|entry|愛媛県|0x777ec1c7
10:54:39.0 (14915787)|STATEMENT_EXECUTE|[137]
10:54:39.0 (14916656)|STATEMENT_EXECUTE|[138]
10:54:39.0 (14918758)|HEAP_ALLOCATE|[138]|Bytes:4
10:54:39.0 (14920785)|VARIABLE_SCOPE_BEGIN|[138]|option|Map<String,String>|true|false
10:54:39.0 (14924867)|VARIABLE_ASSIGNMENT|[138]|option|{}|0x1473f602
10:54:39.0 (14927096)|STATEMENT_EXECUTE|[139]
10:54:39.0 (14928699)|HEAP_ALLOCATE|[139]|Bytes:3
10:54:39.0 (14931911)|HEAP_ALLOCATE|[EXTERNAL]|Bytes:-4
10:54:39.0 (14934421)|STATEMENT_EXECUTE|[140]
10:54:39.0 (14936001)|HEAP_ALLOCATE|[140]|Bytes:3
10:54:39.0 (14939049)|HEAP_ALLOCATE|[EXTERNAL]|Bytes:-4
10:54:39.0 (14941519)|STATEMENT_EXECUTE|[141]
10:54:39.0 (14944378)|HEAP_ALLOCATE|[EXTERNAL]|Bytes:4
10:54:39.0 (14950955)|HEAP_ALLOCATE|[137]|Bytes:5
10:54:39.0 (14957246)|HEAP_ALLOCATE|[137]|Bytes:4
10:54:39.0 (14960449)|VARIABLE_SCOPE_BEGIN|[137]|entry|Schema.PicklistEntry|true|false
10:54:39.0 (14967055)|VARIABLE_ASSIGNMENT|[137]|entry|高知県|0x5d950c80
10:54:39.0 (14970765)|STATEMENT_EXECUTE|[137]
10:54:39.0 (14972249)|STATEMENT_EXECUTE|[138]
10:54:39.0 (14976821)|HEAP_ALLOCATE|[138]|Bytes:4
10:54:39.0 (14982340)|VARIABLE_SCOPE_BEGIN|[138]|option|Map<String,String>|true|false
10:54:39.0 (14992076)|VARIABLE_ASSIGNMENT|[138]|option|{}|0x776dbef6
10:54:39.0 (14996516)|STATEMENT_EXECUTE|[139]
10:54:39.0 (14999620)|HEAP_ALLOCATE|[139]|Bytes:3
10:54:39.0 (15004424)|HEAP_ALLOCATE|[EXTERNAL]|Bytes:-4
10:54:39.0 (15008875)|STATEMENT_EXECUTE|[140]
10:54:39.0 (15011220)|HEAP_ALLOCATE|[140]|Bytes:3
10:54:39.0 (15015398)|HEAP_ALLOCATE|[EXTERNAL]|Bytes:-4
10:54:39.0 (15019620)|STATEMENT_EXECUTE|[141]
10:54:39.0 (15022346)|HEAP_ALLOCATE|[EXTERNAL]|Bytes:4
10:54:39.0 (15027634)|HEAP_ALLOCATE|[137]|Bytes:5
10:54:39.0 (15032008)|HEAP_ALLOCATE|[137]|Bytes:4
10:54:39.0 (15034271)|VARIABLE_SCOPE_BEGIN|[137]|entry|Schema.PicklistEntry|true|false
10:54:39.0 (15038909)|VARIABLE_ASSIGNMENT|[137]|entry|福岡県|0x769c3925
10:54:39.0 (15041514)|STATEMENT_EXECUTE|[137]
10:54:39.0 (15042293)|STATEMENT_EXECUTE|[138]
10:54:39.0 (15045401)|HEAP_ALLOCATE|[138]|Bytes:4
10:54:39.0 (15047447)|VARIABLE_SCOPE_BEGIN|[138]|option|Map<String,String>|true|false
10:54:39.0 (15052176)|VARIABLE_ASSIGNMENT|[138]|option|{}|0x7d540212
10:54:39.0 (15054666)|STATEMENT_EXECUTE|[139]
10:54:39.0 (15056539)|HEAP_ALLOCATE|[139]|Bytes:3
10:54:39.0 (15059891)|HEAP_ALLOCATE|[EXTERNAL]|Bytes:-4
10:54:39.0 (15062346)|STATEMENT_EXECUTE|[140]
10:54:39.0 (15063983)|HEAP_ALLOCATE|[140]|Bytes:3
10:54:39.0 (15066948)|HEAP_ALLOCATE|[EXTERNAL]|Bytes:-4
10:54:39.0 (15069616)|STATEMENT_EXECUTE|[141]
10:54:39.0 (15071790)|HEAP_ALLOCATE|[EXTERNAL]|Bytes:4
10:54:39.0 (15076148)|HEAP_ALLOCATE|[137]|Bytes:5
10:54:39.0 (15079741)|HEAP_ALLOCATE|[137]|Bytes:4
10:54:39.0 (15081867)|VARIABLE_SCOPE_BEGIN|[137]|entry|Schema.PicklistEntry|true|false
10:54:39.0 (15086187)|VARIABLE_ASSIGNMENT|[137]|entry|佐賀県|0x8d0e034
10:54:39.0 (15088891)|STATEMENT_EXECUTE|[137]
10:54:39.0 (15089667)|STATEMENT_EXECUTE|[138]
10:54:39.0 (15091876)|HEAP_ALLOCATE|[138]|Bytes:4
10:54:39.0 (15093950)|VARIABLE_SCOPE_BEGIN|[138]|option|Map<String,String>|true|false
10:54:39.0 (15097818)|VARIABLE_ASSIGNMENT|[138]|option|{}|0x125065d6
10:54:39.0 (15100286)|STATEMENT_EXECUTE|[139]
10:54:39.0 (15102034)|HEAP_ALLOCATE|[139]|Bytes:3
10:54:39.0 (15105190)|HEAP_ALLOCATE|[EXTERNAL]|Bytes:-4
10:54:39.0 (15107627)|STATEMENT_EXECUTE|[140]
10:54:39.0 (15109217)|HEAP_ALLOCATE|[140]|Bytes:3
10:54:39.0 (15112095)|HEAP_ALLOCATE|[EXTERNAL]|Bytes:-4
10:54:39.0 (15114613)|STATEMENT_EXECUTE|[141]
10:54:39.0 (15116782)|HEAP_ALLOCATE|[EXTERNAL]|Bytes:4
10:54:39.0 (15121043)|HEAP_ALLOCATE|[137]|Bytes:5
10:54:39.0 (15124682)|HEAP_ALLOCATE|[137]|Bytes:4
10:54:39.0 (15126753)|VARIABLE_SCOPE_BEGIN|[137]|entry|Schema.PicklistEntry|true|false
10:54:39.0 (15130901)|VARIABLE_ASSIGNMENT|[137]|entry|長崎県|0x51233a8
10:54:39.0 (15133336)|STATEMENT_EXECUTE|[137]
10:54:39.0 (15134110)|STATEMENT_EXECUTE|[138]
10:54:39.0 (15136332)|HEAP_ALLOCATE|[138]|Bytes:4
10:54:39.0 (15138267)|VARIABLE_SCOPE_BEGIN|[138]|option|Map<String,String>|true|false
10:54:39.0 (15142343)|VARIABLE_ASSIGNMENT|[138]|option|{}|0x580bf58a
10:54:39.0 (15144574)|STATEMENT_EXECUTE|[139]
10:54:39.0 (15146176)|HEAP_ALLOCATE|[139]|Bytes:3
10:54:39.0 (15149254)|HEAP_ALLOCATE|[EXTERNAL]|Bytes:-4
10:54:39.0 (15151786)|STATEMENT_EXECUTE|[140]
10:54:39.0 (15153409)|HEAP_ALLOCATE|[140]|Bytes:3
10:54:39.0 (15156714)|HEAP_ALLOCATE|[EXTERNAL]|Bytes:-4
10:54:39.0 (15159191)|STATEMENT_EXECUTE|[141]
10:54:39.0 (15161334)|HEAP_ALLOCATE|[EXTERNAL]|Bytes:4
10:54:39.0 (15166082)|HEAP_ALLOCATE|[137]|Bytes:5
10:54:39.0 (15169789)|HEAP_ALLOCATE|[137]|Bytes:4
10:54:39.0 (15171872)|VARIABLE_SCOPE_BEGIN|[137]|entry|Schema.PicklistEntry|true|false
10:54:39.0 (15176033)|VARIABLE_ASSIGNMENT|[137]|entry|熊本県|0x57d57fff
10:54:39.0 (15178477)|STATEMENT_EXECUTE|[137]
10:54:39.0 (15179252)|STATEMENT_EXECUTE|[138]
10:54:39.0 (15181478)|HEAP_ALLOCATE|[138]|Bytes:4
10:54:39.0 (15183434)|VARIABLE_SCOPE_BEGIN|[138]|option|Map<String,String>|true|false
10:54:39.0 (15187344)|VARIABLE_ASSIGNMENT|[138]|option|{}|0x46bace06
10:54:39.0 (15189690)|STATEMENT_EXECUTE|[139]
10:54:39.0 (15191413)|HEAP_ALLOCATE|[139]|Bytes:3
10:54:39.0 (15194461)|HEAP_ALLOCATE|[EXTERNAL]|Bytes:-4
10:54:39.0 (15197045)|STATEMENT_EXECUTE|[140]
10:54:39.0 (15198631)|HEAP_ALLOCATE|[140]|Bytes:3
10:54:39.0 (15201597)|HEAP_ALLOCATE|[EXTERNAL]|Bytes:-4
10:54:39.0 (15204519)|STATEMENT_EXECUTE|[141]
10:54:39.0 (15207539)|HEAP_ALLOCATE|[EXTERNAL]|Bytes:4
10:54:39.0 (15214886)|HEAP_ALLOCATE|[137]|Bytes:5
10:54:39.0 (15220505)|HEAP_ALLOCATE|[137]|Bytes:4
10:54:39.0 (15223886)|VARIABLE_SCOPE_BEGIN|[137]|entry|Schema.PicklistEntry|true|false
10:54:39.0 (15231125)|VARIABLE_ASSIGNMENT|[137]|entry|大分県|0x52212a0a
10:54:39.0 (15233847)|STATEMENT_EXECUTE|[137]
10:54:39.0 (15234785)|STATEMENT_EXECUTE|[138]
10:54:39.0 (15237166)|HEAP_ALLOCATE|[138]|Bytes:4
10:54:39.0 (15239276)|VARIABLE_SCOPE_BEGIN|[138]|option|Map<String,String>|true|false
10:54:39.0 (15243491)|VARIABLE_ASSIGNMENT|[138]|option|{}|0x55013261
10:54:39.0 (15246013)|STATEMENT_EXECUTE|[139]
10:54:39.0 (15248236)|HEAP_ALLOCATE|[139]|Bytes:3
10:54:39.0 (15251825)|HEAP_ALLOCATE|[EXTERNAL]|Bytes:-4
10:54:39.0 (15254366)|STATEMENT_EXECUTE|[140]
10:54:39.0 (15256006)|HEAP_ALLOCATE|[140]|Bytes:3
10:54:39.0 (15258869)|HEAP_ALLOCATE|[EXTERNAL]|Bytes:-4
10:54:39.0 (15261346)|STATEMENT_EXECUTE|[141]
10:54:39.0 (15263665)|HEAP_ALLOCATE|[EXTERNAL]|Bytes:4
10:54:39.0 (15270175)|HEAP_ALLOCATE|[137]|Bytes:5
10:54:39.0 (15276356)|HEAP_ALLOCATE|[137]|Bytes:4
10:54:39.0 (15279271)|VARIABLE_SCOPE_BEGIN|[137]|entry|Schema.PicklistEntry|true|false
10:54:39.0 (15285872)|VARIABLE_ASSIGNMENT|[137]|entry|宮崎県|0x295795b9
10:54:39.0 (15290321)|STATEMENT_EXECUTE|[137]
10:54:39.0 (15291695)|STATEMENT_EXECUTE|[138]
10:54:39.0 (15295367)|HEAP_ALLOCATE|[138]|Bytes:4
10:54:39.0 (15299915)|VARIABLE_SCOPE_BEGIN|[138]|option|Map<String,String>|true|false
10:54:39.0 (15306723)|VARIABLE_ASSIGNMENT|[138]|option|{}|0x398da46b
10:54:39.0 (15311710)|STATEMENT_EXECUTE|[139]
10:54:39.0 (15314966)|HEAP_ALLOCATE|[139]|Bytes:3
10:54:39.0 (15320324)|HEAP_ALLOCATE|[EXTERNAL]|Bytes:-4
10:54:39.0 (15324036)|STATEMENT_EXECUTE|[140]
10:54:39.0 (15326939)|HEAP_ALLOCATE|[140]|Bytes:3
10:54:39.0 (15330090)|HEAP_ALLOCATE|[EXTERNAL]|Bytes:-4
10:54:39.0 (15332550)|STATEMENT_EXECUTE|[141]
10:54:39.0 (15334842)|HEAP_ALLOCATE|[EXTERNAL]|Bytes:4
10:54:39.0 (15340505)|HEAP_ALLOCATE|[137]|Bytes:5
10:54:39.0 (15344620)|HEAP_ALLOCATE|[137]|Bytes:4
10:54:39.0 (15347781)|VARIABLE_SCOPE_BEGIN|[137]|entry|Schema.PicklistEntry|true|false
10:54:39.0 (15354535)|VARIABLE_ASSIGNMENT|[137]|entry|鹿児島県|0x6227a82a
10:54:39.0 (15358967)|STATEMENT_EXECUTE|[137]
10:54:39.0 (15360079)|STATEMENT_EXECUTE|[138]
10:54:39.0 (15364317)|HEAP_ALLOCATE|[138]|Bytes:4
10:54:39.0 (15367179)|VARIABLE_SCOPE_BEGIN|[138]|option|Map<String,String>|true|false
10:54:39.0 (15371545)|VARIABLE_ASSIGNMENT|[138]|option|{}|0x3ee91c35
10:54:39.0 (15373855)|STATEMENT_EXECUTE|[139]
10:54:39.0 (15375946)|HEAP_ALLOCATE|[139]|Bytes:4
10:54:39.0 (15379318)|HEAP_ALLOCATE|[EXTERNAL]|Bytes:-4
10:54:39.0 (15382074)|STATEMENT_EXECUTE|[140]
10:54:39.0 (15384454)|HEAP_ALLOCATE|[140]|Bytes:4
10:54:39.0 (15389092)|HEAP_ALLOCATE|[EXTERNAL]|Bytes:-4
10:54:39.0 (15393507)|STATEMENT_EXECUTE|[141]
10:54:39.0 (15397122)|HEAP_ALLOCATE|[EXTERNAL]|Bytes:4
10:54:39.0 (15404470)|HEAP_ALLOCATE|[137]|Bytes:5
10:54:39.0 (15411476)|HEAP_ALLOCATE|[137]|Bytes:4
10:54:39.0 (15415882)|VARIABLE_SCOPE_BEGIN|[137]|entry|Schema.PicklistEntry|true|false
10:54:39.0 (15421007)|VARIABLE_ASSIGNMENT|[137]|entry|沖縄県|0x2b86ac0c
10:54:39.0 (15424165)|STATEMENT_EXECUTE|[137]
10:54:39.0 (15424982)|STATEMENT_EXECUTE|[138]
10:54:39.0 (15427256)|HEAP_ALLOCATE|[138]|Bytes:4
10:54:39.0 (15429360)|VARIABLE_SCOPE_BEGIN|[138]|option|Map<String,String>|true|false
10:54:39.0 (15433873)|VARIABLE_ASSIGNMENT|[138]|option|{}|0x7f7cfbeb
10:54:39.0 (15436235)|STATEMENT_EXECUTE|[139]
10:54:39.0 (15438155)|HEAP_ALLOCATE|[139]|Bytes:3
10:54:39.0 (15441616)|HEAP_ALLOCATE|[EXTERNAL]|Bytes:-4
10:54:39.0 (15444141)|STATEMENT_EXECUTE|[140]
10:54:39.0 (15445998)|HEAP_ALLOCATE|[140]|Bytes:3
10:54:39.0 (15448871)|HEAP_ALLOCATE|[EXTERNAL]|Bytes:-4
10:54:39.0 (15451321)|STATEMENT_EXECUTE|[141]
10:54:39.0 (15453480)|HEAP_ALLOCATE|[EXTERNAL]|Bytes:4
10:54:39.0 (15457895)|HEAP_ALLOCATE|[137]|Bytes:5
10:54:39.0 (15463935)|VARIABLE_ASSIGNMENT|[137]|entry|null|
10:54:39.0 (15468701)|STATEMENT_EXECUTE|[146]
10:54:39.0 (15484106)|METHOD_EXIT|[112]|01pBK000001mgyr|RegistrationInfoController.getPicklistValuesWithEmpty(Schema.SObjectField, String)
10:54:39.15 (15552103)|CUMULATIVE_LIMIT_USAGE
10:54:39.15 (15552103)|LIMIT_USAGE_FOR_NS|(default)|
  Number of SOQL queries: 0 out of 100
  Number of query rows: 0 out of 50000
  Number of SOSL queries: 0 out of 20
  Number of DML statements: 0 out of 0
  Number of Publish Immediate DML: 0 out of 150
  Number of DML rows: 0 out of 10000
  Maximum CPU time: 0 out of 10000
  Maximum heap size: 0 out of 6000000
  Number of callouts: 0 out of 100
  Number of Email Invocations: 0 out of 10
  Number of future calls: 0 out of 50
  Number of queueable jobs added to the queue: 0 out of 50
  Number of Mobile Apex push calls: 0 out of 10

10:54:39.15 (15552103)|CUMULATIVE_LIMIT_USAGE_END

10:54:39.0 (15587646)|CODE_UNIT_FINISHED|RegistrationInfoController.getPrefecturePicklistValues()
10:54:39.0 (15771643)|CODE_UNIT_FINISHED|apex://RegistrationInfoController/ACTION$getPrefecturePicklistValues
10:54:39.0 (15778021)|EXECUTION_FINISHED
