66.0 APEX_CODE,FINEST;APEX_PROFILING,INFO;CALLOUT,INFO;DATA_ACCESS,INFO;DB,INFO;NBA,INFO;SYSTEM,DEBUG;VALIDATION,INFO;VISUALFORCE,INFO;WAVE,INFO;WORKFLOW,INFO
15:49:34.0 (194361)|USER_INFO|[EXTERNAL]|0057F0000042UBb|ishibashi@hurex.co.jp.dev1|(GMT+09:00) 日本標準時 (Asia/Tokyo)|GMT+09:00
15:49:34.0 (228933)|EXECUTION_STARTED
15:49:34.0 (239400)|CODE_UNIT_STARTED|[EXTERNAL]|apex://CustomNotificationController/ACTION$getNotifications
15:49:34.0 (1218303)|CODE_UNIT_STARTED|[EXTERNAL]|01pBK000001VvEL|CustomNotificationController.getNotifications(String)
15:49:34.0 (1443870)|HEAP_ALLOCATE|[95]|Bytes:3
15:49:34.0 (1525141)|HEAP_ALLOCATE|[100]|Bytes:152
15:49:34.0 (1539445)|HEAP_ALLOCATE|[417]|Bytes:408
15:49:34.0 (1550601)|HEAP_ALLOCATE|[430]|Bytes:408
15:49:34.0 (1570321)|HEAP_ALLOCATE|[317]|Bytes:6
15:49:34.0 (1652557)|HEAP_ALLOCATE|[EXTERNAL]|Bytes:7
15:49:34.0 (1663125)|METHOD_ENTRY|[1]|01pBK000001VvEL|CustomNotificationController.CustomNotificationController()
15:49:34.0 (1667736)|STATEMENT_EXECUTE|[1]
15:49:34.0 (1672105)|STATEMENT_EXECUTE|[1]
15:49:34.0 (1690759)|HEAP_ALLOCATE|[68]|Bytes:5
15:49:34.0 (1715007)|HEAP_ALLOCATE|[74]|Bytes:5
15:49:34.0 (1719428)|HEAP_ALLOCATE|[82]|Bytes:7
15:49:34.0 (1870764)|HEAP_ALLOCATE|[EXTERNAL]|Bytes:5
15:49:34.0 (1881590)|METHOD_EXIT|[1]|CustomNotificationController
15:49:34.0 (1888639)|VARIABLE_SCOPE_BEGIN|[5]|before|String|false|false
15:49:34.0 (1917610)|VARIABLE_ASSIGNMENT|[5]|before|null
15:49:34.0 (1927309)|HEAP_ALLOCATE|[6]|Bytes:5
15:49:34.0 (1929871)|STATEMENT_EXECUTE|[5]
15:49:34.0 (1930977)|STATEMENT_EXECUTE|[6]
15:49:34.0 (1956783)|VARIABLE_SCOPE_BEGIN|[6]|req|System.HttpRequest|true|false
15:49:34.0 (2143548)|VARIABLE_ASSIGNMENT|[6]|req|"System.HttpRequest[Endpoint=null, Method=null]"|0x3f499ddc
15:49:34.0 (2149143)|STATEMENT_EXECUTE|[7]
15:49:34.0 (2151588)|HEAP_ALLOCATE|[7]|Bytes:3
15:49:34.0 (2217978)|STATEMENT_EXECUTE|[8]
15:49:34.0 (2219554)|HEAP_ALLOCATE|[8]|Bytes:13
15:49:34.0 (2221934)|HEAP_ALLOCATE|[8]|Bytes:7
15:49:34.0 (2259115)|HEAP_ALLOCATE|[8]|Bytes:105
15:49:34.0 (2265686)|SYSTEM_METHOD_ENTRY|[1]|UserInfo.UserInfo()
15:49:34.0 (2267983)|STATEMENT_EXECUTE|[1]
15:49:34.0 (2273248)|SYSTEM_METHOD_EXIT|[1]|UserInfo
15:49:34.0 (2281680)|METHOD_ENTRY|[8]||System.UserInfo.getSessionId()
15:49:34.0 (9373144)|METHOD_EXIT|[8]||System.UserInfo.getSessionId()
15:49:34.0 (9417907)|HEAP_ALLOCATE|[8]|Bytes:119
15:49:34.0 (9479585)|STATEMENT_EXECUTE|[10]
15:49:34.0 (9554785)|HEAP_ALLOCATE|[10]|Bytes:67
15:49:34.0 (9567832)|SYSTEM_METHOD_ENTRY|[1]|Url.Url()
15:49:34.0 (9570095)|STATEMENT_EXECUTE|[1]
15:49:34.0 (9576211)|SYSTEM_METHOD_EXIT|[1]|Url
15:49:34.0 (9657130)|METHOD_ENTRY|[10]||System.Url.getOrgDomainUrl()
15:49:34.0 (9896400)|METHOD_EXIT|[10]||System.Url.getOrgDomainUrl()
15:49:34.0 (9911399)|METHOD_ENTRY|[10]||System.Url.toExternalForm()
15:49:34.0 (9944453)|METHOD_EXIT|[10]||System.Url.toExternalForm()
15:49:34.0 (9949216)|VARIABLE_SCOPE_BEGIN|[10]|domainPath|String|false|false
15:49:34.0 (9969144)|VARIABLE_ASSIGNMENT|[10]|domainPath|"https://hurex--dev1. (25 more) ..."
15:49:34.0 (9972395)|STATEMENT_EXECUTE|[11]
15:49:34.0 (9975367)|HEAP_ALLOCATE|[11]|Bytes:50
15:49:34.0 (9983172)|HEAP_ALLOCATE|[11]|Bytes:95
15:49:34.0 (9985768)|VARIABLE_SCOPE_BEGIN|[11]|endpoint|String|false|false
15:49:34.0 (9991050)|VARIABLE_ASSIGNMENT|[11]|endpoint|"https://hurex--dev1. (75 more) ..."
15:49:34.0 (10045616)|STATEMENT_EXECUTE|[13]
15:49:34.0 (10047546)|STATEMENT_EXECUTE|[16]
15:49:34.0 (10078350)|STATEMENT_EXECUTE|[18]
15:49:34.0 (10095066)|VARIABLE_SCOPE_BEGIN|[18]|http|System.Http|true|false
15:49:34.0 (10198750)|VARIABLE_ASSIGNMENT|[18]|http|"System.Http[]"|0x1d359928
15:49:34.0 (10202499)|STATEMENT_EXECUTE|[19]
15:49:34.0 (10282447)|CALLOUT_REQUEST|[19]|System.HttpRequest[Endpoint=https://hurex--dev1.sandbox.my.salesforce.com/services/data/v56.0/connect/notifications?size=20, Method=GET]
15:49:34.0 (320303751)|HEAP_ALLOCATE|[EXTERNAL]|Bytes:15126
15:49:34.0 (323394764)|CALLOUT_RESPONSE|[19]|System.HttpResponse[Status=OK, StatusCode=200]
15:49:34.0 (323438063)|HEAP_ALLOCATE|[19]|Bytes:14281
15:49:34.0 (323478015)|VARIABLE_SCOPE_BEGIN|[19]|res|System.HttpResponse|true|false
15:49:34.0 (323570864)|VARIABLE_ASSIGNMENT|[19]|res|"System.HttpResponse[Status=OK, StatusCode=200]"|0x2e1d8ba5
15:49:34.0 (323653096)|STATEMENT_EXECUTE|[21]
15:49:34.0 (323655246)|STATEMENT_EXECUTE|[22]
15:49:34.0 (324412325)|HEAP_ALLOCATE|[22]|Bytes:13995
15:49:34.324 (324460960)|CUMULATIVE_LIMIT_USAGE
15:49:34.324 (324460960)|LIMIT_USAGE_FOR_NS|(default)|
  Number of SOQL queries: 0 out of 100
  Number of query rows: 0 out of 50000
  Number of SOSL queries: 0 out of 20
  Number of DML statements: 0 out of 150
  Number of Publish Immediate DML: 0 out of 150
  Number of DML rows: 0 out of 10000
  Maximum CPU time: 0 out of 10000
  Maximum heap size: 0 out of 6000000
  Number of callouts: 1 out of 100
  Number of Email Invocations: 0 out of 10
  Number of future calls: 0 out of 50
  Number of queueable jobs added to the queue: 0 out of 50
  Number of Mobile Apex push calls: 0 out of 10

15:49:34.324 (324460960)|CUMULATIVE_LIMIT_USAGE_END

15:49:34.0 (324499194)|CODE_UNIT_FINISHED|CustomNotificationController.getNotifications(String)
15:49:34.0 (324674802)|CODE_UNIT_FINISHED|apex://CustomNotificationController/ACTION$getNotifications
15:49:34.0 (324700874)|EXECUTION_FINISHED
