66.0 APEX_CODE,FINEST;APEX_PROFILING,INFO;CALLOUT,INFO;DATA_ACCESS,INFO;DB,INFO;NBA,INFO;SYSTEM,DEBUG;VALIDATION,INFO;VISUALFORCE,INFO;WAVE,INFO;WORKFLOW,INFO
10:37:15.0 (692843)|USER_INFO|[EXTERNAL]|005BK00000Ilvi1|foryoze@owleyes.ch.hurex|(GMT+09:00) 日本標準時 (Asia/Tokyo)|GMT+09:00
10:37:15.0 (772360)|EXECUTION_STARTED
10:37:15.0 (785021)|CODE_UNIT_STARTED|[EXTERNAL]|apex://RecentJobViewedController/ACTION$getRecentViewedJobs
10:37:15.0 (2368096)|CODE_UNIT_STARTED|[EXTERNAL]|01pBK000001RE9Z|RecentJobViewedController.getRecentViewedJobs()
10:37:15.0 (2567003)|VARIABLE_SCOPE_BEGIN|[17]|RecentJobViewedController.testForceException|Boolean|false|true
10:37:15.0 (2874707)|HEAP_ALLOCATE|[95]|Bytes:3
10:37:15.0 (2910822)|HEAP_ALLOCATE|[100]|Bytes:152
10:37:15.0 (2923470)|HEAP_ALLOCATE|[417]|Bytes:408
10:37:15.0 (2934095)|HEAP_ALLOCATE|[430]|Bytes:408
10:37:15.0 (2952629)|HEAP_ALLOCATE|[317]|Bytes:6
10:37:15.0 (2962794)|HEAP_ALLOCATE|[EXTERNAL]|Bytes:10
10:37:15.0 (2966411)|HEAP_ALLOCATE|[EXTERNAL]|Bytes:5
10:37:15.0 (2975417)|METHOD_ENTRY|[1]|01pBK000001RE9Z|RecentJobViewedController.RecentJobViewedController()
10:37:15.0 (2979782)|STATEMENT_EXECUTE|[1]
10:37:15.0 (2984219)|STATEMENT_EXECUTE|[1]
10:37:15.0 (2999947)|HEAP_ALLOCATE|[68]|Bytes:5
10:37:15.0 (3022093)|HEAP_ALLOCATE|[74]|Bytes:5
10:37:15.0 (3027165)|HEAP_ALLOCATE|[82]|Bytes:7
10:37:15.0 (3200198)|HEAP_ALLOCATE|[17]|Bytes:5
10:37:15.0 (3204993)|STATEMENT_EXECUTE|[2]
10:37:15.0 (3206460)|STATEMENT_EXECUTE|[17]
10:37:15.0 (3212591)|HEAP_ALLOCATE|[17]|Bytes:5
10:37:15.0 (3254532)|VARIABLE_ASSIGNMENT|[17]|RecentJobViewedController.testForceException|false
10:37:15.0 (3268140)|METHOD_EXIT|[1]|RecentJobViewedController
10:37:15.0 (3280926)|HEAP_ALLOCATE|[21]|Bytes:5
10:37:15.0 (3284550)|STATEMENT_EXECUTE|[20]
10:37:15.0 (3286072)|STATEMENT_EXECUTE|[21]
10:37:15.0 (3287107)|STATEMENT_EXECUTE|[21]
10:37:15.0 (3318702)|HEAP_ALLOCATE|[22]|Bytes:118
10:37:15.0 (3325571)|SYSTEM_METHOD_ENTRY|[1]|Test.Test()
10:37:15.0 (3327765)|STATEMENT_EXECUTE|[1]
10:37:15.0 (3333058)|SYSTEM_METHOD_EXIT|[1]|Test
10:37:15.0 (3344150)|METHOD_ENTRY|[22]||System.Test.isRunningTest()
10:37:15.0 (3383117)|METHOD_EXIT|[22]||System.Test.isRunningTest()
10:37:15.0 (3388575)|STATEMENT_EXECUTE|[22]
10:37:15.0 (3389587)|STATEMENT_EXECUTE|[26]
10:37:15.0 (3391117)|HEAP_ALLOCATE|[26]|Bytes:137
10:37:15.0 (3405892)|HEAP_ALLOCATE|[26]|Bytes:4
10:37:15.0 (5540863)|SOQL_EXECUTE_BEGIN|[26]|Aggregations:0|SELECT Id, Name, JobPosition__c, LastViewedDate FROM Job__c WHERE LastViewedDate != NULL ORDER BY LastViewedDate DESC NULLS FIRST LIMIT 4
10:37:15.0 (33578211)|SOQL_EXECUTE_END|[26]|Rows:4
10:37:15.0 (33631947)|HEAP_ALLOCATE|[26]|Bytes:20
10:37:15.0 (33691232)|HEAP_ALLOCATE|[26]|Bytes:851
10:37:15.0 (33772472)|HEAP_ALLOCATE|[26]|Bytes:20
10:37:15.33 (33894325)|CUMULATIVE_LIMIT_USAGE
10:37:15.33 (33894325)|LIMIT_USAGE_FOR_NS|(default)|
  Number of SOQL queries: 1 out of 100
  Number of query rows: 4 out of 50000
  Number of SOSL queries: 0 out of 20
  Number of DML statements: 0 out of 0
  Number of Publish Immediate DML: 0 out of 150
  Number of DML rows: 0 out of 10000
  Maximum CPU time: 0 out of 10000
  Maximum heap size: 0 out of 6000000
  Number of callouts: 0 out of 100
  Number of Email Invocations: 0 out of 10
  Number of future calls: 0 out of 50
  Number of queueable jobs added to the queue: 0 out of 50
  Number of Mobile Apex push calls: 0 out of 10

10:37:15.33 (33894325)|CUMULATIVE_LIMIT_USAGE_END

10:37:15.0 (33935893)|CODE_UNIT_FINISHED|RecentJobViewedController.getRecentViewedJobs()
10:37:15.0 (34145757)|CODE_UNIT_FINISHED|apex://RecentJobViewedController/ACTION$getRecentViewedJobs
10:37:15.0 (34158724)|EXECUTION_FINISHED
