66.0 APEX_CODE,FINEST;APEX_PROFILING,INFO;CALLOUT,INFO;DATA_ACCESS,INFO;DB,INFO;NBA,INFO;SYSTEM,DEBUG;VALIDATION,INFO;VISUALFORCE,INFO;WAVE,INFO;WORKFLOW,INFO
15:52:56.0 (225388)|USER_INFO|[EXTERNAL]|0057F0000042UBb|ishibashi@hurex.co.jp.dev1|(GMT+09:00) 日本標準時 (Asia/Tokyo)|GMT+09:00
15:52:56.0 (260987)|EXECUTION_STARTED
15:52:56.0 (276721)|CODE_UNIT_STARTED|[EXTERNAL]|apex://RecentJobViewedController/ACTION$getRecentViewedJobs
15:52:56.0 (1014022)|CODE_UNIT_STARTED|[EXTERNAL]|01pBK000001RE9Z|RecentJobViewedController.getRecentViewedJobs()
15:52:56.0 (1390122)|HEAP_ALLOCATE|[95]|Bytes:3
15:52:56.0 (1492529)|HEAP_ALLOCATE|[100]|Bytes:152
15:52:56.0 (1511963)|HEAP_ALLOCATE|[417]|Bytes:408
15:52:56.0 (1529263)|HEAP_ALLOCATE|[430]|Bytes:408
15:52:56.0 (1579028)|HEAP_ALLOCATE|[317]|Bytes:6
15:52:56.0 (1597237)|HEAP_ALLOCATE|[EXTERNAL]|Bytes:1
15:52:56.0 (1612076)|METHOD_ENTRY|[1]|01pBK000001RE9Z|RecentJobViewedController.RecentJobViewedController()
15:52:56.0 (1618793)|STATEMENT_EXECUTE|[1]
15:52:56.0 (1624581)|STATEMENT_EXECUTE|[1]
15:52:56.0 (1648900)|HEAP_ALLOCATE|[68]|Bytes:5
15:52:56.0 (1679324)|HEAP_ALLOCATE|[74]|Bytes:5
15:52:56.0 (1686704)|HEAP_ALLOCATE|[82]|Bytes:7
15:52:56.0 (1943870)|HEAP_ALLOCATE|[EXTERNAL]|Bytes:5
15:52:56.0 (1965058)|METHOD_EXIT|[1]|RecentJobViewedController
15:52:56.0 (1983633)|HEAP_ALLOCATE|[4]|Bytes:5
15:52:56.0 (1987751)|STATEMENT_EXECUTE|[3]
15:52:56.0 (1989471)|STATEMENT_EXECUTE|[4]
15:52:56.0 (1990522)|STATEMENT_EXECUTE|[4]
15:52:56.0 (1991675)|STATEMENT_EXECUTE|[5]
15:52:56.0 (1994934)|HEAP_ALLOCATE|[5]|Bytes:137
15:52:56.0 (2020185)|HEAP_ALLOCATE|[5]|Bytes:4
15:52:56.0 (4459250)|SOQL_EXECUTE_BEGIN|[5]|Aggregations:0|SELECT Id, Name, JobPosition__c, LastViewedDate FROM Job__c WHERE LastViewedDate != NULL ORDER BY LastViewedDate DESC NULLS FIRST LIMIT 4
15:52:56.0 (14198908)|SOQL_EXECUTE_END|[5]|Rows:4
15:52:56.0 (14243754)|HEAP_ALLOCATE|[5]|Bytes:20
15:52:56.0 (14273074)|HEAP_ALLOCATE|[5]|Bytes:699
15:52:56.0 (14341850)|HEAP_ALLOCATE|[5]|Bytes:20
15:52:56.14 (14438481)|CUMULATIVE_LIMIT_USAGE
15:52:56.14 (14438481)|LIMIT_USAGE_FOR_NS|(default)|
  Number of SOQL queries: 1 out of 100
  Number of query rows: 4 out of 50000
  Number of SOSL queries: 0 out of 20
  Number of DML statements: 0 out of 0
  Number of Publish Immediate DML: 0 out of 150
  Number of DML rows: 0 out of 10000
  Maximum CPU time: 0 out of 10000
  Maximum heap size: 0 out of 6000000
  Number of callouts: 0 out of 100
  Number of Email Invocations: 0 out of 10
  Number of future calls: 0 out of 50
  Number of queueable jobs added to the queue: 0 out of 50
  Number of Mobile Apex push calls: 0 out of 10

15:52:56.14 (14438481)|CUMULATIVE_LIMIT_USAGE_END

15:52:56.0 (14505752)|CODE_UNIT_FINISHED|RecentJobViewedController.getRecentViewedJobs()
15:52:56.0 (14704110)|CODE_UNIT_FINISHED|apex://RecentJobViewedController/ACTION$getRecentViewedJobs
15:52:56.0 (14709582)|EXECUTION_FINISHED
