66.0 APEX_CODE,FINEST;APEX_PROFILING,INFO;CALLOUT,INFO;DATA_ACCESS,INFO;DB,INFO;NBA,INFO;SYSTEM,DEBUG;VALIDATION,INFO;VISUALFORCE,INFO;WAVE,INFO;WORKFLOW,INFO
16:25:56.8 (8676209)|USER_INFO|[EXTERNAL]|0057F0000042UBb|ishibashi@hurex.co.jp.dev1|(GMT+09:00) 日本標準時 (Asia/Tokyo)|GMT+09:00
16:25:56.8 (8710226)|EXECUTION_STARTED
16:25:56.8 (8720059)|CODE_UNIT_STARTED|[EXTERNAL]|apex://CustomNotificationController/ACTION$getNotifications
16:25:56.8 (12724192)|CODE_UNIT_STARTED|[EXTERNAL]|01pBK000001VvEL|CustomNotificationController.getNotifications(String)
16:25:56.8 (12923153)|HEAP_ALLOCATE|[95]|Bytes:3
16:25:56.8 (12986265)|HEAP_ALLOCATE|[100]|Bytes:152
16:25:56.8 (12998267)|HEAP_ALLOCATE|[417]|Bytes:408
16:25:56.8 (13008894)|HEAP_ALLOCATE|[430]|Bytes:408
16:25:56.8 (13031368)|HEAP_ALLOCATE|[317]|Bytes:6
16:25:56.8 (13075071)|HEAP_ALLOCATE|[EXTERNAL]|Bytes:7
16:25:56.8 (13083295)|METHOD_ENTRY|[1]|01pBK000001VvEL|CustomNotificationController.CustomNotificationController()
16:25:56.8 (13086935)|STATEMENT_EXECUTE|[1]
16:25:56.8 (13091145)|STATEMENT_EXECUTE|[1]
16:25:56.8 (13106508)|HEAP_ALLOCATE|[68]|Bytes:5
16:25:56.8 (13124271)|HEAP_ALLOCATE|[74]|Bytes:5
16:25:56.8 (13128293)|HEAP_ALLOCATE|[82]|Bytes:7
16:25:56.8 (13282198)|HEAP_ALLOCATE|[EXTERNAL]|Bytes:5
16:25:56.8 (13292601)|METHOD_EXIT|[1]|CustomNotificationController
16:25:56.8 (13297638)|VARIABLE_SCOPE_BEGIN|[5]|before|String|false|false
16:25:56.8 (13345002)|VARIABLE_ASSIGNMENT|[5]|before|null
16:25:56.8 (13356020)|HEAP_ALLOCATE|[6]|Bytes:5
16:25:56.8 (13358776)|STATEMENT_EXECUTE|[5]
16:25:56.8 (13359916)|STATEMENT_EXECUTE|[6]
16:25:56.8 (13386325)|VARIABLE_SCOPE_BEGIN|[6]|req|System.HttpRequest|true|false
16:25:56.8 (13606236)|VARIABLE_ASSIGNMENT|[6]|req|"System.HttpRequest[Endpoint=null, Method=null]"|0x93c2f0c
16:25:56.8 (13612240)|STATEMENT_EXECUTE|[7]
16:25:56.8 (13615061)|HEAP_ALLOCATE|[7]|Bytes:3
16:25:56.8 (13689136)|STATEMENT_EXECUTE|[8]
16:25:56.8 (13690839)|HEAP_ALLOCATE|[8]|Bytes:13
16:25:56.8 (13693763)|HEAP_ALLOCATE|[8]|Bytes:7
16:25:56.8 (13729670)|HEAP_ALLOCATE|[8]|Bytes:105
16:25:56.8 (13737089)|SYSTEM_METHOD_ENTRY|[1]|UserInfo.UserInfo()
16:25:56.8 (13738823)|STATEMENT_EXECUTE|[1]
16:25:56.8 (13744270)|SYSTEM_METHOD_EXIT|[1]|UserInfo
16:25:56.8 (13755589)|METHOD_ENTRY|[8]||System.UserInfo.getSessionId()
16:25:56.8 (20131319)|METHOD_EXIT|[8]||System.UserInfo.getSessionId()
16:25:56.8 (20198097)|HEAP_ALLOCATE|[8]|Bytes:119
16:25:56.8 (20406640)|STATEMENT_EXECUTE|[10]
16:25:56.8 (20473559)|HEAP_ALLOCATE|[10]|Bytes:67
16:25:56.8 (20494222)|SYSTEM_METHOD_ENTRY|[1]|Url.Url()
16:25:56.8 (20496986)|STATEMENT_EXECUTE|[1]
16:25:56.8 (20505007)|SYSTEM_METHOD_EXIT|[1]|Url
16:25:56.8 (20515522)|METHOD_ENTRY|[10]||System.Url.getOrgDomainUrl()
16:25:56.8 (20737966)|METHOD_EXIT|[10]||System.Url.getOrgDomainUrl()
16:25:56.8 (20755717)|METHOD_ENTRY|[10]||System.Url.toExternalForm()
16:25:56.8 (20794584)|METHOD_EXIT|[10]||System.Url.toExternalForm()
16:25:56.8 (20799838)|VARIABLE_SCOPE_BEGIN|[10]|domainPath|String|false|false
16:25:56.8 (20826983)|VARIABLE_ASSIGNMENT|[10]|domainPath|"https://hurex--dev1. (25 more) ..."
16:25:56.8 (20832130)|STATEMENT_EXECUTE|[11]
16:25:56.8 (20835593)|HEAP_ALLOCATE|[11]|Bytes:50
16:25:56.8 (20845178)|HEAP_ALLOCATE|[11]|Bytes:95
16:25:56.8 (20848915)|VARIABLE_SCOPE_BEGIN|[11]|endpoint|String|false|false
16:25:56.8 (20856953)|VARIABLE_ASSIGNMENT|[11]|endpoint|"https://hurex--dev1. (75 more) ..."
16:25:56.8 (20906290)|STATEMENT_EXECUTE|[13]
16:25:56.8 (20907384)|STATEMENT_EXECUTE|[16]
16:25:56.8 (20934737)|STATEMENT_EXECUTE|[18]
16:25:56.8 (20952413)|VARIABLE_SCOPE_BEGIN|[18]|http|System.Http|true|false
16:25:56.8 (21048032)|VARIABLE_ASSIGNMENT|[18]|http|"System.Http[]"|0x311c9c3c
16:25:56.8 (21052540)|STATEMENT_EXECUTE|[19]
16:25:56.8 (21136973)|CALLOUT_REQUEST|[19]|System.HttpRequest[Endpoint=https://hurex--dev1.sandbox.my.salesforce.com/services/data/v56.0/connect/notifications?size=20, Method=GET]
16:25:56.8 (186054930)|HEAP_ALLOCATE|[EXTERNAL]|Bytes:907
16:25:56.8 (187433180)|CALLOUT_RESPONSE|[19]|System.HttpResponse[Status=Unauthorized, StatusCode=401]
16:25:56.8 (187461772)|HEAP_ALLOCATE|[19]|Bytes:91
16:25:56.8 (187490549)|VARIABLE_SCOPE_BEGIN|[19]|res|System.HttpResponse|true|false
16:25:56.8 (187551780)|VARIABLE_ASSIGNMENT|[19]|res|"System.HttpResponse[Status=Unauthorized, StatusCode=401]"|0x6551342
16:25:56.8 (187616952)|STATEMENT_EXECUTE|[23]
16:25:56.8 (187618559)|STATEMENT_EXECUTE|[24]
16:25:56.8 (187656690)|HEAP_ALLOCATE|[24]|Bytes:9
16:25:56.8 (187686182)|HEAP_ALLOCATE|[24]|Bytes:75
16:25:56.8 (187700171)|HEAP_ALLOCATE|[24]|Bytes:84
16:25:56.8 (187825499)|FATAL_ERROR|System.AuraHandledException: Script-thrown exception

Class.CustomNotificationController.getNotifications: line 24, column 1
16:25:56.8 (187834305)|FATAL_ERROR|System.AuraHandledException: Script-thrown exception

Class.CustomNotificationController.getNotifications: line 24, column 1
16:25:56.187 (187841227)|CUMULATIVE_LIMIT_USAGE
16:25:56.187 (187841227)|LIMIT_USAGE_FOR_NS|(default)|
  Number of SOQL queries: 0 out of 100
  Number of query rows: 0 out of 50000
  Number of SOSL queries: 0 out of 20
  Number of DML statements: 0 out of 150
  Number of Publish Immediate DML: 0 out of 150
  Number of DML rows: 0 out of 10000
  Maximum CPU time: 0 out of 10000
  Maximum heap size: 0 out of 6000000
  Number of callouts: 1 out of 100
  Number of Email Invocations: 0 out of 10
  Number of future calls: 0 out of 50
  Number of queueable jobs added to the queue: 0 out of 50
  Number of Mobile Apex push calls: 0 out of 10

16:25:56.187 (187841227)|CUMULATIVE_LIMIT_USAGE_END

16:25:56.8 (187870130)|CODE_UNIT_FINISHED|CustomNotificationController.getNotifications(String)
16:25:56.8 (188110532)|CODE_UNIT_FINISHED|apex://CustomNotificationController/ACTION$getNotifications
16:25:56.8 (188116218)|EXECUTION_FINISHED
