66.0 APEX_CODE,FINEST;APEX_PROFILING,INFO;CALLOUT,INFO;DATA_ACCESS,INFO;DB,INFO;NBA,INFO;SYSTEM,DEBUG;VALIDATION,INFO;VISUALFORCE,INFO;WAVE,INFO;WORKFLOW,INFO
18:08:49.2 (2190260)|USER_INFO|[EXTERNAL]|0057F0000042UBb|ishibashi@hurex.co.jp.dev1|(GMT+09:00) 日本標準時 (Asia/Tokyo)|GMT+09:00
18:08:49.2 (2245572)|EXECUTION_STARTED
18:08:49.2 (2256955)|CODE_UNIT_STARTED|[EXTERNAL]|apex://OfferComponentController/ACTION$getOffers
18:08:49.2 (4023236)|CODE_UNIT_STARTED|[EXTERNAL]|01pBK000001Vpwv|OfferComponentController.getOffers()
18:08:49.2 (6829595)|HEAP_ALLOCATE|[95]|Bytes:3
18:08:49.2 (6961774)|HEAP_ALLOCATE|[100]|Bytes:152
18:08:49.2 (6983146)|HEAP_ALLOCATE|[417]|Bytes:408
18:08:49.2 (7006663)|HEAP_ALLOCATE|[430]|Bytes:408
18:08:49.2 (7038027)|HEAP_ALLOCATE|[317]|Bytes:6
18:08:49.2 (7055544)|HEAP_ALLOCATE|[EXTERNAL]|Bytes:2
18:08:49.2 (7071977)|METHOD_ENTRY|[5]|01pBK000001Vpwv|OfferComponentController.OfferComponentController()
18:08:49.2 (7087548)|STATEMENT_EXECUTE|[5]
18:08:49.2 (7093207)|STATEMENT_EXECUTE|[5]
18:08:49.2 (7113188)|HEAP_ALLOCATE|[68]|Bytes:5
18:08:49.2 (7148325)|HEAP_ALLOCATE|[74]|Bytes:5
18:08:49.2 (7155721)|HEAP_ALLOCATE|[82]|Bytes:7
18:08:49.2 (7366500)|HEAP_ALLOCATE|[EXTERNAL]|Bytes:5
18:08:49.2 (7383581)|METHOD_EXIT|[5]|OfferComponentController
18:08:49.2 (7398666)|HEAP_ALLOCATE|[18]|Bytes:5
18:08:49.2 (7402911)|STATEMENT_EXECUTE|[16]
18:08:49.2 (7404472)|STATEMENT_EXECUTE|[18]
18:08:49.2 (7407265)|HEAP_ALLOCATE|[18]|Bytes:78
18:08:49.2 (7426093)|HEAP_ALLOCATE|[18]|Bytes:4
18:08:49.2 (9552142)|SOQL_EXECUTE_BEGIN|[18]|Aggregations:0|SELECT COUNT() FROM SelectionProcess__c WHERE LatestProcessStatus__c = 'JOB打診'
18:08:49.2 (27104766)|SOQL_EXECUTE_END|[18]|Rows:2
18:08:49.2 (27167116)|HEAP_ALLOCATE|[18]|Bytes:4
18:08:49.2 (27204909)|VARIABLE_SCOPE_BEGIN|[18]|totalCount|Integer|false|false
18:08:49.2 (27212659)|HEAP_ALLOCATE|[18]|Bytes:4
18:08:49.2 (27266991)|VARIABLE_ASSIGNMENT|[18]|totalCount|2
18:08:49.2 (27273693)|STATEMENT_EXECUTE|[22]
18:08:49.2 (27280217)|HEAP_ALLOCATE|[22]|Bytes:360
18:08:49.2 (27302377)|HEAP_ALLOCATE|[22]|Bytes:4
18:08:49.2 (37990617)|SOQL_EXECUTE_BEGIN|[22]|Aggregations:0|SELECT Id, JobPosition__c, LatestProcessStatus__c, LastModifiedDate, JobPosition__r.Id, JobPosition__r.Company__r.Name, JobPosition__r.JobPosition__c, JobPosition__r.WorkLocation2__c, JobPosition__r.JobCategory1__c, JobPosition__r.LastViewedDate FROM SelectionProcess__c WHERE LatestProcessStatus__c = 'JOB打診' ORDER BY LastModifiedDate DESC NULLS FIRST LIMIT 2
18:08:49.2 (76704157)|SOQL_EXECUTE_END|[22]|Rows:2
18:08:49.2 (76736635)|HEAP_ALLOCATE|[22]|Bytes:12
18:08:49.2 (76760061)|HEAP_ALLOCATE|[22]|Bytes:874
18:08:49.2 (76903047)|HEAP_ALLOCATE|[22]|Bytes:12
18:08:49.2 (76921416)|VARIABLE_SCOPE_BEGIN|[22]|processes|List<SelectionProcess__c>|true|false
18:08:49.2 (77348121)|VARIABLE_ASSIGNMENT|[22]|processes|[{"JobPosition__c":"a0KBK00000GezgQ2AR","LastModifiedDate":"2026-03-25T09:40:48.000Z","JobPosition__r":{"JobPosition__c":"新潟市(新潟) 法人ルート営業・業界シェ (74 more) ...","WorkLocation2__c":"新潟県新潟市（転勤なし／車通勤可）","LastViewedDate":"2026-04-02T09:08:32.000Z","Id":"a0KBK00000GezgQ2AR","Company__c":"001BK00000b1JOJYA2","Company__r":{"Name":"(demo)株式会社エンミッシュ","Id":"001BK00000b1JOJYA2"},"JobCategory1__c":"経営幹部/企画/マーケティング系"},"Id":"a0LBK000006mpG52AI","LatestProcessStatus__c":"JOB打診"},{"JobPosition__c":"a0KBK00000Gexcs2AB","LastModifiedDate":"2026-03-02T05:52:31.000Z","JobPosition__r":{"JobPosition__c":"テスト401求人タイトル求人タイトル求人 (28 more) ...","WorkLocation2__c":"勤務地","LastViewedDate":"2026-04-02T07:07:16.000Z","Id":"a0KBK00000Gexcs2AB","Company__c":"001BK00000cc2ZEYAY","Company__r":{"Name":"テスト 廣川","Id":"001BK00000cc2ZEYAY"},"JobCategory1__c":"専門職系（コンサルタント/金融/不動産）"},"Id":"a0LBK000005sEhR2AU","LatestProcessStatus__c":"JOB打診"}]|0x3c6b596c
18:08:49.2 (77368358)|STATEMENT_EXECUTE|[41]
18:08:49.2 (77386517)|HEAP_ALLOCATE|[41]|Bytes:4
18:08:49.2 (77434293)|VARIABLE_SCOPE_BEGIN|[41]|jobInfos|List<Map<String,ANY>>|true|false
18:08:49.2 (77460363)|HEAP_ALLOCATE|[EXTERNAL]|Bytes:4
18:08:49.2 (77468613)|VARIABLE_ASSIGNMENT|[41]|jobInfos|[]|0x38a3084b
18:08:49.2 (77684610)|HEAP_ALLOCATE|[44]|Bytes:5
18:08:49.2 (77727374)|HEAP_ALLOCATE|[44]|Bytes:24
18:08:49.2 (77735719)|VARIABLE_SCOPE_BEGIN|[44]|process|SelectionProcess__c|true|false
18:08:49.2 (77838619)|VARIABLE_ASSIGNMENT|[44]|process|{"JobPosition__c":"a0KBK00000GezgQ2AR","LastModifiedDate":"2026-03-25T09:40:48.000Z","JobPosition__r":{"JobPosition__c":"新潟市(新潟) 法人ルート営業・業界シェ (74 more) ...","WorkLocation2__c":"新潟県新潟市（転勤なし／車通勤可）","LastViewedDate":"2026-04-02T09:08:32.000Z","Id":"a0KBK00000GezgQ2AR","Company__c":"001BK00000b1JOJYA2","Company__r":{"Name":"(demo)株式会社エンミッシュ","Id":"001BK00000b1JOJYA2"},"JobCategory1__c":"経営幹部/企画/マーケティング系"},"Id":"a0LBK000006mpG52AI","LatestProcessStatus__c":"JOB打診"}|0x7c647c89
18:08:49.2 (77849026)|STATEMENT_EXECUTE|[44]
18:08:49.2 (77850286)|STATEMENT_EXECUTE|[45]
18:08:49.2 (77860034)|HEAP_ALLOCATE|[45]|Bytes:4
18:08:49.2 (77866804)|VARIABLE_SCOPE_BEGIN|[45]|jobInfo|Map<String,ANY>|true|false
18:08:49.2 (77883658)|VARIABLE_ASSIGNMENT|[45]|jobInfo|{}|0xc5cd2cd
18:08:49.2 (77886730)|STATEMENT_EXECUTE|[46]
18:08:49.2 (77890110)|HEAP_ALLOCATE|[46]|Bytes:5
18:08:49.2 (77968705)|HEAP_ALLOCATE|[EXTERNAL]|Bytes:-4
18:08:49.2 (77974300)|STATEMENT_EXECUTE|[48]
18:08:49.2 (77976415)|HEAP_ALLOCATE|[48]|Bytes:10
18:08:49.2 (77999837)|HEAP_ALLOCATE|[48]|Bytes:14
18:08:49.2 (78041591)|HEAP_ALLOCATE|[48]|Bytes:15
18:08:49.2 (78050869)|HEAP_ALLOCATE|[EXTERNAL]|Bytes:-4
18:08:49.2 (78054136)|STATEMENT_EXECUTE|[50]
18:08:49.2 (78055586)|HEAP_ALLOCATE|[50]|Bytes:11
18:08:49.2 (78103047)|HEAP_ALLOCATE|[EXTERNAL]|Bytes:-4
18:08:49.2 (78106847)|STATEMENT_EXECUTE|[52]
18:08:49.2 (78108466)|HEAP_ALLOCATE|[52]|Bytes:13
18:08:49.2 (78131526)|HEAP_ALLOCATE|[EXTERNAL]|Bytes:-4
18:08:49.2 (78134740)|STATEMENT_EXECUTE|[54]
18:08:49.2 (78136094)|HEAP_ALLOCATE|[54]|Bytes:12
18:08:49.2 (78150477)|HEAP_ALLOCATE|[EXTERNAL]|Bytes:-4
18:08:49.2 (78153426)|STATEMENT_EXECUTE|[56]
18:08:49.2 (78154925)|HEAP_ALLOCATE|[56]|Bytes:11
18:08:49.2 (78209706)|HEAP_ALLOCATE|[EXTERNAL]|Bytes:-4
18:08:49.2 (78213199)|STATEMENT_EXECUTE|[58]
18:08:49.2 (78214855)|HEAP_ALLOCATE|[58]|Bytes:14
18:08:49.2 (78236162)|HEAP_ALLOCATE|[EXTERNAL]|Bytes:-4
18:08:49.2 (78239363)|STATEMENT_EXECUTE|[59]
18:08:49.2 (78253659)|HEAP_ALLOCATE|[EXTERNAL]|Bytes:4
18:08:49.2 (78264826)|HEAP_ALLOCATE|[44]|Bytes:5
18:08:49.2 (78272868)|HEAP_ALLOCATE|[44]|Bytes:24
18:08:49.2 (78277777)|VARIABLE_SCOPE_BEGIN|[44]|process|SelectionProcess__c|true|false
18:08:49.2 (78362227)|VARIABLE_ASSIGNMENT|[44]|process|{"JobPosition__c":"a0KBK00000Gexcs2AB","LastModifiedDate":"2026-03-02T05:52:31.000Z","JobPosition__r":{"JobPosition__c":"テスト401求人タイトル求人タイトル求人 (28 more) ...","WorkLocation2__c":"勤務地","LastViewedDate":"2026-04-02T07:07:16.000Z","Id":"a0KBK00000Gexcs2AB","Company__c":"001BK00000cc2ZEYAY","Company__r":{"Name":"テスト 廣川","Id":"001BK00000cc2ZEYAY"},"JobCategory1__c":"専門職系（コンサルタント/金融/不動産）"},"Id":"a0LBK000005sEhR2AU","LatestProcessStatus__c":"JOB打診"}|0x6a38c9d3
18:08:49.2 (78371439)|STATEMENT_EXECUTE|[44]
18:08:49.2 (78372437)|STATEMENT_EXECUTE|[45]
18:08:49.2 (78378710)|HEAP_ALLOCATE|[45]|Bytes:4
18:08:49.2 (78382967)|VARIABLE_SCOPE_BEGIN|[45]|jobInfo|Map<String,ANY>|true|false
18:08:49.2 (78390466)|VARIABLE_ASSIGNMENT|[45]|jobInfo|{}|0x6067e9c3
18:08:49.2 (78393255)|STATEMENT_EXECUTE|[46]
18:08:49.2 (78399977)|HEAP_ALLOCATE|[EXTERNAL]|Bytes:-4
18:08:49.2 (78403167)|STATEMENT_EXECUTE|[48]
18:08:49.2 (78440942)|HEAP_ALLOCATE|[48]|Bytes:14
18:08:49.2 (78448803)|HEAP_ALLOCATE|[EXTERNAL]|Bytes:-4
18:08:49.2 (78451720)|STATEMENT_EXECUTE|[50]
18:08:49.2 (78457680)|HEAP_ALLOCATE|[EXTERNAL]|Bytes:-4
18:08:49.2 (78460296)|STATEMENT_EXECUTE|[52]
18:08:49.2 (78464586)|HEAP_ALLOCATE|[EXTERNAL]|Bytes:-4
18:08:49.2 (78467061)|STATEMENT_EXECUTE|[54]
18:08:49.2 (78470832)|HEAP_ALLOCATE|[EXTERNAL]|Bytes:-4
18:08:49.2 (78473540)|STATEMENT_EXECUTE|[56]
18:08:49.2 (78478500)|HEAP_ALLOCATE|[EXTERNAL]|Bytes:-4
18:08:49.2 (78481095)|STATEMENT_EXECUTE|[58]
18:08:49.2 (78487282)|HEAP_ALLOCATE|[EXTERNAL]|Bytes:-4
18:08:49.2 (78489792)|STATEMENT_EXECUTE|[59]
18:08:49.2 (78493170)|HEAP_ALLOCATE|[EXTERNAL]|Bytes:4
18:08:49.2 (78500233)|HEAP_ALLOCATE|[44]|Bytes:5
18:08:49.2 (78508717)|VARIABLE_ASSIGNMENT|[44]|process|null|
18:08:49.2 (78511961)|STATEMENT_EXECUTE|[63]
18:08:49.2 (78516007)|HEAP_ALLOCATE|[63]|Bytes:4
18:08:49.2 (78519647)|VARIABLE_SCOPE_BEGIN|[63]|result|Map<String,ANY>|true|false
18:08:49.2 (78525295)|VARIABLE_ASSIGNMENT|[63]|result|{}|0x4ef8a470
18:08:49.2 (78528054)|STATEMENT_EXECUTE|[64]
18:08:49.2 (78529511)|HEAP_ALLOCATE|[64]|Bytes:8
18:08:49.2 (78544659)|HEAP_ALLOCATE|[EXTERNAL]|Bytes:-4
18:08:49.2 (78547734)|STATEMENT_EXECUTE|[65]
18:08:49.2 (78549050)|HEAP_ALLOCATE|[65]|Bytes:10
18:08:49.2 (78557817)|HEAP_ALLOCATE|[65]|Bytes:4
18:08:49.2 (78574586)|HEAP_ALLOCATE|[EXTERNAL]|Bytes:-4
18:08:49.2 (78577717)|STATEMENT_EXECUTE|[66]
18:08:49.78 (78632593)|CUMULATIVE_LIMIT_USAGE
18:08:49.78 (78632593)|LIMIT_USAGE_FOR_NS|(default)|
  Number of SOQL queries: 2 out of 100
  Number of query rows: 3 out of 50000
  Number of SOSL queries: 0 out of 20
  Number of DML statements: 0 out of 0
  Number of Publish Immediate DML: 0 out of 150
  Number of DML rows: 0 out of 10000
  Maximum CPU time: 0 out of 10000
  Maximum heap size: 0 out of 6000000
  Number of callouts: 0 out of 100
  Number of Email Invocations: 0 out of 10
  Number of future calls: 0 out of 50
  Number of queueable jobs added to the queue: 0 out of 50
  Number of Mobile Apex push calls: 0 out of 10

18:08:49.78 (78632593)|CUMULATIVE_LIMIT_USAGE_END

18:08:49.2 (78653377)|CODE_UNIT_FINISHED|OfferComponentController.getOffers()
18:08:49.2 (78871592)|CODE_UNIT_FINISHED|apex://OfferComponentController/ACTION$getOffers
18:08:49.2 (78877050)|EXECUTION_FINISHED
