66.0 APEX_CODE,FINEST;APEX_PROFILING,INFO;CALLOUT,INFO;DATA_ACCESS,INFO;DB,INFO;NBA,INFO;SYSTEM,DEBUG;VALIDATION,INFO;VISUALFORCE,INFO;WAVE,INFO;WORKFLOW,INFO
18:25:36.0 (183207)|USER_INFO|[EXTERNAL]|0057F0000042UBb|ishibashi@hurex.co.jp.dev1|(GMT+09:00) 日本標準時 (Asia/Tokyo)|GMT+09:00
18:25:36.0 (209061)|EXECUTION_STARTED
18:25:36.0 (214566)|CODE_UNIT_STARTED|[EXTERNAL]|apex://CareerHistoryController/ACTION$getCareerHistory
18:25:36.0 (2349940)|CODE_UNIT_STARTED|[EXTERNAL]|01pBK000001lv3t|CareerHistoryController.getCareerHistory()
18:25:36.0 (2673157)|HEAP_ALLOCATE|[95]|Bytes:3
18:25:36.0 (2739998)|HEAP_ALLOCATE|[100]|Bytes:152
18:25:36.0 (2753284)|HEAP_ALLOCATE|[417]|Bytes:408
18:25:36.0 (2770941)|HEAP_ALLOCATE|[430]|Bytes:408
18:25:36.0 (2791226)|HEAP_ALLOCATE|[317]|Bytes:6
18:25:36.0 (2801617)|HEAP_ALLOCATE|[EXTERNAL]|Bytes:13
18:25:36.0 (2805513)|HEAP_ALLOCATE|[EXTERNAL]|Bytes:17
18:25:36.0 (2807978)|HEAP_ALLOCATE|[EXTERNAL]|Bytes:2
18:25:36.0 (2820676)|METHOD_ENTRY|[1]|01pBK000001lv3t|CareerHistoryController.CareerHistoryController()
18:25:36.0 (2825047)|STATEMENT_EXECUTE|[1]
18:25:36.0 (2829270)|STATEMENT_EXECUTE|[1]
18:25:36.0 (2847006)|HEAP_ALLOCATE|[68]|Bytes:5
18:25:36.0 (2865573)|HEAP_ALLOCATE|[74]|Bytes:5
18:25:36.0 (2898284)|HEAP_ALLOCATE|[82]|Bytes:7
18:25:36.0 (3040163)|HEAP_ALLOCATE|[EXTERNAL]|Bytes:5
18:25:36.0 (3045146)|STATEMENT_EXECUTE|[4]
18:25:36.0 (3052864)|METHOD_EXIT|[1]|CareerHistoryController
18:25:36.0 (3062689)|HEAP_ALLOCATE|[21]|Bytes:5
18:25:36.0 (3070752)|STATEMENT_EXECUTE|[20]
18:25:36.0 (3071863)|STATEMENT_EXECUTE|[21]
18:25:36.0 (3083055)|HEAP_ALLOCATE|[21]|Bytes:4
18:25:36.0 (3214206)|VARIABLE_SCOPE_BEGIN|[21]|careerList|List<CareerHistoryController.CareerWrapper>|true|false
18:25:36.0 (3266705)|HEAP_ALLOCATE|[EXTERNAL]|Bytes:4
18:25:36.0 (3325792)|VARIABLE_ASSIGNMENT|[21]|careerList|[]|0x15b16dd5
18:25:36.0 (3330349)|STATEMENT_EXECUTE|[22]
18:25:36.0 (3400417)|HEAP_ALLOCATE|[22]|Bytes:4
18:25:36.0 (3493733)|VARIABLE_SCOPE_BEGIN|[22]|acc|Account|true|false
18:25:36.0 (3510189)|VARIABLE_ASSIGNMENT|[22]|acc|{}|0x703457d4
18:25:36.0 (3513780)|STATEMENT_EXECUTE|[24]
18:25:36.0 (3514698)|STATEMENT_EXECUTE|[24]
18:25:36.0 (3515515)|STATEMENT_EXECUTE|[25]
18:25:36.0 (3518300)|HEAP_ALLOCATE|[25]|Bytes:54
18:25:36.0 (3530015)|HEAP_ALLOCATE|[25]|Bytes:4
18:25:36.0 (3536325)|HEAP_ALLOCATE|[25]|Bytes:7
18:25:36.0 (3574435)|HEAP_ALLOCATE|[25]|Bytes:105
18:25:36.0 (3583609)|SYSTEM_METHOD_ENTRY|[1]|UserInfo.UserInfo()
18:25:36.0 (3585846)|STATEMENT_EXECUTE|[1]
18:25:36.0 (3593993)|SYSTEM_METHOD_EXIT|[1]|UserInfo
18:25:36.0 (3612208)|METHOD_ENTRY|[25]||System.UserInfo.getUserId()
18:25:36.0 (5787220)|METHOD_EXIT|[25]||System.UserInfo.getUserId()
18:25:36.0 (14013846)|SOQL_EXECUTE_BEGIN|[25]|Aggregations:0|SELECT AccountId FROM User WHERE Id = :tmpVar1 LIMIT 1
18:25:36.0 (23952194)|SOQL_EXECUTE_END|[25]|Rows:1
18:25:36.0 (23999772)|HEAP_ALLOCATE|[25]|Bytes:8
18:25:36.0 (24026610)|HEAP_ALLOCATE|[25]|Bytes:29
18:25:36.0 (24162743)|HEAP_ALLOCATE|[25]|Bytes:8
18:25:36.0 (24189529)|HEAP_ALLOCATE|[25]|Bytes:30
18:25:36.0 (24287423)|HEAP_ALLOCATE|[25]|Bytes:8
18:25:36.0 (24300924)|VARIABLE_SCOPE_BEGIN|[25]|currentUser|User|true|false
18:25:36.0 (24377472)|VARIABLE_ASSIGNMENT|[25]|currentUser|{"Id":"0057F0000042UBbQAM"}|0x4932e17d
18:25:36.0 (24399343)|STATEMENT_EXECUTE|[27]
18:25:36.0 (24404063)|STATEMENT_EXECUTE|[44]
18:25:36.0 (24522556)|HEAP_ALLOCATE|[44]|Bytes:276
18:25:36.0 (24533355)|HEAP_ALLOCATE|[44]|Bytes:21
18:25:36.0 (24561258)|HEAP_ALLOCATE|[44]|Bytes:40
18:25:36.0 (24600883)|CONSTRUCTOR_ENTRY|[44]|01pBK000001lv3t|<init>()|CareerHistoryController.CareerWrapper
18:25:36.0 (24668374)|VARIABLE_SCOPE_BEGIN|[4]|this|CareerHistoryController.CareerWrapper|true|false
18:25:36.0 (24800641)|VARIABLE_ASSIGNMENT|[4]|this|{}|0x63c7ec68
18:25:36.0 (24815660)|HEAP_ALLOCATE|[EXTERNAL]|Bytes:6
18:25:36.0 (24888879)|STATEMENT_EXECUTE|[4]
18:25:36.0 (24890825)|STATEMENT_EXECUTE|[5]
18:25:36.0 (24892233)|STATEMENT_EXECUTE|[6]
18:25:36.0 (24893419)|STATEMENT_EXECUTE|[7]
18:25:36.0 (24894610)|STATEMENT_EXECUTE|[8]
18:25:36.0 (24895928)|STATEMENT_EXECUTE|[9]
18:25:36.0 (24897172)|STATEMENT_EXECUTE|[10]
18:25:36.0 (24898462)|STATEMENT_EXECUTE|[11]
18:25:36.0 (24900172)|STATEMENT_EXECUTE|[12]
18:25:36.0 (24901341)|STATEMENT_EXECUTE|[13]
18:25:36.0 (24906830)|CONSTRUCTOR_EXIT|[44]|01pBK000001lv3t|<init>()|CareerHistoryController.CareerWrapper
18:25:36.0 (24913371)|VARIABLE_SCOPE_BEGIN|[44]|c1|CareerHistoryController.CareerWrapper|true|false
18:25:36.0 (24938052)|VARIABLE_ASSIGNMENT|[44]|c1|{}|0x63c7ec68
18:25:36.0 (24942670)|STATEMENT_EXECUTE|[45]
18:25:36.0 (24945850)|HEAP_ALLOCATE|[45]|Bytes:1
18:25:36.0 (25039871)|VARIABLE_ASSIGNMENT|[EXTERNAL]|this|{}|0x63c7ec68
18:25:36.0 (25052714)|VARIABLE_ASSIGNMENT|[EXTERNAL]|value|"1"
18:25:36.0 (25074646)|VARIABLE_ASSIGNMENT|[5]|this.id|"1"|0x63c7ec68
18:25:36.0 (25084819)|STATEMENT_EXECUTE|[46]
18:25:36.0 (25109640)|METHOD_ENTRY|[46]|01pBK000001lv3t|CareerHistoryController.nullToEmpty(String)
18:25:36.0 (25124178)|VARIABLE_SCOPE_BEGIN|[145]|str|String|false|false
18:25:36.0 (25132663)|VARIABLE_ASSIGNMENT|[145]|str|null
18:25:36.0 (25151149)|HEAP_ALLOCATE|[145]|Bytes:5
18:25:36.0 (25155043)|STATEMENT_EXECUTE|[145]
18:25:36.0 (25156465)|STATEMENT_EXECUTE|[145]
18:25:36.0 (25169236)|METHOD_EXIT|[46]|01pBK000001lv3t|CareerHistoryController.nullToEmpty(String)
18:25:36.0 (25198038)|VARIABLE_ASSIGNMENT|[EXTERNAL]|this|{"id":"1"}|0x63c7ec68
18:25:36.0 (25205548)|VARIABLE_ASSIGNMENT|[EXTERNAL]|value|""
18:25:36.0 (25213479)|VARIABLE_ASSIGNMENT|[6]|this.companyName|""|0x63c7ec68
18:25:36.0 (25220215)|STATEMENT_EXECUTE|[47]
18:25:36.0 (25225218)|METHOD_ENTRY|[47]|01pBK000001lv3t|CareerHistoryController.nullToEmpty(String)
18:25:36.0 (25233175)|VARIABLE_SCOPE_BEGIN|[145]|str|String|false|false
18:25:36.0 (25239265)|VARIABLE_ASSIGNMENT|[145]|str|null
18:25:36.0 (25245744)|HEAP_ALLOCATE|[145]|Bytes:5
18:25:36.0 (25248476)|STATEMENT_EXECUTE|[145]
18:25:36.0 (25249730)|STATEMENT_EXECUTE|[145]
18:25:36.0 (25253609)|METHOD_EXIT|[47]|01pBK000001lv3t|CareerHistoryController.nullToEmpty(String)
18:25:36.0 (25284553)|VARIABLE_ASSIGNMENT|[EXTERNAL]|this|{"companyName":"","id":"1"}|0x63c7ec68
18:25:36.0 (25291508)|VARIABLE_ASSIGNMENT|[EXTERNAL]|value|""
18:25:36.0 (25303038)|VARIABLE_ASSIGNMENT|[10]|this.annualIncome|""|0x63c7ec68
18:25:36.0 (25309089)|STATEMENT_EXECUTE|[48]
18:25:36.0 (25313668)|METHOD_ENTRY|[48]|01pBK000001lv3t|CareerHistoryController.nullToEmpty(String)
18:25:36.0 (25321045)|VARIABLE_SCOPE_BEGIN|[145]|str|String|false|false
18:25:36.0 (25327279)|VARIABLE_ASSIGNMENT|[145]|str|null
18:25:36.0 (25333260)|HEAP_ALLOCATE|[145]|Bytes:5
18:25:36.0 (25335996)|STATEMENT_EXECUTE|[145]
18:25:36.0 (25337368)|STATEMENT_EXECUTE|[145]
18:25:36.0 (25340959)|METHOD_EXIT|[48]|01pBK000001lv3t|CareerHistoryController.nullToEmpty(String)
18:25:36.0 (25368094)|VARIABLE_ASSIGNMENT|[EXTERNAL]|this|{"annualIncome":"","companyName":"","id":"1"}|0x63c7ec68
18:25:36.0 (25375394)|VARIABLE_ASSIGNMENT|[EXTERNAL]|value|""
18:25:36.0 (25381796)|VARIABLE_ASSIGNMENT|[11]|this.jobDescription|""|0x63c7ec68
18:25:36.0 (25388312)|STATEMENT_EXECUTE|[50]
18:25:36.0 (25392476)|METHOD_ENTRY|[50]|01pBK000001lv3t|CareerHistoryController.nullToEmpty(String)
18:25:36.0 (25398622)|VARIABLE_SCOPE_BEGIN|[145]|str|String|false|false
18:25:36.0 (25404375)|VARIABLE_ASSIGNMENT|[145]|str|null
18:25:36.0 (25409154)|HEAP_ALLOCATE|[145]|Bytes:5
18:25:36.0 (25412204)|STATEMENT_EXECUTE|[145]
18:25:36.0 (25413454)|STATEMENT_EXECUTE|[145]
18:25:36.0 (25417230)|METHOD_EXIT|[50]|01pBK000001lv3t|CareerHistoryController.nullToEmpty(String)
18:25:36.0 (25444220)|VARIABLE_ASSIGNMENT|[EXTERNAL]|this|{"annualIncome":"","companyName":"","id":"1","jobDescription":""}|0x63c7ec68
18:25:36.0 (25451314)|VARIABLE_ASSIGNMENT|[EXTERNAL]|value|""
18:25:36.0 (25457455)|VARIABLE_ASSIGNMENT|[12]|this.jobGroup|""|0x63c7ec68
18:25:36.0 (25463251)|STATEMENT_EXECUTE|[51]
18:25:36.0 (25467170)|METHOD_ENTRY|[51]|01pBK000001lv3t|CareerHistoryController.nullToEmpty(String)
18:25:36.0 (25473998)|VARIABLE_SCOPE_BEGIN|[145]|str|String|false|false
18:25:36.0 (25479264)|VARIABLE_ASSIGNMENT|[145]|str|null
18:25:36.0 (25483938)|HEAP_ALLOCATE|[145]|Bytes:5
18:25:36.0 (25486532)|STATEMENT_EXECUTE|[145]
18:25:36.0 (25487964)|STATEMENT_EXECUTE|[145]
18:25:36.0 (25491508)|METHOD_EXIT|[51]|01pBK000001lv3t|CareerHistoryController.nullToEmpty(String)
18:25:36.0 (25510443)|VARIABLE_ASSIGNMENT|[EXTERNAL]|this|{"annualIncome":"","companyName":"","id":"1","jobDescription":"","jobGroup":""}|0x63c7ec68
18:25:36.0 (25515433)|VARIABLE_ASSIGNMENT|[EXTERNAL]|value|""
18:25:36.0 (25519996)|VARIABLE_ASSIGNMENT|[13]|this.jobGroupOption|""|0x63c7ec68
18:25:36.0 (25523734)|STATEMENT_EXECUTE|[52]
18:25:36.0 (25540152)|METHOD_ENTRY|[52]|01pBK000001lv3t|CareerHistoryController.formatDateToYYYYMM(Date)
18:25:36.0 (25548767)|VARIABLE_SCOPE_BEGIN|[147]|d|Date|false|false
18:25:36.0 (25552912)|VARIABLE_ASSIGNMENT|[147]|d|null
18:25:36.0 (25557487)|HEAP_ALLOCATE|[148]|Bytes:5
18:25:36.0 (25559518)|STATEMENT_EXECUTE|[147]
18:25:36.0 (25560764)|STATEMENT_EXECUTE|[148]
18:25:36.0 (25564403)|METHOD_EXIT|[52]|01pBK000001lv3t|CareerHistoryController.formatDateToYYYYMM(Date)
18:25:36.0 (25583514)|VARIABLE_ASSIGNMENT|[EXTERNAL]|this|{"annualIncome":"","companyName":"","id":"1","jobDescription":"","jobGroup":"","jobGroupOption":""}|0x63c7ec68
18:25:36.0 (25588091)|VARIABLE_ASSIGNMENT|[EXTERNAL]|value|""
18:25:36.0 (25592381)|VARIABLE_ASSIGNMENT|[7]|this.startDateInput|""|0x63c7ec68
18:25:36.0 (25596134)|STATEMENT_EXECUTE|[53]
18:25:36.0 (25599109)|METHOD_ENTRY|[53]|01pBK000001lv3t|CareerHistoryController.formatDateToYYYYMM(Date)
18:25:36.0 (25603698)|VARIABLE_SCOPE_BEGIN|[147]|d|Date|false|false
18:25:36.0 (25607585)|VARIABLE_ASSIGNMENT|[147]|d|null
18:25:36.0 (25610729)|HEAP_ALLOCATE|[148]|Bytes:5
18:25:36.0 (25612612)|STATEMENT_EXECUTE|[147]
18:25:36.0 (25613521)|STATEMENT_EXECUTE|[148]
18:25:36.0 (25615557)|METHOD_EXIT|[53]|01pBK000001lv3t|CareerHistoryController.formatDateToYYYYMM(Date)
18:25:36.0 (25630976)|VARIABLE_ASSIGNMENT|[EXTERNAL]|this|{"annualIncome":"","companyName":"","id":"1","jobDescription":"","jobGroup":"","jobGroupOption":"","startDateInput":""}|0x63c7ec68
18:25:36.0 (25635498)|VARIABLE_ASSIGNMENT|[EXTERNAL]|value|""
18:25:36.0 (25639707)|VARIABLE_ASSIGNMENT|[8]|this.endDateInput|""|0x63c7ec68
18:25:36.0 (25643589)|STATEMENT_EXECUTE|[54]
18:25:36.0 (25675361)|VARIABLE_ASSIGNMENT|[EXTERNAL]|this|{"annualIncome":"","companyName":"","endDateInput":"","id":"1","jobDescription":"","jobGroup":"","jobGroupOption":"","startDateInput":""}|0x63c7ec68
18:25:36.0 (25681701)|VARIABLE_ASSIGNMENT|[EXTERNAL]|value|true
18:25:36.0 (25685063)|HEAP_ALLOCATE|[9]|Bytes:5
18:25:36.0 (25688750)|VARIABLE_ASSIGNMENT|[9]|this.isCurrentJob|true|0x63c7ec68
18:25:36.0 (25692788)|STATEMENT_EXECUTE|[55]
18:25:36.0 (25734787)|HEAP_ALLOCATE|[EXTERNAL]|Bytes:4
18:25:36.0 (25741449)|STATEMENT_EXECUTE|[58]
18:25:36.0 (25746374)|HEAP_ALLOCATE|[58]|Bytes:40
18:25:36.0 (25751209)|CONSTRUCTOR_ENTRY|[58]|01pBK000001lv3t|<init>()|CareerHistoryController.CareerWrapper
18:25:36.0 (25759990)|VARIABLE_SCOPE_BEGIN|[4]|this|CareerHistoryController.CareerWrapper|true|false
18:25:36.0 (25770699)|VARIABLE_ASSIGNMENT|[4]|this|{}|0x749f2bc0
18:25:36.0 (25785239)|STATEMENT_EXECUTE|[4]
18:25:36.0 (25786243)|STATEMENT_EXECUTE|[5]
18:25:36.0 (25787080)|STATEMENT_EXECUTE|[6]
18:25:36.0 (25787888)|STATEMENT_EXECUTE|[7]
18:25:36.0 (25788693)|STATEMENT_EXECUTE|[8]
18:25:36.0 (25789488)|STATEMENT_EXECUTE|[9]
18:25:36.0 (25790255)|STATEMENT_EXECUTE|[10]
18:25:36.0 (25791065)|STATEMENT_EXECUTE|[11]
18:25:36.0 (25791871)|STATEMENT_EXECUTE|[12]
18:25:36.0 (25792637)|STATEMENT_EXECUTE|[13]
18:25:36.0 (25794983)|CONSTRUCTOR_EXIT|[58]|01pBK000001lv3t|<init>()|CareerHistoryController.CareerWrapper
18:25:36.0 (25798368)|VARIABLE_SCOPE_BEGIN|[58]|c2|CareerHistoryController.CareerWrapper|true|false
18:25:36.0 (25808404)|VARIABLE_ASSIGNMENT|[58]|c2|{}|0x749f2bc0
18:25:36.0 (25811045)|STATEMENT_EXECUTE|[59]
18:25:36.0 (25817650)|HEAP_ALLOCATE|[59]|Bytes:1
18:25:36.0 (25831494)|VARIABLE_ASSIGNMENT|[EXTERNAL]|this|{}|0x749f2bc0
18:25:36.0 (25836217)|VARIABLE_ASSIGNMENT|[EXTERNAL]|value|"2"
18:25:36.0 (25840909)|VARIABLE_ASSIGNMENT|[5]|this.id|"2"|0x749f2bc0
18:25:36.0 (25845012)|STATEMENT_EXECUTE|[60]
18:25:36.0 (25848387)|METHOD_ENTRY|[60]|01pBK000001lv3t|CareerHistoryController.nullToEmpty(String)
18:25:36.0 (25852555)|VARIABLE_SCOPE_BEGIN|[145]|str|String|false|false
18:25:36.0 (25856566)|VARIABLE_ASSIGNMENT|[145]|str|null
18:25:36.0 (25864708)|HEAP_ALLOCATE|[145]|Bytes:5
18:25:36.0 (25866555)|STATEMENT_EXECUTE|[145]
18:25:36.0 (25867400)|STATEMENT_EXECUTE|[145]
18:25:36.0 (25869798)|METHOD_EXIT|[60]|01pBK000001lv3t|CareerHistoryController.nullToEmpty(String)
18:25:36.0 (25880680)|VARIABLE_ASSIGNMENT|[EXTERNAL]|this|{"id":"2"}|0x749f2bc0
18:25:36.0 (25884675)|VARIABLE_ASSIGNMENT|[EXTERNAL]|value|""
18:25:36.0 (25888303)|VARIABLE_ASSIGNMENT|[6]|this.companyName|""|0x749f2bc0
18:25:36.0 (25892295)|STATEMENT_EXECUTE|[61]
18:25:36.0 (25894698)|METHOD_ENTRY|[61]|01pBK000001lv3t|CareerHistoryController.nullToEmpty(String)
18:25:36.0 (25898403)|VARIABLE_SCOPE_BEGIN|[145]|str|String|false|false
18:25:36.0 (25902068)|VARIABLE_ASSIGNMENT|[145]|str|null
18:25:36.0 (25905198)|HEAP_ALLOCATE|[145]|Bytes:5
18:25:36.0 (25907054)|STATEMENT_EXECUTE|[145]
18:25:36.0 (25907854)|STATEMENT_EXECUTE|[145]
18:25:36.0 (25909860)|METHOD_EXIT|[61]|01pBK000001lv3t|CareerHistoryController.nullToEmpty(String)
18:25:36.0 (25924253)|VARIABLE_ASSIGNMENT|[EXTERNAL]|this|{"companyName":"","id":"2"}|0x749f2bc0
18:25:36.0 (25928502)|VARIABLE_ASSIGNMENT|[EXTERNAL]|value|""
18:25:36.0 (25931975)|VARIABLE_ASSIGNMENT|[11]|this.jobDescription|""|0x749f2bc0
18:25:36.0 (25935652)|STATEMENT_EXECUTE|[63]
18:25:36.0 (25938487)|METHOD_ENTRY|[63]|01pBK000001lv3t|CareerHistoryController.nullToEmpty(String)
18:25:36.0 (25942144)|VARIABLE_SCOPE_BEGIN|[145]|str|String|false|false
18:25:36.0 (25946144)|VARIABLE_ASSIGNMENT|[145]|str|null
18:25:36.0 (25949331)|HEAP_ALLOCATE|[145]|Bytes:5
18:25:36.0 (25951100)|STATEMENT_EXECUTE|[145]
18:25:36.0 (25951901)|STATEMENT_EXECUTE|[145]
18:25:36.0 (25953882)|METHOD_EXIT|[63]|01pBK000001lv3t|CareerHistoryController.nullToEmpty(String)
18:25:36.0 (25964711)|VARIABLE_ASSIGNMENT|[EXTERNAL]|this|{"companyName":"","id":"2","jobDescription":""}|0x749f2bc0
18:25:36.0 (25968638)|VARIABLE_ASSIGNMENT|[EXTERNAL]|value|""
18:25:36.0 (25972093)|VARIABLE_ASSIGNMENT|[12]|this.jobGroup|""|0x749f2bc0
18:25:36.0 (25975759)|STATEMENT_EXECUTE|[64]
18:25:36.0 (25978162)|METHOD_ENTRY|[64]|01pBK000001lv3t|CareerHistoryController.nullToEmpty(String)
18:25:36.0 (25981693)|VARIABLE_SCOPE_BEGIN|[145]|str|String|false|false
18:25:36.0 (25985454)|VARIABLE_ASSIGNMENT|[145]|str|null
18:25:36.0 (25988323)|HEAP_ALLOCATE|[145]|Bytes:5
18:25:36.0 (25989946)|STATEMENT_EXECUTE|[145]
18:25:36.0 (25990736)|STATEMENT_EXECUTE|[145]
18:25:36.0 (25992682)|METHOD_EXIT|[64]|01pBK000001lv3t|CareerHistoryController.nullToEmpty(String)
18:25:36.0 (26010949)|VARIABLE_ASSIGNMENT|[EXTERNAL]|this|{"companyName":"","id":"2","jobDescription":"","jobGroup":""}|0x749f2bc0
18:25:36.0 (26018024)|VARIABLE_ASSIGNMENT|[EXTERNAL]|value|""
18:25:36.0 (26023005)|VARIABLE_ASSIGNMENT|[13]|this.jobGroupOption|""|0x749f2bc0
18:25:36.0 (26028568)|STATEMENT_EXECUTE|[65]
18:25:36.0 (26032874)|METHOD_ENTRY|[65]|01pBK000001lv3t|CareerHistoryController.formatDateToYYYYMM(Date)
18:25:36.0 (26039125)|VARIABLE_SCOPE_BEGIN|[147]|d|Date|false|false
18:25:36.0 (26045153)|VARIABLE_ASSIGNMENT|[147]|d|null
18:25:36.0 (26050530)|HEAP_ALLOCATE|[148]|Bytes:5
18:25:36.0 (26053590)|STATEMENT_EXECUTE|[147]
18:25:36.0 (26055211)|STATEMENT_EXECUTE|[148]
18:25:36.0 (26058829)|METHOD_EXIT|[65]|01pBK000001lv3t|CareerHistoryController.formatDateToYYYYMM(Date)
18:25:36.0 (26078096)|VARIABLE_ASSIGNMENT|[EXTERNAL]|this|{"companyName":"","id":"2","jobDescription":"","jobGroup":"","jobGroupOption":""}|0x749f2bc0
18:25:36.0 (26084219)|VARIABLE_ASSIGNMENT|[EXTERNAL]|value|""
18:25:36.0 (26090004)|VARIABLE_ASSIGNMENT|[7]|this.startDateInput|""|0x749f2bc0
18:25:36.0 (26096130)|STATEMENT_EXECUTE|[66]
18:25:36.0 (26100160)|METHOD_ENTRY|[66]|01pBK000001lv3t|CareerHistoryController.formatDateToYYYYMM(Date)
18:25:36.0 (26106569)|VARIABLE_SCOPE_BEGIN|[147]|d|Date|false|false
18:25:36.0 (26112872)|VARIABLE_ASSIGNMENT|[147]|d|null
18:25:36.0 (26118925)|HEAP_ALLOCATE|[148]|Bytes:5
18:25:36.0 (26122268)|STATEMENT_EXECUTE|[147]
18:25:36.0 (26123499)|STATEMENT_EXECUTE|[148]
18:25:36.0 (26127403)|METHOD_EXIT|[66]|01pBK000001lv3t|CareerHistoryController.formatDateToYYYYMM(Date)
18:25:36.0 (26153536)|VARIABLE_ASSIGNMENT|[EXTERNAL]|this|{"companyName":"","id":"2","jobDescription":"","jobGroup":"","jobGroupOption":"","startDateInput":""}|0x749f2bc0
18:25:36.0 (26159455)|VARIABLE_ASSIGNMENT|[EXTERNAL]|value|""
18:25:36.0 (26165819)|VARIABLE_ASSIGNMENT|[8]|this.endDateInput|""|0x749f2bc0
18:25:36.0 (26171595)|STATEMENT_EXECUTE|[67]
18:25:36.0 (26194142)|VARIABLE_ASSIGNMENT|[EXTERNAL]|this|{"companyName":"","endDateInput":"","id":"2","jobDescription":"","jobGroup":"","jobGroupOption":"","startDateInput":""}|0x749f2bc0
18:25:36.0 (26202183)|VARIABLE_ASSIGNMENT|[EXTERNAL]|value|false
18:25:36.0 (26206785)|HEAP_ALLOCATE|[9]|Bytes:5
18:25:36.0 (26212185)|VARIABLE_ASSIGNMENT|[9]|this.isCurrentJob|false|0x749f2bc0
18:25:36.0 (26218503)|STATEMENT_EXECUTE|[68]
18:25:36.0 (26243729)|HEAP_ALLOCATE|[EXTERNAL]|Bytes:4
18:25:36.0 (26249690)|STATEMENT_EXECUTE|[71]
18:25:36.0 (26254266)|HEAP_ALLOCATE|[71]|Bytes:40
18:25:36.0 (26260087)|CONSTRUCTOR_ENTRY|[71]|01pBK000001lv3t|<init>()|CareerHistoryController.CareerWrapper
18:25:36.0 (26272541)|VARIABLE_SCOPE_BEGIN|[4]|this|CareerHistoryController.CareerWrapper|true|false
18:25:36.0 (26287569)|VARIABLE_ASSIGNMENT|[4]|this|{}|0xf2d492e
18:25:36.0 (26302960)|STATEMENT_EXECUTE|[4]
18:25:36.0 (26304334)|STATEMENT_EXECUTE|[5]
18:25:36.0 (26305387)|STATEMENT_EXECUTE|[6]
18:25:36.0 (26306504)|STATEMENT_EXECUTE|[7]
18:25:36.0 (26307499)|STATEMENT_EXECUTE|[8]
18:25:36.0 (26308562)|STATEMENT_EXECUTE|[9]
18:25:36.0 (26309578)|STATEMENT_EXECUTE|[10]
18:25:36.0 (26310633)|STATEMENT_EXECUTE|[11]
18:25:36.0 (26311642)|STATEMENT_EXECUTE|[12]
18:25:36.0 (26312735)|STATEMENT_EXECUTE|[13]
18:25:36.0 (26315825)|CONSTRUCTOR_EXIT|[71]|01pBK000001lv3t|<init>()|CareerHistoryController.CareerWrapper
18:25:36.0 (26321200)|VARIABLE_SCOPE_BEGIN|[71]|c3|CareerHistoryController.CareerWrapper|true|false
18:25:36.0 (26341393)|VARIABLE_ASSIGNMENT|[71]|c3|{}|0xf2d492e
18:25:36.0 (26346108)|STATEMENT_EXECUTE|[72]
18:25:36.0 (26348834)|HEAP_ALLOCATE|[72]|Bytes:1
18:25:36.0 (26364189)|VARIABLE_ASSIGNMENT|[EXTERNAL]|this|{}|0xf2d492e
18:25:36.0 (26369050)|VARIABLE_ASSIGNMENT|[EXTERNAL]|value|"3"
18:25:36.0 (26373103)|VARIABLE_ASSIGNMENT|[5]|this.id|"3"|0xf2d492e
18:25:36.0 (26377323)|STATEMENT_EXECUTE|[73]
18:25:36.0 (26381822)|METHOD_ENTRY|[73]|01pBK000001lv3t|CareerHistoryController.nullToEmpty(String)
18:25:36.0 (26386145)|VARIABLE_SCOPE_BEGIN|[145]|str|String|false|false
18:25:36.0 (26394474)|VARIABLE_ASSIGNMENT|[145]|str|null
18:25:36.0 (26399774)|HEAP_ALLOCATE|[145]|Bytes:5
18:25:36.0 (26401801)|STATEMENT_EXECUTE|[145]
18:25:36.0 (26402654)|STATEMENT_EXECUTE|[145]
18:25:36.0 (26406271)|METHOD_EXIT|[73]|01pBK000001lv3t|CareerHistoryController.nullToEmpty(String)
18:25:36.0 (26417895)|VARIABLE_ASSIGNMENT|[EXTERNAL]|this|{"id":"3"}|0xf2d492e
18:25:36.0 (26422204)|VARIABLE_ASSIGNMENT|[EXTERNAL]|value|""
18:25:36.0 (26425769)|VARIABLE_ASSIGNMENT|[6]|this.companyName|""|0xf2d492e
18:25:36.0 (26432006)|STATEMENT_EXECUTE|[74]
18:25:36.0 (26434356)|METHOD_ENTRY|[74]|01pBK000001lv3t|CareerHistoryController.nullToEmpty(String)
18:25:36.0 (26438470)|VARIABLE_SCOPE_BEGIN|[145]|str|String|false|false
18:25:36.0 (26442197)|VARIABLE_ASSIGNMENT|[145]|str|null
18:25:36.0 (26445439)|HEAP_ALLOCATE|[145]|Bytes:5
18:25:36.0 (26447058)|STATEMENT_EXECUTE|[145]
18:25:36.0 (26447844)|STATEMENT_EXECUTE|[145]
18:25:36.0 (26449946)|METHOD_EXIT|[74]|01pBK000001lv3t|CareerHistoryController.nullToEmpty(String)
18:25:36.0 (26462014)|VARIABLE_ASSIGNMENT|[EXTERNAL]|this|{"companyName":"","id":"3"}|0xf2d492e
18:25:36.0 (26466813)|VARIABLE_ASSIGNMENT|[EXTERNAL]|value|""
18:25:36.0 (26470341)|VARIABLE_ASSIGNMENT|[11]|this.jobDescription|""|0xf2d492e
18:25:36.0 (26473993)|STATEMENT_EXECUTE|[76]
18:25:36.0 (26476709)|METHOD_ENTRY|[76]|01pBK000001lv3t|CareerHistoryController.nullToEmpty(String)
18:25:36.0 (26480295)|VARIABLE_SCOPE_BEGIN|[145]|str|String|false|false
18:25:36.0 (26498419)|VARIABLE_ASSIGNMENT|[145]|str|null
18:25:36.0 (26503289)|HEAP_ALLOCATE|[145]|Bytes:5
18:25:36.0 (26505288)|STATEMENT_EXECUTE|[145]
18:25:36.0 (26506092)|STATEMENT_EXECUTE|[145]
18:25:36.0 (26508753)|METHOD_EXIT|[76]|01pBK000001lv3t|CareerHistoryController.nullToEmpty(String)
18:25:36.0 (26521231)|VARIABLE_ASSIGNMENT|[EXTERNAL]|this|{"companyName":"","id":"3","jobDescription":""}|0xf2d492e
18:25:36.0 (26525481)|VARIABLE_ASSIGNMENT|[EXTERNAL]|value|""
18:25:36.0 (26530377)|VARIABLE_ASSIGNMENT|[12]|this.jobGroup|""|0xf2d492e
18:25:36.0 (26535504)|STATEMENT_EXECUTE|[77]
18:25:36.0 (26538835)|METHOD_ENTRY|[77]|01pBK000001lv3t|CareerHistoryController.nullToEmpty(String)
18:25:36.0 (26548518)|VARIABLE_SCOPE_BEGIN|[145]|str|String|false|false
18:25:36.0 (26554551)|VARIABLE_ASSIGNMENT|[145]|str|null
18:25:36.0 (26559173)|HEAP_ALLOCATE|[145]|Bytes:5
18:25:36.0 (26561706)|STATEMENT_EXECUTE|[145]
18:25:36.0 (26562798)|STATEMENT_EXECUTE|[145]
18:25:36.0 (26566417)|METHOD_EXIT|[77]|01pBK000001lv3t|CareerHistoryController.nullToEmpty(String)
18:25:36.0 (26584475)|VARIABLE_ASSIGNMENT|[EXTERNAL]|this|{"companyName":"","id":"3","jobDescription":"","jobGroup":""}|0xf2d492e
18:25:36.0 (26590353)|VARIABLE_ASSIGNMENT|[EXTERNAL]|value|""
18:25:36.0 (26595692)|VARIABLE_ASSIGNMENT|[13]|this.jobGroupOption|""|0xf2d492e
18:25:36.0 (26599872)|STATEMENT_EXECUTE|[78]
18:25:36.0 (26602875)|METHOD_ENTRY|[78]|01pBK000001lv3t|CareerHistoryController.formatDateToYYYYMM(Date)
18:25:36.0 (26607592)|VARIABLE_SCOPE_BEGIN|[147]|d|Date|false|false
18:25:36.0 (26611198)|VARIABLE_ASSIGNMENT|[147]|d|null
18:25:36.0 (26614903)|HEAP_ALLOCATE|[148]|Bytes:5
18:25:36.0 (26616763)|STATEMENT_EXECUTE|[147]
18:25:36.0 (26617649)|STATEMENT_EXECUTE|[148]
18:25:36.0 (26619929)|METHOD_EXIT|[78]|01pBK000001lv3t|CareerHistoryController.formatDateToYYYYMM(Date)
18:25:36.0 (26631570)|VARIABLE_ASSIGNMENT|[EXTERNAL]|this|{"companyName":"","id":"3","jobDescription":"","jobGroup":"","jobGroupOption":""}|0xf2d492e
18:25:36.0 (26635630)|VARIABLE_ASSIGNMENT|[EXTERNAL]|value|""
18:25:36.0 (26639339)|VARIABLE_ASSIGNMENT|[7]|this.startDateInput|""|0xf2d492e
18:25:36.0 (26642913)|STATEMENT_EXECUTE|[79]
18:25:36.0 (26645360)|METHOD_ENTRY|[79]|01pBK000001lv3t|CareerHistoryController.formatDateToYYYYMM(Date)
18:25:36.0 (26651456)|VARIABLE_SCOPE_BEGIN|[147]|d|Date|false|false
18:25:36.0 (26655270)|VARIABLE_ASSIGNMENT|[147]|d|null
18:25:36.0 (26658240)|HEAP_ALLOCATE|[148]|Bytes:5
18:25:36.0 (26659905)|STATEMENT_EXECUTE|[147]
18:25:36.0 (26660728)|STATEMENT_EXECUTE|[148]
18:25:36.0 (26662598)|METHOD_EXIT|[79]|01pBK000001lv3t|CareerHistoryController.formatDateToYYYYMM(Date)
18:25:36.0 (26677919)|VARIABLE_ASSIGNMENT|[EXTERNAL]|this|{"companyName":"","id":"3","jobDescription":"","jobGroup":"","jobGroupOption":"","startDateInput":""}|0xf2d492e
18:25:36.0 (26683850)|VARIABLE_ASSIGNMENT|[EXTERNAL]|value|""
18:25:36.0 (26688799)|VARIABLE_ASSIGNMENT|[8]|this.endDateInput|""|0xf2d492e
18:25:36.0 (26694131)|STATEMENT_EXECUTE|[80]
18:25:36.0 (26713915)|VARIABLE_ASSIGNMENT|[EXTERNAL]|this|{"companyName":"","endDateInput":"","id":"3","jobDescription":"","jobGroup":"","jobGroupOption":"","startDateInput":""}|0xf2d492e
18:25:36.0 (26721211)|VARIABLE_ASSIGNMENT|[EXTERNAL]|value|false
18:25:36.0 (26725137)|HEAP_ALLOCATE|[9]|Bytes:5
18:25:36.0 (26730134)|VARIABLE_ASSIGNMENT|[9]|this.isCurrentJob|false|0xf2d492e
18:25:36.0 (26735889)|STATEMENT_EXECUTE|[81]
18:25:36.0 (26758968)|HEAP_ALLOCATE|[EXTERNAL]|Bytes:4
18:25:36.0 (26765460)|STATEMENT_EXECUTE|[84]
18:25:36.0 (26770086)|HEAP_ALLOCATE|[84]|Bytes:40
18:25:36.0 (26775579)|CONSTRUCTOR_ENTRY|[84]|01pBK000001lv3t|<init>()|CareerHistoryController.CareerWrapper
18:25:36.0 (26784917)|VARIABLE_SCOPE_BEGIN|[4]|this|CareerHistoryController.CareerWrapper|true|false
18:25:36.0 (26805944)|VARIABLE_ASSIGNMENT|[4]|this|{}|0x359752f8
18:25:36.0 (26821749)|STATEMENT_EXECUTE|[4]
18:25:36.0 (26822963)|STATEMENT_EXECUTE|[5]
18:25:36.0 (26824156)|STATEMENT_EXECUTE|[6]
18:25:36.0 (26825217)|STATEMENT_EXECUTE|[7]
18:25:36.0 (26826310)|STATEMENT_EXECUTE|[8]
18:25:36.0 (26827399)|STATEMENT_EXECUTE|[9]
18:25:36.0 (26828430)|STATEMENT_EXECUTE|[10]
18:25:36.0 (26829609)|STATEMENT_EXECUTE|[11]
18:25:36.0 (26830712)|STATEMENT_EXECUTE|[12]
18:25:36.0 (26831735)|STATEMENT_EXECUTE|[13]
18:25:36.0 (26834956)|CONSTRUCTOR_EXIT|[84]|01pBK000001lv3t|<init>()|CareerHistoryController.CareerWrapper
18:25:36.0 (26840205)|VARIABLE_SCOPE_BEGIN|[84]|c4|CareerHistoryController.CareerWrapper|true|false
18:25:36.0 (26856925)|VARIABLE_ASSIGNMENT|[84]|c4|{}|0x359752f8
18:25:36.0 (26861953)|STATEMENT_EXECUTE|[85]
18:25:36.0 (26865429)|HEAP_ALLOCATE|[85]|Bytes:1
18:25:36.0 (26919916)|VARIABLE_ASSIGNMENT|[EXTERNAL]|this|{}|0x359752f8
18:25:36.0 (26927327)|VARIABLE_ASSIGNMENT|[EXTERNAL]|value|"4"
18:25:36.0 (26932995)|VARIABLE_ASSIGNMENT|[5]|this.id|"4"|0x359752f8
18:25:36.0 (26938886)|STATEMENT_EXECUTE|[86]
18:25:36.0 (26946760)|METHOD_ENTRY|[86]|01pBK000001lv3t|CareerHistoryController.nullToEmpty(String)
18:25:36.0 (26953763)|VARIABLE_SCOPE_BEGIN|[145]|str|String|false|false
18:25:36.0 (26964453)|VARIABLE_ASSIGNMENT|[145]|str|null
18:25:36.0 (26973928)|HEAP_ALLOCATE|[145]|Bytes:5
18:25:36.0 (26976874)|STATEMENT_EXECUTE|[145]
18:25:36.0 (26978262)|STATEMENT_EXECUTE|[145]
18:25:36.0 (26983820)|METHOD_EXIT|[86]|01pBK000001lv3t|CareerHistoryController.nullToEmpty(String)
18:25:36.0 (27006145)|VARIABLE_ASSIGNMENT|[EXTERNAL]|this|{"id":"4"}|0x359752f8
18:25:36.0 (27013039)|VARIABLE_ASSIGNMENT|[EXTERNAL]|value|""
18:25:36.0 (27018686)|VARIABLE_ASSIGNMENT|[11]|this.jobDescription|""|0x359752f8
18:25:36.0 (27025159)|STATEMENT_EXECUTE|[87]
18:25:36.0 (27045614)|VARIABLE_ASSIGNMENT|[EXTERNAL]|this|{"id":"4","jobDescription":""}|0x359752f8
18:25:36.0 (27054083)|VARIABLE_ASSIGNMENT|[EXTERNAL]|value|false
18:25:36.0 (27058632)|HEAP_ALLOCATE|[9]|Bytes:5
18:25:36.0 (27063564)|VARIABLE_ASSIGNMENT|[9]|this.isCurrentJob|false|0x359752f8
18:25:36.0 (27069941)|STATEMENT_EXECUTE|[88]
18:25:36.0 (27091163)|HEAP_ALLOCATE|[EXTERNAL]|Bytes:4
18:25:36.0 (27096854)|STATEMENT_EXECUTE|[90]
18:25:36.27 (27171196)|CUMULATIVE_LIMIT_USAGE
18:25:36.27 (27171196)|LIMIT_USAGE_FOR_NS|(default)|
  Number of SOQL queries: 1 out of 100
  Number of query rows: 1 out of 50000
  Number of SOSL queries: 0 out of 20
  Number of DML statements: 0 out of 150
  Number of Publish Immediate DML: 0 out of 150
  Number of DML rows: 0 out of 10000
  Maximum CPU time: 0 out of 10000
  Maximum heap size: 0 out of 6000000
  Number of callouts: 0 out of 100
  Number of Email Invocations: 0 out of 10
  Number of future calls: 0 out of 50
  Number of queueable jobs added to the queue: 0 out of 50
  Number of Mobile Apex push calls: 0 out of 10

18:25:36.27 (27171196)|CUMULATIVE_LIMIT_USAGE_END

18:25:36.0 (27234198)|CODE_UNIT_FINISHED|CareerHistoryController.getCareerHistory()
18:25:36.0 (27431611)|CODE_UNIT_FINISHED|apex://CareerHistoryController/ACTION$getCareerHistory
18:25:36.0 (27441453)|EXECUTION_FINISHED
