66.0 APEX_CODE,FINEST;APEX_PROFILING,INFO;CALLOUT,INFO;DATA_ACCESS,INFO;DB,INFO;NBA,INFO;SYSTEM,DEBUG;VALIDATION,INFO;VISUALFORCE,INFO;WAVE,INFO;WORKFLOW,INFO
18:09:43.1 (1759904)|USER_INFO|[EXTERNAL]|0057F0000042UBb|ishibashi@hurex.co.jp.dev1|(GMT+09:00) 日本標準時 (Asia/Tokyo)|GMT+09:00
18:09:43.1 (1819715)|EXECUTION_STARTED
18:09:43.1 (1848454)|CODE_UNIT_STARTED|[EXTERNAL]|apex://JobCardsController/ACTION$getJobs
18:09:43.1 (4780773)|CODE_UNIT_STARTED|[EXTERNAL]|01pBK000001RGBP|JobCardsController.getJobs()
18:09:43.1 (9263967)|HEAP_ALLOCATE|[95]|Bytes:3
18:09:43.1 (9388703)|HEAP_ALLOCATE|[100]|Bytes:152
18:09:43.1 (9404051)|HEAP_ALLOCATE|[417]|Bytes:408
18:09:43.1 (9414455)|HEAP_ALLOCATE|[430]|Bytes:408
18:09:43.1 (9434117)|HEAP_ALLOCATE|[317]|Bytes:6
18:09:43.1 (9444410)|HEAP_ALLOCATE|[EXTERNAL]|Bytes:10
18:09:43.1 (9448268)|HEAP_ALLOCATE|[EXTERNAL]|Bytes:5
18:09:43.1 (9450127)|HEAP_ALLOCATE|[EXTERNAL]|Bytes:3
18:09:43.1 (9471710)|METHOD_ENTRY|[6]|01pBK000001RGBP|JobCardsController.JobCardsController()
18:09:43.1 (9481436)|STATEMENT_EXECUTE|[6]
18:09:43.1 (9489223)|STATEMENT_EXECUTE|[6]
18:09:43.1 (9508090)|HEAP_ALLOCATE|[68]|Bytes:5
18:09:43.1 (9540838)|HEAP_ALLOCATE|[74]|Bytes:5
18:09:43.1 (9545420)|HEAP_ALLOCATE|[82]|Bytes:7
18:09:43.1 (9822367)|HEAP_ALLOCATE|[EXTERNAL]|Bytes:5
18:09:43.1 (9828329)|STATEMENT_EXECUTE|[12]
18:09:43.1 (9846786)|METHOD_EXIT|[6]|JobCardsController
18:09:43.1 (9861428)|HEAP_ALLOCATE|[35]|Bytes:5
18:09:43.1 (9864425)|STATEMENT_EXECUTE|[33]
18:09:43.1 (9865367)|STATEMENT_EXECUTE|[35]
18:09:43.1 (9881140)|HEAP_ALLOCATE|[35]|Bytes:4
18:09:43.1 (9967409)|VARIABLE_SCOPE_BEGIN|[35]|favoriteJobIds|Set<Id>|true|false
18:09:43.1 (10079414)|VARIABLE_ASSIGNMENT|[35]|favoriteJobIds|[]|0x7f0737f1
18:09:43.1 (10090405)|HEAP_ALLOCATE|[36]|Bytes:91
18:09:43.1 (10104455)|HEAP_ALLOCATE|[36]|Bytes:4
18:09:43.1 (10113457)|HEAP_ALLOCATE|[36]|Bytes:7
18:09:43.1 (10152442)|HEAP_ALLOCATE|[38]|Bytes:105
18:09:43.1 (10159681)|SYSTEM_METHOD_ENTRY|[1]|UserInfo.UserInfo()
18:09:43.1 (10162714)|STATEMENT_EXECUTE|[1]
18:09:43.1 (10168257)|SYSTEM_METHOD_EXIT|[1]|UserInfo
18:09:43.1 (10190836)|METHOD_ENTRY|[38]||System.UserInfo.getUserId()
18:09:43.1 (15172757)|METHOD_EXIT|[38]||System.UserInfo.getUserId()
18:09:43.1 (29585159)|SOQL_EXECUTE_BEGIN|[36]|Aggregations:0|SELECT Job__c FROM InterestedJob__c WHERE (CreatedById = :tmpVar1 AND IsArchive__c = FALSE)
18:09:43.1 (54943229)|SOQL_EXECUTE_END|[36]|Rows:4
18:09:43.1 (54983460)|HEAP_ALLOCATE|[EXTERNAL]|Bytes:20
18:09:43.1 (55235360)|HEAP_ALLOCATE|[36]|Bytes:54
18:09:43.1 (55245219)|HEAP_ALLOCATE|[36]|Bytes:8
18:09:43.1 (55259741)|SYSTEM_METHOD_ENTRY|[7]|QueryLocatorIterator.QueryLocatorIterator()
18:09:43.1 (55264560)|STATEMENT_EXECUTE|[7]
18:09:43.1 (55275580)|SYSTEM_METHOD_EXIT|[7]|QueryLocatorIterator
18:09:43.1 (55285805)|HEAP_ALLOCATE|[36]|Bytes:28
18:09:43.1 (55379127)|HEAP_ALLOCATE|[36]|Bytes:20
18:09:43.1 (55391326)|HEAP_ALLOCATE|[36]|Bytes:8
18:09:43.1 (55393889)|HEAP_ALLOCATE|[36]|Bytes:8
18:09:43.1 (55402079)|VARIABLE_SCOPE_BEGIN|[15]|this|Database.QueryLocatorIterator|true|false
18:09:43.1 (55479140)|VARIABLE_ASSIGNMENT|[15]|this|{}|0x7c7dc0f2
18:09:43.1 (55485760)|VARIABLE_SCOPE_BEGIN|[15]|values|List<SObject>|true|false
18:09:43.1 (55627527)|VARIABLE_ASSIGNMENT|[15]|values|[{"Job__c":"a0KBK00000Gexcs2AB","Id":"a0OBK000004najC2AQ"},{"Job__c":"a0KBK00000Gexdg2AB","Id":"a0OBK000004nbNV2AY"},{"Job__c":"a0KBK00000Gexcu2AB","Id":"a0OBK000004v8wE2AQ"},{"Job__c":"a0KBK00000GezgQ2AR","Id":"a0OBK0000050riz2AA"}]|0x3dc05e75
18:09:43.1 (55635995)|VARIABLE_SCOPE_BEGIN|[15]|ql|Database.QueryLocator|true|false
18:09:43.1 (55663193)|VARIABLE_ASSIGNMENT|[15]|ql|{"query":"SELECT Job__c FROM I (71 more) ..."}|0x5aeec7d1
18:09:43.1 (55668066)|VARIABLE_SCOPE_BEGIN|[15]|totalNumRecords|Integer|false|false
18:09:43.1 (55677293)|VARIABLE_ASSIGNMENT|[15]|totalNumRecords|4
18:09:43.1 (55682019)|VARIABLE_SCOPE_BEGIN|[15]|queryMoreSize|Integer|false|false
18:09:43.1 (55687926)|VARIABLE_ASSIGNMENT|[15]|queryMoreSize|49996
18:09:43.1 (55800765)|HEAP_ALLOCATE|[36]|Bytes:28
18:09:43.1 (55833389)|METHOD_ENTRY|[36]||Database.QueryLocatorIterator.hasNext()
18:09:43.1 (55951895)|METHOD_EXIT|[36]||Database.QueryLocatorIterator.hasNext()
18:09:43.1 (55959897)|METHOD_ENTRY|[36]||Database.QueryLocatorIterator.next()
18:09:43.1 (56029684)|METHOD_EXIT|[36]||Database.QueryLocatorIterator.next()
18:09:43.1 (56037810)|VARIABLE_SCOPE_BEGIN|[36]|fav|InterestedJob__c|true|false
18:09:43.1 (56075844)|VARIABLE_ASSIGNMENT|[36]|fav|{"Job__c":"a0KBK00000Gexcs2AB","Id":"a0OBK000004najC2AQ"}|0x5db91cdd
18:09:43.1 (56082190)|STATEMENT_EXECUTE|[39]
18:09:43.1 (56084206)|STATEMENT_EXECUTE|[40]
18:09:43.1 (56152393)|HEAP_ALLOCATE|[EXTERNAL]|Bytes:4
18:09:43.1 (56160549)|METHOD_ENTRY|[36]||Database.QueryLocatorIterator.hasNext()
18:09:43.1 (56171321)|METHOD_EXIT|[36]||Database.QueryLocatorIterator.hasNext()
18:09:43.1 (56173869)|METHOD_ENTRY|[36]||Database.QueryLocatorIterator.next()
18:09:43.1 (56195973)|METHOD_EXIT|[36]||Database.QueryLocatorIterator.next()
18:09:43.1 (56198569)|VARIABLE_SCOPE_BEGIN|[36]|fav|InterestedJob__c|true|false
18:09:43.1 (56217026)|VARIABLE_ASSIGNMENT|[36]|fav|{"Job__c":"a0KBK00000Gexdg2AB","Id":"a0OBK000004nbNV2AY"}|0x62b5c2e9
18:09:43.1 (56220229)|STATEMENT_EXECUTE|[39]
18:09:43.1 (56221226)|STATEMENT_EXECUTE|[40]
18:09:43.1 (56226749)|HEAP_ALLOCATE|[EXTERNAL]|Bytes:4
18:09:43.1 (56230669)|METHOD_ENTRY|[36]||Database.QueryLocatorIterator.hasNext()
18:09:43.1 (56238503)|METHOD_EXIT|[36]||Database.QueryLocatorIterator.hasNext()
18:09:43.1 (56240819)|METHOD_ENTRY|[36]||Database.QueryLocatorIterator.next()
18:09:43.1 (56259534)|METHOD_EXIT|[36]||Database.QueryLocatorIterator.next()
18:09:43.1 (56261799)|VARIABLE_SCOPE_BEGIN|[36]|fav|InterestedJob__c|true|false
18:09:43.1 (56273850)|VARIABLE_ASSIGNMENT|[36]|fav|{"Job__c":"a0KBK00000Gexcu2AB","Id":"a0OBK000004v8wE2AQ"}|0x4ec94121
18:09:43.1 (56276746)|STATEMENT_EXECUTE|[39]
18:09:43.1 (56277517)|STATEMENT_EXECUTE|[40]
18:09:43.1 (56280986)|HEAP_ALLOCATE|[EXTERNAL]|Bytes:4
18:09:43.1 (56284583)|METHOD_ENTRY|[36]||Database.QueryLocatorIterator.hasNext()
18:09:43.1 (56292089)|METHOD_EXIT|[36]||Database.QueryLocatorIterator.hasNext()
18:09:43.1 (56294424)|METHOD_ENTRY|[36]||Database.QueryLocatorIterator.next()
18:09:43.1 (56313007)|METHOD_EXIT|[36]||Database.QueryLocatorIterator.next()
18:09:43.1 (56315110)|VARIABLE_SCOPE_BEGIN|[36]|fav|InterestedJob__c|true|false
18:09:43.1 (56325831)|VARIABLE_ASSIGNMENT|[36]|fav|{"Job__c":"a0KBK00000GezgQ2AR","Id":"a0OBK0000050riz2AA"}|0x822e27a
18:09:43.1 (56328668)|STATEMENT_EXECUTE|[39]
18:09:43.1 (56329516)|STATEMENT_EXECUTE|[40]
18:09:43.1 (56332799)|HEAP_ALLOCATE|[EXTERNAL]|Bytes:4
18:09:43.1 (56336628)|METHOD_ENTRY|[36]||Database.QueryLocatorIterator.hasNext()
18:09:43.1 (56342348)|METHOD_EXIT|[36]||Database.QueryLocatorIterator.hasNext()
18:09:43.1 (56346034)|VARIABLE_ASSIGNMENT|[36]|fav|null|
18:09:43.1 (56365365)|STATEMENT_EXECUTE|[44]
18:09:43.1 (56368249)|HEAP_ALLOCATE|[44]|Bytes:217
18:09:43.1 (56383974)|HEAP_ALLOCATE|[44]|Bytes:4
18:09:43.1 (87990541)|SOQL_EXECUTE_BEGIN|[44]|Aggregations:0|SELECT Id, JobPosition__c, WorkLocation2__c, JobCategory1__c, MaxAnnualSalary__c, MinAnnualSalary__c, JobDescription__c, LastModifiedDate, LastViewedDate FROM Job__c ORDER BY LastModifiedDate DESC NULLS FIRST LIMIT 10
18:09:43.1 (133104607)|SOQL_EXECUTE_END|[44]|Rows:10
18:09:43.1 (133146099)|HEAP_ALLOCATE|[44]|Bytes:44
18:09:43.1 (133173882)|HEAP_ALLOCATE|[44]|Bytes:4083
18:09:43.1 (133307047)|HEAP_ALLOCATE|[44]|Bytes:44
18:09:43.1 (133330886)|VARIABLE_SCOPE_BEGIN|[44]|jobs|List<Job__c>|true|false
18:09:43.1 (133359839)|VARIABLE_ASSIGNMENT|[44]|jobs|"List of size 10 too large to display"|0x4e660676
18:09:43.1 (133366562)|STATEMENT_EXECUTE|[54]
18:09:43.1 (133377691)|HEAP_ALLOCATE|[54]|Bytes:4
18:09:43.1 (133467566)|VARIABLE_SCOPE_BEGIN|[54]|result|List<JobCardsController.JobWrapper>|true|false
18:09:43.1 (133484155)|HEAP_ALLOCATE|[EXTERNAL]|Bytes:4
18:09:43.1 (133495349)|VARIABLE_ASSIGNMENT|[54]|result|[]|0x5c69a710
18:09:43.1 (133628440)|HEAP_ALLOCATE|[55]|Bytes:5
18:09:43.1 (133652439)|HEAP_ALLOCATE|[55]|Bytes:40
18:09:43.1 (133660048)|VARIABLE_SCOPE_BEGIN|[55]|j|Job__c|true|false
18:09:43.1 (133781277)|VARIABLE_ASSIGNMENT|[55]|j|{"LastModifiedDate":"2026-04-03T04:12:21.000Z","JobPosition__c":"新潟市(新潟) 法人ルート営業・業界シェ (74 more) ...","WorkLocation2__c":"新潟県新潟市（転勤なし／車通勤可）","LastViewedDate":"2026-04-03T08:24:43.000Z","Id":"a0KBK00000GezgQ2AR","MinAnnualSalary__c":350,"JobDescription__c":"自社開発製造の給配水機器とその関連製品の (25 more) ...","JobCategory1__c":"経営幹部/企画/マーケティング系","MaxAnnualSalary__c":550}|0x16f20e83
18:09:43.1 (133791589)|STATEMENT_EXECUTE|[55]
18:09:43.1 (133792937)|STATEMENT_EXECUTE|[56]
18:09:43.1 (133841002)|HEAP_ALLOCATE|[56]|Bytes:44
18:09:43.1 (133868459)|CONSTRUCTOR_ENTRY|[56]|01pBK000001RGBP|<init>()|JobCardsController.JobWrapper
18:09:43.1 (133901576)|VARIABLE_SCOPE_BEGIN|[12]|this|JobCardsController.JobWrapper|true|false
18:09:43.1 (134040449)|VARIABLE_ASSIGNMENT|[12]|this|{}|0x20e055d5
18:09:43.1 (134065687)|STATEMENT_EXECUTE|[12]
18:09:43.1 (134066721)|STATEMENT_EXECUTE|[13]
18:09:43.1 (134067891)|STATEMENT_EXECUTE|[14]
18:09:43.1 (134068909)|STATEMENT_EXECUTE|[15]
18:09:43.1 (134069673)|STATEMENT_EXECUTE|[16]
18:09:43.1 (134070684)|STATEMENT_EXECUTE|[17]
18:09:43.1 (134071421)|STATEMENT_EXECUTE|[18]
18:09:43.1 (134072479)|STATEMENT_EXECUTE|[19]
18:09:43.1 (134073222)|STATEMENT_EXECUTE|[20]
18:09:43.1 (134074200)|STATEMENT_EXECUTE|[21]
18:09:43.1 (134074945)|STATEMENT_EXECUTE|[22]
18:09:43.1 (134078064)|CONSTRUCTOR_EXIT|[56]|01pBK000001RGBP|<init>()|JobCardsController.JobWrapper
18:09:43.1 (134083342)|VARIABLE_SCOPE_BEGIN|[56]|wrapper|JobCardsController.JobWrapper|true|false
18:09:43.1 (134093590)|VARIABLE_ASSIGNMENT|[56]|wrapper|{}|0x20e055d5
18:09:43.1 (134096607)|STATEMENT_EXECUTE|[57]
18:09:43.1 (134384112)|VARIABLE_ASSIGNMENT|[57]|this.Id|"a0KBK00000GezgQ2AR"|0x20e055d5
18:09:43.1 (134409432)|STATEMENT_EXECUTE|[58]
18:09:43.1 (134440340)|VARIABLE_ASSIGNMENT|[58]|this.JobPosition|"新潟市(新潟) 法人ルート営業・業界シェ (74 more) ..."|0x20e055d5
18:09:43.1 (134445004)|STATEMENT_EXECUTE|[59]
18:09:43.1 (134453347)|VARIABLE_ASSIGNMENT|[59]|this.WorkLocation2|"新潟県新潟市（転勤なし／車通勤可）"|0x20e055d5
18:09:43.1 (134456199)|STATEMENT_EXECUTE|[60]
18:09:43.1 (134462757)|VARIABLE_ASSIGNMENT|[60]|this.JobCategory1|"経営幹部/企画/マーケティング系"|0x20e055d5
18:09:43.1 (134465769)|STATEMENT_EXECUTE|[61]
18:09:43.1 (134490539)|VARIABLE_ASSIGNMENT|[61]|this.MaxAnnualSalary|550|0x20e055d5
18:09:43.1 (134493212)|STATEMENT_EXECUTE|[62]
18:09:43.1 (134500187)|VARIABLE_ASSIGNMENT|[62]|this.MinAnnualSalary|350|0x20e055d5
18:09:43.1 (134502817)|STATEMENT_EXECUTE|[63]
18:09:43.1 (134510210)|VARIABLE_ASSIGNMENT|[63]|this.JobDescription|"自社開発製造の給配水機器とその関連製品の (25 more) ..."|0x20e055d5
18:09:43.1 (134531098)|STATEMENT_EXECUTE|[64]
18:09:43.1 (134566113)|VARIABLE_ASSIGNMENT|[64]|this.LastModifiedDate|"2026-04-03T04:12:21.000Z"|0x20e055d5
18:09:43.1 (134569122)|STATEMENT_EXECUTE|[65]
18:09:43.1 (134583460)|VARIABLE_ASSIGNMENT|[65]|this.LastViewedDate|"2026-04-03T08:24:43.000Z"|0x20e055d5
18:09:43.1 (134586135)|STATEMENT_EXECUTE|[66]
18:09:43.1 (134680893)|HEAP_ALLOCATE|[66]|Bytes:5
18:09:43.1 (134688230)|VARIABLE_ASSIGNMENT|[66]|this.IsFavorite|true|0x20e055d5
18:09:43.1 (134691073)|STATEMENT_EXECUTE|[67]
18:09:43.1 (134714621)|HEAP_ALLOCATE|[EXTERNAL]|Bytes:4
18:09:43.1 (134733706)|HEAP_ALLOCATE|[55]|Bytes:5
18:09:43.1 (134748351)|HEAP_ALLOCATE|[55]|Bytes:32
18:09:43.1 (134755227)|VARIABLE_SCOPE_BEGIN|[55]|j|Job__c|true|false
18:09:43.1 (134831271)|VARIABLE_ASSIGNMENT|[55]|j|{"LastModifiedDate":"2026-04-02T02:54:44.000Z","JobPosition__c":"テスト451求人タイトル求人タイトル求人 (235 more) ...","WorkLocation2__c":"444444","LastViewedDate":"2026-04-02T11:07:27.000Z","Id":"a0KBK00000Gexdg2AB","JobDescription__c":"テスト451仕事内容仕事内容仕事内容仕事 (230 more) ...","JobCategory1__c":"経営幹部/企画/マーケティング系"}|0xb1d526a
18:09:43.1 (134838868)|STATEMENT_EXECUTE|[55]
18:09:43.1 (134839931)|STATEMENT_EXECUTE|[56]
18:09:43.1 (134843423)|HEAP_ALLOCATE|[56]|Bytes:44
18:09:43.1 (134849421)|CONSTRUCTOR_ENTRY|[56]|01pBK000001RGBP|<init>()|JobCardsController.JobWrapper
18:09:43.1 (134855030)|VARIABLE_SCOPE_BEGIN|[12]|this|JobCardsController.JobWrapper|true|false
18:09:43.1 (134881726)|VARIABLE_ASSIGNMENT|[12]|this|{}|0x1f84820
18:09:43.1 (134894301)|STATEMENT_EXECUTE|[12]
18:09:43.1 (134895205)|STATEMENT_EXECUTE|[13]
18:09:43.1 (134896049)|STATEMENT_EXECUTE|[14]
18:09:43.1 (134896916)|STATEMENT_EXECUTE|[15]
18:09:43.1 (134897679)|STATEMENT_EXECUTE|[16]
18:09:43.1 (134898513)|STATEMENT_EXECUTE|[17]
18:09:43.1 (134899276)|STATEMENT_EXECUTE|[18]
18:09:43.1 (134900199)|STATEMENT_EXECUTE|[19]
18:09:43.1 (134900970)|STATEMENT_EXECUTE|[20]
18:09:43.1 (134901813)|STATEMENT_EXECUTE|[21]
18:09:43.1 (134902581)|STATEMENT_EXECUTE|[22]
18:09:43.1 (134905026)|CONSTRUCTOR_EXIT|[56]|01pBK000001RGBP|<init>()|JobCardsController.JobWrapper
18:09:43.1 (134909316)|VARIABLE_SCOPE_BEGIN|[56]|wrapper|JobCardsController.JobWrapper|true|false
18:09:43.1 (134917302)|VARIABLE_ASSIGNMENT|[56]|wrapper|{}|0x1f84820
18:09:43.1 (134920008)|STATEMENT_EXECUTE|[57]
18:09:43.1 (134977896)|VARIABLE_ASSIGNMENT|[57]|this.Id|"a0KBK00000Gexdg2AB"|0x1f84820
18:09:43.1 (134981055)|STATEMENT_EXECUTE|[58]
18:09:43.1 (134986772)|VARIABLE_ASSIGNMENT|[58]|this.JobPosition|"テスト451求人タイトル求人タイトル求人 (235 more) ..."|0x1f84820
18:09:43.1 (134989988)|STATEMENT_EXECUTE|[59]
18:09:43.1 (134993674)|VARIABLE_ASSIGNMENT|[59]|this.WorkLocation2|"444444"|0x1f84820
18:09:43.1 (134996261)|STATEMENT_EXECUTE|[60]
18:09:43.1 (134999586)|VARIABLE_ASSIGNMENT|[60]|this.JobCategory1|"経営幹部/企画/マーケティング系"|0x1f84820
18:09:43.1 (135002671)|STATEMENT_EXECUTE|[61]
18:09:43.1 (135007246)|VARIABLE_ASSIGNMENT|[61]|this.MaxAnnualSalary|null|0x1f84820
18:09:43.1 (135009712)|STATEMENT_EXECUTE|[62]
18:09:43.1 (135012426)|VARIABLE_ASSIGNMENT|[62]|this.MinAnnualSalary|null|0x1f84820
18:09:43.1 (135014875)|STATEMENT_EXECUTE|[63]
18:09:43.1 (135018680)|VARIABLE_ASSIGNMENT|[63]|this.JobDescription|"テスト451仕事内容仕事内容仕事内容仕事 (230 more) ..."|0x1f84820
18:09:43.1 (135133098)|STATEMENT_EXECUTE|[64]
18:09:43.1 (135148344)|VARIABLE_ASSIGNMENT|[64]|this.LastModifiedDate|"2026-04-02T02:54:44.000Z"|0x1f84820
18:09:43.1 (135151108)|STATEMENT_EXECUTE|[65]
18:09:43.1 (135157143)|VARIABLE_ASSIGNMENT|[65]|this.LastViewedDate|"2026-04-02T11:07:27.000Z"|0x1f84820
18:09:43.1 (135159633)|STATEMENT_EXECUTE|[66]
18:09:43.1 (135172434)|HEAP_ALLOCATE|[66]|Bytes:5
18:09:43.1 (135176773)|VARIABLE_ASSIGNMENT|[66]|this.IsFavorite|true|0x1f84820
18:09:43.1 (135179243)|STATEMENT_EXECUTE|[67]
18:09:43.1 (135184233)|HEAP_ALLOCATE|[EXTERNAL]|Bytes:4
18:09:43.1 (135192661)|HEAP_ALLOCATE|[55]|Bytes:5
18:09:43.1 (135201026)|HEAP_ALLOCATE|[55]|Bytes:40
18:09:43.1 (135205921)|VARIABLE_SCOPE_BEGIN|[55]|j|Job__c|true|false
18:09:43.1 (135273111)|VARIABLE_ASSIGNMENT|[55]|j|{"LastModifiedDate":"2026-03-18T01:52:52.000Z","JobPosition__c":"テスト401求人タイトル求人タイトル求人 (28 more) ...","WorkLocation2__c":"勤務地","LastViewedDate":"2026-04-02T11:19:39.000Z","Id":"a0KBK00000Gexcs2AB","MinAnnualSalary__c":450,"JobDescription__c":"テスト401仕事内容仕事内容仕事内容仕事 (30 more) ...","JobCategory1__c":"専門職系（コンサルタント/金融/不動産）","MaxAnnualSalary__c":600}|0x7cc6d19b
18:09:43.1 (135280988)|STATEMENT_EXECUTE|[55]
18:09:43.1 (135281852)|STATEMENT_EXECUTE|[56]
18:09:43.1 (135284405)|HEAP_ALLOCATE|[56]|Bytes:44
18:09:43.1 (135288241)|CONSTRUCTOR_ENTRY|[56]|01pBK000001RGBP|<init>()|JobCardsController.JobWrapper
18:09:43.1 (135292586)|VARIABLE_SCOPE_BEGIN|[12]|this|JobCardsController.JobWrapper|true|false
18:09:43.1 (135306745)|VARIABLE_ASSIGNMENT|[12]|this|{}|0x699bddd
18:09:43.1 (135315930)|STATEMENT_EXECUTE|[12]
18:09:43.1 (135316799)|STATEMENT_EXECUTE|[13]
18:09:43.1 (135317681)|STATEMENT_EXECUTE|[14]
18:09:43.1 (135318541)|STATEMENT_EXECUTE|[15]
18:09:43.1 (135319300)|STATEMENT_EXECUTE|[16]
18:09:43.1 (135320082)|STATEMENT_EXECUTE|[17]
18:09:43.1 (135320873)|STATEMENT_EXECUTE|[18]
18:09:43.1 (135321753)|STATEMENT_EXECUTE|[19]
18:09:43.1 (135322575)|STATEMENT_EXECUTE|[20]
18:09:43.1 (135323454)|STATEMENT_EXECUTE|[21]
18:09:43.1 (135324279)|STATEMENT_EXECUTE|[22]
18:09:43.1 (135326166)|CONSTRUCTOR_EXIT|[56]|01pBK000001RGBP|<init>()|JobCardsController.JobWrapper
18:09:43.1 (135329597)|VARIABLE_SCOPE_BEGIN|[56]|wrapper|JobCardsController.JobWrapper|true|false
18:09:43.1 (135336703)|VARIABLE_ASSIGNMENT|[56]|wrapper|{}|0x699bddd
18:09:43.1 (135339605)|STATEMENT_EXECUTE|[57]
18:09:43.1 (135379035)|VARIABLE_ASSIGNMENT|[57]|this.Id|"a0KBK00000Gexcs2AB"|0x699bddd
18:09:43.1 (135381912)|STATEMENT_EXECUTE|[58]
18:09:43.1 (135386920)|VARIABLE_ASSIGNMENT|[58]|this.JobPosition|"テスト401求人タイトル求人タイトル求人 (28 more) ..."|0x699bddd
18:09:43.1 (135390206)|STATEMENT_EXECUTE|[59]
18:09:43.1 (135393776)|VARIABLE_ASSIGNMENT|[59]|this.WorkLocation2|"勤務地"|0x699bddd
18:09:43.1 (135396695)|STATEMENT_EXECUTE|[60]
18:09:43.1 (135421323)|VARIABLE_ASSIGNMENT|[60]|this.JobCategory1|"専門職系（コンサルタント/金融/不動産）"|0x699bddd
18:09:43.1 (135424636)|STATEMENT_EXECUTE|[61]
18:09:43.1 (135433077)|VARIABLE_ASSIGNMENT|[61]|this.MaxAnnualSalary|600|0x699bddd
18:09:43.1 (135435601)|STATEMENT_EXECUTE|[62]
18:09:43.1 (135439235)|VARIABLE_ASSIGNMENT|[62]|this.MinAnnualSalary|450|0x699bddd
18:09:43.1 (135441798)|STATEMENT_EXECUTE|[63]
18:09:43.1 (135445585)|VARIABLE_ASSIGNMENT|[63]|this.JobDescription|"テスト401仕事内容仕事内容仕事内容仕事 (30 more) ..."|0x699bddd
18:09:43.1 (135448390)|STATEMENT_EXECUTE|[64]
18:09:43.1 (135471712)|VARIABLE_ASSIGNMENT|[64]|this.LastModifiedDate|"2026-03-18T01:52:52.000Z"|0x699bddd
18:09:43.1 (135474551)|STATEMENT_EXECUTE|[65]
18:09:43.1 (135480203)|VARIABLE_ASSIGNMENT|[65]|this.LastViewedDate|"2026-04-02T11:19:39.000Z"|0x699bddd
18:09:43.1 (135482625)|STATEMENT_EXECUTE|[66]
18:09:43.1 (135508251)|HEAP_ALLOCATE|[66]|Bytes:5
18:09:43.1 (135512417)|VARIABLE_ASSIGNMENT|[66]|this.IsFavorite|true|0x699bddd
18:09:43.1 (135514816)|STATEMENT_EXECUTE|[67]
18:09:43.1 (135518545)|HEAP_ALLOCATE|[EXTERNAL]|Bytes:4
18:09:43.1 (135524899)|HEAP_ALLOCATE|[55]|Bytes:5
18:09:43.1 (135531226)|HEAP_ALLOCATE|[55]|Bytes:36
18:09:43.1 (135534641)|VARIABLE_SCOPE_BEGIN|[55]|j|Job__c|true|false
18:09:43.1 (135576863)|VARIABLE_ASSIGNMENT|[55]|j|{"LastModifiedDate":"2026-03-12T05:33:30.000Z","JobPosition__c":"テスト424求人タイトル求人タイトル求人 (28 more) ...","LastViewedDate":"2026-04-02T07:16:25.000Z","Id":"a0KBK00000GexdF2AR","MinAnnualSalary__c":250,"JobDescription__c":"テスト424仕事内容仕事内容仕事内容仕事 (30 more) ...","JobCategory1__c":"技術系（電気/電子/機械）","MaxAnnualSalary__c":350}|0x458be15c
18:09:43.1 (135583403)|STATEMENT_EXECUTE|[55]
18:09:43.1 (135584401)|STATEMENT_EXECUTE|[56]
18:09:43.1 (135586223)|HEAP_ALLOCATE|[56]|Bytes:44
18:09:43.1 (135589539)|CONSTRUCTOR_ENTRY|[56]|01pBK000001RGBP|<init>()|JobCardsController.JobWrapper
18:09:43.1 (135598491)|VARIABLE_SCOPE_BEGIN|[12]|this|JobCardsController.JobWrapper|true|false
18:09:43.1 (135609340)|VARIABLE_ASSIGNMENT|[12]|this|{}|0x24751e26
18:09:43.1 (135617653)|STATEMENT_EXECUTE|[12]
18:09:43.1 (135618513)|STATEMENT_EXECUTE|[13]
18:09:43.1 (135619353)|STATEMENT_EXECUTE|[14]
18:09:43.1 (135620338)|STATEMENT_EXECUTE|[15]
18:09:43.1 (135621206)|STATEMENT_EXECUTE|[16]
18:09:43.1 (135621986)|STATEMENT_EXECUTE|[17]
18:09:43.1 (135622745)|STATEMENT_EXECUTE|[18]
18:09:43.1 (135623540)|STATEMENT_EXECUTE|[19]
18:09:43.1 (135624285)|STATEMENT_EXECUTE|[20]
18:09:43.1 (135625079)|STATEMENT_EXECUTE|[21]
18:09:43.1 (135625839)|STATEMENT_EXECUTE|[22]
18:09:43.1 (135627531)|CONSTRUCTOR_EXIT|[56]|01pBK000001RGBP|<init>()|JobCardsController.JobWrapper
18:09:43.1 (135630904)|VARIABLE_SCOPE_BEGIN|[56]|wrapper|JobCardsController.JobWrapper|true|false
18:09:43.1 (135655997)|VARIABLE_ASSIGNMENT|[56]|wrapper|{}|0x24751e26
18:09:43.1 (135658974)|STATEMENT_EXECUTE|[57]
18:09:43.1 (135689583)|VARIABLE_ASSIGNMENT|[57]|this.Id|"a0KBK00000GexdF2AR"|0x24751e26
18:09:43.1 (135692481)|STATEMENT_EXECUTE|[58]
18:09:43.1 (135697759)|VARIABLE_ASSIGNMENT|[58]|this.JobPosition|"テスト424求人タイトル求人タイトル求人 (28 more) ..."|0x24751e26
18:09:43.1 (135700701)|STATEMENT_EXECUTE|[59]
18:09:43.1 (135703926)|VARIABLE_ASSIGNMENT|[59]|this.WorkLocation2|null|0x24751e26
18:09:43.1 (135706301)|STATEMENT_EXECUTE|[60]
18:09:43.1 (135709652)|VARIABLE_ASSIGNMENT|[60]|this.JobCategory1|"技術系（電気/電子/機械）"|0x24751e26
18:09:43.1 (135712566)|STATEMENT_EXECUTE|[61]
18:09:43.1 (135717511)|VARIABLE_ASSIGNMENT|[61]|this.MaxAnnualSalary|350|0x24751e26
18:09:43.1 (135720068)|STATEMENT_EXECUTE|[62]
18:09:43.1 (135723380)|VARIABLE_ASSIGNMENT|[62]|this.MinAnnualSalary|250|0x24751e26
18:09:43.1 (135725781)|STATEMENT_EXECUTE|[63]
18:09:43.1 (135729476)|VARIABLE_ASSIGNMENT|[63]|this.JobDescription|"テスト424仕事内容仕事内容仕事内容仕事 (30 more) ..."|0x24751e26
18:09:43.1 (135732189)|STATEMENT_EXECUTE|[64]
18:09:43.1 (135739547)|VARIABLE_ASSIGNMENT|[64]|this.LastModifiedDate|"2026-03-12T05:33:30.000Z"|0x24751e26
18:09:43.1 (135742036)|STATEMENT_EXECUTE|[65]
18:09:43.1 (135747093)|VARIABLE_ASSIGNMENT|[65]|this.LastViewedDate|"2026-04-02T07:16:25.000Z"|0x24751e26
18:09:43.1 (135749564)|STATEMENT_EXECUTE|[66]
18:09:43.1 (135756766)|HEAP_ALLOCATE|[66]|Bytes:5
18:09:43.1 (135760239)|VARIABLE_ASSIGNMENT|[66]|this.IsFavorite|false|0x24751e26
18:09:43.1 (135762865)|STATEMENT_EXECUTE|[67]
18:09:43.1 (135765726)|HEAP_ALLOCATE|[EXTERNAL]|Bytes:4
18:09:43.1 (135771511)|HEAP_ALLOCATE|[55]|Bytes:5
18:09:43.1 (135777083)|HEAP_ALLOCATE|[55]|Bytes:36
18:09:43.1 (135780298)|VARIABLE_SCOPE_BEGIN|[55]|j|Job__c|true|false
18:09:43.1 (135829898)|VARIABLE_ASSIGNMENT|[55]|j|{"LastModifiedDate":"2026-03-09T05:51:50.000Z","JobPosition__c":"テスト403求人タイトル求人タイトル求人 (28 more) ...","LastViewedDate":"2026-04-02T10:23:00.000Z","Id":"a0KBK00000Gexcu2AB","MinAnnualSalary__c":900,"JobDescription__c":"テスト403仕事内容仕事内容仕事内容仕事 (30 more) ...","JobCategory1__c":"営業系","MaxAnnualSalary__c":600}|0x430b6978
18:09:43.1 (135836483)|STATEMENT_EXECUTE|[55]
18:09:43.1 (135837338)|STATEMENT_EXECUTE|[56]
18:09:43.1 (135839210)|HEAP_ALLOCATE|[56]|Bytes:44
18:09:43.1 (135842595)|CONSTRUCTOR_ENTRY|[56]|01pBK000001RGBP|<init>()|JobCardsController.JobWrapper
18:09:43.1 (135846116)|VARIABLE_SCOPE_BEGIN|[12]|this|JobCardsController.JobWrapper|true|false
18:09:43.1 (135856560)|VARIABLE_ASSIGNMENT|[12]|this|{}|0x748cbf97
18:09:43.1 (135863816)|STATEMENT_EXECUTE|[12]
18:09:43.1 (135864679)|STATEMENT_EXECUTE|[13]
18:09:43.1 (135865516)|STATEMENT_EXECUTE|[14]
18:09:43.1 (135866321)|STATEMENT_EXECUTE|[15]
18:09:43.1 (135867076)|STATEMENT_EXECUTE|[16]
18:09:43.1 (135867873)|STATEMENT_EXECUTE|[17]
18:09:43.1 (135868639)|STATEMENT_EXECUTE|[18]
18:09:43.1 (135869466)|STATEMENT_EXECUTE|[19]
18:09:43.1 (135870296)|STATEMENT_EXECUTE|[20]
18:09:43.1 (135871065)|STATEMENT_EXECUTE|[21]
18:09:43.1 (135871818)|STATEMENT_EXECUTE|[22]
18:09:43.1 (135873711)|CONSTRUCTOR_EXIT|[56]|01pBK000001RGBP|<init>()|JobCardsController.JobWrapper
18:09:43.1 (135876832)|VARIABLE_SCOPE_BEGIN|[56]|wrapper|JobCardsController.JobWrapper|true|false
18:09:43.1 (135883488)|VARIABLE_ASSIGNMENT|[56]|wrapper|{}|0x748cbf97
18:09:43.1 (135886032)|STATEMENT_EXECUTE|[57]
18:09:43.1 (135920386)|VARIABLE_ASSIGNMENT|[57]|this.Id|"a0KBK00000Gexcu2AB"|0x748cbf97
18:09:43.1 (135923656)|STATEMENT_EXECUTE|[58]
18:09:43.1 (135929058)|VARIABLE_ASSIGNMENT|[58]|this.JobPosition|"テスト403求人タイトル求人タイトル求人 (28 more) ..."|0x748cbf97
18:09:43.1 (135932284)|STATEMENT_EXECUTE|[59]
18:09:43.1 (135935294)|VARIABLE_ASSIGNMENT|[59]|this.WorkLocation2|null|0x748cbf97
18:09:43.1 (135937798)|STATEMENT_EXECUTE|[60]
18:09:43.1 (135940920)|VARIABLE_ASSIGNMENT|[60]|this.JobCategory1|"営業系"|0x748cbf97
18:09:43.1 (135963346)|STATEMENT_EXECUTE|[61]
18:09:43.1 (135969176)|VARIABLE_ASSIGNMENT|[61]|this.MaxAnnualSalary|600|0x748cbf97
18:09:43.1 (135971597)|STATEMENT_EXECUTE|[62]
18:09:43.1 (135974856)|VARIABLE_ASSIGNMENT|[62]|this.MinAnnualSalary|900|0x748cbf97
18:09:43.1 (135977175)|STATEMENT_EXECUTE|[63]
18:09:43.1 (135980825)|VARIABLE_ASSIGNMENT|[63]|this.JobDescription|"テスト403仕事内容仕事内容仕事内容仕事 (30 more) ..."|0x748cbf97
18:09:43.1 (135983660)|STATEMENT_EXECUTE|[64]
18:09:43.1 (135991165)|VARIABLE_ASSIGNMENT|[64]|this.LastModifiedDate|"2026-03-09T05:51:50.000Z"|0x748cbf97
18:09:43.1 (135993720)|STATEMENT_EXECUTE|[65]
18:09:43.1 (135998613)|VARIABLE_ASSIGNMENT|[65]|this.LastViewedDate|"2026-04-02T10:23:00.000Z"|0x748cbf97
18:09:43.1 (136001189)|STATEMENT_EXECUTE|[66]
18:09:43.1 (136009086)|HEAP_ALLOCATE|[66]|Bytes:5
18:09:43.1 (136012291)|VARIABLE_ASSIGNMENT|[66]|this.IsFavorite|true|0x748cbf97
18:09:43.1 (136014646)|STATEMENT_EXECUTE|[67]
18:09:43.1 (136017973)|HEAP_ALLOCATE|[EXTERNAL]|Bytes:4
18:09:43.1 (136024256)|HEAP_ALLOCATE|[55]|Bytes:5
18:09:43.1 (136043616)|HEAP_ALLOCATE|[55]|Bytes:36
18:09:43.1 (136047153)|VARIABLE_SCOPE_BEGIN|[55]|j|Job__c|true|false
18:09:43.1 (136085332)|VARIABLE_ASSIGNMENT|[55]|j|{"LastModifiedDate":"2026-03-09T05:51:49.000Z","JobPosition__c":"テスト402求人タイトル求人タイトル求人 (28 more) ...","LastViewedDate":"2026-03-18T09:45:33.000Z","Id":"a0KBK00000Gexct2AB","MinAnnualSalary__c":500,"JobDescription__c":"テスト402仕事内容仕事内容仕事内容仕事 (30 more) ...","JobCategory1__c":"営業系","MaxAnnualSalary__c":400}|0x22e4fd71
18:09:43.1 (136091193)|STATEMENT_EXECUTE|[55]
18:09:43.1 (136092028)|STATEMENT_EXECUTE|[56]
18:09:43.1 (136093781)|HEAP_ALLOCATE|[56]|Bytes:44
18:09:43.1 (136096871)|CONSTRUCTOR_ENTRY|[56]|01pBK000001RGBP|<init>()|JobCardsController.JobWrapper
18:09:43.1 (136100150)|VARIABLE_SCOPE_BEGIN|[12]|this|JobCardsController.JobWrapper|true|false
18:09:43.1 (136110016)|VARIABLE_ASSIGNMENT|[12]|this|{}|0x3776406e
18:09:43.1 (136117321)|STATEMENT_EXECUTE|[12]
18:09:43.1 (136118203)|STATEMENT_EXECUTE|[13]
18:09:43.1 (136119013)|STATEMENT_EXECUTE|[14]
18:09:43.1 (136119850)|STATEMENT_EXECUTE|[15]
18:09:43.1 (136120611)|STATEMENT_EXECUTE|[16]
18:09:43.1 (136121393)|STATEMENT_EXECUTE|[17]
18:09:43.1 (136122131)|STATEMENT_EXECUTE|[18]
18:09:43.1 (136122879)|STATEMENT_EXECUTE|[19]
18:09:43.1 (136123613)|STATEMENT_EXECUTE|[20]
18:09:43.1 (136124401)|STATEMENT_EXECUTE|[21]
18:09:43.1 (136125178)|STATEMENT_EXECUTE|[22]
18:09:43.1 (136126691)|CONSTRUCTOR_EXIT|[56]|01pBK000001RGBP|<init>()|JobCardsController.JobWrapper
18:09:43.1 (136129639)|VARIABLE_SCOPE_BEGIN|[56]|wrapper|JobCardsController.JobWrapper|true|false
18:09:43.1 (136136525)|VARIABLE_ASSIGNMENT|[56]|wrapper|{}|0x3776406e
18:09:43.1 (136139141)|STATEMENT_EXECUTE|[57]
18:09:43.1 (136184297)|VARIABLE_ASSIGNMENT|[57]|this.Id|"a0KBK00000Gexct2AB"|0x3776406e
18:09:43.1 (136187613)|STATEMENT_EXECUTE|[58]
18:09:43.1 (136193736)|VARIABLE_ASSIGNMENT|[58]|this.JobPosition|"テスト402求人タイトル求人タイトル求人 (28 more) ..."|0x3776406e
18:09:43.1 (136196736)|STATEMENT_EXECUTE|[59]
18:09:43.1 (136199831)|VARIABLE_ASSIGNMENT|[59]|this.WorkLocation2|null|0x3776406e
18:09:43.1 (136202178)|STATEMENT_EXECUTE|[60]
18:09:43.1 (136205173)|VARIABLE_ASSIGNMENT|[60]|this.JobCategory1|"営業系"|0x3776406e
18:09:43.1 (136207675)|STATEMENT_EXECUTE|[61]
18:09:43.1 (136217869)|VARIABLE_ASSIGNMENT|[61]|this.MaxAnnualSalary|400|0x3776406e
18:09:43.1 (136220372)|STATEMENT_EXECUTE|[62]
18:09:43.1 (136223905)|VARIABLE_ASSIGNMENT|[62]|this.MinAnnualSalary|500|0x3776406e
18:09:43.1 (136226227)|STATEMENT_EXECUTE|[63]
18:09:43.1 (136229762)|VARIABLE_ASSIGNMENT|[63]|this.JobDescription|"テスト402仕事内容仕事内容仕事内容仕事 (30 more) ..."|0x3776406e
18:09:43.1 (136232486)|STATEMENT_EXECUTE|[64]
18:09:43.1 (136239818)|VARIABLE_ASSIGNMENT|[64]|this.LastModifiedDate|"2026-03-09T05:51:49.000Z"|0x3776406e
18:09:43.1 (136242382)|STATEMENT_EXECUTE|[65]
18:09:43.1 (136247200)|VARIABLE_ASSIGNMENT|[65]|this.LastViewedDate|"2026-03-18T09:45:33.000Z"|0x3776406e
18:09:43.1 (136249667)|STATEMENT_EXECUTE|[66]
18:09:43.1 (136256539)|HEAP_ALLOCATE|[66]|Bytes:5
18:09:43.1 (136259959)|VARIABLE_ASSIGNMENT|[66]|this.IsFavorite|false|0x3776406e
18:09:43.1 (136262603)|STATEMENT_EXECUTE|[67]
18:09:43.1 (136265395)|HEAP_ALLOCATE|[EXTERNAL]|Bytes:4
18:09:43.1 (136271503)|HEAP_ALLOCATE|[55]|Bytes:5
18:09:43.1 (136276482)|HEAP_ALLOCATE|[55]|Bytes:40
18:09:43.1 (136279316)|VARIABLE_SCOPE_BEGIN|[55]|j|Job__c|true|false
18:09:43.1 (136318400)|VARIABLE_ASSIGNMENT|[55]|j|{"LastModifiedDate":"2026-03-06T01:15:09.000Z","JobPosition__c":"千代田区(東京) 設備積算・大手サブコン (18 more) ...","WorkLocation2__c":"東京都千代田区","LastViewedDate":"2026-03-17T05:57:19.000Z","Id":"a0KBK00000GezgH2AR","MinAnnualSalary__c":400,"JobDescription__c":"事務所ビルや商業施設、工場など、多様な建 (105 more) ...","JobCategory1__c":"営業系","MaxAnnualSalary__c":650}|0x68e4aabf
18:09:43.1 (136325200)|STATEMENT_EXECUTE|[55]
18:09:43.1 (136326142)|STATEMENT_EXECUTE|[56]
18:09:43.1 (136327625)|HEAP_ALLOCATE|[56]|Bytes:44
18:09:43.1 (136330500)|CONSTRUCTOR_ENTRY|[56]|01pBK000001RGBP|<init>()|JobCardsController.JobWrapper
18:09:43.1 (136333734)|VARIABLE_SCOPE_BEGIN|[12]|this|JobCardsController.JobWrapper|true|false
18:09:43.1 (136343235)|VARIABLE_ASSIGNMENT|[12]|this|{}|0x7c4a6408
18:09:43.1 (136350265)|STATEMENT_EXECUTE|[12]
18:09:43.1 (136351107)|STATEMENT_EXECUTE|[13]
18:09:43.1 (136351936)|STATEMENT_EXECUTE|[14]
18:09:43.1 (136352780)|STATEMENT_EXECUTE|[15]
18:09:43.1 (136353573)|STATEMENT_EXECUTE|[16]
18:09:43.1 (136354408)|STATEMENT_EXECUTE|[17]
18:09:43.1 (136355184)|STATEMENT_EXECUTE|[18]
18:09:43.1 (136355943)|STATEMENT_EXECUTE|[19]
18:09:43.1 (136356689)|STATEMENT_EXECUTE|[20]
18:09:43.1 (136357497)|STATEMENT_EXECUTE|[21]
18:09:43.1 (136358238)|STATEMENT_EXECUTE|[22]
18:09:43.1 (136359600)|CONSTRUCTOR_EXIT|[56]|01pBK000001RGBP|<init>()|JobCardsController.JobWrapper
18:09:43.1 (136362660)|VARIABLE_SCOPE_BEGIN|[56]|wrapper|JobCardsController.JobWrapper|true|false
18:09:43.1 (136369360)|VARIABLE_ASSIGNMENT|[56]|wrapper|{}|0x7c4a6408
18:09:43.1 (136371886)|STATEMENT_EXECUTE|[57]
18:09:43.1 (136396484)|VARIABLE_ASSIGNMENT|[57]|this.Id|"a0KBK00000GezgH2AR"|0x7c4a6408
18:09:43.1 (136399270)|STATEMENT_EXECUTE|[58]
18:09:43.1 (136403806)|VARIABLE_ASSIGNMENT|[58]|this.JobPosition|"千代田区(東京) 設備積算・大手サブコン (18 more) ..."|0x7c4a6408
18:09:43.1 (136406855)|STATEMENT_EXECUTE|[59]
18:09:43.1 (136410429)|VARIABLE_ASSIGNMENT|[59]|this.WorkLocation2|"東京都千代田区"|0x7c4a6408
18:09:43.1 (136413114)|STATEMENT_EXECUTE|[60]
18:09:43.1 (136416054)|VARIABLE_ASSIGNMENT|[60]|this.JobCategory1|"営業系"|0x7c4a6408
18:09:43.1 (136418615)|STATEMENT_EXECUTE|[61]
18:09:43.1 (136422777)|VARIABLE_ASSIGNMENT|[61]|this.MaxAnnualSalary|650|0x7c4a6408
18:09:43.1 (136425038)|STATEMENT_EXECUTE|[62]
18:09:43.1 (136428447)|VARIABLE_ASSIGNMENT|[62]|this.MinAnnualSalary|400|0x7c4a6408
18:09:43.1 (136430880)|STATEMENT_EXECUTE|[63]
18:09:43.1 (136434551)|VARIABLE_ASSIGNMENT|[63]|this.JobDescription|"事務所ビルや商業施設、工場など、多様な建 (105 more) ..."|0x7c4a6408
18:09:43.1 (136437752)|STATEMENT_EXECUTE|[64]
18:09:43.1 (136461827)|VARIABLE_ASSIGNMENT|[64]|this.LastModifiedDate|"2026-03-06T01:15:09.000Z"|0x7c4a6408
18:09:43.1 (136464688)|STATEMENT_EXECUTE|[65]
18:09:43.1 (136469904)|VARIABLE_ASSIGNMENT|[65]|this.LastViewedDate|"2026-03-17T05:57:19.000Z"|0x7c4a6408
18:09:43.1 (136472340)|STATEMENT_EXECUTE|[66]
18:09:43.1 (136479483)|HEAP_ALLOCATE|[66]|Bytes:5
18:09:43.1 (136482720)|VARIABLE_ASSIGNMENT|[66]|this.IsFavorite|false|0x7c4a6408
18:09:43.1 (136485004)|STATEMENT_EXECUTE|[67]
18:09:43.1 (136487819)|HEAP_ALLOCATE|[EXTERNAL]|Bytes:4
18:09:43.1 (136493650)|HEAP_ALLOCATE|[55]|Bytes:5
18:09:43.1 (136498122)|HEAP_ALLOCATE|[55]|Bytes:36
18:09:43.1 (136501249)|VARIABLE_SCOPE_BEGIN|[55]|j|Job__c|true|false
18:09:43.1 (136536825)|VARIABLE_ASSIGNMENT|[55]|j|{"LastModifiedDate":"2026-02-06T01:25:17.000Z","JobPosition__c":"テスト467求人タイトル求人タイトル求人 (28 more) ...","LastViewedDate":"2026-04-02T09:39:31.000Z","Id":"a0KBK00000Gexdw2AB","MinAnnualSalary__c":216,"JobDescription__c":"テスト467仕事内容仕事内容仕事内容仕事 (30 more) ...","JobCategory1__c":"管理部門/事務系","MaxAnnualSalary__c":0}|0x72ff37fe
18:09:43.1 (136542955)|STATEMENT_EXECUTE|[55]
18:09:43.1 (136543810)|STATEMENT_EXECUTE|[56]
18:09:43.1 (136545470)|HEAP_ALLOCATE|[56]|Bytes:44
18:09:43.1 (136548242)|CONSTRUCTOR_ENTRY|[56]|01pBK000001RGBP|<init>()|JobCardsController.JobWrapper
18:09:43.1 (136551764)|VARIABLE_SCOPE_BEGIN|[12]|this|JobCardsController.JobWrapper|true|false
18:09:43.1 (136561292)|VARIABLE_ASSIGNMENT|[12]|this|{}|0x7042c189
18:09:43.1 (136567955)|STATEMENT_EXECUTE|[12]
18:09:43.1 (136568814)|STATEMENT_EXECUTE|[13]
18:09:43.1 (136569612)|STATEMENT_EXECUTE|[14]
18:09:43.1 (136570440)|STATEMENT_EXECUTE|[15]
18:09:43.1 (136571286)|STATEMENT_EXECUTE|[16]
18:09:43.1 (136572168)|STATEMENT_EXECUTE|[17]
18:09:43.1 (136573000)|STATEMENT_EXECUTE|[18]
18:09:43.1 (136573852)|STATEMENT_EXECUTE|[19]
18:09:43.1 (136574678)|STATEMENT_EXECUTE|[20]
18:09:43.1 (136575460)|STATEMENT_EXECUTE|[21]
18:09:43.1 (136576291)|STATEMENT_EXECUTE|[22]
18:09:43.1 (136577665)|CONSTRUCTOR_EXIT|[56]|01pBK000001RGBP|<init>()|JobCardsController.JobWrapper
18:09:43.1 (136580532)|VARIABLE_SCOPE_BEGIN|[56]|wrapper|JobCardsController.JobWrapper|true|false
18:09:43.1 (136587294)|VARIABLE_ASSIGNMENT|[56]|wrapper|{}|0x7042c189
18:09:43.1 (136589830)|STATEMENT_EXECUTE|[57]
18:09:43.1 (136615350)|VARIABLE_ASSIGNMENT|[57]|this.Id|"a0KBK00000Gexdw2AB"|0x7042c189
18:09:43.1 (136618478)|STATEMENT_EXECUTE|[58]
18:09:43.1 (136623185)|VARIABLE_ASSIGNMENT|[58]|this.JobPosition|"テスト467求人タイトル求人タイトル求人 (28 more) ..."|0x7042c189
18:09:43.1 (136625964)|STATEMENT_EXECUTE|[59]
18:09:43.1 (136628875)|VARIABLE_ASSIGNMENT|[59]|this.WorkLocation2|null|0x7042c189
18:09:43.1 (136631192)|STATEMENT_EXECUTE|[60]
18:09:43.1 (136634220)|VARIABLE_ASSIGNMENT|[60]|this.JobCategory1|"管理部門/事務系"|0x7042c189
18:09:43.1 (136637107)|STATEMENT_EXECUTE|[61]
18:09:43.1 (136662430)|HEAP_ALLOCATE|[61]|Bytes:28
18:09:43.1 (136667017)|VARIABLE_ASSIGNMENT|[61]|this.MaxAnnualSalary|0|0x7042c189
18:09:43.1 (136669502)|STATEMENT_EXECUTE|[62]
18:09:43.1 (136673380)|VARIABLE_ASSIGNMENT|[62]|this.MinAnnualSalary|216|0x7042c189
18:09:43.1 (136675800)|STATEMENT_EXECUTE|[63]
18:09:43.1 (136679616)|VARIABLE_ASSIGNMENT|[63]|this.JobDescription|"テスト467仕事内容仕事内容仕事内容仕事 (30 more) ..."|0x7042c189
18:09:43.1 (136682327)|STATEMENT_EXECUTE|[64]
18:09:43.1 (136689347)|VARIABLE_ASSIGNMENT|[64]|this.LastModifiedDate|"2026-02-06T01:25:17.000Z"|0x7042c189
18:09:43.1 (136691930)|STATEMENT_EXECUTE|[65]
18:09:43.1 (136696848)|VARIABLE_ASSIGNMENT|[65]|this.LastViewedDate|"2026-04-02T09:39:31.000Z"|0x7042c189
18:09:43.1 (136699195)|STATEMENT_EXECUTE|[66]
18:09:43.1 (136705726)|HEAP_ALLOCATE|[66]|Bytes:5
18:09:43.1 (136708817)|VARIABLE_ASSIGNMENT|[66]|this.IsFavorite|false|0x7042c189
18:09:43.1 (136711142)|STATEMENT_EXECUTE|[67]
18:09:43.1 (136713994)|HEAP_ALLOCATE|[EXTERNAL]|Bytes:4
18:09:43.1 (136719417)|HEAP_ALLOCATE|[55]|Bytes:5
18:09:43.1 (136723962)|HEAP_ALLOCATE|[55]|Bytes:36
18:09:43.1 (136726680)|VARIABLE_SCOPE_BEGIN|[55]|j|Job__c|true|false
18:09:43.1 (136761800)|VARIABLE_ASSIGNMENT|[55]|j|{"LastModifiedDate":"2026-02-05T00:50:25.000Z","JobPosition__c":"テスト297求人タイトル求人タイトル求人 (28 more) ...","LastViewedDate":"2026-03-28T05:28:09.000Z","Id":"a0KBK00000Gezpx2AB","MinAnnualSalary__c":350,"JobDescription__c":"テスト297仕事内容仕事内容仕事内容仕事 (30 more) ...","JobCategory1__c":"IT系（ソフトウェア/ネットワーク）","MaxAnnualSalary__c":600}|0x6a27d070
18:09:43.1 (136768163)|STATEMENT_EXECUTE|[55]
18:09:43.1 (136768991)|STATEMENT_EXECUTE|[56]
18:09:43.1 (136770425)|HEAP_ALLOCATE|[56]|Bytes:44
18:09:43.1 (136773235)|CONSTRUCTOR_ENTRY|[56]|01pBK000001RGBP|<init>()|JobCardsController.JobWrapper
18:09:43.1 (136776434)|VARIABLE_SCOPE_BEGIN|[12]|this|JobCardsController.JobWrapper|true|false
18:09:43.1 (136784890)|VARIABLE_ASSIGNMENT|[12]|this|{}|0x6123a811
18:09:43.1 (136791016)|STATEMENT_EXECUTE|[12]
18:09:43.1 (136791872)|STATEMENT_EXECUTE|[13]
18:09:43.1 (136792710)|STATEMENT_EXECUTE|[14]
18:09:43.1 (136793500)|STATEMENT_EXECUTE|[15]
18:09:43.1 (136794420)|STATEMENT_EXECUTE|[16]
18:09:43.1 (136795287)|STATEMENT_EXECUTE|[17]
18:09:43.1 (136796030)|STATEMENT_EXECUTE|[18]
18:09:43.1 (136796805)|STATEMENT_EXECUTE|[19]
18:09:43.1 (136797595)|STATEMENT_EXECUTE|[20]
18:09:43.1 (136798449)|STATEMENT_EXECUTE|[21]
18:09:43.1 (136799183)|STATEMENT_EXECUTE|[22]
18:09:43.1 (136800549)|CONSTRUCTOR_EXIT|[56]|01pBK000001RGBP|<init>()|JobCardsController.JobWrapper
18:09:43.1 (136803611)|VARIABLE_SCOPE_BEGIN|[56]|wrapper|JobCardsController.JobWrapper|true|false
18:09:43.1 (136810139)|VARIABLE_ASSIGNMENT|[56]|wrapper|{}|0x6123a811
18:09:43.1 (136812632)|STATEMENT_EXECUTE|[57]
18:09:43.1 (136835762)|VARIABLE_ASSIGNMENT|[57]|this.Id|"a0KBK00000Gezpx2AB"|0x6123a811
18:09:43.1 (136838458)|STATEMENT_EXECUTE|[58]
18:09:43.1 (136843114)|VARIABLE_ASSIGNMENT|[58]|this.JobPosition|"テスト297求人タイトル求人タイトル求人 (28 more) ..."|0x6123a811
18:09:43.1 (136846017)|STATEMENT_EXECUTE|[59]
18:09:43.1 (136848818)|VARIABLE_ASSIGNMENT|[59]|this.WorkLocation2|null|0x6123a811
18:09:43.1 (136851166)|STATEMENT_EXECUTE|[60]
18:09:43.1 (136854576)|VARIABLE_ASSIGNMENT|[60]|this.JobCategory1|"IT系（ソフトウェア/ネットワーク）"|0x6123a811
18:09:43.1 (136857415)|STATEMENT_EXECUTE|[61]
18:09:43.1 (136861742)|VARIABLE_ASSIGNMENT|[61]|this.MaxAnnualSalary|600|0x6123a811
18:09:43.1 (136864027)|STATEMENT_EXECUTE|[62]
18:09:43.1 (136867385)|VARIABLE_ASSIGNMENT|[62]|this.MinAnnualSalary|350|0x6123a811
18:09:43.1 (136869784)|STATEMENT_EXECUTE|[63]
18:09:43.1 (136873320)|VARIABLE_ASSIGNMENT|[63]|this.JobDescription|"テスト297仕事内容仕事内容仕事内容仕事 (30 more) ..."|0x6123a811
18:09:43.1 (136876061)|STATEMENT_EXECUTE|[64]
18:09:43.1 (136882638)|VARIABLE_ASSIGNMENT|[64]|this.LastModifiedDate|"2026-02-05T00:50:25.000Z"|0x6123a811
18:09:43.1 (136885125)|STATEMENT_EXECUTE|[65]
18:09:43.1 (136889870)|VARIABLE_ASSIGNMENT|[65]|this.LastViewedDate|"2026-03-28T05:28:09.000Z"|0x6123a811
18:09:43.1 (136892302)|STATEMENT_EXECUTE|[66]
18:09:43.1 (136898615)|HEAP_ALLOCATE|[66]|Bytes:5
18:09:43.1 (136901694)|VARIABLE_ASSIGNMENT|[66]|this.IsFavorite|false|0x6123a811
18:09:43.1 (136904082)|STATEMENT_EXECUTE|[67]
18:09:43.1 (136906797)|HEAP_ALLOCATE|[EXTERNAL]|Bytes:4
18:09:43.1 (136911986)|HEAP_ALLOCATE|[55]|Bytes:5
18:09:43.1 (136916225)|HEAP_ALLOCATE|[55]|Bytes:36
18:09:43.1 (136918974)|VARIABLE_SCOPE_BEGIN|[55]|j|Job__c|true|false
18:09:43.1 (136949668)|VARIABLE_ASSIGNMENT|[55]|j|{"LastModifiedDate":"2026-02-05T00:49:22.000Z","JobPosition__c":"テスト407求人タイトル求人タイトル求人 (28 more) ...","LastViewedDate":"2026-03-18T09:45:42.000Z","Id":"a0KBK00000Gexcy2AB","MinAnnualSalary__c":350,"JobDescription__c":"テスト407仕事内容仕事内容仕事内容仕事 (30 more) ...","JobCategory1__c":"営業系","MaxAnnualSalary__c":450}|0x6fadb730
18:09:43.1 (136955584)|STATEMENT_EXECUTE|[55]
18:09:43.1 (136956399)|STATEMENT_EXECUTE|[56]
18:09:43.1 (136957965)|HEAP_ALLOCATE|[56]|Bytes:44
18:09:43.1 (136960675)|CONSTRUCTOR_ENTRY|[56]|01pBK000001RGBP|<init>()|JobCardsController.JobWrapper
18:09:43.1 (136963765)|VARIABLE_SCOPE_BEGIN|[12]|this|JobCardsController.JobWrapper|true|false
18:09:43.1 (136971866)|VARIABLE_ASSIGNMENT|[12]|this|{}|0x64d3f16b
18:09:43.1 (136978142)|STATEMENT_EXECUTE|[12]
18:09:43.1 (136978981)|STATEMENT_EXECUTE|[13]
18:09:43.1 (136979758)|STATEMENT_EXECUTE|[14]
18:09:43.1 (136980548)|STATEMENT_EXECUTE|[15]
18:09:43.1 (136981315)|STATEMENT_EXECUTE|[16]
18:09:43.1 (136982142)|STATEMENT_EXECUTE|[17]
18:09:43.1 (136982896)|STATEMENT_EXECUTE|[18]
18:09:43.1 (136983670)|STATEMENT_EXECUTE|[19]
18:09:43.1 (136984436)|STATEMENT_EXECUTE|[20]
18:09:43.1 (136985264)|STATEMENT_EXECUTE|[21]
18:09:43.1 (136986070)|STATEMENT_EXECUTE|[22]
18:09:43.1 (136987385)|CONSTRUCTOR_EXIT|[56]|01pBK000001RGBP|<init>()|JobCardsController.JobWrapper
18:09:43.1 (136990213)|VARIABLE_SCOPE_BEGIN|[56]|wrapper|JobCardsController.JobWrapper|true|false
18:09:43.1 (136996785)|VARIABLE_ASSIGNMENT|[56]|wrapper|{}|0x64d3f16b
18:09:43.1 (136999404)|STATEMENT_EXECUTE|[57]
18:09:43.1 (137020332)|VARIABLE_ASSIGNMENT|[57]|this.Id|"a0KBK00000Gexcy2AB"|0x64d3f16b
18:09:43.1 (137023718)|STATEMENT_EXECUTE|[58]
18:09:43.1 (137028258)|VARIABLE_ASSIGNMENT|[58]|this.JobPosition|"テスト407求人タイトル求人タイトル求人 (28 more) ..."|0x64d3f16b
18:09:43.1 (137031474)|STATEMENT_EXECUTE|[59]
18:09:43.1 (137034377)|VARIABLE_ASSIGNMENT|[59]|this.WorkLocation2|null|0x64d3f16b
18:09:43.1 (137036767)|STATEMENT_EXECUTE|[60]
18:09:43.1 (137039681)|VARIABLE_ASSIGNMENT|[60]|this.JobCategory1|"営業系"|0x64d3f16b
18:09:43.1 (137042305)|STATEMENT_EXECUTE|[61]
18:09:43.1 (137046452)|VARIABLE_ASSIGNMENT|[61]|this.MaxAnnualSalary|450|0x64d3f16b
18:09:43.1 (137048950)|STATEMENT_EXECUTE|[62]
18:09:43.1 (137052128)|VARIABLE_ASSIGNMENT|[62]|this.MinAnnualSalary|350|0x64d3f16b
18:09:43.1 (137054655)|STATEMENT_EXECUTE|[63]
18:09:43.1 (137058198)|VARIABLE_ASSIGNMENT|[63]|this.JobDescription|"テスト407仕事内容仕事内容仕事内容仕事 (30 more) ..."|0x64d3f16b
18:09:43.1 (137061072)|STATEMENT_EXECUTE|[64]
18:09:43.1 (137067207)|VARIABLE_ASSIGNMENT|[64]|this.LastModifiedDate|"2026-02-05T00:49:22.000Z"|0x64d3f16b
18:09:43.1 (137069652)|STATEMENT_EXECUTE|[65]
18:09:43.1 (137074413)|VARIABLE_ASSIGNMENT|[65]|this.LastViewedDate|"2026-03-18T09:45:42.000Z"|0x64d3f16b
18:09:43.1 (137076860)|STATEMENT_EXECUTE|[66]
18:09:43.1 (137083179)|HEAP_ALLOCATE|[66]|Bytes:5
18:09:43.1 (137086290)|VARIABLE_ASSIGNMENT|[66]|this.IsFavorite|false|0x64d3f16b
18:09:43.1 (137088660)|STATEMENT_EXECUTE|[67]
18:09:43.1 (137091291)|HEAP_ALLOCATE|[EXTERNAL]|Bytes:4
18:09:43.1 (137097502)|HEAP_ALLOCATE|[55]|Bytes:5
18:09:43.1 (137102770)|VARIABLE_ASSIGNMENT|[55]|j|null|
18:09:43.1 (137106460)|STATEMENT_EXECUTE|[69]
18:09:43.137 (137166235)|CUMULATIVE_LIMIT_USAGE
18:09:43.137 (137166235)|LIMIT_USAGE_FOR_NS|(default)|
  Number of SOQL queries: 2 out of 100
  Number of query rows: 14 out of 50000
  Number of SOSL queries: 0 out of 20
  Number of DML statements: 0 out of 150
  Number of Publish Immediate DML: 0 out of 150
  Number of DML rows: 0 out of 10000
  Maximum CPU time: 0 out of 10000
  Maximum heap size: 0 out of 6000000
  Number of callouts: 0 out of 100
  Number of Email Invocations: 0 out of 10
  Number of future calls: 0 out of 50
  Number of queueable jobs added to the queue: 0 out of 50
  Number of Mobile Apex push calls: 0 out of 10

18:09:43.137 (137166235)|CUMULATIVE_LIMIT_USAGE_END

18:09:43.1 (137215368)|CODE_UNIT_FINISHED|JobCardsController.getJobs()
18:09:43.1 (137478262)|CODE_UNIT_FINISHED|apex://JobCardsController/ACTION$getJobs
18:09:43.1 (137486897)|EXECUTION_FINISHED
