66.0 APEX_CODE,FINEST;APEX_PROFILING,INFO;CALLOUT,INFO;DATA_ACCESS,INFO;DB,INFO;NBA,INFO;SYSTEM,DEBUG;VALIDATION,INFO;VISUALFORCE,INFO;WAVE,INFO;WORKFLOW,INFO
12:32:46.0 (181465)|USER_INFO|[EXTERNAL]|005BK00000Ilvi1|foryoze@owleyes.ch.hurex|(GMT+09:00) 日本標準時 (Asia/Tokyo)|GMT+09:00
12:32:46.0 (212410)|EXECUTION_STARTED
12:32:46.0 (218227)|CODE_UNIT_STARTED|[EXTERNAL]|apex://CustomNavigationMenuController/ACTION$getBadgeCounts
12:32:46.0 (766139)|CODE_UNIT_STARTED|[EXTERNAL]|01pBK000001nWSn|CustomNavigationMenuController.getBadgeCounts()
12:32:46.0 (949823)|HEAP_ALLOCATE|[95]|Bytes:3
12:32:46.0 (1009048)|HEAP_ALLOCATE|[100]|Bytes:152
12:32:46.0 (1045203)|HEAP_ALLOCATE|[417]|Bytes:408
12:32:46.0 (1060740)|HEAP_ALLOCATE|[430]|Bytes:408
12:32:46.0 (1086950)|HEAP_ALLOCATE|[317]|Bytes:6
12:32:46.0 (1101103)|HEAP_ALLOCATE|[EXTERNAL]|Bytes:1
12:32:46.0 (1105561)|HEAP_ALLOCATE|[EXTERNAL]|Bytes:2
12:32:46.0 (1115192)|METHOD_ENTRY|[1]|01pBK000001nWSn|CustomNavigationMenuController.CustomNavigationMenuController()
12:32:46.0 (1120084)|STATEMENT_EXECUTE|[1]
12:32:46.0 (1124486)|STATEMENT_EXECUTE|[1]
12:32:46.0 (1143471)|HEAP_ALLOCATE|[68]|Bytes:5
12:32:46.0 (1164046)|HEAP_ALLOCATE|[74]|Bytes:5
12:32:46.0 (1170602)|HEAP_ALLOCATE|[82]|Bytes:7
12:32:46.0 (1323434)|HEAP_ALLOCATE|[EXTERNAL]|Bytes:5
12:32:46.0 (1334525)|METHOD_EXIT|[1]|CustomNavigationMenuController
12:32:46.0 (1343893)|HEAP_ALLOCATE|[4]|Bytes:5
12:32:46.0 (1353533)|STATEMENT_EXECUTE|[3]
12:32:46.0 (1354878)|STATEMENT_EXECUTE|[4]
12:32:46.0 (1367079)|HEAP_ALLOCATE|[4]|Bytes:4
12:32:46.0 (1376503)|HEAP_ALLOCATE|[5]|Bytes:7
12:32:46.0 (1421186)|HEAP_ALLOCATE|[4]|Bytes:4
12:32:46.0 (1430009)|HEAP_ALLOCATE|[6]|Bytes:4
12:32:46.0 (1434118)|HEAP_ALLOCATE|[4]|Bytes:4
12:32:46.0 (1438978)|VARIABLE_SCOPE_BEGIN|[4]|results|Map<String,Integer>|true|false
12:32:46.0 (1508738)|VARIABLE_ASSIGNMENT|[4]|results|{"process":0,"like":0}|0x500b2efc
12:32:46.0 (1551806)|HEAP_ALLOCATE|[10]|Bytes:9
12:32:46.0 (1558827)|SYSTEM_METHOD_ENTRY|[1]|CommunitiesUtil.CommunitiesUtil()
12:32:46.0 (1560858)|STATEMENT_EXECUTE|[1]
12:32:46.0 (1565000)|SYSTEM_METHOD_EXIT|[1]|CommunitiesUtil
12:32:46.0 (1573125)|METHOD_ENTRY|[10]||Auth.CommunitiesUtil.isGuestUser()
12:32:46.0 (1612710)|METHOD_EXIT|[10]||Auth.CommunitiesUtil.isGuestUser()
12:32:46.0 (1616316)|STATEMENT_EXECUTE|[10]
12:32:46.0 (1617594)|STATEMENT_EXECUTE|[14]
12:32:46.0 (1618390)|STATEMENT_EXECUTE|[14]
12:32:46.0 (1619210)|STATEMENT_EXECUTE|[16]
12:32:46.0 (1670690)|HEAP_ALLOCATE|[16]|Bytes:105
12:32:46.0 (1675503)|SYSTEM_METHOD_ENTRY|[1]|UserInfo.UserInfo()
12:32:46.0 (1677274)|STATEMENT_EXECUTE|[1]
12:32:46.0 (1679550)|SYSTEM_METHOD_EXIT|[1]|UserInfo
12:32:46.0 (1683515)|METHOD_ENTRY|[16]||System.UserInfo.getUserId()
12:32:46.0 (5990960)|METHOD_EXIT|[16]||System.UserInfo.getUserId()
12:32:46.0 (6112570)|HEAP_ALLOCATE|[16]|Bytes:4
12:32:46.0 (6119964)|VARIABLE_SCOPE_BEGIN|[16]|currentUserId|Id|false|false
12:32:46.0 (6356812)|VARIABLE_ASSIGNMENT|[16]|currentUserId|"005BK00000Ilvi1YAB"
12:32:46.0 (6361752)|STATEMENT_EXECUTE|[20]
12:32:46.0 (6366429)|HEAP_ALLOCATE|[20]|Bytes:78
12:32:46.0 (6383309)|HEAP_ALLOCATE|[20]|Bytes:4
12:32:46.0 (7064850)|SOQL_EXECUTE_BEGIN|[20]|Aggregations:0|SELECT COUNT() FROM SelectionProcess__c WHERE LatestProcessStatus__c = 'JOB打診'
12:32:46.0 (22327561)|SOQL_EXECUTE_END|[20]|Rows:0
12:32:46.0 (22396956)|HEAP_ALLOCATE|[20]|Bytes:4
12:32:46.0 (22445026)|HEAP_ALLOCATE|[20]|Bytes:4
12:32:46.0 (22467064)|STATEMENT_EXECUTE|[27]
12:32:46.0 (22475767)|HEAP_ALLOCATE|[27]|Bytes:63
12:32:46.0 (22498750)|HEAP_ALLOCATE|[27]|Bytes:4
12:32:46.0 (22971661)|SOQL_EXECUTE_BEGIN|[27]|Aggregations:0|SELECT COUNT() FROM InterestedJob__c WHERE IsArchive__c = FALSE
12:32:46.0 (34589435)|SOQL_EXECUTE_END|[27]|Rows:9
12:32:46.0 (34646011)|HEAP_ALLOCATE|[27]|Bytes:4
12:32:46.0 (34685655)|HEAP_ALLOCATE|[27]|Bytes:4
12:32:46.0 (34704888)|STATEMENT_EXECUTE|[36]
12:32:46.34 (34769808)|CUMULATIVE_LIMIT_USAGE
12:32:46.34 (34769808)|LIMIT_USAGE_FOR_NS|(default)|
  Number of SOQL queries: 2 out of 100
  Number of query rows: 2 out of 50000
  Number of SOSL queries: 0 out of 20
  Number of DML statements: 0 out of 0
  Number of Publish Immediate DML: 0 out of 150
  Number of DML rows: 0 out of 10000
  Maximum CPU time: 0 out of 10000
  Maximum heap size: 0 out of 6000000
  Number of callouts: 0 out of 100
  Number of Email Invocations: 0 out of 10
  Number of future calls: 0 out of 50
  Number of queueable jobs added to the queue: 0 out of 50
  Number of Mobile Apex push calls: 0 out of 10

12:32:46.34 (34769808)|CUMULATIVE_LIMIT_USAGE_END

12:32:46.0 (34807866)|CODE_UNIT_FINISHED|CustomNavigationMenuController.getBadgeCounts()
12:32:46.0 (34978206)|CODE_UNIT_FINISHED|apex://CustomNavigationMenuController/ACTION$getBadgeCounts
12:32:46.0 (34984768)|EXECUTION_FINISHED
