66.0 APEX_CODE,FINEST;APEX_PROFILING,INFO;CALLOUT,INFO;DATA_ACCESS,INFO;DB,INFO;NBA,INFO;SYSTEM,DEBUG;VALIDATION,INFO;VISUALFORCE,INFO;WAVE,INFO;WORKFLOW,INFO
15:56:43.1 (1578454)|USER_INFO|[EXTERNAL]|0057F0000042UBb|ishibashi@hurex.co.jp.dev1|(GMT+09:00) 日本標準時 (Asia/Tokyo)|GMT+09:00
15:56:43.1 (1612648)|EXECUTION_STARTED
15:56:43.1 (1621921)|CODE_UNIT_STARTED|[EXTERNAL]|apex://CustomNotificationController/ACTION$getNotifications
15:56:43.1 (4288262)|CODE_UNIT_STARTED|[EXTERNAL]|01pBK000001VvEL|CustomNotificationController.getNotifications(String)
15:56:43.1 (7082204)|HEAP_ALLOCATE|[95]|Bytes:3
15:56:43.1 (7182562)|HEAP_ALLOCATE|[100]|Bytes:152
15:56:43.1 (7197080)|HEAP_ALLOCATE|[417]|Bytes:408
15:56:43.1 (7206908)|HEAP_ALLOCATE|[430]|Bytes:408
15:56:43.1 (7226659)|HEAP_ALLOCATE|[317]|Bytes:6
15:56:43.1 (7284806)|HEAP_ALLOCATE|[EXTERNAL]|Bytes:7
15:56:43.1 (7295177)|METHOD_ENTRY|[1]|01pBK000001VvEL|CustomNotificationController.CustomNotificationController()
15:56:43.1 (7299717)|STATEMENT_EXECUTE|[1]
15:56:43.1 (7304282)|STATEMENT_EXECUTE|[1]
15:56:43.1 (7323009)|HEAP_ALLOCATE|[68]|Bytes:5
15:56:43.1 (7345261)|HEAP_ALLOCATE|[74]|Bytes:5
15:56:43.1 (7350113)|HEAP_ALLOCATE|[82]|Bytes:7
15:56:43.1 (7615659)|HEAP_ALLOCATE|[EXTERNAL]|Bytes:5
15:56:43.1 (7632464)|METHOD_EXIT|[1]|CustomNotificationController
15:56:43.1 (7640156)|VARIABLE_SCOPE_BEGIN|[5]|before|String|false|false
15:56:43.1 (7665500)|VARIABLE_ASSIGNMENT|[5]|before|null
15:56:43.1 (7675690)|HEAP_ALLOCATE|[6]|Bytes:5
15:56:43.1 (7678310)|STATEMENT_EXECUTE|[5]
15:56:43.1 (7679226)|STATEMENT_EXECUTE|[6]
15:56:43.1 (7707067)|VARIABLE_SCOPE_BEGIN|[6]|req|System.HttpRequest|true|false
15:56:43.1 (7903385)|VARIABLE_ASSIGNMENT|[6]|req|"System.HttpRequest[Endpoint=null, Method=null]"|0x42ea4a13
15:56:43.1 (7908409)|STATEMENT_EXECUTE|[7]
15:56:43.1 (7911205)|HEAP_ALLOCATE|[7]|Bytes:3
15:56:43.1 (7992687)|STATEMENT_EXECUTE|[8]
15:56:43.1 (7994088)|HEAP_ALLOCATE|[8]|Bytes:13
15:56:43.1 (7997145)|HEAP_ALLOCATE|[8]|Bytes:7
15:56:43.1 (8038714)|HEAP_ALLOCATE|[8]|Bytes:105
15:56:43.1 (8046744)|SYSTEM_METHOD_ENTRY|[1]|UserInfo.UserInfo()
15:56:43.1 (8048773)|STATEMENT_EXECUTE|[1]
15:56:43.1 (8053454)|SYSTEM_METHOD_EXIT|[1]|UserInfo
15:56:43.1 (8076189)|METHOD_ENTRY|[8]||System.UserInfo.getSessionId()
15:56:43.1 (14441524)|METHOD_EXIT|[8]||System.UserInfo.getSessionId()
15:56:43.1 (14479391)|HEAP_ALLOCATE|[8]|Bytes:119
15:56:43.1 (14538560)|STATEMENT_EXECUTE|[10]
15:56:43.1 (14619727)|HEAP_ALLOCATE|[10]|Bytes:67
15:56:43.1 (14631919)|SYSTEM_METHOD_ENTRY|[1]|Url.Url()
15:56:43.1 (14633907)|STATEMENT_EXECUTE|[1]
15:56:43.1 (14641971)|SYSTEM_METHOD_EXIT|[1]|Url
15:56:43.1 (14653270)|METHOD_ENTRY|[10]||System.Url.getOrgDomainUrl()
15:56:43.1 (14903768)|METHOD_EXIT|[10]||System.Url.getOrgDomainUrl()
15:56:43.1 (14918690)|METHOD_ENTRY|[10]||System.Url.toExternalForm()
15:56:43.1 (14950657)|METHOD_EXIT|[10]||System.Url.toExternalForm()
15:56:43.1 (14954465)|VARIABLE_SCOPE_BEGIN|[10]|domainPath|String|false|false
15:56:43.1 (14972695)|VARIABLE_ASSIGNMENT|[10]|domainPath|"https://hurex--dev1. (25 more) ..."
15:56:43.1 (14975787)|STATEMENT_EXECUTE|[11]
15:56:43.1 (14978409)|HEAP_ALLOCATE|[11]|Bytes:50
15:56:43.1 (14986142)|HEAP_ALLOCATE|[11]|Bytes:95
15:56:43.1 (14989834)|VARIABLE_SCOPE_BEGIN|[11]|endpoint|String|false|false
15:56:43.1 (14998482)|VARIABLE_ASSIGNMENT|[11]|endpoint|"https://hurex--dev1. (75 more) ..."
15:56:43.1 (15044655)|STATEMENT_EXECUTE|[13]
15:56:43.1 (15046681)|STATEMENT_EXECUTE|[16]
15:56:43.1 (15073329)|STATEMENT_EXECUTE|[18]
15:56:43.1 (15093346)|VARIABLE_SCOPE_BEGIN|[18]|http|System.Http|true|false
15:56:43.1 (15194404)|VARIABLE_ASSIGNMENT|[18]|http|"System.Http[]"|0x6172dcfc
15:56:43.1 (15198482)|STATEMENT_EXECUTE|[19]
15:56:43.1 (15284548)|CALLOUT_REQUEST|[19]|System.HttpRequest[Endpoint=https://hurex--dev1.sandbox.my.salesforce.com/services/data/v56.0/connect/notifications?size=20, Method=GET]
15:56:43.1 (249928675)|HEAP_ALLOCATE|[EXTERNAL]|Bytes:15126
15:56:43.1 (253554949)|CALLOUT_RESPONSE|[19]|System.HttpResponse[Status=OK, StatusCode=200]
15:56:43.1 (253588781)|HEAP_ALLOCATE|[19]|Bytes:14281
15:56:43.1 (253618357)|VARIABLE_SCOPE_BEGIN|[19]|res|System.HttpResponse|true|false
15:56:43.1 (253676930)|VARIABLE_ASSIGNMENT|[19]|res|"System.HttpResponse[Status=OK, StatusCode=200]"|0x5253c3d4
15:56:43.1 (253740432)|STATEMENT_EXECUTE|[21]
15:56:43.1 (253741631)|STATEMENT_EXECUTE|[22]
15:56:43.1 (254350895)|HEAP_ALLOCATE|[22]|Bytes:13995
15:56:43.254 (254392244)|CUMULATIVE_LIMIT_USAGE
15:56:43.254 (254392244)|LIMIT_USAGE_FOR_NS|(default)|
  Number of SOQL queries: 0 out of 100
  Number of query rows: 0 out of 50000
  Number of SOSL queries: 0 out of 20
  Number of DML statements: 0 out of 150
  Number of Publish Immediate DML: 0 out of 150
  Number of DML rows: 0 out of 10000
  Maximum CPU time: 0 out of 10000
  Maximum heap size: 0 out of 6000000
  Number of callouts: 1 out of 100
  Number of Email Invocations: 0 out of 10
  Number of future calls: 0 out of 50
  Number of queueable jobs added to the queue: 0 out of 50
  Number of Mobile Apex push calls: 0 out of 10

15:56:43.254 (254392244)|CUMULATIVE_LIMIT_USAGE_END

15:56:43.1 (254424948)|CODE_UNIT_FINISHED|CustomNotificationController.getNotifications(String)
15:56:43.1 (254576167)|CODE_UNIT_FINISHED|apex://CustomNotificationController/ACTION$getNotifications
15:56:43.1 (254581264)|EXECUTION_FINISHED
