66.0 APEX_CODE,FINEST;APEX_PROFILING,INFO;CALLOUT,INFO;DATA_ACCESS,INFO;DB,INFO;NBA,INFO;SYSTEM,DEBUG;VALIDATION,INFO;VISUALFORCE,INFO;WAVE,INFO;WORKFLOW,INFO
12:00:20.0 (201523)|USER_INFO|[EXTERNAL]|0057F0000042UBb|ishibashi@hurex.co.jp.dev1|(GMT+09:00) 日本標準時 (Asia/Tokyo)|GMT+09:00
12:00:20.0 (236986)|EXECUTION_STARTED
12:00:20.0 (246166)|CODE_UNIT_STARTED|[EXTERNAL]|apex://PicklistController/ACTION$getPicklistOptions
12:00:20.0 (1771593)|CODE_UNIT_STARTED|[EXTERNAL]|01pBK000001iHe5|PicklistController.getPicklistOptions(String, String)
12:00:20.0 (1993911)|HEAP_ALLOCATE|[95]|Bytes:3
12:00:20.0 (2063738)|HEAP_ALLOCATE|[100]|Bytes:152
12:00:20.0 (2102759)|HEAP_ALLOCATE|[417]|Bytes:408
12:00:20.0 (2117551)|HEAP_ALLOCATE|[430]|Bytes:408
12:00:20.0 (2137523)|HEAP_ALLOCATE|[317]|Bytes:6
12:00:20.0 (2181760)|HEAP_ALLOCATE|[EXTERNAL]|Bytes:1
12:00:20.0 (2191568)|METHOD_ENTRY|[1]|01pBK000001iHe5|PicklistController.PicklistController()
12:00:20.0 (2197957)|STATEMENT_EXECUTE|[1]
12:00:20.0 (2202918)|STATEMENT_EXECUTE|[1]
12:00:20.0 (2218630)|HEAP_ALLOCATE|[68]|Bytes:5
12:00:20.0 (2236867)|HEAP_ALLOCATE|[74]|Bytes:5
12:00:20.0 (2241193)|HEAP_ALLOCATE|[82]|Bytes:7
12:00:20.0 (2416201)|HEAP_ALLOCATE|[EXTERNAL]|Bytes:5
12:00:20.0 (2428217)|METHOD_EXIT|[1]|PicklistController
12:00:20.0 (2433388)|HEAP_ALLOCATE|[EXTERNAL]|Bytes:7
12:00:20.0 (2436616)|HEAP_ALLOCATE|[EXTERNAL]|Bytes:25
12:00:20.0 (2441693)|VARIABLE_SCOPE_BEGIN|[3]|objectName|String|false|false
12:00:20.0 (2476174)|VARIABLE_ASSIGNMENT|[3]|objectName|"Account"
12:00:20.0 (2480939)|VARIABLE_SCOPE_BEGIN|[3]|fieldName|String|false|false
12:00:20.0 (2490078)|VARIABLE_ASSIGNMENT|[3]|fieldName|"PreferredWorkLocatio (5 more) ..."
12:00:20.0 (2500319)|HEAP_ALLOCATE|[4]|Bytes:5
12:00:20.0 (2503643)|STATEMENT_EXECUTE|[3]
12:00:20.0 (2504978)|STATEMENT_EXECUTE|[4]
12:00:20.0 (2547037)|HEAP_ALLOCATE|[4]|Bytes:4
12:00:20.0 (2586018)|VARIABLE_SCOPE_BEGIN|[4]|options|List<Map<String,String>>|true|false
12:00:20.0 (2618053)|HEAP_ALLOCATE|[EXTERNAL]|Bytes:4
12:00:20.0 (2630004)|VARIABLE_ASSIGNMENT|[4]|options|[]|0x38ccc8f8
12:00:20.0 (2633253)|STATEMENT_EXECUTE|[5]
12:00:20.0 (123934421)|HEAP_ALLOCATE|[5]|Bytes:5300
12:00:20.0 (123969854)|VARIABLE_SCOPE_BEGIN|[5]|globalDescribe|Map<String,Schema.SObjectType>|true|false
12:00:20.0 (124789037)|VARIABLE_ASSIGNMENT|[5]|globalDescribe|"{acceptedeventrelation=AcceptedEventRelation, account=Account, accountbrand=AccountBrand, accountbrandshare=AccountBrandShare, accountchangeevent=AccountChangeEvent, accountcontactrole=AccountContactRole, accountcontactrolechangeevent=AccountContactRoleChangeEvent, accountfeed=AccountFeed, accounthistory=AccountHistory, accountpartner=AccountPartner, ...}"|0x2dc6218f
12:00:20.0 (124817058)|STATEMENT_EXECUTE|[6]
12:00:20.0 (124904669)|VARIABLE_SCOPE_BEGIN|[6]|objType|Schema.SObjectType|true|false
12:00:20.0 (124991363)|VARIABLE_ASSIGNMENT|[6]|objType|"common.apex.runtime.impl.ApexSObjectTypeToken@2892db79"|0x2892db79
12:00:20.0 (124998340)|STATEMENT_EXECUTE|[7]
12:00:20.0 (124999957)|STATEMENT_EXECUTE|[10]
12:00:20.0 (128730365)|HEAP_ALLOCATE|[10]|Bytes:4
12:00:20.0 (138695845)|HEAP_ALLOCATE|[10]|Bytes:1552
12:00:20.0 (138728397)|VARIABLE_SCOPE_BEGIN|[10]|fieldMap|Map<String,Schema.SObjectField>|true|false
12:00:20.0 (139138788)|VARIABLE_ASSIGNMENT|[10]|fieldMap|"{accountnumber=AccountNumber, accountsource=AccountSource, addressfurigana__c=AddressFurigana__c, addressmemo__c=AddressMemo__c, age__pc=Age__pc, agentusagestatus__pc=AgentUsageStatus__pc, annualhiringtarget__c=AnnualHiringTarget__c, annualrevenue=AnnualRevenue, annualrevenue__c=AnnualRevenue__c, aobampmemo__c=AobaMpMemo__c, ...}"|0x37860d3b
12:00:20.0 (139154262)|STATEMENT_EXECUTE|[11]
12:00:20.0 (139238401)|VARIABLE_SCOPE_BEGIN|[11]|field|Schema.SObjectField|true|false
12:00:20.0 (139332528)|VARIABLE_ASSIGNMENT|[11]|field|"common.apex.runtime.impl.ApexFieldToken@52f09e04"|0x52f09e04
12:00:20.0 (139340826)|STATEMENT_EXECUTE|[12]
12:00:20.0 (139342787)|STATEMENT_EXECUTE|[16]
12:00:20.0 (139385673)|SYSTEM_MODE_ENTER|true
12:00:20.0 (157527042)|HEAP_ALLOCATE|[EXTERNAL]|Bytes:4
12:00:20.0 (157615561)|HEAP_ALLOCATE|[16]|Bytes:8
12:00:20.0 (157637382)|VARIABLE_SCOPE_BEGIN|[16]|fieldDescribe|Schema.DescribeFieldResult|true|false
12:00:20.0 (160381355)|VARIABLE_ASSIGNMENT|[16]|fieldDescribe|"common.api.soap.wsdl.Field@91c263d9"|0x5aa62b18
12:00:20.0 (161149866)|HEAP_ALLOCATE|[17]|Bytes:16
12:00:20.0 (161254245)|STATEMENT_EXECUTE|[17]
12:00:20.0 (161256683)|STATEMENT_EXECUTE|[22]
12:00:20.0 (161287398)|HEAP_ALLOCATE|[EXTERNAL]|Bytes:200
12:00:20.0 (161340463)|HEAP_ALLOCATE|[22]|Bytes:200
12:00:20.0 (161349525)|VARIABLE_SCOPE_BEGIN|[22]|picklistEntries|List<Schema.PicklistEntry>|true|false
12:00:20.0 (161371112)|VARIABLE_ASSIGNMENT|[22]|picklistEntries|"List of size 49 too large to display"|0x6807bfb5
12:00:20.0 (161520353)|HEAP_ALLOCATE|[24]|Bytes:5
12:00:20.0 (161535189)|HEAP_ALLOCATE|[24]|Bytes:4
12:00:20.0 (161540508)|VARIABLE_SCOPE_BEGIN|[24]|entry|Schema.PicklistEntry|true|false
12:00:20.0 (161554327)|VARIABLE_ASSIGNMENT|[24]|entry|北海道|0x532d6d8f
12:00:20.0 (161560218)|STATEMENT_EXECUTE|[24]
12:00:20.0 (161569967)|STATEMENT_EXECUTE|[25]
12:00:20.0 (161570858)|STATEMENT_EXECUTE|[26]
12:00:20.0 (161583329)|HEAP_ALLOCATE|[26]|Bytes:4
12:00:20.0 (161592473)|HEAP_ALLOCATE|[27]|Bytes:5
12:00:20.0 (161600275)|HEAP_ALLOCATE|[27]|Bytes:3
12:00:20.0 (161624135)|HEAP_ALLOCATE|[28]|Bytes:5
12:00:20.0 (161629250)|HEAP_ALLOCATE|[28]|Bytes:3
12:00:20.0 (161645926)|HEAP_ALLOCATE|[EXTERNAL]|Bytes:4
12:00:20.0 (161653348)|HEAP_ALLOCATE|[24]|Bytes:5
12:00:20.0 (161658266)|HEAP_ALLOCATE|[24]|Bytes:4
12:00:20.0 (161661258)|VARIABLE_SCOPE_BEGIN|[24]|entry|Schema.PicklistEntry|true|false
12:00:20.0 (161666999)|VARIABLE_ASSIGNMENT|[24]|entry|青森県|0x34ca8be6
12:00:20.0 (161670219)|STATEMENT_EXECUTE|[24]
12:00:20.0 (161672418)|STATEMENT_EXECUTE|[25]
12:00:20.0 (161673253)|STATEMENT_EXECUTE|[26]
12:00:20.0 (161676912)|HEAP_ALLOCATE|[26]|Bytes:4
12:00:20.0 (161680464)|HEAP_ALLOCATE|[27]|Bytes:3
12:00:20.0 (161686213)|HEAP_ALLOCATE|[28]|Bytes:3
12:00:20.0 (161692102)|HEAP_ALLOCATE|[EXTERNAL]|Bytes:4
12:00:20.0 (161696972)|HEAP_ALLOCATE|[24]|Bytes:5
12:00:20.0 (161700817)|HEAP_ALLOCATE|[24]|Bytes:4
12:00:20.0 (161703301)|VARIABLE_SCOPE_BEGIN|[24]|entry|Schema.PicklistEntry|true|false
12:00:20.0 (161707666)|VARIABLE_ASSIGNMENT|[24]|entry|岩手県|0x62edb92
12:00:20.0 (161710569)|STATEMENT_EXECUTE|[24]
12:00:20.0 (161712324)|STATEMENT_EXECUTE|[25]
12:00:20.0 (161713119)|STATEMENT_EXECUTE|[26]
12:00:20.0 (161716053)|HEAP_ALLOCATE|[26]|Bytes:4
12:00:20.0 (161719038)|HEAP_ALLOCATE|[27]|Bytes:3
12:00:20.0 (161724041)|HEAP_ALLOCATE|[28]|Bytes:3
12:00:20.0 (161729640)|HEAP_ALLOCATE|[EXTERNAL]|Bytes:4
12:00:20.0 (161734170)|HEAP_ALLOCATE|[24]|Bytes:5
12:00:20.0 (161737859)|HEAP_ALLOCATE|[24]|Bytes:4
12:00:20.0 (161740239)|VARIABLE_SCOPE_BEGIN|[24]|entry|Schema.PicklistEntry|true|false
12:00:20.0 (161744738)|VARIABLE_ASSIGNMENT|[24]|entry|宮城県|0x1439a642
12:00:20.0 (161747553)|STATEMENT_EXECUTE|[24]
12:00:20.0 (161749113)|STATEMENT_EXECUTE|[25]
12:00:20.0 (161749952)|STATEMENT_EXECUTE|[26]
12:00:20.0 (161752639)|HEAP_ALLOCATE|[26]|Bytes:4
12:00:20.0 (161755531)|HEAP_ALLOCATE|[27]|Bytes:3
12:00:20.0 (161760226)|HEAP_ALLOCATE|[28]|Bytes:3
12:00:20.0 (161765555)|HEAP_ALLOCATE|[EXTERNAL]|Bytes:4
12:00:20.0 (161770008)|HEAP_ALLOCATE|[24]|Bytes:5
12:00:20.0 (161773802)|HEAP_ALLOCATE|[24]|Bytes:4
12:00:20.0 (161776033)|VARIABLE_SCOPE_BEGIN|[24]|entry|Schema.PicklistEntry|true|false
12:00:20.0 (161780515)|VARIABLE_ASSIGNMENT|[24]|entry|秋田県|0x2c40e05f
12:00:20.0 (161783067)|STATEMENT_EXECUTE|[24]
12:00:20.0 (161784579)|STATEMENT_EXECUTE|[25]
12:00:20.0 (161785412)|STATEMENT_EXECUTE|[26]
12:00:20.0 (161788063)|HEAP_ALLOCATE|[26]|Bytes:4
12:00:20.0 (161790872)|HEAP_ALLOCATE|[27]|Bytes:3
12:00:20.0 (161795671)|HEAP_ALLOCATE|[28]|Bytes:3
12:00:20.0 (161800903)|HEAP_ALLOCATE|[EXTERNAL]|Bytes:4
12:00:20.0 (161805288)|HEAP_ALLOCATE|[24]|Bytes:5
12:00:20.0 (161808959)|HEAP_ALLOCATE|[24]|Bytes:4
12:00:20.0 (161811299)|VARIABLE_SCOPE_BEGIN|[24]|entry|Schema.PicklistEntry|true|false
12:00:20.0 (161815483)|VARIABLE_ASSIGNMENT|[24]|entry|山形県|0x4c35db8a
12:00:20.0 (161818118)|STATEMENT_EXECUTE|[24]
12:00:20.0 (161819652)|STATEMENT_EXECUTE|[25]
12:00:20.0 (161820474)|STATEMENT_EXECUTE|[26]
12:00:20.0 (161823126)|HEAP_ALLOCATE|[26]|Bytes:4
12:00:20.0 (161825908)|HEAP_ALLOCATE|[27]|Bytes:3
12:00:20.0 (161830553)|HEAP_ALLOCATE|[28]|Bytes:3
12:00:20.0 (161835704)|HEAP_ALLOCATE|[EXTERNAL]|Bytes:4
12:00:20.0 (161840046)|HEAP_ALLOCATE|[24]|Bytes:5
12:00:20.0 (161843688)|HEAP_ALLOCATE|[24]|Bytes:4
12:00:20.0 (161845920)|VARIABLE_SCOPE_BEGIN|[24]|entry|Schema.PicklistEntry|true|false
12:00:20.0 (161850347)|VARIABLE_ASSIGNMENT|[24]|entry|福島県|0x3cb76bd5
12:00:20.0 (161853014)|STATEMENT_EXECUTE|[24]
12:00:20.0 (161854619)|STATEMENT_EXECUTE|[25]
12:00:20.0 (161855468)|STATEMENT_EXECUTE|[26]
12:00:20.0 (161858089)|HEAP_ALLOCATE|[26]|Bytes:4
12:00:20.0 (161860884)|HEAP_ALLOCATE|[27]|Bytes:3
12:00:20.0 (161865566)|HEAP_ALLOCATE|[28]|Bytes:3
12:00:20.0 (161870716)|HEAP_ALLOCATE|[EXTERNAL]|Bytes:4
12:00:20.0 (161875173)|HEAP_ALLOCATE|[24]|Bytes:5
12:00:20.0 (161878874)|HEAP_ALLOCATE|[24]|Bytes:4
12:00:20.0 (161881091)|VARIABLE_SCOPE_BEGIN|[24]|entry|Schema.PicklistEntry|true|false
12:00:20.0 (161885084)|VARIABLE_ASSIGNMENT|[24]|entry|茨城県|0x65e5d1b7
12:00:20.0 (161887786)|STATEMENT_EXECUTE|[24]
12:00:20.0 (161889377)|STATEMENT_EXECUTE|[25]
12:00:20.0 (161890184)|STATEMENT_EXECUTE|[26]
12:00:20.0 (161892842)|HEAP_ALLOCATE|[26]|Bytes:4
12:00:20.0 (161895475)|HEAP_ALLOCATE|[27]|Bytes:3
12:00:20.0 (161900424)|HEAP_ALLOCATE|[28]|Bytes:3
12:00:20.0 (161905574)|HEAP_ALLOCATE|[EXTERNAL]|Bytes:4
12:00:20.0 (161909971)|HEAP_ALLOCATE|[24]|Bytes:5
12:00:20.0 (161913609)|HEAP_ALLOCATE|[24]|Bytes:4
12:00:20.0 (161915882)|VARIABLE_SCOPE_BEGIN|[24]|entry|Schema.PicklistEntry|true|false
12:00:20.0 (161920104)|VARIABLE_ASSIGNMENT|[24]|entry|栃木県|0x4e0c874c
12:00:20.0 (161922732)|STATEMENT_EXECUTE|[24]
12:00:20.0 (161924259)|STATEMENT_EXECUTE|[25]
12:00:20.0 (161925092)|STATEMENT_EXECUTE|[26]
12:00:20.0 (161927686)|HEAP_ALLOCATE|[26]|Bytes:4
12:00:20.0 (161930288)|HEAP_ALLOCATE|[27]|Bytes:3
12:00:20.0 (161934938)|HEAP_ALLOCATE|[28]|Bytes:3
12:00:20.0 (161940134)|HEAP_ALLOCATE|[EXTERNAL]|Bytes:4
12:00:20.0 (161944369)|HEAP_ALLOCATE|[24]|Bytes:5
12:00:20.0 (161947911)|HEAP_ALLOCATE|[24]|Bytes:4
12:00:20.0 (161950117)|VARIABLE_SCOPE_BEGIN|[24]|entry|Schema.PicklistEntry|true|false
12:00:20.0 (161954391)|VARIABLE_ASSIGNMENT|[24]|entry|群馬県|0x2c07fc8c
12:00:20.0 (161957193)|STATEMENT_EXECUTE|[24]
12:00:20.0 (161958695)|STATEMENT_EXECUTE|[25]
12:00:20.0 (161959549)|STATEMENT_EXECUTE|[26]
12:00:20.0 (161962169)|HEAP_ALLOCATE|[26]|Bytes:4
12:00:20.0 (161964745)|HEAP_ALLOCATE|[27]|Bytes:3
12:00:20.0 (161969879)|HEAP_ALLOCATE|[28]|Bytes:3
12:00:20.0 (161975288)|HEAP_ALLOCATE|[EXTERNAL]|Bytes:4
12:00:20.0 (161979760)|HEAP_ALLOCATE|[24]|Bytes:5
12:00:20.0 (161983388)|HEAP_ALLOCATE|[24]|Bytes:4
12:00:20.0 (161985614)|VARIABLE_SCOPE_BEGIN|[24]|entry|Schema.PicklistEntry|true|false
12:00:20.0 (161989933)|VARIABLE_ASSIGNMENT|[24]|entry|埼玉県|0x2b69d31a
12:00:20.0 (161992682)|STATEMENT_EXECUTE|[24]
12:00:20.0 (161994163)|STATEMENT_EXECUTE|[25]
12:00:20.0 (161994977)|STATEMENT_EXECUTE|[26]
12:00:20.0 (161997549)|HEAP_ALLOCATE|[26]|Bytes:4
12:00:20.0 (162000157)|HEAP_ALLOCATE|[27]|Bytes:3
12:00:20.0 (162005636)|HEAP_ALLOCATE|[28]|Bytes:3
12:00:20.0 (162010795)|HEAP_ALLOCATE|[EXTERNAL]|Bytes:4
12:00:20.0 (162015113)|HEAP_ALLOCATE|[24]|Bytes:5
12:00:20.0 (162018799)|HEAP_ALLOCATE|[24]|Bytes:4
12:00:20.0 (162020974)|VARIABLE_SCOPE_BEGIN|[24]|entry|Schema.PicklistEntry|true|false
12:00:20.0 (162025208)|VARIABLE_ASSIGNMENT|[24]|entry|千葉県|0x604ac7a9
12:00:20.0 (162027793)|STATEMENT_EXECUTE|[24]
12:00:20.0 (162029257)|STATEMENT_EXECUTE|[25]
12:00:20.0 (162030121)|STATEMENT_EXECUTE|[26]
12:00:20.0 (162032684)|HEAP_ALLOCATE|[26]|Bytes:4
12:00:20.0 (162035277)|HEAP_ALLOCATE|[27]|Bytes:3
12:00:20.0 (162039954)|HEAP_ALLOCATE|[28]|Bytes:3
12:00:20.0 (162045140)|HEAP_ALLOCATE|[EXTERNAL]|Bytes:4
12:00:20.0 (162049729)|HEAP_ALLOCATE|[24]|Bytes:5
12:00:20.0 (162053293)|HEAP_ALLOCATE|[24]|Bytes:4
12:00:20.0 (162055539)|VARIABLE_SCOPE_BEGIN|[24]|entry|Schema.PicklistEntry|true|false
12:00:20.0 (162059625)|VARIABLE_ASSIGNMENT|[24]|entry|東京都|0x4ad60a0b
12:00:20.0 (162062206)|STATEMENT_EXECUTE|[24]
12:00:20.0 (162063702)|STATEMENT_EXECUTE|[25]
12:00:20.0 (162064495)|STATEMENT_EXECUTE|[26]
12:00:20.0 (162067055)|HEAP_ALLOCATE|[26]|Bytes:4
12:00:20.0 (162099842)|HEAP_ALLOCATE|[27]|Bytes:3
12:00:20.0 (162109208)|HEAP_ALLOCATE|[28]|Bytes:3
12:00:20.0 (162115397)|HEAP_ALLOCATE|[EXTERNAL]|Bytes:4
12:00:20.0 (162120551)|HEAP_ALLOCATE|[24]|Bytes:5
12:00:20.0 (162124693)|HEAP_ALLOCATE|[24]|Bytes:4
12:00:20.0 (162126956)|VARIABLE_SCOPE_BEGIN|[24]|entry|Schema.PicklistEntry|true|false
12:00:20.0 (162131768)|VARIABLE_ASSIGNMENT|[24]|entry|神奈川県|0x59267c41
12:00:20.0 (162134560)|STATEMENT_EXECUTE|[24]
12:00:20.0 (162136158)|STATEMENT_EXECUTE|[25]
12:00:20.0 (162136998)|STATEMENT_EXECUTE|[26]
12:00:20.0 (162139984)|HEAP_ALLOCATE|[26]|Bytes:4
12:00:20.0 (162142628)|HEAP_ALLOCATE|[27]|Bytes:4
12:00:20.0 (162147365)|HEAP_ALLOCATE|[28]|Bytes:4
12:00:20.0 (162152534)|HEAP_ALLOCATE|[EXTERNAL]|Bytes:4
12:00:20.0 (162156997)|HEAP_ALLOCATE|[24]|Bytes:5
12:00:20.0 (162160587)|HEAP_ALLOCATE|[24]|Bytes:4
12:00:20.0 (162162797)|VARIABLE_SCOPE_BEGIN|[24]|entry|Schema.PicklistEntry|true|false
12:00:20.0 (162167089)|VARIABLE_ASSIGNMENT|[24]|entry|新潟県|0x3c32857c
12:00:20.0 (162169746)|STATEMENT_EXECUTE|[24]
12:00:20.0 (162171288)|STATEMENT_EXECUTE|[25]
12:00:20.0 (162172202)|STATEMENT_EXECUTE|[26]
12:00:20.0 (162174879)|HEAP_ALLOCATE|[26]|Bytes:4
12:00:20.0 (162177408)|HEAP_ALLOCATE|[27]|Bytes:3
12:00:20.0 (162182128)|HEAP_ALLOCATE|[28]|Bytes:3
12:00:20.0 (162187227)|HEAP_ALLOCATE|[EXTERNAL]|Bytes:4
12:00:20.0 (162191853)|HEAP_ALLOCATE|[24]|Bytes:5
12:00:20.0 (162195333)|HEAP_ALLOCATE|[24]|Bytes:4
12:00:20.0 (162197564)|VARIABLE_SCOPE_BEGIN|[24]|entry|Schema.PicklistEntry|true|false
12:00:20.0 (162201618)|VARIABLE_ASSIGNMENT|[24]|entry|富山県|0xaf36adc
12:00:20.0 (162204478)|STATEMENT_EXECUTE|[24]
12:00:20.0 (162205957)|STATEMENT_EXECUTE|[25]
12:00:20.0 (162206792)|STATEMENT_EXECUTE|[26]
12:00:20.0 (162209402)|HEAP_ALLOCATE|[26]|Bytes:4
12:00:20.0 (162211990)|HEAP_ALLOCATE|[27]|Bytes:3
12:00:20.0 (162216702)|HEAP_ALLOCATE|[28]|Bytes:3
12:00:20.0 (162221835)|HEAP_ALLOCATE|[EXTERNAL]|Bytes:4
12:00:20.0 (162226204)|HEAP_ALLOCATE|[24]|Bytes:5
12:00:20.0 (162229673)|HEAP_ALLOCATE|[24]|Bytes:4
12:00:20.0 (162231853)|VARIABLE_SCOPE_BEGIN|[24]|entry|Schema.PicklistEntry|true|false
12:00:20.0 (162235937)|VARIABLE_ASSIGNMENT|[24]|entry|石川県|0x708fbfdb
12:00:20.0 (162238612)|STATEMENT_EXECUTE|[24]
12:00:20.0 (162240099)|STATEMENT_EXECUTE|[25]
12:00:20.0 (162240929)|STATEMENT_EXECUTE|[26]
12:00:20.0 (162243801)|HEAP_ALLOCATE|[26]|Bytes:4
12:00:20.0 (162246507)|HEAP_ALLOCATE|[27]|Bytes:3
12:00:20.0 (162256307)|HEAP_ALLOCATE|[28]|Bytes:3
12:00:20.0 (162261554)|HEAP_ALLOCATE|[EXTERNAL]|Bytes:4
12:00:20.0 (162266113)|HEAP_ALLOCATE|[24]|Bytes:5
12:00:20.0 (162269670)|HEAP_ALLOCATE|[24]|Bytes:4
12:00:20.0 (162271908)|VARIABLE_SCOPE_BEGIN|[24]|entry|Schema.PicklistEntry|true|false
12:00:20.0 (162275990)|VARIABLE_ASSIGNMENT|[24]|entry|福井県|0x1a2111ff
12:00:20.0 (162278614)|STATEMENT_EXECUTE|[24]
12:00:20.0 (162280203)|STATEMENT_EXECUTE|[25]
12:00:20.0 (162281015)|STATEMENT_EXECUTE|[26]
12:00:20.0 (162283658)|HEAP_ALLOCATE|[26]|Bytes:4
12:00:20.0 (162286238)|HEAP_ALLOCATE|[27]|Bytes:3
12:00:20.0 (162291028)|HEAP_ALLOCATE|[28]|Bytes:3
12:00:20.0 (162296197)|HEAP_ALLOCATE|[EXTERNAL]|Bytes:4
12:00:20.0 (162300578)|HEAP_ALLOCATE|[24]|Bytes:5
12:00:20.0 (162304118)|HEAP_ALLOCATE|[24]|Bytes:4
12:00:20.0 (162306303)|VARIABLE_SCOPE_BEGIN|[24]|entry|Schema.PicklistEntry|true|false
12:00:20.0 (162310462)|VARIABLE_ASSIGNMENT|[24]|entry|山梨県|0x32107ea2
12:00:20.0 (162313279)|STATEMENT_EXECUTE|[24]
12:00:20.0 (162314832)|STATEMENT_EXECUTE|[25]
12:00:20.0 (162315635)|STATEMENT_EXECUTE|[26]
12:00:20.0 (162318239)|HEAP_ALLOCATE|[26]|Bytes:4
12:00:20.0 (162320804)|HEAP_ALLOCATE|[27]|Bytes:3
12:00:20.0 (162325573)|HEAP_ALLOCATE|[28]|Bytes:3
12:00:20.0 (162330773)|HEAP_ALLOCATE|[EXTERNAL]|Bytes:4
12:00:20.0 (162335178)|HEAP_ALLOCATE|[24]|Bytes:5
12:00:20.0 (162338679)|HEAP_ALLOCATE|[24]|Bytes:4
12:00:20.0 (162340832)|VARIABLE_SCOPE_BEGIN|[24]|entry|Schema.PicklistEntry|true|false
12:00:20.0 (162344877)|VARIABLE_ASSIGNMENT|[24]|entry|長野県|0x232447b6
12:00:20.0 (162347478)|STATEMENT_EXECUTE|[24]
12:00:20.0 (162348963)|STATEMENT_EXECUTE|[25]
12:00:20.0 (162349759)|STATEMENT_EXECUTE|[26]
12:00:20.0 (162352361)|HEAP_ALLOCATE|[26]|Bytes:4
12:00:20.0 (162354954)|HEAP_ALLOCATE|[27]|Bytes:3
12:00:20.0 (162359684)|HEAP_ALLOCATE|[28]|Bytes:3
12:00:20.0 (162364852)|HEAP_ALLOCATE|[EXTERNAL]|Bytes:4
12:00:20.0 (162369452)|HEAP_ALLOCATE|[24]|Bytes:5
12:00:20.0 (162373008)|HEAP_ALLOCATE|[24]|Bytes:4
12:00:20.0 (162375216)|VARIABLE_SCOPE_BEGIN|[24]|entry|Schema.PicklistEntry|true|false
12:00:20.0 (162379363)|VARIABLE_ASSIGNMENT|[24]|entry|岐阜県|0x2ed8556e
12:00:20.0 (162382070)|STATEMENT_EXECUTE|[24]
12:00:20.0 (162383544)|STATEMENT_EXECUTE|[25]
12:00:20.0 (162384335)|STATEMENT_EXECUTE|[26]
12:00:20.0 (162386982)|HEAP_ALLOCATE|[26]|Bytes:4
12:00:20.0 (162389554)|HEAP_ALLOCATE|[27]|Bytes:3
12:00:20.0 (162394205)|HEAP_ALLOCATE|[28]|Bytes:3
12:00:20.0 (162399367)|HEAP_ALLOCATE|[EXTERNAL]|Bytes:4
12:00:20.0 (162403676)|HEAP_ALLOCATE|[24]|Bytes:5
12:00:20.0 (162407256)|HEAP_ALLOCATE|[24]|Bytes:4
12:00:20.0 (162409423)|VARIABLE_SCOPE_BEGIN|[24]|entry|Schema.PicklistEntry|true|false
12:00:20.0 (162413640)|VARIABLE_ASSIGNMENT|[24]|entry|静岡県|0x3ce407a3
12:00:20.0 (162416235)|STATEMENT_EXECUTE|[24]
12:00:20.0 (162417728)|STATEMENT_EXECUTE|[25]
12:00:20.0 (162418557)|STATEMENT_EXECUTE|[26]
12:00:20.0 (162421216)|HEAP_ALLOCATE|[26]|Bytes:4
12:00:20.0 (162423950)|HEAP_ALLOCATE|[27]|Bytes:3
12:00:20.0 (162428590)|HEAP_ALLOCATE|[28]|Bytes:3
12:00:20.0 (162433743)|HEAP_ALLOCATE|[EXTERNAL]|Bytes:4
12:00:20.0 (162438178)|HEAP_ALLOCATE|[24]|Bytes:5
12:00:20.0 (162441649)|HEAP_ALLOCATE|[24]|Bytes:4
12:00:20.0 (162443903)|VARIABLE_SCOPE_BEGIN|[24]|entry|Schema.PicklistEntry|true|false
12:00:20.0 (162447957)|VARIABLE_ASSIGNMENT|[24]|entry|愛知県|0xd308bf3
12:00:20.0 (162450655)|STATEMENT_EXECUTE|[24]
12:00:20.0 (162452144)|STATEMENT_EXECUTE|[25]
12:00:20.0 (162452939)|STATEMENT_EXECUTE|[26]
12:00:20.0 (162455614)|HEAP_ALLOCATE|[26]|Bytes:4
12:00:20.0 (162458423)|HEAP_ALLOCATE|[27]|Bytes:3
12:00:20.0 (162463094)|HEAP_ALLOCATE|[28]|Bytes:3
12:00:20.0 (162468251)|HEAP_ALLOCATE|[EXTERNAL]|Bytes:4
12:00:20.0 (162472574)|HEAP_ALLOCATE|[24]|Bytes:5
12:00:20.0 (162476011)|HEAP_ALLOCATE|[24]|Bytes:4
12:00:20.0 (162478194)|VARIABLE_SCOPE_BEGIN|[24]|entry|Schema.PicklistEntry|true|false
12:00:20.0 (162482362)|VARIABLE_ASSIGNMENT|[24]|entry|三重県|0xc286414
12:00:20.0 (162485330)|STATEMENT_EXECUTE|[24]
12:00:20.0 (162486984)|STATEMENT_EXECUTE|[25]
12:00:20.0 (162487808)|STATEMENT_EXECUTE|[26]
12:00:20.0 (162490425)|HEAP_ALLOCATE|[26]|Bytes:4
12:00:20.0 (162493143)|HEAP_ALLOCATE|[27]|Bytes:3
12:00:20.0 (162497864)|HEAP_ALLOCATE|[28]|Bytes:3
12:00:20.0 (162503321)|HEAP_ALLOCATE|[EXTERNAL]|Bytes:4
12:00:20.0 (162507594)|HEAP_ALLOCATE|[24]|Bytes:5
12:00:20.0 (162511059)|HEAP_ALLOCATE|[24]|Bytes:4
12:00:20.0 (162513246)|VARIABLE_SCOPE_BEGIN|[24]|entry|Schema.PicklistEntry|true|false
12:00:20.0 (162517499)|VARIABLE_ASSIGNMENT|[24]|entry|滋賀県|0x603733da
12:00:20.0 (162520180)|STATEMENT_EXECUTE|[24]
12:00:20.0 (162521721)|STATEMENT_EXECUTE|[25]
12:00:20.0 (162522539)|STATEMENT_EXECUTE|[26]
12:00:20.0 (162525126)|HEAP_ALLOCATE|[26]|Bytes:4
12:00:20.0 (162527743)|HEAP_ALLOCATE|[27]|Bytes:3
12:00:20.0 (162532523)|HEAP_ALLOCATE|[28]|Bytes:3
12:00:20.0 (162537612)|HEAP_ALLOCATE|[EXTERNAL]|Bytes:4
12:00:20.0 (162541897)|HEAP_ALLOCATE|[24]|Bytes:5
12:00:20.0 (162545380)|HEAP_ALLOCATE|[24]|Bytes:4
12:00:20.0 (162547703)|VARIABLE_SCOPE_BEGIN|[24]|entry|Schema.PicklistEntry|true|false
12:00:20.0 (162551713)|VARIABLE_ASSIGNMENT|[24]|entry|京都府|0x7cf2f960
12:00:20.0 (162554286)|STATEMENT_EXECUTE|[24]
12:00:20.0 (162555777)|STATEMENT_EXECUTE|[25]
12:00:20.0 (162556593)|STATEMENT_EXECUTE|[26]
12:00:20.0 (162559169)|HEAP_ALLOCATE|[26]|Bytes:4
12:00:20.0 (162561811)|HEAP_ALLOCATE|[27]|Bytes:3
12:00:20.0 (162566426)|HEAP_ALLOCATE|[28]|Bytes:3
12:00:20.0 (162571523)|HEAP_ALLOCATE|[EXTERNAL]|Bytes:4
12:00:20.0 (162575830)|HEAP_ALLOCATE|[24]|Bytes:5
12:00:20.0 (162579398)|HEAP_ALLOCATE|[24]|Bytes:4
12:00:20.0 (162581583)|VARIABLE_SCOPE_BEGIN|[24]|entry|Schema.PicklistEntry|true|false
12:00:20.0 (162585591)|VARIABLE_ASSIGNMENT|[24]|entry|大阪府|0x75148a1e
12:00:20.0 (162588247)|STATEMENT_EXECUTE|[24]
12:00:20.0 (162589748)|STATEMENT_EXECUTE|[25]
12:00:20.0 (162590563)|STATEMENT_EXECUTE|[26]
12:00:20.0 (162593145)|HEAP_ALLOCATE|[26]|Bytes:4
12:00:20.0 (162595782)|HEAP_ALLOCATE|[27]|Bytes:3
12:00:20.0 (162600542)|HEAP_ALLOCATE|[28]|Bytes:3
12:00:20.0 (162605638)|HEAP_ALLOCATE|[EXTERNAL]|Bytes:4
12:00:20.0 (162609941)|HEAP_ALLOCATE|[24]|Bytes:5
12:00:20.0 (162613532)|HEAP_ALLOCATE|[24]|Bytes:4
12:00:20.0 (162615717)|VARIABLE_SCOPE_BEGIN|[24]|entry|Schema.PicklistEntry|true|false
12:00:20.0 (162619941)|VARIABLE_ASSIGNMENT|[24]|entry|兵庫県|0x3a53586c
12:00:20.0 (162622523)|STATEMENT_EXECUTE|[24]
12:00:20.0 (162624072)|STATEMENT_EXECUTE|[25]
12:00:20.0 (162624868)|STATEMENT_EXECUTE|[26]
12:00:20.0 (162627457)|HEAP_ALLOCATE|[26]|Bytes:4
12:00:20.0 (162630106)|HEAP_ALLOCATE|[27]|Bytes:3
12:00:20.0 (162634842)|HEAP_ALLOCATE|[28]|Bytes:3
12:00:20.0 (162640207)|HEAP_ALLOCATE|[EXTERNAL]|Bytes:4
12:00:20.0 (162644621)|HEAP_ALLOCATE|[24]|Bytes:5
12:00:20.0 (162648079)|HEAP_ALLOCATE|[24]|Bytes:4
12:00:20.0 (162650296)|VARIABLE_SCOPE_BEGIN|[24]|entry|Schema.PicklistEntry|true|false
12:00:20.0 (162654337)|VARIABLE_ASSIGNMENT|[24]|entry|奈良県|0x6323051f
12:00:20.0 (162656957)|STATEMENT_EXECUTE|[24]
12:00:20.0 (162658532)|STATEMENT_EXECUTE|[25]
12:00:20.0 (162659326)|STATEMENT_EXECUTE|[26]
12:00:20.0 (162661977)|HEAP_ALLOCATE|[26]|Bytes:4
12:00:20.0 (162664716)|HEAP_ALLOCATE|[27]|Bytes:3
12:00:20.0 (162669425)|HEAP_ALLOCATE|[28]|Bytes:3
12:00:20.0 (162674487)|HEAP_ALLOCATE|[EXTERNAL]|Bytes:4
12:00:20.0 (162678915)|HEAP_ALLOCATE|[24]|Bytes:5
12:00:20.0 (162682423)|HEAP_ALLOCATE|[24]|Bytes:4
12:00:20.0 (162684557)|VARIABLE_SCOPE_BEGIN|[24]|entry|Schema.PicklistEntry|true|false
12:00:20.0 (162688791)|VARIABLE_ASSIGNMENT|[24]|entry|和歌山県|0x8f1c9e2
12:00:20.0 (162691487)|STATEMENT_EXECUTE|[24]
12:00:20.0 (162693027)|STATEMENT_EXECUTE|[25]
12:00:20.0 (162693836)|STATEMENT_EXECUTE|[26]
12:00:20.0 (162696443)|HEAP_ALLOCATE|[26]|Bytes:4
12:00:20.0 (162699087)|HEAP_ALLOCATE|[27]|Bytes:4
12:00:20.0 (162703755)|HEAP_ALLOCATE|[28]|Bytes:4
12:00:20.0 (162708837)|HEAP_ALLOCATE|[EXTERNAL]|Bytes:4
12:00:20.0 (162713160)|HEAP_ALLOCATE|[24]|Bytes:5
12:00:20.0 (162716682)|HEAP_ALLOCATE|[24]|Bytes:4
12:00:20.0 (162718918)|VARIABLE_SCOPE_BEGIN|[24]|entry|Schema.PicklistEntry|true|false
12:00:20.0 (162722940)|VARIABLE_ASSIGNMENT|[24]|entry|鳥取県|0x59e4e698
12:00:20.0 (162725667)|STATEMENT_EXECUTE|[24]
12:00:20.0 (162727198)|STATEMENT_EXECUTE|[25]
12:00:20.0 (162728014)|STATEMENT_EXECUTE|[26]
12:00:20.0 (162730596)|HEAP_ALLOCATE|[26]|Bytes:4
12:00:20.0 (162733277)|HEAP_ALLOCATE|[27]|Bytes:3
12:00:20.0 (162737915)|HEAP_ALLOCATE|[28]|Bytes:3
12:00:20.0 (162742976)|HEAP_ALLOCATE|[EXTERNAL]|Bytes:4
12:00:20.0 (162747364)|HEAP_ALLOCATE|[24]|Bytes:5
12:00:20.0 (162750869)|HEAP_ALLOCATE|[24]|Bytes:4
12:00:20.0 (162753036)|VARIABLE_SCOPE_BEGIN|[24]|entry|Schema.PicklistEntry|true|false
12:00:20.0 (162757057)|VARIABLE_ASSIGNMENT|[24]|entry|島根県|0x795455f0
12:00:20.0 (162759783)|STATEMENT_EXECUTE|[24]
12:00:20.0 (162761259)|STATEMENT_EXECUTE|[25]
12:00:20.0 (162762073)|STATEMENT_EXECUTE|[26]
12:00:20.0 (162764678)|HEAP_ALLOCATE|[26]|Bytes:4
12:00:20.0 (162767292)|HEAP_ALLOCATE|[27]|Bytes:3
12:00:20.0 (162771958)|HEAP_ALLOCATE|[28]|Bytes:3
12:00:20.0 (162777297)|HEAP_ALLOCATE|[EXTERNAL]|Bytes:4
12:00:20.0 (162781633)|HEAP_ALLOCATE|[24]|Bytes:5
12:00:20.0 (162785121)|HEAP_ALLOCATE|[24]|Bytes:4
12:00:20.0 (162787303)|VARIABLE_SCOPE_BEGIN|[24]|entry|Schema.PicklistEntry|true|false
12:00:20.0 (162791635)|VARIABLE_ASSIGNMENT|[24]|entry|岡山県|0x224bc38
12:00:20.0 (162794254)|STATEMENT_EXECUTE|[24]
12:00:20.0 (162795797)|STATEMENT_EXECUTE|[25]
12:00:20.0 (162796622)|STATEMENT_EXECUTE|[26]
12:00:20.0 (162799292)|HEAP_ALLOCATE|[26]|Bytes:4
12:00:20.0 (162802031)|HEAP_ALLOCATE|[27]|Bytes:3
12:00:20.0 (162806676)|HEAP_ALLOCATE|[28]|Bytes:3
12:00:20.0 (162811701)|HEAP_ALLOCATE|[EXTERNAL]|Bytes:4
12:00:20.0 (162815993)|HEAP_ALLOCATE|[24]|Bytes:5
12:00:20.0 (162819472)|HEAP_ALLOCATE|[24]|Bytes:4
12:00:20.0 (162821645)|VARIABLE_SCOPE_BEGIN|[24]|entry|Schema.PicklistEntry|true|false
12:00:20.0 (162825561)|VARIABLE_ASSIGNMENT|[24]|entry|広島県|0x49ccb47
12:00:20.0 (162828133)|STATEMENT_EXECUTE|[24]
12:00:20.0 (162829661)|STATEMENT_EXECUTE|[25]
12:00:20.0 (162830597)|STATEMENT_EXECUTE|[26]
12:00:20.0 (162833302)|HEAP_ALLOCATE|[26]|Bytes:4
12:00:20.0 (162836881)|HEAP_ALLOCATE|[27]|Bytes:3
12:00:20.0 (162841919)|HEAP_ALLOCATE|[28]|Bytes:3
12:00:20.0 (162847053)|HEAP_ALLOCATE|[EXTERNAL]|Bytes:4
12:00:20.0 (162851539)|HEAP_ALLOCATE|[24]|Bytes:5
12:00:20.0 (162855103)|HEAP_ALLOCATE|[24]|Bytes:4
12:00:20.0 (162857265)|VARIABLE_SCOPE_BEGIN|[24]|entry|Schema.PicklistEntry|true|false
12:00:20.0 (162861253)|VARIABLE_ASSIGNMENT|[24]|entry|山口県|0x7ab22d6a
12:00:20.0 (162863838)|STATEMENT_EXECUTE|[24]
12:00:20.0 (162865329)|STATEMENT_EXECUTE|[25]
12:00:20.0 (162866151)|STATEMENT_EXECUTE|[26]
12:00:20.0 (162868786)|HEAP_ALLOCATE|[26]|Bytes:4
12:00:20.0 (162871385)|HEAP_ALLOCATE|[27]|Bytes:3
12:00:20.0 (162876256)|HEAP_ALLOCATE|[28]|Bytes:3
12:00:20.0 (162881321)|HEAP_ALLOCATE|[EXTERNAL]|Bytes:4
12:00:20.0 (162885693)|HEAP_ALLOCATE|[24]|Bytes:5
12:00:20.0 (162889167)|HEAP_ALLOCATE|[24]|Bytes:4
12:00:20.0 (162891341)|VARIABLE_SCOPE_BEGIN|[24]|entry|Schema.PicklistEntry|true|false
12:00:20.0 (162895411)|VARIABLE_ASSIGNMENT|[24]|entry|徳島県|0x21120c19
12:00:20.0 (162898123)|STATEMENT_EXECUTE|[24]
12:00:20.0 (162899639)|STATEMENT_EXECUTE|[25]
12:00:20.0 (162900434)|STATEMENT_EXECUTE|[26]
12:00:20.0 (162903107)|HEAP_ALLOCATE|[26]|Bytes:4
12:00:20.0 (162905793)|HEAP_ALLOCATE|[27]|Bytes:3
12:00:20.0 (162910526)|HEAP_ALLOCATE|[28]|Bytes:3
12:00:20.0 (162915674)|HEAP_ALLOCATE|[EXTERNAL]|Bytes:4
12:00:20.0 (162920011)|HEAP_ALLOCATE|[24]|Bytes:5
12:00:20.0 (162923488)|HEAP_ALLOCATE|[24]|Bytes:4
12:00:20.0 (162925672)|VARIABLE_SCOPE_BEGIN|[24]|entry|Schema.PicklistEntry|true|false
12:00:20.0 (162929664)|VARIABLE_ASSIGNMENT|[24]|entry|香川県|0x670b17f
12:00:20.0 (162932343)|STATEMENT_EXECUTE|[24]
12:00:20.0 (162933856)|STATEMENT_EXECUTE|[25]
12:00:20.0 (162934676)|STATEMENT_EXECUTE|[26]
12:00:20.0 (162937297)|HEAP_ALLOCATE|[26]|Bytes:4
12:00:20.0 (162939881)|HEAP_ALLOCATE|[27]|Bytes:3
12:00:20.0 (162944468)|HEAP_ALLOCATE|[28]|Bytes:3
12:00:20.0 (162949688)|HEAP_ALLOCATE|[EXTERNAL]|Bytes:4
12:00:20.0 (162954049)|HEAP_ALLOCATE|[24]|Bytes:5
12:00:20.0 (162957522)|HEAP_ALLOCATE|[24]|Bytes:4
12:00:20.0 (162959697)|VARIABLE_SCOPE_BEGIN|[24]|entry|Schema.PicklistEntry|true|false
12:00:20.0 (162963845)|VARIABLE_ASSIGNMENT|[24]|entry|愛媛県|0x64d49405
12:00:20.0 (162966421)|STATEMENT_EXECUTE|[24]
12:00:20.0 (162968019)|STATEMENT_EXECUTE|[25]
12:00:20.0 (162968856)|STATEMENT_EXECUTE|[26]
12:00:20.0 (162971452)|HEAP_ALLOCATE|[26]|Bytes:4
12:00:20.0 (162974245)|HEAP_ALLOCATE|[27]|Bytes:3
12:00:20.0 (162978968)|HEAP_ALLOCATE|[28]|Bytes:3
12:00:20.0 (162984274)|HEAP_ALLOCATE|[EXTERNAL]|Bytes:4
12:00:20.0 (162988810)|HEAP_ALLOCATE|[24]|Bytes:5
12:00:20.0 (162992352)|HEAP_ALLOCATE|[24]|Bytes:4
12:00:20.0 (162996243)|VARIABLE_SCOPE_BEGIN|[24]|entry|Schema.PicklistEntry|true|false
12:00:20.0 (163001864)|VARIABLE_ASSIGNMENT|[24]|entry|高知県|0xfe62c88
12:00:20.0 (163006591)|STATEMENT_EXECUTE|[24]
12:00:20.0 (163009321)|STATEMENT_EXECUTE|[25]
12:00:20.0 (163010416)|STATEMENT_EXECUTE|[26]
12:00:20.0 (163014807)|HEAP_ALLOCATE|[26]|Bytes:4
12:00:20.0 (163019243)|HEAP_ALLOCATE|[27]|Bytes:3
12:00:20.0 (163027493)|HEAP_ALLOCATE|[28]|Bytes:3
12:00:20.0 (163035159)|HEAP_ALLOCATE|[EXTERNAL]|Bytes:4
12:00:20.0 (163042694)|HEAP_ALLOCATE|[24]|Bytes:5
12:00:20.0 (163049029)|HEAP_ALLOCATE|[24]|Bytes:4
12:00:20.0 (163052531)|VARIABLE_SCOPE_BEGIN|[24]|entry|Schema.PicklistEntry|true|false
12:00:20.0 (163059118)|VARIABLE_ASSIGNMENT|[24]|entry|福岡県|0x3e259ba9
12:00:20.0 (163063605)|STATEMENT_EXECUTE|[24]
12:00:20.0 (163066268)|STATEMENT_EXECUTE|[25]
12:00:20.0 (163067441)|STATEMENT_EXECUTE|[26]
12:00:20.0 (163071641)|HEAP_ALLOCATE|[26]|Bytes:4
12:00:20.0 (163075776)|HEAP_ALLOCATE|[27]|Bytes:3
12:00:20.0 (163082988)|HEAP_ALLOCATE|[28]|Bytes:3
12:00:20.0 (163090806)|HEAP_ALLOCATE|[EXTERNAL]|Bytes:4
12:00:20.0 (163096403)|HEAP_ALLOCATE|[24]|Bytes:5
12:00:20.0 (163100646)|HEAP_ALLOCATE|[24]|Bytes:4
12:00:20.0 (163102977)|VARIABLE_SCOPE_BEGIN|[24]|entry|Schema.PicklistEntry|true|false
12:00:20.0 (163107786)|VARIABLE_ASSIGNMENT|[24]|entry|佐賀県|0x3ddd3e5b
12:00:20.0 (163110550)|STATEMENT_EXECUTE|[24]
12:00:20.0 (163112309)|STATEMENT_EXECUTE|[25]
12:00:20.0 (163113121)|STATEMENT_EXECUTE|[26]
12:00:20.0 (163116024)|HEAP_ALLOCATE|[26]|Bytes:4
12:00:20.0 (163118834)|HEAP_ALLOCATE|[27]|Bytes:3
12:00:20.0 (163123597)|HEAP_ALLOCATE|[28]|Bytes:3
12:00:20.0 (163128950)|HEAP_ALLOCATE|[EXTERNAL]|Bytes:4
12:00:20.0 (163135539)|HEAP_ALLOCATE|[24]|Bytes:5
12:00:20.0 (163140906)|HEAP_ALLOCATE|[24]|Bytes:4
12:00:20.0 (163144771)|VARIABLE_SCOPE_BEGIN|[24]|entry|Schema.PicklistEntry|true|false
12:00:20.0 (163151591)|VARIABLE_ASSIGNMENT|[24]|entry|長崎県|0x7de9e159
12:00:20.0 (163155513)|STATEMENT_EXECUTE|[24]
12:00:20.0 (163158175)|STATEMENT_EXECUTE|[25]
12:00:20.0 (163159292)|STATEMENT_EXECUTE|[26]
12:00:20.0 (163163963)|HEAP_ALLOCATE|[26]|Bytes:4
12:00:20.0 (163169064)|HEAP_ALLOCATE|[27]|Bytes:3
12:00:20.0 (163176924)|HEAP_ALLOCATE|[28]|Bytes:3
12:00:20.0 (163185620)|HEAP_ALLOCATE|[EXTERNAL]|Bytes:4
12:00:20.0 (163191042)|HEAP_ALLOCATE|[24]|Bytes:5
12:00:20.0 (163195150)|HEAP_ALLOCATE|[24]|Bytes:4
12:00:20.0 (163197447)|VARIABLE_SCOPE_BEGIN|[24]|entry|Schema.PicklistEntry|true|false
12:00:20.0 (163202208)|VARIABLE_ASSIGNMENT|[24]|entry|熊本県|0x43551000
12:00:20.0 (163204935)|STATEMENT_EXECUTE|[24]
12:00:20.0 (163206645)|STATEMENT_EXECUTE|[25]
12:00:20.0 (163207450)|STATEMENT_EXECUTE|[26]
12:00:20.0 (163210323)|HEAP_ALLOCATE|[26]|Bytes:4
12:00:20.0 (163216311)|HEAP_ALLOCATE|[27]|Bytes:3
12:00:20.0 (163221381)|HEAP_ALLOCATE|[28]|Bytes:3
12:00:20.0 (163226693)|HEAP_ALLOCATE|[EXTERNAL]|Bytes:4
12:00:20.0 (163231429)|HEAP_ALLOCATE|[24]|Bytes:5
12:00:20.0 (163234967)|HEAP_ALLOCATE|[24]|Bytes:4
12:00:20.0 (163237343)|VARIABLE_SCOPE_BEGIN|[24]|entry|Schema.PicklistEntry|true|false
12:00:20.0 (163241629)|VARIABLE_ASSIGNMENT|[24]|entry|大分県|0x513f2310
12:00:20.0 (163244421)|STATEMENT_EXECUTE|[24]
12:00:20.0 (163246000)|STATEMENT_EXECUTE|[25]
12:00:20.0 (163246801)|STATEMENT_EXECUTE|[26]
12:00:20.0 (163249421)|HEAP_ALLOCATE|[26]|Bytes:4
12:00:20.0 (163252331)|HEAP_ALLOCATE|[27]|Bytes:3
12:00:20.0 (163256986)|HEAP_ALLOCATE|[28]|Bytes:3
12:00:20.0 (163262213)|HEAP_ALLOCATE|[EXTERNAL]|Bytes:4
12:00:20.0 (163266466)|HEAP_ALLOCATE|[24]|Bytes:5
12:00:20.0 (163269965)|HEAP_ALLOCATE|[24]|Bytes:4
12:00:20.0 (163272119)|VARIABLE_SCOPE_BEGIN|[24]|entry|Schema.PicklistEntry|true|false
12:00:20.0 (163276431)|VARIABLE_ASSIGNMENT|[24]|entry|宮崎県|0x544e08a
12:00:20.0 (163279133)|STATEMENT_EXECUTE|[24]
12:00:20.0 (163280663)|STATEMENT_EXECUTE|[25]
12:00:20.0 (163281466)|STATEMENT_EXECUTE|[26]
12:00:20.0 (163284055)|HEAP_ALLOCATE|[26]|Bytes:4
12:00:20.0 (163286661)|HEAP_ALLOCATE|[27]|Bytes:3
12:00:20.0 (163291397)|HEAP_ALLOCATE|[28]|Bytes:3
12:00:20.0 (163296898)|HEAP_ALLOCATE|[EXTERNAL]|Bytes:4
12:00:20.0 (163301183)|HEAP_ALLOCATE|[24]|Bytes:5
12:00:20.0 (163304681)|HEAP_ALLOCATE|[24]|Bytes:4
12:00:20.0 (163307001)|VARIABLE_SCOPE_BEGIN|[24]|entry|Schema.PicklistEntry|true|false
12:00:20.0 (163310961)|VARIABLE_ASSIGNMENT|[24]|entry|鹿児島県|0x37152a52
12:00:20.0 (163313781)|STATEMENT_EXECUTE|[24]
12:00:20.0 (163315311)|STATEMENT_EXECUTE|[25]
12:00:20.0 (163316107)|STATEMENT_EXECUTE|[26]
12:00:20.0 (163318706)|HEAP_ALLOCATE|[26]|Bytes:4
12:00:20.0 (163321247)|HEAP_ALLOCATE|[27]|Bytes:4
12:00:20.0 (163325857)|HEAP_ALLOCATE|[28]|Bytes:4
12:00:20.0 (163331007)|HEAP_ALLOCATE|[EXTERNAL]|Bytes:4
12:00:20.0 (163335318)|HEAP_ALLOCATE|[24]|Bytes:5
12:00:20.0 (163338858)|HEAP_ALLOCATE|[24]|Bytes:4
12:00:20.0 (163341056)|VARIABLE_SCOPE_BEGIN|[24]|entry|Schema.PicklistEntry|true|false
12:00:20.0 (163344932)|VARIABLE_ASSIGNMENT|[24]|entry|沖縄県|0x5cabf9a0
12:00:20.0 (163347681)|STATEMENT_EXECUTE|[24]
12:00:20.0 (163349217)|STATEMENT_EXECUTE|[25]
12:00:20.0 (163350025)|STATEMENT_EXECUTE|[26]
12:00:20.0 (163352631)|HEAP_ALLOCATE|[26]|Bytes:4
12:00:20.0 (163355328)|HEAP_ALLOCATE|[27]|Bytes:3
12:00:20.0 (163359979)|HEAP_ALLOCATE|[28]|Bytes:3
12:00:20.0 (163365105)|HEAP_ALLOCATE|[EXTERNAL]|Bytes:4
12:00:20.0 (163369439)|HEAP_ALLOCATE|[24]|Bytes:5
12:00:20.0 (163373154)|HEAP_ALLOCATE|[24]|Bytes:4
12:00:20.0 (163375327)|VARIABLE_SCOPE_BEGIN|[24]|entry|Schema.PicklistEntry|true|false
12:00:20.0 (163379538)|VARIABLE_ASSIGNMENT|[24]|entry|海外|0x74246686
12:00:20.0 (163382652)|STATEMENT_EXECUTE|[24]
12:00:20.0 (163384165)|STATEMENT_EXECUTE|[25]
12:00:20.0 (163384985)|STATEMENT_EXECUTE|[26]
12:00:20.0 (163387606)|HEAP_ALLOCATE|[26]|Bytes:4
12:00:20.0 (163390261)|HEAP_ALLOCATE|[27]|Bytes:2
12:00:20.0 (163394831)|HEAP_ALLOCATE|[28]|Bytes:2
12:00:20.0 (163400131)|HEAP_ALLOCATE|[EXTERNAL]|Bytes:4
12:00:20.0 (163404605)|HEAP_ALLOCATE|[24]|Bytes:5
12:00:20.0 (163408382)|HEAP_ALLOCATE|[24]|Bytes:4
12:00:20.0 (163410553)|VARIABLE_SCOPE_BEGIN|[24]|entry|Schema.PicklistEntry|true|false
12:00:20.0 (163414703)|VARIABLE_ASSIGNMENT|[24]|entry|勤務地不問|0x56469838
12:00:20.0 (163417428)|STATEMENT_EXECUTE|[24]
12:00:20.0 (163418923)|STATEMENT_EXECUTE|[25]
12:00:20.0 (163419763)|STATEMENT_EXECUTE|[26]
12:00:20.0 (163422386)|HEAP_ALLOCATE|[26]|Bytes:4
12:00:20.0 (163425287)|HEAP_ALLOCATE|[27]|Bytes:5
12:00:20.0 (163430177)|HEAP_ALLOCATE|[28]|Bytes:5
12:00:20.0 (163435420)|HEAP_ALLOCATE|[EXTERNAL]|Bytes:4
12:00:20.0 (163439744)|HEAP_ALLOCATE|[24]|Bytes:5
12:00:20.0 (163446158)|VARIABLE_ASSIGNMENT|[24]|entry|null|
12:00:20.0 (163449398)|STATEMENT_EXECUTE|[32]
12:00:20.163 (163501027)|CUMULATIVE_LIMIT_USAGE
12:00:20.163 (163501027)|LIMIT_USAGE_FOR_NS|(default)|
  Number of SOQL queries: 0 out of 100
  Number of query rows: 0 out of 50000
  Number of SOSL queries: 0 out of 20
  Number of DML statements: 0 out of 0
  Number of Publish Immediate DML: 0 out of 150
  Number of DML rows: 0 out of 10000
  Maximum CPU time: 0 out of 10000
  Maximum heap size: 0 out of 6000000
  Number of callouts: 0 out of 100
  Number of Email Invocations: 0 out of 10
  Number of future calls: 0 out of 50
  Number of queueable jobs added to the queue: 0 out of 50
  Number of Mobile Apex push calls: 0 out of 10

12:00:20.163 (163501027)|CUMULATIVE_LIMIT_USAGE_END

12:00:20.0 (163536560)|CODE_UNIT_FINISHED|PicklistController.getPicklistOptions(String, String)
12:00:20.0 (163687690)|CODE_UNIT_FINISHED|apex://PicklistController/ACTION$getPicklistOptions
12:00:20.0 (163693557)|EXECUTION_FINISHED
