66.0 APEX_CODE,FINEST;APEX_PROFILING,INFO;CALLOUT,INFO;DATA_ACCESS,INFO;DB,INFO;NBA,INFO;SYSTEM,DEBUG;VALIDATION,INFO;VISUALFORCE,INFO;WAVE,INFO;WORKFLOW,INFO
15:28:45.1 (1794785)|USER_INFO|[EXTERNAL]|005BK00000Ilvi1|foryoze@owleyes.ch.hurex|(GMT+09:00) 日本標準時 (Asia/Tokyo)|GMT+09:00
15:28:45.1 (1846223)|EXECUTION_STARTED
15:28:45.1 (1870368)|CODE_UNIT_STARTED|[EXTERNAL]|apex://JobDetailController/ACTION$getJobFavoriteStatus
15:28:45.1 (4425096)|CODE_UNIT_STARTED|[EXTERNAL]|01pBK000001e6PW|JobDetailController.getJobFavoriteStatus(String)
15:28:45.1 (4910907)|HEAP_ALLOCATE|[95]|Bytes:3
15:28:45.1 (5023493)|HEAP_ALLOCATE|[100]|Bytes:152
15:28:45.1 (5045499)|HEAP_ALLOCATE|[417]|Bytes:408
15:28:45.1 (5061998)|HEAP_ALLOCATE|[430]|Bytes:408
15:28:45.1 (5093911)|HEAP_ALLOCATE|[317]|Bytes:6
15:28:45.1 (5108977)|HEAP_ALLOCATE|[EXTERNAL]|Bytes:13
15:28:45.1 (5122939)|METHOD_ENTRY|[6]|01pBK000001e6PW|JobDetailController.JobDetailController()
15:28:45.1 (5132556)|STATEMENT_EXECUTE|[6]
15:28:45.1 (5138976)|STATEMENT_EXECUTE|[6]
15:28:45.1 (5160094)|HEAP_ALLOCATE|[68]|Bytes:5
15:28:45.1 (5249295)|HEAP_ALLOCATE|[74]|Bytes:5
15:28:45.1 (5258139)|HEAP_ALLOCATE|[82]|Bytes:7
15:28:45.1 (5719844)|HEAP_ALLOCATE|[EXTERNAL]|Bytes:5
15:28:45.1 (5753021)|METHOD_EXIT|[6]|JobDetailController
15:28:45.1 (5761276)|HEAP_ALLOCATE|[EXTERNAL]|Bytes:18
15:28:45.1 (5778713)|VARIABLE_SCOPE_BEGIN|[80]|jobId|String|false|false
15:28:45.1 (5841313)|VARIABLE_ASSIGNMENT|[80]|jobId|"a0KBK00000JSb4v2AD"
15:28:45.1 (5860780)|HEAP_ALLOCATE|[82]|Bytes:5
15:28:45.1 (5865805)|STATEMENT_EXECUTE|[80]
15:28:45.1 (5958021)|STATEMENT_EXECUTE|[82]
15:28:45.1 (5960731)|STATEMENT_EXECUTE|[87]
15:28:45.1 (6019573)|HEAP_ALLOCATE|[87]|Bytes:4
15:28:45.1 (6064507)|VARIABLE_SCOPE_BEGIN|[87]|favoriteJobIds|Set<Id>|true|false
15:28:45.1 (6117385)|VARIABLE_ASSIGNMENT|[87]|favoriteJobIds|[]|0xc6f409
15:28:45.1 (6125625)|HEAP_ALLOCATE|[88]|Bytes:91
15:28:45.1 (6142189)|HEAP_ALLOCATE|[88]|Bytes:4
15:28:45.1 (6152069)|HEAP_ALLOCATE|[88]|Bytes:7
15:28:45.1 (6188148)|HEAP_ALLOCATE|[91]|Bytes:105
15:28:45.1 (6199714)|SYSTEM_METHOD_ENTRY|[1]|UserInfo.UserInfo()
15:28:45.1 (6203236)|STATEMENT_EXECUTE|[1]
15:28:45.1 (6211097)|SYSTEM_METHOD_EXIT|[1]|UserInfo
15:28:45.1 (6225403)|METHOD_ENTRY|[91]||System.UserInfo.getUserId()
15:28:45.1 (13699087)|METHOD_EXIT|[91]||System.UserInfo.getUserId()
15:28:45.1 (16026409)|SOQL_EXECUTE_BEGIN|[88]|Aggregations:0|SELECT Job__c FROM InterestedJob__c WHERE (CreatedById = :tmpVar1 AND IsArchive__c = FALSE)
15:28:45.1 (46583141)|SOQL_EXECUTE_END|[88]|Rows:10
15:28:45.1 (46628928)|HEAP_ALLOCATE|[EXTERNAL]|Bytes:44
15:28:45.1 (46895211)|HEAP_ALLOCATE|[88]|Bytes:54
15:28:45.1 (46905650)|HEAP_ALLOCATE|[88]|Bytes:8
15:28:45.1 (46923916)|SYSTEM_METHOD_ENTRY|[7]|QueryLocatorIterator.QueryLocatorIterator()
15:28:45.1 (46927988)|STATEMENT_EXECUTE|[7]
15:28:45.1 (46942504)|SYSTEM_METHOD_EXIT|[7]|QueryLocatorIterator
15:28:45.1 (46952732)|HEAP_ALLOCATE|[88]|Bytes:28
15:28:45.1 (47037862)|HEAP_ALLOCATE|[88]|Bytes:44
15:28:45.1 (47048978)|HEAP_ALLOCATE|[88]|Bytes:8
15:28:45.1 (47050969)|HEAP_ALLOCATE|[88]|Bytes:8
15:28:45.1 (47056604)|VARIABLE_SCOPE_BEGIN|[15]|this|Database.QueryLocatorIterator|true|false
15:28:45.1 (47129761)|VARIABLE_ASSIGNMENT|[15]|this|{}|0x3efc3f90
15:28:45.1 (47134094)|VARIABLE_SCOPE_BEGIN|[15]|values|List<SObject>|true|false
15:28:45.1 (47152174)|VARIABLE_ASSIGNMENT|[15]|values|"List of size 10 too large to display"|0x26fb67a
15:28:45.1 (47155606)|VARIABLE_SCOPE_BEGIN|[15]|ql|Database.QueryLocator|true|false
15:28:45.1 (47175399)|VARIABLE_ASSIGNMENT|[15]|ql|{"query":"SELECT Job__c FROM I (71 more) ..."}|0x7923b704
15:28:45.1 (47178651)|VARIABLE_SCOPE_BEGIN|[15]|totalNumRecords|Integer|false|false
15:28:45.1 (47184914)|VARIABLE_ASSIGNMENT|[15]|totalNumRecords|10
15:28:45.1 (47187331)|VARIABLE_SCOPE_BEGIN|[15]|queryMoreSize|Integer|false|false
15:28:45.1 (47191142)|VARIABLE_ASSIGNMENT|[15]|queryMoreSize|49990
15:28:45.1 (47261305)|HEAP_ALLOCATE|[88]|Bytes:28
15:28:45.1 (47284960)|METHOD_ENTRY|[88]||Database.QueryLocatorIterator.hasNext()
15:28:45.1 (47376952)|METHOD_EXIT|[88]||Database.QueryLocatorIterator.hasNext()
15:28:45.1 (47385178)|METHOD_ENTRY|[88]||Database.QueryLocatorIterator.next()
15:28:45.1 (47469046)|METHOD_EXIT|[88]||Database.QueryLocatorIterator.next()
15:28:45.1 (47474938)|VARIABLE_SCOPE_BEGIN|[88]|fav|InterestedJob__c|true|false
15:28:45.1 (47575511)|VARIABLE_ASSIGNMENT|[88]|fav|{"Job__c":"a0KBK00000Gexcs2AB","Id":"a0OBK000005VI7S2AW"}|0xf828146
15:28:45.1 (47581328)|STATEMENT_EXECUTE|[93]
15:28:45.1 (47582600)|STATEMENT_EXECUTE|[94]
15:28:45.1 (47642853)|HEAP_ALLOCATE|[EXTERNAL]|Bytes:4
15:28:45.1 (47651709)|METHOD_ENTRY|[88]||Database.QueryLocatorIterator.hasNext()
15:28:45.1 (47662677)|METHOD_EXIT|[88]||Database.QueryLocatorIterator.hasNext()
15:28:45.1 (47665304)|METHOD_ENTRY|[88]||Database.QueryLocatorIterator.next()
15:28:45.1 (47690033)|METHOD_EXIT|[88]||Database.QueryLocatorIterator.next()
15:28:45.1 (47692902)|VARIABLE_SCOPE_BEGIN|[88]|fav|InterestedJob__c|true|false
15:28:45.1 (47713754)|VARIABLE_ASSIGNMENT|[88]|fav|{"Job__c":"a0KBK00000GezgQ2AR","Id":"a0OBK000005JEpa2AG"}|0x70213aaa
15:28:45.1 (47717241)|STATEMENT_EXECUTE|[93]
15:28:45.1 (47718171)|STATEMENT_EXECUTE|[94]
15:28:45.1 (47725673)|HEAP_ALLOCATE|[EXTERNAL]|Bytes:4
15:28:45.1 (47732400)|METHOD_ENTRY|[88]||Database.QueryLocatorIterator.hasNext()
15:28:45.1 (47745781)|METHOD_EXIT|[88]||Database.QueryLocatorIterator.hasNext()
15:28:45.1 (47749607)|METHOD_ENTRY|[88]||Database.QueryLocatorIterator.next()
15:28:45.1 (47773523)|METHOD_EXIT|[88]||Database.QueryLocatorIterator.next()
15:28:45.1 (47776107)|VARIABLE_SCOPE_BEGIN|[88]|fav|InterestedJob__c|true|false
15:28:45.1 (47791428)|VARIABLE_ASSIGNMENT|[88]|fav|{"Job__c":"a0KBK00000JHS4z2AH","Id":"a0OBK000005Pi6D2AS"}|0x145e383d
15:28:45.1 (47794778)|STATEMENT_EXECUTE|[93]
15:28:45.1 (47795639)|STATEMENT_EXECUTE|[94]
15:28:45.1 (47799837)|HEAP_ALLOCATE|[EXTERNAL]|Bytes:4
15:28:45.1 (47803713)|METHOD_ENTRY|[88]||Database.QueryLocatorIterator.hasNext()
15:28:45.1 (47812380)|METHOD_EXIT|[88]||Database.QueryLocatorIterator.hasNext()
15:28:45.1 (47814762)|METHOD_ENTRY|[88]||Database.QueryLocatorIterator.next()
15:28:45.1 (47834702)|METHOD_EXIT|[88]||Database.QueryLocatorIterator.next()
15:28:45.1 (47837048)|VARIABLE_SCOPE_BEGIN|[88]|fav|InterestedJob__c|true|false
15:28:45.1 (47849262)|VARIABLE_ASSIGNMENT|[88]|fav|{"Job__c":"a0KBK00000JScCH2A1","Id":"a0OBK000005VAwI2AW"}|0x2d99f060
15:28:45.1 (47852263)|STATEMENT_EXECUTE|[93]
15:28:45.1 (47853118)|STATEMENT_EXECUTE|[94]
15:28:45.1 (47856783)|HEAP_ALLOCATE|[EXTERNAL]|Bytes:4
15:28:45.1 (47860866)|METHOD_ENTRY|[88]||Database.QueryLocatorIterator.hasNext()
15:28:45.1 (47869398)|METHOD_EXIT|[88]||Database.QueryLocatorIterator.hasNext()
15:28:45.1 (47871513)|METHOD_ENTRY|[88]||Database.QueryLocatorIterator.next()
15:28:45.1 (47890610)|METHOD_EXIT|[88]||Database.QueryLocatorIterator.next()
15:28:45.1 (47892813)|VARIABLE_SCOPE_BEGIN|[88]|fav|InterestedJob__c|true|false
15:28:45.1 (47903713)|VARIABLE_ASSIGNMENT|[88]|fav|{"Job__c":"a0KBK00000Gezhs2AB","Id":"a0OBK000005VIdh2AG"}|0x360acc24
15:28:45.1 (47906563)|STATEMENT_EXECUTE|[93]
15:28:45.1 (47907354)|STATEMENT_EXECUTE|[94]
15:28:45.1 (47910763)|HEAP_ALLOCATE|[EXTERNAL]|Bytes:4
15:28:45.1 (47914356)|METHOD_ENTRY|[88]||Database.QueryLocatorIterator.hasNext()
15:28:45.1 (47922624)|METHOD_EXIT|[88]||Database.QueryLocatorIterator.hasNext()
15:28:45.1 (47924817)|METHOD_ENTRY|[88]||Database.QueryLocatorIterator.next()
15:28:45.1 (47943897)|METHOD_EXIT|[88]||Database.QueryLocatorIterator.next()
15:28:45.1 (47946997)|VARIABLE_SCOPE_BEGIN|[88]|fav|InterestedJob__c|true|false
15:28:45.1 (47964571)|VARIABLE_ASSIGNMENT|[88]|fav|{"Job__c":"a0KBK00000JSb4v2AD","Id":"a0OBK000005VNbm2AG"}|0x4f875425
15:28:45.1 (47968886)|STATEMENT_EXECUTE|[93]
15:28:45.1 (47970136)|STATEMENT_EXECUTE|[94]
15:28:45.1 (47975724)|HEAP_ALLOCATE|[EXTERNAL]|Bytes:4
15:28:45.1 (47980927)|METHOD_ENTRY|[88]||Database.QueryLocatorIterator.hasNext()
15:28:45.1 (47992702)|METHOD_EXIT|[88]||Database.QueryLocatorIterator.hasNext()
15:28:45.1 (47997304)|METHOD_ENTRY|[88]||Database.QueryLocatorIterator.next()
15:28:45.1 (48018142)|METHOD_EXIT|[88]||Database.QueryLocatorIterator.next()
15:28:45.1 (48021398)|VARIABLE_SCOPE_BEGIN|[88]|fav|InterestedJob__c|true|false
15:28:45.1 (48038206)|VARIABLE_ASSIGNMENT|[88]|fav|{"Job__c":"a0KBK00000Jh7Xx2AJ","Id":"a0OBK000005XjjR2AS"}|0x2a7d1238
15:28:45.1 (48042522)|STATEMENT_EXECUTE|[93]
15:28:45.1 (48043584)|STATEMENT_EXECUTE|[94]
15:28:45.1 (48048895)|HEAP_ALLOCATE|[EXTERNAL]|Bytes:4
15:28:45.1 (48054912)|METHOD_ENTRY|[88]||Database.QueryLocatorIterator.hasNext()
15:28:45.1 (48065325)|METHOD_EXIT|[88]||Database.QueryLocatorIterator.hasNext()
15:28:45.1 (48067567)|METHOD_ENTRY|[88]||Database.QueryLocatorIterator.next()
15:28:45.1 (48087278)|METHOD_EXIT|[88]||Database.QueryLocatorIterator.next()
15:28:45.1 (48089534)|VARIABLE_SCOPE_BEGIN|[88]|fav|InterestedJob__c|true|false
15:28:45.1 (48102542)|VARIABLE_ASSIGNMENT|[88]|fav|{"Job__c":"a0KBK00000JKXw92AH","Id":"a0OBK000005Pi4b2AC"}|0x4885fde7
15:28:45.1 (48105695)|STATEMENT_EXECUTE|[93]
15:28:45.1 (48106538)|STATEMENT_EXECUTE|[94]
15:28:45.1 (48110095)|HEAP_ALLOCATE|[EXTERNAL]|Bytes:4
15:28:45.1 (48113832)|METHOD_ENTRY|[88]||Database.QueryLocatorIterator.hasNext()
15:28:45.1 (48121835)|METHOD_EXIT|[88]||Database.QueryLocatorIterator.hasNext()
15:28:45.1 (48124295)|METHOD_ENTRY|[88]||Database.QueryLocatorIterator.next()
15:28:45.1 (48143309)|METHOD_EXIT|[88]||Database.QueryLocatorIterator.next()
15:28:45.1 (48145363)|VARIABLE_SCOPE_BEGIN|[88]|fav|InterestedJob__c|true|false
15:28:45.1 (48156070)|VARIABLE_ASSIGNMENT|[88]|fav|{"Job__c":"a0KBK00000JSXqv2AH","Id":"a0OBK000005VJwM2AW"}|0x288e633f
15:28:45.1 (48159004)|STATEMENT_EXECUTE|[93]
15:28:45.1 (48159818)|STATEMENT_EXECUTE|[94]
15:28:45.1 (48163139)|HEAP_ALLOCATE|[EXTERNAL]|Bytes:4
15:28:45.1 (48166598)|METHOD_ENTRY|[88]||Database.QueryLocatorIterator.hasNext()
15:28:45.1 (48174499)|METHOD_EXIT|[88]||Database.QueryLocatorIterator.hasNext()
15:28:45.1 (48176583)|METHOD_ENTRY|[88]||Database.QueryLocatorIterator.next()
15:28:45.1 (48196501)|METHOD_EXIT|[88]||Database.QueryLocatorIterator.next()
15:28:45.1 (48198613)|VARIABLE_SCOPE_BEGIN|[88]|fav|InterestedJob__c|true|false
15:28:45.1 (48209208)|VARIABLE_ASSIGNMENT|[88]|fav|{"Job__c":"a0KBK00000JSdMr2AL","Id":"a0OBK000005VDEF2A4"}|0x5ddd2c77
15:28:45.1 (48212226)|STATEMENT_EXECUTE|[93]
15:28:45.1 (48213029)|STATEMENT_EXECUTE|[94]
15:28:45.1 (48216195)|HEAP_ALLOCATE|[EXTERNAL]|Bytes:4
15:28:45.1 (48219755)|METHOD_ENTRY|[88]||Database.QueryLocatorIterator.hasNext()
15:28:45.1 (48225923)|METHOD_EXIT|[88]||Database.QueryLocatorIterator.hasNext()
15:28:45.1 (48229950)|VARIABLE_ASSIGNMENT|[88]|fav|null|
15:28:45.1 (48253478)|STATEMENT_EXECUTE|[98]
15:28:45.1 (48301959)|HEAP_ALLOCATE|[98]|Bytes:5
15:28:45.1 (48311846)|HEAP_ALLOCATE|[98]|Bytes:5
15:28:45.48 (48368042)|CUMULATIVE_LIMIT_USAGE
15:28:45.48 (48368042)|LIMIT_USAGE_FOR_NS|(default)|
  Number of SOQL queries: 1 out of 100
  Number of query rows: 10 out of 50000
  Number of SOSL queries: 0 out of 20
  Number of DML statements: 0 out of 0
  Number of Publish Immediate DML: 0 out of 150
  Number of DML rows: 0 out of 10000
  Maximum CPU time: 0 out of 10000
  Maximum heap size: 0 out of 6000000
  Number of callouts: 0 out of 100
  Number of Email Invocations: 0 out of 10
  Number of future calls: 0 out of 50
  Number of queueable jobs added to the queue: 0 out of 50
  Number of Mobile Apex push calls: 0 out of 10

15:28:45.48 (48368042)|CUMULATIVE_LIMIT_USAGE_END

15:28:45.1 (48393592)|CODE_UNIT_FINISHED|JobDetailController.getJobFavoriteStatus(String)
15:28:45.1 (48582349)|CODE_UNIT_FINISHED|apex://JobDetailController/ACTION$getJobFavoriteStatus
15:28:45.1 (48590716)|EXECUTION_FINISHED
