66.0 APEX_CODE,FINEST;APEX_PROFILING,INFO;CALLOUT,INFO;DATA_ACCESS,INFO;DB,INFO;NBA,INFO;SYSTEM,DEBUG;VALIDATION,INFO;VISUALFORCE,INFO;WAVE,INFO;WORKFLOW,INFO
17:51:11.0 (257585)|USER_INFO|[EXTERNAL]|0057F0000042UBb|ishibashi@hurex.co.jp.dev1|(GMT+09:00) 日本標準時 (Asia/Tokyo)|GMT+09:00
17:51:11.0 (292112)|EXECUTION_STARTED
17:51:11.0 (302592)|CODE_UNIT_STARTED|[EXTERNAL]|apex://JobCardsController/ACTION$getJobs
17:51:11.0 (1219904)|CODE_UNIT_STARTED|[EXTERNAL]|01pBK000001RGBP|JobCardsController.getJobs()
17:51:11.0 (1739173)|HEAP_ALLOCATE|[95]|Bytes:3
17:51:11.0 (1830677)|HEAP_ALLOCATE|[100]|Bytes:152
17:51:11.0 (1850525)|HEAP_ALLOCATE|[417]|Bytes:408
17:51:11.0 (1862020)|HEAP_ALLOCATE|[430]|Bytes:408
17:51:11.0 (1883163)|HEAP_ALLOCATE|[317]|Bytes:6
17:51:11.0 (1893795)|HEAP_ALLOCATE|[EXTERNAL]|Bytes:10
17:51:11.0 (1897475)|HEAP_ALLOCATE|[EXTERNAL]|Bytes:5
17:51:11.0 (1899507)|HEAP_ALLOCATE|[EXTERNAL]|Bytes:3
17:51:11.0 (1918266)|METHOD_ENTRY|[6]|01pBK000001RGBP|JobCardsController.JobCardsController()
17:51:11.0 (1925277)|STATEMENT_EXECUTE|[6]
17:51:11.0 (1931927)|STATEMENT_EXECUTE|[6]
17:51:11.0 (1964012)|HEAP_ALLOCATE|[68]|Bytes:5
17:51:11.0 (1998168)|HEAP_ALLOCATE|[74]|Bytes:5
17:51:11.0 (2003294)|HEAP_ALLOCATE|[82]|Bytes:7
17:51:11.0 (2313911)|HEAP_ALLOCATE|[EXTERNAL]|Bytes:5
17:51:11.0 (2321502)|STATEMENT_EXECUTE|[12]
17:51:11.0 (2332365)|METHOD_EXIT|[6]|JobCardsController
17:51:11.0 (2346248)|HEAP_ALLOCATE|[35]|Bytes:5
17:51:11.0 (2348626)|STATEMENT_EXECUTE|[33]
17:51:11.0 (2349689)|STATEMENT_EXECUTE|[35]
17:51:11.0 (2372116)|HEAP_ALLOCATE|[35]|Bytes:4
17:51:11.0 (2457482)|VARIABLE_SCOPE_BEGIN|[35]|favoriteJobIds|Set<Id>|true|false
17:51:11.0 (2621283)|VARIABLE_ASSIGNMENT|[35]|favoriteJobIds|[]|0x392196a2
17:51:11.0 (2628294)|HEAP_ALLOCATE|[36]|Bytes:91
17:51:11.0 (2643835)|HEAP_ALLOCATE|[36]|Bytes:4
17:51:11.0 (2652044)|HEAP_ALLOCATE|[36]|Bytes:7
17:51:11.0 (2698549)|HEAP_ALLOCATE|[38]|Bytes:105
17:51:11.0 (2706314)|SYSTEM_METHOD_ENTRY|[1]|UserInfo.UserInfo()
17:51:11.0 (2708495)|STATEMENT_EXECUTE|[1]
17:51:11.0 (2714201)|SYSTEM_METHOD_EXIT|[1]|UserInfo
17:51:11.0 (2725092)|METHOD_ENTRY|[38]||System.UserInfo.getUserId()
17:51:11.0 (7439266)|METHOD_EXIT|[38]||System.UserInfo.getUserId()
17:51:11.0 (21508993)|SOQL_EXECUTE_BEGIN|[36]|Aggregations:0|SELECT Job__c FROM InterestedJob__c WHERE (CreatedById = :tmpVar1 AND IsArchive__c = FALSE)
17:51:11.0 (39830217)|SOQL_EXECUTE_END|[36]|Rows:4
17:51:11.0 (39875056)|HEAP_ALLOCATE|[EXTERNAL]|Bytes:20
17:51:11.0 (40107485)|HEAP_ALLOCATE|[36]|Bytes:54
17:51:11.0 (40116228)|HEAP_ALLOCATE|[36]|Bytes:8
17:51:11.0 (40131584)|SYSTEM_METHOD_ENTRY|[7]|QueryLocatorIterator.QueryLocatorIterator()
17:51:11.0 (40136641)|STATEMENT_EXECUTE|[7]
17:51:11.0 (40152054)|SYSTEM_METHOD_EXIT|[7]|QueryLocatorIterator
17:51:11.0 (40160857)|HEAP_ALLOCATE|[36]|Bytes:28
17:51:11.0 (40251533)|HEAP_ALLOCATE|[36]|Bytes:20
17:51:11.0 (40261516)|HEAP_ALLOCATE|[36]|Bytes:8
17:51:11.0 (40263445)|HEAP_ALLOCATE|[36]|Bytes:8
17:51:11.0 (40268856)|VARIABLE_SCOPE_BEGIN|[15]|this|Database.QueryLocatorIterator|true|false
17:51:11.0 (40329493)|VARIABLE_ASSIGNMENT|[15]|this|{}|0x3f26ba84
17:51:11.0 (40334631)|VARIABLE_SCOPE_BEGIN|[15]|values|List<SObject>|true|false
17:51:11.0 (40449610)|VARIABLE_ASSIGNMENT|[15]|values|[{"Job__c":"a0KBK00000Gexcs2AB","Id":"a0OBK000004najC2AQ"},{"Job__c":"a0KBK00000Gexdg2AB","Id":"a0OBK000004nbNV2AY"},{"Job__c":"a0KBK00000Gexcu2AB","Id":"a0OBK000004v8wE2AQ"},{"Job__c":"a0KBK00000GezgQ2AR","Id":"a0OBK0000050riz2AA"}]|0x6a1bd38b
17:51:11.0 (40455829)|VARIABLE_SCOPE_BEGIN|[15]|ql|Database.QueryLocator|true|false
17:51:11.0 (40475122)|VARIABLE_ASSIGNMENT|[15]|ql|{"query":"SELECT Job__c FROM I (71 more) ..."}|0x73fcb3b1
17:51:11.0 (40479517)|VARIABLE_SCOPE_BEGIN|[15]|totalNumRecords|Integer|false|false
17:51:11.0 (40488695)|VARIABLE_ASSIGNMENT|[15]|totalNumRecords|4
17:51:11.0 (40492417)|VARIABLE_SCOPE_BEGIN|[15]|queryMoreSize|Integer|false|false
17:51:11.0 (40498549)|VARIABLE_ASSIGNMENT|[15]|queryMoreSize|49996
17:51:11.0 (40574051)|HEAP_ALLOCATE|[36]|Bytes:28
17:51:11.0 (40640330)|METHOD_ENTRY|[36]||Database.QueryLocatorIterator.hasNext()
17:51:11.0 (40756940)|METHOD_EXIT|[36]||Database.QueryLocatorIterator.hasNext()
17:51:11.0 (40766463)|METHOD_ENTRY|[36]||Database.QueryLocatorIterator.next()
17:51:11.0 (40840052)|METHOD_EXIT|[36]||Database.QueryLocatorIterator.next()
17:51:11.0 (40848184)|VARIABLE_SCOPE_BEGIN|[36]|fav|InterestedJob__c|true|false
17:51:11.0 (40911770)|VARIABLE_ASSIGNMENT|[36]|fav|{"Job__c":"a0KBK00000Gexcs2AB","Id":"a0OBK000004najC2AQ"}|0x633c39c6
17:51:11.0 (40919171)|STATEMENT_EXECUTE|[39]
17:51:11.0 (40921000)|STATEMENT_EXECUTE|[40]
17:51:11.0 (41002098)|HEAP_ALLOCATE|[EXTERNAL]|Bytes:4
17:51:11.0 (41015482)|METHOD_ENTRY|[36]||Database.QueryLocatorIterator.hasNext()
17:51:11.0 (41031621)|METHOD_EXIT|[36]||Database.QueryLocatorIterator.hasNext()
17:51:11.0 (41035905)|METHOD_ENTRY|[36]||Database.QueryLocatorIterator.next()
17:51:11.0 (41071413)|METHOD_EXIT|[36]||Database.QueryLocatorIterator.next()
17:51:11.0 (41075525)|VARIABLE_SCOPE_BEGIN|[36]|fav|InterestedJob__c|true|false
17:51:11.0 (41104544)|VARIABLE_ASSIGNMENT|[36]|fav|{"Job__c":"a0KBK00000Gexdg2AB","Id":"a0OBK000004nbNV2AY"}|0x570f29a1
17:51:11.0 (41109809)|STATEMENT_EXECUTE|[39]
17:51:11.0 (41111334)|STATEMENT_EXECUTE|[40]
17:51:11.0 (41120031)|HEAP_ALLOCATE|[EXTERNAL]|Bytes:4
17:51:11.0 (41126449)|METHOD_ENTRY|[36]||Database.QueryLocatorIterator.hasNext()
17:51:11.0 (41139592)|METHOD_EXIT|[36]||Database.QueryLocatorIterator.hasNext()
17:51:11.0 (41143296)|METHOD_ENTRY|[36]||Database.QueryLocatorIterator.next()
17:51:11.0 (41173811)|METHOD_EXIT|[36]||Database.QueryLocatorIterator.next()
17:51:11.0 (41177429)|VARIABLE_SCOPE_BEGIN|[36]|fav|InterestedJob__c|true|false
17:51:11.0 (41197556)|VARIABLE_ASSIGNMENT|[36]|fav|{"Job__c":"a0KBK00000Gexcu2AB","Id":"a0OBK000004v8wE2AQ"}|0x417879ca
17:51:11.0 (41202337)|STATEMENT_EXECUTE|[39]
17:51:11.0 (41203704)|STATEMENT_EXECUTE|[40]
17:51:11.0 (41209450)|HEAP_ALLOCATE|[EXTERNAL]|Bytes:4
17:51:11.0 (41215401)|METHOD_ENTRY|[36]||Database.QueryLocatorIterator.hasNext()
17:51:11.0 (41227442)|METHOD_EXIT|[36]||Database.QueryLocatorIterator.hasNext()
17:51:11.0 (41231230)|METHOD_ENTRY|[36]||Database.QueryLocatorIterator.next()
17:51:11.0 (41259447)|METHOD_EXIT|[36]||Database.QueryLocatorIterator.next()
17:51:11.0 (41263095)|VARIABLE_SCOPE_BEGIN|[36]|fav|InterestedJob__c|true|false
17:51:11.0 (41283913)|VARIABLE_ASSIGNMENT|[36]|fav|{"Job__c":"a0KBK00000GezgQ2AR","Id":"a0OBK0000050riz2AA"}|0xa900ec9
17:51:11.0 (41288296)|STATEMENT_EXECUTE|[39]
17:51:11.0 (41289501)|STATEMENT_EXECUTE|[40]
17:51:11.0 (41294992)|HEAP_ALLOCATE|[EXTERNAL]|Bytes:4
17:51:11.0 (41300974)|METHOD_ENTRY|[36]||Database.QueryLocatorIterator.hasNext()
17:51:11.0 (41309826)|METHOD_EXIT|[36]||Database.QueryLocatorIterator.hasNext()
17:51:11.0 (41314397)|VARIABLE_ASSIGNMENT|[36]|fav|null|
17:51:11.0 (41336392)|STATEMENT_EXECUTE|[44]
17:51:11.0 (41339291)|HEAP_ALLOCATE|[44]|Bytes:217
17:51:11.0 (41358881)|HEAP_ALLOCATE|[44]|Bytes:4
17:51:11.0 (45249227)|SOQL_EXECUTE_BEGIN|[44]|Aggregations:0|SELECT Id, JobPosition__c, WorkLocation2__c, JobCategory1__c, MaxAnnualSalary__c, MinAnnualSalary__c, JobDescription__c, LastModifiedDate, LastViewedDate FROM Job__c ORDER BY LastModifiedDate DESC NULLS FIRST LIMIT 10
17:51:11.0 (71925854)|SOQL_EXECUTE_END|[44]|Rows:10
17:51:11.0 (71974057)|HEAP_ALLOCATE|[44]|Bytes:44
17:51:11.0 (71996659)|HEAP_ALLOCATE|[44]|Bytes:4083
17:51:11.0 (72130109)|HEAP_ALLOCATE|[44]|Bytes:44
17:51:11.0 (72153409)|VARIABLE_SCOPE_BEGIN|[44]|jobs|List<Job__c>|true|false
17:51:11.0 (72180675)|VARIABLE_ASSIGNMENT|[44]|jobs|"List of size 10 too large to display"|0x55faba4f
17:51:11.0 (72185502)|STATEMENT_EXECUTE|[54]
17:51:11.0 (72196248)|HEAP_ALLOCATE|[54]|Bytes:4
17:51:11.0 (72286002)|VARIABLE_SCOPE_BEGIN|[54]|result|List<JobCardsController.JobWrapper>|true|false
17:51:11.0 (72302999)|HEAP_ALLOCATE|[EXTERNAL]|Bytes:4
17:51:11.0 (72310031)|VARIABLE_ASSIGNMENT|[54]|result|[]|0x6bfbd289
17:51:11.0 (72448182)|HEAP_ALLOCATE|[55]|Bytes:5
17:51:11.0 (72476088)|HEAP_ALLOCATE|[55]|Bytes:40
17:51:11.0 (72482947)|VARIABLE_SCOPE_BEGIN|[55]|j|Job__c|true|false
17:51:11.0 (72645371)|VARIABLE_ASSIGNMENT|[55]|j|{"LastModifiedDate":"2026-04-03T04:12:21.000Z","JobPosition__c":"新潟市(新潟) 法人ルート営業・業界シェ (74 more) ...","WorkLocation2__c":"新潟県新潟市（転勤なし／車通勤可）","LastViewedDate":"2026-04-03T08:24:43.000Z","Id":"a0KBK00000GezgQ2AR","MinAnnualSalary__c":350,"JobDescription__c":"自社開発製造の給配水機器とその関連製品の (25 more) ...","JobCategory1__c":"経営幹部/企画/マーケティング系","MaxAnnualSalary__c":550}|0x6aba5220
17:51:11.0 (72658341)|STATEMENT_EXECUTE|[55]
17:51:11.0 (72659384)|STATEMENT_EXECUTE|[56]
17:51:11.0 (72701476)|HEAP_ALLOCATE|[56]|Bytes:44
17:51:11.0 (72729038)|CONSTRUCTOR_ENTRY|[56]|01pBK000001RGBP|<init>()|JobCardsController.JobWrapper
17:51:11.0 (72764487)|VARIABLE_SCOPE_BEGIN|[12]|this|JobCardsController.JobWrapper|true|false
17:51:11.0 (72890832)|VARIABLE_ASSIGNMENT|[12]|this|{}|0x51b46a01
17:51:11.0 (72918094)|STATEMENT_EXECUTE|[12]
17:51:11.0 (72919319)|STATEMENT_EXECUTE|[13]
17:51:11.0 (72920341)|STATEMENT_EXECUTE|[14]
17:51:11.0 (72921392)|STATEMENT_EXECUTE|[15]
17:51:11.0 (72922309)|STATEMENT_EXECUTE|[16]
17:51:11.0 (72923219)|STATEMENT_EXECUTE|[17]
17:51:11.0 (72924111)|STATEMENT_EXECUTE|[18]
17:51:11.0 (72924876)|STATEMENT_EXECUTE|[19]
17:51:11.0 (72925754)|STATEMENT_EXECUTE|[20]
17:51:11.0 (72926536)|STATEMENT_EXECUTE|[21]
17:51:11.0 (72927376)|STATEMENT_EXECUTE|[22]
17:51:11.0 (72930864)|CONSTRUCTOR_EXIT|[56]|01pBK000001RGBP|<init>()|JobCardsController.JobWrapper
17:51:11.0 (72934579)|VARIABLE_SCOPE_BEGIN|[56]|wrapper|JobCardsController.JobWrapper|true|false
17:51:11.0 (72944724)|VARIABLE_ASSIGNMENT|[56]|wrapper|{}|0x51b46a01
17:51:11.0 (72947346)|STATEMENT_EXECUTE|[57]
17:51:11.0 (73187156)|VARIABLE_ASSIGNMENT|[57]|this.Id|"a0KBK00000GezgQ2AR"|0x51b46a01
17:51:11.0 (73193532)|STATEMENT_EXECUTE|[58]
17:51:11.0 (73216024)|VARIABLE_ASSIGNMENT|[58]|this.JobPosition|"新潟市(新潟) 法人ルート営業・業界シェ (74 more) ..."|0x51b46a01
17:51:11.0 (73220440)|STATEMENT_EXECUTE|[59]
17:51:11.0 (73228822)|VARIABLE_ASSIGNMENT|[59]|this.WorkLocation2|"新潟県新潟市（転勤なし／車通勤可）"|0x51b46a01
17:51:11.0 (73232031)|STATEMENT_EXECUTE|[60]
17:51:11.0 (73239624)|VARIABLE_ASSIGNMENT|[60]|this.JobCategory1|"経営幹部/企画/マーケティング系"|0x51b46a01
17:51:11.0 (73242706)|STATEMENT_EXECUTE|[61]
17:51:11.0 (73269504)|VARIABLE_ASSIGNMENT|[61]|this.MaxAnnualSalary|550|0x51b46a01
17:51:11.0 (73272121)|STATEMENT_EXECUTE|[62]
17:51:11.0 (73278947)|VARIABLE_ASSIGNMENT|[62]|this.MinAnnualSalary|350|0x51b46a01
17:51:11.0 (73281714)|STATEMENT_EXECUTE|[63]
17:51:11.0 (73289055)|VARIABLE_ASSIGNMENT|[63]|this.JobDescription|"自社開発製造の給配水機器とその関連製品の (25 more) ..."|0x51b46a01
17:51:11.0 (73292069)|STATEMENT_EXECUTE|[64]
17:51:11.0 (73321606)|VARIABLE_ASSIGNMENT|[64]|this.LastModifiedDate|"2026-04-03T04:12:21.000Z"|0x51b46a01
17:51:11.0 (73324710)|STATEMENT_EXECUTE|[65]
17:51:11.0 (73338629)|VARIABLE_ASSIGNMENT|[65]|this.LastViewedDate|"2026-04-03T08:24:43.000Z"|0x51b46a01
17:51:11.0 (73341623)|STATEMENT_EXECUTE|[66]
17:51:11.0 (73393531)|HEAP_ALLOCATE|[66]|Bytes:5
17:51:11.0 (73399158)|VARIABLE_ASSIGNMENT|[66]|this.IsFavorite|true|0x51b46a01
17:51:11.0 (73401801)|STATEMENT_EXECUTE|[67]
17:51:11.0 (73420520)|HEAP_ALLOCATE|[EXTERNAL]|Bytes:4
17:51:11.0 (73433414)|HEAP_ALLOCATE|[55]|Bytes:5
17:51:11.0 (73446322)|HEAP_ALLOCATE|[55]|Bytes:32
17:51:11.0 (73452954)|VARIABLE_SCOPE_BEGIN|[55]|j|Job__c|true|false
17:51:11.0 (73508888)|VARIABLE_ASSIGNMENT|[55]|j|{"LastModifiedDate":"2026-04-02T02:54:44.000Z","JobPosition__c":"テスト451求人タイトル求人タイトル求人 (235 more) ...","WorkLocation2__c":"444444","LastViewedDate":"2026-04-02T11:07:27.000Z","Id":"a0KBK00000Gexdg2AB","JobDescription__c":"テスト451仕事内容仕事内容仕事内容仕事 (230 more) ...","JobCategory1__c":"経営幹部/企画/マーケティング系"}|0x2c42e957
17:51:11.0 (73516047)|STATEMENT_EXECUTE|[55]
17:51:11.0 (73516908)|STATEMENT_EXECUTE|[56]
17:51:11.0 (73520675)|HEAP_ALLOCATE|[56]|Bytes:44
17:51:11.0 (73525758)|CONSTRUCTOR_ENTRY|[56]|01pBK000001RGBP|<init>()|JobCardsController.JobWrapper
17:51:11.0 (73529893)|VARIABLE_SCOPE_BEGIN|[12]|this|JobCardsController.JobWrapper|true|false
17:51:11.0 (73544309)|VARIABLE_ASSIGNMENT|[12]|this|{}|0x1632ab70
17:51:11.0 (73555941)|STATEMENT_EXECUTE|[12]
17:51:11.0 (73556898)|STATEMENT_EXECUTE|[13]
17:51:11.0 (73557740)|STATEMENT_EXECUTE|[14]
17:51:11.0 (73558555)|STATEMENT_EXECUTE|[15]
17:51:11.0 (73559367)|STATEMENT_EXECUTE|[16]
17:51:11.0 (73560166)|STATEMENT_EXECUTE|[17]
17:51:11.0 (73561075)|STATEMENT_EXECUTE|[18]
17:51:11.0 (73561836)|STATEMENT_EXECUTE|[19]
17:51:11.0 (73562606)|STATEMENT_EXECUTE|[20]
17:51:11.0 (73563374)|STATEMENT_EXECUTE|[21]
17:51:11.0 (73564197)|STATEMENT_EXECUTE|[22]
17:51:11.0 (73566493)|CONSTRUCTOR_EXIT|[56]|01pBK000001RGBP|<init>()|JobCardsController.JobWrapper
17:51:11.0 (73569664)|VARIABLE_SCOPE_BEGIN|[56]|wrapper|JobCardsController.JobWrapper|true|false
17:51:11.0 (73576880)|VARIABLE_ASSIGNMENT|[56]|wrapper|{}|0x1632ab70
17:51:11.0 (73579629)|STATEMENT_EXECUTE|[57]
17:51:11.0 (73631895)|VARIABLE_ASSIGNMENT|[57]|this.Id|"a0KBK00000Gexdg2AB"|0x1632ab70
17:51:11.0 (73634949)|STATEMENT_EXECUTE|[58]
17:51:11.0 (73640474)|VARIABLE_ASSIGNMENT|[58]|this.JobPosition|"テスト451求人タイトル求人タイトル求人 (235 more) ..."|0x1632ab70
17:51:11.0 (73643691)|STATEMENT_EXECUTE|[59]
17:51:11.0 (73647452)|VARIABLE_ASSIGNMENT|[59]|this.WorkLocation2|"444444"|0x1632ab70
17:51:11.0 (73649921)|STATEMENT_EXECUTE|[60]
17:51:11.0 (73653426)|VARIABLE_ASSIGNMENT|[60]|this.JobCategory1|"経営幹部/企画/マーケティング系"|0x1632ab70
17:51:11.0 (73656170)|STATEMENT_EXECUTE|[61]
17:51:11.0 (73659850)|VARIABLE_ASSIGNMENT|[61]|this.MaxAnnualSalary|null|0x1632ab70
17:51:11.0 (73662130)|STATEMENT_EXECUTE|[62]
17:51:11.0 (73664717)|VARIABLE_ASSIGNMENT|[62]|this.MinAnnualSalary|null|0x1632ab70
17:51:11.0 (73667043)|STATEMENT_EXECUTE|[63]
17:51:11.0 (73670771)|VARIABLE_ASSIGNMENT|[63]|this.JobDescription|"テスト451仕事内容仕事内容仕事内容仕事 (230 more) ..."|0x1632ab70
17:51:11.0 (73673684)|STATEMENT_EXECUTE|[64]
17:51:11.0 (73682942)|VARIABLE_ASSIGNMENT|[64]|this.LastModifiedDate|"2026-04-02T02:54:44.000Z"|0x1632ab70
17:51:11.0 (73685491)|STATEMENT_EXECUTE|[65]
17:51:11.0 (73690849)|VARIABLE_ASSIGNMENT|[65]|this.LastViewedDate|"2026-04-02T11:07:27.000Z"|0x1632ab70
17:51:11.0 (73693229)|STATEMENT_EXECUTE|[66]
17:51:11.0 (73701903)|HEAP_ALLOCATE|[66]|Bytes:5
17:51:11.0 (73705300)|VARIABLE_ASSIGNMENT|[66]|this.IsFavorite|true|0x1632ab70
17:51:11.0 (73707800)|STATEMENT_EXECUTE|[67]
17:51:11.0 (73711377)|HEAP_ALLOCATE|[EXTERNAL]|Bytes:4
17:51:11.0 (73717253)|HEAP_ALLOCATE|[55]|Bytes:5
17:51:11.0 (73722875)|HEAP_ALLOCATE|[55]|Bytes:40
17:51:11.0 (73725888)|VARIABLE_SCOPE_BEGIN|[55]|j|Job__c|true|false
17:51:11.0 (73771003)|VARIABLE_ASSIGNMENT|[55]|j|{"LastModifiedDate":"2026-03-18T01:52:52.000Z","JobPosition__c":"テスト401求人タイトル求人タイトル求人 (28 more) ...","WorkLocation2__c":"勤務地","LastViewedDate":"2026-04-02T11:19:39.000Z","Id":"a0KBK00000Gexcs2AB","MinAnnualSalary__c":450,"JobDescription__c":"テスト401仕事内容仕事内容仕事内容仕事 (30 more) ...","JobCategory1__c":"専門職系（コンサルタント/金融/不動産）","MaxAnnualSalary__c":600}|0x3aa9266e
17:51:11.0 (73780828)|STATEMENT_EXECUTE|[55]
17:51:11.0 (73782028)|STATEMENT_EXECUTE|[56]
17:51:11.0 (73784886)|HEAP_ALLOCATE|[56]|Bytes:44
17:51:11.0 (73789693)|CONSTRUCTOR_ENTRY|[56]|01pBK000001RGBP|<init>()|JobCardsController.JobWrapper
17:51:11.0 (73794788)|VARIABLE_SCOPE_BEGIN|[12]|this|JobCardsController.JobWrapper|true|false
17:51:11.0 (73807838)|VARIABLE_ASSIGNMENT|[12]|this|{}|0x19d28d08
17:51:11.0 (73818523)|STATEMENT_EXECUTE|[12]
17:51:11.0 (73819845)|STATEMENT_EXECUTE|[13]
17:51:11.0 (73820997)|STATEMENT_EXECUTE|[14]
17:51:11.0 (73822050)|STATEMENT_EXECUTE|[15]
17:51:11.0 (73823207)|STATEMENT_EXECUTE|[16]
17:51:11.0 (73824438)|STATEMENT_EXECUTE|[17]
17:51:11.0 (73825488)|STATEMENT_EXECUTE|[18]
17:51:11.0 (73826533)|STATEMENT_EXECUTE|[19]
17:51:11.0 (73827575)|STATEMENT_EXECUTE|[20]
17:51:11.0 (73828500)|STATEMENT_EXECUTE|[21]
17:51:11.0 (73830603)|STATEMENT_EXECUTE|[22]
17:51:11.0 (73832740)|CONSTRUCTOR_EXIT|[56]|01pBK000001RGBP|<init>()|JobCardsController.JobWrapper
17:51:11.0 (73835960)|VARIABLE_SCOPE_BEGIN|[56]|wrapper|JobCardsController.JobWrapper|true|false
17:51:11.0 (73843222)|VARIABLE_ASSIGNMENT|[56]|wrapper|{}|0x19d28d08
17:51:11.0 (73845598)|STATEMENT_EXECUTE|[57]
17:51:11.0 (73881282)|VARIABLE_ASSIGNMENT|[57]|this.Id|"a0KBK00000Gexcs2AB"|0x19d28d08
17:51:11.0 (73884352)|STATEMENT_EXECUTE|[58]
17:51:11.0 (73889382)|VARIABLE_ASSIGNMENT|[58]|this.JobPosition|"テスト401求人タイトル求人タイトル求人 (28 more) ..."|0x19d28d08
17:51:11.0 (73892468)|STATEMENT_EXECUTE|[59]
17:51:11.0 (73895968)|VARIABLE_ASSIGNMENT|[59]|this.WorkLocation2|"勤務地"|0x19d28d08
17:51:11.0 (73898769)|STATEMENT_EXECUTE|[60]
17:51:11.0 (73902197)|VARIABLE_ASSIGNMENT|[60]|this.JobCategory1|"専門職系（コンサルタント/金融/不動産）"|0x19d28d08
17:51:11.0 (73905104)|STATEMENT_EXECUTE|[61]
17:51:11.0 (73912715)|VARIABLE_ASSIGNMENT|[61]|this.MaxAnnualSalary|600|0x19d28d08
17:51:11.0 (73915139)|STATEMENT_EXECUTE|[62]
17:51:11.0 (73918982)|VARIABLE_ASSIGNMENT|[62]|this.MinAnnualSalary|450|0x19d28d08
17:51:11.0 (73921345)|STATEMENT_EXECUTE|[63]
17:51:11.0 (73925137)|VARIABLE_ASSIGNMENT|[63]|this.JobDescription|"テスト401仕事内容仕事内容仕事内容仕事 (30 more) ..."|0x19d28d08
17:51:11.0 (73928032)|STATEMENT_EXECUTE|[64]
17:51:11.0 (73936652)|VARIABLE_ASSIGNMENT|[64]|this.LastModifiedDate|"2026-03-18T01:52:52.000Z"|0x19d28d08
17:51:11.0 (73939120)|STATEMENT_EXECUTE|[65]
17:51:11.0 (73944308)|VARIABLE_ASSIGNMENT|[65]|this.LastViewedDate|"2026-04-02T11:19:39.000Z"|0x19d28d08
17:51:11.0 (73946739)|STATEMENT_EXECUTE|[66]
17:51:11.0 (73954597)|HEAP_ALLOCATE|[66]|Bytes:5
17:51:11.0 (73957707)|VARIABLE_ASSIGNMENT|[66]|this.IsFavorite|true|0x19d28d08
17:51:11.0 (73960077)|STATEMENT_EXECUTE|[67]
17:51:11.0 (73963327)|HEAP_ALLOCATE|[EXTERNAL]|Bytes:4
17:51:11.0 (73968484)|HEAP_ALLOCATE|[55]|Bytes:5
17:51:11.0 (73973598)|HEAP_ALLOCATE|[55]|Bytes:36
17:51:11.0 (73976346)|VARIABLE_SCOPE_BEGIN|[55]|j|Job__c|true|false
17:51:11.0 (74014092)|VARIABLE_ASSIGNMENT|[55]|j|{"LastModifiedDate":"2026-03-12T05:33:30.000Z","JobPosition__c":"テスト424求人タイトル求人タイトル求人 (28 more) ...","LastViewedDate":"2026-04-02T07:16:25.000Z","Id":"a0KBK00000GexdF2AR","MinAnnualSalary__c":250,"JobDescription__c":"テスト424仕事内容仕事内容仕事内容仕事 (30 more) ...","JobCategory1__c":"技術系（電気/電子/機械）","MaxAnnualSalary__c":350}|0x24437cc2
17:51:11.0 (74020801)|STATEMENT_EXECUTE|[55]
17:51:11.0 (74021660)|STATEMENT_EXECUTE|[56]
17:51:11.0 (74023582)|HEAP_ALLOCATE|[56]|Bytes:44
17:51:11.0 (74026511)|CONSTRUCTOR_ENTRY|[56]|01pBK000001RGBP|<init>()|JobCardsController.JobWrapper
17:51:11.0 (74029661)|VARIABLE_SCOPE_BEGIN|[12]|this|JobCardsController.JobWrapper|true|false
17:51:11.0 (74037986)|VARIABLE_ASSIGNMENT|[12]|this|{}|0x6bc41851
17:51:11.0 (74044546)|STATEMENT_EXECUTE|[12]
17:51:11.0 (74045440)|STATEMENT_EXECUTE|[13]
17:51:11.0 (74046226)|STATEMENT_EXECUTE|[14]
17:51:11.0 (74046996)|STATEMENT_EXECUTE|[15]
17:51:11.0 (74047771)|STATEMENT_EXECUTE|[16]
17:51:11.0 (74048558)|STATEMENT_EXECUTE|[17]
17:51:11.0 (74049480)|STATEMENT_EXECUTE|[18]
17:51:11.0 (74050475)|STATEMENT_EXECUTE|[19]
17:51:11.0 (74051247)|STATEMENT_EXECUTE|[20]
17:51:11.0 (74052019)|STATEMENT_EXECUTE|[21]
17:51:11.0 (74052838)|STATEMENT_EXECUTE|[22]
17:51:11.0 (74054445)|CONSTRUCTOR_EXIT|[56]|01pBK000001RGBP|<init>()|JobCardsController.JobWrapper
17:51:11.0 (74057131)|VARIABLE_SCOPE_BEGIN|[56]|wrapper|JobCardsController.JobWrapper|true|false
17:51:11.0 (74063608)|VARIABLE_ASSIGNMENT|[56]|wrapper|{}|0x6bc41851
17:51:11.0 (74065997)|STATEMENT_EXECUTE|[57]
17:51:11.0 (74091051)|VARIABLE_ASSIGNMENT|[57]|this.Id|"a0KBK00000GexdF2AR"|0x6bc41851
17:51:11.0 (74094063)|STATEMENT_EXECUTE|[58]
17:51:11.0 (74098481)|VARIABLE_ASSIGNMENT|[58]|this.JobPosition|"テスト424求人タイトル求人タイトル求人 (28 more) ..."|0x6bc41851
17:51:11.0 (74101565)|STATEMENT_EXECUTE|[59]
17:51:11.0 (74104796)|VARIABLE_ASSIGNMENT|[59]|this.WorkLocation2|null|0x6bc41851
17:51:11.0 (74107303)|STATEMENT_EXECUTE|[60]
17:51:11.0 (74110606)|VARIABLE_ASSIGNMENT|[60]|this.JobCategory1|"技術系（電気/電子/機械）"|0x6bc41851
17:51:11.0 (74113755)|STATEMENT_EXECUTE|[61]
17:51:11.0 (74118315)|VARIABLE_ASSIGNMENT|[61]|this.MaxAnnualSalary|350|0x6bc41851
17:51:11.0 (74120729)|STATEMENT_EXECUTE|[62]
17:51:11.0 (74124087)|VARIABLE_ASSIGNMENT|[62]|this.MinAnnualSalary|250|0x6bc41851
17:51:11.0 (74126511)|STATEMENT_EXECUTE|[63]
17:51:11.0 (74130195)|VARIABLE_ASSIGNMENT|[63]|this.JobDescription|"テスト424仕事内容仕事内容仕事内容仕事 (30 more) ..."|0x6bc41851
17:51:11.0 (74133034)|STATEMENT_EXECUTE|[64]
17:51:11.0 (74139893)|VARIABLE_ASSIGNMENT|[64]|this.LastModifiedDate|"2026-03-12T05:33:30.000Z"|0x6bc41851
17:51:11.0 (74142565)|STATEMENT_EXECUTE|[65]
17:51:11.0 (74147723)|VARIABLE_ASSIGNMENT|[65]|this.LastViewedDate|"2026-04-02T07:16:25.000Z"|0x6bc41851
17:51:11.0 (74150295)|STATEMENT_EXECUTE|[66]
17:51:11.0 (74156123)|HEAP_ALLOCATE|[66]|Bytes:5
17:51:11.0 (74159090)|VARIABLE_ASSIGNMENT|[66]|this.IsFavorite|false|0x6bc41851
17:51:11.0 (74161380)|STATEMENT_EXECUTE|[67]
17:51:11.0 (74164254)|HEAP_ALLOCATE|[EXTERNAL]|Bytes:4
17:51:11.0 (74169317)|HEAP_ALLOCATE|[55]|Bytes:5
17:51:11.0 (74173895)|HEAP_ALLOCATE|[55]|Bytes:36
17:51:11.0 (74176353)|VARIABLE_SCOPE_BEGIN|[55]|j|Job__c|true|false
17:51:11.0 (74208280)|VARIABLE_ASSIGNMENT|[55]|j|{"LastModifiedDate":"2026-03-09T05:51:50.000Z","JobPosition__c":"テスト403求人タイトル求人タイトル求人 (28 more) ...","LastViewedDate":"2026-04-02T10:23:00.000Z","Id":"a0KBK00000Gexcu2AB","MinAnnualSalary__c":900,"JobDescription__c":"テスト403仕事内容仕事内容仕事内容仕事 (30 more) ...","JobCategory1__c":"営業系","MaxAnnualSalary__c":600}|0x1c501138
17:51:11.0 (74214222)|STATEMENT_EXECUTE|[55]
17:51:11.0 (74215070)|STATEMENT_EXECUTE|[56]
17:51:11.0 (74216827)|HEAP_ALLOCATE|[56]|Bytes:44
17:51:11.0 (74219392)|CONSTRUCTOR_ENTRY|[56]|01pBK000001RGBP|<init>()|JobCardsController.JobWrapper
17:51:11.0 (74222727)|VARIABLE_SCOPE_BEGIN|[12]|this|JobCardsController.JobWrapper|true|false
17:51:11.0 (74230793)|VARIABLE_ASSIGNMENT|[12]|this|{}|0x6cd221d9
17:51:11.0 (74237205)|STATEMENT_EXECUTE|[12]
17:51:11.0 (74238107)|STATEMENT_EXECUTE|[13]
17:51:11.0 (74238928)|STATEMENT_EXECUTE|[14]
17:51:11.0 (74239825)|STATEMENT_EXECUTE|[15]
17:51:11.0 (74240705)|STATEMENT_EXECUTE|[16]
17:51:11.0 (74241502)|STATEMENT_EXECUTE|[17]
17:51:11.0 (74242330)|STATEMENT_EXECUTE|[18]
17:51:11.0 (74243105)|STATEMENT_EXECUTE|[19]
17:51:11.0 (74243886)|STATEMENT_EXECUTE|[20]
17:51:11.0 (74244715)|STATEMENT_EXECUTE|[21]
17:51:11.0 (74245516)|STATEMENT_EXECUTE|[22]
17:51:11.0 (74247312)|CONSTRUCTOR_EXIT|[56]|01pBK000001RGBP|<init>()|JobCardsController.JobWrapper
17:51:11.0 (74250095)|VARIABLE_SCOPE_BEGIN|[56]|wrapper|JobCardsController.JobWrapper|true|false
17:51:11.0 (74257035)|VARIABLE_ASSIGNMENT|[56]|wrapper|{}|0x6cd221d9
17:51:11.0 (74259579)|STATEMENT_EXECUTE|[57]
17:51:11.0 (74282439)|VARIABLE_ASSIGNMENT|[57]|this.Id|"a0KBK00000Gexcu2AB"|0x6cd221d9
17:51:11.0 (74285410)|STATEMENT_EXECUTE|[58]
17:51:11.0 (74289914)|VARIABLE_ASSIGNMENT|[58]|this.JobPosition|"テスト403求人タイトル求人タイトル求人 (28 more) ..."|0x6cd221d9
17:51:11.0 (74293649)|STATEMENT_EXECUTE|[59]
17:51:11.0 (74297590)|VARIABLE_ASSIGNMENT|[59]|this.WorkLocation2|null|0x6cd221d9
17:51:11.0 (74301128)|STATEMENT_EXECUTE|[60]
17:51:11.0 (74305992)|VARIABLE_ASSIGNMENT|[60]|this.JobCategory1|"営業系"|0x6cd221d9
17:51:11.0 (74309811)|STATEMENT_EXECUTE|[61]
17:51:11.0 (74315764)|VARIABLE_ASSIGNMENT|[61]|this.MaxAnnualSalary|600|0x6cd221d9
17:51:11.0 (74319194)|STATEMENT_EXECUTE|[62]
17:51:11.0 (74323900)|VARIABLE_ASSIGNMENT|[62]|this.MinAnnualSalary|900|0x6cd221d9
17:51:11.0 (74327271)|STATEMENT_EXECUTE|[63]
17:51:11.0 (74332619)|VARIABLE_ASSIGNMENT|[63]|this.JobDescription|"テスト403仕事内容仕事内容仕事内容仕事 (30 more) ..."|0x6cd221d9
17:51:11.0 (74337319)|STATEMENT_EXECUTE|[64]
17:51:11.0 (74347789)|VARIABLE_ASSIGNMENT|[64]|this.LastModifiedDate|"2026-03-09T05:51:50.000Z"|0x6cd221d9
17:51:11.0 (74351515)|STATEMENT_EXECUTE|[65]
17:51:11.0 (74356966)|VARIABLE_ASSIGNMENT|[65]|this.LastViewedDate|"2026-04-02T10:23:00.000Z"|0x6cd221d9
17:51:11.0 (74359797)|STATEMENT_EXECUTE|[66]
17:51:11.0 (74367091)|HEAP_ALLOCATE|[66]|Bytes:5
17:51:11.0 (74370151)|VARIABLE_ASSIGNMENT|[66]|this.IsFavorite|true|0x6cd221d9
17:51:11.0 (74372769)|STATEMENT_EXECUTE|[67]
17:51:11.0 (74375742)|HEAP_ALLOCATE|[EXTERNAL]|Bytes:4
17:51:11.0 (74381276)|HEAP_ALLOCATE|[55]|Bytes:5
17:51:11.0 (74385941)|HEAP_ALLOCATE|[55]|Bytes:36
17:51:11.0 (74388651)|VARIABLE_SCOPE_BEGIN|[55]|j|Job__c|true|false
17:51:11.0 (74423374)|VARIABLE_ASSIGNMENT|[55]|j|{"LastModifiedDate":"2026-03-09T05:51:49.000Z","JobPosition__c":"テスト402求人タイトル求人タイトル求人 (28 more) ...","LastViewedDate":"2026-03-18T09:45:33.000Z","Id":"a0KBK00000Gexct2AB","MinAnnualSalary__c":500,"JobDescription__c":"テスト402仕事内容仕事内容仕事内容仕事 (30 more) ...","JobCategory1__c":"営業系","MaxAnnualSalary__c":400}|0x27e35bb4
17:51:11.0 (74429231)|STATEMENT_EXECUTE|[55]
17:51:11.0 (74430204)|STATEMENT_EXECUTE|[56]
17:51:11.0 (74432146)|HEAP_ALLOCATE|[56]|Bytes:44
17:51:11.0 (74435003)|CONSTRUCTOR_ENTRY|[56]|01pBK000001RGBP|<init>()|JobCardsController.JobWrapper
17:51:11.0 (74438103)|VARIABLE_SCOPE_BEGIN|[12]|this|JobCardsController.JobWrapper|true|false
17:51:11.0 (74446788)|VARIABLE_ASSIGNMENT|[12]|this|{}|0x6f386e18
17:51:11.0 (74453655)|STATEMENT_EXECUTE|[12]
17:51:11.0 (74454631)|STATEMENT_EXECUTE|[13]
17:51:11.0 (74455446)|STATEMENT_EXECUTE|[14]
17:51:11.0 (74456228)|STATEMENT_EXECUTE|[15]
17:51:11.0 (74457043)|STATEMENT_EXECUTE|[16]
17:51:11.0 (74457835)|STATEMENT_EXECUTE|[17]
17:51:11.0 (74458639)|STATEMENT_EXECUTE|[18]
17:51:11.0 (74459403)|STATEMENT_EXECUTE|[19]
17:51:11.0 (74460178)|STATEMENT_EXECUTE|[20]
17:51:11.0 (74460933)|STATEMENT_EXECUTE|[21]
17:51:11.0 (74461692)|STATEMENT_EXECUTE|[22]
17:51:11.0 (74463230)|CONSTRUCTOR_EXIT|[56]|01pBK000001RGBP|<init>()|JobCardsController.JobWrapper
17:51:11.0 (74465943)|VARIABLE_SCOPE_BEGIN|[56]|wrapper|JobCardsController.JobWrapper|true|false
17:51:11.0 (74472688)|VARIABLE_ASSIGNMENT|[56]|wrapper|{}|0x6f386e18
17:51:11.0 (74475174)|STATEMENT_EXECUTE|[57]
17:51:11.0 (74500340)|VARIABLE_ASSIGNMENT|[57]|this.Id|"a0KBK00000Gexct2AB"|0x6f386e18
17:51:11.0 (74503040)|STATEMENT_EXECUTE|[58]
17:51:11.0 (74507435)|VARIABLE_ASSIGNMENT|[58]|this.JobPosition|"テスト402求人タイトル求人タイトル求人 (28 more) ..."|0x6f386e18
17:51:11.0 (74510674)|STATEMENT_EXECUTE|[59]
17:51:11.0 (74513324)|VARIABLE_ASSIGNMENT|[59]|this.WorkLocation2|null|0x6f386e18
17:51:11.0 (74516115)|STATEMENT_EXECUTE|[60]
17:51:11.0 (74519040)|VARIABLE_ASSIGNMENT|[60]|this.JobCategory1|"営業系"|0x6f386e18
17:51:11.0 (74521618)|STATEMENT_EXECUTE|[61]
17:51:11.0 (74525968)|VARIABLE_ASSIGNMENT|[61]|this.MaxAnnualSalary|400|0x6f386e18
17:51:11.0 (74528502)|STATEMENT_EXECUTE|[62]
17:51:11.0 (74531732)|VARIABLE_ASSIGNMENT|[62]|this.MinAnnualSalary|500|0x6f386e18
17:51:11.0 (74534255)|STATEMENT_EXECUTE|[63]
17:51:11.0 (74537747)|VARIABLE_ASSIGNMENT|[63]|this.JobDescription|"テスト402仕事内容仕事内容仕事内容仕事 (30 more) ..."|0x6f386e18
17:51:11.0 (74540675)|STATEMENT_EXECUTE|[64]
17:51:11.0 (74547365)|VARIABLE_ASSIGNMENT|[64]|this.LastModifiedDate|"2026-03-09T05:51:49.000Z"|0x6f386e18
17:51:11.0 (74549847)|STATEMENT_EXECUTE|[65]
17:51:11.0 (74554822)|VARIABLE_ASSIGNMENT|[65]|this.LastViewedDate|"2026-03-18T09:45:33.000Z"|0x6f386e18
17:51:11.0 (74557317)|STATEMENT_EXECUTE|[66]
17:51:11.0 (74562924)|HEAP_ALLOCATE|[66]|Bytes:5
17:51:11.0 (74565887)|VARIABLE_ASSIGNMENT|[66]|this.IsFavorite|false|0x6f386e18
17:51:11.0 (74568484)|STATEMENT_EXECUTE|[67]
17:51:11.0 (74571181)|HEAP_ALLOCATE|[EXTERNAL]|Bytes:4
17:51:11.0 (74576103)|HEAP_ALLOCATE|[55]|Bytes:5
17:51:11.0 (74580367)|HEAP_ALLOCATE|[55]|Bytes:40
17:51:11.0 (74582781)|VARIABLE_SCOPE_BEGIN|[55]|j|Job__c|true|false
17:51:11.0 (74617069)|VARIABLE_ASSIGNMENT|[55]|j|{"LastModifiedDate":"2026-03-06T01:15:09.000Z","JobPosition__c":"千代田区(東京) 設備積算・大手サブコン (18 more) ...","WorkLocation2__c":"東京都千代田区","LastViewedDate":"2026-03-17T05:57:19.000Z","Id":"a0KBK00000GezgH2AR","MinAnnualSalary__c":400,"JobDescription__c":"事務所ビルや商業施設、工場など、多様な建 (105 more) ...","JobCategory1__c":"営業系","MaxAnnualSalary__c":650}|0x548a9370
17:51:11.0 (74624019)|STATEMENT_EXECUTE|[55]
17:51:11.0 (74625059)|STATEMENT_EXECUTE|[56]
17:51:11.0 (74626789)|HEAP_ALLOCATE|[56]|Bytes:44
17:51:11.0 (74629830)|CONSTRUCTOR_ENTRY|[56]|01pBK000001RGBP|<init>()|JobCardsController.JobWrapper
17:51:11.0 (74633087)|VARIABLE_SCOPE_BEGIN|[12]|this|JobCardsController.JobWrapper|true|false
17:51:11.0 (74642065)|VARIABLE_ASSIGNMENT|[12]|this|{}|0x628f043a
17:51:11.0 (74648760)|STATEMENT_EXECUTE|[12]
17:51:11.0 (74649659)|STATEMENT_EXECUTE|[13]
17:51:11.0 (74650454)|STATEMENT_EXECUTE|[14]
17:51:11.0 (74651284)|STATEMENT_EXECUTE|[15]
17:51:11.0 (74652111)|STATEMENT_EXECUTE|[16]
17:51:11.0 (74652923)|STATEMENT_EXECUTE|[17]
17:51:11.0 (74653707)|STATEMENT_EXECUTE|[18]
17:51:11.0 (74654480)|STATEMENT_EXECUTE|[19]
17:51:11.0 (74655272)|STATEMENT_EXECUTE|[20]
17:51:11.0 (74656058)|STATEMENT_EXECUTE|[21]
17:51:11.0 (74656842)|STATEMENT_EXECUTE|[22]
17:51:11.0 (74658174)|CONSTRUCTOR_EXIT|[56]|01pBK000001RGBP|<init>()|JobCardsController.JobWrapper
17:51:11.0 (74661098)|VARIABLE_SCOPE_BEGIN|[56]|wrapper|JobCardsController.JobWrapper|true|false
17:51:11.0 (74667514)|VARIABLE_ASSIGNMENT|[56]|wrapper|{}|0x628f043a
17:51:11.0 (74670308)|STATEMENT_EXECUTE|[57]
17:51:11.0 (74693041)|VARIABLE_ASSIGNMENT|[57]|this.Id|"a0KBK00000GezgH2AR"|0x628f043a
17:51:11.0 (74695803)|STATEMENT_EXECUTE|[58]
17:51:11.0 (74700421)|VARIABLE_ASSIGNMENT|[58]|this.JobPosition|"千代田区(東京) 設備積算・大手サブコン (18 more) ..."|0x628f043a
17:51:11.0 (74703836)|STATEMENT_EXECUTE|[59]
17:51:11.0 (74707333)|VARIABLE_ASSIGNMENT|[59]|this.WorkLocation2|"東京都千代田区"|0x628f043a
17:51:11.0 (74710019)|STATEMENT_EXECUTE|[60]
17:51:11.0 (74712892)|VARIABLE_ASSIGNMENT|[60]|this.JobCategory1|"営業系"|0x628f043a
17:51:11.0 (74715405)|STATEMENT_EXECUTE|[61]
17:51:11.0 (74719611)|VARIABLE_ASSIGNMENT|[61]|this.MaxAnnualSalary|650|0x628f043a
17:51:11.0 (74723190)|STATEMENT_EXECUTE|[62]
17:51:11.0 (74728364)|VARIABLE_ASSIGNMENT|[62]|this.MinAnnualSalary|400|0x628f043a
17:51:11.0 (74732453)|STATEMENT_EXECUTE|[63]
17:51:11.0 (74738436)|VARIABLE_ASSIGNMENT|[63]|this.JobDescription|"事務所ビルや商業施設、工場など、多様な建 (105 more) ..."|0x628f043a
17:51:11.0 (74742853)|STATEMENT_EXECUTE|[64]
17:51:11.0 (74752631)|VARIABLE_ASSIGNMENT|[64]|this.LastModifiedDate|"2026-03-06T01:15:09.000Z"|0x628f043a
17:51:11.0 (74756071)|STATEMENT_EXECUTE|[65]
17:51:11.0 (74763496)|VARIABLE_ASSIGNMENT|[65]|this.LastViewedDate|"2026-03-17T05:57:19.000Z"|0x628f043a
17:51:11.0 (74767236)|STATEMENT_EXECUTE|[66]
17:51:11.0 (74774588)|HEAP_ALLOCATE|[66]|Bytes:5
17:51:11.0 (74777889)|VARIABLE_ASSIGNMENT|[66]|this.IsFavorite|false|0x628f043a
17:51:11.0 (74780386)|STATEMENT_EXECUTE|[67]
17:51:11.0 (74783396)|HEAP_ALLOCATE|[EXTERNAL]|Bytes:4
17:51:11.0 (74788661)|HEAP_ALLOCATE|[55]|Bytes:5
17:51:11.0 (74792914)|HEAP_ALLOCATE|[55]|Bytes:36
17:51:11.0 (74795501)|VARIABLE_SCOPE_BEGIN|[55]|j|Job__c|true|false
17:51:11.0 (74840885)|VARIABLE_ASSIGNMENT|[55]|j|{"LastModifiedDate":"2026-02-06T01:25:17.000Z","JobPosition__c":"テスト467求人タイトル求人タイトル求人 (28 more) ...","LastViewedDate":"2026-04-02T09:39:31.000Z","Id":"a0KBK00000Gexdw2AB","MinAnnualSalary__c":216,"JobDescription__c":"テスト467仕事内容仕事内容仕事内容仕事 (30 more) ...","JobCategory1__c":"管理部門/事務系","MaxAnnualSalary__c":0}|0x6b90404f
17:51:11.0 (74849982)|STATEMENT_EXECUTE|[55]
17:51:11.0 (74851378)|STATEMENT_EXECUTE|[56]
17:51:11.0 (74854563)|HEAP_ALLOCATE|[56]|Bytes:44
17:51:11.0 (74859570)|CONSTRUCTOR_ENTRY|[56]|01pBK000001RGBP|<init>()|JobCardsController.JobWrapper
17:51:11.0 (74864591)|VARIABLE_SCOPE_BEGIN|[12]|this|JobCardsController.JobWrapper|true|false
17:51:11.0 (74879147)|VARIABLE_ASSIGNMENT|[12]|this|{}|0x29c28eaa
17:51:11.0 (74890599)|STATEMENT_EXECUTE|[12]
17:51:11.0 (74891927)|STATEMENT_EXECUTE|[13]
17:51:11.0 (74893132)|STATEMENT_EXECUTE|[14]
17:51:11.0 (74894312)|STATEMENT_EXECUTE|[15]
17:51:11.0 (74895577)|STATEMENT_EXECUTE|[16]
17:51:11.0 (74898943)|STATEMENT_EXECUTE|[17]
17:51:11.0 (74900710)|STATEMENT_EXECUTE|[18]
17:51:11.0 (74904414)|STATEMENT_EXECUTE|[19]
17:51:11.0 (74906245)|STATEMENT_EXECUTE|[20]
17:51:11.0 (74908642)|STATEMENT_EXECUTE|[21]
17:51:11.0 (74911478)|STATEMENT_EXECUTE|[22]
17:51:11.0 (74916069)|CONSTRUCTOR_EXIT|[56]|01pBK000001RGBP|<init>()|JobCardsController.JobWrapper
17:51:11.0 (74921174)|VARIABLE_SCOPE_BEGIN|[56]|wrapper|JobCardsController.JobWrapper|true|false
17:51:11.0 (74946934)|VARIABLE_ASSIGNMENT|[56]|wrapper|{}|0x29c28eaa
17:51:11.0 (74950936)|STATEMENT_EXECUTE|[57]
17:51:11.0 (74998829)|VARIABLE_ASSIGNMENT|[57]|this.Id|"a0KBK00000Gexdw2AB"|0x29c28eaa
17:51:11.0 (75003531)|STATEMENT_EXECUTE|[58]
17:51:11.0 (75014501)|VARIABLE_ASSIGNMENT|[58]|this.JobPosition|"テスト467求人タイトル求人タイトル求人 (28 more) ..."|0x29c28eaa
17:51:11.0 (75018919)|STATEMENT_EXECUTE|[59]
17:51:11.0 (75024451)|VARIABLE_ASSIGNMENT|[59]|this.WorkLocation2|null|0x29c28eaa
17:51:11.0 (75031342)|STATEMENT_EXECUTE|[60]
17:51:11.0 (75041811)|VARIABLE_ASSIGNMENT|[60]|this.JobCategory1|"管理部門/事務系"|0x29c28eaa
17:51:11.0 (75045560)|STATEMENT_EXECUTE|[61]
17:51:11.0 (75078102)|HEAP_ALLOCATE|[61]|Bytes:28
17:51:11.0 (75085076)|VARIABLE_ASSIGNMENT|[61]|this.MaxAnnualSalary|0|0x29c28eaa
17:51:11.0 (75090643)|STATEMENT_EXECUTE|[62]
17:51:11.0 (75100212)|VARIABLE_ASSIGNMENT|[62]|this.MinAnnualSalary|216|0x29c28eaa
17:51:11.0 (75110353)|STATEMENT_EXECUTE|[63]
17:51:11.0 (75125222)|VARIABLE_ASSIGNMENT|[63]|this.JobDescription|"テスト467仕事内容仕事内容仕事内容仕事 (30 more) ..."|0x29c28eaa
17:51:11.0 (75129769)|STATEMENT_EXECUTE|[64]
17:51:11.0 (75159215)|VARIABLE_ASSIGNMENT|[64]|this.LastModifiedDate|"2026-02-06T01:25:17.000Z"|0x29c28eaa
17:51:11.0 (75170251)|STATEMENT_EXECUTE|[65]
17:51:11.0 (75181888)|VARIABLE_ASSIGNMENT|[65]|this.LastViewedDate|"2026-04-02T09:39:31.000Z"|0x29c28eaa
17:51:11.0 (75185309)|STATEMENT_EXECUTE|[66]
17:51:11.0 (75209807)|HEAP_ALLOCATE|[66]|Bytes:5
17:51:11.0 (75217747)|VARIABLE_ASSIGNMENT|[66]|this.IsFavorite|false|0x29c28eaa
17:51:11.0 (75221562)|STATEMENT_EXECUTE|[67]
17:51:11.0 (75225897)|HEAP_ALLOCATE|[EXTERNAL]|Bytes:4
17:51:11.0 (75239111)|HEAP_ALLOCATE|[55]|Bytes:5
17:51:11.0 (75249335)|HEAP_ALLOCATE|[55]|Bytes:36
17:51:11.0 (75260058)|VARIABLE_SCOPE_BEGIN|[55]|j|Job__c|true|false
17:51:11.0 (75364165)|VARIABLE_ASSIGNMENT|[55]|j|{"LastModifiedDate":"2026-02-05T00:50:25.000Z","JobPosition__c":"テスト297求人タイトル求人タイトル求人 (28 more) ...","LastViewedDate":"2026-03-28T05:28:09.000Z","Id":"a0KBK00000Gezpx2AB","MinAnnualSalary__c":350,"JobDescription__c":"テスト297仕事内容仕事内容仕事内容仕事 (30 more) ...","JobCategory1__c":"IT系（ソフトウェア/ネットワーク）","MaxAnnualSalary__c":600}|0x775545d4
17:51:11.0 (75381571)|STATEMENT_EXECUTE|[55]
17:51:11.0 (75382777)|STATEMENT_EXECUTE|[56]
17:51:11.0 (75386995)|HEAP_ALLOCATE|[56]|Bytes:44
17:51:11.0 (75394396)|CONSTRUCTOR_ENTRY|[56]|01pBK000001RGBP|<init>()|JobCardsController.JobWrapper
17:51:11.0 (75400903)|VARIABLE_SCOPE_BEGIN|[12]|this|JobCardsController.JobWrapper|true|false
17:51:11.0 (75413415)|VARIABLE_ASSIGNMENT|[12]|this|{}|0x54e3aea2
17:51:11.0 (75423710)|STATEMENT_EXECUTE|[12]
17:51:11.0 (75424873)|STATEMENT_EXECUTE|[13]
17:51:11.0 (75426492)|STATEMENT_EXECUTE|[14]
17:51:11.0 (75428341)|STATEMENT_EXECUTE|[15]
17:51:11.0 (75432683)|STATEMENT_EXECUTE|[16]
17:51:11.0 (75435887)|STATEMENT_EXECUTE|[17]
17:51:11.0 (75437766)|STATEMENT_EXECUTE|[18]
17:51:11.0 (75439066)|STATEMENT_EXECUTE|[19]
17:51:11.0 (75442998)|STATEMENT_EXECUTE|[20]
17:51:11.0 (75444338)|STATEMENT_EXECUTE|[21]
17:51:11.0 (75445431)|STATEMENT_EXECUTE|[22]
17:51:11.0 (75447773)|CONSTRUCTOR_EXIT|[56]|01pBK000001RGBP|<init>()|JobCardsController.JobWrapper
17:51:11.0 (75452308)|VARIABLE_SCOPE_BEGIN|[56]|wrapper|JobCardsController.JobWrapper|true|false
17:51:11.0 (75465908)|VARIABLE_ASSIGNMENT|[56]|wrapper|{}|0x54e3aea2
17:51:11.0 (75469813)|STATEMENT_EXECUTE|[57]
17:51:11.0 (75521314)|VARIABLE_ASSIGNMENT|[57]|this.Id|"a0KBK00000Gezpx2AB"|0x54e3aea2
17:51:11.0 (75526387)|STATEMENT_EXECUTE|[58]
17:51:11.0 (75535952)|VARIABLE_ASSIGNMENT|[58]|this.JobPosition|"テスト297求人タイトル求人タイトル求人 (28 more) ..."|0x54e3aea2
17:51:11.0 (75540254)|STATEMENT_EXECUTE|[59]
17:51:11.0 (75549398)|VARIABLE_ASSIGNMENT|[59]|this.WorkLocation2|null|0x54e3aea2
17:51:11.0 (75553612)|STATEMENT_EXECUTE|[60]
17:51:11.0 (75559428)|VARIABLE_ASSIGNMENT|[60]|this.JobCategory1|"IT系（ソフトウェア/ネットワーク）"|0x54e3aea2
17:51:11.0 (75563945)|STATEMENT_EXECUTE|[61]
17:51:11.0 (75573108)|VARIABLE_ASSIGNMENT|[61]|this.MaxAnnualSalary|600|0x54e3aea2
17:51:11.0 (75577021)|STATEMENT_EXECUTE|[62]
17:51:11.0 (75583270)|VARIABLE_ASSIGNMENT|[62]|this.MinAnnualSalary|350|0x54e3aea2
17:51:11.0 (75588105)|STATEMENT_EXECUTE|[63]
17:51:11.0 (75593877)|VARIABLE_ASSIGNMENT|[63]|this.JobDescription|"テスト297仕事内容仕事内容仕事内容仕事 (30 more) ..."|0x54e3aea2
17:51:11.0 (75600050)|STATEMENT_EXECUTE|[64]
17:51:11.0 (75612840)|VARIABLE_ASSIGNMENT|[64]|this.LastModifiedDate|"2026-02-05T00:50:25.000Z"|0x54e3aea2
17:51:11.0 (75617065)|STATEMENT_EXECUTE|[65]
17:51:11.0 (75625091)|VARIABLE_ASSIGNMENT|[65]|this.LastViewedDate|"2026-03-28T05:28:09.000Z"|0x54e3aea2
17:51:11.0 (75629370)|STATEMENT_EXECUTE|[66]
17:51:11.0 (75638456)|HEAP_ALLOCATE|[66]|Bytes:5
17:51:11.0 (75643041)|VARIABLE_ASSIGNMENT|[66]|this.IsFavorite|false|0x54e3aea2
17:51:11.0 (75646705)|STATEMENT_EXECUTE|[67]
17:51:11.0 (75650938)|HEAP_ALLOCATE|[EXTERNAL]|Bytes:4
17:51:11.0 (75658671)|HEAP_ALLOCATE|[55]|Bytes:5
17:51:11.0 (75665367)|HEAP_ALLOCATE|[55]|Bytes:36
17:51:11.0 (75669047)|VARIABLE_SCOPE_BEGIN|[55]|j|Job__c|true|false
17:51:11.0 (75725619)|VARIABLE_ASSIGNMENT|[55]|j|{"LastModifiedDate":"2026-02-05T00:49:22.000Z","JobPosition__c":"テスト407求人タイトル求人タイトル求人 (28 more) ...","LastViewedDate":"2026-03-18T09:45:42.000Z","Id":"a0KBK00000Gexcy2AB","MinAnnualSalary__c":350,"JobDescription__c":"テスト407仕事内容仕事内容仕事内容仕事 (30 more) ...","JobCategory1__c":"営業系","MaxAnnualSalary__c":450}|0x4a568e71
17:51:11.0 (75734465)|STATEMENT_EXECUTE|[55]
17:51:11.0 (75735624)|STATEMENT_EXECUTE|[56]
17:51:11.0 (75737988)|HEAP_ALLOCATE|[56]|Bytes:44
17:51:11.0 (75743854)|CONSTRUCTOR_ENTRY|[56]|01pBK000001RGBP|<init>()|JobCardsController.JobWrapper
17:51:11.0 (75748449)|VARIABLE_SCOPE_BEGIN|[12]|this|JobCardsController.JobWrapper|true|false
17:51:11.0 (75759100)|VARIABLE_ASSIGNMENT|[12]|this|{}|0x78874288
17:51:11.0 (75766176)|STATEMENT_EXECUTE|[12]
17:51:11.0 (75767075)|STATEMENT_EXECUTE|[13]
17:51:11.0 (75767937)|STATEMENT_EXECUTE|[14]
17:51:11.0 (75768752)|STATEMENT_EXECUTE|[15]
17:51:11.0 (75769525)|STATEMENT_EXECUTE|[16]
17:51:11.0 (75770313)|STATEMENT_EXECUTE|[17]
17:51:11.0 (75771098)|STATEMENT_EXECUTE|[18]
17:51:11.0 (75771888)|STATEMENT_EXECUTE|[19]
17:51:11.0 (75777122)|STATEMENT_EXECUTE|[20]
17:51:11.0 (75778072)|STATEMENT_EXECUTE|[21]
17:51:11.0 (75778955)|STATEMENT_EXECUTE|[22]
17:51:11.0 (75780538)|CONSTRUCTOR_EXIT|[56]|01pBK000001RGBP|<init>()|JobCardsController.JobWrapper
17:51:11.0 (75783454)|VARIABLE_SCOPE_BEGIN|[56]|wrapper|JobCardsController.JobWrapper|true|false
17:51:11.0 (75790606)|VARIABLE_ASSIGNMENT|[56]|wrapper|{}|0x78874288
17:51:11.0 (75793136)|STATEMENT_EXECUTE|[57]
17:51:11.0 (75820639)|VARIABLE_ASSIGNMENT|[57]|this.Id|"a0KBK00000Gexcy2AB"|0x78874288
17:51:11.0 (75823583)|STATEMENT_EXECUTE|[58]
17:51:11.0 (75828738)|VARIABLE_ASSIGNMENT|[58]|this.JobPosition|"テスト407求人タイトル求人タイトル求人 (28 more) ..."|0x78874288
17:51:11.0 (75831734)|STATEMENT_EXECUTE|[59]
17:51:11.0 (75834668)|VARIABLE_ASSIGNMENT|[59]|this.WorkLocation2|null|0x78874288
17:51:11.0 (75837424)|STATEMENT_EXECUTE|[60]
17:51:11.0 (75840578)|VARIABLE_ASSIGNMENT|[60]|this.JobCategory1|"営業系"|0x78874288
17:51:11.0 (75843609)|STATEMENT_EXECUTE|[61]
17:51:11.0 (75848420)|VARIABLE_ASSIGNMENT|[61]|this.MaxAnnualSalary|450|0x78874288
17:51:11.0 (75850894)|STATEMENT_EXECUTE|[62]
17:51:11.0 (75854320)|VARIABLE_ASSIGNMENT|[62]|this.MinAnnualSalary|350|0x78874288
17:51:11.0 (75856751)|STATEMENT_EXECUTE|[63]
17:51:11.0 (75860393)|VARIABLE_ASSIGNMENT|[63]|this.JobDescription|"テスト407仕事内容仕事内容仕事内容仕事 (30 more) ..."|0x78874288
17:51:11.0 (75863138)|STATEMENT_EXECUTE|[64]
17:51:11.0 (75872135)|VARIABLE_ASSIGNMENT|[64]|this.LastModifiedDate|"2026-02-05T00:49:22.000Z"|0x78874288
17:51:11.0 (75875842)|STATEMENT_EXECUTE|[65]
17:51:11.0 (75884051)|VARIABLE_ASSIGNMENT|[65]|this.LastViewedDate|"2026-03-18T09:45:42.000Z"|0x78874288
17:51:11.0 (75887688)|STATEMENT_EXECUTE|[66]
17:51:11.0 (75896253)|HEAP_ALLOCATE|[66]|Bytes:5
17:51:11.0 (75900159)|VARIABLE_ASSIGNMENT|[66]|this.IsFavorite|false|0x78874288
17:51:11.0 (75903678)|STATEMENT_EXECUTE|[67]
17:51:11.0 (75907532)|HEAP_ALLOCATE|[EXTERNAL]|Bytes:4
17:51:11.0 (75916142)|HEAP_ALLOCATE|[55]|Bytes:5
17:51:11.0 (75923972)|VARIABLE_ASSIGNMENT|[55]|j|null|
17:51:11.0 (75928917)|STATEMENT_EXECUTE|[69]
17:51:11.75 (75985327)|CUMULATIVE_LIMIT_USAGE
17:51:11.75 (75985327)|LIMIT_USAGE_FOR_NS|(default)|
  Number of SOQL queries: 2 out of 100
  Number of query rows: 14 out of 50000
  Number of SOSL queries: 0 out of 20
  Number of DML statements: 0 out of 150
  Number of Publish Immediate DML: 0 out of 150
  Number of DML rows: 0 out of 10000
  Maximum CPU time: 0 out of 10000
  Maximum heap size: 0 out of 6000000
  Number of callouts: 0 out of 100
  Number of Email Invocations: 0 out of 10
  Number of future calls: 0 out of 50
  Number of queueable jobs added to the queue: 0 out of 50
  Number of Mobile Apex push calls: 0 out of 10

17:51:11.75 (75985327)|CUMULATIVE_LIMIT_USAGE_END

17:51:11.0 (76012471)|CODE_UNIT_FINISHED|JobCardsController.getJobs()
17:51:11.0 (76220310)|CODE_UNIT_FINISHED|apex://JobCardsController/ACTION$getJobs
17:51:11.0 (76227372)|EXECUTION_FINISHED
