66.0 APEX_CODE,FINEST;APEX_PROFILING,INFO;CALLOUT,INFO;DATA_ACCESS,INFO;DB,INFO;NBA,INFO;SYSTEM,DEBUG;VALIDATION,INFO;VISUALFORCE,INFO;WAVE,INFO;WORKFLOW,INFO
11:24:32.1 (1799659)|USER_INFO|[EXTERNAL]|0057F0000042UBb|ishibashi@hurex.co.jp.dev1|(GMT+09:00) 日本標準時 (Asia/Tokyo)|GMT+09:00
11:24:32.1 (1851477)|EXECUTION_STARTED
11:24:32.1 (1876021)|CODE_UNIT_STARTED|[EXTERNAL]|apex://RecentJobViewedController/ACTION$getRecentViewedJobs
11:24:32.1 (3679844)|CODE_UNIT_STARTED|[EXTERNAL]|01pBK000001RE9Z|RecentJobViewedController.getRecentViewedJobs()
11:24:32.1 (3965271)|VARIABLE_SCOPE_BEGIN|[4]|RecentJobViewedController.testForceException|Boolean|false|true
11:24:32.1 (4209526)|HEAP_ALLOCATE|[95]|Bytes:3
11:24:32.1 (4252932)|HEAP_ALLOCATE|[100]|Bytes:152
11:24:32.1 (4269650)|HEAP_ALLOCATE|[417]|Bytes:408
11:24:32.1 (4283213)|HEAP_ALLOCATE|[430]|Bytes:408
11:24:32.1 (4308522)|HEAP_ALLOCATE|[317]|Bytes:6
11:24:32.1 (4321634)|HEAP_ALLOCATE|[EXTERNAL]|Bytes:1
11:24:32.1 (4347673)|METHOD_ENTRY|[1]|01pBK000001RE9Z|RecentJobViewedController.RecentJobViewedController()
11:24:32.1 (4355472)|STATEMENT_EXECUTE|[1]
11:24:32.1 (4359153)|STATEMENT_EXECUTE|[1]
11:24:32.1 (4378676)|HEAP_ALLOCATE|[68]|Bytes:5
11:24:32.1 (4412481)|HEAP_ALLOCATE|[74]|Bytes:5
11:24:32.1 (4419244)|HEAP_ALLOCATE|[82]|Bytes:7
11:24:32.1 (4769446)|HEAP_ALLOCATE|[4]|Bytes:5
11:24:32.1 (4776591)|STATEMENT_EXECUTE|[4]
11:24:32.1 (4783740)|HEAP_ALLOCATE|[4]|Bytes:5
11:24:32.1 (4825380)|VARIABLE_ASSIGNMENT|[4]|RecentJobViewedController.testForceException|false
11:24:32.1 (4848253)|METHOD_EXIT|[1]|RecentJobViewedController
11:24:32.1 (4861725)|HEAP_ALLOCATE|[8]|Bytes:5
11:24:32.1 (4864209)|STATEMENT_EXECUTE|[7]
11:24:32.1 (4865411)|STATEMENT_EXECUTE|[8]
11:24:32.1 (4866203)|STATEMENT_EXECUTE|[8]
11:24:32.1 (4904812)|HEAP_ALLOCATE|[9]|Bytes:118
11:24:32.1 (4912040)|SYSTEM_METHOD_ENTRY|[1]|Test.Test()
11:24:32.1 (4914318)|STATEMENT_EXECUTE|[1]
11:24:32.1 (4920272)|SYSTEM_METHOD_EXIT|[1]|Test
11:24:32.1 (4935815)|METHOD_ENTRY|[9]||System.Test.isRunningTest()
11:24:32.1 (4974739)|METHOD_EXIT|[9]||System.Test.isRunningTest()
11:24:32.1 (4979578)|STATEMENT_EXECUTE|[9]
11:24:32.1 (4980563)|STATEMENT_EXECUTE|[13]
11:24:32.1 (4982380)|HEAP_ALLOCATE|[13]|Bytes:137
11:24:32.1 (5000193)|HEAP_ALLOCATE|[13]|Bytes:4
11:24:32.1 (8549245)|SOQL_EXECUTE_BEGIN|[13]|Aggregations:0|SELECT Id, Name, JobPosition__c, LastViewedDate FROM Job__c WHERE LastViewedDate != NULL ORDER BY LastViewedDate DESC NULLS FIRST LIMIT 4
11:24:32.1 (23073908)|SOQL_EXECUTE_END|[13]|Rows:4
11:24:32.1 (23119698)|HEAP_ALLOCATE|[13]|Bytes:20
11:24:32.1 (23156578)|HEAP_ALLOCATE|[13]|Bytes:884
11:24:32.1 (23222129)|HEAP_ALLOCATE|[13]|Bytes:20
11:24:32.23 (23315006)|CUMULATIVE_LIMIT_USAGE
11:24:32.23 (23315006)|LIMIT_USAGE_FOR_NS|(default)|
  Number of SOQL queries: 1 out of 100
  Number of query rows: 4 out of 50000
  Number of SOSL queries: 0 out of 20
  Number of DML statements: 0 out of 0
  Number of Publish Immediate DML: 0 out of 150
  Number of DML rows: 0 out of 10000
  Maximum CPU time: 0 out of 10000
  Maximum heap size: 0 out of 6000000
  Number of callouts: 0 out of 100
  Number of Email Invocations: 0 out of 10
  Number of future calls: 0 out of 50
  Number of queueable jobs added to the queue: 0 out of 50
  Number of Mobile Apex push calls: 0 out of 10

11:24:32.23 (23315006)|CUMULATIVE_LIMIT_USAGE_END

11:24:32.1 (23371749)|CODE_UNIT_FINISHED|RecentJobViewedController.getRecentViewedJobs()
11:24:32.1 (23603086)|CODE_UNIT_FINISHED|apex://RecentJobViewedController/ACTION$getRecentViewedJobs
11:24:32.1 (23613742)|EXECUTION_FINISHED
