66.0 APEX_CODE,FINEST;APEX_PROFILING,INFO;CALLOUT,INFO;DATA_ACCESS,INFO;DB,INFO;NBA,INFO;SYSTEM,DEBUG;VALIDATION,INFO;VISUALFORCE,INFO;WAVE,INFO;WORKFLOW,INFO
09:54:00.0 (874475)|USER_INFO|[EXTERNAL]|005BK00000Ilvi1|foryoze@owleyes.ch.hurex|(GMT+09:00) 日本標準時 (Asia/Tokyo)|GMT+09:00
09:54:00.0 (941560)|EXECUTION_STARTED
09:54:00.0 (963938)|CODE_UNIT_STARTED|[EXTERNAL]|apex://RecentJobViewedController/ACTION$getRecentViewedJobs
09:54:00.0 (2543809)|CODE_UNIT_STARTED|[EXTERNAL]|01pBK000001RE9Z|RecentJobViewedController.getRecentViewedJobs()
09:54:00.0 (2815354)|VARIABLE_SCOPE_BEGIN|[17]|RecentJobViewedController.testForceException|Boolean|false|true
09:54:00.0 (3133694)|HEAP_ALLOCATE|[95]|Bytes:3
09:54:00.0 (3175104)|HEAP_ALLOCATE|[100]|Bytes:152
09:54:00.0 (3188679)|HEAP_ALLOCATE|[417]|Bytes:408
09:54:00.0 (3199043)|HEAP_ALLOCATE|[430]|Bytes:408
09:54:00.0 (3216945)|HEAP_ALLOCATE|[317]|Bytes:6
09:54:00.0 (3226183)|HEAP_ALLOCATE|[EXTERNAL]|Bytes:10
09:54:00.0 (3229898)|HEAP_ALLOCATE|[EXTERNAL]|Bytes:5
09:54:00.0 (3243313)|METHOD_ENTRY|[1]|01pBK000001RE9Z|RecentJobViewedController.RecentJobViewedController()
09:54:00.0 (3248771)|STATEMENT_EXECUTE|[1]
09:54:00.0 (3253185)|STATEMENT_EXECUTE|[1]
09:54:00.0 (3268920)|HEAP_ALLOCATE|[68]|Bytes:5
09:54:00.0 (3290238)|HEAP_ALLOCATE|[74]|Bytes:5
09:54:00.0 (3294561)|HEAP_ALLOCATE|[82]|Bytes:7
09:54:00.0 (3619445)|HEAP_ALLOCATE|[17]|Bytes:5
09:54:00.0 (3625195)|STATEMENT_EXECUTE|[2]
09:54:00.0 (3626448)|STATEMENT_EXECUTE|[17]
09:54:00.0 (3632531)|HEAP_ALLOCATE|[17]|Bytes:5
09:54:00.0 (3701318)|VARIABLE_ASSIGNMENT|[17]|RecentJobViewedController.testForceException|false
09:54:00.0 (3715342)|METHOD_EXIT|[1]|RecentJobViewedController
09:54:00.0 (3729316)|HEAP_ALLOCATE|[21]|Bytes:5
09:54:00.0 (3732220)|STATEMENT_EXECUTE|[20]
09:54:00.0 (3733357)|STATEMENT_EXECUTE|[21]
09:54:00.0 (3734141)|STATEMENT_EXECUTE|[21]
09:54:00.0 (3765831)|HEAP_ALLOCATE|[22]|Bytes:118
09:54:00.0 (3773208)|SYSTEM_METHOD_ENTRY|[1]|Test.Test()
09:54:00.0 (3775706)|STATEMENT_EXECUTE|[1]
09:54:00.0 (3780309)|SYSTEM_METHOD_EXIT|[1]|Test
09:54:00.0 (3793490)|METHOD_ENTRY|[22]||System.Test.isRunningTest()
09:54:00.0 (3847441)|METHOD_EXIT|[22]||System.Test.isRunningTest()
09:54:00.0 (3853254)|STATEMENT_EXECUTE|[22]
09:54:00.0 (3854243)|STATEMENT_EXECUTE|[26]
09:54:00.0 (3856012)|HEAP_ALLOCATE|[26]|Bytes:137
09:54:00.0 (3873041)|HEAP_ALLOCATE|[26]|Bytes:4
09:54:00.0 (6087974)|SOQL_EXECUTE_BEGIN|[26]|Aggregations:0|SELECT Id, Name, JobPosition__c, LastViewedDate FROM Job__c WHERE LastViewedDate != NULL ORDER BY LastViewedDate DESC NULLS FIRST LIMIT 4
09:54:00.0 (41669030)|SOQL_EXECUTE_END|[26]|Rows:4
09:54:00.0 (41714185)|HEAP_ALLOCATE|[26]|Bytes:20
09:54:00.0 (41744840)|HEAP_ALLOCATE|[26]|Bytes:851
09:54:00.0 (41803205)|HEAP_ALLOCATE|[26]|Bytes:20
09:54:00.41 (41903870)|CUMULATIVE_LIMIT_USAGE
09:54:00.41 (41903870)|LIMIT_USAGE_FOR_NS|(default)|
  Number of SOQL queries: 1 out of 100
  Number of query rows: 4 out of 50000
  Number of SOSL queries: 0 out of 20
  Number of DML statements: 0 out of 0
  Number of Publish Immediate DML: 0 out of 150
  Number of DML rows: 0 out of 10000
  Maximum CPU time: 0 out of 10000
  Maximum heap size: 0 out of 6000000
  Number of callouts: 0 out of 100
  Number of Email Invocations: 0 out of 10
  Number of future calls: 0 out of 50
  Number of queueable jobs added to the queue: 0 out of 50
  Number of Mobile Apex push calls: 0 out of 10

09:54:00.41 (41903870)|CUMULATIVE_LIMIT_USAGE_END

09:54:00.0 (41991869)|CODE_UNIT_FINISHED|RecentJobViewedController.getRecentViewedJobs()
09:54:00.0 (42162934)|CODE_UNIT_FINISHED|apex://RecentJobViewedController/ACTION$getRecentViewedJobs
09:54:00.0 (42172186)|EXECUTION_FINISHED
