66.0 APEX_CODE,FINEST;APEX_PROFILING,INFO;CALLOUT,INFO;DATA_ACCESS,INFO;DB,INFO;NBA,INFO;SYSTEM,DEBUG;VALIDATION,INFO;VISUALFORCE,INFO;WAVE,INFO;WORKFLOW,INFO
15:47:34.0 (187465)|USER_INFO|[EXTERNAL]|0057F0000042UBb|ishibashi@hurex.co.jp.dev1|(GMT+09:00) 日本標準時 (Asia/Tokyo)|GMT+09:00
15:47:34.0 (218580)|EXECUTION_STARTED
15:47:34.0 (227928)|CODE_UNIT_STARTED|[EXTERNAL]|apex://CustomNotificationController/ACTION$getNotifications
15:47:34.0 (2072766)|CODE_UNIT_STARTED|[EXTERNAL]|01pBK000001VvEL|CustomNotificationController.getNotifications(String)
15:47:34.0 (2288549)|HEAP_ALLOCATE|[95]|Bytes:3
15:47:34.0 (2357477)|HEAP_ALLOCATE|[100]|Bytes:152
15:47:34.0 (2369808)|HEAP_ALLOCATE|[417]|Bytes:408
15:47:34.0 (2379610)|HEAP_ALLOCATE|[430]|Bytes:408
15:47:34.0 (2399858)|HEAP_ALLOCATE|[317]|Bytes:6
15:47:34.0 (2450116)|HEAP_ALLOCATE|[EXTERNAL]|Bytes:7
15:47:34.0 (2458193)|METHOD_ENTRY|[1]|01pBK000001VvEL|CustomNotificationController.CustomNotificationController()
15:47:34.0 (2462917)|STATEMENT_EXECUTE|[1]
15:47:34.0 (2467305)|STATEMENT_EXECUTE|[1]
15:47:34.0 (2485112)|HEAP_ALLOCATE|[68]|Bytes:5
15:47:34.0 (2506161)|HEAP_ALLOCATE|[74]|Bytes:5
15:47:34.0 (2511198)|HEAP_ALLOCATE|[82]|Bytes:7
15:47:34.0 (2664479)|HEAP_ALLOCATE|[EXTERNAL]|Bytes:5
15:47:34.0 (2673069)|METHOD_EXIT|[1]|CustomNotificationController
15:47:34.0 (2679331)|VARIABLE_SCOPE_BEGIN|[5]|before|String|false|false
15:47:34.0 (2703961)|VARIABLE_ASSIGNMENT|[5]|before|null
15:47:34.0 (2712786)|HEAP_ALLOCATE|[6]|Bytes:5
15:47:34.0 (2715578)|STATEMENT_EXECUTE|[5]
15:47:34.0 (2716464)|STATEMENT_EXECUTE|[6]
15:47:34.0 (2740393)|VARIABLE_SCOPE_BEGIN|[6]|req|System.HttpRequest|true|false
15:47:34.0 (2943762)|VARIABLE_ASSIGNMENT|[6]|req|"System.HttpRequest[Endpoint=null, Method=null]"|0x4616a794
15:47:34.0 (2948783)|STATEMENT_EXECUTE|[7]
15:47:34.0 (2951535)|HEAP_ALLOCATE|[7]|Bytes:3
15:47:34.0 (3021835)|STATEMENT_EXECUTE|[8]
15:47:34.0 (3025809)|HEAP_ALLOCATE|[8]|Bytes:13
15:47:34.0 (3029782)|HEAP_ALLOCATE|[8]|Bytes:7
15:47:34.0 (3074012)|HEAP_ALLOCATE|[8]|Bytes:105
15:47:34.0 (3084119)|SYSTEM_METHOD_ENTRY|[1]|UserInfo.UserInfo()
15:47:34.0 (3087015)|STATEMENT_EXECUTE|[1]
15:47:34.0 (3093791)|SYSTEM_METHOD_EXIT|[1]|UserInfo
15:47:34.0 (3105527)|METHOD_ENTRY|[8]||System.UserInfo.getSessionId()
15:47:34.0 (7683279)|METHOD_EXIT|[8]||System.UserInfo.getSessionId()
15:47:34.0 (7741865)|HEAP_ALLOCATE|[8]|Bytes:119
15:47:34.0 (7792722)|STATEMENT_EXECUTE|[10]
15:47:34.0 (7844105)|HEAP_ALLOCATE|[10]|Bytes:67
15:47:34.0 (7855714)|SYSTEM_METHOD_ENTRY|[1]|Url.Url()
15:47:34.0 (7857774)|STATEMENT_EXECUTE|[1]
15:47:34.0 (7863457)|SYSTEM_METHOD_EXIT|[1]|Url
15:47:34.0 (7871555)|METHOD_ENTRY|[10]||System.Url.getOrgDomainUrl()
15:47:34.0 (8107737)|METHOD_EXIT|[10]||System.Url.getOrgDomainUrl()
15:47:34.0 (8121565)|METHOD_ENTRY|[10]||System.Url.toExternalForm()
15:47:34.0 (8175672)|METHOD_EXIT|[10]||System.Url.toExternalForm()
15:47:34.0 (8181083)|VARIABLE_SCOPE_BEGIN|[10]|domainPath|String|false|false
15:47:34.0 (8200688)|VARIABLE_ASSIGNMENT|[10]|domainPath|"https://hurex--dev1. (25 more) ..."
15:47:34.0 (8205295)|STATEMENT_EXECUTE|[11]
15:47:34.0 (8208238)|HEAP_ALLOCATE|[11]|Bytes:50
15:47:34.0 (8215911)|HEAP_ALLOCATE|[11]|Bytes:95
15:47:34.0 (8219812)|VARIABLE_SCOPE_BEGIN|[11]|endpoint|String|false|false
15:47:34.0 (8233078)|VARIABLE_ASSIGNMENT|[11]|endpoint|"https://hurex--dev1. (75 more) ..."
15:47:34.0 (8348808)|STATEMENT_EXECUTE|[13]
15:47:34.0 (8350859)|STATEMENT_EXECUTE|[16]
15:47:34.0 (8379648)|STATEMENT_EXECUTE|[18]
15:47:34.0 (8396103)|VARIABLE_SCOPE_BEGIN|[18]|http|System.Http|true|false
15:47:34.0 (8504623)|VARIABLE_ASSIGNMENT|[18]|http|"System.Http[]"|0x60c21e1
15:47:34.0 (8509075)|STATEMENT_EXECUTE|[19]
15:47:34.0 (8599606)|CALLOUT_REQUEST|[19]|System.HttpRequest[Endpoint=https://hurex--dev1.sandbox.my.salesforce.com/services/data/v56.0/connect/notifications?size=20, Method=GET]
15:47:34.0 (320246869)|HEAP_ALLOCATE|[EXTERNAL]|Bytes:15126
15:47:34.0 (323274917)|CALLOUT_RESPONSE|[19]|System.HttpResponse[Status=OK, StatusCode=200]
15:47:34.0 (323302136)|HEAP_ALLOCATE|[19]|Bytes:14281
15:47:34.0 (323328975)|VARIABLE_SCOPE_BEGIN|[19]|res|System.HttpResponse|true|false
15:47:34.0 (323412868)|VARIABLE_ASSIGNMENT|[19]|res|"System.HttpResponse[Status=OK, StatusCode=200]"|0x40b3dd2d
15:47:34.0 (323472968)|STATEMENT_EXECUTE|[21]
15:47:34.0 (323474386)|STATEMENT_EXECUTE|[22]
15:47:34.0 (324198560)|HEAP_ALLOCATE|[22]|Bytes:13995
15:47:34.324 (324237603)|CUMULATIVE_LIMIT_USAGE
15:47:34.324 (324237603)|LIMIT_USAGE_FOR_NS|(default)|
  Number of SOQL queries: 0 out of 100
  Number of query rows: 0 out of 50000
  Number of SOSL queries: 0 out of 20
  Number of DML statements: 0 out of 150
  Number of Publish Immediate DML: 0 out of 150
  Number of DML rows: 0 out of 10000
  Maximum CPU time: 0 out of 10000
  Maximum heap size: 0 out of 6000000
  Number of callouts: 1 out of 100
  Number of Email Invocations: 0 out of 10
  Number of future calls: 0 out of 50
  Number of queueable jobs added to the queue: 0 out of 50
  Number of Mobile Apex push calls: 0 out of 10

15:47:34.324 (324237603)|CUMULATIVE_LIMIT_USAGE_END

15:47:34.0 (324273839)|CODE_UNIT_FINISHED|CustomNotificationController.getNotifications(String)
15:47:34.0 (324450986)|CODE_UNIT_FINISHED|apex://CustomNotificationController/ACTION$getNotifications
15:47:34.0 (324457658)|EXECUTION_FINISHED
