66.0 APEX_CODE,FINEST;APEX_PROFILING,INFO;CALLOUT,INFO;DATA_ACCESS,INFO;DB,INFO;NBA,INFO;SYSTEM,DEBUG;VALIDATION,INFO;VISUALFORCE,INFO;WAVE,INFO;WORKFLOW,INFO
15:39:08.0 (199986)|USER_INFO|[EXTERNAL]|0057F0000042UBb|ishibashi@hurex.co.jp.dev1|(GMT+09:00) 日本標準時 (Asia/Tokyo)|GMT+09:00
15:39:08.0 (234666)|EXECUTION_STARTED
15:39:08.0 (243410)|CODE_UNIT_STARTED|[EXTERNAL]|apex://CustomNotificationController/ACTION$getNotifications
15:39:08.0 (3069733)|CODE_UNIT_STARTED|[EXTERNAL]|01pBK000001VvEL|CustomNotificationController.getNotifications(String)
15:39:08.0 (3323961)|HEAP_ALLOCATE|[95]|Bytes:3
15:39:08.0 (3396403)|HEAP_ALLOCATE|[100]|Bytes:152
15:39:08.0 (3410981)|HEAP_ALLOCATE|[417]|Bytes:408
15:39:08.0 (3421668)|HEAP_ALLOCATE|[430]|Bytes:408
15:39:08.0 (3440873)|HEAP_ALLOCATE|[317]|Bytes:6
15:39:08.0 (3450523)|HEAP_ALLOCATE|[EXTERNAL]|Bytes:7
15:39:08.0 (3459468)|METHOD_ENTRY|[1]|01pBK000001VvEL|CustomNotificationController.CustomNotificationController()
15:39:08.0 (3463288)|STATEMENT_EXECUTE|[1]
15:39:08.0 (3467150)|STATEMENT_EXECUTE|[1]
15:39:08.0 (3487435)|HEAP_ALLOCATE|[68]|Bytes:5
15:39:08.0 (3510918)|HEAP_ALLOCATE|[74]|Bytes:5
15:39:08.0 (3515557)|HEAP_ALLOCATE|[82]|Bytes:7
15:39:08.0 (3673432)|HEAP_ALLOCATE|[EXTERNAL]|Bytes:5
15:39:08.0 (3683210)|METHOD_EXIT|[1]|CustomNotificationController
15:39:08.0 (3692649)|VARIABLE_SCOPE_BEGIN|[5]|before|String|false|false
15:39:08.0 (3723262)|VARIABLE_ASSIGNMENT|[5]|before|null
15:39:08.0 (3731740)|HEAP_ALLOCATE|[6]|Bytes:5
15:39:08.0 (3734371)|STATEMENT_EXECUTE|[5]
15:39:08.0 (3735371)|STATEMENT_EXECUTE|[6]
15:39:08.0 (3760462)|VARIABLE_SCOPE_BEGIN|[6]|req|System.HttpRequest|true|false
15:39:08.0 (3966917)|VARIABLE_ASSIGNMENT|[6]|req|"System.HttpRequest[Endpoint=null, Method=null]"|0x791e0d72
15:39:08.0 (3972340)|STATEMENT_EXECUTE|[7]
15:39:08.0 (3974703)|HEAP_ALLOCATE|[7]|Bytes:3
15:39:08.0 (4031521)|STATEMENT_EXECUTE|[8]
15:39:08.0 (4033752)|HEAP_ALLOCATE|[8]|Bytes:13
15:39:08.0 (4036031)|HEAP_ALLOCATE|[8]|Bytes:7
15:39:08.0 (4074079)|HEAP_ALLOCATE|[8]|Bytes:105
15:39:08.0 (4080811)|SYSTEM_METHOD_ENTRY|[1]|UserInfo.UserInfo()
15:39:08.0 (4082776)|STATEMENT_EXECUTE|[1]
15:39:08.0 (4087021)|SYSTEM_METHOD_EXIT|[1]|UserInfo
15:39:08.0 (4095756)|METHOD_ENTRY|[8]||System.UserInfo.getSessionId()
15:39:08.0 (15292192)|METHOD_EXIT|[8]||System.UserInfo.getSessionId()
15:39:08.0 (15340324)|HEAP_ALLOCATE|[8]|Bytes:119
15:39:08.0 (15410377)|STATEMENT_EXECUTE|[10]
15:39:08.0 (15497307)|HEAP_ALLOCATE|[10]|Bytes:67
15:39:08.0 (15515644)|SYSTEM_METHOD_ENTRY|[1]|Url.Url()
15:39:08.0 (15518388)|STATEMENT_EXECUTE|[1]
15:39:08.0 (15528856)|SYSTEM_METHOD_EXIT|[1]|Url
15:39:08.0 (15545082)|METHOD_ENTRY|[10]||System.Url.getOrgDomainUrl()
15:39:08.0 (15866153)|METHOD_EXIT|[10]||System.Url.getOrgDomainUrl()
15:39:08.0 (15884751)|METHOD_ENTRY|[10]||System.Url.toExternalForm()
15:39:08.0 (15931356)|METHOD_EXIT|[10]||System.Url.toExternalForm()
15:39:08.0 (15936462)|VARIABLE_SCOPE_BEGIN|[10]|domainPath|String|false|false
15:39:08.0 (15966090)|VARIABLE_ASSIGNMENT|[10]|domainPath|"https://hurex--dev1. (25 more) ..."
15:39:08.0 (15969328)|STATEMENT_EXECUTE|[11]
15:39:08.0 (15972980)|HEAP_ALLOCATE|[11]|Bytes:50
15:39:08.0 (15982076)|HEAP_ALLOCATE|[11]|Bytes:95
15:39:08.0 (15984834)|VARIABLE_SCOPE_BEGIN|[11]|endpoint|String|false|false
15:39:08.0 (15998507)|VARIABLE_ASSIGNMENT|[11]|endpoint|"https://hurex--dev1. (75 more) ..."
15:39:08.0 (16056226)|STATEMENT_EXECUTE|[13]
15:39:08.0 (16058386)|STATEMENT_EXECUTE|[16]
15:39:08.0 (16087384)|STATEMENT_EXECUTE|[18]
15:39:08.0 (16107442)|VARIABLE_SCOPE_BEGIN|[18]|http|System.Http|true|false
15:39:08.0 (16242642)|VARIABLE_ASSIGNMENT|[18]|http|"System.Http[]"|0x2833bae8
15:39:08.0 (16247270)|STATEMENT_EXECUTE|[19]
15:39:08.0 (16347207)|CALLOUT_REQUEST|[19]|System.HttpRequest[Endpoint=https://hurex--dev1.sandbox.my.salesforce.com/services/data/v56.0/connect/notifications?size=20, Method=GET]
15:39:08.0 (315253755)|HEAP_ALLOCATE|[EXTERNAL]|Bytes:871
15:39:08.0 (317394142)|CALLOUT_RESPONSE|[19]|System.HttpResponse[Status=OK, StatusCode=200]
15:39:08.0 (317421735)|HEAP_ALLOCATE|[19]|Bytes:26
15:39:08.0 (317450177)|VARIABLE_SCOPE_BEGIN|[19]|res|System.HttpResponse|true|false
15:39:08.0 (317511652)|VARIABLE_ASSIGNMENT|[19]|res|"System.HttpResponse[Status=OK, StatusCode=200]"|0x43e50f60
15:39:08.0 (317569659)|STATEMENT_EXECUTE|[21]
15:39:08.0 (317571549)|STATEMENT_EXECUTE|[22]
15:39:08.0 (317623704)|HEAP_ALLOCATE|[22]|Bytes:20
15:39:08.317 (317663384)|CUMULATIVE_LIMIT_USAGE
15:39:08.317 (317663384)|LIMIT_USAGE_FOR_NS|(default)|
  Number of SOQL queries: 0 out of 100
  Number of query rows: 0 out of 50000
  Number of SOSL queries: 0 out of 20
  Number of DML statements: 0 out of 150
  Number of Publish Immediate DML: 0 out of 150
  Number of DML rows: 0 out of 10000
  Maximum CPU time: 0 out of 10000
  Maximum heap size: 0 out of 6000000
  Number of callouts: 1 out of 100
  Number of Email Invocations: 0 out of 10
  Number of future calls: 0 out of 50
  Number of queueable jobs added to the queue: 0 out of 50
  Number of Mobile Apex push calls: 0 out of 10

15:39:08.317 (317663384)|CUMULATIVE_LIMIT_USAGE_END

15:39:08.0 (317707006)|CODE_UNIT_FINISHED|CustomNotificationController.getNotifications(String)
15:39:08.0 (317867631)|CODE_UNIT_FINISHED|apex://CustomNotificationController/ACTION$getNotifications
15:39:08.0 (317872697)|EXECUTION_FINISHED
