66.0 APEX_CODE,FINEST;APEX_PROFILING,INFO;CALLOUT,INFO;DATA_ACCESS,INFO;DB,INFO;NBA,INFO;SYSTEM,DEBUG;VALIDATION,INFO;VISUALFORCE,INFO;WAVE,INFO;WORKFLOW,INFO
18:48:47.0 (647576)|USER_INFO|[EXTERNAL]|0057F0000042UBb|ishibashi@hurex.co.jp.dev1|(GMT+09:00) 日本標準時 (Asia/Tokyo)|GMT+09:00
18:48:47.0 (680261)|EXECUTION_STARTED
18:48:47.0 (690661)|CODE_UNIT_STARTED|[EXTERNAL]|apex://RecentJobViewedController/ACTION$getRecentViewedJobs
18:48:47.0 (2410558)|CODE_UNIT_STARTED|[EXTERNAL]|01pBK000001RE9Z|RecentJobViewedController.getRecentViewedJobs()
18:48:47.0 (2631548)|VARIABLE_SCOPE_BEGIN|[4]|RecentJobViewedController.testForceException|Boolean|false|true
18:48:47.0 (2881605)|HEAP_ALLOCATE|[95]|Bytes:3
18:48:47.0 (2926646)|HEAP_ALLOCATE|[100]|Bytes:152
18:48:47.0 (2941829)|HEAP_ALLOCATE|[417]|Bytes:408
18:48:47.0 (2951930)|HEAP_ALLOCATE|[430]|Bytes:408
18:48:47.0 (2971107)|HEAP_ALLOCATE|[317]|Bytes:6
18:48:47.0 (2981294)|HEAP_ALLOCATE|[EXTERNAL]|Bytes:1
18:48:47.0 (2992967)|METHOD_ENTRY|[1]|01pBK000001RE9Z|RecentJobViewedController.RecentJobViewedController()
18:48:47.0 (2998211)|STATEMENT_EXECUTE|[1]
18:48:47.0 (3003421)|STATEMENT_EXECUTE|[1]
18:48:47.0 (3019955)|HEAP_ALLOCATE|[68]|Bytes:5
18:48:47.0 (3041201)|HEAP_ALLOCATE|[74]|Bytes:5
18:48:47.0 (3045770)|HEAP_ALLOCATE|[82]|Bytes:7
18:48:47.0 (3186737)|HEAP_ALLOCATE|[4]|Bytes:5
18:48:47.0 (3191472)|STATEMENT_EXECUTE|[4]
18:48:47.0 (3198435)|HEAP_ALLOCATE|[4]|Bytes:5
18:48:47.0 (3235234)|VARIABLE_ASSIGNMENT|[4]|RecentJobViewedController.testForceException|false
18:48:47.0 (3249102)|METHOD_EXIT|[1]|RecentJobViewedController
18:48:47.0 (3261854)|HEAP_ALLOCATE|[8]|Bytes:5
18:48:47.0 (3264572)|STATEMENT_EXECUTE|[7]
18:48:47.0 (3265730)|STATEMENT_EXECUTE|[8]
18:48:47.0 (3266562)|STATEMENT_EXECUTE|[8]
18:48:47.0 (3296324)|HEAP_ALLOCATE|[9]|Bytes:118
18:48:47.0 (3301417)|SYSTEM_METHOD_ENTRY|[1]|Test.Test()
18:48:47.0 (3303240)|STATEMENT_EXECUTE|[1]
18:48:47.0 (3308291)|SYSTEM_METHOD_EXIT|[1]|Test
18:48:47.0 (3319479)|METHOD_ENTRY|[9]||System.Test.isRunningTest()
18:48:47.0 (3356847)|METHOD_EXIT|[9]||System.Test.isRunningTest()
18:48:47.0 (3363783)|STATEMENT_EXECUTE|[9]
18:48:47.0 (3365052)|STATEMENT_EXECUTE|[13]
18:48:47.0 (3367169)|HEAP_ALLOCATE|[13]|Bytes:137
18:48:47.0 (3387268)|HEAP_ALLOCATE|[13]|Bytes:4
18:48:47.0 (17244893)|SOQL_EXECUTE_BEGIN|[13]|Aggregations:0|SELECT Id, Name, JobPosition__c, LastViewedDate FROM Job__c WHERE LastViewedDate != NULL ORDER BY LastViewedDate DESC NULLS FIRST LIMIT 4
18:48:47.0 (71225282)|SOQL_EXECUTE_END|[13]|Rows:4
18:48:47.0 (71271074)|HEAP_ALLOCATE|[13]|Bytes:20
18:48:47.0 (71305127)|HEAP_ALLOCATE|[13]|Bytes:884
18:48:47.0 (71364574)|HEAP_ALLOCATE|[13]|Bytes:20
18:48:47.71 (71443840)|CUMULATIVE_LIMIT_USAGE
18:48:47.71 (71443840)|LIMIT_USAGE_FOR_NS|(default)|
  Number of SOQL queries: 1 out of 100
  Number of query rows: 4 out of 50000
  Number of SOSL queries: 0 out of 20
  Number of DML statements: 0 out of 0
  Number of Publish Immediate DML: 0 out of 150
  Number of DML rows: 0 out of 10000
  Maximum CPU time: 0 out of 10000
  Maximum heap size: 0 out of 6000000
  Number of callouts: 0 out of 100
  Number of Email Invocations: 0 out of 10
  Number of future calls: 0 out of 50
  Number of queueable jobs added to the queue: 0 out of 50
  Number of Mobile Apex push calls: 0 out of 10

18:48:47.71 (71443840)|CUMULATIVE_LIMIT_USAGE_END

18:48:47.0 (71469863)|CODE_UNIT_FINISHED|RecentJobViewedController.getRecentViewedJobs()
18:48:47.0 (71634669)|CODE_UNIT_FINISHED|apex://RecentJobViewedController/ACTION$getRecentViewedJobs
18:48:47.0 (71639383)|EXECUTION_FINISHED
