66.0 APEX_CODE,FINEST;APEX_PROFILING,INFO;CALLOUT,INFO;DATA_ACCESS,INFO;DB,INFO;NBA,INFO;SYSTEM,DEBUG;VALIDATION,INFO;VISUALFORCE,INFO;WAVE,INFO;WORKFLOW,INFO
16:21:19.0 (797985)|USER_INFO|[EXTERNAL]|0057F0000042UBb|ishibashi@hurex.co.jp.dev1|(GMT+09:00) 日本標準時 (Asia/Tokyo)|GMT+09:00
16:21:19.0 (844584)|EXECUTION_STARTED
16:21:19.0 (855914)|CODE_UNIT_STARTED|[EXTERNAL]|apex://CustomNotificationController/ACTION$getNotifications
16:21:19.0 (5107311)|CODE_UNIT_STARTED|[EXTERNAL]|01pBK000001VvEL|CustomNotificationController.getNotifications(String)
16:21:19.0 (8928947)|HEAP_ALLOCATE|[95]|Bytes:3
16:21:19.0 (9073334)|HEAP_ALLOCATE|[100]|Bytes:152
16:21:19.0 (9096031)|HEAP_ALLOCATE|[417]|Bytes:408
16:21:19.0 (9114700)|HEAP_ALLOCATE|[430]|Bytes:408
16:21:19.0 (9146902)|HEAP_ALLOCATE|[317]|Bytes:6
16:21:19.0 (9160892)|HEAP_ALLOCATE|[EXTERNAL]|Bytes:7
16:21:19.0 (9185981)|METHOD_ENTRY|[1]|01pBK000001VvEL|CustomNotificationController.CustomNotificationController()
16:21:19.0 (9237667)|STATEMENT_EXECUTE|[1]
16:21:19.0 (9245219)|STATEMENT_EXECUTE|[1]
16:21:19.0 (9274759)|HEAP_ALLOCATE|[68]|Bytes:5
16:21:19.0 (9322866)|HEAP_ALLOCATE|[74]|Bytes:5
16:21:19.0 (9329699)|HEAP_ALLOCATE|[82]|Bytes:7
16:21:19.0 (9825542)|HEAP_ALLOCATE|[EXTERNAL]|Bytes:5
16:21:19.0 (9858885)|METHOD_EXIT|[1]|CustomNotificationController
16:21:19.0 (9893163)|VARIABLE_SCOPE_BEGIN|[5]|before|String|false|false
16:21:19.0 (9943158)|VARIABLE_ASSIGNMENT|[5]|before|null
16:21:19.0 (9961389)|HEAP_ALLOCATE|[6]|Bytes:5
16:21:19.0 (9966384)|STATEMENT_EXECUTE|[5]
16:21:19.0 (9968298)|STATEMENT_EXECUTE|[6]
16:21:19.0 (10009287)|VARIABLE_SCOPE_BEGIN|[6]|req|System.HttpRequest|true|false
16:21:19.0 (10288020)|VARIABLE_ASSIGNMENT|[6]|req|"System.HttpRequest[Endpoint=null, Method=null]"|0x61a1d94d
16:21:19.0 (10297143)|STATEMENT_EXECUTE|[7]
16:21:19.0 (10302693)|HEAP_ALLOCATE|[7]|Bytes:3
16:21:19.0 (10425069)|STATEMENT_EXECUTE|[8]
16:21:19.0 (10428058)|HEAP_ALLOCATE|[8]|Bytes:13
16:21:19.0 (10432098)|HEAP_ALLOCATE|[8]|Bytes:7
16:21:19.0 (10506442)|HEAP_ALLOCATE|[8]|Bytes:105
16:21:19.0 (10519188)|SYSTEM_METHOD_ENTRY|[1]|UserInfo.UserInfo()
16:21:19.0 (10523486)|STATEMENT_EXECUTE|[1]
16:21:19.0 (10531250)|SYSTEM_METHOD_EXIT|[1]|UserInfo
16:21:19.0 (10567388)|METHOD_ENTRY|[8]||System.UserInfo.getSessionId()
16:21:19.0 (14809867)|METHOD_EXIT|[8]||System.UserInfo.getSessionId()
16:21:19.0 (14840450)|HEAP_ALLOCATE|[8]|Bytes:119
16:21:19.0 (15003403)|STATEMENT_EXECUTE|[10]
16:21:19.0 (15049654)|HEAP_ALLOCATE|[10]|Bytes:67
16:21:19.0 (15059926)|SYSTEM_METHOD_ENTRY|[1]|Url.Url()
16:21:19.0 (15062149)|STATEMENT_EXECUTE|[1]
16:21:19.0 (15067801)|SYSTEM_METHOD_EXIT|[1]|Url
16:21:19.0 (15075429)|METHOD_ENTRY|[10]||System.Url.getOrgDomainUrl()
16:21:19.0 (15265358)|METHOD_EXIT|[10]||System.Url.getOrgDomainUrl()
16:21:19.0 (15279013)|METHOD_ENTRY|[10]||System.Url.toExternalForm()
16:21:19.0 (15306468)|METHOD_EXIT|[10]||System.Url.toExternalForm()
16:21:19.0 (15310185)|VARIABLE_SCOPE_BEGIN|[10]|domainPath|String|false|false
16:21:19.0 (15324545)|VARIABLE_ASSIGNMENT|[10]|domainPath|"https://hurex--dev1. (25 more) ..."
16:21:19.0 (15327410)|STATEMENT_EXECUTE|[11]
16:21:19.0 (15330436)|HEAP_ALLOCATE|[11]|Bytes:50
16:21:19.0 (15336998)|HEAP_ALLOCATE|[11]|Bytes:95
16:21:19.0 (15339326)|VARIABLE_SCOPE_BEGIN|[11]|endpoint|String|false|false
16:21:19.0 (15344828)|VARIABLE_ASSIGNMENT|[11]|endpoint|"https://hurex--dev1. (75 more) ..."
16:21:19.0 (15385531)|STATEMENT_EXECUTE|[13]
16:21:19.0 (15386867)|STATEMENT_EXECUTE|[16]
16:21:19.0 (15406835)|STATEMENT_EXECUTE|[18]
16:21:19.0 (15422152)|VARIABLE_SCOPE_BEGIN|[18]|http|System.Http|true|false
16:21:19.0 (15527113)|VARIABLE_ASSIGNMENT|[18]|http|"System.Http[]"|0x26742964
16:21:19.0 (15530818)|STATEMENT_EXECUTE|[19]
16:21:19.0 (15595217)|CALLOUT_REQUEST|[19]|System.HttpRequest[Endpoint=https://hurex--dev1.sandbox.my.salesforce.com/services/data/v56.0/connect/notifications?size=20, Method=GET]
16:21:19.0 (392463797)|HEAP_ALLOCATE|[EXTERNAL]|Bytes:15126
16:21:19.0 (394809222)|CALLOUT_RESPONSE|[19]|System.HttpResponse[Status=OK, StatusCode=200]
16:21:19.0 (394835459)|HEAP_ALLOCATE|[19]|Bytes:14281
16:21:19.0 (394870706)|VARIABLE_SCOPE_BEGIN|[19]|res|System.HttpResponse|true|false
16:21:19.0 (394931824)|VARIABLE_ASSIGNMENT|[19]|res|"System.HttpResponse[Status=OK, StatusCode=200]"|0x4d3f6e84
16:21:19.0 (394996493)|STATEMENT_EXECUTE|[21]
16:21:19.0 (394997898)|STATEMENT_EXECUTE|[22]
16:21:19.0 (395536151)|HEAP_ALLOCATE|[22]|Bytes:13995
16:21:19.395 (395576645)|CUMULATIVE_LIMIT_USAGE
16:21:19.395 (395576645)|LIMIT_USAGE_FOR_NS|(default)|
  Number of SOQL queries: 0 out of 100
  Number of query rows: 0 out of 50000
  Number of SOSL queries: 0 out of 20
  Number of DML statements: 0 out of 150
  Number of Publish Immediate DML: 0 out of 150
  Number of DML rows: 0 out of 10000
  Maximum CPU time: 0 out of 10000
  Maximum heap size: 0 out of 6000000
  Number of callouts: 1 out of 100
  Number of Email Invocations: 0 out of 10
  Number of future calls: 0 out of 50
  Number of queueable jobs added to the queue: 0 out of 50
  Number of Mobile Apex push calls: 0 out of 10

16:21:19.395 (395576645)|CUMULATIVE_LIMIT_USAGE_END

16:21:19.0 (395607995)|CODE_UNIT_FINISHED|CustomNotificationController.getNotifications(String)
16:21:19.0 (395804712)|CODE_UNIT_FINISHED|apex://CustomNotificationController/ACTION$getNotifications
16:21:19.0 (395811354)|EXECUTION_FINISHED
