66.0 APEX_CODE,FINEST;APEX_PROFILING,INFO;CALLOUT,INFO;DATA_ACCESS,INFO;DB,INFO;NBA,INFO;SYSTEM,DEBUG;VALIDATION,INFO;VISUALFORCE,INFO;WAVE,INFO;WORKFLOW,INFO
18:17:37.0 (755677)|USER_INFO|[EXTERNAL]|0057F0000042UBb|ishibashi@hurex.co.jp.dev1|(GMT+09:00) 日本標準時 (Asia/Tokyo)|GMT+09:00
18:17:37.0 (791935)|EXECUTION_STARTED
18:17:37.0 (801775)|CODE_UNIT_STARTED|[EXTERNAL]|apex://RecentJobViewedController/ACTION$getRecentViewedJobs
18:17:37.0 (2515556)|CODE_UNIT_STARTED|[EXTERNAL]|01pBK000001RE9Z|RecentJobViewedController.getRecentViewedJobs()
18:17:37.0 (2683771)|VARIABLE_SCOPE_BEGIN|[4]|RecentJobViewedController.testForceException|Boolean|false|true
18:17:37.0 (2938832)|HEAP_ALLOCATE|[95]|Bytes:3
18:17:37.0 (2992359)|HEAP_ALLOCATE|[100]|Bytes:152
18:17:37.0 (3019517)|HEAP_ALLOCATE|[417]|Bytes:408
18:17:37.0 (3032104)|HEAP_ALLOCATE|[430]|Bytes:408
18:17:37.0 (3053847)|HEAP_ALLOCATE|[317]|Bytes:6
18:17:37.0 (3064442)|HEAP_ALLOCATE|[EXTERNAL]|Bytes:1
18:17:37.0 (3074169)|METHOD_ENTRY|[1]|01pBK000001RE9Z|RecentJobViewedController.RecentJobViewedController()
18:17:37.0 (3078703)|STATEMENT_EXECUTE|[1]
18:17:37.0 (3083787)|STATEMENT_EXECUTE|[1]
18:17:37.0 (3101170)|HEAP_ALLOCATE|[68]|Bytes:5
18:17:37.0 (3129149)|HEAP_ALLOCATE|[74]|Bytes:5
18:17:37.0 (3134327)|HEAP_ALLOCATE|[82]|Bytes:7
18:17:37.0 (3305300)|HEAP_ALLOCATE|[4]|Bytes:5
18:17:37.0 (3308910)|STATEMENT_EXECUTE|[4]
18:17:37.0 (3328077)|HEAP_ALLOCATE|[4]|Bytes:5
18:17:37.0 (3358691)|VARIABLE_ASSIGNMENT|[4]|RecentJobViewedController.testForceException|false
18:17:37.0 (3368409)|METHOD_EXIT|[1]|RecentJobViewedController
18:17:37.0 (3378981)|HEAP_ALLOCATE|[8]|Bytes:5
18:17:37.0 (3381502)|STATEMENT_EXECUTE|[7]
18:17:37.0 (3382516)|STATEMENT_EXECUTE|[8]
18:17:37.0 (3383261)|STATEMENT_EXECUTE|[8]
18:17:37.0 (3409396)|HEAP_ALLOCATE|[9]|Bytes:118
18:17:37.0 (3414151)|SYSTEM_METHOD_ENTRY|[1]|Test.Test()
18:17:37.0 (3415859)|STATEMENT_EXECUTE|[1]
18:17:37.0 (3435023)|SYSTEM_METHOD_EXIT|[1]|Test
18:17:37.0 (3445163)|METHOD_ENTRY|[9]||System.Test.isRunningTest()
18:17:37.0 (3479812)|METHOD_EXIT|[9]||System.Test.isRunningTest()
18:17:37.0 (3485437)|STATEMENT_EXECUTE|[9]
18:17:37.0 (3486345)|STATEMENT_EXECUTE|[13]
18:17:37.0 (3487886)|HEAP_ALLOCATE|[13]|Bytes:137
18:17:37.0 (3508576)|HEAP_ALLOCATE|[13]|Bytes:4
18:17:37.0 (18190695)|SOQL_EXECUTE_BEGIN|[13]|Aggregations:0|SELECT Id, Name, JobPosition__c, LastViewedDate FROM Job__c WHERE LastViewedDate != NULL ORDER BY LastViewedDate DESC NULLS FIRST LIMIT 4
18:17:37.0 (38714403)|SOQL_EXECUTE_END|[13]|Rows:4
18:17:37.0 (38752080)|HEAP_ALLOCATE|[13]|Bytes:20
18:17:37.0 (38783197)|HEAP_ALLOCATE|[13]|Bytes:884
18:17:37.0 (38835872)|HEAP_ALLOCATE|[13]|Bytes:20
18:17:37.38 (38904883)|CUMULATIVE_LIMIT_USAGE
18:17:37.38 (38904883)|LIMIT_USAGE_FOR_NS|(default)|
  Number of SOQL queries: 1 out of 100
  Number of query rows: 4 out of 50000
  Number of SOSL queries: 0 out of 20
  Number of DML statements: 0 out of 0
  Number of Publish Immediate DML: 0 out of 150
  Number of DML rows: 0 out of 10000
  Maximum CPU time: 0 out of 10000
  Maximum heap size: 0 out of 6000000
  Number of callouts: 0 out of 100
  Number of Email Invocations: 0 out of 10
  Number of future calls: 0 out of 50
  Number of queueable jobs added to the queue: 0 out of 50
  Number of Mobile Apex push calls: 0 out of 10

18:17:37.38 (38904883)|CUMULATIVE_LIMIT_USAGE_END

18:17:37.0 (38930392)|CODE_UNIT_FINISHED|RecentJobViewedController.getRecentViewedJobs()
18:17:37.0 (39090030)|CODE_UNIT_FINISHED|apex://RecentJobViewedController/ACTION$getRecentViewedJobs
18:17:37.0 (39094744)|EXECUTION_FINISHED
