66.0 APEX_CODE,FINEST;APEX_PROFILING,INFO;CALLOUT,INFO;DATA_ACCESS,INFO;DB,INFO;NBA,INFO;SYSTEM,DEBUG;VALIDATION,INFO;VISUALFORCE,INFO;WAVE,INFO;WORKFLOW,INFO
18:42:07.1 (1649663)|USER_INFO|[EXTERNAL]|0057F0000042UBb|ishibashi@hurex.co.jp.dev1|(GMT+09:00) 日本標準時 (Asia/Tokyo)|GMT+09:00
18:42:07.1 (1726646)|EXECUTION_STARTED
18:42:07.1 (1749993)|CODE_UNIT_STARTED|[EXTERNAL]|apex://OfferComponentController/ACTION$getOffers
18:42:07.1 (3472519)|CODE_UNIT_STARTED|[EXTERNAL]|01pBK000001Vpwv|OfferComponentController.getOffers()
18:42:07.1 (3707507)|HEAP_ALLOCATE|[95]|Bytes:3
18:42:07.1 (3797972)|HEAP_ALLOCATE|[100]|Bytes:152
18:42:07.1 (3816274)|HEAP_ALLOCATE|[417]|Bytes:408
18:42:07.1 (3839582)|HEAP_ALLOCATE|[430]|Bytes:408
18:42:07.1 (3864992)|HEAP_ALLOCATE|[317]|Bytes:6
18:42:07.1 (3923256)|HEAP_ALLOCATE|[EXTERNAL]|Bytes:2
18:42:07.1 (3943919)|METHOD_ENTRY|[5]|01pBK000001Vpwv|OfferComponentController.OfferComponentController()
18:42:07.1 (3956489)|STATEMENT_EXECUTE|[5]
18:42:07.1 (3961549)|STATEMENT_EXECUTE|[5]
18:42:07.1 (3981901)|HEAP_ALLOCATE|[68]|Bytes:5
18:42:07.1 (4017591)|HEAP_ALLOCATE|[74]|Bytes:5
18:42:07.1 (4024102)|HEAP_ALLOCATE|[82]|Bytes:7
18:42:07.1 (4195388)|HEAP_ALLOCATE|[EXTERNAL]|Bytes:5
18:42:07.1 (4211014)|METHOD_EXIT|[5]|OfferComponentController
18:42:07.1 (4222143)|HEAP_ALLOCATE|[18]|Bytes:5
18:42:07.1 (4225104)|STATEMENT_EXECUTE|[16]
18:42:07.1 (4226359)|STATEMENT_EXECUTE|[18]
18:42:07.1 (4228124)|HEAP_ALLOCATE|[18]|Bytes:78
18:42:07.1 (4247910)|HEAP_ALLOCATE|[18]|Bytes:4
18:42:07.1 (17635622)|SOQL_EXECUTE_BEGIN|[18]|Aggregations:0|SELECT COUNT() FROM SelectionProcess__c WHERE LatestProcessStatus__c = 'JOB打診'
18:42:07.1 (65759186)|SOQL_EXECUTE_END|[18]|Rows:2
18:42:07.1 (65820875)|HEAP_ALLOCATE|[18]|Bytes:4
18:42:07.1 (65855815)|VARIABLE_SCOPE_BEGIN|[18]|totalCount|Integer|false|false
18:42:07.1 (65863907)|HEAP_ALLOCATE|[18]|Bytes:4
18:42:07.1 (65924822)|VARIABLE_ASSIGNMENT|[18]|totalCount|2
18:42:07.1 (65931597)|STATEMENT_EXECUTE|[22]
18:42:07.1 (65939416)|HEAP_ALLOCATE|[22]|Bytes:360
18:42:07.1 (65976941)|HEAP_ALLOCATE|[22]|Bytes:4
18:42:07.1 (101258354)|SOQL_EXECUTE_BEGIN|[22]|Aggregations:0|SELECT Id, JobPosition__c, LatestProcessStatus__c, LastModifiedDate, JobPosition__r.Id, JobPosition__r.Company__r.Name, JobPosition__r.JobPosition__c, JobPosition__r.WorkLocation2__c, JobPosition__r.JobCategory1__c, JobPosition__r.LastViewedDate FROM SelectionProcess__c WHERE LatestProcessStatus__c = 'JOB打診' ORDER BY LastModifiedDate DESC NULLS FIRST LIMIT 2
18:42:07.1 (147275780)|SOQL_EXECUTE_END|[22]|Rows:2
18:42:07.1 (147324033)|HEAP_ALLOCATE|[22]|Bytes:12
18:42:07.1 (147346616)|HEAP_ALLOCATE|[22]|Bytes:884
18:42:07.1 (147513449)|HEAP_ALLOCATE|[22]|Bytes:12
18:42:07.1 (147538753)|VARIABLE_SCOPE_BEGIN|[22]|processes|List<SelectionProcess__c>|true|false
18:42:07.1 (148008067)|VARIABLE_ASSIGNMENT|[22]|processes|[{"JobPosition__c":"a0KBK00000GezgQ2AR","LastModifiedDate":"2026-03-25T09:40:48.000Z","JobPosition__r":{"JobPosition__c":"新潟市(新潟) 法人ルート営業・業界シェ (74 more) ...","WorkLocation2__c":"新潟県新潟市（転勤なし／車通勤可）","LastViewedDate":"2026-04-03T08:24:43.000Z","Id":"a0KBK00000GezgQ2AR","Company__c":"001BK00000b1JOJYA2","Company__r":{"Name":"(demo)株式会社エンミッシュ","Id":"001BK00000b1JOJYA2"},"JobCategory1__c":"経営幹部/企画/マーケティング系"},"Id":"a0LBK000006mpG52AI","LatestProcessStatus__c":"JOB打診"},{"JobPosition__c":"a0KBK00000Gexcs2AB","LastModifiedDate":"2026-03-02T05:52:31.000Z","JobPosition__r":{"JobPosition__c":"テスト401求人タイトル求人タイトル求人 (28 more) ...","WorkLocation2__c":"勤務地","LastViewedDate":"2026-04-02T11:19:39.000Z","Id":"a0KBK00000Gexcs2AB","Company__c":"001BK00000cc2ZEYAY","Company__r":{"Name":"テスト 廣川111 名11111","Id":"001BK00000cc2ZEYAY"},"JobCategory1__c":"専門職系（コンサルタント/金融/不動産）"},"Id":"a0LBK000005sEhR2AU","LatestProcessStatus__c":"JOB打診"}]|0x6c6d070b
18:42:07.1 (148033674)|STATEMENT_EXECUTE|[41]
18:42:07.1 (148061445)|HEAP_ALLOCATE|[41]|Bytes:4
18:42:07.1 (148115906)|VARIABLE_SCOPE_BEGIN|[41]|jobInfos|List<Map<String,ANY>>|true|false
18:42:07.1 (148151895)|HEAP_ALLOCATE|[EXTERNAL]|Bytes:4
18:42:07.1 (148161657)|VARIABLE_ASSIGNMENT|[41]|jobInfos|[]|0x1ac6ed22
18:42:07.1 (148392972)|HEAP_ALLOCATE|[44]|Bytes:5
18:42:07.1 (148421487)|HEAP_ALLOCATE|[44]|Bytes:24
18:42:07.1 (148428929)|VARIABLE_SCOPE_BEGIN|[44]|process|SelectionProcess__c|true|false
18:42:07.1 (148532067)|VARIABLE_ASSIGNMENT|[44]|process|{"JobPosition__c":"a0KBK00000GezgQ2AR","LastModifiedDate":"2026-03-25T09:40:48.000Z","JobPosition__r":{"JobPosition__c":"新潟市(新潟) 法人ルート営業・業界シェ (74 more) ...","WorkLocation2__c":"新潟県新潟市（転勤なし／車通勤可）","LastViewedDate":"2026-04-03T08:24:43.000Z","Id":"a0KBK00000GezgQ2AR","Company__c":"001BK00000b1JOJYA2","Company__r":{"Name":"(demo)株式会社エンミッシュ","Id":"001BK00000b1JOJYA2"},"JobCategory1__c":"経営幹部/企画/マーケティング系"},"Id":"a0LBK000006mpG52AI","LatestProcessStatus__c":"JOB打診"}|0x4fd42dd4
18:42:07.1 (148545646)|STATEMENT_EXECUTE|[44]
18:42:07.1 (148547661)|STATEMENT_EXECUTE|[45]
18:42:07.1 (148563108)|HEAP_ALLOCATE|[45]|Bytes:4
18:42:07.1 (148572282)|VARIABLE_SCOPE_BEGIN|[45]|jobInfo|Map<String,ANY>|true|false
18:42:07.1 (148596978)|VARIABLE_ASSIGNMENT|[45]|jobInfo|{}|0x2708c9b1
18:42:07.1 (148602059)|STATEMENT_EXECUTE|[46]
18:42:07.1 (148607362)|HEAP_ALLOCATE|[46]|Bytes:5
18:42:07.1 (148699224)|HEAP_ALLOCATE|[EXTERNAL]|Bytes:-4
18:42:07.1 (148704942)|STATEMENT_EXECUTE|[48]
18:42:07.1 (148706583)|HEAP_ALLOCATE|[48]|Bytes:10
18:42:07.1 (148741741)|HEAP_ALLOCATE|[48]|Bytes:14
18:42:07.1 (148789080)|HEAP_ALLOCATE|[48]|Bytes:15
18:42:07.1 (148798596)|HEAP_ALLOCATE|[EXTERNAL]|Bytes:-4
18:42:07.1 (148801961)|STATEMENT_EXECUTE|[50]
18:42:07.1 (148803463)|HEAP_ALLOCATE|[50]|Bytes:11
18:42:07.1 (148858720)|HEAP_ALLOCATE|[EXTERNAL]|Bytes:-4
18:42:07.1 (148862221)|STATEMENT_EXECUTE|[52]
18:42:07.1 (148863663)|HEAP_ALLOCATE|[52]|Bytes:13
18:42:07.1 (148880956)|HEAP_ALLOCATE|[EXTERNAL]|Bytes:-4
18:42:07.1 (148884197)|STATEMENT_EXECUTE|[54]
18:42:07.1 (148885391)|HEAP_ALLOCATE|[54]|Bytes:12
18:42:07.1 (148899898)|HEAP_ALLOCATE|[EXTERNAL]|Bytes:-4
18:42:07.1 (148902898)|STATEMENT_EXECUTE|[56]
18:42:07.1 (148904216)|HEAP_ALLOCATE|[56]|Bytes:11
18:42:07.1 (148966700)|HEAP_ALLOCATE|[EXTERNAL]|Bytes:-4
18:42:07.1 (148970629)|STATEMENT_EXECUTE|[58]
18:42:07.1 (148972027)|HEAP_ALLOCATE|[58]|Bytes:14
18:42:07.1 (149000148)|HEAP_ALLOCATE|[EXTERNAL]|Bytes:-4
18:42:07.1 (149003929)|STATEMENT_EXECUTE|[59]
18:42:07.1 (149019285)|HEAP_ALLOCATE|[EXTERNAL]|Bytes:4
18:42:07.1 (149033840)|HEAP_ALLOCATE|[44]|Bytes:5
18:42:07.1 (149043283)|HEAP_ALLOCATE|[44]|Bytes:24
18:42:07.1 (149047585)|VARIABLE_SCOPE_BEGIN|[44]|process|SelectionProcess__c|true|false
18:42:07.1 (149116444)|VARIABLE_ASSIGNMENT|[44]|process|{"JobPosition__c":"a0KBK00000Gexcs2AB","LastModifiedDate":"2026-03-02T05:52:31.000Z","JobPosition__r":{"JobPosition__c":"テスト401求人タイトル求人タイトル求人 (28 more) ...","WorkLocation2__c":"勤務地","LastViewedDate":"2026-04-02T11:19:39.000Z","Id":"a0KBK00000Gexcs2AB","Company__c":"001BK00000cc2ZEYAY","Company__r":{"Name":"テスト 廣川111 名11111","Id":"001BK00000cc2ZEYAY"},"JobCategory1__c":"専門職系（コンサルタント/金融/不動産）"},"Id":"a0LBK000005sEhR2AU","LatestProcessStatus__c":"JOB打診"}|0x3a63197b
18:42:07.1 (149126072)|STATEMENT_EXECUTE|[44]
18:42:07.1 (149126955)|STATEMENT_EXECUTE|[45]
18:42:07.1 (149134415)|HEAP_ALLOCATE|[45]|Bytes:4
18:42:07.1 (149138980)|VARIABLE_SCOPE_BEGIN|[45]|jobInfo|Map<String,ANY>|true|false
18:42:07.1 (149147203)|VARIABLE_ASSIGNMENT|[45]|jobInfo|{}|0x4a727cf8
18:42:07.1 (149150580)|STATEMENT_EXECUTE|[46]
18:42:07.1 (149158185)|HEAP_ALLOCATE|[EXTERNAL]|Bytes:-4
18:42:07.1 (149161352)|STATEMENT_EXECUTE|[48]
18:42:07.1 (149176486)|HEAP_ALLOCATE|[48]|Bytes:14
18:42:07.1 (149184611)|HEAP_ALLOCATE|[EXTERNAL]|Bytes:-4
18:42:07.1 (149187359)|STATEMENT_EXECUTE|[50]
18:42:07.1 (149192561)|HEAP_ALLOCATE|[EXTERNAL]|Bytes:-4
18:42:07.1 (149195073)|STATEMENT_EXECUTE|[52]
18:42:07.1 (149199287)|HEAP_ALLOCATE|[EXTERNAL]|Bytes:-4
18:42:07.1 (149206954)|STATEMENT_EXECUTE|[54]
18:42:07.1 (149211134)|HEAP_ALLOCATE|[EXTERNAL]|Bytes:-4
18:42:07.1 (149213742)|STATEMENT_EXECUTE|[56]
18:42:07.1 (149218802)|HEAP_ALLOCATE|[EXTERNAL]|Bytes:-4
18:42:07.1 (149221682)|STATEMENT_EXECUTE|[58]
18:42:07.1 (149227871)|HEAP_ALLOCATE|[EXTERNAL]|Bytes:-4
18:42:07.1 (149230456)|STATEMENT_EXECUTE|[59]
18:42:07.1 (149233921)|HEAP_ALLOCATE|[EXTERNAL]|Bytes:4
18:42:07.1 (149240633)|HEAP_ALLOCATE|[44]|Bytes:5
18:42:07.1 (149248134)|VARIABLE_ASSIGNMENT|[44]|process|null|
18:42:07.1 (149251949)|STATEMENT_EXECUTE|[63]
18:42:07.1 (149255703)|HEAP_ALLOCATE|[63]|Bytes:4
18:42:07.1 (149259549)|VARIABLE_SCOPE_BEGIN|[63]|result|Map<String,ANY>|true|false
18:42:07.1 (149265012)|VARIABLE_ASSIGNMENT|[63]|result|{}|0x5fd93643
18:42:07.1 (149267682)|STATEMENT_EXECUTE|[64]
18:42:07.1 (149268799)|HEAP_ALLOCATE|[64]|Bytes:8
18:42:07.1 (149282333)|HEAP_ALLOCATE|[EXTERNAL]|Bytes:-4
18:42:07.1 (149285277)|STATEMENT_EXECUTE|[65]
18:42:07.1 (149286592)|HEAP_ALLOCATE|[65]|Bytes:10
18:42:07.1 (149295254)|HEAP_ALLOCATE|[65]|Bytes:4
18:42:07.1 (149317872)|HEAP_ALLOCATE|[EXTERNAL]|Bytes:-4
18:42:07.1 (149320754)|STATEMENT_EXECUTE|[66]
18:42:07.149 (149398202)|CUMULATIVE_LIMIT_USAGE
18:42:07.149 (149398202)|LIMIT_USAGE_FOR_NS|(default)|
  Number of SOQL queries: 2 out of 100
  Number of query rows: 3 out of 50000
  Number of SOSL queries: 0 out of 20
  Number of DML statements: 0 out of 0
  Number of Publish Immediate DML: 0 out of 150
  Number of DML rows: 0 out of 10000
  Maximum CPU time: 0 out of 10000
  Maximum heap size: 0 out of 6000000
  Number of callouts: 0 out of 100
  Number of Email Invocations: 0 out of 10
  Number of future calls: 0 out of 50
  Number of queueable jobs added to the queue: 0 out of 50
  Number of Mobile Apex push calls: 0 out of 10

18:42:07.149 (149398202)|CUMULATIVE_LIMIT_USAGE_END

18:42:07.1 (149448095)|CODE_UNIT_FINISHED|OfferComponentController.getOffers()
18:42:07.1 (149639445)|CODE_UNIT_FINISHED|apex://OfferComponentController/ACTION$getOffers
18:42:07.1 (149647349)|EXECUTION_FINISHED
