66.0 APEX_CODE,FINEST;APEX_PROFILING,INFO;CALLOUT,INFO;DATA_ACCESS,INFO;DB,INFO;NBA,INFO;SYSTEM,DEBUG;VALIDATION,INFO;VISUALFORCE,INFO;WAVE,INFO;WORKFLOW,INFO
17:35:55.0 (799893)|USER_INFO|[EXTERNAL]|0057F0000042UBb|ishibashi@hurex.co.jp.dev1|(GMT+09:00) 日本標準時 (Asia/Tokyo)|GMT+09:00
17:35:55.0 (837597)|EXECUTION_STARTED
17:35:55.0 (850088)|CODE_UNIT_STARTED|[EXTERNAL]|apex://CustomNotificationController/ACTION$getNotifications
17:35:55.0 (2748164)|CODE_UNIT_STARTED|[EXTERNAL]|01pBK000001VvEL|CustomNotificationController.getNotifications(String)
17:35:55.0 (7219934)|HEAP_ALLOCATE|[95]|Bytes:3
17:35:55.0 (7323429)|HEAP_ALLOCATE|[100]|Bytes:152
17:35:55.0 (7340001)|HEAP_ALLOCATE|[417]|Bytes:408
17:35:55.0 (7351135)|HEAP_ALLOCATE|[430]|Bytes:408
17:35:55.0 (7372308)|HEAP_ALLOCATE|[317]|Bytes:6
17:35:55.0 (7384343)|HEAP_ALLOCATE|[EXTERNAL]|Bytes:7
17:35:55.0 (7396430)|METHOD_ENTRY|[1]|01pBK000001VvEL|CustomNotificationController.CustomNotificationController()
17:35:55.0 (7406815)|STATEMENT_EXECUTE|[1]
17:35:55.0 (7412874)|STATEMENT_EXECUTE|[1]
17:35:55.0 (7433334)|HEAP_ALLOCATE|[68]|Bytes:5
17:35:55.0 (7471688)|HEAP_ALLOCATE|[74]|Bytes:5
17:35:55.0 (7477288)|HEAP_ALLOCATE|[82]|Bytes:7
17:35:55.0 (7842763)|HEAP_ALLOCATE|[EXTERNAL]|Bytes:5
17:35:55.0 (7859828)|METHOD_EXIT|[1]|CustomNotificationController
17:35:55.0 (7877904)|VARIABLE_SCOPE_BEGIN|[5]|before|String|false|false
17:35:55.0 (7917451)|VARIABLE_ASSIGNMENT|[5]|before|null
17:35:55.0 (7928617)|HEAP_ALLOCATE|[6]|Bytes:5
17:35:55.0 (7931541)|STATEMENT_EXECUTE|[5]
17:35:55.0 (7932875)|STATEMENT_EXECUTE|[6]
17:35:55.0 (7960338)|VARIABLE_SCOPE_BEGIN|[6]|req|System.HttpRequest|true|false
17:35:55.0 (8185254)|VARIABLE_ASSIGNMENT|[6]|req|"System.HttpRequest[Endpoint=null, Method=null]"|0x44cb9b07
17:35:55.0 (8192081)|STATEMENT_EXECUTE|[7]
17:35:55.0 (8195024)|HEAP_ALLOCATE|[7]|Bytes:3
17:35:55.0 (8263777)|STATEMENT_EXECUTE|[8]
17:35:55.0 (8265261)|HEAP_ALLOCATE|[8]|Bytes:13
17:35:55.0 (8267969)|HEAP_ALLOCATE|[8]|Bytes:7
17:35:55.0 (8324582)|HEAP_ALLOCATE|[8]|Bytes:105
17:35:55.0 (8335243)|SYSTEM_METHOD_ENTRY|[1]|UserInfo.UserInfo()
17:35:55.0 (8338835)|STATEMENT_EXECUTE|[1]
17:35:55.0 (8346203)|SYSTEM_METHOD_EXIT|[1]|UserInfo
17:35:55.0 (8361666)|METHOD_ENTRY|[8]||System.UserInfo.getSessionId()
17:35:55.0 (19567255)|METHOD_EXIT|[8]||System.UserInfo.getSessionId()
17:35:55.0 (19632344)|HEAP_ALLOCATE|[8]|Bytes:119
17:35:55.0 (19711724)|STATEMENT_EXECUTE|[10]
17:35:55.0 (19796029)|HEAP_ALLOCATE|[10]|Bytes:67
17:35:55.0 (19817998)|SYSTEM_METHOD_ENTRY|[1]|Url.Url()
17:35:55.0 (19821770)|STATEMENT_EXECUTE|[1]
17:35:55.0 (19835268)|SYSTEM_METHOD_EXIT|[1]|Url
17:35:55.0 (19853634)|METHOD_ENTRY|[10]||System.Url.getOrgDomainUrl()
17:35:55.0 (20158676)|METHOD_EXIT|[10]||System.Url.getOrgDomainUrl()
17:35:55.0 (20186036)|METHOD_ENTRY|[10]||System.Url.toExternalForm()
17:35:55.0 (20231676)|METHOD_EXIT|[10]||System.Url.toExternalForm()
17:35:55.0 (20237859)|VARIABLE_SCOPE_BEGIN|[10]|domainPath|String|false|false
17:35:55.0 (20266508)|VARIABLE_ASSIGNMENT|[10]|domainPath|"https://hurex--dev1. (25 more) ..."
17:35:55.0 (20271780)|STATEMENT_EXECUTE|[11]
17:35:55.0 (20275668)|HEAP_ALLOCATE|[11]|Bytes:50
17:35:55.0 (20285941)|HEAP_ALLOCATE|[11]|Bytes:95
17:35:55.0 (20289450)|VARIABLE_SCOPE_BEGIN|[11]|endpoint|String|false|false
17:35:55.0 (20297508)|VARIABLE_ASSIGNMENT|[11]|endpoint|"https://hurex--dev1. (75 more) ..."
17:35:55.0 (20366500)|STATEMENT_EXECUTE|[13]
17:35:55.0 (20368363)|STATEMENT_EXECUTE|[16]
17:35:55.0 (20408674)|STATEMENT_EXECUTE|[18]
17:35:55.0 (20432795)|VARIABLE_SCOPE_BEGIN|[18]|http|System.Http|true|false
17:35:55.0 (20594624)|VARIABLE_ASSIGNMENT|[18]|http|"System.Http[]"|0x403e9169
17:35:55.0 (20602462)|STATEMENT_EXECUTE|[19]
17:35:55.0 (20689082)|CALLOUT_REQUEST|[19]|System.HttpRequest[Endpoint=https://hurex--dev1.sandbox.my.salesforce.com/services/data/v56.0/connect/notifications?size=20, Method=GET]
17:35:55.0 (166076964)|HEAP_ALLOCATE|[EXTERNAL]|Bytes:872
17:35:55.0 (168674986)|CALLOUT_RESPONSE|[19]|System.HttpResponse[Status=OK, StatusCode=200]
17:35:55.0 (168706020)|HEAP_ALLOCATE|[19]|Bytes:26
17:35:55.0 (168740960)|VARIABLE_SCOPE_BEGIN|[19]|res|System.HttpResponse|true|false
17:35:55.0 (168814807)|VARIABLE_ASSIGNMENT|[19]|res|"System.HttpResponse[Status=OK, StatusCode=200]"|0x204a30e3
17:35:55.0 (168878120)|STATEMENT_EXECUTE|[21]
17:35:55.0 (168879563)|STATEMENT_EXECUTE|[22]
17:35:55.0 (168898996)|HEAP_ALLOCATE|[22]|Bytes:20
17:35:55.168 (168940267)|CUMULATIVE_LIMIT_USAGE
17:35:55.168 (168940267)|LIMIT_USAGE_FOR_NS|(default)|
  Number of SOQL queries: 0 out of 100
  Number of query rows: 0 out of 50000
  Number of SOSL queries: 0 out of 20
  Number of DML statements: 0 out of 150
  Number of Publish Immediate DML: 0 out of 150
  Number of DML rows: 0 out of 10000
  Maximum CPU time: 0 out of 10000
  Maximum heap size: 0 out of 6000000
  Number of callouts: 1 out of 100
  Number of Email Invocations: 0 out of 10
  Number of future calls: 0 out of 50
  Number of queueable jobs added to the queue: 0 out of 50
  Number of Mobile Apex push calls: 0 out of 10

17:35:55.168 (168940267)|CUMULATIVE_LIMIT_USAGE_END

17:35:55.0 (168975589)|CODE_UNIT_FINISHED|CustomNotificationController.getNotifications(String)
17:35:55.0 (169135892)|CODE_UNIT_FINISHED|apex://CustomNotificationController/ACTION$getNotifications
17:35:55.0 (169141933)|EXECUTION_FINISHED
