66.0 APEX_CODE,FINEST;APEX_PROFILING,INFO;CALLOUT,INFO;DATA_ACCESS,INFO;DB,INFO;NBA,INFO;SYSTEM,DEBUG;VALIDATION,INFO;VISUALFORCE,INFO;WAVE,INFO;WORKFLOW,INFO
15:39:08.0 (637635)|USER_INFO|[EXTERNAL]|0057F0000042UBb|ishibashi@hurex.co.jp.dev1|(GMT+09:00) 日本標準時 (Asia/Tokyo)|GMT+09:00
15:39:08.0 (680807)|EXECUTION_STARTED
15:39:08.0 (692544)|CODE_UNIT_STARTED|[EXTERNAL]|apex://CareerHistoryController/ACTION$getCareerHistory
15:39:08.0 (2572317)|CODE_UNIT_STARTED|[EXTERNAL]|01pBK000001lv3t|CareerHistoryController.getCareerHistory()
15:39:08.0 (7312944)|HEAP_ALLOCATE|[95]|Bytes:3
15:39:08.0 (7420962)|HEAP_ALLOCATE|[100]|Bytes:152
15:39:08.0 (7436609)|HEAP_ALLOCATE|[417]|Bytes:408
15:39:08.0 (7447420)|HEAP_ALLOCATE|[430]|Bytes:408
15:39:08.0 (7467477)|HEAP_ALLOCATE|[317]|Bytes:6
15:39:08.0 (7477204)|HEAP_ALLOCATE|[EXTERNAL]|Bytes:13
15:39:08.0 (7480860)|HEAP_ALLOCATE|[EXTERNAL]|Bytes:17
15:39:08.0 (7482764)|HEAP_ALLOCATE|[EXTERNAL]|Bytes:2
15:39:08.0 (7491371)|METHOD_ENTRY|[1]|01pBK000001lv3t|CareerHistoryController.CareerHistoryController()
15:39:08.0 (7496733)|STATEMENT_EXECUTE|[1]
15:39:08.0 (7501251)|STATEMENT_EXECUTE|[1]
15:39:08.0 (7521969)|HEAP_ALLOCATE|[68]|Bytes:5
15:39:08.0 (7545843)|HEAP_ALLOCATE|[74]|Bytes:5
15:39:08.0 (7550882)|HEAP_ALLOCATE|[82]|Bytes:7
15:39:08.0 (7939660)|HEAP_ALLOCATE|[EXTERNAL]|Bytes:5
15:39:08.0 (7950922)|STATEMENT_EXECUTE|[4]
15:39:08.0 (7963773)|METHOD_EXIT|[1]|CareerHistoryController
15:39:08.0 (7980937)|HEAP_ALLOCATE|[21]|Bytes:5
15:39:08.0 (7984017)|STATEMENT_EXECUTE|[20]
15:39:08.0 (7985337)|STATEMENT_EXECUTE|[21]
15:39:08.0 (7999314)|HEAP_ALLOCATE|[21]|Bytes:4
15:39:08.0 (8084861)|VARIABLE_SCOPE_BEGIN|[21]|careerList|List<CareerHistoryController.CareerWrapper>|true|false
15:39:08.0 (8123415)|HEAP_ALLOCATE|[EXTERNAL]|Bytes:4
15:39:08.0 (8159797)|VARIABLE_ASSIGNMENT|[21]|careerList|[]|0x70478ba9
15:39:08.0 (8163198)|STATEMENT_EXECUTE|[22]
15:39:08.0 (8239964)|HEAP_ALLOCATE|[22]|Bytes:4
15:39:08.0 (8331121)|VARIABLE_SCOPE_BEGIN|[22]|acc|Account|true|false
15:39:08.0 (8346062)|VARIABLE_ASSIGNMENT|[22]|acc|{}|0x5e497d8f
15:39:08.0 (8349372)|STATEMENT_EXECUTE|[24]
15:39:08.0 (8350272)|STATEMENT_EXECUTE|[24]
15:39:08.0 (8351205)|STATEMENT_EXECUTE|[25]
15:39:08.0 (8354326)|HEAP_ALLOCATE|[25]|Bytes:54
15:39:08.0 (8368147)|HEAP_ALLOCATE|[25]|Bytes:4
15:39:08.0 (8374521)|HEAP_ALLOCATE|[25]|Bytes:7
15:39:08.0 (8415076)|HEAP_ALLOCATE|[25]|Bytes:105
15:39:08.0 (8423121)|SYSTEM_METHOD_ENTRY|[1]|UserInfo.UserInfo()
15:39:08.0 (8425362)|STATEMENT_EXECUTE|[1]
15:39:08.0 (8430015)|SYSTEM_METHOD_EXIT|[1]|UserInfo
15:39:08.0 (8440645)|METHOD_ENTRY|[25]||System.UserInfo.getUserId()
15:39:08.0 (13799367)|METHOD_EXIT|[25]||System.UserInfo.getUserId()
15:39:08.0 (15662223)|SOQL_EXECUTE_BEGIN|[25]|Aggregations:0|SELECT AccountId FROM User WHERE Id = :tmpVar1 LIMIT 1
15:39:08.0 (35244692)|SOQL_EXECUTE_END|[25]|Rows:1
15:39:08.0 (35285922)|HEAP_ALLOCATE|[25]|Bytes:8
15:39:08.0 (35306141)|HEAP_ALLOCATE|[25]|Bytes:29
15:39:08.0 (35407730)|HEAP_ALLOCATE|[25]|Bytes:8
15:39:08.0 (35423243)|HEAP_ALLOCATE|[25]|Bytes:30
15:39:08.0 (35486202)|HEAP_ALLOCATE|[25]|Bytes:8
15:39:08.0 (35492477)|VARIABLE_SCOPE_BEGIN|[25]|currentUser|User|true|false
15:39:08.0 (35546294)|VARIABLE_ASSIGNMENT|[25]|currentUser|{"Id":"0057F0000042UBbQAM"}|0x592106e4
15:39:08.0 (35560393)|STATEMENT_EXECUTE|[27]
15:39:08.0 (35563534)|STATEMENT_EXECUTE|[44]
15:39:08.0 (35682837)|HEAP_ALLOCATE|[44]|Bytes:276
15:39:08.0 (35689361)|HEAP_ALLOCATE|[44]|Bytes:21
15:39:08.0 (35709959)|HEAP_ALLOCATE|[44]|Bytes:40
15:39:08.0 (35735602)|CONSTRUCTOR_ENTRY|[44]|01pBK000001lv3t|<init>()|CareerHistoryController.CareerWrapper
15:39:08.0 (35777156)|VARIABLE_SCOPE_BEGIN|[4]|this|CareerHistoryController.CareerWrapper|true|false
15:39:08.0 (35843387)|VARIABLE_ASSIGNMENT|[4]|this|{}|0x502f5ae4
15:39:08.0 (35849615)|HEAP_ALLOCATE|[EXTERNAL]|Bytes:6
15:39:08.0 (35874957)|STATEMENT_EXECUTE|[4]
15:39:08.0 (35875956)|STATEMENT_EXECUTE|[5]
15:39:08.0 (35876874)|STATEMENT_EXECUTE|[6]
15:39:08.0 (35877646)|STATEMENT_EXECUTE|[7]
15:39:08.0 (35878414)|STATEMENT_EXECUTE|[8]
15:39:08.0 (35879170)|STATEMENT_EXECUTE|[9]
15:39:08.0 (35879908)|STATEMENT_EXECUTE|[10]
15:39:08.0 (35880786)|STATEMENT_EXECUTE|[11]
15:39:08.0 (35881777)|STATEMENT_EXECUTE|[12]
15:39:08.0 (35882600)|STATEMENT_EXECUTE|[13]
15:39:08.0 (35885778)|CONSTRUCTOR_EXIT|[44]|01pBK000001lv3t|<init>()|CareerHistoryController.CareerWrapper
15:39:08.0 (35889178)|VARIABLE_SCOPE_BEGIN|[44]|c1|CareerHistoryController.CareerWrapper|true|false
15:39:08.0 (35901411)|VARIABLE_ASSIGNMENT|[44]|c1|{}|0x502f5ae4
15:39:08.0 (35904647)|STATEMENT_EXECUTE|[45]
15:39:08.0 (35906893)|HEAP_ALLOCATE|[45]|Bytes:1
15:39:08.0 (35970195)|VARIABLE_ASSIGNMENT|[EXTERNAL]|this|{}|0x502f5ae4
15:39:08.0 (35979503)|VARIABLE_ASSIGNMENT|[EXTERNAL]|value|"1"
15:39:08.0 (35990883)|VARIABLE_ASSIGNMENT|[5]|this.id|"1"|0x502f5ae4
15:39:08.0 (35999487)|STATEMENT_EXECUTE|[46]
15:39:08.0 (36016020)|METHOD_ENTRY|[46]|01pBK000001lv3t|CareerHistoryController.nullToEmpty(String)
15:39:08.0 (36024368)|VARIABLE_SCOPE_BEGIN|[145]|str|String|false|false
15:39:08.0 (36031187)|VARIABLE_ASSIGNMENT|[145]|str|null
15:39:08.0 (36046103)|HEAP_ALLOCATE|[145]|Bytes:5
15:39:08.0 (36049515)|STATEMENT_EXECUTE|[145]
15:39:08.0 (36050766)|STATEMENT_EXECUTE|[145]
15:39:08.0 (36060319)|METHOD_EXIT|[46]|01pBK000001lv3t|CareerHistoryController.nullToEmpty(String)
15:39:08.0 (36087321)|VARIABLE_ASSIGNMENT|[EXTERNAL]|this|{"id":"1"}|0x502f5ae4
15:39:08.0 (36093465)|VARIABLE_ASSIGNMENT|[EXTERNAL]|value|""
15:39:08.0 (36100481)|VARIABLE_ASSIGNMENT|[6]|this.companyName|""|0x502f5ae4
15:39:08.0 (36106872)|STATEMENT_EXECUTE|[47]
15:39:08.0 (36112316)|METHOD_ENTRY|[47]|01pBK000001lv3t|CareerHistoryController.nullToEmpty(String)
15:39:08.0 (36119125)|VARIABLE_SCOPE_BEGIN|[145]|str|String|false|false
15:39:08.0 (36125245)|VARIABLE_ASSIGNMENT|[145]|str|null
15:39:08.0 (36129937)|HEAP_ALLOCATE|[145]|Bytes:5
15:39:08.0 (36131995)|STATEMENT_EXECUTE|[145]
15:39:08.0 (36132827)|STATEMENT_EXECUTE|[145]
15:39:08.0 (36135807)|METHOD_EXIT|[47]|01pBK000001lv3t|CareerHistoryController.nullToEmpty(String)
15:39:08.0 (36152928)|VARIABLE_ASSIGNMENT|[EXTERNAL]|this|{"companyName":"","id":"1"}|0x502f5ae4
15:39:08.0 (36157068)|VARIABLE_ASSIGNMENT|[EXTERNAL]|value|""
15:39:08.0 (36161396)|VARIABLE_ASSIGNMENT|[10]|this.annualIncome|""|0x502f5ae4
15:39:08.0 (36165232)|STATEMENT_EXECUTE|[48]
15:39:08.0 (36168134)|METHOD_ENTRY|[48]|01pBK000001lv3t|CareerHistoryController.nullToEmpty(String)
15:39:08.0 (36172082)|VARIABLE_SCOPE_BEGIN|[145]|str|String|false|false
15:39:08.0 (36175777)|VARIABLE_ASSIGNMENT|[145]|str|null
15:39:08.0 (36178818)|HEAP_ALLOCATE|[145]|Bytes:5
15:39:08.0 (36180472)|STATEMENT_EXECUTE|[145]
15:39:08.0 (36181285)|STATEMENT_EXECUTE|[145]
15:39:08.0 (36183322)|METHOD_EXIT|[48]|01pBK000001lv3t|CareerHistoryController.nullToEmpty(String)
15:39:08.0 (36197477)|VARIABLE_ASSIGNMENT|[EXTERNAL]|this|{"annualIncome":"","companyName":"","id":"1"}|0x502f5ae4
15:39:08.0 (36201670)|VARIABLE_ASSIGNMENT|[EXTERNAL]|value|""
15:39:08.0 (36205715)|VARIABLE_ASSIGNMENT|[11]|this.jobDescription|""|0x502f5ae4
15:39:08.0 (36209406)|STATEMENT_EXECUTE|[50]
15:39:08.0 (36211897)|METHOD_ENTRY|[50]|01pBK000001lv3t|CareerHistoryController.nullToEmpty(String)
15:39:08.0 (36215327)|VARIABLE_SCOPE_BEGIN|[145]|str|String|false|false
15:39:08.0 (36218755)|VARIABLE_ASSIGNMENT|[145]|str|null
15:39:08.0 (36221714)|HEAP_ALLOCATE|[145]|Bytes:5
15:39:08.0 (36223275)|STATEMENT_EXECUTE|[145]
15:39:08.0 (36224027)|STATEMENT_EXECUTE|[145]
15:39:08.0 (36225833)|METHOD_EXIT|[50]|01pBK000001lv3t|CareerHistoryController.nullToEmpty(String)
15:39:08.0 (36239864)|VARIABLE_ASSIGNMENT|[EXTERNAL]|this|{"annualIncome":"","companyName":"","id":"1","jobDescription":""}|0x502f5ae4
15:39:08.0 (36244000)|VARIABLE_ASSIGNMENT|[EXTERNAL]|value|""
15:39:08.0 (36247564)|VARIABLE_ASSIGNMENT|[12]|this.jobGroup|""|0x502f5ae4
15:39:08.0 (36251159)|STATEMENT_EXECUTE|[51]
15:39:08.0 (36253657)|METHOD_ENTRY|[51]|01pBK000001lv3t|CareerHistoryController.nullToEmpty(String)
15:39:08.0 (36257277)|VARIABLE_SCOPE_BEGIN|[145]|str|String|false|false
15:39:08.0 (36260744)|VARIABLE_ASSIGNMENT|[145]|str|null
15:39:08.0 (36263588)|HEAP_ALLOCATE|[145]|Bytes:5
15:39:08.0 (36265175)|STATEMENT_EXECUTE|[145]
15:39:08.0 (36266112)|STATEMENT_EXECUTE|[145]
15:39:08.0 (36267950)|METHOD_EXIT|[51]|01pBK000001lv3t|CareerHistoryController.nullToEmpty(String)
15:39:08.0 (36282067)|VARIABLE_ASSIGNMENT|[EXTERNAL]|this|{"annualIncome":"","companyName":"","id":"1","jobDescription":"","jobGroup":""}|0x502f5ae4
15:39:08.0 (36286529)|VARIABLE_ASSIGNMENT|[EXTERNAL]|value|""
15:39:08.0 (36290335)|VARIABLE_ASSIGNMENT|[13]|this.jobGroupOption|""|0x502f5ae4
15:39:08.0 (36294013)|STATEMENT_EXECUTE|[52]
15:39:08.0 (36306365)|METHOD_ENTRY|[52]|01pBK000001lv3t|CareerHistoryController.formatDateToYYYYMM(Date)
15:39:08.0 (36314174)|VARIABLE_SCOPE_BEGIN|[147]|d|Date|false|false
15:39:08.0 (36318160)|VARIABLE_ASSIGNMENT|[147]|d|null
15:39:08.0 (36322212)|HEAP_ALLOCATE|[148]|Bytes:5
15:39:08.0 (36324432)|STATEMENT_EXECUTE|[147]
15:39:08.0 (36325701)|STATEMENT_EXECUTE|[148]
15:39:08.0 (36328667)|METHOD_EXIT|[52]|01pBK000001lv3t|CareerHistoryController.formatDateToYYYYMM(Date)
15:39:08.0 (36343709)|VARIABLE_ASSIGNMENT|[EXTERNAL]|this|{"annualIncome":"","companyName":"","id":"1","jobDescription":"","jobGroup":"","jobGroupOption":""}|0x502f5ae4
15:39:08.0 (36347992)|VARIABLE_ASSIGNMENT|[EXTERNAL]|value|""
15:39:08.0 (36352063)|VARIABLE_ASSIGNMENT|[7]|this.startDateInput|""|0x502f5ae4
15:39:08.0 (36355599)|STATEMENT_EXECUTE|[53]
15:39:08.0 (36358510)|METHOD_ENTRY|[53]|01pBK000001lv3t|CareerHistoryController.formatDateToYYYYMM(Date)
15:39:08.0 (36362157)|VARIABLE_SCOPE_BEGIN|[147]|d|Date|false|false
15:39:08.0 (36365599)|VARIABLE_ASSIGNMENT|[147]|d|null
15:39:08.0 (36368593)|HEAP_ALLOCATE|[148]|Bytes:5
15:39:08.0 (36370266)|STATEMENT_EXECUTE|[147]
15:39:08.0 (36371201)|STATEMENT_EXECUTE|[148]
15:39:08.0 (36373084)|METHOD_EXIT|[53]|01pBK000001lv3t|CareerHistoryController.formatDateToYYYYMM(Date)
15:39:08.0 (36387899)|VARIABLE_ASSIGNMENT|[EXTERNAL]|this|{"annualIncome":"","companyName":"","id":"1","jobDescription":"","jobGroup":"","jobGroupOption":"","startDateInput":""}|0x502f5ae4
15:39:08.0 (36392234)|VARIABLE_ASSIGNMENT|[EXTERNAL]|value|""
15:39:08.0 (36396058)|VARIABLE_ASSIGNMENT|[8]|this.endDateInput|""|0x502f5ae4
15:39:08.0 (36399888)|STATEMENT_EXECUTE|[54]
15:39:08.0 (36427839)|VARIABLE_ASSIGNMENT|[EXTERNAL]|this|{"annualIncome":"","companyName":"","endDateInput":"","id":"1","jobDescription":"","jobGroup":"","jobGroupOption":"","startDateInput":""}|0x502f5ae4
15:39:08.0 (36435504)|VARIABLE_ASSIGNMENT|[EXTERNAL]|value|true
15:39:08.0 (36440282)|HEAP_ALLOCATE|[9]|Bytes:5
15:39:08.0 (36444544)|VARIABLE_ASSIGNMENT|[9]|this.isCurrentJob|true|0x502f5ae4
15:39:08.0 (36450051)|STATEMENT_EXECUTE|[55]
15:39:08.0 (36477540)|HEAP_ALLOCATE|[EXTERNAL]|Bytes:4
15:39:08.0 (36483842)|STATEMENT_EXECUTE|[58]
15:39:08.0 (36487664)|HEAP_ALLOCATE|[58]|Bytes:40
15:39:08.0 (36492267)|CONSTRUCTOR_ENTRY|[58]|01pBK000001lv3t|<init>()|CareerHistoryController.CareerWrapper
15:39:08.0 (36498891)|VARIABLE_SCOPE_BEGIN|[4]|this|CareerHistoryController.CareerWrapper|true|false
15:39:08.0 (36508066)|VARIABLE_ASSIGNMENT|[4]|this|{}|0x5e59766f
15:39:08.0 (36519739)|STATEMENT_EXECUTE|[4]
15:39:08.0 (36520782)|STATEMENT_EXECUTE|[5]
15:39:08.0 (36521584)|STATEMENT_EXECUTE|[6]
15:39:08.0 (36522346)|STATEMENT_EXECUTE|[7]
15:39:08.0 (36523117)|STATEMENT_EXECUTE|[8]
15:39:08.0 (36523905)|STATEMENT_EXECUTE|[9]
15:39:08.0 (36524672)|STATEMENT_EXECUTE|[10]
15:39:08.0 (36525460)|STATEMENT_EXECUTE|[11]
15:39:08.0 (36526186)|STATEMENT_EXECUTE|[12]
15:39:08.0 (36526961)|STATEMENT_EXECUTE|[13]
15:39:08.0 (36528857)|CONSTRUCTOR_EXIT|[58]|01pBK000001lv3t|<init>()|CareerHistoryController.CareerWrapper
15:39:08.0 (36531940)|VARIABLE_SCOPE_BEGIN|[58]|c2|CareerHistoryController.CareerWrapper|true|false
15:39:08.0 (36542103)|VARIABLE_ASSIGNMENT|[58]|c2|{}|0x5e59766f
15:39:08.0 (36544732)|STATEMENT_EXECUTE|[59]
15:39:08.0 (36546624)|HEAP_ALLOCATE|[59]|Bytes:1
15:39:08.0 (36558839)|VARIABLE_ASSIGNMENT|[EXTERNAL]|this|{}|0x5e59766f
15:39:08.0 (36563155)|VARIABLE_ASSIGNMENT|[EXTERNAL]|value|"2"
15:39:08.0 (36567099)|VARIABLE_ASSIGNMENT|[5]|this.id|"2"|0x5e59766f
15:39:08.0 (36570802)|STATEMENT_EXECUTE|[60]
15:39:08.0 (36573786)|METHOD_ENTRY|[60]|01pBK000001lv3t|CareerHistoryController.nullToEmpty(String)
15:39:08.0 (36577285)|VARIABLE_SCOPE_BEGIN|[145]|str|String|false|false
15:39:08.0 (36580829)|VARIABLE_ASSIGNMENT|[145]|str|null
15:39:08.0 (36584304)|HEAP_ALLOCATE|[145]|Bytes:5
15:39:08.0 (36585963)|STATEMENT_EXECUTE|[145]
15:39:08.0 (36586800)|STATEMENT_EXECUTE|[145]
15:39:08.0 (36589212)|METHOD_EXIT|[60]|01pBK000001lv3t|CareerHistoryController.nullToEmpty(String)
15:39:08.0 (36599661)|VARIABLE_ASSIGNMENT|[EXTERNAL]|this|{"id":"2"}|0x5e59766f
15:39:08.0 (36603305)|VARIABLE_ASSIGNMENT|[EXTERNAL]|value|""
15:39:08.0 (36606449)|VARIABLE_ASSIGNMENT|[6]|this.companyName|""|0x5e59766f
15:39:08.0 (36609931)|STATEMENT_EXECUTE|[61]
15:39:08.0 (36612476)|METHOD_ENTRY|[61]|01pBK000001lv3t|CareerHistoryController.nullToEmpty(String)
15:39:08.0 (36615982)|VARIABLE_SCOPE_BEGIN|[145]|str|String|false|false
15:39:08.0 (36619389)|VARIABLE_ASSIGNMENT|[145]|str|null
15:39:08.0 (36622306)|HEAP_ALLOCATE|[145]|Bytes:5
15:39:08.0 (36623947)|STATEMENT_EXECUTE|[145]
15:39:08.0 (36624701)|STATEMENT_EXECUTE|[145]
15:39:08.0 (36626489)|METHOD_EXIT|[61]|01pBK000001lv3t|CareerHistoryController.nullToEmpty(String)
15:39:08.0 (36636519)|VARIABLE_ASSIGNMENT|[EXTERNAL]|this|{"companyName":"","id":"2"}|0x5e59766f
15:39:08.0 (36640184)|VARIABLE_ASSIGNMENT|[EXTERNAL]|value|""
15:39:08.0 (36643384)|VARIABLE_ASSIGNMENT|[11]|this.jobDescription|""|0x5e59766f
15:39:08.0 (36646908)|STATEMENT_EXECUTE|[63]
15:39:08.0 (36649189)|METHOD_ENTRY|[63]|01pBK000001lv3t|CareerHistoryController.nullToEmpty(String)
15:39:08.0 (36652423)|VARIABLE_SCOPE_BEGIN|[145]|str|String|false|false
15:39:08.0 (36655835)|VARIABLE_ASSIGNMENT|[145]|str|null
15:39:08.0 (36658583)|HEAP_ALLOCATE|[145]|Bytes:5
15:39:08.0 (36660124)|STATEMENT_EXECUTE|[145]
15:39:08.0 (36660884)|STATEMENT_EXECUTE|[145]
15:39:08.0 (36662701)|METHOD_EXIT|[63]|01pBK000001lv3t|CareerHistoryController.nullToEmpty(String)
15:39:08.0 (36673069)|VARIABLE_ASSIGNMENT|[EXTERNAL]|this|{"companyName":"","id":"2","jobDescription":""}|0x5e59766f
15:39:08.0 (36676879)|VARIABLE_ASSIGNMENT|[EXTERNAL]|value|""
15:39:08.0 (36680034)|VARIABLE_ASSIGNMENT|[12]|this.jobGroup|""|0x5e59766f
15:39:08.0 (36683491)|STATEMENT_EXECUTE|[64]
15:39:08.0 (36685774)|METHOD_ENTRY|[64]|01pBK000001lv3t|CareerHistoryController.nullToEmpty(String)
15:39:08.0 (36689024)|VARIABLE_SCOPE_BEGIN|[145]|str|String|false|false
15:39:08.0 (36692453)|VARIABLE_ASSIGNMENT|[145]|str|null
15:39:08.0 (36695124)|HEAP_ALLOCATE|[145]|Bytes:5
15:39:08.0 (36696563)|STATEMENT_EXECUTE|[145]
15:39:08.0 (36697349)|STATEMENT_EXECUTE|[145]
15:39:08.0 (36699164)|METHOD_EXIT|[64]|01pBK000001lv3t|CareerHistoryController.nullToEmpty(String)
15:39:08.0 (36709783)|VARIABLE_ASSIGNMENT|[EXTERNAL]|this|{"companyName":"","id":"2","jobDescription":"","jobGroup":""}|0x5e59766f
15:39:08.0 (36713514)|VARIABLE_ASSIGNMENT|[EXTERNAL]|value|""
15:39:08.0 (36716986)|VARIABLE_ASSIGNMENT|[13]|this.jobGroupOption|""|0x5e59766f
15:39:08.0 (36720515)|STATEMENT_EXECUTE|[65]
15:39:08.0 (36722846)|METHOD_ENTRY|[65]|01pBK000001lv3t|CareerHistoryController.formatDateToYYYYMM(Date)
15:39:08.0 (36726322)|VARIABLE_SCOPE_BEGIN|[147]|d|Date|false|false
15:39:08.0 (36729912)|VARIABLE_ASSIGNMENT|[147]|d|null
15:39:08.0 (36732806)|HEAP_ALLOCATE|[148]|Bytes:5
15:39:08.0 (36734406)|STATEMENT_EXECUTE|[147]
15:39:08.0 (36735374)|STATEMENT_EXECUTE|[148]
15:39:08.0 (36737469)|METHOD_EXIT|[65]|01pBK000001lv3t|CareerHistoryController.formatDateToYYYYMM(Date)
15:39:08.0 (36748023)|VARIABLE_ASSIGNMENT|[EXTERNAL]|this|{"companyName":"","id":"2","jobDescription":"","jobGroup":"","jobGroupOption":""}|0x5e59766f
15:39:08.0 (36751682)|VARIABLE_ASSIGNMENT|[EXTERNAL]|value|""
15:39:08.0 (36754971)|VARIABLE_ASSIGNMENT|[7]|this.startDateInput|""|0x5e59766f
15:39:08.0 (36758565)|STATEMENT_EXECUTE|[66]
15:39:08.0 (36760662)|METHOD_ENTRY|[66]|01pBK000001lv3t|CareerHistoryController.formatDateToYYYYMM(Date)
15:39:08.0 (36764000)|VARIABLE_SCOPE_BEGIN|[147]|d|Date|false|false
15:39:08.0 (36767455)|VARIABLE_ASSIGNMENT|[147]|d|null
15:39:08.0 (36770108)|HEAP_ALLOCATE|[148]|Bytes:5
15:39:08.0 (36771633)|STATEMENT_EXECUTE|[147]
15:39:08.0 (36772492)|STATEMENT_EXECUTE|[148]
15:39:08.0 (36774158)|METHOD_EXIT|[66]|01pBK000001lv3t|CareerHistoryController.formatDateToYYYYMM(Date)
15:39:08.0 (36784873)|VARIABLE_ASSIGNMENT|[EXTERNAL]|this|{"companyName":"","id":"2","jobDescription":"","jobGroup":"","jobGroupOption":"","startDateInput":""}|0x5e59766f
15:39:08.0 (36788905)|VARIABLE_ASSIGNMENT|[EXTERNAL]|value|""
15:39:08.0 (36792143)|VARIABLE_ASSIGNMENT|[8]|this.endDateInput|""|0x5e59766f
15:39:08.0 (36795683)|STATEMENT_EXECUTE|[67]
15:39:08.0 (36807600)|VARIABLE_ASSIGNMENT|[EXTERNAL]|this|{"companyName":"","endDateInput":"","id":"2","jobDescription":"","jobGroup":"","jobGroupOption":"","startDateInput":""}|0x5e59766f
15:39:08.0 (36811943)|VARIABLE_ASSIGNMENT|[EXTERNAL]|value|false
15:39:08.0 (36814596)|HEAP_ALLOCATE|[9]|Bytes:5
15:39:08.0 (36817705)|VARIABLE_ASSIGNMENT|[9]|this.isCurrentJob|false|0x5e59766f
15:39:08.0 (36821128)|STATEMENT_EXECUTE|[68]
15:39:08.0 (36830667)|HEAP_ALLOCATE|[EXTERNAL]|Bytes:4
15:39:08.0 (36834086)|STATEMENT_EXECUTE|[71]
15:39:08.0 (36835973)|HEAP_ALLOCATE|[71]|Bytes:40
15:39:08.0 (36838558)|CONSTRUCTOR_ENTRY|[71]|01pBK000001lv3t|<init>()|CareerHistoryController.CareerWrapper
15:39:08.0 (36843564)|VARIABLE_SCOPE_BEGIN|[4]|this|CareerHistoryController.CareerWrapper|true|false
15:39:08.0 (36852265)|VARIABLE_ASSIGNMENT|[4]|this|{}|0x1ff08484
15:39:08.0 (36858450)|STATEMENT_EXECUTE|[4]
15:39:08.0 (36859351)|STATEMENT_EXECUTE|[5]
15:39:08.0 (36860170)|STATEMENT_EXECUTE|[6]
15:39:08.0 (36860959)|STATEMENT_EXECUTE|[7]
15:39:08.0 (36861720)|STATEMENT_EXECUTE|[8]
15:39:08.0 (36862470)|STATEMENT_EXECUTE|[9]
15:39:08.0 (36863193)|STATEMENT_EXECUTE|[10]
15:39:08.0 (36863932)|STATEMENT_EXECUTE|[11]
15:39:08.0 (36864688)|STATEMENT_EXECUTE|[12]
15:39:08.0 (36865430)|STATEMENT_EXECUTE|[13]
15:39:08.0 (36866778)|CONSTRUCTOR_EXIT|[71]|01pBK000001lv3t|<init>()|CareerHistoryController.CareerWrapper
15:39:08.0 (36869474)|VARIABLE_SCOPE_BEGIN|[71]|c3|CareerHistoryController.CareerWrapper|true|false
15:39:08.0 (36878034)|VARIABLE_ASSIGNMENT|[71]|c3|{}|0x1ff08484
15:39:08.0 (36880568)|STATEMENT_EXECUTE|[72]
15:39:08.0 (36881978)|HEAP_ALLOCATE|[72]|Bytes:1
15:39:08.0 (36892288)|VARIABLE_ASSIGNMENT|[EXTERNAL]|this|{}|0x1ff08484
15:39:08.0 (36896310)|VARIABLE_ASSIGNMENT|[EXTERNAL]|value|"3"
15:39:08.0 (36915020)|VARIABLE_ASSIGNMENT|[5]|this.id|"3"|0x1ff08484
15:39:08.0 (36919678)|STATEMENT_EXECUTE|[73]
15:39:08.0 (36922690)|METHOD_ENTRY|[73]|01pBK000001lv3t|CareerHistoryController.nullToEmpty(String)
15:39:08.0 (36926523)|VARIABLE_SCOPE_BEGIN|[145]|str|String|false|false
15:39:08.0 (36929973)|VARIABLE_ASSIGNMENT|[145]|str|null
15:39:08.0 (36933229)|HEAP_ALLOCATE|[145]|Bytes:5
15:39:08.0 (36934835)|STATEMENT_EXECUTE|[145]
15:39:08.0 (36935613)|STATEMENT_EXECUTE|[145]
15:39:08.0 (36937848)|METHOD_EXIT|[73]|01pBK000001lv3t|CareerHistoryController.nullToEmpty(String)
15:39:08.0 (36948153)|VARIABLE_ASSIGNMENT|[EXTERNAL]|this|{"id":"3"}|0x1ff08484
15:39:08.0 (36952008)|VARIABLE_ASSIGNMENT|[EXTERNAL]|value|""
15:39:08.0 (36955131)|VARIABLE_ASSIGNMENT|[6]|this.companyName|""|0x1ff08484
15:39:08.0 (36958600)|STATEMENT_EXECUTE|[74]
15:39:08.0 (36960976)|METHOD_ENTRY|[74]|01pBK000001lv3t|CareerHistoryController.nullToEmpty(String)
15:39:08.0 (36964257)|VARIABLE_SCOPE_BEGIN|[145]|str|String|false|false
15:39:08.0 (36967723)|VARIABLE_ASSIGNMENT|[145]|str|null
15:39:08.0 (36970620)|HEAP_ALLOCATE|[145]|Bytes:5
15:39:08.0 (36972148)|STATEMENT_EXECUTE|[145]
15:39:08.0 (36972948)|STATEMENT_EXECUTE|[145]
15:39:08.0 (36974858)|METHOD_EXIT|[74]|01pBK000001lv3t|CareerHistoryController.nullToEmpty(String)
15:39:08.0 (36984982)|VARIABLE_ASSIGNMENT|[EXTERNAL]|this|{"companyName":"","id":"3"}|0x1ff08484
15:39:08.0 (36988872)|VARIABLE_ASSIGNMENT|[EXTERNAL]|value|""
15:39:08.0 (36992040)|VARIABLE_ASSIGNMENT|[11]|this.jobDescription|""|0x1ff08484
15:39:08.0 (36995375)|STATEMENT_EXECUTE|[76]
15:39:08.0 (36997720)|METHOD_ENTRY|[76]|01pBK000001lv3t|CareerHistoryController.nullToEmpty(String)
15:39:08.0 (37000955)|VARIABLE_SCOPE_BEGIN|[145]|str|String|false|false
15:39:08.0 (37004940)|VARIABLE_ASSIGNMENT|[145]|str|null
15:39:08.0 (37007755)|HEAP_ALLOCATE|[145]|Bytes:5
15:39:08.0 (37009220)|STATEMENT_EXECUTE|[145]
15:39:08.0 (37009978)|STATEMENT_EXECUTE|[145]
15:39:08.0 (37011751)|METHOD_EXIT|[76]|01pBK000001lv3t|CareerHistoryController.nullToEmpty(String)
15:39:08.0 (37021716)|VARIABLE_ASSIGNMENT|[EXTERNAL]|this|{"companyName":"","id":"3","jobDescription":""}|0x1ff08484
15:39:08.0 (37025458)|VARIABLE_ASSIGNMENT|[EXTERNAL]|value|""
15:39:08.0 (37028493)|VARIABLE_ASSIGNMENT|[12]|this.jobGroup|""|0x1ff08484
15:39:08.0 (37031788)|STATEMENT_EXECUTE|[77]
15:39:08.0 (37034112)|METHOD_ENTRY|[77]|01pBK000001lv3t|CareerHistoryController.nullToEmpty(String)
15:39:08.0 (37037319)|VARIABLE_SCOPE_BEGIN|[145]|str|String|false|false
15:39:08.0 (37040820)|VARIABLE_ASSIGNMENT|[145]|str|null
15:39:08.0 (37043450)|HEAP_ALLOCATE|[145]|Bytes:5
15:39:08.0 (37044898)|STATEMENT_EXECUTE|[145]
15:39:08.0 (37045688)|STATEMENT_EXECUTE|[145]
15:39:08.0 (37047476)|METHOD_EXIT|[77]|01pBK000001lv3t|CareerHistoryController.nullToEmpty(String)
15:39:08.0 (37057545)|VARIABLE_ASSIGNMENT|[EXTERNAL]|this|{"companyName":"","id":"3","jobDescription":"","jobGroup":""}|0x1ff08484
15:39:08.0 (37061192)|VARIABLE_ASSIGNMENT|[EXTERNAL]|value|""
15:39:08.0 (37064340)|VARIABLE_ASSIGNMENT|[13]|this.jobGroupOption|""|0x1ff08484
15:39:08.0 (37067854)|STATEMENT_EXECUTE|[78]
15:39:08.0 (37069980)|METHOD_ENTRY|[78]|01pBK000001lv3t|CareerHistoryController.formatDateToYYYYMM(Date)
15:39:08.0 (37073372)|VARIABLE_SCOPE_BEGIN|[147]|d|Date|false|false
15:39:08.0 (37076733)|VARIABLE_ASSIGNMENT|[147]|d|null
15:39:08.0 (37079343)|HEAP_ALLOCATE|[148]|Bytes:5
15:39:08.0 (37080934)|STATEMENT_EXECUTE|[147]
15:39:08.0 (37081780)|STATEMENT_EXECUTE|[148]
15:39:08.0 (37083860)|METHOD_EXIT|[78]|01pBK000001lv3t|CareerHistoryController.formatDateToYYYYMM(Date)
15:39:08.0 (37094170)|VARIABLE_ASSIGNMENT|[EXTERNAL]|this|{"companyName":"","id":"3","jobDescription":"","jobGroup":"","jobGroupOption":""}|0x1ff08484
15:39:08.0 (37097690)|VARIABLE_ASSIGNMENT|[EXTERNAL]|value|""
15:39:08.0 (37100873)|VARIABLE_ASSIGNMENT|[7]|this.startDateInput|""|0x1ff08484
15:39:08.0 (37104274)|STATEMENT_EXECUTE|[79]
15:39:08.0 (37106576)|METHOD_ENTRY|[79]|01pBK000001lv3t|CareerHistoryController.formatDateToYYYYMM(Date)
15:39:08.0 (37109828)|VARIABLE_SCOPE_BEGIN|[147]|d|Date|false|false
15:39:08.0 (37113116)|VARIABLE_ASSIGNMENT|[147]|d|null
15:39:08.0 (37115716)|HEAP_ALLOCATE|[148]|Bytes:5
15:39:08.0 (37117263)|STATEMENT_EXECUTE|[147]
15:39:08.0 (37118105)|STATEMENT_EXECUTE|[148]
15:39:08.0 (37119843)|METHOD_EXIT|[79]|01pBK000001lv3t|CareerHistoryController.formatDateToYYYYMM(Date)
15:39:08.0 (37130274)|VARIABLE_ASSIGNMENT|[EXTERNAL]|this|{"companyName":"","id":"3","jobDescription":"","jobGroup":"","jobGroupOption":"","startDateInput":""}|0x1ff08484
15:39:08.0 (37133965)|VARIABLE_ASSIGNMENT|[EXTERNAL]|value|""
15:39:08.0 (37137241)|VARIABLE_ASSIGNMENT|[8]|this.endDateInput|""|0x1ff08484
15:39:08.0 (37140518)|STATEMENT_EXECUTE|[80]
15:39:08.0 (37151496)|VARIABLE_ASSIGNMENT|[EXTERNAL]|this|{"companyName":"","endDateInput":"","id":"3","jobDescription":"","jobGroup":"","jobGroupOption":"","startDateInput":""}|0x1ff08484
15:39:08.0 (37155546)|VARIABLE_ASSIGNMENT|[EXTERNAL]|value|false
15:39:08.0 (37158108)|HEAP_ALLOCATE|[9]|Bytes:5
15:39:08.0 (37160659)|VARIABLE_ASSIGNMENT|[9]|this.isCurrentJob|false|0x1ff08484
15:39:08.0 (37163969)|STATEMENT_EXECUTE|[81]
15:39:08.0 (37174776)|HEAP_ALLOCATE|[EXTERNAL]|Bytes:4
15:39:08.0 (37179810)|STATEMENT_EXECUTE|[84]
15:39:08.0 (37182224)|HEAP_ALLOCATE|[84]|Bytes:40
15:39:08.0 (37185734)|CONSTRUCTOR_ENTRY|[84]|01pBK000001lv3t|<init>()|CareerHistoryController.CareerWrapper
15:39:08.0 (37191537)|VARIABLE_SCOPE_BEGIN|[4]|this|CareerHistoryController.CareerWrapper|true|false
15:39:08.0 (37207547)|VARIABLE_ASSIGNMENT|[4]|this|{}|0x2056b5b
15:39:08.0 (37217501)|STATEMENT_EXECUTE|[4]
15:39:08.0 (37218853)|STATEMENT_EXECUTE|[5]
15:39:08.0 (37219963)|STATEMENT_EXECUTE|[6]
15:39:08.0 (37221117)|STATEMENT_EXECUTE|[7]
15:39:08.0 (37222229)|STATEMENT_EXECUTE|[8]
15:39:08.0 (37223534)|STATEMENT_EXECUTE|[9]
15:39:08.0 (37224617)|STATEMENT_EXECUTE|[10]
15:39:08.0 (37225655)|STATEMENT_EXECUTE|[11]
15:39:08.0 (37226944)|STATEMENT_EXECUTE|[12]
15:39:08.0 (37228087)|STATEMENT_EXECUTE|[13]
15:39:08.0 (37230822)|CONSTRUCTOR_EXIT|[84]|01pBK000001lv3t|<init>()|CareerHistoryController.CareerWrapper
15:39:08.0 (37234783)|VARIABLE_SCOPE_BEGIN|[84]|c4|CareerHistoryController.CareerWrapper|true|false
15:39:08.0 (37250382)|VARIABLE_ASSIGNMENT|[84]|c4|{}|0x2056b5b
15:39:08.0 (37254179)|STATEMENT_EXECUTE|[85]
15:39:08.0 (37256359)|HEAP_ALLOCATE|[85]|Bytes:1
15:39:08.0 (37274852)|VARIABLE_ASSIGNMENT|[EXTERNAL]|this|{}|0x2056b5b
15:39:08.0 (37280884)|VARIABLE_ASSIGNMENT|[EXTERNAL]|value|"4"
15:39:08.0 (37286621)|VARIABLE_ASSIGNMENT|[5]|this.id|"4"|0x2056b5b
15:39:08.0 (37292187)|STATEMENT_EXECUTE|[86]
15:39:08.0 (37296664)|METHOD_ENTRY|[86]|01pBK000001lv3t|CareerHistoryController.nullToEmpty(String)
15:39:08.0 (37302218)|VARIABLE_SCOPE_BEGIN|[145]|str|String|false|false
15:39:08.0 (37307979)|VARIABLE_ASSIGNMENT|[145]|str|null
15:39:08.0 (37313159)|HEAP_ALLOCATE|[145]|Bytes:5
15:39:08.0 (37315972)|STATEMENT_EXECUTE|[145]
15:39:08.0 (37317111)|STATEMENT_EXECUTE|[145]
15:39:08.0 (37321003)|METHOD_EXIT|[86]|01pBK000001lv3t|CareerHistoryController.nullToEmpty(String)
15:39:08.0 (37337087)|VARIABLE_ASSIGNMENT|[EXTERNAL]|this|{"id":"4"}|0x2056b5b
15:39:08.0 (37342254)|VARIABLE_ASSIGNMENT|[EXTERNAL]|value|""
15:39:08.0 (37347019)|VARIABLE_ASSIGNMENT|[11]|this.jobDescription|""|0x2056b5b
15:39:08.0 (37352242)|STATEMENT_EXECUTE|[87]
15:39:08.0 (37368467)|VARIABLE_ASSIGNMENT|[EXTERNAL]|this|{"id":"4","jobDescription":""}|0x2056b5b
15:39:08.0 (37405947)|VARIABLE_ASSIGNMENT|[EXTERNAL]|value|false
15:39:08.0 (37410786)|HEAP_ALLOCATE|[9]|Bytes:5
15:39:08.0 (37415414)|VARIABLE_ASSIGNMENT|[9]|this.isCurrentJob|false|0x2056b5b
15:39:08.0 (37421116)|STATEMENT_EXECUTE|[88]
15:39:08.0 (37438041)|HEAP_ALLOCATE|[EXTERNAL]|Bytes:4
15:39:08.0 (37441752)|STATEMENT_EXECUTE|[90]
15:39:08.37 (37494562)|CUMULATIVE_LIMIT_USAGE
15:39:08.37 (37494562)|LIMIT_USAGE_FOR_NS|(default)|
  Number of SOQL queries: 1 out of 100
  Number of query rows: 1 out of 50000
  Number of SOSL queries: 0 out of 20
  Number of DML statements: 0 out of 150
  Number of Publish Immediate DML: 0 out of 150
  Number of DML rows: 0 out of 10000
  Maximum CPU time: 0 out of 10000
  Maximum heap size: 0 out of 6000000
  Number of callouts: 0 out of 100
  Number of Email Invocations: 0 out of 10
  Number of future calls: 0 out of 50
  Number of queueable jobs added to the queue: 0 out of 50
  Number of Mobile Apex push calls: 0 out of 10

15:39:08.37 (37494562)|CUMULATIVE_LIMIT_USAGE_END

15:39:08.0 (37528857)|CODE_UNIT_FINISHED|CareerHistoryController.getCareerHistory()
15:39:08.0 (37706406)|CODE_UNIT_FINISHED|apex://CareerHistoryController/ACTION$getCareerHistory
15:39:08.0 (37713376)|EXECUTION_FINISHED
