66.0 APEX_CODE,FINEST;APEX_PROFILING,INFO;CALLOUT,INFO;DATA_ACCESS,INFO;DB,INFO;NBA,INFO;SYSTEM,DEBUG;VALIDATION,INFO;VISUALFORCE,INFO;WAVE,INFO;WORKFLOW,INFO
15:51:41.6 (6334380)|USER_INFO|[EXTERNAL]|0057F0000042UBb|ishibashi@hurex.co.jp.dev1|(GMT+09:00) 日本標準時 (Asia/Tokyo)|GMT+09:00
15:51:41.6 (6376551)|EXECUTION_STARTED
15:51:41.6 (6387756)|CODE_UNIT_STARTED|[EXTERNAL]|apex://JobCardsController/ACTION$getJobs
15:51:41.6 (7263245)|CODE_UNIT_STARTED|[EXTERNAL]|01pBK000001RGBP|JobCardsController.getJobs()
15:51:41.6 (7667469)|HEAP_ALLOCATE|[95]|Bytes:3
15:51:41.6 (7770829)|HEAP_ALLOCATE|[100]|Bytes:152
15:51:41.6 (7789822)|HEAP_ALLOCATE|[417]|Bytes:408
15:51:41.6 (7806391)|HEAP_ALLOCATE|[430]|Bytes:408
15:51:41.6 (7836756)|HEAP_ALLOCATE|[317]|Bytes:6
15:51:41.6 (7898650)|HEAP_ALLOCATE|[EXTERNAL]|Bytes:10
15:51:41.6 (7904077)|HEAP_ALLOCATE|[EXTERNAL]|Bytes:5
15:51:41.6 (7907309)|HEAP_ALLOCATE|[EXTERNAL]|Bytes:3
15:51:41.6 (7921918)|METHOD_ENTRY|[6]|01pBK000001RGBP|JobCardsController.JobCardsController()
15:51:41.6 (7929927)|STATEMENT_EXECUTE|[6]
15:51:41.6 (7937925)|STATEMENT_EXECUTE|[6]
15:51:41.6 (7961681)|HEAP_ALLOCATE|[68]|Bytes:5
15:51:41.6 (7991961)|HEAP_ALLOCATE|[74]|Bytes:5
15:51:41.6 (7998962)|HEAP_ALLOCATE|[82]|Bytes:7
15:51:41.6 (8319369)|HEAP_ALLOCATE|[EXTERNAL]|Bytes:5
15:51:41.6 (8328198)|STATEMENT_EXECUTE|[12]
15:51:41.6 (8341691)|METHOD_EXIT|[6]|JobCardsController
15:51:41.6 (8357502)|HEAP_ALLOCATE|[35]|Bytes:5
15:51:41.6 (8361156)|STATEMENT_EXECUTE|[33]
15:51:41.6 (8362614)|STATEMENT_EXECUTE|[35]
15:51:41.6 (8417072)|HEAP_ALLOCATE|[35]|Bytes:4
15:51:41.6 (8468212)|VARIABLE_SCOPE_BEGIN|[35]|favoriteJobIds|Set<Id>|true|false
15:51:41.6 (8540462)|VARIABLE_ASSIGNMENT|[35]|favoriteJobIds|[]|0x7fdf2726
15:51:41.6 (8547068)|HEAP_ALLOCATE|[36]|Bytes:91
15:51:41.6 (8563319)|HEAP_ALLOCATE|[36]|Bytes:4
15:51:41.6 (8570086)|HEAP_ALLOCATE|[36]|Bytes:7
15:51:41.6 (8592223)|HEAP_ALLOCATE|[38]|Bytes:105
15:51:41.6 (8599837)|SYSTEM_METHOD_ENTRY|[1]|UserInfo.UserInfo()
15:51:41.6 (8602099)|STATEMENT_EXECUTE|[1]
15:51:41.6 (8606840)|SYSTEM_METHOD_EXIT|[1]|UserInfo
15:51:41.6 (8616670)|METHOD_ENTRY|[38]||System.UserInfo.getUserId()
15:51:41.6 (10873085)|METHOD_EXIT|[38]||System.UserInfo.getUserId()
15:51:41.6 (17302230)|SOQL_EXECUTE_BEGIN|[36]|Aggregations:0|SELECT Job__c FROM InterestedJob__c WHERE (CreatedById = :tmpVar1 AND IsArchive__c = FALSE)
15:51:41.6 (32946553)|SOQL_EXECUTE_END|[36]|Rows:4
15:51:41.6 (32986057)|HEAP_ALLOCATE|[EXTERNAL]|Bytes:20
15:51:41.6 (33246469)|HEAP_ALLOCATE|[36]|Bytes:54
15:51:41.6 (33255654)|HEAP_ALLOCATE|[36]|Bytes:8
15:51:41.6 (33270780)|SYSTEM_METHOD_ENTRY|[7]|QueryLocatorIterator.QueryLocatorIterator()
15:51:41.6 (33274462)|STATEMENT_EXECUTE|[7]
15:51:41.6 (33285514)|SYSTEM_METHOD_EXIT|[7]|QueryLocatorIterator
15:51:41.6 (33292804)|HEAP_ALLOCATE|[36]|Bytes:28
15:51:41.6 (33379159)|HEAP_ALLOCATE|[36]|Bytes:20
15:51:41.6 (33388499)|HEAP_ALLOCATE|[36]|Bytes:8
15:51:41.6 (33390321)|HEAP_ALLOCATE|[36]|Bytes:8
15:51:41.6 (33395294)|VARIABLE_SCOPE_BEGIN|[15]|this|Database.QueryLocatorIterator|true|false
15:51:41.6 (33438923)|VARIABLE_ASSIGNMENT|[15]|this|{}|0x64c7ff73
15:51:41.6 (33442806)|VARIABLE_SCOPE_BEGIN|[15]|values|List<SObject>|true|false
15:51:41.6 (33560421)|VARIABLE_ASSIGNMENT|[15]|values|[{"Job__c":"a0KBK00000Gexcs2AB","Id":"a0OBK000004najC2AQ"},{"Job__c":"a0KBK00000Gexdg2AB","Id":"a0OBK000004nbNV2AY"},{"Job__c":"a0KBK00000Gexcu2AB","Id":"a0OBK000004v8wE2AQ"},{"Job__c":"a0KBK00000GezgQ2AR","Id":"a0OBK0000050riz2AA"}]|0x6d32c23c
15:51:41.6 (33566166)|VARIABLE_SCOPE_BEGIN|[15]|ql|Database.QueryLocator|true|false
15:51:41.6 (33598581)|VARIABLE_ASSIGNMENT|[15]|ql|{"query":"SELECT Job__c FROM I (71 more) ..."}|0x7242471b
15:51:41.6 (33601761)|VARIABLE_SCOPE_BEGIN|[15]|totalNumRecords|Integer|false|false
15:51:41.6 (33607893)|VARIABLE_ASSIGNMENT|[15]|totalNumRecords|4
15:51:41.6 (33610043)|VARIABLE_SCOPE_BEGIN|[15]|queryMoreSize|Integer|false|false
15:51:41.6 (33613446)|VARIABLE_ASSIGNMENT|[15]|queryMoreSize|49996
15:51:41.6 (33684861)|HEAP_ALLOCATE|[36]|Bytes:28
15:51:41.6 (33708126)|METHOD_ENTRY|[36]||Database.QueryLocatorIterator.hasNext()
15:51:41.6 (33803213)|METHOD_EXIT|[36]||Database.QueryLocatorIterator.hasNext()
15:51:41.6 (33808705)|METHOD_ENTRY|[36]||Database.QueryLocatorIterator.next()
15:51:41.6 (33863302)|METHOD_EXIT|[36]||Database.QueryLocatorIterator.next()
15:51:41.6 (33868233)|VARIABLE_SCOPE_BEGIN|[36]|fav|InterestedJob__c|true|false
15:51:41.6 (33894612)|VARIABLE_ASSIGNMENT|[36]|fav|{"Job__c":"a0KBK00000Gexcs2AB","Id":"a0OBK000004najC2AQ"}|0x5757b2e
15:51:41.6 (33899393)|STATEMENT_EXECUTE|[39]
15:51:41.6 (33900916)|STATEMENT_EXECUTE|[40]
15:51:41.6 (33975000)|HEAP_ALLOCATE|[EXTERNAL]|Bytes:4
15:51:41.6 (33987096)|METHOD_ENTRY|[36]||Database.QueryLocatorIterator.hasNext()
15:51:41.6 (33998887)|METHOD_EXIT|[36]||Database.QueryLocatorIterator.hasNext()
15:51:41.6 (34001348)|METHOD_ENTRY|[36]||Database.QueryLocatorIterator.next()
15:51:41.6 (34023787)|METHOD_EXIT|[36]||Database.QueryLocatorIterator.next()
15:51:41.6 (34026503)|VARIABLE_SCOPE_BEGIN|[36]|fav|InterestedJob__c|true|false
15:51:41.6 (34043941)|VARIABLE_ASSIGNMENT|[36]|fav|{"Job__c":"a0KBK00000Gexdg2AB","Id":"a0OBK000004nbNV2AY"}|0x7e2d6a9e
15:51:41.6 (34047152)|STATEMENT_EXECUTE|[39]
15:51:41.6 (34047973)|STATEMENT_EXECUTE|[40]
15:51:41.6 (34053948)|HEAP_ALLOCATE|[EXTERNAL]|Bytes:4
15:51:41.6 (34058130)|METHOD_ENTRY|[36]||Database.QueryLocatorIterator.hasNext()
15:51:41.6 (34066187)|METHOD_EXIT|[36]||Database.QueryLocatorIterator.hasNext()
15:51:41.6 (34068415)|METHOD_ENTRY|[36]||Database.QueryLocatorIterator.next()
15:51:41.6 (34086900)|METHOD_EXIT|[36]||Database.QueryLocatorIterator.next()
15:51:41.6 (34089140)|VARIABLE_SCOPE_BEGIN|[36]|fav|InterestedJob__c|true|false
15:51:41.6 (34101130)|VARIABLE_ASSIGNMENT|[36]|fav|{"Job__c":"a0KBK00000Gexcu2AB","Id":"a0OBK000004v8wE2AQ"}|0x1e3790df
15:51:41.6 (34103850)|STATEMENT_EXECUTE|[39]
15:51:41.6 (34104657)|STATEMENT_EXECUTE|[40]
15:51:41.6 (34108335)|HEAP_ALLOCATE|[EXTERNAL]|Bytes:4
15:51:41.6 (34112270)|METHOD_ENTRY|[36]||Database.QueryLocatorIterator.hasNext()
15:51:41.6 (34119968)|METHOD_EXIT|[36]||Database.QueryLocatorIterator.hasNext()
15:51:41.6 (34122462)|METHOD_ENTRY|[36]||Database.QueryLocatorIterator.next()
15:51:41.6 (34142878)|METHOD_EXIT|[36]||Database.QueryLocatorIterator.next()
15:51:41.6 (34146595)|VARIABLE_SCOPE_BEGIN|[36]|fav|InterestedJob__c|true|false
15:51:41.6 (34165331)|VARIABLE_ASSIGNMENT|[36]|fav|{"Job__c":"a0KBK00000GezgQ2AR","Id":"a0OBK0000050riz2AA"}|0x5135259a
15:51:41.6 (34169465)|STATEMENT_EXECUTE|[39]
15:51:41.6 (34170505)|STATEMENT_EXECUTE|[40]
15:51:41.6 (34176172)|HEAP_ALLOCATE|[EXTERNAL]|Bytes:4
15:51:41.6 (34182510)|METHOD_ENTRY|[36]||Database.QueryLocatorIterator.hasNext()
15:51:41.6 (34191100)|METHOD_EXIT|[36]||Database.QueryLocatorIterator.hasNext()
15:51:41.6 (34195426)|VARIABLE_ASSIGNMENT|[36]|fav|null|
15:51:41.6 (34217972)|STATEMENT_EXECUTE|[44]
15:51:41.6 (34221110)|HEAP_ALLOCATE|[44]|Bytes:217
15:51:41.6 (34240067)|HEAP_ALLOCATE|[44]|Bytes:4
15:51:41.6 (47516593)|SOQL_EXECUTE_BEGIN|[44]|Aggregations:0|SELECT Id, JobPosition__c, WorkLocation2__c, JobCategory1__c, MaxAnnualSalary__c, MinAnnualSalary__c, JobDescription__c, LastModifiedDate, LastViewedDate FROM Job__c ORDER BY LastModifiedDate DESC NULLS FIRST LIMIT 10
15:51:41.6 (88819606)|SOQL_EXECUTE_END|[44]|Rows:10
15:51:41.6 (88871075)|HEAP_ALLOCATE|[44]|Bytes:44
15:51:41.6 (88907291)|HEAP_ALLOCATE|[44]|Bytes:4083
15:51:41.6 (89026249)|HEAP_ALLOCATE|[44]|Bytes:44
15:51:41.6 (89052885)|VARIABLE_SCOPE_BEGIN|[44]|jobs|List<Job__c>|true|false
15:51:41.6 (89080538)|VARIABLE_ASSIGNMENT|[44]|jobs|"List of size 10 too large to display"|0x5cd31a3b
15:51:41.6 (89085650)|STATEMENT_EXECUTE|[54]
15:51:41.6 (89168528)|HEAP_ALLOCATE|[54]|Bytes:4
15:51:41.6 (89260367)|VARIABLE_SCOPE_BEGIN|[54]|result|List<JobCardsController.JobWrapper>|true|false
15:51:41.6 (89277768)|HEAP_ALLOCATE|[EXTERNAL]|Bytes:4
15:51:41.6 (89289567)|VARIABLE_ASSIGNMENT|[54]|result|[]|0x69a641bc
15:51:41.6 (89422431)|HEAP_ALLOCATE|[55]|Bytes:5
15:51:41.6 (89444727)|HEAP_ALLOCATE|[55]|Bytes:32
15:51:41.6 (89451416)|VARIABLE_SCOPE_BEGIN|[55]|j|Job__c|true|false
15:51:41.6 (89589929)|VARIABLE_ASSIGNMENT|[55]|j|{"LastModifiedDate":"2026-04-02T02:54:44.000Z","JobPosition__c":"テスト451求人タイトル求人タイトル求人 (235 more) ...","WorkLocation2__c":"444444","LastViewedDate":"2026-03-03T02:49:01.000Z","Id":"a0KBK00000Gexdg2AB","JobDescription__c":"テスト451仕事内容仕事内容仕事内容仕事 (230 more) ...","JobCategory1__c":"経営幹部/企画/マーケティング系"}|0x55ee698b
15:51:41.6 (89600144)|STATEMENT_EXECUTE|[55]
15:51:41.6 (89601471)|STATEMENT_EXECUTE|[56]
15:51:41.6 (89610712)|HEAP_ALLOCATE|[56]|Bytes:44
15:51:41.6 (89623898)|CONSTRUCTOR_ENTRY|[56]|01pBK000001RGBP|<init>()|JobCardsController.JobWrapper
15:51:41.6 (89638359)|VARIABLE_SCOPE_BEGIN|[12]|this|JobCardsController.JobWrapper|true|false
15:51:41.6 (89686516)|VARIABLE_ASSIGNMENT|[12]|this|{}|0xa70c25c
15:51:41.6 (89708234)|STATEMENT_EXECUTE|[12]
15:51:41.6 (89709467)|STATEMENT_EXECUTE|[13]
15:51:41.6 (89710385)|STATEMENT_EXECUTE|[14]
15:51:41.6 (89711263)|STATEMENT_EXECUTE|[15]
15:51:41.6 (89712111)|STATEMENT_EXECUTE|[16]
15:51:41.6 (89712969)|STATEMENT_EXECUTE|[17]
15:51:41.6 (89713853)|STATEMENT_EXECUTE|[18]
15:51:41.6 (89714761)|STATEMENT_EXECUTE|[19]
15:51:41.6 (89715603)|STATEMENT_EXECUTE|[20]
15:51:41.6 (89716437)|STATEMENT_EXECUTE|[21]
15:51:41.6 (89717294)|STATEMENT_EXECUTE|[22]
15:51:41.6 (89719432)|CONSTRUCTOR_EXIT|[56]|01pBK000001RGBP|<init>()|JobCardsController.JobWrapper
15:51:41.6 (89722940)|VARIABLE_SCOPE_BEGIN|[56]|wrapper|JobCardsController.JobWrapper|true|false
15:51:41.6 (89731465)|VARIABLE_ASSIGNMENT|[56]|wrapper|{}|0xa70c25c
15:51:41.6 (89734105)|STATEMENT_EXECUTE|[57]
15:51:41.6 (89984882)|VARIABLE_ASSIGNMENT|[57]|this.Id|"a0KBK00000Gexdg2AB"|0xa70c25c
15:51:41.6 (89990183)|STATEMENT_EXECUTE|[58]
15:51:41.6 (90014589)|VARIABLE_ASSIGNMENT|[58]|this.JobPosition|"テスト451求人タイトル求人タイトル求人 (235 more) ..."|0xa70c25c
15:51:41.6 (90020331)|STATEMENT_EXECUTE|[59]
15:51:41.6 (90027787)|VARIABLE_ASSIGNMENT|[59]|this.WorkLocation2|"444444"|0xa70c25c
15:51:41.6 (90030656)|STATEMENT_EXECUTE|[60]
15:51:41.6 (90037677)|VARIABLE_ASSIGNMENT|[60]|this.JobCategory1|"経営幹部/企画/マーケティング系"|0xa70c25c
15:51:41.6 (90041042)|STATEMENT_EXECUTE|[61]
15:51:41.6 (90046471)|VARIABLE_ASSIGNMENT|[61]|this.MaxAnnualSalary|null|0xa70c25c
15:51:41.6 (90050193)|STATEMENT_EXECUTE|[62]
15:51:41.6 (90054145)|VARIABLE_ASSIGNMENT|[62]|this.MinAnnualSalary|null|0xa70c25c
15:51:41.6 (90058148)|STATEMENT_EXECUTE|[63]
15:51:41.6 (90068225)|VARIABLE_ASSIGNMENT|[63]|this.JobDescription|"テスト451仕事内容仕事内容仕事内容仕事 (230 more) ..."|0xa70c25c
15:51:41.6 (90072996)|STATEMENT_EXECUTE|[64]
15:51:41.6 (90113218)|VARIABLE_ASSIGNMENT|[64]|this.LastModifiedDate|"2026-04-02T02:54:44.000Z"|0xa70c25c
15:51:41.6 (90117883)|STATEMENT_EXECUTE|[65]
15:51:41.6 (90137576)|VARIABLE_ASSIGNMENT|[65]|this.LastViewedDate|"2026-03-03T02:49:01.000Z"|0xa70c25c
15:51:41.6 (90141865)|STATEMENT_EXECUTE|[66]
15:51:41.6 (90219172)|HEAP_ALLOCATE|[66]|Bytes:5
15:51:41.6 (90225608)|VARIABLE_ASSIGNMENT|[66]|this.IsFavorite|true|0xa70c25c
15:51:41.6 (90228453)|STATEMENT_EXECUTE|[67]
15:51:41.6 (90247583)|HEAP_ALLOCATE|[EXTERNAL]|Bytes:4
15:51:41.6 (90264560)|HEAP_ALLOCATE|[55]|Bytes:5
15:51:41.6 (90277690)|HEAP_ALLOCATE|[55]|Bytes:40
15:51:41.6 (90283858)|VARIABLE_SCOPE_BEGIN|[55]|j|Job__c|true|false
15:51:41.6 (90356105)|VARIABLE_ASSIGNMENT|[55]|j|{"LastModifiedDate":"2026-03-19T02:02:27.000Z","JobPosition__c":"新潟市(新潟) 法人ルート営業・業界シェ (74 more) ...","WorkLocation2__c":"新潟県新潟市（転勤なし／車通勤可）","LastViewedDate":"2026-04-02T04:28:50.000Z","Id":"a0KBK00000GezgQ2AR","MinAnnualSalary__c":350,"JobDescription__c":"自社開発製造の給配水機器とその関連製品の (25 more) ...","JobCategory1__c":"経営幹部/企画/マーケティング系","MaxAnnualSalary__c":550}|0x50ee922e
15:51:41.6 (90364468)|STATEMENT_EXECUTE|[55]
15:51:41.6 (90365440)|STATEMENT_EXECUTE|[56]
15:51:41.6 (90369037)|HEAP_ALLOCATE|[56]|Bytes:44
15:51:41.6 (90374755)|CONSTRUCTOR_ENTRY|[56]|01pBK000001RGBP|<init>()|JobCardsController.JobWrapper
15:51:41.6 (90379723)|VARIABLE_SCOPE_BEGIN|[12]|this|JobCardsController.JobWrapper|true|false
15:51:41.6 (90399735)|VARIABLE_ASSIGNMENT|[12]|this|{}|0x19797bd2
15:51:41.6 (90415305)|STATEMENT_EXECUTE|[12]
15:51:41.6 (90416700)|STATEMENT_EXECUTE|[13]
15:51:41.6 (90417793)|STATEMENT_EXECUTE|[14]
15:51:41.6 (90418883)|STATEMENT_EXECUTE|[15]
15:51:41.6 (90420022)|STATEMENT_EXECUTE|[16]
15:51:41.6 (90421366)|STATEMENT_EXECUTE|[17]
15:51:41.6 (90422593)|STATEMENT_EXECUTE|[18]
15:51:41.6 (90423803)|STATEMENT_EXECUTE|[19]
15:51:41.6 (90425012)|STATEMENT_EXECUTE|[20]
15:51:41.6 (90426369)|STATEMENT_EXECUTE|[21]
15:51:41.6 (90427642)|STATEMENT_EXECUTE|[22]
15:51:41.6 (90430393)|CONSTRUCTOR_EXIT|[56]|01pBK000001RGBP|<init>()|JobCardsController.JobWrapper
15:51:41.6 (90435406)|VARIABLE_SCOPE_BEGIN|[56]|wrapper|JobCardsController.JobWrapper|true|false
15:51:41.6 (90447960)|VARIABLE_ASSIGNMENT|[56]|wrapper|{}|0x19797bd2
15:51:41.6 (90452118)|STATEMENT_EXECUTE|[57]
15:51:41.6 (90529603)|VARIABLE_ASSIGNMENT|[57]|this.Id|"a0KBK00000GezgQ2AR"|0x19797bd2
15:51:41.6 (90533306)|STATEMENT_EXECUTE|[58]
15:51:41.6 (90539884)|VARIABLE_ASSIGNMENT|[58]|this.JobPosition|"新潟市(新潟) 法人ルート営業・業界シェ (74 more) ..."|0x19797bd2
15:51:41.6 (90542980)|STATEMENT_EXECUTE|[59]
15:51:41.6 (90546920)|VARIABLE_ASSIGNMENT|[59]|this.WorkLocation2|"新潟県新潟市（転勤なし／車通勤可）"|0x19797bd2
15:51:41.6 (90549892)|STATEMENT_EXECUTE|[60]
15:51:41.6 (90553510)|VARIABLE_ASSIGNMENT|[60]|this.JobCategory1|"経営幹部/企画/マーケティング系"|0x19797bd2
15:51:41.6 (90556343)|STATEMENT_EXECUTE|[61]
15:51:41.6 (90593809)|VARIABLE_ASSIGNMENT|[61]|this.MaxAnnualSalary|550|0x19797bd2
15:51:41.6 (90596533)|STATEMENT_EXECUTE|[62]
15:51:41.6 (90602600)|VARIABLE_ASSIGNMENT|[62]|this.MinAnnualSalary|350|0x19797bd2
15:51:41.6 (90605057)|STATEMENT_EXECUTE|[63]
15:51:41.6 (90610131)|VARIABLE_ASSIGNMENT|[63]|this.JobDescription|"自社開発製造の給配水機器とその関連製品の (25 more) ..."|0x19797bd2
15:51:41.6 (90614583)|STATEMENT_EXECUTE|[64]
15:51:41.6 (90630053)|VARIABLE_ASSIGNMENT|[64]|this.LastModifiedDate|"2026-03-19T02:02:27.000Z"|0x19797bd2
15:51:41.6 (90633913)|STATEMENT_EXECUTE|[65]
15:51:41.6 (90641810)|VARIABLE_ASSIGNMENT|[65]|this.LastViewedDate|"2026-04-02T04:28:50.000Z"|0x19797bd2
15:51:41.6 (90645416)|STATEMENT_EXECUTE|[66]
15:51:41.6 (90660879)|HEAP_ALLOCATE|[66]|Bytes:5
15:51:41.6 (90666938)|VARIABLE_ASSIGNMENT|[66]|this.IsFavorite|true|0x19797bd2
15:51:41.6 (90670669)|STATEMENT_EXECUTE|[67]
15:51:41.6 (90676977)|HEAP_ALLOCATE|[EXTERNAL]|Bytes:4
15:51:41.6 (90688210)|HEAP_ALLOCATE|[55]|Bytes:5
15:51:41.6 (90698175)|HEAP_ALLOCATE|[55]|Bytes:40
15:51:41.6 (90703937)|VARIABLE_SCOPE_BEGIN|[55]|j|Job__c|true|false
15:51:41.6 (90774249)|VARIABLE_ASSIGNMENT|[55]|j|{"LastModifiedDate":"2026-03-18T01:52:52.000Z","JobPosition__c":"テスト401求人タイトル求人タイトル求人 (28 more) ...","WorkLocation2__c":"勤務地","LastViewedDate":"2026-03-29T02:44:24.000Z","Id":"a0KBK00000Gexcs2AB","MinAnnualSalary__c":450,"JobDescription__c":"テスト401仕事内容仕事内容仕事内容仕事 (30 more) ...","JobCategory1__c":"専門職系（コンサルタント/金融/不動産）","MaxAnnualSalary__c":600}|0x5499ced0
15:51:41.6 (90784627)|STATEMENT_EXECUTE|[55]
15:51:41.6 (90785975)|STATEMENT_EXECUTE|[56]
15:51:41.6 (90789403)|HEAP_ALLOCATE|[56]|Bytes:44
15:51:41.6 (90795081)|CONSTRUCTOR_ENTRY|[56]|01pBK000001RGBP|<init>()|JobCardsController.JobWrapper
15:51:41.6 (90801298)|VARIABLE_SCOPE_BEGIN|[12]|this|JobCardsController.JobWrapper|true|false
15:51:41.6 (90819962)|VARIABLE_ASSIGNMENT|[12]|this|{}|0x4ebdb1c6
15:51:41.6 (90834753)|STATEMENT_EXECUTE|[12]
15:51:41.6 (90836065)|STATEMENT_EXECUTE|[13]
15:51:41.6 (90837204)|STATEMENT_EXECUTE|[14]
15:51:41.6 (90838424)|STATEMENT_EXECUTE|[15]
15:51:41.6 (90839433)|STATEMENT_EXECUTE|[16]
15:51:41.6 (90840647)|STATEMENT_EXECUTE|[17]
15:51:41.6 (90841747)|STATEMENT_EXECUTE|[18]
15:51:41.6 (90842666)|STATEMENT_EXECUTE|[19]
15:51:41.6 (90843656)|STATEMENT_EXECUTE|[20]
15:51:41.6 (90844679)|STATEMENT_EXECUTE|[21]
15:51:41.6 (90899492)|STATEMENT_EXECUTE|[22]
15:51:41.6 (90902852)|CONSTRUCTOR_EXIT|[56]|01pBK000001RGBP|<init>()|JobCardsController.JobWrapper
15:51:41.6 (90908174)|VARIABLE_SCOPE_BEGIN|[56]|wrapper|JobCardsController.JobWrapper|true|false
15:51:41.6 (90924279)|VARIABLE_ASSIGNMENT|[56]|wrapper|{}|0x4ebdb1c6
15:51:41.6 (90928073)|STATEMENT_EXECUTE|[57]
15:51:41.6 (91014042)|VARIABLE_ASSIGNMENT|[57]|this.Id|"a0KBK00000Gexcs2AB"|0x4ebdb1c6
15:51:41.6 (91021044)|STATEMENT_EXECUTE|[58]
15:51:41.6 (91030991)|VARIABLE_ASSIGNMENT|[58]|this.JobPosition|"テスト401求人タイトル求人タイトル求人 (28 more) ..."|0x4ebdb1c6
15:51:41.6 (91035728)|STATEMENT_EXECUTE|[59]
15:51:41.6 (91041474)|VARIABLE_ASSIGNMENT|[59]|this.WorkLocation2|"勤務地"|0x4ebdb1c6
15:51:41.6 (91046111)|STATEMENT_EXECUTE|[60]
15:51:41.6 (91051866)|VARIABLE_ASSIGNMENT|[60]|this.JobCategory1|"専門職系（コンサルタント/金融/不動産）"|0x4ebdb1c6
15:51:41.6 (91056812)|STATEMENT_EXECUTE|[61]
15:51:41.6 (91069960)|VARIABLE_ASSIGNMENT|[61]|this.MaxAnnualSalary|600|0x4ebdb1c6
15:51:41.6 (91074739)|STATEMENT_EXECUTE|[62]
15:51:41.6 (91080269)|VARIABLE_ASSIGNMENT|[62]|this.MinAnnualSalary|450|0x4ebdb1c6
15:51:41.6 (91084234)|STATEMENT_EXECUTE|[63]
15:51:41.6 (91090280)|VARIABLE_ASSIGNMENT|[63]|this.JobDescription|"テスト401仕事内容仕事内容仕事内容仕事 (30 more) ..."|0x4ebdb1c6
15:51:41.6 (91095177)|STATEMENT_EXECUTE|[64]
15:51:41.6 (91113416)|VARIABLE_ASSIGNMENT|[64]|this.LastModifiedDate|"2026-03-18T01:52:52.000Z"|0x4ebdb1c6
15:51:41.6 (91117209)|STATEMENT_EXECUTE|[65]
15:51:41.6 (91125729)|VARIABLE_ASSIGNMENT|[65]|this.LastViewedDate|"2026-03-29T02:44:24.000Z"|0x4ebdb1c6
15:51:41.6 (91129588)|STATEMENT_EXECUTE|[66]
15:51:41.6 (91146894)|HEAP_ALLOCATE|[66]|Bytes:5
15:51:41.6 (91153020)|VARIABLE_ASSIGNMENT|[66]|this.IsFavorite|true|0x4ebdb1c6
15:51:41.6 (91156488)|STATEMENT_EXECUTE|[67]
15:51:41.6 (91163218)|HEAP_ALLOCATE|[EXTERNAL]|Bytes:4
15:51:41.6 (91176224)|HEAP_ALLOCATE|[55]|Bytes:5
15:51:41.6 (91185377)|HEAP_ALLOCATE|[55]|Bytes:36
15:51:41.6 (91190373)|VARIABLE_SCOPE_BEGIN|[55]|j|Job__c|true|false
15:51:41.6 (91261197)|VARIABLE_ASSIGNMENT|[55]|j|{"LastModifiedDate":"2026-03-12T05:33:30.000Z","JobPosition__c":"テスト424求人タイトル求人タイトル求人 (28 more) ...","LastViewedDate":"2026-03-17T07:21:04.000Z","Id":"a0KBK00000GexdF2AR","MinAnnualSalary__c":250,"JobDescription__c":"テスト424仕事内容仕事内容仕事内容仕事 (30 more) ...","JobCategory1__c":"技術系（電気/電子/機械）","MaxAnnualSalary__c":350}|0x155423bb
15:51:41.6 (91268346)|STATEMENT_EXECUTE|[55]
15:51:41.6 (91269129)|STATEMENT_EXECUTE|[56]
15:51:41.6 (91271855)|HEAP_ALLOCATE|[56]|Bytes:44
15:51:41.6 (91275709)|CONSTRUCTOR_ENTRY|[56]|01pBK000001RGBP|<init>()|JobCardsController.JobWrapper
15:51:41.6 (91279827)|VARIABLE_SCOPE_BEGIN|[12]|this|JobCardsController.JobWrapper|true|false
15:51:41.6 (91293832)|VARIABLE_ASSIGNMENT|[12]|this|{}|0x4253e86f
15:51:41.6 (91304543)|STATEMENT_EXECUTE|[12]
15:51:41.6 (91305532)|STATEMENT_EXECUTE|[13]
15:51:41.6 (91306357)|STATEMENT_EXECUTE|[14]
15:51:41.6 (91307131)|STATEMENT_EXECUTE|[15]
15:51:41.6 (91307892)|STATEMENT_EXECUTE|[16]
15:51:41.6 (91308642)|STATEMENT_EXECUTE|[17]
15:51:41.6 (91309560)|STATEMENT_EXECUTE|[18]
15:51:41.6 (91310556)|STATEMENT_EXECUTE|[19]
15:51:41.6 (91311327)|STATEMENT_EXECUTE|[20]
15:51:41.6 (91312084)|STATEMENT_EXECUTE|[21]
15:51:41.6 (91312850)|STATEMENT_EXECUTE|[22]
15:51:41.6 (91314522)|CONSTRUCTOR_EXIT|[56]|01pBK000001RGBP|<init>()|JobCardsController.JobWrapper
15:51:41.6 (91317520)|VARIABLE_SCOPE_BEGIN|[56]|wrapper|JobCardsController.JobWrapper|true|false
15:51:41.6 (91324579)|VARIABLE_ASSIGNMENT|[56]|wrapper|{}|0x4253e86f
15:51:41.6 (91327456)|STATEMENT_EXECUTE|[57]
15:51:41.6 (91373515)|VARIABLE_ASSIGNMENT|[57]|this.Id|"a0KBK00000GexdF2AR"|0x4253e86f
15:51:41.6 (91376384)|STATEMENT_EXECUTE|[58]
15:51:41.6 (91381036)|VARIABLE_ASSIGNMENT|[58]|this.JobPosition|"テスト424求人タイトル求人タイトル求人 (28 more) ..."|0x4253e86f
15:51:41.6 (91383967)|STATEMENT_EXECUTE|[59]
15:51:41.6 (91387466)|VARIABLE_ASSIGNMENT|[59]|this.WorkLocation2|null|0x4253e86f
15:51:41.6 (91390372)|STATEMENT_EXECUTE|[60]
15:51:41.6 (91393785)|VARIABLE_ASSIGNMENT|[60]|this.JobCategory1|"技術系（電気/電子/機械）"|0x4253e86f
15:51:41.6 (91396562)|STATEMENT_EXECUTE|[61]
15:51:41.6 (91401471)|VARIABLE_ASSIGNMENT|[61]|this.MaxAnnualSalary|350|0x4253e86f
15:51:41.6 (91403894)|STATEMENT_EXECUTE|[62]
15:51:41.6 (91407252)|VARIABLE_ASSIGNMENT|[62]|this.MinAnnualSalary|250|0x4253e86f
15:51:41.6 (91409705)|STATEMENT_EXECUTE|[63]
15:51:41.6 (91413590)|VARIABLE_ASSIGNMENT|[63]|this.JobDescription|"テスト424仕事内容仕事内容仕事内容仕事 (30 more) ..."|0x4253e86f
15:51:41.6 (91416477)|STATEMENT_EXECUTE|[64]
15:51:41.6 (91425457)|VARIABLE_ASSIGNMENT|[64]|this.LastModifiedDate|"2026-03-12T05:33:30.000Z"|0x4253e86f
15:51:41.6 (91429137)|STATEMENT_EXECUTE|[65]
15:51:41.6 (91436982)|VARIABLE_ASSIGNMENT|[65]|this.LastViewedDate|"2026-03-17T07:21:04.000Z"|0x4253e86f
15:51:41.6 (91440467)|STATEMENT_EXECUTE|[66]
15:51:41.6 (91450667)|HEAP_ALLOCATE|[66]|Bytes:5
15:51:41.6 (91455174)|VARIABLE_ASSIGNMENT|[66]|this.IsFavorite|false|0x4253e86f
15:51:41.6 (91458779)|STATEMENT_EXECUTE|[67]
15:51:41.6 (91463452)|HEAP_ALLOCATE|[EXTERNAL]|Bytes:4
15:51:41.6 (91472640)|HEAP_ALLOCATE|[55]|Bytes:5
15:51:41.6 (91481732)|HEAP_ALLOCATE|[55]|Bytes:36
15:51:41.6 (91486427)|VARIABLE_SCOPE_BEGIN|[55]|j|Job__c|true|false
15:51:41.6 (91545212)|VARIABLE_ASSIGNMENT|[55]|j|{"LastModifiedDate":"2026-03-09T05:51:50.000Z","JobPosition__c":"テスト403求人タイトル求人タイトル求人 (28 more) ...","LastViewedDate":"2026-03-18T09:45:24.000Z","Id":"a0KBK00000Gexcu2AB","MinAnnualSalary__c":900,"JobDescription__c":"テスト403仕事内容仕事内容仕事内容仕事 (30 more) ...","JobCategory1__c":"営業系","MaxAnnualSalary__c":600}|0x33d0a2ab
15:51:41.6 (91554480)|STATEMENT_EXECUTE|[55]
15:51:41.6 (91555586)|STATEMENT_EXECUTE|[56]
15:51:41.6 (91558692)|HEAP_ALLOCATE|[56]|Bytes:44
15:51:41.6 (91563676)|CONSTRUCTOR_ENTRY|[56]|01pBK000001RGBP|<init>()|JobCardsController.JobWrapper
15:51:41.6 (91569126)|VARIABLE_SCOPE_BEGIN|[12]|this|JobCardsController.JobWrapper|true|false
15:51:41.6 (91584279)|VARIABLE_ASSIGNMENT|[12]|this|{}|0x23f203e7
15:51:41.6 (91595609)|STATEMENT_EXECUTE|[12]
15:51:41.6 (91596916)|STATEMENT_EXECUTE|[13]
15:51:41.6 (91597980)|STATEMENT_EXECUTE|[14]
15:51:41.6 (91599220)|STATEMENT_EXECUTE|[15]
15:51:41.6 (91600236)|STATEMENT_EXECUTE|[16]
15:51:41.6 (91601303)|STATEMENT_EXECUTE|[17]
15:51:41.6 (91602311)|STATEMENT_EXECUTE|[18]
15:51:41.6 (91603326)|STATEMENT_EXECUTE|[19]
15:51:41.6 (91604312)|STATEMENT_EXECUTE|[20]
15:51:41.6 (91605284)|STATEMENT_EXECUTE|[21]
15:51:41.6 (91606237)|STATEMENT_EXECUTE|[22]
15:51:41.6 (91609346)|CONSTRUCTOR_EXIT|[56]|01pBK000001RGBP|<init>()|JobCardsController.JobWrapper
15:51:41.6 (91613684)|VARIABLE_SCOPE_BEGIN|[56]|wrapper|JobCardsController.JobWrapper|true|false
15:51:41.6 (91625653)|VARIABLE_ASSIGNMENT|[56]|wrapper|{}|0x23f203e7
15:51:41.6 (91629672)|STATEMENT_EXECUTE|[57]
15:51:41.6 (91692928)|VARIABLE_ASSIGNMENT|[57]|this.Id|"a0KBK00000Gexcu2AB"|0x23f203e7
15:51:41.6 (91698120)|STATEMENT_EXECUTE|[58]
15:51:41.6 (91705658)|VARIABLE_ASSIGNMENT|[58]|this.JobPosition|"テスト403求人タイトル求人タイトル求人 (28 more) ..."|0x23f203e7
15:51:41.6 (91710983)|STATEMENT_EXECUTE|[59]
15:51:41.6 (91715399)|VARIABLE_ASSIGNMENT|[59]|this.WorkLocation2|null|0x23f203e7
15:51:41.6 (91719394)|STATEMENT_EXECUTE|[60]
15:51:41.6 (91723871)|VARIABLE_ASSIGNMENT|[60]|this.JobCategory1|"営業系"|0x23f203e7
15:51:41.6 (91727701)|STATEMENT_EXECUTE|[61]
15:51:41.6 (91736026)|VARIABLE_ASSIGNMENT|[61]|this.MaxAnnualSalary|600|0x23f203e7
15:51:41.6 (91739980)|STATEMENT_EXECUTE|[62]
15:51:41.6 (91744961)|VARIABLE_ASSIGNMENT|[62]|this.MinAnnualSalary|900|0x23f203e7
15:51:41.6 (91748328)|STATEMENT_EXECUTE|[63]
15:51:41.6 (91753623)|VARIABLE_ASSIGNMENT|[63]|this.JobDescription|"テスト403仕事内容仕事内容仕事内容仕事 (30 more) ..."|0x23f203e7
15:51:41.6 (91757924)|STATEMENT_EXECUTE|[64]
15:51:41.6 (91769521)|VARIABLE_ASSIGNMENT|[64]|this.LastModifiedDate|"2026-03-09T05:51:50.000Z"|0x23f203e7
15:51:41.6 (91772085)|STATEMENT_EXECUTE|[65]
15:51:41.6 (91777555)|VARIABLE_ASSIGNMENT|[65]|this.LastViewedDate|"2026-03-18T09:45:24.000Z"|0x23f203e7
15:51:41.6 (91780020)|STATEMENT_EXECUTE|[66]
15:51:41.6 (91790461)|HEAP_ALLOCATE|[66]|Bytes:5
15:51:41.6 (91794136)|VARIABLE_ASSIGNMENT|[66]|this.IsFavorite|true|0x23f203e7
15:51:41.6 (91796702)|STATEMENT_EXECUTE|[67]
15:51:41.6 (91801661)|HEAP_ALLOCATE|[EXTERNAL]|Bytes:4
15:51:41.6 (91812297)|HEAP_ALLOCATE|[55]|Bytes:5
15:51:41.6 (91821210)|HEAP_ALLOCATE|[55]|Bytes:36
15:51:41.6 (91826234)|VARIABLE_SCOPE_BEGIN|[55]|j|Job__c|true|false
15:51:41.6 (91889823)|VARIABLE_ASSIGNMENT|[55]|j|{"LastModifiedDate":"2026-03-09T05:51:49.000Z","JobPosition__c":"テスト402求人タイトル求人タイトル求人 (28 more) ...","LastViewedDate":"2026-03-18T09:45:33.000Z","Id":"a0KBK00000Gexct2AB","MinAnnualSalary__c":500,"JobDescription__c":"テスト402仕事内容仕事内容仕事内容仕事 (30 more) ...","JobCategory1__c":"営業系","MaxAnnualSalary__c":400}|0x178b291d
15:51:41.6 (91896400)|STATEMENT_EXECUTE|[55]
15:51:41.6 (91897327)|STATEMENT_EXECUTE|[56]
15:51:41.6 (91899648)|HEAP_ALLOCATE|[56]|Bytes:44
15:51:41.6 (91903716)|CONSTRUCTOR_ENTRY|[56]|01pBK000001RGBP|<init>()|JobCardsController.JobWrapper
15:51:41.6 (91910865)|VARIABLE_SCOPE_BEGIN|[12]|this|JobCardsController.JobWrapper|true|false
15:51:41.6 (91923563)|VARIABLE_ASSIGNMENT|[12]|this|{}|0x71075ba0
15:51:41.6 (91933242)|STATEMENT_EXECUTE|[12]
15:51:41.6 (91934377)|STATEMENT_EXECUTE|[13]
15:51:41.6 (91935286)|STATEMENT_EXECUTE|[14]
15:51:41.6 (91936048)|STATEMENT_EXECUTE|[15]
15:51:41.6 (91936815)|STATEMENT_EXECUTE|[16]
15:51:41.6 (91937574)|STATEMENT_EXECUTE|[17]
15:51:41.6 (91938346)|STATEMENT_EXECUTE|[18]
15:51:41.6 (91939097)|STATEMENT_EXECUTE|[19]
15:51:41.6 (91939858)|STATEMENT_EXECUTE|[20]
15:51:41.6 (91940620)|STATEMENT_EXECUTE|[21]
15:51:41.6 (91941386)|STATEMENT_EXECUTE|[22]
15:51:41.6 (91943121)|CONSTRUCTOR_EXIT|[56]|01pBK000001RGBP|<init>()|JobCardsController.JobWrapper
15:51:41.6 (91946242)|VARIABLE_SCOPE_BEGIN|[56]|wrapper|JobCardsController.JobWrapper|true|false
15:51:41.6 (91953241)|VARIABLE_ASSIGNMENT|[56]|wrapper|{}|0x71075ba0
15:51:41.6 (91955831)|STATEMENT_EXECUTE|[57]
15:51:41.6 (91997223)|VARIABLE_ASSIGNMENT|[57]|this.Id|"a0KBK00000Gexct2AB"|0x71075ba0
15:51:41.6 (92001880)|STATEMENT_EXECUTE|[58]
15:51:41.6 (92009641)|VARIABLE_ASSIGNMENT|[58]|this.JobPosition|"テスト402求人タイトル求人タイトル求人 (28 more) ..."|0x71075ba0
15:51:41.6 (92013838)|STATEMENT_EXECUTE|[59]
15:51:41.6 (92017935)|VARIABLE_ASSIGNMENT|[59]|this.WorkLocation2|null|0x71075ba0
15:51:41.6 (92021503)|STATEMENT_EXECUTE|[60]
15:51:41.6 (92025536)|VARIABLE_ASSIGNMENT|[60]|this.JobCategory1|"営業系"|0x71075ba0
15:51:41.6 (92029404)|STATEMENT_EXECUTE|[61]
15:51:41.6 (92035976)|VARIABLE_ASSIGNMENT|[61]|this.MaxAnnualSalary|400|0x71075ba0
15:51:41.6 (92039973)|STATEMENT_EXECUTE|[62]
15:51:41.6 (92044471)|VARIABLE_ASSIGNMENT|[62]|this.MinAnnualSalary|500|0x71075ba0
15:51:41.6 (92048163)|STATEMENT_EXECUTE|[63]
15:51:41.6 (92053313)|VARIABLE_ASSIGNMENT|[63]|this.JobDescription|"テスト402仕事内容仕事内容仕事内容仕事 (30 more) ..."|0x71075ba0
15:51:41.6 (92057656)|STATEMENT_EXECUTE|[64]
15:51:41.6 (92069588)|VARIABLE_ASSIGNMENT|[64]|this.LastModifiedDate|"2026-03-09T05:51:49.000Z"|0x71075ba0
15:51:41.6 (92073343)|STATEMENT_EXECUTE|[65]
15:51:41.6 (92080330)|VARIABLE_ASSIGNMENT|[65]|this.LastViewedDate|"2026-03-18T09:45:33.000Z"|0x71075ba0
15:51:41.6 (92083133)|STATEMENT_EXECUTE|[66]
15:51:41.6 (92092034)|HEAP_ALLOCATE|[66]|Bytes:5
15:51:41.6 (92095562)|VARIABLE_ASSIGNMENT|[66]|this.IsFavorite|false|0x71075ba0
15:51:41.6 (92097966)|STATEMENT_EXECUTE|[67]
15:51:41.6 (92102071)|HEAP_ALLOCATE|[EXTERNAL]|Bytes:4
15:51:41.6 (92109048)|HEAP_ALLOCATE|[55]|Bytes:5
15:51:41.6 (92114921)|HEAP_ALLOCATE|[55]|Bytes:40
15:51:41.6 (92118084)|VARIABLE_SCOPE_BEGIN|[55]|j|Job__c|true|false
15:51:41.6 (92162776)|VARIABLE_ASSIGNMENT|[55]|j|{"LastModifiedDate":"2026-03-06T01:15:09.000Z","JobPosition__c":"千代田区(東京) 設備積算・大手サブコン (18 more) ...","WorkLocation2__c":"東京都千代田区","LastViewedDate":"2026-03-17T05:57:19.000Z","Id":"a0KBK00000GezgH2AR","MinAnnualSalary__c":400,"JobDescription__c":"事務所ビルや商業施設、工場など、多様な建 (105 more) ...","JobCategory1__c":"営業系","MaxAnnualSalary__c":650}|0xd7e9a72
15:51:41.6 (92169015)|STATEMENT_EXECUTE|[55]
15:51:41.6 (92169847)|STATEMENT_EXECUTE|[56]
15:51:41.6 (92171758)|HEAP_ALLOCATE|[56]|Bytes:44
15:51:41.6 (92174801)|CONSTRUCTOR_ENTRY|[56]|01pBK000001RGBP|<init>()|JobCardsController.JobWrapper
15:51:41.6 (92178274)|VARIABLE_SCOPE_BEGIN|[12]|this|JobCardsController.JobWrapper|true|false
15:51:41.6 (92188630)|VARIABLE_ASSIGNMENT|[12]|this|{}|0x5217f7c7
15:51:41.6 (92196774)|STATEMENT_EXECUTE|[12]
15:51:41.6 (92197686)|STATEMENT_EXECUTE|[13]
15:51:41.6 (92198462)|STATEMENT_EXECUTE|[14]
15:51:41.6 (92199249)|STATEMENT_EXECUTE|[15]
15:51:41.6 (92200021)|STATEMENT_EXECUTE|[16]
15:51:41.6 (92200786)|STATEMENT_EXECUTE|[17]
15:51:41.6 (92201556)|STATEMENT_EXECUTE|[18]
15:51:41.6 (92202306)|STATEMENT_EXECUTE|[19]
15:51:41.6 (92203096)|STATEMENT_EXECUTE|[20]
15:51:41.6 (92203891)|STATEMENT_EXECUTE|[21]
15:51:41.6 (92204661)|STATEMENT_EXECUTE|[22]
15:51:41.6 (92206201)|CONSTRUCTOR_EXIT|[56]|01pBK000001RGBP|<init>()|JobCardsController.JobWrapper
15:51:41.6 (92209146)|VARIABLE_SCOPE_BEGIN|[56]|wrapper|JobCardsController.JobWrapper|true|false
15:51:41.6 (92215983)|VARIABLE_ASSIGNMENT|[56]|wrapper|{}|0x5217f7c7
15:51:41.6 (92218721)|STATEMENT_EXECUTE|[57]
15:51:41.6 (92251555)|VARIABLE_ASSIGNMENT|[57]|this.Id|"a0KBK00000GezgH2AR"|0x5217f7c7
15:51:41.6 (92254345)|STATEMENT_EXECUTE|[58]
15:51:41.6 (92258992)|VARIABLE_ASSIGNMENT|[58]|this.JobPosition|"千代田区(東京) 設備積算・大手サブコン (18 more) ..."|0x5217f7c7
15:51:41.6 (92262428)|STATEMENT_EXECUTE|[59]
15:51:41.6 (92265964)|VARIABLE_ASSIGNMENT|[59]|this.WorkLocation2|"東京都千代田区"|0x5217f7c7
15:51:41.6 (92268637)|STATEMENT_EXECUTE|[60]
15:51:41.6 (92271533)|VARIABLE_ASSIGNMENT|[60]|this.JobCategory1|"営業系"|0x5217f7c7
15:51:41.6 (92274089)|STATEMENT_EXECUTE|[61]
15:51:41.6 (92278220)|VARIABLE_ASSIGNMENT|[61]|this.MaxAnnualSalary|650|0x5217f7c7
15:51:41.6 (92280770)|STATEMENT_EXECUTE|[62]
15:51:41.6 (92283971)|VARIABLE_ASSIGNMENT|[62]|this.MinAnnualSalary|400|0x5217f7c7
15:51:41.6 (92286323)|STATEMENT_EXECUTE|[63]
15:51:41.6 (92290091)|VARIABLE_ASSIGNMENT|[63]|this.JobDescription|"事務所ビルや商業施設、工場など、多様な建 (105 more) ..."|0x5217f7c7
15:51:41.6 (92293033)|STATEMENT_EXECUTE|[64]
15:51:41.6 (92299569)|VARIABLE_ASSIGNMENT|[64]|this.LastModifiedDate|"2026-03-06T01:15:09.000Z"|0x5217f7c7
15:51:41.6 (92301988)|STATEMENT_EXECUTE|[65]
15:51:41.6 (92307116)|VARIABLE_ASSIGNMENT|[65]|this.LastViewedDate|"2026-03-17T05:57:19.000Z"|0x5217f7c7
15:51:41.6 (92309599)|STATEMENT_EXECUTE|[66]
15:51:41.6 (92315481)|HEAP_ALLOCATE|[66]|Bytes:5
15:51:41.6 (92318341)|VARIABLE_ASSIGNMENT|[66]|this.IsFavorite|false|0x5217f7c7
15:51:41.6 (92320665)|STATEMENT_EXECUTE|[67]
15:51:41.6 (92323621)|HEAP_ALLOCATE|[EXTERNAL]|Bytes:4
15:51:41.6 (92329376)|HEAP_ALLOCATE|[55]|Bytes:5
15:51:41.6 (92334048)|HEAP_ALLOCATE|[55]|Bytes:36
15:51:41.6 (92336737)|VARIABLE_SCOPE_BEGIN|[55]|j|Job__c|true|false
15:51:41.6 (92371559)|VARIABLE_ASSIGNMENT|[55]|j|{"LastModifiedDate":"2026-02-06T01:25:17.000Z","JobPosition__c":"テスト467求人タイトル求人タイトル求人 (28 more) ...","LastViewedDate":"2026-03-03T09:55:23.000Z","Id":"a0KBK00000Gexdw2AB","MinAnnualSalary__c":216,"JobDescription__c":"テスト467仕事内容仕事内容仕事内容仕事 (30 more) ...","JobCategory1__c":"管理部門/事務系","MaxAnnualSalary__c":0}|0x3903399d
15:51:41.6 (92377856)|STATEMENT_EXECUTE|[55]
15:51:41.6 (92378833)|STATEMENT_EXECUTE|[56]
15:51:41.6 (92380555)|HEAP_ALLOCATE|[56]|Bytes:44
15:51:41.6 (92383222)|CONSTRUCTOR_ENTRY|[56]|01pBK000001RGBP|<init>()|JobCardsController.JobWrapper
15:51:41.6 (92386450)|VARIABLE_SCOPE_BEGIN|[12]|this|JobCardsController.JobWrapper|true|false
15:51:41.6 (92395285)|VARIABLE_ASSIGNMENT|[12]|this|{}|0xfda6d7a
15:51:41.6 (92402225)|STATEMENT_EXECUTE|[12]
15:51:41.6 (92403115)|STATEMENT_EXECUTE|[13]
15:51:41.6 (92403925)|STATEMENT_EXECUTE|[14]
15:51:41.6 (92404713)|STATEMENT_EXECUTE|[15]
15:51:41.6 (92405610)|STATEMENT_EXECUTE|[16]
15:51:41.6 (92406387)|STATEMENT_EXECUTE|[17]
15:51:41.6 (92407189)|STATEMENT_EXECUTE|[18]
15:51:41.6 (92407963)|STATEMENT_EXECUTE|[19]
15:51:41.6 (92408734)|STATEMENT_EXECUTE|[20]
15:51:41.6 (92409501)|STATEMENT_EXECUTE|[21]
15:51:41.6 (92410238)|STATEMENT_EXECUTE|[22]
15:51:41.6 (92411497)|CONSTRUCTOR_EXIT|[56]|01pBK000001RGBP|<init>()|JobCardsController.JobWrapper
15:51:41.6 (92414180)|VARIABLE_SCOPE_BEGIN|[56]|wrapper|JobCardsController.JobWrapper|true|false
15:51:41.6 (92420806)|VARIABLE_ASSIGNMENT|[56]|wrapper|{}|0xfda6d7a
15:51:41.6 (92423352)|STATEMENT_EXECUTE|[57]
15:51:41.6 (92448569)|VARIABLE_ASSIGNMENT|[57]|this.Id|"a0KBK00000Gexdw2AB"|0xfda6d7a
15:51:41.6 (92451558)|STATEMENT_EXECUTE|[58]
15:51:41.6 (92457282)|VARIABLE_ASSIGNMENT|[58]|this.JobPosition|"テスト467求人タイトル求人タイトル求人 (28 more) ..."|0xfda6d7a
15:51:41.6 (92461737)|STATEMENT_EXECUTE|[59]
15:51:41.6 (92465659)|VARIABLE_ASSIGNMENT|[59]|this.WorkLocation2|null|0xfda6d7a
15:51:41.6 (92468960)|STATEMENT_EXECUTE|[60]
15:51:41.6 (92473833)|VARIABLE_ASSIGNMENT|[60]|this.JobCategory1|"管理部門/事務系"|0xfda6d7a
15:51:41.6 (92478241)|STATEMENT_EXECUTE|[61]
15:51:41.6 (92499642)|HEAP_ALLOCATE|[61]|Bytes:28
15:51:41.6 (92506025)|VARIABLE_ASSIGNMENT|[61]|this.MaxAnnualSalary|0|0xfda6d7a
15:51:41.6 (92508457)|STATEMENT_EXECUTE|[62]
15:51:41.6 (92512245)|VARIABLE_ASSIGNMENT|[62]|this.MinAnnualSalary|216|0xfda6d7a
15:51:41.6 (92514882)|STATEMENT_EXECUTE|[63]
15:51:41.6 (92518587)|VARIABLE_ASSIGNMENT|[63]|this.JobDescription|"テスト467仕事内容仕事内容仕事内容仕事 (30 more) ..."|0xfda6d7a
15:51:41.6 (92521552)|STATEMENT_EXECUTE|[64]
15:51:41.6 (92529205)|VARIABLE_ASSIGNMENT|[64]|this.LastModifiedDate|"2026-02-06T01:25:17.000Z"|0xfda6d7a
15:51:41.6 (92531757)|STATEMENT_EXECUTE|[65]
15:51:41.6 (92536606)|VARIABLE_ASSIGNMENT|[65]|this.LastViewedDate|"2026-03-03T09:55:23.000Z"|0xfda6d7a
15:51:41.6 (92539092)|STATEMENT_EXECUTE|[66]
15:51:41.6 (92545478)|HEAP_ALLOCATE|[66]|Bytes:5
15:51:41.6 (92548380)|VARIABLE_ASSIGNMENT|[66]|this.IsFavorite|false|0xfda6d7a
15:51:41.6 (92550711)|STATEMENT_EXECUTE|[67]
15:51:41.6 (92553764)|HEAP_ALLOCATE|[EXTERNAL]|Bytes:4
15:51:41.6 (92559607)|HEAP_ALLOCATE|[55]|Bytes:5
15:51:41.6 (92563907)|HEAP_ALLOCATE|[55]|Bytes:36
15:51:41.6 (92566595)|VARIABLE_SCOPE_BEGIN|[55]|j|Job__c|true|false
15:51:41.6 (92599865)|VARIABLE_ASSIGNMENT|[55]|j|{"LastModifiedDate":"2026-02-05T00:50:25.000Z","JobPosition__c":"テスト297求人タイトル求人タイトル求人 (28 more) ...","LastViewedDate":"2026-03-28T05:28:09.000Z","Id":"a0KBK00000Gezpx2AB","MinAnnualSalary__c":350,"JobDescription__c":"テスト297仕事内容仕事内容仕事内容仕事 (30 more) ...","JobCategory1__c":"IT系（ソフトウェア/ネットワーク）","MaxAnnualSalary__c":600}|0xff011ec
15:51:41.6 (92606312)|STATEMENT_EXECUTE|[55]
15:51:41.6 (92607300)|STATEMENT_EXECUTE|[56]
15:51:41.6 (92608787)|HEAP_ALLOCATE|[56]|Bytes:44
15:51:41.6 (92611335)|CONSTRUCTOR_ENTRY|[56]|01pBK000001RGBP|<init>()|JobCardsController.JobWrapper
15:51:41.6 (92614653)|VARIABLE_SCOPE_BEGIN|[12]|this|JobCardsController.JobWrapper|true|false
15:51:41.6 (92623596)|VARIABLE_ASSIGNMENT|[12]|this|{}|0x3c04ba5d
15:51:41.6 (92630672)|STATEMENT_EXECUTE|[12]
15:51:41.6 (92631545)|STATEMENT_EXECUTE|[13]
15:51:41.6 (92632398)|STATEMENT_EXECUTE|[14]
15:51:41.6 (92633174)|STATEMENT_EXECUTE|[15]
15:51:41.6 (92633960)|STATEMENT_EXECUTE|[16]
15:51:41.6 (92634735)|STATEMENT_EXECUTE|[17]
15:51:41.6 (92635520)|STATEMENT_EXECUTE|[18]
15:51:41.6 (92636285)|STATEMENT_EXECUTE|[19]
15:51:41.6 (92637062)|STATEMENT_EXECUTE|[20]
15:51:41.6 (92637808)|STATEMENT_EXECUTE|[21]
15:51:41.6 (92638585)|STATEMENT_EXECUTE|[22]
15:51:41.6 (92639919)|CONSTRUCTOR_EXIT|[56]|01pBK000001RGBP|<init>()|JobCardsController.JobWrapper
15:51:41.6 (92642548)|VARIABLE_SCOPE_BEGIN|[56]|wrapper|JobCardsController.JobWrapper|true|false
15:51:41.6 (92649351)|VARIABLE_ASSIGNMENT|[56]|wrapper|{}|0x3c04ba5d
15:51:41.6 (92651840)|STATEMENT_EXECUTE|[57]
15:51:41.6 (92676946)|VARIABLE_ASSIGNMENT|[57]|this.Id|"a0KBK00000Gezpx2AB"|0x3c04ba5d
15:51:41.6 (92680074)|STATEMENT_EXECUTE|[58]
15:51:41.6 (92684432)|VARIABLE_ASSIGNMENT|[58]|this.JobPosition|"テスト297求人タイトル求人タイトル求人 (28 more) ..."|0x3c04ba5d
15:51:41.6 (92687276)|STATEMENT_EXECUTE|[59]
15:51:41.6 (92689975)|VARIABLE_ASSIGNMENT|[59]|this.WorkLocation2|null|0x3c04ba5d
15:51:41.6 (92692307)|STATEMENT_EXECUTE|[60]
15:51:41.6 (92695533)|VARIABLE_ASSIGNMENT|[60]|this.JobCategory1|"IT系（ソフトウェア/ネットワーク）"|0x3c04ba5d
15:51:41.6 (92698392)|STATEMENT_EXECUTE|[61]
15:51:41.6 (92702350)|VARIABLE_ASSIGNMENT|[61]|this.MaxAnnualSalary|600|0x3c04ba5d
15:51:41.6 (92704725)|STATEMENT_EXECUTE|[62]
15:51:41.6 (92707929)|VARIABLE_ASSIGNMENT|[62]|this.MinAnnualSalary|350|0x3c04ba5d
15:51:41.6 (92710407)|STATEMENT_EXECUTE|[63]
15:51:41.6 (92714036)|VARIABLE_ASSIGNMENT|[63]|this.JobDescription|"テスト297仕事内容仕事内容仕事内容仕事 (30 more) ..."|0x3c04ba5d
15:51:41.6 (92716987)|STATEMENT_EXECUTE|[64]
15:51:41.6 (92723607)|VARIABLE_ASSIGNMENT|[64]|this.LastModifiedDate|"2026-02-05T00:50:25.000Z"|0x3c04ba5d
15:51:41.6 (92726033)|STATEMENT_EXECUTE|[65]
15:51:41.6 (92730772)|VARIABLE_ASSIGNMENT|[65]|this.LastViewedDate|"2026-03-28T05:28:09.000Z"|0x3c04ba5d
15:51:41.6 (92733255)|STATEMENT_EXECUTE|[66]
15:51:41.6 (92739365)|HEAP_ALLOCATE|[66]|Bytes:5
15:51:41.6 (92742410)|VARIABLE_ASSIGNMENT|[66]|this.IsFavorite|false|0x3c04ba5d
15:51:41.6 (92744799)|STATEMENT_EXECUTE|[67]
15:51:41.6 (92747888)|HEAP_ALLOCATE|[EXTERNAL]|Bytes:4
15:51:41.6 (92753050)|HEAP_ALLOCATE|[55]|Bytes:5
15:51:41.6 (92757283)|HEAP_ALLOCATE|[55]|Bytes:36
15:51:41.6 (92759876)|VARIABLE_SCOPE_BEGIN|[55]|j|Job__c|true|false
15:51:41.6 (92791670)|VARIABLE_ASSIGNMENT|[55]|j|{"LastModifiedDate":"2026-02-05T00:49:22.000Z","JobPosition__c":"テスト407求人タイトル求人タイトル求人 (28 more) ...","LastViewedDate":"2026-03-18T09:45:42.000Z","Id":"a0KBK00000Gexcy2AB","MinAnnualSalary__c":350,"JobDescription__c":"テスト407仕事内容仕事内容仕事内容仕事 (30 more) ...","JobCategory1__c":"営業系","MaxAnnualSalary__c":450}|0x41fd02ce
15:51:41.6 (92797710)|STATEMENT_EXECUTE|[55]
15:51:41.6 (92798609)|STATEMENT_EXECUTE|[56]
15:51:41.6 (92800275)|HEAP_ALLOCATE|[56]|Bytes:44
15:51:41.6 (92802717)|CONSTRUCTOR_ENTRY|[56]|01pBK000001RGBP|<init>()|JobCardsController.JobWrapper
15:51:41.6 (92806010)|VARIABLE_SCOPE_BEGIN|[12]|this|JobCardsController.JobWrapper|true|false
15:51:41.6 (92814970)|VARIABLE_ASSIGNMENT|[12]|this|{}|0x77153c26
15:51:41.6 (92821610)|STATEMENT_EXECUTE|[12]
15:51:41.6 (92822510)|STATEMENT_EXECUTE|[13]
15:51:41.6 (92823305)|STATEMENT_EXECUTE|[14]
15:51:41.6 (92824087)|STATEMENT_EXECUTE|[15]
15:51:41.6 (92824873)|STATEMENT_EXECUTE|[16]
15:51:41.6 (92825635)|STATEMENT_EXECUTE|[17]
15:51:41.6 (92826395)|STATEMENT_EXECUTE|[18]
15:51:41.6 (92827141)|STATEMENT_EXECUTE|[19]
15:51:41.6 (92827903)|STATEMENT_EXECUTE|[20]
15:51:41.6 (92828672)|STATEMENT_EXECUTE|[21]
15:51:41.6 (92829540)|STATEMENT_EXECUTE|[22]
15:51:41.6 (92830845)|CONSTRUCTOR_EXIT|[56]|01pBK000001RGBP|<init>()|JobCardsController.JobWrapper
15:51:41.6 (92833577)|VARIABLE_SCOPE_BEGIN|[56]|wrapper|JobCardsController.JobWrapper|true|false
15:51:41.6 (92840342)|VARIABLE_ASSIGNMENT|[56]|wrapper|{}|0x77153c26
15:51:41.6 (92842752)|STATEMENT_EXECUTE|[57]
15:51:41.6 (92867230)|VARIABLE_ASSIGNMENT|[57]|this.Id|"a0KBK00000Gexcy2AB"|0x77153c26
15:51:41.6 (92870291)|STATEMENT_EXECUTE|[58]
15:51:41.6 (92874690)|VARIABLE_ASSIGNMENT|[58]|this.JobPosition|"テスト407求人タイトル求人タイトル求人 (28 more) ..."|0x77153c26
15:51:41.6 (92877728)|STATEMENT_EXECUTE|[59]
15:51:41.6 (92880281)|VARIABLE_ASSIGNMENT|[59]|this.WorkLocation2|null|0x77153c26
15:51:41.6 (92882545)|STATEMENT_EXECUTE|[60]
15:51:41.6 (92885400)|VARIABLE_ASSIGNMENT|[60]|this.JobCategory1|"営業系"|0x77153c26
15:51:41.6 (92887934)|STATEMENT_EXECUTE|[61]
15:51:41.6 (92891828)|VARIABLE_ASSIGNMENT|[61]|this.MaxAnnualSalary|450|0x77153c26
15:51:41.6 (92894205)|STATEMENT_EXECUTE|[62]
15:51:41.6 (92897355)|VARIABLE_ASSIGNMENT|[62]|this.MinAnnualSalary|350|0x77153c26
15:51:41.6 (92899767)|STATEMENT_EXECUTE|[63]
15:51:41.6 (92903322)|VARIABLE_ASSIGNMENT|[63]|this.JobDescription|"テスト407仕事内容仕事内容仕事内容仕事 (30 more) ..."|0x77153c26
15:51:41.6 (92906365)|STATEMENT_EXECUTE|[64]
15:51:41.6 (92912710)|VARIABLE_ASSIGNMENT|[64]|this.LastModifiedDate|"2026-02-05T00:49:22.000Z"|0x77153c26
15:51:41.6 (92915232)|STATEMENT_EXECUTE|[65]
15:51:41.6 (92919895)|VARIABLE_ASSIGNMENT|[65]|this.LastViewedDate|"2026-03-18T09:45:42.000Z"|0x77153c26
15:51:41.6 (92922171)|STATEMENT_EXECUTE|[66]
15:51:41.6 (92928224)|HEAP_ALLOCATE|[66]|Bytes:5
15:51:41.6 (92931240)|VARIABLE_ASSIGNMENT|[66]|this.IsFavorite|false|0x77153c26
15:51:41.6 (92933690)|STATEMENT_EXECUTE|[67]
15:51:41.6 (92936605)|HEAP_ALLOCATE|[EXTERNAL]|Bytes:4
15:51:41.6 (92942171)|HEAP_ALLOCATE|[55]|Bytes:5
15:51:41.6 (92947510)|VARIABLE_ASSIGNMENT|[55]|j|null|
15:51:41.6 (92951276)|STATEMENT_EXECUTE|[69]
15:51:41.93 (93005064)|CUMULATIVE_LIMIT_USAGE
15:51:41.93 (93005064)|LIMIT_USAGE_FOR_NS|(default)|
  Number of SOQL queries: 2 out of 100
  Number of query rows: 14 out of 50000
  Number of SOSL queries: 0 out of 20
  Number of DML statements: 0 out of 150
  Number of Publish Immediate DML: 0 out of 150
  Number of DML rows: 0 out of 10000
  Maximum CPU time: 0 out of 10000
  Maximum heap size: 0 out of 6000000
  Number of callouts: 0 out of 100
  Number of Email Invocations: 0 out of 10
  Number of future calls: 0 out of 50
  Number of queueable jobs added to the queue: 0 out of 50
  Number of Mobile Apex push calls: 0 out of 10

15:51:41.93 (93005064)|CUMULATIVE_LIMIT_USAGE_END

15:51:41.6 (93029490)|CODE_UNIT_FINISHED|JobCardsController.getJobs()
15:51:41.6 (93193201)|CODE_UNIT_FINISHED|apex://JobCardsController/ACTION$getJobs
15:51:41.6 (93199946)|EXECUTION_FINISHED
