66.0 APEX_CODE,FINEST;APEX_PROFILING,INFO;CALLOUT,INFO;DATA_ACCESS,INFO;DB,INFO;NBA,INFO;SYSTEM,DEBUG;VALIDATION,INFO;VISUALFORCE,INFO;WAVE,INFO;WORKFLOW,INFO
18:53:45.0 (188506)|USER_INFO|[EXTERNAL]|0057F0000042UBb|ishibashi@hurex.co.jp.dev1|(GMT+09:00) 日本標準時 (Asia/Tokyo)|GMT+09:00
18:53:45.0 (221600)|EXECUTION_STARTED
18:53:45.0 (230893)|CODE_UNIT_STARTED|[EXTERNAL]|apex://RegistrationInfoController/ACTION$getEducationPicklistValues
18:53:45.0 (2392173)|CODE_UNIT_STARTED|[EXTERNAL]|01pBK000001mgyr|RegistrationInfoController.getEducationPicklistValues()
18:53:45.0 (2659628)|HEAP_ALLOCATE|[95]|Bytes:3
18:53:45.0 (2737742)|HEAP_ALLOCATE|[100]|Bytes:152
18:53:45.0 (2752479)|HEAP_ALLOCATE|[417]|Bytes:408
18:53:45.0 (2764484)|HEAP_ALLOCATE|[430]|Bytes:408
18:53:45.0 (2786663)|HEAP_ALLOCATE|[317]|Bytes:6
18:53:45.0 (2798002)|HEAP_ALLOCATE|[EXTERNAL]|Bytes:23
18:53:45.0 (2801758)|HEAP_ALLOCATE|[EXTERNAL]|Bytes:37
18:53:45.0 (2803678)|HEAP_ALLOCATE|[EXTERNAL]|Bytes:7
18:53:45.0 (2814263)|METHOD_ENTRY|[5]|01pBK000001mgyr|RegistrationInfoController.RegistrationInfoController()
18:53:45.0 (2818927)|STATEMENT_EXECUTE|[5]
18:53:45.0 (2825467)|STATEMENT_EXECUTE|[5]
18:53:45.0 (2844499)|HEAP_ALLOCATE|[68]|Bytes:5
18:53:45.0 (2866821)|HEAP_ALLOCATE|[74]|Bytes:5
18:53:45.0 (2871687)|HEAP_ALLOCATE|[82]|Bytes:7
18:53:45.0 (3025934)|HEAP_ALLOCATE|[EXTERNAL]|Bytes:5
18:53:45.0 (3030700)|STATEMENT_EXECUTE|[8]
18:53:45.0 (3038507)|METHOD_EXIT|[5]|RegistrationInfoController
18:53:45.0 (3049645)|HEAP_ALLOCATE|[119]|Bytes:5
18:53:45.0 (3052120)|STATEMENT_EXECUTE|[117]
18:53:45.0 (3053137)|STATEMENT_EXECUTE|[119]
18:53:45.0 (3055153)|HEAP_ALLOCATE|[119]|Bytes:7
18:53:45.0 (3057263)|HEAP_ALLOCATE|[119]|Bytes:23
18:53:45.0 (3578761)|METHOD_ENTRY|[119]|01pBK000001mgyr|RegistrationInfoController.getPicklistValuesWithoutEmpty(Schema.SObjectField)
18:53:45.0 (3610214)|VARIABLE_SCOPE_BEGIN|[151]|field|Schema.SObjectField|true|false
18:53:45.0 (3793398)|VARIABLE_ASSIGNMENT|[151]|field|"common.apex.runtime.impl.ApexFieldToken@212e1597"|0x212e1597
18:53:45.0 (3807120)|HEAP_ALLOCATE|[152]|Bytes:5
18:53:45.0 (3811003)|STATEMENT_EXECUTE|[151]
18:53:45.0 (3812177)|STATEMENT_EXECUTE|[152]
18:53:45.0 (3828904)|HEAP_ALLOCATE|[152]|Bytes:4
18:53:45.0 (3859854)|VARIABLE_SCOPE_BEGIN|[152]|options|List<Map<String,String>>|true|false
18:53:45.0 (3900837)|HEAP_ALLOCATE|[EXTERNAL]|Bytes:4
18:53:45.0 (3911467)|VARIABLE_ASSIGNMENT|[152]|options|[]|0x28abf238
18:53:45.0 (3914501)|STATEMENT_EXECUTE|[153]
18:53:45.0 (3915371)|STATEMENT_EXECUTE|[153]
18:53:45.0 (3916273)|STATEMENT_EXECUTE|[154]
18:53:45.0 (3958114)|SYSTEM_MODE_ENTER|true
18:53:45.0 (14409676)|HEAP_ALLOCATE|[EXTERNAL]|Bytes:4
18:53:45.0 (14522366)|HEAP_ALLOCATE|[154]|Bytes:8
18:53:45.0 (14553163)|VARIABLE_SCOPE_BEGIN|[154]|fieldResult|Schema.DescribeFieldResult|true|false
18:53:45.0 (16836951)|VARIABLE_ASSIGNMENT|[154]|fieldResult|"common.api.soap.wsdl.Field@505859bd"|0x1e581a8f
18:53:45.0 (16906609)|HEAP_ALLOCATE|[EXTERNAL]|Bytes:36
18:53:45.0 (16996677)|HEAP_ALLOCATE|[155]|Bytes:36
18:53:45.0 (17241831)|HEAP_ALLOCATE|[155]|Bytes:5
18:53:45.0 (17267269)|HEAP_ALLOCATE|[155]|Bytes:4
18:53:45.0 (17274536)|VARIABLE_SCOPE_BEGIN|[155]|entry|Schema.PicklistEntry|true|false
18:53:45.0 (17293134)|VARIABLE_ASSIGNMENT|[155]|entry|大学院卒（博士）|0x6bd6b3cc
18:53:45.0 (17299379)|STATEMENT_EXECUTE|[155]
18:53:45.0 (17300773)|STATEMENT_EXECUTE|[156]
18:53:45.0 (17316852)|HEAP_ALLOCATE|[156]|Bytes:4
18:53:45.0 (17331492)|VARIABLE_SCOPE_BEGIN|[156]|option|Map<String,String>|true|false
18:53:45.0 (17348859)|VARIABLE_ASSIGNMENT|[156]|option|{}|0xd4f1474
18:53:45.0 (17352779)|STATEMENT_EXECUTE|[157]
18:53:45.0 (17356563)|HEAP_ALLOCATE|[157]|Bytes:5
18:53:45.0 (17376377)|HEAP_ALLOCATE|[157]|Bytes:8
18:53:45.0 (17425400)|HEAP_ALLOCATE|[EXTERNAL]|Bytes:-4
18:53:45.0 (17431752)|STATEMENT_EXECUTE|[158]
18:53:45.0 (17433802)|HEAP_ALLOCATE|[158]|Bytes:5
18:53:45.0 (17442512)|HEAP_ALLOCATE|[158]|Bytes:8
18:53:45.0 (17457738)|HEAP_ALLOCATE|[EXTERNAL]|Bytes:-4
18:53:45.0 (17462419)|STATEMENT_EXECUTE|[159]
18:53:45.0 (17480352)|HEAP_ALLOCATE|[EXTERNAL]|Bytes:4
18:53:45.0 (17491974)|HEAP_ALLOCATE|[155]|Bytes:5
18:53:45.0 (17501810)|HEAP_ALLOCATE|[155]|Bytes:4
18:53:45.0 (17506749)|VARIABLE_SCOPE_BEGIN|[155]|entry|Schema.PicklistEntry|true|false
18:53:45.0 (17515487)|VARIABLE_ASSIGNMENT|[155]|entry|大学院卒（修士）|0x510b7de0
18:53:45.0 (17520219)|STATEMENT_EXECUTE|[155]
18:53:45.0 (17521358)|STATEMENT_EXECUTE|[156]
18:53:45.0 (17527921)|HEAP_ALLOCATE|[156]|Bytes:4
18:53:45.0 (17531278)|VARIABLE_SCOPE_BEGIN|[156]|option|Map<String,String>|true|false
18:53:45.0 (17538083)|VARIABLE_ASSIGNMENT|[156]|option|{}|0x13674495
18:53:45.0 (17541433)|STATEMENT_EXECUTE|[157]
18:53:45.0 (17545368)|HEAP_ALLOCATE|[157]|Bytes:8
18:53:45.0 (17551317)|HEAP_ALLOCATE|[EXTERNAL]|Bytes:-4
18:53:45.0 (17558349)|STATEMENT_EXECUTE|[158]
18:53:45.0 (17561156)|HEAP_ALLOCATE|[158]|Bytes:8
18:53:45.0 (17566079)|HEAP_ALLOCATE|[EXTERNAL]|Bytes:-4
18:53:45.0 (17570138)|STATEMENT_EXECUTE|[159]
18:53:45.0 (17574787)|HEAP_ALLOCATE|[EXTERNAL]|Bytes:4
18:53:45.0 (17582779)|HEAP_ALLOCATE|[155]|Bytes:5
18:53:45.0 (17589209)|HEAP_ALLOCATE|[155]|Bytes:4
18:53:45.0 (17593087)|VARIABLE_SCOPE_BEGIN|[155]|entry|Schema.PicklistEntry|true|false
18:53:45.0 (17599585)|VARIABLE_ASSIGNMENT|[155]|entry|大学卒|0x4d71cde6
18:53:45.0 (17603630)|STATEMENT_EXECUTE|[155]
18:53:45.0 (17604884)|STATEMENT_EXECUTE|[156]
18:53:45.0 (17608987)|HEAP_ALLOCATE|[156]|Bytes:4
18:53:45.0 (17612908)|VARIABLE_SCOPE_BEGIN|[156]|option|Map<String,String>|true|false
18:53:45.0 (17619816)|VARIABLE_ASSIGNMENT|[156]|option|{}|0x38688c88
18:53:45.0 (17623414)|STATEMENT_EXECUTE|[157]
18:53:45.0 (17626184)|HEAP_ALLOCATE|[157]|Bytes:3
18:53:45.0 (17631455)|HEAP_ALLOCATE|[EXTERNAL]|Bytes:-4
18:53:45.0 (17635348)|STATEMENT_EXECUTE|[158]
18:53:45.0 (17637847)|HEAP_ALLOCATE|[158]|Bytes:3
18:53:45.0 (17642487)|HEAP_ALLOCATE|[EXTERNAL]|Bytes:-4
18:53:45.0 (17646275)|STATEMENT_EXECUTE|[159]
18:53:45.0 (17650214)|HEAP_ALLOCATE|[EXTERNAL]|Bytes:4
18:53:45.0 (17657563)|HEAP_ALLOCATE|[155]|Bytes:5
18:53:45.0 (17664382)|HEAP_ALLOCATE|[155]|Bytes:4
18:53:45.0 (17668172)|VARIABLE_SCOPE_BEGIN|[155]|entry|Schema.PicklistEntry|true|false
18:53:45.0 (17674554)|VARIABLE_ASSIGNMENT|[155]|entry|高専卒|0x32861218
18:53:45.0 (17679444)|STATEMENT_EXECUTE|[155]
18:53:45.0 (17680888)|STATEMENT_EXECUTE|[156]
18:53:45.0 (17685055)|HEAP_ALLOCATE|[156]|Bytes:4
18:53:45.0 (17688577)|VARIABLE_SCOPE_BEGIN|[156]|option|Map<String,String>|true|false
18:53:45.0 (17696186)|VARIABLE_ASSIGNMENT|[156]|option|{}|0x1b6cbb31
18:53:45.0 (17700363)|STATEMENT_EXECUTE|[157]
18:53:45.0 (17703225)|HEAP_ALLOCATE|[157]|Bytes:3
18:53:45.0 (17708188)|HEAP_ALLOCATE|[EXTERNAL]|Bytes:-4
18:53:45.0 (17714799)|STATEMENT_EXECUTE|[158]
18:53:45.0 (17717239)|HEAP_ALLOCATE|[158]|Bytes:3
18:53:45.0 (17721474)|HEAP_ALLOCATE|[EXTERNAL]|Bytes:-4
18:53:45.0 (17726765)|STATEMENT_EXECUTE|[159]
18:53:45.0 (17730177)|HEAP_ALLOCATE|[EXTERNAL]|Bytes:4
18:53:45.0 (17737713)|HEAP_ALLOCATE|[155]|Bytes:5
18:53:45.0 (17743788)|HEAP_ALLOCATE|[155]|Bytes:4
18:53:45.0 (17747555)|VARIABLE_SCOPE_BEGIN|[155]|entry|Schema.PicklistEntry|true|false
18:53:45.0 (17753691)|VARIABLE_ASSIGNMENT|[155]|entry|短大卒|0x58314b47
18:53:45.0 (17757908)|STATEMENT_EXECUTE|[155]
18:53:45.0 (17758937)|STATEMENT_EXECUTE|[156]
18:53:45.0 (17762339)|HEAP_ALLOCATE|[156]|Bytes:4
18:53:45.0 (17765703)|VARIABLE_SCOPE_BEGIN|[156]|option|Map<String,String>|true|false
18:53:45.0 (17772364)|VARIABLE_ASSIGNMENT|[156]|option|{}|0x24419005
18:53:45.0 (17776258)|STATEMENT_EXECUTE|[157]
18:53:45.0 (17778833)|HEAP_ALLOCATE|[157]|Bytes:3
18:53:45.0 (17783544)|HEAP_ALLOCATE|[EXTERNAL]|Bytes:-4
18:53:45.0 (17787484)|STATEMENT_EXECUTE|[158]
18:53:45.0 (17789969)|HEAP_ALLOCATE|[158]|Bytes:3
18:53:45.0 (17794518)|HEAP_ALLOCATE|[EXTERNAL]|Bytes:-4
18:53:45.0 (17798068)|STATEMENT_EXECUTE|[159]
18:53:45.0 (17801723)|HEAP_ALLOCATE|[EXTERNAL]|Bytes:4
18:53:45.0 (17808632)|HEAP_ALLOCATE|[155]|Bytes:5
18:53:45.0 (17815264)|HEAP_ALLOCATE|[155]|Bytes:4
18:53:45.0 (17818574)|VARIABLE_SCOPE_BEGIN|[155]|entry|Schema.PicklistEntry|true|false
18:53:45.0 (17825228)|VARIABLE_ASSIGNMENT|[155]|entry|専門各種学校卒|0x26554047
18:53:45.0 (17829653)|STATEMENT_EXECUTE|[155]
18:53:45.0 (17830988)|STATEMENT_EXECUTE|[156]
18:53:45.0 (17834708)|HEAP_ALLOCATE|[156]|Bytes:4
18:53:45.0 (17838361)|VARIABLE_SCOPE_BEGIN|[156]|option|Map<String,String>|true|false
18:53:45.0 (17844543)|VARIABLE_ASSIGNMENT|[156]|option|{}|0x581ed28f
18:53:45.0 (17847031)|STATEMENT_EXECUTE|[157]
18:53:45.0 (17849173)|HEAP_ALLOCATE|[157]|Bytes:7
18:53:45.0 (17852532)|HEAP_ALLOCATE|[EXTERNAL]|Bytes:-4
18:53:45.0 (17855137)|STATEMENT_EXECUTE|[158]
18:53:45.0 (17856801)|HEAP_ALLOCATE|[158]|Bytes:7
18:53:45.0 (17859562)|HEAP_ALLOCATE|[EXTERNAL]|Bytes:-4
18:53:45.0 (17861980)|STATEMENT_EXECUTE|[159]
18:53:45.0 (17864269)|HEAP_ALLOCATE|[EXTERNAL]|Bytes:4
18:53:45.0 (17870650)|HEAP_ALLOCATE|[155]|Bytes:5
18:53:45.0 (17876789)|HEAP_ALLOCATE|[155]|Bytes:4
18:53:45.0 (17880029)|VARIABLE_SCOPE_BEGIN|[155]|entry|Schema.PicklistEntry|true|false
18:53:45.0 (17886259)|VARIABLE_ASSIGNMENT|[155]|entry|高校卒|0xa27c1b8
18:53:45.0 (17890757)|STATEMENT_EXECUTE|[155]
18:53:45.0 (17891721)|STATEMENT_EXECUTE|[156]
18:53:45.0 (17895037)|HEAP_ALLOCATE|[156]|Bytes:4
18:53:45.0 (17898163)|VARIABLE_SCOPE_BEGIN|[156]|option|Map<String,String>|true|false
18:53:45.0 (17905423)|VARIABLE_ASSIGNMENT|[156]|option|{}|0x224eb941
18:53:45.0 (17908817)|STATEMENT_EXECUTE|[157]
18:53:45.0 (17911672)|HEAP_ALLOCATE|[157]|Bytes:3
18:53:45.0 (17916889)|HEAP_ALLOCATE|[EXTERNAL]|Bytes:-4
18:53:45.0 (17920667)|STATEMENT_EXECUTE|[158]
18:53:45.0 (17923240)|HEAP_ALLOCATE|[158]|Bytes:3
18:53:45.0 (17927941)|HEAP_ALLOCATE|[EXTERNAL]|Bytes:-4
18:53:45.0 (17931772)|STATEMENT_EXECUTE|[159]
18:53:45.0 (17935302)|HEAP_ALLOCATE|[EXTERNAL]|Bytes:4
18:53:45.0 (17942748)|HEAP_ALLOCATE|[155]|Bytes:5
18:53:45.0 (17974574)|HEAP_ALLOCATE|[155]|Bytes:4
18:53:45.0 (17980163)|VARIABLE_SCOPE_BEGIN|[155]|entry|Schema.PicklistEntry|true|false
18:53:45.0 (17987607)|VARIABLE_ASSIGNMENT|[155]|entry|その他|0x2e158237
18:53:45.0 (17992081)|STATEMENT_EXECUTE|[155]
18:53:45.0 (17993278)|STATEMENT_EXECUTE|[156]
18:53:45.0 (17997767)|HEAP_ALLOCATE|[156]|Bytes:4
18:53:45.0 (18001420)|VARIABLE_SCOPE_BEGIN|[156]|option|Map<String,String>|true|false
18:53:45.0 (18009613)|VARIABLE_ASSIGNMENT|[156]|option|{}|0x31b7d0
18:53:45.0 (18013604)|STATEMENT_EXECUTE|[157]
18:53:45.0 (18016985)|HEAP_ALLOCATE|[157]|Bytes:3
18:53:45.0 (18022498)|HEAP_ALLOCATE|[EXTERNAL]|Bytes:-4
18:53:45.0 (18026477)|STATEMENT_EXECUTE|[158]
18:53:45.0 (18028959)|HEAP_ALLOCATE|[158]|Bytes:3
18:53:45.0 (18033389)|HEAP_ALLOCATE|[EXTERNAL]|Bytes:-4
18:53:45.0 (18037503)|STATEMENT_EXECUTE|[159]
18:53:45.0 (18041310)|HEAP_ALLOCATE|[EXTERNAL]|Bytes:4
18:53:45.0 (18048610)|HEAP_ALLOCATE|[155]|Bytes:5
18:53:45.0 (18057894)|VARIABLE_ASSIGNMENT|[155]|entry|null|
18:53:45.0 (18063714)|STATEMENT_EXECUTE|[164]
18:53:45.0 (18079354)|METHOD_EXIT|[119]|01pBK000001mgyr|RegistrationInfoController.getPicklistValuesWithoutEmpty(Schema.SObjectField)
18:53:45.18 (18154073)|CUMULATIVE_LIMIT_USAGE
18:53:45.18 (18154073)|LIMIT_USAGE_FOR_NS|(default)|
  Number of SOQL queries: 0 out of 100
  Number of query rows: 0 out of 50000
  Number of SOSL queries: 0 out of 20
  Number of DML statements: 0 out of 0
  Number of Publish Immediate DML: 0 out of 150
  Number of DML rows: 0 out of 10000
  Maximum CPU time: 0 out of 10000
  Maximum heap size: 0 out of 6000000
  Number of callouts: 0 out of 100
  Number of Email Invocations: 0 out of 10
  Number of future calls: 0 out of 50
  Number of queueable jobs added to the queue: 0 out of 50
  Number of Mobile Apex push calls: 0 out of 10

18:53:45.18 (18154073)|CUMULATIVE_LIMIT_USAGE_END

18:53:45.0 (18184237)|CODE_UNIT_FINISHED|RegistrationInfoController.getEducationPicklistValues()
18:53:45.0 (18379328)|CODE_UNIT_FINISHED|apex://RegistrationInfoController/ACTION$getEducationPicklistValues
18:53:45.0 (18387084)|EXECUTION_FINISHED
