66.0 APEX_CODE,FINEST;APEX_PROFILING,INFO;CALLOUT,INFO;DATA_ACCESS,INFO;DB,INFO;NBA,INFO;SYSTEM,DEBUG;VALIDATION,INFO;VISUALFORCE,INFO;WAVE,INFO;WORKFLOW,INFO
15:46:45.1 (1663249)|USER_INFO|[EXTERNAL]|0057F0000042UBb|ishibashi@hurex.co.jp.dev1|(GMT+09:00) 日本標準時 (Asia/Tokyo)|GMT+09:00
15:46:45.1 (1704744)|EXECUTION_STARTED
15:46:45.1 (1725170)|CODE_UNIT_STARTED|[EXTERNAL]|apex://CustomNotificationController/ACTION$getNotifications
15:46:45.1 (3634356)|CODE_UNIT_STARTED|[EXTERNAL]|01pBK000001VvEL|CustomNotificationController.getNotifications(String)
15:46:45.1 (6236182)|HEAP_ALLOCATE|[95]|Bytes:3
15:46:45.1 (6329489)|HEAP_ALLOCATE|[100]|Bytes:152
15:46:45.1 (6344949)|HEAP_ALLOCATE|[417]|Bytes:408
15:46:45.1 (6356211)|HEAP_ALLOCATE|[430]|Bytes:408
15:46:45.1 (6378336)|HEAP_ALLOCATE|[317]|Bytes:6
15:46:45.1 (6435702)|HEAP_ALLOCATE|[EXTERNAL]|Bytes:7
15:46:45.1 (6451379)|METHOD_ENTRY|[1]|01pBK000001VvEL|CustomNotificationController.CustomNotificationController()
15:46:45.1 (6456140)|STATEMENT_EXECUTE|[1]
15:46:45.1 (6461550)|STATEMENT_EXECUTE|[1]
15:46:45.1 (6480027)|HEAP_ALLOCATE|[68]|Bytes:5
15:46:45.1 (6511798)|HEAP_ALLOCATE|[74]|Bytes:5
15:46:45.1 (6517539)|HEAP_ALLOCATE|[82]|Bytes:7
15:46:45.1 (6697286)|HEAP_ALLOCATE|[EXTERNAL]|Bytes:5
15:46:45.1 (6713180)|METHOD_EXIT|[1]|CustomNotificationController
15:46:45.1 (6728861)|VARIABLE_SCOPE_BEGIN|[5]|before|String|false|false
15:46:45.1 (6765812)|VARIABLE_ASSIGNMENT|[5]|before|null
15:46:45.1 (6776007)|HEAP_ALLOCATE|[6]|Bytes:5
15:46:45.1 (6778727)|STATEMENT_EXECUTE|[5]
15:46:45.1 (6779701)|STATEMENT_EXECUTE|[6]
15:46:45.1 (6807412)|VARIABLE_SCOPE_BEGIN|[6]|req|System.HttpRequest|true|false
15:46:45.1 (7006541)|VARIABLE_ASSIGNMENT|[6]|req|"System.HttpRequest[Endpoint=null, Method=null]"|0x50370362
15:46:45.1 (7013849)|STATEMENT_EXECUTE|[7]
15:46:45.1 (7017095)|HEAP_ALLOCATE|[7]|Bytes:3
15:46:45.1 (7128066)|STATEMENT_EXECUTE|[8]
15:46:45.1 (7129898)|HEAP_ALLOCATE|[8]|Bytes:13
15:46:45.1 (7133082)|HEAP_ALLOCATE|[8]|Bytes:7
15:46:45.1 (7177217)|HEAP_ALLOCATE|[8]|Bytes:105
15:46:45.1 (7186156)|SYSTEM_METHOD_ENTRY|[1]|UserInfo.UserInfo()
15:46:45.1 (7188283)|STATEMENT_EXECUTE|[1]
15:46:45.1 (7194245)|SYSTEM_METHOD_EXIT|[1]|UserInfo
15:46:45.1 (7206795)|METHOD_ENTRY|[8]||System.UserInfo.getSessionId()
15:46:45.1 (12349610)|METHOD_EXIT|[8]||System.UserInfo.getSessionId()
15:46:45.1 (12385922)|HEAP_ALLOCATE|[8]|Bytes:119
15:46:45.1 (12434673)|STATEMENT_EXECUTE|[10]
15:46:45.1 (12485117)|HEAP_ALLOCATE|[10]|Bytes:67
15:46:45.1 (12499046)|SYSTEM_METHOD_ENTRY|[1]|Url.Url()
15:46:45.1 (12500995)|STATEMENT_EXECUTE|[1]
15:46:45.1 (12508348)|SYSTEM_METHOD_EXIT|[1]|Url
15:46:45.1 (12516688)|METHOD_ENTRY|[10]||System.Url.getOrgDomainUrl()
15:46:45.1 (12744431)|METHOD_EXIT|[10]||System.Url.getOrgDomainUrl()
15:46:45.1 (12761376)|METHOD_ENTRY|[10]||System.Url.toExternalForm()
15:46:45.1 (12792544)|METHOD_EXIT|[10]||System.Url.toExternalForm()
15:46:45.1 (12795753)|VARIABLE_SCOPE_BEGIN|[10]|domainPath|String|false|false
15:46:45.1 (12815010)|VARIABLE_ASSIGNMENT|[10]|domainPath|"https://hurex--dev1. (25 more) ..."
15:46:45.1 (12817996)|STATEMENT_EXECUTE|[11]
15:46:45.1 (12820723)|HEAP_ALLOCATE|[11]|Bytes:50
15:46:45.1 (12827417)|HEAP_ALLOCATE|[11]|Bytes:95
15:46:45.1 (12829686)|VARIABLE_SCOPE_BEGIN|[11]|endpoint|String|false|false
15:46:45.1 (12834891)|VARIABLE_ASSIGNMENT|[11]|endpoint|"https://hurex--dev1. (75 more) ..."
15:46:45.1 (12885709)|STATEMENT_EXECUTE|[13]
15:46:45.1 (12886868)|STATEMENT_EXECUTE|[16]
15:46:45.1 (12907531)|STATEMENT_EXECUTE|[18]
15:46:45.1 (12924698)|VARIABLE_SCOPE_BEGIN|[18]|http|System.Http|true|false
15:46:45.1 (13016236)|VARIABLE_ASSIGNMENT|[18]|http|"System.Http[]"|0x1a9814f6
15:46:45.1 (13021958)|STATEMENT_EXECUTE|[19]
15:46:45.1 (13095067)|CALLOUT_REQUEST|[19]|System.HttpRequest[Endpoint=https://hurex--dev1.sandbox.my.salesforce.com/services/data/v56.0/connect/notifications?size=20, Method=GET]
15:46:45.1 (190694782)|HEAP_ALLOCATE|[EXTERNAL]|Bytes:15126
15:46:45.1 (192650950)|CALLOUT_RESPONSE|[19]|System.HttpResponse[Status=OK, StatusCode=200]
15:46:45.1 (192683710)|HEAP_ALLOCATE|[19]|Bytes:14281
15:46:45.1 (192718927)|VARIABLE_SCOPE_BEGIN|[19]|res|System.HttpResponse|true|false
15:46:45.1 (192786185)|VARIABLE_ASSIGNMENT|[19]|res|"System.HttpResponse[Status=OK, StatusCode=200]"|0x49f0d745
15:46:45.1 (192854254)|STATEMENT_EXECUTE|[21]
15:46:45.1 (192856864)|STATEMENT_EXECUTE|[22]
15:46:45.1 (193454797)|HEAP_ALLOCATE|[22]|Bytes:13995
15:46:45.193 (193520809)|CUMULATIVE_LIMIT_USAGE
15:46:45.193 (193520809)|LIMIT_USAGE_FOR_NS|(default)|
  Number of SOQL queries: 0 out of 100
  Number of query rows: 0 out of 50000
  Number of SOSL queries: 0 out of 20
  Number of DML statements: 0 out of 150
  Number of Publish Immediate DML: 0 out of 150
  Number of DML rows: 0 out of 10000
  Maximum CPU time: 0 out of 10000
  Maximum heap size: 0 out of 6000000
  Number of callouts: 1 out of 100
  Number of Email Invocations: 0 out of 10
  Number of future calls: 0 out of 50
  Number of queueable jobs added to the queue: 0 out of 50
  Number of Mobile Apex push calls: 0 out of 10

15:46:45.193 (193520809)|CUMULATIVE_LIMIT_USAGE_END

15:46:45.1 (193594023)|CODE_UNIT_FINISHED|CustomNotificationController.getNotifications(String)
15:46:45.1 (193795831)|CODE_UNIT_FINISHED|apex://CustomNotificationController/ACTION$getNotifications
15:46:45.1 (193803889)|EXECUTION_FINISHED
