66.0 APEX_CODE,FINEST;APEX_PROFILING,INFO;CALLOUT,INFO;DATA_ACCESS,INFO;DB,INFO;NBA,INFO;SYSTEM,DEBUG;VALIDATION,INFO;VISUALFORCE,INFO;WAVE,INFO;WORKFLOW,INFO
10:57:02.2 (2831376)|EXECUTION_STARTED
10:57:02.2 (2920508)|CODE_UNIT_STARTED|[EXTERNAL]|VisualForce View State
10:57:02.2 (10689368)|CODE_UNIT_FINISHED|VisualForce View State
10:57:02.2 (10706750)|EXECUTION_FINISHED
10:57:02.808 (808983754)|CUMULATIVE_LIMIT_USAGE
10:57:02.808 (808983754)|LIMIT_USAGE_FOR_NS|(default)|
  Number of SOQL queries: 0 out of 100
  Number of query rows: 0 out of 50000
  Number of SOSL queries: 0 out of 20
  Number of DML statements: 0 out of 150
  Number of Publish Immediate DML: 0 out of 150
  Number of DML rows: 0 out of 10000
  Maximum CPU time: 0 out of 10000
  Maximum heap size: 0 out of 6000000
  Number of callouts: 0 out of 100
  Number of Email Invocations: 0 out of 10
  Number of future calls: 0 out of 50
  Number of queueable jobs added to the queue: 0 out of 50
  Number of Mobile Apex push calls: 0 out of 10

10:57:02.808 (808983754)|CUMULATIVE_LIMIT_USAGE_END

