66.0 APEX_CODE,FINEST;APEX_PROFILING,INFO;CALLOUT,INFO;DATA_ACCESS,INFO;DB,INFO;NBA,INFO;SYSTEM,DEBUG;VALIDATION,INFO;VISUALFORCE,INFO;WAVE,INFO;WORKFLOW,INFO
15:56:02.2 (2257002)|USER_INFO|[EXTERNAL]|0057F0000042UBb|ishibashi@hurex.co.jp.dev1|(GMT+09:00) 日本標準時 (Asia/Tokyo)|GMT+09:00
15:56:02.2 (2298207)|EXECUTION_STARTED
15:56:02.2 (2308099)|CODE_UNIT_STARTED|[EXTERNAL]|apex://RegistrationInfoController/ACTION$getRegistrationInfo
15:56:02.2 (3081015)|CODE_UNIT_STARTED|[EXTERNAL]|01pBK000001mgyr|RegistrationInfoController.getRegistrationInfo()
15:56:02.2 (3472223)|HEAP_ALLOCATE|[95]|Bytes:3
15:56:02.2 (3552435)|HEAP_ALLOCATE|[100]|Bytes:152
15:56:02.2 (3566855)|HEAP_ALLOCATE|[417]|Bytes:408
15:56:02.2 (3578346)|HEAP_ALLOCATE|[430]|Bytes:408
15:56:02.2 (3598126)|HEAP_ALLOCATE|[317]|Bytes:6
15:56:02.2 (3647271)|HEAP_ALLOCATE|[EXTERNAL]|Bytes:23
15:56:02.2 (3650803)|HEAP_ALLOCATE|[EXTERNAL]|Bytes:16
15:56:02.2 (3657526)|METHOD_ENTRY|[5]|01pBK000001mgyr|RegistrationInfoController.RegistrationInfoController()
15:56:02.2 (3662500)|STATEMENT_EXECUTE|[5]
15:56:02.2 (3668052)|STATEMENT_EXECUTE|[5]
15:56:02.2 (3686669)|HEAP_ALLOCATE|[68]|Bytes:5
15:56:02.2 (3707560)|HEAP_ALLOCATE|[74]|Bytes:5
15:56:02.2 (3712505)|HEAP_ALLOCATE|[82]|Bytes:7
15:56:02.2 (3950693)|HEAP_ALLOCATE|[EXTERNAL]|Bytes:5
15:56:02.2 (3956048)|STATEMENT_EXECUTE|[7]
15:56:02.2 (3964571)|METHOD_EXIT|[5]|RegistrationInfoController
15:56:02.2 (3977003)|HEAP_ALLOCATE|[30]|Bytes:5
15:56:02.2 (3979364)|STATEMENT_EXECUTE|[29]
15:56:02.2 (3980415)|STATEMENT_EXECUTE|[30]
15:56:02.2 (3981202)|STATEMENT_EXECUTE|[30]
15:56:02.2 (3982157)|STATEMENT_EXECUTE|[31]
15:56:02.2 (3983889)|HEAP_ALLOCATE|[31]|Bytes:70
15:56:02.2 (4000530)|HEAP_ALLOCATE|[31]|Bytes:4
15:56:02.2 (7382867)|SOQL_EXECUTE_BEGIN|[31]|Aggregations:0|SELECT Id, AccountId FROM User WHERE Id = '005BK00000GwCFkYAN' LIMIT 1
15:56:02.2 (14612464)|SOQL_EXECUTE_END|[31]|Rows:1
15:56:02.2 (14654961)|HEAP_ALLOCATE|[31]|Bytes:8
15:56:02.2 (14678563)|HEAP_ALLOCATE|[31]|Bytes:60
15:56:02.2 (14857531)|HEAP_ALLOCATE|[31]|Bytes:8
15:56:02.2 (14886158)|HEAP_ALLOCATE|[31]|Bytes:30
15:56:02.2 (14976047)|HEAP_ALLOCATE|[31]|Bytes:12
15:56:02.2 (14987924)|VARIABLE_SCOPE_BEGIN|[31]|currentUser|User|true|false
15:56:02.2 (15122166)|VARIABLE_ASSIGNMENT|[31]|currentUser|{"Id":"005BK00000GwCFkYAN","AccountId":"001BK00000cc2ZEYAY"}|0x9d2c5f9
15:56:02.2 (15163776)|STATEMENT_EXECUTE|[32]
15:56:02.2 (15166134)|STATEMENT_EXECUTE|[36]
15:56:02.2 (15168077)|HEAP_ALLOCATE|[36]|Bytes:379
15:56:02.2 (15188751)|HEAP_ALLOCATE|[36]|Bytes:4
15:56:02.2 (15199811)|HEAP_ALLOCATE|[36]|Bytes:7
15:56:02.2 (23816429)|SOQL_EXECUTE_BEGIN|[36]|Aggregations:0|SELECT Id, LastName, FirstName, NameKanaSei__pc, NameKanaMei__pc, PersonBirthdate, Gender__pc, PostalCode__c, City__c, CityAndAddress__c, PersonMobilePhone, FinalEducationLevel__pc, SchoolFacultyDepartment__c, NumberOfCompaniesWorked__c, EmploymentStatus__pc, LicensesAndCertifications1__c, ManagementExperience__c, MyPageOtherRequests__c FROM Account WHERE Id = :tmpVar1 LIMIT 1
15:56:02.2 (79518419)|SOQL_EXECUTE_END|[36]|Rows:1
15:56:02.2 (79573667)|HEAP_ALLOCATE|[36]|Bytes:8
15:56:02.2 (79590541)|HEAP_ALLOCATE|[36]|Bytes:500
15:56:02.2 (79706938)|HEAP_ALLOCATE|[36]|Bytes:8
15:56:02.2 (79732456)|HEAP_ALLOCATE|[36]|Bytes:33
15:56:02.2 (79809448)|HEAP_ALLOCATE|[36]|Bytes:72
15:56:02.2 (79819501)|VARIABLE_SCOPE_BEGIN|[36]|acc|Account|true|false
15:56:02.2 (79968806)|VARIABLE_ASSIGNMENT|[36]|acc|{"EmploymentStatus__pc":"就業中","CityAndAddress__c":"市区町村（都道府県以下の住所）","FirstName":"名","FinalEducationLevel__pc":"大学院卒（博士）","NumberOfCompaniesWorked__c":1,"PostalCode__c":"123-4567","NameKanaMei__pc":"ふりがな(名)","Gender__pc":"男性","City__c":"岩手県","NameKanaSei__pc":"ふりがな(姓)","ManagementExperience__c":false,"MyPageOtherRequests__c":"その他","LicensesAndCertifications1__c":"免許・資格","PersonMobilePhone":"123456789","Id":"001BK00000cc2ZEYAY","LastName":"テスト 廣川","SchoolFacultyDepartment__c":"学校名/学部名/学科"}|0x3d558a9c
15:56:02.2 (79984371)|STATEMENT_EXECUTE|[47]
15:56:02.2 (80007525)|METHOD_ENTRY|[47]|01pBK000001mgyr|RegistrationInfoController.buildWrapper(Account)
15:56:02.2 (80036391)|VARIABLE_SCOPE_BEGIN|[93]|acc|Account|true|false
15:56:02.2 (80083706)|VARIABLE_ASSIGNMENT|[93]|acc|{"EmploymentStatus__pc":"就業中","CityAndAddress__c":"市区町村（都道府県以下の住所）","FirstName":"名","FinalEducationLevel__pc":"大学院卒（博士）","NumberOfCompaniesWorked__c":1,"PostalCode__c":"123-4567","NameKanaMei__pc":"ふりがな(名)","Gender__pc":"男性","City__c":"岩手県","NameKanaSei__pc":"ふりがな(姓)","ManagementExperience__c":false,"MyPageOtherRequests__c":"その他","LicensesAndCertifications1__c":"免許・資格","PersonMobilePhone":"123456789","Id":"001BK00000cc2ZEYAY","LastName":"テスト 廣川","SchoolFacultyDepartment__c":"学校名/学部名/学科"}|0x3d558a9c
15:56:02.2 (80110436)|HEAP_ALLOCATE|[94]|Bytes:5
15:56:02.2 (80114719)|STATEMENT_EXECUTE|[93]
15:56:02.2 (80116211)|STATEMENT_EXECUTE|[94]
15:56:02.2 (80203916)|HEAP_ALLOCATE|[94]|Bytes:76
15:56:02.2 (80217269)|CONSTRUCTOR_ENTRY|[94]|01pBK000001mgyr|<init>()|RegistrationInfoController.RegistrationInfoWrapper
15:56:02.2 (80232195)|VARIABLE_SCOPE_BEGIN|[7]|this|RegistrationInfoController.RegistrationInfoWrapper|true|false
15:56:02.2 (80285654)|VARIABLE_ASSIGNMENT|[7]|this|{}|0x3e37cbea
15:56:02.2 (80298348)|HEAP_ALLOCATE|[EXTERNAL]|Bytes:6
15:56:02.2 (81449736)|STATEMENT_EXECUTE|[7]
15:56:02.2 (81454673)|STATEMENT_EXECUTE|[8]
15:56:02.2 (81456246)|STATEMENT_EXECUTE|[9]
15:56:02.2 (81457636)|STATEMENT_EXECUTE|[10]
15:56:02.2 (81460205)|STATEMENT_EXECUTE|[11]
15:56:02.2 (81461782)|STATEMENT_EXECUTE|[12]
15:56:02.2 (81463062)|STATEMENT_EXECUTE|[13]
15:56:02.2 (81464348)|STATEMENT_EXECUTE|[14]
15:56:02.2 (81465459)|STATEMENT_EXECUTE|[15]
15:56:02.2 (81466635)|STATEMENT_EXECUTE|[16]
15:56:02.2 (81467733)|STATEMENT_EXECUTE|[17]
15:56:02.2 (81468976)|STATEMENT_EXECUTE|[18]
15:56:02.2 (81470304)|STATEMENT_EXECUTE|[19]
15:56:02.2 (81471388)|STATEMENT_EXECUTE|[20]
15:56:02.2 (81472691)|STATEMENT_EXECUTE|[21]
15:56:02.2 (81473596)|STATEMENT_EXECUTE|[22]
15:56:02.2 (81474459)|STATEMENT_EXECUTE|[23]
15:56:02.2 (81475214)|STATEMENT_EXECUTE|[24]
15:56:02.2 (81475946)|STATEMENT_EXECUTE|[25]
15:56:02.2 (81482978)|CONSTRUCTOR_EXIT|[94]|01pBK000001mgyr|<init>()|RegistrationInfoController.RegistrationInfoWrapper
15:56:02.2 (81498888)|VARIABLE_SCOPE_BEGIN|[94]|w|RegistrationInfoController.RegistrationInfoWrapper|true|false
15:56:02.2 (81546772)|VARIABLE_ASSIGNMENT|[94]|w|{}|0x3e37cbea
15:56:02.2 (81550464)|STATEMENT_EXECUTE|[95]
15:56:02.2 (81655307)|HEAP_ALLOCATE|[95]|Bytes:18
15:56:02.2 (81672124)|VARIABLE_ASSIGNMENT|[95]|this.recordId|"001BK00000cc2ZEYAY"|0x3e37cbea
15:56:02.2 (81675652)|STATEMENT_EXECUTE|[96]
15:56:02.2 (81698530)|VARIABLE_ASSIGNMENT|[96]|this.lastName|"テスト 廣川"|0x3e37cbea
15:56:02.2 (81702949)|STATEMENT_EXECUTE|[97]
15:56:02.2 (81712619)|VARIABLE_ASSIGNMENT|[97]|this.firstName|"名"|0x3e37cbea
15:56:02.2 (81715642)|STATEMENT_EXECUTE|[98]
15:56:02.2 (81725708)|VARIABLE_ASSIGNMENT|[98]|this.kanaSei|"ふりがな(姓)"|0x3e37cbea
15:56:02.2 (81728751)|STATEMENT_EXECUTE|[99]
15:56:02.2 (81738200)|VARIABLE_ASSIGNMENT|[99]|this.kanaMei|"ふりがな(名)"|0x3e37cbea
15:56:02.2 (81741675)|STATEMENT_EXECUTE|[100]
15:56:02.2 (81748346)|VARIABLE_ASSIGNMENT|[100]|this.birthdate|""|0x3e37cbea
15:56:02.2 (81751997)|STATEMENT_EXECUTE|[101]
15:56:02.2 (81763151)|VARIABLE_ASSIGNMENT|[101]|this.gender|"男性"|0x3e37cbea
15:56:02.2 (81767626)|STATEMENT_EXECUTE|[102]
15:56:02.2 (81778613)|VARIABLE_ASSIGNMENT|[102]|this.postalCode|"123-4567"|0x3e37cbea
15:56:02.2 (81782394)|STATEMENT_EXECUTE|[103]
15:56:02.2 (81793014)|VARIABLE_ASSIGNMENT|[103]|this.prefecture|"岩手県"|0x3e37cbea
15:56:02.2 (81797577)|STATEMENT_EXECUTE|[104]
15:56:02.2 (81807607)|VARIABLE_ASSIGNMENT|[104]|this.address|"市区町村（都道府県以下の住所）"|0x3e37cbea
15:56:02.2 (81811032)|STATEMENT_EXECUTE|[105]
15:56:02.2 (81820900)|VARIABLE_ASSIGNMENT|[105]|this.phone|"123456789"|0x3e37cbea
15:56:02.2 (81823813)|STATEMENT_EXECUTE|[106]
15:56:02.2 (81832102)|VARIABLE_ASSIGNMENT|[106]|this.education|"大学院卒（博士）"|0x3e37cbea
15:56:02.2 (81836617)|STATEMENT_EXECUTE|[107]
15:56:02.2 (81844916)|VARIABLE_ASSIGNMENT|[107]|this.school|"学校名/学部名/学科"|0x3e37cbea
15:56:02.2 (81847686)|STATEMENT_EXECUTE|[108]
15:56:02.2 (81886514)|HEAP_ALLOCATE|[108]|Bytes:28
15:56:02.2 (81892617)|HEAP_ALLOCATE|[108]|Bytes:28
15:56:02.2 (81953777)|HEAP_ALLOCATE|[108]|Bytes:1
15:56:02.2 (81963530)|VARIABLE_ASSIGNMENT|[108]|this.companyCount|"1"|0x3e37cbea
15:56:02.2 (81966265)|STATEMENT_EXECUTE|[109]
15:56:02.2 (81978442)|VARIABLE_ASSIGNMENT|[109]|this.employmentStatus|"就業中"|0x3e37cbea
15:56:02.2 (81981649)|STATEMENT_EXECUTE|[110]
15:56:02.2 (81989990)|VARIABLE_ASSIGNMENT|[110]|this.license|"免許・資格"|0x3e37cbea
15:56:02.2 (81992842)|STATEMENT_EXECUTE|[111]
15:56:02.2 (82038677)|METHOD_ENTRY|[111]|01pBK000001mgyr|RegistrationInfoController.convertManagementBooleanToString(Boolean)
15:56:02.2 (82055187)|VARIABLE_SCOPE_BEGIN|[121]|mgmtBool|Boolean|false|false
15:56:02.2 (82065387)|VARIABLE_ASSIGNMENT|[121]|mgmtBool|false
15:56:02.2 (82075344)|HEAP_ALLOCATE|[122]|Bytes:5
15:56:02.2 (82078147)|STATEMENT_EXECUTE|[121]
15:56:02.2 (82082419)|STATEMENT_EXECUTE|[122]
15:56:02.2 (82084298)|STATEMENT_EXECUTE|[123]
15:56:02.2 (82085667)|HEAP_ALLOCATE|[123]|Bytes:2
15:56:02.2 (82093711)|METHOD_EXIT|[111]|01pBK000001mgyr|RegistrationInfoController.convertManagementBooleanToString(Boolean)
15:56:02.2 (82099792)|VARIABLE_ASSIGNMENT|[111]|this.managementExperience|"なし"|0x3e37cbea
15:56:02.2 (82103242)|STATEMENT_EXECUTE|[112]
15:56:02.2 (82114510)|VARIABLE_ASSIGNMENT|[112]|this.remarks|"その他"|0x3e37cbea
15:56:02.2 (82117295)|STATEMENT_EXECUTE|[113]
15:56:02.2 (82121817)|METHOD_EXIT|[47]|01pBK000001mgyr|RegistrationInfoController.buildWrapper(Account)
15:56:02.82 (82177741)|CUMULATIVE_LIMIT_USAGE
15:56:02.82 (82177741)|LIMIT_USAGE_FOR_NS|(default)|
  Number of SOQL queries: 2 out of 100
  Number of query rows: 2 out of 50000
  Number of SOSL queries: 0 out of 20
  Number of DML statements: 0 out of 150
  Number of Publish Immediate DML: 0 out of 150
  Number of DML rows: 0 out of 10000
  Maximum CPU time: 0 out of 10000
  Maximum heap size: 0 out of 6000000
  Number of callouts: 0 out of 100
  Number of Email Invocations: 0 out of 10
  Number of future calls: 0 out of 50
  Number of queueable jobs added to the queue: 0 out of 50
  Number of Mobile Apex push calls: 0 out of 10

15:56:02.82 (82177741)|CUMULATIVE_LIMIT_USAGE_END

15:56:02.2 (82206601)|CODE_UNIT_FINISHED|RegistrationInfoController.getRegistrationInfo()
15:56:02.2 (82549460)|CODE_UNIT_FINISHED|apex://RegistrationInfoController/ACTION$getRegistrationInfo
15:56:02.2 (82560507)|EXECUTION_FINISHED
