66.0 APEX_CODE,FINEST;APEX_PROFILING,INFO;CALLOUT,INFO;DATA_ACCESS,INFO;DB,INFO;NBA,INFO;SYSTEM,DEBUG;VALIDATION,INFO;VISUALFORCE,INFO;WAVE,INFO;WORKFLOW,INFO
15:52:38.1 (1484926)|USER_INFO|[EXTERNAL]|0057F0000042UBb|ishibashi@hurex.co.jp.dev1|(GMT+09:00) 日本標準時 (Asia/Tokyo)|GMT+09:00
15:52:38.1 (1517669)|EXECUTION_STARTED
15:52:38.1 (1526029)|CODE_UNIT_STARTED|[EXTERNAL]|apex://OfferComponentController/ACTION$getOffers
15:52:38.1 (2992894)|CODE_UNIT_STARTED|[EXTERNAL]|01pBK000001Vpwv|OfferComponentController.getOffers()
15:52:38.1 (3240930)|HEAP_ALLOCATE|[95]|Bytes:3
15:52:38.1 (3314917)|HEAP_ALLOCATE|[100]|Bytes:152
15:52:38.1 (3328008)|HEAP_ALLOCATE|[417]|Bytes:408
15:52:38.1 (3338035)|HEAP_ALLOCATE|[430]|Bytes:408
15:52:38.1 (3357150)|HEAP_ALLOCATE|[317]|Bytes:6
15:52:38.1 (3368397)|HEAP_ALLOCATE|[EXTERNAL]|Bytes:1
15:52:38.1 (3377373)|METHOD_ENTRY|[1]|01pBK000001Vpwv|OfferComponentController.OfferComponentController()
15:52:38.1 (3381858)|STATEMENT_EXECUTE|[1]
15:52:38.1 (3386476)|STATEMENT_EXECUTE|[1]
15:52:38.1 (3404840)|HEAP_ALLOCATE|[68]|Bytes:5
15:52:38.1 (3427280)|HEAP_ALLOCATE|[74]|Bytes:5
15:52:38.1 (3432367)|HEAP_ALLOCATE|[82]|Bytes:7
15:52:38.1 (3578710)|HEAP_ALLOCATE|[EXTERNAL]|Bytes:5
15:52:38.1 (3587717)|METHOD_EXIT|[1]|OfferComponentController
15:52:38.1 (3597433)|HEAP_ALLOCATE|[4]|Bytes:5
15:52:38.1 (3600353)|STATEMENT_EXECUTE|[3]
15:52:38.1 (3601751)|STATEMENT_EXECUTE|[4]
15:52:38.1 (3603785)|HEAP_ALLOCATE|[4]|Bytes:78
15:52:38.1 (3620321)|HEAP_ALLOCATE|[4]|Bytes:4
15:52:38.1 (17051996)|SOQL_EXECUTE_BEGIN|[4]|Aggregations:0|SELECT COUNT() FROM SelectionProcess__c WHERE LatestProcessStatus__c = 'JOB打診'
15:52:38.1 (47655274)|SOQL_EXECUTE_END|[4]|Rows:1
15:52:38.1 (47713081)|HEAP_ALLOCATE|[4]|Bytes:4
15:52:38.1 (47740290)|VARIABLE_SCOPE_BEGIN|[4]|totalCount|Integer|false|false
15:52:38.1 (47748737)|HEAP_ALLOCATE|[4]|Bytes:4
15:52:38.1 (47778820)|VARIABLE_ASSIGNMENT|[4]|totalCount|1
15:52:38.1 (47788538)|STATEMENT_EXECUTE|[5]
15:52:38.1 (47795604)|HEAP_ALLOCATE|[5]|Bytes:360
15:52:38.1 (47818760)|HEAP_ALLOCATE|[5]|Bytes:4
15:52:38.1 (69380993)|SOQL_EXECUTE_BEGIN|[5]|Aggregations:0|SELECT Id, JobPosition__c, LatestProcessStatus__c, LastModifiedDate, JobPosition__r.Id, JobPosition__r.Company__r.Name, JobPosition__r.JobPosition__c, JobPosition__r.WorkLocation2__c, JobPosition__r.JobCategory1__c, JobPosition__r.LastViewedDate FROM SelectionProcess__c WHERE LatestProcessStatus__c = 'JOB打診' ORDER BY LastModifiedDate DESC NULLS FIRST LIMIT 2
15:52:38.1 (116468494)|SOQL_EXECUTE_END|[5]|Rows:1
15:52:38.1 (116536578)|HEAP_ALLOCATE|[5]|Bytes:8
15:52:38.1 (116562998)|HEAP_ALLOCATE|[5]|Bytes:404
15:52:38.1 (116751932)|HEAP_ALLOCATE|[5]|Bytes:8
15:52:38.1 (116775758)|VARIABLE_SCOPE_BEGIN|[5]|processes|List<SelectionProcess__c>|true|false
15:52:38.1 (117232224)|VARIABLE_ASSIGNMENT|[5]|processes|[{"JobPosition__c":"a0KBK00000Gexcs2AB","LastModifiedDate":"2026-03-02T05:52:31.000Z","JobPosition__r":{"JobPosition__c":"テスト401求人タイトル求人タイトル求人 (28 more) ...","WorkLocation2__c":"111","LastViewedDate":"2026-03-17T06:44:29.000Z","Id":"a0KBK00000Gexcs2AB","Company__c":"001BK00000cc2ZEYAY","Company__r":{"Name":"テスト 廣川","Id":"001BK00000cc2ZEYAY"},"JobCategory1__c":"専門職系（コンサルタント/金融/不動産）"},"Id":"a0LBK000005sEhR2AU","LatestProcessStatus__c":"JOB打診"}]|0x4a1d7b8a
15:52:38.1 (117253634)|STATEMENT_EXECUTE|[22]
15:52:38.1 (117277999)|HEAP_ALLOCATE|[22]|Bytes:4
15:52:38.1 (117340412)|VARIABLE_SCOPE_BEGIN|[22]|jobInfos|List<Map<String,ANY>>|true|false
15:52:38.1 (117378678)|HEAP_ALLOCATE|[EXTERNAL]|Bytes:4
15:52:38.1 (117388215)|VARIABLE_ASSIGNMENT|[22]|jobInfos|[]|0x2c92ee43
15:52:38.1 (117691762)|HEAP_ALLOCATE|[24]|Bytes:5
15:52:38.1 (117722208)|HEAP_ALLOCATE|[24]|Bytes:24
15:52:38.1 (117731929)|VARIABLE_SCOPE_BEGIN|[24]|process|SelectionProcess__c|true|false
15:52:38.1 (117873312)|VARIABLE_ASSIGNMENT|[24]|process|{"JobPosition__c":"a0KBK00000Gexcs2AB","LastModifiedDate":"2026-03-02T05:52:31.000Z","JobPosition__r":{"JobPosition__c":"テスト401求人タイトル求人タイトル求人 (28 more) ...","WorkLocation2__c":"111","LastViewedDate":"2026-03-17T06:44:29.000Z","Id":"a0KBK00000Gexcs2AB","Company__c":"001BK00000cc2ZEYAY","Company__r":{"Name":"テスト 廣川","Id":"001BK00000cc2ZEYAY"},"JobCategory1__c":"専門職系（コンサルタント/金融/不動産）"},"Id":"a0LBK000005sEhR2AU","LatestProcessStatus__c":"JOB打診"}|0x5ca0c50f
15:52:38.1 (117887437)|STATEMENT_EXECUTE|[24]
15:52:38.1 (117889338)|STATEMENT_EXECUTE|[25]
15:52:38.1 (117902803)|HEAP_ALLOCATE|[25]|Bytes:4
15:52:38.1 (117910985)|VARIABLE_SCOPE_BEGIN|[25]|jobInfo|Map<String,ANY>|true|false
15:52:38.1 (117934428)|VARIABLE_ASSIGNMENT|[25]|jobInfo|{}|0x68abd5f7
15:52:38.1 (117939140)|STATEMENT_EXECUTE|[26]
15:52:38.1 (117944086)|HEAP_ALLOCATE|[26]|Bytes:5
15:52:38.1 (118054588)|HEAP_ALLOCATE|[EXTERNAL]|Bytes:-4
15:52:38.1 (118064441)|STATEMENT_EXECUTE|[27]
15:52:38.1 (118066854)|HEAP_ALLOCATE|[27]|Bytes:10
15:52:38.1 (118101058)|HEAP_ALLOCATE|[27]|Bytes:14
15:52:38.1 (118176010)|HEAP_ALLOCATE|[27]|Bytes:14
15:52:38.1 (118188122)|HEAP_ALLOCATE|[EXTERNAL]|Bytes:-4
15:52:38.1 (118192789)|STATEMENT_EXECUTE|[28]
15:52:38.1 (118194747)|HEAP_ALLOCATE|[28]|Bytes:11
15:52:38.1 (118283319)|HEAP_ALLOCATE|[EXTERNAL]|Bytes:-4
15:52:38.1 (118288563)|STATEMENT_EXECUTE|[29]
15:52:38.1 (118290769)|HEAP_ALLOCATE|[29]|Bytes:13
15:52:38.1 (118313311)|HEAP_ALLOCATE|[EXTERNAL]|Bytes:-4
15:52:38.1 (118318107)|STATEMENT_EXECUTE|[30]
15:52:38.1 (118320071)|HEAP_ALLOCATE|[30]|Bytes:12
15:52:38.1 (118340060)|HEAP_ALLOCATE|[EXTERNAL]|Bytes:-4
15:52:38.1 (118344702)|STATEMENT_EXECUTE|[31]
15:52:38.1 (118346663)|HEAP_ALLOCATE|[31]|Bytes:11
15:52:38.1 (118416331)|HEAP_ALLOCATE|[EXTERNAL]|Bytes:-4
15:52:38.1 (118421679)|STATEMENT_EXECUTE|[32]
15:52:38.1 (118423648)|HEAP_ALLOCATE|[32]|Bytes:14
15:52:38.1 (118473258)|HEAP_ALLOCATE|[EXTERNAL]|Bytes:-4
15:52:38.1 (118478714)|STATEMENT_EXECUTE|[33]
15:52:38.1 (118498438)|HEAP_ALLOCATE|[EXTERNAL]|Bytes:4
15:52:38.1 (118514847)|HEAP_ALLOCATE|[24]|Bytes:5
15:52:38.1 (118545082)|VARIABLE_ASSIGNMENT|[24]|process|null|
15:52:38.1 (118550728)|STATEMENT_EXECUTE|[35]
15:52:38.1 (118558965)|HEAP_ALLOCATE|[35]|Bytes:4
15:52:38.1 (118565050)|VARIABLE_SCOPE_BEGIN|[35]|result|Map<String,ANY>|true|false
15:52:38.1 (118577984)|VARIABLE_ASSIGNMENT|[35]|result|{}|0x7dd5b9b9
15:52:38.1 (118582644)|STATEMENT_EXECUTE|[36]
15:52:38.1 (118584626)|HEAP_ALLOCATE|[36]|Bytes:8
15:52:38.1 (118600761)|HEAP_ALLOCATE|[EXTERNAL]|Bytes:-4
15:52:38.1 (118605379)|STATEMENT_EXECUTE|[37]
15:52:38.1 (118607369)|HEAP_ALLOCATE|[37]|Bytes:10
15:52:38.1 (118621359)|HEAP_ALLOCATE|[37]|Bytes:4
15:52:38.1 (118642245)|HEAP_ALLOCATE|[EXTERNAL]|Bytes:-4
15:52:38.1 (118646466)|STATEMENT_EXECUTE|[38]
15:52:38.118 (118708565)|CUMULATIVE_LIMIT_USAGE
15:52:38.118 (118708565)|LIMIT_USAGE_FOR_NS|(default)|
  Number of SOQL queries: 2 out of 100
  Number of query rows: 2 out of 50000
  Number of SOSL queries: 0 out of 20
  Number of DML statements: 0 out of 0
  Number of Publish Immediate DML: 0 out of 150
  Number of DML rows: 0 out of 10000
  Maximum CPU time: 0 out of 10000
  Maximum heap size: 0 out of 6000000
  Number of callouts: 0 out of 100
  Number of Email Invocations: 0 out of 10
  Number of future calls: 0 out of 50
  Number of queueable jobs added to the queue: 0 out of 50
  Number of Mobile Apex push calls: 0 out of 10

15:52:38.118 (118708565)|CUMULATIVE_LIMIT_USAGE_END

15:52:38.1 (118741637)|CODE_UNIT_FINISHED|OfferComponentController.getOffers()
15:52:38.1 (118923214)|CODE_UNIT_FINISHED|apex://OfferComponentController/ACTION$getOffers
15:52:38.1 (118930893)|EXECUTION_FINISHED
