66.0 APEX_CODE,FINEST;APEX_PROFILING,INFO;CALLOUT,INFO;DATA_ACCESS,INFO;DB,INFO;NBA,INFO;SYSTEM,DEBUG;VALIDATION,INFO;VISUALFORCE,INFO;WAVE,INFO;WORKFLOW,INFO
15:52:55.0 (796875)|USER_INFO|[EXTERNAL]|0057F0000042UBb|ishibashi@hurex.co.jp.dev1|(GMT+09:00) 日本標準時 (Asia/Tokyo)|GMT+09:00
15:52:55.0 (841730)|EXECUTION_STARTED
15:52:55.0 (852040)|CODE_UNIT_STARTED|[EXTERNAL]|apex://RegistrationInfoController/ACTION$getRegistrationInfo
15:52:55.0 (2496312)|CODE_UNIT_STARTED|[EXTERNAL]|01pBK000001mgyr|RegistrationInfoController.getRegistrationInfo()
15:52:55.0 (6797871)|HEAP_ALLOCATE|[95]|Bytes:3
15:52:55.0 (6918194)|HEAP_ALLOCATE|[100]|Bytes:152
15:52:55.0 (6934356)|HEAP_ALLOCATE|[417]|Bytes:408
15:52:55.0 (6945334)|HEAP_ALLOCATE|[430]|Bytes:408
15:52:55.0 (6968381)|HEAP_ALLOCATE|[317]|Bytes:6
15:52:55.0 (7053013)|HEAP_ALLOCATE|[EXTERNAL]|Bytes:23
15:52:55.0 (7057263)|HEAP_ALLOCATE|[EXTERNAL]|Bytes:16
15:52:55.0 (7066103)|METHOD_ENTRY|[5]|01pBK000001mgyr|RegistrationInfoController.RegistrationInfoController()
15:52:55.0 (7071311)|STATEMENT_EXECUTE|[5]
15:52:55.0 (7076289)|STATEMENT_EXECUTE|[5]
15:52:55.0 (7098609)|HEAP_ALLOCATE|[68]|Bytes:5
15:52:55.0 (7139074)|HEAP_ALLOCATE|[74]|Bytes:5
15:52:55.0 (7144116)|HEAP_ALLOCATE|[82]|Bytes:7
15:52:55.0 (7325313)|HEAP_ALLOCATE|[EXTERNAL]|Bytes:5
15:52:55.0 (7329083)|STATEMENT_EXECUTE|[7]
15:52:55.0 (7350003)|METHOD_EXIT|[5]|RegistrationInfoController
15:52:55.0 (7361343)|HEAP_ALLOCATE|[30]|Bytes:5
15:52:55.0 (7363993)|STATEMENT_EXECUTE|[29]
15:52:55.0 (7365244)|STATEMENT_EXECUTE|[30]
15:52:55.0 (7365988)|STATEMENT_EXECUTE|[30]
15:52:55.0 (7366903)|STATEMENT_EXECUTE|[31]
15:52:55.0 (7368940)|HEAP_ALLOCATE|[31]|Bytes:70
15:52:55.0 (7389741)|HEAP_ALLOCATE|[31]|Bytes:4
15:52:55.0 (9452875)|SOQL_EXECUTE_BEGIN|[31]|Aggregations:0|SELECT Id, AccountId FROM User WHERE Id = '005BK00000GwCFkYAN' LIMIT 1
15:52:55.0 (19331361)|SOQL_EXECUTE_END|[31]|Rows:1
15:52:55.0 (19373475)|HEAP_ALLOCATE|[31]|Bytes:8
15:52:55.0 (19395825)|HEAP_ALLOCATE|[31]|Bytes:60
15:52:55.0 (19583078)|HEAP_ALLOCATE|[31]|Bytes:8
15:52:55.0 (19607810)|HEAP_ALLOCATE|[31]|Bytes:30
15:52:55.0 (19690990)|HEAP_ALLOCATE|[31]|Bytes:12
15:52:55.0 (19699583)|VARIABLE_SCOPE_BEGIN|[31]|currentUser|User|true|false
15:52:55.0 (19795388)|VARIABLE_ASSIGNMENT|[31]|currentUser|{"Id":"005BK00000GwCFkYAN","AccountId":"001BK00000cc2ZEYAY"}|0x24f97698
15:52:55.0 (19830741)|STATEMENT_EXECUTE|[32]
15:52:55.0 (19832665)|STATEMENT_EXECUTE|[36]
15:52:55.0 (19834293)|HEAP_ALLOCATE|[36]|Bytes:379
15:52:55.0 (19852222)|HEAP_ALLOCATE|[36]|Bytes:4
15:52:55.0 (19861084)|HEAP_ALLOCATE|[36]|Bytes:7
15:52:55.0 (27091194)|SOQL_EXECUTE_BEGIN|[36]|Aggregations:0|SELECT Id, LastName, FirstName, NameKanaSei__pc, NameKanaMei__pc, PersonBirthdate, Gender__pc, PostalCode__c, City__c, CityAndAddress__c, PersonMobilePhone, FinalEducationLevel__pc, SchoolFacultyDepartment__c, NumberOfCompaniesWorked__c, EmploymentStatus__pc, LicensesAndCertifications1__c, ManagementExperience__c, MyPageOtherRequests__c FROM Account WHERE Id = :tmpVar1 LIMIT 1
15:52:55.0 (63978052)|SOQL_EXECUTE_END|[36]|Rows:1
15:52:55.0 (64019703)|HEAP_ALLOCATE|[36]|Bytes:8
15:52:55.0 (64033981)|HEAP_ALLOCATE|[36]|Bytes:500
15:52:55.0 (64128368)|HEAP_ALLOCATE|[36]|Bytes:8
15:52:55.0 (64144145)|HEAP_ALLOCATE|[36]|Bytes:33
15:52:55.0 (64197783)|HEAP_ALLOCATE|[36]|Bytes:72
15:52:55.0 (64203664)|VARIABLE_SCOPE_BEGIN|[36]|acc|Account|true|false
15:52:55.0 (64340319)|VARIABLE_ASSIGNMENT|[36]|acc|{"EmploymentStatus__pc":"就業中","CityAndAddress__c":"市区町村（都道府県以下の住所）","FirstName":"名","FinalEducationLevel__pc":"大学院卒（博士）","NumberOfCompaniesWorked__c":1,"PostalCode__c":"123-4567","NameKanaMei__pc":"ふりがな(名)","Gender__pc":"男性","City__c":"岩手県","NameKanaSei__pc":"ふりがな(姓)","ManagementExperience__c":false,"MyPageOtherRequests__c":"その他","LicensesAndCertifications1__c":"免許・資格","PersonMobilePhone":"123456789","Id":"001BK00000cc2ZEYAY","LastName":"テスト 廣川","SchoolFacultyDepartment__c":"学校名/学部名/学科"}|0x621f14bf
15:52:55.0 (64355457)|STATEMENT_EXECUTE|[47]
15:52:55.0 (64374847)|METHOD_ENTRY|[47]|01pBK000001mgyr|RegistrationInfoController.buildWrapper(Account)
15:52:55.0 (64403252)|VARIABLE_SCOPE_BEGIN|[93]|acc|Account|true|false
15:52:55.0 (64442077)|VARIABLE_ASSIGNMENT|[93]|acc|{"EmploymentStatus__pc":"就業中","CityAndAddress__c":"市区町村（都道府県以下の住所）","FirstName":"名","FinalEducationLevel__pc":"大学院卒（博士）","NumberOfCompaniesWorked__c":1,"PostalCode__c":"123-4567","NameKanaMei__pc":"ふりがな(名)","Gender__pc":"男性","City__c":"岩手県","NameKanaSei__pc":"ふりがな(姓)","ManagementExperience__c":false,"MyPageOtherRequests__c":"その他","LicensesAndCertifications1__c":"免許・資格","PersonMobilePhone":"123456789","Id":"001BK00000cc2ZEYAY","LastName":"テスト 廣川","SchoolFacultyDepartment__c":"学校名/学部名/学科"}|0x621f14bf
15:52:55.0 (64460613)|HEAP_ALLOCATE|[94]|Bytes:5
15:52:55.0 (64463162)|STATEMENT_EXECUTE|[93]
15:52:55.0 (64463992)|STATEMENT_EXECUTE|[94]
15:52:55.0 (64522087)|HEAP_ALLOCATE|[94]|Bytes:76
15:52:55.0 (64563008)|CONSTRUCTOR_ENTRY|[94]|01pBK000001mgyr|<init>()|RegistrationInfoController.RegistrationInfoWrapper
15:52:55.0 (64580236)|VARIABLE_SCOPE_BEGIN|[7]|this|RegistrationInfoController.RegistrationInfoWrapper|true|false
15:52:55.0 (64624932)|VARIABLE_ASSIGNMENT|[7]|this|{}|0x524f92e2
15:52:55.0 (64633988)|HEAP_ALLOCATE|[EXTERNAL]|Bytes:6
15:52:55.0 (67199462)|STATEMENT_EXECUTE|[7]
15:52:55.0 (67206712)|STATEMENT_EXECUTE|[8]
15:52:55.0 (67208585)|STATEMENT_EXECUTE|[9]
15:52:55.0 (67209636)|STATEMENT_EXECUTE|[10]
15:52:55.0 (67212143)|STATEMENT_EXECUTE|[11]
15:52:55.0 (67213260)|STATEMENT_EXECUTE|[12]
15:52:55.0 (67214256)|STATEMENT_EXECUTE|[13]
15:52:55.0 (67215503)|STATEMENT_EXECUTE|[14]
15:52:55.0 (67217040)|STATEMENT_EXECUTE|[15]
15:52:55.0 (67218326)|STATEMENT_EXECUTE|[16]
15:52:55.0 (67219697)|STATEMENT_EXECUTE|[17]
15:52:55.0 (67220729)|STATEMENT_EXECUTE|[18]
15:52:55.0 (67221825)|STATEMENT_EXECUTE|[19]
15:52:55.0 (67222885)|STATEMENT_EXECUTE|[20]
15:52:55.0 (67224135)|STATEMENT_EXECUTE|[21]
15:52:55.0 (67225517)|STATEMENT_EXECUTE|[22]
15:52:55.0 (67226773)|STATEMENT_EXECUTE|[23]
15:52:55.0 (67227784)|STATEMENT_EXECUTE|[24]
15:52:55.0 (67229224)|STATEMENT_EXECUTE|[25]
15:52:55.0 (67238912)|CONSTRUCTOR_EXIT|[94]|01pBK000001mgyr|<init>()|RegistrationInfoController.RegistrationInfoWrapper
15:52:55.0 (67255495)|VARIABLE_SCOPE_BEGIN|[94]|w|RegistrationInfoController.RegistrationInfoWrapper|true|false
15:52:55.0 (67310640)|VARIABLE_ASSIGNMENT|[94]|w|{}|0x524f92e2
15:52:55.0 (67316485)|STATEMENT_EXECUTE|[95]
15:52:55.0 (67423209)|HEAP_ALLOCATE|[95]|Bytes:18
15:52:55.0 (67444450)|VARIABLE_ASSIGNMENT|[95]|this.recordId|"001BK00000cc2ZEYAY"|0x524f92e2
15:52:55.0 (67449161)|STATEMENT_EXECUTE|[96]
15:52:55.0 (67479500)|VARIABLE_ASSIGNMENT|[96]|this.lastName|"テスト 廣川"|0x524f92e2
15:52:55.0 (67485653)|STATEMENT_EXECUTE|[97]
15:52:55.0 (67499736)|VARIABLE_ASSIGNMENT|[97]|this.firstName|"名"|0x524f92e2
15:52:55.0 (67505614)|STATEMENT_EXECUTE|[98]
15:52:55.0 (67520034)|VARIABLE_ASSIGNMENT|[98]|this.kanaSei|"ふりがな(姓)"|0x524f92e2
15:52:55.0 (67524725)|STATEMENT_EXECUTE|[99]
15:52:55.0 (67535185)|VARIABLE_ASSIGNMENT|[99]|this.kanaMei|"ふりがな(名)"|0x524f92e2
15:52:55.0 (67538699)|STATEMENT_EXECUTE|[100]
15:52:55.0 (67547561)|VARIABLE_ASSIGNMENT|[100]|this.birthdate|""|0x524f92e2
15:52:55.0 (67552029)|STATEMENT_EXECUTE|[101]
15:52:55.0 (67560804)|VARIABLE_ASSIGNMENT|[101]|this.gender|"男性"|0x524f92e2
15:52:55.0 (67563699)|STATEMENT_EXECUTE|[102]
15:52:55.0 (67571789)|VARIABLE_ASSIGNMENT|[102]|this.postalCode|"123-4567"|0x524f92e2
15:52:55.0 (67574681)|STATEMENT_EXECUTE|[103]
15:52:55.0 (67583997)|VARIABLE_ASSIGNMENT|[103]|this.prefecture|"岩手県"|0x524f92e2
15:52:55.0 (67586951)|STATEMENT_EXECUTE|[104]
15:52:55.0 (67595004)|VARIABLE_ASSIGNMENT|[104]|this.address|"市区町村（都道府県以下の住所）"|0x524f92e2
15:52:55.0 (67597879)|STATEMENT_EXECUTE|[105]
15:52:55.0 (67608351)|VARIABLE_ASSIGNMENT|[105]|this.phone|"123456789"|0x524f92e2
15:52:55.0 (67610859)|STATEMENT_EXECUTE|[106]
15:52:55.0 (67617958)|VARIABLE_ASSIGNMENT|[106]|this.education|"大学院卒（博士）"|0x524f92e2
15:52:55.0 (67620739)|STATEMENT_EXECUTE|[107]
15:52:55.0 (67628874)|VARIABLE_ASSIGNMENT|[107]|this.school|"学校名/学部名/学科"|0x524f92e2
15:52:55.0 (67631427)|STATEMENT_EXECUTE|[108]
15:52:55.0 (67671677)|HEAP_ALLOCATE|[108]|Bytes:28
15:52:55.0 (67677264)|HEAP_ALLOCATE|[108]|Bytes:28
15:52:55.0 (67741242)|HEAP_ALLOCATE|[108]|Bytes:1
15:52:55.0 (67753622)|VARIABLE_ASSIGNMENT|[108]|this.companyCount|"1"|0x524f92e2
15:52:55.0 (67757540)|STATEMENT_EXECUTE|[109]
15:52:55.0 (67775391)|VARIABLE_ASSIGNMENT|[109]|this.employmentStatus|"就業中"|0x524f92e2
15:52:55.0 (67780054)|STATEMENT_EXECUTE|[110]
15:52:55.0 (67790862)|VARIABLE_ASSIGNMENT|[110]|this.license|"免許・資格"|0x524f92e2
15:52:55.0 (67794944)|STATEMENT_EXECUTE|[111]
15:52:55.0 (67814620)|METHOD_ENTRY|[111]|01pBK000001mgyr|RegistrationInfoController.convertManagementBooleanToString(Boolean)
15:52:55.0 (67827425)|VARIABLE_SCOPE_BEGIN|[121]|mgmtBool|Boolean|false|false
15:52:55.0 (67837015)|VARIABLE_ASSIGNMENT|[121]|mgmtBool|false
15:52:55.0 (67847263)|HEAP_ALLOCATE|[122]|Bytes:5
15:52:55.0 (67850594)|STATEMENT_EXECUTE|[121]
15:52:55.0 (67856045)|STATEMENT_EXECUTE|[122]
15:52:55.0 (67857869)|STATEMENT_EXECUTE|[123]
15:52:55.0 (67860357)|HEAP_ALLOCATE|[123]|Bytes:2
15:52:55.0 (67868185)|METHOD_EXIT|[111]|01pBK000001mgyr|RegistrationInfoController.convertManagementBooleanToString(Boolean)
15:52:55.0 (67875306)|VARIABLE_ASSIGNMENT|[111]|this.managementExperience|"なし"|0x524f92e2
15:52:55.0 (67879699)|STATEMENT_EXECUTE|[112]
15:52:55.0 (67892049)|VARIABLE_ASSIGNMENT|[112]|this.remarks|"その他"|0x524f92e2
15:52:55.0 (67896235)|STATEMENT_EXECUTE|[113]
15:52:55.0 (67901496)|METHOD_EXIT|[47]|01pBK000001mgyr|RegistrationInfoController.buildWrapper(Account)
15:52:55.67 (67965743)|CUMULATIVE_LIMIT_USAGE
15:52:55.67 (67965743)|LIMIT_USAGE_FOR_NS|(default)|
  Number of SOQL queries: 2 out of 100
  Number of query rows: 2 out of 50000
  Number of SOSL queries: 0 out of 20
  Number of DML statements: 0 out of 150
  Number of Publish Immediate DML: 0 out of 150
  Number of DML rows: 0 out of 10000
  Maximum CPU time: 0 out of 10000
  Maximum heap size: 0 out of 6000000
  Number of callouts: 0 out of 100
  Number of Email Invocations: 0 out of 10
  Number of future calls: 0 out of 50
  Number of queueable jobs added to the queue: 0 out of 50
  Number of Mobile Apex push calls: 0 out of 10

15:52:55.67 (67965743)|CUMULATIVE_LIMIT_USAGE_END

15:52:55.0 (68010360)|CODE_UNIT_FINISHED|RegistrationInfoController.getRegistrationInfo()
15:52:55.0 (68224736)|CODE_UNIT_FINISHED|apex://RegistrationInfoController/ACTION$getRegistrationInfo
15:52:55.0 (68232283)|EXECUTION_FINISHED
