66.0 APEX_CODE,FINEST;APEX_PROFILING,INFO;CALLOUT,INFO;DATA_ACCESS,INFO;DB,INFO;NBA,INFO;SYSTEM,DEBUG;VALIDATION,INFO;VISUALFORCE,INFO;WAVE,INFO;WORKFLOW,INFO
15:56:13.2 (2171654)|USER_INFO|[EXTERNAL]|0057F0000042UBb|ishibashi@hurex.co.jp.dev1|(GMT+09:00) 日本標準時 (Asia/Tokyo)|GMT+09:00
15:56:13.2 (2219856)|EXECUTION_STARTED
15:56:13.2 (2233733)|CODE_UNIT_STARTED|[EXTERNAL]|apex://CustomNotificationController/ACTION$getNotifications
15:56:13.2 (6850094)|CODE_UNIT_STARTED|[EXTERNAL]|01pBK000001VvEL|CustomNotificationController.getNotifications(String)
15:56:13.2 (7100200)|HEAP_ALLOCATE|[95]|Bytes:3
15:56:13.2 (7183390)|HEAP_ALLOCATE|[100]|Bytes:152
15:56:13.2 (7197360)|HEAP_ALLOCATE|[417]|Bytes:408
15:56:13.2 (7207853)|HEAP_ALLOCATE|[430]|Bytes:408
15:56:13.2 (7228496)|HEAP_ALLOCATE|[317]|Bytes:6
15:56:13.2 (7290004)|HEAP_ALLOCATE|[EXTERNAL]|Bytes:7
15:56:13.2 (7299572)|METHOD_ENTRY|[1]|01pBK000001VvEL|CustomNotificationController.CustomNotificationController()
15:56:13.2 (7303893)|STATEMENT_EXECUTE|[1]
15:56:13.2 (7309421)|STATEMENT_EXECUTE|[1]
15:56:13.2 (7327578)|HEAP_ALLOCATE|[68]|Bytes:5
15:56:13.2 (7351658)|HEAP_ALLOCATE|[74]|Bytes:5
15:56:13.2 (7356550)|HEAP_ALLOCATE|[82]|Bytes:7
15:56:13.2 (7516827)|HEAP_ALLOCATE|[EXTERNAL]|Bytes:5
15:56:13.2 (7526713)|METHOD_EXIT|[1]|CustomNotificationController
15:56:13.2 (7533460)|VARIABLE_SCOPE_BEGIN|[5]|before|String|false|false
15:56:13.2 (7562474)|VARIABLE_ASSIGNMENT|[5]|before|null
15:56:13.2 (7571913)|HEAP_ALLOCATE|[6]|Bytes:5
15:56:13.2 (7574677)|STATEMENT_EXECUTE|[5]
15:56:13.2 (7575849)|STATEMENT_EXECUTE|[6]
15:56:13.2 (7603373)|VARIABLE_SCOPE_BEGIN|[6]|req|System.HttpRequest|true|false
15:56:13.2 (7835718)|VARIABLE_ASSIGNMENT|[6]|req|"System.HttpRequest[Endpoint=null, Method=null]"|0xce80a07
15:56:13.2 (7842189)|STATEMENT_EXECUTE|[7]
15:56:13.2 (7845845)|HEAP_ALLOCATE|[7]|Bytes:3
15:56:13.2 (7910082)|STATEMENT_EXECUTE|[8]
15:56:13.2 (7911695)|HEAP_ALLOCATE|[8]|Bytes:13
15:56:13.2 (7914647)|HEAP_ALLOCATE|[8]|Bytes:7
15:56:13.2 (7958520)|HEAP_ALLOCATE|[8]|Bytes:105
15:56:13.2 (7966666)|SYSTEM_METHOD_ENTRY|[1]|UserInfo.UserInfo()
15:56:13.2 (7968969)|STATEMENT_EXECUTE|[1]
15:56:13.2 (7973663)|SYSTEM_METHOD_EXIT|[1]|UserInfo
15:56:13.2 (7983539)|METHOD_ENTRY|[8]||System.UserInfo.getSessionId()
15:56:13.2 (20109671)|METHOD_EXIT|[8]||System.UserInfo.getSessionId()
15:56:13.2 (20172483)|HEAP_ALLOCATE|[8]|Bytes:119
15:56:13.2 (20276850)|STATEMENT_EXECUTE|[10]
15:56:13.2 (20376420)|HEAP_ALLOCATE|[10]|Bytes:67
15:56:13.2 (20399612)|SYSTEM_METHOD_ENTRY|[1]|Url.Url()
15:56:13.2 (20403880)|STATEMENT_EXECUTE|[1]
15:56:13.2 (20415624)|SYSTEM_METHOD_EXIT|[1]|Url
15:56:13.2 (20463210)|METHOD_ENTRY|[10]||System.Url.getOrgDomainUrl()
15:56:13.2 (20777290)|METHOD_EXIT|[10]||System.Url.getOrgDomainUrl()
15:56:13.2 (20805618)|METHOD_ENTRY|[10]||System.Url.toExternalForm()
15:56:13.2 (20855898)|METHOD_EXIT|[10]||System.Url.toExternalForm()
15:56:13.2 (20861692)|VARIABLE_SCOPE_BEGIN|[10]|domainPath|String|false|false
15:56:13.2 (20891833)|VARIABLE_ASSIGNMENT|[10]|domainPath|"https://hurex--dev1. (25 more) ..."
15:56:13.2 (20897123)|STATEMENT_EXECUTE|[11]
15:56:13.2 (20901181)|HEAP_ALLOCATE|[11]|Bytes:50
15:56:13.2 (20911648)|HEAP_ALLOCATE|[11]|Bytes:95
15:56:13.2 (20915420)|VARIABLE_SCOPE_BEGIN|[11]|endpoint|String|false|false
15:56:13.2 (20924323)|VARIABLE_ASSIGNMENT|[11]|endpoint|"https://hurex--dev1. (75 more) ..."
15:56:13.2 (21015978)|STATEMENT_EXECUTE|[13]
15:56:13.2 (21019108)|STATEMENT_EXECUTE|[16]
15:56:13.2 (21084413)|STATEMENT_EXECUTE|[18]
15:56:13.2 (21113207)|VARIABLE_SCOPE_BEGIN|[18]|http|System.Http|true|false
15:56:13.2 (21303013)|VARIABLE_ASSIGNMENT|[18]|http|"System.Http[]"|0x29138ffe
15:56:13.2 (21310534)|STATEMENT_EXECUTE|[19]
15:56:13.2 (21417464)|CALLOUT_REQUEST|[19]|System.HttpRequest[Endpoint=https://hurex--dev1.sandbox.my.salesforce.com/services/data/v56.0/connect/notifications?size=20, Method=GET]
15:56:13.2 (386859673)|HEAP_ALLOCATE|[EXTERNAL]|Bytes:15126
15:56:13.2 (392122064)|CALLOUT_RESPONSE|[19]|System.HttpResponse[Status=OK, StatusCode=200]
15:56:13.2 (392176483)|HEAP_ALLOCATE|[19]|Bytes:14281
15:56:13.2 (392244276)|VARIABLE_SCOPE_BEGIN|[19]|res|System.HttpResponse|true|false
15:56:13.2 (392376484)|VARIABLE_ASSIGNMENT|[19]|res|"System.HttpResponse[Status=OK, StatusCode=200]"|0x702beb65
15:56:13.2 (392537816)|STATEMENT_EXECUTE|[21]
15:56:13.2 (392539767)|STATEMENT_EXECUTE|[22]
15:56:13.2 (397317453)|HEAP_ALLOCATE|[22]|Bytes:13995
15:56:13.397 (397433539)|CUMULATIVE_LIMIT_USAGE
15:56:13.397 (397433539)|LIMIT_USAGE_FOR_NS|(default)|
  Number of SOQL queries: 0 out of 100
  Number of query rows: 0 out of 50000
  Number of SOSL queries: 0 out of 20
  Number of DML statements: 0 out of 150
  Number of Publish Immediate DML: 0 out of 150
  Number of DML rows: 0 out of 10000
  Maximum CPU time: 0 out of 10000
  Maximum heap size: 0 out of 6000000
  Number of callouts: 1 out of 100
  Number of Email Invocations: 0 out of 10
  Number of future calls: 0 out of 50
  Number of queueable jobs added to the queue: 0 out of 50
  Number of Mobile Apex push calls: 0 out of 10

15:56:13.397 (397433539)|CUMULATIVE_LIMIT_USAGE_END

15:56:13.2 (397513597)|CODE_UNIT_FINISHED|CustomNotificationController.getNotifications(String)
15:56:13.2 (398936257)|CODE_UNIT_FINISHED|apex://CustomNotificationController/ACTION$getNotifications
15:56:13.2 (398986965)|EXECUTION_FINISHED
