66.0 APEX_CODE,FINEST;APEX_PROFILING,INFO;CALLOUT,INFO;DATA_ACCESS,INFO;DB,INFO;NBA,INFO;SYSTEM,DEBUG;VALIDATION,INFO;VISUALFORCE,INFO;WAVE,INFO;WORKFLOW,INFO
18:15:58.0 (653502)|USER_INFO|[EXTERNAL]|0057F0000042UBb|ishibashi@hurex.co.jp.dev1|(GMT+09:00) 日本標準時 (Asia/Tokyo)|GMT+09:00
18:15:58.0 (692368)|EXECUTION_STARTED
18:15:58.0 (702174)|CODE_UNIT_STARTED|[EXTERNAL]|apex://RegistrationInfoController/ACTION$updateRegistrationInfo
18:15:58.0 (11323447)|HEAP_ALLOCATE|[95]|Bytes:3
18:15:58.0 (11420700)|HEAP_ALLOCATE|[100]|Bytes:152
18:15:58.0 (11435801)|HEAP_ALLOCATE|[417]|Bytes:408
18:15:58.0 (11446874)|HEAP_ALLOCATE|[430]|Bytes:408
18:15:58.0 (11466811)|HEAP_ALLOCATE|[317]|Bytes:6
18:15:58.0 (11476901)|HEAP_ALLOCATE|[EXTERNAL]|Bytes:432
18:15:58.0 (11480791)|HEAP_ALLOCATE|[EXTERNAL]|Bytes:51
18:15:58.0 (11486951)|HEAP_ALLOCATE|[EXTERNAL]|Bytes:76
18:15:58.0 (11491576)|VARIABLE_SCOPE_BEGIN|[7]|this|RegistrationInfoController.RegistrationInfoWrapper|true|false
18:15:58.0 (11558783)|VARIABLE_ASSIGNMENT|[7]|this|{}|0x25f46b48
18:15:58.0 (11570825)|HEAP_ALLOCATE|[EXTERNAL]|Bytes:6
18:15:58.0 (16877820)|STATEMENT_EXECUTE|[7]
18:15:58.0 (16884131)|STATEMENT_EXECUTE|[8]
18:15:58.0 (16885653)|STATEMENT_EXECUTE|[9]
18:15:58.0 (16886456)|STATEMENT_EXECUTE|[10]
18:15:58.0 (16887406)|STATEMENT_EXECUTE|[11]
18:15:58.0 (16888143)|STATEMENT_EXECUTE|[12]
18:15:58.0 (16888930)|STATEMENT_EXECUTE|[13]
18:15:58.0 (16889672)|STATEMENT_EXECUTE|[14]
18:15:58.0 (16890527)|STATEMENT_EXECUTE|[15]
18:15:58.0 (16892758)|STATEMENT_EXECUTE|[16]
18:15:58.0 (16893558)|STATEMENT_EXECUTE|[17]
18:15:58.0 (16894302)|STATEMENT_EXECUTE|[18]
18:15:58.0 (16895028)|STATEMENT_EXECUTE|[19]
18:15:58.0 (16895783)|STATEMENT_EXECUTE|[20]
18:15:58.0 (16896525)|STATEMENT_EXECUTE|[21]
18:15:58.0 (16897277)|STATEMENT_EXECUTE|[22]
18:15:58.0 (16898097)|STATEMENT_EXECUTE|[23]
18:15:58.0 (16898806)|STATEMENT_EXECUTE|[24]
18:15:58.0 (16899639)|STATEMENT_EXECUTE|[25]
18:15:58.0 (16993972)|HEAP_ALLOCATE|[EXTERNAL]|Bytes:9
18:15:58.0 (17006212)|HEAP_ALLOCATE|[EXTERNAL]|Bytes:76
18:15:58.0 (17026091)|VARIABLE_ASSIGNMENT|[EXTERNAL]|this.lastName|"テスト 廣川111"|0x25f46b48
18:15:58.0 (17045043)|HEAP_ALLOCATE|[EXTERNAL]|Bytes:1
18:15:58.0 (17046608)|HEAP_ALLOCATE|[EXTERNAL]|Bytes:76
18:15:58.0 (17049452)|VARIABLE_ASSIGNMENT|[EXTERNAL]|this.companyCount|"7"|0x25f46b48
18:15:58.0 (17055401)|HEAP_ALLOCATE|[EXTERNAL]|Bytes:10
18:15:58.0 (17056830)|HEAP_ALLOCATE|[EXTERNAL]|Bytes:76
18:15:58.0 (17059530)|VARIABLE_ASSIGNMENT|[EXTERNAL]|this.birthdate|"2026-04-24"|0x25f46b48
18:15:58.0 (17064763)|HEAP_ALLOCATE|[EXTERNAL]|Bytes:18
18:15:58.0 (17066174)|HEAP_ALLOCATE|[EXTERNAL]|Bytes:76
18:15:58.0 (17069656)|VARIABLE_ASSIGNMENT|[EXTERNAL]|this.address|"市区町村（都道府県以下の住所）213"|0x25f46b48
18:15:58.0 (17075220)|HEAP_ALLOCATE|[EXTERNAL]|Bytes:3
18:15:58.0 (17076804)|HEAP_ALLOCATE|[EXTERNAL]|Bytes:76
18:15:58.0 (17079424)|VARIABLE_ASSIGNMENT|[EXTERNAL]|this.education|"高専卒"|0x25f46b48
18:15:58.0 (17084673)|HEAP_ALLOCATE|[EXTERNAL]|Bytes:2
18:15:58.0 (17086033)|HEAP_ALLOCATE|[EXTERNAL]|Bytes:76
18:15:58.0 (17088506)|VARIABLE_ASSIGNMENT|[EXTERNAL]|this.gender|"女性"|0x25f46b48
18:15:58.0 (17094369)|HEAP_ALLOCATE|[EXTERNAL]|Bytes:3
18:15:58.0 (17095721)|HEAP_ALLOCATE|[EXTERNAL]|Bytes:76
18:15:58.0 (17098810)|VARIABLE_ASSIGNMENT|[EXTERNAL]|this.prefecture|"宮城県"|0x25f46b48
18:15:58.0 (17103885)|HEAP_ALLOCATE|[EXTERNAL]|Bytes:8
18:15:58.0 (17105235)|HEAP_ALLOCATE|[EXTERNAL]|Bytes:76
18:15:58.0 (17108025)|VARIABLE_ASSIGNMENT|[EXTERNAL]|this.postalCode|"123-4777"|0x25f46b48
18:15:58.0 (17112652)|HEAP_ALLOCATE|[EXTERNAL]|Bytes:3
18:15:58.0 (17114045)|HEAP_ALLOCATE|[EXTERNAL]|Bytes:76
18:15:58.0 (17116474)|VARIABLE_ASSIGNMENT|[EXTERNAL]|this.employmentStatus|"離職中"|0x25f46b48
18:15:58.0 (17121564)|HEAP_ALLOCATE|[EXTERNAL]|Bytes:18
18:15:58.0 (17122950)|HEAP_ALLOCATE|[EXTERNAL]|Bytes:76
18:15:58.0 (17126313)|VARIABLE_ASSIGNMENT|[EXTERNAL]|this.recordId|"001BK00000cc2ZEYAY"|0x25f46b48
18:15:58.0 (17131051)|HEAP_ALLOCATE|[EXTERNAL]|Bytes:6
18:15:58.0 (17132522)|HEAP_ALLOCATE|[EXTERNAL]|Bytes:76
18:15:58.0 (17135197)|VARIABLE_ASSIGNMENT|[EXTERNAL]|this.firstName|"名11111"|0x25f46b48
18:15:58.0 (17144201)|HEAP_ALLOCATE|[EXTERNAL]|Bytes:5
18:15:58.0 (17145602)|HEAP_ALLOCATE|[EXTERNAL]|Bytes:76
18:15:58.0 (17148340)|VARIABLE_ASSIGNMENT|[EXTERNAL]|this.license|"免許・資格"|0x25f46b48
18:15:58.0 (17153266)|HEAP_ALLOCATE|[EXTERNAL]|Bytes:9
18:15:58.0 (17154615)|HEAP_ALLOCATE|[EXTERNAL]|Bytes:76
18:15:58.0 (17157582)|VARIABLE_ASSIGNMENT|[EXTERNAL]|this.kanaSei|"ふりがな(姓)11"|0x25f46b48
18:15:58.0 (17162761)|HEAP_ALLOCATE|[EXTERNAL]|Bytes:11
18:15:58.0 (17164110)|HEAP_ALLOCATE|[EXTERNAL]|Bytes:76
18:15:58.0 (17166664)|VARIABLE_ASSIGNMENT|[EXTERNAL]|this.kanaMei|"ふりがな(名)1111"|0x25f46b48
18:15:58.0 (17171661)|HEAP_ALLOCATE|[EXTERNAL]|Bytes:4
18:15:58.0 (17173088)|HEAP_ALLOCATE|[EXTERNAL]|Bytes:76
18:15:58.0 (17175677)|VARIABLE_ASSIGNMENT|[EXTERNAL]|this.phone|"5515"|0x25f46b48
18:15:58.0 (17181425)|HEAP_ALLOCATE|[EXTERNAL]|Bytes:10
18:15:58.0 (17182820)|HEAP_ALLOCATE|[EXTERNAL]|Bytes:76
18:15:58.0 (17185786)|VARIABLE_ASSIGNMENT|[EXTERNAL]|this.school|"学校名/学部名/学科"|0x25f46b48
18:15:58.0 (17190857)|HEAP_ALLOCATE|[EXTERNAL]|Bytes:4
18:15:58.0 (17192363)|HEAP_ALLOCATE|[EXTERNAL]|Bytes:76
18:15:58.0 (17194962)|VARIABLE_ASSIGNMENT|[EXTERNAL]|this.managementExperience|"true"|0x25f46b48
18:15:58.0 (17199927)|HEAP_ALLOCATE|[EXTERNAL]|Bytes:3
18:15:58.0 (17201281)|HEAP_ALLOCATE|[EXTERNAL]|Bytes:76
18:15:58.0 (17204175)|VARIABLE_ASSIGNMENT|[EXTERNAL]|this.remarks|"その他"|0x25f46b48
18:15:58.0 (19619260)|CODE_UNIT_STARTED|[EXTERNAL]|01pBK000001mgyr|RegistrationInfoController.updateRegistrationInfo(RegistrationInfoController.RegistrationInfoWrapper)
18:15:58.0 (19796846)|HEAP_ALLOCATE|[EXTERNAL]|Bytes:23
18:15:58.0 (19804748)|HEAP_ALLOCATE|[EXTERNAL]|Bytes:36
18:15:58.0 (19806697)|HEAP_ALLOCATE|[EXTERNAL]|Bytes:13
18:15:58.0 (19817826)|METHOD_ENTRY|[5]|01pBK000001mgyr|RegistrationInfoController.RegistrationInfoController()
18:15:58.0 (19821648)|STATEMENT_EXECUTE|[5]
18:15:58.0 (19826943)|STATEMENT_EXECUTE|[5]
18:15:58.0 (19853493)|HEAP_ALLOCATE|[68]|Bytes:5
18:15:58.0 (19888056)|HEAP_ALLOCATE|[74]|Bytes:5
18:15:58.0 (19894155)|HEAP_ALLOCATE|[82]|Bytes:7
18:15:58.0 (19924847)|HEAP_ALLOCATE|[EXTERNAL]|Bytes:5
18:15:58.0 (19928332)|STATEMENT_EXECUTE|[7]
18:15:58.0 (19937319)|METHOD_EXIT|[5]|RegistrationInfoController
18:15:58.0 (19942575)|HEAP_ALLOCATE|[EXTERNAL]|Bytes:76
18:15:58.0 (19949417)|VARIABLE_SCOPE_BEGIN|[54]|wrapper|RegistrationInfoController.RegistrationInfoWrapper|true|false
18:15:58.0 (20009362)|VARIABLE_ASSIGNMENT|[54]|wrapper|{"address":"市区町村（都道府県以下の住所）213","birthdate":"2026-04-24","companyCount":"7","education":"高専卒","employmentStatus":"離職中","firstName":"名11111","gender":"女性","kanaMei":"ふりがな(名)1111","kanaSei":"ふりがな(姓)11","lastName":"テスト 廣川111","license":"免許・資格","managementExperience":"true","phone":"5515","postalCode":"123-4777","prefecture":"宮城県","recordId":"001BK00000cc2ZEYAY","remarks":"その他","school":"学校名/学部名/学科"}|0x25f46b48
18:15:58.0 (20025190)|HEAP_ALLOCATE|[55]|Bytes:5
18:15:58.0 (20028065)|STATEMENT_EXECUTE|[54]
18:15:58.0 (20029146)|STATEMENT_EXECUTE|[55]
18:15:58.0 (20031205)|HEAP_ALLOCATE|[55]|Bytes:27
18:15:58.0 (20089778)|HEAP_ALLOCATE|[55]|Bytes:24
18:15:58.0 (20096207)|SYSTEM_METHOD_ENTRY|[1]|JSON.JSON()
18:15:58.0 (20098205)|STATEMENT_EXECUTE|[1]
18:15:58.0 (20102400)|SYSTEM_METHOD_EXIT|[1]|JSON
18:15:58.0 (20114034)|METHOD_ENTRY|[55]||System.JSON.serialize(Object)
18:15:58.0 (20263718)|METHOD_EXIT|[55]||System.JSON.serialize(Object)
18:15:58.0 (20281062)|HEAP_ALLOCATE|[55]|Bytes:426
18:15:58.0 (20300685)|USER_DEBUG|[55]|DEBUG|=== 【Apex】 wrapper 受信値 === {"school":"学校名/学部名/学科","remarks":"その他","recordId":"001BK00000cc2ZEYAY","prefecture":"宮城県","postalCode":"123-4777","phone":"5515","managementExperience":"true","license":"免許・資格","lastName":"テスト 廣川111","kanaSei":"ふりがな(姓)11","kanaMei":"ふりがな(名)1111","gender":"女性","firstName":"名11111","employmentStatus":"離職中","education":"高専卒","companyCount":"7","birthdate":"2026-04-24","address":"市区町村（都道府県以下の住所）213"}
18:15:58.0 (20311191)|STATEMENT_EXECUTE|[56]
18:15:58.0 (20312926)|HEAP_ALLOCATE|[56]|Bytes:17
18:15:58.0 (20355000)|VARIABLE_ASSIGNMENT|[EXTERNAL]|this|{"address":"市区町村（都道府県以下の住所）213","birthdate":"2026-04-24","companyCount":"7","education":"高専卒","employmentStatus":"離職中","firstName":"名11111","gender":"女性","kanaMei":"ふりがな(名)1111","kanaSei":"ふりがな(姓)11","lastName":"テスト 廣川111","license":"免許・資格","managementExperience":"true","phone":"5515","postalCode":"123-4777","prefecture":"宮城県","recordId":"001BK00000cc2ZEYAY","remarks":"その他","school":"学校名/学部名/学科"}|0x25f46b48
18:15:58.0 (20369417)|HEAP_ALLOCATE|[56]|Bytes:35
18:15:58.0 (20373574)|USER_DEBUG|[56]|DEBUG|=== recordId === 001BK00000cc2ZEYAY
18:15:58.0 (20398453)|VARIABLE_ASSIGNMENT|[EXTERNAL]|this|{"address":"市区町村（都道府県以下の住所）213","birthdate":"2026-04-24","companyCount":"7","education":"高専卒","employmentStatus":"離職中","firstName":"名11111","gender":"女性","kanaMei":"ふりがな(名)1111","kanaSei":"ふりがな(姓)11","lastName":"テスト 廣川111","license":"免許・資格","managementExperience":"true","phone":"5515","postalCode":"123-4777","prefecture":"宮城県","recordId":"001BK00000cc2ZEYAY","remarks":"その他","school":"学校名/学部名/学科"}|0x25f46b48
18:15:58.0 (20430222)|STATEMENT_EXECUTE|[58]
18:15:58.0 (20431211)|STATEMENT_EXECUTE|[62]
18:15:58.0 (20432003)|STATEMENT_EXECUTE|[62]
18:15:58.0 (20432780)|STATEMENT_EXECUTE|[63]
18:15:58.0 (20434088)|HEAP_ALLOCATE|[63]|Bytes:50
18:15:58.0 (20454593)|HEAP_ALLOCATE|[63]|Bytes:4
18:15:58.0 (20463466)|HEAP_ALLOCATE|[63]|Bytes:7
18:15:58.0 (20485203)|VARIABLE_ASSIGNMENT|[EXTERNAL]|this|{"address":"市区町村（都道府県以下の住所）213","birthdate":"2026-04-24","companyCount":"7","education":"高専卒","employmentStatus":"離職中","firstName":"名11111","gender":"女性","kanaMei":"ふりがな(名)1111","kanaSei":"ふりがな(姓)11","lastName":"テスト 廣川111","license":"免許・資格","managementExperience":"true","phone":"5515","postalCode":"123-4777","prefecture":"宮城県","recordId":"001BK00000cc2ZEYAY","remarks":"その他","school":"学校名/学部名/学科"}|0x25f46b48
18:15:58.0 (26703363)|SOQL_EXECUTE_BEGIN|[63]|Aggregations:0|SELECT Id FROM Account WHERE Id = :tmpVar1 LIMIT 1
18:15:58.0 (38069215)|SOQL_EXECUTE_END|[63]|Rows:1
18:15:58.0 (38110695)|HEAP_ALLOCATE|[63]|Bytes:8
18:15:58.0 (38131073)|HEAP_ALLOCATE|[63]|Bytes:29
18:15:58.0 (38288034)|HEAP_ALLOCATE|[63]|Bytes:8
18:15:58.0 (38311304)|HEAP_ALLOCATE|[63]|Bytes:33
18:15:58.0 (38380939)|HEAP_ALLOCATE|[63]|Bytes:8
18:15:58.0 (38388666)|VARIABLE_SCOPE_BEGIN|[63]|acc|Account|true|false
18:15:58.0 (38451055)|VARIABLE_ASSIGNMENT|[63]|acc|{"Id":"001BK00000cc2ZEYAY"}|0x55dfce
18:15:58.0 (38457515)|STATEMENT_EXECUTE|[65]
18:15:58.0 (38575330)|VARIABLE_ASSIGNMENT|[EXTERNAL]|this|{"address":"市区町村（都道府県以下の住所）213","birthdate":"2026-04-24","companyCount":"7","education":"高専卒","employmentStatus":"離職中","firstName":"名11111","gender":"女性","kanaMei":"ふりがな(名)1111","kanaSei":"ふりがな(姓)11","lastName":"テスト 廣川111","license":"免許・資格","managementExperience":"true","phone":"5515","postalCode":"123-4777","prefecture":"宮城県","recordId":"001BK00000cc2ZEYAY","remarks":"その他","school":"学校名/学部名/学科"}|0x25f46b48
18:15:58.0 (38715089)|HEAP_ALLOCATE|[65]|Bytes:-4
18:15:58.0 (38750179)|VARIABLE_ASSIGNMENT|[65]|this.LastName|"テスト 廣川111"|0x55dfce
18:15:58.0 (38756384)|STATEMENT_EXECUTE|[66]
18:15:58.0 (38815765)|VARIABLE_ASSIGNMENT|[EXTERNAL]|this|{"address":"市区町村（都道府県以下の住所）213","birthdate":"2026-04-24","companyCount":"7","education":"高専卒","employmentStatus":"離職中","firstName":"名11111","gender":"女性","kanaMei":"ふりがな(名)1111","kanaSei":"ふりがな(姓)11","lastName":"テスト 廣川111","license":"免許・資格","managementExperience":"true","phone":"5515","postalCode":"123-4777","prefecture":"宮城県","recordId":"001BK00000cc2ZEYAY","remarks":"その他","school":"学校名/学部名/学科"}|0x25f46b48
18:15:58.0 (38857739)|HEAP_ALLOCATE|[66]|Bytes:-4
18:15:58.0 (38866458)|VARIABLE_ASSIGNMENT|[66]|this.FirstName|"名11111"|0x55dfce
18:15:58.0 (38869993)|STATEMENT_EXECUTE|[67]
18:15:58.0 (38911275)|VARIABLE_ASSIGNMENT|[EXTERNAL]|this|{"address":"市区町村（都道府県以下の住所）213","birthdate":"2026-04-24","companyCount":"7","education":"高専卒","employmentStatus":"離職中","firstName":"名11111","gender":"女性","kanaMei":"ふりがな(名)1111","kanaSei":"ふりがな(姓)11","lastName":"テスト 廣川111","license":"免許・資格","managementExperience":"true","phone":"5515","postalCode":"123-4777","prefecture":"宮城県","recordId":"001BK00000cc2ZEYAY","remarks":"その他","school":"学校名/学部名/学科"}|0x25f46b48
18:15:58.0 (38963922)|HEAP_ALLOCATE|[67]|Bytes:-4
18:15:58.0 (38973551)|VARIABLE_ASSIGNMENT|[67]|this.NameKanaSei__pc|"ふりがな(姓)11"|0x55dfce
18:15:58.0 (38978115)|STATEMENT_EXECUTE|[68]
18:15:58.0 (39021116)|VARIABLE_ASSIGNMENT|[EXTERNAL]|this|{"address":"市区町村（都道府県以下の住所）213","birthdate":"2026-04-24","companyCount":"7","education":"高専卒","employmentStatus":"離職中","firstName":"名11111","gender":"女性","kanaMei":"ふりがな(名)1111","kanaSei":"ふりがな(姓)11","lastName":"テスト 廣川111","license":"免許・資格","managementExperience":"true","phone":"5515","postalCode":"123-4777","prefecture":"宮城県","recordId":"001BK00000cc2ZEYAY","remarks":"その他","school":"学校名/学部名/学科"}|0x25f46b48
18:15:58.0 (39059521)|HEAP_ALLOCATE|[68]|Bytes:-4
18:15:58.0 (39066911)|VARIABLE_ASSIGNMENT|[68]|this.NameKanaMei__pc|"ふりがな(名)1111"|0x55dfce
18:15:58.0 (39097107)|VARIABLE_ASSIGNMENT|[EXTERNAL]|this|{"address":"市区町村（都道府県以下の住所）213","birthdate":"2026-04-24","companyCount":"7","education":"高専卒","employmentStatus":"離職中","firstName":"名11111","gender":"女性","kanaMei":"ふりがな(名)1111","kanaSei":"ふりがな(姓)11","lastName":"テスト 廣川111","license":"免許・資格","managementExperience":"true","phone":"5515","postalCode":"123-4777","prefecture":"宮城県","recordId":"001BK00000cc2ZEYAY","remarks":"その他","school":"学校名/学部名/学科"}|0x25f46b48
18:15:58.0 (39135566)|STATEMENT_EXECUTE|[70]
18:15:58.0 (39136759)|STATEMENT_EXECUTE|[71]
18:15:58.0 (39158188)|VARIABLE_ASSIGNMENT|[EXTERNAL]|this|{"address":"市区町村（都道府県以下の住所）213","birthdate":"2026-04-24","companyCount":"7","education":"高専卒","employmentStatus":"離職中","firstName":"名11111","gender":"女性","kanaMei":"ふりがな(名)1111","kanaSei":"ふりがな(姓)11","lastName":"テスト 廣川111","license":"免許・資格","managementExperience":"true","phone":"5515","postalCode":"123-4777","prefecture":"宮城県","recordId":"001BK00000cc2ZEYAY","remarks":"その他","school":"学校名/学部名/学科"}|0x25f46b48
18:15:58.0 (39202443)|HEAP_ALLOCATE|[71]|Bytes:4
18:15:58.0 (39271581)|HEAP_ALLOCATE|[71]|Bytes:-4
18:15:58.0 (39292777)|VARIABLE_ASSIGNMENT|[71]|this.PersonBirthdate|"2026-04-24T00:00:00.000Z"|0x55dfce
18:15:58.0 (39296670)|STATEMENT_EXECUTE|[73]
18:15:58.0 (39332115)|VARIABLE_ASSIGNMENT|[EXTERNAL]|this|{"address":"市区町村（都道府県以下の住所）213","birthdate":"2026-04-24","companyCount":"7","education":"高専卒","employmentStatus":"離職中","firstName":"名11111","gender":"女性","kanaMei":"ふりがな(名)1111","kanaSei":"ふりがな(姓)11","lastName":"テスト 廣川111","license":"免許・資格","managementExperience":"true","phone":"5515","postalCode":"123-4777","prefecture":"宮城県","recordId":"001BK00000cc2ZEYAY","remarks":"その他","school":"学校名/学部名/学科"}|0x25f46b48
18:15:58.0 (39359566)|HEAP_ALLOCATE|[73]|Bytes:-4
18:15:58.0 (39365542)|VARIABLE_ASSIGNMENT|[73]|this.Gender__pc|"女性"|0x55dfce
18:15:58.0 (39368562)|STATEMENT_EXECUTE|[74]
18:15:58.0 (39398356)|VARIABLE_ASSIGNMENT|[EXTERNAL]|this|{"address":"市区町村（都道府県以下の住所）213","birthdate":"2026-04-24","companyCount":"7","education":"高専卒","employmentStatus":"離職中","firstName":"名11111","gender":"女性","kanaMei":"ふりがな(名)1111","kanaSei":"ふりがな(姓)11","lastName":"テスト 廣川111","license":"免許・資格","managementExperience":"true","phone":"5515","postalCode":"123-4777","prefecture":"宮城県","recordId":"001BK00000cc2ZEYAY","remarks":"その他","school":"学校名/学部名/学科"}|0x25f46b48
18:15:58.0 (39422600)|HEAP_ALLOCATE|[74]|Bytes:-4
18:15:58.0 (39428646)|VARIABLE_ASSIGNMENT|[74]|this.PostalCode__c|"123-4777"|0x55dfce
18:15:58.0 (39431710)|STATEMENT_EXECUTE|[75]
18:15:58.0 (39461072)|VARIABLE_ASSIGNMENT|[EXTERNAL]|this|{"address":"市区町村（都道府県以下の住所）213","birthdate":"2026-04-24","companyCount":"7","education":"高専卒","employmentStatus":"離職中","firstName":"名11111","gender":"女性","kanaMei":"ふりがな(名)1111","kanaSei":"ふりがな(姓)11","lastName":"テスト 廣川111","license":"免許・資格","managementExperience":"true","phone":"5515","postalCode":"123-4777","prefecture":"宮城県","recordId":"001BK00000cc2ZEYAY","remarks":"その他","school":"学校名/学部名/学科"}|0x25f46b48
18:15:58.0 (39488581)|HEAP_ALLOCATE|[75]|Bytes:-4
18:15:58.0 (39496918)|VARIABLE_ASSIGNMENT|[75]|this.City__c|"宮城県"|0x55dfce
18:15:58.0 (39501512)|STATEMENT_EXECUTE|[76]
18:15:58.0 (39528045)|VARIABLE_ASSIGNMENT|[EXTERNAL]|this|{"address":"市区町村（都道府県以下の住所）213","birthdate":"2026-04-24","companyCount":"7","education":"高専卒","employmentStatus":"離職中","firstName":"名11111","gender":"女性","kanaMei":"ふりがな(名)1111","kanaSei":"ふりがな(姓)11","lastName":"テスト 廣川111","license":"免許・資格","managementExperience":"true","phone":"5515","postalCode":"123-4777","prefecture":"宮城県","recordId":"001BK00000cc2ZEYAY","remarks":"その他","school":"学校名/学部名/学科"}|0x25f46b48
18:15:58.0 (39553766)|HEAP_ALLOCATE|[76]|Bytes:-4
18:15:58.0 (39560422)|VARIABLE_ASSIGNMENT|[76]|this.CityAndAddress__c|"市区町村（都道府県以下の住所）213"|0x55dfce
18:15:58.0 (39563596)|STATEMENT_EXECUTE|[77]
18:15:58.0 (39587761)|VARIABLE_ASSIGNMENT|[EXTERNAL]|this|{"address":"市区町村（都道府県以下の住所）213","birthdate":"2026-04-24","companyCount":"7","education":"高専卒","employmentStatus":"離職中","firstName":"名11111","gender":"女性","kanaMei":"ふりがな(名)1111","kanaSei":"ふりがな(姓)11","lastName":"テスト 廣川111","license":"免許・資格","managementExperience":"true","phone":"5515","postalCode":"123-4777","prefecture":"宮城県","recordId":"001BK00000cc2ZEYAY","remarks":"その他","school":"学校名/学部名/学科"}|0x25f46b48
18:15:58.0 (39621551)|HEAP_ALLOCATE|[77]|Bytes:-4
18:15:58.0 (39627406)|VARIABLE_ASSIGNMENT|[77]|this.PersonMobilePhone|"5515"|0x55dfce
18:15:58.0 (39630190)|STATEMENT_EXECUTE|[78]
18:15:58.0 (39666030)|VARIABLE_ASSIGNMENT|[EXTERNAL]|this|{"address":"市区町村（都道府県以下の住所）213","birthdate":"2026-04-24","companyCount":"7","education":"高専卒","employmentStatus":"離職中","firstName":"名11111","gender":"女性","kanaMei":"ふりがな(名)1111","kanaSei":"ふりがな(姓)11","lastName":"テスト 廣川111","license":"免許・資格","managementExperience":"true","phone":"5515","postalCode":"123-4777","prefecture":"宮城県","recordId":"001BK00000cc2ZEYAY","remarks":"その他","school":"学校名/学部名/学科"}|0x25f46b48
18:15:58.0 (39695163)|HEAP_ALLOCATE|[78]|Bytes:-4
18:15:58.0 (39703838)|VARIABLE_ASSIGNMENT|[78]|this.FinalEducationLevel__pc|"高専卒"|0x55dfce
18:15:58.0 (39730206)|STATEMENT_EXECUTE|[79]
18:15:58.0 (39769550)|VARIABLE_ASSIGNMENT|[EXTERNAL]|this|{"address":"市区町村（都道府県以下の住所）213","birthdate":"2026-04-24","companyCount":"7","education":"高専卒","employmentStatus":"離職中","firstName":"名11111","gender":"女性","kanaMei":"ふりがな(名)1111","kanaSei":"ふりがな(姓)11","lastName":"テスト 廣川111","license":"免許・資格","managementExperience":"true","phone":"5515","postalCode":"123-4777","prefecture":"宮城県","recordId":"001BK00000cc2ZEYAY","remarks":"その他","school":"学校名/学部名/学科"}|0x25f46b48
18:15:58.0 (39799799)|HEAP_ALLOCATE|[79]|Bytes:-4
18:15:58.0 (39807115)|VARIABLE_ASSIGNMENT|[79]|this.SchoolFacultyDepartment__c|"学校名/学部名/学科"|0x55dfce
18:15:58.0 (39833696)|VARIABLE_ASSIGNMENT|[EXTERNAL]|this|{"address":"市区町村（都道府県以下の住所）213","birthdate":"2026-04-24","companyCount":"7","education":"高専卒","employmentStatus":"離職中","firstName":"名11111","gender":"女性","kanaMei":"ふりがな(名)1111","kanaSei":"ふりがな(姓)11","lastName":"テスト 廣川111","license":"免許・資格","managementExperience":"true","phone":"5515","postalCode":"123-4777","prefecture":"宮城県","recordId":"001BK00000cc2ZEYAY","remarks":"その他","school":"学校名/学部名/学科"}|0x25f46b48
18:15:58.0 (39860661)|STATEMENT_EXECUTE|[81]
18:15:58.0 (39861660)|STATEMENT_EXECUTE|[82]
18:15:58.0 (39881430)|VARIABLE_ASSIGNMENT|[EXTERNAL]|this|{"address":"市区町村（都道府県以下の住所）213","birthdate":"2026-04-24","companyCount":"7","education":"高専卒","employmentStatus":"離職中","firstName":"名11111","gender":"女性","kanaMei":"ふりがな(名)1111","kanaSei":"ふりがな(姓)11","lastName":"テスト 廣川111","license":"免許・資格","managementExperience":"true","phone":"5515","postalCode":"123-4777","prefecture":"宮城県","recordId":"001BK00000cc2ZEYAY","remarks":"その他","school":"学校名/学部名/学科"}|0x25f46b48
18:15:58.0 (39945844)|HEAP_ALLOCATE|[82]|Bytes:28
18:15:58.0 (39950125)|HEAP_ALLOCATE|[82]|Bytes:28
18:15:58.0 (39968419)|HEAP_ALLOCATE|[82]|Bytes:-4
18:15:58.0 (39980373)|VARIABLE_ASSIGNMENT|[82]|this.NumberOfCompaniesWorked__c|7|0x55dfce
18:15:58.0 (39984998)|STATEMENT_EXECUTE|[87]
18:15:58.0 (40022168)|VARIABLE_ASSIGNMENT|[EXTERNAL]|this|{"address":"市区町村（都道府県以下の住所）213","birthdate":"2026-04-24","companyCount":"7","education":"高専卒","employmentStatus":"離職中","firstName":"名11111","gender":"女性","kanaMei":"ふりがな(名)1111","kanaSei":"ふりがな(姓)11","lastName":"テスト 廣川111","license":"免許・資格","managementExperience":"true","phone":"5515","postalCode":"123-4777","prefecture":"宮城県","recordId":"001BK00000cc2ZEYAY","remarks":"その他","school":"学校名/学部名/学科"}|0x25f46b48
18:15:58.0 (40053540)|HEAP_ALLOCATE|[87]|Bytes:-4
18:15:58.0 (40063053)|VARIABLE_ASSIGNMENT|[87]|this.EmploymentStatus__pc|"離職中"|0x55dfce
18:15:58.0 (40067550)|STATEMENT_EXECUTE|[88]
18:15:58.0 (40103104)|VARIABLE_ASSIGNMENT|[EXTERNAL]|this|{"address":"市区町村（都道府県以下の住所）213","birthdate":"2026-04-24","companyCount":"7","education":"高専卒","employmentStatus":"離職中","firstName":"名11111","gender":"女性","kanaMei":"ふりがな(名)1111","kanaSei":"ふりがな(姓)11","lastName":"テスト 廣川111","license":"免許・資格","managementExperience":"true","phone":"5515","postalCode":"123-4777","prefecture":"宮城県","recordId":"001BK00000cc2ZEYAY","remarks":"その他","school":"学校名/学部名/学科"}|0x25f46b48
18:15:58.0 (40135364)|HEAP_ALLOCATE|[88]|Bytes:-4
18:15:58.0 (40144934)|VARIABLE_ASSIGNMENT|[88]|this.LicensesAndCertifications1__c|"免許・資格"|0x55dfce
18:15:58.0 (40149546)|STATEMENT_EXECUTE|[89]
18:15:58.0 (40174771)|VARIABLE_ASSIGNMENT|[EXTERNAL]|this|{"address":"市区町村（都道府県以下の住所）213","birthdate":"2026-04-24","companyCount":"7","education":"高専卒","employmentStatus":"離職中","firstName":"名11111","gender":"女性","kanaMei":"ふりがな(名)1111","kanaSei":"ふりがな(姓)11","lastName":"テスト 廣川111","license":"免許・資格","managementExperience":"true","phone":"5515","postalCode":"123-4777","prefecture":"宮城県","recordId":"001BK00000cc2ZEYAY","remarks":"その他","school":"学校名/学部名/学科"}|0x25f46b48
18:15:58.0 (40192906)|METHOD_ENTRY|[89]|01pBK000001mgyr|RegistrationInfoController.convertManagementStringToBoolean(String)
18:15:58.0 (40197883)|VARIABLE_SCOPE_BEGIN|[150]|mgmtStr|String|false|false
18:15:58.0 (40203257)|VARIABLE_ASSIGNMENT|[150]|mgmtStr|"true"
18:15:58.0 (40214880)|HEAP_ALLOCATE|[151]|Bytes:5
18:15:58.0 (40217896)|STATEMENT_EXECUTE|[150]
18:15:58.0 (40220861)|HEAP_ALLOCATE|[151]|Bytes:4
18:15:58.0 (40244363)|STATEMENT_EXECUTE|[151]
18:15:58.0 (40247272)|HEAP_ALLOCATE|[151]|Bytes:5
18:15:58.0 (40254537)|METHOD_EXIT|[89]|01pBK000001mgyr|RegistrationInfoController.convertManagementStringToBoolean(String)
18:15:58.0 (40272032)|HEAP_ALLOCATE|[89]|Bytes:-4
18:15:58.0 (40279478)|VARIABLE_ASSIGNMENT|[89]|this.ManagementExperience__c|true|0x55dfce
18:15:58.0 (40282119)|STATEMENT_EXECUTE|[90]
18:15:58.0 (40325252)|VARIABLE_ASSIGNMENT|[EXTERNAL]|this|{"address":"市区町村（都道府県以下の住所）213","birthdate":"2026-04-24","companyCount":"7","education":"高専卒","employmentStatus":"離職中","firstName":"名11111","gender":"女性","kanaMei":"ふりがな(名)1111","kanaSei":"ふりがな(姓)11","lastName":"テスト 廣川111","license":"免許・資格","managementExperience":"true","phone":"5515","postalCode":"123-4777","prefecture":"宮城県","recordId":"001BK00000cc2ZEYAY","remarks":"その他","school":"学校名/学部名/学科"}|0x25f46b48
18:15:58.0 (40348176)|HEAP_ALLOCATE|[90]|Bytes:-4
18:15:58.0 (40357973)|VARIABLE_ASSIGNMENT|[90]|this.MyPageOtherRequests__c|"その他"|0x55dfce
18:15:58.0 (40362398)|STATEMENT_EXECUTE|[92]
18:15:58.0 (40398831)|HEAP_ALLOCATE|[92]|Bytes:8
18:15:58.0 (40413350)|DML_BEGIN|[92]|Op:Update|Type:Account|Rows:1
18:15:58.0 (40455639)|HEAP_ALLOCATE|[EXTERNAL]|Bytes:8
18:15:58.0 (218563432)|CODE_UNIT_STARTED|[EXTERNAL]|Flow:Account
18:15:58.0 (218594904)|CODE_UNIT_FINISHED|Flow:Account
18:15:58.226 (226223542)|HEAP_ALLOCATE|[EXTERNAL]|Bytes:8
18:15:58.226 (226699927)|HEAP_ALLOCATE|[EXTERNAL]|Bytes:8
18:15:58.226 (226847496)|HEAP_ALLOCATE|[EXTERNAL]|Bytes:4
18:15:58.226 (226861211)|VARIABLE_SCOPE_BEGIN|[1]|this|pi.LogAccountChange|true|false
18:15:58.226 (226923023)|VARIABLE_ASSIGNMENT|[1]|this|{}|0x3343e211
18:15:58.244 (244146345)|CUMULATIVE_LIMIT_USAGE
18:15:58.244 (244146345)|LIMIT_USAGE_FOR_NS|(default)|
  Number of SOQL queries: 1 out of 100
  Number of query rows: 1 out of 50000
  Number of SOSL queries: 0 out of 20
  Number of DML statements: 1 out of 150
  Number of Publish Immediate DML: 0 out of 150
  Number of DML rows: 1 out of 10000
  Maximum CPU time: 0 out of 10000
  Maximum heap size: 0 out of 6000000
  Number of callouts: 0 out of 100
  Number of Email Invocations: 0 out of 10
  Number of future calls: 0 out of 50
  Number of queueable jobs added to the queue: 0 out of 50
  Number of Mobile Apex push calls: 0 out of 10

18:15:58.244 (244146345)|LIMIT_USAGE_FOR_NS|pi|
  Number of SOQL queries: 0 out of 100
  Number of query rows: 0 out of 50000
  Number of SOSL queries: 0 out of 20
  Number of DML statements: 0 out of 150
  Number of Publish Immediate DML: 0 out of 150
  Number of DML rows: 0 out of 10000
  Maximum CPU time: 0 out of 10000
  Maximum heap size: 0 out of 6000000
  Number of callouts: 0 out of 100
  Number of Email Invocations: 0 out of 10
  Number of future calls: 0 out of 50
  Number of queueable jobs added to the queue: 0 out of 50
  Number of Mobile Apex push calls: 0 out of 10

18:15:58.244 (244146345)|CUMULATIVE_LIMIT_USAGE_END

18:15:58.0 (348896108)|CODE_UNIT_STARTED|[EXTERNAL]|DuplicateDetector
18:15:58.0 (348917842)|DUPLICATE_DETECTION_BEGIN
18:15:58.0 (349737217)|DUPLICATE_DETECTION_RULE_INVOCATION|DuplicateRuleId:0BmBK000000E8dd|DuplicateRuleName:求職者ルール（氏名と生年月日）|DmlType:UPDATE
18:15:58.0 (457559445)|DUPLICATE_DETECTION_MATCH_INVOCATION_DETAILS|EntityId:001BK00000cc2ZE|ActionTaken:Allow_[Alert]|DuplicateRecordIds:
18:15:58.0 (457598419)|DUPLICATE_DETECTION_MATCH_INVOCATION_SUMMARY|EntityType:PersonAccount|NumRecordsToBeSaved:1|NumRecordsToBeSavedWithDuplicates:0|NumDuplicateRecordsFound:0
18:15:58.0 (457749317)|DUPLICATE_DETECTION_RULE_INVOCATION|DuplicateRuleId:0BmBK000000E8fF|DuplicateRuleName:求職者ルール（メール）|DmlType:UPDATE
18:15:58.0 (457858347)|DUPLICATE_DETECTION_RULE_INVOCATION|DuplicateRuleId:0BmBK000000GcCb|DuplicateRuleName:求職者ルール（電話番号）|DmlType:UPDATE
18:15:58.0 (463184838)|DUPLICATE_DETECTION_MATCH_INVOCATION_DETAILS|EntityId:001BK00000cc2ZE|ActionTaken:Allow_[Alert]|DuplicateRecordIds:
18:15:58.0 (463216141)|DUPLICATE_DETECTION_MATCH_INVOCATION_SUMMARY|EntityType:PersonAccount|NumRecordsToBeSaved:1|NumRecordsToBeSavedWithDuplicates:0|NumDuplicateRecordsFound:0
18:15:58.0 (463323883)|DUPLICATE_DETECTION_END
18:15:58.0 (463332323)|CODE_UNIT_FINISHED|DuplicateDetector
18:15:58.517 (517095958)|HEAP_ALLOCATE|[EXTERNAL]|Bytes:8
18:15:58.517 (517166438)|HEAP_ALLOCATE|[EXTERNAL]|Bytes:8
18:15:58.517 (517248781)|HEAP_ALLOCATE|[EXTERNAL]|Bytes:4
18:15:58.517 (517260364)|VARIABLE_SCOPE_BEGIN|[1]|this|pi.LogAccountChange|true|false
18:15:58.517 (517312625)|VARIABLE_ASSIGNMENT|[1]|this|{}|0x196c3b84
18:15:58.517 (525296256)|SOQL_EXECUTE_BEGIN|[263]|Aggregations:0|SELECT Id, ObjectEmail__c, ObjectFid__c FROM ObjectChangeLog__c WHERE ((ObjectState__c = :tmpVar1 OR ObjectState__c = :tmpVar2) AND ObjectFid__c = :tmpVar3)
18:15:58.517 (534592818)|SOQL_EXECUTE_END|[263]|Rows:0
18:15:58.535 (535464551)|CUMULATIVE_LIMIT_USAGE
18:15:58.535 (535464551)|LIMIT_USAGE_FOR_NS|(default)|
  Number of SOQL queries: 1 out of 100
  Number of query rows: 1 out of 50000
  Number of SOSL queries: 0 out of 20
  Number of DML statements: 1 out of 150
  Number of Publish Immediate DML: 0 out of 150
  Number of DML rows: 1 out of 10000
  Maximum CPU time: 4 out of 10000
  Maximum heap size: 0 out of 6000000
  Number of callouts: 0 out of 100
  Number of Email Invocations: 0 out of 10
  Number of future calls: 0 out of 50
  Number of queueable jobs added to the queue: 0 out of 50
  Number of Mobile Apex push calls: 0 out of 10

18:15:58.535 (535464551)|LIMIT_USAGE_FOR_NS|pi|
  Number of SOQL queries: 1 out of 100
  Number of query rows: 0 out of 50000
  Number of SOSL queries: 0 out of 20
  Number of DML statements: 0 out of 150
  Number of Publish Immediate DML: 0 out of 150
  Number of DML rows: 0 out of 10000
  Maximum CPU time: 0 out of 10000
  Maximum heap size: 0 out of 6000000
  Number of callouts: 0 out of 100
  Number of Email Invocations: 0 out of 10
  Number of future calls: 0 out of 50
  Number of queueable jobs added to the queue: 0 out of 50
  Number of Mobile Apex push calls: 0 out of 10

18:15:58.535 (535464551)|CUMULATIVE_LIMIT_USAGE_END

18:15:58.0 (542391998)|CODE_UNIT_STARTED|[EXTERNAL]|Flow:Account
18:15:58.0 (542545721)|CODE_UNIT_FINISHED|Flow:Account
18:15:58.0 (542591925)|CODE_UNIT_STARTED|[EXTERNAL]|Flow:Account
18:15:58.0 (542598697)|CODE_UNIT_FINISHED|Flow:Account
18:15:58.0 (554414469)|DML_END|[92]
18:15:58.649 (649879056)|CUMULATIVE_LIMIT_USAGE
18:15:58.649 (649879056)|LIMIT_USAGE_FOR_NS|(default)|
  Number of SOQL queries: 1 out of 100
  Number of query rows: 1 out of 50000
  Number of SOSL queries: 0 out of 20
  Number of DML statements: 1 out of 150
  Number of Publish Immediate DML: 0 out of 150
  Number of DML rows: 1 out of 10000
  Maximum CPU time: 4 out of 10000
  Maximum heap size: 0 out of 6000000
  Number of callouts: 0 out of 100
  Number of Email Invocations: 0 out of 10
  Number of future calls: 0 out of 50
  Number of queueable jobs added to the queue: 0 out of 50
  Number of Mobile Apex push calls: 0 out of 10

18:15:58.649 (649879056)|LIMIT_USAGE_FOR_NS|pi|
  Number of SOQL queries: 1 out of 100
  Number of query rows: 0 out of 50000
  Number of SOSL queries: 0 out of 20
  Number of DML statements: 0 out of 150
  Number of Publish Immediate DML: 0 out of 150
  Number of DML rows: 0 out of 10000
  Maximum CPU time: 0 out of 10000
  Maximum heap size: 0 out of 6000000
  Number of callouts: 0 out of 100
  Number of Email Invocations: 0 out of 10
  Number of future calls: 0 out of 50
  Number of queueable jobs added to the queue: 0 out of 50
  Number of Mobile Apex push calls: 0 out of 10

18:15:58.649 (649879056)|CUMULATIVE_LIMIT_USAGE_END

18:15:58.0 (649926748)|CODE_UNIT_FINISHED|RegistrationInfoController.updateRegistrationInfo(RegistrationInfoController.RegistrationInfoWrapper)
18:15:58.0 (650112427)|CODE_UNIT_FINISHED|apex://RegistrationInfoController/ACTION$updateRegistrationInfo
18:15:58.0 (650118820)|EXECUTION_FINISHED
