66.0 APEX_CODE,FINEST;APEX_PROFILING,INFO;CALLOUT,INFO;DATA_ACCESS,INFO;DB,INFO;NBA,INFO;SYSTEM,DEBUG;VALIDATION,INFO;VISUALFORCE,INFO;WAVE,INFO;WORKFLOW,INFO
16:07:23.0 (233228)|USER_INFO|[EXTERNAL]|0057F0000042UBb|ishibashi@hurex.co.jp.dev1|(GMT+09:00) 日本標準時 (Asia/Tokyo)|GMT+09:00
16:07:23.0 (263054)|EXECUTION_STARTED
16:07:23.0 (271876)|CODE_UNIT_STARTED|[EXTERNAL]|apex://RegistrationInfoController/ACTION$getRegistrationInfo
16:07:23.0 (2588021)|CODE_UNIT_STARTED|[EXTERNAL]|01pBK000001mgyr|RegistrationInfoController.getRegistrationInfo()
16:07:23.0 (2878006)|HEAP_ALLOCATE|[95]|Bytes:3
16:07:23.0 (2979696)|HEAP_ALLOCATE|[100]|Bytes:152
16:07:23.0 (2998367)|HEAP_ALLOCATE|[417]|Bytes:408
16:07:23.0 (3014430)|HEAP_ALLOCATE|[430]|Bytes:408
16:07:23.0 (3044039)|HEAP_ALLOCATE|[317]|Bytes:6
16:07:23.0 (3104644)|HEAP_ALLOCATE|[EXTERNAL]|Bytes:23
16:07:23.0 (3107943)|HEAP_ALLOCATE|[EXTERNAL]|Bytes:16
16:07:23.0 (3117412)|METHOD_ENTRY|[5]|01pBK000001mgyr|RegistrationInfoController.RegistrationInfoController()
16:07:23.0 (3121771)|STATEMENT_EXECUTE|[5]
16:07:23.0 (3126769)|STATEMENT_EXECUTE|[5]
16:07:23.0 (3146146)|HEAP_ALLOCATE|[68]|Bytes:5
16:07:23.0 (3168835)|HEAP_ALLOCATE|[74]|Bytes:5
16:07:23.0 (3173202)|HEAP_ALLOCATE|[82]|Bytes:7
16:07:23.0 (3335453)|HEAP_ALLOCATE|[EXTERNAL]|Bytes:5
16:07:23.0 (3339101)|STATEMENT_EXECUTE|[7]
16:07:23.0 (3346941)|METHOD_EXIT|[5]|RegistrationInfoController
16:07:23.0 (3358221)|HEAP_ALLOCATE|[30]|Bytes:5
16:07:23.0 (3360581)|STATEMENT_EXECUTE|[29]
16:07:23.0 (3361540)|STATEMENT_EXECUTE|[30]
16:07:23.0 (3362307)|STATEMENT_EXECUTE|[30]
16:07:23.0 (3363253)|STATEMENT_EXECUTE|[31]
16:07:23.0 (3365287)|HEAP_ALLOCATE|[31]|Bytes:70
16:07:23.0 (3384592)|HEAP_ALLOCATE|[31]|Bytes:4
16:07:23.0 (4613486)|SOQL_EXECUTE_BEGIN|[31]|Aggregations:0|SELECT Id, AccountId FROM User WHERE Id = '005BK00000GwCFkYAN' LIMIT 1
16:07:23.0 (8351449)|SOQL_EXECUTE_END|[31]|Rows:1
16:07:23.0 (8382450)|HEAP_ALLOCATE|[31]|Bytes:8
16:07:23.0 (8404872)|HEAP_ALLOCATE|[31]|Bytes:60
16:07:23.0 (8532355)|HEAP_ALLOCATE|[31]|Bytes:8
16:07:23.0 (8551046)|HEAP_ALLOCATE|[31]|Bytes:30
16:07:23.0 (8619465)|HEAP_ALLOCATE|[31]|Bytes:12
16:07:23.0 (8626920)|VARIABLE_SCOPE_BEGIN|[31]|currentUser|User|true|false
16:07:23.0 (8709411)|VARIABLE_ASSIGNMENT|[31]|currentUser|{"Id":"005BK00000GwCFkYAN","AccountId":"001BK00000cc2ZEYAY"}|0x3e8d8e40
16:07:23.0 (8741118)|STATEMENT_EXECUTE|[32]
16:07:23.0 (8743367)|STATEMENT_EXECUTE|[36]
16:07:23.0 (8745042)|HEAP_ALLOCATE|[36]|Bytes:379
16:07:23.0 (8760008)|HEAP_ALLOCATE|[36]|Bytes:4
16:07:23.0 (8768011)|HEAP_ALLOCATE|[36]|Bytes:7
16:07:23.0 (10173812)|SOQL_EXECUTE_BEGIN|[36]|Aggregations:0|SELECT Id, LastName, FirstName, NameKanaSei__pc, NameKanaMei__pc, PersonBirthdate, Gender__pc, PostalCode__c, City__c, CityAndAddress__c, PersonMobilePhone, FinalEducationLevel__pc, SchoolFacultyDepartment__c, NumberOfCompaniesWorked__c, EmploymentStatus__pc, LicensesAndCertifications1__c, ManagementExperience__c, MyPageOtherRequests__c FROM Account WHERE Id = :tmpVar1 LIMIT 1
16:07:23.0 (28800485)|SOQL_EXECUTE_END|[36]|Rows:1
16:07:23.0 (28843669)|HEAP_ALLOCATE|[36]|Bytes:8
16:07:23.0 (28858006)|HEAP_ALLOCATE|[36]|Bytes:500
16:07:23.0 (28964382)|HEAP_ALLOCATE|[36]|Bytes:8
16:07:23.0 (28985521)|HEAP_ALLOCATE|[36]|Bytes:33
16:07:23.0 (29050965)|HEAP_ALLOCATE|[36]|Bytes:72
16:07:23.0 (29059778)|VARIABLE_SCOPE_BEGIN|[36]|acc|Account|true|false
16:07:23.0 (29195438)|VARIABLE_ASSIGNMENT|[36]|acc|{"EmploymentStatus__pc":"就業中","CityAndAddress__c":"市区町村（都道府県以下の住所）","FirstName":"名","FinalEducationLevel__pc":"大学院卒（博士）","NumberOfCompaniesWorked__c":1,"PostalCode__c":"123-4567","NameKanaMei__pc":"ふりがな(名)","Gender__pc":"男性","City__c":"岩手県","NameKanaSei__pc":"ふりがな(姓)","ManagementExperience__c":false,"MyPageOtherRequests__c":"その他","LicensesAndCertifications1__c":"免許・資格","PersonMobilePhone":"123456789","Id":"001BK00000cc2ZEYAY","LastName":"テスト 廣川","SchoolFacultyDepartment__c":"学校名/学部名/学科"}|0x3bd02ad6
16:07:23.0 (29211542)|STATEMENT_EXECUTE|[47]
16:07:23.0 (29234981)|METHOD_ENTRY|[47]|01pBK000001mgyr|RegistrationInfoController.buildWrapper(Account)
16:07:23.0 (29265210)|VARIABLE_SCOPE_BEGIN|[93]|acc|Account|true|false
16:07:23.0 (29305149)|VARIABLE_ASSIGNMENT|[93]|acc|{"EmploymentStatus__pc":"就業中","CityAndAddress__c":"市区町村（都道府県以下の住所）","FirstName":"名","FinalEducationLevel__pc":"大学院卒（博士）","NumberOfCompaniesWorked__c":1,"PostalCode__c":"123-4567","NameKanaMei__pc":"ふりがな(名)","Gender__pc":"男性","City__c":"岩手県","NameKanaSei__pc":"ふりがな(姓)","ManagementExperience__c":false,"MyPageOtherRequests__c":"その他","LicensesAndCertifications1__c":"免許・資格","PersonMobilePhone":"123456789","Id":"001BK00000cc2ZEYAY","LastName":"テスト 廣川","SchoolFacultyDepartment__c":"学校名/学部名/学科"}|0x3bd02ad6
16:07:23.0 (29327364)|HEAP_ALLOCATE|[94]|Bytes:5
16:07:23.0 (29330809)|STATEMENT_EXECUTE|[93]
16:07:23.0 (29332097)|STATEMENT_EXECUTE|[94]
16:07:23.0 (29406478)|HEAP_ALLOCATE|[94]|Bytes:76
16:07:23.0 (29417307)|CONSTRUCTOR_ENTRY|[94]|01pBK000001mgyr|<init>()|RegistrationInfoController.RegistrationInfoWrapper
16:07:23.0 (29431352)|VARIABLE_SCOPE_BEGIN|[7]|this|RegistrationInfoController.RegistrationInfoWrapper|true|false
16:07:23.0 (29480951)|VARIABLE_ASSIGNMENT|[7]|this|{}|0x66d41c28
16:07:23.0 (29491844)|HEAP_ALLOCATE|[EXTERNAL]|Bytes:6
16:07:23.0 (30776415)|STATEMENT_EXECUTE|[7]
16:07:23.0 (30782484)|STATEMENT_EXECUTE|[8]
16:07:23.0 (30784280)|STATEMENT_EXECUTE|[9]
16:07:23.0 (30785418)|STATEMENT_EXECUTE|[10]
16:07:23.0 (30786815)|STATEMENT_EXECUTE|[11]
16:07:23.0 (30788778)|STATEMENT_EXECUTE|[12]
16:07:23.0 (30789775)|STATEMENT_EXECUTE|[13]
16:07:23.0 (30790909)|STATEMENT_EXECUTE|[14]
16:07:23.0 (30792315)|STATEMENT_EXECUTE|[15]
16:07:23.0 (30793369)|STATEMENT_EXECUTE|[16]
16:07:23.0 (30794323)|STATEMENT_EXECUTE|[17]
16:07:23.0 (30795458)|STATEMENT_EXECUTE|[18]
16:07:23.0 (30796618)|STATEMENT_EXECUTE|[19]
16:07:23.0 (30797593)|STATEMENT_EXECUTE|[20]
16:07:23.0 (30798909)|STATEMENT_EXECUTE|[21]
16:07:23.0 (30800150)|STATEMENT_EXECUTE|[22]
16:07:23.0 (30801378)|STATEMENT_EXECUTE|[23]
16:07:23.0 (30802420)|STATEMENT_EXECUTE|[24]
16:07:23.0 (30803605)|STATEMENT_EXECUTE|[25]
16:07:23.0 (30810910)|CONSTRUCTOR_EXIT|[94]|01pBK000001mgyr|<init>()|RegistrationInfoController.RegistrationInfoWrapper
16:07:23.0 (30825813)|VARIABLE_SCOPE_BEGIN|[94]|w|RegistrationInfoController.RegistrationInfoWrapper|true|false
16:07:23.0 (30910242)|VARIABLE_ASSIGNMENT|[94]|w|{}|0x66d41c28
16:07:23.0 (30915088)|STATEMENT_EXECUTE|[95]
16:07:23.0 (31014582)|HEAP_ALLOCATE|[95]|Bytes:18
16:07:23.0 (31033842)|VARIABLE_ASSIGNMENT|[95]|this.recordId|"001BK00000cc2ZEYAY"|0x66d41c28
16:07:23.0 (31041588)|STATEMENT_EXECUTE|[96]
16:07:23.0 (31063574)|VARIABLE_ASSIGNMENT|[96]|this.lastName|"テスト 廣川"|0x66d41c28
16:07:23.0 (31068423)|STATEMENT_EXECUTE|[97]
16:07:23.0 (31077146)|VARIABLE_ASSIGNMENT|[97]|this.firstName|"名"|0x66d41c28
16:07:23.0 (31079985)|STATEMENT_EXECUTE|[98]
16:07:23.0 (31089495)|VARIABLE_ASSIGNMENT|[98]|this.kanaSei|"ふりがな(姓)"|0x66d41c28
16:07:23.0 (31092398)|STATEMENT_EXECUTE|[99]
16:07:23.0 (31098010)|VARIABLE_ASSIGNMENT|[99]|this.kanaMei|"ふりがな(名)"|0x66d41c28
16:07:23.0 (31100560)|STATEMENT_EXECUTE|[100]
16:07:23.0 (31107020)|VARIABLE_ASSIGNMENT|[100]|this.birthdate|""|0x66d41c28
16:07:23.0 (31110031)|STATEMENT_EXECUTE|[101]
16:07:23.0 (31117527)|VARIABLE_ASSIGNMENT|[101]|this.gender|"男性"|0x66d41c28
16:07:23.0 (31120290)|STATEMENT_EXECUTE|[102]
16:07:23.0 (31127904)|VARIABLE_ASSIGNMENT|[102]|this.postalCode|"123-4567"|0x66d41c28
16:07:23.0 (31130740)|STATEMENT_EXECUTE|[103]
16:07:23.0 (31137391)|VARIABLE_ASSIGNMENT|[103]|this.prefecture|"岩手県"|0x66d41c28
16:07:23.0 (31140485)|STATEMENT_EXECUTE|[104]
16:07:23.0 (31147774)|VARIABLE_ASSIGNMENT|[104]|this.address|"市区町村（都道府県以下の住所）"|0x66d41c28
16:07:23.0 (31150807)|STATEMENT_EXECUTE|[105]
16:07:23.0 (31160080)|VARIABLE_ASSIGNMENT|[105]|this.phone|"123456789"|0x66d41c28
16:07:23.0 (31162715)|STATEMENT_EXECUTE|[106]
16:07:23.0 (31169222)|VARIABLE_ASSIGNMENT|[106]|this.education|"大学院卒（博士）"|0x66d41c28
16:07:23.0 (31171985)|STATEMENT_EXECUTE|[107]
16:07:23.0 (31179072)|VARIABLE_ASSIGNMENT|[107]|this.school|"学校名/学部名/学科"|0x66d41c28
16:07:23.0 (31181798)|STATEMENT_EXECUTE|[108]
16:07:23.0 (31226487)|HEAP_ALLOCATE|[108]|Bytes:28
16:07:23.0 (31232803)|HEAP_ALLOCATE|[108]|Bytes:28
16:07:23.0 (31299340)|HEAP_ALLOCATE|[108]|Bytes:1
16:07:23.0 (31313973)|VARIABLE_ASSIGNMENT|[108]|this.companyCount|"1"|0x66d41c28
16:07:23.0 (31317668)|STATEMENT_EXECUTE|[109]
16:07:23.0 (31336739)|VARIABLE_ASSIGNMENT|[109]|this.employmentStatus|"就業中"|0x66d41c28
16:07:23.0 (31340579)|STATEMENT_EXECUTE|[110]
16:07:23.0 (31348115)|VARIABLE_ASSIGNMENT|[110]|this.license|"免許・資格"|0x66d41c28
16:07:23.0 (31351050)|STATEMENT_EXECUTE|[111]
16:07:23.0 (31367383)|METHOD_ENTRY|[111]|01pBK000001mgyr|RegistrationInfoController.convertManagementBooleanToString(Boolean)
16:07:23.0 (31378199)|VARIABLE_SCOPE_BEGIN|[121]|mgmtBool|Boolean|false|false
16:07:23.0 (31387323)|VARIABLE_ASSIGNMENT|[121]|mgmtBool|false
16:07:23.0 (31398629)|HEAP_ALLOCATE|[122]|Bytes:5
16:07:23.0 (31402028)|STATEMENT_EXECUTE|[121]
16:07:23.0 (31407713)|STATEMENT_EXECUTE|[122]
16:07:23.0 (31410149)|STATEMENT_EXECUTE|[123]
16:07:23.0 (31412325)|HEAP_ALLOCATE|[123]|Bytes:2
16:07:23.0 (31424660)|METHOD_EXIT|[111]|01pBK000001mgyr|RegistrationInfoController.convertManagementBooleanToString(Boolean)
16:07:23.0 (31431302)|VARIABLE_ASSIGNMENT|[111]|this.managementExperience|"なし"|0x66d41c28
16:07:23.0 (31435740)|STATEMENT_EXECUTE|[112]
16:07:23.0 (31449503)|VARIABLE_ASSIGNMENT|[112]|this.remarks|"その他"|0x66d41c28
16:07:23.0 (31453472)|STATEMENT_EXECUTE|[113]
16:07:23.0 (31459088)|METHOD_EXIT|[47]|01pBK000001mgyr|RegistrationInfoController.buildWrapper(Account)
16:07:23.31 (31516183)|CUMULATIVE_LIMIT_USAGE
16:07:23.31 (31516183)|LIMIT_USAGE_FOR_NS|(default)|
  Number of SOQL queries: 2 out of 100
  Number of query rows: 2 out of 50000
  Number of SOSL queries: 0 out of 20
  Number of DML statements: 0 out of 150
  Number of Publish Immediate DML: 0 out of 150
  Number of DML rows: 0 out of 10000
  Maximum CPU time: 0 out of 10000
  Maximum heap size: 0 out of 6000000
  Number of callouts: 0 out of 100
  Number of Email Invocations: 0 out of 10
  Number of future calls: 0 out of 50
  Number of queueable jobs added to the queue: 0 out of 50
  Number of Mobile Apex push calls: 0 out of 10

16:07:23.31 (31516183)|CUMULATIVE_LIMIT_USAGE_END

16:07:23.0 (31540932)|CODE_UNIT_FINISHED|RegistrationInfoController.getRegistrationInfo()
16:07:23.0 (31719296)|CODE_UNIT_FINISHED|apex://RegistrationInfoController/ACTION$getRegistrationInfo
16:07:23.0 (31724594)|EXECUTION_FINISHED
