66.0 APEX_CODE,FINEST;APEX_PROFILING,INFO;CALLOUT,INFO;DATA_ACCESS,INFO;DB,INFO;NBA,INFO;SYSTEM,DEBUG;VALIDATION,INFO;VISUALFORCE,INFO;WAVE,INFO;WORKFLOW,INFO
15:50:38.1 (1734993)|USER_INFO|[EXTERNAL]|0057F0000042UBb|ishibashi@hurex.co.jp.dev1|(GMT+09:00) 日本標準時 (Asia/Tokyo)|GMT+09:00
15:50:38.1 (1787944)|EXECUTION_STARTED
15:50:38.1 (1811763)|CODE_UNIT_STARTED|[EXTERNAL]|apex://OfferComponentController/ACTION$getOffers
15:50:38.1 (3417490)|CODE_UNIT_STARTED|[EXTERNAL]|01pBK000001Vpwv|OfferComponentController.getOffers()
15:50:38.1 (3825962)|HEAP_ALLOCATE|[95]|Bytes:3
15:50:38.1 (3962522)|HEAP_ALLOCATE|[100]|Bytes:152
15:50:38.1 (3983884)|HEAP_ALLOCATE|[417]|Bytes:408
15:50:38.1 (3999756)|HEAP_ALLOCATE|[430]|Bytes:408
15:50:38.1 (4032907)|HEAP_ALLOCATE|[317]|Bytes:6
15:50:38.1 (4049883)|HEAP_ALLOCATE|[EXTERNAL]|Bytes:1
15:50:38.1 (4077897)|METHOD_ENTRY|[1]|01pBK000001Vpwv|OfferComponentController.OfferComponentController()
15:50:38.1 (4092042)|STATEMENT_EXECUTE|[1]
15:50:38.1 (4111136)|STATEMENT_EXECUTE|[1]
15:50:38.1 (4135745)|HEAP_ALLOCATE|[68]|Bytes:5
15:50:38.1 (4178125)|HEAP_ALLOCATE|[74]|Bytes:5
15:50:38.1 (4186853)|HEAP_ALLOCATE|[82]|Bytes:7
15:50:38.1 (4382407)|HEAP_ALLOCATE|[EXTERNAL]|Bytes:5
15:50:38.1 (4406586)|METHOD_EXIT|[1]|OfferComponentController
15:50:38.1 (4423899)|HEAP_ALLOCATE|[4]|Bytes:5
15:50:38.1 (4428365)|STATEMENT_EXECUTE|[3]
15:50:38.1 (4430290)|STATEMENT_EXECUTE|[4]
15:50:38.1 (4433366)|HEAP_ALLOCATE|[4]|Bytes:78
15:50:38.1 (4458479)|HEAP_ALLOCATE|[4]|Bytes:4
15:50:38.1 (16061315)|SOQL_EXECUTE_BEGIN|[4]|Aggregations:0|SELECT COUNT() FROM SelectionProcess__c WHERE LatestProcessStatus__c = 'JOB打診'
15:50:38.1 (46058146)|SOQL_EXECUTE_END|[4]|Rows:1
15:50:38.1 (46154543)|HEAP_ALLOCATE|[4]|Bytes:4
15:50:38.1 (46229739)|VARIABLE_SCOPE_BEGIN|[4]|totalCount|Integer|false|false
15:50:38.1 (46243190)|HEAP_ALLOCATE|[4]|Bytes:4
15:50:38.1 (46336080)|VARIABLE_ASSIGNMENT|[4]|totalCount|1
15:50:38.1 (46345925)|STATEMENT_EXECUTE|[5]
15:50:38.1 (46352936)|HEAP_ALLOCATE|[5]|Bytes:360
15:50:38.1 (46417771)|HEAP_ALLOCATE|[5]|Bytes:4
15:50:38.1 (74665149)|SOQL_EXECUTE_BEGIN|[5]|Aggregations:0|SELECT Id, JobPosition__c, LatestProcessStatus__c, LastModifiedDate, JobPosition__r.Id, JobPosition__r.Company__r.Name, JobPosition__r.JobPosition__c, JobPosition__r.WorkLocation2__c, JobPosition__r.JobCategory1__c, JobPosition__r.LastViewedDate FROM SelectionProcess__c WHERE LatestProcessStatus__c = 'JOB打診' ORDER BY LastModifiedDate DESC NULLS FIRST LIMIT 2
15:50:38.1 (113605248)|SOQL_EXECUTE_END|[5]|Rows:1
15:50:38.1 (113659857)|HEAP_ALLOCATE|[5]|Bytes:8
15:50:38.1 (113685864)|HEAP_ALLOCATE|[5]|Bytes:404
15:50:38.1 (113876754)|HEAP_ALLOCATE|[5]|Bytes:8
15:50:38.1 (113903664)|VARIABLE_SCOPE_BEGIN|[5]|processes|List<SelectionProcess__c>|true|false
15:50:38.1 (114299611)|VARIABLE_ASSIGNMENT|[5]|processes|[{"JobPosition__c":"a0KBK00000Gexcs2AB","LastModifiedDate":"2026-03-02T05:52:31.000Z","JobPosition__r":{"JobPosition__c":"テスト401求人タイトル求人タイトル求人 (28 more) ...","WorkLocation2__c":"111","LastViewedDate":"2026-03-17T06:44:29.000Z","Id":"a0KBK00000Gexcs2AB","Company__c":"001BK00000cc2ZEYAY","Company__r":{"Name":"テスト 廣川","Id":"001BK00000cc2ZEYAY"},"JobCategory1__c":"専門職系（コンサルタント/金融/不動産）"},"Id":"a0LBK000005sEhR2AU","LatestProcessStatus__c":"JOB打診"}]|0x17eef296
15:50:38.1 (114319748)|STATEMENT_EXECUTE|[22]
15:50:38.1 (114342745)|HEAP_ALLOCATE|[22]|Bytes:4
15:50:38.1 (114438132)|VARIABLE_SCOPE_BEGIN|[22]|jobInfos|List<Map<String,ANY>>|true|false
15:50:38.1 (114476760)|HEAP_ALLOCATE|[EXTERNAL]|Bytes:4
15:50:38.1 (114487425)|VARIABLE_ASSIGNMENT|[22]|jobInfos|[]|0x1ce6eaf1
15:50:38.1 (114747971)|HEAP_ALLOCATE|[24]|Bytes:5
15:50:38.1 (114779804)|HEAP_ALLOCATE|[24]|Bytes:24
15:50:38.1 (114787574)|VARIABLE_SCOPE_BEGIN|[24]|process|SelectionProcess__c|true|false
15:50:38.1 (114889187)|VARIABLE_ASSIGNMENT|[24]|process|{"JobPosition__c":"a0KBK00000Gexcs2AB","LastModifiedDate":"2026-03-02T05:52:31.000Z","JobPosition__r":{"JobPosition__c":"テスト401求人タイトル求人タイトル求人 (28 more) ...","WorkLocation2__c":"111","LastViewedDate":"2026-03-17T06:44:29.000Z","Id":"a0KBK00000Gexcs2AB","Company__c":"001BK00000cc2ZEYAY","Company__r":{"Name":"テスト 廣川","Id":"001BK00000cc2ZEYAY"},"JobCategory1__c":"専門職系（コンサルタント/金融/不動産）"},"Id":"a0LBK000005sEhR2AU","LatestProcessStatus__c":"JOB打診"}|0x1656479f
15:50:38.1 (114899247)|STATEMENT_EXECUTE|[24]
15:50:38.1 (114900566)|STATEMENT_EXECUTE|[25]
15:50:38.1 (114910751)|HEAP_ALLOCATE|[25]|Bytes:4
15:50:38.1 (114917765)|VARIABLE_SCOPE_BEGIN|[25]|jobInfo|Map<String,ANY>|true|false
15:50:38.1 (114932957)|VARIABLE_ASSIGNMENT|[25]|jobInfo|{}|0x75907441
15:50:38.1 (114935695)|STATEMENT_EXECUTE|[26]
15:50:38.1 (114939644)|HEAP_ALLOCATE|[26]|Bytes:5
15:50:38.1 (115026069)|HEAP_ALLOCATE|[EXTERNAL]|Bytes:-4
15:50:38.1 (115032416)|STATEMENT_EXECUTE|[27]
15:50:38.1 (115034219)|HEAP_ALLOCATE|[27]|Bytes:10
15:50:38.1 (115060525)|HEAP_ALLOCATE|[27]|Bytes:14
15:50:38.1 (115110469)|HEAP_ALLOCATE|[27]|Bytes:14
15:50:38.1 (115118409)|HEAP_ALLOCATE|[EXTERNAL]|Bytes:-4
15:50:38.1 (115121497)|STATEMENT_EXECUTE|[28]
15:50:38.1 (115122854)|HEAP_ALLOCATE|[28]|Bytes:11
15:50:38.1 (115170046)|HEAP_ALLOCATE|[EXTERNAL]|Bytes:-4
15:50:38.1 (115173921)|STATEMENT_EXECUTE|[29]
15:50:38.1 (115175169)|HEAP_ALLOCATE|[29]|Bytes:13
15:50:38.1 (115190391)|HEAP_ALLOCATE|[EXTERNAL]|Bytes:-4
15:50:38.1 (115193751)|STATEMENT_EXECUTE|[30]
15:50:38.1 (115194979)|HEAP_ALLOCATE|[30]|Bytes:12
15:50:38.1 (115208596)|HEAP_ALLOCATE|[EXTERNAL]|Bytes:-4
15:50:38.1 (115211618)|STATEMENT_EXECUTE|[31]
15:50:38.1 (115213129)|HEAP_ALLOCATE|[31]|Bytes:11
15:50:38.1 (115266147)|HEAP_ALLOCATE|[EXTERNAL]|Bytes:-4
15:50:38.1 (115269645)|STATEMENT_EXECUTE|[32]
15:50:38.1 (115271001)|HEAP_ALLOCATE|[32]|Bytes:14
15:50:38.1 (115292720)|HEAP_ALLOCATE|[EXTERNAL]|Bytes:-4
15:50:38.1 (115295815)|STATEMENT_EXECUTE|[33]
15:50:38.1 (115310024)|HEAP_ALLOCATE|[EXTERNAL]|Bytes:4
15:50:38.1 (115321185)|HEAP_ALLOCATE|[24]|Bytes:5
15:50:38.1 (115330921)|VARIABLE_ASSIGNMENT|[24]|process|null|
15:50:38.1 (115334667)|STATEMENT_EXECUTE|[35]
15:50:38.1 (115339533)|HEAP_ALLOCATE|[35]|Bytes:4
15:50:38.1 (115343363)|VARIABLE_SCOPE_BEGIN|[35]|result|Map<String,ANY>|true|false
15:50:38.1 (115351052)|VARIABLE_ASSIGNMENT|[35]|result|{}|0x6b5dd53e
15:50:38.1 (115353835)|STATEMENT_EXECUTE|[36]
15:50:38.1 (115355038)|HEAP_ALLOCATE|[36]|Bytes:8
15:50:38.1 (115364804)|HEAP_ALLOCATE|[EXTERNAL]|Bytes:-4
15:50:38.1 (115367931)|STATEMENT_EXECUTE|[37]
15:50:38.1 (115369495)|HEAP_ALLOCATE|[37]|Bytes:10
15:50:38.1 (115378425)|HEAP_ALLOCATE|[37]|Bytes:4
15:50:38.1 (115400990)|HEAP_ALLOCATE|[EXTERNAL]|Bytes:-4
15:50:38.1 (115404188)|STATEMENT_EXECUTE|[38]
15:50:38.115 (115472705)|CUMULATIVE_LIMIT_USAGE
15:50:38.115 (115472705)|LIMIT_USAGE_FOR_NS|(default)|
  Number of SOQL queries: 2 out of 100
  Number of query rows: 2 out of 50000
  Number of SOSL queries: 0 out of 20
  Number of DML statements: 0 out of 0
  Number of Publish Immediate DML: 0 out of 150
  Number of DML rows: 0 out of 10000
  Maximum CPU time: 0 out of 10000
  Maximum heap size: 0 out of 6000000
  Number of callouts: 0 out of 100
  Number of Email Invocations: 0 out of 10
  Number of future calls: 0 out of 50
  Number of queueable jobs added to the queue: 0 out of 50
  Number of Mobile Apex push calls: 0 out of 10

15:50:38.115 (115472705)|CUMULATIVE_LIMIT_USAGE_END

15:50:38.1 (115524938)|CODE_UNIT_FINISHED|OfferComponentController.getOffers()
15:50:38.1 (115700144)|CODE_UNIT_FINISHED|apex://OfferComponentController/ACTION$getOffers
15:50:38.1 (115707458)|EXECUTION_FINISHED
