66.0 APEX_CODE,FINEST;APEX_PROFILING,INFO;CALLOUT,INFO;DATA_ACCESS,INFO;DB,INFO;NBA,INFO;SYSTEM,DEBUG;VALIDATION,INFO;VISUALFORCE,INFO;WAVE,INFO;WORKFLOW,INFO
17:55:02.2 (2230678)|USER_INFO|[EXTERNAL]|0057F0000042UBb|ishibashi@hurex.co.jp.dev1|(GMT+09:00) 日本標準時 (Asia/Tokyo)|GMT+09:00
17:55:02.2 (2268916)|EXECUTION_STARTED
17:55:02.2 (2279587)|CODE_UNIT_STARTED|[EXTERNAL]|apex://CustomNotificationController/ACTION$getNotifications
17:55:02.2 (3381702)|CODE_UNIT_STARTED|[EXTERNAL]|01pBK000001VvEL|CustomNotificationController.getNotifications(String)
17:55:02.2 (4647070)|HEAP_ALLOCATE|[95]|Bytes:3
17:55:02.2 (4752328)|HEAP_ALLOCATE|[100]|Bytes:152
17:55:02.2 (4765431)|HEAP_ALLOCATE|[417]|Bytes:408
17:55:02.2 (4774913)|HEAP_ALLOCATE|[430]|Bytes:408
17:55:02.2 (4793313)|HEAP_ALLOCATE|[317]|Bytes:6
17:55:02.2 (4825701)|HEAP_ALLOCATE|[EXTERNAL]|Bytes:7
17:55:02.2 (4836594)|METHOD_ENTRY|[1]|01pBK000001VvEL|CustomNotificationController.CustomNotificationController()
17:55:02.2 (4844000)|STATEMENT_EXECUTE|[1]
17:55:02.2 (4848801)|STATEMENT_EXECUTE|[1]
17:55:02.2 (4864490)|HEAP_ALLOCATE|[68]|Bytes:5
17:55:02.2 (4881986)|HEAP_ALLOCATE|[74]|Bytes:5
17:55:02.2 (4886741)|HEAP_ALLOCATE|[82]|Bytes:7
17:55:02.2 (5033918)|HEAP_ALLOCATE|[EXTERNAL]|Bytes:5
17:55:02.2 (5044726)|METHOD_EXIT|[1]|CustomNotificationController
17:55:02.2 (5053068)|VARIABLE_SCOPE_BEGIN|[5]|before|String|false|false
17:55:02.2 (5091469)|VARIABLE_ASSIGNMENT|[5]|before|null
17:55:02.2 (5099076)|HEAP_ALLOCATE|[6]|Bytes:5
17:55:02.2 (5101542)|STATEMENT_EXECUTE|[5]
17:55:02.2 (5102471)|STATEMENT_EXECUTE|[6]
17:55:02.2 (5126612)|VARIABLE_SCOPE_BEGIN|[6]|req|System.HttpRequest|true|false
17:55:02.2 (5375791)|VARIABLE_ASSIGNMENT|[6]|req|"System.HttpRequest[Endpoint=null, Method=null]"|0x3b6a8ca3
17:55:02.2 (5396274)|STATEMENT_EXECUTE|[7]
17:55:02.2 (5399736)|HEAP_ALLOCATE|[7]|Bytes:3
17:55:02.2 (5473825)|STATEMENT_EXECUTE|[8]
17:55:02.2 (5475314)|HEAP_ALLOCATE|[8]|Bytes:13
17:55:02.2 (5477715)|HEAP_ALLOCATE|[8]|Bytes:7
17:55:02.2 (5511590)|HEAP_ALLOCATE|[8]|Bytes:105
17:55:02.2 (5519835)|SYSTEM_METHOD_ENTRY|[1]|UserInfo.UserInfo()
17:55:02.2 (5522222)|STATEMENT_EXECUTE|[1]
17:55:02.2 (5527667)|SYSTEM_METHOD_EXIT|[1]|UserInfo
17:55:02.2 (5540837)|METHOD_ENTRY|[8]||System.UserInfo.getSessionId()
17:55:02.2 (13358056)|METHOD_EXIT|[8]||System.UserInfo.getSessionId()
17:55:02.2 (13397441)|HEAP_ALLOCATE|[8]|Bytes:119
17:55:02.2 (13442645)|STATEMENT_EXECUTE|[10]
17:55:02.2 (13478806)|HEAP_ALLOCATE|[10]|Bytes:67
17:55:02.2 (13491071)|SYSTEM_METHOD_ENTRY|[1]|Url.Url()
17:55:02.2 (13493070)|STATEMENT_EXECUTE|[1]
17:55:02.2 (13498970)|SYSTEM_METHOD_EXIT|[1]|Url
17:55:02.2 (13507990)|METHOD_ENTRY|[10]||System.Url.getOrgDomainUrl()
17:55:02.2 (13697518)|METHOD_EXIT|[10]||System.Url.getOrgDomainUrl()
17:55:02.2 (13709524)|METHOD_ENTRY|[10]||System.Url.toExternalForm()
17:55:02.2 (13754506)|METHOD_EXIT|[10]||System.Url.toExternalForm()
17:55:02.2 (13758115)|VARIABLE_SCOPE_BEGIN|[10]|domainPath|String|false|false
17:55:02.2 (13778609)|VARIABLE_ASSIGNMENT|[10]|domainPath|"https://hurex--dev1. (25 more) ..."
17:55:02.2 (13782905)|STATEMENT_EXECUTE|[11]
17:55:02.2 (13785424)|HEAP_ALLOCATE|[11]|Bytes:50
17:55:02.2 (13792086)|HEAP_ALLOCATE|[11]|Bytes:95
17:55:02.2 (13795930)|VARIABLE_SCOPE_BEGIN|[11]|endpoint|String|false|false
17:55:02.2 (13802793)|VARIABLE_ASSIGNMENT|[11]|endpoint|"https://hurex--dev1. (75 more) ..."
17:55:02.2 (13852067)|STATEMENT_EXECUTE|[13]
17:55:02.2 (13853652)|STATEMENT_EXECUTE|[16]
17:55:02.2 (13881856)|STATEMENT_EXECUTE|[18]
17:55:02.2 (13904885)|VARIABLE_SCOPE_BEGIN|[18]|http|System.Http|true|false
17:55:02.2 (14022005)|VARIABLE_ASSIGNMENT|[18]|http|"System.Http[]"|0x6b46018e
17:55:02.2 (14027251)|STATEMENT_EXECUTE|[19]
17:55:02.2 (14096947)|CALLOUT_REQUEST|[19]|System.HttpRequest[Endpoint=https://hurex--dev1.sandbox.my.salesforce.com/services/data/v56.0/connect/notifications?size=20, Method=GET]
17:55:02.2 (329124851)|HEAP_ALLOCATE|[EXTERNAL]|Bytes:872
17:55:02.2 (331392726)|CALLOUT_RESPONSE|[19]|System.HttpResponse[Status=OK, StatusCode=200]
17:55:02.2 (331430121)|HEAP_ALLOCATE|[19]|Bytes:26
17:55:02.2 (331469397)|VARIABLE_SCOPE_BEGIN|[19]|res|System.HttpResponse|true|false
17:55:02.2 (331564196)|VARIABLE_ASSIGNMENT|[19]|res|"System.HttpResponse[Status=OK, StatusCode=200]"|0x7ee3e30f
17:55:02.2 (331625857)|STATEMENT_EXECUTE|[21]
17:55:02.2 (331627050)|STATEMENT_EXECUTE|[22]
17:55:02.2 (331648817)|HEAP_ALLOCATE|[22]|Bytes:20
17:55:02.331 (331688863)|CUMULATIVE_LIMIT_USAGE
17:55:02.331 (331688863)|LIMIT_USAGE_FOR_NS|(default)|
  Number of SOQL queries: 0 out of 100
  Number of query rows: 0 out of 50000
  Number of SOSL queries: 0 out of 20
  Number of DML statements: 0 out of 150
  Number of Publish Immediate DML: 0 out of 150
  Number of DML rows: 0 out of 10000
  Maximum CPU time: 0 out of 10000
  Maximum heap size: 0 out of 6000000
  Number of callouts: 1 out of 100
  Number of Email Invocations: 0 out of 10
  Number of future calls: 0 out of 50
  Number of queueable jobs added to the queue: 0 out of 50
  Number of Mobile Apex push calls: 0 out of 10

17:55:02.331 (331688863)|CUMULATIVE_LIMIT_USAGE_END

17:55:02.2 (331720965)|CODE_UNIT_FINISHED|CustomNotificationController.getNotifications(String)
17:55:02.2 (331876841)|CODE_UNIT_FINISHED|apex://CustomNotificationController/ACTION$getNotifications
17:55:02.2 (331881720)|EXECUTION_FINISHED
