66.0 APEX_CODE,FINEST;APEX_PROFILING,INFO;CALLOUT,INFO;DATA_ACCESS,INFO;DB,INFO;NBA,INFO;SYSTEM,DEBUG;VALIDATION,INFO;VISUALFORCE,INFO;WAVE,INFO;WORKFLOW,INFO
20:16:29.1 (1720115)|USER_INFO|[EXTERNAL]|0057F0000042UBb|ishibashi@hurex.co.jp.dev1|(GMT+09:00) 日本標準時 (Asia/Tokyo)|GMT+09:00
20:16:29.1 (1780878)|EXECUTION_STARTED
20:16:29.1 (1804608)|CODE_UNIT_STARTED|[EXTERNAL]|apex://JobDetailController/ACTION$getSelectionProcessStatus
20:16:29.1 (4909215)|CODE_UNIT_STARTED|[EXTERNAL]|01pBK000001e6PW|JobDetailController.getSelectionProcessStatus(Id)
20:16:29.1 (5248893)|HEAP_ALLOCATE|[95]|Bytes:3
20:16:29.1 (5341350)|HEAP_ALLOCATE|[100]|Bytes:152
20:16:29.1 (5358136)|HEAP_ALLOCATE|[417]|Bytes:408
20:16:29.1 (5370272)|HEAP_ALLOCATE|[430]|Bytes:408
20:16:29.1 (5390701)|HEAP_ALLOCATE|[317]|Bytes:6
20:16:29.1 (5398894)|HEAP_ALLOCATE|[EXTERNAL]|Bytes:13
20:16:29.1 (5420248)|METHOD_ENTRY|[6]|01pBK000001e6PW|JobDetailController.JobDetailController()
20:16:29.1 (5435101)|STATEMENT_EXECUTE|[6]
20:16:29.1 (5447036)|STATEMENT_EXECUTE|[6]
20:16:29.1 (5465889)|HEAP_ALLOCATE|[68]|Bytes:5
20:16:29.1 (5500624)|HEAP_ALLOCATE|[74]|Bytes:5
20:16:29.1 (5505671)|HEAP_ALLOCATE|[82]|Bytes:7
20:16:29.1 (5522976)|HEAP_ALLOCATE|[EXTERNAL]|Bytes:5
20:16:29.1 (5535472)|METHOD_EXIT|[6]|JobDetailController
20:16:29.1 (5538342)|HEAP_ALLOCATE|[EXTERNAL]|Bytes:4
20:16:29.1 (5557404)|VARIABLE_SCOPE_BEGIN|[134]|jobId|Id|false|false
20:16:29.1 (5796267)|VARIABLE_ASSIGNMENT|[134]|jobId|"a0KBK00000Gexcs2AB"
20:16:29.1 (5811668)|HEAP_ALLOCATE|[136]|Bytes:5
20:16:29.1 (5816008)|STATEMENT_EXECUTE|[134]
20:16:29.1 (5817668)|STATEMENT_EXECUTE|[136]
20:16:29.1 (5867376)|HEAP_ALLOCATE|[136]|Bytes:105
20:16:29.1 (5878218)|SYSTEM_METHOD_ENTRY|[1]|UserInfo.UserInfo()
20:16:29.1 (5882118)|STATEMENT_EXECUTE|[1]
20:16:29.1 (5890264)|SYSTEM_METHOD_EXIT|[1]|UserInfo
20:16:29.1 (5912843)|METHOD_ENTRY|[136]||System.UserInfo.getUserId()
20:16:29.1 (10719622)|METHOD_EXIT|[136]||System.UserInfo.getUserId()
20:16:29.1 (10761253)|HEAP_ALLOCATE|[136]|Bytes:4
20:16:29.1 (10773508)|VARIABLE_SCOPE_BEGIN|[136]|userId|Id|false|false
20:16:29.1 (10881810)|VARIABLE_ASSIGNMENT|[136]|userId|"0057F0000042UBbQAM"
20:16:29.1 (10887189)|STATEMENT_EXECUTE|[137]
20:16:29.1 (10890351)|HEAP_ALLOCATE|[137]|Bytes:54
20:16:29.1 (10912946)|HEAP_ALLOCATE|[137]|Bytes:4
20:16:29.1 (10923384)|HEAP_ALLOCATE|[137]|Bytes:7
20:16:29.1 (11364255)|SOQL_EXECUTE_BEGIN|[137]|Aggregations:0|SELECT AccountId FROM User WHERE Id = :tmpVar1 LIMIT 1
20:16:29.1 (32311000)|SOQL_EXECUTE_END|[137]|Rows:1
20:16:29.1 (32348166)|HEAP_ALLOCATE|[137]|Bytes:8
20:16:29.1 (32370482)|HEAP_ALLOCATE|[137]|Bytes:29
20:16:29.1 (32499999)|HEAP_ALLOCATE|[137]|Bytes:8
20:16:29.1 (32519833)|VARIABLE_SCOPE_BEGIN|[137]|users|List<User>|true|false
20:16:29.1 (32587145)|VARIABLE_ASSIGNMENT|[137]|users|[{"Id":"0057F0000042UBbQAM"}]|0x4d9fd1ef
20:16:29.1 (32706693)|HEAP_ALLOCATE|[139]|Bytes:8
20:16:29.1 (32723112)|STATEMENT_EXECUTE|[139]
20:16:29.1 (32725060)|STATEMENT_EXECUTE|[140]
20:16:29.32 (32788705)|CUMULATIVE_LIMIT_USAGE
20:16:29.32 (32788705)|LIMIT_USAGE_FOR_NS|(default)|
  Number of SOQL queries: 1 out of 100
  Number of query rows: 1 out of 50000
  Number of SOSL queries: 0 out of 20
  Number of DML statements: 0 out of 0
  Number of Publish Immediate DML: 0 out of 150
  Number of DML rows: 0 out of 10000
  Maximum CPU time: 0 out of 10000
  Maximum heap size: 0 out of 6000000
  Number of callouts: 0 out of 100
  Number of Email Invocations: 0 out of 10
  Number of future calls: 0 out of 50
  Number of queueable jobs added to the queue: 0 out of 50
  Number of Mobile Apex push calls: 0 out of 10

20:16:29.32 (32788705)|CUMULATIVE_LIMIT_USAGE_END

20:16:29.1 (32814058)|CODE_UNIT_FINISHED|JobDetailController.getSelectionProcessStatus(Id)
20:16:29.1 (32992563)|CODE_UNIT_FINISHED|apex://JobDetailController/ACTION$getSelectionProcessStatus
20:16:29.1 (32999442)|EXECUTION_FINISHED
