66.0 APEX_CODE,FINEST;APEX_PROFILING,INFO;CALLOUT,INFO;DATA_ACCESS,INFO;DB,INFO;NBA,INFO;SYSTEM,DEBUG;VALIDATION,INFO;VISUALFORCE,INFO;WAVE,INFO;WORKFLOW,INFO
15:19:29.2 (2271957)|USER_INFO|[EXTERNAL]|0057F0000042UBb|ishibashi@hurex.co.jp.dev1|(GMT+09:00) 日本標準時 (Asia/Tokyo)|GMT+09:00
15:19:29.2 (2336591)|EXECUTION_STARTED
15:19:29.2 (2347376)|CODE_UNIT_STARTED|[EXTERNAL]|apex://RecentJobViewedController/ACTION$getRecentViewedJobs
15:19:29.2 (3208447)|CODE_UNIT_STARTED|[EXTERNAL]|01pBK000001RE9Z|RecentJobViewedController.getRecentViewedJobs()
15:19:29.2 (3526836)|VARIABLE_SCOPE_BEGIN|[4]|RecentJobViewedController.testForceException|Boolean|false|true
15:19:29.2 (3829582)|HEAP_ALLOCATE|[95]|Bytes:3
15:19:29.2 (3914880)|HEAP_ALLOCATE|[100]|Bytes:152
15:19:29.2 (3934387)|HEAP_ALLOCATE|[417]|Bytes:408
15:19:29.2 (3952262)|HEAP_ALLOCATE|[430]|Bytes:408
15:19:29.2 (3980308)|HEAP_ALLOCATE|[317]|Bytes:6
15:19:29.2 (3993522)|HEAP_ALLOCATE|[EXTERNAL]|Bytes:1
15:19:29.2 (4008436)|METHOD_ENTRY|[1]|01pBK000001RE9Z|RecentJobViewedController.RecentJobViewedController()
15:19:29.2 (4015862)|STATEMENT_EXECUTE|[1]
15:19:29.2 (4022851)|STATEMENT_EXECUTE|[1]
15:19:29.2 (4043111)|HEAP_ALLOCATE|[68]|Bytes:5
15:19:29.2 (4070460)|HEAP_ALLOCATE|[74]|Bytes:5
15:19:29.2 (4076918)|HEAP_ALLOCATE|[82]|Bytes:7
15:19:29.2 (4450046)|HEAP_ALLOCATE|[4]|Bytes:5
15:19:29.2 (4457514)|STATEMENT_EXECUTE|[4]
15:19:29.2 (4465603)|HEAP_ALLOCATE|[4]|Bytes:5
15:19:29.2 (4510237)|VARIABLE_ASSIGNMENT|[4]|RecentJobViewedController.testForceException|false
15:19:29.2 (4554375)|METHOD_EXIT|[1]|RecentJobViewedController
15:19:29.2 (4576292)|HEAP_ALLOCATE|[8]|Bytes:5
15:19:29.2 (4580517)|STATEMENT_EXECUTE|[7]
15:19:29.2 (4582010)|STATEMENT_EXECUTE|[8]
15:19:29.2 (4583238)|STATEMENT_EXECUTE|[8]
15:19:29.2 (4643449)|HEAP_ALLOCATE|[9]|Bytes:118
15:19:29.2 (4651255)|SYSTEM_METHOD_ENTRY|[1]|Test.Test()
15:19:29.2 (4654084)|STATEMENT_EXECUTE|[1]
15:19:29.2 (4661007)|SYSTEM_METHOD_EXIT|[1]|Test
15:19:29.2 (4680539)|METHOD_ENTRY|[9]||System.Test.isRunningTest()
15:19:29.2 (4742348)|METHOD_EXIT|[9]||System.Test.isRunningTest()
15:19:29.2 (4750489)|STATEMENT_EXECUTE|[9]
15:19:29.2 (4752060)|STATEMENT_EXECUTE|[13]
15:19:29.2 (4754587)|HEAP_ALLOCATE|[13]|Bytes:137
15:19:29.2 (4782558)|HEAP_ALLOCATE|[13]|Bytes:4
15:19:29.2 (8566553)|SOQL_EXECUTE_BEGIN|[13]|Aggregations:0|SELECT Id, Name, JobPosition__c, LastViewedDate FROM Job__c WHERE LastViewedDate != NULL ORDER BY LastViewedDate DESC NULLS FIRST LIMIT 4
15:19:29.2 (22532115)|SOQL_EXECUTE_END|[13]|Rows:4
15:19:29.2 (22580451)|HEAP_ALLOCATE|[13]|Bytes:20
15:19:29.2 (22616174)|HEAP_ALLOCATE|[13]|Bytes:677
15:19:29.2 (22687568)|HEAP_ALLOCATE|[13]|Bytes:20
15:19:29.22 (22777545)|CUMULATIVE_LIMIT_USAGE
15:19:29.22 (22777545)|LIMIT_USAGE_FOR_NS|(default)|
  Number of SOQL queries: 1 out of 100
  Number of query rows: 4 out of 50000
  Number of SOSL queries: 0 out of 20
  Number of DML statements: 0 out of 0
  Number of Publish Immediate DML: 0 out of 150
  Number of DML rows: 0 out of 10000
  Maximum CPU time: 0 out of 10000
  Maximum heap size: 0 out of 6000000
  Number of callouts: 0 out of 100
  Number of Email Invocations: 0 out of 10
  Number of future calls: 0 out of 50
  Number of queueable jobs added to the queue: 0 out of 50
  Number of Mobile Apex push calls: 0 out of 10

15:19:29.22 (22777545)|CUMULATIVE_LIMIT_USAGE_END

15:19:29.2 (22813768)|CODE_UNIT_FINISHED|RecentJobViewedController.getRecentViewedJobs()
15:19:29.2 (23026763)|CODE_UNIT_FINISHED|apex://RecentJobViewedController/ACTION$getRecentViewedJobs
15:19:29.2 (23035438)|EXECUTION_FINISHED
