66.0 APEX_CODE,FINEST;APEX_PROFILING,INFO;CALLOUT,INFO;DATA_ACCESS,INFO;DB,INFO;NBA,INFO;SYSTEM,DEBUG;VALIDATION,INFO;VISUALFORCE,INFO;WAVE,INFO;WORKFLOW,INFO
17:59:32.2 (2376452)|USER_INFO|[EXTERNAL]|0057F0000042UBb|ishibashi@hurex.co.jp.dev1|(GMT+09:00) 日本標準時 (Asia/Tokyo)|GMT+09:00
17:59:32.2 (2429972)|EXECUTION_STARTED
17:59:32.2 (2467234)|CODE_UNIT_STARTED|[EXTERNAL]|apex://RegistrationInfoController/ACTION$updateRegistrationInfo
17:59:32.2 (6369257)|CODE_UNIT_STARTED|[EXTERNAL]|01pBK000001mgyr|RegistrationInfoController.updateRegistrationInfo(Map<String,ANY>)
17:59:32.2 (7774583)|HEAP_ALLOCATE|[95]|Bytes:3
17:59:32.2 (7901185)|HEAP_ALLOCATE|[100]|Bytes:152
17:59:32.2 (7916903)|HEAP_ALLOCATE|[417]|Bytes:408
17:59:32.2 (7934278)|HEAP_ALLOCATE|[430]|Bytes:408
17:59:32.2 (7958757)|HEAP_ALLOCATE|[317]|Bytes:6
17:59:32.2 (7970716)|HEAP_ALLOCATE|[EXTERNAL]|Bytes:23
17:59:32.2 (7974387)|HEAP_ALLOCATE|[EXTERNAL]|Bytes:37
17:59:32.2 (7976251)|HEAP_ALLOCATE|[EXTERNAL]|Bytes:7
17:59:32.2 (7996625)|METHOD_ENTRY|[5]|01pBK000001mgyr|RegistrationInfoController.RegistrationInfoController()
17:59:32.2 (8010358)|STATEMENT_EXECUTE|[5]
17:59:32.2 (8020150)|STATEMENT_EXECUTE|[5]
17:59:32.2 (8040435)|HEAP_ALLOCATE|[68]|Bytes:5
17:59:32.2 (8072149)|HEAP_ALLOCATE|[74]|Bytes:5
17:59:32.2 (8077272)|HEAP_ALLOCATE|[82]|Bytes:7
17:59:32.2 (8450996)|HEAP_ALLOCATE|[EXTERNAL]|Bytes:5
17:59:32.2 (8463698)|STATEMENT_EXECUTE|[7]
17:59:32.2 (8485639)|METHOD_EXIT|[5]|RegistrationInfoController
17:59:32.2 (8505719)|VARIABLE_SCOPE_BEGIN|[54]|wrapperMap|Map<String,ANY>|true|false
17:59:32.2 (8576445)|VARIABLE_ASSIGNMENT|[54]|wrapperMap|null|
17:59:32.2 (8591624)|HEAP_ALLOCATE|[56]|Bytes:5
17:59:32.2 (8594527)|STATEMENT_EXECUTE|[54]
17:59:32.2 (8595544)|STATEMENT_EXECUTE|[56]
17:59:32.2 (8599372)|HEAP_ALLOCATE|[56]|Bytes:8
17:59:32.2 (8685201)|HEAP_ALLOCATE|[56]|Bytes:41
17:59:32.2 (8814869)|FATAL_ERROR|System.NullPointerException: Attempt to de-reference a null object

Class.RegistrationInfoController.updateRegistrationInfo: line 56, column 1
17:59:32.2 (8823485)|FATAL_ERROR|System.NullPointerException: Attempt to de-reference a null object

Class.RegistrationInfoController.updateRegistrationInfo: line 56, column 1
17:59:32.8 (8834903)|CUMULATIVE_LIMIT_USAGE
17:59:32.8 (8834903)|LIMIT_USAGE_FOR_NS|(default)|
  Number of SOQL queries: 0 out of 100
  Number of query rows: 0 out of 50000
  Number of SOSL queries: 0 out of 20
  Number of DML statements: 0 out of 150
  Number of Publish Immediate DML: 0 out of 150
  Number of DML rows: 0 out of 10000
  Maximum CPU time: 0 out of 10000
  Maximum heap size: 0 out of 6000000
  Number of callouts: 0 out of 100
  Number of Email Invocations: 0 out of 10
  Number of future calls: 0 out of 50
  Number of queueable jobs added to the queue: 0 out of 50
  Number of Mobile Apex push calls: 0 out of 10

17:59:32.8 (8834903)|CUMULATIVE_LIMIT_USAGE_END

17:59:32.2 (8882367)|CODE_UNIT_FINISHED|RegistrationInfoController.updateRegistrationInfo(Map<String,ANY>)
17:59:32.2 (46117545)|CODE_UNIT_FINISHED|apex://RegistrationInfoController/ACTION$updateRegistrationInfo
17:59:32.2 (46143501)|EXECUTION_FINISHED
