65.0 APEX_CODE,FINEST;APEX_PROFILING,INFO;CALLOUT,INFO;DATA_ACCESS,INFO;DB,INFO;NBA,INFO;SYSTEM,DEBUG;VALIDATION,INFO;VISUALFORCE,INFO;WAVE,INFO;WORKFLOW,INFO
14:32:04.0 (864920)|USER_INFO|[EXTERNAL]|0057F0000042UBb|ishibashi@hurex.co.jp.dev1|(GMT+09:00) 日本標準時 (Asia/Tokyo)|GMT+09:00
14:32:04.0 (920021)|EXECUTION_STARTED
14:32:04.0 (943215)|CODE_UNIT_STARTED|[EXTERNAL]|01pBK000001k6Zh|ProcessControllerTest.setupTestData()
14:32:04.0 (1304381)|HEAP_ALLOCATE|[95]|Bytes:3
14:32:04.0 (1419767)|HEAP_ALLOCATE|[100]|Bytes:152
14:32:04.0 (1464460)|HEAP_ALLOCATE|[417]|Bytes:408
14:32:04.0 (1483809)|HEAP_ALLOCATE|[430]|Bytes:408
14:32:04.0 (1515365)|HEAP_ALLOCATE|[317]|Bytes:6
14:32:04.0 (1532614)|HEAP_ALLOCATE|[EXTERNAL]|Bytes:349
14:32:04.0 (1548166)|METHOD_ENTRY|[2]|01pBK000001k6Zh|ProcessControllerTest.ProcessControllerTest()
14:32:04.0 (1555167)|STATEMENT_EXECUTE|[2]
14:32:04.0 (1561941)|STATEMENT_EXECUTE|[2]
14:32:04.0 (1587164)|HEAP_ALLOCATE|[68]|Bytes:5
14:32:04.0 (1616712)|HEAP_ALLOCATE|[74]|Bytes:5
14:32:04.0 (1624402)|HEAP_ALLOCATE|[82]|Bytes:7
14:32:04.0 (4162917)|SYSTEM_MODE_ENTER|false
14:32:04.0 (4196760)|HEAP_ALLOCATE|[EXTERNAL]|Bytes:5
14:32:04.0 (4217397)|SYSTEM_MODE_EXIT|false
14:32:04.0 (4240106)|METHOD_EXIT|[2]|ProcessControllerTest
14:32:04.0 (4322887)|SYSTEM_MODE_ENTER|false
14:32:04.0 (4327346)|HEAP_ALLOCATE|[7]|Bytes:5
14:32:04.0 (4333593)|STATEMENT_EXECUTE|[5]
14:32:04.0 (4336256)|STATEMENT_EXECUTE|[7]
14:32:04.0 (4428916)|HEAP_ALLOCATE|[7]|Bytes:4
14:32:04.0 (4616863)|HEAP_ALLOCATE|[7]|Bytes:6
14:32:04.0 (4816812)|VARIABLE_ASSIGNMENT|[7]|this.Name|"テスト会社1"|0x83ad31
14:32:04.0 (4859642)|VARIABLE_SCOPE_BEGIN|[7]|account1|Account|true|false
14:32:04.0 (4888446)|VARIABLE_ASSIGNMENT|[7]|account1|{"Name":"テスト会社1"}|0x83ad31
14:32:04.0 (4896807)|STATEMENT_EXECUTE|[8]
14:32:04.0 (4907020)|HEAP_ALLOCATE|[8]|Bytes:4
14:32:04.0 (4913857)|HEAP_ALLOCATE|[8]|Bytes:6
14:32:04.0 (4959630)|VARIABLE_ASSIGNMENT|[8]|this.Name|"テスト会社2"|0x4a618cee
14:32:04.0 (4973372)|VARIABLE_SCOPE_BEGIN|[8]|account2|Account|true|false
14:32:04.0 (4984714)|VARIABLE_ASSIGNMENT|[8]|account2|{"Name":"テスト会社2"}|0x4a618cee
14:32:04.0 (4990132)|STATEMENT_EXECUTE|[9]
14:32:04.0 (5145007)|HEAP_ALLOCATE|[9]|Bytes:4
14:32:04.0 (5291825)|HEAP_ALLOCATE|[EXTERNAL]|Bytes:12
14:32:04.0 (5402722)|DML_BEGIN|[9]|Op:Insert|Type:Account|Rows:2
14:32:04.0 (5457401)|HEAP_ALLOCATE|[EXTERNAL]|Bytes:12
14:32:04.0 (742066778)|CODE_UNIT_STARTED|[EXTERNAL]|Flow:Account
14:32:04.0 (742107792)|CODE_UNIT_FINISHED|Flow:Account
14:32:04.753 (753907262)|HEAP_ALLOCATE|[EXTERNAL]|Bytes:12
14:32:04.753 (754134692)|HEAP_ALLOCATE|[EXTERNAL]|Bytes:4
14:32:04.753 (754154620)|VARIABLE_SCOPE_BEGIN|[1]|this|pi.LogAccountChange|true|false
14:32:04.753 (754318323)|VARIABLE_ASSIGNMENT|[1]|this|{}|0x7775b272
14:32:04.753 (769856880)|DML_BEGIN|[16]|Op:Insert|Type:pi__Trigger_Settings__c|Rows:1
14:32:04.753 (853414995)|DML_END|[16]
14:32:04.879 (879783774)|CUMULATIVE_LIMIT_USAGE
14:32:04.879 (879783774)|LIMIT_USAGE_FOR_NS|(default)|
  Number of SOQL queries: 0 out of 100
  Number of query rows: 0 out of 50000
  Number of SOSL queries: 0 out of 20
  Number of DML statements: 1 out of 150
  Number of Publish Immediate DML: 0 out of 150
  Number of DML rows: 2 out of 10000
  Maximum CPU time: 0 out of 10000
  Maximum heap size: 0 out of 6000000
  Number of callouts: 0 out of 100
  Number of Email Invocations: 0 out of 10
  Number of future calls: 0 out of 50
  Number of queueable jobs added to the queue: 0 out of 50
  Number of Mobile Apex push calls: 0 out of 10

14:32:04.879 (879783774)|LIMIT_USAGE_FOR_NS|pi|
  Number of SOQL queries: 0 out of 100
  Number of query rows: 0 out of 50000
  Number of SOSL queries: 0 out of 20
  Number of DML statements: 1 out of 150
  Number of Publish Immediate DML: 0 out of 150
  Number of DML rows: 1 out of 10000
  Maximum CPU time: 0 out of 10000
  Maximum heap size: 0 out of 6000000
  Number of callouts: 0 out of 100
  Number of Email Invocations: 0 out of 10
  Number of future calls: 0 out of 50
  Number of queueable jobs added to the queue: 0 out of 50
  Number of Mobile Apex push calls: 0 out of 10

14:32:04.879 (879783774)|CUMULATIVE_LIMIT_USAGE_END

14:32:05.758 (1758942593)|HEAP_ALLOCATE|[EXTERNAL]|Bytes:12
14:32:05.758 (1759129078)|HEAP_ALLOCATE|[EXTERNAL]|Bytes:4
14:32:05.758 (1759146282)|VARIABLE_SCOPE_BEGIN|[1]|this|pi.LogAccountChange|true|false
14:32:05.758 (1759423999)|VARIABLE_ASSIGNMENT|[1]|this|{}|0x68f29b8a
14:32:05.766 (1766244151)|CUMULATIVE_LIMIT_USAGE
14:32:05.766 (1766244151)|LIMIT_USAGE_FOR_NS|(default)|
  Number of SOQL queries: 0 out of 100
  Number of query rows: 0 out of 50000
  Number of SOSL queries: 0 out of 20
  Number of DML statements: 1 out of 150
  Number of Publish Immediate DML: 0 out of 150
  Number of DML rows: 2 out of 10000
  Maximum CPU time: 62 out of 10000
  Maximum heap size: 0 out of 6000000
  Number of callouts: 0 out of 100
  Number of Email Invocations: 0 out of 10
  Number of future calls: 0 out of 50
  Number of queueable jobs added to the queue: 0 out of 50
  Number of Mobile Apex push calls: 0 out of 10

14:32:05.766 (1766244151)|LIMIT_USAGE_FOR_NS|pi|
  Number of SOQL queries: 0 out of 100
  Number of query rows: 0 out of 50000
  Number of SOSL queries: 0 out of 20
  Number of DML statements: 1 out of 150
  Number of Publish Immediate DML: 0 out of 150
  Number of DML rows: 1 out of 10000
  Maximum CPU time: 0 out of 10000
  Maximum heap size: 0 out of 6000000
  Number of callouts: 0 out of 100
  Number of Email Invocations: 0 out of 10
  Number of future calls: 0 out of 50
  Number of queueable jobs added to the queue: 0 out of 50
  Number of Mobile Apex push calls: 0 out of 10

14:32:05.766 (1766244151)|CUMULATIVE_LIMIT_USAGE_END

14:32:05.780 (1780383328)|CODE_UNIT_STARTED|[EXTERNAL]|Flow:Account
14:32:05.780 (1780542487)|CODE_UNIT_FINISHED|Flow:Account
14:32:05.780 (1780592242)|CODE_UNIT_STARTED|[EXTERNAL]|Flow:Account
14:32:05.780 (1780600318)|CODE_UNIT_FINISHED|Flow:Account
14:32:05.780 (1820233051)|DML_END|[9]
14:32:05.780 (1822056264)|HEAP_ALLOCATE|[EXTERNAL]|Bytes:12
14:32:05.780 (1822085521)|STATEMENT_EXECUTE|[12]
14:32:05.780 (1822161559)|HEAP_ALLOCATE|[12]|Bytes:4
14:32:05.780 (1822428991)|VARIABLE_ASSIGNMENT|[12]|this.Company__c|"001BK00000gPgqLYAS"|0x4eee45a1
14:32:05.780 (1822439586)|HEAP_ALLOCATE|[14]|Bytes:5
14:32:05.780 (1822464424)|VARIABLE_ASSIGNMENT|[12]|this.Name|"エンジニア"|0x4eee45a1
14:32:05.780 (1822477336)|VARIABLE_ASSIGNMENT|[12]|this.JobPosition__c|"エンジニア"|0x4eee45a1
14:32:05.780 (1822480909)|HEAP_ALLOCATE|[16]|Bytes:18
14:32:05.780 (1822491375)|VARIABLE_ASSIGNMENT|[12]|this.JobCategory1__c|"IT系（ソフトウェア/ネットワーク）"|0x4eee45a1
14:32:05.780 (1822494779)|HEAP_ALLOCATE|[17]|Bytes:7
14:32:05.780 (1822503316)|VARIABLE_ASSIGNMENT|[12]|this.WorkLocation2__c|"東京都千代田区"|0x4eee45a1
14:32:05.780 (1822535663)|VARIABLE_SCOPE_BEGIN|[12]|job1|Job__c|true|false
14:32:05.780 (1822562053)|VARIABLE_ASSIGNMENT|[12]|job1|{"Company__c":"001BK00000gPgqLYAS","Name":"エンジニア","JobPosition__c":"エンジニア","JobCategory1__c":"IT系（ソフトウェア/ネットワーク）","WorkLocation2__c":"東京都千代田区"}|0x4eee45a1
14:32:05.780 (1822568584)|STATEMENT_EXECUTE|[19]
14:32:05.780 (1822578969)|HEAP_ALLOCATE|[19]|Bytes:4
14:32:05.780 (1822594869)|VARIABLE_ASSIGNMENT|[19]|this.Company__c|"001BK00000gPgqLYAS"|0x10153369
14:32:05.780 (1822597987)|HEAP_ALLOCATE|[21]|Bytes:2
14:32:05.780 (1822607114)|VARIABLE_ASSIGNMENT|[19]|this.Name|"営業"|0x10153369
14:32:05.780 (1822614974)|VARIABLE_ASSIGNMENT|[19]|this.JobPosition__c|"営業"|0x10153369
14:32:05.780 (1822618064)|HEAP_ALLOCATE|[23]|Bytes:3
14:32:05.780 (1822624666)|VARIABLE_ASSIGNMENT|[19]|this.JobCategory1__c|"営業系"|0x10153369
14:32:05.780 (1822627630)|HEAP_ALLOCATE|[24]|Bytes:6
14:32:05.780 (1822634174)|VARIABLE_ASSIGNMENT|[19]|this.WorkLocation2__c|"大阪府大阪市"|0x10153369
14:32:05.780 (1822641441)|VARIABLE_SCOPE_BEGIN|[19]|job2|Job__c|true|false
14:32:05.780 (1822649269)|VARIABLE_ASSIGNMENT|[19]|job2|{"Company__c":"001BK00000gPgqLYAS","Name":"営業","JobPosition__c":"営業","JobCategory1__c":"営業系","WorkLocation2__c":"大阪府大阪市"}|0x10153369
14:32:05.780 (1822652715)|STATEMENT_EXECUTE|[26]
14:32:05.780 (1822655981)|HEAP_ALLOCATE|[26]|Bytes:4
14:32:05.780 (1822666731)|VARIABLE_ASSIGNMENT|[26]|this.Company__c|"001BK00000gPgqMYAS"|0x3b67166f
14:32:05.780 (1822669530)|HEAP_ALLOCATE|[28]|Bytes:5
14:32:05.780 (1822682462)|VARIABLE_ASSIGNMENT|[26]|this.Name|"デザイナー"|0x3b67166f
14:32:05.780 (1822689884)|VARIABLE_ASSIGNMENT|[26]|this.JobPosition__c|"デザイナー"|0x3b67166f
14:32:05.780 (1822699356)|VARIABLE_ASSIGNMENT|[26]|this.JobCategory1__c|null|0x3b67166f
14:32:05.780 (1822706519)|VARIABLE_ASSIGNMENT|[26]|this.WorkLocation2__c|null|0x3b67166f
14:32:05.780 (1822712103)|VARIABLE_SCOPE_BEGIN|[26]|job3|Job__c|true|false
14:32:05.780 (1822719029)|VARIABLE_ASSIGNMENT|[26]|job3|{"Company__c":"001BK00000gPgqMYAS","Name":"デザイナー","JobPosition__c":"デザイナー"}|0x3b67166f
14:32:05.780 (1822722263)|STATEMENT_EXECUTE|[33]
14:32:05.780 (1822754857)|HEAP_ALLOCATE|[33]|Bytes:4
14:32:05.780 (1822853846)|HEAP_ALLOCATE|[EXTERNAL]|Bytes:16
14:32:05.780 (1822894069)|DML_BEGIN|[33]|Op:Insert|Type:Job__c|Rows:3
14:32:05.780 (1822944667)|HEAP_ALLOCATE|[EXTERNAL]|Bytes:16
14:32:05.780 (2396781090)|DML_END|[33]
14:32:05.780 (2398708815)|HEAP_ALLOCATE|[EXTERNAL]|Bytes:16
14:32:05.780 (2398741187)|STATEMENT_EXECUTE|[36]
14:32:05.780 (2398831620)|HEAP_ALLOCATE|[36]|Bytes:4
14:32:05.780 (2398934186)|VARIABLE_SCOPE_BEGIN|[36]|processes|List<SelectionProcess__c>|true|false
14:32:05.780 (2398947681)|HEAP_ALLOCATE|[EXTERNAL]|Bytes:4
14:32:05.780 (2398970489)|VARIABLE_ASSIGNMENT|[36]|processes|[]|0xb955d60
14:32:05.780 (2398976194)|STATEMENT_EXECUTE|[38]
14:32:05.780 (2399006099)|HEAP_ALLOCATE|[38]|Bytes:4
14:32:05.780 (2399221699)|VARIABLE_ASSIGNMENT|[38]|this.JobPosition__c|"a0KBK00000ImEO52AN"|0x719092
14:32:05.780 (2399229264)|HEAP_ALLOCATE|[40]|Bytes:5
14:32:05.780 (2399245874)|VARIABLE_ASSIGNMENT|[38]|this.LatestProcessStatus__c|"JOB打診"|0x719092
14:32:05.780 (2399327051)|HEAP_ALLOCATE|[EXTERNAL]|Bytes:4
14:32:05.780 (2399334170)|STATEMENT_EXECUTE|[42]
14:32:05.780 (2399349800)|HEAP_ALLOCATE|[42]|Bytes:4
14:32:05.780 (2399371345)|VARIABLE_ASSIGNMENT|[42]|this.JobPosition__c|"a0KBK00000ImEO52AN"|0x6574f7f3
14:32:05.780 (2399375615)|HEAP_ALLOCATE|[44]|Bytes:7
14:32:05.780 (2399387255)|VARIABLE_ASSIGNMENT|[42]|this.LatestProcessStatus__c|"求人詳細問合せ"|0x6574f7f3
14:32:05.780 (2399408438)|HEAP_ALLOCATE|[EXTERNAL]|Bytes:4
14:32:05.780 (2399412194)|STATEMENT_EXECUTE|[46]
14:32:05.780 (2399419182)|HEAP_ALLOCATE|[46]|Bytes:4
14:32:05.780 (2399437014)|VARIABLE_ASSIGNMENT|[46]|this.JobPosition__c|"a0KBK00000ImEO62AN"|0x3cbc05f8
14:32:05.780 (2399440255)|HEAP_ALLOCATE|[48]|Bytes:4
14:32:05.780 (2399450215)|VARIABLE_ASSIGNMENT|[46]|this.LatestProcessStatus__c|"応募承諾"|0x3cbc05f8
14:32:05.780 (2399466702)|HEAP_ALLOCATE|[EXTERNAL]|Bytes:4
14:32:05.780 (2399470000)|STATEMENT_EXECUTE|[50]
14:32:05.780 (2399474880)|HEAP_ALLOCATE|[50]|Bytes:4
14:32:05.780 (2399490918)|VARIABLE_ASSIGNMENT|[50]|this.JobPosition__c|"a0KBK00000ImEO62AN"|0x6167a48
14:32:05.780 (2399496593)|HEAP_ALLOCATE|[52]|Bytes:6
14:32:05.780 (2399504668)|VARIABLE_ASSIGNMENT|[50]|this.LatestProcessStatus__c|"面接（一次）"|0x6167a48
14:32:05.780 (2399519961)|HEAP_ALLOCATE|[EXTERNAL]|Bytes:4
14:32:05.780 (2399524585)|STATEMENT_EXECUTE|[54]
14:32:05.780 (2399530614)|HEAP_ALLOCATE|[54]|Bytes:4
14:32:05.780 (2399543107)|VARIABLE_ASSIGNMENT|[54]|this.JobPosition__c|"a0KBK00000ImEO72AN"|0x72abb537
14:32:05.780 (2399546015)|HEAP_ALLOCATE|[56]|Bytes:2
14:32:05.780 (2399555359)|VARIABLE_ASSIGNMENT|[54]|this.LatestProcessStatus__c|"内定"|0x72abb537
14:32:05.780 (2399572378)|HEAP_ALLOCATE|[EXTERNAL]|Bytes:4
14:32:05.780 (2399575600)|STATEMENT_EXECUTE|[58]
14:32:05.780 (2399579731)|HEAP_ALLOCATE|[58]|Bytes:4
14:32:05.780 (2399591209)|VARIABLE_ASSIGNMENT|[58]|this.JobPosition__c|"a0KBK00000ImEO72AN"|0x1d6d3df4
14:32:05.780 (2399594034)|HEAP_ALLOCATE|[60]|Bytes:4
14:32:05.780 (2399600729)|VARIABLE_ASSIGNMENT|[58]|this.LatestProcessStatus__c|"辞退済み"|0x1d6d3df4
14:32:05.780 (2399612403)|HEAP_ALLOCATE|[EXTERNAL]|Bytes:4
14:32:05.780 (2399615275)|STATEMENT_EXECUTE|[64]
14:32:05.780 (2399618735)|HEAP_ALLOCATE|[64]|Bytes:4
14:32:05.780 (2399637280)|VARIABLE_ASSIGNMENT|[64]|this.JobPosition__c|null|0x58037af7
14:32:05.780 (2399641809)|HEAP_ALLOCATE|[66]|Bytes:4
14:32:05.780 (2399653194)|VARIABLE_ASSIGNMENT|[64]|this.LatestProcessStatus__c|"社内NG"|0x58037af7
14:32:05.780 (2399671223)|HEAP_ALLOCATE|[EXTERNAL]|Bytes:4
14:32:05.780 (2399688243)|STATEMENT_EXECUTE|[70]
14:32:05.780 (2399696981)|HEAP_ALLOCATE|[70]|Bytes:4
14:32:05.780 (2399715929)|VARIABLE_ASSIGNMENT|[70]|this.JobPosition__c|"a0KBK00000ImEO52AN"|0x4364a25
14:32:05.780 (2399728009)|VARIABLE_ASSIGNMENT|[70]|this.LatestProcessStatus__c|null|0x4364a25
14:32:05.780 (2399747108)|HEAP_ALLOCATE|[EXTERNAL]|Bytes:4
14:32:05.780 (2399751428)|STATEMENT_EXECUTE|[75]
14:32:05.780 (2399808634)|DML_BEGIN|[75]|Op:Insert|Type:SelectionProcess__c|Rows:8
14:32:05.780 (2399852907)|HEAP_ALLOCATE|[EXTERNAL]|Bytes:36
14:32:05.780 (2710386666)|CODE_UNIT_STARTED|[EXTERNAL]|Flow:01IBK000000xk5F
14:32:05.780 (2710418144)|CODE_UNIT_FINISHED|Flow:01IBK000000xk5F
14:32:06.896 (2896733767)|CODE_UNIT_STARTED|[EXTERNAL]|Flow:01IBK000000xk5F
14:32:06.896 (2896771778)|CODE_UNIT_FINISHED|Flow:01IBK000000xk5F
14:32:06.896 (2896818668)|CODE_UNIT_STARTED|[EXTERNAL]|Flow:01IBK000000xk5F
14:32:06.896 (2896824988)|CODE_UNIT_FINISHED|Flow:01IBK000000xk5F
14:32:06.896 (2902384379)|DML_END|[75]
14:32:06.896 (2902535244)|VF_PAGE_MESSAGE|選考プロセス（最新）: 制限つき選択リスト項目の値が不適切: 辞退済み
14:32:06.896 (2902582459)|VF_PAGE_MESSAGE|制限つき選択リスト項目の値が不適切: 社内NG
14:32:06.896 (2902674542)|EXCEPTION_THROWN|[75]|System.DmlException: Insert failed. First exception on row 5; first error: INVALID_OR_NULL_FOR_RESTRICTED_PICKLIST, 選考プロセス（最新）: 制限つき選択リスト項目の値が不適切: 辞退済み: [LatestProcessStatus__c]
14:32:06.896 (2906905634)|HEAP_ALLOCATE|[75]|Bytes:160
14:32:06.896 (2906970108)|SYSTEM_MODE_EXIT|false
14:32:06.896 (2907069597)|FATAL_ERROR|System.DmlException: Insert failed. First exception on row 5; first error: INVALID_OR_NULL_FOR_RESTRICTED_PICKLIST, 選考プロセス（最新）: 制限つき選択リスト項目の値が不適切: 辞退済み: [LatestProcessStatus__c]

Class.ProcessControllerTest.setupTestData: line 75, column 1
14:32:06.896 (2907085208)|FATAL_ERROR|System.DmlException: Insert failed. First exception on row 5; first error: INVALID_OR_NULL_FOR_RESTRICTED_PICKLIST, 選考プロセス（最新）: 制限つき選択リスト項目の値が不適切: 辞退済み: [LatestProcessStatus__c]

Class.ProcessControllerTest.setupTestData: line 75, column 1
14:32:06.907 (2907094474)|CUMULATIVE_LIMIT_USAGE
14:32:06.907 (2907094474)|LIMIT_USAGE_FOR_NS|(default)|
  Number of SOQL queries: 0 out of 100
  Number of query rows: 0 out of 50000
  Number of SOSL queries: 0 out of 20
  Number of DML statements: 3 out of 150
  Number of Publish Immediate DML: 0 out of 150
  Number of DML rows: 13 out of 10000
  Maximum CPU time: 62 out of 10000
  Maximum heap size: 0 out of 6000000
  Number of callouts: 0 out of 100
  Number of Email Invocations: 0 out of 10
  Number of future calls: 0 out of 50
  Number of queueable jobs added to the queue: 0 out of 50
  Number of Mobile Apex push calls: 0 out of 10

14:32:06.907 (2907094474)|LIMIT_USAGE_FOR_NS|pi|
  Number of SOQL queries: 0 out of 100
  Number of query rows: 0 out of 50000
  Number of SOSL queries: 0 out of 20
  Number of DML statements: 1 out of 150
  Number of Publish Immediate DML: 0 out of 150
  Number of DML rows: 1 out of 10000
  Maximum CPU time: 0 out of 10000
  Maximum heap size: 0 out of 6000000
  Number of callouts: 0 out of 100
  Number of Email Invocations: 0 out of 10
  Number of future calls: 0 out of 50
  Number of queueable jobs added to the queue: 0 out of 50
  Number of Mobile Apex push calls: 0 out of 10

14:32:06.907 (2907094474)|CUMULATIVE_LIMIT_USAGE_END

14:32:06.896 (2907133672)|CODE_UNIT_FINISHED|ProcessControllerTest.setupTestData()
14:32:06.896 (2907140095)|EXECUTION_FINISHED
