66.0 APEX_CODE,FINEST;APEX_PROFILING,INFO;CALLOUT,INFO;DATA_ACCESS,INFO;DB,INFO;NBA,INFO;SYSTEM,DEBUG;VALIDATION,INFO;VISUALFORCE,INFO;WAVE,INFO;WORKFLOW,INFO
16:21:58.0 (589033)|USER_INFO|[EXTERNAL]|0057F0000042UBb|ishibashi@hurex.co.jp.dev1|(GMT+09:00) 日本標準時 (Asia/Tokyo)|GMT+09:00
16:21:58.0 (628169)|EXECUTION_STARTED
16:21:58.0 (638589)|CODE_UNIT_STARTED|[EXTERNAL]|apex://CareerHistoryController/ACTION$getCareerHistory
16:21:58.0 (2330222)|CODE_UNIT_STARTED|[EXTERNAL]|01pBK000001lv3t|CareerHistoryController.getCareerHistory()
16:21:58.0 (2793935)|HEAP_ALLOCATE|[95]|Bytes:3
16:21:58.0 (2885604)|HEAP_ALLOCATE|[100]|Bytes:152
16:21:58.0 (2905449)|HEAP_ALLOCATE|[417]|Bytes:408
16:21:58.0 (2924438)|HEAP_ALLOCATE|[430]|Bytes:408
16:21:58.0 (2955678)|HEAP_ALLOCATE|[317]|Bytes:6
16:21:58.0 (2969753)|HEAP_ALLOCATE|[EXTERNAL]|Bytes:13
16:21:58.0 (2973858)|HEAP_ALLOCATE|[EXTERNAL]|Bytes:17
16:21:58.0 (2976507)|HEAP_ALLOCATE|[EXTERNAL]|Bytes:2
16:21:58.0 (2987072)|METHOD_ENTRY|[1]|01pBK000001lv3t|CareerHistoryController.CareerHistoryController()
16:21:58.0 (2993991)|STATEMENT_EXECUTE|[1]
16:21:58.0 (3000088)|STATEMENT_EXECUTE|[1]
16:21:58.0 (3026431)|HEAP_ALLOCATE|[68]|Bytes:5
16:21:58.0 (3062422)|HEAP_ALLOCATE|[74]|Bytes:5
16:21:58.0 (3070608)|HEAP_ALLOCATE|[82]|Bytes:7
16:21:58.0 (3319958)|HEAP_ALLOCATE|[EXTERNAL]|Bytes:5
16:21:58.0 (3327275)|STATEMENT_EXECUTE|[4]
16:21:58.0 (3340193)|METHOD_EXIT|[1]|CareerHistoryController
16:21:58.0 (3354197)|HEAP_ALLOCATE|[21]|Bytes:5
16:21:58.0 (3356881)|STATEMENT_EXECUTE|[20]
16:21:58.0 (3357865)|STATEMENT_EXECUTE|[21]
16:21:58.0 (3370661)|HEAP_ALLOCATE|[21]|Bytes:4
16:21:58.0 (3451906)|VARIABLE_SCOPE_BEGIN|[21]|careerList|List<CareerHistoryController.CareerWrapper>|true|false
16:21:58.0 (3491807)|HEAP_ALLOCATE|[EXTERNAL]|Bytes:4
16:21:58.0 (3548771)|VARIABLE_ASSIGNMENT|[21]|careerList|[]|0x28bb208c
16:21:58.0 (3552742)|STATEMENT_EXECUTE|[22]
16:21:58.0 (3631833)|HEAP_ALLOCATE|[22]|Bytes:4
16:21:58.0 (3742598)|VARIABLE_SCOPE_BEGIN|[22]|acc|Account|true|false
16:21:58.0 (3763391)|VARIABLE_ASSIGNMENT|[22]|acc|{}|0x581ba509
16:21:58.0 (3768414)|STATEMENT_EXECUTE|[24]
16:21:58.0 (3769742)|STATEMENT_EXECUTE|[24]
16:21:58.0 (3771236)|STATEMENT_EXECUTE|[25]
16:21:58.0 (3774951)|HEAP_ALLOCATE|[25]|Bytes:54
16:21:58.0 (3793170)|HEAP_ALLOCATE|[25]|Bytes:4
16:21:58.0 (3803201)|HEAP_ALLOCATE|[25]|Bytes:7
16:21:58.0 (3847510)|HEAP_ALLOCATE|[25]|Bytes:105
16:21:58.0 (3858039)|SYSTEM_METHOD_ENTRY|[1]|UserInfo.UserInfo()
16:21:58.0 (3861417)|STATEMENT_EXECUTE|[1]
16:21:58.0 (3868645)|SYSTEM_METHOD_EXIT|[1]|UserInfo
16:21:58.0 (3880965)|METHOD_ENTRY|[25]||System.UserInfo.getUserId()
16:21:58.0 (8756553)|METHOD_EXIT|[25]||System.UserInfo.getUserId()
16:21:58.0 (10021151)|SOQL_EXECUTE_BEGIN|[25]|Aggregations:0|SELECT AccountId FROM User WHERE Id = :tmpVar1 LIMIT 1
16:21:58.0 (16615202)|SOQL_EXECUTE_END|[25]|Rows:1
16:21:58.0 (16655190)|HEAP_ALLOCATE|[25]|Bytes:8
16:21:58.0 (16676732)|HEAP_ALLOCATE|[25]|Bytes:29
16:21:58.0 (16791164)|HEAP_ALLOCATE|[25]|Bytes:8
16:21:58.0 (16809331)|HEAP_ALLOCATE|[25]|Bytes:30
16:21:58.0 (16887941)|HEAP_ALLOCATE|[25]|Bytes:8
16:21:58.0 (16897675)|VARIABLE_SCOPE_BEGIN|[25]|currentUser|User|true|false
16:21:58.0 (16972935)|VARIABLE_ASSIGNMENT|[25]|currentUser|{"Id":"0057F0000042UBbQAM"}|0xc46e131
16:21:58.0 (16991271)|STATEMENT_EXECUTE|[27]
16:21:58.0 (16995594)|STATEMENT_EXECUTE|[44]
16:21:58.0 (17109778)|HEAP_ALLOCATE|[44]|Bytes:276
16:21:58.0 (17117624)|HEAP_ALLOCATE|[44]|Bytes:21
16:21:58.0 (17143239)|HEAP_ALLOCATE|[44]|Bytes:40
16:21:58.0 (17174240)|CONSTRUCTOR_ENTRY|[44]|01pBK000001lv3t|<init>()|CareerHistoryController.CareerWrapper
16:21:58.0 (17224725)|VARIABLE_SCOPE_BEGIN|[4]|this|CareerHistoryController.CareerWrapper|true|false
16:21:58.0 (17318513)|VARIABLE_ASSIGNMENT|[4]|this|{}|0xab8052c
16:21:58.0 (17328805)|HEAP_ALLOCATE|[EXTERNAL]|Bytes:6
16:21:58.0 (17365966)|STATEMENT_EXECUTE|[4]
16:21:58.0 (17367678)|STATEMENT_EXECUTE|[5]
16:21:58.0 (17368954)|STATEMENT_EXECUTE|[6]
16:21:58.0 (17370080)|STATEMENT_EXECUTE|[7]
16:21:58.0 (17371203)|STATEMENT_EXECUTE|[8]
16:21:58.0 (17372359)|STATEMENT_EXECUTE|[9]
16:21:58.0 (17373574)|STATEMENT_EXECUTE|[10]
16:21:58.0 (17374903)|STATEMENT_EXECUTE|[11]
16:21:58.0 (17376434)|STATEMENT_EXECUTE|[12]
16:21:58.0 (17377616)|STATEMENT_EXECUTE|[13]
16:21:58.0 (17382257)|CONSTRUCTOR_EXIT|[44]|01pBK000001lv3t|<init>()|CareerHistoryController.CareerWrapper
16:21:58.0 (17387990)|VARIABLE_SCOPE_BEGIN|[44]|c1|CareerHistoryController.CareerWrapper|true|false
16:21:58.0 (17407393)|VARIABLE_ASSIGNMENT|[44]|c1|{}|0xab8052c
16:21:58.0 (17412046)|STATEMENT_EXECUTE|[45]
16:21:58.0 (17414634)|HEAP_ALLOCATE|[45]|Bytes:1
16:21:58.0 (17483478)|VARIABLE_ASSIGNMENT|[EXTERNAL]|this|{}|0xab8052c
16:21:58.0 (17492459)|VARIABLE_ASSIGNMENT|[EXTERNAL]|value|"1"
16:21:58.0 (17505739)|VARIABLE_ASSIGNMENT|[5]|this.id|"1"|0xab8052c
16:21:58.0 (17514538)|STATEMENT_EXECUTE|[46]
16:21:58.0 (17533824)|METHOD_ENTRY|[46]|01pBK000001lv3t|CareerHistoryController.nullToEmpty(String)
16:21:58.0 (17544868)|VARIABLE_SCOPE_BEGIN|[145]|str|String|false|false
16:21:58.0 (17553728)|VARIABLE_ASSIGNMENT|[145]|str|null
16:21:58.0 (17569815)|HEAP_ALLOCATE|[145]|Bytes:5
16:21:58.0 (17573579)|STATEMENT_EXECUTE|[145]
16:21:58.0 (17575053)|STATEMENT_EXECUTE|[145]
16:21:58.0 (17586228)|METHOD_EXIT|[46]|01pBK000001lv3t|CareerHistoryController.nullToEmpty(String)
16:21:58.0 (17612890)|VARIABLE_ASSIGNMENT|[EXTERNAL]|this|{"id":"1"}|0xab8052c
16:21:58.0 (17619931)|VARIABLE_ASSIGNMENT|[EXTERNAL]|value|""
16:21:58.0 (17627437)|VARIABLE_ASSIGNMENT|[6]|this.companyName|""|0xab8052c
16:21:58.0 (17633772)|STATEMENT_EXECUTE|[47]
16:21:58.0 (17638764)|METHOD_ENTRY|[47]|01pBK000001lv3t|CareerHistoryController.nullToEmpty(String)
16:21:58.0 (17645506)|VARIABLE_SCOPE_BEGIN|[145]|str|String|false|false
16:21:58.0 (17651042)|VARIABLE_ASSIGNMENT|[145]|str|null
16:21:58.0 (17657269)|HEAP_ALLOCATE|[145]|Bytes:5
16:21:58.0 (17660236)|STATEMENT_EXECUTE|[145]
16:21:58.0 (17661569)|STATEMENT_EXECUTE|[145]
16:21:58.0 (17665352)|METHOD_EXIT|[47]|01pBK000001lv3t|CareerHistoryController.nullToEmpty(String)
16:21:58.0 (17690732)|VARIABLE_ASSIGNMENT|[EXTERNAL]|this|{"companyName":"","id":"1"}|0xab8052c
16:21:58.0 (17697232)|VARIABLE_ASSIGNMENT|[EXTERNAL]|value|""
16:21:58.0 (17703737)|VARIABLE_ASSIGNMENT|[10]|this.annualIncome|""|0xab8052c
16:21:58.0 (17709293)|STATEMENT_EXECUTE|[48]
16:21:58.0 (17714124)|METHOD_ENTRY|[48]|01pBK000001lv3t|CareerHistoryController.nullToEmpty(String)
16:21:58.0 (17720379)|VARIABLE_SCOPE_BEGIN|[145]|str|String|false|false
16:21:58.0 (17726034)|VARIABLE_ASSIGNMENT|[145]|str|null
16:21:58.0 (17731498)|HEAP_ALLOCATE|[145]|Bytes:5
16:21:58.0 (17734230)|STATEMENT_EXECUTE|[145]
16:21:58.0 (17735407)|STATEMENT_EXECUTE|[145]
16:21:58.0 (17738833)|METHOD_EXIT|[48]|01pBK000001lv3t|CareerHistoryController.nullToEmpty(String)
16:21:58.0 (17760328)|VARIABLE_ASSIGNMENT|[EXTERNAL]|this|{"annualIncome":"","companyName":"","id":"1"}|0xab8052c
16:21:58.0 (17765048)|VARIABLE_ASSIGNMENT|[EXTERNAL]|value|""
16:21:58.0 (17769632)|VARIABLE_ASSIGNMENT|[11]|this.jobDescription|""|0xab8052c
16:21:58.0 (17773764)|STATEMENT_EXECUTE|[50]
16:21:58.0 (17777089)|METHOD_ENTRY|[50]|01pBK000001lv3t|CareerHistoryController.nullToEmpty(String)
16:21:58.0 (17782053)|VARIABLE_SCOPE_BEGIN|[145]|str|String|false|false
16:21:58.0 (17787698)|VARIABLE_ASSIGNMENT|[145]|str|null
16:21:58.0 (17792404)|HEAP_ALLOCATE|[145]|Bytes:5
16:21:58.0 (17795181)|STATEMENT_EXECUTE|[145]
16:21:58.0 (17796360)|STATEMENT_EXECUTE|[145]
16:21:58.0 (17799362)|METHOD_EXIT|[50]|01pBK000001lv3t|CareerHistoryController.nullToEmpty(String)
16:21:58.0 (17817497)|VARIABLE_ASSIGNMENT|[EXTERNAL]|this|{"annualIncome":"","companyName":"","id":"1","jobDescription":""}|0xab8052c
16:21:58.0 (17821788)|VARIABLE_ASSIGNMENT|[EXTERNAL]|value|""
16:21:58.0 (17826238)|VARIABLE_ASSIGNMENT|[12]|this.jobGroup|""|0xab8052c
16:21:58.0 (17831907)|STATEMENT_EXECUTE|[51]
16:21:58.0 (17835632)|METHOD_ENTRY|[51]|01pBK000001lv3t|CareerHistoryController.nullToEmpty(String)
16:21:58.0 (17841915)|VARIABLE_SCOPE_BEGIN|[145]|str|String|false|false
16:21:58.0 (17847562)|VARIABLE_ASSIGNMENT|[145]|str|null
16:21:58.0 (17852702)|HEAP_ALLOCATE|[145]|Bytes:5
16:21:58.0 (17854621)|STATEMENT_EXECUTE|[145]
16:21:58.0 (17855830)|STATEMENT_EXECUTE|[145]
16:21:58.0 (17857916)|METHOD_EXIT|[51]|01pBK000001lv3t|CareerHistoryController.nullToEmpty(String)
16:21:58.0 (17873968)|VARIABLE_ASSIGNMENT|[EXTERNAL]|this|{"annualIncome":"","companyName":"","id":"1","jobDescription":"","jobGroup":""}|0xab8052c
16:21:58.0 (17878503)|VARIABLE_ASSIGNMENT|[EXTERNAL]|value|""
16:21:58.0 (17882917)|VARIABLE_ASSIGNMENT|[13]|this.jobGroupOption|""|0xab8052c
16:21:58.0 (17886660)|STATEMENT_EXECUTE|[52]
16:21:58.0 (17899296)|METHOD_ENTRY|[52]|01pBK000001lv3t|CareerHistoryController.formatDateToYYYYMM(Date)
16:21:58.0 (17907501)|VARIABLE_SCOPE_BEGIN|[147]|d|Date|false|false
16:21:58.0 (17911526)|VARIABLE_ASSIGNMENT|[147]|d|null
16:21:58.0 (17915730)|HEAP_ALLOCATE|[148]|Bytes:5
16:21:58.0 (17918121)|STATEMENT_EXECUTE|[147]
16:21:58.0 (17919506)|STATEMENT_EXECUTE|[148]
16:21:58.0 (17922673)|METHOD_EXIT|[52]|01pBK000001lv3t|CareerHistoryController.formatDateToYYYYMM(Date)
16:21:58.0 (17938781)|VARIABLE_ASSIGNMENT|[EXTERNAL]|this|{"annualIncome":"","companyName":"","id":"1","jobDescription":"","jobGroup":"","jobGroupOption":""}|0xab8052c
16:21:58.0 (17943233)|VARIABLE_ASSIGNMENT|[EXTERNAL]|value|""
16:21:58.0 (17947313)|VARIABLE_ASSIGNMENT|[7]|this.startDateInput|""|0xab8052c
16:21:58.0 (17951052)|STATEMENT_EXECUTE|[53]
16:21:58.0 (17954163)|METHOD_ENTRY|[53]|01pBK000001lv3t|CareerHistoryController.formatDateToYYYYMM(Date)
16:21:58.0 (17957961)|VARIABLE_SCOPE_BEGIN|[147]|d|Date|false|false
16:21:58.0 (17961486)|VARIABLE_ASSIGNMENT|[147]|d|null
16:21:58.0 (17964871)|HEAP_ALLOCATE|[148]|Bytes:5
16:21:58.0 (17966464)|STATEMENT_EXECUTE|[147]
16:21:58.0 (17967379)|STATEMENT_EXECUTE|[148]
16:21:58.0 (17969306)|METHOD_EXIT|[53]|01pBK000001lv3t|CareerHistoryController.formatDateToYYYYMM(Date)
16:21:58.0 (17987158)|VARIABLE_ASSIGNMENT|[EXTERNAL]|this|{"annualIncome":"","companyName":"","id":"1","jobDescription":"","jobGroup":"","jobGroupOption":"","startDateInput":""}|0xab8052c
16:21:58.0 (17993836)|VARIABLE_ASSIGNMENT|[EXTERNAL]|value|""
16:21:58.0 (18000031)|VARIABLE_ASSIGNMENT|[8]|this.endDateInput|""|0xab8052c
16:21:58.0 (18007112)|STATEMENT_EXECUTE|[54]
16:21:58.0 (18036834)|VARIABLE_ASSIGNMENT|[EXTERNAL]|this|{"annualIncome":"","companyName":"","endDateInput":"","id":"1","jobDescription":"","jobGroup":"","jobGroupOption":"","startDateInput":""}|0xab8052c
16:21:58.0 (18043528)|VARIABLE_ASSIGNMENT|[EXTERNAL]|value|true
16:21:58.0 (18047018)|HEAP_ALLOCATE|[9]|Bytes:5
16:21:58.0 (18050453)|VARIABLE_ASSIGNMENT|[9]|this.isCurrentJob|true|0xab8052c
16:21:58.0 (18054233)|STATEMENT_EXECUTE|[55]
16:21:58.0 (18086103)|HEAP_ALLOCATE|[EXTERNAL]|Bytes:4
16:21:58.0 (18093712)|STATEMENT_EXECUTE|[58]
16:21:58.0 (18099088)|HEAP_ALLOCATE|[58]|Bytes:40
16:21:58.0 (18103857)|CONSTRUCTOR_ENTRY|[58]|01pBK000001lv3t|<init>()|CareerHistoryController.CareerWrapper
16:21:58.0 (18111931)|VARIABLE_SCOPE_BEGIN|[4]|this|CareerHistoryController.CareerWrapper|true|false
16:21:58.0 (18126207)|VARIABLE_ASSIGNMENT|[4]|this|{}|0x211fc9c3
16:21:58.0 (18140352)|STATEMENT_EXECUTE|[4]
16:21:58.0 (18141782)|STATEMENT_EXECUTE|[5]
16:21:58.0 (18142801)|STATEMENT_EXECUTE|[6]
16:21:58.0 (18143867)|STATEMENT_EXECUTE|[7]
16:21:58.0 (18144932)|STATEMENT_EXECUTE|[8]
16:21:58.0 (18147230)|STATEMENT_EXECUTE|[9]
16:21:58.0 (18148023)|STATEMENT_EXECUTE|[10]
16:21:58.0 (18148940)|STATEMENT_EXECUTE|[11]
16:21:58.0 (18149716)|STATEMENT_EXECUTE|[12]
16:21:58.0 (18150498)|STATEMENT_EXECUTE|[13]
16:21:58.0 (18152758)|CONSTRUCTOR_EXIT|[58]|01pBK000001lv3t|<init>()|CareerHistoryController.CareerWrapper
16:21:58.0 (18156207)|VARIABLE_SCOPE_BEGIN|[58]|c2|CareerHistoryController.CareerWrapper|true|false
16:21:58.0 (18166503)|VARIABLE_ASSIGNMENT|[58]|c2|{}|0x211fc9c3
16:21:58.0 (18169219)|STATEMENT_EXECUTE|[59]
16:21:58.0 (18171355)|HEAP_ALLOCATE|[59]|Bytes:1
16:21:58.0 (18184600)|VARIABLE_ASSIGNMENT|[EXTERNAL]|this|{}|0x211fc9c3
16:21:58.0 (18189160)|VARIABLE_ASSIGNMENT|[EXTERNAL]|value|"2"
16:21:58.0 (18193306)|VARIABLE_ASSIGNMENT|[5]|this.id|"2"|0x211fc9c3
16:21:58.0 (18196837)|STATEMENT_EXECUTE|[60]
16:21:58.0 (18200426)|METHOD_ENTRY|[60]|01pBK000001lv3t|CareerHistoryController.nullToEmpty(String)
16:21:58.0 (18203990)|VARIABLE_SCOPE_BEGIN|[145]|str|String|false|false
16:21:58.0 (18212689)|VARIABLE_ASSIGNMENT|[145]|str|null
16:21:58.0 (18217627)|HEAP_ALLOCATE|[145]|Bytes:5
16:21:58.0 (18219429)|STATEMENT_EXECUTE|[145]
16:21:58.0 (18220263)|STATEMENT_EXECUTE|[145]
16:21:58.0 (18223294)|METHOD_EXIT|[60]|01pBK000001lv3t|CareerHistoryController.nullToEmpty(String)
16:21:58.0 (18234398)|VARIABLE_ASSIGNMENT|[EXTERNAL]|this|{"id":"2"}|0x211fc9c3
16:21:58.0 (18238046)|VARIABLE_ASSIGNMENT|[EXTERNAL]|value|""
16:21:58.0 (18242010)|VARIABLE_ASSIGNMENT|[6]|this.companyName|""|0x211fc9c3
16:21:58.0 (18245436)|STATEMENT_EXECUTE|[61]
16:21:58.0 (18247984)|METHOD_ENTRY|[61]|01pBK000001lv3t|CareerHistoryController.nullToEmpty(String)
16:21:58.0 (18251641)|VARIABLE_SCOPE_BEGIN|[145]|str|String|false|false
16:21:58.0 (18254971)|VARIABLE_ASSIGNMENT|[145]|str|null
16:21:58.0 (18258003)|HEAP_ALLOCATE|[145]|Bytes:5
16:21:58.0 (18259552)|STATEMENT_EXECUTE|[145]
16:21:58.0 (18260470)|STATEMENT_EXECUTE|[145]
16:21:58.0 (18262461)|METHOD_EXIT|[61]|01pBK000001lv3t|CareerHistoryController.nullToEmpty(String)
16:21:58.0 (18273328)|VARIABLE_ASSIGNMENT|[EXTERNAL]|this|{"companyName":"","id":"2"}|0x211fc9c3
16:21:58.0 (18277511)|VARIABLE_ASSIGNMENT|[EXTERNAL]|value|""
16:21:58.0 (18281006)|VARIABLE_ASSIGNMENT|[11]|this.jobDescription|""|0x211fc9c3
16:21:58.0 (18284466)|STATEMENT_EXECUTE|[63]
16:21:58.0 (18286825)|METHOD_ENTRY|[63]|01pBK000001lv3t|CareerHistoryController.nullToEmpty(String)
16:21:58.0 (18290175)|VARIABLE_SCOPE_BEGIN|[145]|str|String|false|false
16:21:58.0 (18293717)|VARIABLE_ASSIGNMENT|[145]|str|null
16:21:58.0 (18296451)|HEAP_ALLOCATE|[145]|Bytes:5
16:21:58.0 (18298040)|STATEMENT_EXECUTE|[145]
16:21:58.0 (18298816)|STATEMENT_EXECUTE|[145]
16:21:58.0 (18300658)|METHOD_EXIT|[63]|01pBK000001lv3t|CareerHistoryController.nullToEmpty(String)
16:21:58.0 (18311020)|VARIABLE_ASSIGNMENT|[EXTERNAL]|this|{"companyName":"","id":"2","jobDescription":""}|0x211fc9c3
16:21:58.0 (18316274)|VARIABLE_ASSIGNMENT|[EXTERNAL]|value|""
16:21:58.0 (18321217)|VARIABLE_ASSIGNMENT|[12]|this.jobGroup|""|0x211fc9c3
16:21:58.0 (18326709)|STATEMENT_EXECUTE|[64]
16:21:58.0 (18330681)|METHOD_ENTRY|[64]|01pBK000001lv3t|CareerHistoryController.nullToEmpty(String)
16:21:58.0 (18336527)|VARIABLE_SCOPE_BEGIN|[145]|str|String|false|false
16:21:58.0 (18341873)|VARIABLE_ASSIGNMENT|[145]|str|null
16:21:58.0 (18346921)|HEAP_ALLOCATE|[145]|Bytes:5
16:21:58.0 (18348757)|STATEMENT_EXECUTE|[145]
16:21:58.0 (18349578)|STATEMENT_EXECUTE|[145]
16:21:58.0 (18351688)|METHOD_EXIT|[64]|01pBK000001lv3t|CareerHistoryController.nullToEmpty(String)
16:21:58.0 (18367590)|VARIABLE_ASSIGNMENT|[EXTERNAL]|this|{"companyName":"","id":"2","jobDescription":"","jobGroup":""}|0x211fc9c3
16:21:58.0 (18374303)|VARIABLE_ASSIGNMENT|[EXTERNAL]|value|""
16:21:58.0 (18379708)|VARIABLE_ASSIGNMENT|[13]|this.jobGroupOption|""|0x211fc9c3
16:21:58.0 (18385903)|STATEMENT_EXECUTE|[65]
16:21:58.0 (18388894)|METHOD_ENTRY|[65]|01pBK000001lv3t|CareerHistoryController.formatDateToYYYYMM(Date)
16:21:58.0 (18393124)|VARIABLE_SCOPE_BEGIN|[147]|d|Date|false|false
16:21:58.0 (18396961)|VARIABLE_ASSIGNMENT|[147]|d|null
16:21:58.0 (18400732)|HEAP_ALLOCATE|[148]|Bytes:5
16:21:58.0 (18402591)|STATEMENT_EXECUTE|[147]
16:21:58.0 (18403556)|STATEMENT_EXECUTE|[148]
16:21:58.0 (18406032)|METHOD_EXIT|[65]|01pBK000001lv3t|CareerHistoryController.formatDateToYYYYMM(Date)
16:21:58.0 (18417479)|VARIABLE_ASSIGNMENT|[EXTERNAL]|this|{"companyName":"","id":"2","jobDescription":"","jobGroup":"","jobGroupOption":""}|0x211fc9c3
16:21:58.0 (18421275)|VARIABLE_ASSIGNMENT|[EXTERNAL]|value|""
16:21:58.0 (18424693)|VARIABLE_ASSIGNMENT|[7]|this.startDateInput|""|0x211fc9c3
16:21:58.0 (18428331)|STATEMENT_EXECUTE|[66]
16:21:58.0 (18430820)|METHOD_ENTRY|[66]|01pBK000001lv3t|CareerHistoryController.formatDateToYYYYMM(Date)
16:21:58.0 (18434293)|VARIABLE_SCOPE_BEGIN|[147]|d|Date|false|false
16:21:58.0 (18437703)|VARIABLE_ASSIGNMENT|[147]|d|null
16:21:58.0 (18440852)|HEAP_ALLOCATE|[148]|Bytes:5
16:21:58.0 (18442482)|STATEMENT_EXECUTE|[147]
16:21:58.0 (18443291)|STATEMENT_EXECUTE|[148]
16:21:58.0 (18445132)|METHOD_EXIT|[66]|01pBK000001lv3t|CareerHistoryController.formatDateToYYYYMM(Date)
16:21:58.0 (18456139)|VARIABLE_ASSIGNMENT|[EXTERNAL]|this|{"companyName":"","id":"2","jobDescription":"","jobGroup":"","jobGroupOption":"","startDateInput":""}|0x211fc9c3
16:21:58.0 (18460338)|VARIABLE_ASSIGNMENT|[EXTERNAL]|value|""
16:21:58.0 (18463665)|VARIABLE_ASSIGNMENT|[8]|this.endDateInput|""|0x211fc9c3
16:21:58.0 (18467084)|STATEMENT_EXECUTE|[67]
16:21:58.0 (18481827)|VARIABLE_ASSIGNMENT|[EXTERNAL]|this|{"companyName":"","endDateInput":"","id":"2","jobDescription":"","jobGroup":"","jobGroupOption":"","startDateInput":""}|0x211fc9c3
16:21:58.0 (18486372)|VARIABLE_ASSIGNMENT|[EXTERNAL]|value|false
16:21:58.0 (18488886)|HEAP_ALLOCATE|[9]|Bytes:5
16:21:58.0 (18491595)|VARIABLE_ASSIGNMENT|[9]|this.isCurrentJob|false|0x211fc9c3
16:21:58.0 (18495097)|STATEMENT_EXECUTE|[68]
16:21:58.0 (18507585)|HEAP_ALLOCATE|[EXTERNAL]|Bytes:4
16:21:58.0 (18511413)|STATEMENT_EXECUTE|[71]
16:21:58.0 (18514171)|HEAP_ALLOCATE|[71]|Bytes:40
16:21:58.0 (18517182)|CONSTRUCTOR_ENTRY|[71]|01pBK000001lv3t|<init>()|CareerHistoryController.CareerWrapper
16:21:58.0 (18522976)|VARIABLE_SCOPE_BEGIN|[4]|this|CareerHistoryController.CareerWrapper|true|false
16:21:58.0 (18535534)|VARIABLE_ASSIGNMENT|[4]|this|{}|0x2fd2f6eb
16:21:58.0 (18546993)|STATEMENT_EXECUTE|[4]
16:21:58.0 (18548306)|STATEMENT_EXECUTE|[5]
16:21:58.0 (18549456)|STATEMENT_EXECUTE|[6]
16:21:58.0 (18550754)|STATEMENT_EXECUTE|[7]
16:21:58.0 (18551803)|STATEMENT_EXECUTE|[8]
16:21:58.0 (18552849)|STATEMENT_EXECUTE|[9]
16:21:58.0 (18553989)|STATEMENT_EXECUTE|[10]
16:21:58.0 (18555140)|STATEMENT_EXECUTE|[11]
16:21:58.0 (18556315)|STATEMENT_EXECUTE|[12]
16:21:58.0 (18557480)|STATEMENT_EXECUTE|[13]
16:21:58.0 (18560039)|CONSTRUCTOR_EXIT|[71]|01pBK000001lv3t|<init>()|CareerHistoryController.CareerWrapper
16:21:58.0 (18564960)|VARIABLE_SCOPE_BEGIN|[71]|c3|CareerHistoryController.CareerWrapper|true|false
16:21:58.0 (18579729)|VARIABLE_ASSIGNMENT|[71]|c3|{}|0x2fd2f6eb
16:21:58.0 (18583894)|STATEMENT_EXECUTE|[72]
16:21:58.0 (18585826)|HEAP_ALLOCATE|[72]|Bytes:1
16:21:58.0 (18605657)|VARIABLE_ASSIGNMENT|[EXTERNAL]|this|{}|0x2fd2f6eb
16:21:58.0 (18612202)|VARIABLE_ASSIGNMENT|[EXTERNAL]|value|"3"
16:21:58.0 (18617663)|VARIABLE_ASSIGNMENT|[5]|this.id|"3"|0x2fd2f6eb
16:21:58.0 (18623630)|STATEMENT_EXECUTE|[73]
16:21:58.0 (18628341)|METHOD_ENTRY|[73]|01pBK000001lv3t|CareerHistoryController.nullToEmpty(String)
16:21:58.0 (18634848)|VARIABLE_SCOPE_BEGIN|[145]|str|String|false|false
16:21:58.0 (18639876)|VARIABLE_ASSIGNMENT|[145]|str|null
16:21:58.0 (18644888)|HEAP_ALLOCATE|[145]|Bytes:5
16:21:58.0 (18647690)|STATEMENT_EXECUTE|[145]
16:21:58.0 (18648685)|STATEMENT_EXECUTE|[145]
16:21:58.0 (18651614)|METHOD_EXIT|[73]|01pBK000001lv3t|CareerHistoryController.nullToEmpty(String)
16:21:58.0 (18668230)|VARIABLE_ASSIGNMENT|[EXTERNAL]|this|{"id":"3"}|0x2fd2f6eb
16:21:58.0 (18673579)|VARIABLE_ASSIGNMENT|[EXTERNAL]|value|""
16:21:58.0 (18678374)|VARIABLE_ASSIGNMENT|[6]|this.companyName|""|0x2fd2f6eb
16:21:58.0 (18683921)|STATEMENT_EXECUTE|[74]
16:21:58.0 (18687537)|METHOD_ENTRY|[74]|01pBK000001lv3t|CareerHistoryController.nullToEmpty(String)
16:21:58.0 (18692987)|VARIABLE_SCOPE_BEGIN|[145]|str|String|false|false
16:21:58.0 (18698476)|VARIABLE_ASSIGNMENT|[145]|str|null
16:21:58.0 (18703416)|HEAP_ALLOCATE|[145]|Bytes:5
16:21:58.0 (18706525)|STATEMENT_EXECUTE|[145]
16:21:58.0 (18708078)|STATEMENT_EXECUTE|[145]
16:21:58.0 (18711439)|METHOD_EXIT|[74]|01pBK000001lv3t|CareerHistoryController.nullToEmpty(String)
16:21:58.0 (18728716)|VARIABLE_ASSIGNMENT|[EXTERNAL]|this|{"companyName":"","id":"3"}|0x2fd2f6eb
16:21:58.0 (18734725)|VARIABLE_ASSIGNMENT|[EXTERNAL]|value|""
16:21:58.0 (18740425)|VARIABLE_ASSIGNMENT|[11]|this.jobDescription|""|0x2fd2f6eb
16:21:58.0 (18746016)|STATEMENT_EXECUTE|[76]
16:21:58.0 (18750183)|METHOD_ENTRY|[76]|01pBK000001lv3t|CareerHistoryController.nullToEmpty(String)
16:21:58.0 (18755785)|VARIABLE_SCOPE_BEGIN|[145]|str|String|false|false
16:21:58.0 (18761279)|VARIABLE_ASSIGNMENT|[145]|str|null
16:21:58.0 (18766420)|HEAP_ALLOCATE|[145]|Bytes:5
16:21:58.0 (18768980)|STATEMENT_EXECUTE|[145]
16:21:58.0 (18770233)|STATEMENT_EXECUTE|[145]
16:21:58.0 (18773266)|METHOD_EXIT|[76]|01pBK000001lv3t|CareerHistoryController.nullToEmpty(String)
16:21:58.0 (18791394)|VARIABLE_ASSIGNMENT|[EXTERNAL]|this|{"companyName":"","id":"3","jobDescription":""}|0x2fd2f6eb
16:21:58.0 (18797520)|VARIABLE_ASSIGNMENT|[EXTERNAL]|value|""
16:21:58.0 (18803016)|VARIABLE_ASSIGNMENT|[12]|this.jobGroup|""|0x2fd2f6eb
16:21:58.0 (18808536)|STATEMENT_EXECUTE|[77]
16:21:58.0 (18812235)|METHOD_ENTRY|[77]|01pBK000001lv3t|CareerHistoryController.nullToEmpty(String)
16:21:58.0 (18818249)|VARIABLE_SCOPE_BEGIN|[145]|str|String|false|false
16:21:58.0 (18823956)|VARIABLE_ASSIGNMENT|[145]|str|null
16:21:58.0 (18829020)|HEAP_ALLOCATE|[145]|Bytes:5
16:21:58.0 (18831659)|STATEMENT_EXECUTE|[145]
16:21:58.0 (18832912)|STATEMENT_EXECUTE|[145]
16:21:58.0 (18835456)|METHOD_EXIT|[77]|01pBK000001lv3t|CareerHistoryController.nullToEmpty(String)
16:21:58.0 (18853068)|VARIABLE_ASSIGNMENT|[EXTERNAL]|this|{"companyName":"","id":"3","jobDescription":"","jobGroup":""}|0x2fd2f6eb
16:21:58.0 (18859203)|VARIABLE_ASSIGNMENT|[EXTERNAL]|value|""
16:21:58.0 (18864251)|VARIABLE_ASSIGNMENT|[13]|this.jobGroupOption|""|0x2fd2f6eb
16:21:58.0 (18870150)|STATEMENT_EXECUTE|[78]
16:21:58.0 (18874065)|METHOD_ENTRY|[78]|01pBK000001lv3t|CareerHistoryController.formatDateToYYYYMM(Date)
16:21:58.0 (18879795)|VARIABLE_SCOPE_BEGIN|[147]|d|Date|false|false
16:21:58.0 (18885621)|VARIABLE_ASSIGNMENT|[147]|d|null
16:21:58.0 (18890425)|HEAP_ALLOCATE|[148]|Bytes:5
16:21:58.0 (18893206)|STATEMENT_EXECUTE|[147]
16:21:58.0 (18894534)|STATEMENT_EXECUTE|[148]
16:21:58.0 (18897982)|METHOD_EXIT|[78]|01pBK000001lv3t|CareerHistoryController.formatDateToYYYYMM(Date)
16:21:58.0 (18913415)|VARIABLE_ASSIGNMENT|[EXTERNAL]|this|{"companyName":"","id":"3","jobDescription":"","jobGroup":"","jobGroupOption":""}|0x2fd2f6eb
16:21:58.0 (18917472)|VARIABLE_ASSIGNMENT|[EXTERNAL]|value|""
16:21:58.0 (18923306)|VARIABLE_ASSIGNMENT|[7]|this.startDateInput|""|0x2fd2f6eb
16:21:58.0 (18929029)|STATEMENT_EXECUTE|[79]
16:21:58.0 (18933379)|METHOD_ENTRY|[79]|01pBK000001lv3t|CareerHistoryController.formatDateToYYYYMM(Date)
16:21:58.0 (18939334)|VARIABLE_SCOPE_BEGIN|[147]|d|Date|false|false
16:21:58.0 (18945019)|VARIABLE_ASSIGNMENT|[147]|d|null
16:21:58.0 (18950282)|HEAP_ALLOCATE|[148]|Bytes:5
16:21:58.0 (18952639)|STATEMENT_EXECUTE|[147]
16:21:58.0 (18953879)|STATEMENT_EXECUTE|[148]
16:21:58.0 (18957773)|METHOD_EXIT|[79]|01pBK000001lv3t|CareerHistoryController.formatDateToYYYYMM(Date)
16:21:58.0 (18969915)|VARIABLE_ASSIGNMENT|[EXTERNAL]|this|{"companyName":"","id":"3","jobDescription":"","jobGroup":"","jobGroupOption":"","startDateInput":""}|0x2fd2f6eb
16:21:58.0 (18973938)|VARIABLE_ASSIGNMENT|[EXTERNAL]|value|""
16:21:58.0 (18977330)|VARIABLE_ASSIGNMENT|[8]|this.endDateInput|""|0x2fd2f6eb
16:21:58.0 (18980815)|STATEMENT_EXECUTE|[80]
16:21:58.0 (18997553)|VARIABLE_ASSIGNMENT|[EXTERNAL]|this|{"companyName":"","endDateInput":"","id":"3","jobDescription":"","jobGroup":"","jobGroupOption":"","startDateInput":""}|0x2fd2f6eb
16:21:58.0 (19004167)|VARIABLE_ASSIGNMENT|[EXTERNAL]|value|false
16:21:58.0 (19009725)|HEAP_ALLOCATE|[9]|Bytes:5
16:21:58.0 (19014203)|VARIABLE_ASSIGNMENT|[9]|this.isCurrentJob|false|0x2fd2f6eb
16:21:58.0 (19020898)|STATEMENT_EXECUTE|[81]
16:21:58.0 (19037287)|HEAP_ALLOCATE|[EXTERNAL]|Bytes:4
16:21:58.0 (19042833)|STATEMENT_EXECUTE|[84]
16:21:58.0 (19046380)|HEAP_ALLOCATE|[84]|Bytes:40
16:21:58.0 (19051079)|CONSTRUCTOR_ENTRY|[84]|01pBK000001lv3t|<init>()|CareerHistoryController.CareerWrapper
16:21:58.0 (19058844)|VARIABLE_SCOPE_BEGIN|[4]|this|CareerHistoryController.CareerWrapper|true|false
16:21:58.0 (19073644)|VARIABLE_ASSIGNMENT|[4]|this|{}|0x2f191e31
16:21:58.0 (19085488)|STATEMENT_EXECUTE|[4]
16:21:58.0 (19086787)|STATEMENT_EXECUTE|[5]
16:21:58.0 (19088085)|STATEMENT_EXECUTE|[6]
16:21:58.0 (19089271)|STATEMENT_EXECUTE|[7]
16:21:58.0 (19090523)|STATEMENT_EXECUTE|[8]
16:21:58.0 (19091858)|STATEMENT_EXECUTE|[9]
16:21:58.0 (19092865)|STATEMENT_EXECUTE|[10]
16:21:58.0 (19093939)|STATEMENT_EXECUTE|[11]
16:21:58.0 (19095108)|STATEMENT_EXECUTE|[12]
16:21:58.0 (19096237)|STATEMENT_EXECUTE|[13]
16:21:58.0 (19098934)|CONSTRUCTOR_EXIT|[84]|01pBK000001lv3t|<init>()|CareerHistoryController.CareerWrapper
16:21:58.0 (19104040)|VARIABLE_SCOPE_BEGIN|[84]|c4|CareerHistoryController.CareerWrapper|true|false
16:21:58.0 (19118920)|VARIABLE_ASSIGNMENT|[84]|c4|{}|0x2f191e31
16:21:58.0 (19124238)|STATEMENT_EXECUTE|[85]
16:21:58.0 (19126353)|HEAP_ALLOCATE|[85]|Bytes:1
16:21:58.0 (19142281)|VARIABLE_ASSIGNMENT|[EXTERNAL]|this|{}|0x2f191e31
16:21:58.0 (19146849)|VARIABLE_ASSIGNMENT|[EXTERNAL]|value|"4"
16:21:58.0 (19150638)|VARIABLE_ASSIGNMENT|[5]|this.id|"4"|0x2f191e31
16:21:58.0 (19154785)|STATEMENT_EXECUTE|[86]
16:21:58.0 (19159297)|METHOD_ENTRY|[86]|01pBK000001lv3t|CareerHistoryController.nullToEmpty(String)
16:21:58.0 (19165214)|VARIABLE_SCOPE_BEGIN|[145]|str|String|false|false
16:21:58.0 (19170763)|VARIABLE_ASSIGNMENT|[145]|str|null
16:21:58.0 (19176020)|HEAP_ALLOCATE|[145]|Bytes:5
16:21:58.0 (19178569)|STATEMENT_EXECUTE|[145]
16:21:58.0 (19179958)|STATEMENT_EXECUTE|[145]
16:21:58.0 (19183960)|METHOD_EXIT|[86]|01pBK000001lv3t|CareerHistoryController.nullToEmpty(String)
16:21:58.0 (19197544)|VARIABLE_ASSIGNMENT|[EXTERNAL]|this|{"id":"4"}|0x2f191e31
16:21:58.0 (19201570)|VARIABLE_ASSIGNMENT|[EXTERNAL]|value|""
16:21:58.0 (19204930)|VARIABLE_ASSIGNMENT|[11]|this.jobDescription|""|0x2f191e31
16:21:58.0 (19208404)|STATEMENT_EXECUTE|[87]
16:21:58.0 (19219409)|VARIABLE_ASSIGNMENT|[EXTERNAL]|this|{"id":"4","jobDescription":""}|0x2f191e31
16:21:58.0 (19223929)|VARIABLE_ASSIGNMENT|[EXTERNAL]|value|false
16:21:58.0 (19226372)|HEAP_ALLOCATE|[9]|Bytes:5
16:21:58.0 (19229022)|VARIABLE_ASSIGNMENT|[9]|this.isCurrentJob|false|0x2f191e31
16:21:58.0 (19232448)|STATEMENT_EXECUTE|[88]
16:21:58.0 (19241214)|HEAP_ALLOCATE|[EXTERNAL]|Bytes:4
16:21:58.0 (19244248)|STATEMENT_EXECUTE|[90]
16:21:58.19 (19302128)|CUMULATIVE_LIMIT_USAGE
16:21:58.19 (19302128)|LIMIT_USAGE_FOR_NS|(default)|
  Number of SOQL queries: 1 out of 100
  Number of query rows: 1 out of 50000
  Number of SOSL queries: 0 out of 20
  Number of DML statements: 0 out of 150
  Number of Publish Immediate DML: 0 out of 150
  Number of DML rows: 0 out of 10000
  Maximum CPU time: 0 out of 10000
  Maximum heap size: 0 out of 6000000
  Number of callouts: 0 out of 100
  Number of Email Invocations: 0 out of 10
  Number of future calls: 0 out of 50
  Number of queueable jobs added to the queue: 0 out of 50
  Number of Mobile Apex push calls: 0 out of 10

16:21:58.19 (19302128)|CUMULATIVE_LIMIT_USAGE_END

16:21:58.0 (19332022)|CODE_UNIT_FINISHED|CareerHistoryController.getCareerHistory()
16:21:58.0 (19520663)|CODE_UNIT_FINISHED|apex://CareerHistoryController/ACTION$getCareerHistory
16:21:58.0 (19526503)|EXECUTION_FINISHED
