66.0 APEX_CODE,FINEST;APEX_PROFILING,INFO;CALLOUT,INFO;DATA_ACCESS,INFO;DB,INFO;NBA,INFO;SYSTEM,DEBUG;VALIDATION,INFO;VISUALFORCE,INFO;WAVE,INFO;WORKFLOW,INFO
16:00:25.0 (251318)|USER_INFO|[EXTERNAL]|0057F0000042UBb|ishibashi@hurex.co.jp.dev1|(GMT+09:00) 日本標準時 (Asia/Tokyo)|GMT+09:00
16:00:25.0 (296745)|EXECUTION_STARTED
16:00:25.0 (311023)|CODE_UNIT_STARTED|[EXTERNAL]|apex://RecentJobViewedController/ACTION$getRecentViewedJobs
16:00:25.0 (2088634)|CODE_UNIT_STARTED|[EXTERNAL]|01pBK000001RE9Z|RecentJobViewedController.getRecentViewedJobs()
16:00:25.0 (2484946)|HEAP_ALLOCATE|[95]|Bytes:3
16:00:25.0 (2582628)|HEAP_ALLOCATE|[100]|Bytes:152
16:00:25.0 (2601362)|HEAP_ALLOCATE|[417]|Bytes:408
16:00:25.0 (2619358)|HEAP_ALLOCATE|[430]|Bytes:408
16:00:25.0 (2650521)|HEAP_ALLOCATE|[317]|Bytes:6
16:00:25.0 (2665831)|HEAP_ALLOCATE|[EXTERNAL]|Bytes:1
16:00:25.0 (2681776)|METHOD_ENTRY|[1]|01pBK000001RE9Z|RecentJobViewedController.RecentJobViewedController()
16:00:25.0 (2688349)|STATEMENT_EXECUTE|[1]
16:00:25.0 (2694305)|STATEMENT_EXECUTE|[1]
16:00:25.0 (2719763)|HEAP_ALLOCATE|[68]|Bytes:5
16:00:25.0 (2750989)|HEAP_ALLOCATE|[74]|Bytes:5
16:00:25.0 (2758509)|HEAP_ALLOCATE|[82]|Bytes:7
16:00:25.0 (2956184)|HEAP_ALLOCATE|[EXTERNAL]|Bytes:5
16:00:25.0 (2969976)|METHOD_EXIT|[1]|RecentJobViewedController
16:00:25.0 (2985223)|HEAP_ALLOCATE|[4]|Bytes:5
16:00:25.0 (2989387)|STATEMENT_EXECUTE|[3]
16:00:25.0 (2991282)|STATEMENT_EXECUTE|[4]
16:00:25.0 (2992678)|STATEMENT_EXECUTE|[4]
16:00:25.0 (2994019)|STATEMENT_EXECUTE|[5]
16:00:25.0 (2996785)|HEAP_ALLOCATE|[5]|Bytes:137
16:00:25.0 (3019150)|HEAP_ALLOCATE|[5]|Bytes:4
16:00:25.0 (7496333)|SOQL_EXECUTE_BEGIN|[5]|Aggregations:0|SELECT Id, Name, JobPosition__c, LastViewedDate FROM Job__c WHERE LastViewedDate != NULL ORDER BY LastViewedDate DESC NULLS FIRST LIMIT 4
16:00:25.0 (18978436)|SOQL_EXECUTE_END|[5]|Rows:4
16:00:25.0 (19016239)|HEAP_ALLOCATE|[5]|Bytes:20
16:00:25.0 (19052008)|HEAP_ALLOCATE|[5]|Bytes:699
16:00:25.0 (19119800)|HEAP_ALLOCATE|[5]|Bytes:20
16:00:25.19 (19205100)|CUMULATIVE_LIMIT_USAGE
16:00:25.19 (19205100)|LIMIT_USAGE_FOR_NS|(default)|
  Number of SOQL queries: 1 out of 100
  Number of query rows: 4 out of 50000
  Number of SOSL queries: 0 out of 20
  Number of DML statements: 0 out of 0
  Number of Publish Immediate DML: 0 out of 150
  Number of DML rows: 0 out of 10000
  Maximum CPU time: 0 out of 10000
  Maximum heap size: 0 out of 6000000
  Number of callouts: 0 out of 100
  Number of Email Invocations: 0 out of 10
  Number of future calls: 0 out of 50
  Number of queueable jobs added to the queue: 0 out of 50
  Number of Mobile Apex push calls: 0 out of 10

16:00:25.19 (19205100)|CUMULATIVE_LIMIT_USAGE_END

16:00:25.0 (19242878)|CODE_UNIT_FINISHED|RecentJobViewedController.getRecentViewedJobs()
16:00:25.0 (19460194)|CODE_UNIT_FINISHED|apex://RecentJobViewedController/ACTION$getRecentViewedJobs
16:00:25.0 (19467394)|EXECUTION_FINISHED
