66.0 APEX_CODE,FINEST;APEX_PROFILING,INFO;CALLOUT,INFO;DATA_ACCESS,INFO;DB,INFO;NBA,INFO;SYSTEM,DEBUG;VALIDATION,INFO;VISUALFORCE,INFO;WAVE,INFO;WORKFLOW,INFO
11:24:32.2 (2554069)|USER_INFO|[EXTERNAL]|0057F0000042UBb|ishibashi@hurex.co.jp.dev1|(GMT+09:00) 日本標準時 (Asia/Tokyo)|GMT+09:00
11:24:32.2 (2626738)|EXECUTION_STARTED
11:24:32.2 (2667479)|CODE_UNIT_STARTED|[EXTERNAL]|apex://OfferComponentController/ACTION$getOffers
11:24:32.2 (5122686)|CODE_UNIT_STARTED|[EXTERNAL]|01pBK000001Vpwv|OfferComponentController.getOffers()
11:24:32.2 (5434619)|HEAP_ALLOCATE|[95]|Bytes:3
11:24:32.2 (5537574)|HEAP_ALLOCATE|[100]|Bytes:152
11:24:32.2 (5565395)|HEAP_ALLOCATE|[417]|Bytes:408
11:24:32.2 (5577140)|HEAP_ALLOCATE|[430]|Bytes:408
11:24:32.2 (5606176)|HEAP_ALLOCATE|[317]|Bytes:6
11:24:32.2 (5675183)|HEAP_ALLOCATE|[EXTERNAL]|Bytes:2
11:24:32.2 (5701159)|METHOD_ENTRY|[5]|01pBK000001Vpwv|OfferComponentController.OfferComponentController()
11:24:32.2 (5713572)|STATEMENT_EXECUTE|[5]
11:24:32.2 (5723963)|STATEMENT_EXECUTE|[5]
11:24:32.2 (5745067)|HEAP_ALLOCATE|[68]|Bytes:5
11:24:32.2 (5779671)|HEAP_ALLOCATE|[74]|Bytes:5
11:24:32.2 (5784411)|HEAP_ALLOCATE|[82]|Bytes:7
11:24:32.2 (5957176)|HEAP_ALLOCATE|[EXTERNAL]|Bytes:5
11:24:32.2 (5974389)|METHOD_EXIT|[5]|OfferComponentController
11:24:32.2 (5986889)|HEAP_ALLOCATE|[18]|Bytes:5
11:24:32.2 (5989963)|STATEMENT_EXECUTE|[16]
11:24:32.2 (5990957)|STATEMENT_EXECUTE|[18]
11:24:32.2 (5995150)|HEAP_ALLOCATE|[18]|Bytes:78
11:24:32.2 (6021241)|HEAP_ALLOCATE|[18]|Bytes:4
11:24:32.2 (9484255)|SOQL_EXECUTE_BEGIN|[18]|Aggregations:0|SELECT COUNT() FROM SelectionProcess__c WHERE LatestProcessStatus__c = 'JOB打診'
11:24:32.2 (18786709)|SOQL_EXECUTE_END|[18]|Rows:2
11:24:32.2 (18848776)|HEAP_ALLOCATE|[18]|Bytes:4
11:24:32.2 (18877795)|VARIABLE_SCOPE_BEGIN|[18]|totalCount|Integer|false|false
11:24:32.2 (18892067)|HEAP_ALLOCATE|[18]|Bytes:4
11:24:32.2 (18959978)|VARIABLE_ASSIGNMENT|[18]|totalCount|2
11:24:32.2 (18971448)|STATEMENT_EXECUTE|[22]
11:24:32.2 (18978355)|HEAP_ALLOCATE|[22]|Bytes:360
11:24:32.2 (18998712)|HEAP_ALLOCATE|[22]|Bytes:4
11:24:32.2 (29740480)|SOQL_EXECUTE_BEGIN|[22]|Aggregations:0|SELECT Id, JobPosition__c, LatestProcessStatus__c, LastModifiedDate, JobPosition__r.Id, JobPosition__r.Company__r.Name, JobPosition__r.JobPosition__c, JobPosition__r.WorkLocation2__c, JobPosition__r.JobCategory1__c, JobPosition__r.LastViewedDate FROM SelectionProcess__c WHERE LatestProcessStatus__c = 'JOB打診' ORDER BY LastModifiedDate DESC NULLS FIRST LIMIT 2
11:24:32.2 (48223072)|SOQL_EXECUTE_END|[22]|Rows:2
11:24:32.2 (48268922)|HEAP_ALLOCATE|[22]|Bytes:12
11:24:32.2 (48291323)|HEAP_ALLOCATE|[22]|Bytes:874
11:24:32.2 (48461146)|HEAP_ALLOCATE|[22]|Bytes:12
11:24:32.2 (48484790)|VARIABLE_SCOPE_BEGIN|[22]|processes|List<SelectionProcess__c>|true|false
11:24:32.2 (48983592)|VARIABLE_ASSIGNMENT|[22]|processes|[{"JobPosition__c":"a0KBK00000GezgQ2AR","LastModifiedDate":"2026-03-25T09:40:48.000Z","JobPosition__r":{"JobPosition__c":"新潟市(新潟) 法人ルート営業・業界シェ (74 more) ...","WorkLocation2__c":"新潟県新潟市（転勤なし／車通勤可）","LastViewedDate":"2026-04-03T08:24:43.000Z","Id":"a0KBK00000GezgQ2AR","Company__c":"001BK00000b1JOJYA2","Company__r":{"Name":"(demo)株式会社エンミッシュ","Id":"001BK00000b1JOJYA2"},"JobCategory1__c":"経営幹部/企画/マーケティング系"},"Id":"a0LBK000006mpG52AI","LatestProcessStatus__c":"JOB打診"},{"JobPosition__c":"a0KBK00000Gexcs2AB","LastModifiedDate":"2026-03-02T05:52:31.000Z","JobPosition__r":{"JobPosition__c":"テスト401求人タイトル求人タイトル求人 (28 more) ...","WorkLocation2__c":"勤務地","LastViewedDate":"2026-04-02T11:19:39.000Z","Id":"a0KBK00000Gexcs2AB","Company__c":"001BK00000cc2ZEYAY","Company__r":{"Name":"テスト 廣川","Id":"001BK00000cc2ZEYAY"},"JobCategory1__c":"専門職系（コンサルタント/金融/不動産）"},"Id":"a0LBK000005sEhR2AU","LatestProcessStatus__c":"JOB打診"}]|0x74cc4a5b
11:24:32.2 (49014958)|STATEMENT_EXECUTE|[41]
11:24:32.2 (49044532)|HEAP_ALLOCATE|[41]|Bytes:4
11:24:32.2 (49133133)|VARIABLE_SCOPE_BEGIN|[41]|jobInfos|List<Map<String,ANY>>|true|false
11:24:32.2 (49186183)|HEAP_ALLOCATE|[EXTERNAL]|Bytes:4
11:24:32.2 (49199217)|VARIABLE_ASSIGNMENT|[41]|jobInfos|[]|0x571abbce
11:24:32.2 (49464025)|HEAP_ALLOCATE|[44]|Bytes:5
11:24:32.2 (49500728)|HEAP_ALLOCATE|[44]|Bytes:24
11:24:32.2 (49511240)|VARIABLE_SCOPE_BEGIN|[44]|process|SelectionProcess__c|true|false
11:24:32.2 (49618606)|VARIABLE_ASSIGNMENT|[44]|process|{"JobPosition__c":"a0KBK00000GezgQ2AR","LastModifiedDate":"2026-03-25T09:40:48.000Z","JobPosition__r":{"JobPosition__c":"新潟市(新潟) 法人ルート営業・業界シェ (74 more) ...","WorkLocation2__c":"新潟県新潟市（転勤なし／車通勤可）","LastViewedDate":"2026-04-03T08:24:43.000Z","Id":"a0KBK00000GezgQ2AR","Company__c":"001BK00000b1JOJYA2","Company__r":{"Name":"(demo)株式会社エンミッシュ","Id":"001BK00000b1JOJYA2"},"JobCategory1__c":"経営幹部/企画/マーケティング系"},"Id":"a0LBK000006mpG52AI","LatestProcessStatus__c":"JOB打診"}|0x55aceead
11:24:32.2 (49628508)|STATEMENT_EXECUTE|[44]
11:24:32.2 (49630093)|STATEMENT_EXECUTE|[45]
11:24:32.2 (49643559)|HEAP_ALLOCATE|[45]|Bytes:4
11:24:32.2 (49651505)|VARIABLE_SCOPE_BEGIN|[45]|jobInfo|Map<String,ANY>|true|false
11:24:32.2 (49666556)|VARIABLE_ASSIGNMENT|[45]|jobInfo|{}|0xa43f58f
11:24:32.2 (49670406)|STATEMENT_EXECUTE|[46]
11:24:32.2 (49675729)|HEAP_ALLOCATE|[46]|Bytes:5
11:24:32.2 (49776699)|HEAP_ALLOCATE|[EXTERNAL]|Bytes:-4
11:24:32.2 (49784441)|STATEMENT_EXECUTE|[48]
11:24:32.2 (49786975)|HEAP_ALLOCATE|[48]|Bytes:10
11:24:32.2 (49818824)|HEAP_ALLOCATE|[48]|Bytes:14
11:24:32.2 (49905745)|HEAP_ALLOCATE|[48]|Bytes:15
11:24:32.2 (49919430)|HEAP_ALLOCATE|[EXTERNAL]|Bytes:-4
11:24:32.2 (49924639)|STATEMENT_EXECUTE|[50]
11:24:32.2 (49926723)|HEAP_ALLOCATE|[50]|Bytes:11
11:24:32.2 (49998815)|HEAP_ALLOCATE|[EXTERNAL]|Bytes:-4
11:24:32.2 (50003994)|STATEMENT_EXECUTE|[52]
11:24:32.2 (50006933)|HEAP_ALLOCATE|[52]|Bytes:13
11:24:32.2 (50029840)|HEAP_ALLOCATE|[EXTERNAL]|Bytes:-4
11:24:32.2 (50033165)|STATEMENT_EXECUTE|[54]
11:24:32.2 (50034606)|HEAP_ALLOCATE|[54]|Bytes:12
11:24:32.2 (50055140)|HEAP_ALLOCATE|[EXTERNAL]|Bytes:-4
11:24:32.2 (50058123)|STATEMENT_EXECUTE|[56]
11:24:32.2 (50059444)|HEAP_ALLOCATE|[56]|Bytes:11
11:24:32.2 (50122523)|HEAP_ALLOCATE|[EXTERNAL]|Bytes:-4
11:24:32.2 (50125948)|STATEMENT_EXECUTE|[58]
11:24:32.2 (50127741)|HEAP_ALLOCATE|[58]|Bytes:14
11:24:32.2 (50151566)|HEAP_ALLOCATE|[EXTERNAL]|Bytes:-4
11:24:32.2 (50154653)|STATEMENT_EXECUTE|[59]
11:24:32.2 (50175145)|HEAP_ALLOCATE|[EXTERNAL]|Bytes:4
11:24:32.2 (50188267)|HEAP_ALLOCATE|[44]|Bytes:5
11:24:32.2 (50199279)|HEAP_ALLOCATE|[44]|Bytes:24
11:24:32.2 (50205327)|VARIABLE_SCOPE_BEGIN|[44]|process|SelectionProcess__c|true|false
11:24:32.2 (50286873)|VARIABLE_ASSIGNMENT|[44]|process|{"JobPosition__c":"a0KBK00000Gexcs2AB","LastModifiedDate":"2026-03-02T05:52:31.000Z","JobPosition__r":{"JobPosition__c":"テスト401求人タイトル求人タイトル求人 (28 more) ...","WorkLocation2__c":"勤務地","LastViewedDate":"2026-04-02T11:19:39.000Z","Id":"a0KBK00000Gexcs2AB","Company__c":"001BK00000cc2ZEYAY","Company__r":{"Name":"テスト 廣川","Id":"001BK00000cc2ZEYAY"},"JobCategory1__c":"専門職系（コンサルタント/金融/不動産）"},"Id":"a0LBK000005sEhR2AU","LatestProcessStatus__c":"JOB打診"}|0x478a4296
11:24:32.2 (50296513)|STATEMENT_EXECUTE|[44]
11:24:32.2 (50298121)|STATEMENT_EXECUTE|[45]
11:24:32.2 (50306433)|HEAP_ALLOCATE|[45]|Bytes:4
11:24:32.2 (50311008)|VARIABLE_SCOPE_BEGIN|[45]|jobInfo|Map<String,ANY>|true|false
11:24:32.2 (50328066)|VARIABLE_ASSIGNMENT|[45]|jobInfo|{}|0x5573f714
11:24:32.2 (50330915)|STATEMENT_EXECUTE|[46]
11:24:32.2 (50338847)|HEAP_ALLOCATE|[EXTERNAL]|Bytes:-4
11:24:32.2 (50341769)|STATEMENT_EXECUTE|[48]
11:24:32.2 (50359573)|HEAP_ALLOCATE|[48]|Bytes:14
11:24:32.2 (50367315)|HEAP_ALLOCATE|[EXTERNAL]|Bytes:-4
11:24:32.2 (50369890)|STATEMENT_EXECUTE|[50]
11:24:32.2 (50375464)|HEAP_ALLOCATE|[EXTERNAL]|Bytes:-4
11:24:32.2 (50378054)|STATEMENT_EXECUTE|[52]
11:24:32.2 (50382581)|HEAP_ALLOCATE|[EXTERNAL]|Bytes:-4
11:24:32.2 (50385030)|STATEMENT_EXECUTE|[54]
11:24:32.2 (50388841)|HEAP_ALLOCATE|[EXTERNAL]|Bytes:-4
11:24:32.2 (50391300)|STATEMENT_EXECUTE|[56]
11:24:32.2 (50396295)|HEAP_ALLOCATE|[EXTERNAL]|Bytes:-4
11:24:32.2 (50398910)|STATEMENT_EXECUTE|[58]
11:24:32.2 (50404854)|HEAP_ALLOCATE|[EXTERNAL]|Bytes:-4
11:24:32.2 (50407463)|STATEMENT_EXECUTE|[59]
11:24:32.2 (50410695)|HEAP_ALLOCATE|[EXTERNAL]|Bytes:4
11:24:32.2 (50417290)|HEAP_ALLOCATE|[44]|Bytes:5
11:24:32.2 (50425126)|VARIABLE_ASSIGNMENT|[44]|process|null|
11:24:32.2 (50429443)|STATEMENT_EXECUTE|[63]
11:24:32.2 (50433501)|HEAP_ALLOCATE|[63]|Bytes:4
11:24:32.2 (50437645)|VARIABLE_SCOPE_BEGIN|[63]|result|Map<String,ANY>|true|false
11:24:32.2 (50442968)|VARIABLE_ASSIGNMENT|[63]|result|{}|0x770a93b0
11:24:32.2 (50445651)|STATEMENT_EXECUTE|[64]
11:24:32.2 (50447075)|HEAP_ALLOCATE|[64]|Bytes:8
11:24:32.2 (50460785)|HEAP_ALLOCATE|[EXTERNAL]|Bytes:-4
11:24:32.2 (50464001)|STATEMENT_EXECUTE|[65]
11:24:32.2 (50465390)|HEAP_ALLOCATE|[65]|Bytes:10
11:24:32.2 (50473949)|HEAP_ALLOCATE|[65]|Bytes:4
11:24:32.2 (50496983)|HEAP_ALLOCATE|[EXTERNAL]|Bytes:-4
11:24:32.2 (50499850)|STATEMENT_EXECUTE|[66]
11:24:32.50 (50571049)|CUMULATIVE_LIMIT_USAGE
11:24:32.50 (50571049)|LIMIT_USAGE_FOR_NS|(default)|
  Number of SOQL queries: 2 out of 100
  Number of query rows: 3 out of 50000
  Number of SOSL queries: 0 out of 20
  Number of DML statements: 0 out of 0
  Number of Publish Immediate DML: 0 out of 150
  Number of DML rows: 0 out of 10000
  Maximum CPU time: 0 out of 10000
  Maximum heap size: 0 out of 6000000
  Number of callouts: 0 out of 100
  Number of Email Invocations: 0 out of 10
  Number of future calls: 0 out of 50
  Number of queueable jobs added to the queue: 0 out of 50
  Number of Mobile Apex push calls: 0 out of 10

11:24:32.50 (50571049)|CUMULATIVE_LIMIT_USAGE_END

11:24:32.2 (50616624)|CODE_UNIT_FINISHED|OfferComponentController.getOffers()
11:24:32.2 (50831226)|CODE_UNIT_FINISHED|apex://OfferComponentController/ACTION$getOffers
11:24:32.2 (50840656)|EXECUTION_FINISHED
