66.0 APEX_CODE,FINEST;APEX_PROFILING,INFO;CALLOUT,INFO;DATA_ACCESS,INFO;DB,INFO;NBA,INFO;SYSTEM,DEBUG;VALIDATION,INFO;VISUALFORCE,INFO;WAVE,INFO;WORKFLOW,INFO
Execute Anonymous: PORTERS_BATCH_ResumeData batch = new PORTERS_BATCH_ResumeData();
Execute Anonymous: DataBase.executeBatch(batch,1);
17:53:46.2 (2767395)|USER_INFO|[EXTERNAL]|0057F0000042UBb|ishibashi@hurex.co.jp.dev1|(GMT+09:00) 日本標準時 (Asia/Tokyo)|GMT+09:00
17:53:46.2 (2788772)|EXECUTION_STARTED
17:53:46.2 (2798330)|CODE_UNIT_STARTED|[EXTERNAL]|execute_anonymous_apex
17:53:46.2 (35124645)|VARIABLE_SCOPE_BEGIN|[1]|batch|PORTERS_BATCH_ResumeData|true|false
17:53:46.2 (35266086)|HEAP_ALLOCATE|[95]|Bytes:3
17:53:46.2 (35310011)|HEAP_ALLOCATE|[100]|Bytes:152
17:53:46.2 (35321019)|HEAP_ALLOCATE|[417]|Bytes:408
17:53:46.2 (35331114)|HEAP_ALLOCATE|[430]|Bytes:408
17:53:46.2 (35349147)|HEAP_ALLOCATE|[317]|Bytes:6
17:53:46.2 (35374752)|HEAP_ALLOCATE|[EXTERNAL]|Bytes:3
17:53:46.2 (35409830)|STATEMENT_EXECUTE|[1]
17:53:46.2 (35411345)|STATEMENT_EXECUTE|[1]
17:53:46.2 (35414776)|HEAP_ALLOCATE|[1]|Bytes:65
17:53:46.2 (35418107)|HEAP_ALLOCATE|[1]|Bytes:10
17:53:46.2 (35438397)|METHOD_ENTRY|[1]|01pBK000001lKfR|PORTERS_BATCH_ResumeData.PORTERS_BATCH_ResumeData()
17:53:46.2 (35442911)|STATEMENT_EXECUTE|[1]
17:53:46.2 (35446048)|STATEMENT_EXECUTE|[1]
17:53:46.2 (35449688)|METHOD_EXIT|[1]|PORTERS_BATCH_ResumeData
17:53:46.2 (35504772)|HEAP_ALLOCATE|[1]|Bytes:16
17:53:46.2 (35533872)|HEAP_ALLOCATE|[68]|Bytes:5
17:53:46.2 (35555886)|HEAP_ALLOCATE|[74]|Bytes:5
17:53:46.2 (35560724)|HEAP_ALLOCATE|[82]|Bytes:7
17:53:46.2 (35574672)|SYSTEM_MODE_ENTER|false
17:53:46.2 (35592837)|HEAP_ALLOCATE|[1]|Bytes:5
17:53:46.2 (35601945)|CONSTRUCTOR_ENTRY|[1]|01pBK000001lKfR|<init>()|PORTERS_BATCH_ResumeData
17:53:46.2 (35625860)|VARIABLE_SCOPE_BEGIN|[7]|this|PORTERS_BATCH_ResumeData|true|false
17:53:46.2 (35704478)|VARIABLE_ASSIGNMENT|[7]|this|{}|0x4dac4444
17:53:46.2 (35711412)|STATEMENT_EXECUTE|[1]
17:53:46.2 (35712646)|STATEMENT_EXECUTE|[3]
17:53:46.2 (35713640)|STATEMENT_EXECUTE|[4]
17:53:46.2 (35714417)|STATEMENT_EXECUTE|[5]
17:53:46.2 (35717969)|HEAP_ALLOCATE|[5]|Bytes:4
17:53:46.2 (35728506)|VARIABLE_ASSIGNMENT|[5]|this.pageSize|200|0x4dac4444
17:53:46.2 (35734003)|HEAP_ALLOCATE|[5]|Bytes:6
17:53:46.2 (37643603)|STATEMENT_EXECUTE|[7]
17:53:46.2 (37647790)|STATEMENT_EXECUTE|[8]
17:53:46.2 (44213158)|HEAP_ALLOCATE|[8]|Bytes:72
17:53:46.2 (44250640)|VARIABLE_SCOPE_BEGIN|[8]|settings|PORTERS_Settings__c|true|false
17:53:46.2 (44434212)|VARIABLE_ASSIGNMENT|[8]|settings|{"LastModifiedDate":"2026-04-07T08:24:03.000Z","IsDeleted":false,"LastSyncTime__c":"2026-04-07T08:24:03.000Z","Client_Secret__c":"sPeXbzmOIRQwl4zKeRFR (108 more) ...","PARTITION_ID__c":2012.0,"API_Call_Count__c":2.0,"Token_Expires_At__c":"2026-02-04T05:41:00.000Z","SetupOwnerId":"00DBK000004uTTF2A2","Access_Token__c":"eba88d5229388a807c43 (12 more) ...","Name":"a0PBK000008oB5J","SystemModstamp":"2026-04-07T08:24:03.000Z","Is_Development_Mode__c":true,"CreatedById":"0057F0000042UBbQAM","CreatedDate":"2026-03-05T03:24:41.000Z","Last_Call_Timestamp__c":"2026-02-03T05:41:00.000Z","Id":"a0PBK000008oB5J2AU","LastModifiedById":"0057F0000042UBbQAM"}|0x4a5d6421
17:53:46.2 (44447183)|STATEMENT_EXECUTE|[9]
17:53:46.2 (44502047)|VARIABLE_ASSIGNMENT|[9]|this.lastSyncTime|"2026-04-07T08:24:03.000Z"|0x4dac4444
17:53:46.2 (44513236)|CONSTRUCTOR_EXIT|[1]|01pBK000001lKfR|<init>()|PORTERS_BATCH_ResumeData
17:53:46.2 (44524269)|SYSTEM_MODE_EXIT|false
17:53:46.2 (44574626)|VARIABLE_ASSIGNMENT|[1]|batch|{"lastSyncTime":"2026-04-07T08:24:03.000Z","pageSize":200}|0x4dac4444
17:53:46.2 (44578080)|STATEMENT_EXECUTE|[2]
17:53:46.118 (118879131)|CUMULATIVE_LIMIT_USAGE
17:53:46.118 (118879131)|LIMIT_USAGE_FOR_NS|(default)|
  Number of SOQL queries: 0 out of 100
  Number of query rows: 0 out of 50000
  Number of SOSL queries: 0 out of 20
  Number of DML statements: 0 out of 150
  Number of Publish Immediate DML: 0 out of 150
  Number of DML rows: 0 out of 10000
  Maximum CPU time: 0 out of 10000
  Maximum heap size: 0 out of 6000000
  Number of callouts: 0 out of 100
  Number of Email Invocations: 0 out of 10
  Number of future calls: 0 out of 50
  Number of queueable jobs added to the queue: 0 out of 50
  Number of Mobile Apex push calls: 0 out of 10

17:53:46.118 (118879131)|CUMULATIVE_LIMIT_USAGE_END

17:53:46.2 (118935541)|CODE_UNIT_FINISHED|execute_anonymous_apex
17:53:46.2 (118955310)|EXECUTION_FINISHED
