66.0 APEX_CODE,FINEST;APEX_PROFILING,INFO;CALLOUT,INFO;DATA_ACCESS,INFO;DB,INFO;NBA,INFO;SYSTEM,DEBUG;VALIDATION,INFO;VISUALFORCE,INFO;WAVE,INFO;WORKFLOW,INFO
Execute Anonymous: PORTERS_BATCH_ResumeData batch = new PORTERS_BATCH_ResumeData();
Execute Anonymous: DataBase.executeBatch(batch,1);
17:54:56.14 (14622708)|USER_INFO|[EXTERNAL]|0057F0000042UBb|ishibashi@hurex.co.jp.dev1|(GMT+09:00) 日本標準時 (Asia/Tokyo)|GMT+09:00
17:54:56.14 (14645246)|EXECUTION_STARTED
17:54:56.14 (14654180)|CODE_UNIT_STARTED|[EXTERNAL]|execute_anonymous_apex
17:54:56.14 (16271161)|VARIABLE_SCOPE_BEGIN|[1]|batch|PORTERS_BATCH_ResumeData|true|false
17:54:56.14 (16402077)|HEAP_ALLOCATE|[95]|Bytes:3
17:54:56.14 (16452848)|HEAP_ALLOCATE|[100]|Bytes:152
17:54:56.14 (16468177)|HEAP_ALLOCATE|[417]|Bytes:408
17:54:56.14 (16484852)|HEAP_ALLOCATE|[430]|Bytes:408
17:54:56.14 (16509088)|HEAP_ALLOCATE|[317]|Bytes:6
17:54:56.14 (16535655)|HEAP_ALLOCATE|[EXTERNAL]|Bytes:3
17:54:56.14 (16572425)|STATEMENT_EXECUTE|[1]
17:54:56.14 (16574117)|STATEMENT_EXECUTE|[1]
17:54:56.14 (16576602)|HEAP_ALLOCATE|[1]|Bytes:65
17:54:56.14 (16579081)|HEAP_ALLOCATE|[1]|Bytes:10
17:54:56.14 (16598265)|METHOD_ENTRY|[1]|01pBK000001lKfR|PORTERS_BATCH_ResumeData.PORTERS_BATCH_ResumeData()
17:54:56.14 (16601761)|STATEMENT_EXECUTE|[1]
17:54:56.14 (16605104)|STATEMENT_EXECUTE|[1]
17:54:56.14 (16608247)|METHOD_EXIT|[1]|PORTERS_BATCH_ResumeData
17:54:56.14 (16628164)|HEAP_ALLOCATE|[1]|Bytes:16
17:54:56.14 (16648770)|HEAP_ALLOCATE|[68]|Bytes:5
17:54:56.14 (16668628)|HEAP_ALLOCATE|[74]|Bytes:5
17:54:56.14 (16673644)|HEAP_ALLOCATE|[82]|Bytes:7
17:54:56.14 (16690632)|SYSTEM_MODE_ENTER|false
17:54:56.14 (16712303)|HEAP_ALLOCATE|[1]|Bytes:5
17:54:56.14 (16726253)|CONSTRUCTOR_ENTRY|[1]|01pBK000001lKfR|<init>()|PORTERS_BATCH_ResumeData
17:54:56.14 (16750535)|VARIABLE_SCOPE_BEGIN|[7]|this|PORTERS_BATCH_ResumeData|true|false
17:54:56.14 (16850544)|VARIABLE_ASSIGNMENT|[7]|this|{}|0x6614da8
17:54:56.14 (16855507)|STATEMENT_EXECUTE|[1]
17:54:56.14 (16856520)|STATEMENT_EXECUTE|[3]
17:54:56.14 (16857495)|STATEMENT_EXECUTE|[4]
17:54:56.14 (16858417)|STATEMENT_EXECUTE|[5]
17:54:56.14 (16862461)|HEAP_ALLOCATE|[5]|Bytes:4
17:54:56.14 (16877263)|VARIABLE_ASSIGNMENT|[5]|this.pageSize|200|0x6614da8
17:54:56.14 (16881897)|HEAP_ALLOCATE|[5]|Bytes:6
17:54:56.14 (19243349)|STATEMENT_EXECUTE|[7]
17:54:56.14 (19248104)|STATEMENT_EXECUTE|[8]
17:54:56.14 (25117554)|HEAP_ALLOCATE|[8]|Bytes:72
17:54:56.14 (25158494)|VARIABLE_SCOPE_BEGIN|[8]|settings|PORTERS_Settings__c|true|false
17:54:56.14 (25381766)|VARIABLE_ASSIGNMENT|[8]|settings|{"LastModifiedDate":"2026-04-07T08:54:48.000Z","IsDeleted":false,"LastSyncTime__c":"2026-02-04T08:54:00.000Z","Client_Secret__c":"sPeXbzmOIRQwl4zKeRFR (108 more) ...","PARTITION_ID__c":2012.0,"API_Call_Count__c":2.0,"Token_Expires_At__c":"2026-02-04T05:41:00.000Z","SetupOwnerId":"00DBK000004uTTF2A2","Access_Token__c":"eba88d5229388a807c43 (12 more) ...","Name":"a0PBK000008oB5J","SystemModstamp":"2026-04-07T08:54:48.000Z","Is_Development_Mode__c":true,"CreatedById":"0057F0000042UBbQAM","CreatedDate":"2026-03-05T03:24:41.000Z","Last_Call_Timestamp__c":"2026-02-03T05:41:00.000Z","Id":"a0PBK000008oB5J2AU","LastModifiedById":"0057F0000042UBbQAM"}|0x54e73dd8
17:54:56.14 (25399494)|STATEMENT_EXECUTE|[9]
17:54:56.14 (25446372)|VARIABLE_ASSIGNMENT|[9]|this.lastSyncTime|"2026-02-04T08:54:00.000Z"|0x6614da8
17:54:56.14 (25460108)|CONSTRUCTOR_EXIT|[1]|01pBK000001lKfR|<init>()|PORTERS_BATCH_ResumeData
17:54:56.14 (25471933)|SYSTEM_MODE_EXIT|false
17:54:56.14 (25522597)|VARIABLE_ASSIGNMENT|[1]|batch|{"lastSyncTime":"2026-02-04T08:54:00.000Z","pageSize":200}|0x6614da8
17:54:56.14 (25526533)|STATEMENT_EXECUTE|[2]
17:54:56.101 (101590030)|CUMULATIVE_LIMIT_USAGE
17:54:56.101 (101590030)|LIMIT_USAGE_FOR_NS|(default)|
  Number of SOQL queries: 0 out of 100
  Number of query rows: 0 out of 50000
  Number of SOSL queries: 0 out of 20
  Number of DML statements: 0 out of 150
  Number of Publish Immediate DML: 0 out of 150
  Number of DML rows: 0 out of 10000
  Maximum CPU time: 0 out of 10000
  Maximum heap size: 0 out of 6000000
  Number of callouts: 0 out of 100
  Number of Email Invocations: 0 out of 10
  Number of future calls: 0 out of 50
  Number of queueable jobs added to the queue: 0 out of 50
  Number of Mobile Apex push calls: 0 out of 10

17:54:56.101 (101590030)|CUMULATIVE_LIMIT_USAGE_END

17:54:56.14 (101652466)|CODE_UNIT_FINISHED|execute_anonymous_apex
17:54:56.14 (101675400)|EXECUTION_FINISHED
