66.0 APEX_CODE,FINEST;APEX_PROFILING,INFO;CALLOUT,INFO;DATA_ACCESS,INFO;DB,INFO;NBA,INFO;SYSTEM,DEBUG;VALIDATION,INFO;VISUALFORCE,INFO;WAVE,INFO;WORKFLOW,INFO
18:17:10.2 (2259582)|USER_INFO|[EXTERNAL]|0057F0000042UBb|ishibashi@hurex.co.jp.dev1|(GMT+09:00) 日本標準時 (Asia/Tokyo)|GMT+09:00
18:17:10.2 (2303418)|EXECUTION_STARTED
18:17:10.2 (2313490)|CODE_UNIT_STARTED|[EXTERNAL]|apex://RecentJobViewedController/ACTION$getRecentViewedJobs
18:17:10.2 (3906288)|CODE_UNIT_STARTED|[EXTERNAL]|01pBK000001RE9Z|RecentJobViewedController.getRecentViewedJobs()
18:17:10.2 (4193610)|VARIABLE_SCOPE_BEGIN|[4]|RecentJobViewedController.testForceException|Boolean|false|true
18:17:10.2 (4422317)|HEAP_ALLOCATE|[95]|Bytes:3
18:17:10.2 (4477137)|HEAP_ALLOCATE|[100]|Bytes:152
18:17:10.2 (4490851)|HEAP_ALLOCATE|[417]|Bytes:408
18:17:10.2 (4502855)|HEAP_ALLOCATE|[430]|Bytes:408
18:17:10.2 (4524079)|HEAP_ALLOCATE|[317]|Bytes:6
18:17:10.2 (4534265)|HEAP_ALLOCATE|[EXTERNAL]|Bytes:1
18:17:10.2 (4546434)|METHOD_ENTRY|[1]|01pBK000001RE9Z|RecentJobViewedController.RecentJobViewedController()
18:17:10.2 (4552529)|STATEMENT_EXECUTE|[1]
18:17:10.2 (4557949)|STATEMENT_EXECUTE|[1]
18:17:10.2 (4574025)|HEAP_ALLOCATE|[68]|Bytes:5
18:17:10.2 (4600972)|HEAP_ALLOCATE|[74]|Bytes:5
18:17:10.2 (4607611)|HEAP_ALLOCATE|[82]|Bytes:7
18:17:10.2 (4919431)|HEAP_ALLOCATE|[4]|Bytes:5
18:17:10.2 (4926038)|STATEMENT_EXECUTE|[4]
18:17:10.2 (4932498)|HEAP_ALLOCATE|[4]|Bytes:5
18:17:10.2 (4969279)|VARIABLE_ASSIGNMENT|[4]|RecentJobViewedController.testForceException|false
18:17:10.2 (4981616)|METHOD_EXIT|[1]|RecentJobViewedController
18:17:10.2 (4995704)|HEAP_ALLOCATE|[8]|Bytes:5
18:17:10.2 (4998950)|STATEMENT_EXECUTE|[7]
18:17:10.2 (5000230)|STATEMENT_EXECUTE|[8]
18:17:10.2 (5002872)|STATEMENT_EXECUTE|[8]
18:17:10.2 (5043393)|HEAP_ALLOCATE|[9]|Bytes:118
18:17:10.2 (5051121)|SYSTEM_METHOD_ENTRY|[1]|Test.Test()
18:17:10.2 (5054129)|STATEMENT_EXECUTE|[1]
18:17:10.2 (5060953)|SYSTEM_METHOD_EXIT|[1]|Test
18:17:10.2 (5071416)|METHOD_ENTRY|[9]||System.Test.isRunningTest()
18:17:10.2 (5108641)|METHOD_EXIT|[9]||System.Test.isRunningTest()
18:17:10.2 (5113809)|STATEMENT_EXECUTE|[9]
18:17:10.2 (5114965)|STATEMENT_EXECUTE|[13]
18:17:10.2 (5117011)|HEAP_ALLOCATE|[13]|Bytes:137
18:17:10.2 (5133740)|HEAP_ALLOCATE|[13]|Bytes:4
18:17:10.2 (7336502)|SOQL_EXECUTE_BEGIN|[13]|Aggregations:0|SELECT Id, Name, JobPosition__c, LastViewedDate FROM Job__c WHERE LastViewedDate != NULL ORDER BY LastViewedDate DESC NULLS FIRST LIMIT 4
18:17:10.2 (26117437)|SOQL_EXECUTE_END|[13]|Rows:4
18:17:10.2 (26158788)|HEAP_ALLOCATE|[13]|Bytes:20
18:17:10.2 (26185898)|HEAP_ALLOCATE|[13]|Bytes:884
18:17:10.2 (26225424)|HEAP_ALLOCATE|[13]|Bytes:20
18:17:10.26 (26295679)|CUMULATIVE_LIMIT_USAGE
18:17:10.26 (26295679)|LIMIT_USAGE_FOR_NS|(default)|
  Number of SOQL queries: 1 out of 100
  Number of query rows: 4 out of 50000
  Number of SOSL queries: 0 out of 20
  Number of DML statements: 0 out of 0
  Number of Publish Immediate DML: 0 out of 150
  Number of DML rows: 0 out of 10000
  Maximum CPU time: 0 out of 10000
  Maximum heap size: 0 out of 6000000
  Number of callouts: 0 out of 100
  Number of Email Invocations: 0 out of 10
  Number of future calls: 0 out of 50
  Number of queueable jobs added to the queue: 0 out of 50
  Number of Mobile Apex push calls: 0 out of 10

18:17:10.26 (26295679)|CUMULATIVE_LIMIT_USAGE_END

18:17:10.2 (26320930)|CODE_UNIT_FINISHED|RecentJobViewedController.getRecentViewedJobs()
18:17:10.2 (26481555)|CODE_UNIT_FINISHED|apex://RecentJobViewedController/ACTION$getRecentViewedJobs
18:17:10.2 (26485905)|EXECUTION_FINISHED
