66.0 APEX_CODE,FINEST;APEX_PROFILING,INFO;CALLOUT,INFO;DATA_ACCESS,INFO;DB,INFO;NBA,INFO;SYSTEM,DEBUG;VALIDATION,INFO;VISUALFORCE,INFO;WAVE,INFO;WORKFLOW,INFO
17:53:48.0 (198481)|USER_INFO|[EXTERNAL]|0057F0000042UBb|ishibashi@hurex.co.jp.dev1|(GMT+09:00) 日本標準時 (Asia/Tokyo)|GMT+09:00
17:53:48.0 (236580)|EXECUTION_STARTED
17:53:48.0 (246541)|CODE_UNIT_STARTED|[EXTERNAL]|01pBK000001lKfR|PORTERS_BATCH_ResumeData
17:53:48.0 (1189972)|HEAP_ALLOCATE|[95]|Bytes:3
17:53:48.0 (1266671)|HEAP_ALLOCATE|[100]|Bytes:152
17:53:48.0 (1282958)|HEAP_ALLOCATE|[417]|Bytes:408
17:53:48.0 (1297975)|HEAP_ALLOCATE|[430]|Bytes:408
17:53:48.0 (1324655)|HEAP_ALLOCATE|[317]|Bytes:6
17:53:48.0 (1695807)|HEAP_ALLOCATE|[EXTERNAL]|Bytes:80
17:53:48.0 (6152339)|HEAP_ALLOCATE|[EXTERNAL]|Bytes:11
17:53:48.0 (6182286)|SYSTEM_METHOD_ENTRY|[15]|BatchableContextImpl.BatchableContextImpl()
17:53:48.0 (6187061)|STATEMENT_EXECUTE|[15]
17:53:48.0 (6199539)|SYSTEM_METHOD_EXIT|[15]|BatchableContextImpl
17:53:48.0 (6205484)|HEAP_ALLOCATE|[EXTERNAL]|Bytes:12
17:53:48.0 (6208758)|HEAP_ALLOCATE|[EXTERNAL]|Bytes:4
17:53:48.0 (6213159)|VARIABLE_SCOPE_BEGIN|[31]|this|Database.BatchableContextImpl|true|false
17:53:48.0 (6273789)|VARIABLE_ASSIGNMENT|[31]|this|{}|0x11647c21
17:53:48.0 (6279493)|VARIABLE_SCOPE_BEGIN|[31]|jobId|Id|false|false
17:53:48.0 (6375626)|VARIABLE_ASSIGNMENT|[31]|jobId|"707BK00000xTCzDYAW"
17:53:48.0 (6379048)|VARIABLE_SCOPE_BEGIN|[31]|childJobId|Id|false|false
17:53:48.0 (6385247)|VARIABLE_ASSIGNMENT|[31]|childJobId|null
17:53:48.0 (8170621)|HEAP_ALLOCATE|[EXTERNAL]|Bytes:65
17:53:48.0 (8187724)|HEAP_ALLOCATE|[EXTERNAL]|Bytes:10
17:53:48.0 (8200112)|METHOD_ENTRY|[1]|01pBK000001lKfR|PORTERS_BATCH_ResumeData.PORTERS_BATCH_ResumeData()
17:53:48.0 (8204144)|STATEMENT_EXECUTE|[1]
17:53:48.0 (8208679)|STATEMENT_EXECUTE|[1]
17:53:48.0 (8212914)|METHOD_EXIT|[1]|PORTERS_BATCH_ResumeData
17:53:48.0 (8216511)|HEAP_ALLOCATE|[EXTERNAL]|Bytes:16
17:53:48.0 (8219185)|HEAP_ALLOCATE|[EXTERNAL]|Bytes:12
17:53:48.0 (8233304)|HEAP_ALLOCATE|[EXTERNAL]|Bytes:8
17:53:48.0 (8237922)|VARIABLE_SCOPE_BEGIN|[30]|this|PORTERS_BATCH_ResumeData|true|false
17:53:48.0 (8282919)|VARIABLE_ASSIGNMENT|[30]|this|{"lastSyncTime":"2026-04-07T08:24:03.000Z","pageSize":200}|0x624ae927
17:53:48.0 (8286481)|VARIABLE_SCOPE_BEGIN|[30]|bc|Database.BatchableContext|true|false
17:53:48.0 (8334445)|VARIABLE_ASSIGNMENT|[30]|bc|{"jobId":"707BK00000xTCzDYAW"}|0x11647c21
17:53:48.0 (8338318)|VARIABLE_SCOPE_BEGIN|[30]|scope|List<Integer>|true|false
17:53:48.0 (8348999)|VARIABLE_ASSIGNMENT|[30]|scope|[0]|0x64993d91
17:53:48.0 (8356509)|STATEMENT_EXECUTE|[30]
17:53:48.0 (8357525)|STATEMENT_EXECUTE|[32]
17:53:48.0 (8462101)|HEAP_ALLOCATE|[33]|Bytes:4
17:53:48.0 (8537224)|VARIABLE_SCOPE_BEGIN|[32]|allRecords|List<IF_pts_resume__c>|true|false
17:53:48.0 (8545463)|HEAP_ALLOCATE|[EXTERNAL]|Bytes:4
17:53:48.0 (8550574)|VARIABLE_ASSIGNMENT|[32]|allRecords|[]|0x6f2cf984
17:53:48.0 (8776682)|HEAP_ALLOCATE|[68]|Bytes:5
17:53:48.0 (8797075)|HEAP_ALLOCATE|[74]|Bytes:5
17:53:48.0 (8802337)|HEAP_ALLOCATE|[82]|Bytes:7
17:53:48.0 (8814713)|HEAP_ALLOCATE|[35]|Bytes:5
17:53:48.0 (8829410)|HEAP_ALLOCATE|[35]|Bytes:8
17:53:48.0 (8834806)|VARIABLE_SCOPE_BEGIN|[35]|page|Integer|false|false
17:53:48.0 (8840774)|VARIABLE_ASSIGNMENT|[35]|page|0
17:53:48.0 (8843724)|STATEMENT_EXECUTE|[35]
17:53:48.0 (8844797)|STATEMENT_EXECUTE|[36]
17:53:48.0 (8852475)|VARIABLE_SCOPE_BEGIN|[36]|start|Integer|false|false
17:53:48.0 (8856284)|HEAP_ALLOCATE|[36]|Bytes:4
17:53:48.0 (8858659)|VARIABLE_ASSIGNMENT|[36]|start|0
17:53:48.0 (8860588)|STATEMENT_EXECUTE|[37]
17:53:48.0 (8969393)|VARIABLE_SCOPE_BEGIN|[5]|PORTERS_API_GetResumeData.BASE_URL|String|false|true
17:53:48.0 (8974499)|VARIABLE_SCOPE_BEGIN|[3]|PORTERS_API_GetResumeData.CLIENT_ID|String|false|true
17:53:48.0 (8977980)|VARIABLE_SCOPE_BEGIN|[4]|PORTERS_API_GetResumeData.DEFAULT_TOKEN_EXPIRES_SEC|Integer|false|true
17:53:48.0 (8981267)|VARIABLE_SCOPE_BEGIN|[2]|PORTERS_API_GetResumeData.TOKEN_ENDPOINT|String|false|true
17:53:48.0 (8988489)|HEAP_ALLOCATE|[38]|Bytes:16
17:53:48.0 (8991884)|HEAP_ALLOCATE|[38]|Bytes:30
17:53:48.0 (8993910)|HEAP_ALLOCATE|[38]|Bytes:36
17:53:48.0 (9004613)|VARIABLE_ASSIGNMENT|[38]|PORTERS_API_GetResumeData.BASE_URL|"https://api-hrbc-jp. (16 more) ..."
17:53:48.0 (9008262)|HEAP_ALLOCATE|[38]|Bytes:32
17:53:48.0 (9011617)|VARIABLE_ASSIGNMENT|[38]|PORTERS_API_GetResumeData.CLIENT_ID|"a8678131f29ea6faf1ca (12 more) ..."
17:53:48.0 (9013857)|HEAP_ALLOCATE|[38]|Bytes:45
17:53:48.0 (9017204)|VARIABLE_ASSIGNMENT|[38]|PORTERS_API_GetResumeData.TOKEN_ENDPOINT|"https://api-hrbc-jp. (25 more) ..."
17:53:48.0 (9027187)|METHOD_ENTRY|[1]|01pBK000001lFxV|PORTERS_API_GetResumeData.PORTERS_API_GetResumeData()
17:53:48.0 (9030317)|STATEMENT_EXECUTE|[1]
17:53:48.0 (9032616)|STATEMENT_EXECUTE|[1]
17:53:48.0 (9033581)|STATEMENT_EXECUTE|[4]
17:53:48.0 (9036878)|HEAP_ALLOCATE|[4]|Bytes:4
17:53:48.0 (9040762)|VARIABLE_ASSIGNMENT|[4]|PORTERS_API_GetResumeData.DEFAULT_TOKEN_EXPIRES_SEC|1800
17:53:48.0 (9042877)|STATEMENT_EXECUTE|[206]
17:53:48.0 (9045884)|METHOD_EXIT|[1]|PORTERS_API_GetResumeData
17:53:48.0 (9068301)|METHOD_ENTRY|[38]|01pBK000001lFxV|PORTERS_API_GetResumeData.getResumeData(Datetime, Integer)
17:53:48.0 (9108626)|VARIABLE_SCOPE_BEGIN|[6]|PORTERS_DTO_ResumeDateResponse.FIELD_MAPPING|Map<String,String>|true|true
17:53:48.0 (9121816)|VARIABLE_SCOPE_BEGIN|[7]|lastSyncTime|Datetime|false|false
17:53:48.0 (9135360)|VARIABLE_ASSIGNMENT|[7]|lastSyncTime|"2026-04-07T08:24:03.000Z"
17:53:48.0 (9138119)|VARIABLE_SCOPE_BEGIN|[7]|start|Integer|false|false
17:53:48.0 (9147324)|VARIABLE_ASSIGNMENT|[7]|start|0
17:53:48.0 (9151734)|STATEMENT_EXECUTE|[7]
17:53:48.0 (9152833)|STATEMENT_EXECUTE|[8]
17:53:48.0 (9158259)|METHOD_ENTRY|[8]|01pBK000001lFxV|PORTERS_API_GetResumeData.buildFieldList()
17:53:48.0 (9186439)|STATEMENT_EXECUTE|[211]
17:53:48.0 (9187407)|STATEMENT_EXECUTE|[212]
17:53:48.0 (9189184)|HEAP_ALLOCATE|[212]|Bytes:3114
17:53:48.0 (9193869)|METHOD_EXIT|[8]|01pBK000001lFxV|PORTERS_API_GetResumeData.buildFieldList()
17:53:48.0 (9196645)|VARIABLE_SCOPE_BEGIN|[8]|fields|String|false|false
17:53:48.0 (9202967)|VARIABLE_ASSIGNMENT|[8]|fields|"Resume.P_RegisterCha (3094 more) ..."
17:53:48.0 (9205129)|STATEMENT_EXECUTE|[9]
17:53:48.0 (9206707)|VARIABLE_SCOPE_BEGIN|[9]|condition|String|false|false
17:53:48.0 (9211208)|VARIABLE_ASSIGNMENT|[9]|condition|""
17:53:48.0 (9214044)|STATEMENT_EXECUTE|[10]
17:53:48.0 (9215038)|STATEMENT_EXECUTE|[11]
17:53:48.0 (9216619)|HEAP_ALLOCATE|[11]|Bytes:19
17:53:48.0 (9254858)|HEAP_ALLOCATE|[11]|Bytes:19
17:53:48.0 (9259292)|VARIABLE_SCOPE_BEGIN|[11]|timeStr|String|false|false
17:53:48.0 (9264493)|VARIABLE_ASSIGNMENT|[11]|timeStr|"2026/04/07 17:24:03"
17:53:48.0 (9266825)|STATEMENT_EXECUTE|[12]
17:53:48.0 (9268100)|HEAP_ALLOCATE|[12]|Bytes:23
17:53:48.0 (9277803)|HEAP_ALLOCATE|[12]|Bytes:42
17:53:48.0 (9281738)|VARIABLE_ASSIGNMENT|[12]|condition|"Resume.P_UpdateDate: (22 more) ..."
17:53:48.0 (9284392)|STATEMENT_EXECUTE|[14]
17:53:48.0 (9295203)|HEAP_ALLOCATE|[14]|Bytes:4
17:53:48.0 (9301634)|HEAP_ALLOCATE|[15]|Bytes:9
17:53:48.0 (9319123)|HEAP_ALLOCATE|[15]|Bytes:4
17:53:48.0 (9344998)|HEAP_ALLOCATE|[16]|Bytes:5
17:53:48.0 (9352523)|HEAP_ALLOCATE|[16]|Bytes:3
17:53:48.0 (9359668)|HEAP_ALLOCATE|[17]|Bytes:5
17:53:48.0 (9365924)|HEAP_ALLOCATE|[17]|Bytes:1
17:53:48.0 (9373018)|HEAP_ALLOCATE|[18]|Bytes:5
17:53:48.0 (9377411)|HEAP_ALLOCATE|[19]|Bytes:9
17:53:48.0 (9379341)|HEAP_ALLOCATE|[19]|Bytes:8
17:53:48.0 (9383604)|VARIABLE_SCOPE_BEGIN|[14]|params|Map<String,String>|true|false
17:53:48.0 (9402138)|VARIABLE_ASSIGNMENT|[14]|params|{"partition":"2012","count":"200","start":"0","field":"Resume.P_RegisterCha (3094 more) ...","itemstate":"existing"}|0x2c8a31fa
17:53:48.0 (9417862)|STATEMENT_EXECUTE|[21]
17:53:48.0 (9418916)|STATEMENT_EXECUTE|[22]
17:53:48.0 (9420799)|HEAP_ALLOCATE|[22]|Bytes:9
17:53:48.0 (9431977)|HEAP_ALLOCATE|[EXTERNAL]|Bytes:-4
17:53:48.0 (9435937)|STATEMENT_EXECUTE|[24]
17:53:48.0 (9439541)|HEAP_ALLOCATE|[24]|Bytes:11
17:53:48.0 (9445691)|METHOD_ENTRY|[24]|01pBK000001lFxV|PORTERS_API_GetResumeData.buildQueryString(Map<String,String>)
17:53:48.0 (9451300)|VARIABLE_SCOPE_BEGIN|[135]|params|Map<String,String>|true|false
17:53:48.0 (9456735)|VARIABLE_ASSIGNMENT|[135]|params|"Map of size 6 too large to display"|0x2c8a31fa
17:53:48.0 (9460221)|STATEMENT_EXECUTE|[135]
17:53:48.0 (9461166)|STATEMENT_EXECUTE|[136]
17:53:48.0 (9469105)|HEAP_ALLOCATE|[136]|Bytes:4
17:53:48.0 (9482141)|VARIABLE_SCOPE_BEGIN|[136]|pairs|List<String>|true|false
17:53:48.0 (9509516)|HEAP_ALLOCATE|[EXTERNAL]|Bytes:4
17:53:48.0 (9514718)|VARIABLE_ASSIGNMENT|[136]|pairs|[]|0x44409cd2
17:53:48.0 (9543506)|HEAP_ALLOCATE|[137]|Bytes:70
17:53:48.0 (9581302)|HEAP_ALLOCATE|[137]|Bytes:5
17:53:48.0 (9590563)|VARIABLE_SCOPE_BEGIN|[137]|key|String|false|false
17:53:48.0 (9595811)|VARIABLE_ASSIGNMENT|[137]|key|"partition"
17:53:48.0 (9598178)|STATEMENT_EXECUTE|[137]
17:53:48.0 (9599094)|STATEMENT_EXECUTE|[138]
17:53:48.0 (9610448)|VARIABLE_SCOPE_BEGIN|[138]|value|String|false|false
17:53:48.0 (9614649)|VARIABLE_ASSIGNMENT|[138]|value|"2012"
17:53:48.0 (9625518)|STATEMENT_EXECUTE|[139]
17:53:48.0 (9626346)|STATEMENT_EXECUTE|[140]
17:53:48.0 (9627685)|HEAP_ALLOCATE|[140]|Bytes:1
17:53:48.0 (9629713)|HEAP_ALLOCATE|[140]|Bytes:5
17:53:48.0 (9656161)|HEAP_ALLOCATE|[140]|Bytes:15
17:53:48.0 (9662733)|SYSTEM_METHOD_ENTRY|[1]|EncodingUtil.EncodingUtil()
17:53:48.0 (9664782)|STATEMENT_EXECUTE|[1]
17:53:48.0 (9669659)|SYSTEM_METHOD_EXIT|[1]|EncodingUtil
17:53:48.0 (9674892)|METHOD_ENTRY|[140]||System.EncodingUtil.urlEncode(String, String)
17:53:48.0 (9699980)|METHOD_EXIT|[140]||System.EncodingUtil.urlEncode(String, String)
17:53:48.0 (9705388)|HEAP_ALLOCATE|[140]|Bytes:14
17:53:48.0 (9713740)|HEAP_ALLOCATE|[EXTERNAL]|Bytes:4
17:53:48.0 (9719817)|HEAP_ALLOCATE|[137]|Bytes:5
17:53:48.0 (9724418)|VARIABLE_SCOPE_BEGIN|[137]|key|String|false|false
17:53:48.0 (9728713)|VARIABLE_ASSIGNMENT|[137]|key|"count"
17:53:48.0 (9730835)|STATEMENT_EXECUTE|[137]
17:53:48.0 (9731642)|STATEMENT_EXECUTE|[138]
17:53:48.0 (9735940)|VARIABLE_SCOPE_BEGIN|[138]|value|String|false|false
17:53:48.0 (9739633)|VARIABLE_ASSIGNMENT|[138]|value|"200"
17:53:48.0 (9747238)|STATEMENT_EXECUTE|[139]
17:53:48.0 (9748076)|STATEMENT_EXECUTE|[140]
17:53:48.0 (9750258)|METHOD_ENTRY|[140]||System.EncodingUtil.urlEncode(String, String)
17:53:48.0 (9760801)|METHOD_EXIT|[140]||System.EncodingUtil.urlEncode(String, String)
17:53:48.0 (9762907)|HEAP_ALLOCATE|[140]|Bytes:9
17:53:48.0 (9766044)|HEAP_ALLOCATE|[EXTERNAL]|Bytes:4
17:53:48.0 (9770783)|HEAP_ALLOCATE|[137]|Bytes:5
17:53:48.0 (9774673)|VARIABLE_SCOPE_BEGIN|[137]|key|String|false|false
17:53:48.0 (9780806)|VARIABLE_ASSIGNMENT|[137]|key|"start"
17:53:48.0 (9783609)|STATEMENT_EXECUTE|[137]
17:53:48.0 (9784573)|STATEMENT_EXECUTE|[138]
17:53:48.0 (9789792)|VARIABLE_SCOPE_BEGIN|[138]|value|String|false|false
17:53:48.0 (9795528)|VARIABLE_ASSIGNMENT|[138]|value|"0"
17:53:48.0 (9805536)|STATEMENT_EXECUTE|[139]
17:53:48.0 (9806728)|STATEMENT_EXECUTE|[140]
17:53:48.0 (9809750)|METHOD_ENTRY|[140]||System.EncodingUtil.urlEncode(String, String)
17:53:48.0 (9822096)|METHOD_EXIT|[140]||System.EncodingUtil.urlEncode(String, String)
17:53:48.0 (9825108)|HEAP_ALLOCATE|[140]|Bytes:7
17:53:48.0 (9829561)|HEAP_ALLOCATE|[EXTERNAL]|Bytes:4
17:53:48.0 (9835786)|HEAP_ALLOCATE|[137]|Bytes:5
17:53:48.0 (9841514)|VARIABLE_SCOPE_BEGIN|[137]|key|String|false|false
17:53:48.0 (9848313)|VARIABLE_ASSIGNMENT|[137]|key|"field"
17:53:48.0 (9851101)|STATEMENT_EXECUTE|[137]
17:53:48.0 (9852178)|STATEMENT_EXECUTE|[138]
17:53:48.0 (9857828)|VARIABLE_SCOPE_BEGIN|[138]|value|String|false|false
17:53:48.0 (9882146)|VARIABLE_ASSIGNMENT|[138]|value|"Resume.P_RegisterCha (3094 more) ..."
17:53:48.0 (9894268)|STATEMENT_EXECUTE|[139]
17:53:48.0 (9895341)|STATEMENT_EXECUTE|[140]
17:53:48.0 (9898515)|METHOD_ENTRY|[140]||System.EncodingUtil.urlEncode(String, String)
17:53:48.0 (9940546)|METHOD_EXIT|[140]||System.EncodingUtil.urlEncode(String, String)
17:53:48.0 (9944117)|HEAP_ALLOCATE|[140]|Bytes:3296
17:53:48.0 (9949301)|HEAP_ALLOCATE|[EXTERNAL]|Bytes:4
17:53:48.0 (9956706)|HEAP_ALLOCATE|[137]|Bytes:5
17:53:48.0 (9962675)|VARIABLE_SCOPE_BEGIN|[137]|key|String|false|false
17:53:48.0 (9969607)|VARIABLE_ASSIGNMENT|[137]|key|"itemstate"
17:53:48.0 (9972306)|STATEMENT_EXECUTE|[137]
17:53:48.0 (9973458)|STATEMENT_EXECUTE|[138]
17:53:48.0 (9978915)|VARIABLE_SCOPE_BEGIN|[138]|value|String|false|false
17:53:48.0 (9985109)|VARIABLE_ASSIGNMENT|[138]|value|"existing"
17:53:48.0 (9996856)|STATEMENT_EXECUTE|[139]
17:53:48.0 (9998037)|STATEMENT_EXECUTE|[140]
17:53:48.0 (10000823)|METHOD_ENTRY|[140]||System.EncodingUtil.urlEncode(String, String)
17:53:48.0 (10017338)|METHOD_EXIT|[140]||System.EncodingUtil.urlEncode(String, String)
17:53:48.0 (10021252)|HEAP_ALLOCATE|[140]|Bytes:18
17:53:48.0 (10026508)|HEAP_ALLOCATE|[EXTERNAL]|Bytes:4
17:53:48.0 (10033261)|HEAP_ALLOCATE|[137]|Bytes:5
17:53:48.0 (10039151)|VARIABLE_SCOPE_BEGIN|[137]|key|String|false|false
17:53:48.0 (10046796)|VARIABLE_ASSIGNMENT|[137]|key|"condition"
17:53:48.0 (10050720)|STATEMENT_EXECUTE|[137]
17:53:48.0 (10052501)|STATEMENT_EXECUTE|[138]
17:53:48.0 (10059320)|VARIABLE_SCOPE_BEGIN|[138]|value|String|false|false
17:53:48.0 (10066253)|VARIABLE_ASSIGNMENT|[138]|value|"Resume.P_UpdateDate: (22 more) ..."
17:53:48.0 (10077958)|STATEMENT_EXECUTE|[139]
17:53:48.0 (10079323)|STATEMENT_EXECUTE|[140]
17:53:48.0 (10082336)|METHOD_ENTRY|[140]||System.EncodingUtil.urlEncode(String, String)
17:53:48.0 (10097332)|METHOD_EXIT|[140]||System.EncodingUtil.urlEncode(String, String)
17:53:48.0 (10100819)|HEAP_ALLOCATE|[140]|Bytes:64
17:53:48.0 (10104998)|HEAP_ALLOCATE|[EXTERNAL]|Bytes:4
17:53:48.0 (10111328)|HEAP_ALLOCATE|[137]|Bytes:5
17:53:48.0 (10119284)|VARIABLE_ASSIGNMENT|[137]|key|null
17:53:48.0 (10123698)|STATEMENT_EXECUTE|[143]
17:53:48.0 (10125603)|HEAP_ALLOCATE|[143]|Bytes:1
17:53:48.0 (10170323)|HEAP_ALLOCATE|[143]|Bytes:5
17:53:48.0 (10176313)|HEAP_ALLOCATE|[143]|Bytes:14
17:53:48.0 (10180044)|HEAP_ALLOCATE|[143]|Bytes:5
17:53:48.0 (10183223)|HEAP_ALLOCATE|[143]|Bytes:9
17:53:48.0 (10186328)|HEAP_ALLOCATE|[143]|Bytes:5
17:53:48.0 (10189015)|HEAP_ALLOCATE|[143]|Bytes:7
17:53:48.0 (10192742)|HEAP_ALLOCATE|[143]|Bytes:5
17:53:48.0 (10195698)|HEAP_ALLOCATE|[143]|Bytes:3296
17:53:48.0 (10199267)|HEAP_ALLOCATE|[143]|Bytes:5
17:53:48.0 (10202862)|HEAP_ALLOCATE|[143]|Bytes:18
17:53:48.0 (10205983)|HEAP_ALLOCATE|[143]|Bytes:5
17:53:48.0 (10208902)|HEAP_ALLOCATE|[143]|Bytes:64
17:53:48.0 (10212367)|HEAP_ALLOCATE|[143]|Bytes:5
17:53:48.0 (10214906)|HEAP_ALLOCATE|[143]|Bytes:3413
17:53:48.0 (10222611)|METHOD_EXIT|[24]|01pBK000001lFxV|PORTERS_API_GetResumeData.buildQueryString(Map<String,String>)
17:53:48.0 (10227360)|HEAP_ALLOCATE|[24]|Bytes:3460
17:53:48.0 (10229591)|VARIABLE_SCOPE_BEGIN|[24]|endpoint|String|false|false
17:53:48.0 (10235728)|VARIABLE_ASSIGNMENT|[24]|endpoint|"https://api-hrbc-jp. (3440 more) ..."
17:53:48.0 (10238059)|STATEMENT_EXECUTE|[25]
17:53:48.0 (10262753)|VARIABLE_SCOPE_BEGIN|[25]|req|System.HttpRequest|true|false
17:53:48.0 (10301796)|VARIABLE_ASSIGNMENT|[25]|req|"System.HttpRequest[Endpoint=null, Method=null]"|0x356f1588
17:53:48.0 (10304758)|STATEMENT_EXECUTE|[26]
17:53:48.0 (10343891)|STATEMENT_EXECUTE|[27]
17:53:48.0 (10345640)|HEAP_ALLOCATE|[27]|Bytes:3
17:53:48.0 (10354560)|STATEMENT_EXECUTE|[28]
17:53:48.0 (10360834)|METHOD_ENTRY|[28]|01pBK000001lFxV|PORTERS_API_GetResumeData.getAccessToken()
17:53:48.0 (10370513)|STATEMENT_EXECUTE|[40]
17:53:48.0 (10371568)|STATEMENT_EXECUTE|[41]
17:53:48.0 (10372322)|STATEMENT_EXECUTE|[41]
17:53:48.0 (10373373)|STATEMENT_EXECUTE|[43]
17:53:48.0 (10376156)|METHOD_ENTRY|[43]|01pBK000001lFxV|PORTERS_API_GetResumeData.getAuthorizationCode()
17:53:48.0 (10382241)|STATEMENT_EXECUTE|[53]
17:53:48.0 (10383271)|STATEMENT_EXECUTE|[54]
17:53:48.0 (10384564)|HEAP_ALLOCATE|[54]|Bytes:79
17:53:48.0 (10391261)|METHOD_ENTRY|[56]||System.EncodingUtil.urlEncode(String, String)
17:53:48.0 (10404414)|METHOD_EXIT|[56]||System.EncodingUtil.urlEncode(String, String)
17:53:48.0 (10406586)|HEAP_ALLOCATE|[57]|Bytes:7
17:53:48.0 (10408545)|HEAP_ALLOCATE|[57]|Bytes:48
17:53:48.0 (10414275)|METHOD_ENTRY|[57]||System.EncodingUtil.urlEncode(String, String)
17:53:48.0 (10424703)|METHOD_EXIT|[57]||System.EncodingUtil.urlEncode(String, String)
17:53:48.0 (10431081)|HEAP_ALLOCATE|[54]|Bytes:174
17:53:48.0 (10433246)|VARIABLE_SCOPE_BEGIN|[54]|endpoint|String|false|false
17:53:48.0 (10438428)|VARIABLE_ASSIGNMENT|[54]|endpoint|"https://api-hrbc-jp. (154 more) ..."
17:53:48.0 (10440417)|STATEMENT_EXECUTE|[59]
17:53:48.0 (10444577)|VARIABLE_SCOPE_BEGIN|[59]|req|System.HttpRequest|true|false
17:53:48.0 (10455803)|VARIABLE_ASSIGNMENT|[59]|req|"System.HttpRequest[Endpoint=null, Method=null]"|0x224739c2
17:53:48.0 (10458427)|STATEMENT_EXECUTE|[60]
17:53:48.0 (10466819)|STATEMENT_EXECUTE|[61]
17:53:48.0 (10472722)|STATEMENT_EXECUTE|[63]
17:53:48.0 (10570763)|CALLOUT_REQUEST|[63]|System.HttpRequest[Endpoint=https://api-hrbc-jp.porterscloud.com/v1/oauth?response_type=code_direct&app_id=a8678131f29ea6faf1caa908a0f51c38&scope=candidate_r%2Cresume_r%2Cuser_r%2Coption_r%2Cpartition_r, Method=GET]
17:53:48.0 (18807464)|HEAP_ALLOCATE|[EXTERNAL]|Bytes:348
17:53:48.0 (19441513)|CALLOUT_RESPONSE|[63]|System.HttpResponse[Status=OK, StatusCode=200]
17:53:48.0 (19464589)|HEAP_ALLOCATE|[63]|Bytes:181
17:53:48.0 (19492854)|VARIABLE_SCOPE_BEGIN|[63]|res|System.HttpResponse|true|false
17:53:48.0 (19527031)|VARIABLE_ASSIGNMENT|[63]|res|"System.HttpResponse[Status=OK, StatusCode=200]"|0x55f2d3f4
17:53:48.0 (19579810)|STATEMENT_EXECUTE|[66]
17:53:48.0 (19581887)|STATEMENT_EXECUTE|[70]
17:53:48.0 (19603115)|VARIABLE_SCOPE_BEGIN|[70]|doc|dom.Document|true|false
17:53:48.0 (19618160)|VARIABLE_ASSIGNMENT|[70]|doc|"Document[]"|0x76c6142d
17:53:48.0 (19621115)|STATEMENT_EXECUTE|[71]
17:53:48.0 (19647230)|HEAP_ALLOCATE|[71]|Bytes:175
17:53:48.0 (19744762)|HEAP_ALLOCATE|[72]|Bytes:4
17:53:48.0 (19747084)|HEAP_ALLOCATE|[72]|Bytes:4
17:53:48.0 (19748395)|HEAP_ALLOCATE|[72]|Bytes:4
17:53:48.0 (19749805)|HEAP_ALLOCATE|[72]|Bytes:4
17:53:48.0 (19800980)|HEAP_ALLOCATE|[72]|Bytes:5
17:53:48.0 (19815167)|HEAP_ALLOCATE|[72]|Bytes:4
17:53:48.0 (19821587)|VARIABLE_SCOPE_BEGIN|[72]|child|dom.XmlNode|true|false
17:53:48.0 (19863804)|VARIABLE_ASSIGNMENT|[72]|child|"XMLNode[ELEMENT,Code,null,null,null,[XMLNode[TEXT,null,null,null,null,null,e4faca2fe1c0e186a71b2fb154278fe9,]],null,]"|0x4d86073f
17:53:48.0 (19869558)|STATEMENT_EXECUTE|[72]
17:53:48.0 (19885804)|HEAP_ALLOCATE|[73]|Bytes:4
17:53:48.0 (19892843)|HEAP_ALLOCATE|[73]|Bytes:4
17:53:48.0 (19920194)|STATEMENT_EXECUTE|[73]
17:53:48.0 (19921329)|STATEMENT_EXECUTE|[74]
17:53:48.0 (19928946)|HEAP_ALLOCATE|[74]|Bytes:32
17:53:48.0 (19939092)|METHOD_EXIT|[43]|01pBK000001lFxV|PORTERS_API_GetResumeData.getAuthorizationCode()
17:53:48.0 (19943024)|VARIABLE_SCOPE_BEGIN|[43]|authCode|String|false|false
17:53:48.0 (19951379)|VARIABLE_ASSIGNMENT|[43]|authCode|"e4faca2fe1c0e186a71b (12 more) ..."
17:53:48.0 (19953595)|STATEMENT_EXECUTE|[45]
17:53:48.0 (19967856)|METHOD_ENTRY|[45]|01pBK000001lFxV|PORTERS_API_GetResumeData.getAccessTokenFromCode(String)
17:53:48.0 (19983819)|VARIABLE_SCOPE_BEGIN|[80]|authCode|String|false|false
17:53:48.0 (19988667)|VARIABLE_ASSIGNMENT|[80]|authCode|"e4faca2fe1c0e186a71b (12 more) ..."
17:53:48.0 (19993764)|STATEMENT_EXECUTE|[80]
17:53:48.0 (19994759)|STATEMENT_EXECUTE|[81]
17:53:48.0 (20105006)|VARIABLE_SCOPE_BEGIN|[2]|SecretUtil.FIXED_KEY_BASE64|String|false|true
17:53:48.0 (20111918)|VARIABLE_SCOPE_BEGIN|[3]|SecretUtil.cryptoKey|Blob|false|true
17:53:48.0 (20122212)|HEAP_ALLOCATE|[81]|Bytes:92
17:53:48.0 (20126440)|HEAP_ALLOCATE|[81]|Bytes:6
17:53:48.0 (20128817)|HEAP_ALLOCATE|[81]|Bytes:44
17:53:48.0 (20136308)|VARIABLE_ASSIGNMENT|[81]|SecretUtil.FIXED_KEY_BASE64|"mbTLdmVLN3dVjExO0zaB (24 more) ..."
17:53:48.0 (20160123)|METHOD_ENTRY|[1]|01pBK000001Z5HD|SecretUtil.SecretUtil()
17:53:48.0 (20162669)|STATEMENT_EXECUTE|[1]
17:53:48.0 (20165125)|STATEMENT_EXECUTE|[1]
17:53:48.0 (20173507)|HEAP_ALLOCATE|[81]|Bytes:5
17:53:48.0 (20183603)|METHOD_EXIT|[1]|SecretUtil
17:53:48.0 (20190370)|METHOD_ENTRY|[81]|01pBK000001Z5HD|SecretUtil.getDecryptedSecret()
17:53:48.0 (20200047)|HEAP_ALLOCATE|[19]|Bytes:5
17:53:48.0 (20203430)|STATEMENT_EXECUTE|[18]
17:53:48.0 (20235549)|HEAP_ALLOCATE|[19]|Bytes:118
17:53:48.0 (20242847)|SYSTEM_METHOD_ENTRY|[1]|Test.Test()
17:53:48.0 (20244542)|STATEMENT_EXECUTE|[1]
17:53:48.0 (20248896)|SYSTEM_METHOD_EXIT|[1]|Test
17:53:48.0 (20253307)|METHOD_ENTRY|[19]||System.Test.isRunningTest()
17:53:48.0 (20272192)|METHOD_EXIT|[19]||System.Test.isRunningTest()
17:53:48.0 (20275303)|STATEMENT_EXECUTE|[19]
17:53:48.0 (20276344)|STATEMENT_EXECUTE|[23]
17:53:48.0 (22329326)|HEAP_ALLOCATE|[23]|Bytes:72
17:53:48.0 (22355542)|VARIABLE_SCOPE_BEGIN|[23]|settings|PORTERS_Settings__c|true|false
17:53:48.0 (22585957)|VARIABLE_ASSIGNMENT|[23]|settings|{"LastModifiedDate":"2026-04-07T08:24:03.000Z","IsDeleted":false,"LastSyncTime__c":"2026-04-07T08:24:03.000Z","Client_Secret__c":"sPeXbzmOIRQwl4zKeRFR (108 more) ...","PARTITION_ID__c":2012.0,"API_Call_Count__c":2.0,"Token_Expires_At__c":"2026-02-04T05:41:00.000Z","SetupOwnerId":"00DBK000004uTTF2A2","Access_Token__c":"eba88d5229388a807c43 (12 more) ...","Name":"a0PBK000008oB5J","SystemModstamp":"2026-04-07T08:24:03.000Z","Is_Development_Mode__c":true,"CreatedById":"0057F0000042UBbQAM","CreatedDate":"2026-03-05T03:24:41.000Z","Last_Call_Timestamp__c":"2026-02-03T05:41:00.000Z","Id":"a0PBK000008oB5J2AU","LastModifiedById":"0057F0000042UBbQAM"}|0x18749c94
17:53:48.0 (22676097)|STATEMENT_EXECUTE|[24]
17:53:48.0 (22677490)|STATEMENT_EXECUTE|[26]
17:53:48.0 (22689570)|METHOD_ENTRY|[26]||System.EncodingUtil.base64Decode(String)
17:53:48.0 (22754297)|METHOD_EXIT|[26]||System.EncodingUtil.base64Decode(String)
17:53:48.0 (22757582)|VARIABLE_SCOPE_BEGIN|[26]|encryptedBlob|Blob|false|false
17:53:48.0 (22770727)|VARIABLE_ASSIGNMENT|[26]|encryptedBlob|BLOB(96 bytes)
17:53:48.0 (22773071)|STATEMENT_EXECUTE|[27]
17:53:48.0 (22775235)|HEAP_ALLOCATE|[27]|Bytes:6
17:53:48.0 (22795072)|HEAP_ALLOCATE|[5]|Bytes:5
17:53:48.0 (22797552)|STATEMENT_EXECUTE|[4]
17:53:48.0 (22798543)|STATEMENT_EXECUTE|[5]
17:53:48.0 (22803567)|METHOD_ENTRY|[5]||System.EncodingUtil.base64Decode(String)
17:53:48.0 (22822733)|METHOD_EXIT|[5]||System.EncodingUtil.base64Decode(String)
17:53:48.0 (22870386)|HEAP_ALLOCATE|[27]|Bytes:55
17:53:48.0 (22879567)|SYSTEM_METHOD_ENTRY|[1]|Crypto.Crypto()
17:53:48.0 (22881582)|STATEMENT_EXECUTE|[1]
17:53:48.0 (22887310)|SYSTEM_METHOD_EXIT|[1]|Crypto
17:53:48.0 (22893673)|METHOD_ENTRY|[27]||System.Crypto.decryptWithManagedIV(String, Blob, Blob)
17:53:48.0 (23188326)|METHOD_EXIT|[27]||System.Crypto.decryptWithManagedIV(String, Blob, Blob)
17:53:48.0 (23192943)|VARIABLE_SCOPE_BEGIN|[27]|decryptedBlob|Blob|false|false
17:53:48.0 (23201404)|VARIABLE_ASSIGNMENT|[27]|decryptedBlob|BLOB(64 bytes)
17:53:48.0 (23203764)|STATEMENT_EXECUTE|[28]
17:53:48.0 (23233418)|HEAP_ALLOCATE|[28]|Bytes:64
17:53:48.0 (23243610)|METHOD_EXIT|[81]|01pBK000001Z5HD|SecretUtil.getDecryptedSecret()
17:53:48.0 (23246849)|VARIABLE_SCOPE_BEGIN|[81]|clientSecret|String|false|false
17:53:48.0 (23254310)|VARIABLE_ASSIGNMENT|[81]|clientSecret|"7986ef9caa80a97f988f (44 more) ..."
17:53:48.0 (23269865)|STATEMENT_EXECUTE|[82]
17:53:48.0 (23270956)|STATEMENT_EXECUTE|[86]
17:53:48.0 (23288617)|VARIABLE_SCOPE_BEGIN|[86]|req|System.HttpRequest|true|false
17:53:48.0 (23317050)|VARIABLE_ASSIGNMENT|[86]|req|"System.HttpRequest[Endpoint=null, Method=null]"|0x55f8f13b
17:53:48.0 (23320261)|STATEMENT_EXECUTE|[87]
17:53:48.0 (23356798)|STATEMENT_EXECUTE|[88]
17:53:48.0 (23359127)|HEAP_ALLOCATE|[88]|Bytes:4
17:53:48.0 (23368979)|STATEMENT_EXECUTE|[89]
17:53:48.0 (23370536)|HEAP_ALLOCATE|[89]|Bytes:12
17:53:48.0 (23372915)|HEAP_ALLOCATE|[89]|Bytes:33
17:53:48.0 (23385679)|STATEMENT_EXECUTE|[91]
17:53:48.0 (23387006)|HEAP_ALLOCATE|[91]|Bytes:29
17:53:48.0 (23394119)|METHOD_ENTRY|[92]||System.EncodingUtil.urlEncode(String, String)
17:53:48.0 (23413318)|METHOD_EXIT|[92]||System.EncodingUtil.urlEncode(String, String)
17:53:48.0 (23415637)|HEAP_ALLOCATE|[93]|Bytes:8
17:53:48.0 (23418599)|METHOD_ENTRY|[93]||System.EncodingUtil.urlEncode(String, String)
17:53:48.0 (23428887)|METHOD_EXIT|[93]||System.EncodingUtil.urlEncode(String, String)
17:53:48.0 (23430806)|HEAP_ALLOCATE|[94]|Bytes:6
17:53:48.0 (23433461)|METHOD_ENTRY|[94]||System.EncodingUtil.urlEncode(String, String)
17:53:48.0 (23443296)|METHOD_EXIT|[94]||System.EncodingUtil.urlEncode(String, String)
17:53:48.0 (23451636)|HEAP_ALLOCATE|[91]|Bytes:171
17:53:48.0 (23472683)|STATEMENT_EXECUTE|[96]
17:53:48.0 (23513966)|CALLOUT_REQUEST|[96]|System.HttpRequest[Endpoint=https://api-hrbc-jp.porterscloud.com/v1/token, Method=POST]
17:53:48.0 (89889225)|HEAP_ALLOCATE|[EXTERNAL]|Bytes:529
17:53:48.0 (90551421)|CALLOUT_RESPONSE|[96]|System.HttpResponse[Status=OK, StatusCode=200]
17:53:48.0 (90585139)|HEAP_ALLOCATE|[96]|Bytes:362
17:53:48.0 (90618885)|VARIABLE_SCOPE_BEGIN|[96]|res|System.HttpResponse|true|false
17:53:48.0 (90668247)|VARIABLE_ASSIGNMENT|[96]|res|"System.HttpResponse[Status=OK, StatusCode=200]"|0x20b0ebbb
17:53:48.0 (90728532)|STATEMENT_EXECUTE|[99]
17:53:48.0 (90730304)|STATEMENT_EXECUTE|[103]
17:53:48.0 (90754450)|VARIABLE_SCOPE_BEGIN|[103]|doc|dom.Document|true|false
17:53:48.0 (90769086)|VARIABLE_ASSIGNMENT|[103]|doc|"Document[]"|0x4a596e42
17:53:48.0 (90772704)|STATEMENT_EXECUTE|[104]
17:53:48.0 (90806587)|HEAP_ALLOCATE|[104]|Bytes:356
17:53:48.0 (90869063)|STATEMENT_EXECUTE|[105]
17:53:48.0 (90884010)|VARIABLE_SCOPE_BEGIN|[105]|root|dom.XmlNode|true|false
17:53:48.0 (90930166)|VARIABLE_ASSIGNMENT|[105]|root|"XMLNode[ELEMENT,Authentication,null,null,null,[XMLNode[ELEMENT,AccessToken,null,null,null,[XMLNode[TEXT,null,null,null,null,null,f3030afb9b65990b430ef9c7f01e07a2,]],null,], XMLNode[ELEMENT,AccessTokenExpiresIn,null,null,null,[XMLNode[TEXT,null,null,null,null,null,1800000,]],null,], XMLNode[ELEMENT,RefreshToken,null,null,null,[XMLNode[TEXT,null,null,null,null,null,d8e72b036b5bae5d733893689821c734,]],null,], XMLNode[ELEMENT,RefreshTokenExpiresIn,null,null,null,[XMLNode[TEXT,null,null,null,null,null,7200000,]],null,], XMLNode[ELEMENT,Error,null,null,null,[XMLNode[TEXT,null,null,null,null,null,0,]],null,], XMLNode[ELEMENT,Message,null,null,null,[XMLNode[TEXT,null,null,null,null,null,Success,]],null,]],null,]"|0x3252fc7b
17:53:48.0 (90937449)|STATEMENT_EXECUTE|[107]
17:53:48.0 (90941812)|VARIABLE_SCOPE_BEGIN|[107]|accessToken|String|false|false
17:53:48.0 (90949214)|VARIABLE_ASSIGNMENT|[107]|accessToken|""
17:53:48.0 (90951496)|STATEMENT_EXECUTE|[108]
17:53:48.0 (90953159)|VARIABLE_SCOPE_BEGIN|[108]|errorCode|String|false|false
17:53:48.0 (90959085)|VARIABLE_ASSIGNMENT|[108]|errorCode|null
17:53:48.0 (90961210)|STATEMENT_EXECUTE|[109]
17:53:48.0 (90962204)|VARIABLE_SCOPE_BEGIN|[109]|errorMessage|String|false|false
17:53:48.0 (90966230)|VARIABLE_ASSIGNMENT|[109]|errorMessage|null
17:53:48.0 (91008646)|HEAP_ALLOCATE|[111]|Bytes:4
17:53:48.0 (91011839)|HEAP_ALLOCATE|[111]|Bytes:4
17:53:48.0 (91013261)|HEAP_ALLOCATE|[111]|Bytes:4
17:53:48.0 (91014784)|HEAP_ALLOCATE|[111]|Bytes:4
17:53:48.0 (91016084)|HEAP_ALLOCATE|[111]|Bytes:4
17:53:48.0 (91017519)|HEAP_ALLOCATE|[111]|Bytes:4
17:53:48.0 (91018833)|HEAP_ALLOCATE|[111]|Bytes:4
17:53:48.0 (91074892)|HEAP_ALLOCATE|[111]|Bytes:5
17:53:48.0 (91090853)|HEAP_ALLOCATE|[111]|Bytes:11
17:53:48.0 (91097694)|VARIABLE_SCOPE_BEGIN|[111]|child|dom.XmlNode|true|false
17:53:48.0 (91110868)|VARIABLE_ASSIGNMENT|[111]|child|"XMLNode[ELEMENT,AccessToken,null,null,null,[XMLNode[TEXT,null,null,null,null,null,f3030afb9b65990b430ef9c7f01e07a2,]],null,]"|0x77fe0719
17:53:48.0 (91115079)|STATEMENT_EXECUTE|[111]
17:53:48.0 (91116179)|STATEMENT_EXECUTE|[112]
17:53:48.0 (91128588)|HEAP_ALLOCATE|[112]|Bytes:11
17:53:48.0 (91132049)|VARIABLE_SCOPE_BEGIN|[112]|nodeName|String|false|false
17:53:48.0 (91137029)|VARIABLE_ASSIGNMENT|[112]|nodeName|"AccessToken"
17:53:48.0 (91140923)|HEAP_ALLOCATE|[113]|Bytes:5
17:53:48.0 (91167349)|HEAP_ALLOCATE|[115]|Bytes:7
17:53:48.0 (91172826)|HEAP_ALLOCATE|[117]|Bytes:11
17:53:48.0 (91176550)|STATEMENT_EXECUTE|[117]
17:53:48.0 (91177564)|STATEMENT_EXECUTE|[118]
17:53:48.0 (91184849)|HEAP_ALLOCATE|[118]|Bytes:32
17:53:48.0 (91190491)|VARIABLE_ASSIGNMENT|[118]|accessToken|"f3030afb9b65990b430e (12 more) ..."
17:53:48.0 (91196896)|HEAP_ALLOCATE|[111]|Bytes:5
17:53:48.0 (91201615)|HEAP_ALLOCATE|[111]|Bytes:20
17:53:48.0 (91204499)|VARIABLE_SCOPE_BEGIN|[111]|child|dom.XmlNode|true|false
17:53:48.0 (91216199)|VARIABLE_ASSIGNMENT|[111]|child|"XMLNode[ELEMENT,AccessTokenExpiresIn,null,null,null,[XMLNode[TEXT,null,null,null,null,null,1800000,]],null,]"|0x50b4d76e
17:53:48.0 (91219562)|STATEMENT_EXECUTE|[111]
17:53:48.0 (91220378)|STATEMENT_EXECUTE|[112]
17:53:48.0 (91223216)|HEAP_ALLOCATE|[112]|Bytes:20
17:53:48.0 (91226247)|VARIABLE_SCOPE_BEGIN|[112]|nodeName|String|false|false
17:53:48.0 (91230558)|VARIABLE_ASSIGNMENT|[112]|nodeName|"AccessTokenExpiresIn"
17:53:48.0 (91244134)|STATEMENT_EXECUTE|[113]
17:53:48.0 (91247646)|HEAP_ALLOCATE|[111]|Bytes:5
17:53:48.0 (91251794)|HEAP_ALLOCATE|[111]|Bytes:12
17:53:48.0 (91254461)|VARIABLE_SCOPE_BEGIN|[111]|child|dom.XmlNode|true|false
17:53:48.0 (91470161)|VARIABLE_ASSIGNMENT|[111]|child|"XMLNode[ELEMENT,RefreshToken,null,null,null,[XMLNode[TEXT,null,null,null,null,null,d8e72b036b5bae5d733893689821c734,]],null,]"|0x511e9844
17:53:48.0 (91474528)|STATEMENT_EXECUTE|[111]
17:53:48.0 (91475332)|STATEMENT_EXECUTE|[112]
17:53:48.0 (91479695)|HEAP_ALLOCATE|[112]|Bytes:12
17:53:48.0 (91483611)|VARIABLE_SCOPE_BEGIN|[112]|nodeName|String|false|false
17:53:48.0 (91488174)|VARIABLE_ASSIGNMENT|[112]|nodeName|"RefreshToken"
17:53:48.0 (91496615)|STATEMENT_EXECUTE|[113]
17:53:48.0 (91500593)|HEAP_ALLOCATE|[111]|Bytes:5
17:53:48.0 (91505039)|HEAP_ALLOCATE|[111]|Bytes:21
17:53:48.0 (91507951)|VARIABLE_SCOPE_BEGIN|[111]|child|dom.XmlNode|true|false
17:53:48.0 (91519959)|VARIABLE_ASSIGNMENT|[111]|child|"XMLNode[ELEMENT,RefreshTokenExpiresIn,null,null,null,[XMLNode[TEXT,null,null,null,null,null,7200000,]],null,]"|0x748a0738
17:53:48.0 (91523370)|STATEMENT_EXECUTE|[111]
17:53:48.0 (91524173)|STATEMENT_EXECUTE|[112]
17:53:48.0 (91527028)|HEAP_ALLOCATE|[112]|Bytes:21
17:53:48.0 (91530088)|VARIABLE_SCOPE_BEGIN|[112]|nodeName|String|false|false
17:53:48.0 (91534795)|VARIABLE_ASSIGNMENT|[112]|nodeName|"RefreshTokenExpiresI (1 more) ..."
17:53:48.0 (91542564)|STATEMENT_EXECUTE|[113]
17:53:48.0 (91545714)|HEAP_ALLOCATE|[111]|Bytes:5
17:53:48.0 (91550102)|HEAP_ALLOCATE|[111]|Bytes:5
17:53:48.0 (91552383)|VARIABLE_SCOPE_BEGIN|[111]|child|dom.XmlNode|true|false
17:53:48.0 (91562653)|VARIABLE_ASSIGNMENT|[111]|child|"XMLNode[ELEMENT,Error,null,null,null,[XMLNode[TEXT,null,null,null,null,null,0,]],null,]"|0x73cb007f
17:53:48.0 (91565903)|STATEMENT_EXECUTE|[111]
17:53:48.0 (91566720)|STATEMENT_EXECUTE|[112]
17:53:48.0 (91569498)|HEAP_ALLOCATE|[112]|Bytes:5
17:53:48.0 (91572416)|VARIABLE_SCOPE_BEGIN|[112]|nodeName|String|false|false
17:53:48.0 (91576368)|VARIABLE_ASSIGNMENT|[112]|nodeName|"Error"
17:53:48.0 (91580280)|STATEMENT_EXECUTE|[113]
17:53:48.0 (91581211)|STATEMENT_EXECUTE|[114]
17:53:48.0 (91587204)|HEAP_ALLOCATE|[114]|Bytes:1
17:53:48.0 (91591240)|VARIABLE_ASSIGNMENT|[114]|errorCode|"0"
17:53:48.0 (91595673)|HEAP_ALLOCATE|[111]|Bytes:5
17:53:48.0 (91599607)|HEAP_ALLOCATE|[111]|Bytes:7
17:53:48.0 (91602041)|VARIABLE_SCOPE_BEGIN|[111]|child|dom.XmlNode|true|false
17:53:48.0 (91612668)|VARIABLE_ASSIGNMENT|[111]|child|"XMLNode[ELEMENT,Message,null,null,null,[XMLNode[TEXT,null,null,null,null,null,Success,]],null,]"|0x5b2b6cf
17:53:48.0 (91615913)|STATEMENT_EXECUTE|[111]
17:53:48.0 (91616714)|STATEMENT_EXECUTE|[112]
17:53:48.0 (91619266)|HEAP_ALLOCATE|[112]|Bytes:7
17:53:48.0 (91622178)|VARIABLE_SCOPE_BEGIN|[112]|nodeName|String|false|false
17:53:48.0 (91626151)|VARIABLE_ASSIGNMENT|[112]|nodeName|"Message"
17:53:48.0 (91632158)|STATEMENT_EXECUTE|[115]
17:53:48.0 (91633551)|STATEMENT_EXECUTE|[116]
17:53:48.0 (91640048)|HEAP_ALLOCATE|[116]|Bytes:7
17:53:48.0 (91646276)|VARIABLE_ASSIGNMENT|[116]|errorMessage|"Success"
17:53:48.0 (91653007)|HEAP_ALLOCATE|[111]|Bytes:5
17:53:48.0 (91658253)|VARIABLE_ASSIGNMENT|[111]|child|null|
17:53:48.0 (91662451)|HEAP_ALLOCATE|[122]|Bytes:1
17:53:48.0 (91668493)|STATEMENT_EXECUTE|[122]
17:53:48.0 (91724108)|HEAP_ALLOCATE|[126]|Bytes:4
17:53:48.0 (91730872)|STATEMENT_EXECUTE|[126]
17:53:48.0 (91732018)|STATEMENT_EXECUTE|[130]
17:53:48.0 (91739512)|METHOD_EXIT|[45]|01pBK000001lFxV|PORTERS_API_GetResumeData.getAccessTokenFromCode(String)
17:53:48.0 (91743256)|VARIABLE_SCOPE_BEGIN|[45]|tokenResult|String|false|false
17:53:48.0 (91748250)|VARIABLE_ASSIGNMENT|[45]|tokenResult|"f3030afb9b65990b430e (12 more) ..."
17:53:48.0 (91751116)|STATEMENT_EXECUTE|[47]
17:53:48.0 (91755438)|METHOD_EXIT|[28]|01pBK000001lFxV|PORTERS_API_GetResumeData.getAccessToken()
17:53:48.0 (91759087)|VARIABLE_SCOPE_BEGIN|[28]|token|String|false|false
17:53:48.0 (91765736)|VARIABLE_ASSIGNMENT|[28]|token|"f3030afb9b65990b430e (12 more) ..."
17:53:48.0 (91769271)|STATEMENT_EXECUTE|[29]
17:53:48.0 (91771183)|HEAP_ALLOCATE|[29]|Bytes:26
17:53:48.0 (91803765)|STATEMENT_EXECUTE|[30]
17:53:48.0 (91806444)|HEAP_ALLOCATE|[30]|Bytes:30
17:53:48.0 (91817560)|STATEMENT_EXECUTE|[31]
17:53:48.0 (91819312)|HEAP_ALLOCATE|[31]|Bytes:22
17:53:48.0 (91822175)|HEAP_ALLOCATE|[31]|Bytes:1
17:53:48.0 (91832147)|STATEMENT_EXECUTE|[32]
17:53:48.0 (91846245)|VARIABLE_SCOPE_BEGIN|[32]|http|System.Http|true|false
17:53:48.0 (91870363)|VARIABLE_ASSIGNMENT|[32]|http|"System.Http[]"|0x20cbc285
17:53:48.0 (91873066)|STATEMENT_EXECUTE|[33]
17:53:48.0 (91915251)|CALLOUT_REQUEST|[33]|System.HttpRequest[Endpoint=https://api-hrbc-jp.porterscloud.com/v1/resume?partition=2012&count=200&start=0&field=Resume.P_RegisterChannel%2CResume.P_Id%2CResume.P_Name%2CResume.P_DateOfBirth%2CResume.P_Gender%2CResume.P_Phase%2CResume.P_PhaseDate%2CResume.P_Education%2CResume.P_CurrentStatus%2CResume.P_ChangeJobsCount%2CResume.P_CurrentSalary%2CResume.P_CarrierSummary%2CResume.P_Candidate%2CResume.U_4519E06428F3E45FB1C14E878185BE%2CResume.U_45A05CBAF79D5527F38A6F59E1243B%2CResume.U_E49E1480A206956CDD882F6A2063E7%2CResume.U_AC5A0D55E86D3363238C61F123390E%2CResume.U_LASTLOGIN%2CResume.U_91DBD8B96BAAD6B33B538CF2494377%2CResume.U_4F79E5889587A2E73847A8B269B808%2CResume.U_7F3DF7F61EEF0679AA432646777832%2CResume.U_5247D11C2262F3D9D357DA3D7D472B%2CResume.U_673275A4DA445C9B23AC18BDD7C4DC%2CResume.U_85DEA8FA18EF17830FD8A036EC95A4%2CResume.U_217F6B518AF9B5910F86DE3553210E%2CResume.U_57CF0FC339534D5E1CCAB9E5720732%2CResume.U_40A13BD8D79CFAA685ED4C454030D3%2CResume.U_97A8BC60EE4C6181D71B62B0A94867%2CResume.U_C5A71273732B694582E953EE29B262%2CResume.U_48B3606404C39777B9C4D652EB9B33%2CResume.U_983513B1B1284C1AE08155656440DE%2CResume.U_7790CB5A294982B42C78415C082D80%2CResume.U_459C918AD0E71B7D760A7B466FEC2D%2CResume.U_5598122582348E10065B3A9B2FCC79%2CResume.U_7C79BBCF39E0D849E54929A8D70B06%2CResume.U_AEEC844BBC2B3D25C87D589DDCDC28%2CResume.U_223D0173F7AB1E5F4A15DC0DB0904C%2CResume.U_BC07D210E9789C7E4C16092C2718F0%2CResume.U_959F4DF5330A30BF416EE53592D689%2CResume.U_DF0E1BF1E942DE5B44759F145F26CC%2CResume.U_A1D41116DCC9F246FBE2505927D801%2CResume.U_1342FD85C7DD1612C466A201748F45%2CResume.U_AA13AA68D5EF4EAC7F9E80626F6401%2CResume.U_7A82F71961342ABC309E82F3CB4549%2CResume.U_088F183F5A467370986D82D8A56820%2CResume.U_84014DC41521C8B72456DA0602B1DC%2CResume.U_6BFFD96228CF84803A26F4F04200F0%2CResume.U_D430BFCB51DF105C5546258FA6D8E2%2CResume.U_DDA38E8BC45B94D70819747CE7B627%2CResume.U_60E42092BAB538A1E256CE86B3418A%2CResume.U_96F0A72569A21441DA7E5F9D6ACBEA%2CResume.U_F2C3465D66ECA0A6227F731DB868B0%2CResume.U_AGENTSTATUS%2CResume.U_AGETNTSUSAGE%2CResume.U_4495E00E8A888DDC61CF3A56D104F8%2CResume.U_80F76B1B3D339C9387773F1C457E51%2CResume.U_KKSKGN%2CResume.U_CE0C8801E69FA2E26E349B09856C0C%2CResume.U_94A609C4275F50CC7C617F6CE0A409%2CResume.U_F7E834098FD85B1A86E77396219E2B%2CResume.U_EF980BC1829E8EC05C300033CFABFC%2CResume.U_7A6877EFE8D7FB90A4DA9571370642%2CResume.U_D16C6D4F1B6C32B4AC53819D88043F%2CResume.U_8D0C259C0AFF6CDF1806A87DC5F439%2CResume.U_C4E94650CDEFC413E234DD7E6C9274%2CResume.U_971466A5917927863462EF570C1169%2CResume.U_8F8E666EE51CC8D00788940A3DC98C%2CResume.U_42902DED368132819B152E589AA578%2CResume.U_5475007220C4E3258472D5626A0563%2CResume.U_C80486912236BD021D1B63FFB762B4%2CResume.U_12A4C297CC5D159213875DA2210BF2%2CResume.U_ADE568278037E18C20F3AF78AAF8A8%2CResume.U_90AD127E5FCEBCD1AF01DDC8295708%2CResume.U_F205EBF7F6A862C6A9E8DDB135F797%2CResume.U_94E831023512892988CDD4FC4987EB%2CResume.U_13C45F7FFAFC1AB430E6038C76125A%2CResume.U_5F7FC5144BA471117A376B60BC8D90%2CResume.U_8E20986D8967D107BEE5D63870AD68%2CResume.U_DDF5A119155AD1F559BAA37C031C4E%2CResume.U_GCLID%2CResume.U_B41102CD1A612DA93AA74B5462DE6E%2CResume.U_8B5178364C17E24A72A2113296D4A5%2CResume.U_9B5DE90D67C3C57A12D66F84AFA05F%2CResume.U_ACB4CAC6E89348FD55DF19E6E20155%2CResume.P_RegistrationDate%2CResume.P_RegisteredBy%2CResume.P_UpdateDate%2CResume.P_UpdatedBy%2CResume.U_8EF0F79E169EAD365B63D86C9C80B8&itemstate=existing&condition=Resume.P_UpdateDate%3Age%3D2026%2F04%2F07+17%3A24%3A03, Method=GET]
17:53:48.0 (241704868)|HEAP_ALLOCATE|[EXTERNAL]|Bytes:289
17:53:48.0 (243523147)|CALLOUT_RESPONSE|[33]|System.HttpResponse[Status=OK, StatusCode=200]
17:53:48.0 (243553977)|HEAP_ALLOCATE|[33]|Bytes:122
17:53:48.0 (243583420)|VARIABLE_SCOPE_BEGIN|[33]|res|System.HttpResponse|true|false
17:53:48.0 (243630994)|VARIABLE_ASSIGNMENT|[33]|res|"System.HttpResponse[Status=OK, StatusCode=200]"|0x513c993c
17:53:48.0 (243696051)|STATEMENT_EXECUTE|[34]
17:53:48.0 (243697239)|STATEMENT_EXECUTE|[35]
17:53:48.0 (243723075)|HEAP_ALLOCATE|[35]|Bytes:116
17:53:48.0 (243758578)|METHOD_ENTRY|[35]|01pBK000001lFxV|PORTERS_API_GetResumeData.parseXml(String)
17:53:48.0 (243766202)|VARIABLE_SCOPE_BEGIN|[145]|xml|String|false|false
17:53:48.0 (243777713)|VARIABLE_ASSIGNMENT|[145]|xml|"<?xml version=\"1.0\"  (96 more) ..."
17:53:48.0 (243783476)|STATEMENT_EXECUTE|[145]
17:53:48.0 (243784689)|STATEMENT_EXECUTE|[146]
17:53:48.0 (243793679)|HEAP_ALLOCATE|[146]|Bytes:7
17:53:48.0 (243800533)|HEAP_ALLOCATE|[146]|Bytes:112
17:53:48.0 (243803872)|HEAP_ALLOCATE|[146]|Bytes:7
17:53:48.0 (243806339)|HEAP_ALLOCATE|[146]|Bytes:3
17:53:48.0 (243822129)|METHOD_ENTRY|[1]|01pBK000001lEer|PORTERS_DTO_ResumeDateResponse.PORTERS_DTO_ResumeDateResponse()
17:53:48.0 (243824953)|STATEMENT_EXECUTE|[1]
17:53:48.0 (243827345)|STATEMENT_EXECUTE|[1]
17:53:48.0 (243828106)|STATEMENT_EXECUTE|[6]
17:53:48.0 (243848837)|HEAP_ALLOCATE|[6]|Bytes:4
17:53:48.0 (243860577)|HEAP_ALLOCATE|[7]|Bytes:24
17:53:48.0 (243863849)|HEAP_ALLOCATE|[7]|Bytes:21
17:53:48.0 (243922379)|HEAP_ALLOCATE|[8]|Bytes:39
17:53:48.0 (243925756)|HEAP_ALLOCATE|[8]|Bytes:21
17:53:48.0 (243941020)|HEAP_ALLOCATE|[9]|Bytes:39
17:53:48.0 (243943804)|HEAP_ALLOCATE|[9]|Bytes:21
17:53:48.0 (243950369)|HEAP_ALLOCATE|[10]|Bytes:39
17:53:48.0 (243953439)|HEAP_ALLOCATE|[10]|Bytes:24
17:53:48.0 (243958132)|HEAP_ALLOCATE|[11]|Bytes:11
17:53:48.0 (243959930)|HEAP_ALLOCATE|[11]|Bytes:11
17:53:48.0 (243963774)|HEAP_ALLOCATE|[12]|Bytes:39
17:53:48.0 (243965539)|HEAP_ALLOCATE|[12]|Bytes:21
17:53:48.0 (243969409)|HEAP_ALLOCATE|[13]|Bytes:18
17:53:48.0 (243971280)|HEAP_ALLOCATE|[13]|Bytes:16
17:53:48.0 (243975223)|HEAP_ALLOCATE|[14]|Bytes:39
17:53:48.0 (243976806)|HEAP_ALLOCATE|[14]|Bytes:15
17:53:48.0 (243980379)|HEAP_ALLOCATE|[16]|Bytes:18
17:53:48.0 (243981934)|HEAP_ALLOCATE|[16]|Bytes:22
17:53:48.0 (243985527)|HEAP_ALLOCATE|[17]|Bytes:13
17:53:48.0 (243987282)|HEAP_ALLOCATE|[17]|Bytes:16
17:53:48.0 (243991019)|HEAP_ALLOCATE|[18]|Bytes:20
17:53:48.0 (243992766)|HEAP_ALLOCATE|[18]|Bytes:18
17:53:48.0 (243998400)|HEAP_ALLOCATE|[19]|Bytes:15
17:53:48.0 (244001214)|HEAP_ALLOCATE|[19]|Bytes:9
17:53:48.0 (244008304)|HEAP_ALLOCATE|[20]|Bytes:39
17:53:48.0 (244011251)|HEAP_ALLOCATE|[20]|Bytes:13
17:53:48.0 (244017138)|HEAP_ALLOCATE|[21]|Bytes:39
17:53:48.0 (244018953)|HEAP_ALLOCATE|[21]|Bytes:13
17:53:48.0 (244022737)|HEAP_ALLOCATE|[22]|Bytes:39
17:53:48.0 (244024419)|HEAP_ALLOCATE|[22]|Bytes:17
17:53:48.0 (244028234)|HEAP_ALLOCATE|[23]|Bytes:14
17:53:48.0 (244030117)|HEAP_ALLOCATE|[23]|Bytes:14
17:53:48.0 (244033764)|HEAP_ALLOCATE|[24]|Bytes:18
17:53:48.0 (244035449)|HEAP_ALLOCATE|[24]|Bytes:18
17:53:48.0 (244039209)|HEAP_ALLOCATE|[25]|Bytes:39
17:53:48.0 (244040898)|HEAP_ALLOCATE|[25]|Bytes:22
17:53:48.0 (244044602)|HEAP_ALLOCATE|[26]|Bytes:39
17:53:48.0 (244046364)|HEAP_ALLOCATE|[26]|Bytes:26
17:53:48.0 (244050097)|HEAP_ALLOCATE|[27]|Bytes:18
17:53:48.0 (244051817)|HEAP_ALLOCATE|[27]|Bytes:18
17:53:48.0 (244055624)|HEAP_ALLOCATE|[28]|Bytes:39
17:53:48.0 (244057260)|HEAP_ALLOCATE|[28]|Bytes:17
17:53:48.0 (244060964)|HEAP_ALLOCATE|[29]|Bytes:27
17:53:48.0 (244062677)|HEAP_ALLOCATE|[29]|Bytes:18
17:53:48.0 (244066399)|HEAP_ALLOCATE|[30]|Bytes:24
17:53:48.0 (244068016)|HEAP_ALLOCATE|[30]|Bytes:24
17:53:48.0 (244072003)|HEAP_ALLOCATE|[31]|Bytes:13
17:53:48.0 (244075529)|HEAP_ALLOCATE|[31]|Bytes:18
17:53:48.0 (244079767)|HEAP_ALLOCATE|[32]|Bytes:19
17:53:48.0 (244081394)|HEAP_ALLOCATE|[32]|Bytes:24
17:53:48.0 (244085703)|HEAP_ALLOCATE|[33]|Bytes:39
17:53:48.0 (244087464)|HEAP_ALLOCATE|[33]|Bytes:20
17:53:48.0 (244091176)|HEAP_ALLOCATE|[34]|Bytes:39
17:53:48.0 (244093022)|HEAP_ALLOCATE|[34]|Bytes:18
17:53:48.0 (244096794)|HEAP_ALLOCATE|[35]|Bytes:22
17:53:48.0 (244098381)|HEAP_ALLOCATE|[35]|Bytes:19
17:53:48.0 (244102129)|HEAP_ALLOCATE|[36]|Bytes:24
17:53:48.0 (244103767)|HEAP_ALLOCATE|[36]|Bytes:26
17:53:48.0 (244108674)|HEAP_ALLOCATE|[37]|Bytes:39
17:53:48.0 (244111115)|HEAP_ALLOCATE|[37]|Bytes:29
17:53:48.0 (244117088)|HEAP_ALLOCATE|[38]|Bytes:39
17:53:48.0 (244119471)|HEAP_ALLOCATE|[38]|Bytes:18
17:53:48.0 (244123921)|HEAP_ALLOCATE|[39]|Bytes:39
17:53:48.0 (244125752)|HEAP_ALLOCATE|[39]|Bytes:13
17:53:48.0 (244129484)|HEAP_ALLOCATE|[40]|Bytes:39
17:53:48.0 (244131207)|HEAP_ALLOCATE|[40]|Bytes:12
17:53:48.0 (244134854)|HEAP_ALLOCATE|[41]|Bytes:39
17:53:48.0 (244136487)|HEAP_ALLOCATE|[41]|Bytes:18
17:53:48.0 (244140449)|HEAP_ALLOCATE|[42]|Bytes:39
17:53:48.0 (244142168)|HEAP_ALLOCATE|[42]|Bytes:17
17:53:48.0 (244145913)|HEAP_ALLOCATE|[43]|Bytes:39
17:53:48.0 (244147537)|HEAP_ALLOCATE|[43]|Bytes:14
17:53:48.0 (244151159)|HEAP_ALLOCATE|[44]|Bytes:39
17:53:48.0 (244152813)|HEAP_ALLOCATE|[44]|Bytes:20
17:53:48.0 (244156429)|HEAP_ALLOCATE|[45]|Bytes:39
17:53:48.0 (244158144)|HEAP_ALLOCATE|[45]|Bytes:20
17:53:48.0 (244161919)|HEAP_ALLOCATE|[46]|Bytes:39
17:53:48.0 (244163629)|HEAP_ALLOCATE|[46]|Bytes:23
17:53:48.0 (244167509)|HEAP_ALLOCATE|[47]|Bytes:39
17:53:48.0 (244169216)|HEAP_ALLOCATE|[47]|Bytes:20
17:53:48.0 (244172933)|HEAP_ALLOCATE|[48]|Bytes:39
17:53:48.0 (244174682)|HEAP_ALLOCATE|[48]|Bytes:24
17:53:48.0 (244178431)|HEAP_ALLOCATE|[49]|Bytes:39
17:53:48.0 (244180203)|HEAP_ALLOCATE|[49]|Bytes:15
17:53:48.0 (244183894)|HEAP_ALLOCATE|[50]|Bytes:39
17:53:48.0 (244185449)|HEAP_ALLOCATE|[50]|Bytes:14
17:53:48.0 (244189346)|HEAP_ALLOCATE|[51]|Bytes:39
17:53:48.0 (244190876)|HEAP_ALLOCATE|[51]|Bytes:20
17:53:48.0 (244194724)|HEAP_ALLOCATE|[52]|Bytes:39
17:53:48.0 (244196434)|HEAP_ALLOCATE|[52]|Bytes:24
17:53:48.0 (244200059)|HEAP_ALLOCATE|[53]|Bytes:39
17:53:48.0 (244201684)|HEAP_ALLOCATE|[53]|Bytes:16
17:53:48.0 (244205348)|HEAP_ALLOCATE|[54]|Bytes:39
17:53:48.0 (244206919)|HEAP_ALLOCATE|[54]|Bytes:16
17:53:48.0 (244210652)|HEAP_ALLOCATE|[55]|Bytes:39
17:53:48.0 (244212365)|HEAP_ALLOCATE|[55]|Bytes:20
17:53:48.0 (244215997)|HEAP_ALLOCATE|[56]|Bytes:39
17:53:48.0 (244217681)|HEAP_ALLOCATE|[56]|Bytes:21
17:53:48.0 (244222566)|HEAP_ALLOCATE|[57]|Bytes:39
17:53:48.0 (244224484)|HEAP_ALLOCATE|[57]|Bytes:20
17:53:48.0 (244228287)|HEAP_ALLOCATE|[58]|Bytes:39
17:53:48.0 (244230048)|HEAP_ALLOCATE|[58]|Bytes:23
17:53:48.0 (244233859)|HEAP_ALLOCATE|[59]|Bytes:39
17:53:48.0 (244235459)|HEAP_ALLOCATE|[59]|Bytes:18
17:53:48.0 (244239190)|HEAP_ALLOCATE|[60]|Bytes:39
17:53:48.0 (244240869)|HEAP_ALLOCATE|[60]|Bytes:24
17:53:48.0 (244244437)|HEAP_ALLOCATE|[61]|Bytes:39
17:53:48.0 (244246102)|HEAP_ALLOCATE|[61]|Bytes:25
17:53:48.0 (244249882)|HEAP_ALLOCATE|[62]|Bytes:20
17:53:48.0 (244251467)|HEAP_ALLOCATE|[62]|Bytes:19
17:53:48.0 (244255084)|HEAP_ALLOCATE|[63]|Bytes:21
17:53:48.0 (244256699)|HEAP_ALLOCATE|[63]|Bytes:21
17:53:48.0 (244260307)|HEAP_ALLOCATE|[64]|Bytes:39
17:53:48.0 (244261910)|HEAP_ALLOCATE|[64]|Bytes:30
17:53:48.0 (244265840)|HEAP_ALLOCATE|[65]|Bytes:19
17:53:48.0 (244267481)|HEAP_ALLOCATE|[65]|Bytes:24
17:53:48.0 (244271119)|HEAP_ALLOCATE|[66]|Bytes:39
17:53:48.0 (244272824)|HEAP_ALLOCATE|[66]|Bytes:22
17:53:48.0 (244276529)|HEAP_ALLOCATE|[67]|Bytes:15
17:53:48.0 (244278187)|HEAP_ALLOCATE|[67]|Bytes:20
17:53:48.0 (244281879)|HEAP_ALLOCATE|[68]|Bytes:39
17:53:48.0 (244283478)|HEAP_ALLOCATE|[68]|Bytes:20
17:53:48.0 (244287083)|HEAP_ALLOCATE|[69]|Bytes:29
17:53:48.0 (244288696)|HEAP_ALLOCATE|[69]|Bytes:26
17:53:48.0 (244292454)|HEAP_ALLOCATE|[70]|Bytes:39
17:53:48.0 (244294059)|HEAP_ALLOCATE|[70]|Bytes:22
17:53:48.0 (244297795)|HEAP_ALLOCATE|[71]|Bytes:24
17:53:48.0 (244299499)|HEAP_ALLOCATE|[71]|Bytes:28
17:53:48.0 (244303204)|HEAP_ALLOCATE|[72]|Bytes:39
17:53:48.0 (244304827)|HEAP_ALLOCATE|[72]|Bytes:11
17:53:48.0 (244308504)|HEAP_ALLOCATE|[73]|Bytes:39
17:53:48.0 (244310129)|HEAP_ALLOCATE|[73]|Bytes:14
17:53:48.0 (244317599)|HEAP_ALLOCATE|[74]|Bytes:28
17:53:48.0 (244319304)|HEAP_ALLOCATE|[74]|Bytes:24
17:53:48.0 (244323033)|HEAP_ALLOCATE|[75]|Bytes:31
17:53:48.0 (244324704)|HEAP_ALLOCATE|[75]|Bytes:33
17:53:48.0 (244328361)|HEAP_ALLOCATE|[76]|Bytes:22
17:53:48.0 (244329924)|HEAP_ALLOCATE|[76]|Bytes:22
17:53:48.0 (244333824)|HEAP_ALLOCATE|[77]|Bytes:39
17:53:48.0 (244335470)|HEAP_ALLOCATE|[77]|Bytes:23
17:53:48.0 (244339309)|HEAP_ALLOCATE|[78]|Bytes:39
17:53:48.0 (244341011)|HEAP_ALLOCATE|[78]|Bytes:24
17:53:48.0 (244344852)|HEAP_ALLOCATE|[79]|Bytes:39
17:53:48.0 (244346506)|HEAP_ALLOCATE|[79]|Bytes:22
17:53:48.0 (244350435)|HEAP_ALLOCATE|[80]|Bytes:39
17:53:48.0 (244352038)|HEAP_ALLOCATE|[80]|Bytes:13
17:53:48.0 (244355731)|HEAP_ALLOCATE|[81]|Bytes:39
17:53:48.0 (244357368)|HEAP_ALLOCATE|[81]|Bytes:17
17:53:48.0 (244361073)|HEAP_ALLOCATE|[82]|Bytes:39
17:53:48.0 (244362880)|HEAP_ALLOCATE|[82]|Bytes:21
17:53:48.0 (244367077)|HEAP_ALLOCATE|[83]|Bytes:23
17:53:48.0 (244369444)|HEAP_ALLOCATE|[83]|Bytes:22
17:53:48.0 (244375587)|HEAP_ALLOCATE|[84]|Bytes:26
17:53:48.0 (244378056)|HEAP_ALLOCATE|[84]|Bytes:23
17:53:48.0 (244383362)|HEAP_ALLOCATE|[85]|Bytes:23
17:53:48.0 (244385806)|HEAP_ALLOCATE|[85]|Bytes:20
17:53:48.0 (244390516)|HEAP_ALLOCATE|[86]|Bytes:39
17:53:48.0 (244392258)|HEAP_ALLOCATE|[86]|Bytes:26
17:53:48.0 (244396325)|HEAP_ALLOCATE|[87]|Bytes:39
17:53:48.0 (244397926)|HEAP_ALLOCATE|[87]|Bytes:16
17:53:48.0 (244401593)|HEAP_ALLOCATE|[88]|Bytes:39
17:53:48.0 (244403188)|HEAP_ALLOCATE|[88]|Bytes:28
17:53:48.0 (244406953)|HEAP_ALLOCATE|[89]|Bytes:39
17:53:48.0 (244408636)|HEAP_ALLOCATE|[89]|Bytes:30
17:53:48.0 (244414466)|HEAP_ALLOCATE|[90]|Bytes:39
17:53:48.0 (244417071)|HEAP_ALLOCATE|[90]|Bytes:27
17:53:48.0 (244422098)|HEAP_ALLOCATE|[91]|Bytes:39
17:53:48.0 (244424694)|HEAP_ALLOCATE|[91]|Bytes:15
17:53:48.0 (244430388)|HEAP_ALLOCATE|[92]|Bytes:39
17:53:48.0 (244432823)|HEAP_ALLOCATE|[92]|Bytes:13
17:53:48.0 (244438318)|HEAP_ALLOCATE|[93]|Bytes:39
17:53:48.0 (244440893)|HEAP_ALLOCATE|[93]|Bytes:13
17:53:48.0 (244446435)|HEAP_ALLOCATE|[94]|Bytes:39
17:53:48.0 (244448942)|HEAP_ALLOCATE|[94]|Bytes:22
17:53:48.0 (244454463)|HEAP_ALLOCATE|[95]|Bytes:39
17:53:48.0 (244456941)|HEAP_ALLOCATE|[95]|Bytes:22
17:53:48.0 (244462548)|HEAP_ALLOCATE|[96]|Bytes:39
17:53:48.0 (244465022)|HEAP_ALLOCATE|[96]|Bytes:25
17:53:48.0 (244470487)|HEAP_ALLOCATE|[97]|Bytes:39
17:53:48.0 (244472906)|HEAP_ALLOCATE|[97]|Bytes:16
17:53:48.0 (244478315)|HEAP_ALLOCATE|[98]|Bytes:25
17:53:48.0 (244480689)|HEAP_ALLOCATE|[98]|Bytes:14
17:53:48.0 (244486738)|HEAP_ALLOCATE|[99]|Bytes:21
17:53:48.0 (244489412)|HEAP_ALLOCATE|[99]|Bytes:12
17:53:48.0 (244495883)|HEAP_ALLOCATE|[100]|Bytes:19
17:53:48.0 (244498468)|HEAP_ALLOCATE|[100]|Bytes:19
17:53:48.0 (244504276)|HEAP_ALLOCATE|[101]|Bytes:18
17:53:48.0 (244506761)|HEAP_ALLOCATE|[101]|Bytes:17
17:53:48.0 (244512844)|HEAP_ALLOCATE|[102]|Bytes:14
17:53:48.0 (244515756)|HEAP_ALLOCATE|[102]|Bytes:8
17:53:48.0 (244521892)|HEAP_ALLOCATE|[103]|Bytes:39
17:53:48.0 (244524435)|HEAP_ALLOCATE|[103]|Bytes:16
17:53:48.0 (244530341)|HEAP_ALLOCATE|[104]|Bytes:39
17:53:48.0 (244533078)|HEAP_ALLOCATE|[104]|Bytes:15
17:53:48.0 (244541873)|HEAP_ALLOCATE|[105]|Bytes:39
17:53:48.0 (244544298)|HEAP_ALLOCATE|[105]|Bytes:16
17:53:48.0 (244550318)|HEAP_ALLOCATE|[106]|Bytes:39
17:53:48.0 (244552893)|HEAP_ALLOCATE|[106]|Bytes:15
17:53:48.0 (244558893)|HEAP_ALLOCATE|[107]|Bytes:39
17:53:48.0 (244561593)|HEAP_ALLOCATE|[107]|Bytes:23
17:53:48.0 (244603338)|VARIABLE_ASSIGNMENT|[6]|PORTERS_DTO_ResumeDateResponse.FIELD_MAPPING|"Map of size 100 too large to display"|0x1b909be
17:53:48.0 (244608858)|STATEMENT_EXECUTE|[109]
17:53:48.0 (244620778)|METHOD_EXIT|[1]|PORTERS_DTO_ResumeDateResponse
17:53:48.0 (244631387)|HEAP_ALLOCATE|[146]|Bytes:12
17:53:48.0 (244648621)|CONSTRUCTOR_ENTRY|[146]|01pBK000001lEer|<init>()|PORTERS_DTO_ResumeDateResponse
17:53:48.0 (244671925)|VARIABLE_SCOPE_BEGIN|[1]|this|PORTERS_DTO_ResumeDateResponse|true|false
17:53:48.0 (244713060)|VARIABLE_ASSIGNMENT|[1]|this|{}|0x42e3d696
17:53:48.0 (244742299)|STATEMENT_EXECUTE|[1]
17:53:48.0 (244743868)|STATEMENT_EXECUTE|[2]
17:53:48.0 (244745318)|STATEMENT_EXECUTE|[3]
17:53:48.0 (244749311)|CONSTRUCTOR_EXIT|[146]|01pBK000001lEer|<init>()|PORTERS_DTO_ResumeDateResponse
17:53:48.0 (244754372)|VARIABLE_SCOPE_BEGIN|[146]|res|PORTERS_DTO_ResumeDateResponse|true|false
17:53:48.0 (244765103)|VARIABLE_ASSIGNMENT|[146]|res|{}|0x42e3d696
17:53:48.0 (244769557)|STATEMENT_EXECUTE|[147]
17:53:48.0 (244884188)|HEAP_ALLOCATE|[147]|Bytes:4
17:53:48.0 (244980668)|VARIABLE_ASSIGNMENT|[EXTERNAL]|this|{}|0x42e3d696
17:53:48.0 (245013218)|HEAP_ALLOCATE|[EXTERNAL]|Bytes:4
17:53:48.0 (245025626)|VARIABLE_ASSIGNMENT|[EXTERNAL]|value|[]|0x7723428f
17:53:48.0 (245040658)|VARIABLE_ASSIGNMENT|[3]|this.result|[]|0x42e3d696
17:53:48.0 (245049113)|STATEMENT_EXECUTE|[149]
17:53:48.0 (245076303)|VARIABLE_SCOPE_BEGIN|[149]|doc|dom.Document|true|false
17:53:48.0 (245125943)|VARIABLE_ASSIGNMENT|[149]|doc|"Document[]"|0x1357db0f
17:53:48.0 (245130818)|STATEMENT_EXECUTE|[150]
17:53:48.0 (245217093)|STATEMENT_EXECUTE|[151]
17:53:48.0 (245241188)|VARIABLE_SCOPE_BEGIN|[151]|root|dom.XmlNode|true|false
17:53:48.0 (245296377)|VARIABLE_ASSIGNMENT|[151]|root|"XMLNode[ELEMENT,Resume,null,[common.apex.api.dom.XmlNode$Attribute@5aeac422, common.apex.api.dom.XmlNode$Attribute@661ee8f, common.apex.api.dom.XmlNode$Attribute@6bbbe3f6],null,[XMLNode[ELEMENT,Code,null,null,null,[XMLNode[TEXT,null,null,null,null,null,0,]],null,]],null,]"|0x4619d22d
17:53:48.0 (245301223)|STATEMENT_EXECUTE|[153]
17:53:48.0 (245303500)|HEAP_ALLOCATE|[153]|Bytes:5
17:53:48.0 (245346796)|HEAP_ALLOCATE|[153]|Bytes:1
17:53:48.0 (245352176)|VARIABLE_SCOPE_BEGIN|[153]|totalAttr|String|false|false
17:53:48.0 (245358504)|VARIABLE_ASSIGNMENT|[153]|totalAttr|"0"
17:53:48.0 (245361231)|STATEMENT_EXECUTE|[154]
17:53:48.0 (245426233)|VARIABLE_ASSIGNMENT|[EXTERNAL]|this|{"result":"0x7723428f"}|0x42e3d696
17:53:48.0 (245436029)|VARIABLE_ASSIGNMENT|[EXTERNAL]|value|0
17:53:48.0 (245442154)|HEAP_ALLOCATE|[2]|Bytes:4
17:53:48.0 (245446753)|VARIABLE_ASSIGNMENT|[2]|this.totalCount|0|0x42e3d696
17:53:48.0 (245478939)|HEAP_ALLOCATE|[155]|Bytes:4
17:53:48.0 (245481358)|HEAP_ALLOCATE|[155]|Bytes:4
17:53:48.0 (245519996)|HEAP_ALLOCATE|[155]|Bytes:5
17:53:48.0 (245536509)|HEAP_ALLOCATE|[155]|Bytes:4
17:53:48.0 (245543284)|VARIABLE_SCOPE_BEGIN|[155]|itemNode|dom.XmlNode|true|false
17:53:48.0 (245558138)|VARIABLE_ASSIGNMENT|[155]|itemNode|"XMLNode[ELEMENT,Code,null,null,null,[XMLNode[TEXT,null,null,null,null,null,0,]],null,]"|0x43425f4a
17:53:48.0 (245570174)|STATEMENT_EXECUTE|[155]
17:53:48.0 (245581751)|HEAP_ALLOCATE|[156]|Bytes:4
17:53:48.0 (245588092)|HEAP_ALLOCATE|[156]|Bytes:4
17:53:48.0 (245613585)|STATEMENT_EXECUTE|[156]
17:53:48.0 (245619868)|HEAP_ALLOCATE|[155]|Bytes:5
17:53:48.0 (245627372)|VARIABLE_ASSIGNMENT|[155]|itemNode|null|
17:53:48.0 (245632883)|STATEMENT_EXECUTE|[185]
17:53:48.0 (245638502)|METHOD_EXIT|[35]|01pBK000001lFxV|PORTERS_API_GetResumeData.parseXml(String)
17:53:48.0 (245646782)|METHOD_EXIT|[38]|01pBK000001lFxV|PORTERS_API_GetResumeData.getResumeData(Datetime, Integer)
17:53:48.0 (245650797)|VARIABLE_SCOPE_BEGIN|[37]|res|PORTERS_DTO_ResumeDateResponse|true|false
17:53:48.0 (245667426)|VARIABLE_ASSIGNMENT|[37]|res|{"result":"0x7723428f","totalCount":0}|0x42e3d696
17:53:48.0 (245692591)|VARIABLE_ASSIGNMENT|[EXTERNAL]|this|{"result":"0x7723428f","totalCount":0}|0x42e3d696
17:53:48.0 (245809169)|HEAP_ALLOCATE|[40]|Bytes:5
17:53:48.0 (245882436)|VARIABLE_ASSIGNMENT|[40]|wrapper|null|
17:53:48.0 (245886451)|STATEMENT_EXECUTE|[40]
17:53:48.0 (245893979)|HEAP_ALLOCATE|[35]|Bytes:5
17:53:48.0 (245899133)|VARIABLE_ASSIGNMENT|[35]|page|null
17:53:48.0 (245924202)|STATEMENT_EXECUTE|[47]
17:53:48.259 (259645633)|CUMULATIVE_LIMIT_USAGE
17:53:48.259 (259645633)|LIMIT_USAGE_FOR_NS|(default)|
  Number of SOQL queries: 0 out of 200
  Number of query rows: 0 out of 50000
  Number of SOSL queries: 0 out of 20
  Number of DML statements: 0 out of 150
  Number of Publish Immediate DML: 0 out of 150
  Number of DML rows: 0 out of 10000
  Maximum CPU time: 0 out of 60000
  Maximum heap size: 0 out of 12000000
  Number of callouts: 0 out of 0
  Number of Email Invocations: 0 out of 10
  Number of future calls: 0 out of 0
  Number of queueable jobs added to the queue: 0 out of 1
  Number of Mobile Apex push calls: 0 out of 10

17:53:48.259 (259645633)|CUMULATIVE_LIMIT_USAGE_END

17:53:48.0 (259698245)|CODE_UNIT_FINISHED|PORTERS_BATCH_ResumeData
17:53:48.0 (259716449)|EXECUTION_FINISHED
