66.0 APEX_CODE,FINEST;APEX_PROFILING,INFO;CALLOUT,INFO;DATA_ACCESS,INFO;DB,INFO;NBA,INFO;SYSTEM,DEBUG;VALIDATION,INFO;VISUALFORCE,INFO;WAVE,INFO;WORKFLOW,INFO
12:25:43.0 (783185)|USER_INFO|[EXTERNAL]|0057F0000042UBb|ishibashi@hurex.co.jp.dev1|(GMT+09:00) 日本標準時 (Asia/Tokyo)|GMT+09:00
12:25:43.0 (867623)|EXECUTION_STARTED
12:25:43.0 (880575)|CODE_UNIT_STARTED|[EXTERNAL]|apex://RecentJobViewedController/ACTION$getRecentViewedJobs
12:25:43.0 (2530417)|CODE_UNIT_STARTED|[EXTERNAL]|01pBK000001RE9Z|RecentJobViewedController.getRecentViewedJobs()
12:25:43.0 (2737062)|VARIABLE_SCOPE_BEGIN|[4]|RecentJobViewedController.testForceException|Boolean|false|true
12:25:43.0 (3016066)|HEAP_ALLOCATE|[95]|Bytes:3
12:25:43.0 (3058464)|HEAP_ALLOCATE|[100]|Bytes:152
12:25:43.0 (3072731)|HEAP_ALLOCATE|[417]|Bytes:408
12:25:43.0 (3083495)|HEAP_ALLOCATE|[430]|Bytes:408
12:25:43.0 (3101619)|HEAP_ALLOCATE|[317]|Bytes:6
12:25:43.0 (3112067)|HEAP_ALLOCATE|[EXTERNAL]|Bytes:1
12:25:43.0 (3125116)|METHOD_ENTRY|[1]|01pBK000001RE9Z|RecentJobViewedController.RecentJobViewedController()
12:25:43.0 (3129851)|STATEMENT_EXECUTE|[1]
12:25:43.0 (3134356)|STATEMENT_EXECUTE|[1]
12:25:43.0 (3152281)|HEAP_ALLOCATE|[68]|Bytes:5
12:25:43.0 (3177516)|HEAP_ALLOCATE|[74]|Bytes:5
12:25:43.0 (3182298)|HEAP_ALLOCATE|[82]|Bytes:7
12:25:43.0 (3339525)|HEAP_ALLOCATE|[4]|Bytes:5
12:25:43.0 (3343237)|STATEMENT_EXECUTE|[4]
12:25:43.0 (3348135)|HEAP_ALLOCATE|[4]|Bytes:5
12:25:43.0 (3380931)|VARIABLE_ASSIGNMENT|[4]|RecentJobViewedController.testForceException|false
12:25:43.0 (3393084)|METHOD_EXIT|[1]|RecentJobViewedController
12:25:43.0 (3404123)|HEAP_ALLOCATE|[8]|Bytes:5
12:25:43.0 (3406968)|STATEMENT_EXECUTE|[7]
12:25:43.0 (3408028)|STATEMENT_EXECUTE|[8]
12:25:43.0 (3408772)|STATEMENT_EXECUTE|[8]
12:25:43.0 (3437025)|HEAP_ALLOCATE|[9]|Bytes:118
12:25:43.0 (3443882)|SYSTEM_METHOD_ENTRY|[1]|Test.Test()
12:25:43.0 (3445684)|STATEMENT_EXECUTE|[1]
12:25:43.0 (3450999)|SYSTEM_METHOD_EXIT|[1]|Test
12:25:43.0 (3467760)|METHOD_ENTRY|[9]||System.Test.isRunningTest()
12:25:43.0 (3505210)|METHOD_EXIT|[9]||System.Test.isRunningTest()
12:25:43.0 (3510971)|STATEMENT_EXECUTE|[9]
12:25:43.0 (3511810)|STATEMENT_EXECUTE|[13]
12:25:43.0 (3513425)|HEAP_ALLOCATE|[13]|Bytes:137
12:25:43.0 (3530658)|HEAP_ALLOCATE|[13]|Bytes:4
12:25:43.0 (8140031)|SOQL_EXECUTE_BEGIN|[13]|Aggregations:0|SELECT Id, Name, JobPosition__c, LastViewedDate FROM Job__c WHERE LastViewedDate != NULL ORDER BY LastViewedDate DESC NULLS FIRST LIMIT 4
12:25:43.0 (24862753)|SOQL_EXECUTE_END|[13]|Rows:4
12:25:43.0 (24904441)|HEAP_ALLOCATE|[13]|Bytes:20
12:25:43.0 (24934363)|HEAP_ALLOCATE|[13]|Bytes:884
12:25:43.0 (24997568)|HEAP_ALLOCATE|[13]|Bytes:20
12:25:43.25 (25078910)|CUMULATIVE_LIMIT_USAGE
12:25:43.25 (25078910)|LIMIT_USAGE_FOR_NS|(default)|
  Number of SOQL queries: 1 out of 100
  Number of query rows: 4 out of 50000
  Number of SOSL queries: 0 out of 20
  Number of DML statements: 0 out of 0
  Number of Publish Immediate DML: 0 out of 150
  Number of DML rows: 0 out of 10000
  Maximum CPU time: 0 out of 10000
  Maximum heap size: 0 out of 6000000
  Number of callouts: 0 out of 100
  Number of Email Invocations: 0 out of 10
  Number of future calls: 0 out of 50
  Number of queueable jobs added to the queue: 0 out of 50
  Number of Mobile Apex push calls: 0 out of 10

12:25:43.25 (25078910)|CUMULATIVE_LIMIT_USAGE_END

12:25:43.0 (25122860)|CODE_UNIT_FINISHED|RecentJobViewedController.getRecentViewedJobs()
12:25:43.0 (25297495)|CODE_UNIT_FINISHED|apex://RecentJobViewedController/ACTION$getRecentViewedJobs
12:25:43.0 (25309386)|EXECUTION_FINISHED
