66.0 APEX_CODE,FINEST;APEX_PROFILING,INFO;CALLOUT,INFO;DATA_ACCESS,INFO;DB,INFO;NBA,INFO;SYSTEM,DEBUG;VALIDATION,INFO;VISUALFORCE,INFO;WAVE,INFO;WORKFLOW,INFO
12:05:23.0 (746148)|USER_INFO|[EXTERNAL]|0057F0000042UBb|ishibashi@hurex.co.jp.dev1|(GMT+09:00) 日本標準時 (Asia/Tokyo)|GMT+09:00
12:05:23.0 (795754)|EXECUTION_STARTED
12:05:23.0 (809276)|CODE_UNIT_STARTED|[EXTERNAL]|apex://CustomNotificationController/ACTION$getNotifications
12:05:23.0 (3872553)|CODE_UNIT_STARTED|[EXTERNAL]|01pBK000001VvEL|CustomNotificationController.getNotifications(String)
12:05:23.0 (4379185)|HEAP_ALLOCATE|[95]|Bytes:3
12:05:23.0 (4490180)|HEAP_ALLOCATE|[100]|Bytes:152
12:05:23.0 (4504915)|HEAP_ALLOCATE|[417]|Bytes:408
12:05:23.0 (4516575)|HEAP_ALLOCATE|[430]|Bytes:408
12:05:23.0 (4537960)|HEAP_ALLOCATE|[317]|Bytes:6
12:05:23.0 (4548145)|HEAP_ALLOCATE|[EXTERNAL]|Bytes:7
12:05:23.0 (4559958)|METHOD_ENTRY|[1]|01pBK000001VvEL|CustomNotificationController.CustomNotificationController()
12:05:23.0 (4566063)|STATEMENT_EXECUTE|[1]
12:05:23.0 (4570048)|STATEMENT_EXECUTE|[1]
12:05:23.0 (4587005)|HEAP_ALLOCATE|[68]|Bytes:5
12:05:23.0 (4607264)|HEAP_ALLOCATE|[74]|Bytes:5
12:05:23.0 (4612327)|HEAP_ALLOCATE|[82]|Bytes:7
12:05:23.0 (4874680)|HEAP_ALLOCATE|[EXTERNAL]|Bytes:5
12:05:23.0 (4885198)|METHOD_EXIT|[1]|CustomNotificationController
12:05:23.0 (4894687)|VARIABLE_SCOPE_BEGIN|[5]|before|String|false|false
12:05:23.0 (4923077)|VARIABLE_ASSIGNMENT|[5]|before|null
12:05:23.0 (4932232)|HEAP_ALLOCATE|[6]|Bytes:5
12:05:23.0 (4935102)|STATEMENT_EXECUTE|[5]
12:05:23.0 (4936372)|STATEMENT_EXECUTE|[6]
12:05:23.0 (4960995)|VARIABLE_SCOPE_BEGIN|[6]|req|System.HttpRequest|true|false
12:05:23.0 (5147630)|VARIABLE_ASSIGNMENT|[6]|req|"System.HttpRequest[Endpoint=null, Method=null]"|0x15fec632
12:05:23.0 (5154113)|STATEMENT_EXECUTE|[7]
12:05:23.0 (5156725)|HEAP_ALLOCATE|[7]|Bytes:3
12:05:23.0 (5233756)|STATEMENT_EXECUTE|[8]
12:05:23.0 (5235230)|HEAP_ALLOCATE|[8]|Bytes:13
12:05:23.0 (5237887)|HEAP_ALLOCATE|[8]|Bytes:7
12:05:23.0 (5284634)|HEAP_ALLOCATE|[8]|Bytes:105
12:05:23.0 (5293463)|SYSTEM_METHOD_ENTRY|[1]|UserInfo.UserInfo()
12:05:23.0 (5295823)|STATEMENT_EXECUTE|[1]
12:05:23.0 (5300152)|SYSTEM_METHOD_EXIT|[1]|UserInfo
12:05:23.0 (5325724)|METHOD_ENTRY|[8]||System.UserInfo.getSessionId()
12:05:23.0 (11649462)|METHOD_EXIT|[8]||System.UserInfo.getSessionId()
12:05:23.0 (11694067)|HEAP_ALLOCATE|[8]|Bytes:119
12:05:23.0 (11750555)|STATEMENT_EXECUTE|[10]
12:05:23.0 (11837347)|HEAP_ALLOCATE|[10]|Bytes:67
12:05:23.0 (11858028)|SYSTEM_METHOD_ENTRY|[1]|Url.Url()
12:05:23.0 (11861588)|STATEMENT_EXECUTE|[1]
12:05:23.0 (11870094)|SYSTEM_METHOD_EXIT|[1]|Url
12:05:23.0 (11890072)|METHOD_ENTRY|[10]||System.Url.getOrgDomainUrl()
12:05:23.0 (12120644)|METHOD_EXIT|[10]||System.Url.getOrgDomainUrl()
12:05:23.0 (12141382)|METHOD_ENTRY|[10]||System.Url.toExternalForm()
12:05:23.0 (12188861)|METHOD_EXIT|[10]||System.Url.toExternalForm()
12:05:23.0 (12194263)|VARIABLE_SCOPE_BEGIN|[10]|domainPath|String|false|false
12:05:23.0 (12217233)|VARIABLE_ASSIGNMENT|[10]|domainPath|"https://hurex--dev1. (25 more) ..."
12:05:23.0 (12221843)|STATEMENT_EXECUTE|[11]
12:05:23.0 (12225558)|HEAP_ALLOCATE|[11]|Bytes:50
12:05:23.0 (12234287)|HEAP_ALLOCATE|[11]|Bytes:95
12:05:23.0 (12238981)|VARIABLE_SCOPE_BEGIN|[11]|endpoint|String|false|false
12:05:23.0 (12248121)|VARIABLE_ASSIGNMENT|[11]|endpoint|"https://hurex--dev1. (75 more) ..."
12:05:23.0 (12305933)|STATEMENT_EXECUTE|[13]
12:05:23.0 (12307577)|STATEMENT_EXECUTE|[16]
12:05:23.0 (12344686)|STATEMENT_EXECUTE|[18]
12:05:23.0 (12367074)|VARIABLE_SCOPE_BEGIN|[18]|http|System.Http|true|false
12:05:23.0 (12485749)|VARIABLE_ASSIGNMENT|[18]|http|"System.Http[]"|0x449193d2
12:05:23.0 (12492026)|STATEMENT_EXECUTE|[19]
12:05:23.0 (12572577)|CALLOUT_REQUEST|[19]|System.HttpRequest[Endpoint=https://hurex--dev1.sandbox.my.salesforce.com/services/data/v56.0/connect/notifications?size=20, Method=GET]
12:05:23.0 (184816124)|HEAP_ALLOCATE|[EXTERNAL]|Bytes:13293
12:05:23.0 (187392092)|CALLOUT_RESPONSE|[19]|System.HttpResponse[Status=OK, StatusCode=200]
12:05:23.0 (187428010)|HEAP_ALLOCATE|[19]|Bytes:12448
12:05:23.0 (187462210)|VARIABLE_SCOPE_BEGIN|[19]|res|System.HttpResponse|true|false
12:05:23.0 (187530046)|VARIABLE_ASSIGNMENT|[19]|res|"System.HttpResponse[Status=OK, StatusCode=200]"|0x4f001fa6
12:05:23.0 (187667557)|STATEMENT_EXECUTE|[21]
12:05:23.0 (187670198)|STATEMENT_EXECUTE|[22]
12:05:23.0 (188370301)|HEAP_ALLOCATE|[22]|Bytes:12204
12:05:23.188 (188454878)|CUMULATIVE_LIMIT_USAGE
12:05:23.188 (188454878)|LIMIT_USAGE_FOR_NS|(default)|
  Number of SOQL queries: 0 out of 100
  Number of query rows: 0 out of 50000
  Number of SOSL queries: 0 out of 20
  Number of DML statements: 0 out of 150
  Number of Publish Immediate DML: 0 out of 150
  Number of DML rows: 0 out of 10000
  Maximum CPU time: 0 out of 10000
  Maximum heap size: 0 out of 6000000
  Number of callouts: 1 out of 100
  Number of Email Invocations: 0 out of 10
  Number of future calls: 0 out of 50
  Number of queueable jobs added to the queue: 0 out of 50
  Number of Mobile Apex push calls: 0 out of 10

12:05:23.188 (188454878)|CUMULATIVE_LIMIT_USAGE_END

12:05:23.0 (188500965)|CODE_UNIT_FINISHED|CustomNotificationController.getNotifications(String)
12:05:23.0 (188724494)|CODE_UNIT_FINISHED|apex://CustomNotificationController/ACTION$getNotifications
12:05:23.0 (188734169)|EXECUTION_FINISHED
