66.0 APEX_CODE,FINEST;APEX_PROFILING,INFO;CALLOUT,INFO;DATA_ACCESS,INFO;DB,INFO;NBA,INFO;SYSTEM,DEBUG;VALIDATION,INFO;VISUALFORCE,INFO;WAVE,INFO;WORKFLOW,INFO
16:01:17.7 (7270282)|USER_INFO|[EXTERNAL]|0057F0000042UBb|ishibashi@hurex.co.jp.dev1|(GMT+09:00) 日本標準時 (Asia/Tokyo)|GMT+09:00
16:01:17.7 (7308732)|EXECUTION_STARTED
16:01:17.7 (7320255)|CODE_UNIT_STARTED|[EXTERNAL]|apex://CustomNotificationController/ACTION$getNotifications
16:01:17.7 (10956175)|CODE_UNIT_STARTED|[EXTERNAL]|01pBK000001VvEL|CustomNotificationController.getNotifications(String)
16:01:17.7 (171864708)|HEAP_ALLOCATE|[95]|Bytes:3
16:01:17.7 (172058396)|HEAP_ALLOCATE|[100]|Bytes:152
16:01:17.7 (172087545)|HEAP_ALLOCATE|[417]|Bytes:408
16:01:17.7 (172101171)|HEAP_ALLOCATE|[430]|Bytes:408
16:01:17.7 (172128536)|HEAP_ALLOCATE|[317]|Bytes:6
16:01:17.7 (172192940)|HEAP_ALLOCATE|[EXTERNAL]|Bytes:7
16:01:17.7 (172264164)|METHOD_ENTRY|[1]|01pBK000001VvEL|CustomNotificationController.CustomNotificationController()
16:01:17.7 (172275910)|STATEMENT_EXECUTE|[1]
16:01:17.7 (172283874)|STATEMENT_EXECUTE|[1]
16:01:17.7 (172307768)|HEAP_ALLOCATE|[68]|Bytes:5
16:01:17.7 (172339606)|HEAP_ALLOCATE|[74]|Bytes:5
16:01:17.7 (172344710)|HEAP_ALLOCATE|[82]|Bytes:7
16:01:17.7 (172599710)|HEAP_ALLOCATE|[EXTERNAL]|Bytes:5
16:01:17.7 (172616345)|METHOD_EXIT|[1]|CustomNotificationController
16:01:17.7 (172637585)|VARIABLE_SCOPE_BEGIN|[5]|before|String|false|false
16:01:17.7 (172697343)|VARIABLE_ASSIGNMENT|[5]|before|null
16:01:17.7 (172710823)|HEAP_ALLOCATE|[6]|Bytes:5
16:01:17.7 (172713740)|STATEMENT_EXECUTE|[5]
16:01:17.7 (172714978)|STATEMENT_EXECUTE|[6]
16:01:17.7 (172773216)|VARIABLE_SCOPE_BEGIN|[6]|req|System.HttpRequest|true|false
16:01:17.7 (173049059)|VARIABLE_ASSIGNMENT|[6]|req|"System.HttpRequest[Endpoint=null, Method=null]"|0x18dd82fe
16:01:17.7 (173056502)|STATEMENT_EXECUTE|[7]
16:01:17.7 (173059843)|HEAP_ALLOCATE|[7]|Bytes:3
16:01:17.7 (173180669)|STATEMENT_EXECUTE|[8]
16:01:17.7 (173182520)|HEAP_ALLOCATE|[8]|Bytes:13
16:01:17.7 (173185183)|HEAP_ALLOCATE|[8]|Bytes:7
16:01:17.7 (173229909)|HEAP_ALLOCATE|[8]|Bytes:105
16:01:17.7 (173240954)|SYSTEM_METHOD_ENTRY|[1]|UserInfo.UserInfo()
16:01:17.7 (173243059)|STATEMENT_EXECUTE|[1]
16:01:17.7 (173248580)|SYSTEM_METHOD_EXIT|[1]|UserInfo
16:01:17.7 (173278673)|METHOD_ENTRY|[8]||System.UserInfo.getSessionId()
16:01:17.7 (182177184)|METHOD_EXIT|[8]||System.UserInfo.getSessionId()
16:01:17.7 (182225336)|HEAP_ALLOCATE|[8]|Bytes:119
16:01:17.7 (182298586)|STATEMENT_EXECUTE|[10]
16:01:17.7 (182358161)|HEAP_ALLOCATE|[10]|Bytes:67
16:01:17.7 (182383152)|SYSTEM_METHOD_ENTRY|[1]|Url.Url()
16:01:17.7 (182388039)|STATEMENT_EXECUTE|[1]
16:01:17.7 (182398003)|SYSTEM_METHOD_EXIT|[1]|Url
16:01:17.7 (182412461)|METHOD_ENTRY|[10]||System.Url.getOrgDomainUrl()
16:01:17.7 (182765710)|METHOD_EXIT|[10]||System.Url.getOrgDomainUrl()
16:01:17.7 (182784142)|METHOD_ENTRY|[10]||System.Url.toExternalForm()
16:01:17.7 (182827515)|METHOD_EXIT|[10]||System.Url.toExternalForm()
16:01:17.7 (182833046)|VARIABLE_SCOPE_BEGIN|[10]|domainPath|String|false|false
16:01:17.7 (182866228)|VARIABLE_ASSIGNMENT|[10]|domainPath|"https://hurex--dev1. (25 more) ..."
16:01:17.7 (182871938)|STATEMENT_EXECUTE|[11]
16:01:17.7 (182875491)|HEAP_ALLOCATE|[11]|Bytes:50
16:01:17.7 (182884963)|HEAP_ALLOCATE|[11]|Bytes:95
16:01:17.7 (182889548)|VARIABLE_SCOPE_BEGIN|[11]|endpoint|String|false|false
16:01:17.7 (182898807)|VARIABLE_ASSIGNMENT|[11]|endpoint|"https://hurex--dev1. (75 more) ..."
16:01:17.7 (183000301)|STATEMENT_EXECUTE|[13]
16:01:17.7 (183003297)|STATEMENT_EXECUTE|[16]
16:01:17.7 (183048946)|STATEMENT_EXECUTE|[18]
16:01:17.7 (183075117)|VARIABLE_SCOPE_BEGIN|[18]|http|System.Http|true|false
16:01:17.7 (183240036)|VARIABLE_ASSIGNMENT|[18]|http|"System.Http[]"|0x625e2ab3
16:01:17.7 (183246621)|STATEMENT_EXECUTE|[19]
16:01:17.7 (183399788)|CALLOUT_REQUEST|[19]|System.HttpRequest[Endpoint=https://hurex--dev1.sandbox.my.salesforce.com/services/data/v56.0/connect/notifications?size=20, Method=GET]
16:01:17.7 (280599844)|HEAP_ALLOCATE|[EXTERNAL]|Bytes:939
16:01:17.7 (299640811)|CALLOUT_RESPONSE|[19]|System.HttpResponse[Status=Unauthorized, StatusCode=401]
16:01:17.7 (299678950)|HEAP_ALLOCATE|[19]|Bytes:91
16:01:17.7 (299715522)|VARIABLE_SCOPE_BEGIN|[19]|res|System.HttpResponse|true|false
16:01:17.7 (299842160)|VARIABLE_ASSIGNMENT|[19]|res|"System.HttpResponse[Status=Unauthorized, StatusCode=401]"|0x6e9e372e
16:01:17.7 (299921388)|STATEMENT_EXECUTE|[23]
16:01:17.7 (299923261)|STATEMENT_EXECUTE|[24]
16:01:17.7 (299973810)|HEAP_ALLOCATE|[24]|Bytes:9
16:01:17.7 (300014438)|HEAP_ALLOCATE|[24]|Bytes:75
16:01:17.7 (300032390)|HEAP_ALLOCATE|[24]|Bytes:84
16:01:17.7 (300361044)|FATAL_ERROR|System.AuraHandledException: Script-thrown exception

Class.CustomNotificationController.getNotifications: line 24, column 1
16:01:17.7 (300377275)|FATAL_ERROR|System.AuraHandledException: Script-thrown exception

Class.CustomNotificationController.getNotifications: line 24, column 1
16:01:17.300 (300392282)|CUMULATIVE_LIMIT_USAGE
16:01:17.300 (300392282)|LIMIT_USAGE_FOR_NS|(default)|
  Number of SOQL queries: 0 out of 100
  Number of query rows: 0 out of 50000
  Number of SOSL queries: 0 out of 20
  Number of DML statements: 0 out of 150
  Number of Publish Immediate DML: 0 out of 150
  Number of DML rows: 0 out of 10000
  Maximum CPU time: 0 out of 10000
  Maximum heap size: 0 out of 6000000
  Number of callouts: 1 out of 100
  Number of Email Invocations: 0 out of 10
  Number of future calls: 0 out of 50
  Number of queueable jobs added to the queue: 0 out of 50
  Number of Mobile Apex push calls: 0 out of 10

16:01:17.300 (300392282)|CUMULATIVE_LIMIT_USAGE_END

16:01:17.7 (300447517)|CODE_UNIT_FINISHED|CustomNotificationController.getNotifications(String)
16:01:17.7 (300802414)|CODE_UNIT_FINISHED|apex://CustomNotificationController/ACTION$getNotifications
16:01:17.7 (300809731)|EXECUTION_FINISHED
