66.0 APEX_CODE,FINEST;APEX_PROFILING,INFO;CALLOUT,INFO;DATA_ACCESS,INFO;DB,INFO;NBA,INFO;SYSTEM,DEBUG;VALIDATION,INFO;VISUALFORCE,INFO;WAVE,INFO;WORKFLOW,INFO
18:19:23.0 (200584)|USER_INFO|[EXTERNAL]|0057F0000042UBb|ishibashi@hurex.co.jp.dev1|(GMT+09:00) 日本標準時 (Asia/Tokyo)|GMT+09:00
18:19:23.0 (236828)|EXECUTION_STARTED
18:19:23.0 (257100)|CODE_UNIT_STARTED|[EXTERNAL]|01pBK000001eV2v|PORTERSIncrementalSyncBatch
18:19:23.0 (1577491)|HEAP_ALLOCATE|[95]|Bytes:3
18:19:23.0 (1660509)|HEAP_ALLOCATE|[100]|Bytes:152
18:19:23.0 (1674038)|HEAP_ALLOCATE|[417]|Bytes:408
18:19:23.0 (1684417)|HEAP_ALLOCATE|[430]|Bytes:408
18:19:23.0 (1702452)|HEAP_ALLOCATE|[317]|Bytes:6
18:19:23.0 (6634036)|HEAP_ALLOCATE|[EXTERNAL]|Bytes:108
18:19:23.0 (23273387)|HEAP_ALLOCATE|[EXTERNAL]|Bytes:11
18:19:23.0 (23303691)|SYSTEM_METHOD_ENTRY|[15]|BatchableContextImpl.BatchableContextImpl()
18:19:23.0 (23318039)|STATEMENT_EXECUTE|[15]
18:19:23.0 (23330935)|SYSTEM_METHOD_EXIT|[15]|BatchableContextImpl
18:19:23.0 (23338325)|HEAP_ALLOCATE|[EXTERNAL]|Bytes:12
18:19:23.0 (23342369)|HEAP_ALLOCATE|[EXTERNAL]|Bytes:4
18:19:23.0 (23346207)|VARIABLE_SCOPE_BEGIN|[31]|this|Database.BatchableContextImpl|true|false
18:19:23.0 (23413968)|VARIABLE_ASSIGNMENT|[31]|this|{}|0xe3cc625
18:19:23.0 (23418656)|VARIABLE_SCOPE_BEGIN|[31]|jobId|Id|false|false
18:19:23.0 (23538283)|VARIABLE_ASSIGNMENT|[31]|jobId|"707BK00000wdKx3YAE"
18:19:23.0 (23542458)|VARIABLE_SCOPE_BEGIN|[31]|childJobId|Id|false|false
18:19:23.0 (23549169)|VARIABLE_ASSIGNMENT|[31]|childJobId|null
18:19:23.0 (26189629)|HEAP_ALLOCATE|[EXTERNAL]|Bytes:75
18:19:23.0 (26207670)|HEAP_ALLOCATE|[EXTERNAL]|Bytes:11
18:19:23.0 (26216734)|METHOD_ENTRY|[7]|01pBK000001eV2v|PORTERSIncrementalSyncBatch.PORTERSIncrementalSyncBatch()
18:19:23.0 (26222363)|STATEMENT_EXECUTE|[7]
18:19:23.0 (26226374)|STATEMENT_EXECUTE|[7]
18:19:23.0 (26229181)|METHOD_EXIT|[7]|PORTERSIncrementalSyncBatch
18:19:23.0 (26232476)|HEAP_ALLOCATE|[EXTERNAL]|Bytes:16
18:19:23.0 (26234451)|HEAP_ALLOCATE|[EXTERNAL]|Bytes:12
18:19:23.0 (26238984)|VARIABLE_SCOPE_BEGIN|[33]|this|PORTERSIncrementalSyncBatch|true|false
18:19:23.0 (26297489)|VARIABLE_ASSIGNMENT|[33]|this|{"startTime":"2026-03-31T09:19:23.557Z","syncResult":"0x62d3290f"}|0x7551c720
18:19:23.0 (26301691)|VARIABLE_SCOPE_BEGIN|[33]|bc|Database.BatchableContext|true|false
18:19:23.0 (26352569)|VARIABLE_ASSIGNMENT|[33]|bc|{"jobId":"707BK00000wdKx3YAE"}|0xe3cc625
18:19:23.0 (26359799)|STATEMENT_EXECUTE|[33]
18:19:23.0 (26360825)|STATEMENT_EXECUTE|[35]
18:19:23.0 (26375604)|HEAP_ALLOCATE|[35]|Bytes:4
18:19:23.0 (26508524)|HEAP_ALLOCATE|[35]|Bytes:4
18:19:23.0 (27460281)|VARIABLE_ASSIGNMENT|[35]|this.Id|null|0x4d2e56fe
18:19:23.0 (27512426)|HEAP_ALLOCATE|[EXTERNAL]|Bytes:8
18:19:23.0 (28270054)|HEAP_ALLOCATE|[EXTERNAL]|Bytes:8
18:19:23.0 (28391937)|HEAP_ALLOCATE|[EXTERNAL]|Bytes:8
18:19:23.0 (28750971)|HEAP_ALLOCATE|[68]|Bytes:5
18:19:23.0 (28780531)|HEAP_ALLOCATE|[74]|Bytes:5
18:19:23.0 (28787887)|HEAP_ALLOCATE|[82]|Bytes:7
18:19:23.0 (28802074)|HEAP_ALLOCATE|[EXTERNAL]|Bytes:5
18:19:23.0 (28827409)|HEAP_ALLOCATE|[EXTERNAL]|Bytes:8
18:19:23.0 (28838070)|HEAP_ALLOCATE|[EXTERNAL]|Bytes:8
18:19:23.0 (28844496)|HEAP_ALLOCATE|[EXTERNAL]|Bytes:8
18:19:23.0 (28847126)|HEAP_ALLOCATE|[EXTERNAL]|Bytes:5
18:19:23.0 (28941291)|HEAP_ALLOCATE|[EXTERNAL]|Bytes:4
18:19:23.0 (28948021)|HEAP_ALLOCATE|[EXTERNAL]|Bytes:4
18:19:23.0 (28959540)|HEAP_ALLOCATE|[EXTERNAL]|Bytes:4
18:19:23.61 (61570950)|CUMULATIVE_LIMIT_USAGE
18:19:23.61 (61570950)|LIMIT_USAGE_FOR_NS|(default)|
  Number of SOQL queries: 0 out of 200
  Number of query rows: 0 out of 50000
  Number of SOSL queries: 0 out of 20
  Number of DML statements: 0 out of 150
  Number of Publish Immediate DML: 0 out of 150
  Number of DML rows: 0 out of 10000
  Maximum CPU time: 0 out of 60000
  Maximum heap size: 0 out of 12000000
  Number of callouts: 0 out of 0
  Number of Email Invocations: 0 out of 10
  Number of future calls: 0 out of 0
  Number of queueable jobs added to the queue: 0 out of 1
  Number of Mobile Apex push calls: 0 out of 10

18:19:23.61 (61570950)|CUMULATIVE_LIMIT_USAGE_END

18:19:23.0 (61612509)|CODE_UNIT_FINISHED|PORTERSIncrementalSyncBatch
18:19:23.0 (61631438)|EXECUTION_FINISHED
