66.0 APEX_CODE,FINEST;APEX_PROFILING,INFO;CALLOUT,INFO;DATA_ACCESS,INFO;DB,INFO;NBA,INFO;SYSTEM,DEBUG;VALIDATION,INFO;VISUALFORCE,INFO;WAVE,INFO;WORKFLOW,INFO
12:32:34.0 (251547)|USER_INFO|[EXTERNAL]|005BK00000Ilvi1|foryoze@owleyes.ch.hurex|(GMT+09:00) 日本標準時 (Asia/Tokyo)|GMT+09:00
12:32:34.0 (306116)|EXECUTION_STARTED
12:32:34.0 (317065)|CODE_UNIT_STARTED|[EXTERNAL]|apex://CustomNavigationMenuController/ACTION$getBadgeCounts
12:32:34.0 (1183369)|CODE_UNIT_STARTED|[EXTERNAL]|01pBK000001nWSn|CustomNavigationMenuController.getBadgeCounts()
12:32:34.0 (2817032)|HEAP_ALLOCATE|[95]|Bytes:3
12:32:34.0 (2918366)|HEAP_ALLOCATE|[100]|Bytes:152
12:32:34.0 (2936252)|HEAP_ALLOCATE|[417]|Bytes:408
12:32:34.0 (2953761)|HEAP_ALLOCATE|[430]|Bytes:408
12:32:34.0 (2977018)|HEAP_ALLOCATE|[317]|Bytes:6
12:32:34.0 (2987761)|HEAP_ALLOCATE|[EXTERNAL]|Bytes:1
12:32:34.0 (2991469)|HEAP_ALLOCATE|[EXTERNAL]|Bytes:2
12:32:34.0 (3001064)|METHOD_ENTRY|[1]|01pBK000001nWSn|CustomNavigationMenuController.CustomNavigationMenuController()
12:32:34.0 (3008957)|STATEMENT_EXECUTE|[1]
12:32:34.0 (3013000)|STATEMENT_EXECUTE|[1]
12:32:34.0 (3029214)|HEAP_ALLOCATE|[68]|Bytes:5
12:32:34.0 (3047991)|HEAP_ALLOCATE|[74]|Bytes:5
12:32:34.0 (3052694)|HEAP_ALLOCATE|[82]|Bytes:7
12:32:34.0 (3212659)|HEAP_ALLOCATE|[EXTERNAL]|Bytes:5
12:32:34.0 (3222129)|METHOD_EXIT|[1]|CustomNavigationMenuController
12:32:34.0 (3231733)|HEAP_ALLOCATE|[4]|Bytes:5
12:32:34.0 (3234458)|STATEMENT_EXECUTE|[3]
12:32:34.0 (3235357)|STATEMENT_EXECUTE|[4]
12:32:34.0 (3246034)|HEAP_ALLOCATE|[4]|Bytes:4
12:32:34.0 (3253238)|HEAP_ALLOCATE|[5]|Bytes:7
12:32:34.0 (3303942)|HEAP_ALLOCATE|[4]|Bytes:4
12:32:34.0 (3312167)|HEAP_ALLOCATE|[6]|Bytes:4
12:32:34.0 (3316446)|HEAP_ALLOCATE|[4]|Bytes:4
12:32:34.0 (3324825)|VARIABLE_SCOPE_BEGIN|[4]|results|Map<String,Integer>|true|false
12:32:34.0 (3386438)|VARIABLE_ASSIGNMENT|[4]|results|{"process":0,"like":0}|0x4fa90f2a
12:32:34.0 (3421699)|HEAP_ALLOCATE|[10]|Bytes:9
12:32:34.0 (3427489)|SYSTEM_METHOD_ENTRY|[1]|CommunitiesUtil.CommunitiesUtil()
12:32:34.0 (3429421)|STATEMENT_EXECUTE|[1]
12:32:34.0 (3433578)|SYSTEM_METHOD_EXIT|[1]|CommunitiesUtil
12:32:34.0 (3442558)|METHOD_ENTRY|[10]||Auth.CommunitiesUtil.isGuestUser()
12:32:34.0 (3478501)|METHOD_EXIT|[10]||Auth.CommunitiesUtil.isGuestUser()
12:32:34.0 (3483166)|STATEMENT_EXECUTE|[10]
12:32:34.0 (3484801)|STATEMENT_EXECUTE|[14]
12:32:34.0 (3485571)|STATEMENT_EXECUTE|[14]
12:32:34.0 (3486442)|STATEMENT_EXECUTE|[16]
12:32:34.0 (3504411)|HEAP_ALLOCATE|[16]|Bytes:105
12:32:34.0 (3508463)|SYSTEM_METHOD_ENTRY|[1]|UserInfo.UserInfo()
12:32:34.0 (3510297)|STATEMENT_EXECUTE|[1]
12:32:34.0 (3512305)|SYSTEM_METHOD_EXIT|[1]|UserInfo
12:32:34.0 (3517060)|METHOD_ENTRY|[16]||System.UserInfo.getUserId()
12:32:34.0 (7886357)|METHOD_EXIT|[16]||System.UserInfo.getUserId()
12:32:34.0 (7930042)|HEAP_ALLOCATE|[16]|Bytes:4
12:32:34.0 (7941193)|VARIABLE_SCOPE_BEGIN|[16]|currentUserId|Id|false|false
12:32:34.0 (8152870)|VARIABLE_ASSIGNMENT|[16]|currentUserId|"005BK00000Ilvi1YAB"
12:32:34.0 (8159535)|STATEMENT_EXECUTE|[20]
12:32:34.0 (8164071)|HEAP_ALLOCATE|[20]|Bytes:78
12:32:34.0 (8182391)|HEAP_ALLOCATE|[20]|Bytes:4
12:32:34.0 (8950260)|SOQL_EXECUTE_BEGIN|[20]|Aggregations:0|SELECT COUNT() FROM SelectionProcess__c WHERE LatestProcessStatus__c = 'JOB打診'
12:32:34.0 (75104564)|SOQL_EXECUTE_END|[20]|Rows:0
12:32:34.0 (75160504)|HEAP_ALLOCATE|[20]|Bytes:4
12:32:34.0 (75200129)|HEAP_ALLOCATE|[20]|Bytes:4
12:32:34.0 (75216515)|STATEMENT_EXECUTE|[27]
12:32:34.0 (75223317)|HEAP_ALLOCATE|[27]|Bytes:63
12:32:34.0 (75241792)|HEAP_ALLOCATE|[27]|Bytes:4
12:32:34.0 (77241075)|SOQL_EXECUTE_BEGIN|[27]|Aggregations:0|SELECT COUNT() FROM InterestedJob__c WHERE IsArchive__c = FALSE
12:32:34.0 (114662270)|SOQL_EXECUTE_END|[27]|Rows:9
12:32:34.0 (114731392)|HEAP_ALLOCATE|[27]|Bytes:4
12:32:34.0 (114771320)|HEAP_ALLOCATE|[27]|Bytes:4
12:32:34.0 (114789713)|STATEMENT_EXECUTE|[36]
12:32:34.114 (114846916)|CUMULATIVE_LIMIT_USAGE
12:32:34.114 (114846916)|LIMIT_USAGE_FOR_NS|(default)|
  Number of SOQL queries: 2 out of 100
  Number of query rows: 2 out of 50000
  Number of SOSL queries: 0 out of 20
  Number of DML statements: 0 out of 0
  Number of Publish Immediate DML: 0 out of 150
  Number of DML rows: 0 out of 10000
  Maximum CPU time: 0 out of 10000
  Maximum heap size: 0 out of 6000000
  Number of callouts: 0 out of 100
  Number of Email Invocations: 0 out of 10
  Number of future calls: 0 out of 50
  Number of queueable jobs added to the queue: 0 out of 50
  Number of Mobile Apex push calls: 0 out of 10

12:32:34.114 (114846916)|CUMULATIVE_LIMIT_USAGE_END

12:32:34.0 (114884756)|CODE_UNIT_FINISHED|CustomNavigationMenuController.getBadgeCounts()
12:32:34.0 (115033576)|CODE_UNIT_FINISHED|apex://CustomNavigationMenuController/ACTION$getBadgeCounts
12:32:34.0 (115038878)|EXECUTION_FINISHED
