66.0 APEX_CODE,FINEST;APEX_PROFILING,INFO;CALLOUT,INFO;DATA_ACCESS,INFO;DB,INFO;NBA,INFO;SYSTEM,DEBUG;VALIDATION,INFO;VISUALFORCE,INFO;WAVE,INFO;WORKFLOW,INFO
15:43:23.2 (2401252)|USER_INFO|[EXTERNAL]|0057F0000042UBb|ishibashi@hurex.co.jp.dev1|(GMT+09:00) 日本標準時 (Asia/Tokyo)|GMT+09:00
15:43:23.2 (2469150)|EXECUTION_STARTED
15:43:23.2 (2490794)|CODE_UNIT_STARTED|[EXTERNAL]|apex://CustomNotificationController/ACTION$getNotifications
15:43:23.2 (5642222)|CODE_UNIT_STARTED|[EXTERNAL]|01pBK000001VvEL|CustomNotificationController.getNotifications(String)
15:43:23.2 (8763293)|HEAP_ALLOCATE|[95]|Bytes:3
15:43:23.2 (8899650)|HEAP_ALLOCATE|[100]|Bytes:152
15:43:23.2 (8920295)|HEAP_ALLOCATE|[417]|Bytes:408
15:43:23.2 (8950555)|HEAP_ALLOCATE|[430]|Bytes:408
15:43:23.2 (8985354)|HEAP_ALLOCATE|[317]|Bytes:6
15:43:23.2 (9065079)|HEAP_ALLOCATE|[EXTERNAL]|Bytes:7
15:43:23.2 (9082514)|METHOD_ENTRY|[1]|01pBK000001VvEL|CustomNotificationController.CustomNotificationController()
15:43:23.2 (9092380)|STATEMENT_EXECUTE|[1]
15:43:23.2 (9099928)|STATEMENT_EXECUTE|[1]
15:43:23.2 (9126809)|HEAP_ALLOCATE|[68]|Bytes:5
15:43:23.2 (9159027)|HEAP_ALLOCATE|[74]|Bytes:5
15:43:23.2 (9174524)|HEAP_ALLOCATE|[82]|Bytes:7
15:43:23.2 (9624823)|HEAP_ALLOCATE|[EXTERNAL]|Bytes:5
15:43:23.2 (9646008)|METHOD_EXIT|[1]|CustomNotificationController
15:43:23.2 (9658605)|VARIABLE_SCOPE_BEGIN|[5]|before|String|false|false
15:43:23.2 (9751317)|VARIABLE_ASSIGNMENT|[5]|before|null
15:43:23.2 (9771613)|HEAP_ALLOCATE|[6]|Bytes:5
15:43:23.2 (9776679)|STATEMENT_EXECUTE|[5]
15:43:23.2 (9778809)|STATEMENT_EXECUTE|[6]
15:43:23.2 (9844362)|VARIABLE_SCOPE_BEGIN|[6]|req|System.HttpRequest|true|false
15:43:23.2 (10161694)|VARIABLE_ASSIGNMENT|[6]|req|"System.HttpRequest[Endpoint=null, Method=null]"|0x42e4565c
15:43:23.2 (10171451)|STATEMENT_EXECUTE|[7]
15:43:23.2 (10176442)|HEAP_ALLOCATE|[7]|Bytes:3
15:43:23.2 (10293190)|STATEMENT_EXECUTE|[8]
15:43:23.2 (10295826)|HEAP_ALLOCATE|[8]|Bytes:13
15:43:23.2 (10300037)|HEAP_ALLOCATE|[8]|Bytes:7
15:43:23.2 (10361551)|HEAP_ALLOCATE|[8]|Bytes:105
15:43:23.2 (10374388)|SYSTEM_METHOD_ENTRY|[1]|UserInfo.UserInfo()
15:43:23.2 (10378043)|STATEMENT_EXECUTE|[1]
15:43:23.2 (10416632)|SYSTEM_METHOD_EXIT|[1]|UserInfo
15:43:23.2 (10436524)|METHOD_ENTRY|[8]||System.UserInfo.getSessionId()
15:43:23.2 (21765230)|METHOD_EXIT|[8]||System.UserInfo.getSessionId()
15:43:23.2 (21811204)|HEAP_ALLOCATE|[8]|Bytes:119
15:43:23.2 (21892552)|STATEMENT_EXECUTE|[10]
15:43:23.2 (21965863)|HEAP_ALLOCATE|[10]|Bytes:67
15:43:23.2 (21983014)|SYSTEM_METHOD_ENTRY|[1]|Url.Url()
15:43:23.2 (21986537)|STATEMENT_EXECUTE|[1]
15:43:23.2 (21996099)|SYSTEM_METHOD_EXIT|[1]|Url
15:43:23.2 (22009813)|METHOD_ENTRY|[10]||System.Url.getOrgDomainUrl()
15:43:23.2 (22315375)|METHOD_EXIT|[10]||System.Url.getOrgDomainUrl()
15:43:23.2 (22333876)|METHOD_ENTRY|[10]||System.Url.toExternalForm()
15:43:23.2 (22378791)|METHOD_EXIT|[10]||System.Url.toExternalForm()
15:43:23.2 (22383851)|VARIABLE_SCOPE_BEGIN|[10]|domainPath|String|false|false
15:43:23.2 (22423190)|VARIABLE_ASSIGNMENT|[10]|domainPath|"https://hurex--dev1. (25 more) ..."
15:43:23.2 (22429149)|STATEMENT_EXECUTE|[11]
15:43:23.2 (22432778)|HEAP_ALLOCATE|[11]|Bytes:50
15:43:23.2 (22442646)|HEAP_ALLOCATE|[11]|Bytes:95
15:43:23.2 (22447157)|VARIABLE_SCOPE_BEGIN|[11]|endpoint|String|false|false
15:43:23.2 (22470059)|VARIABLE_ASSIGNMENT|[11]|endpoint|"https://hurex--dev1. (75 more) ..."
15:43:23.2 (22549014)|STATEMENT_EXECUTE|[13]
15:43:23.2 (22550716)|STATEMENT_EXECUTE|[16]
15:43:23.2 (22593147)|STATEMENT_EXECUTE|[18]
15:43:23.2 (22619034)|VARIABLE_SCOPE_BEGIN|[18]|http|System.Http|true|false
15:43:23.2 (22781537)|VARIABLE_ASSIGNMENT|[18]|http|"System.Http[]"|0x341565a0
15:43:23.2 (22788366)|STATEMENT_EXECUTE|[19]
15:43:23.2 (22909038)|CALLOUT_REQUEST|[19]|System.HttpRequest[Endpoint=https://hurex--dev1.sandbox.my.salesforce.com/services/data/v56.0/connect/notifications?size=20, Method=GET]
15:43:23.2 (138734393)|HEAP_ALLOCATE|[EXTERNAL]|Bytes:939
15:43:23.2 (142145567)|CALLOUT_RESPONSE|[19]|System.HttpResponse[Status=Unauthorized, StatusCode=401]
15:43:23.2 (142190454)|HEAP_ALLOCATE|[19]|Bytes:91
15:43:23.2 (142231644)|VARIABLE_SCOPE_BEGIN|[19]|res|System.HttpResponse|true|false
15:43:23.2 (142331195)|VARIABLE_ASSIGNMENT|[19]|res|"System.HttpResponse[Status=Unauthorized, StatusCode=401]"|0x722324da
15:43:23.2 (142438218)|STATEMENT_EXECUTE|[23]
15:43:23.2 (142440554)|STATEMENT_EXECUTE|[24]
15:43:23.2 (142491456)|HEAP_ALLOCATE|[24]|Bytes:9
15:43:23.2 (142536695)|HEAP_ALLOCATE|[24]|Bytes:75
15:43:23.2 (142555287)|HEAP_ALLOCATE|[24]|Bytes:84
15:43:23.2 (142769076)|FATAL_ERROR|System.AuraHandledException: Script-thrown exception

Class.CustomNotificationController.getNotifications: line 24, column 1
15:43:23.2 (142783082)|FATAL_ERROR|System.AuraHandledException: Script-thrown exception

Class.CustomNotificationController.getNotifications: line 24, column 1
15:43:23.142 (142792980)|CUMULATIVE_LIMIT_USAGE
15:43:23.142 (142792980)|LIMIT_USAGE_FOR_NS|(default)|
  Number of SOQL queries: 0 out of 100
  Number of query rows: 0 out of 50000
  Number of SOSL queries: 0 out of 20
  Number of DML statements: 0 out of 150
  Number of Publish Immediate DML: 0 out of 150
  Number of DML rows: 0 out of 10000
  Maximum CPU time: 0 out of 10000
  Maximum heap size: 0 out of 6000000
  Number of callouts: 1 out of 100
  Number of Email Invocations: 0 out of 10
  Number of future calls: 0 out of 50
  Number of queueable jobs added to the queue: 0 out of 50
  Number of Mobile Apex push calls: 0 out of 10

15:43:23.142 (142792980)|CUMULATIVE_LIMIT_USAGE_END

15:43:23.2 (142834182)|CODE_UNIT_FINISHED|CustomNotificationController.getNotifications(String)
15:43:23.2 (143115669)|CODE_UNIT_FINISHED|apex://CustomNotificationController/ACTION$getNotifications
15:43:23.2 (143124842)|EXECUTION_FINISHED
