66.0 APEX_CODE,FINEST;APEX_PROFILING,INFO;CALLOUT,INFO;DATA_ACCESS,INFO;DB,INFO;NBA,INFO;SYSTEM,DEBUG;VALIDATION,INFO;VISUALFORCE,INFO;WAVE,INFO;WORKFLOW,INFO
15:13:35.1 (1262930)|EXECUTION_STARTED
15:13:35.1 (1294899)|CODE_UNIT_STARTED|[EXTERNAL]|VisualForce View State
15:13:35.1 (8449201)|CODE_UNIT_FINISHED|VisualForce View State
15:13:35.1 (8467829)|EXECUTION_FINISHED
15:13:35.586 (586736398)|VF_SERIALIZE_VIEWSTATE_BEGIN|
15:13:35.586 (590409691)|VF_SERIALIZE_VIEWSTATE_END
15:13:35.598 (598434592)|CUMULATIVE_LIMIT_USAGE
15:13:35.598 (598434592)|LIMIT_USAGE_FOR_NS|(default)|
  Number of SOQL queries: 0 out of 100
  Number of query rows: 0 out of 50000
  Number of SOSL queries: 0 out of 20
  Number of DML statements: 0 out of 150
  Number of Publish Immediate DML: 0 out of 150
  Number of DML rows: 0 out of 10000
  Maximum CPU time: 0 out of 10000
  Maximum heap size: 0 out of 6000000
  Number of callouts: 0 out of 100
  Number of Email Invocations: 0 out of 10
  Number of future calls: 0 out of 50
  Number of queueable jobs added to the queue: 0 out of 50
  Number of Mobile Apex push calls: 0 out of 10

15:13:35.598 (598434592)|CUMULATIVE_LIMIT_USAGE_END

