66.0 APEX_CODE,FINEST;APEX_PROFILING,INFO;CALLOUT,INFO;DATA_ACCESS,INFO;DB,INFO;NBA,INFO;SYSTEM,DEBUG;VALIDATION,INFO;VISUALFORCE,INFO;WAVE,INFO;WORKFLOW,INFO
17:36:13.2 (2161179)|USER_INFO|[EXTERNAL]|0057F0000042UBb|ishibashi@hurex.co.jp.dev1|(GMT+09:00) 日本標準時 (Asia/Tokyo)|GMT+09:00
17:36:13.2 (2204969)|EXECUTION_STARTED
17:36:13.2 (2215032)|CODE_UNIT_STARTED|[EXTERNAL]|apex://OfferComponentController/ACTION$getOffers
17:36:13.2 (3076534)|CODE_UNIT_STARTED|[EXTERNAL]|01pBK000001Vpwv|OfferComponentController.getOffers()
17:36:13.2 (3369603)|HEAP_ALLOCATE|[95]|Bytes:3
17:36:13.2 (3445444)|HEAP_ALLOCATE|[100]|Bytes:152
17:36:13.2 (3460343)|HEAP_ALLOCATE|[417]|Bytes:408
17:36:13.2 (3471184)|HEAP_ALLOCATE|[430]|Bytes:408
17:36:13.2 (3490024)|HEAP_ALLOCATE|[317]|Bytes:6
17:36:13.2 (3499345)|HEAP_ALLOCATE|[EXTERNAL]|Bytes:2
17:36:13.2 (3508594)|METHOD_ENTRY|[5]|01pBK000001Vpwv|OfferComponentController.OfferComponentController()
17:36:13.2 (3512784)|STATEMENT_EXECUTE|[5]
17:36:13.2 (3518278)|STATEMENT_EXECUTE|[5]
17:36:13.2 (3535231)|HEAP_ALLOCATE|[68]|Bytes:5
17:36:13.2 (3560152)|HEAP_ALLOCATE|[74]|Bytes:5
17:36:13.2 (3566667)|HEAP_ALLOCATE|[82]|Bytes:7
17:36:13.2 (3726879)|HEAP_ALLOCATE|[EXTERNAL]|Bytes:5
17:36:13.2 (3736379)|METHOD_EXIT|[5]|OfferComponentController
17:36:13.2 (3746405)|HEAP_ALLOCATE|[18]|Bytes:5
17:36:13.2 (3748680)|STATEMENT_EXECUTE|[16]
17:36:13.2 (3749784)|STATEMENT_EXECUTE|[18]
17:36:13.2 (3752188)|HEAP_ALLOCATE|[18]|Bytes:78
17:36:13.2 (3763311)|HEAP_ALLOCATE|[18]|Bytes:4
17:36:13.2 (17007591)|SOQL_EXECUTE_BEGIN|[18]|Aggregations:0|SELECT COUNT() FROM SelectionProcess__c WHERE LatestProcessStatus__c = 'JOB打診'
17:36:13.2 (46071332)|SOQL_EXECUTE_END|[18]|Rows:2
17:36:13.2 (46129233)|HEAP_ALLOCATE|[18]|Bytes:4
17:36:13.2 (46155079)|VARIABLE_SCOPE_BEGIN|[18]|totalCount|Integer|false|false
17:36:13.2 (46162061)|HEAP_ALLOCATE|[18]|Bytes:4
17:36:13.2 (46200524)|VARIABLE_ASSIGNMENT|[18]|totalCount|2
17:36:13.2 (46206602)|STATEMENT_EXECUTE|[22]
17:36:13.2 (46212190)|HEAP_ALLOCATE|[22]|Bytes:360
17:36:13.2 (46230372)|HEAP_ALLOCATE|[22]|Bytes:4
17:36:13.2 (54601978)|SOQL_EXECUTE_BEGIN|[22]|Aggregations:0|SELECT Id, JobPosition__c, LatestProcessStatus__c, LastModifiedDate, JobPosition__r.Id, JobPosition__r.Company__r.Name, JobPosition__r.JobPosition__c, JobPosition__r.WorkLocation2__c, JobPosition__r.JobCategory1__c, JobPosition__r.LastViewedDate FROM SelectionProcess__c WHERE LatestProcessStatus__c = 'JOB打診' ORDER BY LastModifiedDate DESC NULLS FIRST LIMIT 2
17:36:13.2 (98856051)|SOQL_EXECUTE_END|[22]|Rows:2
17:36:13.2 (98897534)|HEAP_ALLOCATE|[22]|Bytes:12
17:36:13.2 (98917374)|HEAP_ALLOCATE|[22]|Bytes:876
17:36:13.2 (99044945)|HEAP_ALLOCATE|[22]|Bytes:12
17:36:13.2 (99069624)|VARIABLE_SCOPE_BEGIN|[22]|processes|List<SelectionProcess__c>|true|false
17:36:13.2 (99414178)|VARIABLE_ASSIGNMENT|[22]|processes|[{"JobPosition__c":"a0KBK00000GezgQ2AR","LastModifiedDate":"2026-03-25T09:40:48.000Z","JobPosition__r":{"JobPosition__c":"新潟市(新潟) 法人ルート営業・業界シェ (74 more) ...","WorkLocation2__c":"新潟県新潟市（転勤なし／車通勤可）","LastViewedDate":"2026-04-03T08:24:43.000Z","Id":"a0KBK00000GezgQ2AR","Company__c":"001BK00000b1JOJYA2","Company__r":{"Name":"(demo)株式会社エンミッシュ","Id":"001BK00000b1JOJYA2"},"JobCategory1__c":"経営幹部/企画/マーケティング系"},"Id":"a0LBK000006mpG52AI","LatestProcessStatus__c":"JOB打診"},{"JobPosition__c":"a0KBK00000Gexcs2AB","LastModifiedDate":"2026-03-02T05:52:31.000Z","JobPosition__r":{"JobPosition__c":"テスト401求人タイトル求人タイトル求人 (28 more) ...","WorkLocation2__c":"勤務地","LastViewedDate":"2026-04-02T11:19:39.000Z","Id":"a0KBK00000Gexcs2AB","Company__c":"001BK00000cc2ZEYAY","Company__r":{"Name":"テスト 廣川 名","Id":"001BK00000cc2ZEYAY"},"JobCategory1__c":"専門職系（コンサルタント/金融/不動産）"},"Id":"a0LBK000005sEhR2AU","LatestProcessStatus__c":"JOB打診"}]|0x2d30e962
17:36:13.2 (99434489)|STATEMENT_EXECUTE|[41]
17:36:13.2 (99452034)|HEAP_ALLOCATE|[41]|Bytes:4
17:36:13.2 (99497712)|VARIABLE_SCOPE_BEGIN|[41]|jobInfos|List<Map<String,ANY>>|true|false
17:36:13.2 (99522496)|HEAP_ALLOCATE|[EXTERNAL]|Bytes:4
17:36:13.2 (99530223)|VARIABLE_ASSIGNMENT|[41]|jobInfos|[]|0x5ef32727
17:36:13.2 (99711800)|HEAP_ALLOCATE|[44]|Bytes:5
17:36:13.2 (99737662)|HEAP_ALLOCATE|[44]|Bytes:24
17:36:13.2 (99744563)|VARIABLE_SCOPE_BEGIN|[44]|process|SelectionProcess__c|true|false
17:36:13.2 (99988682)|VARIABLE_ASSIGNMENT|[44]|process|{"JobPosition__c":"a0KBK00000GezgQ2AR","LastModifiedDate":"2026-03-25T09:40:48.000Z","JobPosition__r":{"JobPosition__c":"新潟市(新潟) 法人ルート営業・業界シェ (74 more) ...","WorkLocation2__c":"新潟県新潟市（転勤なし／車通勤可）","LastViewedDate":"2026-04-03T08:24:43.000Z","Id":"a0KBK00000GezgQ2AR","Company__c":"001BK00000b1JOJYA2","Company__r":{"Name":"(demo)株式会社エンミッシュ","Id":"001BK00000b1JOJYA2"},"JobCategory1__c":"経営幹部/企画/マーケティング系"},"Id":"a0LBK000006mpG52AI","LatestProcessStatus__c":"JOB打診"}|0x3dab88d0
17:36:13.2 (99999963)|STATEMENT_EXECUTE|[44]
17:36:13.2 (100001152)|STATEMENT_EXECUTE|[45]
17:36:13.2 (100034144)|HEAP_ALLOCATE|[45]|Bytes:4
17:36:13.2 (100042574)|VARIABLE_SCOPE_BEGIN|[45]|jobInfo|Map<String,ANY>|true|false
17:36:13.2 (100056414)|VARIABLE_ASSIGNMENT|[45]|jobInfo|{}|0x6dffff5d
17:36:13.2 (100059278)|STATEMENT_EXECUTE|[46]
17:36:13.2 (100063515)|HEAP_ALLOCATE|[46]|Bytes:5
17:36:13.2 (100133994)|HEAP_ALLOCATE|[EXTERNAL]|Bytes:-4
17:36:13.2 (100139707)|STATEMENT_EXECUTE|[48]
17:36:13.2 (100141497)|HEAP_ALLOCATE|[48]|Bytes:10
17:36:13.2 (100165103)|HEAP_ALLOCATE|[48]|Bytes:14
17:36:13.2 (100210503)|HEAP_ALLOCATE|[48]|Bytes:15
17:36:13.2 (100218192)|HEAP_ALLOCATE|[EXTERNAL]|Bytes:-4
17:36:13.2 (100221043)|STATEMENT_EXECUTE|[50]
17:36:13.2 (100222419)|HEAP_ALLOCATE|[50]|Bytes:11
17:36:13.2 (100267818)|HEAP_ALLOCATE|[EXTERNAL]|Bytes:-4
17:36:13.2 (100271206)|STATEMENT_EXECUTE|[52]
17:36:13.2 (100272676)|HEAP_ALLOCATE|[52]|Bytes:13
17:36:13.2 (100288459)|HEAP_ALLOCATE|[EXTERNAL]|Bytes:-4
17:36:13.2 (100291567)|STATEMENT_EXECUTE|[54]
17:36:13.2 (100292930)|HEAP_ALLOCATE|[54]|Bytes:12
17:36:13.2 (100306389)|HEAP_ALLOCATE|[EXTERNAL]|Bytes:-4
17:36:13.2 (100309258)|STATEMENT_EXECUTE|[56]
17:36:13.2 (100310547)|HEAP_ALLOCATE|[56]|Bytes:11
17:36:13.2 (100361751)|HEAP_ALLOCATE|[EXTERNAL]|Bytes:-4
17:36:13.2 (100365168)|STATEMENT_EXECUTE|[58]
17:36:13.2 (100366814)|HEAP_ALLOCATE|[58]|Bytes:14
17:36:13.2 (100395530)|HEAP_ALLOCATE|[EXTERNAL]|Bytes:-4
17:36:13.2 (100400250)|STATEMENT_EXECUTE|[59]
17:36:13.2 (100420429)|HEAP_ALLOCATE|[EXTERNAL]|Bytes:4
17:36:13.2 (100437157)|HEAP_ALLOCATE|[44]|Bytes:5
17:36:13.2 (100448387)|HEAP_ALLOCATE|[44]|Bytes:24
17:36:13.2 (100455622)|VARIABLE_SCOPE_BEGIN|[44]|process|SelectionProcess__c|true|false
17:36:13.2 (100553842)|VARIABLE_ASSIGNMENT|[44]|process|{"JobPosition__c":"a0KBK00000Gexcs2AB","LastModifiedDate":"2026-03-02T05:52:31.000Z","JobPosition__r":{"JobPosition__c":"テスト401求人タイトル求人タイトル求人 (28 more) ...","WorkLocation2__c":"勤務地","LastViewedDate":"2026-04-02T11:19:39.000Z","Id":"a0KBK00000Gexcs2AB","Company__c":"001BK00000cc2ZEYAY","Company__r":{"Name":"テスト 廣川 名","Id":"001BK00000cc2ZEYAY"},"JobCategory1__c":"専門職系（コンサルタント/金融/不動産）"},"Id":"a0LBK000005sEhR2AU","LatestProcessStatus__c":"JOB打診"}|0x517e3652
17:36:13.2 (100563608)|STATEMENT_EXECUTE|[44]
17:36:13.2 (100564494)|STATEMENT_EXECUTE|[45]
17:36:13.2 (100571404)|HEAP_ALLOCATE|[45]|Bytes:4
17:36:13.2 (100576594)|VARIABLE_SCOPE_BEGIN|[45]|jobInfo|Map<String,ANY>|true|false
17:36:13.2 (100584958)|VARIABLE_ASSIGNMENT|[45]|jobInfo|{}|0x3b27a6c7
17:36:13.2 (100587514)|STATEMENT_EXECUTE|[46]
17:36:13.2 (100596044)|HEAP_ALLOCATE|[EXTERNAL]|Bytes:-4
17:36:13.2 (100599467)|STATEMENT_EXECUTE|[48]
17:36:13.2 (100618404)|HEAP_ALLOCATE|[48]|Bytes:14
17:36:13.2 (100626358)|HEAP_ALLOCATE|[EXTERNAL]|Bytes:-4
17:36:13.2 (100629008)|STATEMENT_EXECUTE|[50]
17:36:13.2 (100635287)|HEAP_ALLOCATE|[EXTERNAL]|Bytes:-4
17:36:13.2 (100638106)|STATEMENT_EXECUTE|[52]
17:36:13.2 (100642403)|HEAP_ALLOCATE|[EXTERNAL]|Bytes:-4
17:36:13.2 (100645138)|STATEMENT_EXECUTE|[54]
17:36:13.2 (100649500)|HEAP_ALLOCATE|[EXTERNAL]|Bytes:-4
17:36:13.2 (100651947)|STATEMENT_EXECUTE|[56]
17:36:13.2 (100657549)|HEAP_ALLOCATE|[EXTERNAL]|Bytes:-4
17:36:13.2 (100659992)|STATEMENT_EXECUTE|[58]
17:36:13.2 (100666354)|HEAP_ALLOCATE|[EXTERNAL]|Bytes:-4
17:36:13.2 (100668889)|STATEMENT_EXECUTE|[59]
17:36:13.2 (100672633)|HEAP_ALLOCATE|[EXTERNAL]|Bytes:4
17:36:13.2 (100680844)|HEAP_ALLOCATE|[44]|Bytes:5
17:36:13.2 (100688490)|VARIABLE_ASSIGNMENT|[44]|process|null|
17:36:13.2 (100692084)|STATEMENT_EXECUTE|[63]
17:36:13.2 (100695511)|HEAP_ALLOCATE|[63]|Bytes:4
17:36:13.2 (100698676)|VARIABLE_SCOPE_BEGIN|[63]|result|Map<String,ANY>|true|false
17:36:13.2 (100704158)|VARIABLE_ASSIGNMENT|[63]|result|{}|0x1a3efdad
17:36:13.2 (100707000)|STATEMENT_EXECUTE|[64]
17:36:13.2 (100708230)|HEAP_ALLOCATE|[64]|Bytes:8
17:36:13.2 (100724634)|HEAP_ALLOCATE|[EXTERNAL]|Bytes:-4
17:36:13.2 (100727762)|STATEMENT_EXECUTE|[65]
17:36:13.2 (100729479)|HEAP_ALLOCATE|[65]|Bytes:10
17:36:13.2 (100737528)|HEAP_ALLOCATE|[65]|Bytes:4
17:36:13.2 (100755292)|HEAP_ALLOCATE|[EXTERNAL]|Bytes:-4
17:36:13.2 (100758290)|STATEMENT_EXECUTE|[66]
17:36:13.100 (100815240)|CUMULATIVE_LIMIT_USAGE
17:36:13.100 (100815240)|LIMIT_USAGE_FOR_NS|(default)|
  Number of SOQL queries: 2 out of 100
  Number of query rows: 3 out of 50000
  Number of SOSL queries: 0 out of 20
  Number of DML statements: 0 out of 0
  Number of Publish Immediate DML: 0 out of 150
  Number of DML rows: 0 out of 10000
  Maximum CPU time: 0 out of 10000
  Maximum heap size: 0 out of 6000000
  Number of callouts: 0 out of 100
  Number of Email Invocations: 0 out of 10
  Number of future calls: 0 out of 50
  Number of queueable jobs added to the queue: 0 out of 50
  Number of Mobile Apex push calls: 0 out of 10

17:36:13.100 (100815240)|CUMULATIVE_LIMIT_USAGE_END

17:36:13.2 (100839597)|CODE_UNIT_FINISHED|OfferComponentController.getOffers()
17:36:13.2 (101017094)|CODE_UNIT_FINISHED|apex://OfferComponentController/ACTION$getOffers
17:36:13.2 (101022678)|EXECUTION_FINISHED
