66.0 APEX_CODE,FINEST;APEX_PROFILING,INFO;CALLOUT,INFO;DATA_ACCESS,INFO;DB,INFO;NBA,INFO;SYSTEM,DEBUG;VALIDATION,INFO;VISUALFORCE,INFO;WAVE,INFO;WORKFLOW,INFO
20:24:22.0 (151620)|USER_INFO|[EXTERNAL]|0057F0000042UBb|ishibashi@hurex.co.jp.dev1|(GMT+09:00) 日本標準時 (Asia/Tokyo)|GMT+09:00
20:24:22.0 (183075)|EXECUTION_STARTED
20:24:22.0 (191728)|CODE_UNIT_STARTED|[EXTERNAL]|apex://JobCardsController/ACTION$getJobs
20:24:22.0 (830146)|CODE_UNIT_STARTED|[EXTERNAL]|01pBK000001RGBP|JobCardsController.getJobs()
20:24:22.0 (1058371)|HEAP_ALLOCATE|[95]|Bytes:3
20:24:22.0 (1114904)|HEAP_ALLOCATE|[100]|Bytes:152
20:24:22.0 (1128869)|HEAP_ALLOCATE|[417]|Bytes:408
20:24:22.0 (1141389)|HEAP_ALLOCATE|[430]|Bytes:408
20:24:22.0 (1158145)|HEAP_ALLOCATE|[317]|Bytes:6
20:24:22.0 (1166114)|HEAP_ALLOCATE|[EXTERNAL]|Bytes:10
20:24:22.0 (1169335)|HEAP_ALLOCATE|[EXTERNAL]|Bytes:5
20:24:22.0 (1171179)|HEAP_ALLOCATE|[EXTERNAL]|Bytes:3
20:24:22.0 (1178649)|METHOD_ENTRY|[6]|01pBK000001RGBP|JobCardsController.JobCardsController()
20:24:22.0 (1182559)|STATEMENT_EXECUTE|[6]
20:24:22.0 (1186962)|STATEMENT_EXECUTE|[6]
20:24:22.0 (1201933)|HEAP_ALLOCATE|[68]|Bytes:5
20:24:22.0 (1217098)|HEAP_ALLOCATE|[74]|Bytes:5
20:24:22.0 (1221434)|HEAP_ALLOCATE|[82]|Bytes:7
20:24:22.0 (1346050)|HEAP_ALLOCATE|[EXTERNAL]|Bytes:5
20:24:22.0 (1349658)|STATEMENT_EXECUTE|[12]
20:24:22.0 (1355135)|METHOD_EXIT|[6]|JobCardsController
20:24:22.0 (1362615)|HEAP_ALLOCATE|[35]|Bytes:5
20:24:22.0 (1364869)|STATEMENT_EXECUTE|[33]
20:24:22.0 (1365888)|STATEMENT_EXECUTE|[35]
20:24:22.0 (1378268)|HEAP_ALLOCATE|[35]|Bytes:4
20:24:22.0 (1413341)|VARIABLE_SCOPE_BEGIN|[35]|favoriteJobIds|Set<Id>|true|false
20:24:22.0 (1465382)|VARIABLE_ASSIGNMENT|[35]|favoriteJobIds|[]|0x42dbd100
20:24:22.0 (1483807)|HEAP_ALLOCATE|[36]|Bytes:91
20:24:22.0 (1495773)|HEAP_ALLOCATE|[36]|Bytes:4
20:24:22.0 (1501366)|HEAP_ALLOCATE|[36]|Bytes:7
20:24:22.0 (1529625)|HEAP_ALLOCATE|[38]|Bytes:105
20:24:22.0 (1536268)|SYSTEM_METHOD_ENTRY|[1]|UserInfo.UserInfo()
20:24:22.0 (1538236)|STATEMENT_EXECUTE|[1]
20:24:22.0 (1542098)|SYSTEM_METHOD_EXIT|[1]|UserInfo
20:24:22.0 (1563895)|METHOD_ENTRY|[38]||System.UserInfo.getUserId()
20:24:22.0 (3391326)|METHOD_EXIT|[38]||System.UserInfo.getUserId()
20:24:22.0 (14976907)|SOQL_EXECUTE_BEGIN|[36]|Aggregations:0|SELECT Job__c FROM InterestedJob__c WHERE (CreatedById = :tmpVar1 AND IsArchive__c = FALSE)
20:24:22.0 (28189929)|SOQL_EXECUTE_END|[36]|Rows:3
20:24:22.0 (28217404)|HEAP_ALLOCATE|[EXTERNAL]|Bytes:16
20:24:22.0 (28397485)|HEAP_ALLOCATE|[36]|Bytes:54
20:24:22.0 (28406360)|HEAP_ALLOCATE|[36]|Bytes:8
20:24:22.0 (28417648)|SYSTEM_METHOD_ENTRY|[7]|QueryLocatorIterator.QueryLocatorIterator()
20:24:22.0 (28422107)|STATEMENT_EXECUTE|[7]
20:24:22.0 (28432586)|SYSTEM_METHOD_EXIT|[7]|QueryLocatorIterator
20:24:22.0 (28439645)|HEAP_ALLOCATE|[36]|Bytes:28
20:24:22.0 (28504388)|HEAP_ALLOCATE|[36]|Bytes:16
20:24:22.0 (28512983)|HEAP_ALLOCATE|[36]|Bytes:8
20:24:22.0 (28514730)|HEAP_ALLOCATE|[36]|Bytes:8
20:24:22.0 (28520353)|VARIABLE_SCOPE_BEGIN|[15]|this|Database.QueryLocatorIterator|true|false
20:24:22.0 (28568445)|VARIABLE_ASSIGNMENT|[15]|this|{}|0xc873872
20:24:22.0 (28573611)|VARIABLE_SCOPE_BEGIN|[15]|values|List<SObject>|true|false
20:24:22.0 (28689268)|VARIABLE_ASSIGNMENT|[15]|values|[{"Job__c":"a0KBK00000Gexcs2AB","Id":"a0OBK000004najC2AQ"},{"Job__c":"a0KBK00000Gexdg2AB","Id":"a0OBK000004nbNV2AY"},{"Job__c":"a0KBK00000GezgQ2AR","Id":"a0OBK0000050riz2AA"}]|0x2502570e
20:24:22.0 (28694684)|VARIABLE_SCOPE_BEGIN|[15]|ql|Database.QueryLocator|true|false
20:24:22.0 (28710863)|VARIABLE_ASSIGNMENT|[15]|ql|{"query":"SELECT Job__c FROM I (71 more) ..."}|0x18770926
20:24:22.0 (28714328)|VARIABLE_SCOPE_BEGIN|[15]|totalNumRecords|Integer|false|false
20:24:22.0 (28723313)|VARIABLE_ASSIGNMENT|[15]|totalNumRecords|3
20:24:22.0 (28726909)|VARIABLE_SCOPE_BEGIN|[15]|queryMoreSize|Integer|false|false
20:24:22.0 (28736733)|VARIABLE_ASSIGNMENT|[15]|queryMoreSize|49997
20:24:22.0 (28803299)|HEAP_ALLOCATE|[36]|Bytes:28
20:24:22.0 (28831620)|METHOD_ENTRY|[36]||Database.QueryLocatorIterator.hasNext()
20:24:22.0 (28909125)|METHOD_EXIT|[36]||Database.QueryLocatorIterator.hasNext()
20:24:22.0 (28915573)|METHOD_ENTRY|[36]||Database.QueryLocatorIterator.next()
20:24:22.0 (28966901)|METHOD_EXIT|[36]||Database.QueryLocatorIterator.next()
20:24:22.0 (28973330)|VARIABLE_SCOPE_BEGIN|[36]|fav|InterestedJob__c|true|false
20:24:22.0 (29005166)|VARIABLE_ASSIGNMENT|[36]|fav|{"Job__c":"a0KBK00000Gexcs2AB","Id":"a0OBK000004najC2AQ"}|0x3a4db6bf
20:24:22.0 (29011729)|STATEMENT_EXECUTE|[39]
20:24:22.0 (29013407)|STATEMENT_EXECUTE|[40]
20:24:22.0 (29062474)|HEAP_ALLOCATE|[EXTERNAL]|Bytes:4
20:24:22.0 (29070243)|METHOD_ENTRY|[36]||Database.QueryLocatorIterator.hasNext()
20:24:22.0 (29080310)|METHOD_EXIT|[36]||Database.QueryLocatorIterator.hasNext()
20:24:22.0 (29082938)|METHOD_ENTRY|[36]||Database.QueryLocatorIterator.next()
20:24:22.0 (29105231)|METHOD_EXIT|[36]||Database.QueryLocatorIterator.next()
20:24:22.0 (29108594)|VARIABLE_SCOPE_BEGIN|[36]|fav|InterestedJob__c|true|false
20:24:22.0 (29127479)|VARIABLE_ASSIGNMENT|[36]|fav|{"Job__c":"a0KBK00000Gexdg2AB","Id":"a0OBK000004nbNV2AY"}|0xdc03cdf
20:24:22.0 (29130642)|STATEMENT_EXECUTE|[39]
20:24:22.0 (29131553)|STATEMENT_EXECUTE|[40]
20:24:22.0 (29137110)|HEAP_ALLOCATE|[EXTERNAL]|Bytes:4
20:24:22.0 (29141504)|METHOD_ENTRY|[36]||Database.QueryLocatorIterator.hasNext()
20:24:22.0 (29150244)|METHOD_EXIT|[36]||Database.QueryLocatorIterator.hasNext()
20:24:22.0 (29152617)|METHOD_ENTRY|[36]||Database.QueryLocatorIterator.next()
20:24:22.0 (29179275)|METHOD_EXIT|[36]||Database.QueryLocatorIterator.next()
20:24:22.0 (29181696)|VARIABLE_SCOPE_BEGIN|[36]|fav|InterestedJob__c|true|false
20:24:22.0 (29195592)|VARIABLE_ASSIGNMENT|[36]|fav|{"Job__c":"a0KBK00000GezgQ2AR","Id":"a0OBK0000050riz2AA"}|0x2d5e2a78
20:24:22.0 (29198637)|STATEMENT_EXECUTE|[39]
20:24:22.0 (29199482)|STATEMENT_EXECUTE|[40]
20:24:22.0 (29203206)|HEAP_ALLOCATE|[EXTERNAL]|Bytes:4
20:24:22.0 (29207937)|METHOD_ENTRY|[36]||Database.QueryLocatorIterator.hasNext()
20:24:22.0 (29216372)|METHOD_EXIT|[36]||Database.QueryLocatorIterator.hasNext()
20:24:22.0 (29220809)|VARIABLE_ASSIGNMENT|[36]|fav|null|
20:24:22.0 (29235742)|STATEMENT_EXECUTE|[44]
20:24:22.0 (29237895)|HEAP_ALLOCATE|[44]|Bytes:217
20:24:22.0 (29251837)|HEAP_ALLOCATE|[44]|Bytes:4
20:24:22.0 (43263181)|SOQL_EXECUTE_BEGIN|[44]|Aggregations:0|SELECT Id, JobPosition__c, WorkLocation2__c, JobCategory1__c, MaxAnnualSalary__c, MinAnnualSalary__c, JobDescription__c, LastModifiedDate, LastViewedDate FROM Job__c ORDER BY LastModifiedDate DESC NULLS FIRST LIMIT 10
20:24:22.0 (80946309)|SOQL_EXECUTE_END|[44]|Rows:10
20:24:22.0 (80973488)|HEAP_ALLOCATE|[44]|Bytes:44
20:24:22.0 (80990643)|HEAP_ALLOCATE|[44]|Bytes:7382
20:24:22.0 (81054693)|HEAP_ALLOCATE|[44]|Bytes:44
20:24:22.0 (81075346)|VARIABLE_SCOPE_BEGIN|[44]|jobs|List<Job__c>|true|false
20:24:22.0 (81103285)|VARIABLE_ASSIGNMENT|[44]|jobs|"List of size 10 too large to display"|0x26594966
20:24:22.0 (81108693)|STATEMENT_EXECUTE|[54]
20:24:22.0 (81117318)|HEAP_ALLOCATE|[54]|Bytes:4
20:24:22.0 (81191584)|VARIABLE_SCOPE_BEGIN|[54]|result|List<JobCardsController.JobWrapper>|true|false
20:24:22.0 (81204245)|HEAP_ALLOCATE|[EXTERNAL]|Bytes:4
20:24:22.0 (81212238)|VARIABLE_ASSIGNMENT|[54]|result|[]|0x7b83f06d
20:24:22.0 (81332117)|HEAP_ALLOCATE|[55]|Bytes:5
20:24:22.0 (81346922)|HEAP_ALLOCATE|[55]|Bytes:32
20:24:22.0 (81351411)|VARIABLE_SCOPE_BEGIN|[55]|j|Job__c|true|false
20:24:22.0 (81444454)|VARIABLE_ASSIGNMENT|[55]|j|{"LastModifiedDate":"2026-04-08T05:36:24.000Z","JobPosition__c":"仙台市（宮城）法人営業・リカバリーウェア (60 more) ...","WorkLocation2__c":"宮城県仙台市泉区長命ケ丘3-27-3","Id":"a0KBK00000JKXw92AH","MinAnnualSalary__c":500,"JobDescription__c":"法人営業として、以下のような業務をお任せ (1657 more) ...","MaxAnnualSalary__c":700}|0x33743968
20:24:22.0 (81453847)|STATEMENT_EXECUTE|[55]
20:24:22.0 (81454905)|STATEMENT_EXECUTE|[56]
20:24:22.0 (81505402)|HEAP_ALLOCATE|[56]|Bytes:44
20:24:22.0 (81528680)|CONSTRUCTOR_ENTRY|[56]|01pBK000001RGBP|<init>()|JobCardsController.JobWrapper
20:24:22.0 (81558964)|VARIABLE_SCOPE_BEGIN|[12]|this|JobCardsController.JobWrapper|true|false
20:24:22.0 (81693672)|VARIABLE_ASSIGNMENT|[12]|this|{}|0x43a92127
20:24:22.0 (81712687)|STATEMENT_EXECUTE|[12]
20:24:22.0 (81713884)|STATEMENT_EXECUTE|[13]
20:24:22.0 (81714922)|STATEMENT_EXECUTE|[14]
20:24:22.0 (81715771)|STATEMENT_EXECUTE|[15]
20:24:22.0 (81716609)|STATEMENT_EXECUTE|[16]
20:24:22.0 (81717390)|STATEMENT_EXECUTE|[17]
20:24:22.0 (81718142)|STATEMENT_EXECUTE|[18]
20:24:22.0 (81718997)|STATEMENT_EXECUTE|[19]
20:24:22.0 (81720003)|STATEMENT_EXECUTE|[20]
20:24:22.0 (81721152)|STATEMENT_EXECUTE|[21]
20:24:22.0 (81721945)|STATEMENT_EXECUTE|[22]
20:24:22.0 (81724865)|CONSTRUCTOR_EXIT|[56]|01pBK000001RGBP|<init>()|JobCardsController.JobWrapper
20:24:22.0 (81728880)|VARIABLE_SCOPE_BEGIN|[56]|wrapper|JobCardsController.JobWrapper|true|false
20:24:22.0 (81739123)|VARIABLE_ASSIGNMENT|[56]|wrapper|{}|0x43a92127
20:24:22.0 (81742226)|STATEMENT_EXECUTE|[57]
20:24:22.0 (81952956)|VARIABLE_ASSIGNMENT|[57]|this.Id|"a0KBK00000JKXw92AH"|0x43a92127
20:24:22.0 (81958087)|STATEMENT_EXECUTE|[58]
20:24:22.0 (81987517)|VARIABLE_ASSIGNMENT|[58]|this.JobPosition|"仙台市（宮城）法人営業・リカバリーウェア (60 more) ..."|0x43a92127
20:24:22.0 (81991958)|STATEMENT_EXECUTE|[59]
20:24:22.0 (82000103)|VARIABLE_ASSIGNMENT|[59]|this.WorkLocation2|"宮城県仙台市泉区長命ケ丘3-27-3"|0x43a92127
20:24:22.0 (82004641)|STATEMENT_EXECUTE|[60]
20:24:22.0 (82009785)|VARIABLE_ASSIGNMENT|[60]|this.JobCategory1|null|0x43a92127
20:24:22.0 (82012602)|STATEMENT_EXECUTE|[61]
20:24:22.0 (82031040)|VARIABLE_ASSIGNMENT|[61]|this.MaxAnnualSalary|700|0x43a92127
20:24:22.0 (82034231)|STATEMENT_EXECUTE|[62]
20:24:22.0 (82040952)|VARIABLE_ASSIGNMENT|[62]|this.MinAnnualSalary|500|0x43a92127
20:24:22.0 (82043592)|STATEMENT_EXECUTE|[63]
20:24:22.0 (82050767)|VARIABLE_ASSIGNMENT|[63]|this.JobDescription|"法人営業として、以下のような業務をお任せ (1657 more) ..."|0x43a92127
20:24:22.0 (82054279)|STATEMENT_EXECUTE|[64]
20:24:22.0 (82083069)|VARIABLE_ASSIGNMENT|[64]|this.LastModifiedDate|"2026-04-08T05:36:24.000Z"|0x43a92127
20:24:22.0 (82086231)|STATEMENT_EXECUTE|[65]
20:24:22.0 (82090427)|VARIABLE_ASSIGNMENT|[65]|this.LastViewedDate|null|0x43a92127
20:24:22.0 (82093032)|STATEMENT_EXECUTE|[66]
20:24:22.0 (82139347)|HEAP_ALLOCATE|[66]|Bytes:5
20:24:22.0 (82144572)|VARIABLE_ASSIGNMENT|[66]|this.IsFavorite|false|0x43a92127
20:24:22.0 (82147271)|STATEMENT_EXECUTE|[67]
20:24:22.0 (82192417)|HEAP_ALLOCATE|[EXTERNAL]|Bytes:4
20:24:22.0 (82214408)|HEAP_ALLOCATE|[55]|Bytes:5
20:24:22.0 (82224338)|HEAP_ALLOCATE|[55]|Bytes:32
20:24:22.0 (82230702)|VARIABLE_SCOPE_BEGIN|[55]|j|Job__c|true|false
20:24:22.0 (82289692)|VARIABLE_ASSIGNMENT|[55]|j|{"LastModifiedDate":"2026-04-07T21:50:43.000Z","JobPosition__c":"仙台市（宮城）社内情報セキュリティ担当・ (68 more) ...","WorkLocation2__c":"宮城県仙台市泉区長命ケ丘3-27-3","Id":"a0KBK00000JHS4z2AH","MinAnnualSalary__c":500,"JobDescription__c":"社内SEとして、以下のような業務をお任せ (1657 more) ...","MaxAnnualSalary__c":700}|0x3a6ca9b1
20:24:22.0 (82296457)|STATEMENT_EXECUTE|[55]
20:24:22.0 (82297335)|STATEMENT_EXECUTE|[56]
20:24:22.0 (82300519)|HEAP_ALLOCATE|[56]|Bytes:44
20:24:22.0 (82305741)|CONSTRUCTOR_ENTRY|[56]|01pBK000001RGBP|<init>()|JobCardsController.JobWrapper
20:24:22.0 (82310964)|VARIABLE_SCOPE_BEGIN|[12]|this|JobCardsController.JobWrapper|true|false
20:24:22.0 (82328842)|VARIABLE_ASSIGNMENT|[12]|this|{}|0x5c632107
20:24:22.0 (82340777)|STATEMENT_EXECUTE|[12]
20:24:22.0 (82341689)|STATEMENT_EXECUTE|[13]
20:24:22.0 (82342521)|STATEMENT_EXECUTE|[14]
20:24:22.0 (82343307)|STATEMENT_EXECUTE|[15]
20:24:22.0 (82344112)|STATEMENT_EXECUTE|[16]
20:24:22.0 (82344977)|STATEMENT_EXECUTE|[17]
20:24:22.0 (82345834)|STATEMENT_EXECUTE|[18]
20:24:22.0 (82346622)|STATEMENT_EXECUTE|[19]
20:24:22.0 (82347382)|STATEMENT_EXECUTE|[20]
20:24:22.0 (82348231)|STATEMENT_EXECUTE|[21]
20:24:22.0 (82348967)|STATEMENT_EXECUTE|[22]
20:24:22.0 (82351027)|CONSTRUCTOR_EXIT|[56]|01pBK000001RGBP|<init>()|JobCardsController.JobWrapper
20:24:22.0 (82354200)|VARIABLE_SCOPE_BEGIN|[56]|wrapper|JobCardsController.JobWrapper|true|false
20:24:22.0 (82362042)|VARIABLE_ASSIGNMENT|[56]|wrapper|{}|0x5c632107
20:24:22.0 (82364676)|STATEMENT_EXECUTE|[57]
20:24:22.0 (82418623)|VARIABLE_ASSIGNMENT|[57]|this.Id|"a0KBK00000JHS4z2AH"|0x5c632107
20:24:22.0 (82421812)|STATEMENT_EXECUTE|[58]
20:24:22.0 (82427179)|VARIABLE_ASSIGNMENT|[58]|this.JobPosition|"仙台市（宮城）社内情報セキュリティ担当・ (68 more) ..."|0x5c632107
20:24:22.0 (82430518)|STATEMENT_EXECUTE|[59]
20:24:22.0 (82434800)|VARIABLE_ASSIGNMENT|[59]|this.WorkLocation2|"宮城県仙台市泉区長命ケ丘3-27-3"|0x5c632107
20:24:22.0 (82438063)|STATEMENT_EXECUTE|[60]
20:24:22.0 (82441067)|VARIABLE_ASSIGNMENT|[60]|this.JobCategory1|null|0x5c632107
20:24:22.0 (82443733)|STATEMENT_EXECUTE|[61]
20:24:22.0 (82449787)|VARIABLE_ASSIGNMENT|[61]|this.MaxAnnualSalary|700|0x5c632107
20:24:22.0 (82452399)|STATEMENT_EXECUTE|[62]
20:24:22.0 (82455891)|VARIABLE_ASSIGNMENT|[62]|this.MinAnnualSalary|500|0x5c632107
20:24:22.0 (82458506)|STATEMENT_EXECUTE|[63]
20:24:22.0 (82462526)|VARIABLE_ASSIGNMENT|[63]|this.JobDescription|"社内SEとして、以下のような業務をお任せ (1657 more) ..."|0x5c632107
20:24:22.0 (82465583)|STATEMENT_EXECUTE|[64]
20:24:22.0 (82482876)|VARIABLE_ASSIGNMENT|[64]|this.LastModifiedDate|"2026-04-07T21:50:43.000Z"|0x5c632107
20:24:22.0 (82485856)|STATEMENT_EXECUTE|[65]
20:24:22.0 (82489226)|VARIABLE_ASSIGNMENT|[65]|this.LastViewedDate|null|0x5c632107
20:24:22.0 (82491730)|STATEMENT_EXECUTE|[66]
20:24:22.0 (82500726)|HEAP_ALLOCATE|[66]|Bytes:5
20:24:22.0 (82504384)|VARIABLE_ASSIGNMENT|[66]|this.IsFavorite|false|0x5c632107
20:24:22.0 (82506959)|STATEMENT_EXECUTE|[67]
20:24:22.0 (82510915)|HEAP_ALLOCATE|[EXTERNAL]|Bytes:4
20:24:22.0 (82548891)|HEAP_ALLOCATE|[55]|Bytes:5
20:24:22.0 (82555486)|HEAP_ALLOCATE|[55]|Bytes:40
20:24:22.0 (82559088)|VARIABLE_SCOPE_BEGIN|[55]|j|Job__c|true|false
20:24:22.0 (82612247)|VARIABLE_ASSIGNMENT|[55]|j|{"LastModifiedDate":"2026-04-03T04:12:21.000Z","JobPosition__c":"新潟市(新潟) 法人ルート営業・業界シェ (74 more) ...","WorkLocation2__c":"新潟県新潟市（転勤なし／車通勤可）","LastViewedDate":"2026-04-08T10:27:18.000Z","Id":"a0KBK00000GezgQ2AR","MinAnnualSalary__c":350,"JobDescription__c":"自社開発製造の給配水機器とその関連製品の (25 more) ...","JobCategory1__c":"経営幹部/企画/マーケティング系","MaxAnnualSalary__c":550}|0x47d22201
20:24:22.0 (82619491)|STATEMENT_EXECUTE|[55]
20:24:22.0 (82620371)|STATEMENT_EXECUTE|[56]
20:24:22.0 (82622478)|HEAP_ALLOCATE|[56]|Bytes:44
20:24:22.0 (82625931)|CONSTRUCTOR_ENTRY|[56]|01pBK000001RGBP|<init>()|JobCardsController.JobWrapper
20:24:22.0 (82629488)|VARIABLE_SCOPE_BEGIN|[12]|this|JobCardsController.JobWrapper|true|false
20:24:22.0 (82640463)|VARIABLE_ASSIGNMENT|[12]|this|{}|0x3ccc606
20:24:22.0 (82649492)|STATEMENT_EXECUTE|[12]
20:24:22.0 (82650340)|STATEMENT_EXECUTE|[13]
20:24:22.0 (82651205)|STATEMENT_EXECUTE|[14]
20:24:22.0 (82652025)|STATEMENT_EXECUTE|[15]
20:24:22.0 (82652810)|STATEMENT_EXECUTE|[16]
20:24:22.0 (82653588)|STATEMENT_EXECUTE|[17]
20:24:22.0 (82654368)|STATEMENT_EXECUTE|[18]
20:24:22.0 (82655166)|STATEMENT_EXECUTE|[19]
20:24:22.0 (82655956)|STATEMENT_EXECUTE|[20]
20:24:22.0 (82656774)|STATEMENT_EXECUTE|[21]
20:24:22.0 (82657518)|STATEMENT_EXECUTE|[22]
20:24:22.0 (82659208)|CONSTRUCTOR_EXIT|[56]|01pBK000001RGBP|<init>()|JobCardsController.JobWrapper
20:24:22.0 (82662393)|VARIABLE_SCOPE_BEGIN|[56]|wrapper|JobCardsController.JobWrapper|true|false
20:24:22.0 (82669651)|VARIABLE_ASSIGNMENT|[56]|wrapper|{}|0x3ccc606
20:24:22.0 (82672248)|STATEMENT_EXECUTE|[57]
20:24:22.0 (82706819)|VARIABLE_ASSIGNMENT|[57]|this.Id|"a0KBK00000GezgQ2AR"|0x3ccc606
20:24:22.0 (82709873)|STATEMENT_EXECUTE|[58]
20:24:22.0 (82714752)|VARIABLE_ASSIGNMENT|[58]|this.JobPosition|"新潟市(新潟) 法人ルート営業・業界シェ (74 more) ..."|0x3ccc606
20:24:22.0 (82717837)|STATEMENT_EXECUTE|[59]
20:24:22.0 (82721842)|VARIABLE_ASSIGNMENT|[59]|this.WorkLocation2|"新潟県新潟市（転勤なし／車通勤可）"|0x3ccc606
20:24:22.0 (82724868)|STATEMENT_EXECUTE|[60]
20:24:22.0 (82736571)|VARIABLE_ASSIGNMENT|[60]|this.JobCategory1|"経営幹部/企画/マーケティング系"|0x3ccc606
20:24:22.0 (82739856)|STATEMENT_EXECUTE|[61]
20:24:22.0 (82744993)|VARIABLE_ASSIGNMENT|[61]|this.MaxAnnualSalary|550|0x3ccc606
20:24:22.0 (82747536)|STATEMENT_EXECUTE|[62]
20:24:22.0 (82750874)|VARIABLE_ASSIGNMENT|[62]|this.MinAnnualSalary|350|0x3ccc606
20:24:22.0 (82753202)|STATEMENT_EXECUTE|[63]
20:24:22.0 (82756811)|VARIABLE_ASSIGNMENT|[63]|this.JobDescription|"自社開発製造の給配水機器とその関連製品の (25 more) ..."|0x3ccc606
20:24:22.0 (82759913)|STATEMENT_EXECUTE|[64]
20:24:22.0 (82768249)|VARIABLE_ASSIGNMENT|[64]|this.LastModifiedDate|"2026-04-03T04:12:21.000Z"|0x3ccc606
20:24:22.0 (82770858)|STATEMENT_EXECUTE|[65]
20:24:22.0 (82782781)|VARIABLE_ASSIGNMENT|[65]|this.LastViewedDate|"2026-04-08T10:27:18.000Z"|0x3ccc606
20:24:22.0 (82785730)|STATEMENT_EXECUTE|[66]
20:24:22.0 (82793258)|HEAP_ALLOCATE|[66]|Bytes:5
20:24:22.0 (82796452)|VARIABLE_ASSIGNMENT|[66]|this.IsFavorite|true|0x3ccc606
20:24:22.0 (82798806)|STATEMENT_EXECUTE|[67]
20:24:22.0 (82802146)|HEAP_ALLOCATE|[EXTERNAL]|Bytes:4
20:24:22.0 (82807901)|HEAP_ALLOCATE|[55]|Bytes:5
20:24:22.0 (82812888)|HEAP_ALLOCATE|[55]|Bytes:32
20:24:22.0 (82815737)|VARIABLE_SCOPE_BEGIN|[55]|j|Job__c|true|false
20:24:22.0 (82856079)|VARIABLE_ASSIGNMENT|[55]|j|{"LastModifiedDate":"2026-04-02T02:54:44.000Z","JobPosition__c":"テスト451求人タイトル求人タイトル求人 (235 more) ...","WorkLocation2__c":"444444","LastViewedDate":"2026-04-02T11:07:27.000Z","Id":"a0KBK00000Gexdg2AB","JobDescription__c":"テスト451仕事内容仕事内容仕事内容仕事 (230 more) ...","JobCategory1__c":"経営幹部/企画/マーケティング系"}|0xa5964c8
20:24:22.0 (82862577)|STATEMENT_EXECUTE|[55]
20:24:22.0 (82863394)|STATEMENT_EXECUTE|[56]
20:24:22.0 (82865354)|HEAP_ALLOCATE|[56]|Bytes:44
20:24:22.0 (82872348)|CONSTRUCTOR_ENTRY|[56]|01pBK000001RGBP|<init>()|JobCardsController.JobWrapper
20:24:22.0 (82876168)|VARIABLE_SCOPE_BEGIN|[12]|this|JobCardsController.JobWrapper|true|false
20:24:22.0 (82885802)|VARIABLE_ASSIGNMENT|[12]|this|{}|0x9e67f41
20:24:22.0 (82893248)|STATEMENT_EXECUTE|[12]
20:24:22.0 (82894107)|STATEMENT_EXECUTE|[13]
20:24:22.0 (82894946)|STATEMENT_EXECUTE|[14]
20:24:22.0 (82895733)|STATEMENT_EXECUTE|[15]
20:24:22.0 (82896531)|STATEMENT_EXECUTE|[16]
20:24:22.0 (82897286)|STATEMENT_EXECUTE|[17]
20:24:22.0 (82898061)|STATEMENT_EXECUTE|[18]
20:24:22.0 (82898846)|STATEMENT_EXECUTE|[19]
20:24:22.0 (82899591)|STATEMENT_EXECUTE|[20]
20:24:22.0 (82900393)|STATEMENT_EXECUTE|[21]
20:24:22.0 (82901148)|STATEMENT_EXECUTE|[22]
20:24:22.0 (82902903)|CONSTRUCTOR_EXIT|[56]|01pBK000001RGBP|<init>()|JobCardsController.JobWrapper
20:24:22.0 (82905816)|VARIABLE_SCOPE_BEGIN|[56]|wrapper|JobCardsController.JobWrapper|true|false
20:24:22.0 (82913153)|VARIABLE_ASSIGNMENT|[56]|wrapper|{}|0x9e67f41
20:24:22.0 (82915861)|STATEMENT_EXECUTE|[57]
20:24:22.0 (82942415)|VARIABLE_ASSIGNMENT|[57]|this.Id|"a0KBK00000Gexdg2AB"|0x9e67f41
20:24:22.0 (82945312)|STATEMENT_EXECUTE|[58]
20:24:22.0 (82949820)|VARIABLE_ASSIGNMENT|[58]|this.JobPosition|"テスト451求人タイトル求人タイトル求人 (235 more) ..."|0x9e67f41
20:24:22.0 (82952914)|STATEMENT_EXECUTE|[59]
20:24:22.0 (82956271)|VARIABLE_ASSIGNMENT|[59]|this.WorkLocation2|"444444"|0x9e67f41
20:24:22.0 (82958723)|STATEMENT_EXECUTE|[60]
20:24:22.0 (82961756)|VARIABLE_ASSIGNMENT|[60]|this.JobCategory1|"経営幹部/企画/マーケティング系"|0x9e67f41
20:24:22.0 (82964476)|STATEMENT_EXECUTE|[61]
20:24:22.0 (82967464)|VARIABLE_ASSIGNMENT|[61]|this.MaxAnnualSalary|null|0x9e67f41
20:24:22.0 (82969841)|STATEMENT_EXECUTE|[62]
20:24:22.0 (82972431)|VARIABLE_ASSIGNMENT|[62]|this.MinAnnualSalary|null|0x9e67f41
20:24:22.0 (82974740)|STATEMENT_EXECUTE|[63]
20:24:22.0 (82978221)|VARIABLE_ASSIGNMENT|[63]|this.JobDescription|"テスト451仕事内容仕事内容仕事内容仕事 (230 more) ..."|0x9e67f41
20:24:22.0 (82981096)|STATEMENT_EXECUTE|[64]
20:24:22.0 (82987609)|VARIABLE_ASSIGNMENT|[64]|this.LastModifiedDate|"2026-04-02T02:54:44.000Z"|0x9e67f41
20:24:22.0 (82990298)|STATEMENT_EXECUTE|[65]
20:24:22.0 (82995530)|VARIABLE_ASSIGNMENT|[65]|this.LastViewedDate|"2026-04-02T11:07:27.000Z"|0x9e67f41
20:24:22.0 (82998208)|STATEMENT_EXECUTE|[66]
20:24:22.0 (83004821)|HEAP_ALLOCATE|[66]|Bytes:5
20:24:22.0 (83008308)|VARIABLE_ASSIGNMENT|[66]|this.IsFavorite|true|0x9e67f41
20:24:22.0 (83010743)|STATEMENT_EXECUTE|[67]
20:24:22.0 (83013516)|HEAP_ALLOCATE|[EXTERNAL]|Bytes:4
20:24:22.0 (83018758)|HEAP_ALLOCATE|[55]|Bytes:5
20:24:22.0 (83023735)|HEAP_ALLOCATE|[55]|Bytes:40
20:24:22.0 (83026416)|VARIABLE_SCOPE_BEGIN|[55]|j|Job__c|true|false
20:24:22.0 (83062161)|VARIABLE_ASSIGNMENT|[55]|j|{"LastModifiedDate":"2026-03-18T01:52:52.000Z","JobPosition__c":"テスト401求人タイトル求人タイトル求人 (28 more) ...","WorkLocation2__c":"勤務地","LastViewedDate":"2026-04-08T11:16:29.000Z","Id":"a0KBK00000Gexcs2AB","MinAnnualSalary__c":450,"JobDescription__c":"テスト401仕事内容仕事内容仕事内容仕事 (30 more) ...","JobCategory1__c":"専門職系（コンサルタント/金融/不動産）","MaxAnnualSalary__c":600}|0x18f4a392
20:24:22.0 (83069191)|STATEMENT_EXECUTE|[55]
20:24:22.0 (83070004)|STATEMENT_EXECUTE|[56]
20:24:22.0 (83071652)|HEAP_ALLOCATE|[56]|Bytes:44
20:24:22.0 (83074685)|CONSTRUCTOR_ENTRY|[56]|01pBK000001RGBP|<init>()|JobCardsController.JobWrapper
20:24:22.0 (83077976)|VARIABLE_SCOPE_BEGIN|[12]|this|JobCardsController.JobWrapper|true|false
20:24:22.0 (83086517)|VARIABLE_ASSIGNMENT|[12]|this|{}|0x49c5071b
20:24:22.0 (83124643)|STATEMENT_EXECUTE|[12]
20:24:22.0 (83125858)|STATEMENT_EXECUTE|[13]
20:24:22.0 (83126706)|STATEMENT_EXECUTE|[14]
20:24:22.0 (83127466)|STATEMENT_EXECUTE|[15]
20:24:22.0 (83128321)|STATEMENT_EXECUTE|[16]
20:24:22.0 (83129098)|STATEMENT_EXECUTE|[17]
20:24:22.0 (83129854)|STATEMENT_EXECUTE|[18]
20:24:22.0 (83130624)|STATEMENT_EXECUTE|[19]
20:24:22.0 (83131390)|STATEMENT_EXECUTE|[20]
20:24:22.0 (83132163)|STATEMENT_EXECUTE|[21]
20:24:22.0 (83132890)|STATEMENT_EXECUTE|[22]
20:24:22.0 (83134923)|CONSTRUCTOR_EXIT|[56]|01pBK000001RGBP|<init>()|JobCardsController.JobWrapper
20:24:22.0 (83138320)|VARIABLE_SCOPE_BEGIN|[56]|wrapper|JobCardsController.JobWrapper|true|false
20:24:22.0 (83146701)|VARIABLE_ASSIGNMENT|[56]|wrapper|{}|0x49c5071b
20:24:22.0 (83149562)|STATEMENT_EXECUTE|[57]
20:24:22.0 (83176573)|VARIABLE_ASSIGNMENT|[57]|this.Id|"a0KBK00000Gexcs2AB"|0x49c5071b
20:24:22.0 (83179471)|STATEMENT_EXECUTE|[58]
20:24:22.0 (83184196)|VARIABLE_ASSIGNMENT|[58]|this.JobPosition|"テスト401求人タイトル求人タイトル求人 (28 more) ..."|0x49c5071b
20:24:22.0 (83187279)|STATEMENT_EXECUTE|[59]
20:24:22.0 (83190634)|VARIABLE_ASSIGNMENT|[59]|this.WorkLocation2|"勤務地"|0x49c5071b
20:24:22.0 (83193476)|STATEMENT_EXECUTE|[60]
20:24:22.0 (83196878)|VARIABLE_ASSIGNMENT|[60]|this.JobCategory1|"専門職系（コンサルタント/金融/不動産）"|0x49c5071b
20:24:22.0 (83199894)|STATEMENT_EXECUTE|[61]
20:24:22.0 (83205121)|VARIABLE_ASSIGNMENT|[61]|this.MaxAnnualSalary|600|0x49c5071b
20:24:22.0 (83207532)|STATEMENT_EXECUTE|[62]
20:24:22.0 (83210816)|VARIABLE_ASSIGNMENT|[62]|this.MinAnnualSalary|450|0x49c5071b
20:24:22.0 (83213328)|STATEMENT_EXECUTE|[63]
20:24:22.0 (83216831)|VARIABLE_ASSIGNMENT|[63]|this.JobDescription|"テスト401仕事内容仕事内容仕事内容仕事 (30 more) ..."|0x49c5071b
20:24:22.0 (83219969)|STATEMENT_EXECUTE|[64]
20:24:22.0 (83227408)|VARIABLE_ASSIGNMENT|[64]|this.LastModifiedDate|"2026-03-18T01:52:52.000Z"|0x49c5071b
20:24:22.0 (83230001)|STATEMENT_EXECUTE|[65]
20:24:22.0 (83234978)|VARIABLE_ASSIGNMENT|[65]|this.LastViewedDate|"2026-04-08T11:16:29.000Z"|0x49c5071b
20:24:22.0 (83237511)|STATEMENT_EXECUTE|[66]
20:24:22.0 (83244477)|HEAP_ALLOCATE|[66]|Bytes:5
20:24:22.0 (83247791)|VARIABLE_ASSIGNMENT|[66]|this.IsFavorite|true|0x49c5071b
20:24:22.0 (83250242)|STATEMENT_EXECUTE|[67]
20:24:22.0 (83253202)|HEAP_ALLOCATE|[EXTERNAL]|Bytes:4
20:24:22.0 (83259109)|HEAP_ALLOCATE|[55]|Bytes:5
20:24:22.0 (83263961)|HEAP_ALLOCATE|[55]|Bytes:36
20:24:22.0 (83266691)|VARIABLE_SCOPE_BEGIN|[55]|j|Job__c|true|false
20:24:22.0 (83311283)|VARIABLE_ASSIGNMENT|[55]|j|{"LastModifiedDate":"2026-03-12T05:33:30.000Z","JobPosition__c":"テスト424求人タイトル求人タイトル求人 (28 more) ...","LastViewedDate":"2026-04-02T07:16:25.000Z","Id":"a0KBK00000GexdF2AR","MinAnnualSalary__c":250,"JobDescription__c":"テスト424仕事内容仕事内容仕事内容仕事 (30 more) ...","JobCategory1__c":"技術系（電気/電子/機械）","MaxAnnualSalary__c":350}|0x470aa01c
20:24:22.0 (83317945)|STATEMENT_EXECUTE|[55]
20:24:22.0 (83318796)|STATEMENT_EXECUTE|[56]
20:24:22.0 (83320485)|HEAP_ALLOCATE|[56]|Bytes:44
20:24:22.0 (83323601)|CONSTRUCTOR_ENTRY|[56]|01pBK000001RGBP|<init>()|JobCardsController.JobWrapper
20:24:22.0 (83326766)|VARIABLE_SCOPE_BEGIN|[12]|this|JobCardsController.JobWrapper|true|false
20:24:22.0 (83336457)|VARIABLE_ASSIGNMENT|[12]|this|{}|0xceb6c3d
20:24:22.0 (83343434)|STATEMENT_EXECUTE|[12]
20:24:22.0 (83344266)|STATEMENT_EXECUTE|[13]
20:24:22.0 (83345037)|STATEMENT_EXECUTE|[14]
20:24:22.0 (83345799)|STATEMENT_EXECUTE|[15]
20:24:22.0 (83346598)|STATEMENT_EXECUTE|[16]
20:24:22.0 (83347342)|STATEMENT_EXECUTE|[17]
20:24:22.0 (83348103)|STATEMENT_EXECUTE|[18]
20:24:22.0 (83348873)|STATEMENT_EXECUTE|[19]
20:24:22.0 (83349611)|STATEMENT_EXECUTE|[20]
20:24:22.0 (83350373)|STATEMENT_EXECUTE|[21]
20:24:22.0 (83351201)|STATEMENT_EXECUTE|[22]
20:24:22.0 (83353003)|CONSTRUCTOR_EXIT|[56]|01pBK000001RGBP|<init>()|JobCardsController.JobWrapper
20:24:22.0 (83355848)|VARIABLE_SCOPE_BEGIN|[56]|wrapper|JobCardsController.JobWrapper|true|false
20:24:22.0 (83366021)|VARIABLE_ASSIGNMENT|[56]|wrapper|{}|0xceb6c3d
20:24:22.0 (83368701)|STATEMENT_EXECUTE|[57]
20:24:22.0 (83393571)|VARIABLE_ASSIGNMENT|[57]|this.Id|"a0KBK00000GexdF2AR"|0xceb6c3d
20:24:22.0 (83396603)|STATEMENT_EXECUTE|[58]
20:24:22.0 (83400983)|VARIABLE_ASSIGNMENT|[58]|this.JobPosition|"テスト424求人タイトル求人タイトル求人 (28 more) ..."|0xceb6c3d
20:24:22.0 (83403918)|STATEMENT_EXECUTE|[59]
20:24:22.0 (83407038)|VARIABLE_ASSIGNMENT|[59]|this.WorkLocation2|null|0xceb6c3d
20:24:22.0 (83409458)|STATEMENT_EXECUTE|[60]
20:24:22.0 (83412848)|VARIABLE_ASSIGNMENT|[60]|this.JobCategory1|"技術系（電気/電子/機械）"|0xceb6c3d
20:24:22.0 (83415746)|STATEMENT_EXECUTE|[61]
20:24:22.0 (83420077)|VARIABLE_ASSIGNMENT|[61]|this.MaxAnnualSalary|350|0xceb6c3d
20:24:22.0 (83422584)|STATEMENT_EXECUTE|[62]
20:24:22.0 (83425856)|VARIABLE_ASSIGNMENT|[62]|this.MinAnnualSalary|250|0xceb6c3d
20:24:22.0 (83428392)|STATEMENT_EXECUTE|[63]
20:24:22.0 (83431861)|VARIABLE_ASSIGNMENT|[63]|this.JobDescription|"テスト424仕事内容仕事内容仕事内容仕事 (30 more) ..."|0xceb6c3d
20:24:22.0 (83434793)|STATEMENT_EXECUTE|[64]
20:24:22.0 (83441097)|VARIABLE_ASSIGNMENT|[64]|this.LastModifiedDate|"2026-03-12T05:33:30.000Z"|0xceb6c3d
20:24:22.0 (83443769)|STATEMENT_EXECUTE|[65]
20:24:22.0 (83448729)|VARIABLE_ASSIGNMENT|[65]|this.LastViewedDate|"2026-04-02T07:16:25.000Z"|0xceb6c3d
20:24:22.0 (83451302)|STATEMENT_EXECUTE|[66]
20:24:22.0 (83457437)|HEAP_ALLOCATE|[66]|Bytes:5
20:24:22.0 (83460592)|VARIABLE_ASSIGNMENT|[66]|this.IsFavorite|false|0xceb6c3d
20:24:22.0 (83463036)|STATEMENT_EXECUTE|[67]
20:24:22.0 (83465855)|HEAP_ALLOCATE|[EXTERNAL]|Bytes:4
20:24:22.0 (83471249)|HEAP_ALLOCATE|[55]|Bytes:5
20:24:22.0 (83476088)|HEAP_ALLOCATE|[55]|Bytes:36
20:24:22.0 (83478545)|VARIABLE_SCOPE_BEGIN|[55]|j|Job__c|true|false
20:24:22.0 (83519755)|VARIABLE_ASSIGNMENT|[55]|j|{"LastModifiedDate":"2026-03-09T05:51:50.000Z","JobPosition__c":"テスト403求人タイトル求人タイトル求人 (28 more) ...","LastViewedDate":"2026-04-02T10:23:00.000Z","Id":"a0KBK00000Gexcu2AB","MinAnnualSalary__c":900,"JobDescription__c":"テスト403仕事内容仕事内容仕事内容仕事 (30 more) ...","JobCategory1__c":"営業系","MaxAnnualSalary__c":600}|0x119e50d6
20:24:22.0 (83526308)|STATEMENT_EXECUTE|[55]
20:24:22.0 (83527150)|STATEMENT_EXECUTE|[56]
20:24:22.0 (83528861)|HEAP_ALLOCATE|[56]|Bytes:44
20:24:22.0 (83531945)|CONSTRUCTOR_ENTRY|[56]|01pBK000001RGBP|<init>()|JobCardsController.JobWrapper
20:24:22.0 (83535201)|VARIABLE_SCOPE_BEGIN|[12]|this|JobCardsController.JobWrapper|true|false
20:24:22.0 (83544120)|VARIABLE_ASSIGNMENT|[12]|this|{}|0x69727750
20:24:22.0 (83550659)|STATEMENT_EXECUTE|[12]
20:24:22.0 (83551535)|STATEMENT_EXECUTE|[13]
20:24:22.0 (83552295)|STATEMENT_EXECUTE|[14]
20:24:22.0 (83553064)|STATEMENT_EXECUTE|[15]
20:24:22.0 (83553843)|STATEMENT_EXECUTE|[16]
20:24:22.0 (83554617)|STATEMENT_EXECUTE|[17]
20:24:22.0 (83555369)|STATEMENT_EXECUTE|[18]
20:24:22.0 (83556274)|STATEMENT_EXECUTE|[19]
20:24:22.0 (83557077)|STATEMENT_EXECUTE|[20]
20:24:22.0 (83557833)|STATEMENT_EXECUTE|[21]
20:24:22.0 (83558610)|STATEMENT_EXECUTE|[22]
20:24:22.0 (83560038)|CONSTRUCTOR_EXIT|[56]|01pBK000001RGBP|<init>()|JobCardsController.JobWrapper
20:24:22.0 (83562805)|VARIABLE_SCOPE_BEGIN|[56]|wrapper|JobCardsController.JobWrapper|true|false
20:24:22.0 (83569632)|VARIABLE_ASSIGNMENT|[56]|wrapper|{}|0x69727750
20:24:22.0 (83572266)|STATEMENT_EXECUTE|[57]
20:24:22.0 (83595872)|VARIABLE_ASSIGNMENT|[57]|this.Id|"a0KBK00000Gexcu2AB"|0x69727750
20:24:22.0 (83598841)|STATEMENT_EXECUTE|[58]
20:24:22.0 (83603225)|VARIABLE_ASSIGNMENT|[58]|this.JobPosition|"テスト403求人タイトル求人タイトル求人 (28 more) ..."|0x69727750
20:24:22.0 (83606320)|STATEMENT_EXECUTE|[59]
20:24:22.0 (83608992)|VARIABLE_ASSIGNMENT|[59]|this.WorkLocation2|null|0x69727750
20:24:22.0 (83611527)|STATEMENT_EXECUTE|[60]
20:24:22.0 (83614507)|VARIABLE_ASSIGNMENT|[60]|this.JobCategory1|"営業系"|0x69727750
20:24:22.0 (83617212)|STATEMENT_EXECUTE|[61]
20:24:22.0 (83621390)|VARIABLE_ASSIGNMENT|[61]|this.MaxAnnualSalary|600|0x69727750
20:24:22.0 (83624060)|STATEMENT_EXECUTE|[62]
20:24:22.0 (83627263)|VARIABLE_ASSIGNMENT|[62]|this.MinAnnualSalary|900|0x69727750
20:24:22.0 (83629645)|STATEMENT_EXECUTE|[63]
20:24:22.0 (83633010)|VARIABLE_ASSIGNMENT|[63]|this.JobDescription|"テスト403仕事内容仕事内容仕事内容仕事 (30 more) ..."|0x69727750
20:24:22.0 (83635930)|STATEMENT_EXECUTE|[64]
20:24:22.0 (83642267)|VARIABLE_ASSIGNMENT|[64]|this.LastModifiedDate|"2026-03-09T05:51:50.000Z"|0x69727750
20:24:22.0 (83644914)|STATEMENT_EXECUTE|[65]
20:24:22.0 (83649697)|VARIABLE_ASSIGNMENT|[65]|this.LastViewedDate|"2026-04-02T10:23:00.000Z"|0x69727750
20:24:22.0 (83652091)|STATEMENT_EXECUTE|[66]
20:24:22.0 (83658200)|HEAP_ALLOCATE|[66]|Bytes:5
20:24:22.0 (83661189)|VARIABLE_ASSIGNMENT|[66]|this.IsFavorite|false|0x69727750
20:24:22.0 (83663665)|STATEMENT_EXECUTE|[67]
20:24:22.0 (83666505)|HEAP_ALLOCATE|[EXTERNAL]|Bytes:4
20:24:22.0 (83671693)|HEAP_ALLOCATE|[55]|Bytes:5
20:24:22.0 (83676092)|HEAP_ALLOCATE|[55]|Bytes:36
20:24:22.0 (83678663)|VARIABLE_SCOPE_BEGIN|[55]|j|Job__c|true|false
20:24:22.0 (83716212)|VARIABLE_ASSIGNMENT|[55]|j|{"LastModifiedDate":"2026-03-09T05:51:49.000Z","JobPosition__c":"テスト402求人タイトル求人タイトル求人 (28 more) ...","LastViewedDate":"2026-03-18T09:45:33.000Z","Id":"a0KBK00000Gexct2AB","MinAnnualSalary__c":500,"JobDescription__c":"テスト402仕事内容仕事内容仕事内容仕事 (30 more) ...","JobCategory1__c":"営業系","MaxAnnualSalary__c":400}|0x50201909
20:24:22.0 (83722544)|STATEMENT_EXECUTE|[55]
20:24:22.0 (83723465)|STATEMENT_EXECUTE|[56]
20:24:22.0 (83725040)|HEAP_ALLOCATE|[56]|Bytes:44
20:24:22.0 (83727866)|CONSTRUCTOR_ENTRY|[56]|01pBK000001RGBP|<init>()|JobCardsController.JobWrapper
20:24:22.0 (83731221)|VARIABLE_SCOPE_BEGIN|[12]|this|JobCardsController.JobWrapper|true|false
20:24:22.0 (83740115)|VARIABLE_ASSIGNMENT|[12]|this|{}|0x53d40148
20:24:22.0 (83746671)|STATEMENT_EXECUTE|[12]
20:24:22.0 (83747538)|STATEMENT_EXECUTE|[13]
20:24:22.0 (83748315)|STATEMENT_EXECUTE|[14]
20:24:22.0 (83749067)|STATEMENT_EXECUTE|[15]
20:24:22.0 (83749857)|STATEMENT_EXECUTE|[16]
20:24:22.0 (83750732)|STATEMENT_EXECUTE|[17]
20:24:22.0 (83751549)|STATEMENT_EXECUTE|[18]
20:24:22.0 (83752303)|STATEMENT_EXECUTE|[19]
20:24:22.0 (83753043)|STATEMENT_EXECUTE|[20]
20:24:22.0 (83753846)|STATEMENT_EXECUTE|[21]
20:24:22.0 (83754575)|STATEMENT_EXECUTE|[22]
20:24:22.0 (83756031)|CONSTRUCTOR_EXIT|[56]|01pBK000001RGBP|<init>()|JobCardsController.JobWrapper
20:24:22.0 (83758788)|VARIABLE_SCOPE_BEGIN|[56]|wrapper|JobCardsController.JobWrapper|true|false
20:24:22.0 (83765610)|VARIABLE_ASSIGNMENT|[56]|wrapper|{}|0x53d40148
20:24:22.0 (83768075)|STATEMENT_EXECUTE|[57]
20:24:22.0 (83791310)|VARIABLE_ASSIGNMENT|[57]|this.Id|"a0KBK00000Gexct2AB"|0x53d40148
20:24:22.0 (83794359)|STATEMENT_EXECUTE|[58]
20:24:22.0 (83798684)|VARIABLE_ASSIGNMENT|[58]|this.JobPosition|"テスト402求人タイトル求人タイトル求人 (28 more) ..."|0x53d40148
20:24:22.0 (83801625)|STATEMENT_EXECUTE|[59]
20:24:22.0 (83804244)|VARIABLE_ASSIGNMENT|[59]|this.WorkLocation2|null|0x53d40148
20:24:22.0 (83808712)|STATEMENT_EXECUTE|[60]
20:24:22.0 (83811697)|VARIABLE_ASSIGNMENT|[60]|this.JobCategory1|"営業系"|0x53d40148
20:24:22.0 (83814610)|STATEMENT_EXECUTE|[61]
20:24:22.0 (83819037)|VARIABLE_ASSIGNMENT|[61]|this.MaxAnnualSalary|400|0x53d40148
20:24:22.0 (83821502)|STATEMENT_EXECUTE|[62]
20:24:22.0 (83824617)|VARIABLE_ASSIGNMENT|[62]|this.MinAnnualSalary|500|0x53d40148
20:24:22.0 (83826939)|STATEMENT_EXECUTE|[63]
20:24:22.0 (83830303)|VARIABLE_ASSIGNMENT|[63]|this.JobDescription|"テスト402仕事内容仕事内容仕事内容仕事 (30 more) ..."|0x53d40148
20:24:22.0 (83833278)|STATEMENT_EXECUTE|[64]
20:24:22.0 (83839766)|VARIABLE_ASSIGNMENT|[64]|this.LastModifiedDate|"2026-03-09T05:51:49.000Z"|0x53d40148
20:24:22.0 (83842367)|STATEMENT_EXECUTE|[65]
20:24:22.0 (83847025)|VARIABLE_ASSIGNMENT|[65]|this.LastViewedDate|"2026-03-18T09:45:33.000Z"|0x53d40148
20:24:22.0 (83849508)|STATEMENT_EXECUTE|[66]
20:24:22.0 (83855369)|HEAP_ALLOCATE|[66]|Bytes:5
20:24:22.0 (83858392)|VARIABLE_ASSIGNMENT|[66]|this.IsFavorite|false|0x53d40148
20:24:22.0 (83860765)|STATEMENT_EXECUTE|[67]
20:24:22.0 (83864015)|HEAP_ALLOCATE|[EXTERNAL]|Bytes:4
20:24:22.0 (83869190)|HEAP_ALLOCATE|[55]|Bytes:5
20:24:22.0 (83873940)|HEAP_ALLOCATE|[55]|Bytes:40
20:24:22.0 (83876396)|VARIABLE_SCOPE_BEGIN|[55]|j|Job__c|true|false
20:24:22.0 (83910120)|VARIABLE_ASSIGNMENT|[55]|j|{"LastModifiedDate":"2026-03-06T01:15:09.000Z","JobPosition__c":"千代田区(東京) 設備積算・大手サブコン (18 more) ...","WorkLocation2__c":"東京都千代田区","LastViewedDate":"2026-03-17T05:57:19.000Z","Id":"a0KBK00000GezgH2AR","MinAnnualSalary__c":400,"JobDescription__c":"事務所ビルや商業施設、工場など、多様な建 (105 more) ...","JobCategory1__c":"営業系","MaxAnnualSalary__c":650}|0x6d75c8ac
20:24:22.0 (84006251)|STATEMENT_EXECUTE|[55]
20:24:22.0 (84007631)|STATEMENT_EXECUTE|[56]
20:24:22.0 (84009680)|HEAP_ALLOCATE|[56]|Bytes:44
20:24:22.0 (84013574)|CONSTRUCTOR_ENTRY|[56]|01pBK000001RGBP|<init>()|JobCardsController.JobWrapper
20:24:22.0 (84017920)|VARIABLE_SCOPE_BEGIN|[12]|this|JobCardsController.JobWrapper|true|false
20:24:22.0 (84030300)|VARIABLE_ASSIGNMENT|[12]|this|{}|0x32c829f6
20:24:22.0 (84038015)|STATEMENT_EXECUTE|[12]
20:24:22.0 (84038935)|STATEMENT_EXECUTE|[13]
20:24:22.0 (84039887)|STATEMENT_EXECUTE|[14]
20:24:22.0 (84040758)|STATEMENT_EXECUTE|[15]
20:24:22.0 (84041550)|STATEMENT_EXECUTE|[16]
20:24:22.0 (84042390)|STATEMENT_EXECUTE|[17]
20:24:22.0 (84043142)|STATEMENT_EXECUTE|[18]
20:24:22.0 (84043911)|STATEMENT_EXECUTE|[19]
20:24:22.0 (84044659)|STATEMENT_EXECUTE|[20]
20:24:22.0 (84045425)|STATEMENT_EXECUTE|[21]
20:24:22.0 (84046190)|STATEMENT_EXECUTE|[22]
20:24:22.0 (84047744)|CONSTRUCTOR_EXIT|[56]|01pBK000001RGBP|<init>()|JobCardsController.JobWrapper
20:24:22.0 (84050860)|VARIABLE_SCOPE_BEGIN|[56]|wrapper|JobCardsController.JobWrapper|true|false
20:24:22.0 (84058173)|VARIABLE_ASSIGNMENT|[56]|wrapper|{}|0x32c829f6
20:24:22.0 (84060867)|STATEMENT_EXECUTE|[57]
20:24:22.0 (84090913)|VARIABLE_ASSIGNMENT|[57]|this.Id|"a0KBK00000GezgH2AR"|0x32c829f6
20:24:22.0 (84093894)|STATEMENT_EXECUTE|[58]
20:24:22.0 (84098819)|VARIABLE_ASSIGNMENT|[58]|this.JobPosition|"千代田区(東京) 設備積算・大手サブコン (18 more) ..."|0x32c829f6
20:24:22.0 (84101882)|STATEMENT_EXECUTE|[59]
20:24:22.0 (84105494)|VARIABLE_ASSIGNMENT|[59]|this.WorkLocation2|"東京都千代田区"|0x32c829f6
20:24:22.0 (84108424)|STATEMENT_EXECUTE|[60]
20:24:22.0 (84111374)|VARIABLE_ASSIGNMENT|[60]|this.JobCategory1|"営業系"|0x32c829f6
20:24:22.0 (84114060)|STATEMENT_EXECUTE|[61]
20:24:22.0 (84118873)|VARIABLE_ASSIGNMENT|[61]|this.MaxAnnualSalary|650|0x32c829f6
20:24:22.0 (84121253)|STATEMENT_EXECUTE|[62]
20:24:22.0 (84124670)|VARIABLE_ASSIGNMENT|[62]|this.MinAnnualSalary|400|0x32c829f6
20:24:22.0 (84127085)|STATEMENT_EXECUTE|[63]
20:24:22.0 (84130652)|VARIABLE_ASSIGNMENT|[63]|this.JobDescription|"事務所ビルや商業施設、工場など、多様な建 (105 more) ..."|0x32c829f6
20:24:22.0 (84133686)|STATEMENT_EXECUTE|[64]
20:24:22.0 (84142064)|VARIABLE_ASSIGNMENT|[64]|this.LastModifiedDate|"2026-03-06T01:15:09.000Z"|0x32c829f6
20:24:22.0 (84144804)|STATEMENT_EXECUTE|[65]
20:24:22.0 (84149675)|VARIABLE_ASSIGNMENT|[65]|this.LastViewedDate|"2026-03-17T05:57:19.000Z"|0x32c829f6
20:24:22.0 (84152200)|STATEMENT_EXECUTE|[66]
20:24:22.0 (84158989)|HEAP_ALLOCATE|[66]|Bytes:5
20:24:22.0 (84162385)|VARIABLE_ASSIGNMENT|[66]|this.IsFavorite|false|0x32c829f6
20:24:22.0 (84165028)|STATEMENT_EXECUTE|[67]
20:24:22.0 (84168416)|HEAP_ALLOCATE|[EXTERNAL]|Bytes:4
20:24:22.0 (84174215)|HEAP_ALLOCATE|[55]|Bytes:5
20:24:22.0 (84179040)|HEAP_ALLOCATE|[55]|Bytes:36
20:24:22.0 (84181813)|VARIABLE_SCOPE_BEGIN|[55]|j|Job__c|true|false
20:24:22.0 (84221407)|VARIABLE_ASSIGNMENT|[55]|j|{"LastModifiedDate":"2026-02-06T01:25:17.000Z","JobPosition__c":"テスト467求人タイトル求人タイトル求人 (28 more) ...","LastViewedDate":"2026-04-02T09:39:31.000Z","Id":"a0KBK00000Gexdw2AB","MinAnnualSalary__c":216,"JobDescription__c":"テスト467仕事内容仕事内容仕事内容仕事 (30 more) ...","JobCategory1__c":"管理部門/事務系","MaxAnnualSalary__c":0}|0x7fed9f5e
20:24:22.0 (84227460)|STATEMENT_EXECUTE|[55]
20:24:22.0 (84228280)|STATEMENT_EXECUTE|[56]
20:24:22.0 (84229899)|HEAP_ALLOCATE|[56]|Bytes:44
20:24:22.0 (84232907)|CONSTRUCTOR_ENTRY|[56]|01pBK000001RGBP|<init>()|JobCardsController.JobWrapper
20:24:22.0 (84236214)|VARIABLE_SCOPE_BEGIN|[12]|this|JobCardsController.JobWrapper|true|false
20:24:22.0 (84245223)|VARIABLE_ASSIGNMENT|[12]|this|{}|0x65953116
20:24:22.0 (84251657)|STATEMENT_EXECUTE|[12]
20:24:22.0 (84252522)|STATEMENT_EXECUTE|[13]
20:24:22.0 (84253345)|STATEMENT_EXECUTE|[14]
20:24:22.0 (84254114)|STATEMENT_EXECUTE|[15]
20:24:22.0 (84254915)|STATEMENT_EXECUTE|[16]
20:24:22.0 (84255690)|STATEMENT_EXECUTE|[17]
20:24:22.0 (84256435)|STATEMENT_EXECUTE|[18]
20:24:22.0 (84257215)|STATEMENT_EXECUTE|[19]
20:24:22.0 (84257946)|STATEMENT_EXECUTE|[20]
20:24:22.0 (84258724)|STATEMENT_EXECUTE|[21]
20:24:22.0 (84259502)|STATEMENT_EXECUTE|[22]
20:24:22.0 (84260909)|CONSTRUCTOR_EXIT|[56]|01pBK000001RGBP|<init>()|JobCardsController.JobWrapper
20:24:22.0 (84263645)|VARIABLE_SCOPE_BEGIN|[56]|wrapper|JobCardsController.JobWrapper|true|false
20:24:22.0 (84270862)|VARIABLE_ASSIGNMENT|[56]|wrapper|{}|0x65953116
20:24:22.0 (84273405)|STATEMENT_EXECUTE|[57]
20:24:22.0 (84296999)|VARIABLE_ASSIGNMENT|[57]|this.Id|"a0KBK00000Gexdw2AB"|0x65953116
20:24:22.0 (84299924)|STATEMENT_EXECUTE|[58]
20:24:22.0 (84304196)|VARIABLE_ASSIGNMENT|[58]|this.JobPosition|"テスト467求人タイトル求人タイトル求人 (28 more) ..."|0x65953116
20:24:22.0 (84307297)|STATEMENT_EXECUTE|[59]
20:24:22.0 (84310275)|VARIABLE_ASSIGNMENT|[59]|this.WorkLocation2|null|0x65953116
20:24:22.0 (84312865)|STATEMENT_EXECUTE|[60]
20:24:22.0 (84315840)|VARIABLE_ASSIGNMENT|[60]|this.JobCategory1|"管理部門/事務系"|0x65953116
20:24:22.0 (84318634)|STATEMENT_EXECUTE|[61]
20:24:22.0 (84335870)|HEAP_ALLOCATE|[61]|Bytes:28
20:24:22.0 (84340328)|VARIABLE_ASSIGNMENT|[61]|this.MaxAnnualSalary|0|0x65953116
20:24:22.0 (84342754)|STATEMENT_EXECUTE|[62]
20:24:22.0 (84346230)|VARIABLE_ASSIGNMENT|[62]|this.MinAnnualSalary|216|0x65953116
20:24:22.0 (84348705)|STATEMENT_EXECUTE|[63]
20:24:22.0 (84352276)|VARIABLE_ASSIGNMENT|[63]|this.JobDescription|"テスト467仕事内容仕事内容仕事内容仕事 (30 more) ..."|0x65953116
20:24:22.0 (84357993)|STATEMENT_EXECUTE|[64]
20:24:22.0 (84365197)|VARIABLE_ASSIGNMENT|[64]|this.LastModifiedDate|"2026-02-06T01:25:17.000Z"|0x65953116
20:24:22.0 (84367845)|STATEMENT_EXECUTE|[65]
20:24:22.0 (84372833)|VARIABLE_ASSIGNMENT|[65]|this.LastViewedDate|"2026-04-02T09:39:31.000Z"|0x65953116
20:24:22.0 (84375634)|STATEMENT_EXECUTE|[66]
20:24:22.0 (84381889)|HEAP_ALLOCATE|[66]|Bytes:5
20:24:22.0 (84385065)|VARIABLE_ASSIGNMENT|[66]|this.IsFavorite|false|0x65953116
20:24:22.0 (84387471)|STATEMENT_EXECUTE|[67]
20:24:22.0 (84390152)|HEAP_ALLOCATE|[EXTERNAL]|Bytes:4
20:24:22.0 (84395932)|HEAP_ALLOCATE|[55]|Bytes:5
20:24:22.0 (84401477)|VARIABLE_ASSIGNMENT|[55]|j|null|
20:24:22.0 (84404450)|STATEMENT_EXECUTE|[69]
20:24:22.84 (84450992)|CUMULATIVE_LIMIT_USAGE
20:24:22.84 (84450992)|LIMIT_USAGE_FOR_NS|(default)|
  Number of SOQL queries: 2 out of 100
  Number of query rows: 13 out of 50000
  Number of SOSL queries: 0 out of 20
  Number of DML statements: 0 out of 150
  Number of Publish Immediate DML: 0 out of 150
  Number of DML rows: 0 out of 10000
  Maximum CPU time: 0 out of 10000
  Maximum heap size: 0 out of 6000000
  Number of callouts: 0 out of 100
  Number of Email Invocations: 0 out of 10
  Number of future calls: 0 out of 50
  Number of queueable jobs added to the queue: 0 out of 50
  Number of Mobile Apex push calls: 0 out of 10

20:24:22.84 (84450992)|CUMULATIVE_LIMIT_USAGE_END

20:24:22.0 (84473446)|CODE_UNIT_FINISHED|JobCardsController.getJobs()
20:24:22.0 (84632444)|CODE_UNIT_FINISHED|apex://JobCardsController/ACTION$getJobs
20:24:22.0 (84637275)|EXECUTION_FINISHED
