66.0 APEX_CODE,FINEST;APEX_PROFILING,INFO;CALLOUT,INFO;DATA_ACCESS,INFO;DB,INFO;NBA,INFO;SYSTEM,DEBUG;VALIDATION,INFO;VISUALFORCE,INFO;WAVE,INFO;WORKFLOW,INFO
16:00:10.0 (228557)|USER_INFO|[EXTERNAL]|0057F0000042UBb|ishibashi@hurex.co.jp.dev1|(GMT+09:00) 日本標準時 (Asia/Tokyo)|GMT+09:00
16:00:10.0 (268560)|EXECUTION_STARTED
16:00:10.0 (277011)|CODE_UNIT_STARTED|[EXTERNAL]|apex://OfferComponentController/ACTION$getOffers
16:00:10.0 (1124256)|CODE_UNIT_STARTED|[EXTERNAL]|01pBK000001Vpwv|OfferComponentController.getOffers()
16:00:10.0 (1445685)|HEAP_ALLOCATE|[95]|Bytes:3
16:00:10.0 (1525948)|HEAP_ALLOCATE|[100]|Bytes:152
16:00:10.0 (1540924)|HEAP_ALLOCATE|[417]|Bytes:408
16:00:10.0 (1551680)|HEAP_ALLOCATE|[430]|Bytes:408
16:00:10.0 (1571348)|HEAP_ALLOCATE|[317]|Bytes:6
16:00:10.0 (1581138)|HEAP_ALLOCATE|[EXTERNAL]|Bytes:2
16:00:10.0 (1589341)|METHOD_ENTRY|[5]|01pBK000001Vpwv|OfferComponentController.OfferComponentController()
16:00:10.0 (1593126)|STATEMENT_EXECUTE|[5]
16:00:10.0 (1596718)|STATEMENT_EXECUTE|[5]
16:00:10.0 (1614906)|HEAP_ALLOCATE|[68]|Bytes:5
16:00:10.0 (1636985)|HEAP_ALLOCATE|[74]|Bytes:5
16:00:10.0 (1641831)|HEAP_ALLOCATE|[82]|Bytes:7
16:00:10.0 (1790171)|HEAP_ALLOCATE|[EXTERNAL]|Bytes:5
16:00:10.0 (1799610)|METHOD_EXIT|[5]|OfferComponentController
16:00:10.0 (1810007)|HEAP_ALLOCATE|[18]|Bytes:5
16:00:10.0 (1812679)|STATEMENT_EXECUTE|[16]
16:00:10.0 (1813673)|STATEMENT_EXECUTE|[18]
16:00:10.0 (1815763)|HEAP_ALLOCATE|[18]|Bytes:78
16:00:10.0 (1829482)|HEAP_ALLOCATE|[18]|Bytes:4
16:00:10.0 (12358149)|SOQL_EXECUTE_BEGIN|[18]|Aggregations:0|SELECT COUNT() FROM SelectionProcess__c WHERE LatestProcessStatus__c = 'JOB打診'
16:00:10.0 (45955893)|SOQL_EXECUTE_END|[18]|Rows:2
16:00:10.0 (46007336)|HEAP_ALLOCATE|[18]|Bytes:4
16:00:10.0 (46040341)|VARIABLE_SCOPE_BEGIN|[18]|totalCount|Integer|false|false
16:00:10.0 (46049116)|HEAP_ALLOCATE|[18]|Bytes:4
16:00:10.0 (46082715)|VARIABLE_ASSIGNMENT|[18]|totalCount|2
16:00:10.0 (46088966)|STATEMENT_EXECUTE|[22]
16:00:10.0 (46095996)|HEAP_ALLOCATE|[22]|Bytes:360
16:00:10.0 (46122071)|HEAP_ALLOCATE|[22]|Bytes:4
16:00:10.0 (74885470)|SOQL_EXECUTE_BEGIN|[22]|Aggregations:0|SELECT Id, JobPosition__c, LatestProcessStatus__c, LastModifiedDate, JobPosition__r.Id, JobPosition__r.Company__r.Name, JobPosition__r.JobPosition__c, JobPosition__r.WorkLocation2__c, JobPosition__r.JobCategory1__c, JobPosition__r.LastViewedDate FROM SelectionProcess__c WHERE LatestProcessStatus__c = 'JOB打診' ORDER BY LastModifiedDate DESC NULLS FIRST LIMIT 2
16:00:10.0 (102510687)|SOQL_EXECUTE_END|[22]|Rows:2
16:00:10.0 (102563019)|HEAP_ALLOCATE|[22]|Bytes:12
16:00:10.0 (102597619)|HEAP_ALLOCATE|[22]|Bytes:876
16:00:10.0 (102786340)|HEAP_ALLOCATE|[22]|Bytes:12
16:00:10.0 (102819439)|VARIABLE_SCOPE_BEGIN|[22]|processes|List<SelectionProcess__c>|true|false
16:00:10.0 (103349244)|VARIABLE_ASSIGNMENT|[22]|processes|[{"JobPosition__c":"a0KBK00000GezgQ2AR","LastModifiedDate":"2026-03-25T09:40:48.000Z","JobPosition__r":{"JobPosition__c":"新潟市(新潟) 法人ルート営業・業界シェ (74 more) ...","WorkLocation2__c":"新潟県新潟市（転勤なし／車通勤可）","LastViewedDate":"2026-04-03T08:24:43.000Z","Id":"a0KBK00000GezgQ2AR","Company__c":"001BK00000b1JOJYA2","Company__r":{"Name":"(demo)株式会社エンミッシュ","Id":"001BK00000b1JOJYA2"},"JobCategory1__c":"経営幹部/企画/マーケティング系"},"Id":"a0LBK000006mpG52AI","LatestProcessStatus__c":"JOB打診"},{"JobPosition__c":"a0KBK00000Gexcs2AB","LastModifiedDate":"2026-03-02T05:52:31.000Z","JobPosition__r":{"JobPosition__c":"テスト401求人タイトル求人タイトル求人 (28 more) ...","WorkLocation2__c":"勤務地","LastViewedDate":"2026-04-02T11:19:39.000Z","Id":"a0KBK00000Gexcs2AB","Company__c":"001BK00000cc2ZEYAY","Company__r":{"Name":"テスト 廣川 名","Id":"001BK00000cc2ZEYAY"},"JobCategory1__c":"専門職系（コンサルタント/金融/不動産）"},"Id":"a0LBK000005sEhR2AU","LatestProcessStatus__c":"JOB打診"}]|0x5f13b3b8
16:00:10.0 (103382324)|STATEMENT_EXECUTE|[41]
16:00:10.0 (103408124)|HEAP_ALLOCATE|[41]|Bytes:4
16:00:10.0 (103474356)|VARIABLE_SCOPE_BEGIN|[41]|jobInfos|List<Map<String,ANY>>|true|false
16:00:10.0 (103514374)|HEAP_ALLOCATE|[EXTERNAL]|Bytes:4
16:00:10.0 (103524985)|VARIABLE_ASSIGNMENT|[41]|jobInfos|[]|0x101ebe22
16:00:10.0 (103785922)|HEAP_ALLOCATE|[44]|Bytes:5
16:00:10.0 (103823174)|HEAP_ALLOCATE|[44]|Bytes:24
16:00:10.0 (103833204)|VARIABLE_SCOPE_BEGIN|[44]|process|SelectionProcess__c|true|false
16:00:10.0 (103960481)|VARIABLE_ASSIGNMENT|[44]|process|{"JobPosition__c":"a0KBK00000GezgQ2AR","LastModifiedDate":"2026-03-25T09:40:48.000Z","JobPosition__r":{"JobPosition__c":"新潟市(新潟) 法人ルート営業・業界シェ (74 more) ...","WorkLocation2__c":"新潟県新潟市（転勤なし／車通勤可）","LastViewedDate":"2026-04-03T08:24:43.000Z","Id":"a0KBK00000GezgQ2AR","Company__c":"001BK00000b1JOJYA2","Company__r":{"Name":"(demo)株式会社エンミッシュ","Id":"001BK00000b1JOJYA2"},"JobCategory1__c":"経営幹部/企画/マーケティング系"},"Id":"a0LBK000006mpG52AI","LatestProcessStatus__c":"JOB打診"}|0x2a196bd4
16:00:10.0 (103975674)|STATEMENT_EXECUTE|[44]
16:00:10.0 (103977489)|STATEMENT_EXECUTE|[45]
16:00:10.0 (103990659)|HEAP_ALLOCATE|[45]|Bytes:4
16:00:10.0 (103999544)|VARIABLE_SCOPE_BEGIN|[45]|jobInfo|Map<String,ANY>|true|false
16:00:10.0 (104017914)|VARIABLE_ASSIGNMENT|[45]|jobInfo|{}|0x526e26b1
16:00:10.0 (104024073)|STATEMENT_EXECUTE|[46]
16:00:10.0 (104030157)|HEAP_ALLOCATE|[46]|Bytes:5
16:00:10.0 (104114177)|HEAP_ALLOCATE|[EXTERNAL]|Bytes:-4
16:00:10.0 (104122172)|STATEMENT_EXECUTE|[48]
16:00:10.0 (104124974)|HEAP_ALLOCATE|[48]|Bytes:10
16:00:10.0 (104157253)|HEAP_ALLOCATE|[48]|Bytes:14
16:00:10.0 (104212894)|HEAP_ALLOCATE|[48]|Bytes:15
16:00:10.0 (104226051)|HEAP_ALLOCATE|[EXTERNAL]|Bytes:-4
16:00:10.0 (104230994)|STATEMENT_EXECUTE|[50]
16:00:10.0 (104233121)|HEAP_ALLOCATE|[50]|Bytes:11
16:00:10.0 (104304299)|HEAP_ALLOCATE|[EXTERNAL]|Bytes:-4
16:00:10.0 (104310343)|STATEMENT_EXECUTE|[52]
16:00:10.0 (104312807)|HEAP_ALLOCATE|[52]|Bytes:13
16:00:10.0 (104340713)|HEAP_ALLOCATE|[EXTERNAL]|Bytes:-4
16:00:10.0 (104346177)|STATEMENT_EXECUTE|[54]
16:00:10.0 (104348187)|HEAP_ALLOCATE|[54]|Bytes:12
16:00:10.0 (104373817)|HEAP_ALLOCATE|[EXTERNAL]|Bytes:-4
16:00:10.0 (104379356)|STATEMENT_EXECUTE|[56]
16:00:10.0 (104381470)|HEAP_ALLOCATE|[56]|Bytes:11
16:00:10.0 (104465724)|HEAP_ALLOCATE|[EXTERNAL]|Bytes:-4
16:00:10.0 (104472068)|STATEMENT_EXECUTE|[58]
16:00:10.0 (104474194)|HEAP_ALLOCATE|[58]|Bytes:14
16:00:10.0 (104510876)|HEAP_ALLOCATE|[EXTERNAL]|Bytes:-4
16:00:10.0 (104516272)|STATEMENT_EXECUTE|[59]
16:00:10.0 (104537778)|HEAP_ALLOCATE|[EXTERNAL]|Bytes:4
16:00:10.0 (104556265)|HEAP_ALLOCATE|[44]|Bytes:5
16:00:10.0 (104568219)|HEAP_ALLOCATE|[44]|Bytes:24
16:00:10.0 (104576110)|VARIABLE_SCOPE_BEGIN|[44]|process|SelectionProcess__c|true|false
16:00:10.0 (104688241)|VARIABLE_ASSIGNMENT|[44]|process|{"JobPosition__c":"a0KBK00000Gexcs2AB","LastModifiedDate":"2026-03-02T05:52:31.000Z","JobPosition__r":{"JobPosition__c":"テスト401求人タイトル求人タイトル求人 (28 more) ...","WorkLocation2__c":"勤務地","LastViewedDate":"2026-04-02T11:19:39.000Z","Id":"a0KBK00000Gexcs2AB","Company__c":"001BK00000cc2ZEYAY","Company__r":{"Name":"テスト 廣川 名","Id":"001BK00000cc2ZEYAY"},"JobCategory1__c":"専門職系（コンサルタント/金融/不動産）"},"Id":"a0LBK000005sEhR2AU","LatestProcessStatus__c":"JOB打診"}|0x42bc11d2
16:00:10.0 (104703304)|STATEMENT_EXECUTE|[44]
16:00:10.0 (104704927)|STATEMENT_EXECUTE|[45]
16:00:10.0 (104713569)|HEAP_ALLOCATE|[45]|Bytes:4
16:00:10.0 (104720223)|VARIABLE_SCOPE_BEGIN|[45]|jobInfo|Map<String,ANY>|true|false
16:00:10.0 (104732267)|VARIABLE_ASSIGNMENT|[45]|jobInfo|{}|0xed1c8dc
16:00:10.0 (104737037)|STATEMENT_EXECUTE|[46]
16:00:10.0 (104762074)|HEAP_ALLOCATE|[EXTERNAL]|Bytes:-4
16:00:10.0 (104767999)|STATEMENT_EXECUTE|[48]
16:00:10.0 (104792312)|HEAP_ALLOCATE|[48]|Bytes:14
16:00:10.0 (104804558)|HEAP_ALLOCATE|[EXTERNAL]|Bytes:-4
16:00:10.0 (104809037)|STATEMENT_EXECUTE|[50]
16:00:10.0 (104818929)|HEAP_ALLOCATE|[EXTERNAL]|Bytes:-4
16:00:10.0 (104823172)|STATEMENT_EXECUTE|[52]
16:00:10.0 (104830596)|HEAP_ALLOCATE|[EXTERNAL]|Bytes:-4
16:00:10.0 (104834778)|STATEMENT_EXECUTE|[54]
16:00:10.0 (104841199)|HEAP_ALLOCATE|[EXTERNAL]|Bytes:-4
16:00:10.0 (104845292)|STATEMENT_EXECUTE|[56]
16:00:10.0 (104853856)|HEAP_ALLOCATE|[EXTERNAL]|Bytes:-4
16:00:10.0 (104858059)|STATEMENT_EXECUTE|[58]
16:00:10.0 (104868423)|HEAP_ALLOCATE|[EXTERNAL]|Bytes:-4
16:00:10.0 (104872775)|STATEMENT_EXECUTE|[59]
16:00:10.0 (104877839)|HEAP_ALLOCATE|[EXTERNAL]|Bytes:4
16:00:10.0 (104889100)|HEAP_ALLOCATE|[44]|Bytes:5
16:00:10.0 (104900885)|VARIABLE_ASSIGNMENT|[44]|process|null|
16:00:10.0 (104906445)|STATEMENT_EXECUTE|[63]
16:00:10.0 (104912499)|HEAP_ALLOCATE|[63]|Bytes:4
16:00:10.0 (104918127)|VARIABLE_SCOPE_BEGIN|[63]|result|Map<String,ANY>|true|false
16:00:10.0 (104927527)|VARIABLE_ASSIGNMENT|[63]|result|{}|0x1a481350
16:00:10.0 (104932319)|STATEMENT_EXECUTE|[64]
16:00:10.0 (104934557)|HEAP_ALLOCATE|[64]|Bytes:8
16:00:10.0 (104960933)|HEAP_ALLOCATE|[EXTERNAL]|Bytes:-4
16:00:10.0 (104966083)|STATEMENT_EXECUTE|[65]
16:00:10.0 (104968694)|HEAP_ALLOCATE|[65]|Bytes:10
16:00:10.0 (104984243)|HEAP_ALLOCATE|[65]|Bytes:4
16:00:10.0 (105010021)|HEAP_ALLOCATE|[EXTERNAL]|Bytes:-4
16:00:10.0 (105015327)|STATEMENT_EXECUTE|[66]
16:00:10.105 (105081790)|CUMULATIVE_LIMIT_USAGE
16:00:10.105 (105081790)|LIMIT_USAGE_FOR_NS|(default)|
  Number of SOQL queries: 2 out of 100
  Number of query rows: 3 out of 50000
  Number of SOSL queries: 0 out of 20
  Number of DML statements: 0 out of 0
  Number of Publish Immediate DML: 0 out of 150
  Number of DML rows: 0 out of 10000
  Maximum CPU time: 0 out of 10000
  Maximum heap size: 0 out of 6000000
  Number of callouts: 0 out of 100
  Number of Email Invocations: 0 out of 10
  Number of future calls: 0 out of 50
  Number of queueable jobs added to the queue: 0 out of 50
  Number of Mobile Apex push calls: 0 out of 10

16:00:10.105 (105081790)|CUMULATIVE_LIMIT_USAGE_END

16:00:10.0 (105113652)|CODE_UNIT_FINISHED|OfferComponentController.getOffers()
16:00:10.0 (105336033)|CODE_UNIT_FINISHED|apex://OfferComponentController/ACTION$getOffers
16:00:10.0 (105344055)|EXECUTION_FINISHED
