66.0 APEX_CODE,FINEST;APEX_PROFILING,INFO;CALLOUT,INFO;DATA_ACCESS,INFO;DB,INFO;NBA,INFO;SYSTEM,DEBUG;VALIDATION,INFO;VISUALFORCE,INFO;WAVE,INFO;WORKFLOW,INFO
15:44:20.0 (187685)|USER_INFO|[EXTERNAL]|0057F0000042UBb|ishibashi@hurex.co.jp.dev1|(GMT+09:00) 日本標準時 (Asia/Tokyo)|GMT+09:00
15:44:20.0 (216057)|EXECUTION_STARTED
15:44:20.0 (224572)|CODE_UNIT_STARTED|[EXTERNAL]|apex://JobCardsController/ACTION$getJobs
15:44:20.0 (1755124)|CODE_UNIT_STARTED|[EXTERNAL]|01pBK000001RGBP|JobCardsController.getJobs()
15:44:20.0 (2068340)|HEAP_ALLOCATE|[95]|Bytes:3
15:44:20.0 (2142525)|HEAP_ALLOCATE|[100]|Bytes:152
15:44:20.0 (2156692)|HEAP_ALLOCATE|[417]|Bytes:408
15:44:20.0 (2167480)|HEAP_ALLOCATE|[430]|Bytes:408
15:44:20.0 (2187875)|HEAP_ALLOCATE|[317]|Bytes:6
15:44:20.0 (2198263)|HEAP_ALLOCATE|[EXTERNAL]|Bytes:10
15:44:20.0 (2201953)|HEAP_ALLOCATE|[EXTERNAL]|Bytes:5
15:44:20.0 (2203821)|HEAP_ALLOCATE|[EXTERNAL]|Bytes:2
15:44:20.0 (2214426)|METHOD_ENTRY|[1]|01pBK000001RGBP|JobCardsController.JobCardsController()
15:44:20.0 (2218870)|STATEMENT_EXECUTE|[1]
15:44:20.0 (2223481)|STATEMENT_EXECUTE|[1]
15:44:20.0 (2242444)|HEAP_ALLOCATE|[68]|Bytes:5
15:44:20.0 (2266401)|HEAP_ALLOCATE|[74]|Bytes:5
15:44:20.0 (2271118)|HEAP_ALLOCATE|[82]|Bytes:7
15:44:20.0 (2421747)|HEAP_ALLOCATE|[EXTERNAL]|Bytes:5
15:44:20.0 (2425576)|STATEMENT_EXECUTE|[3]
15:44:20.0 (2435446)|METHOD_EXIT|[1]|JobCardsController
15:44:20.0 (2477235)|HEAP_ALLOCATE|[18]|Bytes:5
15:44:20.0 (2480585)|STATEMENT_EXECUTE|[17]
15:44:20.0 (2482617)|STATEMENT_EXECUTE|[18]
15:44:20.0 (2503231)|HEAP_ALLOCATE|[18]|Bytes:4
15:44:20.0 (2559299)|VARIABLE_SCOPE_BEGIN|[18]|favoriteJobIds|Set<Id>|true|false
15:44:20.0 (2628441)|VARIABLE_ASSIGNMENT|[18]|favoriteJobIds|[]|0x2b3a3923
15:44:20.0 (2635166)|HEAP_ALLOCATE|[19]|Bytes:91
15:44:20.0 (2650871)|HEAP_ALLOCATE|[19]|Bytes:4
15:44:20.0 (2658044)|HEAP_ALLOCATE|[19]|Bytes:7
15:44:20.0 (2686694)|HEAP_ALLOCATE|[21]|Bytes:105
15:44:20.0 (2692928)|SYSTEM_METHOD_ENTRY|[1]|UserInfo.UserInfo()
15:44:20.0 (2695285)|STATEMENT_EXECUTE|[1]
15:44:20.0 (2699884)|SYSTEM_METHOD_EXIT|[1]|UserInfo
15:44:20.0 (2721507)|METHOD_ENTRY|[21]||System.UserInfo.getUserId()
15:44:20.0 (4295644)|METHOD_EXIT|[21]||System.UserInfo.getUserId()
15:44:20.0 (9030838)|SOQL_EXECUTE_BEGIN|[19]|Aggregations:0|SELECT Job__c FROM InterestedJob__c WHERE (CreatedById = :tmpVar1 AND IsArchive__c = FALSE)
15:44:20.0 (22938459)|SOQL_EXECUTE_END|[19]|Rows:1
15:44:20.0 (22974619)|HEAP_ALLOCATE|[EXTERNAL]|Bytes:8
15:44:20.0 (23203659)|HEAP_ALLOCATE|[19]|Bytes:54
15:44:20.0 (23211809)|HEAP_ALLOCATE|[19]|Bytes:8
15:44:20.0 (23224958)|SYSTEM_METHOD_ENTRY|[7]|QueryLocatorIterator.QueryLocatorIterator()
15:44:20.0 (23227982)|STATEMENT_EXECUTE|[7]
15:44:20.0 (23239406)|SYSTEM_METHOD_EXIT|[7]|QueryLocatorIterator
15:44:20.0 (23247372)|HEAP_ALLOCATE|[19]|Bytes:28
15:44:20.0 (23332233)|HEAP_ALLOCATE|[19]|Bytes:8
15:44:20.0 (23340952)|HEAP_ALLOCATE|[19]|Bytes:8
15:44:20.0 (23342688)|HEAP_ALLOCATE|[19]|Bytes:8
15:44:20.0 (23348248)|VARIABLE_SCOPE_BEGIN|[15]|this|Database.QueryLocatorIterator|true|false
15:44:20.0 (23390547)|VARIABLE_ASSIGNMENT|[15]|this|{}|0x322b6f5
15:44:20.0 (23395133)|VARIABLE_SCOPE_BEGIN|[15]|values|List<SObject>|true|false
15:44:20.0 (23477724)|VARIABLE_ASSIGNMENT|[15]|values|[{"Job__c":"a0KBK00000Gexcs2AB","Id":"a0OBK000004najC2AQ"}]|0x4e37e58d
15:44:20.0 (23481349)|VARIABLE_SCOPE_BEGIN|[15]|ql|Database.QueryLocator|true|false
15:44:20.0 (23500069)|VARIABLE_ASSIGNMENT|[15]|ql|{"query":"SELECT Job__c FROM I (71 more) ..."}|0x2f76a866
15:44:20.0 (23503122)|VARIABLE_SCOPE_BEGIN|[15]|totalNumRecords|Integer|false|false
15:44:20.0 (23509735)|VARIABLE_ASSIGNMENT|[15]|totalNumRecords|1
15:44:20.0 (23512867)|VARIABLE_SCOPE_BEGIN|[15]|queryMoreSize|Integer|false|false
15:44:20.0 (23517018)|VARIABLE_ASSIGNMENT|[15]|queryMoreSize|49999
15:44:20.0 (23584842)|HEAP_ALLOCATE|[19]|Bytes:28
15:44:20.0 (23607584)|METHOD_ENTRY|[19]||Database.QueryLocatorIterator.hasNext()
15:44:20.0 (23696814)|METHOD_EXIT|[19]||Database.QueryLocatorIterator.hasNext()
15:44:20.0 (23702508)|METHOD_ENTRY|[19]||Database.QueryLocatorIterator.next()
15:44:20.0 (23755922)|METHOD_EXIT|[19]||Database.QueryLocatorIterator.next()
15:44:20.0 (23760960)|VARIABLE_SCOPE_BEGIN|[19]|fav|InterestedJob__c|true|false
15:44:20.0 (23789785)|VARIABLE_ASSIGNMENT|[19]|fav|{"Job__c":"a0KBK00000Gexcs2AB","Id":"a0OBK000004najC2AQ"}|0x744f54e
15:44:20.0 (23794520)|STATEMENT_EXECUTE|[22]
15:44:20.0 (23795609)|STATEMENT_EXECUTE|[23]
15:44:20.0 (23852433)|HEAP_ALLOCATE|[EXTERNAL]|Bytes:4
15:44:20.0 (23859686)|METHOD_ENTRY|[19]||Database.QueryLocatorIterator.hasNext()
15:44:20.0 (23867144)|METHOD_EXIT|[19]||Database.QueryLocatorIterator.hasNext()
15:44:20.0 (23871574)|VARIABLE_ASSIGNMENT|[19]|fav|null|
15:44:20.0 (23891499)|STATEMENT_EXECUTE|[26]
15:44:20.0 (23894151)|HEAP_ALLOCATE|[26]|Bytes:217
15:44:20.0 (23911708)|HEAP_ALLOCATE|[26]|Bytes:4
15:44:20.0 (35788108)|SOQL_EXECUTE_BEGIN|[26]|Aggregations:0|SELECT Id, JobPosition__c, WorkLocation2__c, JobCategory1__c, MaxAnnualSalary__c, MinAnnualSalary__c, JobDescription__c, LastModifiedDate, LastViewedDate FROM Job__c ORDER BY LastModifiedDate DESC NULLS FIRST LIMIT 10
15:44:20.0 (72617901)|SOQL_EXECUTE_END|[26]|Rows:10
15:44:20.0 (72671650)|HEAP_ALLOCATE|[26]|Bytes:44
15:44:20.0 (72700830)|HEAP_ALLOCATE|[26]|Bytes:4133
15:44:20.0 (72852210)|HEAP_ALLOCATE|[26]|Bytes:44
15:44:20.0 (72893892)|VARIABLE_SCOPE_BEGIN|[26]|jobs|List<Job__c>|true|false
15:44:20.0 (72927701)|VARIABLE_ASSIGNMENT|[26]|jobs|"List of size 10 too large to display"|0x482f11e9
15:44:20.0 (72933574)|STATEMENT_EXECUTE|[35]
15:44:20.0 (72946186)|HEAP_ALLOCATE|[35]|Bytes:4
15:44:20.0 (73046340)|VARIABLE_SCOPE_BEGIN|[35]|result|List<JobCardsController.JobWrapper>|true|false
15:44:20.0 (73080184)|HEAP_ALLOCATE|[EXTERNAL]|Bytes:4
15:44:20.0 (73091699)|VARIABLE_ASSIGNMENT|[35]|result|[]|0x431e0a34
15:44:20.0 (73241032)|HEAP_ALLOCATE|[36]|Bytes:5
15:44:20.0 (73264982)|HEAP_ALLOCATE|[36]|Bytes:40
15:44:20.0 (73271678)|VARIABLE_SCOPE_BEGIN|[36]|j|Job__c|true|false
15:44:20.0 (73398866)|VARIABLE_ASSIGNMENT|[36]|j|{"LastModifiedDate":"2026-03-17T03:14:00.000Z","JobPosition__c":"テスト401求人タイトル求人タイトル求人 (28 more) ...","WorkLocation2__c":"111","LastViewedDate":"2026-03-17T06:21:59.000Z","Id":"a0KBK00000Gexcs2AB","MinAnnualSalary__c":450,"JobDescription__c":"テスト401仕事内容仕事内容仕事内容仕事 (30 more) ...","JobCategory1__c":"専門職系（コンサルタント/金融/不動産）","MaxAnnualSalary__c":600}|0xc0dadd4
15:44:20.0 (73409300)|STATEMENT_EXECUTE|[36]
15:44:20.0 (73410676)|STATEMENT_EXECUTE|[37]
15:44:20.0 (73468274)|HEAP_ALLOCATE|[37]|Bytes:44
15:44:20.0 (73505361)|CONSTRUCTOR_ENTRY|[37]|01pBK000001RGBP|<init>()|JobCardsController.JobWrapper
15:44:20.0 (73535501)|VARIABLE_SCOPE_BEGIN|[3]|this|JobCardsController.JobWrapper|true|false
15:44:20.0 (73644347)|VARIABLE_ASSIGNMENT|[3]|this|{}|0x7d6ca036
15:44:20.0 (73668255)|STATEMENT_EXECUTE|[3]
15:44:20.0 (73669583)|STATEMENT_EXECUTE|[4]
15:44:20.0 (73670972)|STATEMENT_EXECUTE|[5]
15:44:20.0 (73671983)|STATEMENT_EXECUTE|[6]
15:44:20.0 (73673012)|STATEMENT_EXECUTE|[7]
15:44:20.0 (73673765)|STATEMENT_EXECUTE|[8]
15:44:20.0 (73687911)|STATEMENT_EXECUTE|[9]
15:44:20.0 (73688982)|STATEMENT_EXECUTE|[10]
15:44:20.0 (73690055)|STATEMENT_EXECUTE|[11]
15:44:20.0 (73691079)|STATEMENT_EXECUTE|[12]
15:44:20.0 (73691998)|STATEMENT_EXECUTE|[13]
15:44:20.0 (73695258)|CONSTRUCTOR_EXIT|[37]|01pBK000001RGBP|<init>()|JobCardsController.JobWrapper
15:44:20.0 (73699141)|VARIABLE_SCOPE_BEGIN|[37]|wrapper|JobCardsController.JobWrapper|true|false
15:44:20.0 (73709626)|VARIABLE_ASSIGNMENT|[37]|wrapper|{}|0x7d6ca036
15:44:20.0 (73712183)|STATEMENT_EXECUTE|[38]
15:44:20.0 (73957571)|VARIABLE_ASSIGNMENT|[38]|this.Id|"a0KBK00000Gexcs2AB"|0x7d6ca036
15:44:20.0 (73964960)|STATEMENT_EXECUTE|[39]
15:44:20.0 (73993177)|VARIABLE_ASSIGNMENT|[39]|this.JobPosition|"テスト401求人タイトル求人タイトル求人 (28 more) ..."|0x7d6ca036
15:44:20.0 (73999022)|STATEMENT_EXECUTE|[40]
15:44:20.0 (74009710)|VARIABLE_ASSIGNMENT|[40]|this.WorkLocation2|"111"|0x7d6ca036
15:44:20.0 (74014622)|STATEMENT_EXECUTE|[41]
15:44:20.0 (74024142)|VARIABLE_ASSIGNMENT|[41]|this.JobCategory1|"専門職系（コンサルタント/金融/不動産）"|0x7d6ca036
15:44:20.0 (74028388)|STATEMENT_EXECUTE|[42]
15:44:20.0 (74058715)|VARIABLE_ASSIGNMENT|[42]|this.MaxAnnualSalary|600|0x7d6ca036
15:44:20.0 (74062521)|STATEMENT_EXECUTE|[43]
15:44:20.0 (74071687)|VARIABLE_ASSIGNMENT|[43]|this.MinAnnualSalary|450|0x7d6ca036
15:44:20.0 (74075034)|STATEMENT_EXECUTE|[44]
15:44:20.0 (74085066)|VARIABLE_ASSIGNMENT|[44]|this.JobDescription|"テスト401仕事内容仕事内容仕事内容仕事 (30 more) ..."|0x7d6ca036
15:44:20.0 (74089554)|STATEMENT_EXECUTE|[45]
15:44:20.0 (74156671)|VARIABLE_ASSIGNMENT|[45]|this.LastModifiedDate|"2026-03-17T03:14:00.000Z"|0x7d6ca036
15:44:20.0 (74160975)|STATEMENT_EXECUTE|[46]
15:44:20.0 (74182044)|VARIABLE_ASSIGNMENT|[46]|this.LastViewedDate|"2026-03-17T06:21:59.000Z"|0x7d6ca036
15:44:20.0 (74185933)|STATEMENT_EXECUTE|[47]
15:44:20.0 (74249159)|HEAP_ALLOCATE|[47]|Bytes:5
15:44:20.0 (74256780)|VARIABLE_ASSIGNMENT|[47]|this.IsFavorite|true|0x7d6ca036
15:44:20.0 (74260330)|STATEMENT_EXECUTE|[48]
15:44:20.0 (74282955)|HEAP_ALLOCATE|[EXTERNAL]|Bytes:4
15:44:20.0 (74300862)|HEAP_ALLOCATE|[36]|Bytes:5
15:44:20.0 (74351023)|HEAP_ALLOCATE|[36]|Bytes:40
15:44:20.0 (74361317)|VARIABLE_SCOPE_BEGIN|[36]|j|Job__c|true|false
15:44:20.0 (74624104)|VARIABLE_ASSIGNMENT|[36]|j|{"LastModifiedDate":"2026-03-12T20:14:16.000Z","JobPosition__c":"新潟市(新潟) 法人ルート営業・業界シェ (74 more) ...","WorkLocation2__c":"新潟県新潟市（転勤なし／車通勤可）","LastViewedDate":"2026-03-17T05:54:42.000Z","Id":"a0KBK00000GezgQ2AR","MinAnnualSalary__c":350,"JobDescription__c":"自社開発製造の給配水機器とその関連製品の (25 more) ...","JobCategory1__c":"経営幹部/企画/マーケティング系","MaxAnnualSalary__c":550}|0x9fcfe80
15:44:20.0 (74636627)|STATEMENT_EXECUTE|[36]
15:44:20.0 (74637947)|STATEMENT_EXECUTE|[37]
15:44:20.0 (74643000)|HEAP_ALLOCATE|[37]|Bytes:44
15:44:20.0 (74650127)|CONSTRUCTOR_ENTRY|[37]|01pBK000001RGBP|<init>()|JobCardsController.JobWrapper
15:44:20.0 (74657280)|VARIABLE_SCOPE_BEGIN|[3]|this|JobCardsController.JobWrapper|true|false
15:44:20.0 (74683923)|VARIABLE_ASSIGNMENT|[3]|this|{}|0x4ab6d6d7
15:44:20.0 (74701845)|STATEMENT_EXECUTE|[3]
15:44:20.0 (74703150)|STATEMENT_EXECUTE|[4]
15:44:20.0 (74704317)|STATEMENT_EXECUTE|[5]
15:44:20.0 (74705345)|STATEMENT_EXECUTE|[6]
15:44:20.0 (74706437)|STATEMENT_EXECUTE|[7]
15:44:20.0 (74725526)|STATEMENT_EXECUTE|[8]
15:44:20.0 (74726714)|STATEMENT_EXECUTE|[9]
15:44:20.0 (74727783)|STATEMENT_EXECUTE|[10]
15:44:20.0 (74728839)|STATEMENT_EXECUTE|[11]
15:44:20.0 (74730073)|STATEMENT_EXECUTE|[12]
15:44:20.0 (74731224)|STATEMENT_EXECUTE|[13]
15:44:20.0 (74734814)|CONSTRUCTOR_EXIT|[37]|01pBK000001RGBP|<init>()|JobCardsController.JobWrapper
15:44:20.0 (74739543)|VARIABLE_SCOPE_BEGIN|[37]|wrapper|JobCardsController.JobWrapper|true|false
15:44:20.0 (74751618)|VARIABLE_ASSIGNMENT|[37]|wrapper|{}|0x4ab6d6d7
15:44:20.0 (74755273)|STATEMENT_EXECUTE|[38]
15:44:20.0 (74863317)|VARIABLE_ASSIGNMENT|[38]|this.Id|"a0KBK00000GezgQ2AR"|0x4ab6d6d7
15:44:20.0 (74868382)|STATEMENT_EXECUTE|[39]
15:44:20.0 (74876885)|VARIABLE_ASSIGNMENT|[39]|this.JobPosition|"新潟市(新潟) 法人ルート営業・業界シェ (74 more) ..."|0x4ab6d6d7
15:44:20.0 (74881571)|STATEMENT_EXECUTE|[40]
15:44:20.0 (74887453)|VARIABLE_ASSIGNMENT|[40]|this.WorkLocation2|"新潟県新潟市（転勤なし／車通勤可）"|0x4ab6d6d7
15:44:20.0 (74891518)|STATEMENT_EXECUTE|[41]
15:44:20.0 (74896545)|VARIABLE_ASSIGNMENT|[41]|this.JobCategory1|"経営幹部/企画/マーケティング系"|0x4ab6d6d7
15:44:20.0 (74900673)|STATEMENT_EXECUTE|[42]
15:44:20.0 (74911190)|VARIABLE_ASSIGNMENT|[42]|this.MaxAnnualSalary|550|0x4ab6d6d7
15:44:20.0 (74914684)|STATEMENT_EXECUTE|[43]
15:44:20.0 (74919989)|VARIABLE_ASSIGNMENT|[43]|this.MinAnnualSalary|350|0x4ab6d6d7
15:44:20.0 (74923218)|STATEMENT_EXECUTE|[44]
15:44:20.0 (74928884)|VARIABLE_ASSIGNMENT|[44]|this.JobDescription|"自社開発製造の給配水機器とその関連製品の (25 more) ..."|0x4ab6d6d7
15:44:20.0 (74932910)|STATEMENT_EXECUTE|[45]
15:44:20.0 (74948693)|VARIABLE_ASSIGNMENT|[45]|this.LastModifiedDate|"2026-03-12T20:14:16.000Z"|0x4ab6d6d7
15:44:20.0 (74952338)|STATEMENT_EXECUTE|[46]
15:44:20.0 (74960320)|VARIABLE_ASSIGNMENT|[46]|this.LastViewedDate|"2026-03-17T05:54:42.000Z"|0x4ab6d6d7
15:44:20.0 (74963690)|STATEMENT_EXECUTE|[47]
15:44:20.0 (74978106)|HEAP_ALLOCATE|[47]|Bytes:5
15:44:20.0 (74983390)|VARIABLE_ASSIGNMENT|[47]|this.IsFavorite|false|0x4ab6d6d7
15:44:20.0 (74986894)|STATEMENT_EXECUTE|[48]
15:44:20.0 (74994144)|HEAP_ALLOCATE|[EXTERNAL]|Bytes:4
15:44:20.0 (75004645)|HEAP_ALLOCATE|[36]|Bytes:5
15:44:20.0 (75015754)|HEAP_ALLOCATE|[36]|Bytes:36
15:44:20.0 (75021284)|VARIABLE_SCOPE_BEGIN|[36]|j|Job__c|true|false
15:44:20.0 (75088930)|VARIABLE_ASSIGNMENT|[36]|j|{"LastModifiedDate":"2026-03-12T05:33:30.000Z","JobPosition__c":"テスト424求人タイトル求人タイトル求人 (28 more) ...","LastViewedDate":"2026-03-17T03:03:54.000Z","Id":"a0KBK00000GexdF2AR","MinAnnualSalary__c":250,"JobDescription__c":"テスト424仕事内容仕事内容仕事内容仕事 (30 more) ...","JobCategory1__c":"技術系（電気/電子/機械）","MaxAnnualSalary__c":350}|0x5ff63f65
15:44:20.0 (75096299)|STATEMENT_EXECUTE|[36]
15:44:20.0 (75097097)|STATEMENT_EXECUTE|[37]
15:44:20.0 (75099278)|HEAP_ALLOCATE|[37]|Bytes:44
15:44:20.0 (75102730)|CONSTRUCTOR_ENTRY|[37]|01pBK000001RGBP|<init>()|JobCardsController.JobWrapper
15:44:20.0 (75106403)|VARIABLE_SCOPE_BEGIN|[3]|this|JobCardsController.JobWrapper|true|false
15:44:20.0 (75139024)|VARIABLE_ASSIGNMENT|[3]|this|{}|0x4fb4d0a2
15:44:20.0 (75148682)|STATEMENT_EXECUTE|[3]
15:44:20.0 (75149629)|STATEMENT_EXECUTE|[4]
15:44:20.0 (75150454)|STATEMENT_EXECUTE|[5]
15:44:20.0 (75151303)|STATEMENT_EXECUTE|[6]
15:44:20.0 (75152108)|STATEMENT_EXECUTE|[7]
15:44:20.0 (75152883)|STATEMENT_EXECUTE|[8]
15:44:20.0 (75153638)|STATEMENT_EXECUTE|[9]
15:44:20.0 (75154432)|STATEMENT_EXECUTE|[10]
15:44:20.0 (75155264)|STATEMENT_EXECUTE|[11]
15:44:20.0 (75156043)|STATEMENT_EXECUTE|[12]
15:44:20.0 (75156783)|STATEMENT_EXECUTE|[13]
15:44:20.0 (75158638)|CONSTRUCTOR_EXIT|[37]|01pBK000001RGBP|<init>()|JobCardsController.JobWrapper
15:44:20.0 (75161587)|VARIABLE_SCOPE_BEGIN|[37]|wrapper|JobCardsController.JobWrapper|true|false
15:44:20.0 (75168549)|VARIABLE_ASSIGNMENT|[37]|wrapper|{}|0x4fb4d0a2
15:44:20.0 (75171061)|STATEMENT_EXECUTE|[38]
15:44:20.0 (75212003)|VARIABLE_ASSIGNMENT|[38]|this.Id|"a0KBK00000GexdF2AR"|0x4fb4d0a2
15:44:20.0 (75214877)|STATEMENT_EXECUTE|[39]
15:44:20.0 (75219963)|VARIABLE_ASSIGNMENT|[39]|this.JobPosition|"テスト424求人タイトル求人タイトル求人 (28 more) ..."|0x4fb4d0a2
15:44:20.0 (75222959)|STATEMENT_EXECUTE|[40]
15:44:20.0 (75226978)|VARIABLE_ASSIGNMENT|[40]|this.WorkLocation2|null|0x4fb4d0a2
15:44:20.0 (75229290)|STATEMENT_EXECUTE|[41]
15:44:20.0 (75232740)|VARIABLE_ASSIGNMENT|[41]|this.JobCategory1|"技術系（電気/電子/機械）"|0x4fb4d0a2
15:44:20.0 (75235678)|STATEMENT_EXECUTE|[42]
15:44:20.0 (75241069)|VARIABLE_ASSIGNMENT|[42]|this.MaxAnnualSalary|350|0x4fb4d0a2
15:44:20.0 (75243688)|STATEMENT_EXECUTE|[43]
15:44:20.0 (75247242)|VARIABLE_ASSIGNMENT|[43]|this.MinAnnualSalary|250|0x4fb4d0a2
15:44:20.0 (75249679)|STATEMENT_EXECUTE|[44]
15:44:20.0 (75253355)|VARIABLE_ASSIGNMENT|[44]|this.JobDescription|"テスト424仕事内容仕事内容仕事内容仕事 (30 more) ..."|0x4fb4d0a2
15:44:20.0 (75256148)|STATEMENT_EXECUTE|[45]
15:44:20.0 (75272013)|VARIABLE_ASSIGNMENT|[45]|this.LastModifiedDate|"2026-03-12T05:33:30.000Z"|0x4fb4d0a2
15:44:20.0 (75288843)|STATEMENT_EXECUTE|[46]
15:44:20.0 (75294863)|VARIABLE_ASSIGNMENT|[46]|this.LastViewedDate|"2026-03-17T03:03:54.000Z"|0x4fb4d0a2
15:44:20.0 (75297203)|STATEMENT_EXECUTE|[47]
15:44:20.0 (75305922)|HEAP_ALLOCATE|[47]|Bytes:5
15:44:20.0 (75309542)|VARIABLE_ASSIGNMENT|[47]|this.IsFavorite|false|0x4fb4d0a2
15:44:20.0 (75311916)|STATEMENT_EXECUTE|[48]
15:44:20.0 (75316064)|HEAP_ALLOCATE|[EXTERNAL]|Bytes:4
15:44:20.0 (75323182)|HEAP_ALLOCATE|[36]|Bytes:5
15:44:20.0 (75329652)|HEAP_ALLOCATE|[36]|Bytes:32
15:44:20.0 (75333177)|VARIABLE_SCOPE_BEGIN|[36]|j|Job__c|true|false
15:44:20.0 (75389482)|VARIABLE_ASSIGNMENT|[36]|j|{"LastModifiedDate":"2026-03-09T05:51:50.000Z","JobPosition__c":"テスト403求人タイトル求人タイトル求人 (28 more) ...","Id":"a0KBK00000Gexcu2AB","MinAnnualSalary__c":900,"JobDescription__c":"テスト403仕事内容仕事内容仕事内容仕事 (30 more) ...","JobCategory1__c":"営業系","MaxAnnualSalary__c":600}|0x421bc640
15:44:20.0 (75395850)|STATEMENT_EXECUTE|[36]
15:44:20.0 (75396737)|STATEMENT_EXECUTE|[37]
15:44:20.0 (75398589)|HEAP_ALLOCATE|[37]|Bytes:44
15:44:20.0 (75401613)|CONSTRUCTOR_ENTRY|[37]|01pBK000001RGBP|<init>()|JobCardsController.JobWrapper
15:44:20.0 (75404756)|VARIABLE_SCOPE_BEGIN|[3]|this|JobCardsController.JobWrapper|true|false
15:44:20.0 (75415158)|VARIABLE_ASSIGNMENT|[3]|this|{}|0x5741b472
15:44:20.0 (75422592)|STATEMENT_EXECUTE|[3]
15:44:20.0 (75423438)|STATEMENT_EXECUTE|[4]
15:44:20.0 (75424248)|STATEMENT_EXECUTE|[5]
15:44:20.0 (75425016)|STATEMENT_EXECUTE|[6]
15:44:20.0 (75425796)|STATEMENT_EXECUTE|[7]
15:44:20.0 (75426554)|STATEMENT_EXECUTE|[8]
15:44:20.0 (75427342)|STATEMENT_EXECUTE|[9]
15:44:20.0 (75428101)|STATEMENT_EXECUTE|[10]
15:44:20.0 (75428867)|STATEMENT_EXECUTE|[11]
15:44:20.0 (75429661)|STATEMENT_EXECUTE|[12]
15:44:20.0 (75430451)|STATEMENT_EXECUTE|[13]
15:44:20.0 (75432048)|CONSTRUCTOR_EXIT|[37]|01pBK000001RGBP|<init>()|JobCardsController.JobWrapper
15:44:20.0 (75434876)|VARIABLE_SCOPE_BEGIN|[37]|wrapper|JobCardsController.JobWrapper|true|false
15:44:20.0 (75441696)|VARIABLE_ASSIGNMENT|[37]|wrapper|{}|0x5741b472
15:44:20.0 (75444192)|STATEMENT_EXECUTE|[38]
15:44:20.0 (75475689)|VARIABLE_ASSIGNMENT|[38]|this.Id|"a0KBK00000Gexcu2AB"|0x5741b472
15:44:20.0 (75478338)|STATEMENT_EXECUTE|[39]
15:44:20.0 (75483043)|VARIABLE_ASSIGNMENT|[39]|this.JobPosition|"テスト403求人タイトル求人タイトル求人 (28 more) ..."|0x5741b472
15:44:20.0 (75501098)|STATEMENT_EXECUTE|[40]
15:44:20.0 (75505411)|VARIABLE_ASSIGNMENT|[40]|this.WorkLocation2|null|0x5741b472
15:44:20.0 (75507878)|STATEMENT_EXECUTE|[41]
15:44:20.0 (75511087)|VARIABLE_ASSIGNMENT|[41]|this.JobCategory1|"営業系"|0x5741b472
15:44:20.0 (75513778)|STATEMENT_EXECUTE|[42]
15:44:20.0 (75518758)|VARIABLE_ASSIGNMENT|[42]|this.MaxAnnualSalary|600|0x5741b472
15:44:20.0 (75521223)|STATEMENT_EXECUTE|[43]
15:44:20.0 (75524521)|VARIABLE_ASSIGNMENT|[43]|this.MinAnnualSalary|900|0x5741b472
15:44:20.0 (75526750)|STATEMENT_EXECUTE|[44]
15:44:20.0 (75530231)|VARIABLE_ASSIGNMENT|[44]|this.JobDescription|"テスト403仕事内容仕事内容仕事内容仕事 (30 more) ..."|0x5741b472
15:44:20.0 (75533195)|STATEMENT_EXECUTE|[45]
15:44:20.0 (75540716)|VARIABLE_ASSIGNMENT|[45]|this.LastModifiedDate|"2026-03-09T05:51:50.000Z"|0x5741b472
15:44:20.0 (75543144)|STATEMENT_EXECUTE|[46]
15:44:20.0 (75545847)|VARIABLE_ASSIGNMENT|[46]|this.LastViewedDate|null|0x5741b472
15:44:20.0 (75548163)|STATEMENT_EXECUTE|[47]
15:44:20.0 (75555761)|HEAP_ALLOCATE|[47]|Bytes:5
15:44:20.0 (75559053)|VARIABLE_ASSIGNMENT|[47]|this.IsFavorite|false|0x5741b472
15:44:20.0 (75561473)|STATEMENT_EXECUTE|[48]
15:44:20.0 (75564917)|HEAP_ALLOCATE|[EXTERNAL]|Bytes:4
15:44:20.0 (75571248)|HEAP_ALLOCATE|[36]|Bytes:5
15:44:20.0 (75576550)|HEAP_ALLOCATE|[36]|Bytes:32
15:44:20.0 (75579560)|VARIABLE_SCOPE_BEGIN|[36]|j|Job__c|true|false
15:44:20.0 (75611923)|VARIABLE_ASSIGNMENT|[36]|j|{"LastModifiedDate":"2026-03-09T05:51:49.000Z","JobPosition__c":"テスト402求人タイトル求人タイトル求人 (28 more) ...","Id":"a0KBK00000Gexct2AB","MinAnnualSalary__c":500,"JobDescription__c":"テスト402仕事内容仕事内容仕事内容仕事 (30 more) ...","JobCategory1__c":"営業系","MaxAnnualSalary__c":400}|0x2319b0da
15:44:20.0 (75617734)|STATEMENT_EXECUTE|[36]
15:44:20.0 (75618551)|STATEMENT_EXECUTE|[37]
15:44:20.0 (75620157)|HEAP_ALLOCATE|[37]|Bytes:44
15:44:20.0 (75622839)|CONSTRUCTOR_ENTRY|[37]|01pBK000001RGBP|<init>()|JobCardsController.JobWrapper
15:44:20.0 (75625905)|VARIABLE_SCOPE_BEGIN|[3]|this|JobCardsController.JobWrapper|true|false
15:44:20.0 (75634663)|VARIABLE_ASSIGNMENT|[3]|this|{}|0x4f5636e3
15:44:20.0 (75641391)|STATEMENT_EXECUTE|[3]
15:44:20.0 (75642307)|STATEMENT_EXECUTE|[4]
15:44:20.0 (75643128)|STATEMENT_EXECUTE|[5]
15:44:20.0 (75643909)|STATEMENT_EXECUTE|[6]
15:44:20.0 (75644693)|STATEMENT_EXECUTE|[7]
15:44:20.0 (75645539)|STATEMENT_EXECUTE|[8]
15:44:20.0 (75646403)|STATEMENT_EXECUTE|[9]
15:44:20.0 (75647203)|STATEMENT_EXECUTE|[10]
15:44:20.0 (75647997)|STATEMENT_EXECUTE|[11]
15:44:20.0 (75648769)|STATEMENT_EXECUTE|[12]
15:44:20.0 (75649527)|STATEMENT_EXECUTE|[13]
15:44:20.0 (75650861)|CONSTRUCTOR_EXIT|[37]|01pBK000001RGBP|<init>()|JobCardsController.JobWrapper
15:44:20.0 (75653562)|VARIABLE_SCOPE_BEGIN|[37]|wrapper|JobCardsController.JobWrapper|true|false
15:44:20.0 (75659942)|VARIABLE_ASSIGNMENT|[37]|wrapper|{}|0x4f5636e3
15:44:20.0 (75662322)|STATEMENT_EXECUTE|[38]
15:44:20.0 (75690087)|VARIABLE_ASSIGNMENT|[38]|this.Id|"a0KBK00000Gexct2AB"|0x4f5636e3
15:44:20.0 (75692958)|STATEMENT_EXECUTE|[39]
15:44:20.0 (75697517)|VARIABLE_ASSIGNMENT|[39]|this.JobPosition|"テスト402求人タイトル求人タイトル求人 (28 more) ..."|0x4f5636e3
15:44:20.0 (75700412)|STATEMENT_EXECUTE|[40]
15:44:20.0 (75703086)|VARIABLE_ASSIGNMENT|[40]|this.WorkLocation2|null|0x4f5636e3
15:44:20.0 (75705337)|STATEMENT_EXECUTE|[41]
15:44:20.0 (75708297)|VARIABLE_ASSIGNMENT|[41]|this.JobCategory1|"営業系"|0x4f5636e3
15:44:20.0 (75710798)|STATEMENT_EXECUTE|[42]
15:44:20.0 (75715127)|VARIABLE_ASSIGNMENT|[42]|this.MaxAnnualSalary|400|0x4f5636e3
15:44:20.0 (75717459)|STATEMENT_EXECUTE|[43]
15:44:20.0 (75720795)|VARIABLE_ASSIGNMENT|[43]|this.MinAnnualSalary|500|0x4f5636e3
15:44:20.0 (75723022)|STATEMENT_EXECUTE|[44]
15:44:20.0 (75726428)|VARIABLE_ASSIGNMENT|[44]|this.JobDescription|"テスト402仕事内容仕事内容仕事内容仕事 (30 more) ..."|0x4f5636e3
15:44:20.0 (75729436)|STATEMENT_EXECUTE|[45]
15:44:20.0 (75736669)|VARIABLE_ASSIGNMENT|[45]|this.LastModifiedDate|"2026-03-09T05:51:49.000Z"|0x4f5636e3
15:44:20.0 (75739104)|STATEMENT_EXECUTE|[46]
15:44:20.0 (75741711)|VARIABLE_ASSIGNMENT|[46]|this.LastViewedDate|null|0x4f5636e3
15:44:20.0 (75743908)|STATEMENT_EXECUTE|[47]
15:44:20.0 (75749953)|HEAP_ALLOCATE|[47]|Bytes:5
15:44:20.0 (75753184)|VARIABLE_ASSIGNMENT|[47]|this.IsFavorite|false|0x4f5636e3
15:44:20.0 (75755458)|STATEMENT_EXECUTE|[48]
15:44:20.0 (75758455)|HEAP_ALLOCATE|[EXTERNAL]|Bytes:4
15:44:20.0 (75764056)|HEAP_ALLOCATE|[36]|Bytes:5
15:44:20.0 (75768514)|HEAP_ALLOCATE|[36]|Bytes:40
15:44:20.0 (75771101)|VARIABLE_SCOPE_BEGIN|[36]|j|Job__c|true|false
15:44:20.0 (75806471)|VARIABLE_ASSIGNMENT|[36]|j|{"LastModifiedDate":"2026-03-06T01:15:09.000Z","JobPosition__c":"千代田区(東京) 設備積算・大手サブコン (18 more) ...","WorkLocation2__c":"東京都千代田区","LastViewedDate":"2026-03-17T05:57:19.000Z","Id":"a0KBK00000GezgH2AR","MinAnnualSalary__c":400,"JobDescription__c":"事務所ビルや商業施設、工場など、多様な建 (105 more) ...","JobCategory1__c":"営業系","MaxAnnualSalary__c":650}|0x4d7f52c7
15:44:20.0 (75812801)|STATEMENT_EXECUTE|[36]
15:44:20.0 (75813607)|STATEMENT_EXECUTE|[37]
15:44:20.0 (75815076)|HEAP_ALLOCATE|[37]|Bytes:44
15:44:20.0 (75817716)|CONSTRUCTOR_ENTRY|[37]|01pBK000001RGBP|<init>()|JobCardsController.JobWrapper
15:44:20.0 (75820695)|VARIABLE_SCOPE_BEGIN|[3]|this|JobCardsController.JobWrapper|true|false
15:44:20.0 (75828809)|VARIABLE_ASSIGNMENT|[3]|this|{}|0x332a51b0
15:44:20.0 (75834986)|STATEMENT_EXECUTE|[3]
15:44:20.0 (75835836)|STATEMENT_EXECUTE|[4]
15:44:20.0 (75836655)|STATEMENT_EXECUTE|[5]
15:44:20.0 (75837474)|STATEMENT_EXECUTE|[6]
15:44:20.0 (75838286)|STATEMENT_EXECUTE|[7]
15:44:20.0 (75839065)|STATEMENT_EXECUTE|[8]
15:44:20.0 (75839811)|STATEMENT_EXECUTE|[9]
15:44:20.0 (75840666)|STATEMENT_EXECUTE|[10]
15:44:20.0 (75841443)|STATEMENT_EXECUTE|[11]
15:44:20.0 (75842220)|STATEMENT_EXECUTE|[12]
15:44:20.0 (75843036)|STATEMENT_EXECUTE|[13]
15:44:20.0 (75844571)|CONSTRUCTOR_EXIT|[37]|01pBK000001RGBP|<init>()|JobCardsController.JobWrapper
15:44:20.0 (75847306)|VARIABLE_SCOPE_BEGIN|[37]|wrapper|JobCardsController.JobWrapper|true|false
15:44:20.0 (75853725)|VARIABLE_ASSIGNMENT|[37]|wrapper|{}|0x332a51b0
15:44:20.0 (75856060)|STATEMENT_EXECUTE|[38]
15:44:20.0 (75879773)|VARIABLE_ASSIGNMENT|[38]|this.Id|"a0KBK00000GezgH2AR"|0x332a51b0
15:44:20.0 (75882377)|STATEMENT_EXECUTE|[39]
15:44:20.0 (75887019)|VARIABLE_ASSIGNMENT|[39]|this.JobPosition|"千代田区(東京) 設備積算・大手サブコン (18 more) ..."|0x332a51b0
15:44:20.0 (75890084)|STATEMENT_EXECUTE|[40]
15:44:20.0 (75893395)|VARIABLE_ASSIGNMENT|[40]|this.WorkLocation2|"東京都千代田区"|0x332a51b0
15:44:20.0 (75901722)|STATEMENT_EXECUTE|[41]
15:44:20.0 (75905000)|VARIABLE_ASSIGNMENT|[41]|this.JobCategory1|"営業系"|0x332a51b0
15:44:20.0 (75907502)|STATEMENT_EXECUTE|[42]
15:44:20.0 (75911672)|VARIABLE_ASSIGNMENT|[42]|this.MaxAnnualSalary|650|0x332a51b0
15:44:20.0 (75913946)|STATEMENT_EXECUTE|[43]
15:44:20.0 (75917397)|VARIABLE_ASSIGNMENT|[43]|this.MinAnnualSalary|400|0x332a51b0
15:44:20.0 (75919737)|STATEMENT_EXECUTE|[44]
15:44:20.0 (75923381)|VARIABLE_ASSIGNMENT|[44]|this.JobDescription|"事務所ビルや商業施設、工場など、多様な建 (105 more) ..."|0x332a51b0
15:44:20.0 (75926410)|STATEMENT_EXECUTE|[45]
15:44:20.0 (75933321)|VARIABLE_ASSIGNMENT|[45]|this.LastModifiedDate|"2026-03-06T01:15:09.000Z"|0x332a51b0
15:44:20.0 (75935751)|STATEMENT_EXECUTE|[46]
15:44:20.0 (75940748)|VARIABLE_ASSIGNMENT|[46]|this.LastViewedDate|"2026-03-17T05:57:19.000Z"|0x332a51b0
15:44:20.0 (75943246)|STATEMENT_EXECUTE|[47]
15:44:20.0 (75949945)|HEAP_ALLOCATE|[47]|Bytes:5
15:44:20.0 (75953197)|VARIABLE_ASSIGNMENT|[47]|this.IsFavorite|false|0x332a51b0
15:44:20.0 (75955613)|STATEMENT_EXECUTE|[48]
15:44:20.0 (75958616)|HEAP_ALLOCATE|[EXTERNAL]|Bytes:4
15:44:20.0 (75964061)|HEAP_ALLOCATE|[36]|Bytes:5
15:44:20.0 (75968607)|HEAP_ALLOCATE|[36]|Bytes:40
15:44:20.0 (75971368)|VARIABLE_SCOPE_BEGIN|[36]|j|Job__c|true|false
15:44:20.0 (76053263)|VARIABLE_ASSIGNMENT|[36]|j|{"LastModifiedDate":"2026-03-04T02:02:48.000Z","JobPosition__c":"テスト451求人タイトル求人タイトル求人 (235 more) ...","WorkLocation2__c":"444444","LastViewedDate":"2026-03-03T02:49:01.000Z","Id":"a0KBK00000Gexdg2AB","MinAnnualSalary__c":0,"JobDescription__c":"テスト451仕事内容仕事内容仕事内容仕事 (230 more) ...","JobCategory1__c":"経営幹部/企画/マーケティング系","MaxAnnualSalary__c":0}|0x239c511a
15:44:20.0 (76060502)|STATEMENT_EXECUTE|[36]
15:44:20.0 (76061440)|STATEMENT_EXECUTE|[37]
15:44:20.0 (76063211)|HEAP_ALLOCATE|[37]|Bytes:44
15:44:20.0 (76066177)|CONSTRUCTOR_ENTRY|[37]|01pBK000001RGBP|<init>()|JobCardsController.JobWrapper
15:44:20.0 (76069441)|VARIABLE_SCOPE_BEGIN|[3]|this|JobCardsController.JobWrapper|true|false
15:44:20.0 (76079888)|VARIABLE_ASSIGNMENT|[3]|this|{}|0x5a72a6b7
15:44:20.0 (76086782)|STATEMENT_EXECUTE|[3]
15:44:20.0 (76087663)|STATEMENT_EXECUTE|[4]
15:44:20.0 (76088485)|STATEMENT_EXECUTE|[5]
15:44:20.0 (76089272)|STATEMENT_EXECUTE|[6]
15:44:20.0 (76090065)|STATEMENT_EXECUTE|[7]
15:44:20.0 (76090922)|STATEMENT_EXECUTE|[8]
15:44:20.0 (76091691)|STATEMENT_EXECUTE|[9]
15:44:20.0 (76092464)|STATEMENT_EXECUTE|[10]
15:44:20.0 (76104508)|STATEMENT_EXECUTE|[11]
15:44:20.0 (76105432)|STATEMENT_EXECUTE|[12]
15:44:20.0 (76106203)|STATEMENT_EXECUTE|[13]
15:44:20.0 (76108265)|CONSTRUCTOR_EXIT|[37]|01pBK000001RGBP|<init>()|JobCardsController.JobWrapper
15:44:20.0 (76111241)|VARIABLE_SCOPE_BEGIN|[37]|wrapper|JobCardsController.JobWrapper|true|false
15:44:20.0 (76128745)|VARIABLE_ASSIGNMENT|[37]|wrapper|{}|0x5a72a6b7
15:44:20.0 (76132935)|STATEMENT_EXECUTE|[38]
15:44:20.0 (76217046)|VARIABLE_ASSIGNMENT|[38]|this.Id|"a0KBK00000Gexdg2AB"|0x5a72a6b7
15:44:20.0 (76222645)|STATEMENT_EXECUTE|[39]
15:44:20.0 (76232801)|VARIABLE_ASSIGNMENT|[39]|this.JobPosition|"テスト451求人タイトル求人タイトル求人 (235 more) ..."|0x5a72a6b7
15:44:20.0 (76237351)|STATEMENT_EXECUTE|[40]
15:44:20.0 (76242469)|VARIABLE_ASSIGNMENT|[40]|this.WorkLocation2|"444444"|0x5a72a6b7
15:44:20.0 (76246118)|STATEMENT_EXECUTE|[41]
15:44:20.0 (76251263)|VARIABLE_ASSIGNMENT|[41]|this.JobCategory1|"経営幹部/企画/マーケティング系"|0x5a72a6b7
15:44:20.0 (76254291)|STATEMENT_EXECUTE|[42]
15:44:20.0 (76297045)|HEAP_ALLOCATE|[42]|Bytes:28
15:44:20.0 (76303740)|VARIABLE_ASSIGNMENT|[42]|this.MaxAnnualSalary|0|0x5a72a6b7
15:44:20.0 (76306106)|STATEMENT_EXECUTE|[43]
15:44:20.0 (76308874)|HEAP_ALLOCATE|[43]|Bytes:28
15:44:20.0 (76312186)|VARIABLE_ASSIGNMENT|[43]|this.MinAnnualSalary|0|0x5a72a6b7
15:44:20.0 (76316040)|STATEMENT_EXECUTE|[44]
15:44:20.0 (76322325)|VARIABLE_ASSIGNMENT|[44]|this.JobDescription|"テスト451仕事内容仕事内容仕事内容仕事 (230 more) ..."|0x5a72a6b7
15:44:20.0 (76332822)|STATEMENT_EXECUTE|[45]
15:44:20.0 (76354316)|VARIABLE_ASSIGNMENT|[45]|this.LastModifiedDate|"2026-03-04T02:02:48.000Z"|0x5a72a6b7
15:44:20.0 (76357197)|STATEMENT_EXECUTE|[46]
15:44:20.0 (76363020)|VARIABLE_ASSIGNMENT|[46]|this.LastViewedDate|"2026-03-03T02:49:01.000Z"|0x5a72a6b7
15:44:20.0 (76365513)|STATEMENT_EXECUTE|[47]
15:44:20.0 (76377045)|HEAP_ALLOCATE|[47]|Bytes:5
15:44:20.0 (76380558)|VARIABLE_ASSIGNMENT|[47]|this.IsFavorite|false|0x5a72a6b7
15:44:20.0 (76382992)|STATEMENT_EXECUTE|[48]
15:44:20.0 (76388041)|HEAP_ALLOCATE|[EXTERNAL]|Bytes:4
15:44:20.0 (76396875)|HEAP_ALLOCATE|[36]|Bytes:5
15:44:20.0 (76404274)|HEAP_ALLOCATE|[36]|Bytes:36
15:44:20.0 (76408919)|VARIABLE_SCOPE_BEGIN|[36]|j|Job__c|true|false
15:44:20.0 (76494376)|VARIABLE_ASSIGNMENT|[36]|j|{"LastModifiedDate":"2026-02-06T01:25:17.000Z","JobPosition__c":"テスト467求人タイトル求人タイトル求人 (28 more) ...","LastViewedDate":"2026-03-03T09:55:23.000Z","Id":"a0KBK00000Gexdw2AB","MinAnnualSalary__c":216,"JobDescription__c":"テスト467仕事内容仕事内容仕事内容仕事 (30 more) ...","JobCategory1__c":"管理部門/事務系","MaxAnnualSalary__c":0}|0x3fa9baef
15:44:20.0 (76506325)|STATEMENT_EXECUTE|[36]
15:44:20.0 (76507180)|STATEMENT_EXECUTE|[37]
15:44:20.0 (76509709)|HEAP_ALLOCATE|[37]|Bytes:44
15:44:20.0 (76513405)|CONSTRUCTOR_ENTRY|[37]|01pBK000001RGBP|<init>()|JobCardsController.JobWrapper
15:44:20.0 (76517581)|VARIABLE_SCOPE_BEGIN|[3]|this|JobCardsController.JobWrapper|true|false
15:44:20.0 (76537194)|VARIABLE_ASSIGNMENT|[3]|this|{}|0xca6baf
15:44:20.0 (76546566)|STATEMENT_EXECUTE|[3]
15:44:20.0 (76547412)|STATEMENT_EXECUTE|[4]
15:44:20.0 (76548270)|STATEMENT_EXECUTE|[5]
15:44:20.0 (76549071)|STATEMENT_EXECUTE|[6]
15:44:20.0 (76549894)|STATEMENT_EXECUTE|[7]
15:44:20.0 (76550694)|STATEMENT_EXECUTE|[8]
15:44:20.0 (76551510)|STATEMENT_EXECUTE|[9]
15:44:20.0 (76552308)|STATEMENT_EXECUTE|[10]
15:44:20.0 (76553154)|STATEMENT_EXECUTE|[11]
15:44:20.0 (76553962)|STATEMENT_EXECUTE|[12]
15:44:20.0 (76554849)|STATEMENT_EXECUTE|[13]
15:44:20.0 (76556835)|CONSTRUCTOR_EXIT|[37]|01pBK000001RGBP|<init>()|JobCardsController.JobWrapper
15:44:20.0 (76565856)|VARIABLE_SCOPE_BEGIN|[37]|wrapper|JobCardsController.JobWrapper|true|false
15:44:20.0 (76578136)|VARIABLE_ASSIGNMENT|[37]|wrapper|{}|0xca6baf
15:44:20.0 (76580731)|STATEMENT_EXECUTE|[38]
15:44:20.0 (76623353)|VARIABLE_ASSIGNMENT|[38]|this.Id|"a0KBK00000Gexdw2AB"|0xca6baf
15:44:20.0 (76626358)|STATEMENT_EXECUTE|[39]
15:44:20.0 (76631388)|VARIABLE_ASSIGNMENT|[39]|this.JobPosition|"テスト467求人タイトル求人タイトル求人 (28 more) ..."|0xca6baf
15:44:20.0 (76634319)|STATEMENT_EXECUTE|[40]
15:44:20.0 (76638362)|VARIABLE_ASSIGNMENT|[40]|this.WorkLocation2|null|0xca6baf
15:44:20.0 (76640709)|STATEMENT_EXECUTE|[41]
15:44:20.0 (76643898)|VARIABLE_ASSIGNMENT|[41]|this.JobCategory1|"管理部門/事務系"|0xca6baf
15:44:20.0 (76646733)|STATEMENT_EXECUTE|[42]
15:44:20.0 (76669362)|HEAP_ALLOCATE|[42]|Bytes:28
15:44:20.0 (76673854)|VARIABLE_ASSIGNMENT|[42]|this.MaxAnnualSalary|0|0xca6baf
15:44:20.0 (76676210)|STATEMENT_EXECUTE|[43]
15:44:20.0 (76680658)|VARIABLE_ASSIGNMENT|[43]|this.MinAnnualSalary|216|0xca6baf
15:44:20.0 (76683038)|STATEMENT_EXECUTE|[44]
15:44:20.0 (76686853)|VARIABLE_ASSIGNMENT|[44]|this.JobDescription|"テスト467仕事内容仕事内容仕事内容仕事 (30 more) ..."|0xca6baf
15:44:20.0 (76689668)|STATEMENT_EXECUTE|[45]
15:44:20.0 (76697838)|VARIABLE_ASSIGNMENT|[45]|this.LastModifiedDate|"2026-02-06T01:25:17.000Z"|0xca6baf
15:44:20.0 (76700318)|STATEMENT_EXECUTE|[46]
15:44:20.0 (76705409)|VARIABLE_ASSIGNMENT|[46]|this.LastViewedDate|"2026-03-03T09:55:23.000Z"|0xca6baf
15:44:20.0 (76708045)|STATEMENT_EXECUTE|[47]
15:44:20.0 (76715466)|HEAP_ALLOCATE|[47]|Bytes:5
15:44:20.0 (76718683)|VARIABLE_ASSIGNMENT|[47]|this.IsFavorite|false|0xca6baf
15:44:20.0 (76721007)|STATEMENT_EXECUTE|[48]
15:44:20.0 (76724946)|HEAP_ALLOCATE|[EXTERNAL]|Bytes:4
15:44:20.0 (76731555)|HEAP_ALLOCATE|[36]|Bytes:5
15:44:20.0 (76737845)|HEAP_ALLOCATE|[36]|Bytes:36
15:44:20.0 (76746877)|VARIABLE_SCOPE_BEGIN|[36]|j|Job__c|true|false
15:44:20.0 (76802010)|VARIABLE_ASSIGNMENT|[36]|j|{"LastModifiedDate":"2026-02-05T00:50:25.000Z","JobPosition__c":"テスト297求人タイトル求人タイトル求人 (28 more) ...","LastViewedDate":"2026-03-03T09:55:10.000Z","Id":"a0KBK00000Gezpx2AB","MinAnnualSalary__c":350,"JobDescription__c":"テスト297仕事内容仕事内容仕事内容仕事 (30 more) ...","JobCategory1__c":"IT系（ソフトウェア/ネットワーク）","MaxAnnualSalary__c":600}|0x515842a0
15:44:20.0 (76808724)|STATEMENT_EXECUTE|[36]
15:44:20.0 (76809579)|STATEMENT_EXECUTE|[37]
15:44:20.0 (76811464)|HEAP_ALLOCATE|[37]|Bytes:44
15:44:20.0 (76814790)|CONSTRUCTOR_ENTRY|[37]|01pBK000001RGBP|<init>()|JobCardsController.JobWrapper
15:44:20.0 (76818055)|VARIABLE_SCOPE_BEGIN|[3]|this|JobCardsController.JobWrapper|true|false
15:44:20.0 (76828203)|VARIABLE_ASSIGNMENT|[3]|this|{}|0x7ed5a47b
15:44:20.0 (76835294)|STATEMENT_EXECUTE|[3]
15:44:20.0 (76836196)|STATEMENT_EXECUTE|[4]
15:44:20.0 (76837035)|STATEMENT_EXECUTE|[5]
15:44:20.0 (76837828)|STATEMENT_EXECUTE|[6]
15:44:20.0 (76838615)|STATEMENT_EXECUTE|[7]
15:44:20.0 (76839398)|STATEMENT_EXECUTE|[8]
15:44:20.0 (76840248)|STATEMENT_EXECUTE|[9]
15:44:20.0 (76841068)|STATEMENT_EXECUTE|[10]
15:44:20.0 (76841886)|STATEMENT_EXECUTE|[11]
15:44:20.0 (76842668)|STATEMENT_EXECUTE|[12]
15:44:20.0 (76843457)|STATEMENT_EXECUTE|[13]
15:44:20.0 (76844929)|CONSTRUCTOR_EXIT|[37]|01pBK000001RGBP|<init>()|JobCardsController.JobWrapper
15:44:20.0 (76847784)|VARIABLE_SCOPE_BEGIN|[37]|wrapper|JobCardsController.JobWrapper|true|false
15:44:20.0 (76854644)|VARIABLE_ASSIGNMENT|[37]|wrapper|{}|0x7ed5a47b
15:44:20.0 (76857373)|STATEMENT_EXECUTE|[38]
15:44:20.0 (76887571)|VARIABLE_ASSIGNMENT|[38]|this.Id|"a0KBK00000Gezpx2AB"|0x7ed5a47b
15:44:20.0 (76890636)|STATEMENT_EXECUTE|[39]
15:44:20.0 (76895106)|VARIABLE_ASSIGNMENT|[39]|this.JobPosition|"テスト297求人タイトル求人タイトル求人 (28 more) ..."|0x7ed5a47b
15:44:20.0 (76898204)|STATEMENT_EXECUTE|[40]
15:44:20.0 (76901215)|VARIABLE_ASSIGNMENT|[40]|this.WorkLocation2|null|0x7ed5a47b
15:44:20.0 (76903546)|STATEMENT_EXECUTE|[41]
15:44:20.0 (76906906)|VARIABLE_ASSIGNMENT|[41]|this.JobCategory1|"IT系（ソフトウェア/ネットワーク）"|0x7ed5a47b
15:44:20.0 (76909797)|STATEMENT_EXECUTE|[42]
15:44:20.0 (76914355)|VARIABLE_ASSIGNMENT|[42]|this.MaxAnnualSalary|600|0x7ed5a47b
15:44:20.0 (76916721)|STATEMENT_EXECUTE|[43]
15:44:20.0 (76919989)|VARIABLE_ASSIGNMENT|[43]|this.MinAnnualSalary|350|0x7ed5a47b
15:44:20.0 (76922330)|STATEMENT_EXECUTE|[44]
15:44:20.0 (76925922)|VARIABLE_ASSIGNMENT|[44]|this.JobDescription|"テスト297仕事内容仕事内容仕事内容仕事 (30 more) ..."|0x7ed5a47b
15:44:20.0 (76928646)|STATEMENT_EXECUTE|[45]
15:44:20.0 (76935599)|VARIABLE_ASSIGNMENT|[45]|this.LastModifiedDate|"2026-02-05T00:50:25.000Z"|0x7ed5a47b
15:44:20.0 (76938187)|STATEMENT_EXECUTE|[46]
15:44:20.0 (76943096)|VARIABLE_ASSIGNMENT|[46]|this.LastViewedDate|"2026-03-03T09:55:10.000Z"|0x7ed5a47b
15:44:20.0 (76945485)|STATEMENT_EXECUTE|[47]
15:44:20.0 (76951764)|HEAP_ALLOCATE|[47]|Bytes:5
15:44:20.0 (76954818)|VARIABLE_ASSIGNMENT|[47]|this.IsFavorite|false|0x7ed5a47b
15:44:20.0 (76957135)|STATEMENT_EXECUTE|[48]
15:44:20.0 (76960413)|HEAP_ALLOCATE|[EXTERNAL]|Bytes:4
15:44:20.0 (76966703)|HEAP_ALLOCATE|[36]|Bytes:5
15:44:20.0 (76971988)|HEAP_ALLOCATE|[36]|Bytes:32
15:44:20.0 (76975071)|VARIABLE_SCOPE_BEGIN|[36]|j|Job__c|true|false
15:44:20.0 (77192412)|VARIABLE_ASSIGNMENT|[36]|j|{"LastModifiedDate":"2026-02-05T00:49:22.000Z","JobPosition__c":"テスト407求人タイトル求人タイトル求人 (28 more) ...","Id":"a0KBK00000Gexcy2AB","MinAnnualSalary__c":350,"JobDescription__c":"テスト407仕事内容仕事内容仕事内容仕事 (30 more) ...","JobCategory1__c":"営業系","MaxAnnualSalary__c":450}|0x6686cb26
15:44:20.0 (77200398)|STATEMENT_EXECUTE|[36]
15:44:20.0 (77201765)|STATEMENT_EXECUTE|[37]
15:44:20.0 (77204254)|HEAP_ALLOCATE|[37]|Bytes:44
15:44:20.0 (77209129)|CONSTRUCTOR_ENTRY|[37]|01pBK000001RGBP|<init>()|JobCardsController.JobWrapper
15:44:20.0 (77213481)|VARIABLE_SCOPE_BEGIN|[3]|this|JobCardsController.JobWrapper|true|false
15:44:20.0 (77229859)|VARIABLE_ASSIGNMENT|[3]|this|{}|0x1f13cdc0
15:44:20.0 (77240035)|STATEMENT_EXECUTE|[3]
15:44:20.0 (77240898)|STATEMENT_EXECUTE|[4]
15:44:20.0 (77241784)|STATEMENT_EXECUTE|[5]
15:44:20.0 (77242569)|STATEMENT_EXECUTE|[6]
15:44:20.0 (77243401)|STATEMENT_EXECUTE|[7]
15:44:20.0 (77244200)|STATEMENT_EXECUTE|[8]
15:44:20.0 (77244964)|STATEMENT_EXECUTE|[9]
15:44:20.0 (77245753)|STATEMENT_EXECUTE|[10]
15:44:20.0 (77246576)|STATEMENT_EXECUTE|[11]
15:44:20.0 (77247366)|STATEMENT_EXECUTE|[12]
15:44:20.0 (77248133)|STATEMENT_EXECUTE|[13]
15:44:20.0 (77249878)|CONSTRUCTOR_EXIT|[37]|01pBK000001RGBP|<init>()|JobCardsController.JobWrapper
15:44:20.0 (77253161)|VARIABLE_SCOPE_BEGIN|[37]|wrapper|JobCardsController.JobWrapper|true|false
15:44:20.0 (77260097)|VARIABLE_ASSIGNMENT|[37]|wrapper|{}|0x1f13cdc0
15:44:20.0 (77262653)|STATEMENT_EXECUTE|[38]
15:44:20.0 (77305628)|VARIABLE_ASSIGNMENT|[38]|this.Id|"a0KBK00000Gexcy2AB"|0x1f13cdc0
15:44:20.0 (77308646)|STATEMENT_EXECUTE|[39]
15:44:20.0 (77314043)|VARIABLE_ASSIGNMENT|[39]|this.JobPosition|"テスト407求人タイトル求人タイトル求人 (28 more) ..."|0x1f13cdc0
15:44:20.0 (77317049)|STATEMENT_EXECUTE|[40]
15:44:20.0 (77320268)|VARIABLE_ASSIGNMENT|[40]|this.WorkLocation2|null|0x1f13cdc0
15:44:20.0 (77322623)|STATEMENT_EXECUTE|[41]
15:44:20.0 (77325807)|VARIABLE_ASSIGNMENT|[41]|this.JobCategory1|"営業系"|0x1f13cdc0
15:44:20.0 (77328491)|STATEMENT_EXECUTE|[42]
15:44:20.0 (77334584)|VARIABLE_ASSIGNMENT|[42]|this.MaxAnnualSalary|450|0x1f13cdc0
15:44:20.0 (77336938)|STATEMENT_EXECUTE|[43]
15:44:20.0 (77340342)|VARIABLE_ASSIGNMENT|[43]|this.MinAnnualSalary|350|0x1f13cdc0
15:44:20.0 (77342597)|STATEMENT_EXECUTE|[44]
15:44:20.0 (77346235)|VARIABLE_ASSIGNMENT|[44]|this.JobDescription|"テスト407仕事内容仕事内容仕事内容仕事 (30 more) ..."|0x1f13cdc0
15:44:20.0 (77349065)|STATEMENT_EXECUTE|[45]
15:44:20.0 (77358792)|VARIABLE_ASSIGNMENT|[45]|this.LastModifiedDate|"2026-02-05T00:49:22.000Z"|0x1f13cdc0
15:44:20.0 (77361297)|STATEMENT_EXECUTE|[46]
15:44:20.0 (77364352)|VARIABLE_ASSIGNMENT|[46]|this.LastViewedDate|null|0x1f13cdc0
15:44:20.0 (77366788)|STATEMENT_EXECUTE|[47]
15:44:20.0 (77375762)|HEAP_ALLOCATE|[47]|Bytes:5
15:44:20.0 (77379163)|VARIABLE_ASSIGNMENT|[47]|this.IsFavorite|false|0x1f13cdc0
15:44:20.0 (77381468)|STATEMENT_EXECUTE|[48]
15:44:20.0 (77385292)|HEAP_ALLOCATE|[EXTERNAL]|Bytes:4
15:44:20.0 (77392763)|HEAP_ALLOCATE|[36]|Bytes:5
15:44:20.0 (77399014)|VARIABLE_ASSIGNMENT|[36]|j|null|
15:44:20.0 (77402651)|STATEMENT_EXECUTE|[50]
15:44:20.77 (77465671)|CUMULATIVE_LIMIT_USAGE
15:44:20.77 (77465671)|LIMIT_USAGE_FOR_NS|(default)|
  Number of SOQL queries: 2 out of 100
  Number of query rows: 11 out of 50000
  Number of SOSL queries: 0 out of 20
  Number of DML statements: 0 out of 150
  Number of Publish Immediate DML: 0 out of 150
  Number of DML rows: 0 out of 10000
  Maximum CPU time: 0 out of 10000
  Maximum heap size: 0 out of 6000000
  Number of callouts: 0 out of 100
  Number of Email Invocations: 0 out of 10
  Number of future calls: 0 out of 50
  Number of queueable jobs added to the queue: 0 out of 50
  Number of Mobile Apex push calls: 0 out of 10

15:44:20.77 (77465671)|CUMULATIVE_LIMIT_USAGE_END

15:44:20.0 (77492382)|CODE_UNIT_FINISHED|JobCardsController.getJobs()
15:44:20.0 (77681291)|CODE_UNIT_FINISHED|apex://JobCardsController/ACTION$getJobs
15:44:20.0 (77686328)|EXECUTION_FINISHED
