66.0 APEX_CODE,FINEST;APEX_PROFILING,INFO;CALLOUT,INFO;DATA_ACCESS,INFO;DB,INFO;NBA,INFO;SYSTEM,DEBUG;VALIDATION,INFO;VISUALFORCE,INFO;WAVE,INFO;WORKFLOW,INFO
11:36:24.0 (846892)|USER_INFO|[EXTERNAL]|0057F0000042UBb|ishibashi@hurex.co.jp.dev1|(GMT+09:00) 日本標準時 (Asia/Tokyo)|GMT+09:00
11:36:24.0 (930979)|EXECUTION_STARTED
11:36:24.0 (958366)|CODE_UNIT_STARTED|[EXTERNAL]|apex://RegistrationFormController/ACTION$saveRegistration
11:36:24.0 (4554577)|CODE_UNIT_STARTED|[EXTERNAL]|01pBK000001hN0n|RegistrationFormController.saveRegistration(Map<String,ANY>)
11:36:24.0 (4925522)|VARIABLE_SCOPE_BEGIN|[3]|RegistrationFormController.PROFILE_NAME|String|false|true
11:36:24.0 (4998549)|VARIABLE_SCOPE_BEGIN|[2]|RegistrationFormController.RT_NAME|String|false|true
11:36:24.0 (5083103)|VARIABLE_SCOPE_BEGIN|[5]|RegistrationFormController.jobSeekerProfile|Profile|true|true
11:36:24.0 (5110232)|VARIABLE_SCOPE_BEGIN|[4]|RegistrationFormController.jobSeekerRecordType|RecordType|true|true
11:36:24.0 (5279329)|HEAP_ALLOCATE|[95]|Bytes:3
11:36:24.0 (5349416)|HEAP_ALLOCATE|[100]|Bytes:152
11:36:24.0 (5368852)|HEAP_ALLOCATE|[417]|Bytes:408
11:36:24.0 (5387524)|HEAP_ALLOCATE|[430]|Bytes:408
11:36:24.0 (5419515)|HEAP_ALLOCATE|[317]|Bytes:6
11:36:24.0 (5432153)|HEAP_ALLOCATE|[EXTERNAL]|Bytes:23
11:36:24.0 (5437217)|HEAP_ALLOCATE|[EXTERNAL]|Bytes:6
11:36:24.0 (5440882)|HEAP_ALLOCATE|[EXTERNAL]|Bytes:3
11:36:24.0 (5517201)|VARIABLE_ASSIGNMENT|[EXTERNAL]|RegistrationFormController.PROFILE_NAME|"求職者"
11:36:24.0 (5525655)|HEAP_ALLOCATE|[EXTERNAL]|Bytes:3
11:36:24.0 (5533197)|VARIABLE_ASSIGNMENT|[EXTERNAL]|RegistrationFormController.RT_NAME|"求職者"
11:36:24.0 (5556262)|METHOD_ENTRY|[1]|01pBK000001hN0n|RegistrationFormController.RegistrationFormController()
11:36:24.0 (5566251)|STATEMENT_EXECUTE|[1]
11:36:24.0 (5587637)|STATEMENT_EXECUTE|[1]
11:36:24.0 (5616092)|HEAP_ALLOCATE|[68]|Bytes:5
11:36:24.0 (5662904)|HEAP_ALLOCATE|[74]|Bytes:5
11:36:24.0 (5671632)|HEAP_ALLOCATE|[82]|Bytes:7
11:36:24.0 (5695175)|HEAP_ALLOCATE|[EXTERNAL]|Bytes:5
11:36:24.0 (5714129)|METHOD_EXIT|[1]|RegistrationFormController
11:36:24.0 (5739158)|HEAP_ALLOCATE|[EXTERNAL]|Bytes:116
11:36:24.0 (5748041)|VARIABLE_SCOPE_BEGIN|[8]|accountData|Map<String,ANY>|true|false
11:36:24.0 (5774861)|VARIABLE_ASSIGNMENT|[8]|accountData|"Map of size 28 too large to display"|0x3deef49f
11:36:24.0 (5789105)|HEAP_ALLOCATE|[9]|Bytes:5
11:36:24.0 (5793476)|STATEMENT_EXECUTE|[8]
11:36:24.0 (5795587)|STATEMENT_EXECUTE|[9]
11:36:24.0 (5802208)|STATEMENT_EXECUTE|[10]
11:36:24.0 (5803757)|STATEMENT_EXECUTE|[11]
11:36:24.0 (5806054)|HEAP_ALLOCATE|[11]|Bytes:85
11:36:24.0 (5816444)|HEAP_ALLOCATE|[11]|Bytes:4
11:36:24.0 (5828942)|HEAP_ALLOCATE|[11]|Bytes:7
11:36:24.0 (6292991)|SOQL_EXECUTE_BEGIN|[11]|Aggregations:0|SELECT Id FROM RecordType WHERE (Name = :tmpVar1 AND SobjectType = 'Account') LIMIT 1
11:36:24.0 (71194044)|SOQL_EXECUTE_END|[11]|Rows:1
11:36:24.0 (71233268)|HEAP_ALLOCATE|[11]|Bytes:8
11:36:24.0 (71248287)|HEAP_ALLOCATE|[11]|Bytes:29
11:36:24.0 (71377129)|HEAP_ALLOCATE|[11]|Bytes:8
11:36:24.0 (71393986)|HEAP_ALLOCATE|[11]|Bytes:36
11:36:24.0 (71447900)|HEAP_ALLOCATE|[11]|Bytes:8
11:36:24.0 (71532750)|VARIABLE_ASSIGNMENT|[11]|RegistrationFormController.jobSeekerRecordType|{"Id":"012BK000001h7bxYAA"}|0x13ca36de
11:36:24.0 (71540765)|STATEMENT_EXECUTE|[12]
11:36:24.0 (71545045)|STATEMENT_EXECUTE|[14]
11:36:24.0 (71546093)|STATEMENT_EXECUTE|[15]
11:36:24.0 (71547667)|HEAP_ALLOCATE|[15]|Bytes:52
11:36:24.0 (71560007)|HEAP_ALLOCATE|[15]|Bytes:4
11:36:24.0 (71850558)|SOQL_EXECUTE_BEGIN|[15]|Aggregations:0|SELECT Id FROM Profile WHERE Name = :tmpVar1 LIMIT 1
11:36:24.0 (83709782)|SOQL_EXECUTE_END|[15]|Rows:1
11:36:24.0 (83747861)|HEAP_ALLOCATE|[15]|Bytes:8
11:36:24.0 (83764454)|HEAP_ALLOCATE|[15]|Bytes:29
11:36:24.0 (83835705)|HEAP_ALLOCATE|[15]|Bytes:8
11:36:24.0 (83851723)|HEAP_ALLOCATE|[15]|Bytes:33
11:36:24.0 (83922309)|HEAP_ALLOCATE|[15]|Bytes:8
11:36:24.0 (84006209)|VARIABLE_ASSIGNMENT|[15]|RegistrationFormController.jobSeekerProfile|{"Id":"00eBK00000GYZoXYAX"}|0x61b38843
11:36:24.0 (84017806)|STATEMENT_EXECUTE|[16]
11:36:24.0 (84020717)|STATEMENT_EXECUTE|[19]
11:36:24.0 (84476328)|SAVEPOINT_SET|[19]|SavepointValue0
11:36:24.0 (84492808)|HEAP_ALLOCATE|[19]|Bytes:16
11:36:24.0 (84513302)|VARIABLE_SCOPE_BEGIN|[19]|sp|System.Savepoint|true|false
11:36:24.0 (84709484)|VARIABLE_ASSIGNMENT|[19]|sp|"common.apex.runtime.impl.ApexUserSavepoint@15243fc0"|0x15243fc0
11:36:24.0 (84715507)|STATEMENT_EXECUTE|[20]
11:36:24.0 (84716543)|STATEMENT_EXECUTE|[20]
11:36:24.0 (84717583)|STATEMENT_EXECUTE|[21]
11:36:24.0 (84743900)|METHOD_ENTRY|[21]|01pBK000001hN0n|RegistrationFormController.buildAccount(Map<String,ANY>)
11:36:24.0 (84806550)|VARIABLE_SCOPE_BEGIN|[32]|data|Map<String,ANY>|true|false
11:36:24.0 (84818763)|VARIABLE_ASSIGNMENT|[32]|data|"Map of size 28 too large to display"|0x3deef49f
11:36:24.0 (84832982)|HEAP_ALLOCATE|[33]|Bytes:5
11:36:24.0 (84836023)|STATEMENT_EXECUTE|[32]
11:36:24.0 (84836840)|STATEMENT_EXECUTE|[33]
11:36:24.0 (84859210)|HEAP_ALLOCATE|[33]|Bytes:4
11:36:24.0 (85045230)|VARIABLE_ASSIGNMENT|[33]|this.RecordTypeId|"012BK000001h7bxYAA"|0x6e7435b0
11:36:24.0 (85070390)|VARIABLE_SCOPE_BEGIN|[33]|acc|Account|true|false
11:36:24.0 (85085965)|VARIABLE_ASSIGNMENT|[33]|acc|{"RecordTypeId":"012BK000001h7bxYAA"}|0x6e7435b0
11:36:24.0 (85089428)|STATEMENT_EXECUTE|[34]
11:36:24.0 (85091815)|HEAP_ALLOCATE|[34]|Bytes:8
11:36:24.0 (85094653)|HEAP_ALLOCATE|[34]|Bytes:8
11:36:24.0 (85145755)|METHOD_ENTRY|[34]|01pBK000001hN0n|RegistrationFormController.setIfNotBlank(SObject, String, Object)
11:36:24.0 (85150380)|VARIABLE_SCOPE_BEGIN|[67]|obj|SObject|true|false
11:36:24.0 (85155978)|VARIABLE_ASSIGNMENT|[67]|obj|{"RecordTypeId":"012BK000001h7bxYAA"}|0x6e7435b0
11:36:24.0 (85158661)|VARIABLE_SCOPE_BEGIN|[67]|fieldName|String|false|false
11:36:24.0 (85163069)|VARIABLE_ASSIGNMENT|[67]|fieldName|"LastName"
11:36:24.0 (85167020)|VARIABLE_SCOPE_BEGIN|[67]|value|Object|false|false
11:36:24.0 (85171023)|VARIABLE_ASSIGNMENT|[67]|value|"1"
11:36:24.0 (85177660)|HEAP_ALLOCATE|[68]|Bytes:5
11:36:24.0 (85179738)|STATEMENT_EXECUTE|[67]
11:36:24.0 (85181263)|HEAP_ALLOCATE|[68]|Bytes:16
11:36:24.0 (85257841)|STATEMENT_EXECUTE|[68]
11:36:24.0 (85259086)|STATEMENT_EXECUTE|[69]
11:36:24.0 (85372742)|METHOD_EXIT|[34]|01pBK000001hN0n|RegistrationFormController.setIfNotBlank(SObject, String, Object)
11:36:24.0 (85376578)|STATEMENT_EXECUTE|[35]
11:36:24.0 (85378274)|HEAP_ALLOCATE|[35]|Bytes:9
11:36:24.0 (85380679)|HEAP_ALLOCATE|[35]|Bytes:9
11:36:24.0 (85394929)|METHOD_ENTRY|[35]|01pBK000001hN0n|RegistrationFormController.setIfNotBlank(SObject, String, Object)
11:36:24.0 (85397488)|VARIABLE_SCOPE_BEGIN|[67]|obj|SObject|true|false
11:36:24.0 (85406597)|VARIABLE_ASSIGNMENT|[67]|obj|{"RecordTypeId":"012BK000001h7bxYAA","LastName":"1"}|0x6e7435b0
11:36:24.0 (85409107)|VARIABLE_SCOPE_BEGIN|[67]|fieldName|String|false|false
11:36:24.0 (85413008)|VARIABLE_ASSIGNMENT|[67]|fieldName|"FirstName"
11:36:24.0 (85414996)|VARIABLE_SCOPE_BEGIN|[67]|value|Object|false|false
11:36:24.0 (85418393)|VARIABLE_ASSIGNMENT|[67]|value|"1"
11:36:24.0 (85423697)|HEAP_ALLOCATE|[68]|Bytes:5
11:36:24.0 (85425586)|STATEMENT_EXECUTE|[67]
11:36:24.0 (85439162)|STATEMENT_EXECUTE|[68]
11:36:24.0 (85440041)|STATEMENT_EXECUTE|[69]
11:36:24.0 (85463122)|METHOD_EXIT|[35]|01pBK000001hN0n|RegistrationFormController.setIfNotBlank(SObject, String, Object)
11:36:24.0 (85465841)|STATEMENT_EXECUTE|[36]
11:36:24.0 (85467224)|HEAP_ALLOCATE|[36]|Bytes:11
11:36:24.0 (85469347)|HEAP_ALLOCATE|[36]|Bytes:5
11:36:24.0 (85480154)|METHOD_ENTRY|[36]|01pBK000001hN0n|RegistrationFormController.setIfNotBlank(SObject, String, Object)
11:36:24.0 (85482558)|VARIABLE_SCOPE_BEGIN|[67]|obj|SObject|true|false
11:36:24.0 (85488890)|VARIABLE_ASSIGNMENT|[67]|obj|{"RecordTypeId":"012BK000001h7bxYAA","LastName":"1","FirstName":"1"}|0x6e7435b0
11:36:24.0 (85496449)|VARIABLE_SCOPE_BEGIN|[67]|fieldName|String|false|false
11:36:24.0 (85500518)|VARIABLE_ASSIGNMENT|[67]|fieldName|"PersonEmail"
11:36:24.0 (85502417)|VARIABLE_SCOPE_BEGIN|[67]|value|Object|false|false
11:36:24.0 (85506270)|VARIABLE_ASSIGNMENT|[67]|value|"sun@rakucloud.com"
11:36:24.0 (85509664)|HEAP_ALLOCATE|[68]|Bytes:5
11:36:24.0 (85511334)|STATEMENT_EXECUTE|[67]
11:36:24.0 (85520614)|STATEMENT_EXECUTE|[68]
11:36:24.0 (85521405)|STATEMENT_EXECUTE|[69]
11:36:24.0 (85552739)|METHOD_EXIT|[36]|01pBK000001hN0n|RegistrationFormController.setIfNotBlank(SObject, String, Object)
11:36:24.0 (85555539)|STATEMENT_EXECUTE|[37]
11:36:24.0 (85557009)|HEAP_ALLOCATE|[37]|Bytes:14
11:36:24.0 (85559175)|HEAP_ALLOCATE|[37]|Bytes:9
11:36:24.0 (85574685)|METHOD_ENTRY|[37]|01pBK000001hN0n|RegistrationFormController.setDateIfValid(SObject, String, String)
11:36:24.0 (85578355)|VARIABLE_SCOPE_BEGIN|[73]|obj|SObject|true|false
11:36:24.0 (85585381)|VARIABLE_ASSIGNMENT|[73]|obj|{"RecordTypeId":"012BK000001h7bxYAA","LastName":"1","FirstName":"1","PersonEmail":"sun@rakucloud.com"}|0x6e7435b0
11:36:24.0 (85588554)|VARIABLE_SCOPE_BEGIN|[73]|fieldName|String|false|false
11:36:24.0 (85592539)|VARIABLE_ASSIGNMENT|[73]|fieldName|"DateOfBirth__c"
11:36:24.0 (85594544)|VARIABLE_SCOPE_BEGIN|[73]|dateStr|String|false|false
11:36:24.0 (85598769)|VARIABLE_ASSIGNMENT|[73]|dateStr|"1911-03-15"
11:36:24.0 (85603314)|HEAP_ALLOCATE|[74]|Bytes:5
11:36:24.0 (85605401)|STATEMENT_EXECUTE|[73]
11:36:24.0 (85615946)|STATEMENT_EXECUTE|[74]
11:36:24.0 (85617052)|STATEMENT_EXECUTE|[75]
11:36:24.0 (85617800)|STATEMENT_EXECUTE|[75]
11:36:24.0 (85618550)|STATEMENT_EXECUTE|[76]
11:36:24.0 (85656788)|HEAP_ALLOCATE|[76]|Bytes:4
11:36:24.0 (85699930)|METHOD_EXIT|[37]|01pBK000001hN0n|RegistrationFormController.setDateIfValid(SObject, String, String)
11:36:24.0 (85702405)|STATEMENT_EXECUTE|[38]
11:36:24.0 (85703859)|HEAP_ALLOCATE|[38]|Bytes:17
11:36:24.0 (85706279)|HEAP_ALLOCATE|[38]|Bytes:5
11:36:24.0 (85716604)|METHOD_ENTRY|[38]|01pBK000001hN0n|RegistrationFormController.setIfNotBlank(SObject, String, Object)
11:36:24.0 (85718939)|VARIABLE_SCOPE_BEGIN|[67]|obj|SObject|true|false
11:36:24.0 (85738789)|VARIABLE_ASSIGNMENT|[67]|obj|{"RecordTypeId":"012BK000001h7bxYAA","LastName":"1","FirstName":"1","PersonEmail":"sun@rakucloud.com","DateOfBirth__c":"1911-03-15T00:00:00.000Z"}|0x6e7435b0
11:36:24.0 (85742499)|VARIABLE_SCOPE_BEGIN|[67]|fieldName|String|false|false
11:36:24.0 (85746579)|VARIABLE_ASSIGNMENT|[67]|fieldName|"PersonMobilePhone"
11:36:24.0 (85748484)|VARIABLE_SCOPE_BEGIN|[67]|value|Object|false|false
11:36:24.0 (85752224)|VARIABLE_ASSIGNMENT|[67]|value|"1"
11:36:24.0 (85755684)|HEAP_ALLOCATE|[68]|Bytes:5
11:36:24.0 (85757362)|STATEMENT_EXECUTE|[67]
11:36:24.0 (85767503)|STATEMENT_EXECUTE|[68]
11:36:24.0 (85768345)|STATEMENT_EXECUTE|[69]
11:36:24.0 (85796590)|METHOD_EXIT|[38]|01pBK000001hN0n|RegistrationFormController.setIfNotBlank(SObject, String, Object)
11:36:24.0 (85800604)|STATEMENT_EXECUTE|[39]
11:36:24.0 (85802593)|HEAP_ALLOCATE|[39]|Bytes:12
11:36:24.0 (85856773)|VARIABLE_ASSIGNMENT|[39]|this.NameKanaSei__pc|"1"|0x6e7435b0
11:36:24.0 (85860232)|STATEMENT_EXECUTE|[40]
11:36:24.0 (85861319)|HEAP_ALLOCATE|[40]|Bytes:13
11:36:24.0 (85883594)|VARIABLE_ASSIGNMENT|[40]|this.NameKanaMei__pc|"1"|0x6e7435b0
11:36:24.0 (85886285)|STATEMENT_EXECUTE|[41]
11:36:24.0 (85887849)|HEAP_ALLOCATE|[41]|Bytes:6
11:36:24.0 (85912273)|VARIABLE_ASSIGNMENT|[41]|this.Gender__pc|"男性"|0x6e7435b0
11:36:24.0 (85917340)|STATEMENT_EXECUTE|[42]
11:36:24.0 (85918789)|HEAP_ALLOCATE|[42]|Bytes:7
11:36:24.0 (85940239)|VARIABLE_ASSIGNMENT|[42]|this.PostalCode__c|"1500022"|0x6e7435b0
11:36:24.0 (85943002)|STATEMENT_EXECUTE|[43]
11:36:24.0 (85944504)|HEAP_ALLOCATE|[43]|Bytes:10
11:36:24.0 (85964423)|VARIABLE_ASSIGNMENT|[43]|this.City__c|"東京都"|0x6e7435b0
11:36:24.0 (85967486)|STATEMENT_EXECUTE|[44]
11:36:24.0 (85968760)|HEAP_ALLOCATE|[44]|Bytes:11
11:36:24.0 (85988088)|VARIABLE_ASSIGNMENT|[44]|this.CityAndAddress__c|"渋谷区恵比寿南"|0x6e7435b0
11:36:24.0 (85991297)|STATEMENT_EXECUTE|[45]
11:36:24.0 (85992449)|HEAP_ALLOCATE|[45]|Bytes:11
11:36:24.0 (86012463)|VARIABLE_ASSIGNMENT|[45]|this.PreferredChangeDate__c|"2026/09/22"|0x6e7435b0
11:36:24.0 (86016033)|STATEMENT_EXECUTE|[46]
11:36:24.0 (86017189)|HEAP_ALLOCATE|[46]|Bytes:9
11:36:24.0 (86037238)|VARIABLE_ASSIGNMENT|[46]|this.PreferredWorkLocation1__c|"新潟県"|0x6e7435b0
11:36:24.0 (86040221)|STATEMENT_EXECUTE|[47]
11:36:24.0 (86041368)|HEAP_ALLOCATE|[47]|Bytes:9
11:36:24.0 (86060217)|VARIABLE_ASSIGNMENT|[47]|this.PreferredWorkLocation2__c|"石川県"|0x6e7435b0
11:36:24.0 (86063113)|STATEMENT_EXECUTE|[48]
11:36:24.0 (86064221)|HEAP_ALLOCATE|[48]|Bytes:9
11:36:24.0 (86083288)|VARIABLE_ASSIGNMENT|[48]|this.PreferredWorkLocation3__c|"富山県"|0x6e7435b0
11:36:24.0 (86085959)|STATEMENT_EXECUTE|[49]
11:36:24.0 (86087108)|HEAP_ALLOCATE|[49]|Bytes:14
11:36:24.0 (86107624)|VARIABLE_ASSIGNMENT|[49]|this.PreferredSalary__c|"300"|0x6e7435b0
11:36:24.0 (86110436)|STATEMENT_EXECUTE|[50]
11:36:24.0 (86111594)|HEAP_ALLOCATE|[50]|Bytes:18
11:36:24.0 (86130896)|VARIABLE_ASSIGNMENT|[50]|this.CandidateSelectedOccupation__c|"営業系"|0x6e7435b0
11:36:24.0 (86134036)|STATEMENT_EXECUTE|[51]
11:36:24.0 (86135155)|HEAP_ALLOCATE|[51]|Bytes:17
11:36:24.0 (86154323)|VARIABLE_ASSIGNMENT|[51]|this.FinalEducationLevel__pc|"大学院卒（修士）"|0x6e7435b0
11:36:24.0 (86157276)|STATEMENT_EXECUTE|[52]
11:36:24.0 (86158420)|HEAP_ALLOCATE|[52]|Bytes:12
11:36:24.0 (86177631)|VARIABLE_ASSIGNMENT|[52]|this.SchoolFacultyDepartment__c|"1"|0x6e7435b0
11:36:24.0 (86180168)|STATEMENT_EXECUTE|[53]
11:36:24.0 (86181331)|HEAP_ALLOCATE|[53]|Bytes:16
11:36:24.0 (86201523)|VARIABLE_ASSIGNMENT|[53]|this.EmploymentStatus__pc|"就業中"|0x6e7435b0
11:36:24.0 (86205876)|STATEMENT_EXECUTE|[54]
11:36:24.0 (86207163)|HEAP_ALLOCATE|[54]|Bytes:8
11:36:24.0 (86221558)|METHOD_ENTRY|[54]|01pBK000001hN0n|RegistrationFormController.parseTransfer(Object)
11:36:24.0 (86226408)|VARIABLE_SCOPE_BEGIN|[83]|transfer|Object|false|false
11:36:24.0 (86231016)|VARIABLE_ASSIGNMENT|[83]|transfer|"不可"
11:36:24.0 (86237719)|HEAP_ALLOCATE|[84]|Bytes:5
11:36:24.0 (86239813)|STATEMENT_EXECUTE|[83]
11:36:24.0 (86240707)|STATEMENT_EXECUTE|[84]
11:36:24.0 (86242123)|HEAP_ALLOCATE|[84]|Bytes:2
11:36:24.0 (86262404)|HEAP_ALLOCATE|[84]|Bytes:5
11:36:24.0 (86267368)|METHOD_EXIT|[54]|01pBK000001hN0n|RegistrationFormController.parseTransfer(Object)
11:36:24.0 (86287396)|VARIABLE_ASSIGNMENT|[54]|this.IsWillingToRelocate__pc|false|0x6e7435b0
11:36:24.0 (86290430)|STATEMENT_EXECUTE|[55]
11:36:24.0 (86291869)|HEAP_ALLOCATE|[55]|Bytes:12
11:36:24.0 (86303620)|METHOD_ENTRY|[55]|01pBK000001hN0n|RegistrationFormController.parseCompanyCount(Object)
11:36:24.0 (86307401)|VARIABLE_SCOPE_BEGIN|[87]|companyCountObj|Object|false|false
11:36:24.0 (86311905)|VARIABLE_ASSIGNMENT|[87]|companyCountObj|"1社"
11:36:24.0 (86316203)|HEAP_ALLOCATE|[88]|Bytes:5
11:36:24.0 (86318061)|STATEMENT_EXECUTE|[87]
11:36:24.0 (86318995)|STATEMENT_EXECUTE|[88]
11:36:24.0 (86320808)|VARIABLE_SCOPE_BEGIN|[88]|companyCountStr|String|false|false
11:36:24.0 (86325445)|VARIABLE_ASSIGNMENT|[88]|companyCountStr|"1社"
11:36:24.0 (86339056)|STATEMENT_EXECUTE|[89]
11:36:24.0 (86340657)|HEAP_ALLOCATE|[90]|Bytes:5
11:36:24.0 (86350053)|STATEMENT_EXECUTE|[90]
11:36:24.0 (86350954)|STATEMENT_EXECUTE|[91]
11:36:24.0 (86352326)|HEAP_ALLOCATE|[91]|Bytes:6
11:36:24.0 (86373899)|HEAP_ALLOCATE|[91]|Bytes:1
11:36:24.0 (86377918)|VARIABLE_SCOPE_BEGIN|[91]|numPart|String|false|false
11:36:24.0 (86382624)|VARIABLE_ASSIGNMENT|[91]|numPart|"1"
11:36:24.0 (86384600)|STATEMENT_EXECUTE|[92]
11:36:24.0 (86410030)|HEAP_ALLOCATE|[92]|Bytes:4
11:36:24.0 (86414068)|METHOD_EXIT|[55]|01pBK000001hN0n|RegistrationFormController.parseCompanyCount(Object)
11:36:24.0 (86501574)|HEAP_ALLOCATE|[55]|Bytes:28
11:36:24.0 (86503943)|HEAP_ALLOCATE|[55]|Bytes:28
11:36:24.0 (86549856)|VARIABLE_ASSIGNMENT|[55]|this.NumberOfCompaniesWorked__c|1|0x6e7435b0
11:36:24.0 (86554219)|STATEMENT_EXECUTE|[56]
11:36:24.0 (86556299)|HEAP_ALLOCATE|[56]|Bytes:11
11:36:24.0 (86601588)|VARIABLE_ASSIGNMENT|[56]|this.EmployerName1__c|"1"|0x6e7435b0
11:36:24.0 (86622689)|STATEMENT_EXECUTE|[57]
11:36:24.0 (86624591)|STATEMENT_EXECUTE|[58]
11:36:24.0 (86626578)|HEAP_ALLOCATE|[58]|Bytes:9
11:36:24.0 (86647904)|METHOD_ENTRY|[58]|01pBK000001hN0n|RegistrationFormController.parseYearMonth(String)
11:36:24.0 (86653751)|VARIABLE_SCOPE_BEGIN|[95]|yearMonth|String|false|false
11:36:24.0 (86660391)|VARIABLE_ASSIGNMENT|[95]|yearMonth|"1901-01"
11:36:24.0 (86668522)|HEAP_ALLOCATE|[96]|Bytes:5
11:36:24.0 (86670892)|STATEMENT_EXECUTE|[95]
11:36:24.0 (86683785)|STATEMENT_EXECUTE|[96]
11:36:24.0 (86684792)|STATEMENT_EXECUTE|[97]
11:36:24.0 (86686176)|HEAP_ALLOCATE|[97]|Bytes:1
11:36:24.0 (86715400)|HEAP_ALLOCATE|[97]|Bytes:4
11:36:24.0 (86717568)|HEAP_ALLOCATE|[97]|Bytes:2
11:36:24.0 (86720496)|HEAP_ALLOCATE|[97]|Bytes:12
11:36:24.0 (86726109)|VARIABLE_SCOPE_BEGIN|[97]|parts|List<String>|true|false
11:36:24.0 (86753387)|HEAP_ALLOCATE|[EXTERNAL]|Bytes:12
11:36:24.0 (86765808)|VARIABLE_ASSIGNMENT|[97]|parts|["1901","01"]|0x7c595583
11:36:24.0 (86786131)|STATEMENT_EXECUTE|[98]
11:36:24.0 (86787362)|STATEMENT_EXECUTE|[99]
11:36:24.0 (86788148)|STATEMENT_EXECUTE|[99]
11:36:24.0 (86789007)|STATEMENT_EXECUTE|[100]
11:36:24.0 (86797739)|HEAP_ALLOCATE|[100]|Bytes:4
11:36:24.0 (86811497)|HEAP_ALLOCATE|[100]|Bytes:2
11:36:24.0 (86840922)|HEAP_ALLOCATE|[100]|Bytes:4
11:36:24.0 (86848144)|METHOD_EXIT|[58]|01pBK000001hN0n|RegistrationFormController.parseYearMonth(String)
11:36:24.0 (86888276)|VARIABLE_ASSIGNMENT|[58]|this.WorkStartDate1__c|"1901-01-01T00:00:00.000Z"|0x6e7435b0
11:36:24.0 (86891769)|STATEMENT_EXECUTE|[59]
11:36:24.0 (86893105)|HEAP_ALLOCATE|[59]|Bytes:7
11:36:24.0 (86905482)|METHOD_ENTRY|[59]|01pBK000001hN0n|RegistrationFormController.parseYearMonth(String)
11:36:24.0 (86908447)|VARIABLE_SCOPE_BEGIN|[95]|yearMonth|String|false|false
11:36:24.0 (86912662)|VARIABLE_ASSIGNMENT|[95]|yearMonth|"1915-01"
11:36:24.0 (86917397)|HEAP_ALLOCATE|[96]|Bytes:5
11:36:24.0 (86919192)|STATEMENT_EXECUTE|[95]
11:36:24.0 (86925955)|STATEMENT_EXECUTE|[96]
11:36:24.0 (86926893)|STATEMENT_EXECUTE|[97]
11:36:24.0 (86934530)|HEAP_ALLOCATE|[97]|Bytes:4
11:36:24.0 (86936414)|HEAP_ALLOCATE|[97]|Bytes:2
11:36:24.0 (86938108)|HEAP_ALLOCATE|[97]|Bytes:12
11:36:24.0 (86942337)|VARIABLE_SCOPE_BEGIN|[97]|parts|List<String>|true|false
11:36:24.0 (86952557)|HEAP_ALLOCATE|[EXTERNAL]|Bytes:12
11:36:24.0 (86956867)|VARIABLE_ASSIGNMENT|[97]|parts|["1915","01"]|0xeb80c97
11:36:24.0 (86963304)|STATEMENT_EXECUTE|[98]
11:36:24.0 (86964141)|STATEMENT_EXECUTE|[99]
11:36:24.0 (86964915)|STATEMENT_EXECUTE|[99]
11:36:24.0 (86965707)|STATEMENT_EXECUTE|[100]
11:36:24.0 (86967357)|HEAP_ALLOCATE|[100]|Bytes:4
11:36:24.0 (86974803)|HEAP_ALLOCATE|[100]|Bytes:2
11:36:24.0 (86986545)|HEAP_ALLOCATE|[100]|Bytes:4
11:36:24.0 (86991853)|METHOD_EXIT|[59]|01pBK000001hN0n|RegistrationFormController.parseYearMonth(String)
11:36:24.0 (87014595)|VARIABLE_ASSIGNMENT|[59]|this.WorkEndDate1__c|"1915-01-01T00:00:00.000Z"|0x6e7435b0
11:36:24.0 (87017934)|STATEMENT_EXECUTE|[60]
11:36:24.0 (87019189)|HEAP_ALLOCATE|[60]|Bytes:13
11:36:24.0 (87044014)|VARIABLE_ASSIGNMENT|[60]|this.CurrentAnnualIncome1__c|"300"|0x6e7435b0
11:36:24.0 (87046832)|STATEMENT_EXECUTE|[61]
11:36:24.0 (87048193)|HEAP_ALLOCATE|[61]|Bytes:14
11:36:24.0 (87070500)|VARIABLE_ASSIGNMENT|[61]|this.JobDescription1__pc|"1"|0x6e7435b0
11:36:24.0 (87073385)|STATEMENT_EXECUTE|[62]
11:36:24.0 (87074442)|HEAP_ALLOCATE|[62]|Bytes:25
11:36:24.0 (87100562)|VARIABLE_ASSIGNMENT|[62]|this.Occupation1__c|"営業(法人);営業(個人);代理店営業; (22 more) ..."|0x6e7435b0
11:36:24.0 (87105368)|STATEMENT_EXECUTE|[65]
11:36:24.0 (87109369)|METHOD_EXIT|[21]|01pBK000001hN0n|RegistrationFormController.buildAccount(Map<String,ANY>)
11:36:24.0 (87114542)|VARIABLE_SCOPE_BEGIN|[21]|acc|Account|true|false
11:36:24.0 (87147565)|VARIABLE_ASSIGNMENT|[21]|acc|{"RecordTypeId":"012BK000001h7bxYAA","LastName":"1","FirstName":"1","PersonEmail":"sun@rakucloud.com","DateOfBirth__c":"1911-03-15T00:00:00.000Z","PersonMobilePhone":"1","NameKanaSei__pc":"1","NameKanaMei__pc":"1","Gender__pc":"男性","PostalCode__c":"1500022","City__c":"東京都","CityAndAddress__c":"渋谷区恵比寿南","PreferredChangeDate__c":"2026/09/22","PreferredWorkLocation1__c":"新潟県","PreferredWorkLocation2__c":"石川県","PreferredWorkLocation3__c":"富山県","PreferredSalary__c":"300","CandidateSelectedOccupation__c":"営業系","FinalEducationLevel__pc":"大学院卒（修士）","SchoolFacultyDepartment__c":"1","EmploymentStatus__pc":"就業中","IsWillingToRelocate__pc":false,"NumberOfCompaniesWorked__c":1,"EmployerName1__c":"1","WorkStartDate1__c":"1901-01-01T00:00:00.000Z","WorkEndDate1__c":"1915-01-01T00:00:00.000Z","CurrentAnnualIncome1__c":"300","JobDescription1__pc":"1","Occupation1__c":"営業(法人);営業(個人);代理店営業; (22 more) ..."}|0x6e7435b0
11:36:24.0 (87159847)|STATEMENT_EXECUTE|[22]
11:36:24.0 (87186657)|HEAP_ALLOCATE|[22]|Bytes:8
11:36:24.0 (87217187)|DML_BEGIN|[22]|Op:Insert|Type:Account|Rows:1
11:36:24.0 (87250494)|HEAP_ALLOCATE|[EXTERNAL]|Bytes:8
11:36:24.0 (544461068)|DML_END|[22]
11:36:24.0 (544674158)|EXCEPTION_THROWN|[22]|System.DmlException: Insert failed. First exception on row 0; first error: INVALID_OR_NULL_FOR_RESTRICTED_PICKLIST, 希望勤務地：第1希望: 制限つき選択リスト項目の値が不適切: 新潟県: [PreferredWorkLocation1__c]
11:36:24.0 (545540677)|HEAP_ALLOCATE|[22]|Bytes:162
11:36:24.0 (545606649)|VARIABLE_SCOPE_BEGIN|[26]|e|Exception|true|false
11:36:24.0 (545673660)|VARIABLE_ASSIGNMENT|[26]|e|"common.apex.runtime.impl.DmlExecutionException: Insert failed. First exception on row 0; first error: INVALID_OR_NULL_FOR_RESTRICTED_PICKLIST, 希望勤務地：第1希望: 制限つき選択リスト項目の値が不適切: 新潟県: [PreferredWorkLocation1__c]"|0x636d69a5
11:36:24.0 (545683313)|STATEMENT_EXECUTE|[26]
11:36:24.0 (545684881)|STATEMENT_EXECUTE|[27]
11:36:24.0 (545821929)|SAVEPOINT_ROLLBACK|[27]|SavepointValue0
11:36:24.0 (546096521)|STATEMENT_EXECUTE|[28]
11:36:24.0 (546109609)|HEAP_ALLOCATE|[28]|Bytes:11
11:36:24.0 (546202867)|HEAP_ALLOCATE|[28]|Bytes:158
11:36:24.0 (546223169)|HEAP_ALLOCATE|[28]|Bytes:169
11:36:24.0 (546403098)|FATAL_ERROR|System.AuraHandledException: Script-thrown exception

Class.RegistrationFormController.saveRegistration: line 28, column 1
11:36:24.0 (546411676)|FATAL_ERROR|System.AuraHandledException: Script-thrown exception

Class.RegistrationFormController.saveRegistration: line 28, column 1
11:36:24.546 (546466106)|CUMULATIVE_LIMIT_USAGE
11:36:24.546 (546466106)|LIMIT_USAGE_FOR_NS|(default)|
  Number of SOQL queries: 2 out of 100
  Number of query rows: 2 out of 50000
  Number of SOSL queries: 0 out of 20
  Number of DML statements: 3 out of 150
  Number of Publish Immediate DML: 0 out of 150
  Number of DML rows: 1 out of 10000
  Maximum CPU time: 0 out of 10000
  Maximum heap size: 0 out of 6000000
  Number of callouts: 0 out of 100
  Number of Email Invocations: 0 out of 10
  Number of future calls: 0 out of 50
  Number of queueable jobs added to the queue: 0 out of 50
  Number of Mobile Apex push calls: 0 out of 10

11:36:24.546 (546466106)|CUMULATIVE_LIMIT_USAGE_END

11:36:24.0 (546528325)|CODE_UNIT_FINISHED|RegistrationFormController.saveRegistration(Map<String,ANY>)
11:36:24.0 (546782861)|CODE_UNIT_FINISHED|apex://RegistrationFormController/ACTION$saveRegistration
11:36:24.0 (546792803)|EXECUTION_FINISHED
