66.0 APEX_CODE,FINEST;APEX_PROFILING,INFO;CALLOUT,INFO;DATA_ACCESS,INFO;DB,INFO;NBA,INFO;SYSTEM,DEBUG;VALIDATION,INFO;VISUALFORCE,INFO;WAVE,INFO;WORKFLOW,INFO
15:28:23.2 (2114095)|USER_INFO|[EXTERNAL]|0057F0000042UBb|ishibashi@hurex.co.jp.dev1|(GMT+09:00) 日本標準時 (Asia/Tokyo)|GMT+09:00
15:28:23.2 (2157204)|EXECUTION_STARTED
15:28:23.2 (2169421)|CODE_UNIT_STARTED|[EXTERNAL]|apex://CustomNotificationController/ACTION$getNotifications
15:28:23.2 (5006885)|CODE_UNIT_STARTED|[EXTERNAL]|01pBK000001VvEL|CustomNotificationController.getNotifications(String)
15:28:23.2 (7895082)|HEAP_ALLOCATE|[95]|Bytes:3
15:28:23.2 (8005219)|HEAP_ALLOCATE|[100]|Bytes:152
15:28:23.2 (8023967)|HEAP_ALLOCATE|[417]|Bytes:408
15:28:23.2 (8040230)|HEAP_ALLOCATE|[430]|Bytes:408
15:28:23.2 (8063646)|HEAP_ALLOCATE|[317]|Bytes:6
15:28:23.2 (8132583)|HEAP_ALLOCATE|[EXTERNAL]|Bytes:7
15:28:23.2 (8147441)|METHOD_ENTRY|[1]|01pBK000001VvEL|CustomNotificationController.CustomNotificationController()
15:28:23.2 (8152886)|STATEMENT_EXECUTE|[1]
15:28:23.2 (8158640)|STATEMENT_EXECUTE|[1]
15:28:23.2 (8182384)|HEAP_ALLOCATE|[68]|Bytes:5
15:28:23.2 (8212553)|HEAP_ALLOCATE|[74]|Bytes:5
15:28:23.2 (8217421)|HEAP_ALLOCATE|[82]|Bytes:7
15:28:23.2 (8589868)|HEAP_ALLOCATE|[EXTERNAL]|Bytes:5
15:28:23.2 (8603361)|METHOD_EXIT|[1]|CustomNotificationController
15:28:23.2 (8611943)|VARIABLE_SCOPE_BEGIN|[5]|before|String|false|false
15:28:23.2 (8638749)|VARIABLE_ASSIGNMENT|[5]|before|null
15:28:23.2 (8649383)|HEAP_ALLOCATE|[6]|Bytes:5
15:28:23.2 (8652471)|STATEMENT_EXECUTE|[5]
15:28:23.2 (8653731)|STATEMENT_EXECUTE|[6]
15:28:23.2 (8683699)|VARIABLE_SCOPE_BEGIN|[6]|req|System.HttpRequest|true|false
15:28:23.2 (8915374)|VARIABLE_ASSIGNMENT|[6]|req|"System.HttpRequest[Endpoint=null, Method=null]"|0x12efab05
15:28:23.2 (8922017)|STATEMENT_EXECUTE|[7]
15:28:23.2 (8925907)|HEAP_ALLOCATE|[7]|Bytes:3
15:28:23.2 (8995858)|STATEMENT_EXECUTE|[8]
15:28:23.2 (8997359)|HEAP_ALLOCATE|[8]|Bytes:13
15:28:23.2 (9000057)|HEAP_ALLOCATE|[8]|Bytes:7
15:28:23.2 (9046300)|HEAP_ALLOCATE|[8]|Bytes:105
15:28:23.2 (9054899)|SYSTEM_METHOD_ENTRY|[1]|UserInfo.UserInfo()
15:28:23.2 (9057053)|STATEMENT_EXECUTE|[1]
15:28:23.2 (9062664)|SYSTEM_METHOD_EXIT|[1]|UserInfo
15:28:23.2 (9072622)|METHOD_ENTRY|[8]||System.UserInfo.getSessionId()
15:28:23.2 (21298129)|METHOD_EXIT|[8]||System.UserInfo.getSessionId()
15:28:23.2 (21343169)|HEAP_ALLOCATE|[8]|Bytes:119
15:28:23.2 (21412889)|STATEMENT_EXECUTE|[10]
15:28:23.2 (21481091)|HEAP_ALLOCATE|[10]|Bytes:67
15:28:23.2 (21499274)|SYSTEM_METHOD_ENTRY|[1]|Url.Url()
15:28:23.2 (21501873)|STATEMENT_EXECUTE|[1]
15:28:23.2 (21512288)|SYSTEM_METHOD_EXIT|[1]|Url
15:28:23.2 (21525016)|METHOD_ENTRY|[10]||System.Url.getOrgDomainUrl()
15:28:23.2 (21758915)|METHOD_EXIT|[10]||System.Url.getOrgDomainUrl()
15:28:23.2 (21776633)|METHOD_ENTRY|[10]||System.Url.toExternalForm()
15:28:23.2 (21807301)|METHOD_EXIT|[10]||System.Url.toExternalForm()
15:28:23.2 (21811153)|VARIABLE_SCOPE_BEGIN|[10]|domainPath|String|false|false
15:28:23.2 (21831818)|VARIABLE_ASSIGNMENT|[10]|domainPath|"https://hurex--dev1. (25 more) ..."
15:28:23.2 (21835553)|STATEMENT_EXECUTE|[11]
15:28:23.2 (21838948)|HEAP_ALLOCATE|[11]|Bytes:50
15:28:23.2 (21846194)|HEAP_ALLOCATE|[11]|Bytes:95
15:28:23.2 (21848758)|VARIABLE_SCOPE_BEGIN|[11]|endpoint|String|false|false
15:28:23.2 (21854031)|VARIABLE_ASSIGNMENT|[11]|endpoint|"https://hurex--dev1. (75 more) ..."
15:28:23.2 (21902770)|STATEMENT_EXECUTE|[13]
15:28:23.2 (21903874)|STATEMENT_EXECUTE|[16]
15:28:23.2 (21935132)|STATEMENT_EXECUTE|[18]
15:28:23.2 (21956297)|VARIABLE_SCOPE_BEGIN|[18]|http|System.Http|true|false
15:28:23.2 (22089704)|VARIABLE_ASSIGNMENT|[18]|http|"System.Http[]"|0x4cdf8944
15:28:23.2 (22097033)|STATEMENT_EXECUTE|[19]
15:28:23.2 (22220530)|CALLOUT_REQUEST|[19]|System.HttpRequest[Endpoint=https://hurex--dev1.sandbox.my.salesforce.com/services/data/v56.0/connect/notifications?size=20, Method=GET]
15:28:23.2 (142065504)|HEAP_ALLOCATE|[EXTERNAL]|Bytes:939
15:28:23.2 (144549318)|CALLOUT_RESPONSE|[19]|System.HttpResponse[Status=Unauthorized, StatusCode=401]
15:28:23.2 (144578743)|HEAP_ALLOCATE|[19]|Bytes:91
15:28:23.2 (144605507)|VARIABLE_SCOPE_BEGIN|[19]|res|System.HttpResponse|true|false
15:28:23.2 (144674767)|VARIABLE_ASSIGNMENT|[19]|res|"System.HttpResponse[Status=Unauthorized, StatusCode=401]"|0x40facc44
15:28:23.2 (144754119)|STATEMENT_EXECUTE|[23]
15:28:23.2 (144755545)|STATEMENT_EXECUTE|[24]
15:28:23.2 (144791707)|HEAP_ALLOCATE|[24]|Bytes:9
15:28:23.2 (144817715)|HEAP_ALLOCATE|[24]|Bytes:75
15:28:23.2 (144829484)|HEAP_ALLOCATE|[24]|Bytes:84
15:28:23.2 (145029419)|FATAL_ERROR|System.AuraHandledException: Script-thrown exception

Class.CustomNotificationController.getNotifications: line 24, column 1
15:28:23.2 (145039552)|FATAL_ERROR|System.AuraHandledException: Script-thrown exception

Class.CustomNotificationController.getNotifications: line 24, column 1
15:28:23.145 (145045704)|CUMULATIVE_LIMIT_USAGE
15:28:23.145 (145045704)|LIMIT_USAGE_FOR_NS|(default)|
  Number of SOQL queries: 0 out of 100
  Number of query rows: 0 out of 50000
  Number of SOSL queries: 0 out of 20
  Number of DML statements: 0 out of 150
  Number of Publish Immediate DML: 0 out of 150
  Number of DML rows: 0 out of 10000
  Maximum CPU time: 0 out of 10000
  Maximum heap size: 0 out of 6000000
  Number of callouts: 1 out of 100
  Number of Email Invocations: 0 out of 10
  Number of future calls: 0 out of 50
  Number of queueable jobs added to the queue: 0 out of 50
  Number of Mobile Apex push calls: 0 out of 10

15:28:23.145 (145045704)|CUMULATIVE_LIMIT_USAGE_END

15:28:23.2 (145075593)|CODE_UNIT_FINISHED|CustomNotificationController.getNotifications(String)
15:28:23.2 (145265472)|CODE_UNIT_FINISHED|apex://CustomNotificationController/ACTION$getNotifications
15:28:23.2 (145271024)|EXECUTION_FINISHED
