66.0 APEX_CODE,FINEST;APEX_PROFILING,INFO;CALLOUT,INFO;DATA_ACCESS,INFO;DB,INFO;NBA,INFO;SYSTEM,DEBUG;VALIDATION,INFO;VISUALFORCE,INFO;WAVE,INFO;WORKFLOW,INFO
17:33:53.0 (291101)|USER_INFO|[EXTERNAL]|0057F0000042UBb|ishibashi@hurex.co.jp.dev1|(GMT+09:00) 日本標準時 (Asia/Tokyo)|GMT+09:00
17:33:53.0 (341954)|EXECUTION_STARTED
17:33:53.0 (356772)|CODE_UNIT_STARTED|[EXTERNAL]|VisualForce View State
17:33:53.0 (5182180)|CODE_UNIT_FINISHED|VisualForce View State
17:33:53.0 (5203362)|EXECUTION_FINISHED
17:33:53.85 (85139236)|USER_INFO|[EXTERNAL]|0057F0000042UBb|ishibashi@hurex.co.jp.dev1|(GMT+09:00) 日本標準時 (Asia/Tokyo)|GMT+09:00
17:33:53.85 (164861430)|SYSTEM_MODE_ENTER|true
17:33:53.174 (174291570)|CUMULATIVE_LIMIT_USAGE
17:33:53.174 (174291570)|LIMIT_USAGE_FOR_NS|(default)|
  Number of SOQL queries: 0 out of 100
  Number of query rows: 0 out of 50000
  Number of SOSL queries: 0 out of 20
  Number of DML statements: 0 out of 150
  Number of Publish Immediate DML: 0 out of 150
  Number of DML rows: 0 out of 10000
  Maximum CPU time: 0 out of 10000
  Maximum heap size: 0 out of 6000000
  Number of callouts: 0 out of 100
  Number of Email Invocations: 0 out of 10
  Number of future calls: 0 out of 50
  Number of queueable jobs added to the queue: 0 out of 50
  Number of Mobile Apex push calls: 0 out of 10

17:33:53.174 (174291570)|CUMULATIVE_LIMIT_USAGE_END

