66.0 APEX_CODE,FINEST;APEX_PROFILING,INFO;CALLOUT,INFO;DATA_ACCESS,INFO;DB,INFO;NBA,INFO;SYSTEM,DEBUG;VALIDATION,INFO;VISUALFORCE,INFO;WAVE,INFO;WORKFLOW,INFO
12:00:20.2 (2139445)|USER_INFO|[EXTERNAL]|0057F0000042UBb|ishibashi@hurex.co.jp.dev1|(GMT+09:00) 日本標準時 (Asia/Tokyo)|GMT+09:00
12:00:20.2 (2180531)|EXECUTION_STARTED
12:00:20.2 (2199393)|CODE_UNIT_STARTED|[EXTERNAL]|apex://PicklistController/ACTION$getPicklistOptions
12:00:20.2 (5015595)|CODE_UNIT_STARTED|[EXTERNAL]|01pBK000001iHe5|PicklistController.getPicklistOptions(String, String)
12:00:20.2 (5317097)|HEAP_ALLOCATE|[95]|Bytes:3
12:00:20.2 (5393588)|HEAP_ALLOCATE|[100]|Bytes:152
12:00:20.2 (5407034)|HEAP_ALLOCATE|[417]|Bytes:408
12:00:20.2 (5417540)|HEAP_ALLOCATE|[430]|Bytes:408
12:00:20.2 (5440930)|HEAP_ALLOCATE|[317]|Bytes:6
12:00:20.2 (5453907)|HEAP_ALLOCATE|[EXTERNAL]|Bytes:1
12:00:20.2 (5470143)|METHOD_ENTRY|[1]|01pBK000001iHe5|PicklistController.PicklistController()
12:00:20.2 (5477369)|STATEMENT_EXECUTE|[1]
12:00:20.2 (5482782)|STATEMENT_EXECUTE|[1]
12:00:20.2 (5503281)|HEAP_ALLOCATE|[68]|Bytes:5
12:00:20.2 (5530067)|HEAP_ALLOCATE|[74]|Bytes:5
12:00:20.2 (5535241)|HEAP_ALLOCATE|[82]|Bytes:7
12:00:20.2 (5696334)|HEAP_ALLOCATE|[EXTERNAL]|Bytes:5
12:00:20.2 (5707592)|METHOD_EXIT|[1]|PicklistController
12:00:20.2 (5711795)|HEAP_ALLOCATE|[EXTERNAL]|Bytes:7
12:00:20.2 (5713743)|HEAP_ALLOCATE|[EXTERNAL]|Bytes:18
12:00:20.2 (5720409)|VARIABLE_SCOPE_BEGIN|[3]|objectName|String|false|false
12:00:20.2 (5751705)|VARIABLE_ASSIGNMENT|[3]|objectName|"Account"
12:00:20.2 (5754902)|VARIABLE_SCOPE_BEGIN|[3]|fieldName|String|false|false
12:00:20.2 (5759994)|VARIABLE_ASSIGNMENT|[3]|fieldName|"PreferredSalary__c"
12:00:20.2 (5767457)|HEAP_ALLOCATE|[4]|Bytes:5
12:00:20.2 (5770458)|STATEMENT_EXECUTE|[3]
12:00:20.2 (5771432)|STATEMENT_EXECUTE|[4]
12:00:20.2 (5789864)|HEAP_ALLOCATE|[4]|Bytes:4
12:00:20.2 (5829709)|VARIABLE_SCOPE_BEGIN|[4]|options|List<Map<String,String>>|true|false
12:00:20.2 (5869466)|HEAP_ALLOCATE|[EXTERNAL]|Bytes:4
12:00:20.2 (5881908)|VARIABLE_ASSIGNMENT|[4]|options|[]|0x73d9dadc
12:00:20.2 (5886264)|STATEMENT_EXECUTE|[5]
12:00:20.2 (122238534)|HEAP_ALLOCATE|[5]|Bytes:5300
12:00:20.2 (122277113)|VARIABLE_SCOPE_BEGIN|[5]|globalDescribe|Map<String,Schema.SObjectType>|true|false
12:00:20.2 (122937068)|VARIABLE_ASSIGNMENT|[5]|globalDescribe|"{acceptedeventrelation=AcceptedEventRelation, account=Account, accountbrand=AccountBrand, accountbrandshare=AccountBrandShare, accountchangeevent=AccountChangeEvent, accountcontactrole=AccountContactRole, accountcontactrolechangeevent=AccountContactRoleChangeEvent, accountfeed=AccountFeed, accounthistory=AccountHistory, accountpartner=AccountPartner, ...}"|0x25535045
12:00:20.2 (122949454)|STATEMENT_EXECUTE|[6]
12:00:20.2 (123037249)|VARIABLE_SCOPE_BEGIN|[6]|objType|Schema.SObjectType|true|false
12:00:20.2 (123119350)|VARIABLE_ASSIGNMENT|[6]|objType|"common.apex.runtime.impl.ApexSObjectTypeToken@241a3ac"|0x241a3ac
12:00:20.2 (123124655)|STATEMENT_EXECUTE|[7]
12:00:20.2 (123125764)|STATEMENT_EXECUTE|[10]
12:00:20.2 (126203189)|HEAP_ALLOCATE|[10]|Bytes:4
12:00:20.2 (134630016)|HEAP_ALLOCATE|[10]|Bytes:1552
12:00:20.2 (134670725)|VARIABLE_SCOPE_BEGIN|[10]|fieldMap|Map<String,Schema.SObjectField>|true|false
12:00:20.2 (135097296)|VARIABLE_ASSIGNMENT|[10]|fieldMap|"{accountnumber=AccountNumber, accountsource=AccountSource, addressfurigana__c=AddressFurigana__c, addressmemo__c=AddressMemo__c, age__pc=Age__pc, agentusagestatus__pc=AgentUsageStatus__pc, annualhiringtarget__c=AnnualHiringTarget__c, annualrevenue=AnnualRevenue, annualrevenue__c=AnnualRevenue__c, aobampmemo__c=AobaMpMemo__c, ...}"|0x5d32bb5e
12:00:20.2 (135110121)|STATEMENT_EXECUTE|[11]
12:00:20.2 (135205867)|VARIABLE_SCOPE_BEGIN|[11]|field|Schema.SObjectField|true|false
12:00:20.2 (135286145)|VARIABLE_ASSIGNMENT|[11]|field|"common.apex.runtime.impl.ApexFieldToken@6fcfa124"|0x6fcfa124
12:00:20.2 (135293213)|STATEMENT_EXECUTE|[12]
12:00:20.2 (135294906)|STATEMENT_EXECUTE|[16]
12:00:20.2 (135340999)|SYSTEM_MODE_ENTER|true
12:00:20.2 (147685776)|HEAP_ALLOCATE|[EXTERNAL]|Bytes:4
12:00:20.2 (147824791)|HEAP_ALLOCATE|[16]|Bytes:8
12:00:20.2 (147857030)|VARIABLE_SCOPE_BEGIN|[16]|fieldDescribe|Schema.DescribeFieldResult|true|false
12:00:20.2 (149053412)|VARIABLE_ASSIGNMENT|[16]|fieldDescribe|"common.api.soap.wsdl.Field@dffcb826"|0x7a8e22fb
12:00:20.2 (150085381)|HEAP_ALLOCATE|[17]|Bytes:16
12:00:20.2 (150217076)|STATEMENT_EXECUTE|[17]
12:00:20.2 (150220554)|STATEMENT_EXECUTE|[22]
12:00:20.2 (150267794)|HEAP_ALLOCATE|[EXTERNAL]|Bytes:48
12:00:20.2 (150334669)|HEAP_ALLOCATE|[22]|Bytes:48
12:00:20.2 (150345699)|VARIABLE_SCOPE_BEGIN|[22]|picklistEntries|List<Schema.PicklistEntry>|true|false
12:00:20.2 (150368707)|VARIABLE_ASSIGNMENT|[22]|picklistEntries|"List of size 11 too large to display"|0x77f67324
12:00:20.2 (150572414)|HEAP_ALLOCATE|[24]|Bytes:5
12:00:20.2 (150594878)|HEAP_ALLOCATE|[24]|Bytes:4
12:00:20.2 (150603232)|VARIABLE_SCOPE_BEGIN|[24]|entry|Schema.PicklistEntry|true|false
12:00:20.2 (150620475)|VARIABLE_ASSIGNMENT|[24]|entry|指定なし|0x467a6fba
12:00:20.2 (150628317)|STATEMENT_EXECUTE|[24]
12:00:20.2 (150644439)|STATEMENT_EXECUTE|[25]
12:00:20.2 (150645536)|STATEMENT_EXECUTE|[26]
12:00:20.2 (150662898)|HEAP_ALLOCATE|[26]|Bytes:4
12:00:20.2 (150675579)|HEAP_ALLOCATE|[27]|Bytes:5
12:00:20.2 (150685771)|HEAP_ALLOCATE|[27]|Bytes:4
12:00:20.2 (150717167)|HEAP_ALLOCATE|[28]|Bytes:5
12:00:20.2 (150725634)|HEAP_ALLOCATE|[28]|Bytes:4
12:00:20.2 (150747698)|HEAP_ALLOCATE|[EXTERNAL]|Bytes:4
12:00:20.2 (150757988)|HEAP_ALLOCATE|[24]|Bytes:5
12:00:20.2 (150765568)|HEAP_ALLOCATE|[24]|Bytes:4
12:00:20.2 (150769935)|VARIABLE_SCOPE_BEGIN|[24]|entry|Schema.PicklistEntry|true|false
12:00:20.2 (150778228)|VARIABLE_ASSIGNMENT|[24]|entry|200万円以下|0x81bb020
12:00:20.2 (150783353)|STATEMENT_EXECUTE|[24]
12:00:20.2 (150786744)|STATEMENT_EXECUTE|[25]
12:00:20.2 (150787869)|STATEMENT_EXECUTE|[26]
12:00:20.2 (150792558)|HEAP_ALLOCATE|[26]|Bytes:4
12:00:20.2 (150798188)|HEAP_ALLOCATE|[27]|Bytes:7
12:00:20.2 (150807599)|HEAP_ALLOCATE|[28]|Bytes:7
12:00:20.2 (150816953)|HEAP_ALLOCATE|[EXTERNAL]|Bytes:4
12:00:20.2 (150825220)|HEAP_ALLOCATE|[24]|Bytes:5
12:00:20.2 (150831461)|HEAP_ALLOCATE|[24]|Bytes:4
12:00:20.2 (150835107)|VARIABLE_SCOPE_BEGIN|[24]|entry|Schema.PicklistEntry|true|false
12:00:20.2 (150841924)|VARIABLE_ASSIGNMENT|[24]|entry|201万円～300万円|0x5bef0ffb
12:00:20.2 (150846355)|STATEMENT_EXECUTE|[24]
12:00:20.2 (150849399)|STATEMENT_EXECUTE|[25]
12:00:20.2 (150850609)|STATEMENT_EXECUTE|[26]
12:00:20.2 (150854076)|HEAP_ALLOCATE|[26]|Bytes:4
12:00:20.2 (150859253)|HEAP_ALLOCATE|[27]|Bytes:11
12:00:20.2 (150866612)|HEAP_ALLOCATE|[28]|Bytes:11
12:00:20.2 (150874859)|HEAP_ALLOCATE|[EXTERNAL]|Bytes:4
12:00:20.2 (150881299)|HEAP_ALLOCATE|[24]|Bytes:5
12:00:20.2 (150887161)|HEAP_ALLOCATE|[24]|Bytes:4
12:00:20.2 (150890753)|VARIABLE_SCOPE_BEGIN|[24]|entry|Schema.PicklistEntry|true|false
12:00:20.2 (150897625)|VARIABLE_ASSIGNMENT|[24]|entry|301万円～400万円|0x53aab26a
12:00:20.2 (150901733)|STATEMENT_EXECUTE|[24]
12:00:20.2 (150904266)|STATEMENT_EXECUTE|[25]
12:00:20.2 (150905444)|STATEMENT_EXECUTE|[26]
12:00:20.2 (150908994)|HEAP_ALLOCATE|[26]|Bytes:4
12:00:20.2 (150914494)|HEAP_ALLOCATE|[27]|Bytes:11
12:00:20.2 (150923014)|HEAP_ALLOCATE|[28]|Bytes:11
12:00:20.2 (150933904)|HEAP_ALLOCATE|[EXTERNAL]|Bytes:4
12:00:20.2 (150943298)|HEAP_ALLOCATE|[24]|Bytes:5
12:00:20.2 (150951092)|HEAP_ALLOCATE|[24]|Bytes:4
12:00:20.2 (150955220)|VARIABLE_SCOPE_BEGIN|[24]|entry|Schema.PicklistEntry|true|false
12:00:20.2 (150962150)|VARIABLE_ASSIGNMENT|[24]|entry|401万円～500万円|0x4638001a
12:00:20.2 (150966228)|STATEMENT_EXECUTE|[24]
12:00:20.2 (150969010)|STATEMENT_EXECUTE|[25]
12:00:20.2 (150970167)|STATEMENT_EXECUTE|[26]
12:00:20.2 (150973309)|HEAP_ALLOCATE|[26]|Bytes:4
12:00:20.2 (150977858)|HEAP_ALLOCATE|[27]|Bytes:11
12:00:20.2 (150984969)|HEAP_ALLOCATE|[28]|Bytes:11
12:00:20.2 (150993793)|HEAP_ALLOCATE|[EXTERNAL]|Bytes:4
12:00:20.2 (151000256)|HEAP_ALLOCATE|[24]|Bytes:5
12:00:20.2 (151006699)|HEAP_ALLOCATE|[24]|Bytes:4
12:00:20.2 (151009977)|VARIABLE_SCOPE_BEGIN|[24]|entry|Schema.PicklistEntry|true|false
12:00:20.2 (151016872)|VARIABLE_ASSIGNMENT|[24]|entry|501万円～600万円|0x13f7324d
12:00:20.2 (151021000)|STATEMENT_EXECUTE|[24]
12:00:20.2 (151023780)|STATEMENT_EXECUTE|[25]
12:00:20.2 (151025513)|STATEMENT_EXECUTE|[26]
12:00:20.2 (151029189)|HEAP_ALLOCATE|[26]|Bytes:4
12:00:20.2 (151034183)|HEAP_ALLOCATE|[27]|Bytes:11
12:00:20.2 (151041775)|HEAP_ALLOCATE|[28]|Bytes:11
12:00:20.2 (151049871)|HEAP_ALLOCATE|[EXTERNAL]|Bytes:4
12:00:20.2 (151056358)|HEAP_ALLOCATE|[24]|Bytes:5
12:00:20.2 (151061980)|HEAP_ALLOCATE|[24]|Bytes:4
12:00:20.2 (151066113)|VARIABLE_SCOPE_BEGIN|[24]|entry|Schema.PicklistEntry|true|false
12:00:20.2 (151073250)|VARIABLE_ASSIGNMENT|[24]|entry|601万円～700万円|0x30c4671f
12:00:20.2 (151077180)|STATEMENT_EXECUTE|[24]
12:00:20.2 (151079682)|STATEMENT_EXECUTE|[25]
12:00:20.2 (151080898)|STATEMENT_EXECUTE|[26]
12:00:20.2 (151084353)|HEAP_ALLOCATE|[26]|Bytes:4
12:00:20.2 (151088903)|HEAP_ALLOCATE|[27]|Bytes:11
12:00:20.2 (151096679)|HEAP_ALLOCATE|[28]|Bytes:11
12:00:20.2 (151104729)|HEAP_ALLOCATE|[EXTERNAL]|Bytes:4
12:00:20.2 (151111475)|HEAP_ALLOCATE|[24]|Bytes:5
12:00:20.2 (151117482)|HEAP_ALLOCATE|[24]|Bytes:4
12:00:20.2 (151123643)|VARIABLE_SCOPE_BEGIN|[24]|entry|Schema.PicklistEntry|true|false
12:00:20.2 (151129502)|VARIABLE_ASSIGNMENT|[24]|entry|701万円～800万円|0x36fbba8f
12:00:20.2 (151133192)|STATEMENT_EXECUTE|[24]
12:00:20.2 (151136304)|STATEMENT_EXECUTE|[25]
12:00:20.2 (151137337)|STATEMENT_EXECUTE|[26]
12:00:20.2 (151140640)|HEAP_ALLOCATE|[26]|Bytes:4
12:00:20.2 (151145524)|HEAP_ALLOCATE|[27]|Bytes:11
12:00:20.2 (151153548)|HEAP_ALLOCATE|[28]|Bytes:11
12:00:20.2 (151162000)|HEAP_ALLOCATE|[EXTERNAL]|Bytes:4
12:00:20.2 (151168846)|HEAP_ALLOCATE|[24]|Bytes:5
12:00:20.2 (151174504)|HEAP_ALLOCATE|[24]|Bytes:4
12:00:20.2 (151177901)|VARIABLE_SCOPE_BEGIN|[24]|entry|Schema.PicklistEntry|true|false
12:00:20.2 (151271017)|VARIABLE_ASSIGNMENT|[24]|entry|801万円～900万円|0x30c5549a
12:00:20.2 (151275928)|STATEMENT_EXECUTE|[24]
12:00:20.2 (151278780)|STATEMENT_EXECUTE|[25]
12:00:20.2 (151279880)|STATEMENT_EXECUTE|[26]
12:00:20.2 (151283580)|HEAP_ALLOCATE|[26]|Bytes:4
12:00:20.2 (151288271)|HEAP_ALLOCATE|[27]|Bytes:11
12:00:20.2 (151296408)|HEAP_ALLOCATE|[28]|Bytes:11
12:00:20.2 (151309653)|HEAP_ALLOCATE|[EXTERNAL]|Bytes:4
12:00:20.2 (151317189)|HEAP_ALLOCATE|[24]|Bytes:5
12:00:20.2 (151323504)|HEAP_ALLOCATE|[24]|Bytes:4
12:00:20.2 (151327640)|VARIABLE_SCOPE_BEGIN|[24]|entry|Schema.PicklistEntry|true|false
12:00:20.2 (151334575)|VARIABLE_ASSIGNMENT|[24]|entry|901万円～1000万円|0x1a8a6d95
12:00:20.2 (151338560)|STATEMENT_EXECUTE|[24]
12:00:20.2 (151340773)|STATEMENT_EXECUTE|[25]
12:00:20.2 (151341916)|STATEMENT_EXECUTE|[26]
12:00:20.2 (151345068)|HEAP_ALLOCATE|[26]|Bytes:4
12:00:20.2 (151349446)|HEAP_ALLOCATE|[27]|Bytes:12
12:00:20.2 (151356585)|HEAP_ALLOCATE|[28]|Bytes:12
12:00:20.2 (151364740)|HEAP_ALLOCATE|[EXTERNAL]|Bytes:4
12:00:20.2 (151373662)|HEAP_ALLOCATE|[24]|Bytes:5
12:00:20.2 (151379718)|HEAP_ALLOCATE|[24]|Bytes:4
12:00:20.2 (151383351)|VARIABLE_SCOPE_BEGIN|[24]|entry|Schema.PicklistEntry|true|false
12:00:20.2 (151389940)|VARIABLE_ASSIGNMENT|[24]|entry|1001万円以上|0x9650d44
12:00:20.2 (151393925)|STATEMENT_EXECUTE|[24]
12:00:20.2 (151396561)|STATEMENT_EXECUTE|[25]
12:00:20.2 (151398756)|STATEMENT_EXECUTE|[26]
12:00:20.2 (151402135)|HEAP_ALLOCATE|[26]|Bytes:4
12:00:20.2 (151406315)|HEAP_ALLOCATE|[27]|Bytes:8
12:00:20.2 (151413325)|HEAP_ALLOCATE|[28]|Bytes:8
12:00:20.2 (151422080)|HEAP_ALLOCATE|[EXTERNAL]|Bytes:4
12:00:20.2 (151430275)|HEAP_ALLOCATE|[24]|Bytes:5
12:00:20.2 (151438365)|VARIABLE_ASSIGNMENT|[24]|entry|null|
12:00:20.2 (151443390)|STATEMENT_EXECUTE|[32]
12:00:20.151 (151506030)|CUMULATIVE_LIMIT_USAGE
12:00:20.151 (151506030)|LIMIT_USAGE_FOR_NS|(default)|
  Number of SOQL queries: 0 out of 100
  Number of query rows: 0 out of 50000
  Number of SOSL queries: 0 out of 20
  Number of DML statements: 0 out of 0
  Number of Publish Immediate DML: 0 out of 150
  Number of DML rows: 0 out of 10000
  Maximum CPU time: 0 out of 10000
  Maximum heap size: 0 out of 6000000
  Number of callouts: 0 out of 100
  Number of Email Invocations: 0 out of 10
  Number of future calls: 0 out of 50
  Number of queueable jobs added to the queue: 0 out of 50
  Number of Mobile Apex push calls: 0 out of 10

12:00:20.151 (151506030)|CUMULATIVE_LIMIT_USAGE_END

12:00:20.2 (151601490)|CODE_UNIT_FINISHED|PicklistController.getPicklistOptions(String, String)
12:00:20.2 (151816146)|CODE_UNIT_FINISHED|apex://PicklistController/ACTION$getPicklistOptions
12:00:20.2 (151824302)|EXECUTION_FINISHED
