66.0 APEX_CODE,FINEST;APEX_PROFILING,INFO;CALLOUT,INFO;DATA_ACCESS,INFO;DB,INFO;NBA,INFO;SYSTEM,DEBUG;VALIDATION,INFO;VISUALFORCE,INFO;WAVE,INFO;WORKFLOW,INFO
Execute Anonymous: String token = PORTERSAuthHelper.getAccessToken();
Execute Anonymous: System.debug('新 token: ' + token);
16:35:17.1 (1123271)|USER_INFO|[EXTERNAL]|0057F0000042UBb|ishibashi@hurex.co.jp.dev1|(GMT+09:00) 日本標準時 (Asia/Tokyo)|GMT+09:00
16:35:17.1 (1143820)|EXECUTION_STARTED
16:35:17.1 (1153222)|CODE_UNIT_STARTED|[EXTERNAL]|execute_anonymous_apex
16:35:17.1 (1283028)|VARIABLE_SCOPE_BEGIN|[1]|token|String|false|false
16:35:17.1 (1398727)|HEAP_ALLOCATE|[95]|Bytes:3
16:35:17.1 (1446294)|HEAP_ALLOCATE|[100]|Bytes:152
16:35:17.1 (1464879)|HEAP_ALLOCATE|[417]|Bytes:408
16:35:17.1 (1478496)|HEAP_ALLOCATE|[430]|Bytes:408
16:35:17.1 (1497774)|HEAP_ALLOCATE|[317]|Bytes:6
16:35:17.1 (1513709)|HEAP_ALLOCATE|[EXTERNAL]|Bytes:3
16:35:17.1 (1597114)|STATEMENT_EXECUTE|[1]
16:35:17.1 (1599594)|STATEMENT_EXECUTE|[1]
16:35:17.1 (1633368)|HEAP_ALLOCATE|[68]|Bytes:5
16:35:17.1 (1655098)|HEAP_ALLOCATE|[74]|Bytes:5
16:35:17.1 (1660040)|HEAP_ALLOCATE|[82]|Bytes:7
16:35:17.1 (1674149)|SYSTEM_MODE_ENTER|false
16:35:17.1 (1698709)|HEAP_ALLOCATE|[1]|Bytes:5
16:35:17.1 (5016931)|VARIABLE_SCOPE_BEGIN|[3]|PORTERSAuthHelper.CLIENT_ID|String|false|true
16:35:17.1 (5032942)|VARIABLE_SCOPE_BEGIN|[5]|PORTERSAuthHelper.DEFAULT_TOKEN_EXPIRES_SEC|Integer|false|true
16:35:17.1 (5037289)|VARIABLE_SCOPE_BEGIN|[4]|PORTERSAuthHelper.DEV_MODE_LIMIT|Integer|false|true
16:35:17.1 (5041495)|VARIABLE_SCOPE_BEGIN|[2]|PORTERSAuthHelper.TOKEN_ENDPOINT|String|false|true
16:35:17.1 (5098073)|HEAP_ALLOCATE|[1]|Bytes:28
16:35:17.1 (5105087)|HEAP_ALLOCATE|[1]|Bytes:19
16:35:17.1 (5107021)|HEAP_ALLOCATE|[1]|Bytes:32
16:35:17.1 (5141997)|VARIABLE_ASSIGNMENT|[1]|PORTERSAuthHelper.CLIENT_ID|"a8678131f29ea6faf1ca (12 more) ..."
16:35:17.1 (5145570)|HEAP_ALLOCATE|[1]|Bytes:45
16:35:17.1 (5149871)|VARIABLE_ASSIGNMENT|[1]|PORTERSAuthHelper.TOKEN_ENDPOINT|"https://api-hrbc-jp. (25 more) ..."
16:35:17.1 (5177264)|METHOD_ENTRY|[1]|01pBK000001Z5HB|PORTERSAuthHelper.PORTERSAuthHelper()
16:35:17.1 (5183180)|STATEMENT_EXECUTE|[1]
16:35:17.1 (5187898)|STATEMENT_EXECUTE|[1]
16:35:17.1 (5200977)|HEAP_ALLOCATE|[4]|Bytes:5
16:35:17.1 (5205141)|STATEMENT_EXECUTE|[4]
16:35:17.1 (5213686)|HEAP_ALLOCATE|[4]|Bytes:4
16:35:17.1 (5222318)|VARIABLE_ASSIGNMENT|[4]|PORTERSAuthHelper.DEV_MODE_LIMIT|50
16:35:17.1 (5225549)|STATEMENT_EXECUTE|[5]
16:35:17.1 (5227914)|HEAP_ALLOCATE|[5]|Bytes:4
16:35:17.1 (5232324)|VARIABLE_ASSIGNMENT|[5]|PORTERSAuthHelper.DEFAULT_TOKEN_EXPIRES_SEC|1800
16:35:17.1 (5235684)|STATEMENT_EXECUTE|[7]
16:35:17.1 (5236871)|STATEMENT_EXECUTE|[116]
16:35:17.1 (5248420)|METHOD_EXIT|[1]|PORTERSAuthHelper
16:35:17.1 (5275799)|METHOD_ENTRY|[1]|01pBK000001Z5HB|PORTERSAuthHelper.getAccessToken()
16:35:17.1 (5307786)|HEAP_ALLOCATE|[12]|Bytes:5
16:35:17.1 (5310083)|STATEMENT_EXECUTE|[11]
16:35:17.1 (5310948)|STATEMENT_EXECUTE|[12]
16:35:17.1 (5316919)|METHOD_ENTRY|[12]|01pBK000001Z5HB|PORTERSAuthHelper.checkCallLimit()
16:35:17.1 (5372721)|HEAP_ALLOCATE|[102]|Bytes:5
16:35:17.1 (5374953)|STATEMENT_EXECUTE|[101]
16:35:17.1 (5375962)|STATEMENT_EXECUTE|[102]
16:35:17.1 (6496061)|HEAP_ALLOCATE|[102]|Bytes:48
16:35:17.1 (6529506)|VARIABLE_SCOPE_BEGIN|[102]|settings|PORTERS_Settings__c|true|false
16:35:17.1 (6733243)|VARIABLE_ASSIGNMENT|[102]|settings|{"LastModifiedDate":"2026-03-27T07:34:36.000Z","Is_Development_Mode__c":true,"IsDeleted":false,"CreatedById":"0057F0000042UBbQAM","Client_Secret__c":"sPeXbzmOIRQwl4zKeRFR (108 more) ...","CreatedDate":"2026-03-05T03:24:41.000Z","Id":"a0PBK000008oB5J2AU","LastModifiedById":"0057F0000042UBbQAM","SetupOwnerId":"00DBK000004uTTF2A2","Name":"a0PBK000008oB5J","SystemModstamp":"2026-03-27T07:34:36.000Z"}|0x2a263ab9
16:35:17.1 (6770803)|STATEMENT_EXECUTE|[103]
16:35:17.1 (6771911)|STATEMENT_EXECUTE|[104]
16:35:17.1 (6778825)|VARIABLE_SCOPE_BEGIN|[104]|currentCount|Integer|false|false
16:35:17.1 (6783895)|HEAP_ALLOCATE|[104]|Bytes:4
16:35:17.1 (6789017)|VARIABLE_ASSIGNMENT|[104]|currentCount|0
16:35:17.1 (6798002)|STATEMENT_EXECUTE|[105]
16:35:17.1 (6807368)|METHOD_EXIT|[12]|01pBK000001Z5HB|PORTERSAuthHelper.checkCallLimit()
16:35:17.1 (6812260)|STATEMENT_EXECUTE|[13]
16:35:17.1 (6908645)|HEAP_ALLOCATE|[13]|Bytes:48
16:35:17.1 (6915705)|VARIABLE_SCOPE_BEGIN|[13]|settings|PORTERS_Settings__c|true|false
16:35:17.1 (6976460)|VARIABLE_ASSIGNMENT|[13]|settings|{"LastModifiedDate":"2026-03-27T07:34:36.000Z","Is_Development_Mode__c":true,"IsDeleted":false,"CreatedById":"0057F0000042UBbQAM","Client_Secret__c":"sPeXbzmOIRQwl4zKeRFR (108 more) ...","CreatedDate":"2026-03-05T03:24:41.000Z","Id":"a0PBK000008oB5J2AU","LastModifiedById":"0057F0000042UBbQAM","SetupOwnerId":"00DBK000004uTTF2A2","Name":"a0PBK000008oB5J","SystemModstamp":"2026-03-27T07:34:36.000Z"}|0x360ae5f9
16:35:17.1 (6990447)|STATEMENT_EXECUTE|[14]
16:35:17.1 (6992343)|STATEMENT_EXECUTE|[17]
16:35:17.1 (6993475)|STATEMENT_EXECUTE|[17]
16:35:17.1 (6994414)|STATEMENT_EXECUTE|[18]
16:35:17.1 (7005289)|METHOD_ENTRY|[18]|01pBK000001Z5HB|PORTERSAuthHelper.getAuthorizationCode()
16:35:17.1 (7034770)|HEAP_ALLOCATE|[28]|Bytes:5
16:35:17.1 (7037964)|STATEMENT_EXECUTE|[27]
16:35:17.1 (7038913)|STATEMENT_EXECUTE|[28]
16:35:17.1 (7042789)|HEAP_ALLOCATE|[28]|Bytes:79
16:35:17.1 (7047421)|HEAP_ALLOCATE|[30]|Bytes:5
16:35:17.1 (7093734)|HEAP_ALLOCATE|[30]|Bytes:15
16:35:17.1 (7103345)|SYSTEM_METHOD_ENTRY|[1]|EncodingUtil.EncodingUtil()
16:35:17.1 (7105417)|STATEMENT_EXECUTE|[1]
16:35:17.1 (7112797)|SYSTEM_METHOD_EXIT|[1]|EncodingUtil
16:35:17.1 (7120911)|METHOD_ENTRY|[30]||System.EncodingUtil.urlEncode(String, String)
16:35:17.1 (12080485)|METHOD_EXIT|[30]||System.EncodingUtil.urlEncode(String, String)
16:35:17.1 (12093790)|HEAP_ALLOCATE|[31]|Bytes:7
16:35:17.1 (12099877)|HEAP_ALLOCATE|[31]|Bytes:48
16:35:17.1 (12105745)|METHOD_ENTRY|[31]||System.EncodingUtil.urlEncode(String, String)
16:35:17.1 (12131163)|METHOD_EXIT|[31]||System.EncodingUtil.urlEncode(String, String)
16:35:17.1 (12142743)|HEAP_ALLOCATE|[28]|Bytes:174
16:35:17.1 (12146773)|VARIABLE_SCOPE_BEGIN|[28]|endpoint|String|false|false
16:35:17.1 (12162143)|VARIABLE_ASSIGNMENT|[28]|endpoint|"https://api-hrbc-jp. (154 more) ..."
16:35:17.1 (12165268)|STATEMENT_EXECUTE|[33]
16:35:17.1 (12196994)|VARIABLE_SCOPE_BEGIN|[33]|req|System.HttpRequest|true|false
16:35:17.1 (12407574)|VARIABLE_ASSIGNMENT|[33]|req|"System.HttpRequest[Endpoint=null, Method=null]"|0x40bc2622
16:35:17.1 (12414872)|STATEMENT_EXECUTE|[34]
16:35:17.1 (12492738)|STATEMENT_EXECUTE|[35]
16:35:17.1 (12497069)|HEAP_ALLOCATE|[35]|Bytes:3
16:35:17.1 (12516002)|STATEMENT_EXECUTE|[37]
16:35:17.1 (12618390)|CALLOUT_REQUEST|[37]|System.HttpRequest[Endpoint=https://api-hrbc-jp.porterscloud.com/v1/oauth?response_type=code_direct&app_id=a8678131f29ea6faf1caa908a0f51c38&scope=candidate_r%2Cresume_r%2Cuser_r%2Coption_r%2Cpartition_r, Method=GET]
16:35:17.1 (76731317)|HEAP_ALLOCATE|[EXTERNAL]|Bytes:348
16:35:17.1 (78481584)|CALLOUT_RESPONSE|[37]|System.HttpResponse[Status=OK, StatusCode=200]
16:35:17.1 (78509949)|HEAP_ALLOCATE|[37]|Bytes:181
16:35:17.1 (78541307)|VARIABLE_SCOPE_BEGIN|[37]|res|System.HttpResponse|true|false
16:35:17.1 (78609684)|VARIABLE_ASSIGNMENT|[37]|res|"System.HttpResponse[Status=OK, StatusCode=200]"|0x10ad7ff4
16:35:17.1 (78687226)|STATEMENT_EXECUTE|[38]
16:35:17.1 (78689361)|STATEMENT_EXECUTE|[41]
16:35:17.1 (78726284)|VARIABLE_SCOPE_BEGIN|[41]|doc|dom.Document|true|false
16:35:17.1 (78768434)|VARIABLE_ASSIGNMENT|[41]|doc|"Document[]"|0x28485f20
16:35:17.1 (78774089)|STATEMENT_EXECUTE|[42]
16:35:17.1 (78812436)|HEAP_ALLOCATE|[42]|Bytes:175
16:35:17.1 (79043899)|HEAP_ALLOCATE|[43]|Bytes:4
16:35:17.1 (79051055)|HEAP_ALLOCATE|[43]|Bytes:4
16:35:17.1 (79054424)|HEAP_ALLOCATE|[43]|Bytes:4
16:35:17.1 (79056890)|HEAP_ALLOCATE|[43]|Bytes:4
16:35:17.1 (79210629)|HEAP_ALLOCATE|[43]|Bytes:5
16:35:17.1 (79232746)|HEAP_ALLOCATE|[43]|Bytes:4
16:35:17.1 (79242048)|VARIABLE_SCOPE_BEGIN|[43]|child|dom.XmlNode|true|false
16:35:17.1 (79336819)|VARIABLE_ASSIGNMENT|[43]|child|"XMLNode[ELEMENT,Code,null,null,null,[XMLNode[TEXT,null,null,null,null,null,5693da59bd327eebfe1d7581843a0e9e,]],null,]"|0x24c5d439
16:35:17.1 (79343969)|STATEMENT_EXECUTE|[43]
16:35:17.1 (79374499)|HEAP_ALLOCATE|[44]|Bytes:4
16:35:17.1 (79382737)|HEAP_ALLOCATE|[44]|Bytes:4
16:35:17.1 (79415413)|STATEMENT_EXECUTE|[44]
16:35:17.1 (79416723)|STATEMENT_EXECUTE|[45]
16:35:17.1 (79433849)|HEAP_ALLOCATE|[45]|Bytes:32
16:35:17.1 (79454722)|METHOD_EXIT|[18]|01pBK000001Z5HB|PORTERSAuthHelper.getAuthorizationCode()
16:35:17.1 (79461994)|VARIABLE_SCOPE_BEGIN|[18]|authCode|String|false|false
16:35:17.1 (79475137)|VARIABLE_ASSIGNMENT|[18]|authCode|"5693da59bd327eebfe1d (12 more) ..."
16:35:17.1 (79478862)|STATEMENT_EXECUTE|[19]
16:35:17.1 (79499728)|METHOD_ENTRY|[19]|01pBK000001Z5HB|PORTERSAuthHelper.getAccessTokenFromCode(String)
16:35:17.1 (79841250)|VARIABLE_SCOPE_BEGIN|[50]|authCode|String|false|false
16:35:17.1 (79857352)|VARIABLE_ASSIGNMENT|[50]|authCode|"5693da59bd327eebfe1d (12 more) ..."
16:35:17.1 (79873797)|HEAP_ALLOCATE|[51]|Bytes:5
16:35:17.1 (79877818)|STATEMENT_EXECUTE|[50]
16:35:17.1 (79879441)|STATEMENT_EXECUTE|[51]
16:35:17.1 (82598462)|VARIABLE_SCOPE_BEGIN|[2]|SecretUtil.FIXED_KEY_BASE64|String|false|true
16:35:17.1 (82647704)|VARIABLE_SCOPE_BEGIN|[3]|SecretUtil.cryptoKey|Blob|false|true
16:35:17.1 (82664638)|HEAP_ALLOCATE|[51]|Bytes:92
16:35:17.1 (82672496)|HEAP_ALLOCATE|[51]|Bytes:6
16:35:17.1 (82674396)|HEAP_ALLOCATE|[51]|Bytes:44
16:35:17.1 (82688722)|VARIABLE_ASSIGNMENT|[51]|SecretUtil.FIXED_KEY_BASE64|"mbTLdmVLN3dVjExO0zaB (24 more) ..."
16:35:17.1 (82717181)|METHOD_ENTRY|[1]|01pBK000001Z5HD|SecretUtil.SecretUtil()
16:35:17.1 (82721727)|STATEMENT_EXECUTE|[1]
16:35:17.1 (82725637)|STATEMENT_EXECUTE|[1]
16:35:17.1 (82733991)|SYSTEM_MODE_ENTER|true
16:35:17.1 (82744169)|HEAP_ALLOCATE|[51]|Bytes:5
16:35:17.1 (82750421)|SYSTEM_MODE_EXIT|true
16:35:17.1 (82761791)|METHOD_EXIT|[1]|SecretUtil
16:35:17.1 (82780534)|METHOD_ENTRY|[51]|01pBK000001Z5HD|SecretUtil.getDecryptedSecret()
16:35:17.1 (82810596)|SYSTEM_MODE_ENTER|true
16:35:17.1 (82814391)|HEAP_ALLOCATE|[19]|Bytes:5
16:35:17.1 (82819482)|STATEMENT_EXECUTE|[18]
16:35:17.1 (82866165)|HEAP_ALLOCATE|[19]|Bytes:118
16:35:17.1 (82872058)|SYSTEM_METHOD_ENTRY|[1]|Test.Test()
16:35:17.1 (82873846)|STATEMENT_EXECUTE|[1]
16:35:17.1 (82879701)|SYSTEM_METHOD_EXIT|[1]|Test
16:35:17.1 (82886767)|METHOD_ENTRY|[19]||System.Test.isRunningTest()
16:35:17.1 (82930991)|METHOD_EXIT|[19]||System.Test.isRunningTest()
16:35:17.1 (82935168)|STATEMENT_EXECUTE|[19]
16:35:17.1 (82936666)|STATEMENT_EXECUTE|[23]
16:35:17.1 (83237846)|HEAP_ALLOCATE|[23]|Bytes:48
16:35:17.1 (83252515)|VARIABLE_SCOPE_BEGIN|[23]|settings|PORTERS_Settings__c|true|false
16:35:17.1 (83383237)|VARIABLE_ASSIGNMENT|[23]|settings|{"LastModifiedDate":"2026-03-27T07:34:36.000Z","Is_Development_Mode__c":true,"IsDeleted":false,"CreatedById":"0057F0000042UBbQAM","Client_Secret__c":"sPeXbzmOIRQwl4zKeRFR (108 more) ...","CreatedDate":"2026-03-05T03:24:41.000Z","Id":"a0PBK000008oB5J2AU","LastModifiedById":"0057F0000042UBbQAM","SetupOwnerId":"00DBK000004uTTF2A2","Name":"a0PBK000008oB5J","SystemModstamp":"2026-03-27T07:34:36.000Z"}|0x119d5bf6
16:35:17.1 (83463190)|STATEMENT_EXECUTE|[24]
16:35:17.1 (83464482)|STATEMENT_EXECUTE|[26]
16:35:17.1 (83475745)|METHOD_ENTRY|[26]||System.EncodingUtil.base64Decode(String)
16:35:17.1 (83544049)|METHOD_EXIT|[26]||System.EncodingUtil.base64Decode(String)
16:35:17.1 (83547087)|VARIABLE_SCOPE_BEGIN|[26]|encryptedBlob|Blob|false|false
16:35:17.1 (83572211)|VARIABLE_ASSIGNMENT|[26]|encryptedBlob|BLOB(96 bytes)
16:35:17.1 (83574539)|STATEMENT_EXECUTE|[27]
16:35:17.1 (83577086)|HEAP_ALLOCATE|[27]|Bytes:6
16:35:17.1 (83594790)|HEAP_ALLOCATE|[5]|Bytes:5
16:35:17.1 (83596973)|STATEMENT_EXECUTE|[4]
16:35:17.1 (83597958)|STATEMENT_EXECUTE|[5]
16:35:17.1 (83603913)|METHOD_ENTRY|[5]||System.EncodingUtil.base64Decode(String)
16:35:17.1 (83623228)|METHOD_EXIT|[5]||System.EncodingUtil.base64Decode(String)
16:35:17.1 (83663755)|HEAP_ALLOCATE|[27]|Bytes:55
16:35:17.1 (83671721)|SYSTEM_METHOD_ENTRY|[1]|Crypto.Crypto()
16:35:17.1 (83673513)|STATEMENT_EXECUTE|[1]
16:35:17.1 (83677858)|SYSTEM_METHOD_EXIT|[1]|Crypto
16:35:17.1 (83686383)|METHOD_ENTRY|[27]||System.Crypto.decryptWithManagedIV(String, Blob, Blob)
16:35:17.1 (84345031)|METHOD_EXIT|[27]||System.Crypto.decryptWithManagedIV(String, Blob, Blob)
16:35:17.1 (84355165)|VARIABLE_SCOPE_BEGIN|[27]|decryptedBlob|Blob|false|false
16:35:17.1 (84378596)|VARIABLE_ASSIGNMENT|[27]|decryptedBlob|BLOB(64 bytes)
16:35:17.1 (84381429)|STATEMENT_EXECUTE|[28]
16:35:17.1 (84430979)|HEAP_ALLOCATE|[28]|Bytes:64
16:35:17.1 (84441741)|SYSTEM_MODE_EXIT|true
16:35:17.1 (84448720)|METHOD_EXIT|[51]|01pBK000001Z5HD|SecretUtil.getDecryptedSecret()
16:35:17.1 (84451745)|VARIABLE_SCOPE_BEGIN|[51]|clientSecret|String|false|false
16:35:17.1 (84460675)|VARIABLE_ASSIGNMENT|[51]|clientSecret|"7986ef9caa80a97f988f (44 more) ..."
16:35:17.1 (84479153)|STATEMENT_EXECUTE|[52]
16:35:17.1 (84480203)|STATEMENT_EXECUTE|[55]
16:35:17.1 (84503008)|VARIABLE_SCOPE_BEGIN|[55]|req|System.HttpRequest|true|false
16:35:17.1 (84571190)|VARIABLE_ASSIGNMENT|[55]|req|"System.HttpRequest[Endpoint=null, Method=null]"|0x99beb8
16:35:17.1 (84576206)|STATEMENT_EXECUTE|[56]
16:35:17.1 (84625289)|STATEMENT_EXECUTE|[57]
16:35:17.1 (84628653)|HEAP_ALLOCATE|[57]|Bytes:4
16:35:17.1 (84642577)|STATEMENT_EXECUTE|[58]
16:35:17.1 (84643952)|HEAP_ALLOCATE|[58]|Bytes:12
16:35:17.1 (84646402)|HEAP_ALLOCATE|[58]|Bytes:33
16:35:17.1 (84666124)|STATEMENT_EXECUTE|[59]
16:35:17.1 (84669037)|HEAP_ALLOCATE|[59]|Bytes:29
16:35:17.1 (84679010)|METHOD_ENTRY|[60]||System.EncodingUtil.urlEncode(String, String)
16:35:17.1 (84704974)|METHOD_EXIT|[60]||System.EncodingUtil.urlEncode(String, String)
16:35:17.1 (84709106)|HEAP_ALLOCATE|[61]|Bytes:8
16:35:17.1 (84712934)|METHOD_ENTRY|[61]||System.EncodingUtil.urlEncode(String, String)
16:35:17.1 (84727087)|METHOD_EXIT|[61]||System.EncodingUtil.urlEncode(String, String)
16:35:17.1 (84729618)|HEAP_ALLOCATE|[62]|Bytes:6
16:35:17.1 (84732348)|METHOD_ENTRY|[62]||System.EncodingUtil.urlEncode(String, String)
16:35:17.1 (84742212)|METHOD_EXIT|[62]||System.EncodingUtil.urlEncode(String, String)
16:35:17.1 (84752439)|HEAP_ALLOCATE|[59]|Bytes:171
16:35:17.1 (84789489)|STATEMENT_EXECUTE|[63]
16:35:17.1 (84839264)|CALLOUT_REQUEST|[63]|System.HttpRequest[Endpoint=https://api-hrbc-jp.porterscloud.com/v1/token, Method=POST]
16:35:17.1 (138141398)|HEAP_ALLOCATE|[EXTERNAL]|Bytes:529
16:35:17.1 (139384467)|CALLOUT_RESPONSE|[63]|System.HttpResponse[Status=OK, StatusCode=200]
16:35:17.1 (139416752)|HEAP_ALLOCATE|[63]|Bytes:362
16:35:17.1 (139447368)|VARIABLE_SCOPE_BEGIN|[63]|res|System.HttpResponse|true|false
16:35:17.1 (139521983)|VARIABLE_ASSIGNMENT|[63]|res|"System.HttpResponse[Status=OK, StatusCode=200]"|0x70ba789b
16:35:17.1 (139596880)|STATEMENT_EXECUTE|[64]
16:35:17.1 (139599465)|STATEMENT_EXECUTE|[68]
16:35:17.1 (139625667)|VARIABLE_SCOPE_BEGIN|[68]|doc|dom.Document|true|false
16:35:17.1 (139660406)|VARIABLE_ASSIGNMENT|[68]|doc|"Document[]"|0x694521d
16:35:17.1 (139665377)|STATEMENT_EXECUTE|[69]
16:35:17.1 (139705892)|HEAP_ALLOCATE|[69]|Bytes:356
16:35:17.1 (139783410)|STATEMENT_EXECUTE|[70]
16:35:17.1 (139803068)|VARIABLE_SCOPE_BEGIN|[70]|root|dom.XmlNode|true|false
16:35:17.1 (139884652)|VARIABLE_ASSIGNMENT|[70]|root|"XMLNode[ELEMENT,Authentication,null,null,null,[XMLNode[ELEMENT,AccessToken,null,null,null,[XMLNode[TEXT,null,null,null,null,null,2624da09af81d475a88b8bf8dc8ae11d,]],null,], XMLNode[ELEMENT,AccessTokenExpiresIn,null,null,null,[XMLNode[TEXT,null,null,null,null,null,1800000,]],null,], XMLNode[ELEMENT,RefreshToken,null,null,null,[XMLNode[TEXT,null,null,null,null,null,8e63ce965df49a543b4d6d42ff741339,]],null,], XMLNode[ELEMENT,RefreshTokenExpiresIn,null,null,null,[XMLNode[TEXT,null,null,null,null,null,7200000,]],null,], XMLNode[ELEMENT,Error,null,null,null,[XMLNode[TEXT,null,null,null,null,null,0,]],null,], XMLNode[ELEMENT,Message,null,null,null,[XMLNode[TEXT,null,null,null,null,null,Success,]],null,]],null,]"|0x694bdde9
16:35:17.1 (139896030)|STATEMENT_EXECUTE|[71]
16:35:17.1 (139941290)|HEAP_ALLOCATE|[71]|Bytes:120
16:35:17.1 (139950990)|HEAP_ALLOCATE|[71]|Bytes:3
16:35:17.1 (139977991)|HEAP_ALLOCATE|[71]|Bytes:12
16:35:17.1 (140015471)|CONSTRUCTOR_ENTRY|[71]|01pBK000001Z5HB|<init>()|PORTERSAuthHelper.TokenResult
16:35:17.1 (140060540)|VARIABLE_SCOPE_BEGIN|[7]|this|PORTERSAuthHelper.TokenResult|true|false
16:35:17.1 (140117139)|VARIABLE_ASSIGNMENT|[7]|this|{}|0x21ce849b
16:35:17.1 (140126574)|HEAP_ALLOCATE|[EXTERNAL]|Bytes:6
16:35:17.1 (140165730)|STATEMENT_EXECUTE|[7]
16:35:17.1 (140167420)|STATEMENT_EXECUTE|[8]
16:35:17.1 (140168761)|STATEMENT_EXECUTE|[9]
16:35:17.1 (140172352)|CONSTRUCTOR_EXIT|[71]|01pBK000001Z5HB|<init>()|PORTERSAuthHelper.TokenResult
16:35:17.1 (140177249)|VARIABLE_SCOPE_BEGIN|[71]|result|PORTERSAuthHelper.TokenResult|true|false
16:35:17.1 (140188345)|VARIABLE_ASSIGNMENT|[71]|result|{}|0x21ce849b
16:35:17.1 (140192167)|STATEMENT_EXECUTE|[72]
16:35:17.1 (140194676)|VARIABLE_SCOPE_BEGIN|[72]|errorCode|String|false|false
16:35:17.1 (140203441)|VARIABLE_ASSIGNMENT|[72]|errorCode|null
16:35:17.1 (140208428)|STATEMENT_EXECUTE|[73]
16:35:17.1 (140210810)|VARIABLE_SCOPE_BEGIN|[73]|errorMessage|String|false|false
16:35:17.1 (140217267)|VARIABLE_ASSIGNMENT|[73]|errorMessage|null
16:35:17.1 (140283235)|HEAP_ALLOCATE|[74]|Bytes:4
16:35:17.1 (140286764)|HEAP_ALLOCATE|[74]|Bytes:4
16:35:17.1 (140289141)|HEAP_ALLOCATE|[74]|Bytes:4
16:35:17.1 (140291558)|HEAP_ALLOCATE|[74]|Bytes:4
16:35:17.1 (140293780)|HEAP_ALLOCATE|[74]|Bytes:4
16:35:17.1 (140295955)|HEAP_ALLOCATE|[74]|Bytes:4
16:35:17.1 (140298007)|HEAP_ALLOCATE|[74]|Bytes:4
16:35:17.1 (140357353)|HEAP_ALLOCATE|[74]|Bytes:5
16:35:17.1 (140373518)|HEAP_ALLOCATE|[74]|Bytes:11
16:35:17.1 (140381375)|VARIABLE_SCOPE_BEGIN|[74]|child|dom.XmlNode|true|false
16:35:17.1 (140449697)|VARIABLE_ASSIGNMENT|[74]|child|"XMLNode[ELEMENT,AccessToken,null,null,null,[XMLNode[TEXT,null,null,null,null,null,2624da09af81d475a88b8bf8dc8ae11d,]],null,]"|0x5ee2e05
16:35:17.1 (140456580)|STATEMENT_EXECUTE|[74]
16:35:17.1 (140458040)|STATEMENT_EXECUTE|[75]
16:35:17.1 (140476735)|HEAP_ALLOCATE|[75]|Bytes:11
16:35:17.1 (140481735)|VARIABLE_SCOPE_BEGIN|[75]|nodeName|String|false|false
16:35:17.1 (140491605)|VARIABLE_ASSIGNMENT|[75]|nodeName|"AccessToken"
16:35:17.1 (140497509)|HEAP_ALLOCATE|[76]|Bytes:5
16:35:17.1 (140526713)|HEAP_ALLOCATE|[78]|Bytes:7
16:35:17.1 (140533517)|HEAP_ALLOCATE|[80]|Bytes:11
16:35:17.1 (140538564)|STATEMENT_EXECUTE|[80]
16:35:17.1 (140539943)|STATEMENT_EXECUTE|[81]
16:35:17.1 (140549703)|HEAP_ALLOCATE|[81]|Bytes:32
16:35:17.1 (140578118)|VARIABLE_ASSIGNMENT|[EXTERNAL]|this|{}|0x21ce849b
16:35:17.1 (140588260)|VARIABLE_ASSIGNMENT|[EXTERNAL]|value|"2624da09af81d475a88b (12 more) ..."
16:35:17.1 (140602645)|VARIABLE_ASSIGNMENT|[8]|this.accessToken|"2624da09af81d475a88b (12 more) ..."|0x21ce849b
16:35:17.1 (140615539)|HEAP_ALLOCATE|[74]|Bytes:5
16:35:17.1 (140623331)|HEAP_ALLOCATE|[74]|Bytes:20
16:35:17.1 (140627457)|VARIABLE_SCOPE_BEGIN|[74]|child|dom.XmlNode|true|false
16:35:17.1 (140663090)|VARIABLE_ASSIGNMENT|[74]|child|"XMLNode[ELEMENT,AccessTokenExpiresIn,null,null,null,[XMLNode[TEXT,null,null,null,null,null,1800000,]],null,]"|0xbf433c0
16:35:17.1 (140668047)|STATEMENT_EXECUTE|[74]
16:35:17.1 (140669258)|STATEMENT_EXECUTE|[75]
16:35:17.1 (140674047)|HEAP_ALLOCATE|[75]|Bytes:20
16:35:17.1 (140678597)|VARIABLE_SCOPE_BEGIN|[75]|nodeName|String|false|false
16:35:17.1 (140685427)|VARIABLE_ASSIGNMENT|[75]|nodeName|"AccessTokenExpiresIn"
16:35:17.1 (140705675)|HEAP_ALLOCATE|[82]|Bytes:20
16:35:17.1 (140710916)|STATEMENT_EXECUTE|[82]
16:35:17.1 (140712169)|STATEMENT_EXECUTE|[83]
16:35:17.1 (140720569)|HEAP_ALLOCATE|[83]|Bytes:7
16:35:17.1 (140785442)|VARIABLE_ASSIGNMENT|[EXTERNAL]|this|{"accessToken":"2624da09af81d475a88b (12 more) ..."}|0x21ce849b
16:35:17.1 (140795103)|VARIABLE_ASSIGNMENT|[EXTERNAL]|value|1800000
16:35:17.1 (140800568)|HEAP_ALLOCATE|[9]|Bytes:4
16:35:17.1 (140806698)|VARIABLE_ASSIGNMENT|[9]|this.expiresIn|1800000|0x21ce849b
16:35:17.1 (140817323)|HEAP_ALLOCATE|[74]|Bytes:5
16:35:17.1 (140824948)|HEAP_ALLOCATE|[74]|Bytes:12
16:35:17.1 (140829279)|VARIABLE_SCOPE_BEGIN|[74]|child|dom.XmlNode|true|false
16:35:17.1 (140865012)|VARIABLE_ASSIGNMENT|[74]|child|"XMLNode[ELEMENT,RefreshToken,null,null,null,[XMLNode[TEXT,null,null,null,null,null,8e63ce965df49a543b4d6d42ff741339,]],null,]"|0x53e6447d
16:35:17.1 (140870658)|STATEMENT_EXECUTE|[74]
16:35:17.1 (140871926)|STATEMENT_EXECUTE|[75]
16:35:17.1 (140876744)|HEAP_ALLOCATE|[75]|Bytes:12
16:35:17.1 (140881566)|VARIABLE_SCOPE_BEGIN|[75]|nodeName|String|false|false
16:35:17.1 (140888948)|VARIABLE_ASSIGNMENT|[75]|nodeName|"RefreshToken"
16:35:17.1 (140904374)|STATEMENT_EXECUTE|[76]
16:35:17.1 (140909358)|HEAP_ALLOCATE|[74]|Bytes:5
16:35:17.1 (140915828)|HEAP_ALLOCATE|[74]|Bytes:21
16:35:17.1 (140919431)|VARIABLE_SCOPE_BEGIN|[74]|child|dom.XmlNode|true|false
16:35:17.1 (140949480)|VARIABLE_ASSIGNMENT|[74]|child|"XMLNode[ELEMENT,RefreshTokenExpiresIn,null,null,null,[XMLNode[TEXT,null,null,null,null,null,7200000,]],null,]"|0x6a8027f2
16:35:17.1 (140954411)|STATEMENT_EXECUTE|[74]
16:35:17.1 (140955745)|STATEMENT_EXECUTE|[75]
16:35:17.1 (140959916)|HEAP_ALLOCATE|[75]|Bytes:21
16:35:17.1 (140963982)|VARIABLE_SCOPE_BEGIN|[75]|nodeName|String|false|false
16:35:17.1 (140971903)|VARIABLE_ASSIGNMENT|[75]|nodeName|"RefreshTokenExpiresI (1 more) ..."
16:35:17.1 (140985964)|STATEMENT_EXECUTE|[76]
16:35:17.1 (140990688)|HEAP_ALLOCATE|[74]|Bytes:5
16:35:17.1 (140996798)|HEAP_ALLOCATE|[74]|Bytes:5
16:35:17.1 (141000115)|VARIABLE_SCOPE_BEGIN|[74]|child|dom.XmlNode|true|false
16:35:17.1 (141028848)|VARIABLE_ASSIGNMENT|[74]|child|"XMLNode[ELEMENT,Error,null,null,null,[XMLNode[TEXT,null,null,null,null,null,0,]],null,]"|0x5427009
16:35:17.1 (141033668)|STATEMENT_EXECUTE|[74]
16:35:17.1 (141034856)|STATEMENT_EXECUTE|[75]
16:35:17.1 (141039542)|HEAP_ALLOCATE|[75]|Bytes:5
16:35:17.1 (141044046)|VARIABLE_SCOPE_BEGIN|[75]|nodeName|String|false|false
16:35:17.1 (141054472)|VARIABLE_ASSIGNMENT|[75]|nodeName|"Error"
16:35:17.1 (141060314)|STATEMENT_EXECUTE|[76]
16:35:17.1 (141061658)|STATEMENT_EXECUTE|[77]
16:35:17.1 (141073514)|HEAP_ALLOCATE|[77]|Bytes:1
16:35:17.1 (141079204)|VARIABLE_ASSIGNMENT|[77]|errorCode|"0"
16:35:17.1 (141085726)|HEAP_ALLOCATE|[74]|Bytes:5
16:35:17.1 (141092211)|HEAP_ALLOCATE|[74]|Bytes:7
16:35:17.1 (141095544)|VARIABLE_SCOPE_BEGIN|[74]|child|dom.XmlNode|true|false
16:35:17.1 (141123734)|VARIABLE_ASSIGNMENT|[74]|child|"XMLNode[ELEMENT,Message,null,null,null,[XMLNode[TEXT,null,null,null,null,null,Success,]],null,]"|0x4c3801c9
16:35:17.1 (141128557)|STATEMENT_EXECUTE|[74]
16:35:17.1 (141129868)|STATEMENT_EXECUTE|[75]
16:35:17.1 (141134366)|HEAP_ALLOCATE|[75]|Bytes:7
16:35:17.1 (141138755)|VARIABLE_SCOPE_BEGIN|[75]|nodeName|String|false|false
16:35:17.1 (141145589)|VARIABLE_ASSIGNMENT|[75]|nodeName|"Message"
16:35:17.1 (141153116)|STATEMENT_EXECUTE|[78]
16:35:17.1 (141154717)|STATEMENT_EXECUTE|[79]
16:35:17.1 (141162536)|HEAP_ALLOCATE|[79]|Bytes:7
16:35:17.1 (141168227)|VARIABLE_ASSIGNMENT|[79]|errorMessage|"Success"
16:35:17.1 (141175387)|HEAP_ALLOCATE|[74]|Bytes:5
16:35:17.1 (141182616)|VARIABLE_ASSIGNMENT|[74]|child|null|
16:35:17.1 (141188047)|HEAP_ALLOCATE|[86]|Bytes:1
16:35:17.1 (141195491)|STATEMENT_EXECUTE|[86]
16:35:17.1 (141229642)|VARIABLE_ASSIGNMENT|[EXTERNAL]|this|{"accessToken":"2624da09af81d475a88b (12 more) ...","expiresIn":1800000}|0x21ce849b
16:35:17.1 (141267817)|VARIABLE_ASSIGNMENT|[EXTERNAL]|this|{"accessToken":"2624da09af81d475a88b (12 more) ...","expiresIn":1800000}|0x21ce849b
16:35:17.1 (141275117)|HEAP_ALLOCATE|[89]|Bytes:4
16:35:17.1 (141285233)|STATEMENT_EXECUTE|[89]
16:35:17.1 (141286570)|STATEMENT_EXECUTE|[92]
16:35:17.1 (141298291)|METHOD_EXIT|[19]|01pBK000001Z5HB|PORTERSAuthHelper.getAccessTokenFromCode(String)
16:35:17.1 (141303915)|VARIABLE_SCOPE_BEGIN|[19]|tokenResult|PORTERSAuthHelper.TokenResult|true|false
16:35:17.1 (141315591)|VARIABLE_ASSIGNMENT|[19]|tokenResult|{"accessToken":"2624da09af81d475a88b (12 more) ...","expiresIn":1800000}|0x21ce849b
16:35:17.1 (141320224)|STATEMENT_EXECUTE|[20]
16:35:17.1 (141327727)|METHOD_ENTRY|[20]|01pBK000001Z5HB|PORTERSAuthHelper.updateCallCount()
16:35:17.1 (141361856)|HEAP_ALLOCATE|[111]|Bytes:5
16:35:17.1 (141365554)|STATEMENT_EXECUTE|[110]
16:35:17.1 (141366897)|STATEMENT_EXECUTE|[111]
16:35:17.1 (141585310)|HEAP_ALLOCATE|[111]|Bytes:48
16:35:17.1 (141599587)|VARIABLE_SCOPE_BEGIN|[111]|settings|PORTERS_Settings__c|true|false
16:35:17.1 (141719496)|VARIABLE_ASSIGNMENT|[111]|settings|{"LastModifiedDate":"2026-03-27T07:34:36.000Z","Is_Development_Mode__c":true,"IsDeleted":false,"CreatedById":"0057F0000042UBbQAM","Client_Secret__c":"sPeXbzmOIRQwl4zKeRFR (108 more) ...","CreatedDate":"2026-03-05T03:24:41.000Z","Id":"a0PBK000008oB5J2AU","LastModifiedById":"0057F0000042UBbQAM","SetupOwnerId":"00DBK000004uTTF2A2","Name":"a0PBK000008oB5J","SystemModstamp":"2026-03-27T07:34:36.000Z"}|0x509c9e91
16:35:17.1 (141728000)|STATEMENT_EXECUTE|[112]
16:35:17.1 (141784075)|HEAP_ALLOCATE|[112]|Bytes:28
16:35:17.1 (141787480)|HEAP_ALLOCATE|[112]|Bytes:28
16:35:17.1 (141911075)|HEAP_ALLOCATE|[112]|Bytes:-4
16:35:17.1 (141987229)|VARIABLE_ASSIGNMENT|[112]|this.API_Call_Count__c|1|0x509c9e91
16:35:17.1 (141993231)|STATEMENT_EXECUTE|[113]
16:35:17.1 (142033714)|HEAP_ALLOCATE|[113]|Bytes:56
16:35:17.1 (142066462)|HEAP_ALLOCATE|[113]|Bytes:-4
16:35:17.1 (142104999)|VARIABLE_ASSIGNMENT|[113]|this.Last_Call_Timestamp__c|"2026-03-27T07:35:18.083Z"|0x509c9e91
16:35:17.1 (142109630)|STATEMENT_EXECUTE|[114]
16:35:17.1 (142164338)|HEAP_ALLOCATE|[114]|Bytes:8
16:35:17.1 (142184277)|DML_BEGIN|[114]|Op:Upsert|Type:PORTERS_Settings__c|Rows:1
16:35:17.1 (142228605)|HEAP_ALLOCATE|[EXTERNAL]|Bytes:8
16:35:17.1 (196909392)|DML_END|[114]
16:35:17.1 (198653584)|METHOD_EXIT|[20]|01pBK000001Z5HB|PORTERSAuthHelper.updateCallCount()
16:35:17.1 (198672544)|STATEMENT_EXECUTE|[21]
16:35:17.1 (198773230)|VARIABLE_ASSIGNMENT|[EXTERNAL]|this|{"accessToken":"2624da09af81d475a88b (12 more) ...","expiresIn":1800000}|0x21ce849b
16:35:17.1 (198801901)|VARIABLE_ASSIGNMENT|[EXTERNAL]|this|{"accessToken":"2624da09af81d475a88b (12 more) ...","expiresIn":1800000}|0x21ce849b
16:35:17.1 (198823310)|METHOD_ENTRY|[21]|01pBK000001Z5HB|PORTERSAuthHelper.saveToken(String, Integer)
16:35:17.1 (198828547)|VARIABLE_SCOPE_BEGIN|[94]|token|String|false|false
16:35:17.1 (198834658)|VARIABLE_ASSIGNMENT|[94]|token|"2624da09af81d475a88b (12 more) ..."
16:35:17.1 (198836841)|VARIABLE_SCOPE_BEGIN|[94]|expiresInMillis|Integer|false|false
16:35:17.1 (198841349)|VARIABLE_ASSIGNMENT|[94]|expiresInMillis|1800000
16:35:17.1 (198860506)|HEAP_ALLOCATE|[95]|Bytes:5
16:35:17.1 (198866436)|STATEMENT_EXECUTE|[94]
16:35:17.1 (198867405)|STATEMENT_EXECUTE|[95]
16:35:17.1 (205040800)|HEAP_ALLOCATE|[95]|Bytes:56
16:35:17.1 (205082458)|VARIABLE_SCOPE_BEGIN|[95]|settings|PORTERS_Settings__c|true|false
16:35:17.1 (205202773)|VARIABLE_ASSIGNMENT|[95]|settings|{"LastModifiedDate":"2026-03-27T07:35:18.000Z","IsDeleted":false,"Client_Secret__c":"sPeXbzmOIRQwl4zKeRFR (108 more) ...","API_Call_Count__c":1.0,"SetupOwnerId":"00DBK000004uTTF2A2","Name":"a0PBK000008oB5J","SystemModstamp":"2026-03-27T07:35:18.000Z","Is_Development_Mode__c":true,"CreatedById":"0057F0000042UBbQAM","CreatedDate":"2026-03-05T03:24:41.000Z","Last_Call_Timestamp__c":"2026-03-27T07:35:18.000Z","Id":"a0PBK000008oB5J2AU","LastModifiedById":"0057F0000042UBbQAM"}|0x5ac703c3
16:35:17.1 (205215715)|STATEMENT_EXECUTE|[96]
16:35:17.1 (205273345)|HEAP_ALLOCATE|[96]|Bytes:-4
16:35:17.1 (205320191)|VARIABLE_ASSIGNMENT|[96]|this.Access_Token__c|"2624da09af81d475a88b (12 more) ..."|0x5ac703c3
16:35:17.1 (205329045)|STATEMENT_EXECUTE|[97]
16:35:17.1 (205356890)|VARIABLE_SCOPE_BEGIN|[97]|expiresSec|Integer|false|false
16:35:17.1 (205363253)|HEAP_ALLOCATE|[97]|Bytes:4
16:35:17.1 (205368912)|VARIABLE_ASSIGNMENT|[97]|expiresSec|1800
16:35:17.1 (205371167)|STATEMENT_EXECUTE|[98]
16:35:17.1 (205423580)|HEAP_ALLOCATE|[98]|Bytes:56
16:35:17.1 (205467716)|HEAP_ALLOCATE|[98]|Bytes:56
16:35:17.1 (205493710)|HEAP_ALLOCATE|[98]|Bytes:-4
16:35:17.1 (205511904)|VARIABLE_ASSIGNMENT|[98]|this.Token_Expires_At__c|"2026-03-27T08:05:18.146Z"|0x5ac703c3
16:35:17.1 (205515444)|STATEMENT_EXECUTE|[99]
16:35:17.1 (205546452)|HEAP_ALLOCATE|[99]|Bytes:8
16:35:17.1 (205559512)|DML_BEGIN|[99]|Op:Upsert|Type:PORTERS_Settings__c|Rows:1
16:35:17.1 (205599960)|HEAP_ALLOCATE|[EXTERNAL]|Bytes:8
16:35:17.1 (232324420)|DML_END|[99]
16:35:17.1 (234162011)|METHOD_EXIT|[21]|01pBK000001Z5HB|PORTERSAuthHelper.saveToken(String, Integer)
16:35:17.1 (234185830)|STATEMENT_EXECUTE|[22]
16:35:17.1 (234378479)|VARIABLE_ASSIGNMENT|[EXTERNAL]|this|{"accessToken":"2624da09af81d475a88b (12 more) ...","expiresIn":1800000}|0x21ce849b
16:35:17.1 (234437868)|METHOD_EXIT|[1]|01pBK000001Z5HB|PORTERSAuthHelper.getAccessToken()
16:35:17.1 (234452001)|SYSTEM_MODE_EXIT|false
16:35:17.1 (234502871)|VARIABLE_ASSIGNMENT|[1]|token|"2624da09af81d475a88b (12 more) ..."
16:35:17.1 (234507885)|STATEMENT_EXECUTE|[2]
16:35:17.1 (234523466)|HEAP_ALLOCATE|[2]|Bytes:9
16:35:17.1 (234587207)|HEAP_ALLOCATE|[2]|Bytes:41
16:35:17.1 (234690943)|USER_DEBUG|[2]|DEBUG|新 token: 2624da09af81d475a88b8bf8dc8ae11d
16:35:17.267 (267085960)|CUMULATIVE_LIMIT_USAGE
16:35:17.267 (267085960)|LIMIT_USAGE_FOR_NS|(default)|
  Number of SOQL queries: 0 out of 100
  Number of query rows: 0 out of 50000
  Number of SOSL queries: 0 out of 20
  Number of DML statements: 2 out of 150
  Number of Publish Immediate DML: 0 out of 150
  Number of DML rows: 2 out of 10000
  Maximum CPU time: 0 out of 10000
  Maximum heap size: 0 out of 6000000
  Number of callouts: 2 out of 100
  Number of Email Invocations: 0 out of 10
  Number of future calls: 0 out of 50
  Number of queueable jobs added to the queue: 0 out of 50
  Number of Mobile Apex push calls: 0 out of 10

16:35:17.267 (267085960)|CUMULATIVE_LIMIT_USAGE_END

16:35:17.1 (267160910)|CODE_UNIT_FINISHED|execute_anonymous_apex
16:35:17.1 (267181889)|EXECUTION_FINISHED
