66.0 APEX_CODE,FINEST;APEX_PROFILING,INFO;CALLOUT,INFO;DATA_ACCESS,INFO;DB,INFO;NBA,INFO;SYSTEM,DEBUG;VALIDATION,INFO;VISUALFORCE,INFO;WAVE,INFO;WORKFLOW,INFO
16:03:22.0 (337922)|USER_INFO|[EXTERNAL]|0057F0000042UBb|ishibashi@hurex.co.jp.dev1|(GMT+09:00) 日本標準時 (Asia/Tokyo)|GMT+09:00
16:03:22.0 (377947)|EXECUTION_STARTED
16:03:22.0 (391408)|CODE_UNIT_STARTED|[EXTERNAL]|apex://CustomNotificationController/ACTION$getNotifications
16:03:22.0 (2757920)|CODE_UNIT_STARTED|[EXTERNAL]|01pBK000001VvEL|CustomNotificationController.getNotifications(String)
16:03:22.0 (3084743)|HEAP_ALLOCATE|[95]|Bytes:3
16:03:22.0 (3176278)|HEAP_ALLOCATE|[100]|Bytes:152
16:03:22.0 (3193400)|HEAP_ALLOCATE|[417]|Bytes:408
16:03:22.0 (3210997)|HEAP_ALLOCATE|[430]|Bytes:408
16:03:22.0 (3238122)|HEAP_ALLOCATE|[317]|Bytes:6
16:03:22.0 (3309935)|HEAP_ALLOCATE|[EXTERNAL]|Bytes:7
16:03:22.0 (3322805)|METHOD_ENTRY|[1]|01pBK000001VvEL|CustomNotificationController.CustomNotificationController()
16:03:22.0 (3328394)|STATEMENT_EXECUTE|[1]
16:03:22.0 (3333794)|STATEMENT_EXECUTE|[1]
16:03:22.0 (3355846)|HEAP_ALLOCATE|[68]|Bytes:5
16:03:22.0 (3398416)|HEAP_ALLOCATE|[74]|Bytes:5
16:03:22.0 (3405716)|HEAP_ALLOCATE|[82]|Bytes:7
16:03:22.0 (3634339)|HEAP_ALLOCATE|[EXTERNAL]|Bytes:5
16:03:22.0 (3652533)|METHOD_EXIT|[1]|CustomNotificationController
16:03:22.0 (3662530)|VARIABLE_SCOPE_BEGIN|[5]|before|String|false|false
16:03:22.0 (3691719)|VARIABLE_ASSIGNMENT|[5]|before|null
16:03:22.0 (3705922)|HEAP_ALLOCATE|[6]|Bytes:5
16:03:22.0 (3708927)|STATEMENT_EXECUTE|[5]
16:03:22.0 (3710200)|STATEMENT_EXECUTE|[6]
16:03:22.0 (3735727)|VARIABLE_SCOPE_BEGIN|[6]|req|System.HttpRequest|true|false
16:03:22.0 (4042377)|VARIABLE_ASSIGNMENT|[6]|req|"System.HttpRequest[Endpoint=null, Method=null]"|0x43e5db36
16:03:22.0 (4061183)|STATEMENT_EXECUTE|[7]
16:03:22.0 (4066428)|HEAP_ALLOCATE|[7]|Bytes:3
16:03:22.0 (4159627)|STATEMENT_EXECUTE|[8]
16:03:22.0 (4161428)|HEAP_ALLOCATE|[8]|Bytes:13
16:03:22.0 (4164027)|HEAP_ALLOCATE|[8]|Bytes:7
16:03:22.0 (4214326)|HEAP_ALLOCATE|[8]|Bytes:105
16:03:22.0 (4225273)|SYSTEM_METHOD_ENTRY|[1]|UserInfo.UserInfo()
16:03:22.0 (4227667)|STATEMENT_EXECUTE|[1]
16:03:22.0 (4234293)|SYSTEM_METHOD_EXIT|[1]|UserInfo
16:03:22.0 (4249518)|METHOD_ENTRY|[8]||System.UserInfo.getSessionId()
16:03:22.0 (10683706)|METHOD_EXIT|[8]||System.UserInfo.getSessionId()
16:03:22.0 (10727022)|HEAP_ALLOCATE|[8]|Bytes:119
16:03:22.0 (10787982)|STATEMENT_EXECUTE|[10]
16:03:22.0 (10841763)|HEAP_ALLOCATE|[10]|Bytes:67
16:03:22.0 (10855297)|SYSTEM_METHOD_ENTRY|[1]|Url.Url()
16:03:22.0 (10858379)|STATEMENT_EXECUTE|[1]
16:03:22.0 (10865978)|SYSTEM_METHOD_EXIT|[1]|Url
16:03:22.0 (10877666)|METHOD_ENTRY|[10]||System.Url.getOrgDomainUrl()
16:03:22.0 (11159367)|METHOD_EXIT|[10]||System.Url.getOrgDomainUrl()
16:03:22.0 (11175986)|METHOD_ENTRY|[10]||System.Url.toExternalForm()
16:03:22.0 (11213899)|METHOD_EXIT|[10]||System.Url.toExternalForm()
16:03:22.0 (11218522)|VARIABLE_SCOPE_BEGIN|[10]|domainPath|String|false|false
16:03:22.0 (11243449)|VARIABLE_ASSIGNMENT|[10]|domainPath|"https://hurex--dev1. (25 more) ..."
16:03:22.0 (11251388)|STATEMENT_EXECUTE|[11]
16:03:22.0 (11254564)|HEAP_ALLOCATE|[11]|Bytes:50
16:03:22.0 (11263256)|HEAP_ALLOCATE|[11]|Bytes:95
16:03:22.0 (11266891)|VARIABLE_SCOPE_BEGIN|[11]|endpoint|String|false|false
16:03:22.0 (11274814)|VARIABLE_ASSIGNMENT|[11]|endpoint|"https://hurex--dev1. (75 more) ..."
16:03:22.0 (11337092)|STATEMENT_EXECUTE|[13]
16:03:22.0 (11338676)|STATEMENT_EXECUTE|[16]
16:03:22.0 (11373121)|STATEMENT_EXECUTE|[18]
16:03:22.0 (11398064)|VARIABLE_SCOPE_BEGIN|[18]|http|System.Http|true|false
16:03:22.0 (11540231)|VARIABLE_ASSIGNMENT|[18]|http|"System.Http[]"|0x13bf36e1
16:03:22.0 (11548363)|STATEMENT_EXECUTE|[19]
16:03:22.0 (11670257)|CALLOUT_REQUEST|[19]|System.HttpRequest[Endpoint=https://hurex--dev1.sandbox.my.salesforce.com/services/data/v56.0/connect/notifications?size=20, Method=GET]
16:03:22.0 (174580010)|HEAP_ALLOCATE|[EXTERNAL]|Bytes:15126
16:03:22.0 (177424966)|CALLOUT_RESPONSE|[19]|System.HttpResponse[Status=OK, StatusCode=200]
16:03:22.0 (177454107)|HEAP_ALLOCATE|[19]|Bytes:14281
16:03:22.0 (177484770)|VARIABLE_SCOPE_BEGIN|[19]|res|System.HttpResponse|true|false
16:03:22.0 (177551412)|VARIABLE_ASSIGNMENT|[19]|res|"System.HttpResponse[Status=OK, StatusCode=200]"|0x78b39f85
16:03:22.0 (177613935)|STATEMENT_EXECUTE|[21]
16:03:22.0 (177615362)|STATEMENT_EXECUTE|[22]
16:03:22.0 (178165064)|HEAP_ALLOCATE|[22]|Bytes:13995
16:03:22.178 (178206344)|CUMULATIVE_LIMIT_USAGE
16:03:22.178 (178206344)|LIMIT_USAGE_FOR_NS|(default)|
  Number of SOQL queries: 0 out of 100
  Number of query rows: 0 out of 50000
  Number of SOSL queries: 0 out of 20
  Number of DML statements: 0 out of 150
  Number of Publish Immediate DML: 0 out of 150
  Number of DML rows: 0 out of 10000
  Maximum CPU time: 0 out of 10000
  Maximum heap size: 0 out of 6000000
  Number of callouts: 1 out of 100
  Number of Email Invocations: 0 out of 10
  Number of future calls: 0 out of 50
  Number of queueable jobs added to the queue: 0 out of 50
  Number of Mobile Apex push calls: 0 out of 10

16:03:22.178 (178206344)|CUMULATIVE_LIMIT_USAGE_END

16:03:22.0 (178242310)|CODE_UNIT_FINISHED|CustomNotificationController.getNotifications(String)
16:03:22.0 (178408134)|CODE_UNIT_FINISHED|apex://CustomNotificationController/ACTION$getNotifications
16:03:22.0 (178412775)|EXECUTION_FINISHED
