66.0 APEX_CODE,FINEST;APEX_PROFILING,INFO;CALLOUT,INFO;DATA_ACCESS,INFO;DB,INFO;NBA,INFO;SYSTEM,DEBUG;VALIDATION,INFO;VISUALFORCE,INFO;WAVE,INFO;WORKFLOW,INFO
15:53:27.0 (353948)|USER_INFO|[EXTERNAL]|0057F0000042UBb|ishibashi@hurex.co.jp.dev1|(GMT+09:00) 日本標準時 (Asia/Tokyo)|GMT+09:00
15:53:27.0 (445928)|EXECUTION_STARTED
15:53:27.0 (475163)|CODE_UNIT_STARTED|[EXTERNAL]|apex://CustomNotificationController/ACTION$getNotifications
15:53:27.0 (3689909)|CODE_UNIT_STARTED|[EXTERNAL]|01pBK000001VvEL|CustomNotificationController.getNotifications(String)
15:53:27.0 (4044216)|HEAP_ALLOCATE|[95]|Bytes:3
15:53:27.0 (4193015)|HEAP_ALLOCATE|[100]|Bytes:152
15:53:27.0 (4208746)|HEAP_ALLOCATE|[417]|Bytes:408
15:53:27.0 (4219517)|HEAP_ALLOCATE|[430]|Bytes:408
15:53:27.0 (4247571)|HEAP_ALLOCATE|[317]|Bytes:6
15:53:27.0 (4313262)|HEAP_ALLOCATE|[EXTERNAL]|Bytes:7
15:53:27.0 (4335599)|METHOD_ENTRY|[1]|01pBK000001VvEL|CustomNotificationController.CustomNotificationController()
15:53:27.0 (4345531)|STATEMENT_EXECUTE|[1]
15:53:27.0 (4355784)|STATEMENT_EXECUTE|[1]
15:53:27.0 (4376336)|HEAP_ALLOCATE|[68]|Bytes:5
15:53:27.0 (4424619)|HEAP_ALLOCATE|[74]|Bytes:5
15:53:27.0 (4429798)|HEAP_ALLOCATE|[82]|Bytes:7
15:53:27.0 (4602781)|HEAP_ALLOCATE|[EXTERNAL]|Bytes:5
15:53:27.0 (4620171)|METHOD_EXIT|[1]|CustomNotificationController
15:53:27.0 (4638899)|VARIABLE_SCOPE_BEGIN|[5]|before|String|false|false
15:53:27.0 (4689196)|VARIABLE_ASSIGNMENT|[5]|before|null
15:53:27.0 (4706078)|HEAP_ALLOCATE|[6]|Bytes:5
15:53:27.0 (4710851)|STATEMENT_EXECUTE|[5]
15:53:27.0 (4712471)|STATEMENT_EXECUTE|[6]
15:53:27.0 (4758015)|VARIABLE_SCOPE_BEGIN|[6]|req|System.HttpRequest|true|false
15:53:27.0 (5031205)|VARIABLE_ASSIGNMENT|[6]|req|"System.HttpRequest[Endpoint=null, Method=null]"|0x1f2b1631
15:53:27.0 (5038377)|STATEMENT_EXECUTE|[7]
15:53:27.0 (5041684)|HEAP_ALLOCATE|[7]|Bytes:3
15:53:27.0 (5151454)|STATEMENT_EXECUTE|[8]
15:53:27.0 (5153245)|HEAP_ALLOCATE|[8]|Bytes:13
15:53:27.0 (5156221)|HEAP_ALLOCATE|[8]|Bytes:7
15:53:27.0 (5210350)|HEAP_ALLOCATE|[8]|Bytes:105
15:53:27.0 (5220634)|SYSTEM_METHOD_ENTRY|[1]|UserInfo.UserInfo()
15:53:27.0 (5223075)|STATEMENT_EXECUTE|[1]
15:53:27.0 (5231682)|SYSTEM_METHOD_EXIT|[1]|UserInfo
15:53:27.0 (5245598)|METHOD_ENTRY|[8]||System.UserInfo.getSessionId()
15:53:27.0 (17037041)|METHOD_EXIT|[8]||System.UserInfo.getSessionId()
15:53:27.0 (17082544)|HEAP_ALLOCATE|[8]|Bytes:119
15:53:27.0 (17149862)|STATEMENT_EXECUTE|[10]
15:53:27.0 (17219124)|HEAP_ALLOCATE|[10]|Bytes:67
15:53:27.0 (17233372)|SYSTEM_METHOD_ENTRY|[1]|Url.Url()
15:53:27.0 (17235728)|STATEMENT_EXECUTE|[1]
15:53:27.0 (17243379)|SYSTEM_METHOD_EXIT|[1]|Url
15:53:27.0 (17253655)|METHOD_ENTRY|[10]||System.Url.getOrgDomainUrl()
15:53:27.0 (17536535)|METHOD_EXIT|[10]||System.Url.getOrgDomainUrl()
15:53:27.0 (17550752)|METHOD_ENTRY|[10]||System.Url.toExternalForm()
15:53:27.0 (17581551)|METHOD_EXIT|[10]||System.Url.toExternalForm()
15:53:27.0 (17585310)|VARIABLE_SCOPE_BEGIN|[10]|domainPath|String|false|false
15:53:27.0 (17607855)|VARIABLE_ASSIGNMENT|[10]|domainPath|"https://hurex--dev1. (25 more) ..."
15:53:27.0 (17611400)|STATEMENT_EXECUTE|[11]
15:53:27.0 (17614748)|HEAP_ALLOCATE|[11]|Bytes:50
15:53:27.0 (17621273)|HEAP_ALLOCATE|[11]|Bytes:95
15:53:27.0 (17624202)|VARIABLE_SCOPE_BEGIN|[11]|endpoint|String|false|false
15:53:27.0 (17629914)|VARIABLE_ASSIGNMENT|[11]|endpoint|"https://hurex--dev1. (75 more) ..."
15:53:27.0 (17729537)|STATEMENT_EXECUTE|[13]
15:53:27.0 (17730792)|STATEMENT_EXECUTE|[16]
15:53:27.0 (17762976)|STATEMENT_EXECUTE|[18]
15:53:27.0 (17785774)|VARIABLE_SCOPE_BEGIN|[18]|http|System.Http|true|false
15:53:27.0 (17902904)|VARIABLE_ASSIGNMENT|[18]|http|"System.Http[]"|0x592a6238
15:53:27.0 (17907322)|STATEMENT_EXECUTE|[19]
15:53:27.0 (18050318)|CALLOUT_REQUEST|[19]|System.HttpRequest[Endpoint=https://hurex--dev1.sandbox.my.salesforce.com/services/data/v56.0/connect/notifications?size=20, Method=GET]
15:53:27.0 (100043568)|HEAP_ALLOCATE|[EXTERNAL]|Bytes:939
15:53:27.0 (102780786)|CALLOUT_RESPONSE|[19]|System.HttpResponse[Status=Unauthorized, StatusCode=401]
15:53:27.0 (102818330)|HEAP_ALLOCATE|[19]|Bytes:91
15:53:27.0 (102853092)|VARIABLE_SCOPE_BEGIN|[19]|res|System.HttpResponse|true|false
15:53:27.0 (102935806)|VARIABLE_ASSIGNMENT|[19]|res|"System.HttpResponse[Status=Unauthorized, StatusCode=401]"|0xb5d5697
15:53:27.0 (103011259)|STATEMENT_EXECUTE|[23]
15:53:27.0 (103012896)|STATEMENT_EXECUTE|[24]
15:53:27.0 (103060013)|HEAP_ALLOCATE|[24]|Bytes:9
15:53:27.0 (103092510)|HEAP_ALLOCATE|[24]|Bytes:75
15:53:27.0 (103106854)|HEAP_ALLOCATE|[24]|Bytes:84
15:53:27.0 (103269657)|FATAL_ERROR|System.AuraHandledException: Script-thrown exception

Class.CustomNotificationController.getNotifications: line 24, column 1
15:53:27.0 (103281072)|FATAL_ERROR|System.AuraHandledException: Script-thrown exception

Class.CustomNotificationController.getNotifications: line 24, column 1
15:53:27.103 (103293704)|CUMULATIVE_LIMIT_USAGE
15:53:27.103 (103293704)|LIMIT_USAGE_FOR_NS|(default)|
  Number of SOQL queries: 0 out of 100
  Number of query rows: 0 out of 50000
  Number of SOSL queries: 0 out of 20
  Number of DML statements: 0 out of 150
  Number of Publish Immediate DML: 0 out of 150
  Number of DML rows: 0 out of 10000
  Maximum CPU time: 0 out of 10000
  Maximum heap size: 0 out of 6000000
  Number of callouts: 1 out of 100
  Number of Email Invocations: 0 out of 10
  Number of future calls: 0 out of 50
  Number of queueable jobs added to the queue: 0 out of 50
  Number of Mobile Apex push calls: 0 out of 10

15:53:27.103 (103293704)|CUMULATIVE_LIMIT_USAGE_END

15:53:27.0 (103340146)|CODE_UNIT_FINISHED|CustomNotificationController.getNotifications(String)
15:53:27.0 (103562378)|CODE_UNIT_FINISHED|apex://CustomNotificationController/ACTION$getNotifications
15:53:27.0 (103569979)|EXECUTION_FINISHED
