66.0 APEX_CODE,FINEST;APEX_PROFILING,INFO;CALLOUT,INFO;DATA_ACCESS,INFO;DB,INFO;NBA,INFO;SYSTEM,DEBUG;VALIDATION,INFO;VISUALFORCE,INFO;WAVE,INFO;WORKFLOW,INFO
15:38:21.0 (199866)|USER_INFO|[EXTERNAL]|0057F0000042UBb|ishibashi@hurex.co.jp.dev1|(GMT+09:00) 日本標準時 (Asia/Tokyo)|GMT+09:00
15:38:21.0 (235947)|EXECUTION_STARTED
15:38:21.0 (245811)|CODE_UNIT_STARTED|[EXTERNAL]|apex://OfferComponentController/ACTION$getOffers
15:38:21.0 (1881114)|CODE_UNIT_STARTED|[EXTERNAL]|01pBK000001Vpwv|OfferComponentController.getOffers()
15:38:21.0 (2227216)|HEAP_ALLOCATE|[95]|Bytes:3
15:38:21.0 (2333164)|HEAP_ALLOCATE|[100]|Bytes:152
15:38:21.0 (2351097)|HEAP_ALLOCATE|[417]|Bytes:408
15:38:21.0 (2366248)|HEAP_ALLOCATE|[430]|Bytes:408
15:38:21.0 (2397182)|HEAP_ALLOCATE|[317]|Bytes:6
15:38:21.0 (2412202)|HEAP_ALLOCATE|[EXTERNAL]|Bytes:1
15:38:21.0 (2425613)|METHOD_ENTRY|[1]|01pBK000001Vpwv|OfferComponentController.OfferComponentController()
15:38:21.0 (2432132)|STATEMENT_EXECUTE|[1]
15:38:21.0 (2438168)|STATEMENT_EXECUTE|[1]
15:38:21.0 (2463001)|HEAP_ALLOCATE|[68]|Bytes:5
15:38:21.0 (2491970)|HEAP_ALLOCATE|[74]|Bytes:5
15:38:21.0 (2498927)|HEAP_ALLOCATE|[82]|Bytes:7
15:38:21.0 (2693361)|HEAP_ALLOCATE|[EXTERNAL]|Bytes:5
15:38:21.0 (2709558)|METHOD_EXIT|[1]|OfferComponentController
15:38:21.0 (2726062)|HEAP_ALLOCATE|[4]|Bytes:5
15:38:21.0 (2730377)|STATEMENT_EXECUTE|[3]
15:38:21.0 (2732195)|STATEMENT_EXECUTE|[4]
15:38:21.0 (2734945)|HEAP_ALLOCATE|[4]|Bytes:78
15:38:21.0 (2754741)|HEAP_ALLOCATE|[4]|Bytes:4
15:38:21.0 (5439099)|SOQL_EXECUTE_BEGIN|[4]|Aggregations:0|SELECT COUNT() FROM SelectionProcess__c WHERE LatestProcessStatus__c = 'JOB打診'
15:38:21.0 (16063172)|SOQL_EXECUTE_END|[4]|Rows:1
15:38:21.0 (16116431)|HEAP_ALLOCATE|[4]|Bytes:4
15:38:21.0 (16144029)|VARIABLE_SCOPE_BEGIN|[4]|totalCount|Integer|false|false
15:38:21.0 (16152887)|HEAP_ALLOCATE|[4]|Bytes:4
15:38:21.0 (16191814)|VARIABLE_ASSIGNMENT|[4]|totalCount|1
15:38:21.0 (16200044)|STATEMENT_EXECUTE|[5]
15:38:21.0 (16206920)|HEAP_ALLOCATE|[5]|Bytes:360
15:38:21.0 (16233600)|HEAP_ALLOCATE|[5]|Bytes:4
15:38:21.0 (24015790)|SOQL_EXECUTE_BEGIN|[5]|Aggregations:0|SELECT Id, JobPosition__c, LatestProcessStatus__c, LastModifiedDate, JobPosition__r.Id, JobPosition__r.Company__r.Name, JobPosition__r.JobPosition__c, JobPosition__r.WorkLocation2__c, JobPosition__r.JobCategory1__c, JobPosition__r.LastViewedDate FROM SelectionProcess__c WHERE LatestProcessStatus__c = 'JOB打診' ORDER BY LastModifiedDate DESC NULLS FIRST LIMIT 2
15:38:21.0 (87143879)|SOQL_EXECUTE_END|[5]|Rows:1
15:38:21.0 (87186203)|HEAP_ALLOCATE|[5]|Bytes:8
15:38:21.0 (87209040)|HEAP_ALLOCATE|[5]|Bytes:404
15:38:21.0 (87373616)|HEAP_ALLOCATE|[5]|Bytes:8
15:38:21.0 (87396623)|VARIABLE_SCOPE_BEGIN|[5]|processes|List<SelectionProcess__c>|true|false
15:38:21.0 (87694633)|VARIABLE_ASSIGNMENT|[5]|processes|[{"JobPosition__c":"a0KBK00000Gexcs2AB","LastModifiedDate":"2026-03-02T05:52:31.000Z","JobPosition__r":{"JobPosition__c":"テスト401求人タイトル求人タイトル求人 (28 more) ...","WorkLocation2__c":"111","LastViewedDate":"2026-03-17T06:21:59.000Z","Id":"a0KBK00000Gexcs2AB","Company__c":"001BK00000cc2ZEYAY","Company__r":{"Name":"テスト 廣川","Id":"001BK00000cc2ZEYAY"},"JobCategory1__c":"専門職系（コンサルタント/金融/不動産）"},"Id":"a0LBK000005sEhR2AU","LatestProcessStatus__c":"JOB打診"}]|0x28c77a6a
15:38:21.0 (87714393)|STATEMENT_EXECUTE|[22]
15:38:21.0 (87733134)|HEAP_ALLOCATE|[22]|Bytes:4
15:38:21.0 (87778676)|VARIABLE_SCOPE_BEGIN|[22]|jobInfos|List<Map<String,ANY>>|true|false
15:38:21.0 (87807516)|HEAP_ALLOCATE|[EXTERNAL]|Bytes:4
15:38:21.0 (87815681)|VARIABLE_ASSIGNMENT|[22]|jobInfos|[]|0x4d4f0051
15:38:21.0 (88002675)|HEAP_ALLOCATE|[24]|Bytes:5
15:38:21.0 (88031252)|HEAP_ALLOCATE|[24]|Bytes:24
15:38:21.0 (88038746)|VARIABLE_SCOPE_BEGIN|[24]|process|SelectionProcess__c|true|false
15:38:21.0 (88121852)|VARIABLE_ASSIGNMENT|[24]|process|{"JobPosition__c":"a0KBK00000Gexcs2AB","LastModifiedDate":"2026-03-02T05:52:31.000Z","JobPosition__r":{"JobPosition__c":"テスト401求人タイトル求人タイトル求人 (28 more) ...","WorkLocation2__c":"111","LastViewedDate":"2026-03-17T06:21:59.000Z","Id":"a0KBK00000Gexcs2AB","Company__c":"001BK00000cc2ZEYAY","Company__r":{"Name":"テスト 廣川","Id":"001BK00000cc2ZEYAY"},"JobCategory1__c":"専門職系（コンサルタント/金融/不動産）"},"Id":"a0LBK000005sEhR2AU","LatestProcessStatus__c":"JOB打診"}|0x74a6b12b
15:38:21.0 (88132027)|STATEMENT_EXECUTE|[24]
15:38:21.0 (88133055)|STATEMENT_EXECUTE|[25]
15:38:21.0 (88142566)|HEAP_ALLOCATE|[25]|Bytes:4
15:38:21.0 (88148883)|VARIABLE_SCOPE_BEGIN|[25]|jobInfo|Map<String,ANY>|true|false
15:38:21.0 (88160839)|VARIABLE_ASSIGNMENT|[25]|jobInfo|{}|0x1daec412
15:38:21.0 (88163747)|STATEMENT_EXECUTE|[26]
15:38:21.0 (88168040)|HEAP_ALLOCATE|[26]|Bytes:5
15:38:21.0 (88229255)|HEAP_ALLOCATE|[EXTERNAL]|Bytes:-4
15:38:21.0 (88233986)|STATEMENT_EXECUTE|[27]
15:38:21.0 (88235577)|HEAP_ALLOCATE|[27]|Bytes:10
15:38:21.0 (88258304)|HEAP_ALLOCATE|[27]|Bytes:14
15:38:21.0 (88298210)|HEAP_ALLOCATE|[27]|Bytes:14
15:38:21.0 (88306143)|HEAP_ALLOCATE|[EXTERNAL]|Bytes:-4
15:38:21.0 (88309479)|STATEMENT_EXECUTE|[28]
15:38:21.0 (88310910)|HEAP_ALLOCATE|[28]|Bytes:11
15:38:21.0 (88356570)|HEAP_ALLOCATE|[EXTERNAL]|Bytes:-4
15:38:21.0 (88360181)|STATEMENT_EXECUTE|[29]
15:38:21.0 (88361585)|HEAP_ALLOCATE|[29]|Bytes:13
15:38:21.0 (88377378)|HEAP_ALLOCATE|[EXTERNAL]|Bytes:-4
15:38:21.0 (88380452)|STATEMENT_EXECUTE|[30]
15:38:21.0 (88381636)|HEAP_ALLOCATE|[30]|Bytes:12
15:38:21.0 (88394653)|HEAP_ALLOCATE|[EXTERNAL]|Bytes:-4
15:38:21.0 (88397630)|STATEMENT_EXECUTE|[31]
15:38:21.0 (88399024)|HEAP_ALLOCATE|[31]|Bytes:11
15:38:21.0 (88448814)|HEAP_ALLOCATE|[EXTERNAL]|Bytes:-4
15:38:21.0 (88452451)|STATEMENT_EXECUTE|[32]
15:38:21.0 (88453829)|HEAP_ALLOCATE|[32]|Bytes:14
15:38:21.0 (88475755)|HEAP_ALLOCATE|[EXTERNAL]|Bytes:-4
15:38:21.0 (88479081)|STATEMENT_EXECUTE|[33]
15:38:21.0 (88493175)|HEAP_ALLOCATE|[EXTERNAL]|Bytes:4
15:38:21.0 (88503300)|HEAP_ALLOCATE|[24]|Bytes:5
15:38:21.0 (88512794)|VARIABLE_ASSIGNMENT|[24]|process|null|
15:38:21.0 (88517490)|STATEMENT_EXECUTE|[35]
15:38:21.0 (88522240)|HEAP_ALLOCATE|[35]|Bytes:4
15:38:21.0 (88526008)|VARIABLE_SCOPE_BEGIN|[35]|result|Map<String,ANY>|true|false
15:38:21.0 (88532862)|VARIABLE_ASSIGNMENT|[35]|result|{}|0x2cc396
15:38:21.0 (88535997)|STATEMENT_EXECUTE|[36]
15:38:21.0 (88537156)|HEAP_ALLOCATE|[36]|Bytes:8
15:38:21.0 (88546773)|HEAP_ALLOCATE|[EXTERNAL]|Bytes:-4
15:38:21.0 (88549984)|STATEMENT_EXECUTE|[37]
15:38:21.0 (88551217)|HEAP_ALLOCATE|[37]|Bytes:10
15:38:21.0 (88559840)|HEAP_ALLOCATE|[37]|Bytes:4
15:38:21.0 (88577300)|HEAP_ALLOCATE|[EXTERNAL]|Bytes:-4
15:38:21.0 (88580210)|STATEMENT_EXECUTE|[38]
15:38:21.88 (88639325)|CUMULATIVE_LIMIT_USAGE
15:38:21.88 (88639325)|LIMIT_USAGE_FOR_NS|(default)|
  Number of SOQL queries: 2 out of 100
  Number of query rows: 2 out of 50000
  Number of SOSL queries: 0 out of 20
  Number of DML statements: 0 out of 0
  Number of Publish Immediate DML: 0 out of 150
  Number of DML rows: 0 out of 10000
  Maximum CPU time: 0 out of 10000
  Maximum heap size: 0 out of 6000000
  Number of callouts: 0 out of 100
  Number of Email Invocations: 0 out of 10
  Number of future calls: 0 out of 50
  Number of queueable jobs added to the queue: 0 out of 50
  Number of Mobile Apex push calls: 0 out of 10

15:38:21.88 (88639325)|CUMULATIVE_LIMIT_USAGE_END

15:38:21.0 (88662973)|CODE_UNIT_FINISHED|OfferComponentController.getOffers()
15:38:21.0 (88825578)|CODE_UNIT_FINISHED|apex://OfferComponentController/ACTION$getOffers
15:38:21.0 (88830439)|EXECUTION_FINISHED
