66.0 APEX_CODE,FINEST;APEX_PROFILING,INFO;CALLOUT,INFO;DATA_ACCESS,INFO;DB,INFO;NBA,INFO;SYSTEM,DEBUG;VALIDATION,INFO;VISUALFORCE,INFO;WAVE,INFO;WORKFLOW,INFO
17:40:25.1 (1813619)|USER_INFO|[EXTERNAL]|0057F0000042UBb|ishibashi@hurex.co.jp.dev1|(GMT+09:00) 日本標準時 (Asia/Tokyo)|GMT+09:00
17:40:25.1 (1856477)|EXECUTION_STARTED
17:40:25.1 (1867977)|CODE_UNIT_STARTED|[EXTERNAL]|apex://RecentJobViewedController/ACTION$getRecentViewedJobs
17:40:25.1 (3632593)|CODE_UNIT_STARTED|[EXTERNAL]|01pBK000001RE9Z|RecentJobViewedController.getRecentViewedJobs()
17:40:25.1 (3796709)|VARIABLE_SCOPE_BEGIN|[4]|RecentJobViewedController.testForceException|Boolean|false|true
17:40:25.1 (4030549)|HEAP_ALLOCATE|[95]|Bytes:3
17:40:25.1 (4075267)|HEAP_ALLOCATE|[100]|Bytes:152
17:40:25.1 (4089072)|HEAP_ALLOCATE|[417]|Bytes:408
17:40:25.1 (4099249)|HEAP_ALLOCATE|[430]|Bytes:408
17:40:25.1 (4116393)|HEAP_ALLOCATE|[317]|Bytes:6
17:40:25.1 (4126645)|HEAP_ALLOCATE|[EXTERNAL]|Bytes:1
17:40:25.1 (4137601)|METHOD_ENTRY|[1]|01pBK000001RE9Z|RecentJobViewedController.RecentJobViewedController()
17:40:25.1 (4142729)|STATEMENT_EXECUTE|[1]
17:40:25.1 (4145199)|STATEMENT_EXECUTE|[1]
17:40:25.1 (4196957)|HEAP_ALLOCATE|[68]|Bytes:5
17:40:25.1 (4221944)|HEAP_ALLOCATE|[74]|Bytes:5
17:40:25.1 (4226459)|HEAP_ALLOCATE|[82]|Bytes:7
17:40:25.1 (4371601)|HEAP_ALLOCATE|[4]|Bytes:5
17:40:25.1 (4374917)|STATEMENT_EXECUTE|[4]
17:40:25.1 (4382013)|HEAP_ALLOCATE|[4]|Bytes:5
17:40:25.1 (4435318)|VARIABLE_ASSIGNMENT|[4]|RecentJobViewedController.testForceException|false
17:40:25.1 (4451429)|METHOD_EXIT|[1]|RecentJobViewedController
17:40:25.1 (4465720)|HEAP_ALLOCATE|[8]|Bytes:5
17:40:25.1 (4468160)|STATEMENT_EXECUTE|[7]
17:40:25.1 (4469294)|STATEMENT_EXECUTE|[8]
17:40:25.1 (4470071)|STATEMENT_EXECUTE|[8]
17:40:25.1 (4502850)|HEAP_ALLOCATE|[9]|Bytes:118
17:40:25.1 (4510102)|SYSTEM_METHOD_ENTRY|[1]|Test.Test()
17:40:25.1 (4512937)|STATEMENT_EXECUTE|[1]
17:40:25.1 (4517215)|SYSTEM_METHOD_EXIT|[1]|Test
17:40:25.1 (4529824)|METHOD_ENTRY|[9]||System.Test.isRunningTest()
17:40:25.1 (4572109)|METHOD_EXIT|[9]||System.Test.isRunningTest()
17:40:25.1 (4578133)|STATEMENT_EXECUTE|[9]
17:40:25.1 (4579112)|STATEMENT_EXECUTE|[13]
17:40:25.1 (4580823)|HEAP_ALLOCATE|[13]|Bytes:137
17:40:25.1 (4601282)|HEAP_ALLOCATE|[13]|Bytes:4
17:40:25.1 (8497170)|SOQL_EXECUTE_BEGIN|[13]|Aggregations:0|SELECT Id, Name, JobPosition__c, LastViewedDate FROM Job__c WHERE LastViewedDate != NULL ORDER BY LastViewedDate DESC NULLS FIRST LIMIT 4
17:40:25.1 (22223364)|SOQL_EXECUTE_END|[13]|Rows:4
17:40:25.1 (22262454)|HEAP_ALLOCATE|[13]|Bytes:20
17:40:25.1 (22294594)|HEAP_ALLOCATE|[13]|Bytes:884
17:40:25.1 (22352143)|HEAP_ALLOCATE|[13]|Bytes:20
17:40:25.22 (22424469)|CUMULATIVE_LIMIT_USAGE
17:40:25.22 (22424469)|LIMIT_USAGE_FOR_NS|(default)|
  Number of SOQL queries: 1 out of 100
  Number of query rows: 4 out of 50000
  Number of SOSL queries: 0 out of 20
  Number of DML statements: 0 out of 0
  Number of Publish Immediate DML: 0 out of 150
  Number of DML rows: 0 out of 10000
  Maximum CPU time: 0 out of 10000
  Maximum heap size: 0 out of 6000000
  Number of callouts: 0 out of 100
  Number of Email Invocations: 0 out of 10
  Number of future calls: 0 out of 50
  Number of queueable jobs added to the queue: 0 out of 50
  Number of Mobile Apex push calls: 0 out of 10

17:40:25.22 (22424469)|CUMULATIVE_LIMIT_USAGE_END

17:40:25.1 (22448040)|CODE_UNIT_FINISHED|RecentJobViewedController.getRecentViewedJobs()
17:40:25.1 (22610584)|CODE_UNIT_FINISHED|apex://RecentJobViewedController/ACTION$getRecentViewedJobs
17:40:25.1 (22616462)|EXECUTION_FINISHED
