66.0 APEX_CODE,FINEST;APEX_PROFILING,INFO;CALLOUT,INFO;DATA_ACCESS,INFO;DB,INFO;NBA,INFO;SYSTEM,DEBUG;VALIDATION,INFO;VISUALFORCE,INFO;WAVE,INFO;WORKFLOW,INFO
15:35:44.0 (196507)|USER_INFO|[EXTERNAL]|0057F0000042UBb|ishibashi@hurex.co.jp.dev1|(GMT+09:00) 日本標準時 (Asia/Tokyo)|GMT+09:00
15:35:44.0 (224865)|EXECUTION_STARTED
15:35:44.0 (232877)|CODE_UNIT_STARTED|[EXTERNAL]|apex://CareerHistoryController/ACTION$getCareerHistory
15:35:44.0 (1888972)|CODE_UNIT_STARTED|[EXTERNAL]|01pBK000001lv3t|CareerHistoryController.getCareerHistory()
15:35:44.0 (2248307)|HEAP_ALLOCATE|[95]|Bytes:3
15:35:44.0 (2330925)|HEAP_ALLOCATE|[100]|Bytes:152
15:35:44.0 (2349990)|HEAP_ALLOCATE|[417]|Bytes:408
15:35:44.0 (2367438)|HEAP_ALLOCATE|[430]|Bytes:408
15:35:44.0 (2395881)|HEAP_ALLOCATE|[317]|Bytes:6
15:35:44.0 (2408896)|HEAP_ALLOCATE|[EXTERNAL]|Bytes:13
15:35:44.0 (2414073)|HEAP_ALLOCATE|[EXTERNAL]|Bytes:17
15:35:44.0 (2417490)|HEAP_ALLOCATE|[EXTERNAL]|Bytes:2
15:35:44.0 (2429967)|METHOD_ENTRY|[1]|01pBK000001lv3t|CareerHistoryController.CareerHistoryController()
15:35:44.0 (2436987)|STATEMENT_EXECUTE|[1]
15:35:44.0 (2441450)|STATEMENT_EXECUTE|[1]
15:35:44.0 (2463087)|HEAP_ALLOCATE|[68]|Bytes:5
15:35:44.0 (2486863)|HEAP_ALLOCATE|[74]|Bytes:5
15:35:44.0 (2494477)|HEAP_ALLOCATE|[82]|Bytes:7
15:35:44.0 (2669036)|HEAP_ALLOCATE|[EXTERNAL]|Bytes:5
15:35:44.0 (2674635)|STATEMENT_EXECUTE|[4]
15:35:44.0 (2683521)|METHOD_EXIT|[1]|CareerHistoryController
15:35:44.0 (2697873)|HEAP_ALLOCATE|[21]|Bytes:5
15:35:44.0 (2701837)|STATEMENT_EXECUTE|[20]
15:35:44.0 (2703504)|STATEMENT_EXECUTE|[21]
15:35:44.0 (2713860)|HEAP_ALLOCATE|[21]|Bytes:4
15:35:44.0 (2808408)|VARIABLE_SCOPE_BEGIN|[21]|careerList|List<CareerHistoryController.CareerWrapper>|true|false
15:35:44.0 (2842040)|HEAP_ALLOCATE|[EXTERNAL]|Bytes:4
15:35:44.0 (2874014)|VARIABLE_ASSIGNMENT|[21]|careerList|[]|0x708437e4
15:35:44.0 (2880783)|STATEMENT_EXECUTE|[22]
15:35:44.0 (2947710)|HEAP_ALLOCATE|[22]|Bytes:4
15:35:44.0 (3044379)|VARIABLE_SCOPE_BEGIN|[22]|acc|Account|true|false
15:35:44.0 (3061045)|VARIABLE_ASSIGNMENT|[22]|acc|{}|0x6499695b
15:35:44.0 (3066280)|STATEMENT_EXECUTE|[24]
15:35:44.0 (3067694)|STATEMENT_EXECUTE|[24]
15:35:44.0 (3069293)|STATEMENT_EXECUTE|[25]
15:35:44.0 (3072460)|HEAP_ALLOCATE|[25]|Bytes:54
15:35:44.0 (3086784)|HEAP_ALLOCATE|[25]|Bytes:4
15:35:44.0 (3126665)|HEAP_ALLOCATE|[25]|Bytes:7
15:35:44.0 (3168619)|HEAP_ALLOCATE|[25]|Bytes:105
15:35:44.0 (3179139)|SYSTEM_METHOD_ENTRY|[1]|UserInfo.UserInfo()
15:35:44.0 (3183347)|STATEMENT_EXECUTE|[1]
15:35:44.0 (3188982)|SYSTEM_METHOD_EXIT|[1]|UserInfo
15:35:44.0 (3201259)|METHOD_ENTRY|[25]||System.UserInfo.getUserId()
15:35:44.0 (8422631)|METHOD_EXIT|[25]||System.UserInfo.getUserId()
15:35:44.0 (10030361)|SOQL_EXECUTE_BEGIN|[25]|Aggregations:0|SELECT AccountId FROM User WHERE Id = :tmpVar1 LIMIT 1
15:35:44.0 (18036428)|SOQL_EXECUTE_END|[25]|Rows:1
15:35:44.0 (18071624)|HEAP_ALLOCATE|[25]|Bytes:8
15:35:44.0 (18093836)|HEAP_ALLOCATE|[25]|Bytes:29
15:35:44.0 (18181830)|HEAP_ALLOCATE|[25]|Bytes:8
15:35:44.0 (18198685)|HEAP_ALLOCATE|[25]|Bytes:30
15:35:44.0 (18276890)|HEAP_ALLOCATE|[25]|Bytes:8
15:35:44.0 (18285680)|VARIABLE_SCOPE_BEGIN|[25]|currentUser|User|true|false
15:35:44.0 (18345891)|VARIABLE_ASSIGNMENT|[25]|currentUser|{"Id":"0057F0000042UBbQAM"}|0x3c5ceeab
15:35:44.0 (18364222)|STATEMENT_EXECUTE|[27]
15:35:44.0 (18367654)|STATEMENT_EXECUTE|[44]
15:35:44.0 (18484042)|HEAP_ALLOCATE|[44]|Bytes:276
15:35:44.0 (18491530)|HEAP_ALLOCATE|[44]|Bytes:21
15:35:44.0 (18515278)|HEAP_ALLOCATE|[44]|Bytes:40
15:35:44.0 (18539158)|CONSTRUCTOR_ENTRY|[44]|01pBK000001lv3t|<init>()|CareerHistoryController.CareerWrapper
15:35:44.0 (18585120)|VARIABLE_SCOPE_BEGIN|[4]|this|CareerHistoryController.CareerWrapper|true|false
15:35:44.0 (18672506)|VARIABLE_ASSIGNMENT|[4]|this|{}|0x699ce26
15:35:44.0 (18682025)|HEAP_ALLOCATE|[EXTERNAL]|Bytes:6
15:35:44.0 (18710520)|STATEMENT_EXECUTE|[4]
15:35:44.0 (18712361)|STATEMENT_EXECUTE|[5]
15:35:44.0 (18713838)|STATEMENT_EXECUTE|[6]
15:35:44.0 (18715196)|STATEMENT_EXECUTE|[7]
15:35:44.0 (18716793)|STATEMENT_EXECUTE|[8]
15:35:44.0 (18718458)|STATEMENT_EXECUTE|[9]
15:35:44.0 (18720013)|STATEMENT_EXECUTE|[10]
15:35:44.0 (18721381)|STATEMENT_EXECUTE|[11]
15:35:44.0 (18723184)|STATEMENT_EXECUTE|[12]
15:35:44.0 (18724570)|STATEMENT_EXECUTE|[13]
15:35:44.0 (18729770)|CONSTRUCTOR_EXIT|[44]|01pBK000001lv3t|<init>()|CareerHistoryController.CareerWrapper
15:35:44.0 (18737521)|VARIABLE_SCOPE_BEGIN|[44]|c1|CareerHistoryController.CareerWrapper|true|false
15:35:44.0 (18756118)|VARIABLE_ASSIGNMENT|[44]|c1|{}|0x699ce26
15:35:44.0 (18760988)|STATEMENT_EXECUTE|[45]
15:35:44.0 (18763328)|HEAP_ALLOCATE|[45]|Bytes:1
15:35:44.0 (18823289)|VARIABLE_ASSIGNMENT|[EXTERNAL]|this|{}|0x699ce26
15:35:44.0 (18832905)|VARIABLE_ASSIGNMENT|[EXTERNAL]|value|"1"
15:35:44.0 (18847549)|VARIABLE_ASSIGNMENT|[5]|this.id|"1"|0x699ce26
15:35:44.0 (18858466)|STATEMENT_EXECUTE|[46]
15:35:44.0 (18874641)|METHOD_ENTRY|[46]|01pBK000001lv3t|CareerHistoryController.nullToEmpty(String)
15:35:44.0 (18885679)|VARIABLE_SCOPE_BEGIN|[145]|str|String|false|false
15:35:44.0 (18893682)|VARIABLE_ASSIGNMENT|[145]|str|null
15:35:44.0 (18905156)|HEAP_ALLOCATE|[145]|Bytes:5
15:35:44.0 (18908803)|STATEMENT_EXECUTE|[145]
15:35:44.0 (18910519)|STATEMENT_EXECUTE|[145]
15:35:44.0 (18919578)|METHOD_EXIT|[46]|01pBK000001lv3t|CareerHistoryController.nullToEmpty(String)
15:35:44.0 (18945997)|VARIABLE_ASSIGNMENT|[EXTERNAL]|this|{"id":"1"}|0x699ce26
15:35:44.0 (18953674)|VARIABLE_ASSIGNMENT|[EXTERNAL]|value|""
15:35:44.0 (18960971)|VARIABLE_ASSIGNMENT|[6]|this.companyName|""|0x699ce26
15:35:44.0 (18968047)|STATEMENT_EXECUTE|[47]
15:35:44.0 (18973191)|METHOD_ENTRY|[47]|01pBK000001lv3t|CareerHistoryController.nullToEmpty(String)
15:35:44.0 (18980210)|VARIABLE_SCOPE_BEGIN|[145]|str|String|false|false
15:35:44.0 (18986718)|VARIABLE_ASSIGNMENT|[145]|str|null
15:35:44.0 (18992898)|HEAP_ALLOCATE|[145]|Bytes:5
15:35:44.0 (18995900)|STATEMENT_EXECUTE|[145]
15:35:44.0 (18997431)|STATEMENT_EXECUTE|[145]
15:35:44.0 (19001155)|METHOD_EXIT|[47]|01pBK000001lv3t|CareerHistoryController.nullToEmpty(String)
15:35:44.0 (19026860)|VARIABLE_ASSIGNMENT|[EXTERNAL]|this|{"companyName":"","id":"1"}|0x699ce26
15:35:44.0 (19033998)|VARIABLE_ASSIGNMENT|[EXTERNAL]|value|""
15:35:44.0 (19040804)|VARIABLE_ASSIGNMENT|[10]|this.annualIncome|""|0x699ce26
15:35:44.0 (19047288)|STATEMENT_EXECUTE|[48]
15:35:44.0 (19051683)|METHOD_ENTRY|[48]|01pBK000001lv3t|CareerHistoryController.nullToEmpty(String)
15:35:44.0 (19058453)|VARIABLE_SCOPE_BEGIN|[145]|str|String|false|false
15:35:44.0 (19065130)|VARIABLE_ASSIGNMENT|[145]|str|null
15:35:44.0 (19070835)|HEAP_ALLOCATE|[145]|Bytes:5
15:35:44.0 (19073724)|STATEMENT_EXECUTE|[145]
15:35:44.0 (19075068)|STATEMENT_EXECUTE|[145]
15:35:44.0 (19078378)|METHOD_EXIT|[48]|01pBK000001lv3t|CareerHistoryController.nullToEmpty(String)
15:35:44.0 (19132903)|VARIABLE_ASSIGNMENT|[EXTERNAL]|this|{"annualIncome":"","companyName":"","id":"1"}|0x699ce26
15:35:44.0 (19140514)|VARIABLE_ASSIGNMENT|[EXTERNAL]|value|""
15:35:44.0 (19148328)|VARIABLE_ASSIGNMENT|[11]|this.jobDescription|""|0x699ce26
15:35:44.0 (19155196)|STATEMENT_EXECUTE|[50]
15:35:44.0 (19159994)|METHOD_ENTRY|[50]|01pBK000001lv3t|CareerHistoryController.nullToEmpty(String)
15:35:44.0 (19167268)|VARIABLE_SCOPE_BEGIN|[145]|str|String|false|false
15:35:44.0 (19174160)|VARIABLE_ASSIGNMENT|[145]|str|null
15:35:44.0 (19180169)|HEAP_ALLOCATE|[145]|Bytes:5
15:35:44.0 (19183061)|STATEMENT_EXECUTE|[145]
15:35:44.0 (19184423)|STATEMENT_EXECUTE|[145]
15:35:44.0 (19188016)|METHOD_EXIT|[50]|01pBK000001lv3t|CareerHistoryController.nullToEmpty(String)
15:35:44.0 (19213335)|VARIABLE_ASSIGNMENT|[EXTERNAL]|this|{"annualIncome":"","companyName":"","id":"1","jobDescription":""}|0x699ce26
15:35:44.0 (19220593)|VARIABLE_ASSIGNMENT|[EXTERNAL]|value|""
15:35:44.0 (19227130)|VARIABLE_ASSIGNMENT|[12]|this.jobGroup|""|0x699ce26
15:35:44.0 (19233415)|STATEMENT_EXECUTE|[51]
15:35:44.0 (19237568)|METHOD_ENTRY|[51]|01pBK000001lv3t|CareerHistoryController.nullToEmpty(String)
15:35:44.0 (19243887)|VARIABLE_SCOPE_BEGIN|[145]|str|String|false|false
15:35:44.0 (19250019)|VARIABLE_ASSIGNMENT|[145]|str|null
15:35:44.0 (19255518)|HEAP_ALLOCATE|[145]|Bytes:5
15:35:44.0 (19258398)|STATEMENT_EXECUTE|[145]
15:35:44.0 (19259860)|STATEMENT_EXECUTE|[145]
15:35:44.0 (19263217)|METHOD_EXIT|[51]|01pBK000001lv3t|CareerHistoryController.nullToEmpty(String)
15:35:44.0 (19288288)|VARIABLE_ASSIGNMENT|[EXTERNAL]|this|{"annualIncome":"","companyName":"","id":"1","jobDescription":"","jobGroup":""}|0x699ce26
15:35:44.0 (19295846)|VARIABLE_ASSIGNMENT|[EXTERNAL]|value|""
15:35:44.0 (19302428)|VARIABLE_ASSIGNMENT|[13]|this.jobGroupOption|""|0x699ce26
15:35:44.0 (19309126)|STATEMENT_EXECUTE|[52]
15:35:44.0 (19323135)|METHOD_ENTRY|[52]|01pBK000001lv3t|CareerHistoryController.formatDateToYYYYMM(Date)
15:35:44.0 (19335008)|VARIABLE_SCOPE_BEGIN|[147]|d|Date|false|false
15:35:44.0 (19342341)|VARIABLE_ASSIGNMENT|[147]|d|null
15:35:44.0 (19348976)|HEAP_ALLOCATE|[148]|Bytes:5
15:35:44.0 (19352558)|STATEMENT_EXECUTE|[147]
15:35:44.0 (19354720)|STATEMENT_EXECUTE|[148]
15:35:44.0 (19359812)|METHOD_EXIT|[52]|01pBK000001lv3t|CareerHistoryController.formatDateToYYYYMM(Date)
15:35:44.0 (19386120)|VARIABLE_ASSIGNMENT|[EXTERNAL]|this|{"annualIncome":"","companyName":"","id":"1","jobDescription":"","jobGroup":"","jobGroupOption":""}|0x699ce26
15:35:44.0 (19393408)|VARIABLE_ASSIGNMENT|[EXTERNAL]|value|""
15:35:44.0 (19400072)|VARIABLE_ASSIGNMENT|[7]|this.startDateInput|""|0x699ce26
15:35:44.0 (19406243)|STATEMENT_EXECUTE|[53]
15:35:44.0 (19410858)|METHOD_ENTRY|[53]|01pBK000001lv3t|CareerHistoryController.formatDateToYYYYMM(Date)
15:35:44.0 (19417566)|VARIABLE_SCOPE_BEGIN|[147]|d|Date|false|false
15:35:44.0 (19423945)|VARIABLE_ASSIGNMENT|[147]|d|null
15:35:44.0 (19429542)|HEAP_ALLOCATE|[148]|Bytes:5
15:35:44.0 (19432664)|STATEMENT_EXECUTE|[147]
15:35:44.0 (19434180)|STATEMENT_EXECUTE|[148]
15:35:44.0 (19437463)|METHOD_EXIT|[53]|01pBK000001lv3t|CareerHistoryController.formatDateToYYYYMM(Date)
15:35:44.0 (19463273)|VARIABLE_ASSIGNMENT|[EXTERNAL]|this|{"annualIncome":"","companyName":"","id":"1","jobDescription":"","jobGroup":"","jobGroupOption":"","startDateInput":""}|0x699ce26
15:35:44.0 (19470864)|VARIABLE_ASSIGNMENT|[EXTERNAL]|value|""
15:35:44.0 (19477515)|VARIABLE_ASSIGNMENT|[8]|this.endDateInput|""|0x699ce26
15:35:44.0 (19484013)|STATEMENT_EXECUTE|[54]
15:35:44.0 (19523304)|VARIABLE_ASSIGNMENT|[EXTERNAL]|this|{"annualIncome":"","companyName":"","endDateInput":"","id":"1","jobDescription":"","jobGroup":"","jobGroupOption":"","startDateInput":""}|0x699ce26
15:35:44.0 (19533314)|VARIABLE_ASSIGNMENT|[EXTERNAL]|value|true
15:35:44.0 (19538861)|HEAP_ALLOCATE|[9]|Bytes:5
15:35:44.0 (19544463)|VARIABLE_ASSIGNMENT|[9]|this.isCurrentJob|true|0x699ce26
15:35:44.0 (19551716)|STATEMENT_EXECUTE|[55]
15:35:44.0 (19581278)|HEAP_ALLOCATE|[EXTERNAL]|Bytes:4
15:35:44.0 (19588121)|STATEMENT_EXECUTE|[58]
15:35:44.0 (19592597)|HEAP_ALLOCATE|[58]|Bytes:40
15:35:44.0 (19599353)|CONSTRUCTOR_ENTRY|[58]|01pBK000001lv3t|<init>()|CareerHistoryController.CareerWrapper
15:35:44.0 (19610643)|VARIABLE_SCOPE_BEGIN|[4]|this|CareerHistoryController.CareerWrapper|true|false
15:35:44.0 (19627329)|VARIABLE_ASSIGNMENT|[4]|this|{}|0x67aa47c1
15:35:44.0 (19642253)|STATEMENT_EXECUTE|[4]
15:35:44.0 (19643755)|STATEMENT_EXECUTE|[5]
15:35:44.0 (19645108)|STATEMENT_EXECUTE|[6]
15:35:44.0 (19646424)|STATEMENT_EXECUTE|[7]
15:35:44.0 (19647733)|STATEMENT_EXECUTE|[8]
15:35:44.0 (19649228)|STATEMENT_EXECUTE|[9]
15:35:44.0 (19650748)|STATEMENT_EXECUTE|[10]
15:35:44.0 (19652138)|STATEMENT_EXECUTE|[11]
15:35:44.0 (19653530)|STATEMENT_EXECUTE|[12]
15:35:44.0 (19654839)|STATEMENT_EXECUTE|[13]
15:35:44.0 (19657936)|CONSTRUCTOR_EXIT|[58]|01pBK000001lv3t|<init>()|CareerHistoryController.CareerWrapper
15:35:44.0 (19664047)|VARIABLE_SCOPE_BEGIN|[58]|c2|CareerHistoryController.CareerWrapper|true|false
15:35:44.0 (19681025)|VARIABLE_ASSIGNMENT|[58]|c2|{}|0x67aa47c1
15:35:44.0 (19685579)|STATEMENT_EXECUTE|[59]
15:35:44.0 (19688477)|HEAP_ALLOCATE|[59]|Bytes:1
15:35:44.0 (19707833)|VARIABLE_ASSIGNMENT|[EXTERNAL]|this|{}|0x67aa47c1
15:35:44.0 (19715010)|VARIABLE_ASSIGNMENT|[EXTERNAL]|value|"2"
15:35:44.0 (19721645)|VARIABLE_ASSIGNMENT|[5]|this.id|"2"|0x67aa47c1
15:35:44.0 (19728103)|STATEMENT_EXECUTE|[60]
15:35:44.0 (19733164)|METHOD_ENTRY|[60]|01pBK000001lv3t|CareerHistoryController.nullToEmpty(String)
15:35:44.0 (19739433)|VARIABLE_SCOPE_BEGIN|[145]|str|String|false|false
15:35:44.0 (19746061)|VARIABLE_ASSIGNMENT|[145]|str|null
15:35:44.0 (19752153)|HEAP_ALLOCATE|[145]|Bytes:5
15:35:44.0 (19755115)|STATEMENT_EXECUTE|[145]
15:35:44.0 (19756500)|STATEMENT_EXECUTE|[145]
15:35:44.0 (19760734)|METHOD_EXIT|[60]|01pBK000001lv3t|CareerHistoryController.nullToEmpty(String)
15:35:44.0 (19778394)|VARIABLE_ASSIGNMENT|[EXTERNAL]|this|{"id":"2"}|0x67aa47c1
15:35:44.0 (19785278)|VARIABLE_ASSIGNMENT|[EXTERNAL]|value|""
15:35:44.0 (19791303)|VARIABLE_ASSIGNMENT|[6]|this.companyName|""|0x67aa47c1
15:35:44.0 (19797533)|STATEMENT_EXECUTE|[61]
15:35:44.0 (19801730)|METHOD_ENTRY|[61]|01pBK000001lv3t|CareerHistoryController.nullToEmpty(String)
15:35:44.0 (19807959)|VARIABLE_SCOPE_BEGIN|[145]|str|String|false|false
15:35:44.0 (19814395)|VARIABLE_ASSIGNMENT|[145]|str|null
15:35:44.0 (19819680)|HEAP_ALLOCATE|[145]|Bytes:5
15:35:44.0 (19822471)|STATEMENT_EXECUTE|[145]
15:35:44.0 (19823933)|STATEMENT_EXECUTE|[145]
15:35:44.0 (19827145)|METHOD_EXIT|[61]|01pBK000001lv3t|CareerHistoryController.nullToEmpty(String)
15:35:44.0 (19845440)|VARIABLE_ASSIGNMENT|[EXTERNAL]|this|{"companyName":"","id":"2"}|0x67aa47c1
15:35:44.0 (19852398)|VARIABLE_ASSIGNMENT|[EXTERNAL]|value|""
15:35:44.0 (19858365)|VARIABLE_ASSIGNMENT|[11]|this.jobDescription|""|0x67aa47c1
15:35:44.0 (19864768)|STATEMENT_EXECUTE|[63]
15:35:44.0 (19868755)|METHOD_ENTRY|[63]|01pBK000001lv3t|CareerHistoryController.nullToEmpty(String)
15:35:44.0 (19874883)|VARIABLE_SCOPE_BEGIN|[145]|str|String|false|false
15:35:44.0 (19881205)|VARIABLE_ASSIGNMENT|[145]|str|null
15:35:44.0 (19886423)|HEAP_ALLOCATE|[145]|Bytes:5
15:35:44.0 (19889610)|STATEMENT_EXECUTE|[145]
15:35:44.0 (19891007)|STATEMENT_EXECUTE|[145]
15:35:44.0 (19894273)|METHOD_EXIT|[63]|01pBK000001lv3t|CareerHistoryController.nullToEmpty(String)
15:35:44.0 (19912983)|VARIABLE_ASSIGNMENT|[EXTERNAL]|this|{"companyName":"","id":"2","jobDescription":""}|0x67aa47c1
15:35:44.0 (19919688)|VARIABLE_ASSIGNMENT|[EXTERNAL]|value|""
15:35:44.0 (19925438)|VARIABLE_ASSIGNMENT|[12]|this.jobGroup|""|0x67aa47c1
15:35:44.0 (19931635)|STATEMENT_EXECUTE|[64]
15:35:44.0 (19935732)|METHOD_ENTRY|[64]|01pBK000001lv3t|CareerHistoryController.nullToEmpty(String)
15:35:44.0 (19941807)|VARIABLE_SCOPE_BEGIN|[145]|str|String|false|false
15:35:44.0 (19948346)|VARIABLE_ASSIGNMENT|[145]|str|null
15:35:44.0 (19953850)|HEAP_ALLOCATE|[145]|Bytes:5
15:35:44.0 (19956774)|STATEMENT_EXECUTE|[145]
15:35:44.0 (19958100)|STATEMENT_EXECUTE|[145]
15:35:44.0 (19961295)|METHOD_EXIT|[64]|01pBK000001lv3t|CareerHistoryController.nullToEmpty(String)
15:35:44.0 (19980354)|VARIABLE_ASSIGNMENT|[EXTERNAL]|this|{"companyName":"","id":"2","jobDescription":"","jobGroup":""}|0x67aa47c1
15:35:44.0 (19987077)|VARIABLE_ASSIGNMENT|[EXTERNAL]|value|""
15:35:44.0 (19992956)|VARIABLE_ASSIGNMENT|[13]|this.jobGroupOption|""|0x67aa47c1
15:35:44.0 (19999404)|STATEMENT_EXECUTE|[65]
15:35:44.0 (20003348)|METHOD_ENTRY|[65]|01pBK000001lv3t|CareerHistoryController.formatDateToYYYYMM(Date)
15:35:44.0 (20010586)|VARIABLE_SCOPE_BEGIN|[147]|d|Date|false|false
15:35:44.0 (20016998)|VARIABLE_ASSIGNMENT|[147]|d|null
15:35:44.0 (20022517)|HEAP_ALLOCATE|[148]|Bytes:5
15:35:44.0 (20025383)|STATEMENT_EXECUTE|[147]
15:35:44.0 (20027001)|STATEMENT_EXECUTE|[148]
15:35:44.0 (20030338)|METHOD_EXIT|[65]|01pBK000001lv3t|CareerHistoryController.formatDateToYYYYMM(Date)
15:35:44.0 (20049880)|VARIABLE_ASSIGNMENT|[EXTERNAL]|this|{"companyName":"","id":"2","jobDescription":"","jobGroup":"","jobGroupOption":""}|0x67aa47c1
15:35:44.0 (20056455)|VARIABLE_ASSIGNMENT|[EXTERNAL]|value|""
15:35:44.0 (20062435)|VARIABLE_ASSIGNMENT|[7]|this.startDateInput|""|0x67aa47c1
15:35:44.0 (20068821)|STATEMENT_EXECUTE|[66]
15:35:44.0 (20072750)|METHOD_ENTRY|[66]|01pBK000001lv3t|CareerHistoryController.formatDateToYYYYMM(Date)
15:35:44.0 (20078714)|VARIABLE_SCOPE_BEGIN|[147]|d|Date|false|false
15:35:44.0 (20085353)|VARIABLE_ASSIGNMENT|[147]|d|null
15:35:44.0 (20090742)|HEAP_ALLOCATE|[148]|Bytes:5
15:35:44.0 (20093612)|STATEMENT_EXECUTE|[147]
15:35:44.0 (20095023)|STATEMENT_EXECUTE|[148]
15:35:44.0 (20098255)|METHOD_EXIT|[66]|01pBK000001lv3t|CareerHistoryController.formatDateToYYYYMM(Date)
15:35:44.0 (20118383)|VARIABLE_ASSIGNMENT|[EXTERNAL]|this|{"companyName":"","id":"2","jobDescription":"","jobGroup":"","jobGroupOption":"","startDateInput":""}|0x67aa47c1
15:35:44.0 (20124970)|VARIABLE_ASSIGNMENT|[EXTERNAL]|value|""
15:35:44.0 (20130858)|VARIABLE_ASSIGNMENT|[8]|this.endDateInput|""|0x67aa47c1
15:35:44.0 (20137293)|STATEMENT_EXECUTE|[67]
15:35:44.0 (20158418)|VARIABLE_ASSIGNMENT|[EXTERNAL]|this|{"companyName":"","endDateInput":"","id":"2","jobDescription":"","jobGroup":"","jobGroupOption":"","startDateInput":""}|0x67aa47c1
15:35:44.0 (20165990)|VARIABLE_ASSIGNMENT|[EXTERNAL]|value|false
15:35:44.0 (20170473)|HEAP_ALLOCATE|[9]|Bytes:5
15:35:44.0 (20175153)|VARIABLE_ASSIGNMENT|[9]|this.isCurrentJob|false|0x67aa47c1
15:35:44.0 (20181528)|STATEMENT_EXECUTE|[68]
15:35:44.0 (20196523)|HEAP_ALLOCATE|[EXTERNAL]|Bytes:4
15:35:44.0 (20202131)|STATEMENT_EXECUTE|[71]
15:35:44.0 (20205231)|HEAP_ALLOCATE|[71]|Bytes:40
15:35:44.0 (20210273)|CONSTRUCTOR_ENTRY|[71]|01pBK000001lv3t|<init>()|CareerHistoryController.CareerWrapper
15:35:44.0 (20219992)|VARIABLE_SCOPE_BEGIN|[4]|this|CareerHistoryController.CareerWrapper|true|false
15:35:44.0 (20235688)|VARIABLE_ASSIGNMENT|[4]|this|{}|0x197332d5
15:35:44.0 (20247034)|STATEMENT_EXECUTE|[4]
15:35:44.0 (20248513)|STATEMENT_EXECUTE|[5]
15:35:44.0 (20249963)|STATEMENT_EXECUTE|[6]
15:35:44.0 (20251423)|STATEMENT_EXECUTE|[7]
15:35:44.0 (20252748)|STATEMENT_EXECUTE|[8]
15:35:44.0 (20254158)|STATEMENT_EXECUTE|[9]
15:35:44.0 (20255532)|STATEMENT_EXECUTE|[10]
15:35:44.0 (20256873)|STATEMENT_EXECUTE|[11]
15:35:44.0 (20258233)|STATEMENT_EXECUTE|[12]
15:35:44.0 (20259523)|STATEMENT_EXECUTE|[13]
15:35:44.0 (20262169)|CONSTRUCTOR_EXIT|[71]|01pBK000001lv3t|<init>()|CareerHistoryController.CareerWrapper
15:35:44.0 (20267763)|VARIABLE_SCOPE_BEGIN|[71]|c3|CareerHistoryController.CareerWrapper|true|false
15:35:44.0 (20293334)|VARIABLE_ASSIGNMENT|[71]|c3|{}|0x197332d5
15:35:44.0 (20299058)|STATEMENT_EXECUTE|[72]
15:35:44.0 (20301432)|HEAP_ALLOCATE|[72]|Bytes:1
15:35:44.0 (20321825)|VARIABLE_ASSIGNMENT|[EXTERNAL]|this|{}|0x197332d5
15:35:44.0 (20329003)|VARIABLE_ASSIGNMENT|[EXTERNAL]|value|"3"
15:35:44.0 (20334963)|VARIABLE_ASSIGNMENT|[5]|this.id|"3"|0x197332d5
15:35:44.0 (20341393)|STATEMENT_EXECUTE|[73]
15:35:44.0 (20346753)|METHOD_ENTRY|[73]|01pBK000001lv3t|CareerHistoryController.nullToEmpty(String)
15:35:44.0 (20352830)|VARIABLE_SCOPE_BEGIN|[145]|str|String|false|false
15:35:44.0 (20359698)|VARIABLE_ASSIGNMENT|[145]|str|null
15:35:44.0 (20365595)|HEAP_ALLOCATE|[145]|Bytes:5
15:35:44.0 (20368520)|STATEMENT_EXECUTE|[145]
15:35:44.0 (20369910)|STATEMENT_EXECUTE|[145]
15:35:44.0 (20373528)|METHOD_EXIT|[73]|01pBK000001lv3t|CareerHistoryController.nullToEmpty(String)
15:35:44.0 (20391936)|VARIABLE_ASSIGNMENT|[EXTERNAL]|this|{"id":"3"}|0x197332d5
15:35:44.0 (20398502)|VARIABLE_ASSIGNMENT|[EXTERNAL]|value|""
15:35:44.0 (20404298)|VARIABLE_ASSIGNMENT|[6]|this.companyName|""|0x197332d5
15:35:44.0 (20411036)|STATEMENT_EXECUTE|[74]
15:35:44.0 (20415098)|METHOD_ENTRY|[74]|01pBK000001lv3t|CareerHistoryController.nullToEmpty(String)
15:35:44.0 (20420933)|VARIABLE_SCOPE_BEGIN|[145]|str|String|false|false
15:35:44.0 (20427443)|VARIABLE_ASSIGNMENT|[145]|str|null
15:35:44.0 (20432954)|HEAP_ALLOCATE|[145]|Bytes:5
15:35:44.0 (20435896)|STATEMENT_EXECUTE|[145]
15:35:44.0 (20437306)|STATEMENT_EXECUTE|[145]
15:35:44.0 (20440661)|METHOD_EXIT|[74]|01pBK000001lv3t|CareerHistoryController.nullToEmpty(String)
15:35:44.0 (20458093)|VARIABLE_ASSIGNMENT|[EXTERNAL]|this|{"companyName":"","id":"3"}|0x197332d5
15:35:44.0 (20464618)|VARIABLE_ASSIGNMENT|[EXTERNAL]|value|""
15:35:44.0 (20470274)|VARIABLE_ASSIGNMENT|[11]|this.jobDescription|""|0x197332d5
15:35:44.0 (20476403)|STATEMENT_EXECUTE|[76]
15:35:44.0 (20480203)|METHOD_ENTRY|[76]|01pBK000001lv3t|CareerHistoryController.nullToEmpty(String)
15:35:44.0 (20485963)|VARIABLE_SCOPE_BEGIN|[145]|str|String|false|false
15:35:44.0 (20492303)|VARIABLE_ASSIGNMENT|[145]|str|null
15:35:44.0 (20497515)|HEAP_ALLOCATE|[145]|Bytes:5
15:35:44.0 (20500518)|STATEMENT_EXECUTE|[145]
15:35:44.0 (20502130)|STATEMENT_EXECUTE|[145]
15:35:44.0 (20505532)|METHOD_EXIT|[76]|01pBK000001lv3t|CareerHistoryController.nullToEmpty(String)
15:35:44.0 (20523838)|VARIABLE_ASSIGNMENT|[EXTERNAL]|this|{"companyName":"","id":"3","jobDescription":""}|0x197332d5
15:35:44.0 (20530282)|VARIABLE_ASSIGNMENT|[EXTERNAL]|value|""
15:35:44.0 (20536006)|VARIABLE_ASSIGNMENT|[12]|this.jobGroup|""|0x197332d5
15:35:44.0 (20542318)|STATEMENT_EXECUTE|[77]
15:35:44.0 (20546018)|METHOD_ENTRY|[77]|01pBK000001lv3t|CareerHistoryController.nullToEmpty(String)
15:35:44.0 (20551975)|VARIABLE_SCOPE_BEGIN|[145]|str|String|false|false
15:35:44.0 (20558450)|VARIABLE_ASSIGNMENT|[145]|str|null
15:35:44.0 (20563659)|HEAP_ALLOCATE|[145]|Bytes:5
15:35:44.0 (20566576)|STATEMENT_EXECUTE|[145]
15:35:44.0 (20567928)|STATEMENT_EXECUTE|[145]
15:35:44.0 (20571104)|METHOD_EXIT|[77]|01pBK000001lv3t|CareerHistoryController.nullToEmpty(String)
15:35:44.0 (20589795)|VARIABLE_ASSIGNMENT|[EXTERNAL]|this|{"companyName":"","id":"3","jobDescription":"","jobGroup":""}|0x197332d5
15:35:44.0 (20596347)|VARIABLE_ASSIGNMENT|[EXTERNAL]|value|""
15:35:44.0 (20602410)|VARIABLE_ASSIGNMENT|[13]|this.jobGroupOption|""|0x197332d5
15:35:44.0 (20608655)|STATEMENT_EXECUTE|[78]
15:35:44.0 (20612780)|METHOD_ENTRY|[78]|01pBK000001lv3t|CareerHistoryController.formatDateToYYYYMM(Date)
15:35:44.0 (20618931)|VARIABLE_SCOPE_BEGIN|[147]|d|Date|false|false
15:35:44.0 (20625603)|VARIABLE_ASSIGNMENT|[147]|d|null
15:35:44.0 (20630947)|HEAP_ALLOCATE|[148]|Bytes:5
15:35:44.0 (20633815)|STATEMENT_EXECUTE|[147]
15:35:44.0 (20635327)|STATEMENT_EXECUTE|[148]
15:35:44.0 (20638713)|METHOD_EXIT|[78]|01pBK000001lv3t|CareerHistoryController.formatDateToYYYYMM(Date)
15:35:44.0 (20658001)|VARIABLE_ASSIGNMENT|[EXTERNAL]|this|{"companyName":"","id":"3","jobDescription":"","jobGroup":"","jobGroupOption":""}|0x197332d5
15:35:44.0 (20664585)|VARIABLE_ASSIGNMENT|[EXTERNAL]|value|""
15:35:44.0 (20670590)|VARIABLE_ASSIGNMENT|[7]|this.startDateInput|""|0x197332d5
15:35:44.0 (20676838)|STATEMENT_EXECUTE|[79]
15:35:44.0 (20680600)|METHOD_ENTRY|[79]|01pBK000001lv3t|CareerHistoryController.formatDateToYYYYMM(Date)
15:35:44.0 (20686628)|VARIABLE_SCOPE_BEGIN|[147]|d|Date|false|false
15:35:44.0 (20699548)|VARIABLE_ASSIGNMENT|[147]|d|null
15:35:44.0 (20704958)|HEAP_ALLOCATE|[148]|Bytes:5
15:35:44.0 (20707993)|STATEMENT_EXECUTE|[147]
15:35:44.0 (20709440)|STATEMENT_EXECUTE|[148]
15:35:44.0 (20712780)|METHOD_EXIT|[79]|01pBK000001lv3t|CareerHistoryController.formatDateToYYYYMM(Date)
15:35:44.0 (20732693)|VARIABLE_ASSIGNMENT|[EXTERNAL]|this|{"companyName":"","id":"3","jobDescription":"","jobGroup":"","jobGroupOption":"","startDateInput":""}|0x197332d5
15:35:44.0 (20739260)|VARIABLE_ASSIGNMENT|[EXTERNAL]|value|""
15:35:44.0 (20745135)|VARIABLE_ASSIGNMENT|[8]|this.endDateInput|""|0x197332d5
15:35:44.0 (20751468)|STATEMENT_EXECUTE|[80]
15:35:44.0 (20772120)|VARIABLE_ASSIGNMENT|[EXTERNAL]|this|{"companyName":"","endDateInput":"","id":"3","jobDescription":"","jobGroup":"","jobGroupOption":"","startDateInput":""}|0x197332d5
15:35:44.0 (20779752)|VARIABLE_ASSIGNMENT|[EXTERNAL]|value|false
15:35:44.0 (20784348)|HEAP_ALLOCATE|[9]|Bytes:5
15:35:44.0 (20789117)|VARIABLE_ASSIGNMENT|[9]|this.isCurrentJob|false|0x197332d5
15:35:44.0 (20795809)|STATEMENT_EXECUTE|[81]
15:35:44.0 (20810590)|HEAP_ALLOCATE|[EXTERNAL]|Bytes:4
15:35:44.0 (20816198)|STATEMENT_EXECUTE|[84]
15:35:44.0 (20818718)|HEAP_ALLOCATE|[84]|Bytes:40
15:35:44.0 (20824038)|CONSTRUCTOR_ENTRY|[84]|01pBK000001lv3t|<init>()|CareerHistoryController.CareerWrapper
15:35:44.0 (20832042)|VARIABLE_SCOPE_BEGIN|[4]|this|CareerHistoryController.CareerWrapper|true|false
15:35:44.0 (20847971)|VARIABLE_ASSIGNMENT|[4]|this|{}|0x4a1f6c7c
15:35:44.0 (20859439)|STATEMENT_EXECUTE|[4]
15:35:44.0 (20860900)|STATEMENT_EXECUTE|[5]
15:35:44.0 (20862245)|STATEMENT_EXECUTE|[6]
15:35:44.0 (20863553)|STATEMENT_EXECUTE|[7]
15:35:44.0 (20864896)|STATEMENT_EXECUTE|[8]
15:35:44.0 (20866465)|STATEMENT_EXECUTE|[9]
15:35:44.0 (20867800)|STATEMENT_EXECUTE|[10]
15:35:44.0 (20869140)|STATEMENT_EXECUTE|[11]
15:35:44.0 (20870472)|STATEMENT_EXECUTE|[12]
15:35:44.0 (20871778)|STATEMENT_EXECUTE|[13]
15:35:44.0 (20874706)|CONSTRUCTOR_EXIT|[84]|01pBK000001lv3t|<init>()|CareerHistoryController.CareerWrapper
15:35:44.0 (20880348)|VARIABLE_SCOPE_BEGIN|[84]|c4|CareerHistoryController.CareerWrapper|true|false
15:35:44.0 (20895974)|VARIABLE_ASSIGNMENT|[84]|c4|{}|0x4a1f6c7c
15:35:44.0 (20900643)|STATEMENT_EXECUTE|[85]
15:35:44.0 (20902689)|HEAP_ALLOCATE|[85]|Bytes:1
15:35:44.0 (20920873)|VARIABLE_ASSIGNMENT|[EXTERNAL]|this|{}|0x4a1f6c7c
15:35:44.0 (20927730)|VARIABLE_ASSIGNMENT|[EXTERNAL]|value|"4"
15:35:44.0 (20933695)|VARIABLE_ASSIGNMENT|[5]|this.id|"4"|0x4a1f6c7c
15:35:44.0 (20940149)|STATEMENT_EXECUTE|[86]
15:35:44.0 (20944673)|METHOD_ENTRY|[86]|01pBK000001lv3t|CareerHistoryController.nullToEmpty(String)
15:35:44.0 (20950385)|VARIABLE_SCOPE_BEGIN|[145]|str|String|false|false
15:35:44.0 (20956853)|VARIABLE_ASSIGNMENT|[145]|str|null
15:35:44.0 (20962543)|HEAP_ALLOCATE|[145]|Bytes:5
15:35:44.0 (20965437)|STATEMENT_EXECUTE|[145]
15:35:44.0 (20966833)|STATEMENT_EXECUTE|[145]
15:35:44.0 (20970414)|METHOD_EXIT|[86]|01pBK000001lv3t|CareerHistoryController.nullToEmpty(String)
15:35:44.0 (20987723)|VARIABLE_ASSIGNMENT|[EXTERNAL]|this|{"id":"4"}|0x4a1f6c7c
15:35:44.0 (20994261)|VARIABLE_ASSIGNMENT|[EXTERNAL]|value|""
15:35:44.0 (21000319)|VARIABLE_ASSIGNMENT|[11]|this.jobDescription|""|0x4a1f6c7c
15:35:44.0 (21007181)|STATEMENT_EXECUTE|[87]
15:35:44.0 (21025008)|VARIABLE_ASSIGNMENT|[EXTERNAL]|this|{"id":"4","jobDescription":""}|0x4a1f6c7c
15:35:44.0 (21032484)|VARIABLE_ASSIGNMENT|[EXTERNAL]|value|false
15:35:44.0 (21037094)|HEAP_ALLOCATE|[9]|Bytes:5
15:35:44.0 (21041948)|VARIABLE_ASSIGNMENT|[9]|this.isCurrentJob|false|0x4a1f6c7c
15:35:44.0 (21048345)|STATEMENT_EXECUTE|[88]
15:35:44.0 (21060163)|HEAP_ALLOCATE|[EXTERNAL]|Bytes:4
15:35:44.0 (21065206)|STATEMENT_EXECUTE|[90]
15:35:44.21 (21124973)|CUMULATIVE_LIMIT_USAGE
15:35:44.21 (21124973)|LIMIT_USAGE_FOR_NS|(default)|
  Number of SOQL queries: 1 out of 100
  Number of query rows: 1 out of 50000
  Number of SOSL queries: 0 out of 20
  Number of DML statements: 0 out of 150
  Number of Publish Immediate DML: 0 out of 150
  Number of DML rows: 0 out of 10000
  Maximum CPU time: 0 out of 10000
  Maximum heap size: 0 out of 6000000
  Number of callouts: 0 out of 100
  Number of Email Invocations: 0 out of 10
  Number of future calls: 0 out of 50
  Number of queueable jobs added to the queue: 0 out of 50
  Number of Mobile Apex push calls: 0 out of 10

15:35:44.21 (21124973)|CUMULATIVE_LIMIT_USAGE_END

15:35:44.0 (21151875)|CODE_UNIT_FINISHED|CareerHistoryController.getCareerHistory()
15:35:44.0 (21351153)|CODE_UNIT_FINISHED|apex://CareerHistoryController/ACTION$getCareerHistory
15:35:44.0 (21357708)|EXECUTION_FINISHED
