66.0 APEX_CODE,FINEST;APEX_PROFILING,INFO;CALLOUT,INFO;DATA_ACCESS,INFO;DB,INFO;NBA,INFO;SYSTEM,DEBUG;VALIDATION,INFO;VISUALFORCE,INFO;WAVE,INFO;WORKFLOW,INFO
18:27:56.0 (202427)|USER_INFO|[EXTERNAL]|005BK00000Ilvi1|foryoze@owleyes.ch.hurex|(GMT+09:00) 日本標準時 (Asia/Tokyo)|GMT+09:00
18:27:56.0 (234601)|EXECUTION_STARTED
18:27:56.0 (244778)|CODE_UNIT_STARTED|[EXTERNAL]|apex://JobSearchController/ACTION$getRecommendedJobs
18:27:56.0 (1872564)|HEAP_ALLOCATE|[EXTERNAL]|Bytes:20
18:27:56.0 (1918435)|HEAP_ALLOCATE|[EXTERNAL]|Bytes:8
18:27:56.0 (3989840)|CODE_UNIT_STARTED|[EXTERNAL]|01pBK000001SmE1|JobSearchController.getRecommendedJobs(Map<String,ANY>)
18:27:56.0 (4299094)|HEAP_ALLOCATE|[95]|Bytes:3
18:27:56.0 (4340953)|HEAP_ALLOCATE|[100]|Bytes:152
18:27:56.0 (4355210)|HEAP_ALLOCATE|[417]|Bytes:408
18:27:56.0 (4365284)|HEAP_ALLOCATE|[430]|Bytes:408
18:27:56.0 (4384108)|HEAP_ALLOCATE|[317]|Bytes:6
18:27:56.0 (4393762)|HEAP_ALLOCATE|[EXTERNAL]|Bytes:10
18:27:56.0 (4396820)|HEAP_ALLOCATE|[EXTERNAL]|Bytes:46
18:27:56.0 (4404904)|METHOD_ENTRY|[5]|01pBK000001SmE1|JobSearchController.JobSearchController()
18:27:56.0 (4408860)|STATEMENT_EXECUTE|[5]
18:27:56.0 (4412769)|STATEMENT_EXECUTE|[5]
18:27:56.0 (4431791)|HEAP_ALLOCATE|[68]|Bytes:5
18:27:56.0 (4454766)|HEAP_ALLOCATE|[74]|Bytes:5
18:27:56.0 (4459864)|HEAP_ALLOCATE|[82]|Bytes:7
18:27:56.0 (4624656)|HEAP_ALLOCATE|[EXTERNAL]|Bytes:5
18:27:56.0 (4629882)|STATEMENT_EXECUTE|[7]
18:27:56.0 (4639021)|METHOD_EXIT|[5]|JobSearchController
18:27:56.0 (4660641)|HEAP_ALLOCATE|[EXTERNAL]|Bytes:36
18:27:56.0 (4668766)|VARIABLE_SCOPE_BEGIN|[225]|filters|Map<String,ANY>|true|false
18:27:56.0 (4713742)|VARIABLE_ASSIGNMENT|[225]|filters|"Map of size 8 too large to display"|0x754b4b1e
18:27:56.0 (4726462)|HEAP_ALLOCATE|[226]|Bytes:5
18:27:56.0 (4729664)|STATEMENT_EXECUTE|[225]
18:27:56.0 (4732018)|STATEMENT_EXECUTE|[226]
18:27:56.0 (4734272)|STATEMENT_EXECUTE|[227]
18:27:56.0 (4745887)|HEAP_ALLOCATE|[227]|Bytes:4
18:27:56.0 (4783514)|VARIABLE_SCOPE_BEGIN|[227]|conditions|List<String>|true|false
18:27:56.0 (4813006)|HEAP_ALLOCATE|[EXTERNAL]|Bytes:4
18:27:56.0 (4823990)|VARIABLE_ASSIGNMENT|[227]|conditions|[]|0x199ecd5d
18:27:56.0 (4826743)|STATEMENT_EXECUTE|[228]
18:27:56.0 (4835952)|HEAP_ALLOCATE|[228]|Bytes:4
18:27:56.0 (4852315)|VARIABLE_SCOPE_BEGIN|[228]|locations|Set<String>|true|false
18:27:56.0 (4868223)|VARIABLE_ASSIGNMENT|[228]|locations|[]|0x11811024
18:27:56.0 (4874081)|HEAP_ALLOCATE|[229]|Bytes:4
18:27:56.0 (4881079)|HEAP_ALLOCATE|[229]|Bytes:5
18:27:56.0 (4889520)|HEAP_ALLOCATE|[229]|Bytes:5
18:27:56.0 (4891897)|HEAP_ALLOCATE|[229]|Bytes:5
18:27:56.0 (4938657)|HEAP_ALLOCATE|[229]|Bytes:5
18:27:56.0 (4967052)|VARIABLE_SCOPE_BEGIN|[229]|key|String|false|false
18:27:56.0 (4977300)|VARIABLE_ASSIGNMENT|[229]|key|"pref1"
18:27:56.0 (4980108)|STATEMENT_EXECUTE|[229]
18:27:56.0 (5010508)|STATEMENT_EXECUTE|[230]
18:27:56.0 (5032500)|HEAP_ALLOCATE|[230]|Bytes:3
18:27:56.0 (5042406)|HEAP_ALLOCATE|[EXTERNAL]|Bytes:4
18:27:56.0 (5050792)|HEAP_ALLOCATE|[229]|Bytes:5
18:27:56.0 (5055805)|VARIABLE_SCOPE_BEGIN|[229]|key|String|false|false
18:27:56.0 (5060194)|VARIABLE_ASSIGNMENT|[229]|key|"pref2"
18:27:56.0 (5062184)|STATEMENT_EXECUTE|[229]
18:27:56.0 (5066370)|STATEMENT_EXECUTE|[230]
18:27:56.0 (5072242)|HEAP_ALLOCATE|[230]|Bytes:3
18:27:56.0 (5077274)|HEAP_ALLOCATE|[EXTERNAL]|Bytes:4
18:27:56.0 (5082344)|HEAP_ALLOCATE|[229]|Bytes:5
18:27:56.0 (5086050)|VARIABLE_SCOPE_BEGIN|[229]|key|String|false|false
18:27:56.0 (5089973)|VARIABLE_ASSIGNMENT|[229]|key|"pref3"
18:27:56.0 (5092059)|STATEMENT_EXECUTE|[229]
18:27:56.0 (5095597)|STATEMENT_EXECUTE|[230]
18:27:56.0 (5101139)|HEAP_ALLOCATE|[230]|Bytes:3
18:27:56.0 (5105897)|HEAP_ALLOCATE|[EXTERNAL]|Bytes:4
18:27:56.0 (5110155)|HEAP_ALLOCATE|[229]|Bytes:5
18:27:56.0 (5116370)|VARIABLE_ASSIGNMENT|[229]|key|null
18:27:56.0 (5119531)|STATEMENT_EXECUTE|[232]
18:27:56.0 (5120992)|HEAP_ALLOCATE|[232]|Bytes:6
18:27:56.0 (5135922)|HEAP_ALLOCATE|[232]|Bytes:4
18:27:56.0 (5140690)|VARIABLE_SCOPE_BEGIN|[232]|cityList|List<String>|true|false
18:27:56.0 (5150602)|HEAP_ALLOCATE|[EXTERNAL]|Bytes:4
18:27:56.0 (5154306)|VARIABLE_ASSIGNMENT|[232]|cityList|[]|0x44d7976c
18:27:56.0 (5166470)|STATEMENT_EXECUTE|[233]
18:27:56.0 (5167379)|STATEMENT_EXECUTE|[234]
18:27:56.0 (5169552)|HEAP_ALLOCATE|[234]|Bytes:4
18:27:56.0 (5175065)|VARIABLE_SCOPE_BEGIN|[234]|locOrs|List<String>|true|false
18:27:56.0 (5181392)|HEAP_ALLOCATE|[EXTERNAL]|Bytes:4
18:27:56.0 (5183945)|VARIABLE_ASSIGNMENT|[234]|locOrs|[]|0x6c717fa5
18:27:56.0 (5191540)|STATEMENT_EXECUTE|[235]
18:27:56.0 (5193171)|HEAP_ALLOCATE|[235]|Bytes:37
18:27:56.0 (5195865)|HEAP_ALLOCATE|[235]|Bytes:4
18:27:56.0 (5206880)|HEAP_ALLOCATE|[235]|Bytes:12
18:27:56.0 (5210871)|HEAP_ALLOCATE|[235]|Bytes:3
18:27:56.0 (5225346)|HEAP_ALLOCATE|[235]|Bytes:5
18:27:56.0 (5229740)|HEAP_ALLOCATE|[235]|Bytes:5
18:27:56.0 (5232745)|HEAP_ALLOCATE|[235]|Bytes:5
18:27:56.0 (5235195)|HEAP_ALLOCATE|[235]|Bytes:5
18:27:56.0 (5237932)|HEAP_ALLOCATE|[235]|Bytes:15
18:27:56.0 (5242231)|HEAP_ALLOCATE|[235]|Bytes:2
18:27:56.0 (5249964)|HEAP_ALLOCATE|[235]|Bytes:54
18:27:56.0 (5256885)|HEAP_ALLOCATE|[EXTERNAL]|Bytes:4
18:27:56.0 (5268872)|STATEMENT_EXECUTE|[236]
18:27:56.0 (5269809)|STATEMENT_EXECUTE|[237]
18:27:56.0 (5271252)|HEAP_ALLOCATE|[237]|Bytes:1
18:27:56.0 (5273350)|HEAP_ALLOCATE|[237]|Bytes:4
18:27:56.0 (5289213)|HEAP_ALLOCATE|[237]|Bytes:5
18:27:56.0 (5292770)|HEAP_ALLOCATE|[237]|Bytes:54
18:27:56.0 (5295517)|HEAP_ALLOCATE|[237]|Bytes:5
18:27:56.0 (5297472)|HEAP_ALLOCATE|[237]|Bytes:54
18:27:56.0 (5301535)|HEAP_ALLOCATE|[237]|Bytes:1
18:27:56.0 (5304237)|HEAP_ALLOCATE|[237]|Bytes:56
18:27:56.0 (5307309)|HEAP_ALLOCATE|[EXTERNAL]|Bytes:4
18:27:56.0 (5310462)|STATEMENT_EXECUTE|[239]
18:27:56.0 (5311821)|HEAP_ALLOCATE|[239]|Bytes:10
18:27:56.0 (5341432)|METHOD_ENTRY|[239]|01pBK000001SmE1|JobSearchController.convertToListOfString(Object)
18:27:56.0 (5347412)|VARIABLE_SCOPE_BEGIN|[194]|obj|Object|false|false
18:27:56.0 (5354888)|VARIABLE_ASSIGNMENT|[194]|obj|["営業系"]
18:27:56.0 (5363030)|HEAP_ALLOCATE|[195]|Bytes:5
18:27:56.0 (5365092)|STATEMENT_EXECUTE|[194]
18:27:56.0 (5366015)|STATEMENT_EXECUTE|[195]
18:27:56.0 (5368440)|HEAP_ALLOCATE|[195]|Bytes:4
18:27:56.0 (5375754)|VARIABLE_SCOPE_BEGIN|[195]|result|List<String>|true|false
18:27:56.0 (5383290)|HEAP_ALLOCATE|[EXTERNAL]|Bytes:4
18:27:56.0 (5385870)|VARIABLE_ASSIGNMENT|[195]|result|[]|0x4493f153
18:27:56.0 (5388663)|HEAP_ALLOCATE|[196]|Bytes:50
18:27:56.0 (5414187)|STATEMENT_EXECUTE|[196]
18:27:56.0 (5433105)|HEAP_ALLOCATE|[197]|Bytes:5
18:27:56.0 (5437972)|HEAP_ALLOCATE|[197]|Bytes:3
18:27:56.0 (5441547)|VARIABLE_SCOPE_BEGIN|[197]|item|Object|false|false
18:27:56.0 (5447532)|VARIABLE_ASSIGNMENT|[197]|item|"営業系"
18:27:56.0 (5450142)|STATEMENT_EXECUTE|[197]
18:27:56.0 (5455162)|HEAP_ALLOCATE|[197]|Bytes:3
18:27:56.0 (5464975)|HEAP_ALLOCATE|[197]|Bytes:3
18:27:56.0 (5470530)|HEAP_ALLOCATE|[EXTERNAL]|Bytes:4
18:27:56.0 (5475855)|HEAP_ALLOCATE|[197]|Bytes:5
18:27:56.0 (5481110)|VARIABLE_ASSIGNMENT|[197]|item|null
18:27:56.0 (5483977)|STATEMENT_EXECUTE|[202]
18:27:56.0 (5490079)|METHOD_EXIT|[239]|01pBK000001SmE1|JobSearchController.convertToListOfString(Object)
18:27:56.0 (5493107)|VARIABLE_SCOPE_BEGIN|[239]|cats|List<String>|true|false
18:27:56.0 (5497916)|VARIABLE_ASSIGNMENT|[239]|cats|["営業系"]|0x4493f153
18:27:56.0 (5507685)|STATEMENT_EXECUTE|[240]
18:27:56.0 (5508690)|STATEMENT_EXECUTE|[241]
18:27:56.0 (5510242)|HEAP_ALLOCATE|[241]|Bytes:82
18:27:56.0 (5517469)|HEAP_ALLOCATE|[EXTERNAL]|Bytes:4
18:27:56.0 (5520882)|STATEMENT_EXECUTE|[243]
18:27:56.0 (5521996)|HEAP_ALLOCATE|[243]|Bytes:193
18:27:56.0 (5524015)|VARIABLE_SCOPE_BEGIN|[243]|query|String|false|false
18:27:56.0 (5530734)|VARIABLE_ASSIGNMENT|[243]|query|"SELECT Id, JobPositi (173 more) ..."
18:27:56.0 (5538050)|STATEMENT_EXECUTE|[244]
18:27:56.0 (5539407)|HEAP_ALLOCATE|[244]|Bytes:7
18:27:56.0 (5541510)|HEAP_ALLOCATE|[244]|Bytes:5
18:27:56.0 (5548254)|HEAP_ALLOCATE|[244]|Bytes:5
18:27:56.0 (5550795)|HEAP_ALLOCATE|[244]|Bytes:56
18:27:56.0 (5553277)|HEAP_ALLOCATE|[244]|Bytes:5
18:27:56.0 (5555811)|HEAP_ALLOCATE|[244]|Bytes:82
18:27:56.0 (5558389)|HEAP_ALLOCATE|[244]|Bytes:5
18:27:56.0 (5560357)|HEAP_ALLOCATE|[244]|Bytes:143
18:27:56.0 (5567672)|HEAP_ALLOCATE|[244]|Bytes:150
18:27:56.0 (5569992)|HEAP_ALLOCATE|[244]|Bytes:343
18:27:56.0 (5574296)|VARIABLE_ASSIGNMENT|[244]|query|"SELECT Id, JobPositi (323 more) ..."
18:27:56.0 (5576500)|STATEMENT_EXECUTE|[245]
18:27:56.0 (5577820)|HEAP_ALLOCATE|[245]|Bytes:41
18:27:56.0 (5580194)|HEAP_ALLOCATE|[245]|Bytes:384
18:27:56.0 (5583414)|VARIABLE_ASSIGNMENT|[245]|query|"SELECT Id, JobPositi (364 more) ..."
18:27:56.0 (5585411)|STATEMENT_EXECUTE|[246]
18:27:56.0 (5589345)|HEAP_ALLOCATE|[246]|Bytes:4
18:27:56.0 (5629140)|VARIABLE_SCOPE_BEGIN|[246]|result|List<JobSearchController.JobWrapper>|true|false
18:27:56.0 (5637488)|HEAP_ALLOCATE|[EXTERNAL]|Bytes:4
18:27:56.0 (5640237)|VARIABLE_ASSIGNMENT|[246]|result|[]|0x39b9789b
18:27:56.0 (14636324)|SOQL_EXECUTE_BEGIN|[247]|Aggregations:0|SELECT Id, JobPosition__c, WorkLocation2__c, JobCategory1__c, MaxAnnualSalary__c, MinAnnualSalary__c, JobDescription__c, LastModifiedDate, LastViewedDate, Company__r.MainIndustry__c FROM Job__c WHERE (WorkLocationPrefecture__c INCLUDES ('岩手県','秋田県','埼玉県')) AND (JobCategory1__c IN :cats OR JobCategory2__c IN :cats OR JobCategory3__c IN :cats) ORDER BY LastModifiedDate DESC LIMIT 100
18:27:56.0 (65623426)|SOQL_EXECUTE_END|[247]|Rows:14
18:27:56.0 (65663160)|HEAP_ALLOCATE|[EXTERNAL]|Bytes:60
18:27:56.0 (65907684)|HEAP_ALLOCATE|[247]|Bytes:54
18:27:56.0 (65916004)|HEAP_ALLOCATE|[247]|Bytes:8
18:27:56.0 (65929720)|SYSTEM_METHOD_ENTRY|[7]|QueryLocatorIterator.QueryLocatorIterator()
18:27:56.0 (65932669)|STATEMENT_EXECUTE|[7]
18:27:56.0 (65943339)|SYSTEM_METHOD_EXIT|[7]|QueryLocatorIterator
18:27:56.0 (65950988)|HEAP_ALLOCATE|[247]|Bytes:28
18:27:56.0 (66064475)|HEAP_ALLOCATE|[247]|Bytes:60
18:27:56.0 (66073304)|HEAP_ALLOCATE|[247]|Bytes:8
18:27:56.0 (66075131)|HEAP_ALLOCATE|[247]|Bytes:8
18:27:56.0 (66080233)|VARIABLE_SCOPE_BEGIN|[15]|this|Database.QueryLocatorIterator|true|false
18:27:56.0 (66122901)|VARIABLE_ASSIGNMENT|[15]|this|{}|0x345d194f
18:27:56.0 (66126324)|VARIABLE_SCOPE_BEGIN|[15]|values|List<SObject>|true|false
18:27:56.0 (66139859)|VARIABLE_ASSIGNMENT|[15]|values|"List of size 14 too large to display"|0x6ff49fc4
18:27:56.0 (66143131)|VARIABLE_SCOPE_BEGIN|[15]|ql|Database.QueryLocator|true|false
18:27:56.0 (66167899)|VARIABLE_ASSIGNMENT|[15]|ql|{"query":"SELECT Id, JobPositi (364 more) ..."}|0x43c9b875
18:27:56.0 (66170889)|VARIABLE_SCOPE_BEGIN|[15]|totalNumRecords|Integer|false|false
18:27:56.0 (66177519)|VARIABLE_ASSIGNMENT|[15]|totalNumRecords|14
18:27:56.0 (66179504)|VARIABLE_SCOPE_BEGIN|[15]|queryMoreSize|Integer|false|false
18:27:56.0 (66182994)|VARIABLE_ASSIGNMENT|[15]|queryMoreSize|49986
18:27:56.0 (67613679)|HEAP_ALLOCATE|[247]|Bytes:28
18:27:56.0 (67642749)|METHOD_ENTRY|[247]||Database.QueryLocatorIterator.hasNext()
18:27:56.0 (67735968)|METHOD_EXIT|[247]||Database.QueryLocatorIterator.hasNext()
18:27:56.0 (67741021)|METHOD_ENTRY|[247]||Database.QueryLocatorIterator.next()
18:27:56.0 (67800156)|METHOD_EXIT|[247]||Database.QueryLocatorIterator.next()
18:27:56.0 (67806255)|VARIABLE_SCOPE_BEGIN|[247]|j|Job__c|true|false
18:27:56.0 (67947674)|VARIABLE_ASSIGNMENT|[247]|j|{"LastModifiedDate":"2026-02-05T00:49:22.000Z","JobPosition__c":"テスト590求人タイトル求人タイトル求人 (28 more) ...","LastViewedDate":"2026-04-15T05:59:35.000Z","Id":"a0KBK00000GezoB2AR","MinAnnualSalary__c":438,"JobDescription__c":"テスト590仕事内容仕事内容仕事内容仕事 (30 more) ...","JobCategory1__c":"専門職系（コンサルタント/金融/不動産）","MaxAnnualSalary__c":624}|0x4c18cf83
18:27:56.0 (67957872)|STATEMENT_EXECUTE|[247]
18:27:56.0 (67959085)|STATEMENT_EXECUTE|[248]
18:27:56.0 (67996040)|HEAP_ALLOCATE|[248]|Bytes:48
18:27:56.0 (68023376)|CONSTRUCTOR_ENTRY|[248]|01pBK000001SmE1|<init>()|JobSearchController.JobWrapper
18:27:56.0 (68054899)|VARIABLE_SCOPE_BEGIN|[7]|this|JobSearchController.JobWrapper|true|false
18:27:56.0 (68141341)|VARIABLE_ASSIGNMENT|[7]|this|{}|0xd7b1316
18:27:56.0 (68153379)|STATEMENT_EXECUTE|[7]
18:27:56.0 (68154461)|STATEMENT_EXECUTE|[8]
18:27:56.0 (68155471)|STATEMENT_EXECUTE|[9]
18:27:56.0 (68156357)|STATEMENT_EXECUTE|[10]
18:27:56.0 (68157178)|STATEMENT_EXECUTE|[11]
18:27:56.0 (68158051)|STATEMENT_EXECUTE|[12]
18:27:56.0 (68158809)|STATEMENT_EXECUTE|[13]
18:27:56.0 (68159714)|STATEMENT_EXECUTE|[14]
18:27:56.0 (68160453)|STATEMENT_EXECUTE|[15]
18:27:56.0 (68161246)|STATEMENT_EXECUTE|[16]
18:27:56.0 (68162121)|STATEMENT_EXECUTE|[17]
18:27:56.0 (68162970)|STATEMENT_EXECUTE|[18]
18:27:56.0 (68166577)|CONSTRUCTOR_EXIT|[248]|01pBK000001SmE1|<init>()|JobSearchController.JobWrapper
18:27:56.0 (68169930)|VARIABLE_SCOPE_BEGIN|[248]|w|JobSearchController.JobWrapper|true|false
18:27:56.0 (68178789)|VARIABLE_ASSIGNMENT|[248]|w|{}|0xd7b1316
18:27:56.0 (68181651)|STATEMENT_EXECUTE|[249]
18:27:56.0 (68580119)|VARIABLE_ASSIGNMENT|[249]|this.Id|"a0KBK00000GezoB2AR"|0xd7b1316
18:27:56.0 (68585024)|STATEMENT_EXECUTE|[249]
18:27:56.0 (68606795)|VARIABLE_ASSIGNMENT|[249]|this.JobPosition|"テスト590求人タイトル求人タイトル求人 (28 more) ..."|0xd7b1316
18:27:56.0 (68610855)|STATEMENT_EXECUTE|[249]
18:27:56.0 (68616260)|VARIABLE_ASSIGNMENT|[249]|this.WorkLocation2|null|0xd7b1316
18:27:56.0 (68618838)|STATEMENT_EXECUTE|[250]
18:27:56.0 (68627112)|VARIABLE_ASSIGNMENT|[250]|this.JobCategory1|"専門職系（コンサルタント/金融/不動産）"|0xd7b1316
18:27:56.0 (68630049)|STATEMENT_EXECUTE|[250]
18:27:56.0 (68655564)|VARIABLE_ASSIGNMENT|[250]|this.MaxAnnualSalary|624|0xd7b1316
18:27:56.0 (68658325)|STATEMENT_EXECUTE|[251]
18:27:56.0 (68665376)|VARIABLE_ASSIGNMENT|[251]|this.MinAnnualSalary|438|0xd7b1316
18:27:56.0 (68667773)|STATEMENT_EXECUTE|[251]
18:27:56.0 (68675274)|VARIABLE_ASSIGNMENT|[251]|this.JobDescription|"テスト590仕事内容仕事内容仕事内容仕事 (30 more) ..."|0xd7b1316
18:27:56.0 (68678433)|STATEMENT_EXECUTE|[252]
18:27:56.0 (68705297)|VARIABLE_ASSIGNMENT|[252]|this.LastModifiedDate|"2026-02-05T00:49:22.000Z"|0xd7b1316
18:27:56.0 (68708670)|STATEMENT_EXECUTE|[252]
18:27:56.0 (68722805)|VARIABLE_ASSIGNMENT|[252]|this.LastViewedDate|"2026-04-15T05:59:35.000Z"|0xd7b1316
18:27:56.0 (68725591)|STATEMENT_EXECUTE|[253]
18:27:56.0 (68826637)|VARIABLE_ASSIGNMENT|[253]|this.MainIndustry|null|0xd7b1316
18:27:56.0 (68829540)|STATEMENT_EXECUTE|[254]
18:27:56.0 (68869892)|HEAP_ALLOCATE|[EXTERNAL]|Bytes:4
18:27:56.0 (68881293)|METHOD_ENTRY|[247]||Database.QueryLocatorIterator.hasNext()
18:27:56.0 (68904241)|METHOD_EXIT|[247]||Database.QueryLocatorIterator.hasNext()
18:27:56.0 (68908043)|METHOD_ENTRY|[247]||Database.QueryLocatorIterator.next()
18:27:56.0 (68945432)|METHOD_EXIT|[247]||Database.QueryLocatorIterator.next()
18:27:56.0 (68950417)|VARIABLE_SCOPE_BEGIN|[247]|j|Job__c|true|false
18:27:56.0 (69016955)|VARIABLE_ASSIGNMENT|[247]|j|{"LastModifiedDate":"2026-02-05T00:49:22.000Z","JobPosition__c":"テスト427求人タイトル求人タイトル求人 (28 more) ...","Id":"a0KBK00000GexdI2AR","MinAnnualSalary__c":360,"JobDescription__c":"テスト427仕事内容仕事内容仕事内容仕事 (30 more) ...","JobCategory1__c":"営業系","MaxAnnualSalary__c":400}|0x4b50522b
18:27:56.0 (69024374)|STATEMENT_EXECUTE|[247]
18:27:56.0 (69025300)|STATEMENT_EXECUTE|[248]
18:27:56.0 (69029443)|HEAP_ALLOCATE|[248]|Bytes:48
18:27:56.0 (69035466)|CONSTRUCTOR_ENTRY|[248]|01pBK000001SmE1|<init>()|JobSearchController.JobWrapper
18:27:56.0 (69039514)|VARIABLE_SCOPE_BEGIN|[7]|this|JobSearchController.JobWrapper|true|false
18:27:56.0 (69055977)|VARIABLE_ASSIGNMENT|[7]|this|{}|0x6f0bc0c0
18:27:56.0 (69066767)|STATEMENT_EXECUTE|[7]
18:27:56.0 (69068147)|STATEMENT_EXECUTE|[8]
18:27:56.0 (69069297)|STATEMENT_EXECUTE|[9]
18:27:56.0 (69070467)|STATEMENT_EXECUTE|[10]
18:27:56.0 (69071483)|STATEMENT_EXECUTE|[11]
18:27:56.0 (69072397)|STATEMENT_EXECUTE|[12]
18:27:56.0 (69073393)|STATEMENT_EXECUTE|[13]
18:27:56.0 (69074413)|STATEMENT_EXECUTE|[14]
18:27:56.0 (69075506)|STATEMENT_EXECUTE|[15]
18:27:56.0 (69076602)|STATEMENT_EXECUTE|[16]
18:27:56.0 (69077667)|STATEMENT_EXECUTE|[17]
18:27:56.0 (69078782)|STATEMENT_EXECUTE|[18]
18:27:56.0 (69081896)|CONSTRUCTOR_EXIT|[248]|01pBK000001SmE1|<init>()|JobSearchController.JobWrapper
18:27:56.0 (69085846)|VARIABLE_SCOPE_BEGIN|[248]|w|JobSearchController.JobWrapper|true|false
18:27:56.0 (69096417)|VARIABLE_ASSIGNMENT|[248]|w|{}|0x6f0bc0c0
18:27:56.0 (69100051)|STATEMENT_EXECUTE|[249]
18:27:56.0 (69182845)|VARIABLE_ASSIGNMENT|[249]|this.Id|"a0KBK00000GexdI2AR"|0x6f0bc0c0
18:27:56.0 (69187222)|STATEMENT_EXECUTE|[249]
18:27:56.0 (69194870)|VARIABLE_ASSIGNMENT|[249]|this.JobPosition|"テスト427求人タイトル求人タイトル求人 (28 more) ..."|0x6f0bc0c0
18:27:56.0 (69198149)|STATEMENT_EXECUTE|[249]
18:27:56.0 (69201813)|VARIABLE_ASSIGNMENT|[249]|this.WorkLocation2|null|0x6f0bc0c0
18:27:56.0 (69204197)|STATEMENT_EXECUTE|[250]
18:27:56.0 (69208292)|VARIABLE_ASSIGNMENT|[250]|this.JobCategory1|"営業系"|0x6f0bc0c0
18:27:56.0 (69211093)|STATEMENT_EXECUTE|[250]
18:27:56.0 (69220543)|VARIABLE_ASSIGNMENT|[250]|this.MaxAnnualSalary|400|0x6f0bc0c0
18:27:56.0 (69222945)|STATEMENT_EXECUTE|[251]
18:27:56.0 (69226967)|VARIABLE_ASSIGNMENT|[251]|this.MinAnnualSalary|360|0x6f0bc0c0
18:27:56.0 (69229255)|STATEMENT_EXECUTE|[251]
18:27:56.0 (69234206)|VARIABLE_ASSIGNMENT|[251]|this.JobDescription|"テスト427仕事内容仕事内容仕事内容仕事 (30 more) ..."|0x6f0bc0c0
18:27:56.0 (69237123)|STATEMENT_EXECUTE|[252]
18:27:56.0 (69250190)|VARIABLE_ASSIGNMENT|[252]|this.LastModifiedDate|"2026-02-05T00:49:22.000Z"|0x6f0bc0c0
18:27:56.0 (69253034)|STATEMENT_EXECUTE|[252]
18:27:56.0 (69256297)|VARIABLE_ASSIGNMENT|[252]|this.LastViewedDate|null|0x6f0bc0c0
18:27:56.0 (69258580)|STATEMENT_EXECUTE|[253]
18:27:56.0 (69262077)|VARIABLE_ASSIGNMENT|[253]|this.MainIndustry|null|0x6f0bc0c0
18:27:56.0 (69264583)|STATEMENT_EXECUTE|[254]
18:27:56.0 (69270782)|HEAP_ALLOCATE|[EXTERNAL]|Bytes:4
18:27:56.0 (69277897)|METHOD_ENTRY|[247]||Database.QueryLocatorIterator.hasNext()
18:27:56.0 (69289715)|METHOD_EXIT|[247]||Database.QueryLocatorIterator.hasNext()
18:27:56.0 (69292480)|METHOD_ENTRY|[247]||Database.QueryLocatorIterator.next()
18:27:56.0 (69318622)|METHOD_EXIT|[247]||Database.QueryLocatorIterator.next()
18:27:56.0 (69322237)|VARIABLE_SCOPE_BEGIN|[247]|j|Job__c|true|false
18:27:56.0 (69364107)|VARIABLE_ASSIGNMENT|[247]|j|{"LastModifiedDate":"2026-02-05T00:49:22.000Z","JobPosition__c":"テスト445求人タイトル求人タイトル求人 (28 more) ...","Id":"a0KBK00000Gexda2AB","MinAnnualSalary__c":350,"JobDescription__c":"テスト445仕事内容仕事内容仕事内容仕事 (30 more) ...","JobCategory1__c":"営業系","MaxAnnualSalary__c":500}|0x3a3d8d94
18:27:56.0 (69370032)|STATEMENT_EXECUTE|[247]
18:27:56.0 (69370912)|STATEMENT_EXECUTE|[248]
18:27:56.0 (69373309)|HEAP_ALLOCATE|[248]|Bytes:48
18:27:56.0 (69376691)|CONSTRUCTOR_ENTRY|[248]|01pBK000001SmE1|<init>()|JobSearchController.JobWrapper
18:27:56.0 (69380032)|VARIABLE_SCOPE_BEGIN|[7]|this|JobSearchController.JobWrapper|true|false
18:27:56.0 (69390472)|VARIABLE_ASSIGNMENT|[7]|this|{}|0xcffc7a2
18:27:56.0 (69398831)|STATEMENT_EXECUTE|[7]
18:27:56.0 (69399812)|STATEMENT_EXECUTE|[8]
18:27:56.0 (69400624)|STATEMENT_EXECUTE|[9]
18:27:56.0 (69401404)|STATEMENT_EXECUTE|[10]
18:27:56.0 (69402197)|STATEMENT_EXECUTE|[11]
18:27:56.0 (69403005)|STATEMENT_EXECUTE|[12]
18:27:56.0 (69403759)|STATEMENT_EXECUTE|[13]
18:27:56.0 (69404577)|STATEMENT_EXECUTE|[14]
18:27:56.0 (69405330)|STATEMENT_EXECUTE|[15]
18:27:56.0 (69406104)|STATEMENT_EXECUTE|[16]
18:27:56.0 (69406856)|STATEMENT_EXECUTE|[17]
18:27:56.0 (69407662)|STATEMENT_EXECUTE|[18]
18:27:56.0 (69409304)|CONSTRUCTOR_EXIT|[248]|01pBK000001SmE1|<init>()|JobSearchController.JobWrapper
18:27:56.0 (69411983)|VARIABLE_SCOPE_BEGIN|[248]|w|JobSearchController.JobWrapper|true|false
18:27:56.0 (69418987)|VARIABLE_ASSIGNMENT|[248]|w|{}|0xcffc7a2
18:27:56.0 (69421370)|STATEMENT_EXECUTE|[249]
18:27:56.0 (69453710)|VARIABLE_ASSIGNMENT|[249]|this.Id|"a0KBK00000Gexda2AB"|0xcffc7a2
18:27:56.0 (69456557)|STATEMENT_EXECUTE|[249]
18:27:56.0 (69466250)|VARIABLE_ASSIGNMENT|[249]|this.JobPosition|"テスト445求人タイトル求人タイトル求人 (28 more) ..."|0xcffc7a2
18:27:56.0 (69469374)|STATEMENT_EXECUTE|[249]
18:27:56.0 (69472682)|VARIABLE_ASSIGNMENT|[249]|this.WorkLocation2|null|0xcffc7a2
18:27:56.0 (69475320)|STATEMENT_EXECUTE|[250]
18:27:56.0 (69478847)|VARIABLE_ASSIGNMENT|[250]|this.JobCategory1|"営業系"|0xcffc7a2
18:27:56.0 (69481745)|STATEMENT_EXECUTE|[250]
18:27:56.0 (69486259)|VARIABLE_ASSIGNMENT|[250]|this.MaxAnnualSalary|500|0xcffc7a2
18:27:56.0 (69488666)|STATEMENT_EXECUTE|[251]
18:27:56.0 (69492017)|VARIABLE_ASSIGNMENT|[251]|this.MinAnnualSalary|350|0xcffc7a2
18:27:56.0 (69494428)|STATEMENT_EXECUTE|[251]
18:27:56.0 (69498452)|VARIABLE_ASSIGNMENT|[251]|this.JobDescription|"テスト445仕事内容仕事内容仕事内容仕事 (30 more) ..."|0xcffc7a2
18:27:56.0 (69501482)|STATEMENT_EXECUTE|[252]
18:27:56.0 (69509343)|VARIABLE_ASSIGNMENT|[252]|this.LastModifiedDate|"2026-02-05T00:49:22.000Z"|0xcffc7a2
18:27:56.0 (69512145)|STATEMENT_EXECUTE|[252]
18:27:56.0 (69515005)|VARIABLE_ASSIGNMENT|[252]|this.LastViewedDate|null|0xcffc7a2
18:27:56.0 (69517502)|STATEMENT_EXECUTE|[253]
18:27:56.0 (69520330)|VARIABLE_ASSIGNMENT|[253]|this.MainIndustry|null|0xcffc7a2
18:27:56.0 (69522757)|STATEMENT_EXECUTE|[254]
18:27:56.0 (69526748)|HEAP_ALLOCATE|[EXTERNAL]|Bytes:4
18:27:56.0 (69531705)|METHOD_ENTRY|[247]||Database.QueryLocatorIterator.hasNext()
18:27:56.0 (69540845)|METHOD_EXIT|[247]||Database.QueryLocatorIterator.hasNext()
18:27:56.0 (69543367)|METHOD_ENTRY|[247]||Database.QueryLocatorIterator.next()
18:27:56.0 (69565243)|METHOD_EXIT|[247]||Database.QueryLocatorIterator.next()
18:27:56.0 (69567977)|VARIABLE_SCOPE_BEGIN|[247]|j|Job__c|true|false
18:27:56.0 (69601902)|VARIABLE_ASSIGNMENT|[247]|j|{"LastModifiedDate":"2026-02-05T00:49:22.000Z","JobPosition__c":"テスト475求人タイトル求人タイトル求人 (28 more) ...","Id":"a0KBK00000Gexe42AB","MinAnnualSalary__c":360,"JobDescription__c":"テスト475仕事内容仕事内容仕事内容仕事 (30 more) ...","JobCategory1__c":"専門職系（コンサルタント/金融/不動産）","MaxAnnualSalary__c":500}|0x45f70d1c
18:27:56.0 (69607767)|STATEMENT_EXECUTE|[247]
18:27:56.0 (69608647)|STATEMENT_EXECUTE|[248]
18:27:56.0 (69610304)|HEAP_ALLOCATE|[248]|Bytes:48
18:27:56.0 (69613059)|CONSTRUCTOR_ENTRY|[248]|01pBK000001SmE1|<init>()|JobSearchController.JobWrapper
18:27:56.0 (69616140)|VARIABLE_SCOPE_BEGIN|[7]|this|JobSearchController.JobWrapper|true|false
18:27:56.0 (69625472)|VARIABLE_ASSIGNMENT|[7]|this|{}|0x74cbd8a2
18:27:56.0 (69632027)|STATEMENT_EXECUTE|[7]
18:27:56.0 (69632855)|STATEMENT_EXECUTE|[8]
18:27:56.0 (69633680)|STATEMENT_EXECUTE|[9]
18:27:56.0 (69634454)|STATEMENT_EXECUTE|[10]
18:27:56.0 (69635250)|STATEMENT_EXECUTE|[11]
18:27:56.0 (69636021)|STATEMENT_EXECUTE|[12]
18:27:56.0 (69636782)|STATEMENT_EXECUTE|[13]
18:27:56.0 (69637566)|STATEMENT_EXECUTE|[14]
18:27:56.0 (69638341)|STATEMENT_EXECUTE|[15]
18:27:56.0 (69639078)|STATEMENT_EXECUTE|[16]
18:27:56.0 (69639815)|STATEMENT_EXECUTE|[17]
18:27:56.0 (69640576)|STATEMENT_EXECUTE|[18]
18:27:56.0 (69641971)|CONSTRUCTOR_EXIT|[248]|01pBK000001SmE1|<init>()|JobSearchController.JobWrapper
18:27:56.0 (69644582)|VARIABLE_SCOPE_BEGIN|[248]|w|JobSearchController.JobWrapper|true|false
18:27:56.0 (69651291)|VARIABLE_ASSIGNMENT|[248]|w|{}|0x74cbd8a2
18:27:56.0 (69654041)|STATEMENT_EXECUTE|[249]
18:27:56.0 (69679963)|VARIABLE_ASSIGNMENT|[249]|this.Id|"a0KBK00000Gexe42AB"|0x74cbd8a2
18:27:56.0 (69682751)|STATEMENT_EXECUTE|[249]
18:27:56.0 (69687560)|VARIABLE_ASSIGNMENT|[249]|this.JobPosition|"テスト475求人タイトル求人タイトル求人 (28 more) ..."|0x74cbd8a2
18:27:56.0 (69690934)|STATEMENT_EXECUTE|[249]
18:27:56.0 (69693948)|VARIABLE_ASSIGNMENT|[249]|this.WorkLocation2|null|0x74cbd8a2
18:27:56.0 (69696533)|STATEMENT_EXECUTE|[250]
18:27:56.0 (69700313)|VARIABLE_ASSIGNMENT|[250]|this.JobCategory1|"専門職系（コンサルタント/金融/不動産）"|0x74cbd8a2
18:27:56.0 (69703251)|STATEMENT_EXECUTE|[250]
18:27:56.0 (69707756)|VARIABLE_ASSIGNMENT|[250]|this.MaxAnnualSalary|500|0x74cbd8a2
18:27:56.0 (69710036)|STATEMENT_EXECUTE|[251]
18:27:56.0 (69713333)|VARIABLE_ASSIGNMENT|[251]|this.MinAnnualSalary|360|0x74cbd8a2
18:27:56.0 (69715627)|STATEMENT_EXECUTE|[251]
18:27:56.0 (69719372)|VARIABLE_ASSIGNMENT|[251]|this.JobDescription|"テスト475仕事内容仕事内容仕事内容仕事 (30 more) ..."|0x74cbd8a2
18:27:56.0 (69722386)|STATEMENT_EXECUTE|[252]
18:27:56.0 (69729356)|VARIABLE_ASSIGNMENT|[252]|this.LastModifiedDate|"2026-02-05T00:49:22.000Z"|0x74cbd8a2
18:27:56.0 (69731883)|STATEMENT_EXECUTE|[252]
18:27:56.0 (69734715)|VARIABLE_ASSIGNMENT|[252]|this.LastViewedDate|null|0x74cbd8a2
18:27:56.0 (69737506)|STATEMENT_EXECUTE|[253]
18:27:56.0 (69740396)|VARIABLE_ASSIGNMENT|[253]|this.MainIndustry|null|0x74cbd8a2
18:27:56.0 (69742828)|STATEMENT_EXECUTE|[254]
18:27:56.0 (69746423)|HEAP_ALLOCATE|[EXTERNAL]|Bytes:4
18:27:56.0 (69750715)|METHOD_ENTRY|[247]||Database.QueryLocatorIterator.hasNext()
18:27:56.0 (69759043)|METHOD_EXIT|[247]||Database.QueryLocatorIterator.hasNext()
18:27:56.0 (69761551)|METHOD_ENTRY|[247]||Database.QueryLocatorIterator.next()
18:27:56.0 (69781931)|METHOD_EXIT|[247]||Database.QueryLocatorIterator.next()
18:27:56.0 (69784664)|VARIABLE_SCOPE_BEGIN|[247]|j|Job__c|true|false
18:27:56.0 (69814859)|VARIABLE_ASSIGNMENT|[247]|j|{"LastModifiedDate":"2026-02-05T00:49:22.000Z","JobPosition__c":"テスト374求人タイトル求人タイトル求人 (28 more) ...","Id":"a0KBK00000GezmH2AR","MinAnnualSalary__c":400,"JobDescription__c":"テスト374仕事内容仕事内容仕事内容仕事 (30 more) ...","JobCategory1__c":"営業系","MaxAnnualSalary__c":500}|0x22ccba82
18:27:56.0 (69820036)|STATEMENT_EXECUTE|[247]
18:27:56.0 (69820905)|STATEMENT_EXECUTE|[248]
18:27:56.0 (69822618)|HEAP_ALLOCATE|[248]|Bytes:48
18:27:56.0 (69825435)|CONSTRUCTOR_ENTRY|[248]|01pBK000001SmE1|<init>()|JobSearchController.JobWrapper
18:27:56.0 (69828323)|VARIABLE_SCOPE_BEGIN|[7]|this|JobSearchController.JobWrapper|true|false
18:27:56.0 (69836716)|VARIABLE_ASSIGNMENT|[7]|this|{}|0x50fcbbae
18:27:56.0 (69842933)|STATEMENT_EXECUTE|[7]
18:27:56.0 (69843769)|STATEMENT_EXECUTE|[8]
18:27:56.0 (69844555)|STATEMENT_EXECUTE|[9]
18:27:56.0 (69845325)|STATEMENT_EXECUTE|[10]
18:27:56.0 (69846108)|STATEMENT_EXECUTE|[11]
18:27:56.0 (69846894)|STATEMENT_EXECUTE|[12]
18:27:56.0 (69847668)|STATEMENT_EXECUTE|[13]
18:27:56.0 (69848500)|STATEMENT_EXECUTE|[14]
18:27:56.0 (69849262)|STATEMENT_EXECUTE|[15]
18:27:56.0 (69850004)|STATEMENT_EXECUTE|[16]
18:27:56.0 (69850766)|STATEMENT_EXECUTE|[17]
18:27:56.0 (69851524)|STATEMENT_EXECUTE|[18]
18:27:56.0 (69852927)|CONSTRUCTOR_EXIT|[248]|01pBK000001SmE1|<init>()|JobSearchController.JobWrapper
18:27:56.0 (69855537)|VARIABLE_SCOPE_BEGIN|[248]|w|JobSearchController.JobWrapper|true|false
18:27:56.0 (69862115)|VARIABLE_ASSIGNMENT|[248]|w|{}|0x50fcbbae
18:27:56.0 (69864448)|STATEMENT_EXECUTE|[249]
18:27:56.0 (69887568)|VARIABLE_ASSIGNMENT|[249]|this.Id|"a0KBK00000GezmH2AR"|0x50fcbbae
18:27:56.0 (69890303)|STATEMENT_EXECUTE|[249]
18:27:56.0 (69895113)|VARIABLE_ASSIGNMENT|[249]|this.JobPosition|"テスト374求人タイトル求人タイトル求人 (28 more) ..."|0x50fcbbae
18:27:56.0 (69898181)|STATEMENT_EXECUTE|[249]
18:27:56.0 (69901139)|VARIABLE_ASSIGNMENT|[249]|this.WorkLocation2|null|0x50fcbbae
18:27:56.0 (69903711)|STATEMENT_EXECUTE|[250]
18:27:56.0 (69906800)|VARIABLE_ASSIGNMENT|[250]|this.JobCategory1|"営業系"|0x50fcbbae
18:27:56.0 (69909393)|STATEMENT_EXECUTE|[250]
18:27:56.0 (69913631)|VARIABLE_ASSIGNMENT|[250]|this.MaxAnnualSalary|500|0x50fcbbae
18:27:56.0 (69915981)|STATEMENT_EXECUTE|[251]
18:27:56.0 (69919216)|VARIABLE_ASSIGNMENT|[251]|this.MinAnnualSalary|400|0x50fcbbae
18:27:56.0 (69921408)|STATEMENT_EXECUTE|[251]
18:27:56.0 (69925284)|VARIABLE_ASSIGNMENT|[251]|this.JobDescription|"テスト374仕事内容仕事内容仕事内容仕事 (30 more) ..."|0x50fcbbae
18:27:56.0 (69927981)|STATEMENT_EXECUTE|[252]
18:27:56.0 (69934671)|VARIABLE_ASSIGNMENT|[252]|this.LastModifiedDate|"2026-02-05T00:49:22.000Z"|0x50fcbbae
18:27:56.0 (69937098)|STATEMENT_EXECUTE|[252]
18:27:56.0 (69939751)|VARIABLE_ASSIGNMENT|[252]|this.LastViewedDate|null|0x50fcbbae
18:27:56.0 (69942236)|STATEMENT_EXECUTE|[253]
18:27:56.0 (69944940)|VARIABLE_ASSIGNMENT|[253]|this.MainIndustry|null|0x50fcbbae
18:27:56.0 (69947301)|STATEMENT_EXECUTE|[254]
18:27:56.0 (69950666)|HEAP_ALLOCATE|[EXTERNAL]|Bytes:4
18:27:56.0 (69954763)|METHOD_ENTRY|[247]||Database.QueryLocatorIterator.hasNext()
18:27:56.0 (69963715)|METHOD_EXIT|[247]||Database.QueryLocatorIterator.hasNext()
18:27:56.0 (69966016)|METHOD_ENTRY|[247]||Database.QueryLocatorIterator.next()
18:27:56.0 (69986247)|METHOD_EXIT|[247]||Database.QueryLocatorIterator.next()
18:27:56.0 (69988844)|VARIABLE_SCOPE_BEGIN|[247]|j|Job__c|true|false
18:27:56.0 (70056180)|VARIABLE_ASSIGNMENT|[247]|j|{"LastModifiedDate":"2026-02-05T00:49:22.000Z","JobPosition__c":"テスト523求人タイトル求人タイトル求人 (28 more) ...","Id":"a0KBK00000Gezn62AB","MinAnnualSalary__c":600,"JobDescription__c":"テスト523仕事内容仕事内容仕事内容仕事 (30 more) ...","JobCategory1__c":"経営幹部/企画/マーケティング系","MaxAnnualSalary__c":800}|0x2d1ec340
18:27:56.0 (70062556)|STATEMENT_EXECUTE|[247]
18:27:56.0 (70063416)|STATEMENT_EXECUTE|[248]
18:27:56.0 (70065593)|HEAP_ALLOCATE|[248]|Bytes:48
18:27:56.0 (70069247)|CONSTRUCTOR_ENTRY|[248]|01pBK000001SmE1|<init>()|JobSearchController.JobWrapper
18:27:56.0 (70072568)|VARIABLE_SCOPE_BEGIN|[7]|this|JobSearchController.JobWrapper|true|false
18:27:56.0 (70081747)|VARIABLE_ASSIGNMENT|[7]|this|{}|0x7ba0089
18:27:56.0 (70088728)|STATEMENT_EXECUTE|[7]
18:27:56.0 (70089521)|STATEMENT_EXECUTE|[8]
18:27:56.0 (70090317)|STATEMENT_EXECUTE|[9]
18:27:56.0 (70091094)|STATEMENT_EXECUTE|[10]
18:27:56.0 (70091872)|STATEMENT_EXECUTE|[11]
18:27:56.0 (70092688)|STATEMENT_EXECUTE|[12]
18:27:56.0 (70093462)|STATEMENT_EXECUTE|[13]
18:27:56.0 (70094267)|STATEMENT_EXECUTE|[14]
18:27:56.0 (70095045)|STATEMENT_EXECUTE|[15]
18:27:56.0 (70095781)|STATEMENT_EXECUTE|[16]
18:27:56.0 (70096561)|STATEMENT_EXECUTE|[17]
18:27:56.0 (70097347)|STATEMENT_EXECUTE|[18]
18:27:56.0 (70098855)|CONSTRUCTOR_EXIT|[248]|01pBK000001SmE1|<init>()|JobSearchController.JobWrapper
18:27:56.0 (70101421)|VARIABLE_SCOPE_BEGIN|[248]|w|JobSearchController.JobWrapper|true|false
18:27:56.0 (70108218)|VARIABLE_ASSIGNMENT|[248]|w|{}|0x7ba0089
18:27:56.0 (70110703)|STATEMENT_EXECUTE|[249]
18:27:56.0 (70137012)|VARIABLE_ASSIGNMENT|[249]|this.Id|"a0KBK00000Gezn62AB"|0x7ba0089
18:27:56.0 (70139940)|STATEMENT_EXECUTE|[249]
18:27:56.0 (70144809)|VARIABLE_ASSIGNMENT|[249]|this.JobPosition|"テスト523求人タイトル求人タイトル求人 (28 more) ..."|0x7ba0089
18:27:56.0 (70147933)|STATEMENT_EXECUTE|[249]
18:27:56.0 (70150880)|VARIABLE_ASSIGNMENT|[249]|this.WorkLocation2|null|0x7ba0089
18:27:56.0 (70153233)|STATEMENT_EXECUTE|[250]
18:27:56.0 (70156873)|VARIABLE_ASSIGNMENT|[250]|this.JobCategory1|"経営幹部/企画/マーケティング系"|0x7ba0089
18:27:56.0 (70159858)|STATEMENT_EXECUTE|[250]
18:27:56.0 (70164987)|VARIABLE_ASSIGNMENT|[250]|this.MaxAnnualSalary|800|0x7ba0089
18:27:56.0 (70256505)|STATEMENT_EXECUTE|[251]
18:27:56.0 (70261964)|VARIABLE_ASSIGNMENT|[251]|this.MinAnnualSalary|600|0x7ba0089
18:27:56.0 (70264441)|STATEMENT_EXECUTE|[251]
18:27:56.0 (70268973)|VARIABLE_ASSIGNMENT|[251]|this.JobDescription|"テスト523仕事内容仕事内容仕事内容仕事 (30 more) ..."|0x7ba0089
18:27:56.0 (70271785)|STATEMENT_EXECUTE|[252]
18:27:56.0 (70282738)|VARIABLE_ASSIGNMENT|[252]|this.LastModifiedDate|"2026-02-05T00:49:22.000Z"|0x7ba0089
18:27:56.0 (70285241)|STATEMENT_EXECUTE|[252]
18:27:56.0 (70288053)|VARIABLE_ASSIGNMENT|[252]|this.LastViewedDate|null|0x7ba0089
18:27:56.0 (70290548)|STATEMENT_EXECUTE|[253]
18:27:56.0 (70293996)|VARIABLE_ASSIGNMENT|[253]|this.MainIndustry|null|0x7ba0089
18:27:56.0 (70296435)|STATEMENT_EXECUTE|[254]
18:27:56.0 (70302813)|HEAP_ALLOCATE|[EXTERNAL]|Bytes:4
18:27:56.0 (70310109)|METHOD_ENTRY|[247]||Database.QueryLocatorIterator.hasNext()
18:27:56.0 (70322393)|METHOD_EXIT|[247]||Database.QueryLocatorIterator.hasNext()
18:27:56.0 (70325074)|METHOD_ENTRY|[247]||Database.QueryLocatorIterator.next()
18:27:56.0 (70349251)|METHOD_EXIT|[247]||Database.QueryLocatorIterator.next()
18:27:56.0 (70352258)|VARIABLE_SCOPE_BEGIN|[247]|j|Job__c|true|false
18:27:56.0 (70389583)|VARIABLE_ASSIGNMENT|[247]|j|{"LastModifiedDate":"2026-02-05T00:49:22.000Z","JobPosition__c":"テスト411求人タイトル求人タイトル求人 (28 more) ...","Id":"a0KBK00000Gexd22AB","MinAnnualSalary__c":324,"JobDescription__c":"テスト411仕事内容仕事内容仕事内容仕事 (30 more) ...","JobCategory1__c":"管理部門/事務系","MaxAnnualSalary__c":350}|0x4065a256
18:27:56.0 (70395245)|STATEMENT_EXECUTE|[247]
18:27:56.0 (70396076)|STATEMENT_EXECUTE|[248]
18:27:56.0 (70398061)|HEAP_ALLOCATE|[248]|Bytes:48
18:27:56.0 (70401219)|CONSTRUCTOR_ENTRY|[248]|01pBK000001SmE1|<init>()|JobSearchController.JobWrapper
18:27:56.0 (70404568)|VARIABLE_SCOPE_BEGIN|[7]|this|JobSearchController.JobWrapper|true|false
18:27:56.0 (70414938)|VARIABLE_ASSIGNMENT|[7]|this|{}|0x75f1403f
18:27:56.0 (70422254)|STATEMENT_EXECUTE|[7]
18:27:56.0 (70423056)|STATEMENT_EXECUTE|[8]
18:27:56.0 (70423848)|STATEMENT_EXECUTE|[9]
18:27:56.0 (70424616)|STATEMENT_EXECUTE|[10]
18:27:56.0 (70425400)|STATEMENT_EXECUTE|[11]
18:27:56.0 (70426188)|STATEMENT_EXECUTE|[12]
18:27:56.0 (70426940)|STATEMENT_EXECUTE|[13]
18:27:56.0 (70427780)|STATEMENT_EXECUTE|[14]
18:27:56.0 (70428531)|STATEMENT_EXECUTE|[15]
18:27:56.0 (70429285)|STATEMENT_EXECUTE|[16]
18:27:56.0 (70430076)|STATEMENT_EXECUTE|[17]
18:27:56.0 (70430864)|STATEMENT_EXECUTE|[18]
18:27:56.0 (70432540)|CONSTRUCTOR_EXIT|[248]|01pBK000001SmE1|<init>()|JobSearchController.JobWrapper
18:27:56.0 (70435351)|VARIABLE_SCOPE_BEGIN|[248]|w|JobSearchController.JobWrapper|true|false
18:27:56.0 (70442227)|VARIABLE_ASSIGNMENT|[248]|w|{}|0x75f1403f
18:27:56.0 (70444780)|STATEMENT_EXECUTE|[249]
18:27:56.0 (70475648)|VARIABLE_ASSIGNMENT|[249]|this.Id|"a0KBK00000Gexd22AB"|0x75f1403f
18:27:56.0 (70478578)|STATEMENT_EXECUTE|[249]
18:27:56.0 (70483425)|VARIABLE_ASSIGNMENT|[249]|this.JobPosition|"テスト411求人タイトル求人タイトル求人 (28 more) ..."|0x75f1403f
18:27:56.0 (70486473)|STATEMENT_EXECUTE|[249]
18:27:56.0 (70489411)|VARIABLE_ASSIGNMENT|[249]|this.WorkLocation2|null|0x75f1403f
18:27:56.0 (70491944)|STATEMENT_EXECUTE|[250]
18:27:56.0 (70495212)|VARIABLE_ASSIGNMENT|[250]|this.JobCategory1|"管理部門/事務系"|0x75f1403f
18:27:56.0 (70498223)|STATEMENT_EXECUTE|[250]
18:27:56.0 (70502578)|VARIABLE_ASSIGNMENT|[250]|this.MaxAnnualSalary|350|0x75f1403f
18:27:56.0 (70505061)|STATEMENT_EXECUTE|[251]
18:27:56.0 (70508411)|VARIABLE_ASSIGNMENT|[251]|this.MinAnnualSalary|324|0x75f1403f
18:27:56.0 (70510836)|STATEMENT_EXECUTE|[251]
18:27:56.0 (70514755)|VARIABLE_ASSIGNMENT|[251]|this.JobDescription|"テスト411仕事内容仕事内容仕事内容仕事 (30 more) ..."|0x75f1403f
18:27:56.0 (70517633)|STATEMENT_EXECUTE|[252]
18:27:56.0 (70524857)|VARIABLE_ASSIGNMENT|[252]|this.LastModifiedDate|"2026-02-05T00:49:22.000Z"|0x75f1403f
18:27:56.0 (70527240)|STATEMENT_EXECUTE|[252]
18:27:56.0 (70529839)|VARIABLE_ASSIGNMENT|[252]|this.LastViewedDate|null|0x75f1403f
18:27:56.0 (70532279)|STATEMENT_EXECUTE|[253]
18:27:56.0 (70535022)|VARIABLE_ASSIGNMENT|[253]|this.MainIndustry|null|0x75f1403f
18:27:56.0 (70537334)|STATEMENT_EXECUTE|[254]
18:27:56.0 (70540784)|HEAP_ALLOCATE|[EXTERNAL]|Bytes:4
18:27:56.0 (70545433)|METHOD_ENTRY|[247]||Database.QueryLocatorIterator.hasNext()
18:27:56.0 (70554235)|METHOD_EXIT|[247]||Database.QueryLocatorIterator.hasNext()
18:27:56.0 (70556841)|METHOD_ENTRY|[247]||Database.QueryLocatorIterator.next()
18:27:56.0 (70577178)|METHOD_EXIT|[247]||Database.QueryLocatorIterator.next()
18:27:56.0 (70579682)|VARIABLE_SCOPE_BEGIN|[247]|j|Job__c|true|false
18:27:56.0 (70609257)|VARIABLE_ASSIGNMENT|[247]|j|{"LastModifiedDate":"2026-02-05T00:49:22.000Z","JobPosition__c":"テスト212求人タイトル求人タイトル求人 (28 more) ...","Id":"a0KBK00000Gezjg2AB","MinAnnualSalary__c":380,"JobDescription__c":"テスト212仕事内容仕事内容仕事内容仕事 (30 more) ...","JobCategory1__c":"営業系","MaxAnnualSalary__c":700}|0x2e2e9902
18:27:56.0 (70614118)|STATEMENT_EXECUTE|[247]
18:27:56.0 (70614944)|STATEMENT_EXECUTE|[248]
18:27:56.0 (70616551)|HEAP_ALLOCATE|[248]|Bytes:48
18:27:56.0 (70619151)|CONSTRUCTOR_ENTRY|[248]|01pBK000001SmE1|<init>()|JobSearchController.JobWrapper
18:27:56.0 (70622300)|VARIABLE_SCOPE_BEGIN|[7]|this|JobSearchController.JobWrapper|true|false
18:27:56.0 (70630580)|VARIABLE_ASSIGNMENT|[7]|this|{}|0x79c76a06
18:27:56.0 (70636861)|STATEMENT_EXECUTE|[7]
18:27:56.0 (70637688)|STATEMENT_EXECUTE|[8]
18:27:56.0 (70638459)|STATEMENT_EXECUTE|[9]
18:27:56.0 (70639248)|STATEMENT_EXECUTE|[10]
18:27:56.0 (70640032)|STATEMENT_EXECUTE|[11]
18:27:56.0 (70640826)|STATEMENT_EXECUTE|[12]
18:27:56.0 (70641611)|STATEMENT_EXECUTE|[13]
18:27:56.0 (70642376)|STATEMENT_EXECUTE|[14]
18:27:56.0 (70643161)|STATEMENT_EXECUTE|[15]
18:27:56.0 (70643908)|STATEMENT_EXECUTE|[16]
18:27:56.0 (70644664)|STATEMENT_EXECUTE|[17]
18:27:56.0 (70645422)|STATEMENT_EXECUTE|[18]
18:27:56.0 (70646783)|CONSTRUCTOR_EXIT|[248]|01pBK000001SmE1|<init>()|JobSearchController.JobWrapper
18:27:56.0 (70649393)|VARIABLE_SCOPE_BEGIN|[248]|w|JobSearchController.JobWrapper|true|false
18:27:56.0 (70656071)|VARIABLE_ASSIGNMENT|[248]|w|{}|0x79c76a06
18:27:56.0 (70658658)|STATEMENT_EXECUTE|[249]
18:27:56.0 (70682040)|VARIABLE_ASSIGNMENT|[249]|this.Id|"a0KBK00000Gezjg2AB"|0x79c76a06
18:27:56.0 (70685023)|STATEMENT_EXECUTE|[249]
18:27:56.0 (70689853)|VARIABLE_ASSIGNMENT|[249]|this.JobPosition|"テスト212求人タイトル求人タイトル求人 (28 more) ..."|0x79c76a06
18:27:56.0 (70692757)|STATEMENT_EXECUTE|[249]
18:27:56.0 (70695704)|VARIABLE_ASSIGNMENT|[249]|this.WorkLocation2|null|0x79c76a06
18:27:56.0 (70697933)|STATEMENT_EXECUTE|[250]
18:27:56.0 (70701010)|VARIABLE_ASSIGNMENT|[250]|this.JobCategory1|"営業系"|0x79c76a06
18:27:56.0 (70703548)|STATEMENT_EXECUTE|[250]
18:27:56.0 (70707847)|VARIABLE_ASSIGNMENT|[250]|this.MaxAnnualSalary|700|0x79c76a06
18:27:56.0 (70710156)|STATEMENT_EXECUTE|[251]
18:27:56.0 (70713731)|VARIABLE_ASSIGNMENT|[251]|this.MinAnnualSalary|380|0x79c76a06
18:27:56.0 (70716112)|STATEMENT_EXECUTE|[251]
18:27:56.0 (70719780)|VARIABLE_ASSIGNMENT|[251]|this.JobDescription|"テスト212仕事内容仕事内容仕事内容仕事 (30 more) ..."|0x79c76a06
18:27:56.0 (70722466)|STATEMENT_EXECUTE|[252]
18:27:56.0 (70729404)|VARIABLE_ASSIGNMENT|[252]|this.LastModifiedDate|"2026-02-05T00:49:22.000Z"|0x79c76a06
18:27:56.0 (70731862)|STATEMENT_EXECUTE|[252]
18:27:56.0 (70734569)|VARIABLE_ASSIGNMENT|[252]|this.LastViewedDate|null|0x79c76a06
18:27:56.0 (70737048)|STATEMENT_EXECUTE|[253]
18:27:56.0 (70739814)|VARIABLE_ASSIGNMENT|[253]|this.MainIndustry|null|0x79c76a06
18:27:56.0 (70742318)|STATEMENT_EXECUTE|[254]
18:27:56.0 (70745729)|HEAP_ALLOCATE|[EXTERNAL]|Bytes:4
18:27:56.0 (70750089)|METHOD_ENTRY|[247]||Database.QueryLocatorIterator.hasNext()
18:27:56.0 (70758454)|METHOD_EXIT|[247]||Database.QueryLocatorIterator.hasNext()
18:27:56.0 (70760713)|METHOD_ENTRY|[247]||Database.QueryLocatorIterator.next()
18:27:56.0 (70780890)|METHOD_EXIT|[247]||Database.QueryLocatorIterator.next()
18:27:56.0 (70783366)|VARIABLE_SCOPE_BEGIN|[247]|j|Job__c|true|false
18:27:56.0 (70810909)|VARIABLE_ASSIGNMENT|[247]|j|{"LastModifiedDate":"2026-02-05T00:49:22.000Z","JobPosition__c":"テスト214求人タイトル求人タイトル求人 (28 more) ...","Id":"a0KBK00000Gezji2AB","MinAnnualSalary__c":600,"JobDescription__c":"テスト214仕事内容仕事内容仕事内容仕事 (30 more) ...","JobCategory1__c":"営業系","MaxAnnualSalary__c":720}|0x14dd007a
18:27:56.0 (70815887)|STATEMENT_EXECUTE|[247]
18:27:56.0 (70816753)|STATEMENT_EXECUTE|[248]
18:27:56.0 (70818847)|HEAP_ALLOCATE|[248]|Bytes:48
18:27:56.0 (70821387)|CONSTRUCTOR_ENTRY|[248]|01pBK000001SmE1|<init>()|JobSearchController.JobWrapper
18:27:56.0 (70824374)|VARIABLE_SCOPE_BEGIN|[7]|this|JobSearchController.JobWrapper|true|false
18:27:56.0 (70832446)|VARIABLE_ASSIGNMENT|[7]|this|{}|0x6b524a66
18:27:56.0 (70838547)|STATEMENT_EXECUTE|[7]
18:27:56.0 (70839435)|STATEMENT_EXECUTE|[8]
18:27:56.0 (70840235)|STATEMENT_EXECUTE|[9]
18:27:56.0 (70841018)|STATEMENT_EXECUTE|[10]
18:27:56.0 (70841827)|STATEMENT_EXECUTE|[11]
18:27:56.0 (70842629)|STATEMENT_EXECUTE|[12]
18:27:56.0 (70843375)|STATEMENT_EXECUTE|[13]
18:27:56.0 (70844136)|STATEMENT_EXECUTE|[14]
18:27:56.0 (70844904)|STATEMENT_EXECUTE|[15]
18:27:56.0 (70845667)|STATEMENT_EXECUTE|[16]
18:27:56.0 (70846430)|STATEMENT_EXECUTE|[17]
18:27:56.0 (70847201)|STATEMENT_EXECUTE|[18]
18:27:56.0 (70848561)|CONSTRUCTOR_EXIT|[248]|01pBK000001SmE1|<init>()|JobSearchController.JobWrapper
18:27:56.0 (70851322)|VARIABLE_SCOPE_BEGIN|[248]|w|JobSearchController.JobWrapper|true|false
18:27:56.0 (70857819)|VARIABLE_ASSIGNMENT|[248]|w|{}|0x6b524a66
18:27:56.0 (70860164)|STATEMENT_EXECUTE|[249]
18:27:56.0 (70882319)|VARIABLE_ASSIGNMENT|[249]|this.Id|"a0KBK00000Gezji2AB"|0x6b524a66
18:27:56.0 (70885033)|STATEMENT_EXECUTE|[249]
18:27:56.0 (70889667)|VARIABLE_ASSIGNMENT|[249]|this.JobPosition|"テスト214求人タイトル求人タイトル求人 (28 more) ..."|0x6b524a66
18:27:56.0 (70892507)|STATEMENT_EXECUTE|[249]
18:27:56.0 (70895382)|VARIABLE_ASSIGNMENT|[249]|this.WorkLocation2|null|0x6b524a66
18:27:56.0 (70897784)|STATEMENT_EXECUTE|[250]
18:27:56.0 (70900768)|VARIABLE_ASSIGNMENT|[250]|this.JobCategory1|"営業系"|0x6b524a66
18:27:56.0 (70903448)|STATEMENT_EXECUTE|[250]
18:27:56.0 (70910126)|VARIABLE_ASSIGNMENT|[250]|this.MaxAnnualSalary|720|0x6b524a66
18:27:56.0 (70914442)|STATEMENT_EXECUTE|[251]
18:27:56.0 (70919422)|VARIABLE_ASSIGNMENT|[251]|this.MinAnnualSalary|600|0x6b524a66
18:27:56.0 (70922727)|STATEMENT_EXECUTE|[251]
18:27:56.0 (70927749)|VARIABLE_ASSIGNMENT|[251]|this.JobDescription|"テスト214仕事内容仕事内容仕事内容仕事 (30 more) ..."|0x6b524a66
18:27:56.0 (70931494)|STATEMENT_EXECUTE|[252]
18:27:56.0 (70942364)|VARIABLE_ASSIGNMENT|[252]|this.LastModifiedDate|"2026-02-05T00:49:22.000Z"|0x6b524a66
18:27:56.0 (70946471)|STATEMENT_EXECUTE|[252]
18:27:56.0 (70950078)|VARIABLE_ASSIGNMENT|[252]|this.LastViewedDate|null|0x6b524a66
18:27:56.0 (70953324)|STATEMENT_EXECUTE|[253]
18:27:56.0 (70957165)|VARIABLE_ASSIGNMENT|[253]|this.MainIndustry|null|0x6b524a66
18:27:56.0 (70960472)|STATEMENT_EXECUTE|[254]
18:27:56.0 (70965540)|HEAP_ALLOCATE|[EXTERNAL]|Bytes:4
18:27:56.0 (70972069)|METHOD_ENTRY|[247]||Database.QueryLocatorIterator.hasNext()
18:27:56.0 (70985597)|METHOD_EXIT|[247]||Database.QueryLocatorIterator.hasNext()
18:27:56.0 (70990010)|METHOD_ENTRY|[247]||Database.QueryLocatorIterator.next()
18:27:56.0 (71012000)|METHOD_EXIT|[247]||Database.QueryLocatorIterator.next()
18:27:56.0 (71015305)|VARIABLE_SCOPE_BEGIN|[247]|j|Job__c|true|false
18:27:56.0 (71049605)|VARIABLE_ASSIGNMENT|[247]|j|{"LastModifiedDate":"2026-02-05T00:49:22.000Z","JobPosition__c":"テスト254求人タイトル求人タイトル求人 (28 more) ...","Id":"a0KBK00000GezkM2AR","MinAnnualSalary__c":330,"JobDescription__c":"テスト254仕事内容仕事内容仕事内容仕事 (30 more) ...","JobCategory1__c":"営業系","MaxAnnualSalary__c":450}|0x31ee2887
18:27:56.0 (71055099)|STATEMENT_EXECUTE|[247]
18:27:56.0 (71055905)|STATEMENT_EXECUTE|[248]
18:27:56.0 (71057887)|HEAP_ALLOCATE|[248]|Bytes:48
18:27:56.0 (71061365)|CONSTRUCTOR_ENTRY|[248]|01pBK000001SmE1|<init>()|JobSearchController.JobWrapper
18:27:56.0 (71064361)|VARIABLE_SCOPE_BEGIN|[7]|this|JobSearchController.JobWrapper|true|false
18:27:56.0 (71074254)|VARIABLE_ASSIGNMENT|[7]|this|{}|0x733be3e6
18:27:56.0 (71081993)|STATEMENT_EXECUTE|[7]
18:27:56.0 (71082882)|STATEMENT_EXECUTE|[8]
18:27:56.0 (71083777)|STATEMENT_EXECUTE|[9]
18:27:56.0 (71084577)|STATEMENT_EXECUTE|[10]
18:27:56.0 (71085354)|STATEMENT_EXECUTE|[11]
18:27:56.0 (71086179)|STATEMENT_EXECUTE|[12]
18:27:56.0 (71086938)|STATEMENT_EXECUTE|[13]
18:27:56.0 (71087734)|STATEMENT_EXECUTE|[14]
18:27:56.0 (71088532)|STATEMENT_EXECUTE|[15]
18:27:56.0 (71089267)|STATEMENT_EXECUTE|[16]
18:27:56.0 (71090028)|STATEMENT_EXECUTE|[17]
18:27:56.0 (71090814)|STATEMENT_EXECUTE|[18]
18:27:56.0 (71092274)|CONSTRUCTOR_EXIT|[248]|01pBK000001SmE1|<init>()|JobSearchController.JobWrapper
18:27:56.0 (71094760)|VARIABLE_SCOPE_BEGIN|[248]|w|JobSearchController.JobWrapper|true|false
18:27:56.0 (71101592)|VARIABLE_ASSIGNMENT|[248]|w|{}|0x733be3e6
18:27:56.0 (71104263)|STATEMENT_EXECUTE|[249]
18:27:56.0 (71131529)|VARIABLE_ASSIGNMENT|[249]|this.Id|"a0KBK00000GezkM2AR"|0x733be3e6
18:27:56.0 (71134227)|STATEMENT_EXECUTE|[249]
18:27:56.0 (71138901)|VARIABLE_ASSIGNMENT|[249]|this.JobPosition|"テスト254求人タイトル求人タイトル求人 (28 more) ..."|0x733be3e6
18:27:56.0 (71141837)|STATEMENT_EXECUTE|[249]
18:27:56.0 (71144606)|VARIABLE_ASSIGNMENT|[249]|this.WorkLocation2|null|0x733be3e6
18:27:56.0 (71152227)|STATEMENT_EXECUTE|[250]
18:27:56.0 (71155694)|VARIABLE_ASSIGNMENT|[250]|this.JobCategory1|"営業系"|0x733be3e6
18:27:56.0 (71158151)|STATEMENT_EXECUTE|[250]
18:27:56.0 (71162567)|VARIABLE_ASSIGNMENT|[250]|this.MaxAnnualSalary|450|0x733be3e6
18:27:56.0 (71164915)|STATEMENT_EXECUTE|[251]
18:27:56.0 (71168196)|VARIABLE_ASSIGNMENT|[251]|this.MinAnnualSalary|330|0x733be3e6
18:27:56.0 (71170492)|STATEMENT_EXECUTE|[251]
18:27:56.0 (71174207)|VARIABLE_ASSIGNMENT|[251]|this.JobDescription|"テスト254仕事内容仕事内容仕事内容仕事 (30 more) ..."|0x733be3e6
18:27:56.0 (71177023)|STATEMENT_EXECUTE|[252]
18:27:56.0 (71184302)|VARIABLE_ASSIGNMENT|[252]|this.LastModifiedDate|"2026-02-05T00:49:22.000Z"|0x733be3e6
18:27:56.0 (71186801)|STATEMENT_EXECUTE|[252]
18:27:56.0 (71189502)|VARIABLE_ASSIGNMENT|[252]|this.LastViewedDate|null|0x733be3e6
18:27:56.0 (71191917)|STATEMENT_EXECUTE|[253]
18:27:56.0 (71194708)|VARIABLE_ASSIGNMENT|[253]|this.MainIndustry|null|0x733be3e6
18:27:56.0 (71197240)|STATEMENT_EXECUTE|[254]
18:27:56.0 (71200576)|HEAP_ALLOCATE|[EXTERNAL]|Bytes:4
18:27:56.0 (71205456)|METHOD_ENTRY|[247]||Database.QueryLocatorIterator.hasNext()
18:27:56.0 (71214112)|METHOD_EXIT|[247]||Database.QueryLocatorIterator.hasNext()
18:27:56.0 (71216646)|METHOD_ENTRY|[247]||Database.QueryLocatorIterator.next()
18:27:56.0 (71236794)|METHOD_EXIT|[247]||Database.QueryLocatorIterator.next()
18:27:56.0 (71239229)|VARIABLE_SCOPE_BEGIN|[247]|j|Job__c|true|false
18:27:56.0 (71269380)|VARIABLE_ASSIGNMENT|[247]|j|{"LastModifiedDate":"2026-02-05T00:49:22.000Z","JobPosition__c":"テスト333求人タイトル求人タイトル求人 (28 more) ...","Id":"a0KBK00000Gezlc2AB","MinAnnualSalary__c":420,"JobDescription__c":"テスト333仕事内容仕事内容仕事内容仕事 (30 more) ...","JobCategory1__c":"サービス系（人材/小売/フードetc)","MaxAnnualSalary__c":600}|0xf19e32b
18:27:56.0 (71274762)|STATEMENT_EXECUTE|[247]
18:27:56.0 (71275574)|STATEMENT_EXECUTE|[248]
18:27:56.0 (71277275)|HEAP_ALLOCATE|[248]|Bytes:48
18:27:56.0 (71280260)|CONSTRUCTOR_ENTRY|[248]|01pBK000001SmE1|<init>()|JobSearchController.JobWrapper
18:27:56.0 (71283530)|VARIABLE_SCOPE_BEGIN|[7]|this|JobSearchController.JobWrapper|true|false
18:27:56.0 (71292024)|VARIABLE_ASSIGNMENT|[7]|this|{}|0x76e189d4
18:27:56.0 (71298321)|STATEMENT_EXECUTE|[7]
18:27:56.0 (71299183)|STATEMENT_EXECUTE|[8]
18:27:56.0 (71299983)|STATEMENT_EXECUTE|[9]
18:27:56.0 (71300895)|STATEMENT_EXECUTE|[10]
18:27:56.0 (71301692)|STATEMENT_EXECUTE|[11]
18:27:56.0 (71302472)|STATEMENT_EXECUTE|[12]
18:27:56.0 (71303292)|STATEMENT_EXECUTE|[13]
18:27:56.0 (71304039)|STATEMENT_EXECUTE|[14]
18:27:56.0 (71304818)|STATEMENT_EXECUTE|[15]
18:27:56.0 (71305574)|STATEMENT_EXECUTE|[16]
18:27:56.0 (71306364)|STATEMENT_EXECUTE|[17]
18:27:56.0 (71307128)|STATEMENT_EXECUTE|[18]
18:27:56.0 (71308520)|CONSTRUCTOR_EXIT|[248]|01pBK000001SmE1|<init>()|JobSearchController.JobWrapper
18:27:56.0 (71311272)|VARIABLE_SCOPE_BEGIN|[248]|w|JobSearchController.JobWrapper|true|false
18:27:56.0 (71318029)|VARIABLE_ASSIGNMENT|[248]|w|{}|0x76e189d4
18:27:56.0 (71320504)|STATEMENT_EXECUTE|[249]
18:27:56.0 (71343462)|VARIABLE_ASSIGNMENT|[249]|this.Id|"a0KBK00000Gezlc2AB"|0x76e189d4
18:27:56.0 (71346022)|STATEMENT_EXECUTE|[249]
18:27:56.0 (71350849)|VARIABLE_ASSIGNMENT|[249]|this.JobPosition|"テスト333求人タイトル求人タイトル求人 (28 more) ..."|0x76e189d4
18:27:56.0 (71353723)|STATEMENT_EXECUTE|[249]
18:27:56.0 (71356484)|VARIABLE_ASSIGNMENT|[249]|this.WorkLocation2|null|0x76e189d4
18:27:56.0 (71358774)|STATEMENT_EXECUTE|[250]
18:27:56.0 (71362230)|VARIABLE_ASSIGNMENT|[250]|this.JobCategory1|"サービス系（人材/小売/フードetc)"|0x76e189d4
18:27:56.0 (71365002)|STATEMENT_EXECUTE|[250]
18:27:56.0 (71369274)|VARIABLE_ASSIGNMENT|[250]|this.MaxAnnualSalary|600|0x76e189d4
18:27:56.0 (71371846)|STATEMENT_EXECUTE|[251]
18:27:56.0 (71375148)|VARIABLE_ASSIGNMENT|[251]|this.MinAnnualSalary|420|0x76e189d4
18:27:56.0 (71377422)|STATEMENT_EXECUTE|[251]
18:27:56.0 (71381078)|VARIABLE_ASSIGNMENT|[251]|this.JobDescription|"テスト333仕事内容仕事内容仕事内容仕事 (30 more) ..."|0x76e189d4
18:27:56.0 (71383667)|STATEMENT_EXECUTE|[252]
18:27:56.0 (71390354)|VARIABLE_ASSIGNMENT|[252]|this.LastModifiedDate|"2026-02-05T00:49:22.000Z"|0x76e189d4
18:27:56.0 (71392722)|STATEMENT_EXECUTE|[252]
18:27:56.0 (71395347)|VARIABLE_ASSIGNMENT|[252]|this.LastViewedDate|null|0x76e189d4
18:27:56.0 (71397797)|STATEMENT_EXECUTE|[253]
18:27:56.0 (71400482)|VARIABLE_ASSIGNMENT|[253]|this.MainIndustry|null|0x76e189d4
18:27:56.0 (71403004)|STATEMENT_EXECUTE|[254]
18:27:56.0 (71406342)|HEAP_ALLOCATE|[EXTERNAL]|Bytes:4
18:27:56.0 (71410341)|METHOD_ENTRY|[247]||Database.QueryLocatorIterator.hasNext()
18:27:56.0 (71418508)|METHOD_EXIT|[247]||Database.QueryLocatorIterator.hasNext()
18:27:56.0 (71420787)|METHOD_ENTRY|[247]||Database.QueryLocatorIterator.next()
18:27:56.0 (71440454)|METHOD_EXIT|[247]||Database.QueryLocatorIterator.next()
18:27:56.0 (71442781)|VARIABLE_SCOPE_BEGIN|[247]|j|Job__c|true|false
18:27:56.0 (71471427)|VARIABLE_ASSIGNMENT|[247]|j|{"LastModifiedDate":"2026-02-05T00:49:21.000Z","JobPosition__c":"テスト72求人タイトル求人タイトル求人タ (27 more) ...","Id":"a0KBK00000GezhQ2AR","MinAnnualSalary__c":420,"JobDescription__c":"テスト72仕事内容仕事内容仕事内容仕事内 (29 more) ...","JobCategory1__c":"営業系","MaxAnnualSalary__c":700}|0x360b3d9f
18:27:56.0 (71476425)|STATEMENT_EXECUTE|[247]
18:27:56.0 (71477223)|STATEMENT_EXECUTE|[248]
18:27:56.0 (71478881)|HEAP_ALLOCATE|[248]|Bytes:48
18:27:56.0 (71481443)|CONSTRUCTOR_ENTRY|[248]|01pBK000001SmE1|<init>()|JobSearchController.JobWrapper
18:27:56.0 (71484396)|VARIABLE_SCOPE_BEGIN|[7]|this|JobSearchController.JobWrapper|true|false
18:27:56.0 (71492699)|VARIABLE_ASSIGNMENT|[7]|this|{}|0x1a83cc6b
18:27:56.0 (71498869)|STATEMENT_EXECUTE|[7]
18:27:56.0 (71499689)|STATEMENT_EXECUTE|[8]
18:27:56.0 (71500495)|STATEMENT_EXECUTE|[9]
18:27:56.0 (71501344)|STATEMENT_EXECUTE|[10]
18:27:56.0 (71502122)|STATEMENT_EXECUTE|[11]
18:27:56.0 (71502914)|STATEMENT_EXECUTE|[12]
18:27:56.0 (71503681)|STATEMENT_EXECUTE|[13]
18:27:56.0 (71504461)|STATEMENT_EXECUTE|[14]
18:27:56.0 (71505212)|STATEMENT_EXECUTE|[15]
18:27:56.0 (71505984)|STATEMENT_EXECUTE|[16]
18:27:56.0 (71506754)|STATEMENT_EXECUTE|[17]
18:27:56.0 (71507514)|STATEMENT_EXECUTE|[18]
18:27:56.0 (71508891)|CONSTRUCTOR_EXIT|[248]|01pBK000001SmE1|<init>()|JobSearchController.JobWrapper
18:27:56.0 (71511746)|VARIABLE_SCOPE_BEGIN|[248]|w|JobSearchController.JobWrapper|true|false
18:27:56.0 (71518357)|VARIABLE_ASSIGNMENT|[248]|w|{}|0x1a83cc6b
18:27:56.0 (71520809)|STATEMENT_EXECUTE|[249]
18:27:56.0 (71543664)|VARIABLE_ASSIGNMENT|[249]|this.Id|"a0KBK00000GezhQ2AR"|0x1a83cc6b
18:27:56.0 (71546334)|STATEMENT_EXECUTE|[249]
18:27:56.0 (71551074)|VARIABLE_ASSIGNMENT|[249]|this.JobPosition|"テスト72求人タイトル求人タイトル求人タ (27 more) ..."|0x1a83cc6b
18:27:56.0 (71554073)|STATEMENT_EXECUTE|[249]
18:27:56.0 (71556782)|VARIABLE_ASSIGNMENT|[249]|this.WorkLocation2|null|0x1a83cc6b
18:27:56.0 (71559275)|STATEMENT_EXECUTE|[250]
18:27:56.0 (71562294)|VARIABLE_ASSIGNMENT|[250]|this.JobCategory1|"営業系"|0x1a83cc6b
18:27:56.0 (71564847)|STATEMENT_EXECUTE|[250]
18:27:56.0 (71568925)|VARIABLE_ASSIGNMENT|[250]|this.MaxAnnualSalary|700|0x1a83cc6b
18:27:56.0 (71571408)|STATEMENT_EXECUTE|[251]
18:27:56.0 (71574622)|VARIABLE_ASSIGNMENT|[251]|this.MinAnnualSalary|420|0x1a83cc6b
18:27:56.0 (71577203)|STATEMENT_EXECUTE|[251]
18:27:56.0 (71580857)|VARIABLE_ASSIGNMENT|[251]|this.JobDescription|"テスト72仕事内容仕事内容仕事内容仕事内 (29 more) ..."|0x1a83cc6b
18:27:56.0 (71583609)|STATEMENT_EXECUTE|[252]
18:27:56.0 (71590094)|VARIABLE_ASSIGNMENT|[252]|this.LastModifiedDate|"2026-02-05T00:49:21.000Z"|0x1a83cc6b
18:27:56.0 (71592804)|STATEMENT_EXECUTE|[252]
18:27:56.0 (71595364)|VARIABLE_ASSIGNMENT|[252]|this.LastViewedDate|null|0x1a83cc6b
18:27:56.0 (71597765)|STATEMENT_EXECUTE|[253]
18:27:56.0 (71600489)|VARIABLE_ASSIGNMENT|[253]|this.MainIndustry|null|0x1a83cc6b
18:27:56.0 (71602977)|STATEMENT_EXECUTE|[254]
18:27:56.0 (71606524)|HEAP_ALLOCATE|[EXTERNAL]|Bytes:4
18:27:56.0 (71610737)|METHOD_ENTRY|[247]||Database.QueryLocatorIterator.hasNext()
18:27:56.0 (71619262)|METHOD_EXIT|[247]||Database.QueryLocatorIterator.hasNext()
18:27:56.0 (71621513)|METHOD_ENTRY|[247]||Database.QueryLocatorIterator.next()
18:27:56.0 (71641259)|METHOD_EXIT|[247]||Database.QueryLocatorIterator.next()
18:27:56.0 (71643687)|VARIABLE_SCOPE_BEGIN|[247]|j|Job__c|true|false
18:27:56.0 (71671579)|VARIABLE_ASSIGNMENT|[247]|j|{"LastModifiedDate":"2026-02-05T00:49:21.000Z","JobPosition__c":"テスト177求人タイトル求人タイトル求人 (28 more) ...","Id":"a0KBK00000Gezj72AB","MinAnnualSalary__c":350,"JobDescription__c":"テスト177仕事内容仕事内容仕事内容仕事 (30 more) ...","JobCategory1__c":"営業系","MaxAnnualSalary__c":460}|0x5ac364ab
18:27:56.0 (71676712)|STATEMENT_EXECUTE|[247]
18:27:56.0 (71677496)|STATEMENT_EXECUTE|[248]
18:27:56.0 (71679201)|HEAP_ALLOCATE|[248]|Bytes:48
18:27:56.0 (71681809)|CONSTRUCTOR_ENTRY|[248]|01pBK000001SmE1|<init>()|JobSearchController.JobWrapper
18:27:56.0 (71684559)|VARIABLE_SCOPE_BEGIN|[7]|this|JobSearchController.JobWrapper|true|false
18:27:56.0 (71692820)|VARIABLE_ASSIGNMENT|[7]|this|{}|0x2016f90e
18:27:56.0 (71698824)|STATEMENT_EXECUTE|[7]
18:27:56.0 (71699645)|STATEMENT_EXECUTE|[8]
18:27:56.0 (71700436)|STATEMENT_EXECUTE|[9]
18:27:56.0 (71701226)|STATEMENT_EXECUTE|[10]
18:27:56.0 (71702154)|STATEMENT_EXECUTE|[11]
18:27:56.0 (71703027)|STATEMENT_EXECUTE|[12]
18:27:56.0 (71703802)|STATEMENT_EXECUTE|[13]
18:27:56.0 (71704613)|STATEMENT_EXECUTE|[14]
18:27:56.0 (71705369)|STATEMENT_EXECUTE|[15]
18:27:56.0 (71706132)|STATEMENT_EXECUTE|[16]
18:27:56.0 (71706892)|STATEMENT_EXECUTE|[17]
18:27:56.0 (71707654)|STATEMENT_EXECUTE|[18]
18:27:56.0 (71709071)|CONSTRUCTOR_EXIT|[248]|01pBK000001SmE1|<init>()|JobSearchController.JobWrapper
18:27:56.0 (71711673)|VARIABLE_SCOPE_BEGIN|[248]|w|JobSearchController.JobWrapper|true|false
18:27:56.0 (71718252)|VARIABLE_ASSIGNMENT|[248]|w|{}|0x2016f90e
18:27:56.0 (71720834)|STATEMENT_EXECUTE|[249]
18:27:56.0 (71743957)|VARIABLE_ASSIGNMENT|[249]|this.Id|"a0KBK00000Gezj72AB"|0x2016f90e
18:27:56.0 (71746563)|STATEMENT_EXECUTE|[249]
18:27:56.0 (71751034)|VARIABLE_ASSIGNMENT|[249]|this.JobPosition|"テスト177求人タイトル求人タイトル求人 (28 more) ..."|0x2016f90e
18:27:56.0 (71753985)|STATEMENT_EXECUTE|[249]
18:27:56.0 (71756727)|VARIABLE_ASSIGNMENT|[249]|this.WorkLocation2|null|0x2016f90e
18:27:56.0 (71759192)|STATEMENT_EXECUTE|[250]
18:27:56.0 (71762272)|VARIABLE_ASSIGNMENT|[250]|this.JobCategory1|"営業系"|0x2016f90e
18:27:56.0 (71764786)|STATEMENT_EXECUTE|[250]
18:27:56.0 (71769040)|VARIABLE_ASSIGNMENT|[250]|this.MaxAnnualSalary|460|0x2016f90e
18:27:56.0 (71771275)|STATEMENT_EXECUTE|[251]
18:27:56.0 (71774502)|VARIABLE_ASSIGNMENT|[251]|this.MinAnnualSalary|350|0x2016f90e
18:27:56.0 (71776823)|STATEMENT_EXECUTE|[251]
18:27:56.0 (71780450)|VARIABLE_ASSIGNMENT|[251]|this.JobDescription|"テスト177仕事内容仕事内容仕事内容仕事 (30 more) ..."|0x2016f90e
18:27:56.0 (71783033)|STATEMENT_EXECUTE|[252]
18:27:56.0 (71789457)|VARIABLE_ASSIGNMENT|[252]|this.LastModifiedDate|"2026-02-05T00:49:21.000Z"|0x2016f90e
18:27:56.0 (71792067)|STATEMENT_EXECUTE|[252]
18:27:56.0 (71794670)|VARIABLE_ASSIGNMENT|[252]|this.LastViewedDate|null|0x2016f90e
18:27:56.0 (71797183)|STATEMENT_EXECUTE|[253]
18:27:56.0 (71799924)|VARIABLE_ASSIGNMENT|[253]|this.MainIndustry|null|0x2016f90e
18:27:56.0 (71802160)|STATEMENT_EXECUTE|[254]
18:27:56.0 (71805457)|HEAP_ALLOCATE|[EXTERNAL]|Bytes:4
18:27:56.0 (71809596)|METHOD_ENTRY|[247]||Database.QueryLocatorIterator.hasNext()
18:27:56.0 (71818079)|METHOD_EXIT|[247]||Database.QueryLocatorIterator.hasNext()
18:27:56.0 (71820368)|METHOD_ENTRY|[247]||Database.QueryLocatorIterator.next()
18:27:56.0 (71840365)|METHOD_EXIT|[247]||Database.QueryLocatorIterator.next()
18:27:56.0 (71842675)|VARIABLE_SCOPE_BEGIN|[247]|j|Job__c|true|false
18:27:56.0 (71870710)|VARIABLE_ASSIGNMENT|[247]|j|{"LastModifiedDate":"2026-02-05T00:49:21.000Z","JobPosition__c":"テスト179求人タイトル求人タイトル求人 (28 more) ...","Id":"a0KBK00000Gezj92AB","MinAnnualSalary__c":350,"JobDescription__c":"テスト179仕事内容仕事内容仕事内容仕事 (30 more) ...","JobCategory1__c":"営業系","MaxAnnualSalary__c":460}|0x4f9ecf56
18:27:56.0 (71875857)|STATEMENT_EXECUTE|[247]
18:27:56.0 (71876668)|STATEMENT_EXECUTE|[248]
18:27:56.0 (71878307)|HEAP_ALLOCATE|[248]|Bytes:48
18:27:56.0 (71880860)|CONSTRUCTOR_ENTRY|[248]|01pBK000001SmE1|<init>()|JobSearchController.JobWrapper
18:27:56.0 (71883657)|VARIABLE_SCOPE_BEGIN|[7]|this|JobSearchController.JobWrapper|true|false
18:27:56.0 (71892089)|VARIABLE_ASSIGNMENT|[7]|this|{}|0x4bfaa25a
18:27:56.0 (71898413)|STATEMENT_EXECUTE|[7]
18:27:56.0 (71899238)|STATEMENT_EXECUTE|[8]
18:27:56.0 (71900034)|STATEMENT_EXECUTE|[9]
18:27:56.0 (71900819)|STATEMENT_EXECUTE|[10]
18:27:56.0 (71901613)|STATEMENT_EXECUTE|[11]
18:27:56.0 (71902580)|STATEMENT_EXECUTE|[12]
18:27:56.0 (71903569)|STATEMENT_EXECUTE|[13]
18:27:56.0 (71904363)|STATEMENT_EXECUTE|[14]
18:27:56.0 (71905113)|STATEMENT_EXECUTE|[15]
18:27:56.0 (71905868)|STATEMENT_EXECUTE|[16]
18:27:56.0 (71906609)|STATEMENT_EXECUTE|[17]
18:27:56.0 (71907385)|STATEMENT_EXECUTE|[18]
18:27:56.0 (71908777)|CONSTRUCTOR_EXIT|[248]|01pBK000001SmE1|<init>()|JobSearchController.JobWrapper
18:27:56.0 (71911345)|VARIABLE_SCOPE_BEGIN|[248]|w|JobSearchController.JobWrapper|true|false
18:27:56.0 (71917805)|VARIABLE_ASSIGNMENT|[248]|w|{}|0x4bfaa25a
18:27:56.0 (71920318)|STATEMENT_EXECUTE|[249]
18:27:56.0 (71943326)|VARIABLE_ASSIGNMENT|[249]|this.Id|"a0KBK00000Gezj92AB"|0x4bfaa25a
18:27:56.0 (71945883)|STATEMENT_EXECUTE|[249]
18:27:56.0 (71950665)|VARIABLE_ASSIGNMENT|[249]|this.JobPosition|"テスト179求人タイトル求人タイトル求人 (28 more) ..."|0x4bfaa25a
18:27:56.0 (71953295)|STATEMENT_EXECUTE|[249]
18:27:56.0 (71955943)|VARIABLE_ASSIGNMENT|[249]|this.WorkLocation2|null|0x4bfaa25a
18:27:56.0 (71958283)|STATEMENT_EXECUTE|[250]
18:27:56.0 (71961255)|VARIABLE_ASSIGNMENT|[250]|this.JobCategory1|"営業系"|0x4bfaa25a
18:27:56.0 (71963844)|STATEMENT_EXECUTE|[250]
18:27:56.0 (71968065)|VARIABLE_ASSIGNMENT|[250]|this.MaxAnnualSalary|460|0x4bfaa25a
18:27:56.0 (71970573)|STATEMENT_EXECUTE|[251]
18:27:56.0 (71973835)|VARIABLE_ASSIGNMENT|[251]|this.MinAnnualSalary|350|0x4bfaa25a
18:27:56.0 (71976040)|STATEMENT_EXECUTE|[251]
18:27:56.0 (71979797)|VARIABLE_ASSIGNMENT|[251]|this.JobDescription|"テスト179仕事内容仕事内容仕事内容仕事 (30 more) ..."|0x4bfaa25a
18:27:56.0 (71982751)|STATEMENT_EXECUTE|[252]
18:27:56.0 (71989467)|VARIABLE_ASSIGNMENT|[252]|this.LastModifiedDate|"2026-02-05T00:49:21.000Z"|0x4bfaa25a
18:27:56.0 (71992090)|STATEMENT_EXECUTE|[252]
18:27:56.0 (71994841)|VARIABLE_ASSIGNMENT|[252]|this.LastViewedDate|null|0x4bfaa25a
18:27:56.0 (71997085)|STATEMENT_EXECUTE|[253]
18:27:56.0 (71999760)|VARIABLE_ASSIGNMENT|[253]|this.MainIndustry|null|0x4bfaa25a
18:27:56.0 (72002035)|STATEMENT_EXECUTE|[254]
18:27:56.0 (72005853)|HEAP_ALLOCATE|[EXTERNAL]|Bytes:4
18:27:56.0 (72010338)|METHOD_ENTRY|[247]||Database.QueryLocatorIterator.hasNext()
18:27:56.0 (72017350)|METHOD_EXIT|[247]||Database.QueryLocatorIterator.hasNext()
18:27:56.0 (72021118)|VARIABLE_ASSIGNMENT|[247]|j|null|
18:27:56.0 (72042945)|STATEMENT_EXECUTE|[256]
18:27:56.72 (72101335)|CUMULATIVE_LIMIT_USAGE
18:27:56.72 (72101335)|LIMIT_USAGE_FOR_NS|(default)|
  Number of SOQL queries: 1 out of 100
  Number of query rows: 14 out of 50000
  Number of SOSL queries: 0 out of 20
  Number of DML statements: 0 out of 150
  Number of Publish Immediate DML: 0 out of 150
  Number of DML rows: 0 out of 10000
  Maximum CPU time: 0 out of 10000
  Maximum heap size: 0 out of 6000000
  Number of callouts: 0 out of 100
  Number of Email Invocations: 0 out of 10
  Number of future calls: 0 out of 50
  Number of queueable jobs added to the queue: 0 out of 50
  Number of Mobile Apex push calls: 0 out of 10

18:27:56.72 (72101335)|CUMULATIVE_LIMIT_USAGE_END

18:27:56.0 (72135772)|CODE_UNIT_FINISHED|JobSearchController.getRecommendedJobs(Map<String,ANY>)
18:27:56.0 (72305215)|CODE_UNIT_FINISHED|apex://JobSearchController/ACTION$getRecommendedJobs
18:27:56.0 (72309421)|EXECUTION_FINISHED
