66.0 APEX_CODE,FINEST;APEX_PROFILING,INFO;CALLOUT,INFO;DATA_ACCESS,INFO;DB,INFO;NBA,INFO;SYSTEM,DEBUG;VALIDATION,INFO;VISUALFORCE,INFO;WAVE,INFO;WORKFLOW,INFO
17:38:10.0 (226857)|USER_INFO|[EXTERNAL]|0057F0000042UBb|ishibashi@hurex.co.jp.dev1|(GMT+09:00) 日本標準時 (Asia/Tokyo)|GMT+09:00
17:38:10.0 (268686)|EXECUTION_STARTED
17:38:10.0 (278261)|CODE_UNIT_STARTED|[EXTERNAL]|apex://CustomNotificationController/ACTION$getNotifications
17:38:10.0 (3275383)|CODE_UNIT_STARTED|[EXTERNAL]|01pBK000001VvEL|CustomNotificationController.getNotifications(String)
17:38:10.0 (3574612)|HEAP_ALLOCATE|[95]|Bytes:3
17:38:10.0 (3662124)|HEAP_ALLOCATE|[100]|Bytes:152
17:38:10.0 (3676301)|HEAP_ALLOCATE|[417]|Bytes:408
17:38:10.0 (3687195)|HEAP_ALLOCATE|[430]|Bytes:408
17:38:10.0 (3707287)|HEAP_ALLOCATE|[317]|Bytes:6
17:38:10.0 (3716559)|HEAP_ALLOCATE|[EXTERNAL]|Bytes:7
17:38:10.0 (3727256)|METHOD_ENTRY|[1]|01pBK000001VvEL|CustomNotificationController.CustomNotificationController()
17:38:10.0 (3733408)|STATEMENT_EXECUTE|[1]
17:38:10.0 (3738052)|STATEMENT_EXECUTE|[1]
17:38:10.0 (3757919)|HEAP_ALLOCATE|[68]|Bytes:5
17:38:10.0 (3783055)|HEAP_ALLOCATE|[74]|Bytes:5
17:38:10.0 (3787910)|HEAP_ALLOCATE|[82]|Bytes:7
17:38:10.0 (3945553)|HEAP_ALLOCATE|[EXTERNAL]|Bytes:5
17:38:10.0 (3957824)|METHOD_EXIT|[1]|CustomNotificationController
17:38:10.0 (3967745)|VARIABLE_SCOPE_BEGIN|[5]|before|String|false|false
17:38:10.0 (3996203)|VARIABLE_ASSIGNMENT|[5]|before|null
17:38:10.0 (4005468)|HEAP_ALLOCATE|[6]|Bytes:5
17:38:10.0 (4009294)|STATEMENT_EXECUTE|[5]
17:38:10.0 (4010538)|STATEMENT_EXECUTE|[6]
17:38:10.0 (4037643)|VARIABLE_SCOPE_BEGIN|[6]|req|System.HttpRequest|true|false
17:38:10.0 (4260678)|VARIABLE_ASSIGNMENT|[6]|req|"System.HttpRequest[Endpoint=null, Method=null]"|0x689da94
17:38:10.0 (4265764)|STATEMENT_EXECUTE|[7]
17:38:10.0 (4267978)|HEAP_ALLOCATE|[7]|Bytes:3
17:38:10.0 (4332769)|STATEMENT_EXECUTE|[8]
17:38:10.0 (4333924)|HEAP_ALLOCATE|[8]|Bytes:13
17:38:10.0 (4336332)|HEAP_ALLOCATE|[8]|Bytes:7
17:38:10.0 (4374958)|HEAP_ALLOCATE|[8]|Bytes:105
17:38:10.0 (4381587)|SYSTEM_METHOD_ENTRY|[1]|UserInfo.UserInfo()
17:38:10.0 (4383634)|STATEMENT_EXECUTE|[1]
17:38:10.0 (4389109)|SYSTEM_METHOD_EXIT|[1]|UserInfo
17:38:10.0 (4401155)|METHOD_ENTRY|[8]||System.UserInfo.getSessionId()
17:38:10.0 (17343869)|METHOD_EXIT|[8]||System.UserInfo.getSessionId()
17:38:10.0 (17392077)|HEAP_ALLOCATE|[8]|Bytes:119
17:38:10.0 (17451290)|STATEMENT_EXECUTE|[10]
17:38:10.0 (17508343)|HEAP_ALLOCATE|[10]|Bytes:67
17:38:10.0 (17523400)|SYSTEM_METHOD_ENTRY|[1]|Url.Url()
17:38:10.0 (17525568)|STATEMENT_EXECUTE|[1]
17:38:10.0 (17534286)|SYSTEM_METHOD_EXIT|[1]|Url
17:38:10.0 (17547294)|METHOD_ENTRY|[10]||System.Url.getOrgDomainUrl()
17:38:10.0 (17818016)|METHOD_EXIT|[10]||System.Url.getOrgDomainUrl()
17:38:10.0 (17833793)|METHOD_ENTRY|[10]||System.Url.toExternalForm()
17:38:10.0 (17865098)|METHOD_EXIT|[10]||System.Url.toExternalForm()
17:38:10.0 (17868454)|VARIABLE_SCOPE_BEGIN|[10]|domainPath|String|false|false
17:38:10.0 (17890495)|VARIABLE_ASSIGNMENT|[10]|domainPath|"https://hurex--dev1. (25 more) ..."
17:38:10.0 (17893755)|STATEMENT_EXECUTE|[11]
17:38:10.0 (17897284)|HEAP_ALLOCATE|[11]|Bytes:50
17:38:10.0 (17904304)|HEAP_ALLOCATE|[11]|Bytes:95
17:38:10.0 (17906878)|VARIABLE_SCOPE_BEGIN|[11]|endpoint|String|false|false
17:38:10.0 (17912610)|VARIABLE_ASSIGNMENT|[11]|endpoint|"https://hurex--dev1. (75 more) ..."
17:38:10.0 (17961174)|STATEMENT_EXECUTE|[13]
17:38:10.0 (17962309)|STATEMENT_EXECUTE|[16]
17:38:10.0 (17989184)|STATEMENT_EXECUTE|[18]
17:38:10.0 (18009059)|VARIABLE_SCOPE_BEGIN|[18]|http|System.Http|true|false
17:38:10.0 (18137319)|VARIABLE_ASSIGNMENT|[18]|http|"System.Http[]"|0x3b4027d3
17:38:10.0 (18141321)|STATEMENT_EXECUTE|[19]
17:38:10.0 (18224103)|CALLOUT_REQUEST|[19]|System.HttpRequest[Endpoint=https://hurex--dev1.sandbox.my.salesforce.com/services/data/v56.0/connect/notifications?size=20, Method=GET]
17:38:10.0 (311974566)|HEAP_ALLOCATE|[EXTERNAL]|Bytes:13293
17:38:10.0 (316007780)|CALLOUT_RESPONSE|[19]|System.HttpResponse[Status=OK, StatusCode=200]
17:38:10.0 (316043403)|HEAP_ALLOCATE|[19]|Bytes:12448
17:38:10.0 (316079374)|VARIABLE_SCOPE_BEGIN|[19]|res|System.HttpResponse|true|false
17:38:10.0 (316160946)|VARIABLE_ASSIGNMENT|[19]|res|"System.HttpResponse[Status=OK, StatusCode=200]"|0x6908c6b3
17:38:10.0 (316223788)|STATEMENT_EXECUTE|[21]
17:38:10.0 (316225201)|STATEMENT_EXECUTE|[22]
17:38:10.0 (316744282)|HEAP_ALLOCATE|[22]|Bytes:12204
17:38:10.316 (316784651)|CUMULATIVE_LIMIT_USAGE
17:38:10.316 (316784651)|LIMIT_USAGE_FOR_NS|(default)|
  Number of SOQL queries: 0 out of 100
  Number of query rows: 0 out of 50000
  Number of SOSL queries: 0 out of 20
  Number of DML statements: 0 out of 150
  Number of Publish Immediate DML: 0 out of 150
  Number of DML rows: 0 out of 10000
  Maximum CPU time: 0 out of 10000
  Maximum heap size: 0 out of 6000000
  Number of callouts: 1 out of 100
  Number of Email Invocations: 0 out of 10
  Number of future calls: 0 out of 50
  Number of queueable jobs added to the queue: 0 out of 50
  Number of Mobile Apex push calls: 0 out of 10

17:38:10.316 (316784651)|CUMULATIVE_LIMIT_USAGE_END

17:38:10.0 (316817564)|CODE_UNIT_FINISHED|CustomNotificationController.getNotifications(String)
17:38:10.0 (317006896)|CODE_UNIT_FINISHED|apex://CustomNotificationController/ACTION$getNotifications
17:38:10.0 (317014721)|EXECUTION_FINISHED
