66.0 APEX_CODE,FINEST;APEX_PROFILING,INFO;CALLOUT,INFO;DATA_ACCESS,INFO;DB,INFO;NBA,INFO;SYSTEM,DEBUG;VALIDATION,INFO;VISUALFORCE,INFO;WAVE,INFO;WORKFLOW,INFO
18:27:17.1 (1704911)|USER_INFO|[EXTERNAL]|0057F0000042UBb|ishibashi@hurex.co.jp.dev1|(GMT+09:00) 日本標準時 (Asia/Tokyo)|GMT+09:00
18:27:17.1 (1759434)|EXECUTION_STARTED
18:27:17.1 (1777493)|CODE_UNIT_STARTED|[EXTERNAL]|apex://CustomNotificationController/ACTION$getNotifications
18:27:17.1 (4739067)|CODE_UNIT_STARTED|[EXTERNAL]|01pBK000001VvEL|CustomNotificationController.getNotifications(String)
18:27:17.1 (9100764)|HEAP_ALLOCATE|[95]|Bytes:3
18:27:17.1 (9220643)|HEAP_ALLOCATE|[100]|Bytes:152
18:27:17.1 (9235390)|HEAP_ALLOCATE|[417]|Bytes:408
18:27:17.1 (9245805)|HEAP_ALLOCATE|[430]|Bytes:408
18:27:17.1 (9265283)|HEAP_ALLOCATE|[317]|Bytes:6
18:27:17.1 (9275360)|HEAP_ALLOCATE|[EXTERNAL]|Bytes:7
18:27:17.1 (9297815)|METHOD_ENTRY|[1]|01pBK000001VvEL|CustomNotificationController.CustomNotificationController()
18:27:17.1 (9308280)|STATEMENT_EXECUTE|[1]
18:27:17.1 (9313885)|STATEMENT_EXECUTE|[1]
18:27:17.1 (9332940)|HEAP_ALLOCATE|[68]|Bytes:5
18:27:17.1 (9364659)|HEAP_ALLOCATE|[74]|Bytes:5
18:27:17.1 (9368960)|HEAP_ALLOCATE|[82]|Bytes:7
18:27:17.1 (9614095)|HEAP_ALLOCATE|[EXTERNAL]|Bytes:5
18:27:17.1 (9635543)|METHOD_EXIT|[1]|CustomNotificationController
18:27:17.1 (9653396)|VARIABLE_SCOPE_BEGIN|[5]|before|String|false|false
18:27:17.1 (9715829)|VARIABLE_ASSIGNMENT|[5]|before|null
18:27:17.1 (9730503)|HEAP_ALLOCATE|[6]|Bytes:5
18:27:17.1 (9734215)|STATEMENT_EXECUTE|[5]
18:27:17.1 (9736033)|STATEMENT_EXECUTE|[6]
18:27:17.1 (9763441)|VARIABLE_SCOPE_BEGIN|[6]|req|System.HttpRequest|true|false
18:27:17.1 (9960812)|VARIABLE_ASSIGNMENT|[6]|req|"System.HttpRequest[Endpoint=null, Method=null]"|0x6609f009
18:27:17.1 (9970741)|STATEMENT_EXECUTE|[7]
18:27:17.1 (9975272)|HEAP_ALLOCATE|[7]|Bytes:3
18:27:17.1 (10074424)|STATEMENT_EXECUTE|[8]
18:27:17.1 (10077343)|HEAP_ALLOCATE|[8]|Bytes:13
18:27:17.1 (10079883)|HEAP_ALLOCATE|[8]|Bytes:7
18:27:17.1 (10121632)|HEAP_ALLOCATE|[8]|Bytes:105
18:27:17.1 (10131051)|SYSTEM_METHOD_ENTRY|[1]|UserInfo.UserInfo()
18:27:17.1 (10133728)|STATEMENT_EXECUTE|[1]
18:27:17.1 (10138686)|SYSTEM_METHOD_EXIT|[1]|UserInfo
18:27:17.1 (10156505)|METHOD_ENTRY|[8]||System.UserInfo.getSessionId()
18:27:17.1 (21104007)|METHOD_EXIT|[8]||System.UserInfo.getSessionId()
18:27:17.1 (21145520)|HEAP_ALLOCATE|[8]|Bytes:119
18:27:17.1 (21202967)|STATEMENT_EXECUTE|[10]
18:27:17.1 (21270581)|HEAP_ALLOCATE|[10]|Bytes:67
18:27:17.1 (21285457)|SYSTEM_METHOD_ENTRY|[1]|Url.Url()
18:27:17.1 (21288402)|STATEMENT_EXECUTE|[1]
18:27:17.1 (21296448)|SYSTEM_METHOD_EXIT|[1]|Url
18:27:17.1 (21307399)|METHOD_ENTRY|[10]||System.Url.getOrgDomainUrl()
18:27:17.1 (21600872)|METHOD_EXIT|[10]||System.Url.getOrgDomainUrl()
18:27:17.1 (21615072)|METHOD_ENTRY|[10]||System.Url.toExternalForm()
18:27:17.1 (21666099)|METHOD_EXIT|[10]||System.Url.toExternalForm()
18:27:17.1 (21670082)|VARIABLE_SCOPE_BEGIN|[10]|domainPath|String|false|false
18:27:17.1 (21689915)|VARIABLE_ASSIGNMENT|[10]|domainPath|"https://hurex--dev1. (25 more) ..."
18:27:17.1 (21693981)|STATEMENT_EXECUTE|[11]
18:27:17.1 (21697375)|HEAP_ALLOCATE|[11]|Bytes:50
18:27:17.1 (21704197)|HEAP_ALLOCATE|[11]|Bytes:95
18:27:17.1 (21706502)|VARIABLE_SCOPE_BEGIN|[11]|endpoint|String|false|false
18:27:17.1 (21711587)|VARIABLE_ASSIGNMENT|[11]|endpoint|"https://hurex--dev1. (75 more) ..."
18:27:17.1 (21769126)|STATEMENT_EXECUTE|[13]
18:27:17.1 (21770065)|STATEMENT_EXECUTE|[16]
18:27:17.1 (21800268)|STATEMENT_EXECUTE|[18]
18:27:17.1 (21820016)|VARIABLE_SCOPE_BEGIN|[18]|http|System.Http|true|false
18:27:17.1 (21946241)|VARIABLE_ASSIGNMENT|[18]|http|"System.Http[]"|0x5c06a71c
18:27:17.1 (21954124)|STATEMENT_EXECUTE|[19]
18:27:17.1 (22036753)|CALLOUT_REQUEST|[19]|System.HttpRequest[Endpoint=https://hurex--dev1.sandbox.my.salesforce.com/services/data/v56.0/connect/notifications?size=20, Method=GET]
18:27:17.1 (225481185)|HEAP_ALLOCATE|[EXTERNAL]|Bytes:872
18:27:17.1 (227555972)|CALLOUT_RESPONSE|[19]|System.HttpResponse[Status=OK, StatusCode=200]
18:27:17.1 (227584823)|HEAP_ALLOCATE|[19]|Bytes:26
18:27:17.1 (227617468)|VARIABLE_SCOPE_BEGIN|[19]|res|System.HttpResponse|true|false
18:27:17.1 (227705694)|VARIABLE_ASSIGNMENT|[19]|res|"System.HttpResponse[Status=OK, StatusCode=200]"|0x5929c4da
18:27:17.1 (227771065)|STATEMENT_EXECUTE|[21]
18:27:17.1 (227772428)|STATEMENT_EXECUTE|[22]
18:27:17.1 (227792699)|HEAP_ALLOCATE|[22]|Bytes:20
18:27:17.227 (227831743)|CUMULATIVE_LIMIT_USAGE
18:27:17.227 (227831743)|LIMIT_USAGE_FOR_NS|(default)|
  Number of SOQL queries: 0 out of 100
  Number of query rows: 0 out of 50000
  Number of SOSL queries: 0 out of 20
  Number of DML statements: 0 out of 150
  Number of Publish Immediate DML: 0 out of 150
  Number of DML rows: 0 out of 10000
  Maximum CPU time: 0 out of 10000
  Maximum heap size: 0 out of 6000000
  Number of callouts: 1 out of 100
  Number of Email Invocations: 0 out of 10
  Number of future calls: 0 out of 50
  Number of queueable jobs added to the queue: 0 out of 50
  Number of Mobile Apex push calls: 0 out of 10

18:27:17.227 (227831743)|CUMULATIVE_LIMIT_USAGE_END

18:27:17.1 (227880538)|CODE_UNIT_FINISHED|CustomNotificationController.getNotifications(String)
18:27:17.1 (228032460)|CODE_UNIT_FINISHED|apex://CustomNotificationController/ACTION$getNotifications
18:27:17.1 (228037243)|EXECUTION_FINISHED
