66.0 APEX_CODE,FINEST;APEX_PROFILING,INFO;CALLOUT,INFO;DATA_ACCESS,INFO;DB,INFO;NBA,INFO;SYSTEM,DEBUG;VALIDATION,INFO;VISUALFORCE,INFO;WAVE,INFO;WORKFLOW,INFO
18:18:14.1 (1523528)|USER_INFO|[EXTERNAL]|0057F0000042UBb|ishibashi@hurex.co.jp.dev1|(GMT+09:00) 日本標準時 (Asia/Tokyo)|GMT+09:00
18:18:14.1 (1556591)|EXECUTION_STARTED
18:18:14.1 (1564248)|CODE_UNIT_STARTED|[EXTERNAL]|apex://RegistrationInfoController/ACTION$updateRegistrationInfo
18:18:14.1 (10639435)|HEAP_ALLOCATE|[95]|Bytes:3
18:18:14.1 (10723246)|HEAP_ALLOCATE|[100]|Bytes:152
18:18:14.1 (10736250)|HEAP_ALLOCATE|[417]|Bytes:408
18:18:14.1 (10747565)|HEAP_ALLOCATE|[430]|Bytes:408
18:18:14.1 (10766495)|HEAP_ALLOCATE|[317]|Bytes:6
18:18:14.1 (10775480)|HEAP_ALLOCATE|[EXTERNAL]|Bytes:432
18:18:14.1 (10779279)|HEAP_ALLOCATE|[EXTERNAL]|Bytes:51
18:18:14.1 (10794658)|HEAP_ALLOCATE|[EXTERNAL]|Bytes:76
18:18:14.1 (10801225)|VARIABLE_SCOPE_BEGIN|[7]|this|RegistrationInfoController.RegistrationInfoWrapper|true|false
18:18:14.1 (10913570)|VARIABLE_ASSIGNMENT|[7]|this|{}|0x69753af0
18:18:14.1 (10927468)|HEAP_ALLOCATE|[EXTERNAL]|Bytes:6
18:18:14.1 (15524459)|STATEMENT_EXECUTE|[7]
18:18:14.1 (15530192)|STATEMENT_EXECUTE|[8]
18:18:14.1 (15531628)|STATEMENT_EXECUTE|[9]
18:18:14.1 (15532538)|STATEMENT_EXECUTE|[10]
18:18:14.1 (15533443)|STATEMENT_EXECUTE|[11]
18:18:14.1 (15534435)|STATEMENT_EXECUTE|[12]
18:18:14.1 (15535346)|STATEMENT_EXECUTE|[13]
18:18:14.1 (15536263)|STATEMENT_EXECUTE|[14]
18:18:14.1 (15537042)|STATEMENT_EXECUTE|[15]
18:18:14.1 (15538776)|STATEMENT_EXECUTE|[16]
18:18:14.1 (15539866)|STATEMENT_EXECUTE|[17]
18:18:14.1 (15540763)|STATEMENT_EXECUTE|[18]
18:18:14.1 (15541749)|STATEMENT_EXECUTE|[19]
18:18:14.1 (15542725)|STATEMENT_EXECUTE|[20]
18:18:14.1 (15543574)|STATEMENT_EXECUTE|[21]
18:18:14.1 (15544286)|STATEMENT_EXECUTE|[22]
18:18:14.1 (15545165)|STATEMENT_EXECUTE|[23]
18:18:14.1 (15545980)|STATEMENT_EXECUTE|[24]
18:18:14.1 (15546782)|STATEMENT_EXECUTE|[25]
18:18:14.1 (15629816)|HEAP_ALLOCATE|[EXTERNAL]|Bytes:9
18:18:14.1 (15639681)|HEAP_ALLOCATE|[EXTERNAL]|Bytes:76
18:18:14.1 (15657761)|VARIABLE_ASSIGNMENT|[EXTERNAL]|this.lastName|"テスト 廣川111"|0x69753af0
18:18:14.1 (15668301)|HEAP_ALLOCATE|[EXTERNAL]|Bytes:1
18:18:14.1 (15669931)|HEAP_ALLOCATE|[EXTERNAL]|Bytes:76
18:18:14.1 (15672512)|VARIABLE_ASSIGNMENT|[EXTERNAL]|this.companyCount|"7"|0x69753af0
18:18:14.1 (15677344)|HEAP_ALLOCATE|[EXTERNAL]|Bytes:10
18:18:14.1 (15678895)|HEAP_ALLOCATE|[EXTERNAL]|Bytes:76
18:18:14.1 (15681809)|VARIABLE_ASSIGNMENT|[EXTERNAL]|this.birthdate|"2026-04-24"|0x69753af0
18:18:14.1 (15686436)|HEAP_ALLOCATE|[EXTERNAL]|Bytes:18
18:18:14.1 (15687841)|HEAP_ALLOCATE|[EXTERNAL]|Bytes:76
18:18:14.1 (15691150)|VARIABLE_ASSIGNMENT|[EXTERNAL]|this.address|"市区町村（都道府県以下の住所）213"|0x69753af0
18:18:14.1 (15696044)|HEAP_ALLOCATE|[EXTERNAL]|Bytes:3
18:18:14.1 (15697629)|HEAP_ALLOCATE|[EXTERNAL]|Bytes:76
18:18:14.1 (15700336)|VARIABLE_ASSIGNMENT|[EXTERNAL]|this.education|"高専卒"|0x69753af0
18:18:14.1 (15705161)|HEAP_ALLOCATE|[EXTERNAL]|Bytes:2
18:18:14.1 (15706635)|HEAP_ALLOCATE|[EXTERNAL]|Bytes:76
18:18:14.1 (15709084)|VARIABLE_ASSIGNMENT|[EXTERNAL]|this.gender|"女性"|0x69753af0
18:18:14.1 (15714336)|HEAP_ALLOCATE|[EXTERNAL]|Bytes:3
18:18:14.1 (15715881)|HEAP_ALLOCATE|[EXTERNAL]|Bytes:76
18:18:14.1 (15718631)|VARIABLE_ASSIGNMENT|[EXTERNAL]|this.prefecture|"宮城県"|0x69753af0
18:18:14.1 (15723355)|HEAP_ALLOCATE|[EXTERNAL]|Bytes:8
18:18:14.1 (15724824)|HEAP_ALLOCATE|[EXTERNAL]|Bytes:76
18:18:14.1 (15727648)|VARIABLE_ASSIGNMENT|[EXTERNAL]|this.postalCode|"123-4777"|0x69753af0
18:18:14.1 (15731938)|HEAP_ALLOCATE|[EXTERNAL]|Bytes:3
18:18:14.1 (15733349)|HEAP_ALLOCATE|[EXTERNAL]|Bytes:76
18:18:14.1 (15735875)|VARIABLE_ASSIGNMENT|[EXTERNAL]|this.employmentStatus|"離職中"|0x69753af0
18:18:14.1 (15740616)|HEAP_ALLOCATE|[EXTERNAL]|Bytes:18
18:18:14.1 (15742051)|HEAP_ALLOCATE|[EXTERNAL]|Bytes:76
18:18:14.1 (15745441)|VARIABLE_ASSIGNMENT|[EXTERNAL]|this.recordId|"001BK00000cc2ZEYAY"|0x69753af0
18:18:14.1 (15749811)|HEAP_ALLOCATE|[EXTERNAL]|Bytes:6
18:18:14.1 (15751255)|HEAP_ALLOCATE|[EXTERNAL]|Bytes:76
18:18:14.1 (15753981)|VARIABLE_ASSIGNMENT|[EXTERNAL]|this.firstName|"名11111"|0x69753af0
18:18:14.1 (15758518)|HEAP_ALLOCATE|[EXTERNAL]|Bytes:5
18:18:14.1 (15759912)|HEAP_ALLOCATE|[EXTERNAL]|Bytes:76
18:18:14.1 (15762619)|VARIABLE_ASSIGNMENT|[EXTERNAL]|this.license|"免許・資格"|0x69753af0
18:18:14.1 (15767106)|HEAP_ALLOCATE|[EXTERNAL]|Bytes:9
18:18:14.1 (15768489)|HEAP_ALLOCATE|[EXTERNAL]|Bytes:76
18:18:14.1 (15771356)|VARIABLE_ASSIGNMENT|[EXTERNAL]|this.kanaSei|"ふりがな(姓)11"|0x69753af0
18:18:14.1 (15775990)|HEAP_ALLOCATE|[EXTERNAL]|Bytes:11
18:18:14.1 (15777404)|HEAP_ALLOCATE|[EXTERNAL]|Bytes:76
18:18:14.1 (15780061)|VARIABLE_ASSIGNMENT|[EXTERNAL]|this.kanaMei|"ふりがな(名)1111"|0x69753af0
18:18:14.1 (15784819)|HEAP_ALLOCATE|[EXTERNAL]|Bytes:4
18:18:14.1 (15786275)|HEAP_ALLOCATE|[EXTERNAL]|Bytes:76
18:18:14.1 (15788894)|VARIABLE_ASSIGNMENT|[EXTERNAL]|this.phone|"5515"|0x69753af0
18:18:14.1 (15794062)|HEAP_ALLOCATE|[EXTERNAL]|Bytes:10
18:18:14.1 (15795511)|HEAP_ALLOCATE|[EXTERNAL]|Bytes:76
18:18:14.1 (15798493)|VARIABLE_ASSIGNMENT|[EXTERNAL]|this.school|"学校名/学部名/学科"|0x69753af0
18:18:14.1 (15802992)|HEAP_ALLOCATE|[EXTERNAL]|Bytes:2
18:18:14.1 (15804436)|HEAP_ALLOCATE|[EXTERNAL]|Bytes:76
18:18:14.1 (15806915)|VARIABLE_ASSIGNMENT|[EXTERNAL]|this.managementExperience|"あり"|0x69753af0
18:18:14.1 (15811625)|HEAP_ALLOCATE|[EXTERNAL]|Bytes:14
18:18:14.1 (15813046)|HEAP_ALLOCATE|[EXTERNAL]|Bytes:76
18:18:14.1 (15816103)|VARIABLE_ASSIGNMENT|[EXTERNAL]|this.remarks|"その他11111111111"|0x69753af0
18:18:14.1 (18004802)|CODE_UNIT_STARTED|[EXTERNAL]|01pBK000001mgyr|RegistrationInfoController.updateRegistrationInfo(RegistrationInfoController.RegistrationInfoWrapper)
18:18:14.1 (18133149)|HEAP_ALLOCATE|[EXTERNAL]|Bytes:23
18:18:14.1 (18139164)|HEAP_ALLOCATE|[EXTERNAL]|Bytes:36
18:18:14.1 (18141357)|HEAP_ALLOCATE|[EXTERNAL]|Bytes:7
18:18:14.1 (18152279)|METHOD_ENTRY|[5]|01pBK000001mgyr|RegistrationInfoController.RegistrationInfoController()
18:18:14.1 (18156231)|STATEMENT_EXECUTE|[5]
18:18:14.1 (18161576)|STATEMENT_EXECUTE|[5]
18:18:14.1 (18178171)|HEAP_ALLOCATE|[68]|Bytes:5
18:18:14.1 (18203049)|HEAP_ALLOCATE|[74]|Bytes:5
18:18:14.1 (18208615)|HEAP_ALLOCATE|[82]|Bytes:7
18:18:14.1 (18226258)|HEAP_ALLOCATE|[EXTERNAL]|Bytes:5
18:18:14.1 (18228363)|STATEMENT_EXECUTE|[7]
18:18:14.1 (18234184)|METHOD_EXIT|[5]|RegistrationInfoController
18:18:14.1 (18237565)|HEAP_ALLOCATE|[EXTERNAL]|Bytes:76
18:18:14.1 (18242841)|VARIABLE_SCOPE_BEGIN|[54]|wrapper|RegistrationInfoController.RegistrationInfoWrapper|true|false
18:18:14.1 (18297674)|VARIABLE_ASSIGNMENT|[54]|wrapper|{"address":"市区町村（都道府県以下の住所）213","birthdate":"2026-04-24","companyCount":"7","education":"高専卒","employmentStatus":"離職中","firstName":"名11111","gender":"女性","kanaMei":"ふりがな(名)1111","kanaSei":"ふりがな(姓)11","lastName":"テスト 廣川111","license":"免許・資格","managementExperience":"あり","phone":"5515","postalCode":"123-4777","prefecture":"宮城県","recordId":"001BK00000cc2ZEYAY","remarks":"その他11111111111","school":"学校名/学部名/学科"}|0x69753af0
18:18:14.1 (18312851)|HEAP_ALLOCATE|[55]|Bytes:5
18:18:14.1 (18315318)|STATEMENT_EXECUTE|[54]
18:18:14.1 (18360810)|VARIABLE_ASSIGNMENT|[EXTERNAL]|this|{"address":"市区町村（都道府県以下の住所）213","birthdate":"2026-04-24","companyCount":"7","education":"高専卒","employmentStatus":"離職中","firstName":"名11111","gender":"女性","kanaMei":"ふりがな(名)1111","kanaSei":"ふりがな(姓)11","lastName":"テスト 廣川111","license":"免許・資格","managementExperience":"あり","phone":"5515","postalCode":"123-4777","prefecture":"宮城県","recordId":"001BK00000cc2ZEYAY","remarks":"その他11111111111","school":"学校名/学部名/学科"}|0x69753af0
18:18:14.1 (18399923)|STATEMENT_EXECUTE|[55]
18:18:14.1 (18401323)|STATEMENT_EXECUTE|[59]
18:18:14.1 (18402110)|STATEMENT_EXECUTE|[59]
18:18:14.1 (18403001)|STATEMENT_EXECUTE|[60]
18:18:14.1 (18405009)|HEAP_ALLOCATE|[60]|Bytes:50
18:18:14.1 (18419083)|HEAP_ALLOCATE|[60]|Bytes:4
18:18:14.1 (18425239)|HEAP_ALLOCATE|[60]|Bytes:7
18:18:14.1 (18449157)|VARIABLE_ASSIGNMENT|[EXTERNAL]|this|{"address":"市区町村（都道府県以下の住所）213","birthdate":"2026-04-24","companyCount":"7","education":"高専卒","employmentStatus":"離職中","firstName":"名11111","gender":"女性","kanaMei":"ふりがな(名)1111","kanaSei":"ふりがな(姓)11","lastName":"テスト 廣川111","license":"免許・資格","managementExperience":"あり","phone":"5515","postalCode":"123-4777","prefecture":"宮城県","recordId":"001BK00000cc2ZEYAY","remarks":"その他11111111111","school":"学校名/学部名/学科"}|0x69753af0
18:18:14.1 (24888653)|SOQL_EXECUTE_BEGIN|[60]|Aggregations:0|SELECT Id FROM Account WHERE Id = :tmpVar1 LIMIT 1
18:18:14.1 (48320327)|SOQL_EXECUTE_END|[60]|Rows:1
18:18:14.1 (48359101)|HEAP_ALLOCATE|[60]|Bytes:8
18:18:14.1 (48377157)|HEAP_ALLOCATE|[60]|Bytes:29
18:18:14.1 (48520737)|HEAP_ALLOCATE|[60]|Bytes:8
18:18:14.1 (48540744)|HEAP_ALLOCATE|[60]|Bytes:33
18:18:14.1 (48609062)|HEAP_ALLOCATE|[60]|Bytes:8
18:18:14.1 (48616987)|VARIABLE_SCOPE_BEGIN|[60]|acc|Account|true|false
18:18:14.1 (48677752)|VARIABLE_ASSIGNMENT|[60]|acc|{"Id":"001BK00000cc2ZEYAY"}|0x4a7eea67
18:18:14.1 (48686272)|STATEMENT_EXECUTE|[62]
18:18:14.1 (48798436)|VARIABLE_ASSIGNMENT|[EXTERNAL]|this|{"address":"市区町村（都道府県以下の住所）213","birthdate":"2026-04-24","companyCount":"7","education":"高専卒","employmentStatus":"離職中","firstName":"名11111","gender":"女性","kanaMei":"ふりがな(名)1111","kanaSei":"ふりがな(姓)11","lastName":"テスト 廣川111","license":"免許・資格","managementExperience":"あり","phone":"5515","postalCode":"123-4777","prefecture":"宮城県","recordId":"001BK00000cc2ZEYAY","remarks":"その他11111111111","school":"学校名/学部名/学科"}|0x69753af0
18:18:14.1 (48918836)|HEAP_ALLOCATE|[62]|Bytes:-4
18:18:14.1 (48943191)|VARIABLE_ASSIGNMENT|[62]|this.LastName|"テスト 廣川111"|0x4a7eea67
18:18:14.1 (48949671)|STATEMENT_EXECUTE|[63]
18:18:14.1 (49007144)|VARIABLE_ASSIGNMENT|[EXTERNAL]|this|{"address":"市区町村（都道府県以下の住所）213","birthdate":"2026-04-24","companyCount":"7","education":"高専卒","employmentStatus":"離職中","firstName":"名11111","gender":"女性","kanaMei":"ふりがな(名)1111","kanaSei":"ふりがな(姓)11","lastName":"テスト 廣川111","license":"免許・資格","managementExperience":"あり","phone":"5515","postalCode":"123-4777","prefecture":"宮城県","recordId":"001BK00000cc2ZEYAY","remarks":"その他11111111111","school":"学校名/学部名/学科"}|0x69753af0
18:18:14.1 (49053310)|HEAP_ALLOCATE|[63]|Bytes:-4
18:18:14.1 (49063580)|VARIABLE_ASSIGNMENT|[63]|this.FirstName|"名11111"|0x4a7eea67
18:18:14.1 (49068754)|STATEMENT_EXECUTE|[64]
18:18:14.1 (49115104)|VARIABLE_ASSIGNMENT|[EXTERNAL]|this|{"address":"市区町村（都道府県以下の住所）213","birthdate":"2026-04-24","companyCount":"7","education":"高専卒","employmentStatus":"離職中","firstName":"名11111","gender":"女性","kanaMei":"ふりがな(名)1111","kanaSei":"ふりがな(姓)11","lastName":"テスト 廣川111","license":"免許・資格","managementExperience":"あり","phone":"5515","postalCode":"123-4777","prefecture":"宮城県","recordId":"001BK00000cc2ZEYAY","remarks":"その他11111111111","school":"学校名/学部名/学科"}|0x69753af0
18:18:14.1 (49163399)|HEAP_ALLOCATE|[64]|Bytes:-4
18:18:14.1 (49171690)|VARIABLE_ASSIGNMENT|[64]|this.NameKanaSei__pc|"ふりがな(姓)11"|0x4a7eea67
18:18:14.1 (49176609)|STATEMENT_EXECUTE|[65]
18:18:14.1 (49217860)|VARIABLE_ASSIGNMENT|[EXTERNAL]|this|{"address":"市区町村（都道府県以下の住所）213","birthdate":"2026-04-24","companyCount":"7","education":"高専卒","employmentStatus":"離職中","firstName":"名11111","gender":"女性","kanaMei":"ふりがな(名)1111","kanaSei":"ふりがな(姓)11","lastName":"テスト 廣川111","license":"免許・資格","managementExperience":"あり","phone":"5515","postalCode":"123-4777","prefecture":"宮城県","recordId":"001BK00000cc2ZEYAY","remarks":"その他11111111111","school":"学校名/学部名/学科"}|0x69753af0
18:18:14.1 (49250086)|HEAP_ALLOCATE|[65]|Bytes:-4
18:18:14.1 (49258246)|VARIABLE_ASSIGNMENT|[65]|this.NameKanaMei__pc|"ふりがな(名)1111"|0x4a7eea67
18:18:14.1 (49300791)|VARIABLE_ASSIGNMENT|[EXTERNAL]|this|{"address":"市区町村（都道府県以下の住所）213","birthdate":"2026-04-24","companyCount":"7","education":"高専卒","employmentStatus":"離職中","firstName":"名11111","gender":"女性","kanaMei":"ふりがな(名)1111","kanaSei":"ふりがな(姓)11","lastName":"テスト 廣川111","license":"免許・資格","managementExperience":"あり","phone":"5515","postalCode":"123-4777","prefecture":"宮城県","recordId":"001BK00000cc2ZEYAY","remarks":"その他11111111111","school":"学校名/学部名/学科"}|0x69753af0
18:18:14.1 (49345216)|STATEMENT_EXECUTE|[67]
18:18:14.1 (49346290)|STATEMENT_EXECUTE|[68]
18:18:14.1 (49367864)|VARIABLE_ASSIGNMENT|[EXTERNAL]|this|{"address":"市区町村（都道府県以下の住所）213","birthdate":"2026-04-24","companyCount":"7","education":"高専卒","employmentStatus":"離職中","firstName":"名11111","gender":"女性","kanaMei":"ふりがな(名)1111","kanaSei":"ふりがな(姓)11","lastName":"テスト 廣川111","license":"免許・資格","managementExperience":"あり","phone":"5515","postalCode":"123-4777","prefecture":"宮城県","recordId":"001BK00000cc2ZEYAY","remarks":"その他11111111111","school":"学校名/学部名/学科"}|0x69753af0
18:18:14.1 (49408126)|HEAP_ALLOCATE|[68]|Bytes:4
18:18:14.1 (49445339)|HEAP_ALLOCATE|[68]|Bytes:-4
18:18:14.1 (49464235)|VARIABLE_ASSIGNMENT|[68]|this.PersonBirthdate|"2026-04-24T00:00:00.000Z"|0x4a7eea67
18:18:14.1 (49467955)|STATEMENT_EXECUTE|[70]
18:18:14.1 (49548863)|VARIABLE_ASSIGNMENT|[EXTERNAL]|this|{"address":"市区町村（都道府県以下の住所）213","birthdate":"2026-04-24","companyCount":"7","education":"高専卒","employmentStatus":"離職中","firstName":"名11111","gender":"女性","kanaMei":"ふりがな(名)1111","kanaSei":"ふりがな(姓)11","lastName":"テスト 廣川111","license":"免許・資格","managementExperience":"あり","phone":"5515","postalCode":"123-4777","prefecture":"宮城県","recordId":"001BK00000cc2ZEYAY","remarks":"その他11111111111","school":"学校名/学部名/学科"}|0x69753af0
18:18:14.1 (49576105)|HEAP_ALLOCATE|[70]|Bytes:-4
18:18:14.1 (49582080)|VARIABLE_ASSIGNMENT|[70]|this.Gender__pc|"女性"|0x4a7eea67
18:18:14.1 (49585484)|STATEMENT_EXECUTE|[71]
18:18:14.1 (49610612)|VARIABLE_ASSIGNMENT|[EXTERNAL]|this|{"address":"市区町村（都道府県以下の住所）213","birthdate":"2026-04-24","companyCount":"7","education":"高専卒","employmentStatus":"離職中","firstName":"名11111","gender":"女性","kanaMei":"ふりがな(名)1111","kanaSei":"ふりがな(姓)11","lastName":"テスト 廣川111","license":"免許・資格","managementExperience":"あり","phone":"5515","postalCode":"123-4777","prefecture":"宮城県","recordId":"001BK00000cc2ZEYAY","remarks":"その他11111111111","school":"学校名/学部名/学科"}|0x69753af0
18:18:14.1 (49630268)|HEAP_ALLOCATE|[71]|Bytes:-4
18:18:14.1 (49635491)|VARIABLE_ASSIGNMENT|[71]|this.PostalCode__c|"123-4777"|0x4a7eea67
18:18:14.1 (49638296)|STATEMENT_EXECUTE|[72]
18:18:14.1 (49670886)|VARIABLE_ASSIGNMENT|[EXTERNAL]|this|{"address":"市区町村（都道府県以下の住所）213","birthdate":"2026-04-24","companyCount":"7","education":"高専卒","employmentStatus":"離職中","firstName":"名11111","gender":"女性","kanaMei":"ふりがな(名)1111","kanaSei":"ふりがな(姓)11","lastName":"テスト 廣川111","license":"免許・資格","managementExperience":"あり","phone":"5515","postalCode":"123-4777","prefecture":"宮城県","recordId":"001BK00000cc2ZEYAY","remarks":"その他11111111111","school":"学校名/学部名/学科"}|0x69753af0
18:18:14.1 (49698566)|HEAP_ALLOCATE|[72]|Bytes:-4
18:18:14.1 (49706241)|VARIABLE_ASSIGNMENT|[72]|this.City__c|"宮城県"|0x4a7eea67
18:18:14.1 (49711074)|STATEMENT_EXECUTE|[73]
18:18:14.1 (49737349)|VARIABLE_ASSIGNMENT|[EXTERNAL]|this|{"address":"市区町村（都道府県以下の住所）213","birthdate":"2026-04-24","companyCount":"7","education":"高専卒","employmentStatus":"離職中","firstName":"名11111","gender":"女性","kanaMei":"ふりがな(名)1111","kanaSei":"ふりがな(姓)11","lastName":"テスト 廣川111","license":"免許・資格","managementExperience":"あり","phone":"5515","postalCode":"123-4777","prefecture":"宮城県","recordId":"001BK00000cc2ZEYAY","remarks":"その他11111111111","school":"学校名/学部名/学科"}|0x69753af0
18:18:14.1 (49775741)|HEAP_ALLOCATE|[73]|Bytes:-4
18:18:14.1 (49782329)|VARIABLE_ASSIGNMENT|[73]|this.CityAndAddress__c|"市区町村（都道府県以下の住所）213"|0x4a7eea67
18:18:14.1 (49785667)|STATEMENT_EXECUTE|[74]
18:18:14.1 (49808922)|VARIABLE_ASSIGNMENT|[EXTERNAL]|this|{"address":"市区町村（都道府県以下の住所）213","birthdate":"2026-04-24","companyCount":"7","education":"高専卒","employmentStatus":"離職中","firstName":"名11111","gender":"女性","kanaMei":"ふりがな(名)1111","kanaSei":"ふりがな(姓)11","lastName":"テスト 廣川111","license":"免許・資格","managementExperience":"あり","phone":"5515","postalCode":"123-4777","prefecture":"宮城県","recordId":"001BK00000cc2ZEYAY","remarks":"その他11111111111","school":"学校名/学部名/学科"}|0x69753af0
18:18:14.1 (49840994)|HEAP_ALLOCATE|[74]|Bytes:-4
18:18:14.1 (49846889)|VARIABLE_ASSIGNMENT|[74]|this.PersonMobilePhone|"5515"|0x4a7eea67
18:18:14.1 (49849835)|STATEMENT_EXECUTE|[75]
18:18:14.1 (49872941)|VARIABLE_ASSIGNMENT|[EXTERNAL]|this|{"address":"市区町村（都道府県以下の住所）213","birthdate":"2026-04-24","companyCount":"7","education":"高専卒","employmentStatus":"離職中","firstName":"名11111","gender":"女性","kanaMei":"ふりがな(名)1111","kanaSei":"ふりがな(姓)11","lastName":"テスト 廣川111","license":"免許・資格","managementExperience":"あり","phone":"5515","postalCode":"123-4777","prefecture":"宮城県","recordId":"001BK00000cc2ZEYAY","remarks":"その他11111111111","school":"学校名/学部名/学科"}|0x69753af0
18:18:14.1 (49892240)|HEAP_ALLOCATE|[75]|Bytes:-4
18:18:14.1 (49897682)|VARIABLE_ASSIGNMENT|[75]|this.FinalEducationLevel__pc|"高専卒"|0x4a7eea67
18:18:14.1 (49900968)|STATEMENT_EXECUTE|[76]
18:18:14.1 (49924734)|VARIABLE_ASSIGNMENT|[EXTERNAL]|this|{"address":"市区町村（都道府県以下の住所）213","birthdate":"2026-04-24","companyCount":"7","education":"高専卒","employmentStatus":"離職中","firstName":"名11111","gender":"女性","kanaMei":"ふりがな(名)1111","kanaSei":"ふりがな(姓)11","lastName":"テスト 廣川111","license":"免許・資格","managementExperience":"あり","phone":"5515","postalCode":"123-4777","prefecture":"宮城県","recordId":"001BK00000cc2ZEYAY","remarks":"その他11111111111","school":"学校名/学部名/学科"}|0x69753af0
18:18:14.1 (49944121)|HEAP_ALLOCATE|[76]|Bytes:-4
18:18:14.1 (49950074)|VARIABLE_ASSIGNMENT|[76]|this.SchoolFacultyDepartment__c|"学校名/学部名/学科"|0x4a7eea67
18:18:14.1 (49974244)|VARIABLE_ASSIGNMENT|[EXTERNAL]|this|{"address":"市区町村（都道府県以下の住所）213","birthdate":"2026-04-24","companyCount":"7","education":"高専卒","employmentStatus":"離職中","firstName":"名11111","gender":"女性","kanaMei":"ふりがな(名)1111","kanaSei":"ふりがな(姓)11","lastName":"テスト 廣川111","license":"免許・資格","managementExperience":"あり","phone":"5515","postalCode":"123-4777","prefecture":"宮城県","recordId":"001BK00000cc2ZEYAY","remarks":"その他11111111111","school":"学校名/学部名/学科"}|0x69753af0
18:18:14.1 (49998505)|STATEMENT_EXECUTE|[78]
18:18:14.1 (49999465)|STATEMENT_EXECUTE|[79]
18:18:14.1 (50018835)|VARIABLE_ASSIGNMENT|[EXTERNAL]|this|{"address":"市区町村（都道府県以下の住所）213","birthdate":"2026-04-24","companyCount":"7","education":"高専卒","employmentStatus":"離職中","firstName":"名11111","gender":"女性","kanaMei":"ふりがな(名)1111","kanaSei":"ふりがな(姓)11","lastName":"テスト 廣川111","license":"免許・資格","managementExperience":"あり","phone":"5515","postalCode":"123-4777","prefecture":"宮城県","recordId":"001BK00000cc2ZEYAY","remarks":"その他11111111111","school":"学校名/学部名/学科"}|0x69753af0
18:18:14.1 (50081951)|HEAP_ALLOCATE|[79]|Bytes:28
18:18:14.1 (50085267)|HEAP_ALLOCATE|[79]|Bytes:28
18:18:14.1 (50103465)|HEAP_ALLOCATE|[79]|Bytes:-4
18:18:14.1 (50112493)|VARIABLE_ASSIGNMENT|[79]|this.NumberOfCompaniesWorked__c|7|0x4a7eea67
18:18:14.1 (50116050)|STATEMENT_EXECUTE|[84]
18:18:14.1 (50140603)|VARIABLE_ASSIGNMENT|[EXTERNAL]|this|{"address":"市区町村（都道府県以下の住所）213","birthdate":"2026-04-24","companyCount":"7","education":"高専卒","employmentStatus":"離職中","firstName":"名11111","gender":"女性","kanaMei":"ふりがな(名)1111","kanaSei":"ふりがな(姓)11","lastName":"テスト 廣川111","license":"免許・資格","managementExperience":"あり","phone":"5515","postalCode":"123-4777","prefecture":"宮城県","recordId":"001BK00000cc2ZEYAY","remarks":"その他11111111111","school":"学校名/学部名/学科"}|0x69753af0
18:18:14.1 (50160001)|HEAP_ALLOCATE|[84]|Bytes:-4
18:18:14.1 (50166090)|VARIABLE_ASSIGNMENT|[84]|this.EmploymentStatus__pc|"離職中"|0x4a7eea67
18:18:14.1 (50168990)|STATEMENT_EXECUTE|[85]
18:18:14.1 (50191320)|VARIABLE_ASSIGNMENT|[EXTERNAL]|this|{"address":"市区町村（都道府県以下の住所）213","birthdate":"2026-04-24","companyCount":"7","education":"高専卒","employmentStatus":"離職中","firstName":"名11111","gender":"女性","kanaMei":"ふりがな(名)1111","kanaSei":"ふりがな(姓)11","lastName":"テスト 廣川111","license":"免許・資格","managementExperience":"あり","phone":"5515","postalCode":"123-4777","prefecture":"宮城県","recordId":"001BK00000cc2ZEYAY","remarks":"その他11111111111","school":"学校名/学部名/学科"}|0x69753af0
18:18:14.1 (50210374)|HEAP_ALLOCATE|[85]|Bytes:-4
18:18:14.1 (50216160)|VARIABLE_ASSIGNMENT|[85]|this.LicensesAndCertifications1__c|"免許・資格"|0x4a7eea67
18:18:14.1 (50219280)|STATEMENT_EXECUTE|[86]
18:18:14.1 (50241365)|VARIABLE_ASSIGNMENT|[EXTERNAL]|this|{"address":"市区町村（都道府県以下の住所）213","birthdate":"2026-04-24","companyCount":"7","education":"高専卒","employmentStatus":"離職中","firstName":"名11111","gender":"女性","kanaMei":"ふりがな(名)1111","kanaSei":"ふりがな(姓)11","lastName":"テスト 廣川111","license":"免許・資格","managementExperience":"あり","phone":"5515","postalCode":"123-4777","prefecture":"宮城県","recordId":"001BK00000cc2ZEYAY","remarks":"その他11111111111","school":"学校名/学部名/学科"}|0x69753af0
18:18:14.1 (50257686)|METHOD_ENTRY|[86]|01pBK000001mgyr|RegistrationInfoController.convertManagementStringToBoolean(String)
18:18:14.1 (50263125)|VARIABLE_SCOPE_BEGIN|[147]|mgmtStr|String|false|false
18:18:14.1 (50269548)|VARIABLE_ASSIGNMENT|[147]|mgmtStr|"あり"
18:18:14.1 (50280406)|HEAP_ALLOCATE|[148]|Bytes:5
18:18:14.1 (50283005)|STATEMENT_EXECUTE|[147]
18:18:14.1 (50286648)|HEAP_ALLOCATE|[148]|Bytes:4
18:18:14.1 (50315635)|STATEMENT_EXECUTE|[148]
18:18:14.1 (50317433)|HEAP_ALLOCATE|[149]|Bytes:5
18:18:14.1 (50321715)|STATEMENT_EXECUTE|[149]
18:18:14.1 (50322548)|STATEMENT_EXECUTE|[150]
18:18:14.1 (50328270)|METHOD_EXIT|[86]|01pBK000001mgyr|RegistrationInfoController.convertManagementStringToBoolean(String)
18:18:14.1 (50344402)|HEAP_ALLOCATE|[86]|Bytes:-4
18:18:14.1 (50351270)|VARIABLE_ASSIGNMENT|[86]|this.ManagementExperience__c|null|0x4a7eea67
18:18:14.1 (50354055)|STATEMENT_EXECUTE|[87]
18:18:14.1 (50378365)|VARIABLE_ASSIGNMENT|[EXTERNAL]|this|{"address":"市区町村（都道府県以下の住所）213","birthdate":"2026-04-24","companyCount":"7","education":"高専卒","employmentStatus":"離職中","firstName":"名11111","gender":"女性","kanaMei":"ふりがな(名)1111","kanaSei":"ふりがな(姓)11","lastName":"テスト 廣川111","license":"免許・資格","managementExperience":"あり","phone":"5515","postalCode":"123-4777","prefecture":"宮城県","recordId":"001BK00000cc2ZEYAY","remarks":"その他11111111111","school":"学校名/学部名/学科"}|0x69753af0
18:18:14.1 (50397753)|HEAP_ALLOCATE|[87]|Bytes:-4
18:18:14.1 (50404675)|VARIABLE_ASSIGNMENT|[87]|this.MyPageOtherRequests__c|"その他11111111111"|0x4a7eea67
18:18:14.1 (50407759)|STATEMENT_EXECUTE|[89]
18:18:14.1 (50432222)|HEAP_ALLOCATE|[89]|Bytes:8
18:18:14.1 (50445915)|DML_BEGIN|[89]|Op:Update|Type:Account|Rows:1
18:18:14.1 (50479263)|HEAP_ALLOCATE|[EXTERNAL]|Bytes:8
18:18:14.1 (574324275)|DML_END|[89]
18:18:14.1 (574466842)|EXCEPTION_THROWN|[89]|System.DmlException: Update failed. First exception on row 0 with id 001BK00000cc2ZEYAY; first error: INVALID_TYPE_ON_FIELD_IN_RECORD, ★マネジメント経験あり: 必須種別以外の値: : [ManagementExperience__c]
18:18:14.1 (578337367)|HEAP_ALLOCATE|[89]|Bytes:168
18:18:14.1 (578411459)|VARIABLE_SCOPE_BEGIN|[90]|e|Exception|true|false
18:18:14.1 (578664107)|VARIABLE_ASSIGNMENT|[90]|e|"common.apex.runtime.impl.DmlExecutionException: Update failed. First exception on row 0 with id 001BK00000cc2ZEYAY; first error: INVALID_TYPE_ON_FIELD_IN_RECORD, ★マネジメント経験あり: 必須種別以外の値: : [ManagementExperience__c]"|0x4aba67ab
18:18:14.1 (578682629)|STATEMENT_EXECUTE|[90]
18:18:14.1 (578684522)|STATEMENT_EXECUTE|[91]
18:18:14.1 (578697787)|HEAP_ALLOCATE|[91]|Bytes:7
18:18:14.1 (578764018)|HEAP_ALLOCATE|[91]|Bytes:164
18:18:14.1 (578792926)|HEAP_ALLOCATE|[91]|Bytes:171
18:18:14.1 (578984068)|FATAL_ERROR|System.AuraHandledException: Script-thrown exception

Class.RegistrationInfoController.updateRegistrationInfo: line 91, column 1
18:18:14.1 (578999013)|FATAL_ERROR|System.AuraHandledException: Script-thrown exception

Class.RegistrationInfoController.updateRegistrationInfo: line 91, column 1
18:18:14.579 (579008208)|CUMULATIVE_LIMIT_USAGE
18:18:14.579 (579008208)|LIMIT_USAGE_FOR_NS|(default)|
  Number of SOQL queries: 1 out of 100
  Number of query rows: 1 out of 50000
  Number of SOSL queries: 0 out of 20
  Number of DML statements: 1 out of 150
  Number of Publish Immediate DML: 0 out of 150
  Number of DML rows: 1 out of 10000
  Maximum CPU time: 0 out of 10000
  Maximum heap size: 0 out of 6000000
  Number of callouts: 0 out of 100
  Number of Email Invocations: 0 out of 10
  Number of future calls: 0 out of 50
  Number of queueable jobs added to the queue: 0 out of 50
  Number of Mobile Apex push calls: 0 out of 10

18:18:14.579 (579008208)|CUMULATIVE_LIMIT_USAGE_END

18:18:14.1 (579046078)|CODE_UNIT_FINISHED|RegistrationInfoController.updateRegistrationInfo(RegistrationInfoController.RegistrationInfoWrapper)
18:18:14.1 (579375351)|CODE_UNIT_FINISHED|apex://RegistrationInfoController/ACTION$updateRegistrationInfo
18:18:14.1 (579386224)|EXECUTION_FINISHED
