66.0 APEX_CODE,FINEST;APEX_PROFILING,INFO;CALLOUT,INFO;DATA_ACCESS,INFO;DB,INFO;NBA,INFO;SYSTEM,DEBUG;VALIDATION,INFO;VISUALFORCE,INFO;WAVE,INFO;WORKFLOW,INFO
15:45:06.0 (188440)|USER_INFO|[EXTERNAL]|0057F0000042UBb|ishibashi@hurex.co.jp.dev1|(GMT+09:00) 日本標準時 (Asia/Tokyo)|GMT+09:00
15:45:06.0 (220298)|EXECUTION_STARTED
15:45:06.0 (229409)|CODE_UNIT_STARTED|[EXTERNAL]|apex://PicklistController/ACTION$getPicklistOptions
15:45:06.0 (3334108)|CODE_UNIT_STARTED|[EXTERNAL]|01pBK000001iHe5|PicklistController.getPicklistOptions(String, String)
15:45:06.0 (3575351)|HEAP_ALLOCATE|[95]|Bytes:3
15:45:06.0 (3650189)|HEAP_ALLOCATE|[100]|Bytes:152
15:45:06.0 (3663723)|HEAP_ALLOCATE|[417]|Bytes:408
15:45:06.0 (3673970)|HEAP_ALLOCATE|[430]|Bytes:408
15:45:06.0 (3692445)|HEAP_ALLOCATE|[317]|Bytes:6
15:45:06.0 (3704720)|HEAP_ALLOCATE|[EXTERNAL]|Bytes:1
15:45:06.0 (3713729)|METHOD_ENTRY|[1]|01pBK000001iHe5|PicklistController.PicklistController()
15:45:06.0 (3719013)|STATEMENT_EXECUTE|[1]
15:45:06.0 (3722279)|STATEMENT_EXECUTE|[1]
15:45:06.0 (3740595)|HEAP_ALLOCATE|[68]|Bytes:5
15:45:06.0 (3764005)|HEAP_ALLOCATE|[74]|Bytes:5
15:45:06.0 (3768370)|HEAP_ALLOCATE|[82]|Bytes:7
15:45:06.0 (3782564)|HEAP_ALLOCATE|[EXTERNAL]|Bytes:5
15:45:06.0 (3791318)|METHOD_EXIT|[1]|PicklistController
15:45:06.0 (3796014)|HEAP_ALLOCATE|[EXTERNAL]|Bytes:7
15:45:06.0 (3797668)|HEAP_ALLOCATE|[EXTERNAL]|Bytes:30
15:45:06.0 (3804737)|VARIABLE_SCOPE_BEGIN|[3]|objectName|String|false|false
15:45:06.0 (3838379)|VARIABLE_ASSIGNMENT|[3]|objectName|"Account"
15:45:06.0 (3842574)|VARIABLE_SCOPE_BEGIN|[3]|fieldName|String|false|false
15:45:06.0 (3848836)|VARIABLE_ASSIGNMENT|[3]|fieldName|"CandidateSelectedOcc (10 more) ..."
15:45:06.0 (3857103)|HEAP_ALLOCATE|[4]|Bytes:5
15:45:06.0 (3860158)|STATEMENT_EXECUTE|[3]
15:45:06.0 (3861035)|STATEMENT_EXECUTE|[4]
15:45:06.0 (3877329)|HEAP_ALLOCATE|[4]|Bytes:4
15:45:06.0 (3910000)|VARIABLE_SCOPE_BEGIN|[4]|options|List<Map<String,String>>|true|false
15:45:06.0 (3947963)|HEAP_ALLOCATE|[EXTERNAL]|Bytes:4
15:45:06.0 (3958209)|VARIABLE_ASSIGNMENT|[4]|options|[]|0x1fe418d9
15:45:06.0 (3962409)|STATEMENT_EXECUTE|[5]
15:45:07.97 (1097437149)|HEAP_ALLOCATE|[5]|Bytes:5300
15:45:07.97 (1097493275)|VARIABLE_SCOPE_BEGIN|[5]|globalDescribe|Map<String,Schema.SObjectType>|true|false
15:45:07.97 (1098424815)|VARIABLE_ASSIGNMENT|[5]|globalDescribe|"{acceptedeventrelation=AcceptedEventRelation, account=Account, accountbrand=AccountBrand, accountbrandshare=AccountBrandShare, accountchangeevent=AccountChangeEvent, accountcontactrole=AccountContactRole, accountcontactrolechangeevent=AccountContactRoleChangeEvent, accountfeed=AccountFeed, accounthistory=AccountHistory, accountpartner=AccountPartner, ...}"|0x14cfa719
15:45:07.97 (1098438786)|STATEMENT_EXECUTE|[6]
15:45:07.97 (1098520089)|VARIABLE_SCOPE_BEGIN|[6]|objType|Schema.SObjectType|true|false
15:45:07.97 (1098594769)|VARIABLE_ASSIGNMENT|[6]|objType|"common.apex.runtime.impl.ApexSObjectTypeToken@25adce22"|0x25adce22
15:45:07.97 (1098599341)|STATEMENT_EXECUTE|[7]
15:45:07.97 (1098600861)|STATEMENT_EXECUTE|[10]
15:45:07.97 (1131680148)|HEAP_ALLOCATE|[10]|Bytes:4
15:45:07.97 (1139829317)|HEAP_ALLOCATE|[10]|Bytes:1560
15:45:07.97 (1139865812)|VARIABLE_SCOPE_BEGIN|[10]|fieldMap|Map<String,Schema.SObjectField>|true|false
15:45:07.97 (1140208292)|VARIABLE_ASSIGNMENT|[10]|fieldMap|"{accountnumber=AccountNumber, accountsource=AccountSource, addressfurigana__c=AddressFurigana__c, addressmemo__c=AddressMemo__c, age__pc=Age__pc, agentusagestatus__pc=AgentUsageStatus__pc, annualhiringtarget__c=AnnualHiringTarget__c, annualrevenue=AnnualRevenue, annualrevenue__c=AnnualRevenue__c, aobampmemo__c=AobaMpMemo__c, ...}"|0x3362301a
15:45:07.97 (1140218964)|STATEMENT_EXECUTE|[11]
15:45:07.97 (1140340623)|VARIABLE_SCOPE_BEGIN|[11]|field|Schema.SObjectField|true|false
15:45:07.97 (1140395952)|VARIABLE_ASSIGNMENT|[11]|field|"common.apex.runtime.impl.ApexFieldToken@764fa646"|0x764fa646
15:45:07.97 (1140401159)|STATEMENT_EXECUTE|[12]
15:45:07.97 (1140402317)|STATEMENT_EXECUTE|[16]
15:45:07.97 (1140436767)|SYSTEM_MODE_ENTER|true
15:45:07.97 (1305505875)|HEAP_ALLOCATE|[EXTERNAL]|Bytes:4
15:45:07.97 (1307899256)|HEAP_ALLOCATE|[16]|Bytes:8
15:45:07.97 (1307953901)|VARIABLE_SCOPE_BEGIN|[16]|fieldDescribe|Schema.DescribeFieldResult|true|false
15:45:07.97 (1325801707)|VARIABLE_ASSIGNMENT|[16]|fieldDescribe|"common.api.soap.wsdl.Field@9d5ba576"|0x401183e7
15:45:07.97 (1326723982)|HEAP_ALLOCATE|[17]|Bytes:16
15:45:07.97 (1326923630)|HEAP_ALLOCATE|[18]|Bytes:16
15:45:07.97 (1326970534)|STATEMENT_EXECUTE|[17]
15:45:07.97 (1326974239)|STATEMENT_EXECUTE|[22]
15:45:07.97 (1327009327)|HEAP_ALLOCATE|[EXTERNAL]|Bytes:44
15:45:07.97 (1327093264)|HEAP_ALLOCATE|[22]|Bytes:44
15:45:07.97 (1327103479)|VARIABLE_SCOPE_BEGIN|[22]|picklistEntries|List<Schema.PicklistEntry>|true|false
15:45:07.97 (1327131702)|VARIABLE_ASSIGNMENT|[22]|picklistEntries|"List of size 10 too large to display"|0x386e3cbd
15:45:07.97 (1327353879)|HEAP_ALLOCATE|[24]|Bytes:5
15:45:07.97 (1327379013)|HEAP_ALLOCATE|[24]|Bytes:4
15:45:07.97 (1327388027)|VARIABLE_SCOPE_BEGIN|[24]|entry|Schema.PicklistEntry|true|false
15:45:07.97 (1327408895)|VARIABLE_ASSIGNMENT|[24]|entry|営業系|0x3bfe34a3
15:45:07.97 (1327417740)|STATEMENT_EXECUTE|[24]
15:45:07.97 (1327431366)|STATEMENT_EXECUTE|[25]
15:45:07.97 (1327432750)|STATEMENT_EXECUTE|[26]
15:45:07.97 (1327448753)|HEAP_ALLOCATE|[26]|Bytes:4
15:45:07.97 (1327463105)|HEAP_ALLOCATE|[27]|Bytes:5
15:45:07.97 (1327471902)|HEAP_ALLOCATE|[27]|Bytes:3
15:45:07.97 (1327515198)|HEAP_ALLOCATE|[28]|Bytes:5
15:45:07.97 (1327522509)|HEAP_ALLOCATE|[28]|Bytes:3
15:45:07.97 (1327543993)|HEAP_ALLOCATE|[EXTERNAL]|Bytes:4
15:45:07.97 (1327555814)|HEAP_ALLOCATE|[24]|Bytes:5
15:45:07.97 (1327564793)|HEAP_ALLOCATE|[24]|Bytes:4
15:45:07.97 (1327569403)|VARIABLE_SCOPE_BEGIN|[24]|entry|Schema.PicklistEntry|true|false
15:45:07.97 (1327579080)|VARIABLE_ASSIGNMENT|[24]|entry|管理部門／事務系|0x33e1cfa3
15:45:07.97 (1327584412)|STATEMENT_EXECUTE|[24]
15:45:07.97 (1327588290)|STATEMENT_EXECUTE|[25]
15:45:07.97 (1327589606)|STATEMENT_EXECUTE|[26]
15:45:07.97 (1327595293)|HEAP_ALLOCATE|[26]|Bytes:4
15:45:07.97 (1327600993)|HEAP_ALLOCATE|[27]|Bytes:8
15:45:07.97 (1327609474)|HEAP_ALLOCATE|[28]|Bytes:8
15:45:07.97 (1327618199)|HEAP_ALLOCATE|[EXTERNAL]|Bytes:4
15:45:07.97 (1327625568)|HEAP_ALLOCATE|[24]|Bytes:5
15:45:07.97 (1327631740)|HEAP_ALLOCATE|[24]|Bytes:4
15:45:07.97 (1327635565)|VARIABLE_SCOPE_BEGIN|[24]|entry|Schema.PicklistEntry|true|false
15:45:07.97 (1327642373)|VARIABLE_ASSIGNMENT|[24]|entry|経営幹部／企画／マーケティング系|0x5697af5a
15:45:07.97 (1327647293)|STATEMENT_EXECUTE|[24]
15:45:07.97 (1327649889)|STATEMENT_EXECUTE|[25]
15:45:07.97 (1327651138)|STATEMENT_EXECUTE|[26]
15:45:07.97 (1327654429)|HEAP_ALLOCATE|[26]|Bytes:4
15:45:07.97 (1327658788)|HEAP_ALLOCATE|[27]|Bytes:16
15:45:07.97 (1327666853)|HEAP_ALLOCATE|[28]|Bytes:16
15:45:07.97 (1327674876)|HEAP_ALLOCATE|[EXTERNAL]|Bytes:4
15:45:07.97 (1327681766)|HEAP_ALLOCATE|[24]|Bytes:5
15:45:07.97 (1327687493)|HEAP_ALLOCATE|[24]|Bytes:4
15:45:07.97 (1327690817)|VARIABLE_SCOPE_BEGIN|[24]|entry|Schema.PicklistEntry|true|false
15:45:07.97 (1327697266)|VARIABLE_ASSIGNMENT|[24]|entry|技術系（電気／電子／機械）|0x4716a808
15:45:07.97 (1327701678)|STATEMENT_EXECUTE|[24]
15:45:07.97 (1327704048)|STATEMENT_EXECUTE|[25]
15:45:07.97 (1327705315)|STATEMENT_EXECUTE|[26]
15:45:07.97 (1327708613)|HEAP_ALLOCATE|[26]|Bytes:4
15:45:07.97 (1327712742)|HEAP_ALLOCATE|[27]|Bytes:13
15:45:07.97 (1327719573)|HEAP_ALLOCATE|[28]|Bytes:13
15:45:07.97 (1327727185)|HEAP_ALLOCATE|[EXTERNAL]|Bytes:4
15:45:07.97 (1327734344)|HEAP_ALLOCATE|[24]|Bytes:5
15:45:07.97 (1327740665)|HEAP_ALLOCATE|[24]|Bytes:4
15:45:07.97 (1327743923)|VARIABLE_SCOPE_BEGIN|[24]|entry|Schema.PicklistEntry|true|false
15:45:07.97 (1327750460)|VARIABLE_ASSIGNMENT|[24]|entry|技術系（建築／土木）|0xd87d765
15:45:07.97 (1327755075)|STATEMENT_EXECUTE|[24]
15:45:07.97 (1327757443)|STATEMENT_EXECUTE|[25]
15:45:07.97 (1327758560)|STATEMENT_EXECUTE|[26]
15:45:07.97 (1327761619)|HEAP_ALLOCATE|[26]|Bytes:4
15:45:07.97 (1327765771)|HEAP_ALLOCATE|[27]|Bytes:10
15:45:07.97 (1327774848)|HEAP_ALLOCATE|[28]|Bytes:10
15:45:07.97 (1327784427)|HEAP_ALLOCATE|[EXTERNAL]|Bytes:4
15:45:07.97 (1327792435)|HEAP_ALLOCATE|[24]|Bytes:5
15:45:07.97 (1327799209)|HEAP_ALLOCATE|[24]|Bytes:4
15:45:07.97 (1327802653)|VARIABLE_SCOPE_BEGIN|[24]|entry|Schema.PicklistEntry|true|false
15:45:07.97 (1327809828)|VARIABLE_ASSIGNMENT|[24]|entry|技術系（メディカル／化学／食品）|0x30268da1
15:45:07.97 (1327814960)|STATEMENT_EXECUTE|[24]
15:45:07.97 (1327817777)|STATEMENT_EXECUTE|[25]
15:45:07.97 (1327819061)|STATEMENT_EXECUTE|[26]
15:45:07.97 (1327822617)|HEAP_ALLOCATE|[26]|Bytes:4
15:45:07.97 (1327826899)|HEAP_ALLOCATE|[27]|Bytes:16
15:45:07.97 (1327834013)|HEAP_ALLOCATE|[28]|Bytes:16
15:45:07.97 (1327842169)|HEAP_ALLOCATE|[EXTERNAL]|Bytes:4
15:45:07.97 (1327849262)|HEAP_ALLOCATE|[24]|Bytes:5
15:45:07.97 (1327855429)|HEAP_ALLOCATE|[24]|Bytes:4
15:45:07.97 (1327859011)|VARIABLE_SCOPE_BEGIN|[24]|entry|Schema.PicklistEntry|true|false
15:45:07.97 (1327866197)|VARIABLE_ASSIGNMENT|[24]|entry|専門職系（コンサルタント／金融／不動産）|0x5ba00980
15:45:07.97 (1327871098)|STATEMENT_EXECUTE|[24]
15:45:07.97 (1327873995)|STATEMENT_EXECUTE|[25]
15:45:07.97 (1327875282)|STATEMENT_EXECUTE|[26]
15:45:07.97 (1327878988)|HEAP_ALLOCATE|[26]|Bytes:4
15:45:07.97 (1327883668)|HEAP_ALLOCATE|[27]|Bytes:20
15:45:07.97 (1327892028)|HEAP_ALLOCATE|[28]|Bytes:20
15:45:07.97 (1327899418)|HEAP_ALLOCATE|[EXTERNAL]|Bytes:4
15:45:07.97 (1327906510)|HEAP_ALLOCATE|[24]|Bytes:5
15:45:07.97 (1327912808)|HEAP_ALLOCATE|[24]|Bytes:4
15:45:07.97 (1327916672)|VARIABLE_SCOPE_BEGIN|[24]|entry|Schema.PicklistEntry|true|false
15:45:07.97 (1327923759)|VARIABLE_ASSIGNMENT|[24]|entry|IT系（ソフトウェア／ネットワーク）|0x2904ac14
15:45:07.97 (1327928645)|STATEMENT_EXECUTE|[24]
15:45:07.97 (1327931483)|STATEMENT_EXECUTE|[25]
15:45:07.97 (1327932750)|STATEMENT_EXECUTE|[26]
15:45:07.97 (1327936012)|HEAP_ALLOCATE|[26]|Bytes:4
15:45:07.97 (1327940288)|HEAP_ALLOCATE|[27]|Bytes:18
15:45:07.97 (1327947878)|HEAP_ALLOCATE|[28]|Bytes:18
15:45:07.97 (1327955833)|HEAP_ALLOCATE|[EXTERNAL]|Bytes:4
15:45:07.97 (1327962403)|HEAP_ALLOCATE|[24]|Bytes:5
15:45:07.97 (1327968373)|HEAP_ALLOCATE|[24]|Bytes:4
15:45:07.97 (1327972245)|VARIABLE_SCOPE_BEGIN|[24]|entry|Schema.PicklistEntry|true|false
15:45:07.97 (1327978143)|VARIABLE_ASSIGNMENT|[24]|entry|Web／クリエイティブ系|0x1a8b6aae
15:45:07.97 (1327982143)|STATEMENT_EXECUTE|[24]
15:45:07.97 (1327984448)|STATEMENT_EXECUTE|[25]
15:45:07.97 (1327985534)|STATEMENT_EXECUTE|[26]
15:45:07.97 (1327988703)|HEAP_ALLOCATE|[26]|Bytes:4
15:45:07.97 (1327992896)|HEAP_ALLOCATE|[27]|Bytes:12
15:45:07.97 (1328000440)|HEAP_ALLOCATE|[28]|Bytes:12
15:45:07.97 (1328009903)|HEAP_ALLOCATE|[EXTERNAL]|Bytes:4
15:45:07.97 (1328016900)|HEAP_ALLOCATE|[24]|Bytes:5
15:45:07.97 (1328022700)|HEAP_ALLOCATE|[24]|Bytes:4
15:45:07.97 (1328026075)|VARIABLE_SCOPE_BEGIN|[24]|entry|Schema.PicklistEntry|true|false
15:45:07.97 (1328032858)|VARIABLE_ASSIGNMENT|[24]|entry|サービス系（人材／小売／フードetc）|0x1e44b7db
15:45:07.97 (1328037645)|STATEMENT_EXECUTE|[24]
15:45:07.97 (1328040173)|STATEMENT_EXECUTE|[25]
15:45:07.97 (1328041417)|STATEMENT_EXECUTE|[26]
15:45:07.97 (1328044618)|HEAP_ALLOCATE|[26]|Bytes:4
15:45:07.97 (1328048757)|HEAP_ALLOCATE|[27]|Bytes:19
15:45:07.97 (1328056184)|HEAP_ALLOCATE|[28]|Bytes:19
15:45:07.97 (1328063688)|HEAP_ALLOCATE|[EXTERNAL]|Bytes:4
15:45:07.97 (1328070035)|HEAP_ALLOCATE|[24]|Bytes:5
15:45:07.97 (1328078401)|VARIABLE_ASSIGNMENT|[24]|entry|null|
15:45:07.97 (1328083225)|STATEMENT_EXECUTE|[32]
15:45:07.328 (1328139358)|CUMULATIVE_LIMIT_USAGE
15:45:07.328 (1328139358)|LIMIT_USAGE_FOR_NS|(default)|
  Number of SOQL queries: 0 out of 100
  Number of query rows: 0 out of 50000
  Number of SOSL queries: 0 out of 20
  Number of DML statements: 0 out of 0
  Number of Publish Immediate DML: 0 out of 150
  Number of DML rows: 0 out of 10000
  Maximum CPU time: 0 out of 10000
  Maximum heap size: 0 out of 6000000
  Number of callouts: 0 out of 100
  Number of Email Invocations: 0 out of 10
  Number of future calls: 0 out of 50
  Number of queueable jobs added to the queue: 0 out of 50
  Number of Mobile Apex push calls: 0 out of 10

15:45:07.328 (1328139358)|CUMULATIVE_LIMIT_USAGE_END

15:45:07.97 (1328173134)|CODE_UNIT_FINISHED|PicklistController.getPicklistOptions(String, String)
15:45:07.97 (1328392923)|CODE_UNIT_FINISHED|apex://PicklistController/ACTION$getPicklistOptions
15:45:07.97 (1328398574)|EXECUTION_FINISHED
