66.0 APEX_CODE,FINEST;APEX_PROFILING,INFO;CALLOUT,INFO;DATA_ACCESS,INFO;DB,INFO;NBA,INFO;SYSTEM,DEBUG;VALIDATION,INFO;VISUALFORCE,INFO;WAVE,INFO;WORKFLOW,INFO
18:38:54.0 (213022)|USER_INFO|[EXTERNAL]|0057F0000042UBb|ishibashi@hurex.co.jp.dev1|(GMT+09:00) 日本標準時 (Asia/Tokyo)|GMT+09:00
18:38:54.0 (240388)|EXECUTION_STARTED
18:38:54.0 (247232)|CODE_UNIT_STARTED|[EXTERNAL]|apex://CustomNotificationController/ACTION$getNotifications
18:38:54.0 (3636754)|CODE_UNIT_STARTED|[EXTERNAL]|01pBK000001VvEL|CustomNotificationController.getNotifications(String)
18:38:54.0 (3824003)|HEAP_ALLOCATE|[95]|Bytes:3
18:38:54.0 (3888240)|HEAP_ALLOCATE|[100]|Bytes:152
18:38:54.0 (3902569)|HEAP_ALLOCATE|[417]|Bytes:408
18:38:54.0 (3913490)|HEAP_ALLOCATE|[430]|Bytes:408
18:38:54.0 (3934820)|HEAP_ALLOCATE|[317]|Bytes:6
18:38:54.0 (3974219)|HEAP_ALLOCATE|[EXTERNAL]|Bytes:7
18:38:54.0 (3986012)|METHOD_ENTRY|[1]|01pBK000001VvEL|CustomNotificationController.CustomNotificationController()
18:38:54.0 (3989968)|STATEMENT_EXECUTE|[1]
18:38:54.0 (3993989)|STATEMENT_EXECUTE|[1]
18:38:54.0 (4010363)|HEAP_ALLOCATE|[68]|Bytes:5
18:38:54.0 (4030004)|HEAP_ALLOCATE|[74]|Bytes:5
18:38:54.0 (4034538)|HEAP_ALLOCATE|[82]|Bytes:7
18:38:54.0 (4217352)|HEAP_ALLOCATE|[EXTERNAL]|Bytes:5
18:38:54.0 (4227715)|METHOD_EXIT|[1]|CustomNotificationController
18:38:54.0 (4237088)|VARIABLE_SCOPE_BEGIN|[5]|before|String|false|false
18:38:54.0 (4262313)|VARIABLE_ASSIGNMENT|[5]|before|null
18:38:54.0 (4270837)|HEAP_ALLOCATE|[6]|Bytes:5
18:38:54.0 (4273478)|STATEMENT_EXECUTE|[5]
18:38:54.0 (4274409)|STATEMENT_EXECUTE|[6]
18:38:54.0 (4297330)|VARIABLE_SCOPE_BEGIN|[6]|req|System.HttpRequest|true|false
18:38:54.0 (4489425)|VARIABLE_ASSIGNMENT|[6]|req|"System.HttpRequest[Endpoint=null, Method=null]"|0x5d11cb13
18:38:54.0 (4494361)|STATEMENT_EXECUTE|[7]
18:38:54.0 (4497080)|HEAP_ALLOCATE|[7]|Bytes:3
18:38:54.0 (4555024)|STATEMENT_EXECUTE|[8]
18:38:54.0 (4556656)|HEAP_ALLOCATE|[8]|Bytes:13
18:38:54.0 (4559154)|HEAP_ALLOCATE|[8]|Bytes:7
18:38:54.0 (4596054)|HEAP_ALLOCATE|[8]|Bytes:105
18:38:54.0 (4603554)|SYSTEM_METHOD_ENTRY|[1]|UserInfo.UserInfo()
18:38:54.0 (4605617)|STATEMENT_EXECUTE|[1]
18:38:54.0 (4610627)|SYSTEM_METHOD_EXIT|[1]|UserInfo
18:38:54.0 (4630692)|METHOD_ENTRY|[8]||System.UserInfo.getSessionId()
18:38:54.0 (10091170)|METHOD_EXIT|[8]||System.UserInfo.getSessionId()
18:38:54.0 (10134253)|HEAP_ALLOCATE|[8]|Bytes:119
18:38:54.0 (10194235)|STATEMENT_EXECUTE|[10]
18:38:54.0 (10248099)|HEAP_ALLOCATE|[10]|Bytes:67
18:38:54.0 (10263184)|SYSTEM_METHOD_ENTRY|[1]|Url.Url()
18:38:54.0 (10266105)|STATEMENT_EXECUTE|[1]
18:38:54.0 (10274866)|SYSTEM_METHOD_EXIT|[1]|Url
18:38:54.0 (10285859)|METHOD_ENTRY|[10]||System.Url.getOrgDomainUrl()
18:38:54.0 (10528291)|METHOD_EXIT|[10]||System.Url.getOrgDomainUrl()
18:38:54.0 (10546777)|METHOD_ENTRY|[10]||System.Url.toExternalForm()
18:38:54.0 (10587448)|METHOD_EXIT|[10]||System.Url.toExternalForm()
18:38:54.0 (10592174)|VARIABLE_SCOPE_BEGIN|[10]|domainPath|String|false|false
18:38:54.0 (10610194)|VARIABLE_ASSIGNMENT|[10]|domainPath|"https://hurex--dev1. (25 more) ..."
18:38:54.0 (10614396)|STATEMENT_EXECUTE|[11]
18:38:54.0 (10617298)|HEAP_ALLOCATE|[11]|Bytes:50
18:38:54.0 (10625248)|HEAP_ALLOCATE|[11]|Bytes:95
18:38:54.0 (10629634)|VARIABLE_SCOPE_BEGIN|[11]|endpoint|String|false|false
18:38:54.0 (10637591)|VARIABLE_ASSIGNMENT|[11]|endpoint|"https://hurex--dev1. (75 more) ..."
18:38:54.0 (10688589)|STATEMENT_EXECUTE|[13]
18:38:54.0 (10690319)|STATEMENT_EXECUTE|[16]
18:38:54.0 (10721899)|STATEMENT_EXECUTE|[18]
18:38:54.0 (10744385)|VARIABLE_SCOPE_BEGIN|[18]|http|System.Http|true|false
18:38:54.0 (10874565)|VARIABLE_ASSIGNMENT|[18]|http|"System.Http[]"|0xaf78136
18:38:54.0 (10880417)|STATEMENT_EXECUTE|[19]
18:38:54.0 (10998864)|CALLOUT_REQUEST|[19]|System.HttpRequest[Endpoint=https://hurex--dev1.sandbox.my.salesforce.com/services/data/v56.0/connect/notifications?size=20, Method=GET]
18:38:54.0 (216951716)|HEAP_ALLOCATE|[EXTERNAL]|Bytes:872
18:38:54.0 (220214685)|CALLOUT_RESPONSE|[19]|System.HttpResponse[Status=OK, StatusCode=200]
18:38:54.0 (220246306)|HEAP_ALLOCATE|[19]|Bytes:26
18:38:54.0 (220286416)|VARIABLE_SCOPE_BEGIN|[19]|res|System.HttpResponse|true|false
18:38:54.0 (220391904)|VARIABLE_ASSIGNMENT|[19]|res|"System.HttpResponse[Status=OK, StatusCode=200]"|0x333c1839
18:38:54.0 (220470054)|STATEMENT_EXECUTE|[21]
18:38:54.0 (220471781)|STATEMENT_EXECUTE|[22]
18:38:54.0 (220494131)|HEAP_ALLOCATE|[22]|Bytes:20
18:38:54.220 (220537803)|CUMULATIVE_LIMIT_USAGE
18:38:54.220 (220537803)|LIMIT_USAGE_FOR_NS|(default)|
  Number of SOQL queries: 0 out of 100
  Number of query rows: 0 out of 50000
  Number of SOSL queries: 0 out of 20
  Number of DML statements: 0 out of 150
  Number of Publish Immediate DML: 0 out of 150
  Number of DML rows: 0 out of 10000
  Maximum CPU time: 0 out of 10000
  Maximum heap size: 0 out of 6000000
  Number of callouts: 1 out of 100
  Number of Email Invocations: 0 out of 10
  Number of future calls: 0 out of 50
  Number of queueable jobs added to the queue: 0 out of 50
  Number of Mobile Apex push calls: 0 out of 10

18:38:54.220 (220537803)|CUMULATIVE_LIMIT_USAGE_END

18:38:54.0 (220574998)|CODE_UNIT_FINISHED|CustomNotificationController.getNotifications(String)
18:38:54.0 (220752306)|CODE_UNIT_FINISHED|apex://CustomNotificationController/ACTION$getNotifications
18:38:54.0 (220757216)|EXECUTION_FINISHED
