66.0 APEX_CODE,FINEST;APEX_PROFILING,INFO;CALLOUT,INFO;DATA_ACCESS,INFO;DB,INFO;NBA,INFO;SYSTEM,DEBUG;VALIDATION,INFO;VISUALFORCE,INFO;WAVE,INFO;WORKFLOW,INFO
15:47:44.0 (232849)|USER_INFO|[EXTERNAL]|0057F0000042UBb|ishibashi@hurex.co.jp.dev1|(GMT+09:00) 日本標準時 (Asia/Tokyo)|GMT+09:00
15:47:44.0 (274818)|EXECUTION_STARTED
15:47:44.0 (288295)|CODE_UNIT_STARTED|[EXTERNAL]|apex://CustomNotificationController/ACTION$getNotifications
15:47:44.0 (2427293)|CODE_UNIT_STARTED|[EXTERNAL]|01pBK000001VvEL|CustomNotificationController.getNotifications(String)
15:47:44.0 (2709177)|HEAP_ALLOCATE|[95]|Bytes:3
15:47:44.0 (2808660)|HEAP_ALLOCATE|[100]|Bytes:152
15:47:44.0 (2827615)|HEAP_ALLOCATE|[417]|Bytes:408
15:47:44.0 (2845277)|HEAP_ALLOCATE|[430]|Bytes:408
15:47:44.0 (2877816)|HEAP_ALLOCATE|[317]|Bytes:6
15:47:44.0 (2942583)|HEAP_ALLOCATE|[EXTERNAL]|Bytes:7
15:47:44.0 (2957297)|METHOD_ENTRY|[1]|01pBK000001VvEL|CustomNotificationController.CustomNotificationController()
15:47:44.0 (2964289)|STATEMENT_EXECUTE|[1]
15:47:44.0 (2971141)|STATEMENT_EXECUTE|[1]
15:47:44.0 (2997397)|HEAP_ALLOCATE|[68]|Bytes:5
15:47:44.0 (3027774)|HEAP_ALLOCATE|[74]|Bytes:5
15:47:44.0 (3036233)|HEAP_ALLOCATE|[82]|Bytes:7
15:47:44.0 (3236241)|HEAP_ALLOCATE|[EXTERNAL]|Bytes:5
15:47:44.0 (3253232)|METHOD_EXIT|[1]|CustomNotificationController
15:47:44.0 (3264092)|VARIABLE_SCOPE_BEGIN|[5]|before|String|false|false
15:47:44.0 (3302537)|VARIABLE_ASSIGNMENT|[5]|before|null
15:47:44.0 (3322580)|HEAP_ALLOCATE|[6]|Bytes:5
15:47:44.0 (3327058)|STATEMENT_EXECUTE|[5]
15:47:44.0 (3328887)|STATEMENT_EXECUTE|[6]
15:47:44.0 (3364449)|VARIABLE_SCOPE_BEGIN|[6]|req|System.HttpRequest|true|false
15:47:44.0 (3600928)|VARIABLE_ASSIGNMENT|[6]|req|"System.HttpRequest[Endpoint=null, Method=null]"|0x58287564
15:47:44.0 (3611460)|STATEMENT_EXECUTE|[7]
15:47:44.0 (3616054)|HEAP_ALLOCATE|[7]|Bytes:3
15:47:44.0 (3711016)|STATEMENT_EXECUTE|[8]
15:47:44.0 (3714077)|HEAP_ALLOCATE|[8]|Bytes:13
15:47:44.0 (3718530)|HEAP_ALLOCATE|[8]|Bytes:7
15:47:44.0 (3773589)|HEAP_ALLOCATE|[8]|Bytes:105
15:47:44.0 (3785361)|SYSTEM_METHOD_ENTRY|[1]|UserInfo.UserInfo()
15:47:44.0 (3788862)|STATEMENT_EXECUTE|[1]
15:47:44.0 (3795973)|SYSTEM_METHOD_EXIT|[1]|UserInfo
15:47:44.0 (3808970)|METHOD_ENTRY|[8]||System.UserInfo.getSessionId()
15:47:44.0 (8644683)|METHOD_EXIT|[8]||System.UserInfo.getSessionId()
15:47:44.0 (8692064)|HEAP_ALLOCATE|[8]|Bytes:119
15:47:44.0 (8763249)|STATEMENT_EXECUTE|[10]
15:47:44.0 (8827862)|HEAP_ALLOCATE|[10]|Bytes:67
15:47:44.0 (8843164)|SYSTEM_METHOD_ENTRY|[1]|Url.Url()
15:47:44.0 (8846509)|STATEMENT_EXECUTE|[1]
15:47:44.0 (8855584)|SYSTEM_METHOD_EXIT|[1]|Url
15:47:44.0 (8866572)|METHOD_ENTRY|[10]||System.Url.getOrgDomainUrl()
15:47:44.0 (9166468)|METHOD_EXIT|[10]||System.Url.getOrgDomainUrl()
15:47:44.0 (9186597)|METHOD_ENTRY|[10]||System.Url.toExternalForm()
15:47:44.0 (9231799)|METHOD_EXIT|[10]||System.Url.toExternalForm()
15:47:44.0 (9237123)|VARIABLE_SCOPE_BEGIN|[10]|domainPath|String|false|false
15:47:44.0 (9262312)|VARIABLE_ASSIGNMENT|[10]|domainPath|"https://hurex--dev1. (25 more) ..."
15:47:44.0 (9270156)|STATEMENT_EXECUTE|[11]
15:47:44.0 (9273846)|HEAP_ALLOCATE|[11]|Bytes:50
15:47:44.0 (9283793)|HEAP_ALLOCATE|[11]|Bytes:95
15:47:44.0 (9288360)|VARIABLE_SCOPE_BEGIN|[11]|endpoint|String|false|false
15:47:44.0 (9297245)|VARIABLE_ASSIGNMENT|[11]|endpoint|"https://hurex--dev1. (75 more) ..."
15:47:44.0 (9356623)|STATEMENT_EXECUTE|[13]
15:47:44.0 (9358400)|STATEMENT_EXECUTE|[16]
15:47:44.0 (9395059)|STATEMENT_EXECUTE|[18]
15:47:44.0 (9420472)|VARIABLE_SCOPE_BEGIN|[18]|http|System.Http|true|false
15:47:44.0 (9543661)|VARIABLE_ASSIGNMENT|[18]|http|"System.Http[]"|0x6f98e54f
15:47:44.0 (9552437)|STATEMENT_EXECUTE|[19]
15:47:44.0 (9674936)|CALLOUT_REQUEST|[19]|System.HttpRequest[Endpoint=https://hurex--dev1.sandbox.my.salesforce.com/services/data/v56.0/connect/notifications?size=20, Method=GET]
15:47:44.0 (161695061)|HEAP_ALLOCATE|[EXTERNAL]|Bytes:15126
15:47:44.0 (164373756)|CALLOUT_RESPONSE|[19]|System.HttpResponse[Status=OK, StatusCode=200]
15:47:44.0 (164403430)|HEAP_ALLOCATE|[19]|Bytes:14281
15:47:44.0 (164430672)|VARIABLE_SCOPE_BEGIN|[19]|res|System.HttpResponse|true|false
15:47:44.0 (164496306)|VARIABLE_ASSIGNMENT|[19]|res|"System.HttpResponse[Status=OK, StatusCode=200]"|0x415169c
15:47:44.0 (164554462)|STATEMENT_EXECUTE|[21]
15:47:44.0 (164555844)|STATEMENT_EXECUTE|[22]
15:47:44.0 (165130175)|HEAP_ALLOCATE|[22]|Bytes:13995
15:47:44.165 (165169353)|CUMULATIVE_LIMIT_USAGE
15:47:44.165 (165169353)|LIMIT_USAGE_FOR_NS|(default)|
  Number of SOQL queries: 0 out of 100
  Number of query rows: 0 out of 50000
  Number of SOSL queries: 0 out of 20
  Number of DML statements: 0 out of 150
  Number of Publish Immediate DML: 0 out of 150
  Number of DML rows: 0 out of 10000
  Maximum CPU time: 0 out of 10000
  Maximum heap size: 0 out of 6000000
  Number of callouts: 1 out of 100
  Number of Email Invocations: 0 out of 10
  Number of future calls: 0 out of 50
  Number of queueable jobs added to the queue: 0 out of 50
  Number of Mobile Apex push calls: 0 out of 10

15:47:44.165 (165169353)|CUMULATIVE_LIMIT_USAGE_END

15:47:44.0 (165203282)|CODE_UNIT_FINISHED|CustomNotificationController.getNotifications(String)
15:47:44.0 (165359945)|CODE_UNIT_FINISHED|apex://CustomNotificationController/ACTION$getNotifications
15:47:44.0 (165364572)|EXECUTION_FINISHED
