66.0 APEX_CODE,FINEST;APEX_PROFILING,INFO;CALLOUT,INFO;DATA_ACCESS,INFO;DB,INFO;NBA,INFO;SYSTEM,DEBUG;VALIDATION,INFO;VISUALFORCE,INFO;WAVE,INFO;WORKFLOW,INFO
17:40:25.1 (1714474)|USER_INFO|[EXTERNAL]|0057F0000042UBb|ishibashi@hurex.co.jp.dev1|(GMT+09:00) 日本標準時 (Asia/Tokyo)|GMT+09:00
17:40:25.1 (1757097)|EXECUTION_STARTED
17:40:25.1 (1767684)|CODE_UNIT_STARTED|[EXTERNAL]|apex://JobCardsController/ACTION$getJobs
17:40:25.1 (2718268)|CODE_UNIT_STARTED|[EXTERNAL]|01pBK000001RGBP|JobCardsController.getJobs()
17:40:25.1 (7125635)|HEAP_ALLOCATE|[95]|Bytes:3
17:40:25.1 (7248897)|HEAP_ALLOCATE|[100]|Bytes:152
17:40:25.1 (7270830)|HEAP_ALLOCATE|[417]|Bytes:408
17:40:25.1 (7287360)|HEAP_ALLOCATE|[430]|Bytes:408
17:40:25.1 (7319544)|HEAP_ALLOCATE|[317]|Bytes:6
17:40:25.1 (7336523)|HEAP_ALLOCATE|[EXTERNAL]|Bytes:10
17:40:25.1 (7342318)|HEAP_ALLOCATE|[EXTERNAL]|Bytes:5
17:40:25.1 (7345057)|HEAP_ALLOCATE|[EXTERNAL]|Bytes:3
17:40:25.1 (7359289)|METHOD_ENTRY|[6]|01pBK000001RGBP|JobCardsController.JobCardsController()
17:40:25.1 (7366395)|STATEMENT_EXECUTE|[6]
17:40:25.1 (7377353)|STATEMENT_EXECUTE|[6]
17:40:25.1 (7401980)|HEAP_ALLOCATE|[68]|Bytes:5
17:40:25.1 (7434250)|HEAP_ALLOCATE|[74]|Bytes:5
17:40:25.1 (7442686)|HEAP_ALLOCATE|[82]|Bytes:7
17:40:25.1 (7648386)|HEAP_ALLOCATE|[EXTERNAL]|Bytes:5
17:40:25.1 (7657332)|STATEMENT_EXECUTE|[12]
17:40:25.1 (7672473)|METHOD_EXIT|[6]|JobCardsController
17:40:25.1 (7692069)|HEAP_ALLOCATE|[35]|Bytes:5
17:40:25.1 (7695858)|STATEMENT_EXECUTE|[33]
17:40:25.1 (7697472)|STATEMENT_EXECUTE|[35]
17:40:25.1 (7720169)|HEAP_ALLOCATE|[35]|Bytes:4
17:40:25.1 (7782482)|VARIABLE_SCOPE_BEGIN|[35]|favoriteJobIds|Set<Id>|true|false
17:40:25.1 (7873338)|VARIABLE_ASSIGNMENT|[35]|favoriteJobIds|[]|0x3a6cee8
17:40:25.1 (7886561)|HEAP_ALLOCATE|[36]|Bytes:91
17:40:25.1 (7908668)|HEAP_ALLOCATE|[36]|Bytes:4
17:40:25.1 (7918860)|HEAP_ALLOCATE|[36]|Bytes:7
17:40:25.1 (7975536)|HEAP_ALLOCATE|[38]|Bytes:105
17:40:25.1 (7987283)|SYSTEM_METHOD_ENTRY|[1]|UserInfo.UserInfo()
17:40:25.1 (7990712)|STATEMENT_EXECUTE|[1]
17:40:25.1 (7998330)|SYSTEM_METHOD_EXIT|[1]|UserInfo
17:40:25.1 (8013347)|METHOD_ENTRY|[38]||System.UserInfo.getUserId()
17:40:25.1 (13492822)|METHOD_EXIT|[38]||System.UserInfo.getUserId()
17:40:25.1 (25530881)|SOQL_EXECUTE_BEGIN|[36]|Aggregations:0|SELECT Job__c FROM InterestedJob__c WHERE (CreatedById = :tmpVar1 AND IsArchive__c = FALSE)
17:40:25.1 (44971876)|SOQL_EXECUTE_END|[36]|Rows:4
17:40:25.1 (45009190)|HEAP_ALLOCATE|[EXTERNAL]|Bytes:20
17:40:25.1 (45208083)|HEAP_ALLOCATE|[36]|Bytes:54
17:40:25.1 (45216560)|HEAP_ALLOCATE|[36]|Bytes:8
17:40:25.1 (45230325)|SYSTEM_METHOD_ENTRY|[7]|QueryLocatorIterator.QueryLocatorIterator()
17:40:25.1 (45233845)|STATEMENT_EXECUTE|[7]
17:40:25.1 (45248380)|SYSTEM_METHOD_EXIT|[7]|QueryLocatorIterator
17:40:25.1 (45255438)|HEAP_ALLOCATE|[36]|Bytes:28
17:40:25.1 (45325099)|HEAP_ALLOCATE|[36]|Bytes:20
17:40:25.1 (45332673)|HEAP_ALLOCATE|[36]|Bytes:8
17:40:25.1 (45334351)|HEAP_ALLOCATE|[36]|Bytes:8
17:40:25.1 (45338609)|VARIABLE_SCOPE_BEGIN|[15]|this|Database.QueryLocatorIterator|true|false
17:40:25.1 (45383289)|VARIABLE_ASSIGNMENT|[15]|this|{}|0x22fb030c
17:40:25.1 (45387660)|VARIABLE_SCOPE_BEGIN|[15]|values|List<SObject>|true|false
17:40:25.1 (45530547)|VARIABLE_ASSIGNMENT|[15]|values|[{"Job__c":"a0KBK00000Gexcs2AB","Id":"a0OBK000004najC2AQ"},{"Job__c":"a0KBK00000Gexdg2AB","Id":"a0OBK000004nbNV2AY"},{"Job__c":"a0KBK00000Gexcu2AB","Id":"a0OBK000004v8wE2AQ"},{"Job__c":"a0KBK00000GezgQ2AR","Id":"a0OBK0000050riz2AA"}]|0x4af68c8c
17:40:25.1 (45536565)|VARIABLE_SCOPE_BEGIN|[15]|ql|Database.QueryLocator|true|false
17:40:25.1 (45549594)|VARIABLE_ASSIGNMENT|[15]|ql|{"query":"SELECT Job__c FROM I (71 more) ..."}|0x60eb0291
17:40:25.1 (45552553)|VARIABLE_SCOPE_BEGIN|[15]|totalNumRecords|Integer|false|false
17:40:25.1 (45559021)|VARIABLE_ASSIGNMENT|[15]|totalNumRecords|4
17:40:25.1 (45561429)|VARIABLE_SCOPE_BEGIN|[15]|queryMoreSize|Integer|false|false
17:40:25.1 (45565159)|VARIABLE_ASSIGNMENT|[15]|queryMoreSize|49996
17:40:25.1 (45631773)|HEAP_ALLOCATE|[36]|Bytes:28
17:40:25.1 (45654906)|METHOD_ENTRY|[36]||Database.QueryLocatorIterator.hasNext()
17:40:25.1 (45741598)|METHOD_EXIT|[36]||Database.QueryLocatorIterator.hasNext()
17:40:25.1 (45747200)|METHOD_ENTRY|[36]||Database.QueryLocatorIterator.next()
17:40:25.1 (45794918)|METHOD_EXIT|[36]||Database.QueryLocatorIterator.next()
17:40:25.1 (45799998)|VARIABLE_SCOPE_BEGIN|[36]|fav|InterestedJob__c|true|false
17:40:25.1 (45820665)|VARIABLE_ASSIGNMENT|[36]|fav|{"Job__c":"a0KBK00000Gexcs2AB","Id":"a0OBK000004najC2AQ"}|0x38cf65fc
17:40:25.1 (45825114)|STATEMENT_EXECUTE|[39]
17:40:25.1 (45826173)|STATEMENT_EXECUTE|[40]
17:40:25.1 (45879547)|HEAP_ALLOCATE|[EXTERNAL]|Bytes:4
17:40:25.1 (45886941)|METHOD_ENTRY|[36]||Database.QueryLocatorIterator.hasNext()
17:40:25.1 (45896317)|METHOD_EXIT|[36]||Database.QueryLocatorIterator.hasNext()
17:40:25.1 (45898896)|METHOD_ENTRY|[36]||Database.QueryLocatorIterator.next()
17:40:25.1 (45920424)|METHOD_EXIT|[36]||Database.QueryLocatorIterator.next()
17:40:25.1 (45923017)|VARIABLE_SCOPE_BEGIN|[36]|fav|InterestedJob__c|true|false
17:40:25.1 (45972516)|VARIABLE_ASSIGNMENT|[36]|fav|{"Job__c":"a0KBK00000Gexdg2AB","Id":"a0OBK000004nbNV2AY"}|0x46a31c85
17:40:25.1 (45977440)|STATEMENT_EXECUTE|[39]
17:40:25.1 (45978851)|STATEMENT_EXECUTE|[40]
17:40:25.1 (45989737)|HEAP_ALLOCATE|[EXTERNAL]|Bytes:4
17:40:25.1 (45997268)|METHOD_ENTRY|[36]||Database.QueryLocatorIterator.hasNext()
17:40:25.1 (46010203)|METHOD_EXIT|[36]||Database.QueryLocatorIterator.hasNext()
17:40:25.1 (46014560)|METHOD_ENTRY|[36]||Database.QueryLocatorIterator.next()
17:40:25.1 (46043979)|METHOD_EXIT|[36]||Database.QueryLocatorIterator.next()
17:40:25.1 (46047660)|VARIABLE_SCOPE_BEGIN|[36]|fav|InterestedJob__c|true|false
17:40:25.1 (46068059)|VARIABLE_ASSIGNMENT|[36]|fav|{"Job__c":"a0KBK00000Gexcu2AB","Id":"a0OBK000004v8wE2AQ"}|0x7e64714a
17:40:25.1 (46072511)|STATEMENT_EXECUTE|[39]
17:40:25.1 (46073713)|STATEMENT_EXECUTE|[40]
17:40:25.1 (46079499)|HEAP_ALLOCATE|[EXTERNAL]|Bytes:4
17:40:25.1 (46085663)|METHOD_ENTRY|[36]||Database.QueryLocatorIterator.hasNext()
17:40:25.1 (46097658)|METHOD_EXIT|[36]||Database.QueryLocatorIterator.hasNext()
17:40:25.1 (46101390)|METHOD_ENTRY|[36]||Database.QueryLocatorIterator.next()
17:40:25.1 (46129602)|METHOD_EXIT|[36]||Database.QueryLocatorIterator.next()
17:40:25.1 (46132933)|VARIABLE_SCOPE_BEGIN|[36]|fav|InterestedJob__c|true|false
17:40:25.1 (46151513)|VARIABLE_ASSIGNMENT|[36]|fav|{"Job__c":"a0KBK00000GezgQ2AR","Id":"a0OBK0000050riz2AA"}|0xba9737a
17:40:25.1 (46155954)|STATEMENT_EXECUTE|[39]
17:40:25.1 (46157014)|STATEMENT_EXECUTE|[40]
17:40:25.1 (46162964)|HEAP_ALLOCATE|[EXTERNAL]|Bytes:4
17:40:25.1 (46169430)|METHOD_ENTRY|[36]||Database.QueryLocatorIterator.hasNext()
17:40:25.1 (46177602)|METHOD_EXIT|[36]||Database.QueryLocatorIterator.hasNext()
17:40:25.1 (46183398)|VARIABLE_ASSIGNMENT|[36]|fav|null|
17:40:25.1 (46207509)|STATEMENT_EXECUTE|[44]
17:40:25.1 (46210748)|HEAP_ALLOCATE|[44]|Bytes:217
17:40:25.1 (46231892)|HEAP_ALLOCATE|[44]|Bytes:4
17:40:25.1 (50317202)|SOQL_EXECUTE_BEGIN|[44]|Aggregations:0|SELECT Id, JobPosition__c, WorkLocation2__c, JobCategory1__c, MaxAnnualSalary__c, MinAnnualSalary__c, JobDescription__c, LastModifiedDate, LastViewedDate FROM Job__c ORDER BY LastModifiedDate DESC NULLS FIRST LIMIT 10
17:40:25.1 (100631969)|SOQL_EXECUTE_END|[44]|Rows:10
17:40:25.1 (100664837)|HEAP_ALLOCATE|[44]|Bytes:44
17:40:25.1 (100686195)|HEAP_ALLOCATE|[44]|Bytes:4083
17:40:25.1 (100772361)|HEAP_ALLOCATE|[44]|Bytes:44
17:40:25.1 (100791518)|VARIABLE_SCOPE_BEGIN|[44]|jobs|List<Job__c>|true|false
17:40:25.1 (100814357)|VARIABLE_ASSIGNMENT|[44]|jobs|"List of size 10 too large to display"|0x6c58caf4
17:40:25.1 (100820000)|STATEMENT_EXECUTE|[54]
17:40:25.1 (100829316)|HEAP_ALLOCATE|[54]|Bytes:4
17:40:25.1 (100908549)|VARIABLE_SCOPE_BEGIN|[54]|result|List<JobCardsController.JobWrapper>|true|false
17:40:25.1 (100924775)|HEAP_ALLOCATE|[EXTERNAL]|Bytes:4
17:40:25.1 (100931270)|VARIABLE_ASSIGNMENT|[54]|result|[]|0x1d03e947
17:40:25.1 (101056100)|HEAP_ALLOCATE|[55]|Bytes:5
17:40:25.1 (101073812)|HEAP_ALLOCATE|[55]|Bytes:40
17:40:25.1 (101079646)|VARIABLE_SCOPE_BEGIN|[55]|j|Job__c|true|false
17:40:25.1 (101187921)|VARIABLE_ASSIGNMENT|[55]|j|{"LastModifiedDate":"2026-04-03T04:12:21.000Z","JobPosition__c":"新潟市(新潟) 法人ルート営業・業界シェ (74 more) ...","WorkLocation2__c":"新潟県新潟市（転勤なし／車通勤可）","LastViewedDate":"2026-04-03T08:24:43.000Z","Id":"a0KBK00000GezgQ2AR","MinAnnualSalary__c":350,"JobDescription__c":"自社開発製造の給配水機器とその関連製品の (25 more) ...","JobCategory1__c":"経営幹部/企画/マーケティング系","MaxAnnualSalary__c":550}|0x99e68cd
17:40:25.1 (101198301)|STATEMENT_EXECUTE|[55]
17:40:25.1 (101199583)|STATEMENT_EXECUTE|[56]
17:40:25.1 (101233298)|HEAP_ALLOCATE|[56]|Bytes:44
17:40:25.1 (101259007)|CONSTRUCTOR_ENTRY|[56]|01pBK000001RGBP|<init>()|JobCardsController.JobWrapper
17:40:25.1 (101289579)|VARIABLE_SCOPE_BEGIN|[12]|this|JobCardsController.JobWrapper|true|false
17:40:25.1 (101392156)|VARIABLE_ASSIGNMENT|[12]|this|{}|0x4b0dec65
17:40:25.1 (101415256)|STATEMENT_EXECUTE|[12]
17:40:25.1 (101416394)|STATEMENT_EXECUTE|[13]
17:40:25.1 (101417321)|STATEMENT_EXECUTE|[14]
17:40:25.1 (101418135)|STATEMENT_EXECUTE|[15]
17:40:25.1 (101418999)|STATEMENT_EXECUTE|[16]
17:40:25.1 (101420042)|STATEMENT_EXECUTE|[17]
17:40:25.1 (101421049)|STATEMENT_EXECUTE|[18]
17:40:25.1 (101421989)|STATEMENT_EXECUTE|[19]
17:40:25.1 (101422807)|STATEMENT_EXECUTE|[20]
17:40:25.1 (101423690)|STATEMENT_EXECUTE|[21]
17:40:25.1 (101424441)|STATEMENT_EXECUTE|[22]
17:40:25.1 (101426989)|CONSTRUCTOR_EXIT|[56]|01pBK000001RGBP|<init>()|JobCardsController.JobWrapper
17:40:25.1 (101431390)|VARIABLE_SCOPE_BEGIN|[56]|wrapper|JobCardsController.JobWrapper|true|false
17:40:25.1 (101441028)|VARIABLE_ASSIGNMENT|[56]|wrapper|{}|0x4b0dec65
17:40:25.1 (101444225)|STATEMENT_EXECUTE|[57]
17:40:25.1 (101648367)|VARIABLE_ASSIGNMENT|[57]|this.Id|"a0KBK00000GezgQ2AR"|0x4b0dec65
17:40:25.1 (101652908)|STATEMENT_EXECUTE|[58]
17:40:25.1 (101672199)|VARIABLE_ASSIGNMENT|[58]|this.JobPosition|"新潟市(新潟) 法人ルート営業・業界シェ (74 more) ..."|0x4b0dec65
17:40:25.1 (101676590)|STATEMENT_EXECUTE|[59]
17:40:25.1 (101684927)|VARIABLE_ASSIGNMENT|[59]|this.WorkLocation2|"新潟県新潟市（転勤なし／車通勤可）"|0x4b0dec65
17:40:25.1 (101688345)|STATEMENT_EXECUTE|[60]
17:40:25.1 (101695032)|VARIABLE_ASSIGNMENT|[60]|this.JobCategory1|"経営幹部/企画/マーケティング系"|0x4b0dec65
17:40:25.1 (101698100)|STATEMENT_EXECUTE|[61]
17:40:25.1 (101721417)|VARIABLE_ASSIGNMENT|[61]|this.MaxAnnualSalary|550|0x4b0dec65
17:40:25.1 (101724376)|STATEMENT_EXECUTE|[62]
17:40:25.1 (101731095)|VARIABLE_ASSIGNMENT|[62]|this.MinAnnualSalary|350|0x4b0dec65
17:40:25.1 (101733710)|STATEMENT_EXECUTE|[63]
17:40:25.1 (101740815)|VARIABLE_ASSIGNMENT|[63]|this.JobDescription|"自社開発製造の給配水機器とその関連製品の (25 more) ..."|0x4b0dec65
17:40:25.1 (101744036)|STATEMENT_EXECUTE|[64]
17:40:25.1 (101770485)|VARIABLE_ASSIGNMENT|[64]|this.LastModifiedDate|"2026-04-03T04:12:21.000Z"|0x4b0dec65
17:40:25.1 (101773798)|STATEMENT_EXECUTE|[65]
17:40:25.1 (101787000)|VARIABLE_ASSIGNMENT|[65]|this.LastViewedDate|"2026-04-03T08:24:43.000Z"|0x4b0dec65
17:40:25.1 (101790171)|STATEMENT_EXECUTE|[66]
17:40:25.1 (101833030)|HEAP_ALLOCATE|[66]|Bytes:5
17:40:25.1 (101838691)|VARIABLE_ASSIGNMENT|[66]|this.IsFavorite|true|0x4b0dec65
17:40:25.1 (101842071)|STATEMENT_EXECUTE|[67]
17:40:25.1 (101857847)|HEAP_ALLOCATE|[EXTERNAL]|Bytes:4
17:40:25.1 (101868709)|HEAP_ALLOCATE|[55]|Bytes:5
17:40:25.1 (101878256)|HEAP_ALLOCATE|[55]|Bytes:32
17:40:25.1 (101883460)|VARIABLE_SCOPE_BEGIN|[55]|j|Job__c|true|false
17:40:25.1 (101964658)|VARIABLE_ASSIGNMENT|[55]|j|{"LastModifiedDate":"2026-04-02T02:54:44.000Z","JobPosition__c":"テスト451求人タイトル求人タイトル求人 (235 more) ...","WorkLocation2__c":"444444","LastViewedDate":"2026-04-02T11:07:27.000Z","Id":"a0KBK00000Gexdg2AB","JobDescription__c":"テスト451仕事内容仕事内容仕事内容仕事 (230 more) ...","JobCategory1__c":"経営幹部/企画/マーケティング系"}|0x603ef109
17:40:25.1 (101973095)|STATEMENT_EXECUTE|[55]
17:40:25.1 (101974034)|STATEMENT_EXECUTE|[56]
17:40:25.1 (101977441)|HEAP_ALLOCATE|[56]|Bytes:44
17:40:25.1 (101982793)|CONSTRUCTOR_ENTRY|[56]|01pBK000001RGBP|<init>()|JobCardsController.JobWrapper
17:40:25.1 (101988209)|VARIABLE_SCOPE_BEGIN|[12]|this|JobCardsController.JobWrapper|true|false
17:40:25.1 (102004428)|VARIABLE_ASSIGNMENT|[12]|this|{}|0x4af4a486
17:40:25.1 (102017306)|STATEMENT_EXECUTE|[12]
17:40:25.1 (102018214)|STATEMENT_EXECUTE|[13]
17:40:25.1 (102019026)|STATEMENT_EXECUTE|[14]
17:40:25.1 (102019762)|STATEMENT_EXECUTE|[15]
17:40:25.1 (102020500)|STATEMENT_EXECUTE|[16]
17:40:25.1 (102021303)|STATEMENT_EXECUTE|[17]
17:40:25.1 (102022189)|STATEMENT_EXECUTE|[18]
17:40:25.1 (102022985)|STATEMENT_EXECUTE|[19]
17:40:25.1 (102023780)|STATEMENT_EXECUTE|[20]
17:40:25.1 (102024554)|STATEMENT_EXECUTE|[21]
17:40:25.1 (102025315)|STATEMENT_EXECUTE|[22]
17:40:25.1 (102027066)|CONSTRUCTOR_EXIT|[56]|01pBK000001RGBP|<init>()|JobCardsController.JobWrapper
17:40:25.1 (102030896)|VARIABLE_SCOPE_BEGIN|[56]|wrapper|JobCardsController.JobWrapper|true|false
17:40:25.1 (102038418)|VARIABLE_ASSIGNMENT|[56]|wrapper|{}|0x4af4a486
17:40:25.1 (102040909)|STATEMENT_EXECUTE|[57]
17:40:25.1 (102101217)|VARIABLE_ASSIGNMENT|[57]|this.Id|"a0KBK00000Gexdg2AB"|0x4af4a486
17:40:25.1 (102104454)|STATEMENT_EXECUTE|[58]
17:40:25.1 (102109957)|VARIABLE_ASSIGNMENT|[58]|this.JobPosition|"テスト451求人タイトル求人タイトル求人 (235 more) ..."|0x4af4a486
17:40:25.1 (102113354)|STATEMENT_EXECUTE|[59]
17:40:25.1 (102116986)|VARIABLE_ASSIGNMENT|[59]|this.WorkLocation2|"444444"|0x4af4a486
17:40:25.1 (102119911)|STATEMENT_EXECUTE|[60]
17:40:25.1 (102123184)|VARIABLE_ASSIGNMENT|[60]|this.JobCategory1|"経営幹部/企画/マーケティング系"|0x4af4a486
17:40:25.1 (102126044)|STATEMENT_EXECUTE|[61]
17:40:25.1 (102129386)|VARIABLE_ASSIGNMENT|[61]|this.MaxAnnualSalary|null|0x4af4a486
17:40:25.1 (102131769)|STATEMENT_EXECUTE|[62]
17:40:25.1 (102134388)|VARIABLE_ASSIGNMENT|[62]|this.MinAnnualSalary|null|0x4af4a486
17:40:25.1 (102136877)|STATEMENT_EXECUTE|[63]
17:40:25.1 (102140550)|VARIABLE_ASSIGNMENT|[63]|this.JobDescription|"テスト451仕事内容仕事内容仕事内容仕事 (230 more) ..."|0x4af4a486
17:40:25.1 (102143471)|STATEMENT_EXECUTE|[64]
17:40:25.1 (102152785)|VARIABLE_ASSIGNMENT|[64]|this.LastModifiedDate|"2026-04-02T02:54:44.000Z"|0x4af4a486
17:40:25.1 (102155579)|STATEMENT_EXECUTE|[65]
17:40:25.1 (102161050)|VARIABLE_ASSIGNMENT|[65]|this.LastViewedDate|"2026-04-02T11:07:27.000Z"|0x4af4a486
17:40:25.1 (102163511)|STATEMENT_EXECUTE|[66]
17:40:25.1 (102173095)|HEAP_ALLOCATE|[66]|Bytes:5
17:40:25.1 (102176582)|VARIABLE_ASSIGNMENT|[66]|this.IsFavorite|true|0x4af4a486
17:40:25.1 (102179060)|STATEMENT_EXECUTE|[67]
17:40:25.1 (102182965)|HEAP_ALLOCATE|[EXTERNAL]|Bytes:4
17:40:25.1 (102189740)|HEAP_ALLOCATE|[55]|Bytes:5
17:40:25.1 (102195728)|HEAP_ALLOCATE|[55]|Bytes:40
17:40:25.1 (102199167)|VARIABLE_SCOPE_BEGIN|[55]|j|Job__c|true|false
17:40:25.1 (102245400)|VARIABLE_ASSIGNMENT|[55]|j|{"LastModifiedDate":"2026-03-18T01:52:52.000Z","JobPosition__c":"テスト401求人タイトル求人タイトル求人 (28 more) ...","WorkLocation2__c":"勤務地","LastViewedDate":"2026-04-02T11:19:39.000Z","Id":"a0KBK00000Gexcs2AB","MinAnnualSalary__c":450,"JobDescription__c":"テスト401仕事内容仕事内容仕事内容仕事 (30 more) ...","JobCategory1__c":"専門職系（コンサルタント/金融/不動産）","MaxAnnualSalary__c":600}|0x6217f731
17:40:25.1 (102252246)|STATEMENT_EXECUTE|[55]
17:40:25.1 (102253206)|STATEMENT_EXECUTE|[56]
17:40:25.1 (102255075)|HEAP_ALLOCATE|[56]|Bytes:44
17:40:25.1 (102258574)|CONSTRUCTOR_ENTRY|[56]|01pBK000001RGBP|<init>()|JobCardsController.JobWrapper
17:40:25.1 (102262268)|VARIABLE_SCOPE_BEGIN|[12]|this|JobCardsController.JobWrapper|true|false
17:40:25.1 (102271663)|VARIABLE_ASSIGNMENT|[12]|this|{}|0x4a97ab27
17:40:25.1 (102279559)|STATEMENT_EXECUTE|[12]
17:40:25.1 (102280484)|STATEMENT_EXECUTE|[13]
17:40:25.1 (102281255)|STATEMENT_EXECUTE|[14]
17:40:25.1 (102282006)|STATEMENT_EXECUTE|[15]
17:40:25.1 (102282767)|STATEMENT_EXECUTE|[16]
17:40:25.1 (102283566)|STATEMENT_EXECUTE|[17]
17:40:25.1 (102284383)|STATEMENT_EXECUTE|[18]
17:40:25.1 (102285259)|STATEMENT_EXECUTE|[19]
17:40:25.1 (102286010)|STATEMENT_EXECUTE|[20]
17:40:25.1 (102286763)|STATEMENT_EXECUTE|[21]
17:40:25.1 (102287484)|STATEMENT_EXECUTE|[22]
17:40:25.1 (102288981)|CONSTRUCTOR_EXIT|[56]|01pBK000001RGBP|<init>()|JobCardsController.JobWrapper
17:40:25.1 (102292060)|VARIABLE_SCOPE_BEGIN|[56]|wrapper|JobCardsController.JobWrapper|true|false
17:40:25.1 (102299093)|VARIABLE_ASSIGNMENT|[56]|wrapper|{}|0x4a97ab27
17:40:25.1 (102301593)|STATEMENT_EXECUTE|[57]
17:40:25.1 (102327772)|VARIABLE_ASSIGNMENT|[57]|this.Id|"a0KBK00000Gexcs2AB"|0x4a97ab27
17:40:25.1 (102330972)|STATEMENT_EXECUTE|[58]
17:40:25.1 (102335808)|VARIABLE_ASSIGNMENT|[58]|this.JobPosition|"テスト401求人タイトル求人タイトル求人 (28 more) ..."|0x4a97ab27
17:40:25.1 (102339054)|STATEMENT_EXECUTE|[59]
17:40:25.1 (102342212)|VARIABLE_ASSIGNMENT|[59]|this.WorkLocation2|"勤務地"|0x4a97ab27
17:40:25.1 (102344989)|STATEMENT_EXECUTE|[60]
17:40:25.1 (102348078)|VARIABLE_ASSIGNMENT|[60]|this.JobCategory1|"専門職系（コンサルタント/金融/不動産）"|0x4a97ab27
17:40:25.1 (102354768)|STATEMENT_EXECUTE|[61]
17:40:25.1 (102361355)|VARIABLE_ASSIGNMENT|[61]|this.MaxAnnualSalary|600|0x4a97ab27
17:40:25.1 (102363816)|STATEMENT_EXECUTE|[62]
17:40:25.1 (102367286)|VARIABLE_ASSIGNMENT|[62]|this.MinAnnualSalary|450|0x4a97ab27
17:40:25.1 (102369709)|STATEMENT_EXECUTE|[63]
17:40:25.1 (102373449)|VARIABLE_ASSIGNMENT|[63]|this.JobDescription|"テスト401仕事内容仕事内容仕事内容仕事 (30 more) ..."|0x4a97ab27
17:40:25.1 (102376394)|STATEMENT_EXECUTE|[64]
17:40:25.1 (102383468)|VARIABLE_ASSIGNMENT|[64]|this.LastModifiedDate|"2026-03-18T01:52:52.000Z"|0x4a97ab27
17:40:25.1 (102386147)|STATEMENT_EXECUTE|[65]
17:40:25.1 (102391511)|VARIABLE_ASSIGNMENT|[65]|this.LastViewedDate|"2026-04-02T11:19:39.000Z"|0x4a97ab27
17:40:25.1 (102394120)|STATEMENT_EXECUTE|[66]
17:40:25.1 (102401308)|HEAP_ALLOCATE|[66]|Bytes:5
17:40:25.1 (102404374)|VARIABLE_ASSIGNMENT|[66]|this.IsFavorite|true|0x4a97ab27
17:40:25.1 (102406926)|STATEMENT_EXECUTE|[67]
17:40:25.1 (102409997)|HEAP_ALLOCATE|[EXTERNAL]|Bytes:4
17:40:25.1 (102415713)|HEAP_ALLOCATE|[55]|Bytes:5
17:40:25.1 (102420670)|HEAP_ALLOCATE|[55]|Bytes:36
17:40:25.1 (102423958)|VARIABLE_SCOPE_BEGIN|[55]|j|Job__c|true|false
17:40:25.1 (102459385)|VARIABLE_ASSIGNMENT|[55]|j|{"LastModifiedDate":"2026-03-12T05:33:30.000Z","JobPosition__c":"テスト424求人タイトル求人タイトル求人 (28 more) ...","LastViewedDate":"2026-04-02T07:16:25.000Z","Id":"a0KBK00000GexdF2AR","MinAnnualSalary__c":250,"JobDescription__c":"テスト424仕事内容仕事内容仕事内容仕事 (30 more) ...","JobCategory1__c":"技術系（電気/電子/機械）","MaxAnnualSalary__c":350}|0x614a367
17:40:25.1 (102465419)|STATEMENT_EXECUTE|[55]
17:40:25.1 (102466438)|STATEMENT_EXECUTE|[56]
17:40:25.1 (102467943)|HEAP_ALLOCATE|[56]|Bytes:44
17:40:25.1 (102470678)|CONSTRUCTOR_ENTRY|[56]|01pBK000001RGBP|<init>()|JobCardsController.JobWrapper
17:40:25.1 (102474074)|VARIABLE_SCOPE_BEGIN|[12]|this|JobCardsController.JobWrapper|true|false
17:40:25.1 (102482625)|VARIABLE_ASSIGNMENT|[12]|this|{}|0x6edd18d4
17:40:25.1 (102489418)|STATEMENT_EXECUTE|[12]
17:40:25.1 (102490304)|STATEMENT_EXECUTE|[13]
17:40:25.1 (102491204)|STATEMENT_EXECUTE|[14]
17:40:25.1 (102491974)|STATEMENT_EXECUTE|[15]
17:40:25.1 (102492740)|STATEMENT_EXECUTE|[16]
17:40:25.1 (102493563)|STATEMENT_EXECUTE|[17]
17:40:25.1 (102494334)|STATEMENT_EXECUTE|[18]
17:40:25.1 (102495086)|STATEMENT_EXECUTE|[19]
17:40:25.1 (102495848)|STATEMENT_EXECUTE|[20]
17:40:25.1 (102496627)|STATEMENT_EXECUTE|[21]
17:40:25.1 (102497359)|STATEMENT_EXECUTE|[22]
17:40:25.1 (102498799)|CONSTRUCTOR_EXIT|[56]|01pBK000001RGBP|<init>()|JobCardsController.JobWrapper
17:40:25.1 (102501791)|VARIABLE_SCOPE_BEGIN|[56]|wrapper|JobCardsController.JobWrapper|true|false
17:40:25.1 (102508569)|VARIABLE_ASSIGNMENT|[56]|wrapper|{}|0x6edd18d4
17:40:25.1 (102511160)|STATEMENT_EXECUTE|[57]
17:40:25.1 (102534804)|VARIABLE_ASSIGNMENT|[57]|this.Id|"a0KBK00000GexdF2AR"|0x6edd18d4
17:40:25.1 (102537786)|STATEMENT_EXECUTE|[58]
17:40:25.1 (102542300)|VARIABLE_ASSIGNMENT|[58]|this.JobPosition|"テスト424求人タイトル求人タイトル求人 (28 more) ..."|0x6edd18d4
17:40:25.1 (102545107)|STATEMENT_EXECUTE|[59]
17:40:25.1 (102547954)|VARIABLE_ASSIGNMENT|[59]|this.WorkLocation2|null|0x6edd18d4
17:40:25.1 (102550690)|STATEMENT_EXECUTE|[60]
17:40:25.1 (102553753)|VARIABLE_ASSIGNMENT|[60]|this.JobCategory1|"技術系（電気/電子/機械）"|0x6edd18d4
17:40:25.1 (102556567)|STATEMENT_EXECUTE|[61]
17:40:25.1 (102560868)|VARIABLE_ASSIGNMENT|[61]|this.MaxAnnualSalary|350|0x6edd18d4
17:40:25.1 (102563327)|STATEMENT_EXECUTE|[62]
17:40:25.1 (102566498)|VARIABLE_ASSIGNMENT|[62]|this.MinAnnualSalary|250|0x6edd18d4
17:40:25.1 (102568945)|STATEMENT_EXECUTE|[63]
17:40:25.1 (102572430)|VARIABLE_ASSIGNMENT|[63]|this.JobDescription|"テスト424仕事内容仕事内容仕事内容仕事 (30 more) ..."|0x6edd18d4
17:40:25.1 (102575335)|STATEMENT_EXECUTE|[64]
17:40:25.1 (102581469)|VARIABLE_ASSIGNMENT|[64]|this.LastModifiedDate|"2026-03-12T05:33:30.000Z"|0x6edd18d4
17:40:25.1 (102583951)|STATEMENT_EXECUTE|[65]
17:40:25.1 (102588831)|VARIABLE_ASSIGNMENT|[65]|this.LastViewedDate|"2026-04-02T07:16:25.000Z"|0x6edd18d4
17:40:25.1 (102591324)|STATEMENT_EXECUTE|[66]
17:40:25.1 (102597964)|HEAP_ALLOCATE|[66]|Bytes:5
17:40:25.1 (102601179)|VARIABLE_ASSIGNMENT|[66]|this.IsFavorite|false|0x6edd18d4
17:40:25.1 (102603833)|STATEMENT_EXECUTE|[67]
17:40:25.1 (102606548)|HEAP_ALLOCATE|[EXTERNAL]|Bytes:4
17:40:25.1 (102611947)|HEAP_ALLOCATE|[55]|Bytes:5
17:40:25.1 (102616139)|HEAP_ALLOCATE|[55]|Bytes:36
17:40:25.1 (102619095)|VARIABLE_SCOPE_BEGIN|[55]|j|Job__c|true|false
17:40:25.1 (102650548)|VARIABLE_ASSIGNMENT|[55]|j|{"LastModifiedDate":"2026-03-09T05:51:50.000Z","JobPosition__c":"テスト403求人タイトル求人タイトル求人 (28 more) ...","LastViewedDate":"2026-04-02T10:23:00.000Z","Id":"a0KBK00000Gexcu2AB","MinAnnualSalary__c":900,"JobDescription__c":"テスト403仕事内容仕事内容仕事内容仕事 (30 more) ...","JobCategory1__c":"営業系","MaxAnnualSalary__c":600}|0x7cb67b68
17:40:25.1 (102656634)|STATEMENT_EXECUTE|[55]
17:40:25.1 (102657531)|STATEMENT_EXECUTE|[56]
17:40:25.1 (102658892)|HEAP_ALLOCATE|[56]|Bytes:44
17:40:25.1 (102661469)|CONSTRUCTOR_ENTRY|[56]|01pBK000001RGBP|<init>()|JobCardsController.JobWrapper
17:40:25.1 (102664337)|VARIABLE_SCOPE_BEGIN|[12]|this|JobCardsController.JobWrapper|true|false
17:40:25.1 (102672825)|VARIABLE_ASSIGNMENT|[12]|this|{}|0x14838e8f
17:40:25.1 (102679511)|STATEMENT_EXECUTE|[12]
17:40:25.1 (102680577)|STATEMENT_EXECUTE|[13]
17:40:25.1 (102681348)|STATEMENT_EXECUTE|[14]
17:40:25.1 (102682119)|STATEMENT_EXECUTE|[15]
17:40:25.1 (102682914)|STATEMENT_EXECUTE|[16]
17:40:25.1 (102683715)|STATEMENT_EXECUTE|[17]
17:40:25.1 (102684485)|STATEMENT_EXECUTE|[18]
17:40:25.1 (102685216)|STATEMENT_EXECUTE|[19]
17:40:25.1 (102685948)|STATEMENT_EXECUTE|[20]
17:40:25.1 (102686780)|STATEMENT_EXECUTE|[21]
17:40:25.1 (102687518)|STATEMENT_EXECUTE|[22]
17:40:25.1 (102689215)|CONSTRUCTOR_EXIT|[56]|01pBK000001RGBP|<init>()|JobCardsController.JobWrapper
17:40:25.1 (102692464)|VARIABLE_SCOPE_BEGIN|[56]|wrapper|JobCardsController.JobWrapper|true|false
17:40:25.1 (102699134)|VARIABLE_ASSIGNMENT|[56]|wrapper|{}|0x14838e8f
17:40:25.1 (102701503)|STATEMENT_EXECUTE|[57]
17:40:25.1 (102723379)|VARIABLE_ASSIGNMENT|[57]|this.Id|"a0KBK00000Gexcu2AB"|0x14838e8f
17:40:25.1 (102726290)|STATEMENT_EXECUTE|[58]
17:40:25.1 (102730478)|VARIABLE_ASSIGNMENT|[58]|this.JobPosition|"テスト403求人タイトル求人タイトル求人 (28 more) ..."|0x14838e8f
17:40:25.1 (102733446)|STATEMENT_EXECUTE|[59]
17:40:25.1 (102736188)|VARIABLE_ASSIGNMENT|[59]|this.WorkLocation2|null|0x14838e8f
17:40:25.1 (102738921)|STATEMENT_EXECUTE|[60]
17:40:25.1 (102741798)|VARIABLE_ASSIGNMENT|[60]|this.JobCategory1|"営業系"|0x14838e8f
17:40:25.1 (102744873)|STATEMENT_EXECUTE|[61]
17:40:25.1 (102748916)|VARIABLE_ASSIGNMENT|[61]|this.MaxAnnualSalary|600|0x14838e8f
17:40:25.1 (102751287)|STATEMENT_EXECUTE|[62]
17:40:25.1 (102754456)|VARIABLE_ASSIGNMENT|[62]|this.MinAnnualSalary|900|0x14838e8f
17:40:25.1 (102757014)|STATEMENT_EXECUTE|[63]
17:40:25.1 (102760456)|VARIABLE_ASSIGNMENT|[63]|this.JobDescription|"テスト403仕事内容仕事内容仕事内容仕事 (30 more) ..."|0x14838e8f
17:40:25.1 (102763223)|STATEMENT_EXECUTE|[64]
17:40:25.1 (102769273)|VARIABLE_ASSIGNMENT|[64]|this.LastModifiedDate|"2026-03-09T05:51:50.000Z"|0x14838e8f
17:40:25.1 (102771764)|STATEMENT_EXECUTE|[65]
17:40:25.1 (102776546)|VARIABLE_ASSIGNMENT|[65]|this.LastViewedDate|"2026-04-02T10:23:00.000Z"|0x14838e8f
17:40:25.1 (102779123)|STATEMENT_EXECUTE|[66]
17:40:25.1 (102786055)|HEAP_ALLOCATE|[66]|Bytes:5
17:40:25.1 (102789115)|VARIABLE_ASSIGNMENT|[66]|this.IsFavorite|true|0x14838e8f
17:40:25.1 (102791842)|STATEMENT_EXECUTE|[67]
17:40:25.1 (102794539)|HEAP_ALLOCATE|[EXTERNAL]|Bytes:4
17:40:25.1 (102799798)|HEAP_ALLOCATE|[55]|Bytes:5
17:40:25.1 (102803889)|HEAP_ALLOCATE|[55]|Bytes:36
17:40:25.1 (102806584)|VARIABLE_SCOPE_BEGIN|[55]|j|Job__c|true|false
17:40:25.1 (102836488)|VARIABLE_ASSIGNMENT|[55]|j|{"LastModifiedDate":"2026-03-09T05:51:49.000Z","JobPosition__c":"テスト402求人タイトル求人タイトル求人 (28 more) ...","LastViewedDate":"2026-03-18T09:45:33.000Z","Id":"a0KBK00000Gexct2AB","MinAnnualSalary__c":500,"JobDescription__c":"テスト402仕事内容仕事内容仕事内容仕事 (30 more) ...","JobCategory1__c":"営業系","MaxAnnualSalary__c":400}|0x6b177b4e
17:40:25.1 (102842480)|STATEMENT_EXECUTE|[55]
17:40:25.1 (102843414)|STATEMENT_EXECUTE|[56]
17:40:25.1 (102844987)|HEAP_ALLOCATE|[56]|Bytes:44
17:40:25.1 (102847597)|CONSTRUCTOR_ENTRY|[56]|01pBK000001RGBP|<init>()|JobCardsController.JobWrapper
17:40:25.1 (102850696)|VARIABLE_SCOPE_BEGIN|[12]|this|JobCardsController.JobWrapper|true|false
17:40:25.1 (102858686)|VARIABLE_ASSIGNMENT|[12]|this|{}|0x7bbcd80d
17:40:25.1 (102865397)|STATEMENT_EXECUTE|[12]
17:40:25.1 (102866274)|STATEMENT_EXECUTE|[13]
17:40:25.1 (102867065)|STATEMENT_EXECUTE|[14]
17:40:25.1 (102867859)|STATEMENT_EXECUTE|[15]
17:40:25.1 (102868612)|STATEMENT_EXECUTE|[16]
17:40:25.1 (102869383)|STATEMENT_EXECUTE|[17]
17:40:25.1 (102870148)|STATEMENT_EXECUTE|[18]
17:40:25.1 (102870940)|STATEMENT_EXECUTE|[19]
17:40:25.1 (102871680)|STATEMENT_EXECUTE|[20]
17:40:25.1 (102872446)|STATEMENT_EXECUTE|[21]
17:40:25.1 (102873178)|STATEMENT_EXECUTE|[22]
17:40:25.1 (102874456)|CONSTRUCTOR_EXIT|[56]|01pBK000001RGBP|<init>()|JobCardsController.JobWrapper
17:40:25.1 (102877484)|VARIABLE_SCOPE_BEGIN|[56]|wrapper|JobCardsController.JobWrapper|true|false
17:40:25.1 (102884199)|VARIABLE_ASSIGNMENT|[56]|wrapper|{}|0x7bbcd80d
17:40:25.1 (102886566)|STATEMENT_EXECUTE|[57]
17:40:25.1 (102908175)|VARIABLE_ASSIGNMENT|[57]|this.Id|"a0KBK00000Gexct2AB"|0x7bbcd80d
17:40:25.1 (102911233)|STATEMENT_EXECUTE|[58]
17:40:25.1 (102915483)|VARIABLE_ASSIGNMENT|[58]|this.JobPosition|"テスト402求人タイトル求人タイトル求人 (28 more) ..."|0x7bbcd80d
17:40:25.1 (102918653)|STATEMENT_EXECUTE|[59]
17:40:25.1 (102921215)|VARIABLE_ASSIGNMENT|[59]|this.WorkLocation2|null|0x7bbcd80d
17:40:25.1 (102923556)|STATEMENT_EXECUTE|[60]
17:40:25.1 (102926298)|VARIABLE_ASSIGNMENT|[60]|this.JobCategory1|"営業系"|0x7bbcd80d
17:40:25.1 (102928794)|STATEMENT_EXECUTE|[61]
17:40:25.1 (102932750)|VARIABLE_ASSIGNMENT|[61]|this.MaxAnnualSalary|400|0x7bbcd80d
17:40:25.1 (102935288)|STATEMENT_EXECUTE|[62]
17:40:25.1 (102938395)|VARIABLE_ASSIGNMENT|[62]|this.MinAnnualSalary|500|0x7bbcd80d
17:40:25.1 (102940959)|STATEMENT_EXECUTE|[63]
17:40:25.1 (102944388)|VARIABLE_ASSIGNMENT|[63]|this.JobDescription|"テスト402仕事内容仕事内容仕事内容仕事 (30 more) ..."|0x7bbcd80d
17:40:25.1 (102947369)|STATEMENT_EXECUTE|[64]
17:40:25.1 (102953360)|VARIABLE_ASSIGNMENT|[64]|this.LastModifiedDate|"2026-03-09T05:51:49.000Z"|0x7bbcd80d
17:40:25.1 (102956015)|STATEMENT_EXECUTE|[65]
17:40:25.1 (102960724)|VARIABLE_ASSIGNMENT|[65]|this.LastViewedDate|"2026-03-18T09:45:33.000Z"|0x7bbcd80d
17:40:25.1 (102963150)|STATEMENT_EXECUTE|[66]
17:40:25.1 (102969377)|HEAP_ALLOCATE|[66]|Bytes:5
17:40:25.1 (102972228)|VARIABLE_ASSIGNMENT|[66]|this.IsFavorite|false|0x7bbcd80d
17:40:25.1 (102974819)|STATEMENT_EXECUTE|[67]
17:40:25.1 (102977523)|HEAP_ALLOCATE|[EXTERNAL]|Bytes:4
17:40:25.1 (102982984)|HEAP_ALLOCATE|[55]|Bytes:5
17:40:25.1 (102987008)|HEAP_ALLOCATE|[55]|Bytes:40
17:40:25.1 (102989722)|VARIABLE_SCOPE_BEGIN|[55]|j|Job__c|true|false
17:40:25.1 (103022142)|VARIABLE_ASSIGNMENT|[55]|j|{"LastModifiedDate":"2026-03-06T01:15:09.000Z","JobPosition__c":"千代田区(東京) 設備積算・大手サブコン (18 more) ...","WorkLocation2__c":"東京都千代田区","LastViewedDate":"2026-03-17T05:57:19.000Z","Id":"a0KBK00000GezgH2AR","MinAnnualSalary__c":400,"JobDescription__c":"事務所ビルや商業施設、工場など、多様な建 (105 more) ...","JobCategory1__c":"営業系","MaxAnnualSalary__c":650}|0x36e4a762
17:40:25.1 (103029264)|STATEMENT_EXECUTE|[55]
17:40:25.1 (103030114)|STATEMENT_EXECUTE|[56]
17:40:25.1 (103031579)|HEAP_ALLOCATE|[56]|Bytes:44
17:40:25.1 (103034275)|CONSTRUCTOR_ENTRY|[56]|01pBK000001RGBP|<init>()|JobCardsController.JobWrapper
17:40:25.1 (103037268)|VARIABLE_SCOPE_BEGIN|[12]|this|JobCardsController.JobWrapper|true|false
17:40:25.1 (103045389)|VARIABLE_ASSIGNMENT|[12]|this|{}|0xc058ace
17:40:25.1 (103051784)|STATEMENT_EXECUTE|[12]
17:40:25.1 (103052696)|STATEMENT_EXECUTE|[13]
17:40:25.1 (103053479)|STATEMENT_EXECUTE|[14]
17:40:25.1 (103054253)|STATEMENT_EXECUTE|[15]
17:40:25.1 (103055012)|STATEMENT_EXECUTE|[16]
17:40:25.1 (103055785)|STATEMENT_EXECUTE|[17]
17:40:25.1 (103056561)|STATEMENT_EXECUTE|[18]
17:40:25.1 (103057333)|STATEMENT_EXECUTE|[19]
17:40:25.1 (103058078)|STATEMENT_EXECUTE|[20]
17:40:25.1 (103058815)|STATEMENT_EXECUTE|[21]
17:40:25.1 (103059551)|STATEMENT_EXECUTE|[22]
17:40:25.1 (103060839)|CONSTRUCTOR_EXIT|[56]|01pBK000001RGBP|<init>()|JobCardsController.JobWrapper
17:40:25.1 (103063936)|VARIABLE_SCOPE_BEGIN|[56]|wrapper|JobCardsController.JobWrapper|true|false
17:40:25.1 (103070466)|VARIABLE_ASSIGNMENT|[56]|wrapper|{}|0xc058ace
17:40:25.1 (103073076)|STATEMENT_EXECUTE|[57]
17:40:25.1 (103094058)|VARIABLE_ASSIGNMENT|[57]|this.Id|"a0KBK00000GezgH2AR"|0xc058ace
17:40:25.1 (103097016)|STATEMENT_EXECUTE|[58]
17:40:25.1 (103101428)|VARIABLE_ASSIGNMENT|[58]|this.JobPosition|"千代田区(東京) 設備積算・大手サブコン (18 more) ..."|0xc058ace
17:40:25.1 (103104476)|STATEMENT_EXECUTE|[59]
17:40:25.1 (103107789)|VARIABLE_ASSIGNMENT|[59]|this.WorkLocation2|"東京都千代田区"|0xc058ace
17:40:25.1 (103110524)|STATEMENT_EXECUTE|[60]
17:40:25.1 (103113209)|VARIABLE_ASSIGNMENT|[60]|this.JobCategory1|"営業系"|0xc058ace
17:40:25.1 (103116056)|STATEMENT_EXECUTE|[61]
17:40:25.1 (103120004)|VARIABLE_ASSIGNMENT|[61]|this.MaxAnnualSalary|650|0xc058ace
17:40:25.1 (103122526)|STATEMENT_EXECUTE|[62]
17:40:25.1 (103125886)|VARIABLE_ASSIGNMENT|[62]|this.MinAnnualSalary|400|0xc058ace
17:40:25.1 (103128284)|STATEMENT_EXECUTE|[63]
17:40:25.1 (103131814)|VARIABLE_ASSIGNMENT|[63]|this.JobDescription|"事務所ビルや商業施設、工場など、多様な建 (105 more) ..."|0xc058ace
17:40:25.1 (103134906)|STATEMENT_EXECUTE|[64]
17:40:25.1 (103140954)|VARIABLE_ASSIGNMENT|[64]|this.LastModifiedDate|"2026-03-06T01:15:09.000Z"|0xc058ace
17:40:25.1 (103143515)|STATEMENT_EXECUTE|[65]
17:40:25.1 (103148292)|VARIABLE_ASSIGNMENT|[65]|this.LastViewedDate|"2026-03-17T05:57:19.000Z"|0xc058ace
17:40:25.1 (103150814)|STATEMENT_EXECUTE|[66]
17:40:25.1 (103156754)|HEAP_ALLOCATE|[66]|Bytes:5
17:40:25.1 (103159743)|VARIABLE_ASSIGNMENT|[66]|this.IsFavorite|false|0xc058ace
17:40:25.1 (103162090)|STATEMENT_EXECUTE|[67]
17:40:25.1 (103164906)|HEAP_ALLOCATE|[EXTERNAL]|Bytes:4
17:40:25.1 (103170668)|HEAP_ALLOCATE|[55]|Bytes:5
17:40:25.1 (103174737)|HEAP_ALLOCATE|[55]|Bytes:36
17:40:25.1 (103177709)|VARIABLE_SCOPE_BEGIN|[55]|j|Job__c|true|false
17:40:25.1 (103208351)|VARIABLE_ASSIGNMENT|[55]|j|{"LastModifiedDate":"2026-02-06T01:25:17.000Z","JobPosition__c":"テスト467求人タイトル求人タイトル求人 (28 more) ...","LastViewedDate":"2026-04-02T09:39:31.000Z","Id":"a0KBK00000Gexdw2AB","MinAnnualSalary__c":216,"JobDescription__c":"テスト467仕事内容仕事内容仕事内容仕事 (30 more) ...","JobCategory1__c":"管理部門/事務系","MaxAnnualSalary__c":0}|0x15483542
17:40:25.1 (103214631)|STATEMENT_EXECUTE|[55]
17:40:25.1 (103215505)|STATEMENT_EXECUTE|[56]
17:40:25.1 (103216979)|HEAP_ALLOCATE|[56]|Bytes:44
17:40:25.1 (103219618)|CONSTRUCTOR_ENTRY|[56]|01pBK000001RGBP|<init>()|JobCardsController.JobWrapper
17:40:25.1 (103222793)|VARIABLE_SCOPE_BEGIN|[12]|this|JobCardsController.JobWrapper|true|false
17:40:25.1 (103231304)|VARIABLE_ASSIGNMENT|[12]|this|{}|0xa182822
17:40:25.1 (103237535)|STATEMENT_EXECUTE|[12]
17:40:25.1 (103238417)|STATEMENT_EXECUTE|[13]
17:40:25.1 (103239192)|STATEMENT_EXECUTE|[14]
17:40:25.1 (103239958)|STATEMENT_EXECUTE|[15]
17:40:25.1 (103240726)|STATEMENT_EXECUTE|[16]
17:40:25.1 (103241526)|STATEMENT_EXECUTE|[17]
17:40:25.1 (103242298)|STATEMENT_EXECUTE|[18]
17:40:25.1 (103243078)|STATEMENT_EXECUTE|[19]
17:40:25.1 (103243866)|STATEMENT_EXECUTE|[20]
17:40:25.1 (103244615)|STATEMENT_EXECUTE|[21]
17:40:25.1 (103245448)|STATEMENT_EXECUTE|[22]
17:40:25.1 (103246796)|CONSTRUCTOR_EXIT|[56]|01pBK000001RGBP|<init>()|JobCardsController.JobWrapper
17:40:25.1 (103249606)|VARIABLE_SCOPE_BEGIN|[56]|wrapper|JobCardsController.JobWrapper|true|false
17:40:25.1 (103256483)|VARIABLE_ASSIGNMENT|[56]|wrapper|{}|0xa182822
17:40:25.1 (103258823)|STATEMENT_EXECUTE|[57]
17:40:25.1 (103280607)|VARIABLE_ASSIGNMENT|[57]|this.Id|"a0KBK00000Gexdw2AB"|0xa182822
17:40:25.1 (103283844)|STATEMENT_EXECUTE|[58]
17:40:25.1 (103288279)|VARIABLE_ASSIGNMENT|[58]|this.JobPosition|"テスト467求人タイトル求人タイトル求人 (28 more) ..."|0xa182822
17:40:25.1 (103291001)|STATEMENT_EXECUTE|[59]
17:40:25.1 (103293582)|VARIABLE_ASSIGNMENT|[59]|this.WorkLocation2|null|0xa182822
17:40:25.1 (103296053)|STATEMENT_EXECUTE|[60]
17:40:25.1 (103298836)|VARIABLE_ASSIGNMENT|[60]|this.JobCategory1|"管理部門/事務系"|0xa182822
17:40:25.1 (103301712)|STATEMENT_EXECUTE|[61]
17:40:25.1 (103322142)|HEAP_ALLOCATE|[61]|Bytes:28
17:40:25.1 (103326752)|VARIABLE_ASSIGNMENT|[61]|this.MaxAnnualSalary|0|0xa182822
17:40:25.1 (103329282)|STATEMENT_EXECUTE|[62]
17:40:25.1 (103332714)|VARIABLE_ASSIGNMENT|[62]|this.MinAnnualSalary|216|0xa182822
17:40:25.1 (103335358)|STATEMENT_EXECUTE|[63]
17:40:25.1 (103338824)|VARIABLE_ASSIGNMENT|[63]|this.JobDescription|"テスト467仕事内容仕事内容仕事内容仕事 (30 more) ..."|0xa182822
17:40:25.1 (103341568)|STATEMENT_EXECUTE|[64]
17:40:25.1 (103347806)|VARIABLE_ASSIGNMENT|[64]|this.LastModifiedDate|"2026-02-06T01:25:17.000Z"|0xa182822
17:40:25.1 (103350325)|STATEMENT_EXECUTE|[65]
17:40:25.1 (103355272)|VARIABLE_ASSIGNMENT|[65]|this.LastViewedDate|"2026-04-02T09:39:31.000Z"|0xa182822
17:40:25.1 (103357838)|STATEMENT_EXECUTE|[66]
17:40:25.1 (103364119)|HEAP_ALLOCATE|[66]|Bytes:5
17:40:25.1 (103366989)|VARIABLE_ASSIGNMENT|[66]|this.IsFavorite|false|0xa182822
17:40:25.1 (103369345)|STATEMENT_EXECUTE|[67]
17:40:25.1 (103372249)|HEAP_ALLOCATE|[EXTERNAL]|Bytes:4
17:40:25.1 (103377638)|HEAP_ALLOCATE|[55]|Bytes:5
17:40:25.1 (103381796)|HEAP_ALLOCATE|[55]|Bytes:36
17:40:25.1 (103384749)|VARIABLE_SCOPE_BEGIN|[55]|j|Job__c|true|false
17:40:25.1 (103416876)|VARIABLE_ASSIGNMENT|[55]|j|{"LastModifiedDate":"2026-02-05T00:50:25.000Z","JobPosition__c":"テスト297求人タイトル求人タイトル求人 (28 more) ...","LastViewedDate":"2026-03-28T05:28:09.000Z","Id":"a0KBK00000Gezpx2AB","MinAnnualSalary__c":350,"JobDescription__c":"テスト297仕事内容仕事内容仕事内容仕事 (30 more) ...","JobCategory1__c":"IT系（ソフトウェア/ネットワーク）","MaxAnnualSalary__c":600}|0x5aea71b8
17:40:25.1 (103422982)|STATEMENT_EXECUTE|[55]
17:40:25.1 (103423801)|STATEMENT_EXECUTE|[56]
17:40:25.1 (103425339)|HEAP_ALLOCATE|[56]|Bytes:44
17:40:25.1 (103428017)|CONSTRUCTOR_ENTRY|[56]|01pBK000001RGBP|<init>()|JobCardsController.JobWrapper
17:40:25.1 (103431305)|VARIABLE_SCOPE_BEGIN|[12]|this|JobCardsController.JobWrapper|true|false
17:40:25.1 (103439737)|VARIABLE_ASSIGNMENT|[12]|this|{}|0x2672818
17:40:25.1 (103446082)|STATEMENT_EXECUTE|[12]
17:40:25.1 (103447032)|STATEMENT_EXECUTE|[13]
17:40:25.1 (103447843)|STATEMENT_EXECUTE|[14]
17:40:25.1 (103448591)|STATEMENT_EXECUTE|[15]
17:40:25.1 (103449331)|STATEMENT_EXECUTE|[16]
17:40:25.1 (103450239)|STATEMENT_EXECUTE|[17]
17:40:25.1 (103451043)|STATEMENT_EXECUTE|[18]
17:40:25.1 (103451803)|STATEMENT_EXECUTE|[19]
17:40:25.1 (103452581)|STATEMENT_EXECUTE|[20]
17:40:25.1 (103453332)|STATEMENT_EXECUTE|[21]
17:40:25.1 (103454080)|STATEMENT_EXECUTE|[22]
17:40:25.1 (103455478)|CONSTRUCTOR_EXIT|[56]|01pBK000001RGBP|<init>()|JobCardsController.JobWrapper
17:40:25.1 (103458404)|VARIABLE_SCOPE_BEGIN|[56]|wrapper|JobCardsController.JobWrapper|true|false
17:40:25.1 (103465039)|VARIABLE_ASSIGNMENT|[56]|wrapper|{}|0x2672818
17:40:25.1 (103467509)|STATEMENT_EXECUTE|[57]
17:40:25.1 (103489426)|VARIABLE_ASSIGNMENT|[57]|this.Id|"a0KBK00000Gezpx2AB"|0x2672818
17:40:25.1 (103492413)|STATEMENT_EXECUTE|[58]
17:40:25.1 (103496857)|VARIABLE_ASSIGNMENT|[58]|this.JobPosition|"テスト297求人タイトル求人タイトル求人 (28 more) ..."|0x2672818
17:40:25.1 (103499673)|STATEMENT_EXECUTE|[59]
17:40:25.1 (103502222)|VARIABLE_ASSIGNMENT|[59]|this.WorkLocation2|null|0x2672818
17:40:25.1 (103504587)|STATEMENT_EXECUTE|[60]
17:40:25.1 (103507671)|VARIABLE_ASSIGNMENT|[60]|this.JobCategory1|"IT系（ソフトウェア/ネットワーク）"|0x2672818
17:40:25.1 (103510673)|STATEMENT_EXECUTE|[61]
17:40:25.1 (103514660)|VARIABLE_ASSIGNMENT|[61]|this.MaxAnnualSalary|600|0x2672818
17:40:25.1 (103517068)|STATEMENT_EXECUTE|[62]
17:40:25.1 (103520136)|VARIABLE_ASSIGNMENT|[62]|this.MinAnnualSalary|350|0x2672818
17:40:25.1 (103522617)|STATEMENT_EXECUTE|[63]
17:40:25.1 (103526163)|VARIABLE_ASSIGNMENT|[63]|this.JobDescription|"テスト297仕事内容仕事内容仕事内容仕事 (30 more) ..."|0x2672818
17:40:25.1 (103529043)|STATEMENT_EXECUTE|[64]
17:40:25.1 (103535113)|VARIABLE_ASSIGNMENT|[64]|this.LastModifiedDate|"2026-02-05T00:50:25.000Z"|0x2672818
17:40:25.1 (103538157)|STATEMENT_EXECUTE|[65]
17:40:25.1 (103542872)|VARIABLE_ASSIGNMENT|[65]|this.LastViewedDate|"2026-03-28T05:28:09.000Z"|0x2672818
17:40:25.1 (103545399)|STATEMENT_EXECUTE|[66]
17:40:25.1 (103551416)|HEAP_ALLOCATE|[66]|Bytes:5
17:40:25.1 (103554220)|VARIABLE_ASSIGNMENT|[66]|this.IsFavorite|false|0x2672818
17:40:25.1 (103556538)|STATEMENT_EXECUTE|[67]
17:40:25.1 (103559512)|HEAP_ALLOCATE|[EXTERNAL]|Bytes:4
17:40:25.1 (103564637)|HEAP_ALLOCATE|[55]|Bytes:5
17:40:25.1 (103568705)|HEAP_ALLOCATE|[55]|Bytes:36
17:40:25.1 (103571609)|VARIABLE_SCOPE_BEGIN|[55]|j|Job__c|true|false
17:40:25.1 (103602438)|VARIABLE_ASSIGNMENT|[55]|j|{"LastModifiedDate":"2026-02-05T00:49:22.000Z","JobPosition__c":"テスト407求人タイトル求人タイトル求人 (28 more) ...","LastViewedDate":"2026-03-18T09:45:42.000Z","Id":"a0KBK00000Gexcy2AB","MinAnnualSalary__c":350,"JobDescription__c":"テスト407仕事内容仕事内容仕事内容仕事 (30 more) ...","JobCategory1__c":"営業系","MaxAnnualSalary__c":450}|0xaf7bca0
17:40:25.1 (103607762)|STATEMENT_EXECUTE|[55]
17:40:25.1 (103608585)|STATEMENT_EXECUTE|[56]
17:40:25.1 (103610246)|HEAP_ALLOCATE|[56]|Bytes:44
17:40:25.1 (103612779)|CONSTRUCTOR_ENTRY|[56]|01pBK000001RGBP|<init>()|JobCardsController.JobWrapper
17:40:25.1 (103615974)|VARIABLE_SCOPE_BEGIN|[12]|this|JobCardsController.JobWrapper|true|false
17:40:25.1 (103624152)|VARIABLE_ASSIGNMENT|[12]|this|{}|0x1f86f4e9
17:40:25.1 (103630439)|STATEMENT_EXECUTE|[12]
17:40:25.1 (103631428)|STATEMENT_EXECUTE|[13]
17:40:25.1 (103632220)|STATEMENT_EXECUTE|[14]
17:40:25.1 (103632987)|STATEMENT_EXECUTE|[15]
17:40:25.1 (103633794)|STATEMENT_EXECUTE|[16]
17:40:25.1 (103634591)|STATEMENT_EXECUTE|[17]
17:40:25.1 (103635366)|STATEMENT_EXECUTE|[18]
17:40:25.1 (103636145)|STATEMENT_EXECUTE|[19]
17:40:25.1 (103636909)|STATEMENT_EXECUTE|[20]
17:40:25.1 (103637633)|STATEMENT_EXECUTE|[21]
17:40:25.1 (103638360)|STATEMENT_EXECUTE|[22]
17:40:25.1 (103639653)|CONSTRUCTOR_EXIT|[56]|01pBK000001RGBP|<init>()|JobCardsController.JobWrapper
17:40:25.1 (103642425)|VARIABLE_SCOPE_BEGIN|[56]|wrapper|JobCardsController.JobWrapper|true|false
17:40:25.1 (103648926)|VARIABLE_ASSIGNMENT|[56]|wrapper|{}|0x1f86f4e9
17:40:25.1 (103651396)|STATEMENT_EXECUTE|[57]
17:40:25.1 (103672573)|VARIABLE_ASSIGNMENT|[57]|this.Id|"a0KBK00000Gexcy2AB"|0x1f86f4e9
17:40:25.1 (103675320)|STATEMENT_EXECUTE|[58]
17:40:25.1 (103679808)|VARIABLE_ASSIGNMENT|[58]|this.JobPosition|"テスト407求人タイトル求人タイトル求人 (28 more) ..."|0x1f86f4e9
17:40:25.1 (103682885)|STATEMENT_EXECUTE|[59]
17:40:25.1 (103685573)|VARIABLE_ASSIGNMENT|[59]|this.WorkLocation2|null|0x1f86f4e9
17:40:25.1 (103688001)|STATEMENT_EXECUTE|[60]
17:40:25.1 (103690752)|VARIABLE_ASSIGNMENT|[60]|this.JobCategory1|"営業系"|0x1f86f4e9
17:40:25.1 (103693301)|STATEMENT_EXECUTE|[61]
17:40:25.1 (103697084)|VARIABLE_ASSIGNMENT|[61]|this.MaxAnnualSalary|450|0x1f86f4e9
17:40:25.1 (103699464)|STATEMENT_EXECUTE|[62]
17:40:25.1 (103702543)|VARIABLE_ASSIGNMENT|[62]|this.MinAnnualSalary|350|0x1f86f4e9
17:40:25.1 (103705157)|STATEMENT_EXECUTE|[63]
17:40:25.1 (103708557)|VARIABLE_ASSIGNMENT|[63]|this.JobDescription|"テスト407仕事内容仕事内容仕事内容仕事 (30 more) ..."|0x1f86f4e9
17:40:25.1 (103711225)|STATEMENT_EXECUTE|[64]
17:40:25.1 (103717295)|VARIABLE_ASSIGNMENT|[64]|this.LastModifiedDate|"2026-02-05T00:49:22.000Z"|0x1f86f4e9
17:40:25.1 (103719989)|STATEMENT_EXECUTE|[65]
17:40:25.1 (103724607)|VARIABLE_ASSIGNMENT|[65]|this.LastViewedDate|"2026-03-18T09:45:42.000Z"|0x1f86f4e9
17:40:25.1 (103727277)|STATEMENT_EXECUTE|[66]
17:40:25.1 (103733300)|HEAP_ALLOCATE|[66]|Bytes:5
17:40:25.1 (103736101)|VARIABLE_ASSIGNMENT|[66]|this.IsFavorite|false|0x1f86f4e9
17:40:25.1 (103738652)|STATEMENT_EXECUTE|[67]
17:40:25.1 (103741205)|HEAP_ALLOCATE|[EXTERNAL]|Bytes:4
17:40:25.1 (103746682)|HEAP_ALLOCATE|[55]|Bytes:5
17:40:25.1 (103751886)|VARIABLE_ASSIGNMENT|[55]|j|null|
17:40:25.1 (103755850)|STATEMENT_EXECUTE|[69]
17:40:25.103 (103809317)|CUMULATIVE_LIMIT_USAGE
17:40:25.103 (103809317)|LIMIT_USAGE_FOR_NS|(default)|
  Number of SOQL queries: 2 out of 100
  Number of query rows: 14 out of 50000
  Number of SOSL queries: 0 out of 20
  Number of DML statements: 0 out of 150
  Number of Publish Immediate DML: 0 out of 150
  Number of DML rows: 0 out of 10000
  Maximum CPU time: 0 out of 10000
  Maximum heap size: 0 out of 6000000
  Number of callouts: 0 out of 100
  Number of Email Invocations: 0 out of 10
  Number of future calls: 0 out of 50
  Number of queueable jobs added to the queue: 0 out of 50
  Number of Mobile Apex push calls: 0 out of 10

17:40:25.103 (103809317)|CUMULATIVE_LIMIT_USAGE_END

17:40:25.1 (103840056)|CODE_UNIT_FINISHED|JobCardsController.getJobs()
17:40:25.1 (104009459)|CODE_UNIT_FINISHED|apex://JobCardsController/ACTION$getJobs
17:40:25.1 (104014778)|EXECUTION_FINISHED
