66.0 APEX_CODE,FINEST;APEX_PROFILING,INFO;CALLOUT,INFO;DATA_ACCESS,INFO;DB,INFO;NBA,INFO;SYSTEM,DEBUG;VALIDATION,INFO;VISUALFORCE,INFO;WAVE,INFO;WORKFLOW,INFO
16:21:58.0 (706374)|USER_INFO|[EXTERNAL]|0057F0000042UBb|ishibashi@hurex.co.jp.dev1|(GMT+09:00) 日本標準時 (Asia/Tokyo)|GMT+09:00
16:21:58.0 (748561)|EXECUTION_STARTED
16:21:58.0 (759015)|CODE_UNIT_STARTED|[EXTERNAL]|apex://RegistrationInfoController/ACTION$getRegistrationInfo
16:21:58.0 (2523137)|CODE_UNIT_STARTED|[EXTERNAL]|01pBK000001mgyr|RegistrationInfoController.getRegistrationInfo()
16:21:58.0 (4936497)|HEAP_ALLOCATE|[95]|Bytes:3
16:21:58.0 (5034201)|HEAP_ALLOCATE|[100]|Bytes:152
16:21:58.0 (5047467)|HEAP_ALLOCATE|[417]|Bytes:408
16:21:58.0 (5057859)|HEAP_ALLOCATE|[430]|Bytes:408
16:21:58.0 (5077416)|HEAP_ALLOCATE|[317]|Bytes:6
16:21:58.0 (5086758)|HEAP_ALLOCATE|[EXTERNAL]|Bytes:23
16:21:58.0 (5090041)|HEAP_ALLOCATE|[EXTERNAL]|Bytes:16
16:21:58.0 (5102312)|METHOD_ENTRY|[5]|01pBK000001mgyr|RegistrationInfoController.RegistrationInfoController()
16:21:58.0 (5108036)|STATEMENT_EXECUTE|[5]
16:21:58.0 (5111921)|STATEMENT_EXECUTE|[5]
16:21:58.0 (5130322)|HEAP_ALLOCATE|[68]|Bytes:5
16:21:58.0 (5152571)|HEAP_ALLOCATE|[74]|Bytes:5
16:21:58.0 (5156959)|HEAP_ALLOCATE|[82]|Bytes:7
16:21:58.0 (5336104)|HEAP_ALLOCATE|[EXTERNAL]|Bytes:5
16:21:58.0 (5341858)|STATEMENT_EXECUTE|[7]
16:21:58.0 (5351834)|METHOD_EXIT|[5]|RegistrationInfoController
16:21:58.0 (5403887)|HEAP_ALLOCATE|[30]|Bytes:5
16:21:58.0 (5408671)|STATEMENT_EXECUTE|[29]
16:21:58.0 (5409979)|STATEMENT_EXECUTE|[30]
16:21:58.0 (5410759)|STATEMENT_EXECUTE|[30]
16:21:58.0 (5411665)|STATEMENT_EXECUTE|[31]
16:21:58.0 (5413971)|HEAP_ALLOCATE|[31]|Bytes:70
16:21:58.0 (5432917)|HEAP_ALLOCATE|[31]|Bytes:4
16:21:58.0 (6695189)|SOQL_EXECUTE_BEGIN|[31]|Aggregations:0|SELECT Id, AccountId FROM User WHERE Id = '005BK00000GwCFkYAN' LIMIT 1
16:21:58.0 (16844585)|SOQL_EXECUTE_END|[31]|Rows:1
16:21:58.0 (16878783)|HEAP_ALLOCATE|[31]|Bytes:8
16:21:58.0 (16898471)|HEAP_ALLOCATE|[31]|Bytes:60
16:21:58.0 (17040980)|HEAP_ALLOCATE|[31]|Bytes:8
16:21:58.0 (17056775)|HEAP_ALLOCATE|[31]|Bytes:30
16:21:58.0 (17123204)|HEAP_ALLOCATE|[31]|Bytes:12
16:21:58.0 (17130260)|VARIABLE_SCOPE_BEGIN|[31]|currentUser|User|true|false
16:21:58.0 (17215440)|VARIABLE_ASSIGNMENT|[31]|currentUser|{"Id":"005BK00000GwCFkYAN","AccountId":"001BK00000cc2ZEYAY"}|0x4ee43c55
16:21:58.0 (17245930)|STATEMENT_EXECUTE|[32]
16:21:58.0 (17248055)|STATEMENT_EXECUTE|[36]
16:21:58.0 (17249580)|HEAP_ALLOCATE|[36]|Bytes:379
16:21:58.0 (17263206)|HEAP_ALLOCATE|[36]|Bytes:4
16:21:58.0 (17271435)|HEAP_ALLOCATE|[36]|Bytes:7
16:21:58.0 (18651292)|SOQL_EXECUTE_BEGIN|[36]|Aggregations:0|SELECT Id, LastName, FirstName, NameKanaSei__pc, NameKanaMei__pc, PersonBirthdate, Gender__pc, PostalCode__c, City__c, CityAndAddress__c, PersonMobilePhone, FinalEducationLevel__pc, SchoolFacultyDepartment__c, NumberOfCompaniesWorked__c, EmploymentStatus__pc, LicensesAndCertifications1__c, ManagementExperience__c, MyPageOtherRequests__c FROM Account WHERE Id = :tmpVar1 LIMIT 1
16:21:58.0 (50951982)|SOQL_EXECUTE_END|[36]|Rows:1
16:21:58.0 (50996599)|HEAP_ALLOCATE|[36]|Bytes:8
16:21:58.0 (51010922)|HEAP_ALLOCATE|[36]|Bytes:500
16:21:58.0 (51124111)|HEAP_ALLOCATE|[36]|Bytes:8
16:21:58.0 (51142061)|HEAP_ALLOCATE|[36]|Bytes:33
16:21:58.0 (51207478)|HEAP_ALLOCATE|[36]|Bytes:72
16:21:58.0 (51215284)|VARIABLE_SCOPE_BEGIN|[36]|acc|Account|true|false
16:21:58.0 (51357666)|VARIABLE_ASSIGNMENT|[36]|acc|{"EmploymentStatus__pc":"就業中","CityAndAddress__c":"市区町村（都道府県以下の住所）","FirstName":"名","FinalEducationLevel__pc":"大学院卒（博士）","NumberOfCompaniesWorked__c":1,"PostalCode__c":"123-4567","NameKanaMei__pc":"ふりがな(名)","Gender__pc":"男性","City__c":"岩手県","NameKanaSei__pc":"ふりがな(姓)","ManagementExperience__c":false,"MyPageOtherRequests__c":"その他","LicensesAndCertifications1__c":"免許・資格","PersonMobilePhone":"123456789","Id":"001BK00000cc2ZEYAY","LastName":"テスト 廣川","SchoolFacultyDepartment__c":"学校名/学部名/学科"}|0x106b31c2
16:21:58.0 (51373014)|STATEMENT_EXECUTE|[47]
16:21:58.0 (51400304)|METHOD_ENTRY|[47]|01pBK000001mgyr|RegistrationInfoController.buildWrapper(Account)
16:21:58.0 (51435635)|VARIABLE_SCOPE_BEGIN|[93]|acc|Account|true|false
16:21:58.0 (51475158)|VARIABLE_ASSIGNMENT|[93]|acc|{"EmploymentStatus__pc":"就業中","CityAndAddress__c":"市区町村（都道府県以下の住所）","FirstName":"名","FinalEducationLevel__pc":"大学院卒（博士）","NumberOfCompaniesWorked__c":1,"PostalCode__c":"123-4567","NameKanaMei__pc":"ふりがな(名)","Gender__pc":"男性","City__c":"岩手県","NameKanaSei__pc":"ふりがな(姓)","ManagementExperience__c":false,"MyPageOtherRequests__c":"その他","LicensesAndCertifications1__c":"免許・資格","PersonMobilePhone":"123456789","Id":"001BK00000cc2ZEYAY","LastName":"テスト 廣川","SchoolFacultyDepartment__c":"学校名/学部名/学科"}|0x106b31c2
16:21:58.0 (51494697)|HEAP_ALLOCATE|[94]|Bytes:5
16:21:58.0 (51497704)|STATEMENT_EXECUTE|[93]
16:21:58.0 (51498839)|STATEMENT_EXECUTE|[94]
16:21:58.0 (51517713)|HEAP_ALLOCATE|[94]|Bytes:76
16:21:58.0 (51540777)|CONSTRUCTOR_ENTRY|[94]|01pBK000001mgyr|<init>()|RegistrationInfoController.RegistrationInfoWrapper
16:21:58.0 (51569459)|VARIABLE_SCOPE_BEGIN|[7]|this|RegistrationInfoController.RegistrationInfoWrapper|true|false
16:21:58.0 (51670672)|VARIABLE_ASSIGNMENT|[7]|this|{}|0x3f2a4009
16:21:58.0 (51681055)|HEAP_ALLOCATE|[EXTERNAL]|Bytes:6
16:21:58.0 (54148515)|STATEMENT_EXECUTE|[7]
16:21:58.0 (54153990)|STATEMENT_EXECUTE|[8]
16:21:58.0 (54155623)|STATEMENT_EXECUTE|[9]
16:21:58.0 (54156452)|STATEMENT_EXECUTE|[10]
16:21:58.0 (54158815)|STATEMENT_EXECUTE|[11]
16:21:58.0 (54159627)|STATEMENT_EXECUTE|[12]
16:21:58.0 (54160520)|STATEMENT_EXECUTE|[13]
16:21:58.0 (54161395)|STATEMENT_EXECUTE|[14]
16:21:58.0 (54162369)|STATEMENT_EXECUTE|[15]
16:21:58.0 (54163262)|STATEMENT_EXECUTE|[16]
16:21:58.0 (54164025)|STATEMENT_EXECUTE|[17]
16:21:58.0 (54164923)|STATEMENT_EXECUTE|[18]
16:21:58.0 (54165690)|STATEMENT_EXECUTE|[19]
16:21:58.0 (54166513)|STATEMENT_EXECUTE|[20]
16:21:58.0 (54167545)|STATEMENT_EXECUTE|[21]
16:21:58.0 (54168578)|STATEMENT_EXECUTE|[22]
16:21:58.0 (54169342)|STATEMENT_EXECUTE|[23]
16:21:58.0 (54170283)|STATEMENT_EXECUTE|[24]
16:21:58.0 (54171055)|STATEMENT_EXECUTE|[25]
16:21:58.0 (54179670)|CONSTRUCTOR_EXIT|[94]|01pBK000001mgyr|<init>()|RegistrationInfoController.RegistrationInfoWrapper
16:21:58.0 (54195995)|VARIABLE_SCOPE_BEGIN|[94]|w|RegistrationInfoController.RegistrationInfoWrapper|true|false
16:21:58.0 (54250862)|VARIABLE_ASSIGNMENT|[94]|w|{}|0x3f2a4009
16:21:58.0 (54254513)|STATEMENT_EXECUTE|[95]
16:21:58.0 (54355930)|HEAP_ALLOCATE|[95]|Bytes:18
16:21:58.0 (54374770)|VARIABLE_ASSIGNMENT|[95]|this.recordId|"001BK00000cc2ZEYAY"|0x3f2a4009
16:21:58.0 (54378214)|STATEMENT_EXECUTE|[96]
16:21:58.0 (54400296)|VARIABLE_ASSIGNMENT|[96]|this.lastName|"テスト 廣川"|0x3f2a4009
16:21:58.0 (54411023)|STATEMENT_EXECUTE|[97]
16:21:58.0 (54422666)|VARIABLE_ASSIGNMENT|[97]|this.firstName|"名"|0x3f2a4009
16:21:58.0 (54425391)|STATEMENT_EXECUTE|[98]
16:21:58.0 (54437330)|VARIABLE_ASSIGNMENT|[98]|this.kanaSei|"ふりがな(姓)"|0x3f2a4009
16:21:58.0 (54441616)|STATEMENT_EXECUTE|[99]
16:21:58.0 (54451899)|VARIABLE_ASSIGNMENT|[99]|this.kanaMei|"ふりがな(名)"|0x3f2a4009
16:21:58.0 (54456722)|STATEMENT_EXECUTE|[100]
16:21:58.0 (54465230)|VARIABLE_ASSIGNMENT|[100]|this.birthdate|""|0x3f2a4009
16:21:58.0 (54469372)|STATEMENT_EXECUTE|[101]
16:21:58.0 (54480453)|VARIABLE_ASSIGNMENT|[101]|this.gender|"男性"|0x3f2a4009
16:21:58.0 (54484855)|STATEMENT_EXECUTE|[102]
16:21:58.0 (54496385)|VARIABLE_ASSIGNMENT|[102]|this.postalCode|"123-4567"|0x3f2a4009
16:21:58.0 (54500405)|STATEMENT_EXECUTE|[103]
16:21:58.0 (54511645)|VARIABLE_ASSIGNMENT|[103]|this.prefecture|"岩手県"|0x3f2a4009
16:21:58.0 (54515938)|STATEMENT_EXECUTE|[104]
16:21:58.0 (54524423)|VARIABLE_ASSIGNMENT|[104]|this.address|"市区町村（都道府県以下の住所）"|0x3f2a4009
16:21:58.0 (54527627)|STATEMENT_EXECUTE|[105]
16:21:58.0 (54538400)|VARIABLE_ASSIGNMENT|[105]|this.phone|"123456789"|0x3f2a4009
16:21:58.0 (54540848)|STATEMENT_EXECUTE|[106]
16:21:58.0 (54547811)|VARIABLE_ASSIGNMENT|[106]|this.education|"大学院卒（博士）"|0x3f2a4009
16:21:58.0 (54550655)|STATEMENT_EXECUTE|[107]
16:21:58.0 (54558160)|VARIABLE_ASSIGNMENT|[107]|this.school|"学校名/学部名/学科"|0x3f2a4009
16:21:58.0 (54560873)|STATEMENT_EXECUTE|[108]
16:21:58.0 (54602345)|HEAP_ALLOCATE|[108]|Bytes:28
16:21:58.0 (54608995)|HEAP_ALLOCATE|[108]|Bytes:28
16:21:58.0 (54676645)|HEAP_ALLOCATE|[108]|Bytes:1
16:21:58.0 (54687443)|VARIABLE_ASSIGNMENT|[108]|this.companyCount|"1"|0x3f2a4009
16:21:58.0 (54690286)|STATEMENT_EXECUTE|[109]
16:21:58.0 (54704540)|VARIABLE_ASSIGNMENT|[109]|this.employmentStatus|"就業中"|0x3f2a4009
16:21:58.0 (54708143)|STATEMENT_EXECUTE|[110]
16:21:58.0 (54738961)|VARIABLE_ASSIGNMENT|[110]|this.license|"免許・資格"|0x3f2a4009
16:21:58.0 (54742568)|STATEMENT_EXECUTE|[111]
16:21:58.0 (54764482)|METHOD_ENTRY|[111]|01pBK000001mgyr|RegistrationInfoController.convertManagementBooleanToString(Boolean)
16:21:58.0 (54782382)|VARIABLE_SCOPE_BEGIN|[121]|mgmtBool|Boolean|false|false
16:21:58.0 (54791399)|VARIABLE_ASSIGNMENT|[121]|mgmtBool|false
16:21:58.0 (54803979)|HEAP_ALLOCATE|[122]|Bytes:5
16:21:58.0 (54808244)|STATEMENT_EXECUTE|[121]
16:21:58.0 (54812789)|STATEMENT_EXECUTE|[122]
16:21:58.0 (54814674)|STATEMENT_EXECUTE|[123]
16:21:58.0 (54816317)|HEAP_ALLOCATE|[123]|Bytes:2
16:21:58.0 (54824553)|METHOD_EXIT|[111]|01pBK000001mgyr|RegistrationInfoController.convertManagementBooleanToString(Boolean)
16:21:58.0 (54830205)|VARIABLE_ASSIGNMENT|[111]|this.managementExperience|"なし"|0x3f2a4009
16:21:58.0 (54833215)|STATEMENT_EXECUTE|[112]
16:21:58.0 (54846203)|VARIABLE_ASSIGNMENT|[112]|this.remarks|"その他"|0x3f2a4009
16:21:58.0 (54849012)|STATEMENT_EXECUTE|[113]
16:21:58.0 (54853790)|METHOD_EXIT|[47]|01pBK000001mgyr|RegistrationInfoController.buildWrapper(Account)
16:21:58.54 (54906763)|CUMULATIVE_LIMIT_USAGE
16:21:58.54 (54906763)|LIMIT_USAGE_FOR_NS|(default)|
  Number of SOQL queries: 2 out of 100
  Number of query rows: 2 out of 50000
  Number of SOSL queries: 0 out of 20
  Number of DML statements: 0 out of 150
  Number of Publish Immediate DML: 0 out of 150
  Number of DML rows: 0 out of 10000
  Maximum CPU time: 0 out of 10000
  Maximum heap size: 0 out of 6000000
  Number of callouts: 0 out of 100
  Number of Email Invocations: 0 out of 10
  Number of future calls: 0 out of 50
  Number of queueable jobs added to the queue: 0 out of 50
  Number of Mobile Apex push calls: 0 out of 10

16:21:58.54 (54906763)|CUMULATIVE_LIMIT_USAGE_END

16:21:58.0 (54933414)|CODE_UNIT_FINISHED|RegistrationInfoController.getRegistrationInfo()
16:21:58.0 (55136748)|CODE_UNIT_FINISHED|apex://RegistrationInfoController/ACTION$getRegistrationInfo
16:21:58.0 (55143681)|EXECUTION_FINISHED
