66.0 APEX_CODE,FINEST;APEX_PROFILING,INFO;CALLOUT,INFO;DATA_ACCESS,INFO;DB,INFO;NBA,INFO;SYSTEM,DEBUG;VALIDATION,INFO;VISUALFORCE,INFO;WAVE,INFO;WORKFLOW,INFO
15:48:05.0 (775264)|USER_INFO|[EXTERNAL]|0057F0000042UBb|ishibashi@hurex.co.jp.dev1|(GMT+09:00) 日本標準時 (Asia/Tokyo)|GMT+09:00
15:48:05.0 (811574)|EXECUTION_STARTED
15:48:05.0 (822225)|CODE_UNIT_STARTED|[EXTERNAL]|apex://CustomNotificationController/ACTION$getNotifications
15:48:05.0 (1859160)|CODE_UNIT_STARTED|[EXTERNAL]|01pBK000001VvEL|CustomNotificationController.getNotifications(String)
15:48:05.0 (5939556)|HEAP_ALLOCATE|[95]|Bytes:3
15:48:05.0 (6033602)|HEAP_ALLOCATE|[100]|Bytes:152
15:48:05.0 (6047854)|HEAP_ALLOCATE|[417]|Bytes:408
15:48:05.0 (6059222)|HEAP_ALLOCATE|[430]|Bytes:408
15:48:05.0 (6079465)|HEAP_ALLOCATE|[317]|Bytes:6
15:48:05.0 (6136857)|HEAP_ALLOCATE|[EXTERNAL]|Bytes:7
15:48:05.0 (6147506)|METHOD_ENTRY|[1]|01pBK000001VvEL|CustomNotificationController.CustomNotificationController()
15:48:05.0 (6152525)|STATEMENT_EXECUTE|[1]
15:48:05.0 (6156962)|STATEMENT_EXECUTE|[1]
15:48:05.0 (6191861)|HEAP_ALLOCATE|[68]|Bytes:5
15:48:05.0 (6216452)|HEAP_ALLOCATE|[74]|Bytes:5
15:48:05.0 (6221255)|HEAP_ALLOCATE|[82]|Bytes:7
15:48:05.0 (6411967)|HEAP_ALLOCATE|[EXTERNAL]|Bytes:5
15:48:05.0 (6426154)|METHOD_EXIT|[1]|CustomNotificationController
15:48:05.0 (6434635)|VARIABLE_SCOPE_BEGIN|[5]|before|String|false|false
15:48:05.0 (6461278)|VARIABLE_ASSIGNMENT|[5]|before|null
15:48:05.0 (6470478)|HEAP_ALLOCATE|[6]|Bytes:5
15:48:05.0 (6473391)|STATEMENT_EXECUTE|[5]
15:48:05.0 (6474517)|STATEMENT_EXECUTE|[6]
15:48:05.0 (6502425)|VARIABLE_SCOPE_BEGIN|[6]|req|System.HttpRequest|true|false
15:48:05.0 (6700480)|VARIABLE_ASSIGNMENT|[6]|req|"System.HttpRequest[Endpoint=null, Method=null]"|0x132bf78f
15:48:05.0 (6705394)|STATEMENT_EXECUTE|[7]
15:48:05.0 (6708020)|HEAP_ALLOCATE|[7]|Bytes:3
15:48:05.0 (6790509)|STATEMENT_EXECUTE|[8]
15:48:05.0 (6791999)|HEAP_ALLOCATE|[8]|Bytes:13
15:48:05.0 (6794618)|HEAP_ALLOCATE|[8]|Bytes:7
15:48:05.0 (6835807)|HEAP_ALLOCATE|[8]|Bytes:105
15:48:05.0 (6842294)|SYSTEM_METHOD_ENTRY|[1]|UserInfo.UserInfo()
15:48:05.0 (6844680)|STATEMENT_EXECUTE|[1]
15:48:05.0 (6851486)|SYSTEM_METHOD_EXIT|[1]|UserInfo
15:48:05.0 (6863637)|METHOD_ENTRY|[8]||System.UserInfo.getSessionId()
15:48:05.0 (15270502)|METHOD_EXIT|[8]||System.UserInfo.getSessionId()
15:48:05.0 (15311937)|HEAP_ALLOCATE|[8]|Bytes:119
15:48:05.0 (15369842)|STATEMENT_EXECUTE|[10]
15:48:05.0 (15432373)|HEAP_ALLOCATE|[10]|Bytes:67
15:48:05.0 (15448287)|SYSTEM_METHOD_ENTRY|[1]|Url.Url()
15:48:05.0 (15451161)|STATEMENT_EXECUTE|[1]
15:48:05.0 (15458619)|SYSTEM_METHOD_EXIT|[1]|Url
15:48:05.0 (15467546)|METHOD_ENTRY|[10]||System.Url.getOrgDomainUrl()
15:48:05.0 (15685221)|METHOD_EXIT|[10]||System.Url.getOrgDomainUrl()
15:48:05.0 (15699073)|METHOD_ENTRY|[10]||System.Url.toExternalForm()
15:48:05.0 (15726344)|METHOD_EXIT|[10]||System.Url.toExternalForm()
15:48:05.0 (15730266)|VARIABLE_SCOPE_BEGIN|[10]|domainPath|String|false|false
15:48:05.0 (15750733)|VARIABLE_ASSIGNMENT|[10]|domainPath|"https://hurex--dev1. (25 more) ..."
15:48:05.0 (15753542)|STATEMENT_EXECUTE|[11]
15:48:05.0 (15756388)|HEAP_ALLOCATE|[11]|Bytes:50
15:48:05.0 (15763055)|HEAP_ALLOCATE|[11]|Bytes:95
15:48:05.0 (15765392)|VARIABLE_SCOPE_BEGIN|[11]|endpoint|String|false|false
15:48:05.0 (15770645)|VARIABLE_ASSIGNMENT|[11]|endpoint|"https://hurex--dev1. (75 more) ..."
15:48:05.0 (15814922)|STATEMENT_EXECUTE|[13]
15:48:05.0 (15815948)|STATEMENT_EXECUTE|[16]
15:48:05.0 (15841061)|STATEMENT_EXECUTE|[18]
15:48:05.0 (15859012)|VARIABLE_SCOPE_BEGIN|[18]|http|System.Http|true|false
15:48:05.0 (15960635)|VARIABLE_ASSIGNMENT|[18]|http|"System.Http[]"|0x48364a9b
15:48:05.0 (15964141)|STATEMENT_EXECUTE|[19]
15:48:05.0 (16039431)|CALLOUT_REQUEST|[19]|System.HttpRequest[Endpoint=https://hurex--dev1.sandbox.my.salesforce.com/services/data/v56.0/connect/notifications?size=20, Method=GET]
15:48:05.0 (84405136)|HEAP_ALLOCATE|[EXTERNAL]|Bytes:939
15:48:05.0 (86684203)|CALLOUT_RESPONSE|[19]|System.HttpResponse[Status=Unauthorized, StatusCode=401]
15:48:05.0 (86712565)|HEAP_ALLOCATE|[19]|Bytes:91
15:48:05.0 (86748554)|VARIABLE_SCOPE_BEGIN|[19]|res|System.HttpResponse|true|false
15:48:05.0 (86822555)|VARIABLE_ASSIGNMENT|[19]|res|"System.HttpResponse[Status=Unauthorized, StatusCode=401]"|0x43db82c2
15:48:05.0 (86894568)|STATEMENT_EXECUTE|[23]
15:48:05.0 (86895958)|STATEMENT_EXECUTE|[24]
15:48:05.0 (86939758)|HEAP_ALLOCATE|[24]|Bytes:9
15:48:05.0 (86966903)|HEAP_ALLOCATE|[24]|Bytes:75
15:48:05.0 (86982628)|HEAP_ALLOCATE|[24]|Bytes:84
15:48:05.0 (87135508)|FATAL_ERROR|System.AuraHandledException: Script-thrown exception

Class.CustomNotificationController.getNotifications: line 24, column 1
15:48:05.0 (87147073)|FATAL_ERROR|System.AuraHandledException: Script-thrown exception

Class.CustomNotificationController.getNotifications: line 24, column 1
15:48:05.87 (87154327)|CUMULATIVE_LIMIT_USAGE
15:48:05.87 (87154327)|LIMIT_USAGE_FOR_NS|(default)|
  Number of SOQL queries: 0 out of 100
  Number of query rows: 0 out of 50000
  Number of SOSL queries: 0 out of 20
  Number of DML statements: 0 out of 150
  Number of Publish Immediate DML: 0 out of 150
  Number of DML rows: 0 out of 10000
  Maximum CPU time: 0 out of 10000
  Maximum heap size: 0 out of 6000000
  Number of callouts: 1 out of 100
  Number of Email Invocations: 0 out of 10
  Number of future calls: 0 out of 50
  Number of queueable jobs added to the queue: 0 out of 50
  Number of Mobile Apex push calls: 0 out of 10

15:48:05.87 (87154327)|CUMULATIVE_LIMIT_USAGE_END

15:48:05.0 (87180406)|CODE_UNIT_FINISHED|CustomNotificationController.getNotifications(String)
15:48:05.0 (87394873)|CODE_UNIT_FINISHED|apex://CustomNotificationController/ACTION$getNotifications
15:48:05.0 (87400337)|EXECUTION_FINISHED
