66.0 APEX_CODE,FINEST;APEX_PROFILING,INFO;CALLOUT,INFO;DATA_ACCESS,INFO;DB,INFO;NBA,INFO;SYSTEM,DEBUG;VALIDATION,INFO;VISUALFORCE,INFO;WAVE,INFO;WORKFLOW,INFO
16:21:14.8 (8103991)|USER_INFO|[EXTERNAL]|0057F0000042UBb|ishibashi@hurex.co.jp.dev1|(GMT+09:00) 日本標準時 (Asia/Tokyo)|GMT+09:00
16:21:14.8 (8149998)|EXECUTION_STARTED
16:21:14.8 (8158802)|CODE_UNIT_STARTED|[EXTERNAL]|apex://RecentJobViewedController/ACTION$getRecentViewedJobs
16:21:14.8 (10521904)|CODE_UNIT_STARTED|[EXTERNAL]|01pBK000001RE9Z|RecentJobViewedController.getRecentViewedJobs()
16:21:14.8 (10667244)|VARIABLE_SCOPE_BEGIN|[4]|RecentJobViewedController.testForceException|Boolean|false|true
16:21:14.8 (10879031)|HEAP_ALLOCATE|[95]|Bytes:3
16:21:14.8 (10912404)|HEAP_ALLOCATE|[100]|Bytes:152
16:21:14.8 (10923445)|HEAP_ALLOCATE|[417]|Bytes:408
16:21:14.8 (10938847)|HEAP_ALLOCATE|[430]|Bytes:408
16:21:14.8 (10960388)|HEAP_ALLOCATE|[317]|Bytes:6
16:21:14.8 (10969720)|HEAP_ALLOCATE|[EXTERNAL]|Bytes:1
16:21:14.8 (10978407)|METHOD_ENTRY|[1]|01pBK000001RE9Z|RecentJobViewedController.RecentJobViewedController()
16:21:14.8 (10982589)|STATEMENT_EXECUTE|[1]
16:21:14.8 (10986701)|STATEMENT_EXECUTE|[1]
16:21:14.8 (11002322)|HEAP_ALLOCATE|[68]|Bytes:5
16:21:14.8 (11022090)|HEAP_ALLOCATE|[74]|Bytes:5
16:21:14.8 (11027281)|HEAP_ALLOCATE|[82]|Bytes:7
16:21:14.8 (11185203)|HEAP_ALLOCATE|[4]|Bytes:5
16:21:14.8 (11189275)|STATEMENT_EXECUTE|[4]
16:21:14.8 (11194431)|HEAP_ALLOCATE|[4]|Bytes:5
16:21:14.8 (11227376)|VARIABLE_ASSIGNMENT|[4]|RecentJobViewedController.testForceException|false
16:21:14.8 (11237909)|METHOD_EXIT|[1]|RecentJobViewedController
16:21:14.8 (11248003)|HEAP_ALLOCATE|[8]|Bytes:5
16:21:14.8 (11250334)|STATEMENT_EXECUTE|[7]
16:21:14.8 (11251321)|STATEMENT_EXECUTE|[8]
16:21:14.8 (11253086)|STATEMENT_EXECUTE|[8]
16:21:14.8 (11280934)|HEAP_ALLOCATE|[9]|Bytes:118
16:21:14.8 (11287814)|SYSTEM_METHOD_ENTRY|[1]|Test.Test()
16:21:14.8 (11289455)|STATEMENT_EXECUTE|[1]
16:21:14.8 (11294919)|SYSTEM_METHOD_EXIT|[1]|Test
16:21:14.8 (11305929)|METHOD_ENTRY|[9]||System.Test.isRunningTest()
16:21:14.8 (11340977)|METHOD_EXIT|[9]||System.Test.isRunningTest()
16:21:14.8 (11346086)|STATEMENT_EXECUTE|[9]
16:21:14.8 (11347229)|STATEMENT_EXECUTE|[13]
16:21:14.8 (11348921)|HEAP_ALLOCATE|[13]|Bytes:137
16:21:14.8 (11366919)|HEAP_ALLOCATE|[13]|Bytes:4
16:21:14.8 (12239146)|SOQL_EXECUTE_BEGIN|[13]|Aggregations:0|SELECT Id, Name, JobPosition__c, LastViewedDate FROM Job__c WHERE LastViewedDate != NULL ORDER BY LastViewedDate DESC NULLS FIRST LIMIT 4
16:21:14.8 (22387138)|SOQL_EXECUTE_END|[13]|Rows:4
16:21:14.8 (22428179)|HEAP_ALLOCATE|[13]|Bytes:20
16:21:14.8 (22467444)|HEAP_ALLOCATE|[13]|Bytes:884
16:21:14.8 (22550637)|HEAP_ALLOCATE|[13]|Bytes:20
16:21:14.22 (22640341)|CUMULATIVE_LIMIT_USAGE
16:21:14.22 (22640341)|LIMIT_USAGE_FOR_NS|(default)|
  Number of SOQL queries: 1 out of 100
  Number of query rows: 4 out of 50000
  Number of SOSL queries: 0 out of 20
  Number of DML statements: 0 out of 0
  Number of Publish Immediate DML: 0 out of 150
  Number of DML rows: 0 out of 10000
  Maximum CPU time: 0 out of 10000
  Maximum heap size: 0 out of 6000000
  Number of callouts: 0 out of 100
  Number of Email Invocations: 0 out of 10
  Number of future calls: 0 out of 50
  Number of queueable jobs added to the queue: 0 out of 50
  Number of Mobile Apex push calls: 0 out of 10

16:21:14.22 (22640341)|CUMULATIVE_LIMIT_USAGE_END

16:21:14.8 (22678302)|CODE_UNIT_FINISHED|RecentJobViewedController.getRecentViewedJobs()
16:21:14.8 (22952129)|CODE_UNIT_FINISHED|apex://RecentJobViewedController/ACTION$getRecentViewedJobs
16:21:14.8 (22968416)|EXECUTION_FINISHED
