66.0 APEX_CODE,FINEST;APEX_PROFILING,INFO;CALLOUT,INFO;DATA_ACCESS,INFO;DB,INFO;NBA,INFO;SYSTEM,DEBUG;VALIDATION,INFO;VISUALFORCE,INFO;WAVE,INFO;WORKFLOW,INFO
11:46:12.6 (6955269)|USER_INFO|[EXTERNAL]|0057F0000042UBb|ishibashi@hurex.co.jp.dev1|(GMT+09:00) 日本標準時 (Asia/Tokyo)|GMT+09:00
11:46:12.6 (7007537)|EXECUTION_STARTED
11:46:12.6 (7018390)|CODE_UNIT_STARTED|[EXTERNAL]|apex://JobCardsController/ACTION$getJobs
11:46:12.6 (8656431)|CODE_UNIT_STARTED|[EXTERNAL]|01pBK000001RGBP|JobCardsController.getJobs()
11:46:12.6 (11748620)|HEAP_ALLOCATE|[95]|Bytes:3
11:46:12.6 (11858823)|HEAP_ALLOCATE|[100]|Bytes:152
11:46:12.6 (11879672)|HEAP_ALLOCATE|[417]|Bytes:408
11:46:12.6 (11905128)|HEAP_ALLOCATE|[430]|Bytes:408
11:46:12.6 (11930020)|HEAP_ALLOCATE|[317]|Bytes:6
11:46:12.6 (11940213)|HEAP_ALLOCATE|[EXTERNAL]|Bytes:10
11:46:12.6 (11944191)|HEAP_ALLOCATE|[EXTERNAL]|Bytes:5
11:46:12.6 (11946710)|HEAP_ALLOCATE|[EXTERNAL]|Bytes:2
11:46:12.6 (11964985)|METHOD_ENTRY|[1]|01pBK000001RGBP|JobCardsController.JobCardsController()
11:46:12.6 (11970215)|STATEMENT_EXECUTE|[1]
11:46:12.6 (11974863)|STATEMENT_EXECUTE|[1]
11:46:12.6 (11995707)|HEAP_ALLOCATE|[68]|Bytes:5
11:46:12.6 (12021150)|HEAP_ALLOCATE|[74]|Bytes:5
11:46:12.6 (12028157)|HEAP_ALLOCATE|[82]|Bytes:7
11:46:12.6 (12365541)|HEAP_ALLOCATE|[EXTERNAL]|Bytes:5
11:46:12.6 (12376376)|STATEMENT_EXECUTE|[3]
11:46:12.6 (12394781)|METHOD_EXIT|[1]|JobCardsController
11:46:12.6 (12411151)|HEAP_ALLOCATE|[18]|Bytes:5
11:46:12.6 (12413756)|STATEMENT_EXECUTE|[17]
11:46:12.6 (12414761)|STATEMENT_EXECUTE|[18]
11:46:12.6 (12431878)|HEAP_ALLOCATE|[18]|Bytes:4
11:46:12.6 (12493788)|VARIABLE_SCOPE_BEGIN|[18]|favoriteJobIds|Set<Id>|true|false
11:46:12.6 (12559812)|VARIABLE_ASSIGNMENT|[18]|favoriteJobIds|[]|0x295b76bd
11:46:12.6 (12567596)|HEAP_ALLOCATE|[19]|Bytes:91
11:46:12.6 (12582584)|HEAP_ALLOCATE|[19]|Bytes:4
11:46:12.6 (12590881)|HEAP_ALLOCATE|[19]|Bytes:7
11:46:12.6 (12636286)|HEAP_ALLOCATE|[21]|Bytes:105
11:46:12.6 (12644171)|SYSTEM_METHOD_ENTRY|[1]|UserInfo.UserInfo()
11:46:12.6 (12646983)|STATEMENT_EXECUTE|[1]
11:46:12.6 (12653968)|SYSTEM_METHOD_EXIT|[1]|UserInfo
11:46:12.6 (12667196)|METHOD_ENTRY|[21]||System.UserInfo.getUserId()
11:46:12.6 (17185802)|METHOD_EXIT|[21]||System.UserInfo.getUserId()
11:46:12.6 (23717895)|SOQL_EXECUTE_BEGIN|[19]|Aggregations:0|SELECT Job__c FROM InterestedJob__c WHERE (CreatedById = :tmpVar1 AND IsArchive__c = FALSE)
11:46:12.6 (49160057)|SOQL_EXECUTE_END|[19]|Rows:1
11:46:12.6 (49190708)|HEAP_ALLOCATE|[EXTERNAL]|Bytes:8
11:46:12.6 (49441751)|HEAP_ALLOCATE|[19]|Bytes:54
11:46:12.6 (49449229)|HEAP_ALLOCATE|[19]|Bytes:8
11:46:12.6 (49460173)|SYSTEM_METHOD_ENTRY|[7]|QueryLocatorIterator.QueryLocatorIterator()
11:46:12.6 (49462632)|STATEMENT_EXECUTE|[7]
11:46:12.6 (49470307)|SYSTEM_METHOD_EXIT|[7]|QueryLocatorIterator
11:46:12.6 (49476613)|HEAP_ALLOCATE|[19]|Bytes:28
11:46:12.6 (49550801)|HEAP_ALLOCATE|[19]|Bytes:8
11:46:12.6 (49561671)|HEAP_ALLOCATE|[19]|Bytes:8
11:46:12.6 (49563524)|HEAP_ALLOCATE|[19]|Bytes:8
11:46:12.6 (49567632)|VARIABLE_SCOPE_BEGIN|[15]|this|Database.QueryLocatorIterator|true|false
11:46:12.6 (49610046)|VARIABLE_ASSIGNMENT|[15]|this|{}|0x2fee244c
11:46:12.6 (49624035)|VARIABLE_SCOPE_BEGIN|[15]|values|List<SObject>|true|false
11:46:12.6 (49705653)|VARIABLE_ASSIGNMENT|[15]|values|[{"Job__c":"a0KBK00000GezgQ2AR","Id":"a0OBK0000050riz2AA"}]|0x11b487e2
11:46:12.6 (49709751)|VARIABLE_SCOPE_BEGIN|[15]|ql|Database.QueryLocator|true|false
11:46:12.6 (49729265)|VARIABLE_ASSIGNMENT|[15]|ql|{"query":"SELECT Job__c FROM I (71 more) ..."}|0x8894691
11:46:12.6 (49732484)|VARIABLE_SCOPE_BEGIN|[15]|totalNumRecords|Integer|false|false
11:46:12.6 (49738350)|VARIABLE_ASSIGNMENT|[15]|totalNumRecords|1
11:46:12.6 (49741119)|VARIABLE_SCOPE_BEGIN|[15]|queryMoreSize|Integer|false|false
11:46:12.6 (49745085)|VARIABLE_ASSIGNMENT|[15]|queryMoreSize|49999
11:46:12.6 (49868435)|HEAP_ALLOCATE|[19]|Bytes:28
11:46:12.6 (49906619)|METHOD_ENTRY|[19]||Database.QueryLocatorIterator.hasNext()
11:46:12.6 (50036694)|METHOD_EXIT|[19]||Database.QueryLocatorIterator.hasNext()
11:46:12.6 (50044976)|METHOD_ENTRY|[19]||Database.QueryLocatorIterator.next()
11:46:12.6 (50098996)|METHOD_EXIT|[19]||Database.QueryLocatorIterator.next()
11:46:12.6 (50104471)|VARIABLE_SCOPE_BEGIN|[19]|fav|InterestedJob__c|true|false
11:46:12.6 (50152689)|VARIABLE_ASSIGNMENT|[19]|fav|{"Job__c":"a0KBK00000GezgQ2AR","Id":"a0OBK0000050riz2AA"}|0x7cd2046d
11:46:12.6 (50157752)|STATEMENT_EXECUTE|[22]
11:46:12.6 (50159179)|STATEMENT_EXECUTE|[23]
11:46:12.6 (50216562)|HEAP_ALLOCATE|[EXTERNAL]|Bytes:4
11:46:12.6 (50226510)|METHOD_ENTRY|[19]||Database.QueryLocatorIterator.hasNext()
11:46:12.6 (50234196)|METHOD_EXIT|[19]||Database.QueryLocatorIterator.hasNext()
11:46:12.6 (50245632)|VARIABLE_ASSIGNMENT|[19]|fav|null|
11:46:12.6 (50266894)|STATEMENT_EXECUTE|[26]
11:46:12.6 (50269272)|HEAP_ALLOCATE|[26]|Bytes:217
11:46:12.6 (50285830)|HEAP_ALLOCATE|[26]|Bytes:4
11:46:12.6 (67260781)|SOQL_EXECUTE_BEGIN|[26]|Aggregations:0|SELECT Id, JobPosition__c, WorkLocation2__c, JobCategory1__c, MaxAnnualSalary__c, MinAnnualSalary__c, JobDescription__c, LastModifiedDate, LastViewedDate FROM Job__c ORDER BY LastModifiedDate DESC NULLS FIRST LIMIT 10
11:46:12.6 (121102169)|SOQL_EXECUTE_END|[26]|Rows:10
11:46:12.6 (121134408)|HEAP_ALLOCATE|[26]|Bytes:44
11:46:12.6 (121160617)|HEAP_ALLOCATE|[26]|Bytes:4199
11:46:12.6 (121260637)|HEAP_ALLOCATE|[26]|Bytes:44
11:46:12.6 (121281664)|VARIABLE_SCOPE_BEGIN|[26]|jobs|List<Job__c>|true|false
11:46:12.6 (121308524)|VARIABLE_ASSIGNMENT|[26]|jobs|"List of size 10 too large to display"|0xdf215b
11:46:12.6 (121314792)|STATEMENT_EXECUTE|[35]
11:46:12.6 (121326912)|HEAP_ALLOCATE|[35]|Bytes:4
11:46:12.6 (121432593)|VARIABLE_SCOPE_BEGIN|[35]|result|List<JobCardsController.JobWrapper>|true|false
11:46:12.6 (121455494)|HEAP_ALLOCATE|[EXTERNAL]|Bytes:4
11:46:12.6 (121466424)|VARIABLE_ASSIGNMENT|[35]|result|[]|0x19981da6
11:46:12.6 (121623401)|HEAP_ALLOCATE|[36]|Bytes:5
11:46:12.6 (121645393)|HEAP_ALLOCATE|[36]|Bytes:40
11:46:12.6 (121652371)|VARIABLE_SCOPE_BEGIN|[36]|j|Job__c|true|false
11:46:12.6 (121776967)|VARIABLE_ASSIGNMENT|[36]|j|{"LastModifiedDate":"2026-03-19T02:02:27.000Z","JobPosition__c":"新潟市(新潟) 法人ルート営業・業界シェ (74 more) ...","WorkLocation2__c":"新潟県新潟市（転勤なし／車通勤可）","LastViewedDate":"2026-03-19T07:53:43.000Z","Id":"a0KBK00000GezgQ2AR","MinAnnualSalary__c":350,"JobDescription__c":"自社開発製造の給配水機器とその関連製品の (25 more) ...","JobCategory1__c":"経営幹部/企画/マーケティング系","MaxAnnualSalary__c":550}|0x6f9a9731
11:46:12.6 (121787979)|STATEMENT_EXECUTE|[36]
11:46:12.6 (121789317)|STATEMENT_EXECUTE|[37]
11:46:12.6 (121860606)|HEAP_ALLOCATE|[37]|Bytes:44
11:46:12.6 (121961884)|CONSTRUCTOR_ENTRY|[37]|01pBK000001RGBP|<init>()|JobCardsController.JobWrapper
11:46:12.6 (122012502)|VARIABLE_SCOPE_BEGIN|[3]|this|JobCardsController.JobWrapper|true|false
11:46:12.6 (122131723)|VARIABLE_ASSIGNMENT|[3]|this|{}|0x4968080a
11:46:12.6 (122152975)|STATEMENT_EXECUTE|[3]
11:46:12.6 (122154350)|STATEMENT_EXECUTE|[4]
11:46:12.6 (122155754)|STATEMENT_EXECUTE|[5]
11:46:12.6 (122156575)|STATEMENT_EXECUTE|[6]
11:46:12.6 (122157343)|STATEMENT_EXECUTE|[7]
11:46:12.6 (122158099)|STATEMENT_EXECUTE|[8]
11:46:12.6 (122158861)|STATEMENT_EXECUTE|[9]
11:46:12.6 (122159597)|STATEMENT_EXECUTE|[10]
11:46:12.6 (122160371)|STATEMENT_EXECUTE|[11]
11:46:12.6 (122161211)|STATEMENT_EXECUTE|[12]
11:46:12.6 (122161941)|STATEMENT_EXECUTE|[13]
11:46:12.6 (122164691)|CONSTRUCTOR_EXIT|[37]|01pBK000001RGBP|<init>()|JobCardsController.JobWrapper
11:46:12.6 (122168341)|VARIABLE_SCOPE_BEGIN|[37]|wrapper|JobCardsController.JobWrapper|true|false
11:46:12.6 (122179433)|VARIABLE_ASSIGNMENT|[37]|wrapper|{}|0x4968080a
11:46:12.6 (122182531)|STATEMENT_EXECUTE|[38]
11:46:12.6 (122424640)|VARIABLE_ASSIGNMENT|[38]|this.Id|"a0KBK00000GezgQ2AR"|0x4968080a
11:46:12.6 (122429008)|STATEMENT_EXECUTE|[39]
11:46:12.6 (122450276)|VARIABLE_ASSIGNMENT|[39]|this.JobPosition|"新潟市(新潟) 法人ルート営業・業界シェ (74 more) ..."|0x4968080a
11:46:12.6 (122454867)|STATEMENT_EXECUTE|[40]
11:46:12.6 (122464017)|VARIABLE_ASSIGNMENT|[40]|this.WorkLocation2|"新潟県新潟市（転勤なし／車通勤可）"|0x4968080a
11:46:12.6 (122467298)|STATEMENT_EXECUTE|[41]
11:46:12.6 (122474171)|VARIABLE_ASSIGNMENT|[41]|this.JobCategory1|"経営幹部/企画/マーケティング系"|0x4968080a
11:46:12.6 (122477243)|STATEMENT_EXECUTE|[42]
11:46:12.6 (122503452)|VARIABLE_ASSIGNMENT|[42]|this.MaxAnnualSalary|550|0x4968080a
11:46:12.6 (122506604)|STATEMENT_EXECUTE|[43]
11:46:12.6 (122513635)|VARIABLE_ASSIGNMENT|[43]|this.MinAnnualSalary|350|0x4968080a
11:46:12.6 (122516390)|STATEMENT_EXECUTE|[44]
11:46:12.6 (122524450)|VARIABLE_ASSIGNMENT|[44]|this.JobDescription|"自社開発製造の給配水機器とその関連製品の (25 more) ..."|0x4968080a
11:46:12.6 (122527720)|STATEMENT_EXECUTE|[45]
11:46:12.6 (122560609)|VARIABLE_ASSIGNMENT|[45]|this.LastModifiedDate|"2026-03-19T02:02:27.000Z"|0x4968080a
11:46:12.6 (122563476)|STATEMENT_EXECUTE|[46]
11:46:12.6 (122578340)|VARIABLE_ASSIGNMENT|[46]|this.LastViewedDate|"2026-03-19T07:53:43.000Z"|0x4968080a
11:46:12.6 (122581350)|STATEMENT_EXECUTE|[47]
11:46:12.6 (122643017)|HEAP_ALLOCATE|[47]|Bytes:5
11:46:12.6 (122651318)|VARIABLE_ASSIGNMENT|[47]|this.IsFavorite|true|0x4968080a
11:46:12.6 (122656108)|STATEMENT_EXECUTE|[48]
11:46:12.6 (122680521)|HEAP_ALLOCATE|[EXTERNAL]|Bytes:4
11:46:12.6 (122701503)|HEAP_ALLOCATE|[36]|Bytes:5
11:46:12.6 (122713610)|HEAP_ALLOCATE|[36]|Bytes:40
11:46:12.6 (122720220)|VARIABLE_SCOPE_BEGIN|[36]|j|Job__c|true|false
11:46:12.6 (122800534)|VARIABLE_ASSIGNMENT|[36]|j|{"LastModifiedDate":"2026-03-18T01:52:52.000Z","JobPosition__c":"テスト401求人タイトル求人タイトル求人 (28 more) ...","WorkLocation2__c":"勤務地","LastViewedDate":"2026-03-25T10:29:07.000Z","Id":"a0KBK00000Gexcs2AB","MinAnnualSalary__c":450,"JobDescription__c":"テスト401仕事内容仕事内容仕事内容仕事 (30 more) ...","JobCategory1__c":"専門職系（コンサルタント/金融/不動産）","MaxAnnualSalary__c":600}|0x1e8c4b79
11:46:12.6 (122812866)|STATEMENT_EXECUTE|[36]
11:46:12.6 (122814076)|STATEMENT_EXECUTE|[37]
11:46:12.6 (122818864)|HEAP_ALLOCATE|[37]|Bytes:44
11:46:12.6 (122825486)|CONSTRUCTOR_ENTRY|[37]|01pBK000001RGBP|<init>()|JobCardsController.JobWrapper
11:46:12.6 (122833561)|VARIABLE_SCOPE_BEGIN|[3]|this|JobCardsController.JobWrapper|true|false
11:46:12.6 (122861134)|VARIABLE_ASSIGNMENT|[3]|this|{}|0x51842576
11:46:12.6 (122877229)|STATEMENT_EXECUTE|[3]
11:46:12.6 (122878392)|STATEMENT_EXECUTE|[4]
11:46:12.6 (122879874)|STATEMENT_EXECUTE|[5]
11:46:12.6 (122880875)|STATEMENT_EXECUTE|[6]
11:46:12.6 (122881857)|STATEMENT_EXECUTE|[7]
11:46:12.6 (122882844)|STATEMENT_EXECUTE|[8]
11:46:12.6 (122883860)|STATEMENT_EXECUTE|[9]
11:46:12.6 (122884740)|STATEMENT_EXECUTE|[10]
11:46:12.6 (122885734)|STATEMENT_EXECUTE|[11]
11:46:12.6 (122886736)|STATEMENT_EXECUTE|[12]
11:46:12.6 (122887919)|STATEMENT_EXECUTE|[13]
11:46:12.6 (122890914)|CONSTRUCTOR_EXIT|[37]|01pBK000001RGBP|<init>()|JobCardsController.JobWrapper
11:46:12.6 (122896224)|VARIABLE_SCOPE_BEGIN|[37]|wrapper|JobCardsController.JobWrapper|true|false
11:46:12.6 (122910884)|VARIABLE_ASSIGNMENT|[37]|wrapper|{}|0x51842576
11:46:12.6 (122914834)|STATEMENT_EXECUTE|[38]
11:46:12.6 (122996249)|VARIABLE_ASSIGNMENT|[38]|this.Id|"a0KBK00000Gexcs2AB"|0x51842576
11:46:12.6 (123000035)|STATEMENT_EXECUTE|[39]
11:46:12.6 (123008249)|VARIABLE_ASSIGNMENT|[39]|this.JobPosition|"テスト401求人タイトル求人タイトル求人 (28 more) ..."|0x51842576
11:46:12.6 (123012043)|STATEMENT_EXECUTE|[40]
11:46:12.6 (123016512)|VARIABLE_ASSIGNMENT|[40]|this.WorkLocation2|"勤務地"|0x51842576
11:46:12.6 (123019598)|STATEMENT_EXECUTE|[41]
11:46:12.6 (123023644)|VARIABLE_ASSIGNMENT|[41]|this.JobCategory1|"専門職系（コンサルタント/金融/不動産）"|0x51842576
11:46:12.6 (123027239)|STATEMENT_EXECUTE|[42]
11:46:12.6 (123036048)|VARIABLE_ASSIGNMENT|[42]|this.MaxAnnualSalary|600|0x51842576
11:46:12.6 (123038496)|STATEMENT_EXECUTE|[43]
11:46:12.6 (123042602)|VARIABLE_ASSIGNMENT|[43]|this.MinAnnualSalary|450|0x51842576
11:46:12.6 (123045277)|STATEMENT_EXECUTE|[44]
11:46:12.6 (123049602)|VARIABLE_ASSIGNMENT|[44]|this.JobDescription|"テスト401仕事内容仕事内容仕事内容仕事 (30 more) ..."|0x51842576
11:46:12.6 (123052919)|STATEMENT_EXECUTE|[45]
11:46:12.6 (123067544)|VARIABLE_ASSIGNMENT|[45]|this.LastModifiedDate|"2026-03-18T01:52:52.000Z"|0x51842576
11:46:12.6 (123075128)|STATEMENT_EXECUTE|[46]
11:46:12.6 (123081261)|VARIABLE_ASSIGNMENT|[46]|this.LastViewedDate|"2026-03-25T10:29:07.000Z"|0x51842576
11:46:12.6 (123083948)|STATEMENT_EXECUTE|[47]
11:46:12.6 (123096659)|HEAP_ALLOCATE|[47]|Bytes:5
11:46:12.6 (123100515)|VARIABLE_ASSIGNMENT|[47]|this.IsFavorite|false|0x51842576
11:46:12.6 (123103303)|STATEMENT_EXECUTE|[48]
11:46:12.6 (123108312)|HEAP_ALLOCATE|[EXTERNAL]|Bytes:4
11:46:12.6 (123117429)|HEAP_ALLOCATE|[36]|Bytes:5
11:46:12.6 (123125938)|HEAP_ALLOCATE|[36]|Bytes:36
11:46:12.6 (123130273)|VARIABLE_SCOPE_BEGIN|[36]|j|Job__c|true|false
11:46:12.6 (123190180)|VARIABLE_ASSIGNMENT|[36]|j|{"LastModifiedDate":"2026-03-12T05:33:30.000Z","JobPosition__c":"テスト424求人タイトル求人タイトル求人 (28 more) ...","LastViewedDate":"2026-03-17T07:21:04.000Z","Id":"a0KBK00000GexdF2AR","MinAnnualSalary__c":250,"JobDescription__c":"テスト424仕事内容仕事内容仕事内容仕事 (30 more) ...","JobCategory1__c":"技術系（電気/電子/機械）","MaxAnnualSalary__c":350}|0x30b76e5b
11:46:12.6 (123197397)|STATEMENT_EXECUTE|[36]
11:46:12.6 (123198395)|STATEMENT_EXECUTE|[37]
11:46:12.6 (123201259)|HEAP_ALLOCATE|[37]|Bytes:44
11:46:12.6 (123205016)|CONSTRUCTOR_ENTRY|[37]|01pBK000001RGBP|<init>()|JobCardsController.JobWrapper
11:46:12.6 (123209073)|VARIABLE_SCOPE_BEGIN|[3]|this|JobCardsController.JobWrapper|true|false
11:46:12.6 (123221746)|VARIABLE_ASSIGNMENT|[3]|this|{}|0x67a071ec
11:46:12.6 (123231013)|STATEMENT_EXECUTE|[3]
11:46:12.6 (123231972)|STATEMENT_EXECUTE|[4]
11:46:12.6 (123232937)|STATEMENT_EXECUTE|[5]
11:46:12.6 (123233716)|STATEMENT_EXECUTE|[6]
11:46:12.6 (123234478)|STATEMENT_EXECUTE|[7]
11:46:12.6 (123235283)|STATEMENT_EXECUTE|[8]
11:46:12.6 (123236023)|STATEMENT_EXECUTE|[9]
11:46:12.6 (123236783)|STATEMENT_EXECUTE|[10]
11:46:12.6 (123237526)|STATEMENT_EXECUTE|[11]
11:46:12.6 (123238730)|STATEMENT_EXECUTE|[12]
11:46:12.6 (123239802)|STATEMENT_EXECUTE|[13]
11:46:12.6 (123242429)|CONSTRUCTOR_EXIT|[37]|01pBK000001RGBP|<init>()|JobCardsController.JobWrapper
11:46:12.6 (123247184)|VARIABLE_SCOPE_BEGIN|[37]|wrapper|JobCardsController.JobWrapper|true|false
11:46:12.6 (123259763)|VARIABLE_ASSIGNMENT|[37]|wrapper|{}|0x67a071ec
11:46:12.6 (123263820)|STATEMENT_EXECUTE|[38]
11:46:12.6 (123320402)|VARIABLE_ASSIGNMENT|[38]|this.Id|"a0KBK00000GexdF2AR"|0x67a071ec
11:46:12.6 (123325222)|STATEMENT_EXECUTE|[39]
11:46:12.6 (123333076)|VARIABLE_ASSIGNMENT|[39]|this.JobPosition|"テスト424求人タイトル求人タイトル求人 (28 more) ..."|0x67a071ec
11:46:12.6 (123336495)|STATEMENT_EXECUTE|[40]
11:46:12.6 (123340551)|VARIABLE_ASSIGNMENT|[40]|this.WorkLocation2|null|0x67a071ec
11:46:12.6 (123343137)|STATEMENT_EXECUTE|[41]
11:46:12.6 (123347059)|VARIABLE_ASSIGNMENT|[41]|this.JobCategory1|"技術系（電気/電子/機械）"|0x67a071ec
11:46:12.6 (123350124)|STATEMENT_EXECUTE|[42]
11:46:12.6 (123355294)|VARIABLE_ASSIGNMENT|[42]|this.MaxAnnualSalary|350|0x67a071ec
11:46:12.6 (123363143)|STATEMENT_EXECUTE|[43]
11:46:12.6 (123368651)|VARIABLE_ASSIGNMENT|[43]|this.MinAnnualSalary|250|0x67a071ec
11:46:12.6 (123374148)|STATEMENT_EXECUTE|[44]
11:46:12.6 (123380283)|VARIABLE_ASSIGNMENT|[44]|this.JobDescription|"テスト424仕事内容仕事内容仕事内容仕事 (30 more) ..."|0x67a071ec
11:46:12.6 (123385055)|STATEMENT_EXECUTE|[45]
11:46:12.6 (123397061)|VARIABLE_ASSIGNMENT|[45]|this.LastModifiedDate|"2026-03-12T05:33:30.000Z"|0x67a071ec
11:46:12.6 (123399719)|STATEMENT_EXECUTE|[46]
11:46:12.6 (123405478)|VARIABLE_ASSIGNMENT|[46]|this.LastViewedDate|"2026-03-17T07:21:04.000Z"|0x67a071ec
11:46:12.6 (123408041)|STATEMENT_EXECUTE|[47]
11:46:12.6 (123419074)|HEAP_ALLOCATE|[47]|Bytes:5
11:46:12.6 (123424408)|VARIABLE_ASSIGNMENT|[47]|this.IsFavorite|false|0x67a071ec
11:46:12.6 (123428367)|STATEMENT_EXECUTE|[48]
11:46:12.6 (123433550)|HEAP_ALLOCATE|[EXTERNAL]|Bytes:4
11:46:12.6 (123441836)|HEAP_ALLOCATE|[36]|Bytes:5
11:46:12.6 (123448615)|HEAP_ALLOCATE|[36]|Bytes:36
11:46:12.6 (123452092)|VARIABLE_SCOPE_BEGIN|[36]|j|Job__c|true|false
11:46:12.6 (123512237)|VARIABLE_ASSIGNMENT|[36]|j|{"LastModifiedDate":"2026-03-09T05:51:50.000Z","JobPosition__c":"テスト403求人タイトル求人タイトル求人 (28 more) ...","LastViewedDate":"2026-03-18T09:45:24.000Z","Id":"a0KBK00000Gexcu2AB","MinAnnualSalary__c":900,"JobDescription__c":"テスト403仕事内容仕事内容仕事内容仕事 (30 more) ...","JobCategory1__c":"営業系","MaxAnnualSalary__c":600}|0x5b462974
11:46:12.6 (123520851)|STATEMENT_EXECUTE|[36]
11:46:12.6 (123521723)|STATEMENT_EXECUTE|[37]
11:46:12.6 (123524131)|HEAP_ALLOCATE|[37]|Bytes:44
11:46:12.6 (123527987)|CONSTRUCTOR_ENTRY|[37]|01pBK000001RGBP|<init>()|JobCardsController.JobWrapper
11:46:12.6 (123531859)|VARIABLE_SCOPE_BEGIN|[3]|this|JobCardsController.JobWrapper|true|false
11:46:12.6 (123545245)|VARIABLE_ASSIGNMENT|[3]|this|{}|0x6e810d4a
11:46:12.6 (123554202)|STATEMENT_EXECUTE|[3]
11:46:12.6 (123555117)|STATEMENT_EXECUTE|[4]
11:46:12.6 (123556135)|STATEMENT_EXECUTE|[5]
11:46:12.6 (123557001)|STATEMENT_EXECUTE|[6]
11:46:12.6 (123557755)|STATEMENT_EXECUTE|[7]
11:46:12.6 (123558537)|STATEMENT_EXECUTE|[8]
11:46:12.6 (123559297)|STATEMENT_EXECUTE|[9]
11:46:12.6 (123560128)|STATEMENT_EXECUTE|[10]
11:46:12.6 (123560861)|STATEMENT_EXECUTE|[11]
11:46:12.6 (123561653)|STATEMENT_EXECUTE|[12]
11:46:12.6 (123562396)|STATEMENT_EXECUTE|[13]
11:46:12.6 (123564074)|CONSTRUCTOR_EXIT|[37]|01pBK000001RGBP|<init>()|JobCardsController.JobWrapper
11:46:12.6 (123567920)|VARIABLE_SCOPE_BEGIN|[37]|wrapper|JobCardsController.JobWrapper|true|false
11:46:12.6 (123580306)|VARIABLE_ASSIGNMENT|[37]|wrapper|{}|0x6e810d4a
11:46:12.6 (123584706)|STATEMENT_EXECUTE|[38]
11:46:12.6 (123623305)|VARIABLE_ASSIGNMENT|[38]|this.Id|"a0KBK00000Gexcu2AB"|0x6e810d4a
11:46:12.6 (123626779)|STATEMENT_EXECUTE|[39]
11:46:12.6 (123640355)|VARIABLE_ASSIGNMENT|[39]|this.JobPosition|"テスト403求人タイトル求人タイトル求人 (28 more) ..."|0x6e810d4a
11:46:12.6 (123644982)|STATEMENT_EXECUTE|[40]
11:46:12.6 (123650073)|VARIABLE_ASSIGNMENT|[40]|this.WorkLocation2|null|0x6e810d4a
11:46:12.6 (123653742)|STATEMENT_EXECUTE|[41]
11:46:12.6 (123659115)|VARIABLE_ASSIGNMENT|[41]|this.JobCategory1|"営業系"|0x6e810d4a
11:46:12.6 (123663693)|STATEMENT_EXECUTE|[42]
11:46:12.6 (123669438)|VARIABLE_ASSIGNMENT|[42]|this.MaxAnnualSalary|600|0x6e810d4a
11:46:12.6 (123671970)|STATEMENT_EXECUTE|[43]
11:46:12.6 (123675422)|VARIABLE_ASSIGNMENT|[43]|this.MinAnnualSalary|900|0x6e810d4a
11:46:12.6 (123678062)|STATEMENT_EXECUTE|[44]
11:46:12.6 (123682250)|VARIABLE_ASSIGNMENT|[44]|this.JobDescription|"テスト403仕事内容仕事内容仕事内容仕事 (30 more) ..."|0x6e810d4a
11:46:12.6 (123685194)|STATEMENT_EXECUTE|[45]
11:46:12.6 (123694447)|VARIABLE_ASSIGNMENT|[45]|this.LastModifiedDate|"2026-03-09T05:51:50.000Z"|0x6e810d4a
11:46:12.6 (123696909)|STATEMENT_EXECUTE|[46]
11:46:12.6 (123702359)|VARIABLE_ASSIGNMENT|[46]|this.LastViewedDate|"2026-03-18T09:45:24.000Z"|0x6e810d4a
11:46:12.6 (123704788)|STATEMENT_EXECUTE|[47]
11:46:12.6 (123713869)|HEAP_ALLOCATE|[47]|Bytes:5
11:46:12.6 (123717647)|VARIABLE_ASSIGNMENT|[47]|this.IsFavorite|false|0x6e810d4a
11:46:12.6 (123720070)|STATEMENT_EXECUTE|[48]
11:46:12.6 (123723714)|HEAP_ALLOCATE|[EXTERNAL]|Bytes:4
11:46:12.6 (123730623)|HEAP_ALLOCATE|[36]|Bytes:5
11:46:12.6 (123736463)|HEAP_ALLOCATE|[36]|Bytes:36
11:46:12.6 (123740392)|VARIABLE_SCOPE_BEGIN|[36]|j|Job__c|true|false
11:46:12.6 (123784476)|VARIABLE_ASSIGNMENT|[36]|j|{"LastModifiedDate":"2026-03-09T05:51:49.000Z","JobPosition__c":"テスト402求人タイトル求人タイトル求人 (28 more) ...","LastViewedDate":"2026-03-18T09:45:33.000Z","Id":"a0KBK00000Gexct2AB","MinAnnualSalary__c":500,"JobDescription__c":"テスト402仕事内容仕事内容仕事内容仕事 (30 more) ...","JobCategory1__c":"営業系","MaxAnnualSalary__c":400}|0x60de0e32
11:46:12.6 (123791446)|STATEMENT_EXECUTE|[36]
11:46:12.6 (123792286)|STATEMENT_EXECUTE|[37]
11:46:12.6 (123794300)|HEAP_ALLOCATE|[37]|Bytes:44
11:46:12.6 (123797947)|CONSTRUCTOR_ENTRY|[37]|01pBK000001RGBP|<init>()|JobCardsController.JobWrapper
11:46:12.6 (123801671)|VARIABLE_SCOPE_BEGIN|[3]|this|JobCardsController.JobWrapper|true|false
11:46:12.6 (123813539)|VARIABLE_ASSIGNMENT|[3]|this|{}|0xa329bdc
11:46:12.6 (123821758)|STATEMENT_EXECUTE|[3]
11:46:12.6 (123822711)|STATEMENT_EXECUTE|[4]
11:46:12.6 (123823666)|STATEMENT_EXECUTE|[5]
11:46:12.6 (123824584)|STATEMENT_EXECUTE|[6]
11:46:12.6 (123825389)|STATEMENT_EXECUTE|[7]
11:46:12.6 (123826147)|STATEMENT_EXECUTE|[8]
11:46:12.6 (123826880)|STATEMENT_EXECUTE|[9]
11:46:12.6 (123827616)|STATEMENT_EXECUTE|[10]
11:46:12.6 (123828355)|STATEMENT_EXECUTE|[11]
11:46:12.6 (123829121)|STATEMENT_EXECUTE|[12]
11:46:12.6 (123829851)|STATEMENT_EXECUTE|[13]
11:46:12.6 (123831511)|CONSTRUCTOR_EXIT|[37]|01pBK000001RGBP|<init>()|JobCardsController.JobWrapper
11:46:12.6 (123834570)|VARIABLE_SCOPE_BEGIN|[37]|wrapper|JobCardsController.JobWrapper|true|false
11:46:12.6 (123845736)|VARIABLE_ASSIGNMENT|[37]|wrapper|{}|0xa329bdc
11:46:12.6 (123848601)|STATEMENT_EXECUTE|[38]
11:46:12.6 (123892978)|VARIABLE_ASSIGNMENT|[38]|this.Id|"a0KBK00000Gexct2AB"|0xa329bdc
11:46:12.6 (123896450)|STATEMENT_EXECUTE|[39]
11:46:12.6 (123902015)|VARIABLE_ASSIGNMENT|[39]|this.JobPosition|"テスト402求人タイトル求人タイトル求人 (28 more) ..."|0xa329bdc
11:46:12.6 (123905427)|STATEMENT_EXECUTE|[40]
11:46:12.6 (123908521)|VARIABLE_ASSIGNMENT|[40]|this.WorkLocation2|null|0xa329bdc
11:46:12.6 (123911046)|STATEMENT_EXECUTE|[41]
11:46:12.6 (123914165)|VARIABLE_ASSIGNMENT|[41]|this.JobCategory1|"営業系"|0xa329bdc
11:46:12.6 (123917481)|STATEMENT_EXECUTE|[42]
11:46:12.6 (123922896)|VARIABLE_ASSIGNMENT|[42]|this.MaxAnnualSalary|400|0xa329bdc
11:46:12.6 (123925399)|STATEMENT_EXECUTE|[43]
11:46:12.6 (123928807)|VARIABLE_ASSIGNMENT|[43]|this.MinAnnualSalary|500|0xa329bdc
11:46:12.6 (123931323)|STATEMENT_EXECUTE|[44]
11:46:12.6 (123935141)|VARIABLE_ASSIGNMENT|[44]|this.JobDescription|"テスト402仕事内容仕事内容仕事内容仕事 (30 more) ..."|0xa329bdc
11:46:12.6 (123938216)|STATEMENT_EXECUTE|[45]
11:46:12.6 (123946266)|VARIABLE_ASSIGNMENT|[45]|this.LastModifiedDate|"2026-03-09T05:51:49.000Z"|0xa329bdc
11:46:12.6 (123948810)|STATEMENT_EXECUTE|[46]
11:46:12.6 (123954033)|VARIABLE_ASSIGNMENT|[46]|this.LastViewedDate|"2026-03-18T09:45:33.000Z"|0xa329bdc
11:46:12.6 (123956565)|STATEMENT_EXECUTE|[47]
11:46:12.6 (123964451)|HEAP_ALLOCATE|[47]|Bytes:5
11:46:12.6 (123967777)|VARIABLE_ASSIGNMENT|[47]|this.IsFavorite|false|0xa329bdc
11:46:12.6 (123970350)|STATEMENT_EXECUTE|[48]
11:46:12.6 (123973866)|HEAP_ALLOCATE|[EXTERNAL]|Bytes:4
11:46:12.6 (123980016)|HEAP_ALLOCATE|[36]|Bytes:5
11:46:12.6 (123985526)|HEAP_ALLOCATE|[36]|Bytes:40
11:46:12.6 (123988499)|VARIABLE_SCOPE_BEGIN|[36]|j|Job__c|true|false
11:46:12.6 (124034576)|VARIABLE_ASSIGNMENT|[36]|j|{"LastModifiedDate":"2026-03-06T01:15:09.000Z","JobPosition__c":"千代田区(東京) 設備積算・大手サブコン (18 more) ...","WorkLocation2__c":"東京都千代田区","LastViewedDate":"2026-03-17T05:57:19.000Z","Id":"a0KBK00000GezgH2AR","MinAnnualSalary__c":400,"JobDescription__c":"事務所ビルや商業施設、工場など、多様な建 (105 more) ...","JobCategory1__c":"営業系","MaxAnnualSalary__c":650}|0x1cf556d3
11:46:12.6 (124041824)|STATEMENT_EXECUTE|[36]
11:46:12.6 (124042704)|STATEMENT_EXECUTE|[37]
11:46:12.6 (124044803)|HEAP_ALLOCATE|[37]|Bytes:44
11:46:12.6 (124047891)|CONSTRUCTOR_ENTRY|[37]|01pBK000001RGBP|<init>()|JobCardsController.JobWrapper
11:46:12.6 (124051566)|VARIABLE_SCOPE_BEGIN|[3]|this|JobCardsController.JobWrapper|true|false
11:46:12.6 (124062188)|VARIABLE_ASSIGNMENT|[3]|this|{}|0x7aeda079
11:46:12.6 (124072879)|STATEMENT_EXECUTE|[3]
11:46:12.6 (124073754)|STATEMENT_EXECUTE|[4]
11:46:12.6 (124074561)|STATEMENT_EXECUTE|[5]
11:46:12.6 (124075366)|STATEMENT_EXECUTE|[6]
11:46:12.6 (124076125)|STATEMENT_EXECUTE|[7]
11:46:12.6 (124076919)|STATEMENT_EXECUTE|[8]
11:46:12.6 (124077659)|STATEMENT_EXECUTE|[9]
11:46:12.6 (124078431)|STATEMENT_EXECUTE|[10]
11:46:12.6 (124079234)|STATEMENT_EXECUTE|[11]
11:46:12.6 (124079998)|STATEMENT_EXECUTE|[12]
11:46:12.6 (124080762)|STATEMENT_EXECUTE|[13]
11:46:12.6 (124082336)|CONSTRUCTOR_EXIT|[37]|01pBK000001RGBP|<init>()|JobCardsController.JobWrapper
11:46:12.6 (124085221)|VARIABLE_SCOPE_BEGIN|[37]|wrapper|JobCardsController.JobWrapper|true|false
11:46:12.6 (124092510)|VARIABLE_ASSIGNMENT|[37]|wrapper|{}|0x7aeda079
11:46:12.6 (124095220)|STATEMENT_EXECUTE|[38]
11:46:12.6 (124123152)|VARIABLE_ASSIGNMENT|[38]|this.Id|"a0KBK00000GezgH2AR"|0x7aeda079
11:46:12.6 (124126202)|STATEMENT_EXECUTE|[39]
11:46:12.6 (124130920)|VARIABLE_ASSIGNMENT|[39]|this.JobPosition|"千代田区(東京) 設備積算・大手サブコン (18 more) ..."|0x7aeda079
11:46:12.6 (124134040)|STATEMENT_EXECUTE|[40]
11:46:12.6 (124137863)|VARIABLE_ASSIGNMENT|[40]|this.WorkLocation2|"東京都千代田区"|0x7aeda079
11:46:12.6 (124140851)|STATEMENT_EXECUTE|[41]
11:46:12.6 (124143880)|VARIABLE_ASSIGNMENT|[41]|this.JobCategory1|"営業系"|0x7aeda079
11:46:12.6 (124146687)|STATEMENT_EXECUTE|[42]
11:46:12.6 (124150858)|VARIABLE_ASSIGNMENT|[42]|this.MaxAnnualSalary|650|0x7aeda079
11:46:12.6 (124153470)|STATEMENT_EXECUTE|[43]
11:46:12.6 (124156818)|VARIABLE_ASSIGNMENT|[43]|this.MinAnnualSalary|400|0x7aeda079
11:46:12.6 (124159386)|STATEMENT_EXECUTE|[44]
11:46:12.6 (124163102)|VARIABLE_ASSIGNMENT|[44]|this.JobDescription|"事務所ビルや商業施設、工場など、多様な建 (105 more) ..."|0x7aeda079
11:46:12.6 (124166047)|STATEMENT_EXECUTE|[45]
11:46:12.6 (124172980)|VARIABLE_ASSIGNMENT|[45]|this.LastModifiedDate|"2026-03-06T01:15:09.000Z"|0x7aeda079
11:46:12.6 (124175825)|STATEMENT_EXECUTE|[46]
11:46:12.6 (124180906)|VARIABLE_ASSIGNMENT|[46]|this.LastViewedDate|"2026-03-17T05:57:19.000Z"|0x7aeda079
11:46:12.6 (124183498)|STATEMENT_EXECUTE|[47]
11:46:12.6 (124189863)|HEAP_ALLOCATE|[47]|Bytes:5
11:46:12.6 (124192891)|VARIABLE_ASSIGNMENT|[47]|this.IsFavorite|false|0x7aeda079
11:46:12.6 (124195250)|STATEMENT_EXECUTE|[48]
11:46:12.6 (124198518)|HEAP_ALLOCATE|[EXTERNAL]|Bytes:4
11:46:12.6 (124203892)|HEAP_ALLOCATE|[36]|Bytes:5
11:46:12.6 (124208585)|HEAP_ALLOCATE|[36]|Bytes:40
11:46:12.6 (124211553)|VARIABLE_SCOPE_BEGIN|[36]|j|Job__c|true|false
11:46:12.6 (124248732)|VARIABLE_ASSIGNMENT|[36]|j|{"LastModifiedDate":"2026-03-04T02:02:48.000Z","JobPosition__c":"テスト451求人タイトル求人タイトル求人 (235 more) ...","WorkLocation2__c":"444444","LastViewedDate":"2026-03-03T02:49:01.000Z","Id":"a0KBK00000Gexdg2AB","MinAnnualSalary__c":0,"JobDescription__c":"テスト451仕事内容仕事内容仕事内容仕事 (230 more) ...","JobCategory1__c":"経営幹部/企画/マーケティング系","MaxAnnualSalary__c":0}|0x173b36a0
11:46:12.6 (124255503)|STATEMENT_EXECUTE|[36]
11:46:12.6 (124256357)|STATEMENT_EXECUTE|[37]
11:46:12.6 (124257987)|HEAP_ALLOCATE|[37]|Bytes:44
11:46:12.6 (124263686)|CONSTRUCTOR_ENTRY|[37]|01pBK000001RGBP|<init>()|JobCardsController.JobWrapper
11:46:12.6 (124267267)|VARIABLE_SCOPE_BEGIN|[3]|this|JobCardsController.JobWrapper|true|false
11:46:12.6 (124276649)|VARIABLE_ASSIGNMENT|[3]|this|{}|0x1ea691d9
11:46:12.6 (124283682)|STATEMENT_EXECUTE|[3]
11:46:12.6 (124284531)|STATEMENT_EXECUTE|[4]
11:46:12.6 (124285349)|STATEMENT_EXECUTE|[5]
11:46:12.6 (124286138)|STATEMENT_EXECUTE|[6]
11:46:12.6 (124286930)|STATEMENT_EXECUTE|[7]
11:46:12.6 (124287706)|STATEMENT_EXECUTE|[8]
11:46:12.6 (124288470)|STATEMENT_EXECUTE|[9]
11:46:12.6 (124289222)|STATEMENT_EXECUTE|[10]
11:46:12.6 (124289995)|STATEMENT_EXECUTE|[11]
11:46:12.6 (124290764)|STATEMENT_EXECUTE|[12]
11:46:12.6 (124291503)|STATEMENT_EXECUTE|[13]
11:46:12.6 (124292930)|CONSTRUCTOR_EXIT|[37]|01pBK000001RGBP|<init>()|JobCardsController.JobWrapper
11:46:12.6 (124295762)|VARIABLE_SCOPE_BEGIN|[37]|wrapper|JobCardsController.JobWrapper|true|false
11:46:12.6 (124302999)|VARIABLE_ASSIGNMENT|[37]|wrapper|{}|0x1ea691d9
11:46:12.6 (124305802)|STATEMENT_EXECUTE|[38]
11:46:12.6 (124329978)|VARIABLE_ASSIGNMENT|[38]|this.Id|"a0KBK00000Gexdg2AB"|0x1ea691d9
11:46:12.6 (124332889)|STATEMENT_EXECUTE|[39]
11:46:12.6 (124337570)|VARIABLE_ASSIGNMENT|[39]|this.JobPosition|"テスト451求人タイトル求人タイトル求人 (235 more) ..."|0x1ea691d9
11:46:12.6 (124340568)|STATEMENT_EXECUTE|[40]
11:46:12.6 (124343905)|VARIABLE_ASSIGNMENT|[40]|this.WorkLocation2|"444444"|0x1ea691d9
11:46:12.6 (124346821)|STATEMENT_EXECUTE|[41]
11:46:12.6 (124350180)|VARIABLE_ASSIGNMENT|[41]|this.JobCategory1|"経営幹部/企画/マーケティング系"|0x1ea691d9
11:46:12.6 (124353151)|STATEMENT_EXECUTE|[42]
11:46:12.6 (124375782)|HEAP_ALLOCATE|[42]|Bytes:28
11:46:12.6 (124380801)|VARIABLE_ASSIGNMENT|[42]|this.MaxAnnualSalary|0|0x1ea691d9
11:46:12.6 (124383231)|STATEMENT_EXECUTE|[43]
11:46:12.6 (124385691)|HEAP_ALLOCATE|[43]|Bytes:28
11:46:12.6 (124389035)|VARIABLE_ASSIGNMENT|[43]|this.MinAnnualSalary|0|0x1ea691d9
11:46:12.6 (124391388)|STATEMENT_EXECUTE|[44]
11:46:12.6 (124395022)|VARIABLE_ASSIGNMENT|[44]|this.JobDescription|"テスト451仕事内容仕事内容仕事内容仕事 (230 more) ..."|0x1ea691d9
11:46:12.6 (124398085)|STATEMENT_EXECUTE|[45]
11:46:12.6 (124405413)|VARIABLE_ASSIGNMENT|[45]|this.LastModifiedDate|"2026-03-04T02:02:48.000Z"|0x1ea691d9
11:46:12.6 (124408040)|STATEMENT_EXECUTE|[46]
11:46:12.6 (124413080)|VARIABLE_ASSIGNMENT|[46]|this.LastViewedDate|"2026-03-03T02:49:01.000Z"|0x1ea691d9
11:46:12.6 (124415605)|STATEMENT_EXECUTE|[47]
11:46:12.6 (124421887)|HEAP_ALLOCATE|[47]|Bytes:5
11:46:12.6 (124424839)|VARIABLE_ASSIGNMENT|[47]|this.IsFavorite|false|0x1ea691d9
11:46:12.6 (124427181)|STATEMENT_EXECUTE|[48]
11:46:12.6 (124430347)|HEAP_ALLOCATE|[EXTERNAL]|Bytes:4
11:46:12.6 (124435697)|HEAP_ALLOCATE|[36]|Bytes:5
11:46:12.6 (124443564)|HEAP_ALLOCATE|[36]|Bytes:36
11:46:12.6 (124446546)|VARIABLE_SCOPE_BEGIN|[36]|j|Job__c|true|false
11:46:12.6 (124480634)|VARIABLE_ASSIGNMENT|[36]|j|{"LastModifiedDate":"2026-02-06T01:25:17.000Z","JobPosition__c":"テスト467求人タイトル求人タイトル求人 (28 more) ...","LastViewedDate":"2026-03-03T09:55:23.000Z","Id":"a0KBK00000Gexdw2AB","MinAnnualSalary__c":216,"JobDescription__c":"テスト467仕事内容仕事内容仕事内容仕事 (30 more) ...","JobCategory1__c":"管理部門/事務系","MaxAnnualSalary__c":0}|0x7ddca0ba
11:46:12.6 (124486552)|STATEMENT_EXECUTE|[36]
11:46:12.6 (124487442)|STATEMENT_EXECUTE|[37]
11:46:12.6 (124489137)|HEAP_ALLOCATE|[37]|Bytes:44
11:46:12.6 (124491984)|CONSTRUCTOR_ENTRY|[37]|01pBK000001RGBP|<init>()|JobCardsController.JobWrapper
11:46:12.6 (124497346)|VARIABLE_SCOPE_BEGIN|[3]|this|JobCardsController.JobWrapper|true|false
11:46:12.6 (124513349)|VARIABLE_ASSIGNMENT|[3]|this|{}|0x782b241a
11:46:12.6 (124523650)|STATEMENT_EXECUTE|[3]
11:46:12.6 (124524566)|STATEMENT_EXECUTE|[4]
11:46:12.6 (124525386)|STATEMENT_EXECUTE|[5]
11:46:12.6 (124526152)|STATEMENT_EXECUTE|[6]
11:46:12.6 (124526909)|STATEMENT_EXECUTE|[7]
11:46:12.6 (124527669)|STATEMENT_EXECUTE|[8]
11:46:12.6 (124528422)|STATEMENT_EXECUTE|[9]
11:46:12.6 (124529161)|STATEMENT_EXECUTE|[10]
11:46:12.6 (124529932)|STATEMENT_EXECUTE|[11]
11:46:12.6 (124530697)|STATEMENT_EXECUTE|[12]
11:46:12.6 (124531432)|STATEMENT_EXECUTE|[13]
11:46:12.6 (124533232)|CONSTRUCTOR_EXIT|[37]|01pBK000001RGBP|<init>()|JobCardsController.JobWrapper
11:46:12.6 (124536248)|VARIABLE_SCOPE_BEGIN|[37]|wrapper|JobCardsController.JobWrapper|true|false
11:46:12.6 (124544725)|VARIABLE_ASSIGNMENT|[37]|wrapper|{}|0x782b241a
11:46:12.6 (124547419)|STATEMENT_EXECUTE|[38]
11:46:12.6 (124574028)|VARIABLE_ASSIGNMENT|[38]|this.Id|"a0KBK00000Gexdw2AB"|0x782b241a
11:46:12.6 (124576970)|STATEMENT_EXECUTE|[39]
11:46:12.6 (124581743)|VARIABLE_ASSIGNMENT|[39]|this.JobPosition|"テスト467求人タイトル求人タイトル求人 (28 more) ..."|0x782b241a
11:46:12.6 (124584901)|STATEMENT_EXECUTE|[40]
11:46:12.6 (124588240)|VARIABLE_ASSIGNMENT|[40]|this.WorkLocation2|null|0x782b241a
11:46:12.6 (124590792)|STATEMENT_EXECUTE|[41]
11:46:12.6 (124594132)|VARIABLE_ASSIGNMENT|[41]|this.JobCategory1|"管理部門/事務系"|0x782b241a
11:46:12.6 (124597104)|STATEMENT_EXECUTE|[42]
11:46:12.6 (124600972)|HEAP_ALLOCATE|[42]|Bytes:28
11:46:12.6 (124604474)|VARIABLE_ASSIGNMENT|[42]|this.MaxAnnualSalary|0|0x782b241a
11:46:12.6 (124606989)|STATEMENT_EXECUTE|[43]
11:46:12.6 (124610773)|VARIABLE_ASSIGNMENT|[43]|this.MinAnnualSalary|216|0x782b241a
11:46:12.6 (124613339)|STATEMENT_EXECUTE|[44]
11:46:12.6 (124617186)|VARIABLE_ASSIGNMENT|[44]|this.JobDescription|"テスト467仕事内容仕事内容仕事内容仕事 (30 more) ..."|0x782b241a
11:46:12.6 (124620089)|STATEMENT_EXECUTE|[45]
11:46:12.6 (124626794)|VARIABLE_ASSIGNMENT|[45]|this.LastModifiedDate|"2026-02-06T01:25:17.000Z"|0x782b241a
11:46:12.6 (124632332)|STATEMENT_EXECUTE|[46]
11:46:12.6 (124637427)|VARIABLE_ASSIGNMENT|[46]|this.LastViewedDate|"2026-03-03T09:55:23.000Z"|0x782b241a
11:46:12.6 (124639991)|STATEMENT_EXECUTE|[47]
11:46:12.6 (124646677)|HEAP_ALLOCATE|[47]|Bytes:5
11:46:12.6 (124649676)|VARIABLE_ASSIGNMENT|[47]|this.IsFavorite|false|0x782b241a
11:46:12.6 (124652171)|STATEMENT_EXECUTE|[48]
11:46:12.6 (124655139)|HEAP_ALLOCATE|[EXTERNAL]|Bytes:4
11:46:12.6 (124663580)|HEAP_ALLOCATE|[36]|Bytes:5
11:46:12.6 (124670016)|HEAP_ALLOCATE|[36]|Bytes:36
11:46:12.6 (124674456)|VARIABLE_SCOPE_BEGIN|[36]|j|Job__c|true|false
11:46:12.6 (124729924)|VARIABLE_ASSIGNMENT|[36]|j|{"LastModifiedDate":"2026-02-05T00:50:25.000Z","JobPosition__c":"テスト297求人タイトル求人タイトル求人 (28 more) ...","LastViewedDate":"2026-03-03T09:55:10.000Z","Id":"a0KBK00000Gezpx2AB","MinAnnualSalary__c":350,"JobDescription__c":"テスト297仕事内容仕事内容仕事内容仕事 (30 more) ...","JobCategory1__c":"IT系（ソフトウェア/ネットワーク）","MaxAnnualSalary__c":600}|0x6de39ead
11:46:12.6 (124739273)|STATEMENT_EXECUTE|[36]
11:46:12.6 (124740491)|STATEMENT_EXECUTE|[37]
11:46:12.6 (124743144)|HEAP_ALLOCATE|[37]|Bytes:44
11:46:12.6 (124747972)|CONSTRUCTOR_ENTRY|[37]|01pBK000001RGBP|<init>()|JobCardsController.JobWrapper
11:46:12.6 (124753254)|VARIABLE_SCOPE_BEGIN|[3]|this|JobCardsController.JobWrapper|true|false
11:46:12.6 (124770133)|VARIABLE_ASSIGNMENT|[3]|this|{}|0x6659bcb8
11:46:12.6 (124781663)|STATEMENT_EXECUTE|[3]
11:46:12.6 (124782978)|STATEMENT_EXECUTE|[4]
11:46:12.6 (124784124)|STATEMENT_EXECUTE|[5]
11:46:12.6 (124785158)|STATEMENT_EXECUTE|[6]
11:46:12.6 (124786154)|STATEMENT_EXECUTE|[7]
11:46:12.6 (124787162)|STATEMENT_EXECUTE|[8]
11:46:12.6 (124788326)|STATEMENT_EXECUTE|[9]
11:46:12.6 (124789567)|STATEMENT_EXECUTE|[10]
11:46:12.6 (124790753)|STATEMENT_EXECUTE|[11]
11:46:12.6 (124791709)|STATEMENT_EXECUTE|[12]
11:46:12.6 (124792861)|STATEMENT_EXECUTE|[13]
11:46:12.6 (124795271)|CONSTRUCTOR_EXIT|[37]|01pBK000001RGBP|<init>()|JobCardsController.JobWrapper
11:46:12.6 (124800494)|VARIABLE_SCOPE_BEGIN|[37]|wrapper|JobCardsController.JobWrapper|true|false
11:46:12.6 (124812263)|VARIABLE_ASSIGNMENT|[37]|wrapper|{}|0x6659bcb8
11:46:12.6 (124816617)|STATEMENT_EXECUTE|[38]
11:46:12.6 (124858811)|VARIABLE_ASSIGNMENT|[38]|this.Id|"a0KBK00000Gezpx2AB"|0x6659bcb8
11:46:12.6 (124862096)|STATEMENT_EXECUTE|[39]
11:46:12.6 (124867470)|VARIABLE_ASSIGNMENT|[39]|this.JobPosition|"テスト297求人タイトル求人タイトル求人 (28 more) ..."|0x6659bcb8
11:46:12.6 (124870576)|STATEMENT_EXECUTE|[40]
11:46:12.6 (124873769)|VARIABLE_ASSIGNMENT|[40]|this.WorkLocation2|null|0x6659bcb8
11:46:12.6 (124876591)|STATEMENT_EXECUTE|[41]
11:46:12.6 (124880260)|VARIABLE_ASSIGNMENT|[41]|this.JobCategory1|"IT系（ソフトウェア/ネットワーク）"|0x6659bcb8
11:46:12.6 (124883613)|STATEMENT_EXECUTE|[42]
11:46:12.6 (124889397)|VARIABLE_ASSIGNMENT|[42]|this.MaxAnnualSalary|600|0x6659bcb8
11:46:12.6 (124895520)|STATEMENT_EXECUTE|[43]
11:46:12.6 (124898961)|VARIABLE_ASSIGNMENT|[43]|this.MinAnnualSalary|350|0x6659bcb8
11:46:12.6 (124901361)|STATEMENT_EXECUTE|[44]
11:46:12.6 (124905696)|VARIABLE_ASSIGNMENT|[44]|this.JobDescription|"テスト297仕事内容仕事内容仕事内容仕事 (30 more) ..."|0x6659bcb8
11:46:12.6 (124908644)|STATEMENT_EXECUTE|[45]
11:46:12.6 (124917844)|VARIABLE_ASSIGNMENT|[45]|this.LastModifiedDate|"2026-02-05T00:50:25.000Z"|0x6659bcb8
11:46:12.6 (124920338)|STATEMENT_EXECUTE|[46]
11:46:12.6 (124925711)|VARIABLE_ASSIGNMENT|[46]|this.LastViewedDate|"2026-03-03T09:55:10.000Z"|0x6659bcb8
11:46:12.6 (124928405)|STATEMENT_EXECUTE|[47]
11:46:12.6 (124936305)|HEAP_ALLOCATE|[47]|Bytes:5
11:46:12.6 (124939574)|VARIABLE_ASSIGNMENT|[47]|this.IsFavorite|false|0x6659bcb8
11:46:12.6 (124942235)|STATEMENT_EXECUTE|[48]
11:46:12.6 (124945918)|HEAP_ALLOCATE|[EXTERNAL]|Bytes:4
11:46:12.6 (124952489)|HEAP_ALLOCATE|[36]|Bytes:5
11:46:12.6 (124957638)|HEAP_ALLOCATE|[36]|Bytes:36
11:46:12.6 (124960642)|VARIABLE_SCOPE_BEGIN|[36]|j|Job__c|true|false
11:46:12.6 (125003789)|VARIABLE_ASSIGNMENT|[36]|j|{"LastModifiedDate":"2026-02-05T00:49:22.000Z","JobPosition__c":"テスト407求人タイトル求人タイトル求人 (28 more) ...","LastViewedDate":"2026-03-18T09:45:42.000Z","Id":"a0KBK00000Gexcy2AB","MinAnnualSalary__c":350,"JobDescription__c":"テスト407仕事内容仕事内容仕事内容仕事 (30 more) ...","JobCategory1__c":"営業系","MaxAnnualSalary__c":450}|0x5b960e0c
11:46:12.6 (125012918)|STATEMENT_EXECUTE|[36]
11:46:12.6 (125014128)|STATEMENT_EXECUTE|[37]
11:46:12.6 (125017155)|HEAP_ALLOCATE|[37]|Bytes:44
11:46:12.6 (125021194)|CONSTRUCTOR_ENTRY|[37]|01pBK000001RGBP|<init>()|JobCardsController.JobWrapper
11:46:12.6 (125025751)|VARIABLE_SCOPE_BEGIN|[3]|this|JobCardsController.JobWrapper|true|false
11:46:12.6 (125039027)|VARIABLE_ASSIGNMENT|[3]|this|{}|0x71a02662
11:46:12.6 (125049255)|STATEMENT_EXECUTE|[3]
11:46:12.6 (125050458)|STATEMENT_EXECUTE|[4]
11:46:12.6 (125051737)|STATEMENT_EXECUTE|[5]
11:46:12.6 (125052919)|STATEMENT_EXECUTE|[6]
11:46:12.6 (125054133)|STATEMENT_EXECUTE|[7]
11:46:12.6 (125055313)|STATEMENT_EXECUTE|[8]
11:46:12.6 (125056393)|STATEMENT_EXECUTE|[9]
11:46:12.6 (125058461)|STATEMENT_EXECUTE|[10]
11:46:12.6 (125059301)|STATEMENT_EXECUTE|[11]
11:46:12.6 (125060064)|STATEMENT_EXECUTE|[12]
11:46:12.6 (125060823)|STATEMENT_EXECUTE|[13]
11:46:12.6 (125062468)|CONSTRUCTOR_EXIT|[37]|01pBK000001RGBP|<init>()|JobCardsController.JobWrapper
11:46:12.6 (125065611)|VARIABLE_SCOPE_BEGIN|[37]|wrapper|JobCardsController.JobWrapper|true|false
11:46:12.6 (125073852)|VARIABLE_ASSIGNMENT|[37]|wrapper|{}|0x71a02662
11:46:12.6 (125076522)|STATEMENT_EXECUTE|[38]
11:46:12.6 (125111762)|VARIABLE_ASSIGNMENT|[38]|this.Id|"a0KBK00000Gexcy2AB"|0x71a02662
11:46:12.6 (125115232)|STATEMENT_EXECUTE|[39]
11:46:12.6 (125120562)|VARIABLE_ASSIGNMENT|[39]|this.JobPosition|"テスト407求人タイトル求人タイトル求人 (28 more) ..."|0x71a02662
11:46:12.6 (125126782)|STATEMENT_EXECUTE|[40]
11:46:12.6 (125129697)|VARIABLE_ASSIGNMENT|[40]|this.WorkLocation2|null|0x71a02662
11:46:12.6 (125132412)|STATEMENT_EXECUTE|[41]
11:46:12.6 (125135817)|VARIABLE_ASSIGNMENT|[41]|this.JobCategory1|"営業系"|0x71a02662
11:46:12.6 (125138612)|STATEMENT_EXECUTE|[42]
11:46:12.6 (125143356)|VARIABLE_ASSIGNMENT|[42]|this.MaxAnnualSalary|450|0x71a02662
11:46:12.6 (125145871)|STATEMENT_EXECUTE|[43]
11:46:12.6 (125149078)|VARIABLE_ASSIGNMENT|[43]|this.MinAnnualSalary|350|0x71a02662
11:46:12.6 (125151520)|STATEMENT_EXECUTE|[44]
11:46:12.6 (125155292)|VARIABLE_ASSIGNMENT|[44]|this.JobDescription|"テスト407仕事内容仕事内容仕事内容仕事 (30 more) ..."|0x71a02662
11:46:12.6 (125158457)|STATEMENT_EXECUTE|[45]
11:46:12.6 (125168205)|VARIABLE_ASSIGNMENT|[45]|this.LastModifiedDate|"2026-02-05T00:49:22.000Z"|0x71a02662
11:46:12.6 (125170629)|STATEMENT_EXECUTE|[46]
11:46:12.6 (125175604)|VARIABLE_ASSIGNMENT|[46]|this.LastViewedDate|"2026-03-18T09:45:42.000Z"|0x71a02662
11:46:12.6 (125178070)|STATEMENT_EXECUTE|[47]
11:46:12.6 (125185685)|HEAP_ALLOCATE|[47]|Bytes:5
11:46:12.6 (125189089)|VARIABLE_ASSIGNMENT|[47]|this.IsFavorite|false|0x71a02662
11:46:12.6 (125191831)|STATEMENT_EXECUTE|[48]
11:46:12.6 (125195036)|HEAP_ALLOCATE|[EXTERNAL]|Bytes:4
11:46:12.6 (125200890)|HEAP_ALLOCATE|[36]|Bytes:5
11:46:12.6 (125206556)|VARIABLE_ASSIGNMENT|[36]|j|null|
11:46:12.6 (125210653)|STATEMENT_EXECUTE|[50]
11:46:12.125 (125270512)|CUMULATIVE_LIMIT_USAGE
11:46:12.125 (125270512)|LIMIT_USAGE_FOR_NS|(default)|
  Number of SOQL queries: 2 out of 100
  Number of query rows: 11 out of 50000
  Number of SOSL queries: 0 out of 20
  Number of DML statements: 0 out of 150
  Number of Publish Immediate DML: 0 out of 150
  Number of DML rows: 0 out of 10000
  Maximum CPU time: 0 out of 10000
  Maximum heap size: 0 out of 6000000
  Number of callouts: 0 out of 100
  Number of Email Invocations: 0 out of 10
  Number of future calls: 0 out of 50
  Number of queueable jobs added to the queue: 0 out of 50
  Number of Mobile Apex push calls: 0 out of 10

11:46:12.125 (125270512)|CUMULATIVE_LIMIT_USAGE_END

11:46:12.6 (125311893)|CODE_UNIT_FINISHED|JobCardsController.getJobs()
11:46:12.6 (125520332)|CODE_UNIT_FINISHED|apex://JobCardsController/ACTION$getJobs
11:46:12.6 (125526037)|EXECUTION_FINISHED
