66.0 APEX_CODE,FINEST;APEX_PROFILING,INFO;CALLOUT,INFO;DATA_ACCESS,INFO;DB,INFO;NBA,INFO;SYSTEM,DEBUG;VALIDATION,INFO;VISUALFORCE,INFO;WAVE,INFO;WORKFLOW,INFO
17:41:02.2 (2233493)|USER_INFO|[EXTERNAL]|0057F0000042UBb|ishibashi@hurex.co.jp.dev1|(GMT+09:00) 日本標準時 (Asia/Tokyo)|GMT+09:00
17:41:02.2 (2274572)|EXECUTION_STARTED
17:41:02.2 (2285412)|CODE_UNIT_STARTED|[EXTERNAL]|apex://RegistrationInfoController/ACTION$getRegistrationInfo
17:41:02.2 (3168031)|CODE_UNIT_STARTED|[EXTERNAL]|01pBK000001mgyr|RegistrationInfoController.getRegistrationInfo()
17:41:02.2 (3628361)|HEAP_ALLOCATE|[95]|Bytes:3
17:41:02.2 (3710905)|HEAP_ALLOCATE|[100]|Bytes:152
17:41:02.2 (3726386)|HEAP_ALLOCATE|[417]|Bytes:408
17:41:02.2 (3737449)|HEAP_ALLOCATE|[430]|Bytes:408
17:41:02.2 (3758685)|HEAP_ALLOCATE|[317]|Bytes:6
17:41:02.2 (3809982)|HEAP_ALLOCATE|[EXTERNAL]|Bytes:23
17:41:02.2 (3813100)|HEAP_ALLOCATE|[EXTERNAL]|Bytes:36
17:41:02.2 (3814934)|HEAP_ALLOCATE|[EXTERNAL]|Bytes:7
17:41:02.2 (3823393)|METHOD_ENTRY|[5]|01pBK000001mgyr|RegistrationInfoController.RegistrationInfoController()
17:41:02.2 (3827637)|STATEMENT_EXECUTE|[5]
17:41:02.2 (3832794)|STATEMENT_EXECUTE|[5]
17:41:02.2 (3851450)|HEAP_ALLOCATE|[68]|Bytes:5
17:41:02.2 (3872280)|HEAP_ALLOCATE|[74]|Bytes:5
17:41:02.2 (3878000)|HEAP_ALLOCATE|[82]|Bytes:7
17:41:02.2 (4150324)|HEAP_ALLOCATE|[EXTERNAL]|Bytes:5
17:41:02.2 (4158097)|STATEMENT_EXECUTE|[7]
17:41:02.2 (4173548)|METHOD_EXIT|[5]|RegistrationInfoController
17:41:02.2 (4186797)|HEAP_ALLOCATE|[30]|Bytes:5
17:41:02.2 (4189394)|STATEMENT_EXECUTE|[29]
17:41:02.2 (4190475)|STATEMENT_EXECUTE|[30]
17:41:02.2 (4191219)|STATEMENT_EXECUTE|[30]
17:41:02.2 (4192222)|STATEMENT_EXECUTE|[31]
17:41:02.2 (4194722)|HEAP_ALLOCATE|[31]|Bytes:70
17:41:02.2 (4212865)|HEAP_ALLOCATE|[31]|Bytes:4
17:41:02.2 (5548953)|SOQL_EXECUTE_BEGIN|[31]|Aggregations:0|SELECT Id, AccountId FROM User WHERE Id = '005BK00000GwCFkYAN' LIMIT 1
17:41:02.2 (12001258)|SOQL_EXECUTE_END|[31]|Rows:1
17:41:02.2 (12043936)|HEAP_ALLOCATE|[31]|Bytes:8
17:41:02.2 (12066668)|HEAP_ALLOCATE|[31]|Bytes:60
17:41:02.2 (12203284)|HEAP_ALLOCATE|[31]|Bytes:8
17:41:02.2 (12223981)|HEAP_ALLOCATE|[31]|Bytes:30
17:41:02.2 (12291867)|HEAP_ALLOCATE|[31]|Bytes:12
17:41:02.2 (12300634)|VARIABLE_SCOPE_BEGIN|[31]|currentUser|User|true|false
17:41:02.2 (12379360)|VARIABLE_ASSIGNMENT|[31]|currentUser|{"Id":"005BK00000GwCFkYAN","AccountId":"001BK00000cc2ZEYAY"}|0x121556a4
17:41:02.2 (12409068)|STATEMENT_EXECUTE|[32]
17:41:02.2 (12410736)|STATEMENT_EXECUTE|[36]
17:41:02.2 (12412426)|HEAP_ALLOCATE|[36]|Bytes:379
17:41:02.2 (12426597)|HEAP_ALLOCATE|[36]|Bytes:4
17:41:02.2 (12434155)|HEAP_ALLOCATE|[36]|Bytes:7
17:41:02.2 (18837253)|SOQL_EXECUTE_BEGIN|[36]|Aggregations:0|SELECT Id, LastName, FirstName, NameKanaSei__pc, NameKanaMei__pc, PersonBirthdate, Gender__pc, PostalCode__c, City__c, CityAndAddress__c, PersonMobilePhone, FinalEducationLevel__pc, SchoolFacultyDepartment__c, NumberOfCompaniesWorked__c, EmploymentStatus__pc, LicensesAndCertifications1__c, ManagementExperience__c, MyPageOtherRequests__c FROM Account WHERE Id = :tmpVar1 LIMIT 1
17:41:02.2 (45996928)|SOQL_EXECUTE_END|[36]|Rows:1
17:41:02.2 (46042075)|HEAP_ALLOCATE|[36]|Bytes:8
17:41:02.2 (46055767)|HEAP_ALLOCATE|[36]|Bytes:500
17:41:02.2 (46156096)|HEAP_ALLOCATE|[36]|Bytes:8
17:41:02.2 (46178348)|HEAP_ALLOCATE|[36]|Bytes:33
17:41:02.2 (46252401)|HEAP_ALLOCATE|[36]|Bytes:72
17:41:02.2 (46262431)|VARIABLE_SCOPE_BEGIN|[36]|acc|Account|true|false
17:41:02.2 (46408214)|VARIABLE_ASSIGNMENT|[36]|acc|{"EmploymentStatus__pc":"就業中","CityAndAddress__c":"市区町村（都道府県以下の住所）","FirstName":"名","FinalEducationLevel__pc":"大学院卒（博士）","NumberOfCompaniesWorked__c":1,"PostalCode__c":"123-4567","NameKanaMei__pc":"ふりがな(名)","Gender__pc":"男性","City__c":"岩手県","NameKanaSei__pc":"ふりがな(姓)","ManagementExperience__c":false,"MyPageOtherRequests__c":"その他","LicensesAndCertifications1__c":"免許・資格","PersonMobilePhone":"123456789","Id":"001BK00000cc2ZEYAY","LastName":"テスト 廣川","SchoolFacultyDepartment__c":"学校名/学部名/学科"}|0x5ad0ef0f
17:41:02.2 (46420736)|STATEMENT_EXECUTE|[47]
17:41:02.2 (46442172)|METHOD_ENTRY|[47]|01pBK000001mgyr|RegistrationInfoController.buildWrapper(Account)
17:41:02.2 (46469818)|VARIABLE_SCOPE_BEGIN|[162]|acc|Account|true|false
17:41:02.2 (46510342)|VARIABLE_ASSIGNMENT|[162]|acc|{"EmploymentStatus__pc":"就業中","CityAndAddress__c":"市区町村（都道府県以下の住所）","FirstName":"名","FinalEducationLevel__pc":"大学院卒（博士）","NumberOfCompaniesWorked__c":1,"PostalCode__c":"123-4567","NameKanaMei__pc":"ふりがな(名)","Gender__pc":"男性","City__c":"岩手県","NameKanaSei__pc":"ふりがな(姓)","ManagementExperience__c":false,"MyPageOtherRequests__c":"その他","LicensesAndCertifications1__c":"免許・資格","PersonMobilePhone":"123456789","Id":"001BK00000cc2ZEYAY","LastName":"テスト 廣川","SchoolFacultyDepartment__c":"学校名/学部名/学科"}|0x5ad0ef0f
17:41:02.2 (46532224)|HEAP_ALLOCATE|[163]|Bytes:5
17:41:02.2 (46535074)|STATEMENT_EXECUTE|[162]
17:41:02.2 (46536323)|STATEMENT_EXECUTE|[163]
17:41:02.2 (46608092)|HEAP_ALLOCATE|[163]|Bytes:76
17:41:02.2 (46619289)|CONSTRUCTOR_ENTRY|[163]|01pBK000001mgyr|<init>()|RegistrationInfoController.RegistrationInfoWrapper
17:41:02.2 (46631892)|VARIABLE_SCOPE_BEGIN|[7]|this|RegistrationInfoController.RegistrationInfoWrapper|true|false
17:41:02.2 (46681249)|VARIABLE_ASSIGNMENT|[7]|this|{}|0xa2b5a0b
17:41:02.2 (46691331)|HEAP_ALLOCATE|[EXTERNAL]|Bytes:6
17:41:02.2 (47946758)|STATEMENT_EXECUTE|[7]
17:41:02.2 (47950357)|STATEMENT_EXECUTE|[8]
17:41:02.2 (47951368)|STATEMENT_EXECUTE|[9]
17:41:02.2 (47952947)|STATEMENT_EXECUTE|[10]
17:41:02.2 (47954072)|STATEMENT_EXECUTE|[11]
17:41:02.2 (47954902)|STATEMENT_EXECUTE|[12]
17:41:02.2 (47955729)|STATEMENT_EXECUTE|[13]
17:41:02.2 (47956718)|STATEMENT_EXECUTE|[14]
17:41:02.2 (47957472)|STATEMENT_EXECUTE|[15]
17:41:02.2 (47958318)|STATEMENT_EXECUTE|[16]
17:41:02.2 (47959077)|STATEMENT_EXECUTE|[17]
17:41:02.2 (47959911)|STATEMENT_EXECUTE|[18]
17:41:02.2 (47960981)|STATEMENT_EXECUTE|[19]
17:41:02.2 (47961715)|STATEMENT_EXECUTE|[20]
17:41:02.2 (47962566)|STATEMENT_EXECUTE|[21]
17:41:02.2 (47963420)|STATEMENT_EXECUTE|[22]
17:41:02.2 (47964286)|STATEMENT_EXECUTE|[23]
17:41:02.2 (47965011)|STATEMENT_EXECUTE|[24]
17:41:02.2 (47965757)|STATEMENT_EXECUTE|[25]
17:41:02.2 (47970217)|CONSTRUCTOR_EXIT|[163]|01pBK000001mgyr|<init>()|RegistrationInfoController.RegistrationInfoWrapper
17:41:02.2 (47977257)|VARIABLE_SCOPE_BEGIN|[163]|w|RegistrationInfoController.RegistrationInfoWrapper|true|false
17:41:02.2 (48004626)|VARIABLE_ASSIGNMENT|[163]|w|{}|0xa2b5a0b
17:41:02.2 (48007851)|STATEMENT_EXECUTE|[164]
17:41:02.2 (48094765)|HEAP_ALLOCATE|[164]|Bytes:18
17:41:02.2 (48107737)|VARIABLE_ASSIGNMENT|[164]|this.recordId|"001BK00000cc2ZEYAY"|0xa2b5a0b
17:41:02.2 (48110874)|STATEMENT_EXECUTE|[165]
17:41:02.2 (48129266)|VARIABLE_ASSIGNMENT|[165]|this.lastName|"テスト 廣川"|0xa2b5a0b
17:41:02.2 (48133127)|STATEMENT_EXECUTE|[166]
17:41:02.2 (48142187)|VARIABLE_ASSIGNMENT|[166]|this.firstName|"名"|0xa2b5a0b
17:41:02.2 (48145310)|STATEMENT_EXECUTE|[167]
17:41:02.2 (48154776)|VARIABLE_ASSIGNMENT|[167]|this.kanaSei|"ふりがな(姓)"|0xa2b5a0b
17:41:02.2 (48157826)|STATEMENT_EXECUTE|[168]
17:41:02.2 (48163975)|VARIABLE_ASSIGNMENT|[168]|this.kanaMei|"ふりがな(名)"|0xa2b5a0b
17:41:02.2 (48166993)|STATEMENT_EXECUTE|[169]
17:41:02.2 (48173695)|VARIABLE_ASSIGNMENT|[169]|this.birthdate|""|0xa2b5a0b
17:41:02.2 (48176476)|STATEMENT_EXECUTE|[170]
17:41:02.2 (48183372)|VARIABLE_ASSIGNMENT|[170]|this.gender|"男性"|0xa2b5a0b
17:41:02.2 (48186186)|STATEMENT_EXECUTE|[171]
17:41:02.2 (48193488)|VARIABLE_ASSIGNMENT|[171]|this.postalCode|"123-4567"|0xa2b5a0b
17:41:02.2 (48196077)|STATEMENT_EXECUTE|[172]
17:41:02.2 (48203324)|VARIABLE_ASSIGNMENT|[172]|this.prefecture|"岩手県"|0xa2b5a0b
17:41:02.2 (48206167)|STATEMENT_EXECUTE|[173]
17:41:02.2 (48213135)|VARIABLE_ASSIGNMENT|[173]|this.address|"市区町村（都道府県以下の住所）"|0xa2b5a0b
17:41:02.2 (48216458)|STATEMENT_EXECUTE|[174]
17:41:02.2 (48225132)|VARIABLE_ASSIGNMENT|[174]|this.phone|"123456789"|0xa2b5a0b
17:41:02.2 (48227957)|STATEMENT_EXECUTE|[175]
17:41:02.2 (48234803)|VARIABLE_ASSIGNMENT|[175]|this.education|"大学院卒（博士）"|0xa2b5a0b
17:41:02.2 (48237774)|STATEMENT_EXECUTE|[176]
17:41:02.2 (48244935)|VARIABLE_ASSIGNMENT|[176]|this.school|"学校名/学部名/学科"|0xa2b5a0b
17:41:02.2 (48247708)|STATEMENT_EXECUTE|[177]
17:41:02.2 (48286962)|HEAP_ALLOCATE|[177]|Bytes:28
17:41:02.2 (48292998)|HEAP_ALLOCATE|[177]|Bytes:28
17:41:02.2 (48344709)|HEAP_ALLOCATE|[177]|Bytes:1
17:41:02.2 (48353752)|VARIABLE_ASSIGNMENT|[177]|this.companyCount|"1"|0xa2b5a0b
17:41:02.2 (48356582)|STATEMENT_EXECUTE|[178]
17:41:02.2 (48367559)|VARIABLE_ASSIGNMENT|[178]|this.employmentStatus|"就業中"|0xa2b5a0b
17:41:02.2 (48370791)|STATEMENT_EXECUTE|[179]
17:41:02.2 (48377955)|VARIABLE_ASSIGNMENT|[179]|this.license|"免許・資格"|0xa2b5a0b
17:41:02.2 (48380707)|STATEMENT_EXECUTE|[180]
17:41:02.2 (48394977)|METHOD_ENTRY|[180]|01pBK000001mgyr|RegistrationInfoController.convertManagementBooleanToString(Boolean)
17:41:02.2 (48403767)|VARIABLE_SCOPE_BEGIN|[155]|mgmtBool|Boolean|false|false
17:41:02.2 (48410241)|VARIABLE_ASSIGNMENT|[155]|mgmtBool|false
17:41:02.2 (48418904)|HEAP_ALLOCATE|[156]|Bytes:5
17:41:02.2 (48421116)|STATEMENT_EXECUTE|[155]
17:41:02.2 (48426148)|STATEMENT_EXECUTE|[156]
17:41:02.2 (48428227)|STATEMENT_EXECUTE|[157]
17:41:02.2 (48429300)|HEAP_ALLOCATE|[157]|Bytes:5
17:41:02.2 (48437813)|METHOD_EXIT|[180]|01pBK000001mgyr|RegistrationInfoController.convertManagementBooleanToString(Boolean)
17:41:02.2 (48442640)|VARIABLE_ASSIGNMENT|[180]|this.managementExperience|"false"|0xa2b5a0b
17:41:02.2 (48445221)|STATEMENT_EXECUTE|[181]
17:41:02.2 (48453173)|VARIABLE_ASSIGNMENT|[181]|this.remarks|"その他"|0xa2b5a0b
17:41:02.2 (48456165)|STATEMENT_EXECUTE|[182]
17:41:02.2 (48459598)|METHOD_EXIT|[47]|01pBK000001mgyr|RegistrationInfoController.buildWrapper(Account)
17:41:02.48 (48508539)|CUMULATIVE_LIMIT_USAGE
17:41:02.48 (48508539)|LIMIT_USAGE_FOR_NS|(default)|
  Number of SOQL queries: 2 out of 100
  Number of query rows: 2 out of 50000
  Number of SOSL queries: 0 out of 20
  Number of DML statements: 0 out of 150
  Number of Publish Immediate DML: 0 out of 150
  Number of DML rows: 0 out of 10000
  Maximum CPU time: 0 out of 10000
  Maximum heap size: 0 out of 6000000
  Number of callouts: 0 out of 100
  Number of Email Invocations: 0 out of 10
  Number of future calls: 0 out of 50
  Number of queueable jobs added to the queue: 0 out of 50
  Number of Mobile Apex push calls: 0 out of 10

17:41:02.48 (48508539)|CUMULATIVE_LIMIT_USAGE_END

17:41:02.2 (48532234)|CODE_UNIT_FINISHED|RegistrationInfoController.getRegistrationInfo()
17:41:02.2 (48702227)|CODE_UNIT_FINISHED|apex://RegistrationInfoController/ACTION$getRegistrationInfo
17:41:02.2 (48706727)|EXECUTION_FINISHED
