66.0 APEX_CODE,FINEST;APEX_PROFILING,INFO;CALLOUT,INFO;DATA_ACCESS,INFO;DB,INFO;NBA,INFO;SYSTEM,DEBUG;VALIDATION,INFO;VISUALFORCE,INFO;WAVE,INFO;WORKFLOW,INFO
16:26:26.0 (734649)|USER_INFO|[EXTERNAL]|0057F0000042UBb|ishibashi@hurex.co.jp.dev1|(GMT+09:00) 日本標準時 (Asia/Tokyo)|GMT+09:00
16:26:26.0 (790248)|EXECUTION_STARTED
16:26:26.0 (806168)|CODE_UNIT_STARTED|[EXTERNAL]|apex://RegistrationInfoController/ACTION$getRegistrationInfo
16:26:26.0 (2729011)|CODE_UNIT_STARTED|[EXTERNAL]|01pBK000001mgyr|RegistrationInfoController.getRegistrationInfo()
16:26:26.0 (5343359)|HEAP_ALLOCATE|[95]|Bytes:3
16:26:26.0 (5462774)|HEAP_ALLOCATE|[100]|Bytes:152
16:26:26.0 (5484343)|HEAP_ALLOCATE|[417]|Bytes:408
16:26:26.0 (5502326)|HEAP_ALLOCATE|[430]|Bytes:408
16:26:26.0 (5537523)|HEAP_ALLOCATE|[317]|Bytes:6
16:26:26.0 (5612273)|HEAP_ALLOCATE|[EXTERNAL]|Bytes:23
16:26:26.0 (5616878)|HEAP_ALLOCATE|[EXTERNAL]|Bytes:16
16:26:26.0 (5627168)|METHOD_ENTRY|[5]|01pBK000001mgyr|RegistrationInfoController.RegistrationInfoController()
16:26:26.0 (5632482)|STATEMENT_EXECUTE|[5]
16:26:26.0 (5636721)|STATEMENT_EXECUTE|[5]
16:26:26.0 (5655633)|HEAP_ALLOCATE|[68]|Bytes:5
16:26:26.0 (5679772)|HEAP_ALLOCATE|[74]|Bytes:5
16:26:26.0 (5684929)|HEAP_ALLOCATE|[82]|Bytes:7
16:26:26.0 (5990215)|HEAP_ALLOCATE|[EXTERNAL]|Bytes:5
16:26:26.0 (5997106)|STATEMENT_EXECUTE|[7]
16:26:26.0 (6008030)|METHOD_EXIT|[5]|RegistrationInfoController
16:26:26.0 (6021282)|HEAP_ALLOCATE|[30]|Bytes:5
16:26:26.0 (6024170)|STATEMENT_EXECUTE|[29]
16:26:26.0 (6025425)|STATEMENT_EXECUTE|[30]
16:26:26.0 (6026235)|STATEMENT_EXECUTE|[30]
16:26:26.0 (6027331)|STATEMENT_EXECUTE|[31]
16:26:26.0 (6029949)|HEAP_ALLOCATE|[31]|Bytes:70
16:26:26.0 (6049502)|HEAP_ALLOCATE|[31]|Bytes:4
16:26:26.0 (7262843)|SOQL_EXECUTE_BEGIN|[31]|Aggregations:0|SELECT Id, AccountId FROM User WHERE Id = '005BK00000GwCFkYAN' LIMIT 1
16:26:26.0 (17111858)|SOQL_EXECUTE_END|[31]|Rows:1
16:26:26.0 (17164658)|HEAP_ALLOCATE|[31]|Bytes:8
16:26:26.0 (17189855)|HEAP_ALLOCATE|[31]|Bytes:60
16:26:26.0 (17325468)|HEAP_ALLOCATE|[31]|Bytes:8
16:26:26.0 (17346180)|HEAP_ALLOCATE|[31]|Bytes:30
16:26:26.0 (17457781)|HEAP_ALLOCATE|[31]|Bytes:12
16:26:26.0 (17469596)|VARIABLE_SCOPE_BEGIN|[31]|currentUser|User|true|false
16:26:26.0 (17587790)|VARIABLE_ASSIGNMENT|[31]|currentUser|{"Id":"005BK00000GwCFkYAN","AccountId":"001BK00000cc2ZEYAY"}|0x2134cb8
16:26:26.0 (17647976)|STATEMENT_EXECUTE|[32]
16:26:26.0 (17650643)|STATEMENT_EXECUTE|[36]
16:26:26.0 (17653657)|HEAP_ALLOCATE|[36]|Bytes:379
16:26:26.0 (17671633)|HEAP_ALLOCATE|[36]|Bytes:4
16:26:26.0 (17680522)|HEAP_ALLOCATE|[36]|Bytes:7
16:26:26.0 (19766929)|SOQL_EXECUTE_BEGIN|[36]|Aggregations:0|SELECT Id, LastName, FirstName, NameKanaSei__pc, NameKanaMei__pc, PersonBirthdate, Gender__pc, PostalCode__c, City__c, CityAndAddress__c, PersonMobilePhone, FinalEducationLevel__pc, SchoolFacultyDepartment__c, NumberOfCompaniesWorked__c, EmploymentStatus__pc, LicensesAndCertifications1__c, ManagementExperience__c, MyPageOtherRequests__c FROM Account WHERE Id = :tmpVar1 LIMIT 1
16:26:26.0 (57712283)|SOQL_EXECUTE_END|[36]|Rows:1
16:26:26.0 (57790031)|HEAP_ALLOCATE|[36]|Bytes:8
16:26:26.0 (57803523)|HEAP_ALLOCATE|[36]|Bytes:500
16:26:26.0 (57879766)|HEAP_ALLOCATE|[36]|Bytes:8
16:26:26.0 (57894993)|HEAP_ALLOCATE|[36]|Bytes:33
16:26:26.0 (57948904)|HEAP_ALLOCATE|[36]|Bytes:72
16:26:26.0 (57955694)|VARIABLE_SCOPE_BEGIN|[36]|acc|Account|true|false
16:26:26.0 (58089946)|VARIABLE_ASSIGNMENT|[36]|acc|{"EmploymentStatus__pc":"就業中","CityAndAddress__c":"市区町村（都道府県以下の住所）","FirstName":"名","FinalEducationLevel__pc":"大学院卒（博士）","NumberOfCompaniesWorked__c":1,"PostalCode__c":"123-4567","NameKanaMei__pc":"ふりがな(名)","Gender__pc":"男性","City__c":"岩手県","NameKanaSei__pc":"ふりがな(姓)","ManagementExperience__c":false,"MyPageOtherRequests__c":"その他","LicensesAndCertifications1__c":"免許・資格","PersonMobilePhone":"123456789","Id":"001BK00000cc2ZEYAY","LastName":"テスト 廣川","SchoolFacultyDepartment__c":"学校名/学部名/学科"}|0x32a52462
16:26:26.0 (58103345)|STATEMENT_EXECUTE|[47]
16:26:26.0 (58122199)|METHOD_ENTRY|[47]|01pBK000001mgyr|RegistrationInfoController.buildWrapper(Account)
16:26:26.0 (58144301)|VARIABLE_SCOPE_BEGIN|[93]|acc|Account|true|false
16:26:26.0 (58184541)|VARIABLE_ASSIGNMENT|[93]|acc|{"EmploymentStatus__pc":"就業中","CityAndAddress__c":"市区町村（都道府県以下の住所）","FirstName":"名","FinalEducationLevel__pc":"大学院卒（博士）","NumberOfCompaniesWorked__c":1,"PostalCode__c":"123-4567","NameKanaMei__pc":"ふりがな(名)","Gender__pc":"男性","City__c":"岩手県","NameKanaSei__pc":"ふりがな(姓)","ManagementExperience__c":false,"MyPageOtherRequests__c":"その他","LicensesAndCertifications1__c":"免許・資格","PersonMobilePhone":"123456789","Id":"001BK00000cc2ZEYAY","LastName":"テスト 廣川","SchoolFacultyDepartment__c":"学校名/学部名/学科"}|0x32a52462
16:26:26.0 (58202836)|HEAP_ALLOCATE|[94]|Bytes:5
16:26:26.0 (58205410)|STATEMENT_EXECUTE|[93]
16:26:26.0 (58206408)|STATEMENT_EXECUTE|[94]
16:26:26.0 (58270989)|HEAP_ALLOCATE|[94]|Bytes:76
16:26:26.0 (58288351)|CONSTRUCTOR_ENTRY|[94]|01pBK000001mgyr|<init>()|RegistrationInfoController.RegistrationInfoWrapper
16:26:26.0 (58305937)|VARIABLE_SCOPE_BEGIN|[7]|this|RegistrationInfoController.RegistrationInfoWrapper|true|false
16:26:26.0 (58376619)|VARIABLE_ASSIGNMENT|[7]|this|{}|0x3d6514ef
16:26:26.0 (58387830)|HEAP_ALLOCATE|[EXTERNAL]|Bytes:6
16:26:26.0 (60821538)|STATEMENT_EXECUTE|[7]
16:26:26.0 (60824846)|STATEMENT_EXECUTE|[8]
16:26:26.0 (60825942)|STATEMENT_EXECUTE|[9]
16:26:26.0 (60826854)|STATEMENT_EXECUTE|[10]
16:26:26.0 (60828360)|STATEMENT_EXECUTE|[11]
16:26:26.0 (60829393)|STATEMENT_EXECUTE|[12]
16:26:26.0 (60830314)|STATEMENT_EXECUTE|[13]
16:26:26.0 (60831255)|STATEMENT_EXECUTE|[14]
16:26:26.0 (60832159)|STATEMENT_EXECUTE|[15]
16:26:26.0 (60832987)|STATEMENT_EXECUTE|[16]
16:26:26.0 (60833744)|STATEMENT_EXECUTE|[17]
16:26:26.0 (60834611)|STATEMENT_EXECUTE|[18]
16:26:26.0 (60835351)|STATEMENT_EXECUTE|[19]
16:26:26.0 (60836152)|STATEMENT_EXECUTE|[20]
16:26:26.0 (60837020)|STATEMENT_EXECUTE|[21]
16:26:26.0 (60837893)|STATEMENT_EXECUTE|[22]
16:26:26.0 (60838652)|STATEMENT_EXECUTE|[23]
16:26:26.0 (60839666)|STATEMENT_EXECUTE|[24]
16:26:26.0 (60840409)|STATEMENT_EXECUTE|[25]
16:26:26.0 (60846050)|CONSTRUCTOR_EXIT|[94]|01pBK000001mgyr|<init>()|RegistrationInfoController.RegistrationInfoWrapper
16:26:26.0 (60854826)|VARIABLE_SCOPE_BEGIN|[94]|w|RegistrationInfoController.RegistrationInfoWrapper|true|false
16:26:26.0 (60894359)|VARIABLE_ASSIGNMENT|[94]|w|{}|0x3d6514ef
16:26:26.0 (60898609)|STATEMENT_EXECUTE|[95]
16:26:26.0 (60978574)|HEAP_ALLOCATE|[95]|Bytes:18
16:26:26.0 (61000774)|VARIABLE_ASSIGNMENT|[95]|this.recordId|"001BK00000cc2ZEYAY"|0x3d6514ef
16:26:26.0 (61004629)|STATEMENT_EXECUTE|[96]
16:26:26.0 (61023048)|VARIABLE_ASSIGNMENT|[96]|this.lastName|"テスト 廣川"|0x3d6514ef
16:26:26.0 (61027753)|STATEMENT_EXECUTE|[97]
16:26:26.0 (61036951)|VARIABLE_ASSIGNMENT|[97]|this.firstName|"名"|0x3d6514ef
16:26:26.0 (61039735)|STATEMENT_EXECUTE|[98]
16:26:26.0 (61049092)|VARIABLE_ASSIGNMENT|[98]|this.kanaSei|"ふりがな(姓)"|0x3d6514ef
16:26:26.0 (61052465)|STATEMENT_EXECUTE|[99]
16:26:26.0 (61058762)|VARIABLE_ASSIGNMENT|[99]|this.kanaMei|"ふりがな(名)"|0x3d6514ef
16:26:26.0 (61061618)|STATEMENT_EXECUTE|[100]
16:26:26.0 (61067233)|VARIABLE_ASSIGNMENT|[100]|this.birthdate|""|0x3d6514ef
16:26:26.0 (61070216)|STATEMENT_EXECUTE|[101]
16:26:26.0 (61077531)|VARIABLE_ASSIGNMENT|[101]|this.gender|"男性"|0x3d6514ef
16:26:26.0 (61080543)|STATEMENT_EXECUTE|[102]
16:26:26.0 (61088347)|VARIABLE_ASSIGNMENT|[102]|this.postalCode|"123-4567"|0x3d6514ef
16:26:26.0 (61091270)|STATEMENT_EXECUTE|[103]
16:26:26.0 (61098289)|VARIABLE_ASSIGNMENT|[103]|this.prefecture|"岩手県"|0x3d6514ef
16:26:26.0 (61101366)|STATEMENT_EXECUTE|[104]
16:26:26.0 (61108352)|VARIABLE_ASSIGNMENT|[104]|this.address|"市区町村（都道府県以下の住所）"|0x3d6514ef
16:26:26.0 (61111552)|STATEMENT_EXECUTE|[105]
16:26:26.0 (61121138)|VARIABLE_ASSIGNMENT|[105]|this.phone|"123456789"|0x3d6514ef
16:26:26.0 (61124277)|STATEMENT_EXECUTE|[106]
16:26:26.0 (61131457)|VARIABLE_ASSIGNMENT|[106]|this.education|"大学院卒（博士）"|0x3d6514ef
16:26:26.0 (61134204)|STATEMENT_EXECUTE|[107]
16:26:26.0 (61141660)|VARIABLE_ASSIGNMENT|[107]|this.school|"学校名/学部名/学科"|0x3d6514ef
16:26:26.0 (61144682)|STATEMENT_EXECUTE|[108]
16:26:26.0 (61176154)|HEAP_ALLOCATE|[108]|Bytes:28
16:26:26.0 (61181895)|HEAP_ALLOCATE|[108]|Bytes:28
16:26:26.0 (61237446)|HEAP_ALLOCATE|[108]|Bytes:1
16:26:26.0 (61247629)|VARIABLE_ASSIGNMENT|[108]|this.companyCount|"1"|0x3d6514ef
16:26:26.0 (61251602)|STATEMENT_EXECUTE|[109]
16:26:26.0 (61267389)|VARIABLE_ASSIGNMENT|[109]|this.employmentStatus|"就業中"|0x3d6514ef
16:26:26.0 (61271914)|STATEMENT_EXECUTE|[110]
16:26:26.0 (61282774)|VARIABLE_ASSIGNMENT|[110]|this.license|"免許・資格"|0x3d6514ef
16:26:26.0 (61286983)|STATEMENT_EXECUTE|[111]
16:26:26.0 (61307031)|METHOD_ENTRY|[111]|01pBK000001mgyr|RegistrationInfoController.convertManagementBooleanToString(Boolean)
16:26:26.0 (61320725)|VARIABLE_SCOPE_BEGIN|[121]|mgmtBool|Boolean|false|false
16:26:26.0 (61328456)|VARIABLE_ASSIGNMENT|[121]|mgmtBool|false
16:26:26.0 (61338160)|HEAP_ALLOCATE|[122]|Bytes:5
16:26:26.0 (61340916)|STATEMENT_EXECUTE|[121]
16:26:26.0 (61345362)|STATEMENT_EXECUTE|[122]
16:26:26.0 (61347137)|STATEMENT_EXECUTE|[123]
16:26:26.0 (61348937)|HEAP_ALLOCATE|[123]|Bytes:2
16:26:26.0 (61355932)|METHOD_EXIT|[111]|01pBK000001mgyr|RegistrationInfoController.convertManagementBooleanToString(Boolean)
16:26:26.0 (61361095)|VARIABLE_ASSIGNMENT|[111]|this.managementExperience|"なし"|0x3d6514ef
16:26:26.0 (61364616)|STATEMENT_EXECUTE|[112]
16:26:26.0 (61375105)|VARIABLE_ASSIGNMENT|[112]|this.remarks|"その他"|0x3d6514ef
16:26:26.0 (61378136)|STATEMENT_EXECUTE|[113]
16:26:26.0 (61382683)|METHOD_EXIT|[47]|01pBK000001mgyr|RegistrationInfoController.buildWrapper(Account)
16:26:26.61 (61436151)|CUMULATIVE_LIMIT_USAGE
16:26:26.61 (61436151)|LIMIT_USAGE_FOR_NS|(default)|
  Number of SOQL queries: 2 out of 100
  Number of query rows: 2 out of 50000
  Number of SOSL queries: 0 out of 20
  Number of DML statements: 0 out of 150
  Number of Publish Immediate DML: 0 out of 150
  Number of DML rows: 0 out of 10000
  Maximum CPU time: 0 out of 10000
  Maximum heap size: 0 out of 6000000
  Number of callouts: 0 out of 100
  Number of Email Invocations: 0 out of 10
  Number of future calls: 0 out of 50
  Number of queueable jobs added to the queue: 0 out of 50
  Number of Mobile Apex push calls: 0 out of 10

16:26:26.61 (61436151)|CUMULATIVE_LIMIT_USAGE_END

16:26:26.0 (61463051)|CODE_UNIT_FINISHED|RegistrationInfoController.getRegistrationInfo()
16:26:26.0 (61641155)|CODE_UNIT_FINISHED|apex://RegistrationInfoController/ACTION$getRegistrationInfo
16:26:26.0 (61646217)|EXECUTION_FINISHED
