66.0 APEX_CODE,FINEST;APEX_PROFILING,INFO;CALLOUT,INFO;DATA_ACCESS,INFO;DB,INFO;NBA,INFO;SYSTEM,DEBUG;VALIDATION,INFO;VISUALFORCE,INFO;WAVE,INFO;WORKFLOW,INFO
Execute Anonymous: PORTERSIncrementalSyncBatch batch = new PORTERSIncrementalSyncBatch();
Execute Anonymous: Database.executeBatch(batch);
18:13:12.2 (2661276)|USER_INFO|[EXTERNAL]|0057F0000042UBb|ishibashi@hurex.co.jp.dev1|(GMT+09:00) 日本標準時 (Asia/Tokyo)|GMT+09:00
18:13:12.2 (2690213)|EXECUTION_STARTED
18:13:12.2 (2715608)|CODE_UNIT_STARTED|[EXTERNAL]|execute_anonymous_apex
18:13:12.2 (60034328)|VARIABLE_SCOPE_BEGIN|[1]|batch|PORTERSIncrementalSyncBatch|true|false
18:13:12.2 (60180856)|HEAP_ALLOCATE|[95]|Bytes:3
18:13:12.2 (60234167)|HEAP_ALLOCATE|[100]|Bytes:152
18:13:12.2 (60247734)|HEAP_ALLOCATE|[417]|Bytes:408
18:13:12.2 (60258910)|HEAP_ALLOCATE|[430]|Bytes:408
18:13:12.2 (60277924)|HEAP_ALLOCATE|[317]|Bytes:6
18:13:12.2 (60303242)|HEAP_ALLOCATE|[EXTERNAL]|Bytes:3
18:13:12.2 (60341005)|STATEMENT_EXECUTE|[1]
18:13:12.2 (60347003)|STATEMENT_EXECUTE|[1]
18:13:12.2 (60350103)|HEAP_ALLOCATE|[1]|Bytes:75
18:13:12.2 (60353468)|HEAP_ALLOCATE|[1]|Bytes:11
18:13:12.2 (60375888)|METHOD_ENTRY|[7]|01pBK000001eV2v|PORTERSIncrementalSyncBatch.PORTERSIncrementalSyncBatch()
18:13:12.2 (60383673)|STATEMENT_EXECUTE|[7]
18:13:12.2 (60386571)|STATEMENT_EXECUTE|[7]
18:13:12.2 (60390127)|METHOD_EXIT|[7]|PORTERSIncrementalSyncBatch
18:13:12.2 (85934308)|HEAP_ALLOCATE|[1]|Bytes:16
18:13:12.2 (86011860)|HEAP_ALLOCATE|[68]|Bytes:5
18:13:12.2 (86046638)|HEAP_ALLOCATE|[74]|Bytes:5
18:13:12.2 (86055548)|HEAP_ALLOCATE|[82]|Bytes:7
18:13:12.2 (86082035)|SYSTEM_MODE_ENTER|false
18:13:12.2 (86114182)|HEAP_ALLOCATE|[1]|Bytes:5
18:13:12.2 (86129336)|CONSTRUCTOR_ENTRY|[1]|01pBK000001eV2v|<init>()|PORTERSIncrementalSyncBatch
18:13:12.2 (86180566)|VARIABLE_SCOPE_BEGIN|[20]|this|PORTERSIncrementalSyncBatch|true|false
18:13:12.2 (86327668)|VARIABLE_ASSIGNMENT|[20]|this|{}|0x38ac6e53
18:13:12.2 (86338269)|STATEMENT_EXECUTE|[7]
18:13:12.2 (86339965)|STATEMENT_EXECUTE|[9]
18:13:12.2 (86341547)|STATEMENT_EXECUTE|[11]
18:13:12.2 (86342837)|STATEMENT_EXECUTE|[13]
18:13:12.2 (86349421)|HEAP_ALLOCATE|[21]|Bytes:6
18:13:12.2 (91607382)|STATEMENT_EXECUTE|[20]
18:13:12.2 (91613974)|STATEMENT_EXECUTE|[21]
18:13:12.2 (128878806)|HEAP_ALLOCATE|[21]|Bytes:64
18:13:12.2 (128960558)|VARIABLE_SCOPE_BEGIN|[21]|settings|PORTERS_Settings__c|true|false
18:13:12.2 (129246292)|VARIABLE_ASSIGNMENT|[21]|settings|{"LastModifiedDate":"2026-03-27T07:35:18.000Z","IsDeleted":false,"Client_Secret__c":"sPeXbzmOIRQwl4zKeRFR (108 more) ...","API_Call_Count__c":1.0,"Token_Expires_At__c":"2026-03-27T08:05:18.000Z","SetupOwnerId":"00DBK000004uTTF2A2","Access_Token__c":"2624da09af81d475a88b (12 more) ...","Name":"a0PBK000008oB5J","SystemModstamp":"2026-03-27T07:35:18.000Z","Is_Development_Mode__c":true,"CreatedById":"0057F0000042UBbQAM","CreatedDate":"2026-03-05T03:24:41.000Z","Last_Call_Timestamp__c":"2026-03-27T07:35:18.000Z","Id":"a0PBK000008oB5J2AU","LastModifiedById":"0057F0000042UBbQAM"}|0x71a68b1b
18:13:12.2 (129266153)|STATEMENT_EXECUTE|[22]
18:13:12.2 (129320002)|VARIABLE_ASSIGNMENT|[22]|this.lastSyncTime|null|0x38ac6e53
18:13:12.2 (129324538)|STATEMENT_EXECUTE|[23]
18:13:12.2 (129438237)|HEAP_ALLOCATE|[23]|Bytes:56
18:13:12.2 (129462104)|VARIABLE_ASSIGNMENT|[23]|this.startTime|"2026-03-31T09:13:12.837Z"|0x38ac6e53
18:13:12.2 (129466275)|STATEMENT_EXECUTE|[24]
18:13:12.2 (129477955)|HEAP_ALLOCATE|[24]|Bytes:144
18:13:12.2 (129486880)|HEAP_ALLOCATE|[24]|Bytes:15
18:13:12.2 (129597909)|HEAP_ALLOCATE|[24]|Bytes:16
18:13:12.2 (129630119)|CONSTRUCTOR_ENTRY|[24]|01pBK000001eV1J|<init>()|PORTERSDataSync.SyncResult
18:13:12.2 (129675310)|VARIABLE_SCOPE_BEGIN|[116]|this|PORTERSDataSync.SyncResult|true|false
18:13:12.2 (129721900)|VARIABLE_ASSIGNMENT|[116]|this|{}|0x7649f482
18:13:12.2 (129728157)|STATEMENT_EXECUTE|[111]
18:13:12.2 (129730055)|STATEMENT_EXECUTE|[112]
18:13:12.2 (129731700)|STATEMENT_EXECUTE|[113]
18:13:12.2 (129733315)|STATEMENT_EXECUTE|[114]
18:13:12.2 (129757958)|STATEMENT_EXECUTE|[116]
18:13:12.2 (129759465)|STATEMENT_EXECUTE|[117]
18:13:12.2 (129835577)|VARIABLE_ASSIGNMENT|[EXTERNAL]|this|{}|0x7649f482
18:13:12.2 (129846182)|VARIABLE_ASSIGNMENT|[EXTERNAL]|value|0
18:13:12.2 (129851780)|HEAP_ALLOCATE|[112]|Bytes:4
18:13:12.2 (129858046)|VARIABLE_ASSIGNMENT|[112]|this.successCount|0|0x7649f482
18:13:12.2 (129864968)|STATEMENT_EXECUTE|[118]
18:13:12.2 (129887374)|VARIABLE_ASSIGNMENT|[EXTERNAL]|this|{"successCount":0}|0x7649f482
18:13:12.2 (129893588)|VARIABLE_ASSIGNMENT|[EXTERNAL]|value|0
18:13:12.2 (129897441)|HEAP_ALLOCATE|[113]|Bytes:4
18:13:12.2 (129902079)|VARIABLE_ASSIGNMENT|[113]|this.failedCount|0|0x7649f482
18:13:12.2 (129908224)|STATEMENT_EXECUTE|[119]
18:13:12.2 (129923396)|HEAP_ALLOCATE|[119]|Bytes:4
18:13:12.2 (129959874)|VARIABLE_ASSIGNMENT|[EXTERNAL]|this|{"failedCount":0,"successCount":0}|0x7649f482
18:13:12.2 (130013215)|HEAP_ALLOCATE|[EXTERNAL]|Bytes:4
18:13:12.2 (130045137)|VARIABLE_ASSIGNMENT|[EXTERNAL]|value|[]|0x5dabaa64
18:13:12.2 (130053250)|VARIABLE_ASSIGNMENT|[114]|this.errors|[]|0x7649f482
18:13:12.2 (130068695)|CONSTRUCTOR_EXIT|[24]|01pBK000001eV1J|<init>()|PORTERSDataSync.SyncResult
18:13:12.2 (130078382)|VARIABLE_ASSIGNMENT|[24]|this.syncResult|0x7649f482|0x38ac6e53
18:13:12.2 (130086695)|CONSTRUCTOR_EXIT|[1]|01pBK000001eV2v|<init>()|PORTERSIncrementalSyncBatch
18:13:12.2 (130100431)|SYSTEM_MODE_EXIT|false
18:13:12.2 (130160818)|VARIABLE_ASSIGNMENT|[1]|batch|{"startTime":"2026-03-31T09:13:12.837Z","syncResult":"0x7649f482"}|0x38ac6e53
18:13:12.2 (130165747)|STATEMENT_EXECUTE|[2]
18:13:12.238 (238200006)|CUMULATIVE_LIMIT_USAGE
18:13:12.238 (238200006)|LIMIT_USAGE_FOR_NS|(default)|
  Number of SOQL queries: 0 out of 100
  Number of query rows: 0 out of 50000
  Number of SOSL queries: 0 out of 20
  Number of DML statements: 0 out of 150
  Number of Publish Immediate DML: 0 out of 150
  Number of DML rows: 0 out of 10000
  Maximum CPU time: 0 out of 10000
  Maximum heap size: 0 out of 6000000
  Number of callouts: 0 out of 100
  Number of Email Invocations: 0 out of 10
  Number of future calls: 0 out of 50
  Number of queueable jobs added to the queue: 0 out of 50
  Number of Mobile Apex push calls: 0 out of 10

18:13:12.238 (238200006)|CUMULATIVE_LIMIT_USAGE_END

18:13:12.2 (238276113)|CODE_UNIT_FINISHED|execute_anonymous_apex
18:13:12.2 (238296060)|EXECUTION_FINISHED
