66.0 APEX_CODE,FINEST;APEX_PROFILING,INFO;CALLOUT,INFO;DATA_ACCESS,INFO;DB,INFO;NBA,INFO;SYSTEM,DEBUG;VALIDATION,INFO;VISUALFORCE,INFO;WAVE,INFO;WORKFLOW,INFO
15:55:26.8 (8842738)|USER_INFO|[EXTERNAL]|0057F0000042UBb|ishibashi@hurex.co.jp.dev1|(GMT+09:00) 日本標準時 (Asia/Tokyo)|GMT+09:00
15:55:26.8 (8894128)|EXECUTION_STARTED
15:55:26.8 (8907408)|CODE_UNIT_STARTED|[EXTERNAL]|apex://RecentJobViewedController/ACTION$getRecentViewedJobs
15:55:26.8 (11230027)|CODE_UNIT_STARTED|[EXTERNAL]|01pBK000001RE9Z|RecentJobViewedController.getRecentViewedJobs()
15:55:26.8 (11389098)|VARIABLE_SCOPE_BEGIN|[4]|RecentJobViewedController.testForceException|Boolean|false|true
15:55:26.8 (11632283)|HEAP_ALLOCATE|[95]|Bytes:3
15:55:26.8 (11678192)|HEAP_ALLOCATE|[100]|Bytes:152
15:55:26.8 (11692489)|HEAP_ALLOCATE|[417]|Bytes:408
15:55:26.8 (11703258)|HEAP_ALLOCATE|[430]|Bytes:408
15:55:26.8 (11723715)|HEAP_ALLOCATE|[317]|Bytes:6
15:55:26.8 (11733612)|HEAP_ALLOCATE|[EXTERNAL]|Bytes:1
15:55:26.8 (11744049)|METHOD_ENTRY|[1]|01pBK000001RE9Z|RecentJobViewedController.RecentJobViewedController()
15:55:26.8 (11749067)|STATEMENT_EXECUTE|[1]
15:55:26.8 (11753522)|STATEMENT_EXECUTE|[1]
15:55:26.8 (11769938)|HEAP_ALLOCATE|[68]|Bytes:5
15:55:26.8 (11793697)|HEAP_ALLOCATE|[74]|Bytes:5
15:55:26.8 (11798175)|HEAP_ALLOCATE|[82]|Bytes:7
15:55:26.8 (11948826)|HEAP_ALLOCATE|[4]|Bytes:5
15:55:26.8 (11951932)|STATEMENT_EXECUTE|[4]
15:55:26.8 (11957985)|HEAP_ALLOCATE|[4]|Bytes:5
15:55:26.8 (11991477)|VARIABLE_ASSIGNMENT|[4]|RecentJobViewedController.testForceException|false
15:55:26.8 (12003644)|METHOD_EXIT|[1]|RecentJobViewedController
15:55:26.8 (12019095)|HEAP_ALLOCATE|[8]|Bytes:5
15:55:26.8 (12022431)|STATEMENT_EXECUTE|[7]
15:55:26.8 (12023600)|STATEMENT_EXECUTE|[8]
15:55:26.8 (12025790)|STATEMENT_EXECUTE|[8]
15:55:26.8 (12052141)|HEAP_ALLOCATE|[9]|Bytes:118
15:55:26.8 (12058726)|SYSTEM_METHOD_ENTRY|[1]|Test.Test()
15:55:26.8 (12061412)|STATEMENT_EXECUTE|[1]
15:55:26.8 (12068767)|SYSTEM_METHOD_EXIT|[1]|Test
15:55:26.8 (12080050)|METHOD_ENTRY|[9]||System.Test.isRunningTest()
15:55:26.8 (12117322)|METHOD_EXIT|[9]||System.Test.isRunningTest()
15:55:26.8 (12123181)|STATEMENT_EXECUTE|[9]
15:55:26.8 (12124090)|STATEMENT_EXECUTE|[13]
15:55:26.8 (12125747)|HEAP_ALLOCATE|[13]|Bytes:137
15:55:26.8 (12143290)|HEAP_ALLOCATE|[13]|Bytes:4
15:55:26.8 (29847506)|SOQL_EXECUTE_BEGIN|[13]|Aggregations:0|SELECT Id, Name, JobPosition__c, LastViewedDate FROM Job__c WHERE LastViewedDate != NULL ORDER BY LastViewedDate DESC NULLS FIRST LIMIT 4
15:55:26.8 (49983077)|SOQL_EXECUTE_END|[13]|Rows:4
15:55:26.8 (50020518)|HEAP_ALLOCATE|[13]|Bytes:20
15:55:26.8 (50051503)|HEAP_ALLOCATE|[13]|Bytes:884
15:55:26.8 (50121824)|HEAP_ALLOCATE|[13]|Bytes:20
15:55:26.50 (50197109)|CUMULATIVE_LIMIT_USAGE
15:55:26.50 (50197109)|LIMIT_USAGE_FOR_NS|(default)|
  Number of SOQL queries: 1 out of 100
  Number of query rows: 4 out of 50000
  Number of SOSL queries: 0 out of 20
  Number of DML statements: 0 out of 0
  Number of Publish Immediate DML: 0 out of 150
  Number of DML rows: 0 out of 10000
  Maximum CPU time: 0 out of 10000
  Maximum heap size: 0 out of 6000000
  Number of callouts: 0 out of 100
  Number of Email Invocations: 0 out of 10
  Number of future calls: 0 out of 50
  Number of queueable jobs added to the queue: 0 out of 50
  Number of Mobile Apex push calls: 0 out of 10

15:55:26.50 (50197109)|CUMULATIVE_LIMIT_USAGE_END

15:55:26.8 (50223358)|CODE_UNIT_FINISHED|RecentJobViewedController.getRecentViewedJobs()
15:55:26.8 (50383545)|CODE_UNIT_FINISHED|apex://RecentJobViewedController/ACTION$getRecentViewedJobs
15:55:26.8 (50388459)|EXECUTION_FINISHED
