66.0 APEX_CODE,FINEST;APEX_PROFILING,INFO;CALLOUT,INFO;DATA_ACCESS,INFO;DB,INFO;NBA,INFO;SYSTEM,DEBUG;VALIDATION,INFO;VISUALFORCE,INFO;WAVE,INFO;WORKFLOW,INFO
15:41:26.0 (273395)|USER_INFO|[EXTERNAL]|0057F0000042UBb|ishibashi@hurex.co.jp.dev1|(GMT+09:00) 日本標準時 (Asia/Tokyo)|GMT+09:00
15:41:26.0 (345525)|EXECUTION_STARTED
15:41:26.0 (384180)|CODE_UNIT_STARTED|[EXTERNAL]|apex://CustomNotificationController/ACTION$getNotifications
15:41:26.0 (4122153)|CODE_UNIT_STARTED|[EXTERNAL]|01pBK000001VvEL|CustomNotificationController.getNotifications(String)
15:41:26.0 (4623498)|HEAP_ALLOCATE|[95]|Bytes:3
15:41:26.0 (4769769)|HEAP_ALLOCATE|[100]|Bytes:152
15:41:26.0 (4791408)|HEAP_ALLOCATE|[417]|Bytes:408
15:41:26.0 (4809321)|HEAP_ALLOCATE|[430]|Bytes:408
15:41:26.0 (4846281)|HEAP_ALLOCATE|[317]|Bytes:6
15:41:26.0 (4867101)|HEAP_ALLOCATE|[EXTERNAL]|Bytes:7
15:41:26.0 (4893508)|METHOD_ENTRY|[1]|01pBK000001VvEL|CustomNotificationController.CustomNotificationController()
15:41:26.0 (4906032)|STATEMENT_EXECUTE|[1]
15:41:26.0 (4924102)|STATEMENT_EXECUTE|[1]
15:41:26.0 (4945215)|HEAP_ALLOCATE|[68]|Bytes:5
15:41:26.0 (4981949)|HEAP_ALLOCATE|[74]|Bytes:5
15:41:26.0 (4987029)|HEAP_ALLOCATE|[82]|Bytes:7
15:41:26.0 (5166495)|HEAP_ALLOCATE|[EXTERNAL]|Bytes:5
15:41:26.0 (5187639)|METHOD_EXIT|[1]|CustomNotificationController
15:41:26.0 (5210786)|VARIABLE_SCOPE_BEGIN|[5]|before|String|false|false
15:41:26.0 (5261195)|VARIABLE_ASSIGNMENT|[5]|before|null
15:41:26.0 (5272577)|HEAP_ALLOCATE|[6]|Bytes:5
15:41:26.0 (5275825)|STATEMENT_EXECUTE|[5]
15:41:26.0 (5276789)|STATEMENT_EXECUTE|[6]
15:41:26.0 (5309872)|VARIABLE_SCOPE_BEGIN|[6]|req|System.HttpRequest|true|false
15:41:26.0 (5525259)|VARIABLE_ASSIGNMENT|[6]|req|"System.HttpRequest[Endpoint=null, Method=null]"|0x3974705d
15:41:26.0 (5533439)|STATEMENT_EXECUTE|[7]
15:41:26.0 (5537185)|HEAP_ALLOCATE|[7]|Bytes:3
15:41:26.0 (5663083)|STATEMENT_EXECUTE|[8]
15:41:26.0 (5664752)|HEAP_ALLOCATE|[8]|Bytes:13
15:41:26.0 (5667774)|HEAP_ALLOCATE|[8]|Bytes:7
15:41:26.0 (5718917)|HEAP_ALLOCATE|[8]|Bytes:105
15:41:26.0 (5727809)|SYSTEM_METHOD_ENTRY|[1]|UserInfo.UserInfo()
15:41:26.0 (5730291)|STATEMENT_EXECUTE|[1]
15:41:26.0 (5737652)|SYSTEM_METHOD_EXIT|[1]|UserInfo
15:41:26.0 (5753714)|METHOD_ENTRY|[8]||System.UserInfo.getSessionId()
15:41:26.0 (12748658)|METHOD_EXIT|[8]||System.UserInfo.getSessionId()
15:41:26.0 (12800515)|HEAP_ALLOCATE|[8]|Bytes:119
15:41:26.0 (12883201)|STATEMENT_EXECUTE|[10]
15:41:26.0 (12957018)|HEAP_ALLOCATE|[10]|Bytes:67
15:41:26.0 (12973981)|SYSTEM_METHOD_ENTRY|[1]|Url.Url()
15:41:26.0 (12977092)|STATEMENT_EXECUTE|[1]
15:41:26.0 (12987343)|SYSTEM_METHOD_EXIT|[1]|Url
15:41:26.0 (13002733)|METHOD_ENTRY|[10]||System.Url.getOrgDomainUrl()
15:41:26.0 (13360736)|METHOD_EXIT|[10]||System.Url.getOrgDomainUrl()
15:41:26.0 (13397706)|METHOD_ENTRY|[10]||System.Url.toExternalForm()
15:41:26.0 (13447259)|METHOD_EXIT|[10]||System.Url.toExternalForm()
15:41:26.0 (13460711)|VARIABLE_SCOPE_BEGIN|[10]|domainPath|String|false|false
15:41:26.0 (13488816)|VARIABLE_ASSIGNMENT|[10]|domainPath|"https://hurex--dev1. (25 more) ..."
15:41:26.0 (13493365)|STATEMENT_EXECUTE|[11]
15:41:26.0 (13497891)|HEAP_ALLOCATE|[11]|Bytes:50
15:41:26.0 (13510045)|HEAP_ALLOCATE|[11]|Bytes:95
15:41:26.0 (13514356)|VARIABLE_SCOPE_BEGIN|[11]|endpoint|String|false|false
15:41:26.0 (13522820)|VARIABLE_ASSIGNMENT|[11]|endpoint|"https://hurex--dev1. (75 more) ..."
15:41:26.0 (13607586)|STATEMENT_EXECUTE|[13]
15:41:26.0 (13609461)|STATEMENT_EXECUTE|[16]
15:41:26.0 (13665269)|STATEMENT_EXECUTE|[18]
15:41:26.0 (13695362)|VARIABLE_SCOPE_BEGIN|[18]|http|System.Http|true|false
15:41:26.0 (13832385)|VARIABLE_ASSIGNMENT|[18]|http|"System.Http[]"|0x6ede98e1
15:41:26.0 (13836167)|STATEMENT_EXECUTE|[19]
15:41:26.0 (13946755)|CALLOUT_REQUEST|[19]|System.HttpRequest[Endpoint=https://hurex--dev1.sandbox.my.salesforce.com/services/data/v56.0/connect/notifications?size=20, Method=GET]
15:41:26.0 (430199140)|HEAP_ALLOCATE|[EXTERNAL]|Bytes:871
15:41:26.0 (433051810)|CALLOUT_RESPONSE|[19]|System.HttpResponse[Status=OK, StatusCode=200]
15:41:26.0 (433086156)|HEAP_ALLOCATE|[19]|Bytes:26
15:41:26.0 (433122729)|VARIABLE_SCOPE_BEGIN|[19]|res|System.HttpResponse|true|false
15:41:26.0 (433192684)|VARIABLE_ASSIGNMENT|[19]|res|"System.HttpResponse[Status=OK, StatusCode=200]"|0x7714b35c
15:41:26.0 (433268554)|STATEMENT_EXECUTE|[21]
15:41:26.0 (433270209)|STATEMENT_EXECUTE|[22]
15:41:26.0 (433296034)|HEAP_ALLOCATE|[22]|Bytes:20
15:41:26.433 (433343672)|CUMULATIVE_LIMIT_USAGE
15:41:26.433 (433343672)|LIMIT_USAGE_FOR_NS|(default)|
  Number of SOQL queries: 0 out of 100
  Number of query rows: 0 out of 50000
  Number of SOSL queries: 0 out of 20
  Number of DML statements: 0 out of 150
  Number of Publish Immediate DML: 0 out of 150
  Number of DML rows: 0 out of 10000
  Maximum CPU time: 0 out of 10000
  Maximum heap size: 0 out of 6000000
  Number of callouts: 1 out of 100
  Number of Email Invocations: 0 out of 10
  Number of future calls: 0 out of 50
  Number of queueable jobs added to the queue: 0 out of 50
  Number of Mobile Apex push calls: 0 out of 10

15:41:26.433 (433343672)|CUMULATIVE_LIMIT_USAGE_END

15:41:26.0 (433391572)|CODE_UNIT_FINISHED|CustomNotificationController.getNotifications(String)
15:41:26.0 (433560591)|CODE_UNIT_FINISHED|apex://CustomNotificationController/ACTION$getNotifications
15:41:26.0 (433565243)|EXECUTION_FINISHED
