66.0 APEX_CODE,FINEST;APEX_PROFILING,INFO;CALLOUT,INFO;DATA_ACCESS,INFO;DB,INFO;NBA,INFO;SYSTEM,DEBUG;VALIDATION,INFO;VISUALFORCE,INFO;WAVE,INFO;WORKFLOW,INFO
17:00:17.2 (2379405)|USER_INFO|[EXTERNAL]|0057F0000042UBb|ishibashi@hurex.co.jp.dev1|(GMT+09:00) 日本標準時 (Asia/Tokyo)|GMT+09:00
17:00:17.2 (2459030)|EXECUTION_STARTED
17:00:17.2 (2473586)|CODE_UNIT_STARTED|[EXTERNAL]|apex://PicklistController/ACTION$getPicklistOptions
17:00:17.2 (4855985)|CODE_UNIT_STARTED|[EXTERNAL]|01pBK000001iHe5|PicklistController.getPicklistOptions(String, String)
17:00:17.2 (9556082)|HEAP_ALLOCATE|[95]|Bytes:3
17:00:17.2 (9659847)|HEAP_ALLOCATE|[100]|Bytes:152
17:00:17.2 (9675024)|HEAP_ALLOCATE|[417]|Bytes:408
17:00:17.2 (9685944)|HEAP_ALLOCATE|[430]|Bytes:408
17:00:17.2 (9708946)|HEAP_ALLOCATE|[317]|Bytes:6
17:00:17.2 (9773231)|HEAP_ALLOCATE|[EXTERNAL]|Bytes:1
17:00:17.2 (9786378)|METHOD_ENTRY|[1]|01pBK000001iHe5|PicklistController.PicklistController()
17:00:17.2 (9792347)|STATEMENT_EXECUTE|[1]
17:00:17.2 (9796925)|STATEMENT_EXECUTE|[1]
17:00:17.2 (9814997)|HEAP_ALLOCATE|[68]|Bytes:5
17:00:17.2 (9838802)|HEAP_ALLOCATE|[74]|Bytes:5
17:00:17.2 (9843740)|HEAP_ALLOCATE|[82]|Bytes:7
17:00:17.2 (10341177)|HEAP_ALLOCATE|[EXTERNAL]|Bytes:5
17:00:17.2 (10363021)|METHOD_EXIT|[1]|PicklistController
17:00:17.2 (10368766)|HEAP_ALLOCATE|[EXTERNAL]|Bytes:7
17:00:17.2 (10370963)|HEAP_ALLOCATE|[EXTERNAL]|Bytes:25
17:00:17.2 (10377156)|VARIABLE_SCOPE_BEGIN|[3]|objectName|String|false|false
17:00:17.2 (10418449)|VARIABLE_ASSIGNMENT|[3]|objectName|"Account"
17:00:17.2 (10422737)|VARIABLE_SCOPE_BEGIN|[3]|fieldName|String|false|false
17:00:17.2 (10429502)|VARIABLE_ASSIGNMENT|[3]|fieldName|"PreferredWorkLocatio (5 more) ..."
17:00:17.2 (10440726)|HEAP_ALLOCATE|[4]|Bytes:5
17:00:17.2 (10444732)|STATEMENT_EXECUTE|[3]
17:00:17.2 (10446463)|STATEMENT_EXECUTE|[4]
17:00:17.2 (10500621)|HEAP_ALLOCATE|[4]|Bytes:4
17:00:17.2 (10575979)|VARIABLE_SCOPE_BEGIN|[4]|options|List<Map<String,String>>|true|false
17:00:17.2 (10625070)|HEAP_ALLOCATE|[EXTERNAL]|Bytes:4
17:00:17.2 (10639648)|VARIABLE_ASSIGNMENT|[4]|options|[]|0x60a098f5
17:00:17.2 (10642929)|STATEMENT_EXECUTE|[5]
17:00:17.2 (158912334)|HEAP_ALLOCATE|[5]|Bytes:5300
17:00:17.2 (158966281)|VARIABLE_SCOPE_BEGIN|[5]|globalDescribe|Map<String,Schema.SObjectType>|true|false
17:00:17.2 (159965050)|VARIABLE_ASSIGNMENT|[5]|globalDescribe|"{acceptedeventrelation=AcceptedEventRelation, account=Account, accountbrand=AccountBrand, accountbrandshare=AccountBrandShare, accountchangeevent=AccountChangeEvent, accountcontactrole=AccountContactRole, accountcontactrolechangeevent=AccountContactRoleChangeEvent, accountfeed=AccountFeed, accounthistory=AccountHistory, accountpartner=AccountPartner, ...}"|0x276c32c5
17:00:17.2 (159993805)|STATEMENT_EXECUTE|[6]
17:00:17.2 (160130994)|VARIABLE_SCOPE_BEGIN|[6]|objType|Schema.SObjectType|true|false
17:00:17.2 (160311432)|VARIABLE_ASSIGNMENT|[6]|objType|"common.apex.runtime.impl.ApexSObjectTypeToken@1422fa5c"|0x1422fa5c
17:00:17.2 (160319021)|STATEMENT_EXECUTE|[7]
17:00:17.2 (160320875)|STATEMENT_EXECUTE|[10]
17:00:17.2 (163040630)|HEAP_ALLOCATE|[10]|Bytes:4
17:00:17.2 (176890255)|HEAP_ALLOCATE|[10]|Bytes:1552
17:00:17.2 (176939761)|VARIABLE_SCOPE_BEGIN|[10]|fieldMap|Map<String,Schema.SObjectField>|true|false
17:00:17.2 (177467711)|VARIABLE_ASSIGNMENT|[10]|fieldMap|"{accountnumber=AccountNumber, accountsource=AccountSource, addressfurigana__c=AddressFurigana__c, addressmemo__c=AddressMemo__c, age__pc=Age__pc, agentusagestatus__pc=AgentUsageStatus__pc, annualhiringtarget__c=AnnualHiringTarget__c, annualrevenue=AnnualRevenue, annualrevenue__c=AnnualRevenue__c, aobampmemo__c=AobaMpMemo__c, ...}"|0x7ca600b9
17:00:17.2 (177486087)|STATEMENT_EXECUTE|[11]
17:00:17.2 (177605753)|VARIABLE_SCOPE_BEGIN|[11]|field|Schema.SObjectField|true|false
17:00:17.2 (177761240)|VARIABLE_ASSIGNMENT|[11]|field|"common.apex.runtime.impl.ApexFieldToken@32108d3b"|0x32108d3b
17:00:17.2 (177769748)|STATEMENT_EXECUTE|[12]
17:00:17.2 (177771716)|STATEMENT_EXECUTE|[16]
17:00:17.2 (177829351)|SYSTEM_MODE_ENTER|true
17:00:17.2 (199535913)|HEAP_ALLOCATE|[EXTERNAL]|Bytes:4
17:00:17.2 (199696299)|HEAP_ALLOCATE|[16]|Bytes:8
17:00:17.2 (199737611)|VARIABLE_SCOPE_BEGIN|[16]|fieldDescribe|Schema.DescribeFieldResult|true|false
17:00:17.2 (202716811)|VARIABLE_ASSIGNMENT|[16]|fieldDescribe|"common.api.soap.wsdl.Field@3931db6b"|0x62cc49ca
17:00:17.2 (203767646)|HEAP_ALLOCATE|[17]|Bytes:16
17:00:17.2 (203952348)|STATEMENT_EXECUTE|[17]
17:00:17.2 (203957527)|STATEMENT_EXECUTE|[22]
17:00:17.2 (204007632)|HEAP_ALLOCATE|[EXTERNAL]|Bytes:200
17:00:17.2 (204093887)|HEAP_ALLOCATE|[22]|Bytes:200
17:00:17.2 (204105439)|VARIABLE_SCOPE_BEGIN|[22]|picklistEntries|List<Schema.PicklistEntry>|true|false
17:00:17.2 (204132842)|VARIABLE_ASSIGNMENT|[22]|picklistEntries|"List of size 49 too large to display"|0x1cb7947f
17:00:17.2 (204369190)|HEAP_ALLOCATE|[24]|Bytes:5
17:00:17.2 (204393392)|HEAP_ALLOCATE|[24]|Bytes:4
17:00:17.2 (204401233)|VARIABLE_SCOPE_BEGIN|[24]|entry|Schema.PicklistEntry|true|false
17:00:17.2 (204424419)|VARIABLE_ASSIGNMENT|[24]|entry|北海道|0x4ffe6fa8
17:00:17.2 (204431481)|STATEMENT_EXECUTE|[24]
17:00:17.2 (204445865)|STATEMENT_EXECUTE|[25]
17:00:17.2 (204446847)|STATEMENT_EXECUTE|[26]
17:00:17.2 (204464175)|HEAP_ALLOCATE|[26]|Bytes:4
17:00:17.2 (204477607)|HEAP_ALLOCATE|[27]|Bytes:5
17:00:17.2 (204486148)|HEAP_ALLOCATE|[27]|Bytes:3
17:00:17.2 (204518630)|HEAP_ALLOCATE|[28]|Bytes:5
17:00:17.2 (204524371)|HEAP_ALLOCATE|[28]|Bytes:3
17:00:17.2 (204543116)|HEAP_ALLOCATE|[EXTERNAL]|Bytes:4
17:00:17.2 (204550947)|HEAP_ALLOCATE|[24]|Bytes:5
17:00:17.2 (204556025)|HEAP_ALLOCATE|[24]|Bytes:4
17:00:17.2 (204559196)|VARIABLE_SCOPE_BEGIN|[24]|entry|Schema.PicklistEntry|true|false
17:00:17.2 (204565666)|VARIABLE_ASSIGNMENT|[24]|entry|青森県|0x6f4a1e44
17:00:17.2 (204568866)|STATEMENT_EXECUTE|[24]
17:00:17.2 (204571085)|STATEMENT_EXECUTE|[25]
17:00:17.2 (204571972)|STATEMENT_EXECUTE|[26]
17:00:17.2 (204575111)|HEAP_ALLOCATE|[26]|Bytes:4
17:00:17.2 (204578670)|HEAP_ALLOCATE|[27]|Bytes:3
17:00:17.2 (204584317)|HEAP_ALLOCATE|[28]|Bytes:3
17:00:17.2 (204590065)|HEAP_ALLOCATE|[EXTERNAL]|Bytes:4
17:00:17.2 (204595091)|HEAP_ALLOCATE|[24]|Bytes:5
17:00:17.2 (204599165)|HEAP_ALLOCATE|[24]|Bytes:4
17:00:17.2 (204601677)|VARIABLE_SCOPE_BEGIN|[24]|entry|Schema.PicklistEntry|true|false
17:00:17.2 (204606214)|VARIABLE_ASSIGNMENT|[24]|entry|岩手県|0x68c03234
17:00:17.2 (204609021)|STATEMENT_EXECUTE|[24]
17:00:17.2 (204610840)|STATEMENT_EXECUTE|[25]
17:00:17.2 (204611692)|STATEMENT_EXECUTE|[26]
17:00:17.2 (204613854)|HEAP_ALLOCATE|[26]|Bytes:4
17:00:17.2 (204616838)|HEAP_ALLOCATE|[27]|Bytes:3
17:00:17.2 (204621776)|HEAP_ALLOCATE|[28]|Bytes:3
17:00:17.2 (204627314)|HEAP_ALLOCATE|[EXTERNAL]|Bytes:4
17:00:17.2 (204632161)|HEAP_ALLOCATE|[24]|Bytes:5
17:00:17.2 (204635867)|HEAP_ALLOCATE|[24]|Bytes:4
17:00:17.2 (204638247)|VARIABLE_SCOPE_BEGIN|[24]|entry|Schema.PicklistEntry|true|false
17:00:17.2 (204643312)|VARIABLE_ASSIGNMENT|[24]|entry|宮城県|0x25163ba9
17:00:17.2 (204647125)|STATEMENT_EXECUTE|[24]
17:00:17.2 (204649872)|STATEMENT_EXECUTE|[25]
17:00:17.2 (204650867)|STATEMENT_EXECUTE|[26]
17:00:17.2 (204654453)|HEAP_ALLOCATE|[26]|Bytes:4
17:00:17.2 (204658814)|HEAP_ALLOCATE|[27]|Bytes:3
17:00:17.2 (204666247)|HEAP_ALLOCATE|[28]|Bytes:3
17:00:17.2 (204673681)|HEAP_ALLOCATE|[EXTERNAL]|Bytes:4
17:00:17.2 (204680522)|HEAP_ALLOCATE|[24]|Bytes:5
17:00:17.2 (204686258)|HEAP_ALLOCATE|[24]|Bytes:4
17:00:17.2 (204690013)|VARIABLE_SCOPE_BEGIN|[24]|entry|Schema.PicklistEntry|true|false
17:00:17.2 (204696421)|VARIABLE_ASSIGNMENT|[24]|entry|秋田県|0x1929938c
17:00:17.2 (204700297)|STATEMENT_EXECUTE|[24]
17:00:17.2 (204702810)|STATEMENT_EXECUTE|[25]
17:00:17.2 (204703974)|STATEMENT_EXECUTE|[26]
17:00:17.2 (204707860)|HEAP_ALLOCATE|[26]|Bytes:4
17:00:17.2 (204712303)|HEAP_ALLOCATE|[27]|Bytes:3
17:00:17.2 (204720132)|HEAP_ALLOCATE|[28]|Bytes:3
17:00:17.2 (204727530)|HEAP_ALLOCATE|[EXTERNAL]|Bytes:4
17:00:17.2 (204734451)|HEAP_ALLOCATE|[24]|Bytes:5
17:00:17.2 (204740277)|HEAP_ALLOCATE|[24]|Bytes:4
17:00:17.2 (204743771)|VARIABLE_SCOPE_BEGIN|[24]|entry|Schema.PicklistEntry|true|false
17:00:17.2 (204750642)|VARIABLE_ASSIGNMENT|[24]|entry|山形県|0x262e06d3
17:00:17.2 (204755026)|STATEMENT_EXECUTE|[24]
17:00:17.2 (204757547)|STATEMENT_EXECUTE|[25]
17:00:17.2 (204758737)|STATEMENT_EXECUTE|[26]
17:00:17.2 (204762287)|HEAP_ALLOCATE|[26]|Bytes:4
17:00:17.2 (204766957)|HEAP_ALLOCATE|[27]|Bytes:3
17:00:17.2 (204774843)|HEAP_ALLOCATE|[28]|Bytes:3
17:00:17.2 (204788990)|HEAP_ALLOCATE|[EXTERNAL]|Bytes:4
17:00:17.2 (204796619)|HEAP_ALLOCATE|[24]|Bytes:5
17:00:17.2 (204803232)|HEAP_ALLOCATE|[24]|Bytes:4
17:00:17.2 (204806770)|VARIABLE_SCOPE_BEGIN|[24]|entry|Schema.PicklistEntry|true|false
17:00:17.2 (204813475)|VARIABLE_ASSIGNMENT|[24]|entry|福島県|0x4f96c1b0
17:00:17.2 (204817672)|STATEMENT_EXECUTE|[24]
17:00:17.2 (204820457)|STATEMENT_EXECUTE|[25]
17:00:17.2 (204821630)|STATEMENT_EXECUTE|[26]
17:00:17.2 (204824988)|HEAP_ALLOCATE|[26]|Bytes:4
17:00:17.2 (204829311)|HEAP_ALLOCATE|[27]|Bytes:3
17:00:17.2 (204836523)|HEAP_ALLOCATE|[28]|Bytes:3
17:00:17.2 (204844478)|HEAP_ALLOCATE|[EXTERNAL]|Bytes:4
17:00:17.2 (204852420)|HEAP_ALLOCATE|[24]|Bytes:5
17:00:17.2 (204858209)|HEAP_ALLOCATE|[24]|Bytes:4
17:00:17.2 (204861781)|VARIABLE_SCOPE_BEGIN|[24]|entry|Schema.PicklistEntry|true|false
17:00:17.2 (204868226)|VARIABLE_ASSIGNMENT|[24]|entry|茨城県|0x5bc96098
17:00:17.2 (204872457)|STATEMENT_EXECUTE|[24]
17:00:17.2 (204875723)|STATEMENT_EXECUTE|[25]
17:00:17.2 (204876666)|STATEMENT_EXECUTE|[26]
17:00:17.2 (204879076)|HEAP_ALLOCATE|[26]|Bytes:4
17:00:17.2 (204882296)|HEAP_ALLOCATE|[27]|Bytes:3
17:00:17.2 (204887920)|HEAP_ALLOCATE|[28]|Bytes:3
17:00:17.2 (204893417)|HEAP_ALLOCATE|[EXTERNAL]|Bytes:4
17:00:17.2 (204898253)|HEAP_ALLOCATE|[24]|Bytes:5
17:00:17.2 (204902127)|HEAP_ALLOCATE|[24]|Bytes:4
17:00:17.2 (204904471)|VARIABLE_SCOPE_BEGIN|[24]|entry|Schema.PicklistEntry|true|false
17:00:17.2 (204908707)|VARIABLE_ASSIGNMENT|[24]|entry|栃木県|0xea92d9e
17:00:17.2 (204911452)|STATEMENT_EXECUTE|[24]
17:00:17.2 (204913102)|STATEMENT_EXECUTE|[25]
17:00:17.2 (204913997)|STATEMENT_EXECUTE|[26]
17:00:17.2 (204916046)|HEAP_ALLOCATE|[26]|Bytes:4
17:00:17.2 (204918862)|HEAP_ALLOCATE|[27]|Bytes:3
17:00:17.2 (204924018)|HEAP_ALLOCATE|[28]|Bytes:3
17:00:17.2 (204929645)|HEAP_ALLOCATE|[EXTERNAL]|Bytes:4
17:00:17.2 (204934275)|HEAP_ALLOCATE|[24]|Bytes:5
17:00:17.2 (204937996)|HEAP_ALLOCATE|[24]|Bytes:4
17:00:17.2 (204940210)|VARIABLE_SCOPE_BEGIN|[24]|entry|Schema.PicklistEntry|true|false
17:00:17.2 (204944554)|VARIABLE_ASSIGNMENT|[24]|entry|群馬県|0x58e7ba06
17:00:17.2 (204947324)|STATEMENT_EXECUTE|[24]
17:00:17.2 (204948891)|STATEMENT_EXECUTE|[25]
17:00:17.2 (204949771)|STATEMENT_EXECUTE|[26]
17:00:17.2 (204951877)|HEAP_ALLOCATE|[26]|Bytes:4
17:00:17.2 (204954565)|HEAP_ALLOCATE|[27]|Bytes:3
17:00:17.2 (204959695)|HEAP_ALLOCATE|[28]|Bytes:3
17:00:17.2 (204965116)|HEAP_ALLOCATE|[EXTERNAL]|Bytes:4
17:00:17.2 (204969767)|HEAP_ALLOCATE|[24]|Bytes:5
17:00:17.2 (204973557)|HEAP_ALLOCATE|[24]|Bytes:4
17:00:17.2 (204976135)|VARIABLE_SCOPE_BEGIN|[24]|entry|Schema.PicklistEntry|true|false
17:00:17.2 (204980474)|VARIABLE_ASSIGNMENT|[24]|entry|埼玉県|0x21057beb
17:00:17.2 (204982996)|STATEMENT_EXECUTE|[24]
17:00:17.2 (204984589)|STATEMENT_EXECUTE|[25]
17:00:17.2 (204985481)|STATEMENT_EXECUTE|[26]
17:00:17.2 (204987535)|HEAP_ALLOCATE|[26]|Bytes:4
17:00:17.2 (204990227)|HEAP_ALLOCATE|[27]|Bytes:3
17:00:17.2 (204995095)|HEAP_ALLOCATE|[28]|Bytes:3
17:00:17.2 (205000331)|HEAP_ALLOCATE|[EXTERNAL]|Bytes:4
17:00:17.2 (205005815)|HEAP_ALLOCATE|[24]|Bytes:5
17:00:17.2 (205009416)|HEAP_ALLOCATE|[24]|Bytes:4
17:00:17.2 (205011566)|VARIABLE_SCOPE_BEGIN|[24]|entry|Schema.PicklistEntry|true|false
17:00:17.2 (205015796)|VARIABLE_ASSIGNMENT|[24]|entry|千葉県|0x31d802f3
17:00:17.2 (205018337)|STATEMENT_EXECUTE|[24]
17:00:17.2 (205019899)|STATEMENT_EXECUTE|[25]
17:00:17.2 (205020850)|STATEMENT_EXECUTE|[26]
17:00:17.2 (205023002)|HEAP_ALLOCATE|[26]|Bytes:4
17:00:17.2 (205025720)|HEAP_ALLOCATE|[27]|Bytes:3
17:00:17.2 (205030522)|HEAP_ALLOCATE|[28]|Bytes:3
17:00:17.2 (205035851)|HEAP_ALLOCATE|[EXTERNAL]|Bytes:4
17:00:17.2 (205040377)|HEAP_ALLOCATE|[24]|Bytes:5
17:00:17.2 (205044005)|HEAP_ALLOCATE|[24]|Bytes:4
17:00:17.2 (205046176)|VARIABLE_SCOPE_BEGIN|[24]|entry|Schema.PicklistEntry|true|false
17:00:17.2 (205050162)|VARIABLE_ASSIGNMENT|[24]|entry|東京都|0x76da0c8b
17:00:17.2 (205052851)|STATEMENT_EXECUTE|[24]
17:00:17.2 (205054425)|STATEMENT_EXECUTE|[25]
17:00:17.2 (205055292)|STATEMENT_EXECUTE|[26]
17:00:17.2 (205057376)|HEAP_ALLOCATE|[26]|Bytes:4
17:00:17.2 (205060181)|HEAP_ALLOCATE|[27]|Bytes:3
17:00:17.2 (205064934)|HEAP_ALLOCATE|[28]|Bytes:3
17:00:17.2 (205070309)|HEAP_ALLOCATE|[EXTERNAL]|Bytes:4
17:00:17.2 (205074834)|HEAP_ALLOCATE|[24]|Bytes:5
17:00:17.2 (205078507)|HEAP_ALLOCATE|[24]|Bytes:4
17:00:17.2 (205080725)|VARIABLE_SCOPE_BEGIN|[24]|entry|Schema.PicklistEntry|true|false
17:00:17.2 (205084986)|VARIABLE_ASSIGNMENT|[24]|entry|神奈川県|0x1308bfdc
17:00:17.2 (205087678)|STATEMENT_EXECUTE|[24]
17:00:17.2 (205089229)|STATEMENT_EXECUTE|[25]
17:00:17.2 (205090079)|STATEMENT_EXECUTE|[26]
17:00:17.2 (205092153)|HEAP_ALLOCATE|[26]|Bytes:4
17:00:17.2 (205094801)|HEAP_ALLOCATE|[27]|Bytes:4
17:00:17.2 (205099676)|HEAP_ALLOCATE|[28]|Bytes:4
17:00:17.2 (205104939)|HEAP_ALLOCATE|[EXTERNAL]|Bytes:4
17:00:17.2 (205109465)|HEAP_ALLOCATE|[24]|Bytes:5
17:00:17.2 (205113093)|HEAP_ALLOCATE|[24]|Bytes:4
17:00:17.2 (205115277)|VARIABLE_SCOPE_BEGIN|[24]|entry|Schema.PicklistEntry|true|false
17:00:17.2 (205119416)|VARIABLE_ASSIGNMENT|[24]|entry|新潟県|0x19585475
17:00:17.2 (205122032)|STATEMENT_EXECUTE|[24]
17:00:17.2 (205123592)|STATEMENT_EXECUTE|[25]
17:00:17.2 (205124434)|STATEMENT_EXECUTE|[26]
17:00:17.2 (205126525)|HEAP_ALLOCATE|[26]|Bytes:4
17:00:17.2 (205129264)|HEAP_ALLOCATE|[27]|Bytes:3
17:00:17.2 (205134038)|HEAP_ALLOCATE|[28]|Bytes:3
17:00:17.2 (205139320)|HEAP_ALLOCATE|[EXTERNAL]|Bytes:4
17:00:17.2 (205144797)|HEAP_ALLOCATE|[24]|Bytes:5
17:00:17.2 (205150476)|HEAP_ALLOCATE|[24]|Bytes:4
17:00:17.2 (205154132)|VARIABLE_SCOPE_BEGIN|[24]|entry|Schema.PicklistEntry|true|false
17:00:17.2 (205160296)|VARIABLE_ASSIGNMENT|[24]|entry|富山県|0x68e60237
17:00:17.2 (205163968)|STATEMENT_EXECUTE|[24]
17:00:17.2 (205166385)|STATEMENT_EXECUTE|[25]
17:00:17.2 (205167529)|STATEMENT_EXECUTE|[26]
17:00:17.2 (205170687)|HEAP_ALLOCATE|[26]|Bytes:4
17:00:17.2 (205174879)|HEAP_ALLOCATE|[27]|Bytes:3
17:00:17.2 (205181981)|HEAP_ALLOCATE|[28]|Bytes:3
17:00:17.2 (205189670)|HEAP_ALLOCATE|[EXTERNAL]|Bytes:4
17:00:17.2 (205197346)|HEAP_ALLOCATE|[24]|Bytes:5
17:00:17.2 (205203374)|HEAP_ALLOCATE|[24]|Bytes:4
17:00:17.2 (205207765)|VARIABLE_SCOPE_BEGIN|[24]|entry|Schema.PicklistEntry|true|false
17:00:17.2 (205212846)|VARIABLE_ASSIGNMENT|[24]|entry|石川県|0x4efee5f4
17:00:17.2 (205215624)|STATEMENT_EXECUTE|[24]
17:00:17.2 (205217497)|STATEMENT_EXECUTE|[25]
17:00:17.2 (205218371)|STATEMENT_EXECUTE|[26]
17:00:17.2 (205221190)|HEAP_ALLOCATE|[26]|Bytes:4
17:00:17.2 (205224293)|HEAP_ALLOCATE|[27]|Bytes:3
17:00:17.2 (205229471)|HEAP_ALLOCATE|[28]|Bytes:3
17:00:17.2 (205235082)|HEAP_ALLOCATE|[EXTERNAL]|Bytes:4
17:00:17.2 (205239999)|HEAP_ALLOCATE|[24]|Bytes:5
17:00:17.2 (205243741)|HEAP_ALLOCATE|[24]|Bytes:4
17:00:17.2 (205245992)|VARIABLE_SCOPE_BEGIN|[24]|entry|Schema.PicklistEntry|true|false
17:00:17.2 (205250056)|VARIABLE_ASSIGNMENT|[24]|entry|福井県|0x18de55a8
17:00:17.2 (205252590)|STATEMENT_EXECUTE|[24]
17:00:17.2 (205254152)|STATEMENT_EXECUTE|[25]
17:00:17.2 (205255029)|STATEMENT_EXECUTE|[26]
17:00:17.2 (205257192)|HEAP_ALLOCATE|[26]|Bytes:4
17:00:17.2 (205260181)|HEAP_ALLOCATE|[27]|Bytes:3
17:00:17.2 (205265216)|HEAP_ALLOCATE|[28]|Bytes:3
17:00:17.2 (205270575)|HEAP_ALLOCATE|[EXTERNAL]|Bytes:4
17:00:17.2 (205275102)|HEAP_ALLOCATE|[24]|Bytes:5
17:00:17.2 (205278736)|HEAP_ALLOCATE|[24]|Bytes:4
17:00:17.2 (205280922)|VARIABLE_SCOPE_BEGIN|[24]|entry|Schema.PicklistEntry|true|false
17:00:17.2 (205285032)|VARIABLE_ASSIGNMENT|[24]|entry|山梨県|0x43fe513a
17:00:17.2 (205287541)|STATEMENT_EXECUTE|[24]
17:00:17.2 (205289132)|STATEMENT_EXECUTE|[25]
17:00:17.2 (205290003)|STATEMENT_EXECUTE|[26]
17:00:17.2 (205292107)|HEAP_ALLOCATE|[26]|Bytes:4
17:00:17.2 (205294927)|HEAP_ALLOCATE|[27]|Bytes:3
17:00:17.2 (205299776)|HEAP_ALLOCATE|[28]|Bytes:3
17:00:17.2 (205305007)|HEAP_ALLOCATE|[EXTERNAL]|Bytes:4
17:00:17.2 (205309528)|HEAP_ALLOCATE|[24]|Bytes:5
17:00:17.2 (205313113)|HEAP_ALLOCATE|[24]|Bytes:4
17:00:17.2 (205315273)|VARIABLE_SCOPE_BEGIN|[24]|entry|Schema.PicklistEntry|true|false
17:00:17.2 (205319241)|VARIABLE_ASSIGNMENT|[24]|entry|長野県|0x1b5104c8
17:00:17.2 (205321745)|STATEMENT_EXECUTE|[24]
17:00:17.2 (205323357)|STATEMENT_EXECUTE|[25]
17:00:17.2 (205324226)|STATEMENT_EXECUTE|[26]
17:00:17.2 (205326253)|HEAP_ALLOCATE|[26]|Bytes:4
17:00:17.2 (205328974)|HEAP_ALLOCATE|[27]|Bytes:3
17:00:17.2 (205333806)|HEAP_ALLOCATE|[28]|Bytes:3
17:00:17.2 (205339028)|HEAP_ALLOCATE|[EXTERNAL]|Bytes:4
17:00:17.2 (205343784)|HEAP_ALLOCATE|[24]|Bytes:5
17:00:17.2 (205347390)|HEAP_ALLOCATE|[24]|Bytes:4
17:00:17.2 (205349522)|VARIABLE_SCOPE_BEGIN|[24]|entry|Schema.PicklistEntry|true|false
17:00:17.2 (205353517)|VARIABLE_ASSIGNMENT|[24]|entry|岐阜県|0x22b98313
17:00:17.2 (205356050)|STATEMENT_EXECUTE|[24]
17:00:17.2 (205357610)|STATEMENT_EXECUTE|[25]
17:00:17.2 (205358498)|STATEMENT_EXECUTE|[26]
17:00:17.2 (205360567)|HEAP_ALLOCATE|[26]|Bytes:4
17:00:17.2 (205363200)|HEAP_ALLOCATE|[27]|Bytes:3
17:00:17.2 (205368135)|HEAP_ALLOCATE|[28]|Bytes:3
17:00:17.2 (205373400)|HEAP_ALLOCATE|[EXTERNAL]|Bytes:4
17:00:17.2 (205377847)|HEAP_ALLOCATE|[24]|Bytes:5
17:00:17.2 (205381422)|HEAP_ALLOCATE|[24]|Bytes:4
17:00:17.2 (205383572)|VARIABLE_SCOPE_BEGIN|[24]|entry|Schema.PicklistEntry|true|false
17:00:17.2 (205387450)|VARIABLE_ASSIGNMENT|[24]|entry|静岡県|0x4820f1f9
17:00:17.2 (205390005)|STATEMENT_EXECUTE|[24]
17:00:17.2 (205391565)|STATEMENT_EXECUTE|[25]
17:00:17.2 (205392416)|STATEMENT_EXECUTE|[26]
17:00:17.2 (205394440)|HEAP_ALLOCATE|[26]|Bytes:4
17:00:17.2 (205397174)|HEAP_ALLOCATE|[27]|Bytes:3
17:00:17.2 (205401975)|HEAP_ALLOCATE|[28]|Bytes:3
17:00:17.2 (205407275)|HEAP_ALLOCATE|[EXTERNAL]|Bytes:4
17:00:17.2 (205412158)|HEAP_ALLOCATE|[24]|Bytes:5
17:00:17.2 (205415899)|HEAP_ALLOCATE|[24]|Bytes:4
17:00:17.2 (205418080)|VARIABLE_SCOPE_BEGIN|[24]|entry|Schema.PicklistEntry|true|false
17:00:17.2 (205422087)|VARIABLE_ASSIGNMENT|[24]|entry|愛知県|0x79660e46
17:00:17.2 (205424605)|STATEMENT_EXECUTE|[24]
17:00:17.2 (205426195)|STATEMENT_EXECUTE|[25]
17:00:17.2 (205427029)|STATEMENT_EXECUTE|[26]
17:00:17.2 (205429023)|HEAP_ALLOCATE|[26]|Bytes:4
17:00:17.2 (205431683)|HEAP_ALLOCATE|[27]|Bytes:3
17:00:17.2 (205437804)|HEAP_ALLOCATE|[28]|Bytes:3
17:00:17.2 (205445716)|HEAP_ALLOCATE|[EXTERNAL]|Bytes:4
17:00:17.2 (205452336)|HEAP_ALLOCATE|[24]|Bytes:5
17:00:17.2 (205458192)|HEAP_ALLOCATE|[24]|Bytes:4
17:00:17.2 (205461924)|VARIABLE_SCOPE_BEGIN|[24]|entry|Schema.PicklistEntry|true|false
17:00:17.2 (205468436)|VARIABLE_ASSIGNMENT|[24]|entry|三重県|0x6a0232e6
17:00:17.2 (205472236)|STATEMENT_EXECUTE|[24]
17:00:17.2 (205474594)|STATEMENT_EXECUTE|[25]
17:00:17.2 (205475897)|STATEMENT_EXECUTE|[26]
17:00:17.2 (205479167)|HEAP_ALLOCATE|[26]|Bytes:4
17:00:17.2 (205483329)|HEAP_ALLOCATE|[27]|Bytes:3
17:00:17.2 (205490742)|HEAP_ALLOCATE|[28]|Bytes:3
17:00:17.2 (205498952)|HEAP_ALLOCATE|[EXTERNAL]|Bytes:4
17:00:17.2 (205506487)|HEAP_ALLOCATE|[24]|Bytes:5
17:00:17.2 (205513609)|HEAP_ALLOCATE|[24]|Bytes:4
17:00:17.2 (205517378)|VARIABLE_SCOPE_BEGIN|[24]|entry|Schema.PicklistEntry|true|false
17:00:17.2 (205524223)|VARIABLE_ASSIGNMENT|[24]|entry|滋賀県|0x4cd85ae
17:00:17.2 (205528876)|STATEMENT_EXECUTE|[24]
17:00:17.2 (205531329)|STATEMENT_EXECUTE|[25]
17:00:17.2 (205532646)|STATEMENT_EXECUTE|[26]
17:00:17.2 (205536821)|HEAP_ALLOCATE|[26]|Bytes:4
17:00:17.2 (205542147)|HEAP_ALLOCATE|[27]|Bytes:3
17:00:17.2 (205549727)|HEAP_ALLOCATE|[28]|Bytes:3
17:00:17.2 (205558246)|HEAP_ALLOCATE|[EXTERNAL]|Bytes:4
17:00:17.2 (205566450)|HEAP_ALLOCATE|[24]|Bytes:5
17:00:17.2 (205572630)|HEAP_ALLOCATE|[24]|Bytes:4
17:00:17.2 (205576349)|VARIABLE_SCOPE_BEGIN|[24]|entry|Schema.PicklistEntry|true|false
17:00:17.2 (205972731)|VARIABLE_ASSIGNMENT|[24]|entry|京都府|0x4b2d13f7
17:00:17.2 (205989159)|STATEMENT_EXECUTE|[24]
17:00:17.2 (206004853)|STATEMENT_EXECUTE|[25]
17:00:17.2 (206007530)|STATEMENT_EXECUTE|[26]
17:00:17.2 (206021410)|HEAP_ALLOCATE|[26]|Bytes:4
17:00:17.2 (206038170)|HEAP_ALLOCATE|[27]|Bytes:3
17:00:17.2 (206056414)|HEAP_ALLOCATE|[28]|Bytes:3
17:00:17.2 (206070289)|HEAP_ALLOCATE|[EXTERNAL]|Bytes:4
17:00:17.2 (206088001)|HEAP_ALLOCATE|[24]|Bytes:5
17:00:17.2 (206099815)|HEAP_ALLOCATE|[24]|Bytes:4
17:00:17.2 (206106784)|VARIABLE_SCOPE_BEGIN|[24]|entry|Schema.PicklistEntry|true|false
17:00:17.2 (206120546)|VARIABLE_ASSIGNMENT|[24]|entry|大阪府|0x27030ea
17:00:17.2 (206124743)|STATEMENT_EXECUTE|[24]
17:00:17.2 (206127586)|STATEMENT_EXECUTE|[25]
17:00:17.2 (206128633)|STATEMENT_EXECUTE|[26]
17:00:17.2 (206132825)|HEAP_ALLOCATE|[26]|Bytes:4
17:00:17.2 (206137906)|HEAP_ALLOCATE|[27]|Bytes:3
17:00:17.2 (206146195)|HEAP_ALLOCATE|[28]|Bytes:3
17:00:17.2 (206155131)|HEAP_ALLOCATE|[EXTERNAL]|Bytes:4
17:00:17.2 (206162718)|HEAP_ALLOCATE|[24]|Bytes:5
17:00:17.2 (206168640)|HEAP_ALLOCATE|[24]|Bytes:4
17:00:17.2 (206172167)|VARIABLE_SCOPE_BEGIN|[24]|entry|Schema.PicklistEntry|true|false
17:00:17.2 (206178850)|VARIABLE_ASSIGNMENT|[24]|entry|兵庫県|0x799ea740
17:00:17.2 (206183437)|STATEMENT_EXECUTE|[24]
17:00:17.2 (206186119)|STATEMENT_EXECUTE|[25]
17:00:17.2 (206187200)|STATEMENT_EXECUTE|[26]
17:00:17.2 (206190070)|HEAP_ALLOCATE|[26]|Bytes:4
17:00:17.2 (206194384)|HEAP_ALLOCATE|[27]|Bytes:3
17:00:17.2 (206201011)|HEAP_ALLOCATE|[28]|Bytes:3
17:00:17.2 (206208438)|HEAP_ALLOCATE|[EXTERNAL]|Bytes:4
17:00:17.2 (206214674)|HEAP_ALLOCATE|[24]|Bytes:5
17:00:17.2 (206219873)|HEAP_ALLOCATE|[24]|Bytes:4
17:00:17.2 (206223489)|VARIABLE_SCOPE_BEGIN|[24]|entry|Schema.PicklistEntry|true|false
17:00:17.2 (206229783)|VARIABLE_ASSIGNMENT|[24]|entry|奈良県|0x1116bd28
17:00:17.2 (206234281)|STATEMENT_EXECUTE|[24]
17:00:17.2 (206236882)|STATEMENT_EXECUTE|[25]
17:00:17.2 (206238032)|STATEMENT_EXECUTE|[26]
17:00:17.2 (206240983)|HEAP_ALLOCATE|[26]|Bytes:4
17:00:17.2 (206245009)|HEAP_ALLOCATE|[27]|Bytes:3
17:00:17.2 (206252555)|HEAP_ALLOCATE|[28]|Bytes:3
17:00:17.2 (206260286)|HEAP_ALLOCATE|[EXTERNAL]|Bytes:4
17:00:17.2 (206268231)|HEAP_ALLOCATE|[24]|Bytes:5
17:00:17.2 (206277031)|HEAP_ALLOCATE|[24]|Bytes:4
17:00:17.2 (206281890)|VARIABLE_SCOPE_BEGIN|[24]|entry|Schema.PicklistEntry|true|false
17:00:17.2 (206291147)|VARIABLE_ASSIGNMENT|[24]|entry|和歌山県|0x3287a656
17:00:17.2 (206296465)|STATEMENT_EXECUTE|[24]
17:00:17.2 (206300045)|STATEMENT_EXECUTE|[25]
17:00:17.2 (206301827)|STATEMENT_EXECUTE|[26]
17:00:17.2 (206306677)|HEAP_ALLOCATE|[26]|Bytes:4
17:00:17.2 (206312832)|HEAP_ALLOCATE|[27]|Bytes:4
17:00:17.2 (206323230)|HEAP_ALLOCATE|[28]|Bytes:4
17:00:17.2 (206334426)|HEAP_ALLOCATE|[EXTERNAL]|Bytes:4
17:00:17.2 (206343765)|HEAP_ALLOCATE|[24]|Bytes:5
17:00:17.2 (206351461)|HEAP_ALLOCATE|[24]|Bytes:4
17:00:17.2 (206358004)|VARIABLE_SCOPE_BEGIN|[24]|entry|Schema.PicklistEntry|true|false
17:00:17.2 (206367100)|VARIABLE_ASSIGNMENT|[24]|entry|鳥取県|0x31f3378c
17:00:17.2 (206371884)|STATEMENT_EXECUTE|[24]
17:00:17.2 (206375363)|STATEMENT_EXECUTE|[25]
17:00:17.2 (206377225)|STATEMENT_EXECUTE|[26]
17:00:17.2 (206382524)|HEAP_ALLOCATE|[26]|Bytes:4
17:00:17.2 (206389029)|HEAP_ALLOCATE|[27]|Bytes:3
17:00:17.2 (206399241)|HEAP_ALLOCATE|[28]|Bytes:3
17:00:17.2 (206410080)|HEAP_ALLOCATE|[EXTERNAL]|Bytes:4
17:00:17.2 (206419285)|HEAP_ALLOCATE|[24]|Bytes:5
17:00:17.2 (206426709)|HEAP_ALLOCATE|[24]|Bytes:4
17:00:17.2 (206431391)|VARIABLE_SCOPE_BEGIN|[24]|entry|Schema.PicklistEntry|true|false
17:00:17.2 (206439526)|VARIABLE_ASSIGNMENT|[24]|entry|島根県|0x3ddb2255
17:00:17.2 (206444585)|STATEMENT_EXECUTE|[24]
17:00:17.2 (206447690)|STATEMENT_EXECUTE|[25]
17:00:17.2 (206448987)|STATEMENT_EXECUTE|[26]
17:00:17.2 (206453605)|HEAP_ALLOCATE|[26]|Bytes:4
17:00:17.2 (206459686)|HEAP_ALLOCATE|[27]|Bytes:3
17:00:17.2 (206469806)|HEAP_ALLOCATE|[28]|Bytes:3
17:00:17.2 (206481015)|HEAP_ALLOCATE|[EXTERNAL]|Bytes:4
17:00:17.2 (206490282)|HEAP_ALLOCATE|[24]|Bytes:5
17:00:17.2 (206498105)|HEAP_ALLOCATE|[24]|Bytes:4
17:00:17.2 (206502656)|VARIABLE_SCOPE_BEGIN|[24]|entry|Schema.PicklistEntry|true|false
17:00:17.2 (206511849)|VARIABLE_ASSIGNMENT|[24]|entry|岡山県|0x1980273b
17:00:17.2 (206516946)|STATEMENT_EXECUTE|[24]
17:00:17.2 (206520776)|STATEMENT_EXECUTE|[25]
17:00:17.2 (206522606)|STATEMENT_EXECUTE|[26]
17:00:17.2 (206527457)|HEAP_ALLOCATE|[26]|Bytes:4
17:00:17.2 (206533830)|HEAP_ALLOCATE|[27]|Bytes:3
17:00:17.2 (206543300)|HEAP_ALLOCATE|[28]|Bytes:3
17:00:17.2 (206554272)|HEAP_ALLOCATE|[EXTERNAL]|Bytes:4
17:00:17.2 (206564215)|HEAP_ALLOCATE|[24]|Bytes:5
17:00:17.2 (206572427)|HEAP_ALLOCATE|[24]|Bytes:4
17:00:17.2 (206577479)|VARIABLE_SCOPE_BEGIN|[24]|entry|Schema.PicklistEntry|true|false
17:00:17.2 (206586495)|VARIABLE_ASSIGNMENT|[24]|entry|広島県|0x163a974b
17:00:17.2 (206591029)|STATEMENT_EXECUTE|[24]
17:00:17.2 (206594980)|STATEMENT_EXECUTE|[25]
17:00:17.2 (206596731)|STATEMENT_EXECUTE|[26]
17:00:17.2 (206601445)|HEAP_ALLOCATE|[26]|Bytes:4
17:00:17.2 (206607458)|HEAP_ALLOCATE|[27]|Bytes:3
17:00:17.2 (206617525)|HEAP_ALLOCATE|[28]|Bytes:3
17:00:17.2 (206628397)|HEAP_ALLOCATE|[EXTERNAL]|Bytes:4
17:00:17.2 (206637806)|HEAP_ALLOCATE|[24]|Bytes:5
17:00:17.2 (206645955)|HEAP_ALLOCATE|[24]|Bytes:4
17:00:17.2 (206650907)|VARIABLE_SCOPE_BEGIN|[24]|entry|Schema.PicklistEntry|true|false
17:00:17.2 (206659589)|VARIABLE_ASSIGNMENT|[24]|entry|山口県|0x3e5d9d57
17:00:17.2 (206664664)|STATEMENT_EXECUTE|[24]
17:00:17.2 (206669049)|STATEMENT_EXECUTE|[25]
17:00:17.2 (206670521)|STATEMENT_EXECUTE|[26]
17:00:17.2 (206675499)|HEAP_ALLOCATE|[26]|Bytes:4
17:00:17.2 (206681280)|HEAP_ALLOCATE|[27]|Bytes:3
17:00:17.2 (206691665)|HEAP_ALLOCATE|[28]|Bytes:3
17:00:17.2 (206702606)|HEAP_ALLOCATE|[EXTERNAL]|Bytes:4
17:00:17.2 (206711612)|HEAP_ALLOCATE|[24]|Bytes:5
17:00:17.2 (206719880)|HEAP_ALLOCATE|[24]|Bytes:4
17:00:17.2 (206724464)|VARIABLE_SCOPE_BEGIN|[24]|entry|Schema.PicklistEntry|true|false
17:00:17.2 (206733669)|VARIABLE_ASSIGNMENT|[24]|entry|徳島県|0x5a70c943
17:00:17.2 (206738714)|STATEMENT_EXECUTE|[24]
17:00:17.2 (206742237)|STATEMENT_EXECUTE|[25]
17:00:17.2 (206743590)|STATEMENT_EXECUTE|[26]
17:00:17.2 (206748436)|HEAP_ALLOCATE|[26]|Bytes:4
17:00:17.2 (206753615)|HEAP_ALLOCATE|[27]|Bytes:3
17:00:17.2 (206762165)|HEAP_ALLOCATE|[28]|Bytes:3
17:00:17.2 (206769680)|HEAP_ALLOCATE|[EXTERNAL]|Bytes:4
17:00:17.2 (206776510)|HEAP_ALLOCATE|[24]|Bytes:5
17:00:17.2 (206781931)|HEAP_ALLOCATE|[24]|Bytes:4
17:00:17.2 (206785456)|VARIABLE_SCOPE_BEGIN|[24]|entry|Schema.PicklistEntry|true|false
17:00:17.2 (206799575)|VARIABLE_ASSIGNMENT|[24]|entry|香川県|0x425184c9
17:00:17.2 (206803601)|STATEMENT_EXECUTE|[24]
17:00:17.2 (206807658)|STATEMENT_EXECUTE|[25]
17:00:17.2 (206808790)|STATEMENT_EXECUTE|[26]
17:00:17.2 (206812629)|HEAP_ALLOCATE|[26]|Bytes:4
17:00:17.2 (206818320)|HEAP_ALLOCATE|[27]|Bytes:3
17:00:17.2 (206825572)|HEAP_ALLOCATE|[28]|Bytes:3
17:00:17.2 (206833424)|HEAP_ALLOCATE|[EXTERNAL]|Bytes:4
17:00:17.2 (206840089)|HEAP_ALLOCATE|[24]|Bytes:5
17:00:17.2 (206845805)|HEAP_ALLOCATE|[24]|Bytes:4
17:00:17.2 (206849472)|VARIABLE_SCOPE_BEGIN|[24]|entry|Schema.PicklistEntry|true|false
17:00:17.2 (206877901)|VARIABLE_ASSIGNMENT|[24]|entry|愛媛県|0x93d307
17:00:17.2 (206882813)|STATEMENT_EXECUTE|[24]
17:00:17.2 (206886630)|STATEMENT_EXECUTE|[25]
17:00:17.2 (206887833)|STATEMENT_EXECUTE|[26]
17:00:17.2 (206892749)|HEAP_ALLOCATE|[26]|Bytes:4
17:00:17.2 (206899100)|HEAP_ALLOCATE|[27]|Bytes:3
17:00:17.2 (206909085)|HEAP_ALLOCATE|[28]|Bytes:3
17:00:17.2 (206918716)|HEAP_ALLOCATE|[EXTERNAL]|Bytes:4
17:00:17.2 (206927425)|HEAP_ALLOCATE|[24]|Bytes:5
17:00:17.2 (206935241)|HEAP_ALLOCATE|[24]|Bytes:4
17:00:17.2 (206939499)|VARIABLE_SCOPE_BEGIN|[24]|entry|Schema.PicklistEntry|true|false
17:00:17.2 (206947258)|VARIABLE_ASSIGNMENT|[24]|entry|高知県|0x52765167
17:00:17.2 (206950912)|STATEMENT_EXECUTE|[24]
17:00:17.2 (206954574)|STATEMENT_EXECUTE|[25]
17:00:17.2 (206955869)|STATEMENT_EXECUTE|[26]
17:00:17.2 (206959845)|HEAP_ALLOCATE|[26]|Bytes:4
17:00:17.2 (206965020)|HEAP_ALLOCATE|[27]|Bytes:3
17:00:17.2 (206973439)|HEAP_ALLOCATE|[28]|Bytes:3
17:00:17.2 (206982738)|HEAP_ALLOCATE|[EXTERNAL]|Bytes:4
17:00:17.2 (206990660)|HEAP_ALLOCATE|[24]|Bytes:5
17:00:17.2 (206997882)|HEAP_ALLOCATE|[24]|Bytes:4
17:00:17.2 (207002225)|VARIABLE_SCOPE_BEGIN|[24]|entry|Schema.PicklistEntry|true|false
17:00:17.2 (207009626)|VARIABLE_ASSIGNMENT|[24]|entry|福岡県|0xe90a0bb
17:00:17.2 (207013779)|STATEMENT_EXECUTE|[24]
17:00:17.2 (207017332)|STATEMENT_EXECUTE|[25]
17:00:17.2 (207018578)|STATEMENT_EXECUTE|[26]
17:00:17.2 (207022175)|HEAP_ALLOCATE|[26]|Bytes:4
17:00:17.2 (207027405)|HEAP_ALLOCATE|[27]|Bytes:3
17:00:17.2 (207035119)|HEAP_ALLOCATE|[28]|Bytes:3
17:00:17.2 (207043636)|HEAP_ALLOCATE|[EXTERNAL]|Bytes:4
17:00:17.2 (207050657)|HEAP_ALLOCATE|[24]|Bytes:5
17:00:17.2 (207056539)|HEAP_ALLOCATE|[24]|Bytes:4
17:00:17.2 (207060075)|VARIABLE_SCOPE_BEGIN|[24]|entry|Schema.PicklistEntry|true|false
17:00:17.2 (207066678)|VARIABLE_ASSIGNMENT|[24]|entry|佐賀県|0x40a91a6c
17:00:17.2 (207070774)|STATEMENT_EXECUTE|[24]
17:00:17.2 (207073336)|STATEMENT_EXECUTE|[25]
17:00:17.2 (207074570)|STATEMENT_EXECUTE|[26]
17:00:17.2 (207078040)|HEAP_ALLOCATE|[26]|Bytes:4
17:00:17.2 (207082558)|HEAP_ALLOCATE|[27]|Bytes:3
17:00:17.2 (207089928)|HEAP_ALLOCATE|[28]|Bytes:3
17:00:17.2 (207097640)|HEAP_ALLOCATE|[EXTERNAL]|Bytes:4
17:00:17.2 (207103905)|HEAP_ALLOCATE|[24]|Bytes:5
17:00:17.2 (207109858)|HEAP_ALLOCATE|[24]|Bytes:4
17:00:17.2 (207113705)|VARIABLE_SCOPE_BEGIN|[24]|entry|Schema.PicklistEntry|true|false
17:00:17.2 (207119921)|VARIABLE_ASSIGNMENT|[24]|entry|長崎県|0x5ebcf295
17:00:17.2 (207124336)|STATEMENT_EXECUTE|[24]
17:00:17.2 (207127540)|STATEMENT_EXECUTE|[25]
17:00:17.2 (207129046)|STATEMENT_EXECUTE|[26]
17:00:17.2 (207133269)|HEAP_ALLOCATE|[26]|Bytes:4
17:00:17.2 (207139361)|HEAP_ALLOCATE|[27]|Bytes:3
17:00:17.2 (207148916)|HEAP_ALLOCATE|[28]|Bytes:3
17:00:17.2 (207159189)|HEAP_ALLOCATE|[EXTERNAL]|Bytes:4
17:00:17.2 (207168146)|HEAP_ALLOCATE|[24]|Bytes:5
17:00:17.2 (207176061)|HEAP_ALLOCATE|[24]|Bytes:4
17:00:17.2 (207180859)|VARIABLE_SCOPE_BEGIN|[24]|entry|Schema.PicklistEntry|true|false
17:00:17.2 (207188335)|VARIABLE_ASSIGNMENT|[24]|entry|熊本県|0x3e216d4c
17:00:17.2 (207193499)|STATEMENT_EXECUTE|[24]
17:00:17.2 (207196899)|STATEMENT_EXECUTE|[25]
17:00:17.2 (207198309)|STATEMENT_EXECUTE|[26]
17:00:17.2 (207202799)|HEAP_ALLOCATE|[26]|Bytes:4
17:00:17.2 (207207911)|HEAP_ALLOCATE|[27]|Bytes:3
17:00:17.2 (207217530)|HEAP_ALLOCATE|[28]|Bytes:3
17:00:17.2 (207226980)|HEAP_ALLOCATE|[EXTERNAL]|Bytes:4
17:00:17.2 (207236111)|HEAP_ALLOCATE|[24]|Bytes:5
17:00:17.2 (207243534)|HEAP_ALLOCATE|[24]|Bytes:4
17:00:17.2 (207247896)|VARIABLE_SCOPE_BEGIN|[24]|entry|Schema.PicklistEntry|true|false
17:00:17.2 (207255271)|VARIABLE_ASSIGNMENT|[24]|entry|大分県|0x353f874b
17:00:17.2 (207260455)|STATEMENT_EXECUTE|[24]
17:00:17.2 (207264675)|STATEMENT_EXECUTE|[25]
17:00:17.2 (207266412)|STATEMENT_EXECUTE|[26]
17:00:17.2 (207272171)|HEAP_ALLOCATE|[26]|Bytes:4
17:00:17.2 (207278371)|HEAP_ALLOCATE|[27]|Bytes:3
17:00:17.2 (207288656)|HEAP_ALLOCATE|[28]|Bytes:3
17:00:17.2 (207298604)|HEAP_ALLOCATE|[EXTERNAL]|Bytes:4
17:00:17.2 (207307450)|HEAP_ALLOCATE|[24]|Bytes:5
17:00:17.2 (207315963)|HEAP_ALLOCATE|[24]|Bytes:4
17:00:17.2 (207321009)|VARIABLE_SCOPE_BEGIN|[24]|entry|Schema.PicklistEntry|true|false
17:00:17.2 (207328901)|VARIABLE_ASSIGNMENT|[24]|entry|宮崎県|0x3d4d91fa
17:00:17.2 (207334158)|STATEMENT_EXECUTE|[24]
17:00:17.2 (207337716)|STATEMENT_EXECUTE|[25]
17:00:17.2 (207339020)|STATEMENT_EXECUTE|[26]
17:00:17.2 (207343674)|HEAP_ALLOCATE|[26]|Bytes:4
17:00:17.2 (207349180)|HEAP_ALLOCATE|[27]|Bytes:3
17:00:17.2 (207358782)|HEAP_ALLOCATE|[28]|Bytes:3
17:00:17.2 (207370604)|HEAP_ALLOCATE|[EXTERNAL]|Bytes:4
17:00:17.2 (207379985)|HEAP_ALLOCATE|[24]|Bytes:5
17:00:17.2 (207388120)|HEAP_ALLOCATE|[24]|Bytes:4
17:00:17.2 (207392957)|VARIABLE_SCOPE_BEGIN|[24]|entry|Schema.PicklistEntry|true|false
17:00:17.2 (207400663)|VARIABLE_ASSIGNMENT|[24]|entry|鹿児島県|0x4dcf49c
17:00:17.2 (207405961)|STATEMENT_EXECUTE|[24]
17:00:17.2 (207410475)|STATEMENT_EXECUTE|[25]
17:00:17.2 (207412278)|STATEMENT_EXECUTE|[26]
17:00:17.2 (207416782)|HEAP_ALLOCATE|[26]|Bytes:4
17:00:17.2 (207422986)|HEAP_ALLOCATE|[27]|Bytes:4
17:00:17.2 (207433625)|HEAP_ALLOCATE|[28]|Bytes:4
17:00:17.2 (207444924)|HEAP_ALLOCATE|[EXTERNAL]|Bytes:4
17:00:17.2 (207453592)|HEAP_ALLOCATE|[24]|Bytes:5
17:00:17.2 (207461230)|HEAP_ALLOCATE|[24]|Bytes:4
17:00:17.2 (207466265)|VARIABLE_SCOPE_BEGIN|[24]|entry|Schema.PicklistEntry|true|false
17:00:17.2 (207474452)|VARIABLE_ASSIGNMENT|[24]|entry|沖縄県|0x31a2b246
17:00:17.2 (207479135)|STATEMENT_EXECUTE|[24]
17:00:17.2 (207482720)|STATEMENT_EXECUTE|[25]
17:00:17.2 (207484129)|STATEMENT_EXECUTE|[26]
17:00:17.2 (207488167)|HEAP_ALLOCATE|[26]|Bytes:4
17:00:17.2 (207494730)|HEAP_ALLOCATE|[27]|Bytes:3
17:00:17.2 (207504556)|HEAP_ALLOCATE|[28]|Bytes:3
17:00:17.2 (207514371)|HEAP_ALLOCATE|[EXTERNAL]|Bytes:4
17:00:17.2 (207523486)|HEAP_ALLOCATE|[24]|Bytes:5
17:00:17.2 (207531024)|HEAP_ALLOCATE|[24]|Bytes:4
17:00:17.2 (207536225)|VARIABLE_SCOPE_BEGIN|[24]|entry|Schema.PicklistEntry|true|false
17:00:17.2 (207543889)|VARIABLE_ASSIGNMENT|[24]|entry|海外|0x78ee6ee6
17:00:17.2 (207548633)|STATEMENT_EXECUTE|[24]
17:00:17.2 (207551948)|STATEMENT_EXECUTE|[25]
17:00:17.2 (207553679)|STATEMENT_EXECUTE|[26]
17:00:17.2 (207557599)|HEAP_ALLOCATE|[26]|Bytes:4
17:00:17.2 (207563818)|HEAP_ALLOCATE|[27]|Bytes:2
17:00:17.2 (207573351)|HEAP_ALLOCATE|[28]|Bytes:2
17:00:17.2 (207583600)|HEAP_ALLOCATE|[EXTERNAL]|Bytes:4
17:00:17.2 (207592746)|HEAP_ALLOCATE|[24]|Bytes:5
17:00:17.2 (207600444)|HEAP_ALLOCATE|[24]|Bytes:4
17:00:17.2 (207605611)|VARIABLE_SCOPE_BEGIN|[24]|entry|Schema.PicklistEntry|true|false
17:00:17.2 (207613451)|VARIABLE_ASSIGNMENT|[24]|entry|勤務地不問|0x29fde240
17:00:17.2 (207619052)|STATEMENT_EXECUTE|[24]
17:00:17.2 (207623036)|STATEMENT_EXECUTE|[25]
17:00:17.2 (207624432)|STATEMENT_EXECUTE|[26]
17:00:17.2 (207629690)|HEAP_ALLOCATE|[26]|Bytes:4
17:00:17.2 (207634996)|HEAP_ALLOCATE|[27]|Bytes:5
17:00:17.2 (207659848)|HEAP_ALLOCATE|[28]|Bytes:5
17:00:17.2 (207670857)|HEAP_ALLOCATE|[EXTERNAL]|Bytes:4
17:00:17.2 (207680426)|HEAP_ALLOCATE|[24]|Bytes:5
17:00:17.2 (207691682)|VARIABLE_ASSIGNMENT|[24]|entry|null|
17:00:17.2 (207697778)|STATEMENT_EXECUTE|[32]
17:00:17.207 (207799182)|CUMULATIVE_LIMIT_USAGE
17:00:17.207 (207799182)|LIMIT_USAGE_FOR_NS|(default)|
  Number of SOQL queries: 0 out of 100
  Number of query rows: 0 out of 50000
  Number of SOSL queries: 0 out of 20
  Number of DML statements: 0 out of 0
  Number of Publish Immediate DML: 0 out of 150
  Number of DML rows: 0 out of 10000
  Maximum CPU time: 0 out of 10000
  Maximum heap size: 0 out of 6000000
  Number of callouts: 0 out of 100
  Number of Email Invocations: 0 out of 10
  Number of future calls: 0 out of 50
  Number of queueable jobs added to the queue: 0 out of 50
  Number of Mobile Apex push calls: 0 out of 10

17:00:17.207 (207799182)|CUMULATIVE_LIMIT_USAGE_END

17:00:17.2 (207872779)|CODE_UNIT_FINISHED|PicklistController.getPicklistOptions(String, String)
17:00:17.2 (208078004)|CODE_UNIT_FINISHED|apex://PicklistController/ACTION$getPicklistOptions
17:00:17.2 (208084283)|EXECUTION_FINISHED
