66.0 APEX_CODE,FINEST;APEX_PROFILING,INFO;CALLOUT,INFO;DATA_ACCESS,INFO;DB,INFO;NBA,INFO;SYSTEM,DEBUG;VALIDATION,INFO;VISUALFORCE,INFO;WAVE,INFO;WORKFLOW,INFO
12:00:20.2 (2415702)|USER_INFO|[EXTERNAL]|0057F0000042UBb|ishibashi@hurex.co.jp.dev1|(GMT+09:00) 日本標準時 (Asia/Tokyo)|GMT+09:00
12:00:20.2 (2488967)|EXECUTION_STARTED
12:00:20.2 (2607701)|CODE_UNIT_STARTED|[EXTERNAL]|apex://PicklistController/ACTION$getPicklistOptions
12:00:20.2 (6327175)|CODE_UNIT_STARTED|[EXTERNAL]|01pBK000001iHe5|PicklistController.getPicklistOptions(String, String)
12:00:20.2 (9484890)|HEAP_ALLOCATE|[95]|Bytes:3
12:00:20.2 (9659894)|HEAP_ALLOCATE|[100]|Bytes:152
12:00:20.2 (9682224)|HEAP_ALLOCATE|[417]|Bytes:408
12:00:20.2 (9700680)|HEAP_ALLOCATE|[430]|Bytes:408
12:00:20.2 (9733937)|HEAP_ALLOCATE|[317]|Bytes:6
12:00:20.2 (9750497)|HEAP_ALLOCATE|[EXTERNAL]|Bytes:1
12:00:20.2 (9777229)|METHOD_ENTRY|[1]|01pBK000001iHe5|PicklistController.PicklistController()
12:00:20.2 (9821677)|STATEMENT_EXECUTE|[1]
12:00:20.2 (9837326)|STATEMENT_EXECUTE|[1]
12:00:20.2 (9865840)|HEAP_ALLOCATE|[68]|Bytes:5
12:00:20.2 (9914226)|HEAP_ALLOCATE|[74]|Bytes:5
12:00:20.2 (9942960)|HEAP_ALLOCATE|[82]|Bytes:7
12:00:20.2 (10179710)|HEAP_ALLOCATE|[EXTERNAL]|Bytes:5
12:00:20.2 (10212025)|METHOD_EXIT|[1]|PicklistController
12:00:20.2 (10218578)|HEAP_ALLOCATE|[EXTERNAL]|Bytes:7
12:00:20.2 (10221765)|HEAP_ALLOCATE|[EXTERNAL]|Bytes:23
12:00:20.2 (10237480)|VARIABLE_SCOPE_BEGIN|[3]|objectName|String|false|false
12:00:20.2 (10307111)|VARIABLE_ASSIGNMENT|[3]|objectName|"Account"
12:00:20.2 (10319079)|VARIABLE_SCOPE_BEGIN|[3]|fieldName|String|false|false
12:00:20.2 (10330574)|VARIABLE_ASSIGNMENT|[3]|fieldName|"FinalEducationLevel_ (3 more) ..."
12:00:20.2 (10345506)|HEAP_ALLOCATE|[4]|Bytes:5
12:00:20.2 (10350381)|STATEMENT_EXECUTE|[3]
12:00:20.2 (10352697)|STATEMENT_EXECUTE|[4]
12:00:20.2 (10378546)|HEAP_ALLOCATE|[4]|Bytes:4
12:00:20.2 (10477477)|VARIABLE_SCOPE_BEGIN|[4]|options|List<Map<String,String>>|true|false
12:00:20.2 (10574582)|HEAP_ALLOCATE|[EXTERNAL]|Bytes:4
12:00:20.2 (10601961)|VARIABLE_ASSIGNMENT|[4]|options|[]|0x3ed68985
12:00:20.2 (10608773)|STATEMENT_EXECUTE|[5]
12:00:20.2 (150417717)|HEAP_ALLOCATE|[5]|Bytes:5300
12:00:20.2 (150473265)|VARIABLE_SCOPE_BEGIN|[5]|globalDescribe|Map<String,Schema.SObjectType>|true|false
12:00:20.2 (151437494)|VARIABLE_ASSIGNMENT|[5]|globalDescribe|"{acceptedeventrelation=AcceptedEventRelation, account=Account, accountbrand=AccountBrand, accountbrandshare=AccountBrandShare, accountchangeevent=AccountChangeEvent, accountcontactrole=AccountContactRole, accountcontactrolechangeevent=AccountContactRoleChangeEvent, accountfeed=AccountFeed, accounthistory=AccountHistory, accountpartner=AccountPartner, ...}"|0x36091e97
12:00:20.2 (151460406)|STATEMENT_EXECUTE|[6]
12:00:20.2 (151579800)|VARIABLE_SCOPE_BEGIN|[6]|objType|Schema.SObjectType|true|false
12:00:20.2 (151682400)|VARIABLE_ASSIGNMENT|[6]|objType|"common.apex.runtime.impl.ApexSObjectTypeToken@36b34865"|0x36b34865
12:00:20.2 (151688860)|STATEMENT_EXECUTE|[7]
12:00:20.2 (151690401)|STATEMENT_EXECUTE|[10]
12:00:20.2 (155167326)|HEAP_ALLOCATE|[10]|Bytes:4
12:00:20.2 (162376281)|HEAP_ALLOCATE|[10]|Bytes:1552
12:00:20.2 (162416573)|VARIABLE_SCOPE_BEGIN|[10]|fieldMap|Map<String,Schema.SObjectField>|true|false
12:00:20.2 (162765256)|VARIABLE_ASSIGNMENT|[10]|fieldMap|"{accountnumber=AccountNumber, accountsource=AccountSource, addressfurigana__c=AddressFurigana__c, addressmemo__c=AddressMemo__c, age__pc=Age__pc, agentusagestatus__pc=AgentUsageStatus__pc, annualhiringtarget__c=AnnualHiringTarget__c, annualrevenue=AnnualRevenue, annualrevenue__c=AnnualRevenue__c, aobampmemo__c=AobaMpMemo__c, ...}"|0x42d2eb28
12:00:20.2 (162776488)|STATEMENT_EXECUTE|[11]
12:00:20.2 (162861952)|VARIABLE_SCOPE_BEGIN|[11]|field|Schema.SObjectField|true|false
12:00:20.2 (162908313)|VARIABLE_ASSIGNMENT|[11]|field|"common.apex.runtime.impl.ApexFieldToken@7190f54a"|0x7190f54a
12:00:20.2 (162913615)|STATEMENT_EXECUTE|[12]
12:00:20.2 (162914868)|STATEMENT_EXECUTE|[16]
12:00:20.2 (162954954)|SYSTEM_MODE_ENTER|true
12:00:20.2 (175801381)|HEAP_ALLOCATE|[EXTERNAL]|Bytes:4
12:00:20.2 (175910540)|HEAP_ALLOCATE|[16]|Bytes:8
12:00:20.2 (175944092)|VARIABLE_SCOPE_BEGIN|[16]|fieldDescribe|Schema.DescribeFieldResult|true|false
12:00:20.2 (177296511)|VARIABLE_ASSIGNMENT|[16]|fieldDescribe|"common.api.soap.wsdl.Field@e335699b"|0x5caba000
12:00:20.2 (178158024)|HEAP_ALLOCATE|[17]|Bytes:16
12:00:20.2 (178281603)|STATEMENT_EXECUTE|[17]
12:00:20.2 (178284316)|STATEMENT_EXECUTE|[22]
12:00:20.2 (178322415)|HEAP_ALLOCATE|[EXTERNAL]|Bytes:36
12:00:20.2 (178378678)|HEAP_ALLOCATE|[22]|Bytes:36
12:00:20.2 (178387606)|VARIABLE_SCOPE_BEGIN|[22]|picklistEntries|List<Schema.PicklistEntry>|true|false
12:00:20.2 (178410160)|VARIABLE_ASSIGNMENT|[22]|picklistEntries|"List of size 8 too large to display"|0x2d4acc2a
12:00:20.2 (178814378)|HEAP_ALLOCATE|[24]|Bytes:5
12:00:20.2 (178837715)|HEAP_ALLOCATE|[24]|Bytes:4
12:00:20.2 (178845104)|VARIABLE_SCOPE_BEGIN|[24]|entry|Schema.PicklistEntry|true|false
12:00:20.2 (178861127)|VARIABLE_ASSIGNMENT|[24]|entry|大学院卒（博士）|0x6430243
12:00:20.2 (178868431)|STATEMENT_EXECUTE|[24]
12:00:20.2 (178883903)|STATEMENT_EXECUTE|[25]
12:00:20.2 (178885150)|STATEMENT_EXECUTE|[26]
12:00:20.2 (178899002)|HEAP_ALLOCATE|[26]|Bytes:4
12:00:20.2 (178912977)|HEAP_ALLOCATE|[27]|Bytes:5
12:00:20.2 (178922067)|HEAP_ALLOCATE|[27]|Bytes:8
12:00:20.2 (178955097)|HEAP_ALLOCATE|[28]|Bytes:5
12:00:20.2 (178961532)|HEAP_ALLOCATE|[28]|Bytes:8
12:00:20.2 (178988897)|HEAP_ALLOCATE|[EXTERNAL]|Bytes:4
12:00:20.2 (178997658)|HEAP_ALLOCATE|[24]|Bytes:5
12:00:20.2 (179003140)|HEAP_ALLOCATE|[24]|Bytes:4
12:00:20.2 (179007552)|VARIABLE_SCOPE_BEGIN|[24]|entry|Schema.PicklistEntry|true|false
12:00:20.2 (179013115)|VARIABLE_ASSIGNMENT|[24]|entry|大学院卒（修士）|0x38da12ef
12:00:20.2 (179016467)|STATEMENT_EXECUTE|[24]
12:00:20.2 (179019066)|STATEMENT_EXECUTE|[25]
12:00:20.2 (179019936)|STATEMENT_EXECUTE|[26]
12:00:20.2 (179023172)|HEAP_ALLOCATE|[26]|Bytes:4
12:00:20.2 (179026895)|HEAP_ALLOCATE|[27]|Bytes:8
12:00:20.2 (179032737)|HEAP_ALLOCATE|[28]|Bytes:8
12:00:20.2 (179038615)|HEAP_ALLOCATE|[EXTERNAL]|Bytes:4
12:00:20.2 (179043647)|HEAP_ALLOCATE|[24]|Bytes:5
12:00:20.2 (179047786)|HEAP_ALLOCATE|[24]|Bytes:4
12:00:20.2 (179050447)|VARIABLE_SCOPE_BEGIN|[24]|entry|Schema.PicklistEntry|true|false
12:00:20.2 (179054822)|VARIABLE_ASSIGNMENT|[24]|entry|大学卒|0x1a88bff3
12:00:20.2 (179057573)|STATEMENT_EXECUTE|[24]
12:00:20.2 (179059249)|STATEMENT_EXECUTE|[25]
12:00:20.2 (179060096)|STATEMENT_EXECUTE|[26]
12:00:20.2 (179062312)|HEAP_ALLOCATE|[26]|Bytes:4
12:00:20.2 (179065237)|HEAP_ALLOCATE|[27]|Bytes:3
12:00:20.2 (179070430)|HEAP_ALLOCATE|[28]|Bytes:3
12:00:20.2 (179076074)|HEAP_ALLOCATE|[EXTERNAL]|Bytes:4
12:00:20.2 (179080861)|HEAP_ALLOCATE|[24]|Bytes:5
12:00:20.2 (179084871)|HEAP_ALLOCATE|[24]|Bytes:4
12:00:20.2 (179087247)|VARIABLE_SCOPE_BEGIN|[24]|entry|Schema.PicklistEntry|true|false
12:00:20.2 (179091238)|VARIABLE_ASSIGNMENT|[24]|entry|高専卒|0x7a29ef77
12:00:20.2 (179093876)|STATEMENT_EXECUTE|[24]
12:00:20.2 (179095491)|STATEMENT_EXECUTE|[25]
12:00:20.2 (179096332)|STATEMENT_EXECUTE|[26]
12:00:20.2 (179098623)|HEAP_ALLOCATE|[26]|Bytes:4
12:00:20.2 (179101547)|HEAP_ALLOCATE|[27]|Bytes:3
12:00:20.2 (179106491)|HEAP_ALLOCATE|[28]|Bytes:3
12:00:20.2 (179111917)|HEAP_ALLOCATE|[EXTERNAL]|Bytes:4
12:00:20.2 (179116429)|HEAP_ALLOCATE|[24]|Bytes:5
12:00:20.2 (179120380)|HEAP_ALLOCATE|[24]|Bytes:4
12:00:20.2 (179122817)|VARIABLE_SCOPE_BEGIN|[24]|entry|Schema.PicklistEntry|true|false
12:00:20.2 (179126928)|VARIABLE_ASSIGNMENT|[24]|entry|短大卒|0x6466ab6b
12:00:20.2 (179129732)|STATEMENT_EXECUTE|[24]
12:00:20.2 (179131321)|STATEMENT_EXECUTE|[25]
12:00:20.2 (179132155)|STATEMENT_EXECUTE|[26]
12:00:20.2 (179134399)|HEAP_ALLOCATE|[26]|Bytes:4
12:00:20.2 (179137421)|HEAP_ALLOCATE|[27]|Bytes:3
12:00:20.2 (179142309)|HEAP_ALLOCATE|[28]|Bytes:3
12:00:20.2 (179147727)|HEAP_ALLOCATE|[EXTERNAL]|Bytes:4
12:00:20.2 (179152492)|HEAP_ALLOCATE|[24]|Bytes:5
12:00:20.2 (179156255)|HEAP_ALLOCATE|[24]|Bytes:4
12:00:20.2 (179158599)|VARIABLE_SCOPE_BEGIN|[24]|entry|Schema.PicklistEntry|true|false
12:00:20.2 (179162667)|VARIABLE_ASSIGNMENT|[24]|entry|専門各種学校卒|0xcc38062
12:00:20.2 (179165372)|STATEMENT_EXECUTE|[24]
12:00:20.2 (179166950)|STATEMENT_EXECUTE|[25]
12:00:20.2 (179167797)|STATEMENT_EXECUTE|[26]
12:00:20.2 (179169935)|HEAP_ALLOCATE|[26]|Bytes:4
12:00:20.2 (179172927)|HEAP_ALLOCATE|[27]|Bytes:7
12:00:20.2 (179177827)|HEAP_ALLOCATE|[28]|Bytes:7
12:00:20.2 (179183250)|HEAP_ALLOCATE|[EXTERNAL]|Bytes:4
12:00:20.2 (179187790)|HEAP_ALLOCATE|[24]|Bytes:5
12:00:20.2 (179191592)|HEAP_ALLOCATE|[24]|Bytes:4
12:00:20.2 (179194055)|VARIABLE_SCOPE_BEGIN|[24]|entry|Schema.PicklistEntry|true|false
12:00:20.2 (179197977)|VARIABLE_ASSIGNMENT|[24]|entry|高校卒|0x53ebc12e
12:00:20.2 (179200664)|STATEMENT_EXECUTE|[24]
12:00:20.2 (179202187)|STATEMENT_EXECUTE|[25]
12:00:20.2 (179203038)|STATEMENT_EXECUTE|[26]
12:00:20.2 (179205521)|HEAP_ALLOCATE|[26]|Bytes:4
12:00:20.2 (179208642)|HEAP_ALLOCATE|[27]|Bytes:3
12:00:20.2 (179213547)|HEAP_ALLOCATE|[28]|Bytes:3
12:00:20.2 (179219030)|HEAP_ALLOCATE|[EXTERNAL]|Bytes:4
12:00:20.2 (179223533)|HEAP_ALLOCATE|[24]|Bytes:5
12:00:20.2 (179227425)|HEAP_ALLOCATE|[24]|Bytes:4
12:00:20.2 (179229720)|VARIABLE_SCOPE_BEGIN|[24]|entry|Schema.PicklistEntry|true|false
12:00:20.2 (179233770)|VARIABLE_ASSIGNMENT|[24]|entry|その他|0x668cde73
12:00:20.2 (179236303)|STATEMENT_EXECUTE|[24]
12:00:20.2 (179237895)|STATEMENT_EXECUTE|[25]
12:00:20.2 (179238725)|STATEMENT_EXECUTE|[26]
12:00:20.2 (179240949)|HEAP_ALLOCATE|[26]|Bytes:4
12:00:20.2 (179243778)|HEAP_ALLOCATE|[27]|Bytes:3
12:00:20.2 (179248835)|HEAP_ALLOCATE|[28]|Bytes:3
12:00:20.2 (179254265)|HEAP_ALLOCATE|[EXTERNAL]|Bytes:4
12:00:20.2 (179258934)|HEAP_ALLOCATE|[24]|Bytes:5
12:00:20.2 (179265838)|VARIABLE_ASSIGNMENT|[24]|entry|null|
12:00:20.2 (179269648)|STATEMENT_EXECUTE|[32]
12:00:20.179 (179332500)|CUMULATIVE_LIMIT_USAGE
12:00:20.179 (179332500)|LIMIT_USAGE_FOR_NS|(default)|
  Number of SOQL queries: 0 out of 100
  Number of query rows: 0 out of 50000
  Number of SOSL queries: 0 out of 20
  Number of DML statements: 0 out of 0
  Number of Publish Immediate DML: 0 out of 150
  Number of DML rows: 0 out of 10000
  Maximum CPU time: 0 out of 10000
  Maximum heap size: 0 out of 6000000
  Number of callouts: 0 out of 100
  Number of Email Invocations: 0 out of 10
  Number of future calls: 0 out of 50
  Number of queueable jobs added to the queue: 0 out of 50
  Number of Mobile Apex push calls: 0 out of 10

12:00:20.179 (179332500)|CUMULATIVE_LIMIT_USAGE_END

12:00:20.2 (179398990)|CODE_UNIT_FINISHED|PicklistController.getPicklistOptions(String, String)
12:00:20.2 (179597093)|CODE_UNIT_FINISHED|apex://PicklistController/ACTION$getPicklistOptions
12:00:20.2 (179605280)|EXECUTION_FINISHED
