66.0 APEX_CODE,FINEST;APEX_PROFILING,INFO;CALLOUT,INFO;DATA_ACCESS,INFO;DB,INFO;NBA,INFO;SYSTEM,DEBUG;VALIDATION,INFO;VISUALFORCE,INFO;WAVE,INFO;WORKFLOW,INFO
15:52:38.0 (179505)|USER_INFO|[EXTERNAL]|0057F0000042UBb|ishibashi@hurex.co.jp.dev1|(GMT+09:00) 日本標準時 (Asia/Tokyo)|GMT+09:00
15:52:38.0 (207895)|EXECUTION_STARTED
15:52:38.0 (215870)|CODE_UNIT_STARTED|[EXTERNAL]|apex://RecentJobViewedController/ACTION$getRecentViewedJobs
15:52:38.0 (1710925)|CODE_UNIT_STARTED|[EXTERNAL]|01pBK000001RE9Z|RecentJobViewedController.getRecentViewedJobs()
15:52:38.0 (1904363)|HEAP_ALLOCATE|[95]|Bytes:3
15:52:38.0 (1976638)|HEAP_ALLOCATE|[100]|Bytes:152
15:52:38.0 (1989470)|HEAP_ALLOCATE|[417]|Bytes:408
15:52:38.0 (2000233)|HEAP_ALLOCATE|[430]|Bytes:408
15:52:38.0 (2020623)|HEAP_ALLOCATE|[317]|Bytes:6
15:52:38.0 (2067475)|HEAP_ALLOCATE|[EXTERNAL]|Bytes:1
15:52:38.0 (2075637)|METHOD_ENTRY|[1]|01pBK000001RE9Z|RecentJobViewedController.RecentJobViewedController()
15:52:38.0 (2079566)|STATEMENT_EXECUTE|[1]
15:52:38.0 (2084366)|STATEMENT_EXECUTE|[1]
15:52:38.0 (2105389)|HEAP_ALLOCATE|[68]|Bytes:5
15:52:38.0 (2127486)|HEAP_ALLOCATE|[74]|Bytes:5
15:52:38.0 (2132283)|HEAP_ALLOCATE|[82]|Bytes:7
15:52:38.0 (2276881)|HEAP_ALLOCATE|[EXTERNAL]|Bytes:5
15:52:38.0 (2286752)|METHOD_EXIT|[1]|RecentJobViewedController
15:52:38.0 (2296400)|HEAP_ALLOCATE|[4]|Bytes:5
15:52:38.0 (2298754)|STATEMENT_EXECUTE|[3]
15:52:38.0 (2299842)|STATEMENT_EXECUTE|[4]
15:52:38.0 (2300648)|STATEMENT_EXECUTE|[4]
15:52:38.0 (2301478)|STATEMENT_EXECUTE|[5]
15:52:38.0 (2303184)|HEAP_ALLOCATE|[5]|Bytes:137
15:52:38.0 (2321622)|HEAP_ALLOCATE|[5]|Bytes:4
15:52:38.0 (14501681)|SOQL_EXECUTE_BEGIN|[5]|Aggregations:0|SELECT Id, Name, JobPosition__c, LastViewedDate FROM Job__c WHERE LastViewedDate != NULL ORDER BY LastViewedDate DESC NULLS FIRST LIMIT 4
15:52:38.0 (22717161)|SOQL_EXECUTE_END|[5]|Rows:4
15:52:38.0 (22757948)|HEAP_ALLOCATE|[5]|Bytes:20
15:52:38.0 (22786000)|HEAP_ALLOCATE|[5]|Bytes:699
15:52:38.0 (22950040)|HEAP_ALLOCATE|[5]|Bytes:20
15:52:38.23 (23024350)|CUMULATIVE_LIMIT_USAGE
15:52:38.23 (23024350)|LIMIT_USAGE_FOR_NS|(default)|
  Number of SOQL queries: 1 out of 100
  Number of query rows: 4 out of 50000
  Number of SOSL queries: 0 out of 20
  Number of DML statements: 0 out of 0
  Number of Publish Immediate DML: 0 out of 150
  Number of DML rows: 0 out of 10000
  Maximum CPU time: 0 out of 10000
  Maximum heap size: 0 out of 6000000
  Number of callouts: 0 out of 100
  Number of Email Invocations: 0 out of 10
  Number of future calls: 0 out of 50
  Number of queueable jobs added to the queue: 0 out of 50
  Number of Mobile Apex push calls: 0 out of 10

15:52:38.23 (23024350)|CUMULATIVE_LIMIT_USAGE_END

15:52:38.0 (23049525)|CODE_UNIT_FINISHED|RecentJobViewedController.getRecentViewedJobs()
15:52:38.0 (23193424)|CODE_UNIT_FINISHED|apex://RecentJobViewedController/ACTION$getRecentViewedJobs
15:52:38.0 (23197738)|EXECUTION_FINISHED
