66.0 APEX_CODE,FINEST;APEX_PROFILING,INFO;CALLOUT,INFO;DATA_ACCESS,INFO;DB,INFO;NBA,INFO;SYSTEM,DEBUG;VALIDATION,INFO;VISUALFORCE,INFO;WAVE,INFO;WORKFLOW,INFO
11:51:53.0 (208541)|USER_INFO|[EXTERNAL]|0057F0000042UBb|ishibashi@hurex.co.jp.dev1|(GMT+09:00) 日本標準時 (Asia/Tokyo)|GMT+09:00
11:51:53.0 (250279)|EXECUTION_STARTED
11:51:53.0 (262097)|CODE_UNIT_STARTED|[EXTERNAL]|apex://CustomNotificationController/ACTION$getNotifications
11:51:53.0 (3089134)|CODE_UNIT_STARTED|[EXTERNAL]|01pBK000001VvEL|CustomNotificationController.getNotifications(String)
11:51:53.0 (3387650)|HEAP_ALLOCATE|[95]|Bytes:3
11:51:53.0 (3462378)|HEAP_ALLOCATE|[100]|Bytes:152
11:51:53.0 (3475286)|HEAP_ALLOCATE|[417]|Bytes:408
11:51:53.0 (3485761)|HEAP_ALLOCATE|[430]|Bytes:408
11:51:53.0 (3505214)|HEAP_ALLOCATE|[317]|Bytes:6
11:51:53.0 (3514847)|HEAP_ALLOCATE|[EXTERNAL]|Bytes:7
11:51:53.0 (3524692)|METHOD_ENTRY|[1]|01pBK000001VvEL|CustomNotificationController.CustomNotificationController()
11:51:53.0 (3529837)|STATEMENT_EXECUTE|[1]
11:51:53.0 (3533869)|STATEMENT_EXECUTE|[1]
11:51:53.0 (3552417)|HEAP_ALLOCATE|[68]|Bytes:5
11:51:53.0 (3576091)|HEAP_ALLOCATE|[74]|Bytes:5
11:51:53.0 (3580697)|HEAP_ALLOCATE|[82]|Bytes:7
11:51:53.0 (3737976)|HEAP_ALLOCATE|[EXTERNAL]|Bytes:5
11:51:53.0 (3748873)|METHOD_EXIT|[1]|CustomNotificationController
11:51:53.0 (3757618)|VARIABLE_SCOPE_BEGIN|[5]|before|String|false|false
11:51:53.0 (3789891)|VARIABLE_ASSIGNMENT|[5]|before|null
11:51:53.0 (3799127)|HEAP_ALLOCATE|[6]|Bytes:5
11:51:53.0 (3802032)|STATEMENT_EXECUTE|[5]
11:51:53.0 (3803128)|STATEMENT_EXECUTE|[6]
11:51:53.0 (3831078)|VARIABLE_SCOPE_BEGIN|[6]|req|System.HttpRequest|true|false
11:51:53.0 (4043072)|VARIABLE_ASSIGNMENT|[6]|req|"System.HttpRequest[Endpoint=null, Method=null]"|0x32bb8727
11:51:53.0 (4049312)|STATEMENT_EXECUTE|[7]
11:51:53.0 (4052653)|HEAP_ALLOCATE|[7]|Bytes:3
11:51:53.0 (4118047)|STATEMENT_EXECUTE|[8]
11:51:53.0 (4119614)|HEAP_ALLOCATE|[8]|Bytes:13
11:51:53.0 (4121972)|HEAP_ALLOCATE|[8]|Bytes:7
11:51:53.0 (4158519)|HEAP_ALLOCATE|[8]|Bytes:105
11:51:53.0 (4165134)|SYSTEM_METHOD_ENTRY|[1]|UserInfo.UserInfo()
11:51:53.0 (4167151)|STATEMENT_EXECUTE|[1]
11:51:53.0 (4171059)|SYSTEM_METHOD_EXIT|[1]|UserInfo
11:51:53.0 (4182237)|METHOD_ENTRY|[8]||System.UserInfo.getSessionId()
11:51:53.0 (13685979)|METHOD_EXIT|[8]||System.UserInfo.getSessionId()
11:51:53.0 (13730922)|HEAP_ALLOCATE|[8]|Bytes:119
11:51:53.0 (13789330)|STATEMENT_EXECUTE|[10]
11:51:53.0 (13853051)|HEAP_ALLOCATE|[10]|Bytes:67
11:51:53.0 (13867961)|SYSTEM_METHOD_ENTRY|[1]|Url.Url()
11:51:53.0 (13869946)|STATEMENT_EXECUTE|[1]
11:51:53.0 (13876949)|SYSTEM_METHOD_EXIT|[1]|Url
11:51:53.0 (13885988)|METHOD_ENTRY|[10]||System.Url.getOrgDomainUrl()
11:51:53.0 (14151384)|METHOD_EXIT|[10]||System.Url.getOrgDomainUrl()
11:51:53.0 (14164529)|METHOD_ENTRY|[10]||System.Url.toExternalForm()
11:51:53.0 (14196865)|METHOD_EXIT|[10]||System.Url.toExternalForm()
11:51:53.0 (14200552)|VARIABLE_SCOPE_BEGIN|[10]|domainPath|String|false|false
11:51:53.0 (14220059)|VARIABLE_ASSIGNMENT|[10]|domainPath|"https://hurex--dev1. (25 more) ..."
11:51:53.0 (14223075)|STATEMENT_EXECUTE|[11]
11:51:53.0 (14225938)|HEAP_ALLOCATE|[11]|Bytes:50
11:51:53.0 (14231971)|HEAP_ALLOCATE|[11]|Bytes:95
11:51:53.0 (14234481)|VARIABLE_SCOPE_BEGIN|[11]|endpoint|String|false|false
11:51:53.0 (14239977)|VARIABLE_ASSIGNMENT|[11]|endpoint|"https://hurex--dev1. (75 more) ..."
11:51:53.0 (14287578)|STATEMENT_EXECUTE|[13]
11:51:53.0 (14288698)|STATEMENT_EXECUTE|[16]
11:51:53.0 (14313940)|STATEMENT_EXECUTE|[18]
11:51:53.0 (14334876)|VARIABLE_SCOPE_BEGIN|[18]|http|System.Http|true|false
11:51:53.0 (14443684)|VARIABLE_ASSIGNMENT|[18]|http|"System.Http[]"|0x2c33ee05
11:51:53.0 (14447399)|STATEMENT_EXECUTE|[19]
11:51:53.0 (14544715)|CALLOUT_REQUEST|[19]|System.HttpRequest[Endpoint=https://hurex--dev1.sandbox.my.salesforce.com/services/data/v56.0/connect/notifications?size=20, Method=GET]
11:51:53.0 (408491052)|HEAP_ALLOCATE|[EXTERNAL]|Bytes:15126
11:51:53.0 (411077236)|CALLOUT_RESPONSE|[19]|System.HttpResponse[Status=OK, StatusCode=200]
11:51:53.0 (411119355)|HEAP_ALLOCATE|[19]|Bytes:14281
11:51:53.0 (411164771)|VARIABLE_SCOPE_BEGIN|[19]|res|System.HttpResponse|true|false
11:51:53.0 (411237884)|VARIABLE_ASSIGNMENT|[19]|res|"System.HttpResponse[Status=OK, StatusCode=200]"|0x3761de7c
11:51:53.0 (411301435)|STATEMENT_EXECUTE|[21]
11:51:53.0 (411302851)|STATEMENT_EXECUTE|[22]
11:51:53.0 (411857468)|HEAP_ALLOCATE|[22]|Bytes:13995
11:51:53.411 (411896682)|CUMULATIVE_LIMIT_USAGE
11:51:53.411 (411896682)|LIMIT_USAGE_FOR_NS|(default)|
  Number of SOQL queries: 0 out of 100
  Number of query rows: 0 out of 50000
  Number of SOSL queries: 0 out of 20
  Number of DML statements: 0 out of 150
  Number of Publish Immediate DML: 0 out of 150
  Number of DML rows: 0 out of 10000
  Maximum CPU time: 0 out of 10000
  Maximum heap size: 0 out of 6000000
  Number of callouts: 1 out of 100
  Number of Email Invocations: 0 out of 10
  Number of future calls: 0 out of 50
  Number of queueable jobs added to the queue: 0 out of 50
  Number of Mobile Apex push calls: 0 out of 10

11:51:53.411 (411896682)|CUMULATIVE_LIMIT_USAGE_END

11:51:53.0 (411939926)|CODE_UNIT_FINISHED|CustomNotificationController.getNotifications(String)
11:51:53.0 (412093507)|CODE_UNIT_FINISHED|apex://CustomNotificationController/ACTION$getNotifications
11:51:53.0 (412099609)|EXECUTION_FINISHED
