66.0 APEX_CODE,FINEST;APEX_PROFILING,INFO;CALLOUT,INFO;DATA_ACCESS,INFO;DB,INFO;NBA,INFO;SYSTEM,DEBUG;VALIDATION,INFO;VISUALFORCE,INFO;WAVE,INFO;WORKFLOW,INFO
11:47:16.1 (1704194)|USER_INFO|[EXTERNAL]|0057F0000042UBb|ishibashi@hurex.co.jp.dev1|(GMT+09:00) 日本標準時 (Asia/Tokyo)|GMT+09:00
11:47:16.1 (1744372)|EXECUTION_STARTED
11:47:16.1 (1754909)|CODE_UNIT_STARTED|[EXTERNAL]|apex://ZipCodeSearchController/ACTION$searchAddress
11:47:16.1 (5016763)|CODE_UNIT_STARTED|[EXTERNAL]|01pBK000001fJ9N|ZipCodeSearchController.searchAddress(String)
11:47:16.1 (8068498)|HEAP_ALLOCATE|[95]|Bytes:3
11:47:16.1 (8164778)|HEAP_ALLOCATE|[100]|Bytes:152
11:47:16.1 (8179879)|HEAP_ALLOCATE|[417]|Bytes:408
11:47:16.1 (8190564)|HEAP_ALLOCATE|[430]|Bytes:408
11:47:16.1 (8210172)|HEAP_ALLOCATE|[317]|Bytes:6
11:47:16.1 (8220872)|HEAP_ALLOCATE|[EXTERNAL]|Bytes:1
11:47:16.1 (8232054)|METHOD_ENTRY|[1]|01pBK000001fJ9N|ZipCodeSearchController.ZipCodeSearchController()
11:47:16.1 (8237067)|STATEMENT_EXECUTE|[1]
11:47:16.1 (8240529)|STATEMENT_EXECUTE|[1]
11:47:16.1 (8257435)|HEAP_ALLOCATE|[68]|Bytes:5
11:47:16.1 (8279804)|HEAP_ALLOCATE|[74]|Bytes:5
11:47:16.1 (8284592)|HEAP_ALLOCATE|[82]|Bytes:7
11:47:16.1 (8598996)|HEAP_ALLOCATE|[EXTERNAL]|Bytes:5
11:47:16.1 (8614909)|METHOD_EXIT|[1]|ZipCodeSearchController
11:47:16.1 (8621234)|HEAP_ALLOCATE|[EXTERNAL]|Bytes:7
11:47:16.1 (8630034)|VARIABLE_SCOPE_BEGIN|[3]|zipcode|String|false|false
11:47:16.1 (8659442)|VARIABLE_ASSIGNMENT|[3]|zipcode|"1500022"
11:47:16.1 (8669902)|HEAP_ALLOCATE|[4]|Bytes:5
11:47:16.1 (8672634)|STATEMENT_EXECUTE|[3]
11:47:16.1 (8673835)|STATEMENT_EXECUTE|[4]
11:47:16.1 (8676652)|HEAP_ALLOCATE|[4]|Bytes:1
11:47:16.1 (8752793)|HEAP_ALLOCATE|[4]|Bytes:7
11:47:16.1 (8761094)|VARIABLE_SCOPE_BEGIN|[4]|cleanZip|String|false|false
11:47:16.1 (8768849)|VARIABLE_ASSIGNMENT|[4]|cleanZip|"1500022"
11:47:16.1 (8814739)|STATEMENT_EXECUTE|[5]
11:47:16.1 (8816089)|STATEMENT_EXECUTE|[11]
11:47:16.1 (8817709)|HEAP_ALLOCATE|[11]|Bytes:49
11:47:16.1 (8824586)|HEAP_ALLOCATE|[11]|Bytes:56
11:47:16.1 (8826888)|VARIABLE_SCOPE_BEGIN|[11]|endpoint|String|false|false
11:47:16.1 (8834469)|VARIABLE_ASSIGNMENT|[11]|endpoint|"https://zipcloud.ibs (36 more) ..."
11:47:16.1 (8837024)|STATEMENT_EXECUTE|[12]
11:47:16.1 (8860867)|VARIABLE_SCOPE_BEGIN|[12]|req|System.HttpRequest|true|false
11:47:16.1 (9062051)|VARIABLE_ASSIGNMENT|[12]|req|"System.HttpRequest[Endpoint=null, Method=null]"|0x102eedbb
11:47:16.1 (9067512)|STATEMENT_EXECUTE|[13]
11:47:16.1 (9116703)|STATEMENT_EXECUTE|[14]
11:47:16.1 (9120756)|HEAP_ALLOCATE|[14]|Bytes:3
11:47:16.1 (9135481)|STATEMENT_EXECUTE|[15]
11:47:16.1 (9154150)|STATEMENT_EXECUTE|[17]
11:47:16.1 (9155287)|STATEMENT_EXECUTE|[17]
11:47:16.1 (9156338)|STATEMENT_EXECUTE|[18]
11:47:16.1 (9169153)|VARIABLE_SCOPE_BEGIN|[18]|http|System.Http|true|false
11:47:16.1 (9253072)|VARIABLE_ASSIGNMENT|[18]|http|"System.Http[]"|0x24b94ad8
11:47:16.1 (9259185)|STATEMENT_EXECUTE|[19]
11:47:16.1 (9344426)|CALLOUT_REQUEST|[19]|System.HttpRequest[Endpoint=https://zipcloud.ibsnet.co.jp/api/search?zipcode=1500022, Method=GET]
11:47:16.1 (315624918)|HEAP_ALLOCATE|[EXTERNAL]|Bytes:505
11:47:16.1 (317988839)|CALLOUT_RESPONSE|[19]|System.HttpResponse[Status=OK, StatusCode=200]
11:47:16.1 (318015194)|HEAP_ALLOCATE|[19]|Bytes:302
11:47:16.1 (318044357)|VARIABLE_SCOPE_BEGIN|[19]|res|System.HttpResponse|true|false
11:47:16.1 (318110821)|VARIABLE_ASSIGNMENT|[19]|res|"System.HttpResponse[Status=OK, StatusCode=200]"|0x638ed20c
11:47:16.1 (318116258)|STATEMENT_EXECUTE|[20]
11:47:16.1 (318187633)|HEAP_ALLOCATE|[20]|Bytes:240
11:47:16.1 (318258767)|HEAP_ALLOCATE|[20]|Bytes:24
11:47:16.1 (318272900)|SYSTEM_METHOD_ENTRY|[1]|JSON.JSON()
11:47:16.1 (318275861)|STATEMENT_EXECUTE|[1]
11:47:16.1 (318284195)|SYSTEM_METHOD_EXIT|[1]|JSON
11:47:16.1 (318298567)|METHOD_ENTRY|[20]||System.JSON.deserializeUntyped(String)
11:47:16.1 (326375427)|METHOD_EXIT|[20]||System.JSON.deserializeUntyped(String)
11:47:16.1 (326395450)|VARIABLE_SCOPE_BEGIN|[20]|result|Map<String,ANY>|true|false
11:47:16.1 (326414821)|HEAP_ALLOCATE|[EXTERNAL]|Bytes:8
11:47:16.1 (326450361)|VARIABLE_ASSIGNMENT|[20]|result|{"results":["Map of size 8 too large to display"],"status":200}|0x5be0d62e
11:47:16.1 (326456691)|STATEMENT_EXECUTE|[21]
11:47:16.326 (326505146)|CUMULATIVE_LIMIT_USAGE
11:47:16.326 (326505146)|LIMIT_USAGE_FOR_NS|(default)|
  Number of SOQL queries: 0 out of 100
  Number of query rows: 0 out of 50000
  Number of SOSL queries: 0 out of 20
  Number of DML statements: 0 out of 0
  Number of Publish Immediate DML: 0 out of 150
  Number of DML rows: 0 out of 10000
  Maximum CPU time: 0 out of 10000
  Maximum heap size: 0 out of 6000000
  Number of callouts: 1 out of 100
  Number of Email Invocations: 0 out of 10
  Number of future calls: 0 out of 50
  Number of queueable jobs added to the queue: 0 out of 50
  Number of Mobile Apex push calls: 0 out of 10

11:47:16.326 (326505146)|CUMULATIVE_LIMIT_USAGE_END

11:47:16.1 (326545822)|CODE_UNIT_FINISHED|ZipCodeSearchController.searchAddress(String)
11:47:16.1 (326748282)|CODE_UNIT_FINISHED|apex://ZipCodeSearchController/ACTION$searchAddress
11:47:16.1 (326755037)|EXECUTION_FINISHED
