66.0 APEX_CODE,FINEST;APEX_PROFILING,INFO;CALLOUT,INFO;DATA_ACCESS,INFO;DB,INFO;NBA,INFO;SYSTEM,DEBUG;VALIDATION,INFO;VISUALFORCE,INFO;WAVE,INFO;WORKFLOW,INFO
15:45:06.0 (704615)|USER_INFO|[EXTERNAL]|0057F0000042UBb|ishibashi@hurex.co.jp.dev1|(GMT+09:00) 日本標準時 (Asia/Tokyo)|GMT+09:00
15:45:06.0 (747247)|EXECUTION_STARTED
15:45:06.0 (757057)|CODE_UNIT_STARTED|[EXTERNAL]|apex://PicklistController/ACTION$getPicklistOptions
15:45:06.0 (3891400)|CODE_UNIT_STARTED|[EXTERNAL]|01pBK000001iHe5|PicklistController.getPicklistOptions(String, String)
15:45:06.0 (8484365)|HEAP_ALLOCATE|[95]|Bytes:3
15:45:06.0 (8591460)|HEAP_ALLOCATE|[100]|Bytes:152
15:45:06.0 (8609092)|HEAP_ALLOCATE|[417]|Bytes:408
15:45:06.0 (8624418)|HEAP_ALLOCATE|[430]|Bytes:408
15:45:06.0 (8655576)|HEAP_ALLOCATE|[317]|Bytes:6
15:45:06.0 (8670688)|HEAP_ALLOCATE|[EXTERNAL]|Bytes:1
15:45:06.0 (8697694)|METHOD_ENTRY|[1]|01pBK000001iHe5|PicklistController.PicklistController()
15:45:06.0 (8709628)|STATEMENT_EXECUTE|[1]
15:45:06.0 (8714070)|STATEMENT_EXECUTE|[1]
15:45:06.0 (8732770)|HEAP_ALLOCATE|[68]|Bytes:5
15:45:06.0 (8762924)|HEAP_ALLOCATE|[74]|Bytes:5
15:45:06.0 (8768136)|HEAP_ALLOCATE|[82]|Bytes:7
15:45:06.0 (9030712)|HEAP_ALLOCATE|[EXTERNAL]|Bytes:5
15:45:06.0 (9049078)|METHOD_EXIT|[1]|PicklistController
15:45:06.0 (9052784)|HEAP_ALLOCATE|[EXTERNAL]|Bytes:7
15:45:06.0 (9054661)|HEAP_ALLOCATE|[EXTERNAL]|Bytes:18
15:45:06.0 (9075589)|VARIABLE_SCOPE_BEGIN|[3]|objectName|String|false|false
15:45:06.0 (9122674)|VARIABLE_ASSIGNMENT|[3]|objectName|"Account"
15:45:06.0 (9126167)|VARIABLE_SCOPE_BEGIN|[3]|fieldName|String|false|false
15:45:06.0 (9131315)|VARIABLE_ASSIGNMENT|[3]|fieldName|"PreferredSalary__c"
15:45:06.0 (9141216)|HEAP_ALLOCATE|[4]|Bytes:5
15:45:06.0 (9144648)|STATEMENT_EXECUTE|[3]
15:45:06.0 (9145880)|STATEMENT_EXECUTE|[4]
15:45:06.0 (9165232)|HEAP_ALLOCATE|[4]|Bytes:4
15:45:06.0 (9204422)|VARIABLE_SCOPE_BEGIN|[4]|options|List<Map<String,String>>|true|false
15:45:06.0 (9247527)|HEAP_ALLOCATE|[EXTERNAL]|Bytes:4
15:45:06.0 (9263518)|VARIABLE_ASSIGNMENT|[4]|options|[]|0x7f96add8
15:45:06.0 (9266749)|STATEMENT_EXECUTE|[5]
15:45:07.92 (1092020612)|HEAP_ALLOCATE|[5]|Bytes:5300
15:45:07.92 (1092088929)|VARIABLE_SCOPE_BEGIN|[5]|globalDescribe|Map<String,Schema.SObjectType>|true|false
15:45:07.92 (1092928657)|VARIABLE_ASSIGNMENT|[5]|globalDescribe|"{acceptedeventrelation=AcceptedEventRelation, account=Account, accountbrand=AccountBrand, accountbrandshare=AccountBrandShare, accountchangeevent=AccountChangeEvent, accountcontactrole=AccountContactRole, accountcontactrolechangeevent=AccountContactRoleChangeEvent, accountfeed=AccountFeed, accounthistory=AccountHistory, accountpartner=AccountPartner, ...}"|0x1cf7b594
15:45:07.92 (1092951285)|STATEMENT_EXECUTE|[6]
15:45:07.92 (1093083159)|VARIABLE_SCOPE_BEGIN|[6]|objType|Schema.SObjectType|true|false
15:45:07.92 (1093193511)|VARIABLE_ASSIGNMENT|[6]|objType|"common.apex.runtime.impl.ApexSObjectTypeToken@241ed8bf"|0x241ed8bf
15:45:07.92 (1093199219)|STATEMENT_EXECUTE|[7]
15:45:07.92 (1093200619)|STATEMENT_EXECUTE|[10]
15:45:07.92 (1095383886)|HEAP_ALLOCATE|[10]|Bytes:4
15:45:07.92 (1103240608)|HEAP_ALLOCATE|[10]|Bytes:1560
15:45:07.92 (1103280772)|VARIABLE_SCOPE_BEGIN|[10]|fieldMap|Map<String,Schema.SObjectField>|true|false
15:45:07.92 (1103722509)|VARIABLE_ASSIGNMENT|[10]|fieldMap|"{accountnumber=AccountNumber, accountsource=AccountSource, addressfurigana__c=AddressFurigana__c, addressmemo__c=AddressMemo__c, age__pc=Age__pc, agentusagestatus__pc=AgentUsageStatus__pc, annualhiringtarget__c=AnnualHiringTarget__c, annualrevenue=AnnualRevenue, annualrevenue__c=AnnualRevenue__c, aobampmemo__c=AobaMpMemo__c, ...}"|0x5ab95633
15:45:07.92 (1103735377)|STATEMENT_EXECUTE|[11]
15:45:07.92 (1103839276)|VARIABLE_SCOPE_BEGIN|[11]|field|Schema.SObjectField|true|false
15:45:07.92 (1103919924)|VARIABLE_ASSIGNMENT|[11]|field|"common.apex.runtime.impl.ApexFieldToken@78110437"|0x78110437
15:45:07.92 (1103924878)|STATEMENT_EXECUTE|[12]
15:45:07.92 (1103925954)|STATEMENT_EXECUTE|[16]
15:45:07.92 (1103969613)|SYSTEM_MODE_ENTER|true
15:45:07.92 (1296563160)|HEAP_ALLOCATE|[EXTERNAL]|Bytes:4
15:45:07.92 (1299010904)|HEAP_ALLOCATE|[16]|Bytes:8
15:45:07.92 (1299054401)|VARIABLE_SCOPE_BEGIN|[16]|fieldDescribe|Schema.DescribeFieldResult|true|false
15:45:07.92 (1313763733)|VARIABLE_ASSIGNMENT|[16]|fieldDescribe|"common.api.soap.wsdl.Field@c96d7447"|0x52d929fc
15:45:07.92 (1314604795)|HEAP_ALLOCATE|[17]|Bytes:16
15:45:07.92 (1314735662)|STATEMENT_EXECUTE|[17]
15:45:07.92 (1314738172)|STATEMENT_EXECUTE|[22]
15:45:07.92 (1314778016)|HEAP_ALLOCATE|[EXTERNAL]|Bytes:48
15:45:07.92 (1314861229)|HEAP_ALLOCATE|[22]|Bytes:48
15:45:07.92 (1314881661)|VARIABLE_SCOPE_BEGIN|[22]|picklistEntries|List<Schema.PicklistEntry>|true|false
15:45:07.92 (1314909190)|VARIABLE_ASSIGNMENT|[22]|picklistEntries|"List of size 11 too large to display"|0x25e3f8b1
15:45:07.92 (1315086285)|HEAP_ALLOCATE|[24]|Bytes:5
15:45:07.92 (1315109628)|HEAP_ALLOCATE|[24]|Bytes:4
15:45:07.92 (1315122603)|VARIABLE_SCOPE_BEGIN|[24]|entry|Schema.PicklistEntry|true|false
15:45:07.92 (1315136776)|VARIABLE_ASSIGNMENT|[24]|entry|指定なし|0x89e8cb6
15:45:07.92 (1315143037)|STATEMENT_EXECUTE|[24]
15:45:07.92 (1315155907)|STATEMENT_EXECUTE|[25]
15:45:07.92 (1315156962)|STATEMENT_EXECUTE|[26]
15:45:07.92 (1315174123)|HEAP_ALLOCATE|[26]|Bytes:4
15:45:07.92 (1315186503)|HEAP_ALLOCATE|[27]|Bytes:5
15:45:07.92 (1315194130)|HEAP_ALLOCATE|[27]|Bytes:4
15:45:07.92 (1315282079)|HEAP_ALLOCATE|[28]|Bytes:5
15:45:07.92 (1315289107)|HEAP_ALLOCATE|[28]|Bytes:4
15:45:07.92 (1315306604)|HEAP_ALLOCATE|[EXTERNAL]|Bytes:4
15:45:07.92 (1315315633)|HEAP_ALLOCATE|[24]|Bytes:5
15:45:07.92 (1315322080)|HEAP_ALLOCATE|[24]|Bytes:4
15:45:07.92 (1315325372)|VARIABLE_SCOPE_BEGIN|[24]|entry|Schema.PicklistEntry|true|false
15:45:07.92 (1315332039)|VARIABLE_ASSIGNMENT|[24]|entry|200万円以下|0x3e16864c
15:45:07.92 (1315335816)|STATEMENT_EXECUTE|[24]
15:45:07.92 (1315338534)|STATEMENT_EXECUTE|[25]
15:45:07.92 (1315339409)|STATEMENT_EXECUTE|[26]
15:45:07.92 (1315343612)|HEAP_ALLOCATE|[26]|Bytes:4
15:45:07.92 (1315347620)|HEAP_ALLOCATE|[27]|Bytes:7
15:45:07.92 (1315353508)|HEAP_ALLOCATE|[28]|Bytes:7
15:45:07.92 (1315359549)|HEAP_ALLOCATE|[EXTERNAL]|Bytes:4
15:45:07.92 (1315364657)|HEAP_ALLOCATE|[24]|Bytes:5
15:45:07.92 (1315368886)|HEAP_ALLOCATE|[24]|Bytes:4
15:45:07.92 (1315371680)|VARIABLE_SCOPE_BEGIN|[24]|entry|Schema.PicklistEntry|true|false
15:45:07.92 (1315376560)|VARIABLE_ASSIGNMENT|[24]|entry|201万円～300万円|0x694b1e23
15:45:07.92 (1315379725)|STATEMENT_EXECUTE|[24]
15:45:07.92 (1315381681)|STATEMENT_EXECUTE|[25]
15:45:07.92 (1315382502)|STATEMENT_EXECUTE|[26]
15:45:07.92 (1315385066)|HEAP_ALLOCATE|[26]|Bytes:4
15:45:07.92 (1315388184)|HEAP_ALLOCATE|[27]|Bytes:11
15:45:07.92 (1315393611)|HEAP_ALLOCATE|[28]|Bytes:11
15:45:07.92 (1315399325)|HEAP_ALLOCATE|[EXTERNAL]|Bytes:4
15:45:07.92 (1315404031)|HEAP_ALLOCATE|[24]|Bytes:5
15:45:07.92 (1315407840)|HEAP_ALLOCATE|[24]|Bytes:4
15:45:07.92 (1315410115)|VARIABLE_SCOPE_BEGIN|[24]|entry|Schema.PicklistEntry|true|false
15:45:07.92 (1315414379)|VARIABLE_ASSIGNMENT|[24]|entry|301万円～400万円|0x4d8c1449
15:45:07.92 (1315416997)|STATEMENT_EXECUTE|[24]
15:45:07.92 (1315418730)|STATEMENT_EXECUTE|[25]
15:45:07.92 (1315419577)|STATEMENT_EXECUTE|[26]
15:45:07.92 (1315421821)|HEAP_ALLOCATE|[26]|Bytes:4
15:45:07.92 (1315424638)|HEAP_ALLOCATE|[27]|Bytes:11
15:45:07.92 (1315429503)|HEAP_ALLOCATE|[28]|Bytes:11
15:45:07.92 (1315434886)|HEAP_ALLOCATE|[EXTERNAL]|Bytes:4
15:45:07.92 (1315439597)|HEAP_ALLOCATE|[24]|Bytes:5
15:45:07.92 (1315443309)|HEAP_ALLOCATE|[24]|Bytes:4
15:45:07.92 (1315445582)|VARIABLE_SCOPE_BEGIN|[24]|entry|Schema.PicklistEntry|true|false
15:45:07.92 (1315449629)|VARIABLE_ASSIGNMENT|[24]|entry|401万円～500万円|0x318bda72
15:45:07.92 (1315452179)|STATEMENT_EXECUTE|[24]
15:45:07.92 (1315453870)|STATEMENT_EXECUTE|[25]
15:45:07.92 (1315454711)|STATEMENT_EXECUTE|[26]
15:45:07.92 (1315456949)|HEAP_ALLOCATE|[26]|Bytes:4
15:45:07.92 (1315459729)|HEAP_ALLOCATE|[27]|Bytes:11
15:45:07.92 (1315464561)|HEAP_ALLOCATE|[28]|Bytes:11
15:45:07.92 (1315469846)|HEAP_ALLOCATE|[EXTERNAL]|Bytes:4
15:45:07.92 (1315474553)|HEAP_ALLOCATE|[24]|Bytes:5
15:45:07.92 (1315478278)|HEAP_ALLOCATE|[24]|Bytes:4
15:45:07.92 (1315480553)|VARIABLE_SCOPE_BEGIN|[24]|entry|Schema.PicklistEntry|true|false
15:45:07.92 (1315484452)|VARIABLE_ASSIGNMENT|[24]|entry|501万円～600万円|0x3b250ee9
15:45:07.92 (1315487027)|STATEMENT_EXECUTE|[24]
15:45:07.92 (1315488675)|STATEMENT_EXECUTE|[25]
15:45:07.92 (1315489503)|STATEMENT_EXECUTE|[26]
15:45:07.92 (1315491653)|HEAP_ALLOCATE|[26]|Bytes:4
15:45:07.92 (1315494411)|HEAP_ALLOCATE|[27]|Bytes:11
15:45:07.92 (1315499278)|HEAP_ALLOCATE|[28]|Bytes:11
15:45:07.92 (1315504526)|HEAP_ALLOCATE|[EXTERNAL]|Bytes:4
15:45:07.92 (1315509048)|HEAP_ALLOCATE|[24]|Bytes:5
15:45:07.92 (1315512681)|HEAP_ALLOCATE|[24]|Bytes:4
15:45:07.92 (1315515032)|VARIABLE_SCOPE_BEGIN|[24]|entry|Schema.PicklistEntry|true|false
15:45:07.92 (1315518989)|VARIABLE_ASSIGNMENT|[24]|entry|601万円～700万円|0xa2eb5a8
15:45:07.92 (1315521646)|STATEMENT_EXECUTE|[24]
15:45:07.92 (1315523282)|STATEMENT_EXECUTE|[25]
15:45:07.92 (1315524087)|STATEMENT_EXECUTE|[26]
15:45:07.92 (1315526263)|HEAP_ALLOCATE|[26]|Bytes:4
15:45:07.92 (1315529061)|HEAP_ALLOCATE|[27]|Bytes:11
15:45:07.92 (1315533938)|HEAP_ALLOCATE|[28]|Bytes:11
15:45:07.92 (1315539147)|HEAP_ALLOCATE|[EXTERNAL]|Bytes:4
15:45:07.92 (1315543643)|HEAP_ALLOCATE|[24]|Bytes:5
15:45:07.92 (1315547357)|HEAP_ALLOCATE|[24]|Bytes:4
15:45:07.92 (1315549573)|VARIABLE_SCOPE_BEGIN|[24]|entry|Schema.PicklistEntry|true|false
15:45:07.92 (1315553592)|VARIABLE_ASSIGNMENT|[24]|entry|701万円～800万円|0x272dd6f8
15:45:07.92 (1315556307)|STATEMENT_EXECUTE|[24]
15:45:07.92 (1315557959)|STATEMENT_EXECUTE|[25]
15:45:07.92 (1315558778)|STATEMENT_EXECUTE|[26]
15:45:07.92 (1315560882)|HEAP_ALLOCATE|[26]|Bytes:4
15:45:07.92 (1315563818)|HEAP_ALLOCATE|[27]|Bytes:11
15:45:07.92 (1315568970)|HEAP_ALLOCATE|[28]|Bytes:11
15:45:07.92 (1315574345)|HEAP_ALLOCATE|[EXTERNAL]|Bytes:4
15:45:07.92 (1315578841)|HEAP_ALLOCATE|[24]|Bytes:5
15:45:07.92 (1315582490)|HEAP_ALLOCATE|[24]|Bytes:4
15:45:07.92 (1315584712)|VARIABLE_SCOPE_BEGIN|[24]|entry|Schema.PicklistEntry|true|false
15:45:07.92 (1315588570)|VARIABLE_ASSIGNMENT|[24]|entry|801万円～900万円|0x489ad025
15:45:07.92 (1315591131)|STATEMENT_EXECUTE|[24]
15:45:07.92 (1315592870)|STATEMENT_EXECUTE|[25]
15:45:07.92 (1315593695)|STATEMENT_EXECUTE|[26]
15:45:07.92 (1315595867)|HEAP_ALLOCATE|[26]|Bytes:4
15:45:07.92 (1315598650)|HEAP_ALLOCATE|[27]|Bytes:11
15:45:07.92 (1315603563)|HEAP_ALLOCATE|[28]|Bytes:11
15:45:07.92 (1315608758)|HEAP_ALLOCATE|[EXTERNAL]|Bytes:4
15:45:07.92 (1315613170)|HEAP_ALLOCATE|[24]|Bytes:5
15:45:07.92 (1315624343)|HEAP_ALLOCATE|[24]|Bytes:4
15:45:07.92 (1315626805)|VARIABLE_SCOPE_BEGIN|[24]|entry|Schema.PicklistEntry|true|false
15:45:07.92 (1315631073)|VARIABLE_ASSIGNMENT|[24]|entry|901万円～1000万円|0x5bdbcd99
15:45:07.92 (1315633782)|STATEMENT_EXECUTE|[24]
15:45:07.92 (1315635687)|STATEMENT_EXECUTE|[25]
15:45:07.92 (1315636548)|STATEMENT_EXECUTE|[26]
15:45:07.92 (1315638813)|HEAP_ALLOCATE|[26]|Bytes:4
15:45:07.92 (1315641730)|HEAP_ALLOCATE|[27]|Bytes:12
15:45:07.92 (1315646801)|HEAP_ALLOCATE|[28]|Bytes:12
15:45:07.92 (1315652273)|HEAP_ALLOCATE|[EXTERNAL]|Bytes:4
15:45:07.92 (1315656891)|HEAP_ALLOCATE|[24]|Bytes:5
15:45:07.92 (1315665486)|HEAP_ALLOCATE|[24]|Bytes:4
15:45:07.92 (1315668418)|VARIABLE_SCOPE_BEGIN|[24]|entry|Schema.PicklistEntry|true|false
15:45:07.92 (1315672602)|VARIABLE_ASSIGNMENT|[24]|entry|1001万円以上|0x24a7b0bf
15:45:07.92 (1315675396)|STATEMENT_EXECUTE|[24]
15:45:07.92 (1315677171)|STATEMENT_EXECUTE|[25]
15:45:07.92 (1315678004)|STATEMENT_EXECUTE|[26]
15:45:07.92 (1315680315)|HEAP_ALLOCATE|[26]|Bytes:4
15:45:07.92 (1315683230)|HEAP_ALLOCATE|[27]|Bytes:8
15:45:07.92 (1315688168)|HEAP_ALLOCATE|[28]|Bytes:8
15:45:07.92 (1315693456)|HEAP_ALLOCATE|[EXTERNAL]|Bytes:4
15:45:07.92 (1315697958)|HEAP_ALLOCATE|[24]|Bytes:5
15:45:07.92 (1315704775)|VARIABLE_ASSIGNMENT|[24]|entry|null|
15:45:07.92 (1315708367)|STATEMENT_EXECUTE|[32]
15:45:07.315 (1315761708)|CUMULATIVE_LIMIT_USAGE
15:45:07.315 (1315761708)|LIMIT_USAGE_FOR_NS|(default)|
  Number of SOQL queries: 0 out of 100
  Number of query rows: 0 out of 50000
  Number of SOSL queries: 0 out of 20
  Number of DML statements: 0 out of 0
  Number of Publish Immediate DML: 0 out of 150
  Number of DML rows: 0 out of 10000
  Maximum CPU time: 0 out of 10000
  Maximum heap size: 0 out of 6000000
  Number of callouts: 0 out of 100
  Number of Email Invocations: 0 out of 10
  Number of future calls: 0 out of 50
  Number of queueable jobs added to the queue: 0 out of 50
  Number of Mobile Apex push calls: 0 out of 10

15:45:07.315 (1315761708)|CUMULATIVE_LIMIT_USAGE_END

15:45:07.92 (1315793541)|CODE_UNIT_FINISHED|PicklistController.getPicklistOptions(String, String)
15:45:07.92 (1315980546)|CODE_UNIT_FINISHED|apex://PicklistController/ACTION$getPicklistOptions
15:45:07.92 (1315985672)|EXECUTION_FINISHED
