66.0 APEX_CODE,FINEST;APEX_PROFILING,INFO;CALLOUT,INFO;DATA_ACCESS,INFO;DB,INFO;NBA,INFO;SYSTEM,DEBUG;VALIDATION,INFO;VISUALFORCE,INFO;WAVE,INFO;WORKFLOW,INFO
18:43:14.4 (4531954)|USER_INFO|[EXTERNAL]|0057F0000042UBb|ishibashi@hurex.co.jp.dev1|(GMT+09:00) 日本標準時 (Asia/Tokyo)|GMT+09:00
18:43:14.4 (4564151)|EXECUTION_STARTED
18:43:14.4 (4573555)|CODE_UNIT_STARTED|[EXTERNAL]|apex://CustomNotificationController/ACTION$getNotifications
18:43:14.4 (7392963)|CODE_UNIT_STARTED|[EXTERNAL]|01pBK000001VvEL|CustomNotificationController.getNotifications(String)
18:43:14.4 (21040215)|HEAP_ALLOCATE|[95]|Bytes:3
18:43:14.4 (21135403)|HEAP_ALLOCATE|[100]|Bytes:152
18:43:14.4 (21153361)|HEAP_ALLOCATE|[417]|Bytes:408
18:43:14.4 (21164488)|HEAP_ALLOCATE|[430]|Bytes:408
18:43:14.4 (21184463)|HEAP_ALLOCATE|[317]|Bytes:6
18:43:14.4 (21194445)|HEAP_ALLOCATE|[EXTERNAL]|Bytes:7
18:43:14.4 (21207802)|METHOD_ENTRY|[1]|01pBK000001VvEL|CustomNotificationController.CustomNotificationController()
18:43:14.4 (21212307)|STATEMENT_EXECUTE|[1]
18:43:14.4 (21217396)|STATEMENT_EXECUTE|[1]
18:43:14.4 (21233929)|HEAP_ALLOCATE|[68]|Bytes:5
18:43:14.4 (21254186)|HEAP_ALLOCATE|[74]|Bytes:5
18:43:14.4 (21259522)|HEAP_ALLOCATE|[82]|Bytes:7
18:43:14.4 (21422177)|HEAP_ALLOCATE|[EXTERNAL]|Bytes:5
18:43:14.4 (21432688)|METHOD_EXIT|[1]|CustomNotificationController
18:43:14.4 (21442901)|VARIABLE_SCOPE_BEGIN|[5]|before|String|false|false
18:43:14.4 (21468571)|VARIABLE_ASSIGNMENT|[5]|before|null
18:43:14.4 (21476519)|HEAP_ALLOCATE|[6]|Bytes:5
18:43:14.4 (21479080)|STATEMENT_EXECUTE|[5]
18:43:14.4 (21480232)|STATEMENT_EXECUTE|[6]
18:43:14.4 (21505002)|VARIABLE_SCOPE_BEGIN|[6]|req|System.HttpRequest|true|false
18:43:14.4 (21694012)|VARIABLE_ASSIGNMENT|[6]|req|"System.HttpRequest[Endpoint=null, Method=null]"|0x4a410186
18:43:14.4 (21699775)|STATEMENT_EXECUTE|[7]
18:43:14.4 (21702477)|HEAP_ALLOCATE|[7]|Bytes:3
18:43:14.4 (21770576)|STATEMENT_EXECUTE|[8]
18:43:14.4 (21772858)|HEAP_ALLOCATE|[8]|Bytes:13
18:43:14.4 (21777142)|HEAP_ALLOCATE|[8]|Bytes:7
18:43:14.4 (21821709)|HEAP_ALLOCATE|[8]|Bytes:105
18:43:14.4 (21832158)|SYSTEM_METHOD_ENTRY|[1]|UserInfo.UserInfo()
18:43:14.4 (21835363)|STATEMENT_EXECUTE|[1]
18:43:14.4 (21842496)|SYSTEM_METHOD_EXIT|[1]|UserInfo
18:43:14.4 (21855939)|METHOD_ENTRY|[8]||System.UserInfo.getSessionId()
18:43:14.4 (30978371)|METHOD_EXIT|[8]||System.UserInfo.getSessionId()
18:43:14.4 (31017344)|HEAP_ALLOCATE|[8]|Bytes:119
18:43:14.4 (31070448)|STATEMENT_EXECUTE|[10]
18:43:14.4 (31121658)|HEAP_ALLOCATE|[10]|Bytes:67
18:43:14.4 (31135554)|SYSTEM_METHOD_ENTRY|[1]|Url.Url()
18:43:14.4 (31137586)|STATEMENT_EXECUTE|[1]
18:43:14.4 (31144421)|SYSTEM_METHOD_EXIT|[1]|Url
18:43:14.4 (31153629)|METHOD_ENTRY|[10]||System.Url.getOrgDomainUrl()
18:43:14.4 (31358623)|METHOD_EXIT|[10]||System.Url.getOrgDomainUrl()
18:43:14.4 (31374483)|METHOD_ENTRY|[10]||System.Url.toExternalForm()
18:43:14.4 (31402184)|METHOD_EXIT|[10]||System.Url.toExternalForm()
18:43:14.4 (31405804)|VARIABLE_SCOPE_BEGIN|[10]|domainPath|String|false|false
18:43:14.4 (31423700)|VARIABLE_ASSIGNMENT|[10]|domainPath|"https://hurex--dev1. (25 more) ..."
18:43:14.4 (31427031)|STATEMENT_EXECUTE|[11]
18:43:14.4 (31429869)|HEAP_ALLOCATE|[11]|Bytes:50
18:43:14.4 (31436264)|HEAP_ALLOCATE|[11]|Bytes:95
18:43:14.4 (31438680)|VARIABLE_SCOPE_BEGIN|[11]|endpoint|String|false|false
18:43:14.4 (31443684)|VARIABLE_ASSIGNMENT|[11]|endpoint|"https://hurex--dev1. (75 more) ..."
18:43:14.4 (31493284)|STATEMENT_EXECUTE|[13]
18:43:14.4 (31494448)|STATEMENT_EXECUTE|[16]
18:43:14.4 (31521803)|STATEMENT_EXECUTE|[18]
18:43:14.4 (31540841)|VARIABLE_SCOPE_BEGIN|[18]|http|System.Http|true|false
18:43:14.4 (31648149)|VARIABLE_ASSIGNMENT|[18]|http|"System.Http[]"|0x7141175f
18:43:14.4 (31709849)|STATEMENT_EXECUTE|[19]
18:43:14.4 (31785106)|CALLOUT_REQUEST|[19]|System.HttpRequest[Endpoint=https://hurex--dev1.sandbox.my.salesforce.com/services/data/v56.0/connect/notifications?size=20, Method=GET]
18:43:14.4 (169548598)|HEAP_ALLOCATE|[EXTERNAL]|Bytes:872
18:43:14.4 (171010137)|CALLOUT_RESPONSE|[19]|System.HttpResponse[Status=OK, StatusCode=200]
18:43:14.4 (171036929)|HEAP_ALLOCATE|[19]|Bytes:26
18:43:14.4 (171068623)|VARIABLE_SCOPE_BEGIN|[19]|res|System.HttpResponse|true|false
18:43:14.4 (171128914)|VARIABLE_ASSIGNMENT|[19]|res|"System.HttpResponse[Status=OK, StatusCode=200]"|0x4d4ea256
18:43:14.4 (171190356)|STATEMENT_EXECUTE|[21]
18:43:14.4 (171191734)|STATEMENT_EXECUTE|[22]
18:43:14.4 (171219690)|HEAP_ALLOCATE|[22]|Bytes:20
18:43:14.171 (171252428)|CUMULATIVE_LIMIT_USAGE
18:43:14.171 (171252428)|LIMIT_USAGE_FOR_NS|(default)|
  Number of SOQL queries: 0 out of 100
  Number of query rows: 0 out of 50000
  Number of SOSL queries: 0 out of 20
  Number of DML statements: 0 out of 150
  Number of Publish Immediate DML: 0 out of 150
  Number of DML rows: 0 out of 10000
  Maximum CPU time: 0 out of 10000
  Maximum heap size: 0 out of 6000000
  Number of callouts: 1 out of 100
  Number of Email Invocations: 0 out of 10
  Number of future calls: 0 out of 50
  Number of queueable jobs added to the queue: 0 out of 50
  Number of Mobile Apex push calls: 0 out of 10

18:43:14.171 (171252428)|CUMULATIVE_LIMIT_USAGE_END

18:43:14.4 (171282063)|CODE_UNIT_FINISHED|CustomNotificationController.getNotifications(String)
18:43:14.4 (171426411)|CODE_UNIT_FINISHED|apex://CustomNotificationController/ACTION$getNotifications
18:43:14.4 (171430878)|EXECUTION_FINISHED
