66.0 APEX_CODE,FINEST;APEX_PROFILING,INFO;CALLOUT,INFO;DATA_ACCESS,INFO;DB,INFO;NBA,INFO;SYSTEM,DEBUG;VALIDATION,INFO;VISUALFORCE,INFO;WAVE,INFO;WORKFLOW,INFO
16:00:25.0 (689952)|USER_INFO|[EXTERNAL]|0057F0000042UBb|ishibashi@hurex.co.jp.dev1|(GMT+09:00) 日本標準時 (Asia/Tokyo)|GMT+09:00
16:00:25.0 (742947)|EXECUTION_STARTED
16:00:25.0 (768438)|CODE_UNIT_STARTED|[EXTERNAL]|apex://OfferComponentController/ACTION$getOffers
16:00:25.0 (1453178)|CODE_UNIT_STARTED|[EXTERNAL]|01pBK000001Vpwv|OfferComponentController.getOffers()
16:00:25.0 (1689896)|HEAP_ALLOCATE|[95]|Bytes:3
16:00:25.0 (1794249)|HEAP_ALLOCATE|[100]|Bytes:152
16:00:25.0 (1810993)|HEAP_ALLOCATE|[417]|Bytes:408
16:00:25.0 (1823222)|HEAP_ALLOCATE|[430]|Bytes:408
16:00:25.0 (1844909)|HEAP_ALLOCATE|[317]|Bytes:6
16:00:25.0 (1891785)|HEAP_ALLOCATE|[EXTERNAL]|Bytes:1
16:00:25.0 (1911328)|METHOD_ENTRY|[1]|01pBK000001Vpwv|OfferComponentController.OfferComponentController()
16:00:25.0 (1923873)|STATEMENT_EXECUTE|[1]
16:00:25.0 (1932519)|STATEMENT_EXECUTE|[1]
16:00:25.0 (1951645)|HEAP_ALLOCATE|[68]|Bytes:5
16:00:25.0 (1981654)|HEAP_ALLOCATE|[74]|Bytes:5
16:00:25.0 (1986851)|HEAP_ALLOCATE|[82]|Bytes:7
16:00:25.0 (2153657)|HEAP_ALLOCATE|[EXTERNAL]|Bytes:5
16:00:25.0 (2169178)|METHOD_EXIT|[1]|OfferComponentController
16:00:25.0 (2179998)|HEAP_ALLOCATE|[4]|Bytes:5
16:00:25.0 (2182707)|STATEMENT_EXECUTE|[3]
16:00:25.0 (2183738)|STATEMENT_EXECUTE|[4]
16:00:25.0 (2185538)|HEAP_ALLOCATE|[4]|Bytes:78
16:00:25.0 (2236876)|HEAP_ALLOCATE|[4]|Bytes:4
16:00:25.0 (4824701)|SOQL_EXECUTE_BEGIN|[4]|Aggregations:0|SELECT COUNT() FROM SelectionProcess__c WHERE LatestProcessStatus__c = 'JOB打診'
16:00:25.0 (47912157)|SOQL_EXECUTE_END|[4]|Rows:1
16:00:25.0 (47968090)|HEAP_ALLOCATE|[4]|Bytes:4
16:00:25.0 (48002806)|VARIABLE_SCOPE_BEGIN|[4]|totalCount|Integer|false|false
16:00:25.0 (48012428)|HEAP_ALLOCATE|[4]|Bytes:4
16:00:25.0 (48093358)|VARIABLE_ASSIGNMENT|[4]|totalCount|1
16:00:25.0 (48101903)|STATEMENT_EXECUTE|[5]
16:00:25.0 (48108746)|HEAP_ALLOCATE|[5]|Bytes:360
16:00:25.0 (48141162)|HEAP_ALLOCATE|[5]|Bytes:4
16:00:25.0 (57533624)|SOQL_EXECUTE_BEGIN|[5]|Aggregations:0|SELECT Id, JobPosition__c, LatestProcessStatus__c, LastModifiedDate, JobPosition__r.Id, JobPosition__r.Company__r.Name, JobPosition__r.JobPosition__c, JobPosition__r.WorkLocation2__c, JobPosition__r.JobCategory1__c, JobPosition__r.LastViewedDate FROM SelectionProcess__c WHERE LatestProcessStatus__c = 'JOB打診' ORDER BY LastModifiedDate DESC NULLS FIRST LIMIT 2
16:00:25.0 (117443614)|SOQL_EXECUTE_END|[5]|Rows:1
16:00:25.0 (117487094)|HEAP_ALLOCATE|[5]|Bytes:8
16:00:25.0 (117506195)|HEAP_ALLOCATE|[5]|Bytes:404
16:00:25.0 (117668438)|HEAP_ALLOCATE|[5]|Bytes:8
16:00:25.0 (117696097)|VARIABLE_SCOPE_BEGIN|[5]|processes|List<SelectionProcess__c>|true|false
16:00:25.0 (118033951)|VARIABLE_ASSIGNMENT|[5]|processes|[{"JobPosition__c":"a0KBK00000Gexcs2AB","LastModifiedDate":"2026-03-02T05:52:31.000Z","JobPosition__r":{"JobPosition__c":"テスト401求人タイトル求人タイトル求人 (28 more) ...","WorkLocation2__c":"111","LastViewedDate":"2026-03-17T06:44:29.000Z","Id":"a0KBK00000Gexcs2AB","Company__c":"001BK00000cc2ZEYAY","Company__r":{"Name":"テスト 廣川","Id":"001BK00000cc2ZEYAY"},"JobCategory1__c":"専門職系（コンサルタント/金融/不動産）"},"Id":"a0LBK000005sEhR2AU","LatestProcessStatus__c":"JOB打診"}]|0x303aed58
16:00:25.0 (118049481)|STATEMENT_EXECUTE|[22]
16:00:25.0 (118069424)|HEAP_ALLOCATE|[22]|Bytes:4
16:00:25.0 (118150339)|VARIABLE_SCOPE_BEGIN|[22]|jobInfos|List<Map<String,ANY>>|true|false
16:00:25.0 (118183391)|HEAP_ALLOCATE|[EXTERNAL]|Bytes:4
16:00:25.0 (118192295)|VARIABLE_ASSIGNMENT|[22]|jobInfos|[]|0x3de27148
16:00:25.0 (118456556)|HEAP_ALLOCATE|[24]|Bytes:5
16:00:25.0 (118487251)|HEAP_ALLOCATE|[24]|Bytes:24
16:00:25.0 (118498360)|VARIABLE_SCOPE_BEGIN|[24]|process|SelectionProcess__c|true|false
16:00:25.0 (118609989)|VARIABLE_ASSIGNMENT|[24]|process|{"JobPosition__c":"a0KBK00000Gexcs2AB","LastModifiedDate":"2026-03-02T05:52:31.000Z","JobPosition__r":{"JobPosition__c":"テスト401求人タイトル求人タイトル求人 (28 more) ...","WorkLocation2__c":"111","LastViewedDate":"2026-03-17T06:44:29.000Z","Id":"a0KBK00000Gexcs2AB","Company__c":"001BK00000cc2ZEYAY","Company__r":{"Name":"テスト 廣川","Id":"001BK00000cc2ZEYAY"},"JobCategory1__c":"専門職系（コンサルタント/金融/不動産）"},"Id":"a0LBK000005sEhR2AU","LatestProcessStatus__c":"JOB打診"}|0x1ebd72a0
16:00:25.0 (118620994)|STATEMENT_EXECUTE|[24]
16:00:25.0 (118622339)|STATEMENT_EXECUTE|[25]
16:00:25.0 (118632126)|HEAP_ALLOCATE|[25]|Bytes:4
16:00:25.0 (118639837)|VARIABLE_SCOPE_BEGIN|[25]|jobInfo|Map<String,ANY>|true|false
16:00:25.0 (118655066)|VARIABLE_ASSIGNMENT|[25]|jobInfo|{}|0x3fd29db1
16:00:25.0 (118657879)|STATEMENT_EXECUTE|[26]
16:00:25.0 (118662836)|HEAP_ALLOCATE|[26]|Bytes:5
16:00:25.0 (118737449)|HEAP_ALLOCATE|[EXTERNAL]|Bytes:-4
16:00:25.0 (118744715)|STATEMENT_EXECUTE|[27]
16:00:25.0 (118746714)|HEAP_ALLOCATE|[27]|Bytes:10
16:00:25.0 (118777959)|HEAP_ALLOCATE|[27]|Bytes:14
16:00:25.0 (118827646)|HEAP_ALLOCATE|[27]|Bytes:14
16:00:25.0 (118836031)|HEAP_ALLOCATE|[EXTERNAL]|Bytes:-4
16:00:25.0 (118839220)|STATEMENT_EXECUTE|[28]
16:00:25.0 (118840373)|HEAP_ALLOCATE|[28]|Bytes:11
16:00:25.0 (118890179)|HEAP_ALLOCATE|[EXTERNAL]|Bytes:-4
16:00:25.0 (118893714)|STATEMENT_EXECUTE|[29]
16:00:25.0 (118894891)|HEAP_ALLOCATE|[29]|Bytes:13
16:00:25.0 (118910434)|HEAP_ALLOCATE|[EXTERNAL]|Bytes:-4
16:00:25.0 (118914755)|STATEMENT_EXECUTE|[30]
16:00:25.0 (118916382)|HEAP_ALLOCATE|[30]|Bytes:12
16:00:25.0 (118935849)|HEAP_ALLOCATE|[EXTERNAL]|Bytes:-4
16:00:25.0 (118939893)|STATEMENT_EXECUTE|[31]
16:00:25.0 (118942050)|HEAP_ALLOCATE|[31]|Bytes:11
16:00:25.0 (119008094)|HEAP_ALLOCATE|[EXTERNAL]|Bytes:-4
16:00:25.0 (119012081)|STATEMENT_EXECUTE|[32]
16:00:25.0 (119013684)|HEAP_ALLOCATE|[32]|Bytes:14
16:00:25.0 (119037077)|HEAP_ALLOCATE|[EXTERNAL]|Bytes:-4
16:00:25.0 (119040245)|STATEMENT_EXECUTE|[33]
16:00:25.0 (119060551)|HEAP_ALLOCATE|[EXTERNAL]|Bytes:4
16:00:25.0 (119074865)|HEAP_ALLOCATE|[24]|Bytes:5
16:00:25.0 (119086313)|VARIABLE_ASSIGNMENT|[24]|process|null|
16:00:25.0 (119090923)|STATEMENT_EXECUTE|[35]
16:00:25.0 (119097053)|HEAP_ALLOCATE|[35]|Bytes:4
16:00:25.0 (119102907)|VARIABLE_SCOPE_BEGIN|[35]|result|Map<String,ANY>|true|false
16:00:25.0 (119112048)|VARIABLE_ASSIGNMENT|[35]|result|{}|0x16d841bd
16:00:25.0 (119114598)|STATEMENT_EXECUTE|[36]
16:00:25.0 (119115645)|HEAP_ALLOCATE|[36]|Bytes:8
16:00:25.0 (119125502)|HEAP_ALLOCATE|[EXTERNAL]|Bytes:-4
16:00:25.0 (119128539)|STATEMENT_EXECUTE|[37]
16:00:25.0 (119129854)|HEAP_ALLOCATE|[37]|Bytes:10
16:00:25.0 (119138980)|HEAP_ALLOCATE|[37]|Bytes:4
16:00:25.0 (119158087)|HEAP_ALLOCATE|[EXTERNAL]|Bytes:-4
16:00:25.0 (119160996)|STATEMENT_EXECUTE|[38]
16:00:25.119 (119225708)|CUMULATIVE_LIMIT_USAGE
16:00:25.119 (119225708)|LIMIT_USAGE_FOR_NS|(default)|
  Number of SOQL queries: 2 out of 100
  Number of query rows: 2 out of 50000
  Number of SOSL queries: 0 out of 20
  Number of DML statements: 0 out of 0
  Number of Publish Immediate DML: 0 out of 150
  Number of DML rows: 0 out of 10000
  Maximum CPU time: 0 out of 10000
  Maximum heap size: 0 out of 6000000
  Number of callouts: 0 out of 100
  Number of Email Invocations: 0 out of 10
  Number of future calls: 0 out of 50
  Number of queueable jobs added to the queue: 0 out of 50
  Number of Mobile Apex push calls: 0 out of 10

16:00:25.119 (119225708)|CUMULATIVE_LIMIT_USAGE_END

16:00:25.0 (119275503)|CODE_UNIT_FINISHED|OfferComponentController.getOffers()
16:00:25.0 (119461727)|CODE_UNIT_FINISHED|apex://OfferComponentController/ACTION$getOffers
16:00:25.0 (119470614)|EXECUTION_FINISHED
