66.0 APEX_CODE,FINEST;APEX_PROFILING,INFO;CALLOUT,INFO;DATA_ACCESS,INFO;DB,INFO;NBA,INFO;SYSTEM,DEBUG;VALIDATION,INFO;VISUALFORCE,INFO;WAVE,INFO;WORKFLOW,INFO
15:02:34.1 (1278722)|USER_INFO|[EXTERNAL]|0057F0000042UBb|ishibashi@hurex.co.jp.dev1|(GMT+09:00) 日本標準時 (Asia/Tokyo)|GMT+09:00
15:02:34.1 (1317355)|EXECUTION_STARTED
15:02:34.1 (1334770)|CODE_UNIT_STARTED|[EXTERNAL]|01pBK000001k7PJ|InterestedJobControllerTest.setupTestData()
15:02:34.1 (1595730)|HEAP_ALLOCATE|[95]|Bytes:3
15:02:34.1 (1672509)|HEAP_ALLOCATE|[100]|Bytes:152
15:02:34.1 (1686474)|HEAP_ALLOCATE|[417]|Bytes:408
15:02:34.1 (1698208)|HEAP_ALLOCATE|[430]|Bytes:408
15:02:34.1 (1719514)|HEAP_ALLOCATE|[317]|Bytes:6
15:02:34.1 (1730009)|HEAP_ALLOCATE|[EXTERNAL]|Bytes:126
15:02:34.1 (1740584)|METHOD_ENTRY|[2]|01pBK000001k7PJ|InterestedJobControllerTest.InterestedJobControllerTest()
15:02:34.1 (1744733)|STATEMENT_EXECUTE|[2]
15:02:34.1 (1750539)|STATEMENT_EXECUTE|[2]
15:02:34.1 (1769435)|HEAP_ALLOCATE|[68]|Bytes:5
15:02:34.1 (1792904)|HEAP_ALLOCATE|[74]|Bytes:5
15:02:34.1 (1798270)|HEAP_ALLOCATE|[82]|Bytes:7
15:02:34.1 (4394852)|SYSTEM_MODE_ENTER|false
15:02:34.1 (4427726)|HEAP_ALLOCATE|[EXTERNAL]|Bytes:5
15:02:34.1 (4441277)|SYSTEM_MODE_EXIT|false
15:02:34.1 (4461060)|METHOD_EXIT|[2]|InterestedJobControllerTest
15:02:34.1 (4530366)|SYSTEM_MODE_ENTER|false
15:02:34.1 (4535586)|HEAP_ALLOCATE|[7]|Bytes:5
15:02:34.1 (4540444)|STATEMENT_EXECUTE|[5]
15:02:34.1 (4542293)|STATEMENT_EXECUTE|[7]
15:02:34.1 (4641697)|HEAP_ALLOCATE|[7]|Bytes:4
15:02:34.1 (4742170)|HEAP_ALLOCATE|[7]|Bytes:5
15:02:34.1 (4857488)|VARIABLE_ASSIGNMENT|[7]|this.Name|"テスト企業"|0x39af311a
15:02:34.1 (4886540)|VARIABLE_SCOPE_BEGIN|[7]|acc|Account|true|false
15:02:34.1 (4902792)|VARIABLE_ASSIGNMENT|[7]|acc|{"Name":"テスト企業"}|0x39af311a
15:02:34.1 (4906425)|STATEMENT_EXECUTE|[8]
15:02:34.1 (4942473)|HEAP_ALLOCATE|[8]|Bytes:8
15:02:34.1 (4956758)|DML_BEGIN|[8]|Op:Insert|Type:Account|Rows:1
15:02:34.1 (4994782)|HEAP_ALLOCATE|[EXTERNAL]|Bytes:8
15:02:34.1 (884419645)|CODE_UNIT_STARTED|[EXTERNAL]|Flow:Account
15:02:34.1 (884454066)|CODE_UNIT_FINISHED|Flow:Account
15:02:34.923 (923488034)|HEAP_ALLOCATE|[EXTERNAL]|Bytes:8
15:02:34.923 (924851547)|HEAP_ALLOCATE|[EXTERNAL]|Bytes:4
15:02:34.923 (924876890)|VARIABLE_SCOPE_BEGIN|[1]|this|pi.LogAccountChange|true|false
15:02:34.923 (924945139)|VARIABLE_ASSIGNMENT|[1]|this|{}|0x3245c5e1
15:02:34.923 (934780333)|DML_BEGIN|[16]|Op:Insert|Type:pi__Trigger_Settings__c|Rows:1
15:02:34.923 (998510022)|DML_END|[16]
15:02:35.34 (1034412356)|CUMULATIVE_LIMIT_USAGE
15:02:35.34 (1034412356)|LIMIT_USAGE_FOR_NS|(default)|
  Number of SOQL queries: 0 out of 100
  Number of query rows: 0 out of 50000
  Number of SOSL queries: 0 out of 20
  Number of DML statements: 1 out of 150
  Number of Publish Immediate DML: 0 out of 150
  Number of DML rows: 1 out of 10000
  Maximum CPU time: 0 out of 10000
  Maximum heap size: 0 out of 6000000
  Number of callouts: 0 out of 100
  Number of Email Invocations: 0 out of 10
  Number of future calls: 0 out of 50
  Number of queueable jobs added to the queue: 0 out of 50
  Number of Mobile Apex push calls: 0 out of 10

15:02:35.34 (1034412356)|LIMIT_USAGE_FOR_NS|pi|
  Number of SOQL queries: 0 out of 100
  Number of query rows: 0 out of 50000
  Number of SOSL queries: 0 out of 20
  Number of DML statements: 1 out of 150
  Number of Publish Immediate DML: 0 out of 150
  Number of DML rows: 1 out of 10000
  Maximum CPU time: 0 out of 10000
  Maximum heap size: 0 out of 6000000
  Number of callouts: 0 out of 100
  Number of Email Invocations: 0 out of 10
  Number of future calls: 0 out of 50
  Number of queueable jobs added to the queue: 0 out of 50
  Number of Mobile Apex push calls: 0 out of 10

15:02:35.34 (1034412356)|CUMULATIVE_LIMIT_USAGE_END

15:02:35.830 (1830745578)|HEAP_ALLOCATE|[EXTERNAL]|Bytes:8
15:02:35.830 (1830914646)|HEAP_ALLOCATE|[EXTERNAL]|Bytes:4
15:02:35.830 (1830932013)|VARIABLE_SCOPE_BEGIN|[1]|this|pi.LogAccountChange|true|false
15:02:35.830 (1830998593)|VARIABLE_ASSIGNMENT|[1]|this|{}|0x3a2733b
15:02:35.839 (1839045791)|CUMULATIVE_LIMIT_USAGE
15:02:35.839 (1839045791)|LIMIT_USAGE_FOR_NS|(default)|
  Number of SOQL queries: 0 out of 100
  Number of query rows: 0 out of 50000
  Number of SOSL queries: 0 out of 20
  Number of DML statements: 1 out of 150
  Number of Publish Immediate DML: 0 out of 150
  Number of DML rows: 1 out of 10000
  Maximum CPU time: 52 out of 10000
  Maximum heap size: 0 out of 6000000
  Number of callouts: 0 out of 100
  Number of Email Invocations: 0 out of 10
  Number of future calls: 0 out of 50
  Number of queueable jobs added to the queue: 0 out of 50
  Number of Mobile Apex push calls: 0 out of 10

15:02:35.839 (1839045791)|LIMIT_USAGE_FOR_NS|pi|
  Number of SOQL queries: 0 out of 100
  Number of query rows: 0 out of 50000
  Number of SOSL queries: 0 out of 20
  Number of DML statements: 1 out of 150
  Number of Publish Immediate DML: 0 out of 150
  Number of DML rows: 1 out of 10000
  Maximum CPU time: 0 out of 10000
  Maximum heap size: 0 out of 6000000
  Number of callouts: 0 out of 100
  Number of Email Invocations: 0 out of 10
  Number of future calls: 0 out of 50
  Number of queueable jobs added to the queue: 0 out of 50
  Number of Mobile Apex push calls: 0 out of 10

15:02:35.839 (1839045791)|CUMULATIVE_LIMIT_USAGE_END

15:02:35.854 (1854702799)|CODE_UNIT_STARTED|[EXTERNAL]|Flow:Account
15:02:35.854 (1854868521)|CODE_UNIT_FINISHED|Flow:Account
15:02:35.854 (1857452189)|CODE_UNIT_STARTED|[EXTERNAL]|Flow:Account
15:02:35.854 (1857470399)|CODE_UNIT_FINISHED|Flow:Account
15:02:35.854 (1891637949)|DML_END|[8]
15:02:35.854 (1892727219)|STATEMENT_EXECUTE|[11]
15:02:35.854 (1892800724)|HEAP_ALLOCATE|[11]|Bytes:4
15:02:35.854 (1893072392)|VARIABLE_ASSIGNMENT|[11]|this.Company__c|"001BK00000gPnOsYAK"|0x7ddc299b
15:02:35.854 (1893081113)|HEAP_ALLOCATE|[13]|Bytes:3
15:02:35.854 (1893106860)|VARIABLE_ASSIGNMENT|[11]|this.Name|"求人1"|0x7ddc299b
15:02:35.854 (1893112233)|HEAP_ALLOCATE|[14]|Bytes:12
15:02:35.854 (1893122176)|VARIABLE_ASSIGNMENT|[11]|this.JobPosition__c|"エンジニア／福利厚生充実"|0x7ddc299b
15:02:35.854 (1893125579)|HEAP_ALLOCATE|[15]|Bytes:10
15:02:35.854 (1893134886)|VARIABLE_ASSIGNMENT|[11]|this.JobDescription__c|"ソフトウェア開発業務"|0x7ddc299b
15:02:35.854 (1893175644)|HEAP_ALLOCATE|[11]|Bytes:28
15:02:35.854 (1893191706)|VARIABLE_ASSIGNMENT|[11]|this.MinAnnualSalary__c|500|0x7ddc299b
15:02:35.854 (1893195846)|HEAP_ALLOCATE|[11]|Bytes:28
15:02:35.854 (1893204948)|VARIABLE_ASSIGNMENT|[11]|this.MaxAnnualSalary__c|700|0x7ddc299b
15:02:35.854 (1893207806)|HEAP_ALLOCATE|[18]|Bytes:6
15:02:35.854 (1893216096)|VARIABLE_ASSIGNMENT|[11]|this.WorkLocation2__c|"東京都渋谷区"|0x7ddc299b
15:02:35.854 (1893219181)|HEAP_ALLOCATE|[19]|Bytes:18
15:02:35.854 (1893228295)|VARIABLE_ASSIGNMENT|[11]|this.JobCategory1__c|"IT系（ソフトウェア/ネットワーク）"|0x7ddc299b
15:02:35.854 (1893231886)|HEAP_ALLOCATE|[20]|Bytes:4
15:02:35.854 (1893240205)|VARIABLE_ASSIGNMENT|[11]|this.LatestPhase__c|"オープン"|0x7ddc299b
15:02:35.854 (1893243246)|HEAP_ALLOCATE|[21]|Bytes:10
15:02:35.854 (1893251281)|VARIABLE_ASSIGNMENT|[11]|this.JobUrgencyLevel__c|"緊急度S（積極採用）"|0x7ddc299b
15:02:35.854 (1893255253)|HEAP_ALLOCATE|[22]|Bytes:2
15:02:35.854 (1893264893)|VARIABLE_ASSIGNMENT|[11]|this.TargetGender__c|"不問"|0x7ddc299b
15:02:35.854 (1893268103)|HEAP_ALLOCATE|[23]|Bytes:3
15:02:35.854 (1893276144)|VARIABLE_ASSIGNMENT|[11]|this.EmploymentType__c|"正社員"|0x7ddc299b
15:02:35.854 (1893279313)|HEAP_ALLOCATE|[24]|Bytes:1
15:02:35.854 (1893288183)|VARIABLE_ASSIGNMENT|[11]|this.CompanyNamePublic__c|"可"|0x7ddc299b
15:02:35.854 (1893291791)|HEAP_ALLOCATE|[25]|Bytes:3
15:02:35.854 (1893299831)|VARIABLE_ASSIGNMENT|[11]|this.InputLanguage__c|"日本語"|0x7ddc299b
15:02:35.854 (1893303324)|HEAP_ALLOCATE|[26]|Bytes:2
15:02:35.854 (1893311196)|VARIABLE_ASSIGNMENT|[11]|this.WorkLocationRegion__c|"関東"|0x7ddc299b
15:02:35.854 (1893341346)|VARIABLE_SCOPE_BEGIN|[11]|job1|Job__c|true|false
15:02:35.854 (1893369018)|VARIABLE_ASSIGNMENT|[11]|job1|{"Company__c":"001BK00000gPnOsYAK","Name":"求人1","JobPosition__c":"エンジニア／福利厚生充実","JobDescription__c":"ソフトウェア開発業務","MinAnnualSalary__c":500,"MaxAnnualSalary__c":700,"WorkLocation2__c":"東京都渋谷区","JobCategory1__c":"IT系（ソフトウェア/ネットワーク）","LatestPhase__c":"オープン","JobUrgencyLevel__c":"緊急度S（積極採用）","TargetGender__c":"不問","EmploymentType__c":"正社員","CompanyNamePublic__c":"可","InputLanguage__c":"日本語","WorkLocationRegion__c":"関東"}|0x7ddc299b
15:02:35.854 (1893378270)|STATEMENT_EXECUTE|[28]
15:02:35.854 (1893386476)|HEAP_ALLOCATE|[28]|Bytes:4
15:02:35.854 (1893402227)|VARIABLE_ASSIGNMENT|[28]|this.Company__c|"001BK00000gPnOsYAK"|0xbcd5db5
15:02:35.854 (1893405065)|HEAP_ALLOCATE|[30]|Bytes:3
15:02:35.854 (1893415266)|VARIABLE_ASSIGNMENT|[28]|this.Name|"求人2"|0xbcd5db5
15:02:35.854 (1893418356)|HEAP_ALLOCATE|[31]|Bytes:8
15:02:35.854 (1893425143)|VARIABLE_ASSIGNMENT|[28]|this.JobPosition__c|"営業／未経験歓迎"|0xbcd5db5
15:02:35.854 (1893428112)|HEAP_ALLOCATE|[32]|Bytes:4
15:02:35.854 (1893434749)|VARIABLE_ASSIGNMENT|[28]|this.JobDescription__c|"法人営業"|0xbcd5db5
15:02:35.854 (1893439427)|HEAP_ALLOCATE|[28]|Bytes:28
15:02:35.854 (1893446897)|VARIABLE_ASSIGNMENT|[28]|this.MinAnnualSalary__c|400|0xbcd5db5
15:02:35.854 (1893450456)|HEAP_ALLOCATE|[28]|Bytes:28
15:02:35.854 (1893457392)|VARIABLE_ASSIGNMENT|[28]|this.MaxAnnualSalary__c|600|0xbcd5db5
15:02:35.854 (1893460037)|HEAP_ALLOCATE|[35]|Bytes:6
15:02:35.854 (1893466601)|VARIABLE_ASSIGNMENT|[28]|this.WorkLocation2__c|"大阪府大阪市"|0xbcd5db5
15:02:35.854 (1893469607)|HEAP_ALLOCATE|[36]|Bytes:3
15:02:35.854 (1893476530)|VARIABLE_ASSIGNMENT|[28]|this.JobCategory1__c|"営業系"|0xbcd5db5
15:02:35.854 (1893484285)|VARIABLE_ASSIGNMENT|[28]|this.LatestPhase__c|"オープン"|0xbcd5db5
15:02:35.854 (1893492430)|VARIABLE_ASSIGNMENT|[28]|this.JobUrgencyLevel__c|"緊急度S（積極採用）"|0xbcd5db5
15:02:35.854 (1893500590)|VARIABLE_ASSIGNMENT|[28]|this.TargetGender__c|"不問"|0xbcd5db5
15:02:35.854 (1893508865)|VARIABLE_ASSIGNMENT|[28]|this.EmploymentType__c|"正社員"|0xbcd5db5
15:02:35.854 (1893517140)|VARIABLE_ASSIGNMENT|[28]|this.CompanyNamePublic__c|"可"|0xbcd5db5
15:02:35.854 (1893525517)|VARIABLE_ASSIGNMENT|[28]|this.InputLanguage__c|"日本語"|0xbcd5db5
15:02:35.854 (1893528303)|HEAP_ALLOCATE|[43]|Bytes:2
15:02:35.854 (1893535637)|VARIABLE_ASSIGNMENT|[28]|this.WorkLocationRegion__c|"関西"|0xbcd5db5
15:02:35.854 (1893542467)|VARIABLE_SCOPE_BEGIN|[28]|job2|Job__c|true|false
15:02:35.854 (1893555060)|VARIABLE_ASSIGNMENT|[28]|job2|{"Company__c":"001BK00000gPnOsYAK","Name":"求人2","JobPosition__c":"営業／未経験歓迎","JobDescription__c":"法人営業","MinAnnualSalary__c":400,"MaxAnnualSalary__c":600,"WorkLocation2__c":"大阪府大阪市","JobCategory1__c":"営業系","LatestPhase__c":"オープン","JobUrgencyLevel__c":"緊急度S（積極採用）","TargetGender__c":"不問","EmploymentType__c":"正社員","CompanyNamePublic__c":"可","InputLanguage__c":"日本語","WorkLocationRegion__c":"関西"}|0xbcd5db5
15:02:35.854 (1893561620)|STATEMENT_EXECUTE|[45]
15:02:35.854 (1893596933)|HEAP_ALLOCATE|[45]|Bytes:4
15:02:35.854 (1893706819)|HEAP_ALLOCATE|[EXTERNAL]|Bytes:12
15:02:35.854 (1893751788)|DML_BEGIN|[45]|Op:Insert|Type:Job__c|Rows:2
15:02:35.854 (1893795203)|HEAP_ALLOCATE|[EXTERNAL]|Bytes:12
15:02:35.854 (2454337055)|DML_END|[45]
15:02:35.854 (2455584949)|HEAP_ALLOCATE|[EXTERNAL]|Bytes:12
15:02:35.854 (2455624748)|STATEMENT_EXECUTE|[48]
15:02:35.854 (2455725350)|HEAP_ALLOCATE|[48]|Bytes:4
15:02:35.854 (2455859387)|VARIABLE_SCOPE_BEGIN|[48]|interestedList|List<InterestedJob__c>|true|false
15:02:35.854 (2455876358)|HEAP_ALLOCATE|[EXTERNAL]|Bytes:4
15:02:35.854 (2455924003)|VARIABLE_ASSIGNMENT|[48]|interestedList|[]|0x2edf42a9
15:02:35.854 (2455931328)|STATEMENT_EXECUTE|[49]
15:02:35.854 (2455961649)|HEAP_ALLOCATE|[49]|Bytes:4
15:02:35.854 (2456202592)|VARIABLE_ASSIGNMENT|[49]|this.Job__c|"a0KBK00000ImFwr2AF"|0x3dff0ae3
15:02:35.854 (2456236265)|VARIABLE_ASSIGNMENT|[49]|this.IsArchive__c|false|0x3dff0ae3
15:02:35.854 (2456329443)|HEAP_ALLOCATE|[EXTERNAL]|Bytes:4
15:02:35.854 (2456339102)|STATEMENT_EXECUTE|[50]
15:02:35.854 (2456354832)|HEAP_ALLOCATE|[50]|Bytes:4
15:02:35.854 (2456382499)|VARIABLE_ASSIGNMENT|[50]|this.Job__c|"a0KBK00000ImFws2AF"|0x384184ff
15:02:35.854 (2456397633)|VARIABLE_ASSIGNMENT|[50]|this.IsArchive__c|false|0x384184ff
15:02:35.854 (2456421637)|HEAP_ALLOCATE|[EXTERNAL]|Bytes:4
15:02:35.854 (2456427575)|STATEMENT_EXECUTE|[52]
15:02:35.854 (2456435552)|HEAP_ALLOCATE|[52]|Bytes:4
15:02:35.854 (2456454961)|VARIABLE_ASSIGNMENT|[52]|this.Job__c|"a0KBK00000ImFwr2AF"|0x1db1a6d2
15:02:35.854 (2456468432)|VARIABLE_ASSIGNMENT|[52]|this.IsArchive__c|true|0x1db1a6d2
15:02:35.854 (2456488371)|HEAP_ALLOCATE|[EXTERNAL]|Bytes:4
15:02:35.854 (2456493586)|STATEMENT_EXECUTE|[53]
15:02:35.854 (2456549241)|DML_BEGIN|[53]|Op:Insert|Type:InterestedJob__c|Rows:3
15:02:35.854 (2456683678)|HEAP_ALLOCATE|[EXTERNAL]|Bytes:16
15:02:35.854 (2534086869)|DML_END|[53]
15:02:35.854 (2535266515)|HEAP_ALLOCATE|[EXTERNAL]|Bytes:16
15:02:35.854 (2535302142)|SYSTEM_MODE_EXIT|false
15:02:36.535 (2535328651)|CUMULATIVE_LIMIT_USAGE
15:02:36.535 (2535328651)|LIMIT_USAGE_FOR_NS|(default)|
  Number of SOQL queries: 0 out of 100
  Number of query rows: 0 out of 50000
  Number of SOSL queries: 0 out of 20
  Number of DML statements: 3 out of 150
  Number of Publish Immediate DML: 0 out of 150
  Number of DML rows: 6 out of 10000
  Maximum CPU time: 52 out of 10000
  Maximum heap size: 0 out of 6000000
  Number of callouts: 0 out of 100
  Number of Email Invocations: 0 out of 10
  Number of future calls: 0 out of 50
  Number of queueable jobs added to the queue: 0 out of 50
  Number of Mobile Apex push calls: 0 out of 10

15:02:36.535 (2535328651)|LIMIT_USAGE_FOR_NS|pi|
  Number of SOQL queries: 0 out of 100
  Number of query rows: 0 out of 50000
  Number of SOSL queries: 0 out of 20
  Number of DML statements: 1 out of 150
  Number of Publish Immediate DML: 0 out of 150
  Number of DML rows: 1 out of 10000
  Maximum CPU time: 0 out of 10000
  Maximum heap size: 0 out of 6000000
  Number of callouts: 0 out of 100
  Number of Email Invocations: 0 out of 10
  Number of future calls: 0 out of 50
  Number of queueable jobs added to the queue: 0 out of 50
  Number of Mobile Apex push calls: 0 out of 10

15:02:36.535 (2535328651)|CUMULATIVE_LIMIT_USAGE_END

15:02:35.854 (2535380030)|CODE_UNIT_FINISHED|InterestedJobControllerTest.setupTestData()
15:02:35.854 (2535389090)|EXECUTION_FINISHED
15:02:36.571 (2571345016)|USER_INFO|[EXTERNAL]|0057F0000042UBb|ishibashi@hurex.co.jp.dev1|(GMT+09:00) 日本標準時 (Asia/Tokyo)|GMT+09:00
15:02:36.571 (2571373349)|EXECUTION_STARTED
15:02:36.571 (2571387701)|CODE_UNIT_STARTED|[EXTERNAL]|01pBK000001k7PJ|InterestedJobControllerTest.testArchiveBulkJobs()
15:02:36.571 (2571588785)|HEAP_ALLOCATE|[95]|Bytes:3
15:02:36.571 (2571642776)|HEAP_ALLOCATE|[100]|Bytes:152
15:02:36.571 (2571660396)|HEAP_ALLOCATE|[417]|Bytes:408
15:02:36.571 (2571678661)|HEAP_ALLOCATE|[430]|Bytes:408
15:02:36.571 (2571706839)|HEAP_ALLOCATE|[317]|Bytes:6
15:02:36.571 (2571720193)|HEAP_ALLOCATE|[EXTERNAL]|Bytes:126
15:02:36.571 (2571733409)|METHOD_ENTRY|[2]|01pBK000001k7PJ|InterestedJobControllerTest.InterestedJobControllerTest()
15:02:36.571 (2571739081)|STATEMENT_EXECUTE|[2]
15:02:36.571 (2571746215)|STATEMENT_EXECUTE|[2]
15:02:36.571 (2574449438)|SYSTEM_MODE_ENTER|false
15:02:36.571 (2574512717)|HEAP_ALLOCATE|[68]|Bytes:5
15:02:36.571 (2574551760)|HEAP_ALLOCATE|[74]|Bytes:5
15:02:36.571 (2574558708)|HEAP_ALLOCATE|[82]|Bytes:7
15:02:36.571 (2574571840)|HEAP_ALLOCATE|[EXTERNAL]|Bytes:5
15:02:36.571 (2574579520)|SYSTEM_MODE_EXIT|false
15:02:36.571 (2574591220)|METHOD_EXIT|[2]|InterestedJobControllerTest
15:02:36.571 (2574635437)|SYSTEM_MODE_ENTER|false
15:02:36.571 (2574638237)|HEAP_ALLOCATE|[93]|Bytes:5
15:02:36.571 (2574641618)|STATEMENT_EXECUTE|[91]
15:02:36.571 (2574643315)|STATEMENT_EXECUTE|[93]
15:02:36.571 (2574645284)|HEAP_ALLOCATE|[93]|Bytes:72
15:02:36.571 (2574666160)|HEAP_ALLOCATE|[93]|Bytes:4
15:02:36.571 (2575091220)|SOQL_EXECUTE_BEGIN|[93]|Aggregations:0|SELECT Id, IsArchive__c FROM InterestedJob__c WHERE IsArchive__c = FALSE
15:02:36.571 (2601010700)|SOQL_EXECUTE_END|[93]|Rows:2
15:02:36.571 (2601044314)|HEAP_ALLOCATE|[93]|Bytes:12
15:02:36.571 (2601066784)|HEAP_ALLOCATE|[93]|Bytes:98
15:02:36.571 (2601117409)|HEAP_ALLOCATE|[93]|Bytes:12
15:02:36.571 (2601137784)|VARIABLE_SCOPE_BEGIN|[93]|targets|List<InterestedJob__c>|true|false
15:02:36.571 (2601246319)|VARIABLE_ASSIGNMENT|[93]|targets|[{"IsArchive__c":false,"Id":"a0OBK000005FlJt2AK"},{"IsArchive__c":false,"Id":"a0OBK000005FlJu2AK"}]|0xa366aef
15:02:36.571 (2601253940)|STATEMENT_EXECUTE|[94]
15:02:36.571 (2601308459)|HEAP_ALLOCATE|[94]|Bytes:19
15:02:36.571 (2601368769)|HEAP_ALLOCATE|[94]|Bytes:51
15:02:36.571 (2601389061)|SYSTEM_METHOD_ENTRY|[4]|Assert.Assert()
15:02:36.571 (2601392401)|STATEMENT_EXECUTE|[4]
15:02:36.571 (2601401213)|SYSTEM_METHOD_EXIT|[4]|Assert
15:02:36.571 (2601441295)|METHOD_ENTRY|[94]||System.Assert.areEqual(Object, Object, String)
15:02:36.571 (2601506873)|METHOD_EXIT|[94]||System.Assert.areEqual(Object, Object, String)
15:02:36.571 (2601509271)|STATEMENT_EXECUTE|[96]
15:02:36.571 (2601521080)|HEAP_ALLOCATE|[96]|Bytes:4
15:02:36.571 (2601545849)|VARIABLE_SCOPE_BEGIN|[96]|jobIds|List<Id>|true|false
15:02:36.571 (2601567562)|HEAP_ALLOCATE|[EXTERNAL]|Bytes:4
15:02:36.571 (2601575102)|VARIABLE_ASSIGNMENT|[96]|jobIds|[]|0x7108c752
15:02:36.571 (2601682240)|HEAP_ALLOCATE|[97]|Bytes:5
15:02:36.571 (2601702035)|HEAP_ALLOCATE|[97]|Bytes:12
15:02:36.571 (2601708290)|VARIABLE_SCOPE_BEGIN|[97]|rec|InterestedJob__c|true|false
15:02:36.571 (2601741270)|VARIABLE_ASSIGNMENT|[97]|rec|{"IsArchive__c":false,"Id":"a0OBK000005FlJt2AK"}|0x5cea7571
15:02:36.571 (2601745210)|STATEMENT_EXECUTE|[97]
15:02:36.571 (2601746211)|STATEMENT_EXECUTE|[98]
15:02:36.571 (2601786541)|HEAP_ALLOCATE|[EXTERNAL]|Bytes:4
15:02:36.571 (2601794525)|HEAP_ALLOCATE|[97]|Bytes:5
15:02:36.571 (2601799311)|HEAP_ALLOCATE|[97]|Bytes:12
15:02:36.571 (2601802067)|VARIABLE_SCOPE_BEGIN|[97]|rec|InterestedJob__c|true|false
15:02:36.571 (2601816957)|VARIABLE_ASSIGNMENT|[97]|rec|{"IsArchive__c":false,"Id":"a0OBK000005FlJu2AK"}|0x6bef0be9
15:02:36.571 (2601820026)|STATEMENT_EXECUTE|[97]
15:02:36.571 (2601820924)|STATEMENT_EXECUTE|[98]
15:02:36.571 (2601826023)|HEAP_ALLOCATE|[EXTERNAL]|Bytes:4
15:02:36.571 (2601831068)|HEAP_ALLOCATE|[97]|Bytes:5
15:02:36.571 (2601836517)|VARIABLE_ASSIGNMENT|[97]|rec|null|
15:02:36.571 (2601840686)|STATEMENT_EXECUTE|[101]
15:02:36.571 (2601874427)|HEAP_ALLOCATE|[101]|Bytes:118
15:02:36.571 (2601883951)|SYSTEM_METHOD_ENTRY|[1]|Test.Test()
15:02:36.571 (2601885744)|STATEMENT_EXECUTE|[1]
15:02:36.571 (2601889978)|SYSTEM_METHOD_EXIT|[1]|Test
15:02:36.571 (2601899410)|METHOD_ENTRY|[101]||System.Test.startTest()
15:02:36.571 (2604236202)|METHOD_EXIT|[101]||System.Test.startTest()
15:02:36.571 (2604244455)|STATEMENT_EXECUTE|[102]
15:02:36.571 (2604317290)|HEAP_ALLOCATE|[102]|Bytes:7
15:02:36.571 (2604330101)|METHOD_ENTRY|[1]|01pBK000001YhEr|InterestedJobController.InterestedJobController()
15:02:36.571 (2604332702)|STATEMENT_EXECUTE|[1]
15:02:36.571 (2604335628)|STATEMENT_EXECUTE|[1]
15:02:36.571 (2604343376)|HEAP_ALLOCATE|[102]|Bytes:5
15:02:36.571 (2604350184)|METHOD_EXIT|[1]|InterestedJobController
15:02:36.571 (2604377245)|METHOD_ENTRY|[102]|01pBK000001YhEr|InterestedJobController.archiveBulkJobs(List<Id>)
15:02:36.571 (2604400256)|VARIABLE_SCOPE_BEGIN|[40]|jobIds|List<Id>|true|false
15:02:36.571 (2604415498)|VARIABLE_ASSIGNMENT|[40]|jobIds|["a0OBK000005FlJt2AK","a0OBK000005FlJu2AK"]|0x7108c752
15:02:36.571 (2604425066)|HEAP_ALLOCATE|[41]|Bytes:5
15:02:36.571 (2604427974)|STATEMENT_EXECUTE|[40]
15:02:36.571 (2604428964)|STATEMENT_EXECUTE|[41]
15:02:36.571 (2604430916)|HEAP_ALLOCATE|[41]|Bytes:52
15:02:36.571 (2604443717)|HEAP_ALLOCATE|[41]|Bytes:4
15:02:36.571 (2604450621)|HEAP_ALLOCATE|[41]|Bytes:7
15:02:36.571 (2604982490)|SOQL_EXECUTE_BEGIN|[41]|Aggregations:0|SELECT Id FROM InterestedJob__c WHERE Id IN :tmpVar1
15:02:36.571 (2620474209)|SOQL_EXECUTE_END|[41]|Rows:2
15:02:36.571 (2620517988)|HEAP_ALLOCATE|[41]|Bytes:12
15:02:36.571 (2620546014)|HEAP_ALLOCATE|[41]|Bytes:58
15:02:36.571 (2620602436)|HEAP_ALLOCATE|[41]|Bytes:12
15:02:36.571 (2620663140)|VARIABLE_SCOPE_BEGIN|[41]|jobs|List<InterestedJob__c>|true|false
15:02:36.571 (2620761583)|VARIABLE_ASSIGNMENT|[41]|jobs|[{"Id":"a0OBK000005FlJt2AK"},{"Id":"a0OBK000005FlJu2AK"}]|0x6f9b0d07
15:02:36.571 (2620857834)|HEAP_ALLOCATE|[42]|Bytes:5
15:02:36.571 (2620881273)|HEAP_ALLOCATE|[42]|Bytes:8
15:02:36.571 (2620891348)|VARIABLE_SCOPE_BEGIN|[42]|job|InterestedJob__c|true|false
15:02:36.571 (2620918292)|VARIABLE_ASSIGNMENT|[42]|job|{"Id":"a0OBK000005FlJt2AK"}|0x6ef45d70
15:02:36.571 (2620924941)|STATEMENT_EXECUTE|[42]
15:02:36.571 (2620926674)|STATEMENT_EXECUTE|[43]
15:02:36.571 (2621009261)|HEAP_ALLOCATE|[43]|Bytes:-4
15:02:36.571 (2621035271)|VARIABLE_ASSIGNMENT|[43]|this.IsArchive__c|true|0x6ef45d70
15:02:36.571 (2621049129)|HEAP_ALLOCATE|[42]|Bytes:5
15:02:36.571 (2621059062)|HEAP_ALLOCATE|[42]|Bytes:8
15:02:36.571 (2621064436)|VARIABLE_SCOPE_BEGIN|[42]|job|InterestedJob__c|true|false
15:02:36.571 (2621085786)|VARIABLE_ASSIGNMENT|[42]|job|{"Id":"a0OBK000005FlJu2AK"}|0x62770b33
15:02:36.571 (2621090948)|STATEMENT_EXECUTE|[42]
15:02:36.571 (2621092260)|STATEMENT_EXECUTE|[43]
15:02:36.571 (2621112792)|HEAP_ALLOCATE|[43]|Bytes:-4
15:02:36.571 (2621120456)|VARIABLE_ASSIGNMENT|[43]|this.IsArchive__c|true|0x62770b33
15:02:36.571 (2621129878)|HEAP_ALLOCATE|[42]|Bytes:5
15:02:36.571 (2621138296)|VARIABLE_ASSIGNMENT|[42]|job|null|
15:02:36.571 (2621143722)|STATEMENT_EXECUTE|[45]
15:02:36.571 (2621218458)|DML_BEGIN|[45]|Op:Update|Type:InterestedJob__c|Rows:2
15:02:36.571 (2621260566)|HEAP_ALLOCATE|[EXTERNAL]|Bytes:12
15:02:36.571 (2658915111)|DML_END|[45]
15:02:36.571 (2659991676)|HEAP_ALLOCATE|[EXTERNAL]|Bytes:12
15:02:36.571 (2660037682)|METHOD_EXIT|[102]|01pBK000001YhEr|InterestedJobController.archiveBulkJobs(List<Id>)
15:02:36.571 (2660047649)|STATEMENT_EXECUTE|[103]
15:02:36.571 (2660089209)|METHOD_ENTRY|[103]||System.Test.stopTest()
15:02:36.571 (2660231174)|METHOD_EXIT|[103]||System.Test.stopTest()
15:02:36.571 (2660234112)|STATEMENT_EXECUTE|[106]
15:02:36.571 (2660240102)|HEAP_ALLOCATE|[106]|Bytes:66
15:02:36.571 (2660265247)|HEAP_ALLOCATE|[106]|Bytes:4
15:02:36.571 (2660800325)|SOQL_EXECUTE_BEGIN|[106]|Aggregations:0|SELECT Id, IsArchive__c FROM InterestedJob__c WHERE Id IN :tmpVar1
15:02:36.571 (2667259050)|SOQL_EXECUTE_END|[106]|Rows:2
15:02:36.571 (2667298919)|HEAP_ALLOCATE|[106]|Bytes:12
15:02:36.571 (2667325664)|HEAP_ALLOCATE|[106]|Bytes:98
15:02:36.571 (2667384479)|HEAP_ALLOCATE|[106]|Bytes:12
15:02:36.571 (2667408439)|VARIABLE_SCOPE_BEGIN|[106]|updatedList|List<InterestedJob__c>|true|false
15:02:36.571 (2667527548)|VARIABLE_ASSIGNMENT|[106]|updatedList|[{"IsArchive__c":true,"Id":"a0OBK000005FlJt2AK"},{"IsArchive__c":true,"Id":"a0OBK000005FlJu2AK"}]|0x125666db
15:02:36.571 (2667608265)|HEAP_ALLOCATE|[107]|Bytes:5
15:02:36.571 (2667625760)|HEAP_ALLOCATE|[107]|Bytes:12
15:02:36.571 (2667634635)|VARIABLE_SCOPE_BEGIN|[107]|rec|InterestedJob__c|true|false
15:02:36.571 (2667651959)|VARIABLE_ASSIGNMENT|[107]|rec|{"IsArchive__c":true,"Id":"a0OBK000005FlJt2AK"}|0x159848c5
15:02:36.571 (2667657041)|STATEMENT_EXECUTE|[107]
15:02:36.571 (2667658154)|STATEMENT_EXECUTE|[108]
15:02:36.571 (2667682581)|HEAP_ALLOCATE|[108]|Bytes:25
15:02:36.571 (2667718417)|METHOD_ENTRY|[108]||System.Assert.isTrue(Boolean, String)
15:02:36.571 (2667825291)|METHOD_EXIT|[108]||System.Assert.isTrue(Boolean, String)
15:02:36.571 (2667832138)|HEAP_ALLOCATE|[107]|Bytes:5
15:02:36.571 (2667837871)|HEAP_ALLOCATE|[107]|Bytes:12
15:02:36.571 (2667841072)|VARIABLE_SCOPE_BEGIN|[107]|rec|InterestedJob__c|true|false
15:02:36.571 (2667859338)|VARIABLE_ASSIGNMENT|[107]|rec|{"IsArchive__c":true,"Id":"a0OBK000005FlJu2AK"}|0x11a5b173
15:02:36.571 (2667862873)|STATEMENT_EXECUTE|[107]
15:02:36.571 (2667863730)|STATEMENT_EXECUTE|[108]
15:02:36.571 (2667869321)|METHOD_ENTRY|[108]||System.Assert.isTrue(Boolean, String)
15:02:36.571 (2667881384)|METHOD_EXIT|[108]||System.Assert.isTrue(Boolean, String)
15:02:36.571 (2667885228)|HEAP_ALLOCATE|[107]|Bytes:5
15:02:36.571 (2667890646)|VARIABLE_ASSIGNMENT|[107]|rec|null|
15:02:36.571 (2667894357)|STATEMENT_EXECUTE|[112]
15:02:36.571 (2667899971)|METHOD_ENTRY|[112]|01pBK000001YhEr|InterestedJobController.getInterestedJobs()
15:02:36.571 (2667916228)|HEAP_ALLOCATE|[10]|Bytes:5
15:02:36.571 (2667918470)|STATEMENT_EXECUTE|[9]
15:02:36.571 (2667919511)|STATEMENT_EXECUTE|[10]
15:02:36.571 (2667921027)|HEAP_ALLOCATE|[10]|Bytes:327
15:02:36.571 (2667936056)|HEAP_ALLOCATE|[10]|Bytes:4
15:02:36.571 (2668672989)|SOQL_EXECUTE_BEGIN|[10]|Aggregations:0|SELECT Id, Job__c, LastModifiedDate, Job__r.JobPosition__c, Job__r.JobDescription__c, Job__r.MinAnnualSalary__c, Job__r.MaxAnnualSalary__c, Job__r.WorkLocation2__c, Job__r.JobCategory1__c, Job__r.LastModifiedDate, Job__r.LastViewedDate FROM InterestedJob__c WHERE IsArchive__c = FALSE ORDER BY LastModifiedDate DESC NULLS FIRST
15:02:36.571 (2692350644)|SOQL_EXECUTE_END|[10]|Rows:0
15:02:36.571 (2692402600)|HEAP_ALLOCATE|[10]|Bytes:4
15:02:36.571 (2692423783)|HEAP_ALLOCATE|[10]|Bytes:0
15:02:36.571 (2692486730)|HEAP_ALLOCATE|[10]|Bytes:4
15:02:36.571 (2692523577)|METHOD_EXIT|[112]|01pBK000001YhEr|InterestedJobController.getInterestedJobs()
15:02:36.571 (2692536124)|VARIABLE_SCOPE_BEGIN|[112]|remaining|List<InterestedJob__c>|true|false
15:02:36.571 (2692558661)|VARIABLE_ASSIGNMENT|[112]|remaining|[]|0x74a2e0e2
15:02:36.571 (2692564444)|STATEMENT_EXECUTE|[113]
15:02:36.571 (2692644089)|HEAP_ALLOCATE|[113]|Bytes:23
15:02:36.571 (2692656688)|METHOD_ENTRY|[113]||System.Assert.areEqual(Object, Object, String)
15:02:36.571 (2692707374)|METHOD_EXIT|[113]||System.Assert.areEqual(Object, Object, String)
15:02:36.571 (2692711329)|SYSTEM_MODE_EXIT|false
15:02:36.692 (2692729128)|CUMULATIVE_LIMIT_USAGE
15:02:36.692 (2692729128)|LIMIT_USAGE_FOR_NS|(default)|
  Number of SOQL queries: 3 out of 100
  Number of query rows: 4 out of 50000
  Number of SOSL queries: 0 out of 20
  Number of DML statements: 3 out of 150
  Number of Publish Immediate DML: 0 out of 150
  Number of DML rows: 6 out of 10000
  Maximum CPU time: 52 out of 10000
  Maximum heap size: 0 out of 6000000
  Number of callouts: 0 out of 100
  Number of Email Invocations: 0 out of 10
  Number of future calls: 0 out of 50
  Number of queueable jobs added to the queue: 0 out of 50
  Number of Mobile Apex push calls: 0 out of 10

15:02:36.692 (2692729128)|LIMIT_USAGE_FOR_NS|pi|
  Number of SOQL queries: 0 out of 100
  Number of query rows: 0 out of 50000
  Number of SOSL queries: 0 out of 20
  Number of DML statements: 1 out of 150
  Number of Publish Immediate DML: 0 out of 150
  Number of DML rows: 1 out of 10000
  Maximum CPU time: 0 out of 10000
  Maximum heap size: 0 out of 6000000
  Number of callouts: 0 out of 100
  Number of Email Invocations: 0 out of 10
  Number of future calls: 0 out of 50
  Number of queueable jobs added to the queue: 0 out of 50
  Number of Mobile Apex push calls: 0 out of 10

15:02:36.692 (2692729128)|TESTING_LIMITS
15:02:36.692 (2692729128)|LIMIT_USAGE_FOR_NS|(default)|
  Number of SOQL queries: 1 out of 100
  Number of query rows: 2 out of 50000
  Number of SOSL queries: 0 out of 20
  Number of DML statements: 1 out of 150
  Number of Publish Immediate DML: 0 out of 150
  Number of DML rows: 2 out of 10000
  Maximum CPU time: 0 out of 10000
  Maximum heap size: 0 out of 6000000
  Number of callouts: 0 out of 100
  Number of Email Invocations: 0 out of 10
  Number of future calls: 0 out of 50
  Number of queueable jobs added to the queue: 0 out of 50
  Number of Mobile Apex push calls: 0 out of 10

15:02:36.692 (2692729128)|CUMULATIVE_LIMIT_USAGE_END

15:02:36.571 (2692774205)|CODE_UNIT_FINISHED|InterestedJobControllerTest.testArchiveBulkJobs()
15:02:36.571 (2692781550)|EXECUTION_FINISHED
15:02:37.260 (3260357549)|USER_INFO|[EXTERNAL]|0057F0000042UBb|ishibashi@hurex.co.jp.dev1|(GMT+09:00) 日本標準時 (Asia/Tokyo)|GMT+09:00
15:02:37.260 (3260391367)|EXECUTION_STARTED
15:02:37.260 (3260423883)|CODE_UNIT_STARTED|[EXTERNAL]|01pBK000001k7PJ|InterestedJobControllerTest.testArchiveSingleJob()
15:02:37.260 (3260693424)|HEAP_ALLOCATE|[95]|Bytes:3
15:02:37.260 (3260757456)|HEAP_ALLOCATE|[100]|Bytes:152
15:02:37.260 (3260794906)|HEAP_ALLOCATE|[417]|Bytes:408
15:02:37.260 (3260815992)|HEAP_ALLOCATE|[430]|Bytes:408
15:02:37.260 (3260863006)|HEAP_ALLOCATE|[317]|Bytes:6
15:02:37.260 (3260878487)|HEAP_ALLOCATE|[EXTERNAL]|Bytes:126
15:02:37.260 (3260892426)|METHOD_ENTRY|[2]|01pBK000001k7PJ|InterestedJobControllerTest.InterestedJobControllerTest()
15:02:37.260 (3260898182)|STATEMENT_EXECUTE|[2]
15:02:37.260 (3260905846)|STATEMENT_EXECUTE|[2]
15:02:37.260 (3263795993)|SYSTEM_MODE_ENTER|false
15:02:37.260 (3263855316)|HEAP_ALLOCATE|[68]|Bytes:5
15:02:37.260 (3263888573)|HEAP_ALLOCATE|[74]|Bytes:5
15:02:37.260 (3263896377)|HEAP_ALLOCATE|[82]|Bytes:7
15:02:37.260 (3263908993)|HEAP_ALLOCATE|[EXTERNAL]|Bytes:5
15:02:37.260 (3263915828)|SYSTEM_MODE_EXIT|false
15:02:37.260 (3263926450)|METHOD_EXIT|[2]|InterestedJobControllerTest
15:02:37.260 (3263961665)|SYSTEM_MODE_ENTER|false
15:02:37.260 (3263964937)|HEAP_ALLOCATE|[78]|Bytes:5
15:02:37.260 (3263968542)|STATEMENT_EXECUTE|[76]
15:02:37.260 (3263970347)|STATEMENT_EXECUTE|[78]
15:02:37.260 (3263972522)|HEAP_ALLOCATE|[78]|Bytes:80
15:02:37.260 (3263986791)|HEAP_ALLOCATE|[78]|Bytes:4
15:02:37.260 (3264308251)|SOQL_EXECUTE_BEGIN|[78]|Aggregations:0|SELECT Id, IsArchive__c FROM InterestedJob__c WHERE IsArchive__c = FALSE LIMIT 1
15:02:37.260 (3275205258)|SOQL_EXECUTE_END|[78]|Rows:1
15:02:37.260 (3275249168)|HEAP_ALLOCATE|[78]|Bytes:8
15:02:37.260 (3275292083)|HEAP_ALLOCATE|[78]|Bytes:49
15:02:37.260 (3275356595)|HEAP_ALLOCATE|[78]|Bytes:8
15:02:37.260 (3275379645)|HEAP_ALLOCATE|[78]|Bytes:42
15:02:37.260 (3275435337)|HEAP_ALLOCATE|[78]|Bytes:12
15:02:37.260 (3275448945)|VARIABLE_SCOPE_BEGIN|[78]|target|InterestedJob__c|true|false
15:02:37.260 (3275651021)|VARIABLE_ASSIGNMENT|[78]|target|{"IsArchive__c":false,"Id":"a0OBK000005FlJt2AK"}|0x757aa2aa
15:02:37.260 (3275662676)|STATEMENT_EXECUTE|[79]
15:02:37.260 (3275683258)|HEAP_ALLOCATE|[79]|Bytes:16
15:02:37.260 (3275705253)|HEAP_ALLOCATE|[79]|Bytes:51
15:02:37.260 (3275722211)|SYSTEM_METHOD_ENTRY|[4]|Assert.Assert()
15:02:37.260 (3275726972)|STATEMENT_EXECUTE|[4]
15:02:37.260 (3275740177)|SYSTEM_METHOD_EXIT|[4]|Assert
15:02:37.260 (3275783790)|METHOD_ENTRY|[79]||System.Assert.isFalse(Boolean, String)
15:02:37.260 (3275915322)|METHOD_EXIT|[79]||System.Assert.isFalse(Boolean, String)
15:02:37.260 (3275919667)|STATEMENT_EXECUTE|[81]
15:02:37.260 (3275928955)|HEAP_ALLOCATE|[81]|Bytes:118
15:02:37.260 (3275935571)|SYSTEM_METHOD_ENTRY|[1]|Test.Test()
15:02:37.260 (3275938518)|STATEMENT_EXECUTE|[1]
15:02:37.260 (3275942722)|SYSTEM_METHOD_EXIT|[1]|Test
15:02:37.260 (3275949301)|METHOD_ENTRY|[81]||System.Test.startTest()
15:02:37.260 (3278269243)|METHOD_EXIT|[81]||System.Test.startTest()
15:02:37.260 (3278287361)|STATEMENT_EXECUTE|[82]
15:02:37.260 (3278331536)|HEAP_ALLOCATE|[82]|Bytes:7
15:02:37.260 (3278346578)|METHOD_ENTRY|[1]|01pBK000001YhEr|InterestedJobController.InterestedJobController()
15:02:37.260 (3278349672)|STATEMENT_EXECUTE|[1]
15:02:37.260 (3278352399)|STATEMENT_EXECUTE|[1]
15:02:37.260 (3278364837)|HEAP_ALLOCATE|[82]|Bytes:5
15:02:37.260 (3278373172)|METHOD_EXIT|[1]|InterestedJobController
15:02:37.260 (3278388867)|METHOD_ENTRY|[82]|01pBK000001YhEr|InterestedJobController.archiveSingleJob(Id)
15:02:37.260 (3278431588)|VARIABLE_SCOPE_BEGIN|[28]|jobId|Id|false|false
15:02:37.260 (3278520984)|VARIABLE_ASSIGNMENT|[28]|jobId|"a0OBK000005FlJt2AK"
15:02:37.260 (3278535890)|HEAP_ALLOCATE|[29]|Bytes:5
15:02:37.260 (3278539407)|STATEMENT_EXECUTE|[28]
15:02:37.260 (3278540546)|STATEMENT_EXECUTE|[29]
15:02:37.260 (3278543504)|HEAP_ALLOCATE|[29]|Bytes:51
15:02:37.260 (3278561519)|HEAP_ALLOCATE|[29]|Bytes:4
15:02:37.260 (3278569949)|HEAP_ALLOCATE|[29]|Bytes:7
15:02:37.260 (3278878066)|SOQL_EXECUTE_BEGIN|[29]|Aggregations:0|SELECT Id FROM InterestedJob__c WHERE Id = :tmpVar1
15:02:37.260 (3288812748)|SOQL_EXECUTE_END|[29]|Rows:1
15:02:37.260 (3288843234)|HEAP_ALLOCATE|[29]|Bytes:8
15:02:37.260 (3288865447)|HEAP_ALLOCATE|[29]|Bytes:29
15:02:37.260 (3288907955)|HEAP_ALLOCATE|[29]|Bytes:8
15:02:37.260 (3288940942)|HEAP_ALLOCATE|[29]|Bytes:8
15:02:37.260 (3288950994)|VARIABLE_SCOPE_BEGIN|[29]|job|InterestedJob__c|true|false
15:02:37.260 (3289009294)|VARIABLE_ASSIGNMENT|[29]|job|{"Id":"a0OBK000005FlJt2AK"}|0x7aa6aba3
15:02:37.260 (3289016107)|STATEMENT_EXECUTE|[30]
15:02:37.260 (3289057967)|HEAP_ALLOCATE|[30]|Bytes:-4
15:02:37.260 (3289075826)|VARIABLE_ASSIGNMENT|[30]|this.IsArchive__c|true|0x7aa6aba3
15:02:37.260 (3289078669)|STATEMENT_EXECUTE|[31]
15:02:37.260 (3289119217)|HEAP_ALLOCATE|[31]|Bytes:8
15:02:37.260 (3289130742)|DML_BEGIN|[31]|Op:Update|Type:InterestedJob__c|Rows:1
15:02:37.260 (3289156608)|HEAP_ALLOCATE|[EXTERNAL]|Bytes:8
15:02:37.260 (3324368527)|DML_END|[31]
15:02:37.260 (3325482821)|METHOD_EXIT|[82]|01pBK000001YhEr|InterestedJobController.archiveSingleJob(Id)
15:02:37.260 (3325501661)|STATEMENT_EXECUTE|[83]
15:02:37.260 (3325525112)|METHOD_ENTRY|[83]||System.Test.stopTest()
15:02:37.260 (3325646036)|METHOD_EXIT|[83]||System.Test.stopTest()
15:02:37.260 (3325648768)|STATEMENT_EXECUTE|[86]
15:02:37.260 (3325656015)|HEAP_ALLOCATE|[86]|Bytes:65
15:02:37.260 (3325680126)|HEAP_ALLOCATE|[86]|Bytes:4
15:02:37.260 (3326111629)|SOQL_EXECUTE_BEGIN|[86]|Aggregations:0|SELECT Id, IsArchive__c FROM InterestedJob__c WHERE Id = :tmpVar1
15:02:37.260 (3333540091)|SOQL_EXECUTE_END|[86]|Rows:1
15:02:37.260 (3333580837)|HEAP_ALLOCATE|[86]|Bytes:8
15:02:37.260 (3333608213)|HEAP_ALLOCATE|[86]|Bytes:49
15:02:37.260 (3333671961)|HEAP_ALLOCATE|[86]|Bytes:8
15:02:37.260 (3333718496)|HEAP_ALLOCATE|[86]|Bytes:12
15:02:37.260 (3333732959)|VARIABLE_SCOPE_BEGIN|[86]|updated|InterestedJob__c|true|false
15:02:37.260 (3333836389)|VARIABLE_ASSIGNMENT|[86]|updated|{"IsArchive__c":true,"Id":"a0OBK000005FlJt2AK"}|0x4a8014f9
15:02:37.260 (3333845971)|STATEMENT_EXECUTE|[87]
15:02:37.260 (3333869382)|HEAP_ALLOCATE|[87]|Bytes:40
15:02:37.260 (3333899619)|METHOD_ENTRY|[87]||System.Assert.isTrue(Boolean, String)
15:02:37.260 (3334015116)|METHOD_EXIT|[87]||System.Assert.isTrue(Boolean, String)
15:02:37.260 (3334025327)|SYSTEM_MODE_EXIT|false
15:02:37.334 (3334049103)|CUMULATIVE_LIMIT_USAGE
15:02:37.334 (3334049103)|LIMIT_USAGE_FOR_NS|(default)|
  Number of SOQL queries: 2 out of 100
  Number of query rows: 2 out of 50000
  Number of SOSL queries: 0 out of 20
  Number of DML statements: 3 out of 150
  Number of Publish Immediate DML: 0 out of 150
  Number of DML rows: 6 out of 10000
  Maximum CPU time: 52 out of 10000
  Maximum heap size: 0 out of 6000000
  Number of callouts: 0 out of 100
  Number of Email Invocations: 0 out of 10
  Number of future calls: 0 out of 50
  Number of queueable jobs added to the queue: 0 out of 50
  Number of Mobile Apex push calls: 0 out of 10

15:02:37.334 (3334049103)|LIMIT_USAGE_FOR_NS|pi|
  Number of SOQL queries: 0 out of 100
  Number of query rows: 0 out of 50000
  Number of SOSL queries: 0 out of 20
  Number of DML statements: 1 out of 150
  Number of Publish Immediate DML: 0 out of 150
  Number of DML rows: 1 out of 10000
  Maximum CPU time: 0 out of 10000
  Maximum heap size: 0 out of 6000000
  Number of callouts: 0 out of 100
  Number of Email Invocations: 0 out of 10
  Number of future calls: 0 out of 50
  Number of queueable jobs added to the queue: 0 out of 50
  Number of Mobile Apex push calls: 0 out of 10

15:02:37.334 (3334049103)|TESTING_LIMITS
15:02:37.334 (3334049103)|LIMIT_USAGE_FOR_NS|(default)|
  Number of SOQL queries: 1 out of 100
  Number of query rows: 1 out of 50000
  Number of SOSL queries: 0 out of 20
  Number of DML statements: 1 out of 150
  Number of Publish Immediate DML: 0 out of 150
  Number of DML rows: 1 out of 10000
  Maximum CPU time: 0 out of 10000
  Maximum heap size: 0 out of 6000000
  Number of callouts: 0 out of 100
  Number of Email Invocations: 0 out of 10
  Number of future calls: 0 out of 50
  Number of queueable jobs added to the queue: 0 out of 50
  Number of Mobile Apex push calls: 0 out of 10

15:02:37.334 (3334049103)|CUMULATIVE_LIMIT_USAGE_END

15:02:37.260 (3334105493)|CODE_UNIT_FINISHED|InterestedJobControllerTest.testArchiveSingleJob()
15:02:37.260 (3334114546)|EXECUTION_FINISHED
15:02:37.456 (3456021513)|USER_INFO|[EXTERNAL]|0057F0000042UBb|ishibashi@hurex.co.jp.dev1|(GMT+09:00) 日本標準時 (Asia/Tokyo)|GMT+09:00
15:02:37.456 (3456048577)|EXECUTION_STARTED
15:02:37.456 (3456060744)|CODE_UNIT_STARTED|[EXTERNAL]|01pBK000001k7PJ|InterestedJobControllerTest.testGetInterestedJobs()
15:02:37.456 (3456232250)|HEAP_ALLOCATE|[95]|Bytes:3
15:02:37.456 (3456278147)|HEAP_ALLOCATE|[100]|Bytes:152
15:02:37.456 (3456293043)|HEAP_ALLOCATE|[417]|Bytes:408
15:02:37.456 (3456304518)|HEAP_ALLOCATE|[430]|Bytes:408
15:02:37.456 (3456325020)|HEAP_ALLOCATE|[317]|Bytes:6
15:02:37.456 (3456335519)|HEAP_ALLOCATE|[EXTERNAL]|Bytes:126
15:02:37.456 (3456346180)|METHOD_ENTRY|[2]|01pBK000001k7PJ|InterestedJobControllerTest.InterestedJobControllerTest()
15:02:37.456 (3456350302)|STATEMENT_EXECUTE|[2]
15:02:37.456 (3456356147)|STATEMENT_EXECUTE|[2]
15:02:37.456 (3458872637)|SYSTEM_MODE_ENTER|false
15:02:37.456 (3458932466)|HEAP_ALLOCATE|[68]|Bytes:5
15:02:37.456 (3458971461)|HEAP_ALLOCATE|[74]|Bytes:5
15:02:37.456 (3458979286)|HEAP_ALLOCATE|[82]|Bytes:7
15:02:37.456 (3458992361)|HEAP_ALLOCATE|[EXTERNAL]|Bytes:5
15:02:37.456 (3458999696)|SYSTEM_MODE_EXIT|false
15:02:37.456 (3459010414)|METHOD_EXIT|[2]|InterestedJobControllerTest
15:02:37.456 (3459054801)|SYSTEM_MODE_ENTER|false
15:02:37.456 (3459057542)|HEAP_ALLOCATE|[58]|Bytes:5
15:02:37.456 (3459061331)|STATEMENT_EXECUTE|[57]
15:02:37.456 (3459063006)|STATEMENT_EXECUTE|[58]
15:02:37.456 (3459072152)|HEAP_ALLOCATE|[58]|Bytes:118
15:02:37.456 (3459077120)|SYSTEM_METHOD_ENTRY|[1]|Test.Test()
15:02:37.456 (3459079351)|STATEMENT_EXECUTE|[1]
15:02:37.456 (3459086226)|SYSTEM_METHOD_EXIT|[1]|Test
15:02:37.456 (3459094725)|METHOD_ENTRY|[58]||System.Test.startTest()
15:02:37.456 (3461495373)|METHOD_EXIT|[58]||System.Test.startTest()
15:02:37.456 (3461510209)|STATEMENT_EXECUTE|[59]
15:02:37.456 (3461531711)|HEAP_ALLOCATE|[59]|Bytes:7
15:02:37.456 (3461543171)|METHOD_ENTRY|[1]|01pBK000001YhEr|InterestedJobController.InterestedJobController()
15:02:37.456 (3461545990)|STATEMENT_EXECUTE|[1]
15:02:37.456 (3461548694)|STATEMENT_EXECUTE|[1]
15:02:37.456 (3461559790)|HEAP_ALLOCATE|[59]|Bytes:5
15:02:37.456 (3461567264)|METHOD_EXIT|[1]|InterestedJobController
15:02:37.456 (3461574967)|METHOD_ENTRY|[59]|01pBK000001YhEr|InterestedJobController.getInterestedJobs()
15:02:37.456 (3461606324)|HEAP_ALLOCATE|[10]|Bytes:5
15:02:37.456 (3461609132)|STATEMENT_EXECUTE|[9]
15:02:37.456 (3461610242)|STATEMENT_EXECUTE|[10]
15:02:37.456 (3461612276)|HEAP_ALLOCATE|[10]|Bytes:327
15:02:37.456 (3461634771)|HEAP_ALLOCATE|[10]|Bytes:4
15:02:37.456 (3463356307)|SOQL_EXECUTE_BEGIN|[10]|Aggregations:0|SELECT Id, Job__c, LastModifiedDate, Job__r.JobPosition__c, Job__r.JobDescription__c, Job__r.MinAnnualSalary__c, Job__r.MaxAnnualSalary__c, Job__r.WorkLocation2__c, Job__r.JobCategory1__c, Job__r.LastModifiedDate, Job__r.LastViewedDate FROM InterestedJob__c WHERE IsArchive__c = FALSE ORDER BY LastModifiedDate DESC NULLS FIRST
15:02:37.456 (3486060049)|SOQL_EXECUTE_END|[10]|Rows:2
15:02:37.456 (3486102961)|HEAP_ALLOCATE|[10]|Bytes:12
15:02:37.456 (3486119208)|HEAP_ALLOCATE|[10]|Bytes:785
15:02:37.456 (3486193412)|HEAP_ALLOCATE|[10]|Bytes:12
15:02:37.456 (3486227414)|METHOD_EXIT|[59]|01pBK000001YhEr|InterestedJobController.getInterestedJobs()
15:02:37.456 (3486237763)|VARIABLE_SCOPE_BEGIN|[59]|results|List<InterestedJob__c>|true|false
15:02:37.456 (3486554332)|VARIABLE_ASSIGNMENT|[59]|results|[{"LastModifiedDate":"2026-03-31T06:02:37.000Z","Id":"a0OBK000005FlJt2AK","Job__r":{"LastModifiedDate":"2026-03-31T06:02:37.000Z","JobPosition__c":"エンジニア／福利厚生充実","WorkLocation2__c":"東京都渋谷区","LastViewedDate":"2026-03-31T06:02:37.000Z","Id":"a0KBK00000ImFwr2AF","MinAnnualSalary__c":500,"JobDescription__c":"ソフトウェア開発業務","MaxAnnualSalary__c":700,"JobCategory1__c":"IT系（ソフトウェア/ネットワーク）"},"Job__c":"a0KBK00000ImFwr2AF"},{"LastModifiedDate":"2026-03-31T06:02:37.000Z","Id":"a0OBK000005FlJu2AK","Job__r":{"LastModifiedDate":"2026-03-31T06:02:37.000Z","JobPosition__c":"営業／未経験歓迎","WorkLocation2__c":"大阪府大阪市","LastViewedDate":"2026-03-31T06:02:37.000Z","Id":"a0KBK00000ImFws2AF","MinAnnualSalary__c":400,"JobDescription__c":"法人営業","MaxAnnualSalary__c":600,"JobCategory1__c":"営業系"},"Job__c":"a0KBK00000ImFws2AF"}]|0x6784d74d
15:02:37.456 (3486573958)|STATEMENT_EXECUTE|[60]
15:02:37.456 (3486595830)|METHOD_ENTRY|[60]||System.Test.stopTest()
15:02:37.456 (3486718477)|METHOD_EXIT|[60]||System.Test.stopTest()
15:02:37.456 (3486721818)|STATEMENT_EXECUTE|[63]
15:02:37.456 (3486758210)|HEAP_ALLOCATE|[63]|Bytes:20
15:02:37.456 (3486776837)|HEAP_ALLOCATE|[63]|Bytes:51
15:02:37.456 (3486789170)|SYSTEM_METHOD_ENTRY|[4]|Assert.Assert()
15:02:37.456 (3486791287)|STATEMENT_EXECUTE|[4]
15:02:37.456 (3486797685)|SYSTEM_METHOD_EXIT|[4]|Assert
15:02:37.456 (3486803010)|METHOD_ENTRY|[63]||System.Assert.areEqual(Object, Object, String)
15:02:37.456 (3486849139)|METHOD_EXIT|[63]||System.Assert.areEqual(Object, Object, String)
15:02:37.456 (3486851012)|STATEMENT_EXECUTE|[66]
15:02:37.456 (3486868697)|HEAP_ALLOCATE|[66]|Bytes:20
15:02:37.456 (3486915439)|HEAP_ALLOCATE|[66]|Bytes:20
15:02:37.456 (3486974459)|HEAP_ALLOCATE|[67]|Bytes:28
15:02:37.456 (3486981234)|METHOD_ENTRY|[66]||System.Assert.isTrue(Boolean, String)
15:02:37.456 (3487038042)|METHOD_EXIT|[66]||System.Assert.isTrue(Boolean, String)
15:02:37.456 (3487040904)|STATEMENT_EXECUTE|[70]
15:02:37.456 (3487044094)|HEAP_ALLOCATE|[70]|Bytes:20
15:02:37.456 (3487072568)|HEAP_ALLOCATE|[70]|Bytes:18
15:02:37.456 (3487097160)|METHOD_ENTRY|[70]||System.Assert.isNotNull(Object, String)
15:02:37.456 (3487159515)|METHOD_EXIT|[70]||System.Assert.isNotNull(Object, String)
15:02:37.456 (3487161794)|STATEMENT_EXECUTE|[71]
15:02:37.456 (3487164481)|HEAP_ALLOCATE|[71]|Bytes:20
15:02:37.456 (3487177436)|HEAP_ALLOCATE|[71]|Bytes:23
15:02:37.456 (3487180487)|METHOD_ENTRY|[71]||System.Assert.isNotNull(Object, String)
15:02:37.456 (3487193218)|METHOD_EXIT|[71]||System.Assert.isNotNull(Object, String)
15:02:37.456 (3487195011)|STATEMENT_EXECUTE|[72]
15:02:37.456 (3487197179)|HEAP_ALLOCATE|[72]|Bytes:20
15:02:37.456 (3487221906)|HEAP_ALLOCATE|[72]|Bytes:27
15:02:37.456 (3487225273)|METHOD_ENTRY|[72]||System.Assert.isNotNull(Object, String)
15:02:37.456 (3487239326)|METHOD_EXIT|[72]||System.Assert.isNotNull(Object, String)
15:02:37.456 (3487243701)|SYSTEM_MODE_EXIT|false
15:02:37.487 (3487259286)|CUMULATIVE_LIMIT_USAGE
15:02:37.487 (3487259286)|LIMIT_USAGE_FOR_NS|(default)|
  Number of SOQL queries: 0 out of 100
  Number of query rows: 0 out of 50000
  Number of SOSL queries: 0 out of 20
  Number of DML statements: 3 out of 150
  Number of Publish Immediate DML: 0 out of 150
  Number of DML rows: 6 out of 10000
  Maximum CPU time: 52 out of 10000
  Maximum heap size: 0 out of 6000000
  Number of callouts: 0 out of 100
  Number of Email Invocations: 0 out of 10
  Number of future calls: 0 out of 50
  Number of queueable jobs added to the queue: 0 out of 50
  Number of Mobile Apex push calls: 0 out of 10

15:02:37.487 (3487259286)|LIMIT_USAGE_FOR_NS|pi|
  Number of SOQL queries: 0 out of 100
  Number of query rows: 0 out of 50000
  Number of SOSL queries: 0 out of 20
  Number of DML statements: 1 out of 150
  Number of Publish Immediate DML: 0 out of 150
  Number of DML rows: 1 out of 10000
  Maximum CPU time: 0 out of 10000
  Maximum heap size: 0 out of 6000000
  Number of callouts: 0 out of 100
  Number of Email Invocations: 0 out of 10
  Number of future calls: 0 out of 50
  Number of queueable jobs added to the queue: 0 out of 50
  Number of Mobile Apex push calls: 0 out of 10

15:02:37.487 (3487259286)|TESTING_LIMITS
15:02:37.487 (3487259286)|LIMIT_USAGE_FOR_NS|(default)|
  Number of SOQL queries: 1 out of 100
  Number of query rows: 2 out of 50000
  Number of SOSL queries: 0 out of 20
  Number of DML statements: 0 out of 150
  Number of Publish Immediate DML: 0 out of 150
  Number of DML rows: 0 out of 10000
  Maximum CPU time: 0 out of 10000
  Maximum heap size: 0 out of 6000000
  Number of callouts: 0 out of 100
  Number of Email Invocations: 0 out of 10
  Number of future calls: 0 out of 50
  Number of queueable jobs added to the queue: 0 out of 50
  Number of Mobile Apex push calls: 0 out of 10

15:02:37.487 (3487259286)|CUMULATIVE_LIMIT_USAGE_END

15:02:37.456 (3487308747)|CODE_UNIT_FINISHED|InterestedJobControllerTest.testGetInterestedJobs()
15:02:37.456 (3487316748)|EXECUTION_FINISHED
15:02:37.615 (3615221192)|USER_INFO|[EXTERNAL]|0057F0000042UBb|ishibashi@hurex.co.jp.dev1|(GMT+09:00) 日本標準時 (Asia/Tokyo)|GMT+09:00
15:02:37.615 (3615250858)|EXECUTION_STARTED
15:02:37.615 (3615264171)|CODE_UNIT_STARTED|[EXTERNAL]|01pBK000001k7PJ|InterestedJobControllerTest.testGetInterestedJobsEmpty()
15:02:37.615 (3615453678)|HEAP_ALLOCATE|[95]|Bytes:3
15:02:37.615 (3615500173)|HEAP_ALLOCATE|[100]|Bytes:152
15:02:37.615 (3615515116)|HEAP_ALLOCATE|[417]|Bytes:408
15:02:37.615 (3615526321)|HEAP_ALLOCATE|[430]|Bytes:408
15:02:37.615 (3615546917)|HEAP_ALLOCATE|[317]|Bytes:6
15:02:37.615 (3615557273)|HEAP_ALLOCATE|[EXTERNAL]|Bytes:126
15:02:37.615 (3615567705)|METHOD_ENTRY|[2]|01pBK000001k7PJ|InterestedJobControllerTest.InterestedJobControllerTest()
15:02:37.615 (3615571846)|STATEMENT_EXECUTE|[2]
15:02:37.615 (3615577893)|STATEMENT_EXECUTE|[2]
15:02:37.615 (3618193690)|SYSTEM_MODE_ENTER|false
15:02:37.615 (3618257527)|HEAP_ALLOCATE|[68]|Bytes:5
15:02:37.615 (3618298237)|HEAP_ALLOCATE|[74]|Bytes:5
15:02:37.615 (3618305782)|HEAP_ALLOCATE|[82]|Bytes:7
15:02:37.615 (3618319517)|HEAP_ALLOCATE|[EXTERNAL]|Bytes:5
15:02:37.615 (3618326592)|SYSTEM_MODE_EXIT|false
15:02:37.615 (3618338222)|METHOD_EXIT|[2]|InterestedJobControllerTest
15:02:37.615 (3618381458)|SYSTEM_MODE_ENTER|false
15:02:37.615 (3618384573)|HEAP_ALLOCATE|[119]|Bytes:5
15:02:37.615 (3618388123)|STATEMENT_EXECUTE|[117]
15:02:37.615 (3618389828)|STATEMENT_EXECUTE|[119]
15:02:37.615 (3618391697)|HEAP_ALLOCATE|[119]|Bytes:31
15:02:37.615 (3618411659)|HEAP_ALLOCATE|[119]|Bytes:4
15:02:37.615 (3618772723)|SOQL_EXECUTE_BEGIN|[119]|Aggregations:0|SELECT Id FROM InterestedJob__c
15:02:37.615 (3628522505)|SOQL_EXECUTE_END|[119]|Rows:3
15:02:37.615 (3628570397)|HEAP_ALLOCATE|[119]|Bytes:16
15:02:37.615 (3628603535)|HEAP_ALLOCATE|[119]|Bytes:87
15:02:37.615 (3628701882)|HEAP_ALLOCATE|[119]|Bytes:16
15:02:37.615 (3628721896)|VARIABLE_SCOPE_BEGIN|[119]|all|List<InterestedJob__c>|true|false
15:02:37.615 (3628826387)|VARIABLE_ASSIGNMENT|[119]|all|[{"Id":"a0OBK000005FlJt2AK"},{"Id":"a0OBK000005FlJu2AK"},{"Id":"a0OBK000005FlJv2AK"}]|0x6af5b444
15:02:37.615 (3628905154)|HEAP_ALLOCATE|[120]|Bytes:5
15:02:37.615 (3628928269)|HEAP_ALLOCATE|[120]|Bytes:8
15:02:37.615 (3628936607)|VARIABLE_SCOPE_BEGIN|[120]|rec|InterestedJob__c|true|false
15:02:37.615 (3628950632)|VARIABLE_ASSIGNMENT|[120]|rec|{"Id":"a0OBK000005FlJt2AK"}|0xbfbf48c
15:02:37.615 (3628955353)|STATEMENT_EXECUTE|[120]
15:02:37.615 (3628956668)|STATEMENT_EXECUTE|[121]
15:02:37.615 (3629020528)|HEAP_ALLOCATE|[121]|Bytes:-4
15:02:37.615 (3629039592)|VARIABLE_ASSIGNMENT|[121]|this.IsArchive__c|true|0xbfbf48c
15:02:37.615 (3629047128)|HEAP_ALLOCATE|[120]|Bytes:5
15:02:37.615 (3629052519)|HEAP_ALLOCATE|[120]|Bytes:8
15:02:37.615 (3629055791)|VARIABLE_SCOPE_BEGIN|[120]|rec|InterestedJob__c|true|false
15:02:37.615 (3629065863)|VARIABLE_ASSIGNMENT|[120]|rec|{"Id":"a0OBK000005FlJu2AK"}|0x1fc3d89
15:02:37.615 (3629068582)|STATEMENT_EXECUTE|[120]
15:02:37.615 (3629069467)|STATEMENT_EXECUTE|[121]
15:02:37.615 (3629077651)|HEAP_ALLOCATE|[121]|Bytes:-4
15:02:37.615 (3629081720)|VARIABLE_ASSIGNMENT|[121]|this.IsArchive__c|true|0x1fc3d89
15:02:37.615 (3629086779)|HEAP_ALLOCATE|[120]|Bytes:5
15:02:37.615 (3629090418)|HEAP_ALLOCATE|[120]|Bytes:8
15:02:37.615 (3629092699)|VARIABLE_SCOPE_BEGIN|[120]|rec|InterestedJob__c|true|false
15:02:37.615 (3629100998)|VARIABLE_ASSIGNMENT|[120]|rec|{"Id":"a0OBK000005FlJv2AK"}|0x734e54c3
15:02:37.615 (3629103573)|STATEMENT_EXECUTE|[120]
15:02:37.615 (3629104376)|STATEMENT_EXECUTE|[121]
15:02:37.615 (3629110404)|HEAP_ALLOCATE|[121]|Bytes:-4
15:02:37.615 (3629114112)|VARIABLE_ASSIGNMENT|[121]|this.IsArchive__c|true|0x734e54c3
15:02:37.615 (3629118748)|HEAP_ALLOCATE|[120]|Bytes:5
15:02:37.615 (3629124359)|VARIABLE_ASSIGNMENT|[120]|rec|null|
15:02:37.615 (3629127558)|STATEMENT_EXECUTE|[123]
15:02:37.615 (3629180487)|DML_BEGIN|[123]|Op:Update|Type:InterestedJob__c|Rows:3
15:02:37.615 (3629212612)|HEAP_ALLOCATE|[EXTERNAL]|Bytes:16
15:02:37.615 (3685416229)|DML_END|[123]
15:02:37.615 (3686547883)|HEAP_ALLOCATE|[EXTERNAL]|Bytes:16
15:02:37.615 (3686578315)|STATEMENT_EXECUTE|[125]
15:02:37.615 (3686611303)|HEAP_ALLOCATE|[125]|Bytes:118
15:02:37.615 (3686629036)|SYSTEM_METHOD_ENTRY|[1]|Test.Test()
15:02:37.615 (3686632384)|STATEMENT_EXECUTE|[1]
15:02:37.615 (3686642920)|SYSTEM_METHOD_EXIT|[1]|Test
15:02:37.615 (3686657987)|METHOD_ENTRY|[125]||System.Test.startTest()
15:02:37.615 (3689140429)|METHOD_EXIT|[125]||System.Test.startTest()
15:02:37.615 (3689156138)|STATEMENT_EXECUTE|[126]
15:02:37.615 (3689175209)|HEAP_ALLOCATE|[126]|Bytes:7
15:02:37.615 (3689187189)|METHOD_ENTRY|[1]|01pBK000001YhEr|InterestedJobController.InterestedJobController()
15:02:37.615 (3689190262)|STATEMENT_EXECUTE|[1]
15:02:37.615 (3689193002)|STATEMENT_EXECUTE|[1]
15:02:37.615 (3689206442)|HEAP_ALLOCATE|[126]|Bytes:5
15:02:37.615 (3689215600)|METHOD_EXIT|[1]|InterestedJobController
15:02:37.615 (3689222575)|METHOD_ENTRY|[126]|01pBK000001YhEr|InterestedJobController.getInterestedJobs()
15:02:37.615 (3689252827)|HEAP_ALLOCATE|[10]|Bytes:5
15:02:37.615 (3689255690)|STATEMENT_EXECUTE|[9]
15:02:37.615 (3689256622)|STATEMENT_EXECUTE|[10]
15:02:37.615 (3689259719)|HEAP_ALLOCATE|[10]|Bytes:327
15:02:37.615 (3689282985)|HEAP_ALLOCATE|[10]|Bytes:4
15:02:37.615 (3691198927)|SOQL_EXECUTE_BEGIN|[10]|Aggregations:0|SELECT Id, Job__c, LastModifiedDate, Job__r.JobPosition__c, Job__r.JobDescription__c, Job__r.MinAnnualSalary__c, Job__r.MaxAnnualSalary__c, Job__r.WorkLocation2__c, Job__r.JobCategory1__c, Job__r.LastModifiedDate, Job__r.LastViewedDate FROM InterestedJob__c WHERE IsArchive__c = FALSE ORDER BY LastModifiedDate DESC NULLS FIRST
15:02:37.615 (3697563221)|SOQL_EXECUTE_END|[10]|Rows:0
15:02:37.615 (3697615794)|HEAP_ALLOCATE|[10]|Bytes:4
15:02:37.615 (3697640797)|HEAP_ALLOCATE|[10]|Bytes:0
15:02:37.615 (3697735425)|HEAP_ALLOCATE|[10]|Bytes:4
15:02:37.615 (3697770031)|METHOD_EXIT|[126]|01pBK000001YhEr|InterestedJobController.getInterestedJobs()
15:02:37.615 (3697789711)|VARIABLE_SCOPE_BEGIN|[126]|results|List<InterestedJob__c>|true|false
15:02:37.615 (3697820493)|VARIABLE_ASSIGNMENT|[126]|results|[]|0x21593197
15:02:37.615 (3697832879)|STATEMENT_EXECUTE|[127]
15:02:37.615 (3697870498)|METHOD_ENTRY|[127]||System.Test.stopTest()
15:02:37.615 (3698009152)|METHOD_EXIT|[127]||System.Test.stopTest()
15:02:37.615 (3698014156)|STATEMENT_EXECUTE|[129]
15:02:37.615 (3698076890)|HEAP_ALLOCATE|[129]|Bytes:20
15:02:37.615 (3698096360)|HEAP_ALLOCATE|[129]|Bytes:51
15:02:37.615 (3698108398)|SYSTEM_METHOD_ENTRY|[4]|Assert.Assert()
15:02:37.615 (3698111380)|STATEMENT_EXECUTE|[4]
15:02:37.615 (3698118258)|SYSTEM_METHOD_EXIT|[4]|Assert
15:02:37.615 (3698125643)|METHOD_ENTRY|[129]||System.Assert.areEqual(Object, Object, String)
15:02:37.615 (3698181727)|METHOD_EXIT|[129]||System.Assert.areEqual(Object, Object, String)
15:02:37.615 (3698188667)|SYSTEM_MODE_EXIT|false
15:02:37.698 (3698207123)|CUMULATIVE_LIMIT_USAGE
15:02:37.698 (3698207123)|LIMIT_USAGE_FOR_NS|(default)|
  Number of SOQL queries: 1 out of 100
  Number of query rows: 3 out of 50000
  Number of SOSL queries: 0 out of 20
  Number of DML statements: 4 out of 150
  Number of Publish Immediate DML: 0 out of 150
  Number of DML rows: 9 out of 10000
  Maximum CPU time: 52 out of 10000
  Maximum heap size: 0 out of 6000000
  Number of callouts: 0 out of 100
  Number of Email Invocations: 0 out of 10
  Number of future calls: 0 out of 50
  Number of queueable jobs added to the queue: 0 out of 50
  Number of Mobile Apex push calls: 0 out of 10

15:02:37.698 (3698207123)|LIMIT_USAGE_FOR_NS|pi|
  Number of SOQL queries: 0 out of 100
  Number of query rows: 0 out of 50000
  Number of SOSL queries: 0 out of 20
  Number of DML statements: 1 out of 150
  Number of Publish Immediate DML: 0 out of 150
  Number of DML rows: 1 out of 10000
  Maximum CPU time: 0 out of 10000
  Maximum heap size: 0 out of 6000000
  Number of callouts: 0 out of 100
  Number of Email Invocations: 0 out of 10
  Number of future calls: 0 out of 50
  Number of queueable jobs added to the queue: 0 out of 50
  Number of Mobile Apex push calls: 0 out of 10

15:02:37.698 (3698207123)|TESTING_LIMITS
15:02:37.698 (3698207123)|LIMIT_USAGE_FOR_NS|(default)|
  Number of SOQL queries: 1 out of 100
  Number of query rows: 0 out of 50000
  Number of SOSL queries: 0 out of 20
  Number of DML statements: 0 out of 150
  Number of Publish Immediate DML: 0 out of 150
  Number of DML rows: 0 out of 10000
  Maximum CPU time: 0 out of 10000
  Maximum heap size: 0 out of 6000000
  Number of callouts: 0 out of 100
  Number of Email Invocations: 0 out of 10
  Number of future calls: 0 out of 50
  Number of queueable jobs added to the queue: 0 out of 50
  Number of Mobile Apex push calls: 0 out of 10

15:02:37.698 (3698207123)|CUMULATIVE_LIMIT_USAGE_END

15:02:37.615 (3698345314)|CODE_UNIT_FINISHED|InterestedJobControllerTest.testGetInterestedJobsEmpty()
15:02:37.615 (3698356173)|EXECUTION_FINISHED
