66.0 APEX_CODE,FINEST;APEX_PROFILING,INFO;CALLOUT,INFO;DATA_ACCESS,INFO;DB,INFO;NBA,INFO;SYSTEM,DEBUG;VALIDATION,INFO;VISUALFORCE,INFO;WAVE,INFO;WORKFLOW,INFO
17:31:35.4 (4956343)|EXECUTION_STARTED
17:31:35.4 (4995298)|CODE_UNIT_STARTED|[EXTERNAL]|VisualForce View State
17:31:35.4 (19206605)|CODE_UNIT_FINISHED|VisualForce View State
17:31:35.4 (19224459)|EXECUTION_FINISHED
17:31:35.31 (31175534)|HEAP_ALLOCATE|[EXTERNAL]|Bytes:-4
17:31:35.31 (31947121)|HEAP_ALLOCATE|[EXTERNAL]|Bytes:-4
17:31:35.995 (995854062)|VF_SERIALIZE_VIEWSTATE_BEGIN|
17:31:35.995 (999892541)|VF_SERIALIZE_VIEWSTATE_END
17:31:36.11 (1011853021)|CUMULATIVE_LIMIT_USAGE
17:31:36.11 (1011853021)|LIMIT_USAGE_FOR_NS|(default)|
  Number of SOQL queries: 0 out of 100
  Number of query rows: 0 out of 50000
  Number of SOSL queries: 0 out of 20
  Number of DML statements: 0 out of 150
  Number of Publish Immediate DML: 0 out of 150
  Number of DML rows: 0 out of 10000
  Maximum CPU time: 0 out of 10000
  Maximum heap size: 0 out of 6000000
  Number of callouts: 0 out of 100
  Number of Email Invocations: 0 out of 10
  Number of future calls: 0 out of 50
  Number of queueable jobs added to the queue: 0 out of 50
  Number of Mobile Apex push calls: 0 out of 10

17:31:36.11 (1011853021)|CUMULATIVE_LIMIT_USAGE_END

