66.0 APEX_CODE,FINEST;APEX_PROFILING,INFO;CALLOUT,INFO;DATA_ACCESS,INFO;DB,INFO;NBA,INFO;SYSTEM,DEBUG;VALIDATION,INFO;VISUALFORCE,INFO;WAVE,INFO;WORKFLOW,INFO
15:57:32.0 (182403)|USER_INFO|[EXTERNAL]|0057F0000042UBb|ishibashi@hurex.co.jp.dev1|(GMT+09:00) 日本標準時 (Asia/Tokyo)|GMT+09:00
15:57:32.0 (216429)|EXECUTION_STARTED
15:57:32.0 (225763)|CODE_UNIT_STARTED|[EXTERNAL]|apex://CustomNotificationController/ACTION$getNotifications
15:57:32.0 (2084917)|CODE_UNIT_STARTED|[EXTERNAL]|01pBK000001VvEL|CustomNotificationController.getNotifications(String)
15:57:32.0 (2283663)|HEAP_ALLOCATE|[95]|Bytes:3
15:57:32.0 (2352379)|HEAP_ALLOCATE|[100]|Bytes:152
15:57:32.0 (2365344)|HEAP_ALLOCATE|[417]|Bytes:408
15:57:32.0 (2377384)|HEAP_ALLOCATE|[430]|Bytes:408
15:57:32.0 (2403035)|HEAP_ALLOCATE|[317]|Bytes:6
15:57:32.0 (2451863)|HEAP_ALLOCATE|[EXTERNAL]|Bytes:7
15:57:32.0 (2462837)|METHOD_ENTRY|[1]|01pBK000001VvEL|CustomNotificationController.CustomNotificationController()
15:57:32.0 (2468877)|STATEMENT_EXECUTE|[1]
15:57:32.0 (2475185)|STATEMENT_EXECUTE|[1]
15:57:32.0 (2499069)|HEAP_ALLOCATE|[68]|Bytes:5
15:57:32.0 (2527237)|HEAP_ALLOCATE|[74]|Bytes:5
15:57:32.0 (2533789)|HEAP_ALLOCATE|[82]|Bytes:7
15:57:32.0 (2707844)|HEAP_ALLOCATE|[EXTERNAL]|Bytes:5
15:57:32.0 (2720299)|METHOD_EXIT|[1]|CustomNotificationController
15:57:32.0 (2727869)|VARIABLE_SCOPE_BEGIN|[5]|before|String|false|false
15:57:32.0 (2754157)|VARIABLE_ASSIGNMENT|[5]|before|null
15:57:32.0 (2764369)|HEAP_ALLOCATE|[6]|Bytes:5
15:57:32.0 (2767213)|STATEMENT_EXECUTE|[5]
15:57:32.0 (2768137)|STATEMENT_EXECUTE|[6]
15:57:32.0 (2794307)|VARIABLE_SCOPE_BEGIN|[6]|req|System.HttpRequest|true|false
15:57:32.0 (2971201)|VARIABLE_ASSIGNMENT|[6]|req|"System.HttpRequest[Endpoint=null, Method=null]"|0x32ef1a68
15:57:32.0 (2976304)|STATEMENT_EXECUTE|[7]
15:57:32.0 (2979089)|HEAP_ALLOCATE|[7]|Bytes:3
15:57:32.0 (3044292)|STATEMENT_EXECUTE|[8]
15:57:32.0 (3046796)|HEAP_ALLOCATE|[8]|Bytes:13
15:57:32.0 (3049431)|HEAP_ALLOCATE|[8]|Bytes:7
15:57:32.0 (3086046)|HEAP_ALLOCATE|[8]|Bytes:105
15:57:32.0 (3093277)|SYSTEM_METHOD_ENTRY|[1]|UserInfo.UserInfo()
15:57:32.0 (3095399)|STATEMENT_EXECUTE|[1]
15:57:32.0 (3100571)|SYSTEM_METHOD_EXIT|[1]|UserInfo
15:57:32.0 (3110301)|METHOD_ENTRY|[8]||System.UserInfo.getSessionId()
15:57:32.0 (8636647)|METHOD_EXIT|[8]||System.UserInfo.getSessionId()
15:57:32.0 (8676426)|HEAP_ALLOCATE|[8]|Bytes:119
15:57:32.0 (8725155)|STATEMENT_EXECUTE|[10]
15:57:32.0 (8775661)|HEAP_ALLOCATE|[10]|Bytes:67
15:57:32.0 (8787158)|SYSTEM_METHOD_ENTRY|[1]|Url.Url()
15:57:32.0 (8789108)|STATEMENT_EXECUTE|[1]
15:57:32.0 (8796141)|SYSTEM_METHOD_EXIT|[1]|Url
15:57:32.0 (8804642)|METHOD_ENTRY|[10]||System.Url.getOrgDomainUrl()
15:57:32.0 (9009742)|METHOD_EXIT|[10]||System.Url.getOrgDomainUrl()
15:57:32.0 (9023322)|METHOD_ENTRY|[10]||System.Url.toExternalForm()
15:57:32.0 (9052279)|METHOD_EXIT|[10]||System.Url.toExternalForm()
15:57:32.0 (9055661)|VARIABLE_SCOPE_BEGIN|[10]|domainPath|String|false|false
15:57:32.0 (9073247)|VARIABLE_ASSIGNMENT|[10]|domainPath|"https://hurex--dev1. (25 more) ..."
15:57:32.0 (9076596)|STATEMENT_EXECUTE|[11]
15:57:32.0 (9079124)|HEAP_ALLOCATE|[11]|Bytes:50
15:57:32.0 (9085003)|HEAP_ALLOCATE|[11]|Bytes:95
15:57:32.0 (9087333)|VARIABLE_SCOPE_BEGIN|[11]|endpoint|String|false|false
15:57:32.0 (9092672)|VARIABLE_ASSIGNMENT|[11]|endpoint|"https://hurex--dev1. (75 more) ..."
15:57:32.0 (9135699)|STATEMENT_EXECUTE|[13]
15:57:32.0 (9136998)|STATEMENT_EXECUTE|[16]
15:57:32.0 (9156770)|STATEMENT_EXECUTE|[18]
15:57:32.0 (9174074)|VARIABLE_SCOPE_BEGIN|[18]|http|System.Http|true|false
15:57:32.0 (9262520)|VARIABLE_ASSIGNMENT|[18]|http|"System.Http[]"|0x29a1d88
15:57:32.0 (9266425)|STATEMENT_EXECUTE|[19]
15:57:32.0 (9373821)|CALLOUT_REQUEST|[19]|System.HttpRequest[Endpoint=https://hurex--dev1.sandbox.my.salesforce.com/services/data/v56.0/connect/notifications?size=20, Method=GET]
15:57:32.0 (170195582)|HEAP_ALLOCATE|[EXTERNAL]|Bytes:15126
15:57:32.0 (173277615)|CALLOUT_RESPONSE|[19]|System.HttpResponse[Status=OK, StatusCode=200]
15:57:32.0 (173318301)|HEAP_ALLOCATE|[19]|Bytes:14281
15:57:32.0 (173357394)|VARIABLE_SCOPE_BEGIN|[19]|res|System.HttpResponse|true|false
15:57:32.0 (173485883)|VARIABLE_ASSIGNMENT|[19]|res|"System.HttpResponse[Status=OK, StatusCode=200]"|0xc7da5f5
15:57:32.0 (173572060)|STATEMENT_EXECUTE|[21]
15:57:32.0 (173573840)|STATEMENT_EXECUTE|[22]
15:57:32.0 (174289458)|HEAP_ALLOCATE|[22]|Bytes:13995
15:57:32.174 (174354729)|CUMULATIVE_LIMIT_USAGE
15:57:32.174 (174354729)|LIMIT_USAGE_FOR_NS|(default)|
  Number of SOQL queries: 0 out of 100
  Number of query rows: 0 out of 50000
  Number of SOSL queries: 0 out of 20
  Number of DML statements: 0 out of 150
  Number of Publish Immediate DML: 0 out of 150
  Number of DML rows: 0 out of 10000
  Maximum CPU time: 0 out of 10000
  Maximum heap size: 0 out of 6000000
  Number of callouts: 1 out of 100
  Number of Email Invocations: 0 out of 10
  Number of future calls: 0 out of 50
  Number of queueable jobs added to the queue: 0 out of 50
  Number of Mobile Apex push calls: 0 out of 10

15:57:32.174 (174354729)|CUMULATIVE_LIMIT_USAGE_END

15:57:32.0 (174398142)|CODE_UNIT_FINISHED|CustomNotificationController.getNotifications(String)
15:57:32.0 (174599005)|CODE_UNIT_FINISHED|apex://CustomNotificationController/ACTION$getNotifications
15:57:32.0 (174607516)|EXECUTION_FINISHED
