66.0 APEX_CODE,FINEST;APEX_PROFILING,INFO;CALLOUT,INFO;DATA_ACCESS,INFO;DB,INFO;NBA,INFO;SYSTEM,DEBUG;VALIDATION,INFO;VISUALFORCE,INFO;WAVE,INFO;WORKFLOW,INFO
15:37:47.0 (270246)|USER_INFO|[EXTERNAL]|0057F0000042UBb|ishibashi@hurex.co.jp.dev1|(GMT+09:00) 日本標準時 (Asia/Tokyo)|GMT+09:00
15:37:47.0 (314255)|EXECUTION_STARTED
15:37:47.0 (327660)|CODE_UNIT_STARTED|[EXTERNAL]|apex://CustomNotificationController/ACTION$getNotifications
15:37:47.0 (2606909)|CODE_UNIT_STARTED|[EXTERNAL]|01pBK000001VvEL|CustomNotificationController.getNotifications(String)
15:37:47.0 (2998923)|HEAP_ALLOCATE|[95]|Bytes:3
15:37:47.0 (3144278)|HEAP_ALLOCATE|[100]|Bytes:152
15:37:47.0 (3181817)|HEAP_ALLOCATE|[417]|Bytes:408
15:37:47.0 (3199968)|HEAP_ALLOCATE|[430]|Bytes:408
15:37:47.0 (3231228)|HEAP_ALLOCATE|[317]|Bytes:6
15:37:47.0 (3293270)|HEAP_ALLOCATE|[EXTERNAL]|Bytes:7
15:37:47.0 (3321348)|METHOD_ENTRY|[1]|01pBK000001VvEL|CustomNotificationController.CustomNotificationController()
15:37:47.0 (3335099)|STATEMENT_EXECUTE|[1]
15:37:47.0 (3345330)|STATEMENT_EXECUTE|[1]
15:37:47.0 (3387547)|HEAP_ALLOCATE|[68]|Bytes:5
15:37:47.0 (3419530)|HEAP_ALLOCATE|[74]|Bytes:5
15:37:47.0 (3427021)|HEAP_ALLOCATE|[82]|Bytes:7
15:37:47.0 (3688566)|HEAP_ALLOCATE|[EXTERNAL]|Bytes:5
15:37:47.0 (3715402)|METHOD_EXIT|[1]|CustomNotificationController
15:37:47.0 (3735682)|VARIABLE_SCOPE_BEGIN|[5]|before|String|false|false
15:37:47.0 (3808989)|VARIABLE_ASSIGNMENT|[5]|before|null
15:37:47.0 (3823896)|HEAP_ALLOCATE|[6]|Bytes:5
15:37:47.0 (3828261)|STATEMENT_EXECUTE|[5]
15:37:47.0 (3830074)|STATEMENT_EXECUTE|[6]
15:37:47.0 (3857080)|VARIABLE_SCOPE_BEGIN|[6]|req|System.HttpRequest|true|false
15:37:47.0 (4124474)|VARIABLE_ASSIGNMENT|[6]|req|"System.HttpRequest[Endpoint=null, Method=null]"|0x2efa0f3c
15:37:47.0 (4141088)|STATEMENT_EXECUTE|[7]
15:37:47.0 (4145512)|HEAP_ALLOCATE|[7]|Bytes:3
15:37:47.0 (4234061)|STATEMENT_EXECUTE|[8]
15:37:47.0 (4236605)|HEAP_ALLOCATE|[8]|Bytes:13
15:37:47.0 (4240413)|HEAP_ALLOCATE|[8]|Bytes:7
15:37:47.0 (4293934)|HEAP_ALLOCATE|[8]|Bytes:105
15:37:47.0 (4304960)|SYSTEM_METHOD_ENTRY|[1]|UserInfo.UserInfo()
15:37:47.0 (4308738)|STATEMENT_EXECUTE|[1]
15:37:47.0 (4315590)|SYSTEM_METHOD_EXIT|[1]|UserInfo
15:37:47.0 (4383371)|METHOD_ENTRY|[8]||System.UserInfo.getSessionId()
15:37:47.0 (16103627)|METHOD_EXIT|[8]||System.UserInfo.getSessionId()
15:37:47.0 (16146306)|HEAP_ALLOCATE|[8]|Bytes:119
15:37:47.0 (16211516)|STATEMENT_EXECUTE|[10]
15:37:47.0 (16259932)|HEAP_ALLOCATE|[10]|Bytes:67
15:37:47.0 (16272204)|SYSTEM_METHOD_ENTRY|[1]|Url.Url()
15:37:47.0 (16274758)|STATEMENT_EXECUTE|[1]
15:37:47.0 (16280767)|SYSTEM_METHOD_EXIT|[1]|Url
15:37:47.0 (16289840)|METHOD_ENTRY|[10]||System.Url.getOrgDomainUrl()
15:37:47.0 (16516227)|METHOD_EXIT|[10]||System.Url.getOrgDomainUrl()
15:37:47.0 (16526458)|METHOD_ENTRY|[10]||System.Url.toExternalForm()
15:37:47.0 (16553706)|METHOD_EXIT|[10]||System.Url.toExternalForm()
15:37:47.0 (16556922)|VARIABLE_SCOPE_BEGIN|[10]|domainPath|String|false|false
15:37:47.0 (16579679)|VARIABLE_ASSIGNMENT|[10]|domainPath|"https://hurex--dev1. (25 more) ..."
15:37:47.0 (16585317)|STATEMENT_EXECUTE|[11]
15:37:47.0 (16587529)|HEAP_ALLOCATE|[11]|Bytes:50
15:37:47.0 (16593548)|HEAP_ALLOCATE|[11]|Bytes:95
15:37:47.0 (16595762)|VARIABLE_SCOPE_BEGIN|[11]|endpoint|String|false|false
15:37:47.0 (16601159)|VARIABLE_ASSIGNMENT|[11]|endpoint|"https://hurex--dev1. (75 more) ..."
15:37:47.0 (16656191)|STATEMENT_EXECUTE|[13]
15:37:47.0 (16657484)|STATEMENT_EXECUTE|[16]
15:37:47.0 (16689189)|STATEMENT_EXECUTE|[18]
15:37:47.0 (16707874)|VARIABLE_SCOPE_BEGIN|[18]|http|System.Http|true|false
15:37:47.0 (16828009)|VARIABLE_ASSIGNMENT|[18]|http|"System.Http[]"|0x42ba998e
15:37:47.0 (16836221)|STATEMENT_EXECUTE|[19]
15:37:47.0 (16923493)|CALLOUT_REQUEST|[19]|System.HttpRequest[Endpoint=https://hurex--dev1.sandbox.my.salesforce.com/services/data/v56.0/connect/notifications?size=20, Method=GET]
15:37:47.0 (50508818)|HEAP_ALLOCATE|[EXTERNAL]|Bytes:939
15:37:47.0 (52684509)|CALLOUT_RESPONSE|[19]|System.HttpResponse[Status=Unauthorized, StatusCode=401]
15:37:47.0 (52711338)|HEAP_ALLOCATE|[19]|Bytes:91
15:37:47.0 (52740433)|VARIABLE_SCOPE_BEGIN|[19]|res|System.HttpResponse|true|false
15:37:47.0 (52805390)|VARIABLE_ASSIGNMENT|[19]|res|"System.HttpResponse[Status=Unauthorized, StatusCode=401]"|0x21a1d4b7
15:37:47.0 (52867844)|STATEMENT_EXECUTE|[23]
15:37:47.0 (52869199)|STATEMENT_EXECUTE|[24]
15:37:47.0 (52916620)|HEAP_ALLOCATE|[24]|Bytes:9
15:37:47.0 (52944782)|HEAP_ALLOCATE|[24]|Bytes:75
15:37:47.0 (52962281)|HEAP_ALLOCATE|[24]|Bytes:84
15:37:47.0 (53135501)|FATAL_ERROR|System.AuraHandledException: Script-thrown exception

Class.CustomNotificationController.getNotifications: line 24, column 1
15:37:47.0 (53148087)|FATAL_ERROR|System.AuraHandledException: Script-thrown exception

Class.CustomNotificationController.getNotifications: line 24, column 1
15:37:47.53 (53155018)|CUMULATIVE_LIMIT_USAGE
15:37:47.53 (53155018)|LIMIT_USAGE_FOR_NS|(default)|
  Number of SOQL queries: 0 out of 100
  Number of query rows: 0 out of 50000
  Number of SOSL queries: 0 out of 20
  Number of DML statements: 0 out of 150
  Number of Publish Immediate DML: 0 out of 150
  Number of DML rows: 0 out of 10000
  Maximum CPU time: 0 out of 10000
  Maximum heap size: 0 out of 6000000
  Number of callouts: 1 out of 100
  Number of Email Invocations: 0 out of 10
  Number of future calls: 0 out of 50
  Number of queueable jobs added to the queue: 0 out of 50
  Number of Mobile Apex push calls: 0 out of 10

15:37:47.53 (53155018)|CUMULATIVE_LIMIT_USAGE_END

15:37:47.0 (53193867)|CODE_UNIT_FINISHED|CustomNotificationController.getNotifications(String)
15:37:47.0 (53410981)|CODE_UNIT_FINISHED|apex://CustomNotificationController/ACTION$getNotifications
15:37:47.0 (53415832)|EXECUTION_FINISHED
