66.0 APEX_CODE,FINEST;APEX_PROFILING,INFO;CALLOUT,INFO;DATA_ACCESS,INFO;DB,INFO;NBA,INFO;SYSTEM,DEBUG;VALIDATION,INFO;VISUALFORCE,INFO;WAVE,INFO;WORKFLOW,INFO
Execute Anonymous: //String FIELDS = 'Person.P_Id,Person.P_Name,Person.P_Telephone,Person.P_Mail,Person.P_Mobile,Person.P_MobileMail,Person.P_RegistrationDate,Person.P_RegisteredBy,Person.P_UpdateDate,Person.P_UpdatedBy';
Execute Anonymous: Datetime lastSyncTime = Datetime.valueOf('2026-03-01 10:56:02');
Execute Anonymous: PORTERS_DTO_ResumeDateResponse res =
Execute Anonymous:             PORTERS_API_GetResumeData.getResumeData(null, 0);
Execute Anonymous: for(PORTERS_DTO_ResumeDateResponse.Wrapper wrapper:res.result){
Execute Anonymous:                 system.debug(wrapper);
Execute Anonymous:             }
12:30:18.0 (786705)|USER_INFO|[EXTERNAL]|0057F0000042UBb|ishibashi@hurex.co.jp.dev1|(GMT+09:00) 日本標準時 (Asia/Tokyo)|GMT+09:00
12:30:18.0 (811311)|EXECUTION_STARTED
12:30:18.0 (821541)|CODE_UNIT_STARTED|[EXTERNAL]|execute_anonymous_apex
12:30:18.0 (975075)|VARIABLE_SCOPE_BEGIN|[2]|lastSyncTime|Datetime|false|false
12:30:18.0 (19265706)|VARIABLE_SCOPE_BEGIN|[6]|PORTERS_DTO_ResumeDateResponse.FIELD_MAPPING|Map<String,String>|true|true
12:30:18.0 (19338124)|VARIABLE_SCOPE_BEGIN|[3]|res|PORTERS_DTO_ResumeDateResponse|true|false
12:30:18.0 (19467323)|HEAP_ALLOCATE|[95]|Bytes:3
12:30:18.0 (19511854)|HEAP_ALLOCATE|[100]|Bytes:152
12:30:18.0 (19524567)|HEAP_ALLOCATE|[417]|Bytes:408
12:30:18.0 (19535596)|HEAP_ALLOCATE|[430]|Bytes:408
12:30:18.0 (19555226)|HEAP_ALLOCATE|[317]|Bytes:6
12:30:18.0 (19580709)|HEAP_ALLOCATE|[EXTERNAL]|Bytes:9
12:30:18.0 (19638308)|STATEMENT_EXECUTE|[1]
12:30:18.0 (19640868)|STATEMENT_EXECUTE|[2]
12:30:18.0 (19642773)|HEAP_ALLOCATE|[2]|Bytes:19
12:30:18.0 (19722968)|HEAP_ALLOCATE|[2]|Bytes:56
12:30:18.0 (19784952)|VARIABLE_ASSIGNMENT|[2]|lastSyncTime|"2026-03-01T01:56:02.000Z"
12:30:18.0 (19788372)|STATEMENT_EXECUTE|[3]
12:30:18.0 (19823275)|HEAP_ALLOCATE|[68]|Bytes:5
12:30:18.0 (19852357)|HEAP_ALLOCATE|[74]|Bytes:5
12:30:18.0 (19859396)|HEAP_ALLOCATE|[82]|Bytes:7
12:30:18.0 (19875300)|SYSTEM_MODE_ENTER|false
12:30:18.0 (19899433)|HEAP_ALLOCATE|[4]|Bytes:5
12:30:18.0 (34378976)|VARIABLE_SCOPE_BEGIN|[5]|PORTERS_API_GetResumeData.BASE_URL|String|false|true
12:30:18.0 (34401662)|VARIABLE_SCOPE_BEGIN|[3]|PORTERS_API_GetResumeData.CLIENT_ID|String|false|true
12:30:18.0 (34407153)|VARIABLE_SCOPE_BEGIN|[4]|PORTERS_API_GetResumeData.DEFAULT_TOKEN_EXPIRES_SEC|Integer|false|true
12:30:18.0 (34411388)|VARIABLE_SCOPE_BEGIN|[2]|PORTERS_API_GetResumeData.TOKEN_ENDPOINT|String|false|true
12:30:18.0 (34436822)|HEAP_ALLOCATE|[4]|Bytes:16
12:30:18.0 (34445267)|HEAP_ALLOCATE|[4]|Bytes:22
12:30:18.0 (34447354)|HEAP_ALLOCATE|[4]|Bytes:36
12:30:18.0 (34469935)|VARIABLE_ASSIGNMENT|[4]|PORTERS_API_GetResumeData.BASE_URL|"https://api-hrbc-jp. (16 more) ..."
12:30:18.0 (34473789)|HEAP_ALLOCATE|[4]|Bytes:32
12:30:18.0 (34477399)|VARIABLE_ASSIGNMENT|[4]|PORTERS_API_GetResumeData.CLIENT_ID|"a8678131f29ea6faf1ca (12 more) ..."
12:30:18.0 (34480177)|HEAP_ALLOCATE|[4]|Bytes:45
12:30:18.0 (34483741)|VARIABLE_ASSIGNMENT|[4]|PORTERS_API_GetResumeData.TOKEN_ENDPOINT|"https://api-hrbc-jp. (25 more) ..."
12:30:18.0 (34508037)|METHOD_ENTRY|[1]|01pBK000001lFxV|PORTERS_API_GetResumeData.PORTERS_API_GetResumeData()
12:30:18.0 (34512861)|STATEMENT_EXECUTE|[1]
12:30:18.0 (34518343)|STATEMENT_EXECUTE|[1]
12:30:18.0 (34519419)|STATEMENT_EXECUTE|[4]
12:30:18.0 (34528368)|HEAP_ALLOCATE|[4]|Bytes:4
12:30:18.0 (34537533)|VARIABLE_ASSIGNMENT|[4]|PORTERS_API_GetResumeData.DEFAULT_TOKEN_EXPIRES_SEC|1800
12:30:18.0 (34539915)|STATEMENT_EXECUTE|[171]
12:30:18.0 (34546808)|METHOD_EXIT|[1]|PORTERS_API_GetResumeData
12:30:18.0 (34584989)|METHOD_ENTRY|[4]|01pBK000001lFxV|PORTERS_API_GetResumeData.getResumeData(Datetime, Integer)
12:30:18.0 (34611009)|VARIABLE_SCOPE_BEGIN|[7]|lastSyncTime|Datetime|false|false
12:30:18.0 (34616568)|VARIABLE_ASSIGNMENT|[7]|lastSyncTime|null
12:30:18.0 (34619346)|VARIABLE_SCOPE_BEGIN|[7]|start|Integer|false|false
12:30:18.0 (34623838)|VARIABLE_ASSIGNMENT|[7]|start|0
12:30:18.0 (34629889)|STATEMENT_EXECUTE|[7]
12:30:18.0 (34631191)|STATEMENT_EXECUTE|[8]
12:30:18.0 (34639931)|METHOD_ENTRY|[8]|01pBK000001lFxV|PORTERS_API_GetResumeData.buildFieldList()
12:30:18.0 (34677297)|STATEMENT_EXECUTE|[176]
12:30:18.0 (34678915)|STATEMENT_EXECUTE|[277]
12:30:18.0 (34682398)|HEAP_ALLOCATE|[277]|Bytes:65
12:30:18.0 (34693251)|METHOD_EXIT|[8]|01pBK000001lFxV|PORTERS_API_GetResumeData.buildFieldList()
12:30:18.0 (34697884)|VARIABLE_SCOPE_BEGIN|[8]|fields|String|false|false
12:30:18.0 (34707888)|VARIABLE_ASSIGNMENT|[8]|fields|"Resume.P_RegisterCha (45 more) ..."
12:30:18.0 (34710931)|STATEMENT_EXECUTE|[9]
12:30:18.0 (34713021)|VARIABLE_SCOPE_BEGIN|[9]|condition|String|false|false
12:30:18.0 (34719612)|VARIABLE_ASSIGNMENT|[9]|condition|""
12:30:18.0 (34723682)|STATEMENT_EXECUTE|[10]
12:30:18.0 (34725052)|STATEMENT_EXECUTE|[14]
12:30:18.0 (34750086)|HEAP_ALLOCATE|[14]|Bytes:4
12:30:18.0 (34764393)|HEAP_ALLOCATE|[15]|Bytes:9
12:30:18.0 (34809982)|HEAP_ALLOCATE|[15]|Bytes:4
12:30:18.0 (34850925)|HEAP_ALLOCATE|[16]|Bytes:5
12:30:18.0 (34860248)|HEAP_ALLOCATE|[16]|Bytes:2
12:30:18.0 (34867553)|HEAP_ALLOCATE|[17]|Bytes:5
12:30:18.0 (34873587)|HEAP_ALLOCATE|[17]|Bytes:1
12:30:18.0 (34880686)|HEAP_ALLOCATE|[18]|Bytes:5
12:30:18.0 (34885074)|HEAP_ALLOCATE|[19]|Bytes:9
12:30:18.0 (34886910)|HEAP_ALLOCATE|[19]|Bytes:8
12:30:18.0 (34891267)|VARIABLE_SCOPE_BEGIN|[14]|params|Map<String,String>|true|false
12:30:18.0 (34918799)|VARIABLE_ASSIGNMENT|[14]|params|{"partition":"2012","count":"10","start":"0","field":"Resume.P_RegisterCha (45 more) ...","itemstate":"existing"}|0x372b2ed6
12:30:18.0 (34939750)|STATEMENT_EXECUTE|[21]
12:30:18.0 (34940854)|STATEMENT_EXECUTE|[24]
12:30:18.0 (34945576)|HEAP_ALLOCATE|[24]|Bytes:11
12:30:18.0 (34952260)|METHOD_ENTRY|[24]|01pBK000001lFxV|PORTERS_API_GetResumeData.buildQueryString(Map<String,String>)
12:30:18.0 (34958870)|VARIABLE_SCOPE_BEGIN|[135]|params|Map<String,String>|true|false
12:30:18.0 (34966018)|VARIABLE_ASSIGNMENT|[135]|params|{"partition":"2012","count":"10","start":"0","field":"Resume.P_RegisterCha (45 more) ...","itemstate":"existing"}|0x372b2ed6
12:30:18.0 (34970685)|STATEMENT_EXECUTE|[135]
12:30:18.0 (34971603)|STATEMENT_EXECUTE|[136]
12:30:18.0 (35027943)|HEAP_ALLOCATE|[136]|Bytes:4
12:30:18.0 (35049468)|VARIABLE_SCOPE_BEGIN|[136]|pairs|List<String>|true|false
12:30:18.0 (35092108)|HEAP_ALLOCATE|[EXTERNAL]|Bytes:4
12:30:18.0 (35100292)|VARIABLE_ASSIGNMENT|[136]|pairs|[]|0x4b4bbaa7
12:30:18.0 (35132293)|HEAP_ALLOCATE|[137]|Bytes:57
12:30:18.0 (35194084)|HEAP_ALLOCATE|[137]|Bytes:5
12:30:18.0 (35208275)|VARIABLE_SCOPE_BEGIN|[137]|key|String|false|false
12:30:18.0 (35213597)|VARIABLE_ASSIGNMENT|[137]|key|"partition"
12:30:18.0 (35216550)|STATEMENT_EXECUTE|[137]
12:30:18.0 (35217499)|STATEMENT_EXECUTE|[138]
12:30:18.0 (35231577)|VARIABLE_SCOPE_BEGIN|[138]|value|String|false|false
12:30:18.0 (35236173)|VARIABLE_ASSIGNMENT|[138]|value|"2012"
12:30:18.0 (35248450)|STATEMENT_EXECUTE|[139]
12:30:18.0 (35249288)|STATEMENT_EXECUTE|[140]
12:30:18.0 (35250933)|HEAP_ALLOCATE|[140]|Bytes:1
12:30:18.0 (35253520)|HEAP_ALLOCATE|[140]|Bytes:5
12:30:18.0 (35273540)|HEAP_ALLOCATE|[140]|Bytes:15
12:30:18.0 (35281852)|SYSTEM_METHOD_ENTRY|[1]|EncodingUtil.EncodingUtil()
12:30:18.0 (35283742)|STATEMENT_EXECUTE|[1]
12:30:18.0 (35289872)|SYSTEM_METHOD_EXIT|[1]|EncodingUtil
12:30:18.0 (35295438)|METHOD_ENTRY|[140]||System.EncodingUtil.urlEncode(String, String)
12:30:18.0 (38062414)|METHOD_EXIT|[140]||System.EncodingUtil.urlEncode(String, String)
12:30:18.0 (38082927)|HEAP_ALLOCATE|[140]|Bytes:14
12:30:18.0 (38100640)|HEAP_ALLOCATE|[EXTERNAL]|Bytes:4
12:30:18.0 (38120444)|HEAP_ALLOCATE|[137]|Bytes:5
12:30:18.0 (38133984)|VARIABLE_SCOPE_BEGIN|[137]|key|String|false|false
12:30:18.0 (38148965)|VARIABLE_ASSIGNMENT|[137]|key|"count"
12:30:18.0 (38152792)|STATEMENT_EXECUTE|[137]
12:30:18.0 (38153879)|STATEMENT_EXECUTE|[138]
12:30:18.0 (38164426)|VARIABLE_SCOPE_BEGIN|[138]|value|String|false|false
12:30:18.0 (38168943)|VARIABLE_ASSIGNMENT|[138]|value|"10"
12:30:18.0 (38189765)|STATEMENT_EXECUTE|[139]
12:30:18.0 (38190678)|STATEMENT_EXECUTE|[140]
12:30:18.0 (38195814)|METHOD_ENTRY|[140]||System.EncodingUtil.urlEncode(String, String)
12:30:18.0 (38209922)|METHOD_EXIT|[140]||System.EncodingUtil.urlEncode(String, String)
12:30:18.0 (38212287)|HEAP_ALLOCATE|[140]|Bytes:8
12:30:18.0 (38215959)|HEAP_ALLOCATE|[EXTERNAL]|Bytes:4
12:30:18.0 (38221620)|HEAP_ALLOCATE|[137]|Bytes:5
12:30:18.0 (38225758)|VARIABLE_SCOPE_BEGIN|[137]|key|String|false|false
12:30:18.0 (38230699)|VARIABLE_ASSIGNMENT|[137]|key|"start"
12:30:18.0 (38232982)|STATEMENT_EXECUTE|[137]
12:30:18.0 (38233804)|STATEMENT_EXECUTE|[138]
12:30:18.0 (38239224)|VARIABLE_SCOPE_BEGIN|[138]|value|String|false|false
12:30:18.0 (38244913)|VARIABLE_ASSIGNMENT|[138]|value|"0"
12:30:18.0 (38255514)|STATEMENT_EXECUTE|[139]
12:30:18.0 (38256749)|STATEMENT_EXECUTE|[140]
12:30:18.0 (38259493)|METHOD_ENTRY|[140]||System.EncodingUtil.urlEncode(String, String)
12:30:18.0 (38273717)|METHOD_EXIT|[140]||System.EncodingUtil.urlEncode(String, String)
12:30:18.0 (38276939)|HEAP_ALLOCATE|[140]|Bytes:7
12:30:18.0 (38281710)|HEAP_ALLOCATE|[EXTERNAL]|Bytes:4
12:30:18.0 (38289205)|HEAP_ALLOCATE|[137]|Bytes:5
12:30:18.0 (38295105)|VARIABLE_SCOPE_BEGIN|[137]|key|String|false|false
12:30:18.0 (38301853)|VARIABLE_ASSIGNMENT|[137]|key|"field"
12:30:18.0 (38304897)|STATEMENT_EXECUTE|[137]
12:30:18.0 (38305972)|STATEMENT_EXECUTE|[138]
12:30:18.0 (38311506)|VARIABLE_SCOPE_BEGIN|[138]|value|String|false|false
12:30:18.0 (38319918)|VARIABLE_ASSIGNMENT|[138]|value|"Resume.P_RegisterCha (45 more) ..."
12:30:18.0 (38330104)|STATEMENT_EXECUTE|[139]
12:30:18.0 (38331021)|STATEMENT_EXECUTE|[140]
12:30:18.0 (38333008)|METHOD_ENTRY|[140]||System.EncodingUtil.urlEncode(String, String)
12:30:18.0 (38345870)|METHOD_EXIT|[140]||System.EncodingUtil.urlEncode(String, String)
12:30:18.0 (38348183)|HEAP_ALLOCATE|[140]|Bytes:79
12:30:18.0 (38351330)|HEAP_ALLOCATE|[EXTERNAL]|Bytes:4
12:30:18.0 (38356156)|HEAP_ALLOCATE|[137]|Bytes:5
12:30:18.0 (38359899)|VARIABLE_SCOPE_BEGIN|[137]|key|String|false|false
12:30:18.0 (38364278)|VARIABLE_ASSIGNMENT|[137]|key|"itemstate"
12:30:18.0 (38366436)|STATEMENT_EXECUTE|[137]
12:30:18.0 (38367250)|STATEMENT_EXECUTE|[138]
12:30:18.0 (38370855)|VARIABLE_SCOPE_BEGIN|[138]|value|String|false|false
12:30:18.0 (38375027)|VARIABLE_ASSIGNMENT|[138]|value|"existing"
12:30:18.0 (38382263)|STATEMENT_EXECUTE|[139]
12:30:18.0 (38383147)|STATEMENT_EXECUTE|[140]
12:30:18.0 (38384806)|METHOD_ENTRY|[140]||System.EncodingUtil.urlEncode(String, String)
12:30:18.0 (38393902)|METHOD_EXIT|[140]||System.EncodingUtil.urlEncode(String, String)
12:30:18.0 (38395909)|HEAP_ALLOCATE|[140]|Bytes:18
12:30:18.0 (38398817)|HEAP_ALLOCATE|[EXTERNAL]|Bytes:4
12:30:18.0 (38403333)|HEAP_ALLOCATE|[137]|Bytes:5
12:30:18.0 (38409562)|VARIABLE_ASSIGNMENT|[137]|key|null
12:30:18.0 (38412754)|STATEMENT_EXECUTE|[143]
12:30:18.0 (38414297)|HEAP_ALLOCATE|[143]|Bytes:1
12:30:18.0 (38458912)|HEAP_ALLOCATE|[143]|Bytes:5
12:30:18.0 (38464553)|HEAP_ALLOCATE|[143]|Bytes:14
12:30:18.0 (38467578)|HEAP_ALLOCATE|[143]|Bytes:5
12:30:18.0 (38469750)|HEAP_ALLOCATE|[143]|Bytes:8
12:30:18.0 (38472067)|HEAP_ALLOCATE|[143]|Bytes:5
12:30:18.0 (38474015)|HEAP_ALLOCATE|[143]|Bytes:7
12:30:18.0 (38476184)|HEAP_ALLOCATE|[143]|Bytes:5
12:30:18.0 (38478147)|HEAP_ALLOCATE|[143]|Bytes:79
12:30:18.0 (38480453)|HEAP_ALLOCATE|[143]|Bytes:5
12:30:18.0 (38482622)|HEAP_ALLOCATE|[143]|Bytes:18
12:30:18.0 (38484767)|HEAP_ALLOCATE|[143]|Bytes:5
12:30:18.0 (38487002)|HEAP_ALLOCATE|[143]|Bytes:130
12:30:18.0 (38493633)|METHOD_EXIT|[24]|01pBK000001lFxV|PORTERS_API_GetResumeData.buildQueryString(Map<String,String>)
12:30:18.0 (38497872)|HEAP_ALLOCATE|[24]|Bytes:177
12:30:18.0 (38500059)|VARIABLE_SCOPE_BEGIN|[24]|endpoint|String|false|false
12:30:18.0 (38506015)|VARIABLE_ASSIGNMENT|[24]|endpoint|"https://api-hrbc-jp. (157 more) ..."
12:30:18.0 (38508331)|STATEMENT_EXECUTE|[25]
12:30:18.0 (38534755)|VARIABLE_SCOPE_BEGIN|[25]|req|System.HttpRequest|true|false
12:30:18.0 (38705113)|VARIABLE_ASSIGNMENT|[25]|req|"System.HttpRequest[Endpoint=null, Method=null]"|0x50965449
12:30:18.0 (38709853)|STATEMENT_EXECUTE|[26]
12:30:18.0 (38759185)|STATEMENT_EXECUTE|[27]
12:30:18.0 (38761165)|HEAP_ALLOCATE|[27]|Bytes:3
12:30:18.0 (38771638)|STATEMENT_EXECUTE|[28]
12:30:18.0 (38782870)|METHOD_ENTRY|[28]|01pBK000001lFxV|PORTERS_API_GetResumeData.getAccessToken()
12:30:18.0 (38796785)|STATEMENT_EXECUTE|[40]
12:30:18.0 (38798296)|STATEMENT_EXECUTE|[41]
12:30:18.0 (38799391)|STATEMENT_EXECUTE|[41]
12:30:18.0 (38800493)|STATEMENT_EXECUTE|[43]
12:30:18.0 (38805044)|METHOD_ENTRY|[43]|01pBK000001lFxV|PORTERS_API_GetResumeData.getAuthorizationCode()
12:30:18.0 (38813343)|STATEMENT_EXECUTE|[53]
12:30:18.0 (38814525)|STATEMENT_EXECUTE|[54]
12:30:18.0 (38816567)|HEAP_ALLOCATE|[54]|Bytes:79
12:30:18.0 (38826305)|METHOD_ENTRY|[56]||System.EncodingUtil.urlEncode(String, String)
12:30:18.0 (38847948)|METHOD_EXIT|[56]||System.EncodingUtil.urlEncode(String, String)
12:30:18.0 (38851294)|HEAP_ALLOCATE|[57]|Bytes:7
12:30:18.0 (38855141)|HEAP_ALLOCATE|[57]|Bytes:48
12:30:18.0 (38857883)|METHOD_ENTRY|[57]||System.EncodingUtil.urlEncode(String, String)
12:30:18.0 (38870403)|METHOD_EXIT|[57]||System.EncodingUtil.urlEncode(String, String)
12:30:18.0 (38876622)|HEAP_ALLOCATE|[54]|Bytes:174
12:30:18.0 (38879178)|VARIABLE_SCOPE_BEGIN|[54]|endpoint|String|false|false
12:30:18.0 (38886750)|VARIABLE_ASSIGNMENT|[54]|endpoint|"https://api-hrbc-jp. (154 more) ..."
12:30:18.0 (38889084)|STATEMENT_EXECUTE|[59]
12:30:18.0 (38897389)|VARIABLE_SCOPE_BEGIN|[59]|req|System.HttpRequest|true|false
12:30:18.0 (38947179)|VARIABLE_ASSIGNMENT|[59]|req|"System.HttpRequest[Endpoint=null, Method=null]"|0x1d0f0125
12:30:18.0 (38950563)|STATEMENT_EXECUTE|[60]
12:30:18.0 (38962170)|STATEMENT_EXECUTE|[61]
12:30:18.0 (38968827)|STATEMENT_EXECUTE|[63]
12:30:18.0 (39055364)|CALLOUT_REQUEST|[63]|System.HttpRequest[Endpoint=https://api-hrbc-jp.porterscloud.com/v1/oauth?response_type=code_direct&app_id=a8678131f29ea6faf1caa908a0f51c38&scope=candidate_r%2Cresume_r%2Cuser_r%2Coption_r%2Cpartition_r, Method=GET]
12:30:18.0 (83696114)|HEAP_ALLOCATE|[EXTERNAL]|Bytes:348
12:30:18.0 (85241748)|CALLOUT_RESPONSE|[63]|System.HttpResponse[Status=OK, StatusCode=200]
12:30:18.0 (85269323)|HEAP_ALLOCATE|[63]|Bytes:181
12:30:18.0 (85301392)|VARIABLE_SCOPE_BEGIN|[63]|res|System.HttpResponse|true|false
12:30:18.0 (85361244)|VARIABLE_ASSIGNMENT|[63]|res|"System.HttpResponse[Status=OK, StatusCode=200]"|0x5ea7cc40
12:30:18.0 (85424713)|STATEMENT_EXECUTE|[66]
12:30:18.0 (85426854)|STATEMENT_EXECUTE|[70]
12:30:18.0 (85481871)|VARIABLE_SCOPE_BEGIN|[70]|doc|dom.Document|true|false
12:30:18.0 (85507851)|VARIABLE_ASSIGNMENT|[70]|doc|"Document[]"|0x6e48f854
12:30:18.0 (85510923)|STATEMENT_EXECUTE|[71]
12:30:18.0 (85538063)|HEAP_ALLOCATE|[71]|Bytes:175
12:30:18.0 (85707165)|HEAP_ALLOCATE|[72]|Bytes:4
12:30:18.0 (85710807)|HEAP_ALLOCATE|[72]|Bytes:4
12:30:18.0 (85712225)|HEAP_ALLOCATE|[72]|Bytes:4
12:30:18.0 (85713730)|HEAP_ALLOCATE|[72]|Bytes:4
12:30:18.0 (85778744)|HEAP_ALLOCATE|[72]|Bytes:5
12:30:18.0 (85796354)|HEAP_ALLOCATE|[72]|Bytes:4
12:30:18.0 (85803401)|VARIABLE_SCOPE_BEGIN|[72]|child|dom.XmlNode|true|false
12:30:18.0 (85858489)|VARIABLE_ASSIGNMENT|[72]|child|"XMLNode[ELEMENT,Code,null,null,null,[XMLNode[TEXT,null,null,null,null,null,d3a0f74e8d9d7d4108849ac2c8c01e15,]],null,]"|0x24a934a6
12:30:18.0 (85863086)|STATEMENT_EXECUTE|[72]
12:30:18.0 (85883339)|HEAP_ALLOCATE|[73]|Bytes:4
12:30:18.0 (85889125)|HEAP_ALLOCATE|[73]|Bytes:4
12:30:18.0 (85913922)|STATEMENT_EXECUTE|[73]
12:30:18.0 (85915024)|STATEMENT_EXECUTE|[74]
12:30:18.0 (85931865)|HEAP_ALLOCATE|[74]|Bytes:32
12:30:18.0 (85942713)|METHOD_EXIT|[43]|01pBK000001lFxV|PORTERS_API_GetResumeData.getAuthorizationCode()
12:30:18.0 (85947591)|VARIABLE_SCOPE_BEGIN|[43]|authCode|String|false|false
12:30:18.0 (85957172)|VARIABLE_ASSIGNMENT|[43]|authCode|"d3a0f74e8d9d7d410884 (12 more) ..."
12:30:18.0 (85959835)|STATEMENT_EXECUTE|[45]
12:30:18.0 (86007840)|METHOD_ENTRY|[45]|01pBK000001lFxV|PORTERS_API_GetResumeData.getAccessTokenFromCode(String)
12:30:18.0 (86029639)|VARIABLE_SCOPE_BEGIN|[80]|authCode|String|false|false
12:30:18.0 (86035103)|VARIABLE_ASSIGNMENT|[80]|authCode|"d3a0f74e8d9d7d410884 (12 more) ..."
12:30:18.0 (86041085)|STATEMENT_EXECUTE|[80]
12:30:18.0 (86042249)|STATEMENT_EXECUTE|[81]
12:30:18.0 (120187828)|VARIABLE_SCOPE_BEGIN|[2]|SecretUtil.FIXED_KEY_BASE64|String|false|true
12:30:18.0 (120231233)|VARIABLE_SCOPE_BEGIN|[3]|SecretUtil.cryptoKey|Blob|false|true
12:30:18.0 (120253774)|HEAP_ALLOCATE|[81]|Bytes:92
12:30:18.0 (120263341)|HEAP_ALLOCATE|[81]|Bytes:6
12:30:18.0 (120265486)|HEAP_ALLOCATE|[81]|Bytes:44
12:30:18.0 (120286991)|VARIABLE_ASSIGNMENT|[81]|SecretUtil.FIXED_KEY_BASE64|"mbTLdmVLN3dVjExO0zaB (24 more) ..."
12:30:18.0 (120315696)|METHOD_ENTRY|[1]|01pBK000001Z5HD|SecretUtil.SecretUtil()
12:30:18.0 (120320711)|STATEMENT_EXECUTE|[1]
12:30:18.0 (120325394)|STATEMENT_EXECUTE|[1]
12:30:18.0 (120334470)|SYSTEM_MODE_ENTER|true
12:30:18.0 (120346053)|HEAP_ALLOCATE|[81]|Bytes:5
12:30:18.0 (120351747)|SYSTEM_MODE_EXIT|true
12:30:18.0 (120361508)|METHOD_EXIT|[1]|SecretUtil
12:30:18.0 (120382867)|METHOD_ENTRY|[81]|01pBK000001Z5HD|SecretUtil.getDecryptedSecret()
12:30:18.0 (120413250)|SYSTEM_MODE_ENTER|true
12:30:18.0 (120415672)|HEAP_ALLOCATE|[19]|Bytes:5
12:30:18.0 (120420385)|STATEMENT_EXECUTE|[18]
12:30:18.0 (120471963)|HEAP_ALLOCATE|[19]|Bytes:118
12:30:18.0 (120476965)|SYSTEM_METHOD_ENTRY|[1]|Test.Test()
12:30:18.0 (120478911)|STATEMENT_EXECUTE|[1]
12:30:18.0 (120484266)|SYSTEM_METHOD_EXIT|[1]|Test
12:30:18.0 (120488904)|METHOD_ENTRY|[19]||System.Test.isRunningTest()
12:30:18.0 (120528199)|METHOD_EXIT|[19]||System.Test.isRunningTest()
12:30:18.0 (120532207)|STATEMENT_EXECUTE|[19]
12:30:18.0 (120533984)|STATEMENT_EXECUTE|[23]
12:30:18.0 (122075941)|HEAP_ALLOCATE|[23]|Bytes:72
12:30:18.0 (122099946)|VARIABLE_SCOPE_BEGIN|[23]|settings|PORTERS_Settings__c|true|false
12:30:18.0 (122293198)|VARIABLE_ASSIGNMENT|[23]|settings|{"LastModifiedDate":"2026-04-03T02:18:51.000Z","IsDeleted":false,"LastSyncTime__c":"2026-04-03T02:18:51.000Z","Client_Secret__c":"sPeXbzmOIRQwl4zKeRFR (108 more) ...","PARTITION_ID__c":2012.0,"API_Call_Count__c":2.0,"Token_Expires_At__c":"2026-03-31T10:09:06.000Z","SetupOwnerId":"00DBK000004uTTF2A2","Access_Token__c":"eba88d5229388a807c43 (12 more) ...","Name":"a0PBK000008oB5J","SystemModstamp":"2026-04-03T02:18:51.000Z","Is_Development_Mode__c":true,"CreatedById":"0057F0000042UBbQAM","CreatedDate":"2026-03-05T03:24:41.000Z","Last_Call_Timestamp__c":"2026-03-31T09:39:06.000Z","Id":"a0PBK000008oB5J2AU","LastModifiedById":"0057F0000042UBbQAM"}|0x10e461bc
12:30:18.0 (122378729)|STATEMENT_EXECUTE|[24]
12:30:18.0 (122380443)|STATEMENT_EXECUTE|[26]
12:30:18.0 (122392404)|METHOD_ENTRY|[26]||System.EncodingUtil.base64Decode(String)
12:30:18.0 (122462687)|METHOD_EXIT|[26]||System.EncodingUtil.base64Decode(String)
12:30:18.0 (122465894)|VARIABLE_SCOPE_BEGIN|[26]|encryptedBlob|Blob|false|false
12:30:18.0 (122482149)|VARIABLE_ASSIGNMENT|[26]|encryptedBlob|BLOB(96 bytes)
12:30:18.0 (122484451)|STATEMENT_EXECUTE|[27]
12:30:18.0 (122487337)|HEAP_ALLOCATE|[27]|Bytes:6
12:30:18.0 (122510731)|HEAP_ALLOCATE|[5]|Bytes:5
12:30:18.0 (122513113)|STATEMENT_EXECUTE|[4]
12:30:18.0 (122514023)|STATEMENT_EXECUTE|[5]
12:30:18.0 (122520395)|METHOD_ENTRY|[5]||System.EncodingUtil.base64Decode(String)
12:30:18.0 (122540941)|METHOD_EXIT|[5]||System.EncodingUtil.base64Decode(String)
12:30:18.0 (122592304)|HEAP_ALLOCATE|[27]|Bytes:55
12:30:18.0 (122603061)|SYSTEM_METHOD_ENTRY|[1]|Crypto.Crypto()
12:30:18.0 (122605046)|STATEMENT_EXECUTE|[1]
12:30:18.0 (122610051)|SYSTEM_METHOD_EXIT|[1]|Crypto
12:30:18.0 (122616331)|METHOD_ENTRY|[27]||System.Crypto.decryptWithManagedIV(String, Blob, Blob)
12:30:18.0 (123341430)|METHOD_EXIT|[27]||System.Crypto.decryptWithManagedIV(String, Blob, Blob)
12:30:18.0 (123350016)|VARIABLE_SCOPE_BEGIN|[27]|decryptedBlob|Blob|false|false
12:30:18.0 (123364864)|VARIABLE_ASSIGNMENT|[27]|decryptedBlob|BLOB(64 bytes)
12:30:18.0 (123368060)|STATEMENT_EXECUTE|[28]
12:30:18.0 (123411211)|HEAP_ALLOCATE|[28]|Bytes:64
12:30:18.0 (123420609)|SYSTEM_MODE_EXIT|true
12:30:18.0 (123429086)|METHOD_EXIT|[81]|01pBK000001Z5HD|SecretUtil.getDecryptedSecret()
12:30:18.0 (123432347)|VARIABLE_SCOPE_BEGIN|[81]|clientSecret|String|false|false
12:30:18.0 (123441558)|VARIABLE_ASSIGNMENT|[81]|clientSecret|"7986ef9caa80a97f988f (44 more) ..."
12:30:18.0 (123458740)|STATEMENT_EXECUTE|[82]
12:30:18.0 (123459870)|STATEMENT_EXECUTE|[86]
12:30:18.0 (123483431)|VARIABLE_SCOPE_BEGIN|[86]|req|System.HttpRequest|true|false
12:30:18.0 (123535337)|VARIABLE_ASSIGNMENT|[86]|req|"System.HttpRequest[Endpoint=null, Method=null]"|0x5473798b
12:30:18.0 (123538757)|STATEMENT_EXECUTE|[87]
12:30:18.0 (123590194)|STATEMENT_EXECUTE|[88]
12:30:18.0 (123592942)|HEAP_ALLOCATE|[88]|Bytes:4
12:30:18.0 (123604124)|STATEMENT_EXECUTE|[89]
12:30:18.0 (123605451)|HEAP_ALLOCATE|[89]|Bytes:12
12:30:18.0 (123607655)|HEAP_ALLOCATE|[89]|Bytes:33
12:30:18.0 (123620263)|STATEMENT_EXECUTE|[91]
12:30:18.0 (123621514)|HEAP_ALLOCATE|[91]|Bytes:29
12:30:18.0 (123630625)|METHOD_ENTRY|[92]||System.EncodingUtil.urlEncode(String, String)
12:30:18.0 (123655318)|METHOD_EXIT|[92]||System.EncodingUtil.urlEncode(String, String)
12:30:18.0 (123657470)|HEAP_ALLOCATE|[93]|Bytes:8
12:30:18.0 (123660433)|METHOD_ENTRY|[93]||System.EncodingUtil.urlEncode(String, String)
12:30:18.0 (123671144)|METHOD_EXIT|[93]||System.EncodingUtil.urlEncode(String, String)
12:30:18.0 (123673251)|HEAP_ALLOCATE|[94]|Bytes:6
12:30:18.0 (123675956)|METHOD_ENTRY|[94]||System.EncodingUtil.urlEncode(String, String)
12:30:18.0 (123685573)|METHOD_EXIT|[94]||System.EncodingUtil.urlEncode(String, String)
12:30:18.0 (123694792)|HEAP_ALLOCATE|[91]|Bytes:171
12:30:18.0 (123723599)|STATEMENT_EXECUTE|[96]
12:30:18.0 (123775813)|CALLOUT_REQUEST|[96]|System.HttpRequest[Endpoint=https://api-hrbc-jp.porterscloud.com/v1/token, Method=POST]
12:30:18.0 (152499402)|HEAP_ALLOCATE|[EXTERNAL]|Bytes:529
12:30:18.0 (153419585)|CALLOUT_RESPONSE|[96]|System.HttpResponse[Status=OK, StatusCode=200]
12:30:18.0 (153460230)|HEAP_ALLOCATE|[96]|Bytes:362
12:30:18.0 (153489312)|VARIABLE_SCOPE_BEGIN|[96]|res|System.HttpResponse|true|false
12:30:18.0 (153548770)|VARIABLE_ASSIGNMENT|[96]|res|"System.HttpResponse[Status=OK, StatusCode=200]"|0x73c33ef7
12:30:18.0 (153610773)|STATEMENT_EXECUTE|[99]
12:30:18.0 (153612915)|STATEMENT_EXECUTE|[103]
12:30:18.0 (153648275)|VARIABLE_SCOPE_BEGIN|[103]|doc|dom.Document|true|false
12:30:18.0 (153671055)|VARIABLE_ASSIGNMENT|[103]|doc|"Document[]"|0x680334a
12:30:18.0 (153674519)|STATEMENT_EXECUTE|[104]
12:30:18.0 (153706921)|HEAP_ALLOCATE|[104]|Bytes:356
12:30:18.0 (153779529)|STATEMENT_EXECUTE|[105]
12:30:18.0 (153795033)|VARIABLE_SCOPE_BEGIN|[105]|root|dom.XmlNode|true|false
12:30:18.0 (153858657)|VARIABLE_ASSIGNMENT|[105]|root|"XMLNode[ELEMENT,Authentication,null,null,null,[XMLNode[ELEMENT,AccessToken,null,null,null,[XMLNode[TEXT,null,null,null,null,null,66c62f8831f6253ae4358c03fd6535c1,]],null,], XMLNode[ELEMENT,AccessTokenExpiresIn,null,null,null,[XMLNode[TEXT,null,null,null,null,null,1800000,]],null,], XMLNode[ELEMENT,RefreshToken,null,null,null,[XMLNode[TEXT,null,null,null,null,null,dde076e8c9d1ee3986fd807f157a9852,]],null,], XMLNode[ELEMENT,RefreshTokenExpiresIn,null,null,null,[XMLNode[TEXT,null,null,null,null,null,7200000,]],null,], XMLNode[ELEMENT,Error,null,null,null,[XMLNode[TEXT,null,null,null,null,null,0,]],null,], XMLNode[ELEMENT,Message,null,null,null,[XMLNode[TEXT,null,null,null,null,null,Success,]],null,]],null,]"|0x166f007c
12:30:18.0 (153866003)|STATEMENT_EXECUTE|[107]
12:30:18.0 (153870645)|VARIABLE_SCOPE_BEGIN|[107]|accessToken|String|false|false
12:30:18.0 (153878483)|VARIABLE_ASSIGNMENT|[107]|accessToken|""
12:30:18.0 (153881102)|STATEMENT_EXECUTE|[108]
12:30:18.0 (153882621)|VARIABLE_SCOPE_BEGIN|[108]|errorCode|String|false|false
12:30:18.0 (153889015)|VARIABLE_ASSIGNMENT|[108]|errorCode|null
12:30:18.0 (153891223)|STATEMENT_EXECUTE|[109]
12:30:18.0 (153892305)|VARIABLE_SCOPE_BEGIN|[109]|errorMessage|String|false|false
12:30:18.0 (153896619)|VARIABLE_ASSIGNMENT|[109]|errorMessage|null
12:30:18.0 (153951018)|HEAP_ALLOCATE|[111]|Bytes:4
12:30:18.0 (153954105)|HEAP_ALLOCATE|[111]|Bytes:4
12:30:18.0 (153955558)|HEAP_ALLOCATE|[111]|Bytes:4
12:30:18.0 (153957203)|HEAP_ALLOCATE|[111]|Bytes:4
12:30:18.0 (153958516)|HEAP_ALLOCATE|[111]|Bytes:4
12:30:18.0 (153960033)|HEAP_ALLOCATE|[111]|Bytes:4
12:30:18.0 (153961313)|HEAP_ALLOCATE|[111]|Bytes:4
12:30:18.0 (154048875)|HEAP_ALLOCATE|[111]|Bytes:5
12:30:18.0 (154066102)|HEAP_ALLOCATE|[111]|Bytes:11
12:30:18.0 (154073634)|VARIABLE_SCOPE_BEGIN|[111]|child|dom.XmlNode|true|false
12:30:18.0 (154100616)|VARIABLE_ASSIGNMENT|[111]|child|"XMLNode[ELEMENT,AccessToken,null,null,null,[XMLNode[TEXT,null,null,null,null,null,66c62f8831f6253ae4358c03fd6535c1,]],null,]"|0x5d323139
12:30:18.0 (154105309)|STATEMENT_EXECUTE|[111]
12:30:18.0 (154106327)|STATEMENT_EXECUTE|[112]
12:30:18.0 (154123106)|HEAP_ALLOCATE|[112]|Bytes:11
12:30:18.0 (154126414)|VARIABLE_SCOPE_BEGIN|[112]|nodeName|String|false|false
12:30:18.0 (154132234)|VARIABLE_ASSIGNMENT|[112]|nodeName|"AccessToken"
12:30:18.0 (154136291)|HEAP_ALLOCATE|[113]|Bytes:5
12:30:18.0 (154163526)|HEAP_ALLOCATE|[115]|Bytes:7
12:30:18.0 (154168851)|HEAP_ALLOCATE|[117]|Bytes:11
12:30:18.0 (154172256)|STATEMENT_EXECUTE|[117]
12:30:18.0 (154173400)|STATEMENT_EXECUTE|[118]
12:30:18.0 (154188941)|HEAP_ALLOCATE|[118]|Bytes:32
12:30:18.0 (154194908)|VARIABLE_ASSIGNMENT|[118]|accessToken|"66c62f8831f6253ae435 (12 more) ..."
12:30:18.0 (154201297)|HEAP_ALLOCATE|[111]|Bytes:5
12:30:18.0 (154206470)|HEAP_ALLOCATE|[111]|Bytes:20
12:30:18.0 (154209280)|VARIABLE_SCOPE_BEGIN|[111]|child|dom.XmlNode|true|false
12:30:18.0 (154230641)|VARIABLE_ASSIGNMENT|[111]|child|"XMLNode[ELEMENT,AccessTokenExpiresIn,null,null,null,[XMLNode[TEXT,null,null,null,null,null,1800000,]],null,]"|0x37ec88ee
12:30:18.0 (154233691)|STATEMENT_EXECUTE|[111]
12:30:18.0 (154234548)|STATEMENT_EXECUTE|[112]
12:30:18.0 (154238291)|HEAP_ALLOCATE|[112]|Bytes:20
12:30:18.0 (154241311)|VARIABLE_SCOPE_BEGIN|[112]|nodeName|String|false|false
12:30:18.0 (154246143)|VARIABLE_ASSIGNMENT|[112]|nodeName|"AccessTokenExpiresIn"
12:30:18.0 (154259626)|STATEMENT_EXECUTE|[113]
12:30:18.0 (154262911)|HEAP_ALLOCATE|[111]|Bytes:5
12:30:18.0 (154266933)|HEAP_ALLOCATE|[111]|Bytes:12
12:30:18.0 (154269283)|VARIABLE_SCOPE_BEGIN|[111]|child|dom.XmlNode|true|false
12:30:18.0 (154288761)|VARIABLE_ASSIGNMENT|[111]|child|"XMLNode[ELEMENT,RefreshToken,null,null,null,[XMLNode[TEXT,null,null,null,null,null,dde076e8c9d1ee3986fd807f157a9852,]],null,]"|0x3071e73a
12:30:18.0 (154292075)|STATEMENT_EXECUTE|[111]
12:30:18.0 (154292877)|STATEMENT_EXECUTE|[112]
12:30:18.0 (154295998)|HEAP_ALLOCATE|[112]|Bytes:12
12:30:18.0 (154298895)|VARIABLE_SCOPE_BEGIN|[112]|nodeName|String|false|false
12:30:18.0 (154303174)|VARIABLE_ASSIGNMENT|[112]|nodeName|"RefreshToken"
12:30:18.0 (154310708)|STATEMENT_EXECUTE|[113]
12:30:18.0 (154313671)|HEAP_ALLOCATE|[111]|Bytes:5
12:30:18.0 (154317593)|HEAP_ALLOCATE|[111]|Bytes:21
12:30:18.0 (154319987)|VARIABLE_SCOPE_BEGIN|[111]|child|dom.XmlNode|true|false
12:30:18.0 (154338562)|VARIABLE_ASSIGNMENT|[111]|child|"XMLNode[ELEMENT,RefreshTokenExpiresIn,null,null,null,[XMLNode[TEXT,null,null,null,null,null,7200000,]],null,]"|0x5ef36da8
12:30:18.0 (154341485)|STATEMENT_EXECUTE|[111]
12:30:18.0 (154342296)|STATEMENT_EXECUTE|[112]
12:30:18.0 (154345197)|HEAP_ALLOCATE|[112]|Bytes:21
12:30:18.0 (154348093)|VARIABLE_SCOPE_BEGIN|[112]|nodeName|String|false|false
12:30:18.0 (154352982)|VARIABLE_ASSIGNMENT|[112]|nodeName|"RefreshTokenExpiresI (1 more) ..."
12:30:18.0 (154360390)|STATEMENT_EXECUTE|[113]
12:30:18.0 (154363297)|HEAP_ALLOCATE|[111]|Bytes:5
12:30:18.0 (154367237)|HEAP_ALLOCATE|[111]|Bytes:5
12:30:18.0 (154369535)|VARIABLE_SCOPE_BEGIN|[111]|child|dom.XmlNode|true|false
12:30:18.0 (154395405)|VARIABLE_ASSIGNMENT|[111]|child|"XMLNode[ELEMENT,Error,null,null,null,[XMLNode[TEXT,null,null,null,null,null,0,]],null,]"|0x128434b6
12:30:18.0 (154400553)|STATEMENT_EXECUTE|[111]
12:30:18.0 (154401897)|STATEMENT_EXECUTE|[112]
12:30:18.0 (154407225)|HEAP_ALLOCATE|[112]|Bytes:5
12:30:18.0 (154411605)|VARIABLE_SCOPE_BEGIN|[112]|nodeName|String|false|false
12:30:18.0 (154418060)|VARIABLE_ASSIGNMENT|[112]|nodeName|"Error"
12:30:18.0 (154423759)|STATEMENT_EXECUTE|[113]
12:30:18.0 (154425155)|STATEMENT_EXECUTE|[114]
12:30:18.0 (154436789)|HEAP_ALLOCATE|[114]|Bytes:1
12:30:18.0 (154442564)|VARIABLE_ASSIGNMENT|[114]|errorCode|"0"
12:30:18.0 (154449537)|HEAP_ALLOCATE|[111]|Bytes:5
12:30:18.0 (154456328)|HEAP_ALLOCATE|[111]|Bytes:7
12:30:18.0 (154459506)|VARIABLE_SCOPE_BEGIN|[111]|child|dom.XmlNode|true|false
12:30:18.0 (154481396)|VARIABLE_ASSIGNMENT|[111]|child|"XMLNode[ELEMENT,Message,null,null,null,[XMLNode[TEXT,null,null,null,null,null,Success,]],null,]"|0x41fc65f0
12:30:18.0 (154484767)|STATEMENT_EXECUTE|[111]
12:30:18.0 (154485610)|STATEMENT_EXECUTE|[112]
12:30:18.0 (154489279)|HEAP_ALLOCATE|[112]|Bytes:7
12:30:18.0 (154492774)|VARIABLE_SCOPE_BEGIN|[112]|nodeName|String|false|false
12:30:18.0 (154497286)|VARIABLE_ASSIGNMENT|[112]|nodeName|"Message"
12:30:18.0 (154502669)|STATEMENT_EXECUTE|[115]
12:30:18.0 (154503571)|STATEMENT_EXECUTE|[116]
12:30:18.0 (154510815)|HEAP_ALLOCATE|[116]|Bytes:7
12:30:18.0 (154515002)|VARIABLE_ASSIGNMENT|[116]|errorMessage|"Success"
12:30:18.0 (154519559)|HEAP_ALLOCATE|[111]|Bytes:5
12:30:18.0 (154524809)|VARIABLE_ASSIGNMENT|[111]|child|null|
12:30:18.0 (154529360)|HEAP_ALLOCATE|[122]|Bytes:1
12:30:18.0 (154536351)|STATEMENT_EXECUTE|[122]
12:30:18.0 (154587057)|HEAP_ALLOCATE|[126]|Bytes:4
12:30:18.0 (154592548)|STATEMENT_EXECUTE|[126]
12:30:18.0 (154593643)|STATEMENT_EXECUTE|[130]
12:30:18.0 (154600513)|METHOD_EXIT|[45]|01pBK000001lFxV|PORTERS_API_GetResumeData.getAccessTokenFromCode(String)
12:30:18.0 (154604097)|VARIABLE_SCOPE_BEGIN|[45]|tokenResult|String|false|false
12:30:18.0 (154672123)|VARIABLE_ASSIGNMENT|[45]|tokenResult|"66c62f8831f6253ae435 (12 more) ..."
12:30:18.0 (154674911)|STATEMENT_EXECUTE|[47]
12:30:18.0 (154678135)|METHOD_EXIT|[28]|01pBK000001lFxV|PORTERS_API_GetResumeData.getAccessToken()
12:30:18.0 (154681233)|VARIABLE_SCOPE_BEGIN|[28]|token|String|false|false
12:30:18.0 (154685977)|VARIABLE_ASSIGNMENT|[28]|token|"66c62f8831f6253ae435 (12 more) ..."
12:30:18.0 (154688293)|STATEMENT_EXECUTE|[29]
12:30:18.0 (154690088)|HEAP_ALLOCATE|[29]|Bytes:26
12:30:18.0 (154719565)|STATEMENT_EXECUTE|[30]
12:30:18.0 (154721475)|HEAP_ALLOCATE|[30]|Bytes:30
12:30:18.0 (154733529)|STATEMENT_EXECUTE|[31]
12:30:18.0 (154734856)|HEAP_ALLOCATE|[31]|Bytes:22
12:30:18.0 (154736941)|HEAP_ALLOCATE|[31]|Bytes:1
12:30:18.0 (154743734)|STATEMENT_EXECUTE|[32]
12:30:18.0 (154755656)|VARIABLE_SCOPE_BEGIN|[32]|http|System.Http|true|false
12:30:18.0 (154785787)|VARIABLE_ASSIGNMENT|[32]|http|"System.Http[]"|0x7e0b02c2
12:30:18.0 (154788777)|STATEMENT_EXECUTE|[33]
12:30:18.0 (154836685)|CALLOUT_REQUEST|[33]|System.HttpRequest[Endpoint=https://api-hrbc-jp.porterscloud.com/v1/resume?partition=2012&count=10&start=0&field=Resume.P_RegisterChannel%2CResume.P_Id%2CResume.P_Mail%28Person.P_Mail%29&itemstate=existing, Method=GET]
12:30:18.0 (214191619)|HEAP_ALLOCATE|[EXTERNAL]|Bytes:294
12:30:18.0 (215307315)|CALLOUT_RESPONSE|[33]|System.HttpResponse[Status=OK, StatusCode=200]
12:30:18.0 (215336495)|HEAP_ALLOCATE|[33]|Bytes:127
12:30:18.0 (215366018)|VARIABLE_SCOPE_BEGIN|[33]|res|System.HttpResponse|true|false
12:30:18.0 (215424050)|VARIABLE_ASSIGNMENT|[33]|res|"System.HttpResponse[Status=OK, StatusCode=200]"|0xf2cc548
12:30:18.0 (215487286)|STATEMENT_EXECUTE|[34]
12:30:18.0 (215488482)|STATEMENT_EXECUTE|[35]
12:30:18.0 (215510402)|HEAP_ALLOCATE|[35]|Bytes:121
12:30:18.0 (215544236)|METHOD_ENTRY|[35]|01pBK000001lFxV|PORTERS_API_GetResumeData.parseXml(String)
12:30:18.0 (215551702)|VARIABLE_SCOPE_BEGIN|[145]|xml|String|false|false
12:30:18.0 (215562066)|VARIABLE_ASSIGNMENT|[145]|xml|"<?xml version=\"1.0\"  (101 more) ..."
12:30:18.0 (215567817)|STATEMENT_EXECUTE|[145]
12:30:18.0 (215569274)|STATEMENT_EXECUTE|[146]
12:30:18.0 (215577986)|HEAP_ALLOCATE|[146]|Bytes:7
12:30:18.0 (215584890)|HEAP_ALLOCATE|[146]|Bytes:112
12:30:18.0 (215588326)|HEAP_ALLOCATE|[146]|Bytes:7
12:30:18.0 (215590974)|HEAP_ALLOCATE|[146]|Bytes:3
12:30:18.0 (215615947)|METHOD_ENTRY|[1]|01pBK000001lEer|PORTERS_DTO_ResumeDateResponse.PORTERS_DTO_ResumeDateResponse()
12:30:18.0 (215618392)|STATEMENT_EXECUTE|[1]
12:30:18.0 (215621440)|STATEMENT_EXECUTE|[1]
12:30:18.0 (215622550)|STATEMENT_EXECUTE|[6]
12:30:18.0 (215641596)|HEAP_ALLOCATE|[6]|Bytes:4
12:30:18.0 (215652725)|HEAP_ALLOCATE|[7]|Bytes:24
12:30:18.0 (215658342)|HEAP_ALLOCATE|[7]|Bytes:21
12:30:18.0 (215708858)|HEAP_ALLOCATE|[8]|Bytes:39
12:30:18.0 (215710939)|HEAP_ALLOCATE|[8]|Bytes:21
12:30:18.0 (215715763)|HEAP_ALLOCATE|[9]|Bytes:39
12:30:18.0 (215717569)|HEAP_ALLOCATE|[9]|Bytes:21
12:30:18.0 (215726035)|HEAP_ALLOCATE|[10]|Bytes:39
12:30:18.0 (215728037)|HEAP_ALLOCATE|[10]|Bytes:24
12:30:18.0 (215732400)|HEAP_ALLOCATE|[11]|Bytes:11
12:30:18.0 (215734167)|HEAP_ALLOCATE|[11]|Bytes:11
12:30:18.0 (215738129)|HEAP_ALLOCATE|[12]|Bytes:39
12:30:18.0 (215739862)|HEAP_ALLOCATE|[12]|Bytes:21
12:30:18.0 (215743820)|HEAP_ALLOCATE|[13]|Bytes:18
12:30:18.0 (215745721)|HEAP_ALLOCATE|[13]|Bytes:16
12:30:18.0 (215749828)|HEAP_ALLOCATE|[14]|Bytes:39
12:30:18.0 (215751511)|HEAP_ALLOCATE|[14]|Bytes:15
12:30:18.0 (215755598)|HEAP_ALLOCATE|[15]|Bytes:18
12:30:18.0 (215757292)|HEAP_ALLOCATE|[15]|Bytes:11
12:30:18.0 (215761084)|HEAP_ALLOCATE|[16]|Bytes:20
12:30:18.0 (215763135)|HEAP_ALLOCATE|[16]|Bytes:18
12:30:18.0 (215767042)|HEAP_ALLOCATE|[17]|Bytes:15
12:30:18.0 (215769072)|HEAP_ALLOCATE|[17]|Bytes:9
12:30:18.0 (215773080)|HEAP_ALLOCATE|[18]|Bytes:39
12:30:18.0 (215775012)|HEAP_ALLOCATE|[18]|Bytes:13
12:30:18.0 (215778960)|HEAP_ALLOCATE|[19]|Bytes:39
12:30:18.0 (215780989)|HEAP_ALLOCATE|[19]|Bytes:13
12:30:18.0 (215785315)|HEAP_ALLOCATE|[20]|Bytes:39
12:30:18.0 (215787051)|HEAP_ALLOCATE|[20]|Bytes:17
12:30:18.0 (215791033)|HEAP_ALLOCATE|[21]|Bytes:14
12:30:18.0 (215792907)|HEAP_ALLOCATE|[21]|Bytes:14
12:30:18.0 (215796727)|HEAP_ALLOCATE|[22]|Bytes:18
12:30:18.0 (215798750)|HEAP_ALLOCATE|[22]|Bytes:18
12:30:18.0 (215802856)|HEAP_ALLOCATE|[23]|Bytes:39
12:30:18.0 (215804654)|HEAP_ALLOCATE|[23]|Bytes:22
12:30:18.0 (215808579)|HEAP_ALLOCATE|[24]|Bytes:39
12:30:18.0 (215810364)|HEAP_ALLOCATE|[24]|Bytes:26
12:30:18.0 (215814247)|HEAP_ALLOCATE|[25]|Bytes:18
12:30:18.0 (215816210)|HEAP_ALLOCATE|[25]|Bytes:18
12:30:18.0 (215820322)|HEAP_ALLOCATE|[26]|Bytes:39
12:30:18.0 (215822101)|HEAP_ALLOCATE|[26]|Bytes:17
12:30:18.0 (215826272)|HEAP_ALLOCATE|[27]|Bytes:27
12:30:18.0 (215828130)|HEAP_ALLOCATE|[27]|Bytes:18
12:30:18.0 (215832172)|HEAP_ALLOCATE|[28]|Bytes:24
12:30:18.0 (215833987)|HEAP_ALLOCATE|[28]|Bytes:24
12:30:18.0 (215837857)|HEAP_ALLOCATE|[29]|Bytes:13
12:30:18.0 (215839693)|HEAP_ALLOCATE|[29]|Bytes:18
12:30:18.0 (215843607)|HEAP_ALLOCATE|[30]|Bytes:19
12:30:18.0 (215845396)|HEAP_ALLOCATE|[30]|Bytes:24
12:30:18.0 (215849529)|HEAP_ALLOCATE|[31]|Bytes:39
12:30:18.0 (215853187)|HEAP_ALLOCATE|[31]|Bytes:20
12:30:18.0 (215857907)|HEAP_ALLOCATE|[32]|Bytes:39
12:30:18.0 (215859777)|HEAP_ALLOCATE|[32]|Bytes:18
12:30:18.0 (215863569)|HEAP_ALLOCATE|[33]|Bytes:22
12:30:18.0 (215865459)|HEAP_ALLOCATE|[33]|Bytes:19
12:30:18.0 (215869486)|HEAP_ALLOCATE|[34]|Bytes:24
12:30:18.0 (215871214)|HEAP_ALLOCATE|[34]|Bytes:26
12:30:18.0 (215875115)|HEAP_ALLOCATE|[35]|Bytes:39
12:30:18.0 (215876952)|HEAP_ALLOCATE|[35]|Bytes:29
12:30:18.0 (215880995)|HEAP_ALLOCATE|[36]|Bytes:39
12:30:18.0 (215882700)|HEAP_ALLOCATE|[36]|Bytes:18
12:30:18.0 (215886487)|HEAP_ALLOCATE|[37]|Bytes:39
12:30:18.0 (215888201)|HEAP_ALLOCATE|[37]|Bytes:13
12:30:18.0 (215892021)|HEAP_ALLOCATE|[38]|Bytes:39
12:30:18.0 (215893886)|HEAP_ALLOCATE|[38]|Bytes:12
12:30:18.0 (215897744)|HEAP_ALLOCATE|[39]|Bytes:39
12:30:18.0 (215899531)|HEAP_ALLOCATE|[39]|Bytes:18
12:30:18.0 (215903447)|HEAP_ALLOCATE|[40]|Bytes:39
12:30:18.0 (215905061)|HEAP_ALLOCATE|[40]|Bytes:17
12:30:18.0 (215908866)|HEAP_ALLOCATE|[41]|Bytes:39
12:30:18.0 (215910547)|HEAP_ALLOCATE|[41]|Bytes:14
12:30:18.0 (215914322)|HEAP_ALLOCATE|[42]|Bytes:39
12:30:18.0 (215915998)|HEAP_ALLOCATE|[42]|Bytes:20
12:30:18.0 (215919661)|HEAP_ALLOCATE|[43]|Bytes:39
12:30:18.0 (215921431)|HEAP_ALLOCATE|[43]|Bytes:20
12:30:18.0 (215925151)|HEAP_ALLOCATE|[44]|Bytes:39
12:30:18.0 (215926967)|HEAP_ALLOCATE|[44]|Bytes:23
12:30:18.0 (215930995)|HEAP_ALLOCATE|[45]|Bytes:39
12:30:18.0 (215932815)|HEAP_ALLOCATE|[45]|Bytes:20
12:30:18.0 (215936653)|HEAP_ALLOCATE|[46]|Bytes:39
12:30:18.0 (215938505)|HEAP_ALLOCATE|[46]|Bytes:24
12:30:18.0 (215942282)|HEAP_ALLOCATE|[47]|Bytes:39
12:30:18.0 (215944024)|HEAP_ALLOCATE|[47]|Bytes:15
12:30:18.0 (215947726)|HEAP_ALLOCATE|[48]|Bytes:39
12:30:18.0 (215949341)|HEAP_ALLOCATE|[48]|Bytes:14
12:30:18.0 (215953096)|HEAP_ALLOCATE|[49]|Bytes:39
12:30:18.0 (215954780)|HEAP_ALLOCATE|[49]|Bytes:20
12:30:18.0 (215958426)|HEAP_ALLOCATE|[50]|Bytes:39
12:30:18.0 (215960137)|HEAP_ALLOCATE|[50]|Bytes:24
12:30:18.0 (215964031)|HEAP_ALLOCATE|[51]|Bytes:39
12:30:18.0 (215965618)|HEAP_ALLOCATE|[51]|Bytes:16
12:30:18.0 (215969358)|HEAP_ALLOCATE|[52]|Bytes:39
12:30:18.0 (215971011)|HEAP_ALLOCATE|[52]|Bytes:16
12:30:18.0 (215974776)|HEAP_ALLOCATE|[53]|Bytes:39
12:30:18.0 (215976421)|HEAP_ALLOCATE|[53]|Bytes:20
12:30:18.0 (215980211)|HEAP_ALLOCATE|[54]|Bytes:39
12:30:18.0 (215981803)|HEAP_ALLOCATE|[54]|Bytes:21
12:30:18.0 (215985569)|HEAP_ALLOCATE|[55]|Bytes:39
12:30:18.0 (215987268)|HEAP_ALLOCATE|[55]|Bytes:20
12:30:18.0 (215992076)|HEAP_ALLOCATE|[56]|Bytes:39
12:30:18.0 (215993811)|HEAP_ALLOCATE|[56]|Bytes:23
12:30:18.0 (215997696)|HEAP_ALLOCATE|[57]|Bytes:39
12:30:18.0 (215999522)|HEAP_ALLOCATE|[57]|Bytes:18
12:30:18.0 (216003407)|HEAP_ALLOCATE|[58]|Bytes:39
12:30:18.0 (216005926)|HEAP_ALLOCATE|[58]|Bytes:24
12:30:18.0 (216009886)|HEAP_ALLOCATE|[59]|Bytes:39
12:30:18.0 (216011666)|HEAP_ALLOCATE|[59]|Bytes:25
12:30:18.0 (216015553)|HEAP_ALLOCATE|[60]|Bytes:20
12:30:18.0 (216017339)|HEAP_ALLOCATE|[60]|Bytes:19
12:30:18.0 (216021324)|HEAP_ALLOCATE|[61]|Bytes:21
12:30:18.0 (216023146)|HEAP_ALLOCATE|[61]|Bytes:21
12:30:18.0 (216027031)|HEAP_ALLOCATE|[62]|Bytes:39
12:30:18.0 (216028804)|HEAP_ALLOCATE|[62]|Bytes:30
12:30:18.0 (216032753)|HEAP_ALLOCATE|[63]|Bytes:19
12:30:18.0 (216034614)|HEAP_ALLOCATE|[63]|Bytes:24
12:30:18.0 (216038421)|HEAP_ALLOCATE|[64]|Bytes:39
12:30:18.0 (216040138)|HEAP_ALLOCATE|[64]|Bytes:22
12:30:18.0 (216043975)|HEAP_ALLOCATE|[65]|Bytes:15
12:30:18.0 (216045822)|HEAP_ALLOCATE|[65]|Bytes:20
12:30:18.0 (216049838)|HEAP_ALLOCATE|[66]|Bytes:39
12:30:18.0 (216051757)|HEAP_ALLOCATE|[66]|Bytes:20
12:30:18.0 (216055652)|HEAP_ALLOCATE|[67]|Bytes:29
12:30:18.0 (216057520)|HEAP_ALLOCATE|[67]|Bytes:26
12:30:18.0 (216061530)|HEAP_ALLOCATE|[68]|Bytes:39
12:30:18.0 (216063342)|HEAP_ALLOCATE|[68]|Bytes:22
12:30:18.0 (216067161)|HEAP_ALLOCATE|[69]|Bytes:24
12:30:18.0 (216069046)|HEAP_ALLOCATE|[69]|Bytes:28
12:30:18.0 (216072955)|HEAP_ALLOCATE|[70]|Bytes:39
12:30:18.0 (216074930)|HEAP_ALLOCATE|[70]|Bytes:11
12:30:18.0 (216079112)|HEAP_ALLOCATE|[71]|Bytes:39
12:30:18.0 (216080885)|HEAP_ALLOCATE|[71]|Bytes:14
12:30:18.0 (216084732)|HEAP_ALLOCATE|[72]|Bytes:28
12:30:18.0 (216086448)|HEAP_ALLOCATE|[72]|Bytes:24
12:30:18.0 (216090304)|HEAP_ALLOCATE|[73]|Bytes:31
12:30:18.0 (216092066)|HEAP_ALLOCATE|[73]|Bytes:33
12:30:18.0 (216099295)|HEAP_ALLOCATE|[74]|Bytes:22
12:30:18.0 (216101016)|HEAP_ALLOCATE|[74]|Bytes:22
12:30:18.0 (216104813)|HEAP_ALLOCATE|[75]|Bytes:39
12:30:18.0 (216106674)|HEAP_ALLOCATE|[75]|Bytes:23
12:30:18.0 (216110688)|HEAP_ALLOCATE|[76]|Bytes:39
12:30:18.0 (216112479)|HEAP_ALLOCATE|[76]|Bytes:24
12:30:18.0 (216116695)|HEAP_ALLOCATE|[77]|Bytes:39
12:30:18.0 (216118375)|HEAP_ALLOCATE|[77]|Bytes:22
12:30:18.0 (216122100)|HEAP_ALLOCATE|[78]|Bytes:39
12:30:18.0 (216123769)|HEAP_ALLOCATE|[78]|Bytes:13
12:30:18.0 (216127601)|HEAP_ALLOCATE|[79]|Bytes:39
12:30:18.0 (216129272)|HEAP_ALLOCATE|[79]|Bytes:17
12:30:18.0 (216133069)|HEAP_ALLOCATE|[80]|Bytes:39
12:30:18.0 (216134718)|HEAP_ALLOCATE|[80]|Bytes:21
12:30:18.0 (216138633)|HEAP_ALLOCATE|[81]|Bytes:23
12:30:18.0 (216140212)|HEAP_ALLOCATE|[81]|Bytes:22
12:30:18.0 (216144120)|HEAP_ALLOCATE|[82]|Bytes:26
12:30:18.0 (216145890)|HEAP_ALLOCATE|[82]|Bytes:23
12:30:18.0 (216149848)|HEAP_ALLOCATE|[83]|Bytes:23
12:30:18.0 (216151524)|HEAP_ALLOCATE|[83]|Bytes:20
12:30:18.0 (216155308)|HEAP_ALLOCATE|[84]|Bytes:39
12:30:18.0 (216156902)|HEAP_ALLOCATE|[84]|Bytes:26
12:30:18.0 (216160690)|HEAP_ALLOCATE|[85]|Bytes:39
12:30:18.0 (216162362)|HEAP_ALLOCATE|[85]|Bytes:16
12:30:18.0 (216166078)|HEAP_ALLOCATE|[86]|Bytes:39
12:30:18.0 (216167658)|HEAP_ALLOCATE|[86]|Bytes:28
12:30:18.0 (216171380)|HEAP_ALLOCATE|[87]|Bytes:39
12:30:18.0 (216172955)|HEAP_ALLOCATE|[87]|Bytes:30
12:30:18.0 (216176702)|HEAP_ALLOCATE|[88]|Bytes:39
12:30:18.0 (216178685)|HEAP_ALLOCATE|[88]|Bytes:27
12:30:18.0 (216182460)|HEAP_ALLOCATE|[89]|Bytes:39
12:30:18.0 (216184075)|HEAP_ALLOCATE|[89]|Bytes:15
12:30:18.0 (216187855)|HEAP_ALLOCATE|[90]|Bytes:39
12:30:18.0 (216189445)|HEAP_ALLOCATE|[90]|Bytes:13
12:30:18.0 (216193340)|HEAP_ALLOCATE|[91]|Bytes:39
12:30:18.0 (216194990)|HEAP_ALLOCATE|[91]|Bytes:13
12:30:18.0 (216198726)|HEAP_ALLOCATE|[92]|Bytes:39
12:30:18.0 (216200414)|HEAP_ALLOCATE|[92]|Bytes:22
12:30:18.0 (216204141)|HEAP_ALLOCATE|[93]|Bytes:39
12:30:18.0 (216205741)|HEAP_ALLOCATE|[93]|Bytes:22
12:30:18.0 (216209443)|HEAP_ALLOCATE|[94]|Bytes:39
12:30:18.0 (216211346)|HEAP_ALLOCATE|[94]|Bytes:25
12:30:18.0 (216215208)|HEAP_ALLOCATE|[95]|Bytes:39
12:30:18.0 (216216921)|HEAP_ALLOCATE|[95]|Bytes:16
12:30:18.0 (216220779)|HEAP_ALLOCATE|[96]|Bytes:25
12:30:18.0 (216222547)|HEAP_ALLOCATE|[96]|Bytes:14
12:30:18.0 (216226377)|HEAP_ALLOCATE|[97]|Bytes:21
12:30:18.0 (216228154)|HEAP_ALLOCATE|[97]|Bytes:12
12:30:18.0 (216232089)|HEAP_ALLOCATE|[98]|Bytes:19
12:30:18.0 (216233894)|HEAP_ALLOCATE|[98]|Bytes:19
12:30:18.0 (216237829)|HEAP_ALLOCATE|[99]|Bytes:18
12:30:18.0 (216239558)|HEAP_ALLOCATE|[99]|Bytes:17
12:30:18.0 (216243364)|HEAP_ALLOCATE|[100]|Bytes:14
12:30:18.0 (216245214)|HEAP_ALLOCATE|[100]|Bytes:8
12:30:18.0 (216249224)|HEAP_ALLOCATE|[101]|Bytes:39
12:30:18.0 (216251114)|HEAP_ALLOCATE|[101]|Bytes:16
12:30:18.0 (216255052)|HEAP_ALLOCATE|[102]|Bytes:39
12:30:18.0 (216256704)|HEAP_ALLOCATE|[102]|Bytes:15
12:30:18.0 (216260516)|HEAP_ALLOCATE|[103]|Bytes:39
12:30:18.0 (216262279)|HEAP_ALLOCATE|[103]|Bytes:16
12:30:18.0 (216268066)|HEAP_ALLOCATE|[104]|Bytes:39
12:30:18.0 (216269869)|HEAP_ALLOCATE|[104]|Bytes:15
12:30:18.0 (216273679)|HEAP_ALLOCATE|[105]|Bytes:39
12:30:18.0 (216275318)|HEAP_ALLOCATE|[105]|Bytes:23
12:30:18.0 (216303509)|VARIABLE_ASSIGNMENT|[6]|PORTERS_DTO_ResumeDateResponse.FIELD_MAPPING|"Map of size 99 too large to display"|0x44e9d492
12:30:18.0 (216306615)|STATEMENT_EXECUTE|[107]
12:30:18.0 (216314174)|METHOD_EXIT|[1]|PORTERS_DTO_ResumeDateResponse
12:30:18.0 (216593772)|HEAP_ALLOCATE|[146]|Bytes:12
12:30:18.0 (216615651)|CONSTRUCTOR_ENTRY|[146]|01pBK000001lEer|<init>()|PORTERS_DTO_ResumeDateResponse
12:30:18.0 (216645332)|VARIABLE_SCOPE_BEGIN|[1]|this|PORTERS_DTO_ResumeDateResponse|true|false
12:30:18.0 (216682278)|VARIABLE_ASSIGNMENT|[1]|this|{}|0x640ccb28
12:30:18.0 (216690171)|HEAP_ALLOCATE|[EXTERNAL]|Bytes:6
12:30:18.0 (216718521)|STATEMENT_EXECUTE|[1]
12:30:18.0 (216719836)|STATEMENT_EXECUTE|[2]
12:30:18.0 (216721346)|STATEMENT_EXECUTE|[3]
12:30:18.0 (216723911)|CONSTRUCTOR_EXIT|[146]|01pBK000001lEer|<init>()|PORTERS_DTO_ResumeDateResponse
12:30:18.0 (216728723)|VARIABLE_SCOPE_BEGIN|[146]|res|PORTERS_DTO_ResumeDateResponse|true|false
12:30:18.0 (216739903)|VARIABLE_ASSIGNMENT|[146]|res|{}|0x640ccb28
12:30:18.0 (216744301)|STATEMENT_EXECUTE|[147]
12:30:18.0 (216755605)|HEAP_ALLOCATE|[147]|Bytes:4
12:30:18.0 (216828205)|VARIABLE_ASSIGNMENT|[EXTERNAL]|this|{}|0x640ccb28
12:30:18.0 (216859007)|HEAP_ALLOCATE|[EXTERNAL]|Bytes:4
12:30:18.0 (216867086)|VARIABLE_ASSIGNMENT|[EXTERNAL]|value|[]|0x113211ef
12:30:18.0 (216878665)|VARIABLE_ASSIGNMENT|[3]|this.result|[]|0x640ccb28
12:30:18.0 (216883845)|STATEMENT_EXECUTE|[149]
12:30:18.0 (216916747)|VARIABLE_SCOPE_BEGIN|[149]|doc|dom.Document|true|false
12:30:18.0 (216987784)|VARIABLE_ASSIGNMENT|[149]|doc|"Document[]"|0x1365cd6a
12:30:18.0 (216991312)|STATEMENT_EXECUTE|[150]
12:30:18.0 (217083841)|STATEMENT_EXECUTE|[151]
12:30:18.0 (217102729)|VARIABLE_SCOPE_BEGIN|[151]|root|dom.XmlNode|true|false
12:30:18.0 (217161443)|VARIABLE_ASSIGNMENT|[151]|root|"XMLNode[ELEMENT,Resume,null,[common.apex.api.dom.XmlNode$Attribute@695e434, common.apex.api.dom.XmlNode$Attribute@21dafba9, common.apex.api.dom.XmlNode$Attribute@20e63b14],null,[XMLNode[ELEMENT,Code,null,null,null,[XMLNode[TEXT,null,null,null,null,null,103,]],null,]],null,]"|0x1dd5acff
12:30:18.0 (217166193)|STATEMENT_EXECUTE|[153]
12:30:18.0 (217168630)|HEAP_ALLOCATE|[153]|Bytes:5
12:30:18.0 (217198661)|HEAP_ALLOCATE|[153]|Bytes:2
12:30:18.0 (217202445)|VARIABLE_SCOPE_BEGIN|[153]|totalAttr|String|false|false
12:30:18.0 (217209249)|VARIABLE_ASSIGNMENT|[153]|totalAttr|"-1"
12:30:18.0 (217212497)|STATEMENT_EXECUTE|[154]
12:30:18.0 (217272806)|VARIABLE_ASSIGNMENT|[EXTERNAL]|this|{"result":"0x113211ef"}|0x640ccb28
12:30:18.0 (217280818)|VARIABLE_ASSIGNMENT|[EXTERNAL]|value|-1
12:30:18.0 (217285654)|HEAP_ALLOCATE|[2]|Bytes:4
12:30:18.0 (217290053)|VARIABLE_ASSIGNMENT|[2]|this.totalCount|-1|0x640ccb28
12:30:18.0 (217327042)|HEAP_ALLOCATE|[156]|Bytes:4
12:30:18.0 (217329752)|HEAP_ALLOCATE|[156]|Bytes:4
12:30:18.0 (217364974)|HEAP_ALLOCATE|[156]|Bytes:5
12:30:18.0 (217378773)|HEAP_ALLOCATE|[156]|Bytes:4
12:30:18.0 (217385741)|VARIABLE_SCOPE_BEGIN|[156]|itemNode|dom.XmlNode|true|false
12:30:18.0 (217412381)|VARIABLE_ASSIGNMENT|[156]|itemNode|"XMLNode[ELEMENT,Code,null,null,null,[XMLNode[TEXT,null,null,null,null,null,103,]],null,]"|0x5396406e
12:30:18.0 (217416663)|STATEMENT_EXECUTE|[156]
12:30:18.0 (217439531)|HEAP_ALLOCATE|[157]|Bytes:4
12:30:18.0 (217446266)|HEAP_ALLOCATE|[157]|Bytes:4
12:30:18.0 (217468196)|STATEMENT_EXECUTE|[157]
12:30:18.0 (217472744)|HEAP_ALLOCATE|[156]|Bytes:5
12:30:18.0 (217478307)|VARIABLE_ASSIGNMENT|[156]|itemNode|null|
12:30:18.0 (217482048)|STATEMENT_EXECUTE|[169]
12:30:18.0 (217486233)|METHOD_EXIT|[35]|01pBK000001lFxV|PORTERS_API_GetResumeData.parseXml(String)
12:30:18.0 (217492231)|METHOD_EXIT|[4]|01pBK000001lFxV|PORTERS_API_GetResumeData.getResumeData(Datetime, Integer)
12:30:18.0 (217501496)|SYSTEM_MODE_EXIT|false
12:30:18.0 (217523572)|VARIABLE_ASSIGNMENT|[3]|res|{"result":"0x113211ef","totalCount":-1}|0x640ccb28
12:30:18.0 (217558656)|SYSTEM_MODE_ENTER|false
12:30:18.0 (217570031)|HEAP_ALLOCATE|[5]|Bytes:5
12:30:18.0 (217586706)|VARIABLE_ASSIGNMENT|[EXTERNAL]|this|{"result":"0x113211ef","totalCount":-1}|0x640ccb28
12:30:18.0 (217594941)|SYSTEM_MODE_EXIT|false
12:30:18.0 (217687108)|HEAP_ALLOCATE|[5]|Bytes:5
12:30:18.0 (217734640)|VARIABLE_ASSIGNMENT|[5]|wrapper|null|
12:30:18.0 (217737889)|STATEMENT_EXECUTE|[5]
12:30:18.217 (217771879)|CUMULATIVE_LIMIT_USAGE
12:30:18.217 (217771879)|LIMIT_USAGE_FOR_NS|(default)|
  Number of SOQL queries: 0 out of 100
  Number of query rows: 0 out of 50000
  Number of SOSL queries: 0 out of 20
  Number of DML statements: 0 out of 150
  Number of Publish Immediate DML: 0 out of 150
  Number of DML rows: 0 out of 10000
  Maximum CPU time: 0 out of 10000
  Maximum heap size: 0 out of 6000000
  Number of callouts: 3 out of 100
  Number of Email Invocations: 0 out of 10
  Number of future calls: 0 out of 50
  Number of queueable jobs added to the queue: 0 out of 50
  Number of Mobile Apex push calls: 0 out of 10

12:30:18.217 (217771879)|CUMULATIVE_LIMIT_USAGE_END

12:30:18.0 (217825094)|CODE_UNIT_FINISHED|execute_anonymous_apex
12:30:18.0 (217833363)|EXECUTION_FINISHED
