66.0 APEX_CODE,FINEST;APEX_PROFILING,INFO;CALLOUT,INFO;DATA_ACCESS,INFO;DB,INFO;NBA,INFO;SYSTEM,DEBUG;VALIDATION,INFO;VISUALFORCE,INFO;WAVE,INFO;WORKFLOW,INFO
12:25:43.0 (213519)|USER_INFO|[EXTERNAL]|0057F0000042UBb|ishibashi@hurex.co.jp.dev1|(GMT+09:00) 日本標準時 (Asia/Tokyo)|GMT+09:00
12:25:43.0 (248307)|EXECUTION_STARTED
12:25:43.0 (258928)|CODE_UNIT_STARTED|[EXTERNAL]|apex://JobCardsController/ACTION$getJobs
12:25:43.0 (1870099)|CODE_UNIT_STARTED|[EXTERNAL]|01pBK000001RGBP|JobCardsController.getJobs()
12:25:43.0 (2238439)|HEAP_ALLOCATE|[95]|Bytes:3
12:25:43.0 (2319549)|HEAP_ALLOCATE|[100]|Bytes:152
12:25:43.0 (2337412)|HEAP_ALLOCATE|[417]|Bytes:408
12:25:43.0 (2358397)|HEAP_ALLOCATE|[430]|Bytes:408
12:25:43.0 (2379731)|HEAP_ALLOCATE|[317]|Bytes:6
12:25:43.0 (2392463)|HEAP_ALLOCATE|[EXTERNAL]|Bytes:10
12:25:43.0 (2397078)|HEAP_ALLOCATE|[EXTERNAL]|Bytes:5
12:25:43.0 (2400230)|HEAP_ALLOCATE|[EXTERNAL]|Bytes:3
12:25:43.0 (2413663)|METHOD_ENTRY|[6]|01pBK000001RGBP|JobCardsController.JobCardsController()
12:25:43.0 (2420733)|STATEMENT_EXECUTE|[6]
12:25:43.0 (2424701)|STATEMENT_EXECUTE|[6]
12:25:43.0 (2455102)|HEAP_ALLOCATE|[68]|Bytes:5
12:25:43.0 (2478098)|HEAP_ALLOCATE|[74]|Bytes:5
12:25:43.0 (2487847)|HEAP_ALLOCATE|[82]|Bytes:7
12:25:43.0 (2647985)|HEAP_ALLOCATE|[EXTERNAL]|Bytes:5
12:25:43.0 (2652266)|STATEMENT_EXECUTE|[12]
12:25:43.0 (2661323)|METHOD_EXIT|[6]|JobCardsController
12:25:43.0 (2673279)|HEAP_ALLOCATE|[35]|Bytes:5
12:25:43.0 (2676231)|STATEMENT_EXECUTE|[33]
12:25:43.0 (2677082)|STATEMENT_EXECUTE|[35]
12:25:43.0 (2692955)|HEAP_ALLOCATE|[35]|Bytes:4
12:25:43.0 (2769290)|VARIABLE_SCOPE_BEGIN|[35]|favoriteJobIds|Set<Id>|true|false
12:25:43.0 (2840663)|VARIABLE_ASSIGNMENT|[35]|favoriteJobIds|[]|0x6bee5e93
12:25:43.0 (2847405)|HEAP_ALLOCATE|[36]|Bytes:91
12:25:43.0 (2862760)|HEAP_ALLOCATE|[36]|Bytes:4
12:25:43.0 (2870606)|HEAP_ALLOCATE|[36]|Bytes:7
12:25:43.0 (2905092)|HEAP_ALLOCATE|[38]|Bytes:105
12:25:43.0 (2913149)|SYSTEM_METHOD_ENTRY|[1]|UserInfo.UserInfo()
12:25:43.0 (2915619)|STATEMENT_EXECUTE|[1]
12:25:43.0 (2920456)|SYSTEM_METHOD_EXIT|[1]|UserInfo
12:25:43.0 (2929715)|METHOD_ENTRY|[38]||System.UserInfo.getUserId()
12:25:43.0 (8689693)|METHOD_EXIT|[38]||System.UserInfo.getUserId()
12:25:43.0 (9455745)|SOQL_EXECUTE_BEGIN|[36]|Aggregations:0|SELECT Job__c FROM InterestedJob__c WHERE (CreatedById = :tmpVar1 AND IsArchive__c = FALSE)
12:25:43.0 (20334797)|SOQL_EXECUTE_END|[36]|Rows:4
12:25:43.0 (20371300)|HEAP_ALLOCATE|[EXTERNAL]|Bytes:20
12:25:43.0 (20604873)|HEAP_ALLOCATE|[36]|Bytes:54
12:25:43.0 (20612254)|HEAP_ALLOCATE|[36]|Bytes:8
12:25:43.0 (20627734)|SYSTEM_METHOD_ENTRY|[7]|QueryLocatorIterator.QueryLocatorIterator()
12:25:43.0 (20640677)|STATEMENT_EXECUTE|[7]
12:25:43.0 (20650975)|SYSTEM_METHOD_EXIT|[7]|QueryLocatorIterator
12:25:43.0 (20659394)|HEAP_ALLOCATE|[36]|Bytes:28
12:25:43.0 (20741466)|HEAP_ALLOCATE|[36]|Bytes:20
12:25:43.0 (20750346)|HEAP_ALLOCATE|[36]|Bytes:8
12:25:43.0 (20752261)|HEAP_ALLOCATE|[36]|Bytes:8
12:25:43.0 (20756506)|VARIABLE_SCOPE_BEGIN|[15]|this|Database.QueryLocatorIterator|true|false
12:25:43.0 (20813432)|VARIABLE_ASSIGNMENT|[15]|this|{}|0x69a8fc83
12:25:43.0 (20817760)|VARIABLE_SCOPE_BEGIN|[15]|values|List<SObject>|true|false
12:25:43.0 (20924926)|VARIABLE_ASSIGNMENT|[15]|values|[{"Job__c":"a0KBK00000Gexcs2AB","Id":"a0OBK000004najC2AQ"},{"Job__c":"a0KBK00000Gexdg2AB","Id":"a0OBK000004nbNV2AY"},{"Job__c":"a0KBK00000Gexcu2AB","Id":"a0OBK000004v8wE2AQ"},{"Job__c":"a0KBK00000GezgQ2AR","Id":"a0OBK0000050riz2AA"}]|0x3e519480
12:25:43.0 (20930919)|VARIABLE_SCOPE_BEGIN|[15]|ql|Database.QueryLocator|true|false
12:25:43.0 (20952123)|VARIABLE_ASSIGNMENT|[15]|ql|{"query":"SELECT Job__c FROM I (71 more) ..."}|0x5a54fa1d
12:25:43.0 (20955478)|VARIABLE_SCOPE_BEGIN|[15]|totalNumRecords|Integer|false|false
12:25:43.0 (20967434)|VARIABLE_ASSIGNMENT|[15]|totalNumRecords|4
12:25:43.0 (20970567)|VARIABLE_SCOPE_BEGIN|[15]|queryMoreSize|Integer|false|false
12:25:43.0 (20974739)|VARIABLE_ASSIGNMENT|[15]|queryMoreSize|49996
12:25:43.0 (21053873)|HEAP_ALLOCATE|[36]|Bytes:28
12:25:43.0 (21076491)|METHOD_ENTRY|[36]||Database.QueryLocatorIterator.hasNext()
12:25:43.0 (21172556)|METHOD_EXIT|[36]||Database.QueryLocatorIterator.hasNext()
12:25:43.0 (21178527)|METHOD_ENTRY|[36]||Database.QueryLocatorIterator.next()
12:25:43.0 (21228158)|METHOD_EXIT|[36]||Database.QueryLocatorIterator.next()
12:25:43.0 (21232411)|VARIABLE_SCOPE_BEGIN|[36]|fav|InterestedJob__c|true|false
12:25:43.0 (21259370)|VARIABLE_ASSIGNMENT|[36]|fav|{"Job__c":"a0KBK00000Gexcs2AB","Id":"a0OBK000004najC2AQ"}|0x100fd354
12:25:43.0 (21263919)|STATEMENT_EXECUTE|[39]
12:25:43.0 (21265188)|STATEMENT_EXECUTE|[40]
12:25:43.0 (21320148)|HEAP_ALLOCATE|[EXTERNAL]|Bytes:4
12:25:43.0 (21327926)|METHOD_ENTRY|[36]||Database.QueryLocatorIterator.hasNext()
12:25:43.0 (21338225)|METHOD_EXIT|[36]||Database.QueryLocatorIterator.hasNext()
12:25:43.0 (21340892)|METHOD_ENTRY|[36]||Database.QueryLocatorIterator.next()
12:25:43.0 (21369451)|METHOD_EXIT|[36]||Database.QueryLocatorIterator.next()
12:25:43.0 (21372260)|VARIABLE_SCOPE_BEGIN|[36]|fav|InterestedJob__c|true|false
12:25:43.0 (21389739)|VARIABLE_ASSIGNMENT|[36]|fav|{"Job__c":"a0KBK00000Gexdg2AB","Id":"a0OBK000004nbNV2AY"}|0x22c8a041
12:25:43.0 (21393138)|STATEMENT_EXECUTE|[39]
12:25:43.0 (21394129)|STATEMENT_EXECUTE|[40]
12:25:43.0 (21399667)|HEAP_ALLOCATE|[EXTERNAL]|Bytes:4
12:25:43.0 (21404103)|METHOD_ENTRY|[36]||Database.QueryLocatorIterator.hasNext()
12:25:43.0 (21412393)|METHOD_EXIT|[36]||Database.QueryLocatorIterator.hasNext()
12:25:43.0 (21414792)|METHOD_ENTRY|[36]||Database.QueryLocatorIterator.next()
12:25:43.0 (21434101)|METHOD_EXIT|[36]||Database.QueryLocatorIterator.next()
12:25:43.0 (21436380)|VARIABLE_SCOPE_BEGIN|[36]|fav|InterestedJob__c|true|false
12:25:43.0 (21448951)|VARIABLE_ASSIGNMENT|[36]|fav|{"Job__c":"a0KBK00000Gexcu2AB","Id":"a0OBK000004v8wE2AQ"}|0x5fb12217
12:25:43.0 (21452112)|STATEMENT_EXECUTE|[39]
12:25:43.0 (21453014)|STATEMENT_EXECUTE|[40]
12:25:43.0 (21456722)|HEAP_ALLOCATE|[EXTERNAL]|Bytes:4
12:25:43.0 (21460931)|METHOD_ENTRY|[36]||Database.QueryLocatorIterator.hasNext()
12:25:43.0 (21468797)|METHOD_EXIT|[36]||Database.QueryLocatorIterator.hasNext()
12:25:43.0 (21471167)|METHOD_ENTRY|[36]||Database.QueryLocatorIterator.next()
12:25:43.0 (21489995)|METHOD_EXIT|[36]||Database.QueryLocatorIterator.next()
12:25:43.0 (21492176)|VARIABLE_SCOPE_BEGIN|[36]|fav|InterestedJob__c|true|false
12:25:43.0 (21507849)|VARIABLE_ASSIGNMENT|[36]|fav|{"Job__c":"a0KBK00000GezgQ2AR","Id":"a0OBK0000050riz2AA"}|0xaee2f03
12:25:43.0 (21510922)|STATEMENT_EXECUTE|[39]
12:25:43.0 (21511753)|STATEMENT_EXECUTE|[40]
12:25:43.0 (21515312)|HEAP_ALLOCATE|[EXTERNAL]|Bytes:4
12:25:43.0 (21519646)|METHOD_ENTRY|[36]||Database.QueryLocatorIterator.hasNext()
12:25:43.0 (21525645)|METHOD_EXIT|[36]||Database.QueryLocatorIterator.hasNext()
12:25:43.0 (21529650)|VARIABLE_ASSIGNMENT|[36]|fav|null|
12:25:43.0 (21547108)|STATEMENT_EXECUTE|[44]
12:25:43.0 (21549560)|HEAP_ALLOCATE|[44]|Bytes:217
12:25:43.0 (21567097)|HEAP_ALLOCATE|[44]|Bytes:4
12:25:43.0 (22186263)|SOQL_EXECUTE_BEGIN|[44]|Aggregations:0|SELECT Id, JobPosition__c, WorkLocation2__c, JobCategory1__c, MaxAnnualSalary__c, MinAnnualSalary__c, JobDescription__c, LastModifiedDate, LastViewedDate FROM Job__c ORDER BY LastModifiedDate DESC NULLS FIRST LIMIT 10
12:25:43.0 (47811436)|SOQL_EXECUTE_END|[44]|Rows:10
12:25:43.0 (47853801)|HEAP_ALLOCATE|[44]|Bytes:44
12:25:43.0 (47876947)|HEAP_ALLOCATE|[44]|Bytes:4083
12:25:43.0 (47985192)|HEAP_ALLOCATE|[44]|Bytes:44
12:25:43.0 (48003246)|VARIABLE_SCOPE_BEGIN|[44]|jobs|List<Job__c>|true|false
12:25:43.0 (48025406)|VARIABLE_ASSIGNMENT|[44]|jobs|"List of size 10 too large to display"|0x10e90ac7
12:25:43.0 (48030123)|STATEMENT_EXECUTE|[54]
12:25:43.0 (48042563)|HEAP_ALLOCATE|[54]|Bytes:4
12:25:43.0 (48160300)|VARIABLE_SCOPE_BEGIN|[54]|result|List<JobCardsController.JobWrapper>|true|false
12:25:43.0 (48184725)|HEAP_ALLOCATE|[EXTERNAL]|Bytes:4
12:25:43.0 (48198992)|VARIABLE_ASSIGNMENT|[54]|result|[]|0x296d825f
12:25:43.0 (48384824)|HEAP_ALLOCATE|[55]|Bytes:5
12:25:43.0 (48408995)|HEAP_ALLOCATE|[55]|Bytes:40
12:25:43.0 (48416844)|VARIABLE_SCOPE_BEGIN|[55]|j|Job__c|true|false
12:25:43.0 (48566340)|VARIABLE_ASSIGNMENT|[55]|j|{"LastModifiedDate":"2026-04-03T04:12:21.000Z","JobPosition__c":"新潟市(新潟) 法人ルート営業・業界シェ (74 more) ...","WorkLocation2__c":"新潟県新潟市（転勤なし／車通勤可）","LastViewedDate":"2026-04-03T08:24:43.000Z","Id":"a0KBK00000GezgQ2AR","MinAnnualSalary__c":350,"JobDescription__c":"自社開発製造の給配水機器とその関連製品の (25 more) ...","JobCategory1__c":"経営幹部/企画/マーケティング系","MaxAnnualSalary__c":550}|0x48eabb9e
12:25:43.0 (48580940)|STATEMENT_EXECUTE|[55]
12:25:43.0 (48582691)|STATEMENT_EXECUTE|[56]
12:25:43.0 (48664324)|HEAP_ALLOCATE|[56]|Bytes:44
12:25:43.0 (48704335)|CONSTRUCTOR_ENTRY|[56]|01pBK000001RGBP|<init>()|JobCardsController.JobWrapper
12:25:43.0 (48744133)|VARIABLE_SCOPE_BEGIN|[12]|this|JobCardsController.JobWrapper|true|false
12:25:43.0 (48863674)|VARIABLE_ASSIGNMENT|[12]|this|{}|0x7bcf3ab5
12:25:43.0 (48888880)|STATEMENT_EXECUTE|[12]
12:25:43.0 (48890037)|STATEMENT_EXECUTE|[13]
12:25:43.0 (48891126)|STATEMENT_EXECUTE|[14]
12:25:43.0 (48891901)|STATEMENT_EXECUTE|[15]
12:25:43.0 (48892754)|STATEMENT_EXECUTE|[16]
12:25:43.0 (48893678)|STATEMENT_EXECUTE|[17]
12:25:43.0 (48894419)|STATEMENT_EXECUTE|[18]
12:25:43.0 (48895263)|STATEMENT_EXECUTE|[19]
12:25:43.0 (48896155)|STATEMENT_EXECUTE|[20]
12:25:43.0 (48896963)|STATEMENT_EXECUTE|[21]
12:25:43.0 (48897733)|STATEMENT_EXECUTE|[22]
12:25:43.0 (48901889)|CONSTRUCTOR_EXIT|[56]|01pBK000001RGBP|<init>()|JobCardsController.JobWrapper
12:25:43.0 (48906265)|VARIABLE_SCOPE_BEGIN|[56]|wrapper|JobCardsController.JobWrapper|true|false
12:25:43.0 (48916668)|VARIABLE_ASSIGNMENT|[56]|wrapper|{}|0x7bcf3ab5
12:25:43.0 (48919561)|STATEMENT_EXECUTE|[57]
12:25:43.0 (49143615)|VARIABLE_ASSIGNMENT|[57]|this.Id|"a0KBK00000GezgQ2AR"|0x7bcf3ab5
12:25:43.0 (49150392)|STATEMENT_EXECUTE|[58]
12:25:43.0 (49172015)|VARIABLE_ASSIGNMENT|[58]|this.JobPosition|"新潟市(新潟) 法人ルート営業・業界シェ (74 more) ..."|0x7bcf3ab5
12:25:43.0 (49176916)|STATEMENT_EXECUTE|[59]
12:25:43.0 (49185292)|VARIABLE_ASSIGNMENT|[59]|this.WorkLocation2|"新潟県新潟市（転勤なし／車通勤可）"|0x7bcf3ab5
12:25:43.0 (49188801)|STATEMENT_EXECUTE|[60]
12:25:43.0 (49196206)|VARIABLE_ASSIGNMENT|[60]|this.JobCategory1|"経営幹部/企画/マーケティング系"|0x7bcf3ab5
12:25:43.0 (49204966)|STATEMENT_EXECUTE|[61]
12:25:43.0 (49229665)|VARIABLE_ASSIGNMENT|[61]|this.MaxAnnualSalary|550|0x7bcf3ab5
12:25:43.0 (49232521)|STATEMENT_EXECUTE|[62]
12:25:43.0 (49239581)|VARIABLE_ASSIGNMENT|[62]|this.MinAnnualSalary|350|0x7bcf3ab5
12:25:43.0 (49242203)|STATEMENT_EXECUTE|[63]
12:25:43.0 (49250127)|VARIABLE_ASSIGNMENT|[63]|this.JobDescription|"自社開発製造の給配水機器とその関連製品の (25 more) ..."|0x7bcf3ab5
12:25:43.0 (49253415)|STATEMENT_EXECUTE|[64]
12:25:43.0 (49283440)|VARIABLE_ASSIGNMENT|[64]|this.LastModifiedDate|"2026-04-03T04:12:21.000Z"|0x7bcf3ab5
12:25:43.0 (49286912)|STATEMENT_EXECUTE|[65]
12:25:43.0 (49300702)|VARIABLE_ASSIGNMENT|[65]|this.LastViewedDate|"2026-04-03T08:24:43.000Z"|0x7bcf3ab5
12:25:43.0 (49303542)|STATEMENT_EXECUTE|[66]
12:25:43.0 (49352921)|HEAP_ALLOCATE|[66]|Bytes:5
12:25:43.0 (49358206)|VARIABLE_ASSIGNMENT|[66]|this.IsFavorite|true|0x7bcf3ab5
12:25:43.0 (49361010)|STATEMENT_EXECUTE|[67]
12:25:43.0 (49379564)|HEAP_ALLOCATE|[EXTERNAL]|Bytes:4
12:25:43.0 (49390731)|HEAP_ALLOCATE|[55]|Bytes:5
12:25:43.0 (49401222)|HEAP_ALLOCATE|[55]|Bytes:32
12:25:43.0 (49406207)|VARIABLE_SCOPE_BEGIN|[55]|j|Job__c|true|false
12:25:43.0 (49462248)|VARIABLE_ASSIGNMENT|[55]|j|{"LastModifiedDate":"2026-04-02T02:54:44.000Z","JobPosition__c":"テスト451求人タイトル求人タイトル求人 (235 more) ...","WorkLocation2__c":"444444","LastViewedDate":"2026-04-02T11:07:27.000Z","Id":"a0KBK00000Gexdg2AB","JobDescription__c":"テスト451仕事内容仕事内容仕事内容仕事 (230 more) ...","JobCategory1__c":"経営幹部/企画/マーケティング系"}|0x6f7e6af1
12:25:43.0 (49469751)|STATEMENT_EXECUTE|[55]
12:25:43.0 (49470596)|STATEMENT_EXECUTE|[56]
12:25:43.0 (49474301)|HEAP_ALLOCATE|[56]|Bytes:44
12:25:43.0 (49479035)|CONSTRUCTOR_ENTRY|[56]|01pBK000001RGBP|<init>()|JobCardsController.JobWrapper
12:25:43.0 (49483650)|VARIABLE_SCOPE_BEGIN|[12]|this|JobCardsController.JobWrapper|true|false
12:25:43.0 (49500220)|VARIABLE_ASSIGNMENT|[12]|this|{}|0x1ff6661c
12:25:43.0 (49511791)|STATEMENT_EXECUTE|[12]
12:25:43.0 (49512749)|STATEMENT_EXECUTE|[13]
12:25:43.0 (49513664)|STATEMENT_EXECUTE|[14]
12:25:43.0 (49514415)|STATEMENT_EXECUTE|[15]
12:25:43.0 (49515222)|STATEMENT_EXECUTE|[16]
12:25:43.0 (49516075)|STATEMENT_EXECUTE|[17]
12:25:43.0 (49516821)|STATEMENT_EXECUTE|[18]
12:25:43.0 (49517664)|STATEMENT_EXECUTE|[19]
12:25:43.0 (49518454)|STATEMENT_EXECUTE|[20]
12:25:43.0 (49519284)|STATEMENT_EXECUTE|[21]
12:25:43.0 (49520091)|STATEMENT_EXECUTE|[22]
12:25:43.0 (49522421)|CONSTRUCTOR_EXIT|[56]|01pBK000001RGBP|<init>()|JobCardsController.JobWrapper
12:25:43.0 (49526489)|VARIABLE_SCOPE_BEGIN|[56]|wrapper|JobCardsController.JobWrapper|true|false
12:25:43.0 (49540059)|VARIABLE_ASSIGNMENT|[56]|wrapper|{}|0x1ff6661c
12:25:43.0 (49542904)|STATEMENT_EXECUTE|[57]
12:25:43.0 (49599282)|VARIABLE_ASSIGNMENT|[57]|this.Id|"a0KBK00000Gexdg2AB"|0x1ff6661c
12:25:43.0 (49602824)|STATEMENT_EXECUTE|[58]
12:25:43.0 (49608468)|VARIABLE_ASSIGNMENT|[58]|this.JobPosition|"テスト451求人タイトル求人タイトル求人 (235 more) ..."|0x1ff6661c
12:25:43.0 (49611734)|STATEMENT_EXECUTE|[59]
12:25:43.0 (49615565)|VARIABLE_ASSIGNMENT|[59]|this.WorkLocation2|"444444"|0x1ff6661c
12:25:43.0 (49618173)|STATEMENT_EXECUTE|[60]
12:25:43.0 (49621524)|VARIABLE_ASSIGNMENT|[60]|this.JobCategory1|"経営幹部/企画/マーケティング系"|0x1ff6661c
12:25:43.0 (49624410)|STATEMENT_EXECUTE|[61]
12:25:43.0 (49628293)|VARIABLE_ASSIGNMENT|[61]|this.MaxAnnualSalary|null|0x1ff6661c
12:25:43.0 (49630875)|STATEMENT_EXECUTE|[62]
12:25:43.0 (49633860)|VARIABLE_ASSIGNMENT|[62]|this.MinAnnualSalary|null|0x1ff6661c
12:25:43.0 (49636587)|STATEMENT_EXECUTE|[63]
12:25:43.0 (49640656)|VARIABLE_ASSIGNMENT|[63]|this.JobDescription|"テスト451仕事内容仕事内容仕事内容仕事 (230 more) ..."|0x1ff6661c
12:25:43.0 (49643777)|STATEMENT_EXECUTE|[64]
12:25:43.0 (49652443)|VARIABLE_ASSIGNMENT|[64]|this.LastModifiedDate|"2026-04-02T02:54:44.000Z"|0x1ff6661c
12:25:43.0 (49655218)|STATEMENT_EXECUTE|[65]
12:25:43.0 (49661077)|VARIABLE_ASSIGNMENT|[65]|this.LastViewedDate|"2026-04-02T11:07:27.000Z"|0x1ff6661c
12:25:43.0 (49663795)|STATEMENT_EXECUTE|[66]
12:25:43.0 (49672494)|HEAP_ALLOCATE|[66]|Bytes:5
12:25:43.0 (49675960)|VARIABLE_ASSIGNMENT|[66]|this.IsFavorite|true|0x1ff6661c
12:25:43.0 (49678551)|STATEMENT_EXECUTE|[67]
12:25:43.0 (49682366)|HEAP_ALLOCATE|[EXTERNAL]|Bytes:4
12:25:43.0 (49689058)|HEAP_ALLOCATE|[55]|Bytes:5
12:25:43.0 (49694753)|HEAP_ALLOCATE|[55]|Bytes:40
12:25:43.0 (49697834)|VARIABLE_SCOPE_BEGIN|[55]|j|Job__c|true|false
12:25:43.0 (49739799)|VARIABLE_ASSIGNMENT|[55]|j|{"LastModifiedDate":"2026-03-18T01:52:52.000Z","JobPosition__c":"テスト401求人タイトル求人タイトル求人 (28 more) ...","WorkLocation2__c":"勤務地","LastViewedDate":"2026-04-02T11:19:39.000Z","Id":"a0KBK00000Gexcs2AB","MinAnnualSalary__c":450,"JobDescription__c":"テスト401仕事内容仕事内容仕事内容仕事 (30 more) ...","JobCategory1__c":"専門職系（コンサルタント/金融/不動産）","MaxAnnualSalary__c":600}|0x752793a8
12:25:43.0 (49751010)|STATEMENT_EXECUTE|[55]
12:25:43.0 (49751922)|STATEMENT_EXECUTE|[56]
12:25:43.0 (49754114)|HEAP_ALLOCATE|[56]|Bytes:44
12:25:43.0 (49757567)|CONSTRUCTOR_ENTRY|[56]|01pBK000001RGBP|<init>()|JobCardsController.JobWrapper
12:25:43.0 (49761110)|VARIABLE_SCOPE_BEGIN|[12]|this|JobCardsController.JobWrapper|true|false
12:25:43.0 (49771450)|VARIABLE_ASSIGNMENT|[12]|this|{}|0x5d210613
12:25:43.0 (49779033)|STATEMENT_EXECUTE|[12]
12:25:43.0 (49779903)|STATEMENT_EXECUTE|[13]
12:25:43.0 (49780725)|STATEMENT_EXECUTE|[14]
12:25:43.0 (49781470)|STATEMENT_EXECUTE|[15]
12:25:43.0 (49782226)|STATEMENT_EXECUTE|[16]
12:25:43.0 (49782977)|STATEMENT_EXECUTE|[17]
12:25:43.0 (49783779)|STATEMENT_EXECUTE|[18]
12:25:43.0 (49784594)|STATEMENT_EXECUTE|[19]
12:25:43.0 (49785416)|STATEMENT_EXECUTE|[20]
12:25:43.0 (49786203)|STATEMENT_EXECUTE|[21]
12:25:43.0 (49787058)|STATEMENT_EXECUTE|[22]
12:25:43.0 (49788833)|CONSTRUCTOR_EXIT|[56]|01pBK000001RGBP|<init>()|JobCardsController.JobWrapper
12:25:43.0 (49791971)|VARIABLE_SCOPE_BEGIN|[56]|wrapper|JobCardsController.JobWrapper|true|false
12:25:43.0 (49799278)|VARIABLE_ASSIGNMENT|[56]|wrapper|{}|0x5d210613
12:25:43.0 (49801908)|STATEMENT_EXECUTE|[57]
12:25:43.0 (49829497)|VARIABLE_ASSIGNMENT|[57]|this.Id|"a0KBK00000Gexcs2AB"|0x5d210613
12:25:43.0 (49833006)|STATEMENT_EXECUTE|[58]
12:25:43.0 (49837998)|VARIABLE_ASSIGNMENT|[58]|this.JobPosition|"テスト401求人タイトル求人タイトル求人 (28 more) ..."|0x5d210613
12:25:43.0 (49841101)|STATEMENT_EXECUTE|[59]
12:25:43.0 (49844658)|VARIABLE_ASSIGNMENT|[59]|this.WorkLocation2|"勤務地"|0x5d210613
12:25:43.0 (49847601)|STATEMENT_EXECUTE|[60]
12:25:43.0 (49851008)|VARIABLE_ASSIGNMENT|[60]|this.JobCategory1|"専門職系（コンサルタント/金融/不動産）"|0x5d210613
12:25:43.0 (49854128)|STATEMENT_EXECUTE|[61]
12:25:43.0 (49859972)|VARIABLE_ASSIGNMENT|[61]|this.MaxAnnualSalary|600|0x5d210613
12:25:43.0 (49862605)|STATEMENT_EXECUTE|[62]
12:25:43.0 (49866334)|VARIABLE_ASSIGNMENT|[62]|this.MinAnnualSalary|450|0x5d210613
12:25:43.0 (49868808)|STATEMENT_EXECUTE|[63]
12:25:43.0 (49872389)|VARIABLE_ASSIGNMENT|[63]|this.JobDescription|"テスト401仕事内容仕事内容仕事内容仕事 (30 more) ..."|0x5d210613
12:25:43.0 (49875333)|STATEMENT_EXECUTE|[64]
12:25:43.0 (49882337)|VARIABLE_ASSIGNMENT|[64]|this.LastModifiedDate|"2026-03-18T01:52:52.000Z"|0x5d210613
12:25:43.0 (49884928)|STATEMENT_EXECUTE|[65]
12:25:43.0 (49889907)|VARIABLE_ASSIGNMENT|[65]|this.LastViewedDate|"2026-04-02T11:19:39.000Z"|0x5d210613
12:25:43.0 (49895917)|STATEMENT_EXECUTE|[66]
12:25:43.0 (49903103)|HEAP_ALLOCATE|[66]|Bytes:5
12:25:43.0 (49906319)|VARIABLE_ASSIGNMENT|[66]|this.IsFavorite|true|0x5d210613
12:25:43.0 (49908743)|STATEMENT_EXECUTE|[67]
12:25:43.0 (49911732)|HEAP_ALLOCATE|[EXTERNAL]|Bytes:4
12:25:43.0 (49917575)|HEAP_ALLOCATE|[55]|Bytes:5
12:25:43.0 (49922024)|HEAP_ALLOCATE|[55]|Bytes:36
12:25:43.0 (49924788)|VARIABLE_SCOPE_BEGIN|[55]|j|Job__c|true|false
12:25:43.0 (49959198)|VARIABLE_ASSIGNMENT|[55]|j|{"LastModifiedDate":"2026-03-12T05:33:30.000Z","JobPosition__c":"テスト424求人タイトル求人タイトル求人 (28 more) ...","LastViewedDate":"2026-04-02T07:16:25.000Z","Id":"a0KBK00000GexdF2AR","MinAnnualSalary__c":250,"JobDescription__c":"テスト424仕事内容仕事内容仕事内容仕事 (30 more) ...","JobCategory1__c":"技術系（電気/電子/機械）","MaxAnnualSalary__c":350}|0x2ffe797e
12:25:43.0 (49965624)|STATEMENT_EXECUTE|[55]
12:25:43.0 (49966466)|STATEMENT_EXECUTE|[56]
12:25:43.0 (49968084)|HEAP_ALLOCATE|[56]|Bytes:44
12:25:43.0 (49970882)|CONSTRUCTOR_ENTRY|[56]|01pBK000001RGBP|<init>()|JobCardsController.JobWrapper
12:25:43.0 (49986836)|VARIABLE_SCOPE_BEGIN|[12]|this|JobCardsController.JobWrapper|true|false
12:25:43.0 (50000350)|VARIABLE_ASSIGNMENT|[12]|this|{}|0x5fb99590
12:25:43.0 (50009378)|STATEMENT_EXECUTE|[12]
12:25:43.0 (50010239)|STATEMENT_EXECUTE|[13]
12:25:43.0 (50011046)|STATEMENT_EXECUTE|[14]
12:25:43.0 (50011824)|STATEMENT_EXECUTE|[15]
12:25:43.0 (50012641)|STATEMENT_EXECUTE|[16]
12:25:43.0 (50013467)|STATEMENT_EXECUTE|[17]
12:25:43.0 (50014267)|STATEMENT_EXECUTE|[18]
12:25:43.0 (50015055)|STATEMENT_EXECUTE|[19]
12:25:43.0 (50015848)|STATEMENT_EXECUTE|[20]
12:25:43.0 (50016628)|STATEMENT_EXECUTE|[21]
12:25:43.0 (50017357)|STATEMENT_EXECUTE|[22]
12:25:43.0 (50019003)|CONSTRUCTOR_EXIT|[56]|01pBK000001RGBP|<init>()|JobCardsController.JobWrapper
12:25:43.0 (50022231)|VARIABLE_SCOPE_BEGIN|[56]|wrapper|JobCardsController.JobWrapper|true|false
12:25:43.0 (50029522)|VARIABLE_ASSIGNMENT|[56]|wrapper|{}|0x5fb99590
12:25:43.0 (50032175)|STATEMENT_EXECUTE|[57]
12:25:43.0 (50059338)|VARIABLE_ASSIGNMENT|[57]|this.Id|"a0KBK00000GexdF2AR"|0x5fb99590
12:25:43.0 (50062385)|STATEMENT_EXECUTE|[58]
12:25:43.0 (50067337)|VARIABLE_ASSIGNMENT|[58]|this.JobPosition|"テスト424求人タイトル求人タイトル求人 (28 more) ..."|0x5fb99590
12:25:43.0 (50070401)|STATEMENT_EXECUTE|[59]
12:25:43.0 (50073606)|VARIABLE_ASSIGNMENT|[59]|this.WorkLocation2|null|0x5fb99590
12:25:43.0 (50076151)|STATEMENT_EXECUTE|[60]
12:25:43.0 (50079464)|VARIABLE_ASSIGNMENT|[60]|this.JobCategory1|"技術系（電気/電子/機械）"|0x5fb99590
12:25:43.0 (50086009)|STATEMENT_EXECUTE|[61]
12:25:43.0 (50091108)|VARIABLE_ASSIGNMENT|[61]|this.MaxAnnualSalary|350|0x5fb99590
12:25:43.0 (50093567)|STATEMENT_EXECUTE|[62]
12:25:43.0 (50097136)|VARIABLE_ASSIGNMENT|[62]|this.MinAnnualSalary|250|0x5fb99590
12:25:43.0 (50099639)|STATEMENT_EXECUTE|[63]
12:25:43.0 (50103276)|VARIABLE_ASSIGNMENT|[63]|this.JobDescription|"テスト424仕事内容仕事内容仕事内容仕事 (30 more) ..."|0x5fb99590
12:25:43.0 (50106212)|STATEMENT_EXECUTE|[64]
12:25:43.0 (50113407)|VARIABLE_ASSIGNMENT|[64]|this.LastModifiedDate|"2026-03-12T05:33:30.000Z"|0x5fb99590
12:25:43.0 (50116084)|STATEMENT_EXECUTE|[65]
12:25:43.0 (50121182)|VARIABLE_ASSIGNMENT|[65]|this.LastViewedDate|"2026-04-02T07:16:25.000Z"|0x5fb99590
12:25:43.0 (50123897)|STATEMENT_EXECUTE|[66]
12:25:43.0 (50130653)|HEAP_ALLOCATE|[66]|Bytes:5
12:25:43.0 (50134138)|VARIABLE_ASSIGNMENT|[66]|this.IsFavorite|false|0x5fb99590
12:25:43.0 (50136574)|STATEMENT_EXECUTE|[67]
12:25:43.0 (50139752)|HEAP_ALLOCATE|[EXTERNAL]|Bytes:4
12:25:43.0 (50145643)|HEAP_ALLOCATE|[55]|Bytes:5
12:25:43.0 (50150436)|HEAP_ALLOCATE|[55]|Bytes:36
12:25:43.0 (50153506)|VARIABLE_SCOPE_BEGIN|[55]|j|Job__c|true|false
12:25:43.0 (50191715)|VARIABLE_ASSIGNMENT|[55]|j|{"LastModifiedDate":"2026-03-09T05:51:50.000Z","JobPosition__c":"テスト403求人タイトル求人タイトル求人 (28 more) ...","LastViewedDate":"2026-04-02T10:23:00.000Z","Id":"a0KBK00000Gexcu2AB","MinAnnualSalary__c":900,"JobDescription__c":"テスト403仕事内容仕事内容仕事内容仕事 (30 more) ...","JobCategory1__c":"営業系","MaxAnnualSalary__c":600}|0x32d50154
12:25:43.0 (50198684)|STATEMENT_EXECUTE|[55]
12:25:43.0 (50199513)|STATEMENT_EXECUTE|[56]
12:25:43.0 (50201870)|HEAP_ALLOCATE|[56]|Bytes:44
12:25:43.0 (50205472)|CONSTRUCTOR_ENTRY|[56]|01pBK000001RGBP|<init>()|JobCardsController.JobWrapper
12:25:43.0 (50209224)|VARIABLE_SCOPE_BEGIN|[12]|this|JobCardsController.JobWrapper|true|false
12:25:43.0 (50218688)|VARIABLE_ASSIGNMENT|[12]|this|{}|0x443c6613
12:25:43.0 (50230993)|STATEMENT_EXECUTE|[12]
12:25:43.0 (50231888)|STATEMENT_EXECUTE|[13]
12:25:43.0 (50232670)|STATEMENT_EXECUTE|[14]
12:25:43.0 (50233536)|STATEMENT_EXECUTE|[15]
12:25:43.0 (50234457)|STATEMENT_EXECUTE|[16]
12:25:43.0 (50235254)|STATEMENT_EXECUTE|[17]
12:25:43.0 (50236015)|STATEMENT_EXECUTE|[18]
12:25:43.0 (50236800)|STATEMENT_EXECUTE|[19]
12:25:43.0 (50237601)|STATEMENT_EXECUTE|[20]
12:25:43.0 (50238426)|STATEMENT_EXECUTE|[21]
12:25:43.0 (50239201)|STATEMENT_EXECUTE|[22]
12:25:43.0 (50241172)|CONSTRUCTOR_EXIT|[56]|01pBK000001RGBP|<init>()|JobCardsController.JobWrapper
12:25:43.0 (50244663)|VARIABLE_SCOPE_BEGIN|[56]|wrapper|JobCardsController.JobWrapper|true|false
12:25:43.0 (50255918)|VARIABLE_ASSIGNMENT|[56]|wrapper|{}|0x443c6613
12:25:43.0 (50258623)|STATEMENT_EXECUTE|[57]
12:25:43.0 (50283456)|VARIABLE_ASSIGNMENT|[57]|this.Id|"a0KBK00000Gexcu2AB"|0x443c6613
12:25:43.0 (50286723)|STATEMENT_EXECUTE|[58]
12:25:43.0 (50291704)|VARIABLE_ASSIGNMENT|[58]|this.JobPosition|"テスト403求人タイトル求人タイトル求人 (28 more) ..."|0x443c6613
12:25:43.0 (50294873)|STATEMENT_EXECUTE|[59]
12:25:43.0 (50297838)|VARIABLE_ASSIGNMENT|[59]|this.WorkLocation2|null|0x443c6613
12:25:43.0 (50300616)|STATEMENT_EXECUTE|[60]
12:25:43.0 (50303831)|VARIABLE_ASSIGNMENT|[60]|this.JobCategory1|"営業系"|0x443c6613
12:25:43.0 (50306695)|STATEMENT_EXECUTE|[61]
12:25:43.0 (50310930)|VARIABLE_ASSIGNMENT|[61]|this.MaxAnnualSalary|600|0x443c6613
12:25:43.0 (50313696)|STATEMENT_EXECUTE|[62]
12:25:43.0 (50317110)|VARIABLE_ASSIGNMENT|[62]|this.MinAnnualSalary|900|0x443c6613
12:25:43.0 (50319785)|STATEMENT_EXECUTE|[63]
12:25:43.0 (50323406)|VARIABLE_ASSIGNMENT|[63]|this.JobDescription|"テスト403仕事内容仕事内容仕事内容仕事 (30 more) ..."|0x443c6613
12:25:43.0 (50326730)|STATEMENT_EXECUTE|[64]
12:25:43.0 (50333367)|VARIABLE_ASSIGNMENT|[64]|this.LastModifiedDate|"2026-03-09T05:51:50.000Z"|0x443c6613
12:25:43.0 (50336162)|STATEMENT_EXECUTE|[65]
12:25:43.0 (50341127)|VARIABLE_ASSIGNMENT|[65]|this.LastViewedDate|"2026-04-02T10:23:00.000Z"|0x443c6613
12:25:43.0 (50344020)|STATEMENT_EXECUTE|[66]
12:25:43.0 (50350886)|HEAP_ALLOCATE|[66]|Bytes:5
12:25:43.0 (50354423)|VARIABLE_ASSIGNMENT|[66]|this.IsFavorite|true|0x443c6613
12:25:43.0 (50357276)|STATEMENT_EXECUTE|[67]
12:25:43.0 (50360582)|HEAP_ALLOCATE|[EXTERNAL]|Bytes:4
12:25:43.0 (50366634)|HEAP_ALLOCATE|[55]|Bytes:5
12:25:43.0 (50371271)|HEAP_ALLOCATE|[55]|Bytes:36
12:25:43.0 (50374167)|VARIABLE_SCOPE_BEGIN|[55]|j|Job__c|true|false
12:25:43.0 (50417526)|VARIABLE_ASSIGNMENT|[55]|j|{"LastModifiedDate":"2026-03-09T05:51:49.000Z","JobPosition__c":"テスト402求人タイトル求人タイトル求人 (28 more) ...","LastViewedDate":"2026-03-18T09:45:33.000Z","Id":"a0KBK00000Gexct2AB","MinAnnualSalary__c":500,"JobDescription__c":"テスト402仕事内容仕事内容仕事内容仕事 (30 more) ...","JobCategory1__c":"営業系","MaxAnnualSalary__c":400}|0x2e60cc1d
12:25:43.0 (50426787)|STATEMENT_EXECUTE|[55]
12:25:43.0 (50427933)|STATEMENT_EXECUTE|[56]
12:25:43.0 (50430702)|HEAP_ALLOCATE|[56]|Bytes:44
12:25:43.0 (50435642)|CONSTRUCTOR_ENTRY|[56]|01pBK000001RGBP|<init>()|JobCardsController.JobWrapper
12:25:43.0 (50444133)|VARIABLE_SCOPE_BEGIN|[12]|this|JobCardsController.JobWrapper|true|false
12:25:43.0 (50460190)|VARIABLE_ASSIGNMENT|[12]|this|{}|0x68563e0e
12:25:43.0 (50471329)|STATEMENT_EXECUTE|[12]
12:25:43.0 (50472631)|STATEMENT_EXECUTE|[13]
12:25:43.0 (50473730)|STATEMENT_EXECUTE|[14]
12:25:43.0 (50474805)|STATEMENT_EXECUTE|[15]
12:25:43.0 (50475901)|STATEMENT_EXECUTE|[16]
12:25:43.0 (50476942)|STATEMENT_EXECUTE|[17]
12:25:43.0 (50478051)|STATEMENT_EXECUTE|[18]
12:25:43.0 (50478956)|STATEMENT_EXECUTE|[19]
12:25:43.0 (50480136)|STATEMENT_EXECUTE|[20]
12:25:43.0 (50481119)|STATEMENT_EXECUTE|[21]
12:25:43.0 (50482101)|STATEMENT_EXECUTE|[22]
12:25:43.0 (50484371)|CONSTRUCTOR_EXIT|[56]|01pBK000001RGBP|<init>()|JobCardsController.JobWrapper
12:25:43.0 (50489249)|VARIABLE_SCOPE_BEGIN|[56]|wrapper|JobCardsController.JobWrapper|true|false
12:25:43.0 (50501715)|VARIABLE_ASSIGNMENT|[56]|wrapper|{}|0x68563e0e
12:25:43.0 (50506082)|STATEMENT_EXECUTE|[57]
12:25:43.0 (50557158)|VARIABLE_ASSIGNMENT|[57]|this.Id|"a0KBK00000Gexct2AB"|0x68563e0e
12:25:43.0 (50562445)|STATEMENT_EXECUTE|[58]
12:25:43.0 (50571670)|VARIABLE_ASSIGNMENT|[58]|this.JobPosition|"テスト402求人タイトル求人タイトル求人 (28 more) ..."|0x68563e0e
12:25:43.0 (50576412)|STATEMENT_EXECUTE|[59]
12:25:43.0 (50581499)|VARIABLE_ASSIGNMENT|[59]|this.WorkLocation2|null|0x68563e0e
12:25:43.0 (50585436)|STATEMENT_EXECUTE|[60]
12:25:43.0 (50590533)|VARIABLE_ASSIGNMENT|[60]|this.JobCategory1|"営業系"|0x68563e0e
12:25:43.0 (50594855)|STATEMENT_EXECUTE|[61]
12:25:43.0 (50603589)|VARIABLE_ASSIGNMENT|[61]|this.MaxAnnualSalary|400|0x68563e0e
12:25:43.0 (50607642)|STATEMENT_EXECUTE|[62]
12:25:43.0 (50612852)|VARIABLE_ASSIGNMENT|[62]|this.MinAnnualSalary|500|0x68563e0e
12:25:43.0 (50617267)|STATEMENT_EXECUTE|[63]
12:25:43.0 (50623080)|VARIABLE_ASSIGNMENT|[63]|this.JobDescription|"テスト402仕事内容仕事内容仕事内容仕事 (30 more) ..."|0x68563e0e
12:25:43.0 (50626641)|STATEMENT_EXECUTE|[64]
12:25:43.0 (50637849)|VARIABLE_ASSIGNMENT|[64]|this.LastModifiedDate|"2026-03-09T05:51:49.000Z"|0x68563e0e
12:25:43.0 (50640676)|STATEMENT_EXECUTE|[65]
12:25:43.0 (50645764)|VARIABLE_ASSIGNMENT|[65]|this.LastViewedDate|"2026-03-18T09:45:33.000Z"|0x68563e0e
12:25:43.0 (50648294)|STATEMENT_EXECUTE|[66]
12:25:43.0 (50657680)|HEAP_ALLOCATE|[66]|Bytes:5
12:25:43.0 (50664990)|VARIABLE_ASSIGNMENT|[66]|this.IsFavorite|false|0x68563e0e
12:25:43.0 (50667656)|STATEMENT_EXECUTE|[67]
12:25:43.0 (50671369)|HEAP_ALLOCATE|[EXTERNAL]|Bytes:4
12:25:43.0 (50678884)|HEAP_ALLOCATE|[55]|Bytes:5
12:25:43.0 (50684338)|HEAP_ALLOCATE|[55]|Bytes:40
12:25:43.0 (50688021)|VARIABLE_SCOPE_BEGIN|[55]|j|Job__c|true|false
12:25:43.0 (50771578)|VARIABLE_ASSIGNMENT|[55]|j|{"LastModifiedDate":"2026-03-06T01:15:09.000Z","JobPosition__c":"千代田区(東京) 設備積算・大手サブコン (18 more) ...","WorkLocation2__c":"東京都千代田区","LastViewedDate":"2026-03-17T05:57:19.000Z","Id":"a0KBK00000GezgH2AR","MinAnnualSalary__c":400,"JobDescription__c":"事務所ビルや商業施設、工場など、多様な建 (105 more) ...","JobCategory1__c":"営業系","MaxAnnualSalary__c":650}|0x6793b0aa
12:25:43.0 (50779470)|STATEMENT_EXECUTE|[55]
12:25:43.0 (50780424)|STATEMENT_EXECUTE|[56]
12:25:43.0 (50783371)|HEAP_ALLOCATE|[56]|Bytes:44
12:25:43.0 (50787339)|CONSTRUCTOR_ENTRY|[56]|01pBK000001RGBP|<init>()|JobCardsController.JobWrapper
12:25:43.0 (50791119)|VARIABLE_SCOPE_BEGIN|[12]|this|JobCardsController.JobWrapper|true|false
12:25:43.0 (50805369)|VARIABLE_ASSIGNMENT|[12]|this|{}|0x3d92bc89
12:25:43.0 (50814459)|STATEMENT_EXECUTE|[12]
12:25:43.0 (50815365)|STATEMENT_EXECUTE|[13]
12:25:43.0 (50816158)|STATEMENT_EXECUTE|[14]
12:25:43.0 (50816914)|STATEMENT_EXECUTE|[15]
12:25:43.0 (50817714)|STATEMENT_EXECUTE|[16]
12:25:43.0 (50818523)|STATEMENT_EXECUTE|[17]
12:25:43.0 (50819278)|STATEMENT_EXECUTE|[18]
12:25:43.0 (50820116)|STATEMENT_EXECUTE|[19]
12:25:43.0 (50820937)|STATEMENT_EXECUTE|[20]
12:25:43.0 (50821705)|STATEMENT_EXECUTE|[21]
12:25:43.0 (50822444)|STATEMENT_EXECUTE|[22]
12:25:43.0 (50824139)|CONSTRUCTOR_EXIT|[56]|01pBK000001RGBP|<init>()|JobCardsController.JobWrapper
12:25:43.0 (50827875)|VARIABLE_SCOPE_BEGIN|[56]|wrapper|JobCardsController.JobWrapper|true|false
12:25:43.0 (50835429)|VARIABLE_ASSIGNMENT|[56]|wrapper|{}|0x3d92bc89
12:25:43.0 (50837962)|STATEMENT_EXECUTE|[57]
12:25:43.0 (50874835)|VARIABLE_ASSIGNMENT|[57]|this.Id|"a0KBK00000GezgH2AR"|0x3d92bc89
12:25:43.0 (50878248)|STATEMENT_EXECUTE|[58]
12:25:43.0 (50883197)|VARIABLE_ASSIGNMENT|[58]|this.JobPosition|"千代田区(東京) 設備積算・大手サブコン (18 more) ..."|0x3d92bc89
12:25:43.0 (50886417)|STATEMENT_EXECUTE|[59]
12:25:43.0 (50890260)|VARIABLE_ASSIGNMENT|[59]|this.WorkLocation2|"東京都千代田区"|0x3d92bc89
12:25:43.0 (50893384)|STATEMENT_EXECUTE|[60]
12:25:43.0 (50896224)|VARIABLE_ASSIGNMENT|[60]|this.JobCategory1|"営業系"|0x3d92bc89
12:25:43.0 (50902258)|STATEMENT_EXECUTE|[61]
12:25:43.0 (50907247)|VARIABLE_ASSIGNMENT|[61]|this.MaxAnnualSalary|650|0x3d92bc89
12:25:43.0 (50909969)|STATEMENT_EXECUTE|[62]
12:25:43.0 (50913480)|VARIABLE_ASSIGNMENT|[62]|this.MinAnnualSalary|400|0x3d92bc89
12:25:43.0 (50915918)|STATEMENT_EXECUTE|[63]
12:25:43.0 (50919746)|VARIABLE_ASSIGNMENT|[63]|this.JobDescription|"事務所ビルや商業施設、工場など、多様な建 (105 more) ..."|0x3d92bc89
12:25:43.0 (50922982)|STATEMENT_EXECUTE|[64]
12:25:43.0 (50930692)|VARIABLE_ASSIGNMENT|[64]|this.LastModifiedDate|"2026-03-06T01:15:09.000Z"|0x3d92bc89
12:25:43.0 (50933454)|STATEMENT_EXECUTE|[65]
12:25:43.0 (50938661)|VARIABLE_ASSIGNMENT|[65]|this.LastViewedDate|"2026-03-17T05:57:19.000Z"|0x3d92bc89
12:25:43.0 (50941441)|STATEMENT_EXECUTE|[66]
12:25:43.0 (50948684)|HEAP_ALLOCATE|[66]|Bytes:5
12:25:43.0 (50951709)|VARIABLE_ASSIGNMENT|[66]|this.IsFavorite|false|0x3d92bc89
12:25:43.0 (50954167)|STATEMENT_EXECUTE|[67]
12:25:43.0 (50957490)|HEAP_ALLOCATE|[EXTERNAL]|Bytes:4
12:25:43.0 (50963697)|HEAP_ALLOCATE|[55]|Bytes:5
12:25:43.0 (50968847)|HEAP_ALLOCATE|[55]|Bytes:36
12:25:43.0 (50972130)|VARIABLE_SCOPE_BEGIN|[55]|j|Job__c|true|false
12:25:43.0 (51009911)|VARIABLE_ASSIGNMENT|[55]|j|{"LastModifiedDate":"2026-02-06T01:25:17.000Z","JobPosition__c":"テスト467求人タイトル求人タイトル求人 (28 more) ...","LastViewedDate":"2026-04-02T09:39:31.000Z","Id":"a0KBK00000Gexdw2AB","MinAnnualSalary__c":216,"JobDescription__c":"テスト467仕事内容仕事内容仕事内容仕事 (30 more) ...","JobCategory1__c":"管理部門/事務系","MaxAnnualSalary__c":0}|0x3b7a10af
12:25:43.0 (51016913)|STATEMENT_EXECUTE|[55]
12:25:43.0 (51017803)|STATEMENT_EXECUTE|[56]
12:25:43.0 (51019832)|HEAP_ALLOCATE|[56]|Bytes:44
12:25:43.0 (51023086)|CONSTRUCTOR_ENTRY|[56]|01pBK000001RGBP|<init>()|JobCardsController.JobWrapper
12:25:43.0 (51026254)|VARIABLE_SCOPE_BEGIN|[12]|this|JobCardsController.JobWrapper|true|false
12:25:43.0 (51035606)|VARIABLE_ASSIGNMENT|[12]|this|{}|0x2e14abbe
12:25:43.0 (51042343)|STATEMENT_EXECUTE|[12]
12:25:43.0 (51043184)|STATEMENT_EXECUTE|[13]
12:25:43.0 (51043948)|STATEMENT_EXECUTE|[14]
12:25:43.0 (51044700)|STATEMENT_EXECUTE|[15]
12:25:43.0 (51045488)|STATEMENT_EXECUTE|[16]
12:25:43.0 (51046286)|STATEMENT_EXECUTE|[17]
12:25:43.0 (51047048)|STATEMENT_EXECUTE|[18]
12:25:43.0 (51047812)|STATEMENT_EXECUTE|[19]
12:25:43.0 (51048596)|STATEMENT_EXECUTE|[20]
12:25:43.0 (51049393)|STATEMENT_EXECUTE|[21]
12:25:43.0 (51050167)|STATEMENT_EXECUTE|[22]
12:25:43.0 (51051574)|CONSTRUCTOR_EXIT|[56]|01pBK000001RGBP|<init>()|JobCardsController.JobWrapper
12:25:43.0 (51054647)|VARIABLE_SCOPE_BEGIN|[56]|wrapper|JobCardsController.JobWrapper|true|false
12:25:43.0 (51065043)|VARIABLE_ASSIGNMENT|[56]|wrapper|{}|0x2e14abbe
12:25:43.0 (51067613)|STATEMENT_EXECUTE|[57]
12:25:43.0 (51091511)|VARIABLE_ASSIGNMENT|[57]|this.Id|"a0KBK00000Gexdw2AB"|0x2e14abbe
12:25:43.0 (51094714)|STATEMENT_EXECUTE|[58]
12:25:43.0 (51099707)|VARIABLE_ASSIGNMENT|[58]|this.JobPosition|"テスト467求人タイトル求人タイトル求人 (28 more) ..."|0x2e14abbe
12:25:43.0 (51102746)|STATEMENT_EXECUTE|[59]
12:25:43.0 (51105828)|VARIABLE_ASSIGNMENT|[59]|this.WorkLocation2|null|0x2e14abbe
12:25:43.0 (51108323)|STATEMENT_EXECUTE|[60]
12:25:43.0 (51111370)|VARIABLE_ASSIGNMENT|[60]|this.JobCategory1|"管理部門/事務系"|0x2e14abbe
12:25:43.0 (51114222)|STATEMENT_EXECUTE|[61]
12:25:43.0 (51135756)|HEAP_ALLOCATE|[61]|Bytes:28
12:25:43.0 (51140525)|VARIABLE_ASSIGNMENT|[61]|this.MaxAnnualSalary|0|0x2e14abbe
12:25:43.0 (51143168)|STATEMENT_EXECUTE|[62]
12:25:43.0 (51146589)|VARIABLE_ASSIGNMENT|[62]|this.MinAnnualSalary|216|0x2e14abbe
12:25:43.0 (51149077)|STATEMENT_EXECUTE|[63]
12:25:43.0 (51152774)|VARIABLE_ASSIGNMENT|[63]|this.JobDescription|"テスト467仕事内容仕事内容仕事内容仕事 (30 more) ..."|0x2e14abbe
12:25:43.0 (51155818)|STATEMENT_EXECUTE|[64]
12:25:43.0 (51162317)|VARIABLE_ASSIGNMENT|[64]|this.LastModifiedDate|"2026-02-06T01:25:17.000Z"|0x2e14abbe
12:25:43.0 (51165183)|STATEMENT_EXECUTE|[65]
12:25:43.0 (51170071)|VARIABLE_ASSIGNMENT|[65]|this.LastViewedDate|"2026-04-02T09:39:31.000Z"|0x2e14abbe
12:25:43.0 (51172667)|STATEMENT_EXECUTE|[66]
12:25:43.0 (51179312)|HEAP_ALLOCATE|[66]|Bytes:5
12:25:43.0 (51182088)|VARIABLE_ASSIGNMENT|[66]|this.IsFavorite|false|0x2e14abbe
12:25:43.0 (51184581)|STATEMENT_EXECUTE|[67]
12:25:43.0 (51187545)|HEAP_ALLOCATE|[EXTERNAL]|Bytes:4
12:25:43.0 (51193011)|HEAP_ALLOCATE|[55]|Bytes:5
12:25:43.0 (51197359)|HEAP_ALLOCATE|[55]|Bytes:36
12:25:43.0 (51199926)|VARIABLE_SCOPE_BEGIN|[55]|j|Job__c|true|false
12:25:43.0 (51233169)|VARIABLE_ASSIGNMENT|[55]|j|{"LastModifiedDate":"2026-02-05T00:50:25.000Z","JobPosition__c":"テスト297求人タイトル求人タイトル求人 (28 more) ...","LastViewedDate":"2026-03-28T05:28:09.000Z","Id":"a0KBK00000Gezpx2AB","MinAnnualSalary__c":350,"JobDescription__c":"テスト297仕事内容仕事内容仕事内容仕事 (30 more) ...","JobCategory1__c":"IT系（ソフトウェア/ネットワーク）","MaxAnnualSalary__c":600}|0x213f6935
12:25:43.0 (51240011)|STATEMENT_EXECUTE|[55]
12:25:43.0 (51240806)|STATEMENT_EXECUTE|[56]
12:25:43.0 (51242520)|HEAP_ALLOCATE|[56]|Bytes:44
12:25:43.0 (51245294)|CONSTRUCTOR_ENTRY|[56]|01pBK000001RGBP|<init>()|JobCardsController.JobWrapper
12:25:43.0 (51251766)|VARIABLE_SCOPE_BEGIN|[12]|this|JobCardsController.JobWrapper|true|false
12:25:43.0 (51261101)|VARIABLE_ASSIGNMENT|[12]|this|{}|0x93f5c91
12:25:43.0 (51267757)|STATEMENT_EXECUTE|[12]
12:25:43.0 (51268588)|STATEMENT_EXECUTE|[13]
12:25:43.0 (51269366)|STATEMENT_EXECUTE|[14]
12:25:43.0 (51270135)|STATEMENT_EXECUTE|[15]
12:25:43.0 (51270897)|STATEMENT_EXECUTE|[16]
12:25:43.0 (51271702)|STATEMENT_EXECUTE|[17]
12:25:43.0 (51272460)|STATEMENT_EXECUTE|[18]
12:25:43.0 (51273217)|STATEMENT_EXECUTE|[19]
12:25:43.0 (51274018)|STATEMENT_EXECUTE|[20]
12:25:43.0 (51274781)|STATEMENT_EXECUTE|[21]
12:25:43.0 (51275533)|STATEMENT_EXECUTE|[22]
12:25:43.0 (51276936)|CONSTRUCTOR_EXIT|[56]|01pBK000001RGBP|<init>()|JobCardsController.JobWrapper
12:25:43.0 (51279853)|VARIABLE_SCOPE_BEGIN|[56]|wrapper|JobCardsController.JobWrapper|true|false
12:25:43.0 (51287337)|VARIABLE_ASSIGNMENT|[56]|wrapper|{}|0x93f5c91
12:25:43.0 (51289906)|STATEMENT_EXECUTE|[57]
12:25:43.0 (51313495)|VARIABLE_ASSIGNMENT|[57]|this.Id|"a0KBK00000Gezpx2AB"|0x93f5c91
12:25:43.0 (51316547)|STATEMENT_EXECUTE|[58]
12:25:43.0 (51321199)|VARIABLE_ASSIGNMENT|[58]|this.JobPosition|"テスト297求人タイトル求人タイトル求人 (28 more) ..."|0x93f5c91
12:25:43.0 (51324126)|STATEMENT_EXECUTE|[59]
12:25:43.0 (51326962)|VARIABLE_ASSIGNMENT|[59]|this.WorkLocation2|null|0x93f5c91
12:25:43.0 (51329456)|STATEMENT_EXECUTE|[60]
12:25:43.0 (51332793)|VARIABLE_ASSIGNMENT|[60]|this.JobCategory1|"IT系（ソフトウェア/ネットワーク）"|0x93f5c91
12:25:43.0 (51335736)|STATEMENT_EXECUTE|[61]
12:25:43.0 (51339688)|VARIABLE_ASSIGNMENT|[61]|this.MaxAnnualSalary|600|0x93f5c91
12:25:43.0 (51342394)|STATEMENT_EXECUTE|[62]
12:25:43.0 (51345812)|VARIABLE_ASSIGNMENT|[62]|this.MinAnnualSalary|350|0x93f5c91
12:25:43.0 (51348246)|STATEMENT_EXECUTE|[63]
12:25:43.0 (51351946)|VARIABLE_ASSIGNMENT|[63]|this.JobDescription|"テスト297仕事内容仕事内容仕事内容仕事 (30 more) ..."|0x93f5c91
12:25:43.0 (51354801)|STATEMENT_EXECUTE|[64]
12:25:43.0 (51361358)|VARIABLE_ASSIGNMENT|[64]|this.LastModifiedDate|"2026-02-05T00:50:25.000Z"|0x93f5c91
12:25:43.0 (51364126)|STATEMENT_EXECUTE|[65]
12:25:43.0 (51368839)|VARIABLE_ASSIGNMENT|[65]|this.LastViewedDate|"2026-03-28T05:28:09.000Z"|0x93f5c91
12:25:43.0 (51371614)|STATEMENT_EXECUTE|[66]
12:25:43.0 (51377387)|HEAP_ALLOCATE|[66]|Bytes:5
12:25:43.0 (51383437)|VARIABLE_ASSIGNMENT|[66]|this.IsFavorite|false|0x93f5c91
12:25:43.0 (51385892)|STATEMENT_EXECUTE|[67]
12:25:43.0 (51388952)|HEAP_ALLOCATE|[EXTERNAL]|Bytes:4
12:25:43.0 (51394717)|HEAP_ALLOCATE|[55]|Bytes:5
12:25:43.0 (51398946)|HEAP_ALLOCATE|[55]|Bytes:36
12:25:43.0 (51401652)|VARIABLE_SCOPE_BEGIN|[55]|j|Job__c|true|false
12:25:43.0 (51433827)|VARIABLE_ASSIGNMENT|[55]|j|{"LastModifiedDate":"2026-02-05T00:49:22.000Z","JobPosition__c":"テスト407求人タイトル求人タイトル求人 (28 more) ...","LastViewedDate":"2026-03-18T09:45:42.000Z","Id":"a0KBK00000Gexcy2AB","MinAnnualSalary__c":350,"JobDescription__c":"テスト407仕事内容仕事内容仕事内容仕事 (30 more) ...","JobCategory1__c":"営業系","MaxAnnualSalary__c":450}|0x997592b
12:25:43.0 (51440131)|STATEMENT_EXECUTE|[55]
12:25:43.0 (51440983)|STATEMENT_EXECUTE|[56]
12:25:43.0 (51442581)|HEAP_ALLOCATE|[56]|Bytes:44
12:25:43.0 (51445270)|CONSTRUCTOR_ENTRY|[56]|01pBK000001RGBP|<init>()|JobCardsController.JobWrapper
12:25:43.0 (51448466)|VARIABLE_SCOPE_BEGIN|[12]|this|JobCardsController.JobWrapper|true|false
12:25:43.0 (51457572)|VARIABLE_ASSIGNMENT|[12]|this|{}|0x5040b5f6
12:25:43.0 (51463984)|STATEMENT_EXECUTE|[12]
12:25:43.0 (51464806)|STATEMENT_EXECUTE|[13]
12:25:43.0 (51465590)|STATEMENT_EXECUTE|[14]
12:25:43.0 (51466352)|STATEMENT_EXECUTE|[15]
12:25:43.0 (51467130)|STATEMENT_EXECUTE|[16]
12:25:43.0 (51467891)|STATEMENT_EXECUTE|[17]
12:25:43.0 (51468628)|STATEMENT_EXECUTE|[18]
12:25:43.0 (51469409)|STATEMENT_EXECUTE|[19]
12:25:43.0 (51470196)|STATEMENT_EXECUTE|[20]
12:25:43.0 (51470956)|STATEMENT_EXECUTE|[21]
12:25:43.0 (51471875)|STATEMENT_EXECUTE|[22]
12:25:43.0 (51473220)|CONSTRUCTOR_EXIT|[56]|01pBK000001RGBP|<init>()|JobCardsController.JobWrapper
12:25:43.0 (51476077)|VARIABLE_SCOPE_BEGIN|[56]|wrapper|JobCardsController.JobWrapper|true|false
12:25:43.0 (51483337)|VARIABLE_ASSIGNMENT|[56]|wrapper|{}|0x5040b5f6
12:25:43.0 (51486105)|STATEMENT_EXECUTE|[57]
12:25:43.0 (51510108)|VARIABLE_ASSIGNMENT|[57]|this.Id|"a0KBK00000Gexcy2AB"|0x5040b5f6
12:25:43.0 (51513110)|STATEMENT_EXECUTE|[58]
12:25:43.0 (51517701)|VARIABLE_ASSIGNMENT|[58]|this.JobPosition|"テスト407求人タイトル求人タイトル求人 (28 more) ..."|0x5040b5f6
12:25:43.0 (51520950)|STATEMENT_EXECUTE|[59]
12:25:43.0 (51523619)|VARIABLE_ASSIGNMENT|[59]|this.WorkLocation2|null|0x5040b5f6
12:25:43.0 (51526211)|STATEMENT_EXECUTE|[60]
12:25:43.0 (51529317)|VARIABLE_ASSIGNMENT|[60]|this.JobCategory1|"営業系"|0x5040b5f6
12:25:43.0 (51532084)|STATEMENT_EXECUTE|[61]
12:25:43.0 (51539077)|VARIABLE_ASSIGNMENT|[61]|this.MaxAnnualSalary|450|0x5040b5f6
12:25:43.0 (51541750)|STATEMENT_EXECUTE|[62]
12:25:43.0 (51545105)|VARIABLE_ASSIGNMENT|[62]|this.MinAnnualSalary|350|0x5040b5f6
12:25:43.0 (51547712)|STATEMENT_EXECUTE|[63]
12:25:43.0 (51551198)|VARIABLE_ASSIGNMENT|[63]|this.JobDescription|"テスト407仕事内容仕事内容仕事内容仕事 (30 more) ..."|0x5040b5f6
12:25:43.0 (51554216)|STATEMENT_EXECUTE|[64]
12:25:43.0 (51560500)|VARIABLE_ASSIGNMENT|[64]|this.LastModifiedDate|"2026-02-05T00:49:22.000Z"|0x5040b5f6
12:25:43.0 (51563343)|STATEMENT_EXECUTE|[65]
12:25:43.0 (51568165)|VARIABLE_ASSIGNMENT|[65]|this.LastViewedDate|"2026-03-18T09:45:42.000Z"|0x5040b5f6
12:25:43.0 (51570705)|STATEMENT_EXECUTE|[66]
12:25:43.0 (51576791)|HEAP_ALLOCATE|[66]|Bytes:5
12:25:43.0 (51579889)|VARIABLE_ASSIGNMENT|[66]|this.IsFavorite|false|0x5040b5f6
12:25:43.0 (51582270)|STATEMENT_EXECUTE|[67]
12:25:43.0 (51584897)|HEAP_ALLOCATE|[EXTERNAL]|Bytes:4
12:25:43.0 (51590506)|HEAP_ALLOCATE|[55]|Bytes:5
12:25:43.0 (51596196)|VARIABLE_ASSIGNMENT|[55]|j|null|
12:25:43.0 (51599491)|STATEMENT_EXECUTE|[69]
12:25:43.51 (51671251)|CUMULATIVE_LIMIT_USAGE
12:25:43.51 (51671251)|LIMIT_USAGE_FOR_NS|(default)|
  Number of SOQL queries: 2 out of 100
  Number of query rows: 14 out of 50000
  Number of SOSL queries: 0 out of 20
  Number of DML statements: 0 out of 150
  Number of Publish Immediate DML: 0 out of 150
  Number of DML rows: 0 out of 10000
  Maximum CPU time: 0 out of 10000
  Maximum heap size: 0 out of 6000000
  Number of callouts: 0 out of 100
  Number of Email Invocations: 0 out of 10
  Number of future calls: 0 out of 50
  Number of queueable jobs added to the queue: 0 out of 50
  Number of Mobile Apex push calls: 0 out of 10

12:25:43.51 (51671251)|CUMULATIVE_LIMIT_USAGE_END

12:25:43.0 (51724150)|CODE_UNIT_FINISHED|JobCardsController.getJobs()
12:25:43.0 (51925232)|CODE_UNIT_FINISHED|apex://JobCardsController/ACTION$getJobs
12:25:43.0 (51931801)|EXECUTION_FINISHED
