66.0 APEX_CODE,FINEST;APEX_PROFILING,INFO;CALLOUT,INFO;DATA_ACCESS,INFO;DB,INFO;NBA,INFO;SYSTEM,DEBUG;VALIDATION,INFO;VISUALFORCE,INFO;WAVE,INFO;WORKFLOW,INFO
15:59:07.2 (2137072)|USER_INFO|[EXTERNAL]|0057F0000042UBb|ishibashi@hurex.co.jp.dev1|(GMT+09:00) 日本標準時 (Asia/Tokyo)|GMT+09:00
15:59:07.2 (2168612)|EXECUTION_STARTED
15:59:07.2 (2177264)|CODE_UNIT_STARTED|[EXTERNAL]|apex://CustomNotificationController/ACTION$getNotifications
15:59:07.2 (5619381)|CODE_UNIT_STARTED|[EXTERNAL]|01pBK000001VvEL|CustomNotificationController.getNotifications(String)
15:59:07.2 (6768702)|HEAP_ALLOCATE|[95]|Bytes:3
15:59:07.2 (6878619)|HEAP_ALLOCATE|[100]|Bytes:152
15:59:07.2 (6893307)|HEAP_ALLOCATE|[417]|Bytes:408
15:59:07.2 (6903747)|HEAP_ALLOCATE|[430]|Bytes:408
15:59:07.2 (6924970)|HEAP_ALLOCATE|[317]|Bytes:6
15:59:07.2 (6985787)|HEAP_ALLOCATE|[EXTERNAL]|Bytes:7
15:59:07.2 (7002462)|METHOD_ENTRY|[1]|01pBK000001VvEL|CustomNotificationController.CustomNotificationController()
15:59:07.2 (7012512)|STATEMENT_EXECUTE|[1]
15:59:07.2 (7020182)|STATEMENT_EXECUTE|[1]
15:59:07.2 (7039997)|HEAP_ALLOCATE|[68]|Bytes:5
15:59:07.2 (7071052)|HEAP_ALLOCATE|[74]|Bytes:5
15:59:07.2 (7075966)|HEAP_ALLOCATE|[82]|Bytes:7
15:59:07.2 (7306373)|HEAP_ALLOCATE|[EXTERNAL]|Bytes:5
15:59:07.2 (7324624)|METHOD_EXIT|[1]|CustomNotificationController
15:59:07.2 (7332288)|VARIABLE_SCOPE_BEGIN|[5]|before|String|false|false
15:59:07.2 (7378184)|VARIABLE_ASSIGNMENT|[5]|before|null
15:59:07.2 (7389110)|HEAP_ALLOCATE|[6]|Bytes:5
15:59:07.2 (7391699)|STATEMENT_EXECUTE|[5]
15:59:07.2 (7392784)|STATEMENT_EXECUTE|[6]
15:59:07.2 (7418533)|VARIABLE_SCOPE_BEGIN|[6]|req|System.HttpRequest|true|false
15:59:07.2 (7623566)|VARIABLE_ASSIGNMENT|[6]|req|"System.HttpRequest[Endpoint=null, Method=null]"|0x301bbba8
15:59:07.2 (7628762)|STATEMENT_EXECUTE|[7]
15:59:07.2 (7632018)|HEAP_ALLOCATE|[7]|Bytes:3
15:59:07.2 (7730082)|STATEMENT_EXECUTE|[8]
15:59:07.2 (7731770)|HEAP_ALLOCATE|[8]|Bytes:13
15:59:07.2 (7734540)|HEAP_ALLOCATE|[8]|Bytes:7
15:59:07.2 (7777807)|HEAP_ALLOCATE|[8]|Bytes:105
15:59:07.2 (7785756)|SYSTEM_METHOD_ENTRY|[1]|UserInfo.UserInfo()
15:59:07.2 (7787599)|STATEMENT_EXECUTE|[1]
15:59:07.2 (7793453)|SYSTEM_METHOD_EXIT|[1]|UserInfo
15:59:07.2 (7806714)|METHOD_ENTRY|[8]||System.UserInfo.getSessionId()
15:59:07.2 (14756923)|METHOD_EXIT|[8]||System.UserInfo.getSessionId()
15:59:07.2 (14801554)|HEAP_ALLOCATE|[8]|Bytes:119
15:59:07.2 (14867958)|STATEMENT_EXECUTE|[10]
15:59:07.2 (14928152)|HEAP_ALLOCATE|[10]|Bytes:67
15:59:07.2 (14944287)|SYSTEM_METHOD_ENTRY|[1]|Url.Url()
15:59:07.2 (14946222)|STATEMENT_EXECUTE|[1]
15:59:07.2 (14954467)|SYSTEM_METHOD_EXIT|[1]|Url
15:59:07.2 (14963536)|METHOD_ENTRY|[10]||System.Url.getOrgDomainUrl()
15:59:07.2 (15211497)|METHOD_EXIT|[10]||System.Url.getOrgDomainUrl()
15:59:07.2 (15225795)|METHOD_ENTRY|[10]||System.Url.toExternalForm()
15:59:07.2 (15259652)|METHOD_EXIT|[10]||System.Url.toExternalForm()
15:59:07.2 (15263299)|VARIABLE_SCOPE_BEGIN|[10]|domainPath|String|false|false
15:59:07.2 (15285130)|VARIABLE_ASSIGNMENT|[10]|domainPath|"https://hurex--dev1. (25 more) ..."
15:59:07.2 (15289852)|STATEMENT_EXECUTE|[11]
15:59:07.2 (15293364)|HEAP_ALLOCATE|[11]|Bytes:50
15:59:07.2 (15299433)|HEAP_ALLOCATE|[11]|Bytes:95
15:59:07.2 (15301972)|VARIABLE_SCOPE_BEGIN|[11]|endpoint|String|false|false
15:59:07.2 (15307299)|VARIABLE_ASSIGNMENT|[11]|endpoint|"https://hurex--dev1. (75 more) ..."
15:59:07.2 (15363301)|STATEMENT_EXECUTE|[13]
15:59:07.2 (15364426)|STATEMENT_EXECUTE|[16]
15:59:07.2 (15388474)|STATEMENT_EXECUTE|[18]
15:59:07.2 (15408256)|VARIABLE_SCOPE_BEGIN|[18]|http|System.Http|true|false
15:59:07.2 (15518580)|VARIABLE_ASSIGNMENT|[18]|http|"System.Http[]"|0x59d60f1e
15:59:07.2 (15522740)|STATEMENT_EXECUTE|[19]
15:59:07.2 (15593021)|CALLOUT_REQUEST|[19]|System.HttpRequest[Endpoint=https://hurex--dev1.sandbox.my.salesforce.com/services/data/v56.0/connect/notifications?size=20, Method=GET]
15:59:07.2 (217145312)|HEAP_ALLOCATE|[EXTERNAL]|Bytes:871
15:59:07.2 (219254659)|CALLOUT_RESPONSE|[19]|System.HttpResponse[Status=OK, StatusCode=200]
15:59:07.2 (219282446)|HEAP_ALLOCATE|[19]|Bytes:26
15:59:07.2 (219313064)|VARIABLE_SCOPE_BEGIN|[19]|res|System.HttpResponse|true|false
15:59:07.2 (219379227)|VARIABLE_ASSIGNMENT|[19]|res|"System.HttpResponse[Status=OK, StatusCode=200]"|0x5b864fef
15:59:07.2 (219489542)|STATEMENT_EXECUTE|[21]
15:59:07.2 (219491283)|STATEMENT_EXECUTE|[22]
15:59:07.2 (219512126)|HEAP_ALLOCATE|[22]|Bytes:20
15:59:07.219 (219551881)|CUMULATIVE_LIMIT_USAGE
15:59:07.219 (219551881)|LIMIT_USAGE_FOR_NS|(default)|
  Number of SOQL queries: 0 out of 100
  Number of query rows: 0 out of 50000
  Number of SOSL queries: 0 out of 20
  Number of DML statements: 0 out of 150
  Number of Publish Immediate DML: 0 out of 150
  Number of DML rows: 0 out of 10000
  Maximum CPU time: 0 out of 10000
  Maximum heap size: 0 out of 6000000
  Number of callouts: 1 out of 100
  Number of Email Invocations: 0 out of 10
  Number of future calls: 0 out of 50
  Number of queueable jobs added to the queue: 0 out of 50
  Number of Mobile Apex push calls: 0 out of 10

15:59:07.219 (219551881)|CUMULATIVE_LIMIT_USAGE_END

15:59:07.2 (219598375)|CODE_UNIT_FINISHED|CustomNotificationController.getNotifications(String)
15:59:07.2 (219771789)|CODE_UNIT_FINISHED|apex://CustomNotificationController/ACTION$getNotifications
15:59:07.2 (219777455)|EXECUTION_FINISHED
