66.0 APEX_CODE,FINEST;APEX_PROFILING,INFO;CALLOUT,INFO;DATA_ACCESS,INFO;DB,INFO;NBA,INFO;SYSTEM,DEBUG;VALIDATION,INFO;VISUALFORCE,INFO;WAVE,INFO;WORKFLOW,INFO
17:41:01.2 (2219472)|USER_INFO|[EXTERNAL]|0057F0000042UBb|ishibashi@hurex.co.jp.dev1|(GMT+09:00) 日本標準時 (Asia/Tokyo)|GMT+09:00
17:41:01.2 (2260412)|EXECUTION_STARTED
17:41:01.2 (2272671)|CODE_UNIT_STARTED|[EXTERNAL]|apex://CustomNotificationController/ACTION$getNotifications
17:41:01.2 (5673056)|CODE_UNIT_STARTED|[EXTERNAL]|01pBK000001VvEL|CustomNotificationController.getNotifications(String)
17:41:01.2 (5964736)|HEAP_ALLOCATE|[95]|Bytes:3
17:41:01.2 (6042289)|HEAP_ALLOCATE|[100]|Bytes:152
17:41:01.2 (6057357)|HEAP_ALLOCATE|[417]|Bytes:408
17:41:01.2 (6068608)|HEAP_ALLOCATE|[430]|Bytes:408
17:41:01.2 (6088704)|HEAP_ALLOCATE|[317]|Bytes:6
17:41:01.2 (6099194)|HEAP_ALLOCATE|[EXTERNAL]|Bytes:7
17:41:01.2 (6112964)|METHOD_ENTRY|[1]|01pBK000001VvEL|CustomNotificationController.CustomNotificationController()
17:41:01.2 (6117553)|STATEMENT_EXECUTE|[1]
17:41:01.2 (6122434)|STATEMENT_EXECUTE|[1]
17:41:01.2 (6141075)|HEAP_ALLOCATE|[68]|Bytes:5
17:41:01.2 (6163663)|HEAP_ALLOCATE|[74]|Bytes:5
17:41:01.2 (6168614)|HEAP_ALLOCATE|[82]|Bytes:7
17:41:01.2 (6613367)|HEAP_ALLOCATE|[EXTERNAL]|Bytes:5
17:41:01.2 (6632020)|METHOD_EXIT|[1]|CustomNotificationController
17:41:01.2 (6644864)|VARIABLE_SCOPE_BEGIN|[5]|before|String|false|false
17:41:01.2 (6673982)|VARIABLE_ASSIGNMENT|[5]|before|null
17:41:01.2 (6684825)|HEAP_ALLOCATE|[6]|Bytes:5
17:41:01.2 (6688044)|STATEMENT_EXECUTE|[5]
17:41:01.2 (6689279)|STATEMENT_EXECUTE|[6]
17:41:01.2 (6725103)|VARIABLE_SCOPE_BEGIN|[6]|req|System.HttpRequest|true|false
17:41:01.2 (6911316)|VARIABLE_ASSIGNMENT|[6]|req|"System.HttpRequest[Endpoint=null, Method=null]"|0x55d73356
17:41:01.2 (6916702)|STATEMENT_EXECUTE|[7]
17:41:01.2 (6919896)|HEAP_ALLOCATE|[7]|Bytes:3
17:41:01.2 (6999717)|STATEMENT_EXECUTE|[8]
17:41:01.2 (7001147)|HEAP_ALLOCATE|[8]|Bytes:13
17:41:01.2 (7004624)|HEAP_ALLOCATE|[8]|Bytes:7
17:41:01.2 (7050076)|HEAP_ALLOCATE|[8]|Bytes:105
17:41:01.2 (7059257)|SYSTEM_METHOD_ENTRY|[1]|UserInfo.UserInfo()
17:41:01.2 (7061936)|STATEMENT_EXECUTE|[1]
17:41:01.2 (7067720)|SYSTEM_METHOD_EXIT|[1]|UserInfo
17:41:01.2 (7077776)|METHOD_ENTRY|[8]||System.UserInfo.getSessionId()
17:41:01.2 (13635576)|METHOD_EXIT|[8]||System.UserInfo.getSessionId()
17:41:01.2 (13672391)|HEAP_ALLOCATE|[8]|Bytes:119
17:41:01.2 (13723925)|STATEMENT_EXECUTE|[10]
17:41:01.2 (13776364)|HEAP_ALLOCATE|[10]|Bytes:67
17:41:01.2 (13791723)|SYSTEM_METHOD_ENTRY|[1]|Url.Url()
17:41:01.2 (13794406)|STATEMENT_EXECUTE|[1]
17:41:01.2 (13802279)|SYSTEM_METHOD_EXIT|[1]|Url
17:41:01.2 (13810880)|METHOD_ENTRY|[10]||System.Url.getOrgDomainUrl()
17:41:01.2 (14074935)|METHOD_EXIT|[10]||System.Url.getOrgDomainUrl()
17:41:01.2 (14091306)|METHOD_ENTRY|[10]||System.Url.toExternalForm()
17:41:01.2 (14124749)|METHOD_EXIT|[10]||System.Url.toExternalForm()
17:41:01.2 (14128228)|VARIABLE_SCOPE_BEGIN|[10]|domainPath|String|false|false
17:41:01.2 (14147229)|VARIABLE_ASSIGNMENT|[10]|domainPath|"https://hurex--dev1. (25 more) ..."
17:41:01.2 (14150315)|STATEMENT_EXECUTE|[11]
17:41:01.2 (14153184)|HEAP_ALLOCATE|[11]|Bytes:50
17:41:01.2 (14160471)|HEAP_ALLOCATE|[11]|Bytes:95
17:41:01.2 (14163007)|VARIABLE_SCOPE_BEGIN|[11]|endpoint|String|false|false
17:41:01.2 (14168268)|VARIABLE_ASSIGNMENT|[11]|endpoint|"https://hurex--dev1. (75 more) ..."
17:41:01.2 (14267356)|STATEMENT_EXECUTE|[13]
17:41:01.2 (14268883)|STATEMENT_EXECUTE|[16]
17:41:01.2 (14303033)|STATEMENT_EXECUTE|[18]
17:41:01.2 (14328973)|VARIABLE_SCOPE_BEGIN|[18]|http|System.Http|true|false
17:41:01.2 (14433683)|VARIABLE_ASSIGNMENT|[18]|http|"System.Http[]"|0x296531d2
17:41:01.2 (14437722)|STATEMENT_EXECUTE|[19]
17:41:01.2 (14530033)|CALLOUT_REQUEST|[19]|System.HttpRequest[Endpoint=https://hurex--dev1.sandbox.my.salesforce.com/services/data/v56.0/connect/notifications?size=20, Method=GET]
17:41:01.2 (168327367)|HEAP_ALLOCATE|[EXTERNAL]|Bytes:872
17:41:01.2 (170567821)|CALLOUT_RESPONSE|[19]|System.HttpResponse[Status=OK, StatusCode=200]
17:41:01.2 (170594844)|HEAP_ALLOCATE|[19]|Bytes:26
17:41:01.2 (170628204)|VARIABLE_SCOPE_BEGIN|[19]|res|System.HttpResponse|true|false
17:41:01.2 (170689048)|VARIABLE_ASSIGNMENT|[19]|res|"System.HttpResponse[Status=OK, StatusCode=200]"|0x7a737764
17:41:01.2 (170767066)|STATEMENT_EXECUTE|[21]
17:41:01.2 (170768423)|STATEMENT_EXECUTE|[22]
17:41:01.2 (170792635)|HEAP_ALLOCATE|[22]|Bytes:20
17:41:01.170 (170831956)|CUMULATIVE_LIMIT_USAGE
17:41:01.170 (170831956)|LIMIT_USAGE_FOR_NS|(default)|
  Number of SOQL queries: 0 out of 100
  Number of query rows: 0 out of 50000
  Number of SOSL queries: 0 out of 20
  Number of DML statements: 0 out of 150
  Number of Publish Immediate DML: 0 out of 150
  Number of DML rows: 0 out of 10000
  Maximum CPU time: 0 out of 10000
  Maximum heap size: 0 out of 6000000
  Number of callouts: 1 out of 100
  Number of Email Invocations: 0 out of 10
  Number of future calls: 0 out of 50
  Number of queueable jobs added to the queue: 0 out of 50
  Number of Mobile Apex push calls: 0 out of 10

17:41:01.170 (170831956)|CUMULATIVE_LIMIT_USAGE_END

17:41:01.2 (170873724)|CODE_UNIT_FINISHED|CustomNotificationController.getNotifications(String)
17:41:01.2 (171028625)|CODE_UNIT_FINISHED|apex://CustomNotificationController/ACTION$getNotifications
17:41:01.2 (171034200)|EXECUTION_FINISHED
