66.0 APEX_CODE,FINEST;APEX_PROFILING,INFO;CALLOUT,INFO;DATA_ACCESS,INFO;DB,INFO;NBA,INFO;SYSTEM,DEBUG;VALIDATION,INFO;VISUALFORCE,INFO;WAVE,INFO;WORKFLOW,INFO
18:23:34.2 (2317070)|USER_INFO|[EXTERNAL]|0057F0000042UBb|ishibashi@hurex.co.jp.dev1|(GMT+09:00) 日本標準時 (Asia/Tokyo)|GMT+09:00
18:23:34.2 (2357141)|EXECUTION_STARTED
18:23:34.2 (2370984)|CODE_UNIT_STARTED|[EXTERNAL]|apex://OfferComponentController/ACTION$getOffers
18:23:34.2 (3192467)|CODE_UNIT_STARTED|[EXTERNAL]|01pBK000001Vpwv|OfferComponentController.getOffers()
18:23:34.2 (6203067)|HEAP_ALLOCATE|[95]|Bytes:3
18:23:34.2 (6303008)|HEAP_ALLOCATE|[100]|Bytes:152
18:23:34.2 (6318869)|HEAP_ALLOCATE|[417]|Bytes:408
18:23:34.2 (6333667)|HEAP_ALLOCATE|[430]|Bytes:408
18:23:34.2 (6358851)|HEAP_ALLOCATE|[317]|Bytes:6
18:23:34.2 (6369596)|HEAP_ALLOCATE|[EXTERNAL]|Bytes:2
18:23:34.2 (6381207)|METHOD_ENTRY|[5]|01pBK000001Vpwv|OfferComponentController.OfferComponentController()
18:23:34.2 (6386240)|STATEMENT_EXECUTE|[5]
18:23:34.2 (6392343)|STATEMENT_EXECUTE|[5]
18:23:34.2 (6412437)|HEAP_ALLOCATE|[68]|Bytes:5
18:23:34.2 (6438911)|HEAP_ALLOCATE|[74]|Bytes:5
18:23:34.2 (6445425)|HEAP_ALLOCATE|[82]|Bytes:7
18:23:34.2 (6821090)|HEAP_ALLOCATE|[EXTERNAL]|Bytes:5
18:23:34.2 (6839894)|METHOD_EXIT|[5]|OfferComponentController
18:23:34.2 (6853692)|HEAP_ALLOCATE|[18]|Bytes:5
18:23:34.2 (6857320)|STATEMENT_EXECUTE|[16]
18:23:34.2 (6858742)|STATEMENT_EXECUTE|[18]
18:23:34.2 (6861212)|HEAP_ALLOCATE|[18]|Bytes:78
18:23:34.2 (6877531)|HEAP_ALLOCATE|[18]|Bytes:4
18:23:34.2 (8770613)|SOQL_EXECUTE_BEGIN|[18]|Aggregations:0|SELECT COUNT() FROM SelectionProcess__c WHERE LatestProcessStatus__c = 'JOB打診'
18:23:34.2 (24547535)|SOQL_EXECUTE_END|[18]|Rows:2
18:23:34.2 (24597382)|HEAP_ALLOCATE|[18]|Bytes:4
18:23:34.2 (24621950)|VARIABLE_SCOPE_BEGIN|[18]|totalCount|Integer|false|false
18:23:34.2 (24629599)|HEAP_ALLOCATE|[18]|Bytes:4
18:23:34.2 (24661469)|VARIABLE_ASSIGNMENT|[18]|totalCount|2
18:23:34.2 (24667011)|STATEMENT_EXECUTE|[22]
18:23:34.2 (24671800)|HEAP_ALLOCATE|[22]|Bytes:360
18:23:34.2 (24690946)|HEAP_ALLOCATE|[22]|Bytes:4
18:23:34.2 (35103266)|SOQL_EXECUTE_BEGIN|[22]|Aggregations:0|SELECT Id, JobPosition__c, LatestProcessStatus__c, LastModifiedDate, JobPosition__r.Id, JobPosition__r.Company__r.Name, JobPosition__r.JobPosition__c, JobPosition__r.WorkLocation2__c, JobPosition__r.JobCategory1__c, JobPosition__r.LastViewedDate FROM SelectionProcess__c WHERE LatestProcessStatus__c = 'JOB打診' ORDER BY LastModifiedDate DESC NULLS FIRST LIMIT 2
18:23:34.2 (67929289)|SOQL_EXECUTE_END|[22]|Rows:2
18:23:34.2 (67967533)|HEAP_ALLOCATE|[22]|Bytes:12
18:23:34.2 (67987801)|HEAP_ALLOCATE|[22]|Bytes:874
18:23:34.2 (68128000)|HEAP_ALLOCATE|[22]|Bytes:12
18:23:34.2 (68149059)|VARIABLE_SCOPE_BEGIN|[22]|processes|List<SelectionProcess__c>|true|false
18:23:34.2 (68468242)|VARIABLE_ASSIGNMENT|[22]|processes|[{"JobPosition__c":"a0KBK00000GezgQ2AR","LastModifiedDate":"2026-03-25T09:40:48.000Z","JobPosition__r":{"JobPosition__c":"新潟市(新潟) 法人ルート営業・業界シェ (74 more) ...","WorkLocation2__c":"新潟県新潟市（転勤なし／車通勤可）","LastViewedDate":"2026-04-02T09:08:32.000Z","Id":"a0KBK00000GezgQ2AR","Company__c":"001BK00000b1JOJYA2","Company__r":{"Name":"(demo)株式会社エンミッシュ","Id":"001BK00000b1JOJYA2"},"JobCategory1__c":"経営幹部/企画/マーケティング系"},"Id":"a0LBK000006mpG52AI","LatestProcessStatus__c":"JOB打診"},{"JobPosition__c":"a0KBK00000Gexcs2AB","LastModifiedDate":"2026-03-02T05:52:31.000Z","JobPosition__r":{"JobPosition__c":"テスト401求人タイトル求人タイトル求人 (28 more) ...","WorkLocation2__c":"勤務地","LastViewedDate":"2026-04-02T07:07:16.000Z","Id":"a0KBK00000Gexcs2AB","Company__c":"001BK00000cc2ZEYAY","Company__r":{"Name":"テスト 廣川","Id":"001BK00000cc2ZEYAY"},"JobCategory1__c":"専門職系（コンサルタント/金融/不動産）"},"Id":"a0LBK000005sEhR2AU","LatestProcessStatus__c":"JOB打診"}]|0x7856b49
18:23:34.2 (68487584)|STATEMENT_EXECUTE|[41]
18:23:34.2 (68502127)|HEAP_ALLOCATE|[41]|Bytes:4
18:23:34.2 (68547580)|VARIABLE_SCOPE_BEGIN|[41]|jobInfos|List<Map<String,ANY>>|true|false
18:23:34.2 (68571903)|HEAP_ALLOCATE|[EXTERNAL]|Bytes:4
18:23:34.2 (68577855)|VARIABLE_ASSIGNMENT|[41]|jobInfos|[]|0x2455dee9
18:23:34.2 (68779932)|HEAP_ALLOCATE|[44]|Bytes:5
18:23:34.2 (68805145)|HEAP_ALLOCATE|[44]|Bytes:24
18:23:34.2 (68811406)|VARIABLE_SCOPE_BEGIN|[44]|process|SelectionProcess__c|true|false
18:23:34.2 (68902659)|VARIABLE_ASSIGNMENT|[44]|process|{"JobPosition__c":"a0KBK00000GezgQ2AR","LastModifiedDate":"2026-03-25T09:40:48.000Z","JobPosition__r":{"JobPosition__c":"新潟市(新潟) 法人ルート営業・業界シェ (74 more) ...","WorkLocation2__c":"新潟県新潟市（転勤なし／車通勤可）","LastViewedDate":"2026-04-02T09:08:32.000Z","Id":"a0KBK00000GezgQ2AR","Company__c":"001BK00000b1JOJYA2","Company__r":{"Name":"(demo)株式会社エンミッシュ","Id":"001BK00000b1JOJYA2"},"JobCategory1__c":"経営幹部/企画/マーケティング系"},"Id":"a0LBK000006mpG52AI","LatestProcessStatus__c":"JOB打診"}|0x327090bf
18:23:34.2 (68912872)|STATEMENT_EXECUTE|[44]
18:23:34.2 (68914217)|STATEMENT_EXECUTE|[45]
18:23:34.2 (68922766)|HEAP_ALLOCATE|[45]|Bytes:4
18:23:34.2 (68929884)|VARIABLE_SCOPE_BEGIN|[45]|jobInfo|Map<String,ANY>|true|false
18:23:34.2 (68941763)|VARIABLE_ASSIGNMENT|[45]|jobInfo|{}|0xee5e5df
18:23:34.2 (68944672)|STATEMENT_EXECUTE|[46]
18:23:34.2 (68947853)|HEAP_ALLOCATE|[46]|Bytes:5
18:23:34.2 (69005719)|HEAP_ALLOCATE|[EXTERNAL]|Bytes:-4
18:23:34.2 (69011625)|STATEMENT_EXECUTE|[48]
18:23:34.2 (69013250)|HEAP_ALLOCATE|[48]|Bytes:10
18:23:34.2 (69034516)|HEAP_ALLOCATE|[48]|Bytes:14
18:23:34.2 (69073560)|HEAP_ALLOCATE|[48]|Bytes:15
18:23:34.2 (69081164)|HEAP_ALLOCATE|[EXTERNAL]|Bytes:-4
18:23:34.2 (69084226)|STATEMENT_EXECUTE|[50]
18:23:34.2 (69085477)|HEAP_ALLOCATE|[50]|Bytes:11
18:23:34.2 (69127718)|HEAP_ALLOCATE|[EXTERNAL]|Bytes:-4
18:23:34.2 (69131148)|STATEMENT_EXECUTE|[52]
18:23:34.2 (69132390)|HEAP_ALLOCATE|[52]|Bytes:13
18:23:34.2 (69147441)|HEAP_ALLOCATE|[EXTERNAL]|Bytes:-4
18:23:34.2 (69150219)|STATEMENT_EXECUTE|[54]
18:23:34.2 (69151399)|HEAP_ALLOCATE|[54]|Bytes:12
18:23:34.2 (69164406)|HEAP_ALLOCATE|[EXTERNAL]|Bytes:-4
18:23:34.2 (69167250)|STATEMENT_EXECUTE|[56]
18:23:34.2 (69168441)|HEAP_ALLOCATE|[56]|Bytes:11
18:23:34.2 (69216388)|HEAP_ALLOCATE|[EXTERNAL]|Bytes:-4
18:23:34.2 (69219897)|STATEMENT_EXECUTE|[58]
18:23:34.2 (69221265)|HEAP_ALLOCATE|[58]|Bytes:14
18:23:34.2 (69241661)|HEAP_ALLOCATE|[EXTERNAL]|Bytes:-4
18:23:34.2 (69244800)|STATEMENT_EXECUTE|[59]
18:23:34.2 (69256853)|HEAP_ALLOCATE|[EXTERNAL]|Bytes:4
18:23:34.2 (69266039)|HEAP_ALLOCATE|[44]|Bytes:5
18:23:34.2 (69272723)|HEAP_ALLOCATE|[44]|Bytes:24
18:23:34.2 (69277212)|VARIABLE_SCOPE_BEGIN|[44]|process|SelectionProcess__c|true|false
18:23:34.2 (69335393)|VARIABLE_ASSIGNMENT|[44]|process|{"JobPosition__c":"a0KBK00000Gexcs2AB","LastModifiedDate":"2026-03-02T05:52:31.000Z","JobPosition__r":{"JobPosition__c":"テスト401求人タイトル求人タイトル求人 (28 more) ...","WorkLocation2__c":"勤務地","LastViewedDate":"2026-04-02T07:07:16.000Z","Id":"a0KBK00000Gexcs2AB","Company__c":"001BK00000cc2ZEYAY","Company__r":{"Name":"テスト 廣川","Id":"001BK00000cc2ZEYAY"},"JobCategory1__c":"専門職系（コンサルタント/金融/不動産）"},"Id":"a0LBK000005sEhR2AU","LatestProcessStatus__c":"JOB打診"}|0x3d92bc94
18:23:34.2 (69343521)|STATEMENT_EXECUTE|[44]
18:23:34.2 (69344730)|STATEMENT_EXECUTE|[45]
18:23:34.2 (69349469)|HEAP_ALLOCATE|[45]|Bytes:4
18:23:34.2 (69353250)|VARIABLE_SCOPE_BEGIN|[45]|jobInfo|Map<String,ANY>|true|false
18:23:34.2 (69359901)|VARIABLE_ASSIGNMENT|[45]|jobInfo|{}|0x734141de
18:23:34.2 (69396513)|STATEMENT_EXECUTE|[46]
18:23:34.2 (69406402)|HEAP_ALLOCATE|[EXTERNAL]|Bytes:-4
18:23:34.2 (69410192)|STATEMENT_EXECUTE|[48]
18:23:34.2 (69424535)|HEAP_ALLOCATE|[48]|Bytes:14
18:23:34.2 (69432565)|HEAP_ALLOCATE|[EXTERNAL]|Bytes:-4
18:23:34.2 (69435038)|STATEMENT_EXECUTE|[50]
18:23:34.2 (69440618)|HEAP_ALLOCATE|[EXTERNAL]|Bytes:-4
18:23:34.2 (69443068)|STATEMENT_EXECUTE|[52]
18:23:34.2 (69447627)|HEAP_ALLOCATE|[EXTERNAL]|Bytes:-4
18:23:34.2 (69450088)|STATEMENT_EXECUTE|[54]
18:23:34.2 (69453913)|HEAP_ALLOCATE|[EXTERNAL]|Bytes:-4
18:23:34.2 (69456552)|STATEMENT_EXECUTE|[56]
18:23:34.2 (69461839)|HEAP_ALLOCATE|[EXTERNAL]|Bytes:-4
18:23:34.2 (69464236)|STATEMENT_EXECUTE|[58]
18:23:34.2 (69469910)|HEAP_ALLOCATE|[EXTERNAL]|Bytes:-4
18:23:34.2 (69472350)|STATEMENT_EXECUTE|[59]
18:23:34.2 (69475381)|HEAP_ALLOCATE|[EXTERNAL]|Bytes:4
18:23:34.2 (69482145)|HEAP_ALLOCATE|[44]|Bytes:5
18:23:34.2 (69489967)|VARIABLE_ASSIGNMENT|[44]|process|null|
18:23:34.2 (69493052)|STATEMENT_EXECUTE|[63]
18:23:34.2 (69496815)|HEAP_ALLOCATE|[63]|Bytes:4
18:23:34.2 (69500284)|VARIABLE_SCOPE_BEGIN|[63]|result|Map<String,ANY>|true|false
18:23:34.2 (69506166)|VARIABLE_ASSIGNMENT|[63]|result|{}|0x61173a37
18:23:34.2 (69508899)|STATEMENT_EXECUTE|[64]
18:23:34.2 (69510237)|HEAP_ALLOCATE|[64]|Bytes:8
18:23:34.2 (69524728)|HEAP_ALLOCATE|[EXTERNAL]|Bytes:-4
18:23:34.2 (69527485)|STATEMENT_EXECUTE|[65]
18:23:34.2 (69528900)|HEAP_ALLOCATE|[65]|Bytes:10
18:23:34.2 (69537123)|HEAP_ALLOCATE|[65]|Bytes:4
18:23:34.2 (69551490)|HEAP_ALLOCATE|[EXTERNAL]|Bytes:-4
18:23:34.2 (69554548)|STATEMENT_EXECUTE|[66]
18:23:34.69 (69603265)|CUMULATIVE_LIMIT_USAGE
18:23:34.69 (69603265)|LIMIT_USAGE_FOR_NS|(default)|
  Number of SOQL queries: 2 out of 100
  Number of query rows: 3 out of 50000
  Number of SOSL queries: 0 out of 20
  Number of DML statements: 0 out of 0
  Number of Publish Immediate DML: 0 out of 150
  Number of DML rows: 0 out of 10000
  Maximum CPU time: 0 out of 10000
  Maximum heap size: 0 out of 6000000
  Number of callouts: 0 out of 100
  Number of Email Invocations: 0 out of 10
  Number of future calls: 0 out of 50
  Number of queueable jobs added to the queue: 0 out of 50
  Number of Mobile Apex push calls: 0 out of 10

18:23:34.69 (69603265)|CUMULATIVE_LIMIT_USAGE_END

18:23:34.2 (69624727)|CODE_UNIT_FINISHED|OfferComponentController.getOffers()
18:23:34.2 (69785353)|CODE_UNIT_FINISHED|apex://OfferComponentController/ACTION$getOffers
18:23:34.2 (69789929)|EXECUTION_FINISHED
