66.0 APEX_CODE,FINEST;APEX_PROFILING,INFO;CALLOUT,INFO;DATA_ACCESS,INFO;DB,INFO;NBA,INFO;SYSTEM,DEBUG;VALIDATION,INFO;VISUALFORCE,INFO;WAVE,INFO;WORKFLOW,INFO
15:51:25.0 (219143)|USER_INFO|[EXTERNAL]|0057F0000042UBb|ishibashi@hurex.co.jp.dev1|(GMT+09:00) 日本標準時 (Asia/Tokyo)|GMT+09:00
15:51:25.0 (257010)|EXECUTION_STARTED
15:51:25.0 (267893)|CODE_UNIT_STARTED|[EXTERNAL]|apex://CustomNotificationController/ACTION$getNotifications
15:51:25.0 (1387067)|CODE_UNIT_STARTED|[EXTERNAL]|01pBK000001VvEL|CustomNotificationController.getNotifications(String)
15:51:25.0 (1589352)|HEAP_ALLOCATE|[95]|Bytes:3
15:51:25.0 (1665167)|HEAP_ALLOCATE|[100]|Bytes:152
15:51:25.0 (1679198)|HEAP_ALLOCATE|[417]|Bytes:408
15:51:25.0 (1690249)|HEAP_ALLOCATE|[430]|Bytes:408
15:51:25.0 (1711462)|HEAP_ALLOCATE|[317]|Bytes:6
15:51:25.0 (1755021)|HEAP_ALLOCATE|[EXTERNAL]|Bytes:7
15:51:25.0 (1763799)|METHOD_ENTRY|[1]|01pBK000001VvEL|CustomNotificationController.CustomNotificationController()
15:51:25.0 (1767887)|STATEMENT_EXECUTE|[1]
15:51:25.0 (1772233)|STATEMENT_EXECUTE|[1]
15:51:25.0 (1788750)|HEAP_ALLOCATE|[68]|Bytes:5
15:51:25.0 (1809817)|HEAP_ALLOCATE|[74]|Bytes:5
15:51:25.0 (1814731)|HEAP_ALLOCATE|[82]|Bytes:7
15:51:25.0 (1960827)|HEAP_ALLOCATE|[EXTERNAL]|Bytes:5
15:51:25.0 (1970052)|METHOD_EXIT|[1]|CustomNotificationController
15:51:25.0 (1977622)|VARIABLE_SCOPE_BEGIN|[5]|before|String|false|false
15:51:25.0 (2010302)|VARIABLE_ASSIGNMENT|[5]|before|null
15:51:25.0 (2019115)|HEAP_ALLOCATE|[6]|Bytes:5
15:51:25.0 (2021690)|STATEMENT_EXECUTE|[5]
15:51:25.0 (2022607)|STATEMENT_EXECUTE|[6]
15:51:25.0 (2047704)|VARIABLE_SCOPE_BEGIN|[6]|req|System.HttpRequest|true|false
15:51:25.0 (2246784)|VARIABLE_ASSIGNMENT|[6]|req|"System.HttpRequest[Endpoint=null, Method=null]"|0xd728734
15:51:25.0 (2252156)|STATEMENT_EXECUTE|[7]
15:51:25.0 (2254516)|HEAP_ALLOCATE|[7]|Bytes:3
15:51:25.0 (2315348)|STATEMENT_EXECUTE|[8]
15:51:25.0 (2316710)|HEAP_ALLOCATE|[8]|Bytes:13
15:51:25.0 (2319016)|HEAP_ALLOCATE|[8]|Bytes:7
15:51:25.0 (2352334)|HEAP_ALLOCATE|[8]|Bytes:105
15:51:25.0 (2358720)|SYSTEM_METHOD_ENTRY|[1]|UserInfo.UserInfo()
15:51:25.0 (2360750)|STATEMENT_EXECUTE|[1]
15:51:25.0 (2365040)|SYSTEM_METHOD_EXIT|[1]|UserInfo
15:51:25.0 (2373838)|METHOD_ENTRY|[8]||System.UserInfo.getSessionId()
15:51:25.0 (9667857)|METHOD_EXIT|[8]||System.UserInfo.getSessionId()
15:51:25.0 (9707176)|HEAP_ALLOCATE|[8]|Bytes:119
15:51:25.0 (9758964)|STATEMENT_EXECUTE|[10]
15:51:25.0 (9812000)|HEAP_ALLOCATE|[10]|Bytes:67
15:51:25.0 (9823482)|SYSTEM_METHOD_ENTRY|[1]|Url.Url()
15:51:25.0 (9825412)|STATEMENT_EXECUTE|[1]
15:51:25.0 (9831765)|SYSTEM_METHOD_EXIT|[1]|Url
15:51:25.0 (9840012)|METHOD_ENTRY|[10]||System.Url.getOrgDomainUrl()
15:51:25.0 (10052456)|METHOD_EXIT|[10]||System.Url.getOrgDomainUrl()
15:51:25.0 (10066288)|METHOD_ENTRY|[10]||System.Url.toExternalForm()
15:51:25.0 (10094637)|METHOD_EXIT|[10]||System.Url.toExternalForm()
15:51:25.0 (10099332)|VARIABLE_SCOPE_BEGIN|[10]|domainPath|String|false|false
15:51:25.0 (10118558)|VARIABLE_ASSIGNMENT|[10]|domainPath|"https://hurex--dev1. (25 more) ..."
15:51:25.0 (10121579)|STATEMENT_EXECUTE|[11]
15:51:25.0 (10123783)|HEAP_ALLOCATE|[11]|Bytes:50
15:51:25.0 (10128631)|HEAP_ALLOCATE|[11]|Bytes:95
15:51:25.0 (10131437)|VARIABLE_SCOPE_BEGIN|[11]|endpoint|String|false|false
15:51:25.0 (10136501)|VARIABLE_ASSIGNMENT|[11]|endpoint|"https://hurex--dev1. (75 more) ..."
15:51:25.0 (10176326)|STATEMENT_EXECUTE|[13]
15:51:25.0 (10177481)|STATEMENT_EXECUTE|[16]
15:51:25.0 (10200431)|STATEMENT_EXECUTE|[18]
15:51:25.0 (10219576)|VARIABLE_SCOPE_BEGIN|[18]|http|System.Http|true|false
15:51:25.0 (10323772)|VARIABLE_ASSIGNMENT|[18]|http|"System.Http[]"|0x479603e4
15:51:25.0 (10327171)|STATEMENT_EXECUTE|[19]
15:51:25.0 (10433181)|CALLOUT_REQUEST|[19]|System.HttpRequest[Endpoint=https://hurex--dev1.sandbox.my.salesforce.com/services/data/v56.0/connect/notifications?size=20, Method=GET]
15:51:25.0 (175517095)|HEAP_ALLOCATE|[EXTERNAL]|Bytes:15126
15:51:25.0 (178300402)|CALLOUT_RESPONSE|[19]|System.HttpResponse[Status=OK, StatusCode=200]
15:51:25.0 (178336837)|HEAP_ALLOCATE|[19]|Bytes:14281
15:51:25.0 (178371658)|VARIABLE_SCOPE_BEGIN|[19]|res|System.HttpResponse|true|false
15:51:25.0 (178471478)|VARIABLE_ASSIGNMENT|[19]|res|"System.HttpResponse[Status=OK, StatusCode=200]"|0x777f2a26
15:51:25.0 (178548790)|STATEMENT_EXECUTE|[21]
15:51:25.0 (178550110)|STATEMENT_EXECUTE|[22]
15:51:25.0 (179088262)|HEAP_ALLOCATE|[22]|Bytes:13995
15:51:25.179 (179125735)|CUMULATIVE_LIMIT_USAGE
15:51:25.179 (179125735)|LIMIT_USAGE_FOR_NS|(default)|
  Number of SOQL queries: 0 out of 100
  Number of query rows: 0 out of 50000
  Number of SOSL queries: 0 out of 20
  Number of DML statements: 0 out of 150
  Number of Publish Immediate DML: 0 out of 150
  Number of DML rows: 0 out of 10000
  Maximum CPU time: 0 out of 10000
  Maximum heap size: 0 out of 6000000
  Number of callouts: 1 out of 100
  Number of Email Invocations: 0 out of 10
  Number of future calls: 0 out of 50
  Number of queueable jobs added to the queue: 0 out of 50
  Number of Mobile Apex push calls: 0 out of 10

15:51:25.179 (179125735)|CUMULATIVE_LIMIT_USAGE_END

15:51:25.0 (179156824)|CODE_UNIT_FINISHED|CustomNotificationController.getNotifications(String)
15:51:25.0 (179315457)|CODE_UNIT_FINISHED|apex://CustomNotificationController/ACTION$getNotifications
15:51:25.0 (179320650)|EXECUTION_FINISHED
