66.0 APEX_CODE,FINEST;APEX_PROFILING,INFO;CALLOUT,INFO;DATA_ACCESS,INFO;DB,INFO;NBA,INFO;SYSTEM,DEBUG;VALIDATION,INFO;VISUALFORCE,INFO;WAVE,INFO;WORKFLOW,INFO
15:41:16.2 (2306355)|USER_INFO|[EXTERNAL]|0057F0000042UBb|ishibashi@hurex.co.jp.dev1|(GMT+09:00) 日本標準時 (Asia/Tokyo)|GMT+09:00
15:41:16.2 (2357937)|EXECUTION_STARTED
15:41:16.2 (2385590)|CODE_UNIT_STARTED|[EXTERNAL]|apex://RegistrationInfoController/ACTION$getRegistrationInfo
15:41:16.2 (4796264)|CODE_UNIT_STARTED|[EXTERNAL]|01pBK000001mgyr|RegistrationInfoController.getRegistrationInfo()
15:41:16.2 (6303932)|HEAP_ALLOCATE|[95]|Bytes:3
15:41:16.2 (6412095)|HEAP_ALLOCATE|[100]|Bytes:152
15:41:16.2 (6430954)|HEAP_ALLOCATE|[417]|Bytes:408
15:41:16.2 (6448383)|HEAP_ALLOCATE|[430]|Bytes:408
15:41:16.2 (6479053)|HEAP_ALLOCATE|[317]|Bytes:6
15:41:16.2 (6492824)|HEAP_ALLOCATE|[EXTERNAL]|Bytes:23
15:41:16.2 (6497704)|HEAP_ALLOCATE|[EXTERNAL]|Bytes:16
15:41:16.2 (6511494)|METHOD_ENTRY|[5]|01pBK000001mgyr|RegistrationInfoController.RegistrationInfoController()
15:41:16.2 (6517791)|STATEMENT_EXECUTE|[5]
15:41:16.2 (6524428)|STATEMENT_EXECUTE|[5]
15:41:16.2 (6550070)|HEAP_ALLOCATE|[68]|Bytes:5
15:41:16.2 (6578692)|HEAP_ALLOCATE|[74]|Bytes:5
15:41:16.2 (6585383)|HEAP_ALLOCATE|[82]|Bytes:7
15:41:16.2 (7026649)|HEAP_ALLOCATE|[EXTERNAL]|Bytes:5
15:41:16.2 (7037060)|STATEMENT_EXECUTE|[7]
15:41:16.2 (7050920)|METHOD_EXIT|[5]|RegistrationInfoController
15:41:16.2 (7078069)|HEAP_ALLOCATE|[30]|Bytes:5
15:41:16.2 (7082525)|STATEMENT_EXECUTE|[29]
15:41:16.2 (7084218)|STATEMENT_EXECUTE|[30]
15:41:16.2 (7085399)|STATEMENT_EXECUTE|[30]
15:41:16.2 (7086781)|STATEMENT_EXECUTE|[31]
15:41:16.2 (7089754)|HEAP_ALLOCATE|[31]|Bytes:70
15:41:16.2 (7117076)|HEAP_ALLOCATE|[31]|Bytes:4
15:41:16.2 (11224392)|SOQL_EXECUTE_BEGIN|[31]|Aggregations:0|SELECT Id, AccountId FROM User WHERE Id = '005BK00000GwCFkYAN' LIMIT 1
15:41:16.2 (18980275)|SOQL_EXECUTE_END|[31]|Rows:1
15:41:16.2 (19020580)|HEAP_ALLOCATE|[31]|Bytes:8
15:41:16.2 (19043764)|HEAP_ALLOCATE|[31]|Bytes:60
15:41:16.2 (19202076)|HEAP_ALLOCATE|[31]|Bytes:8
15:41:16.2 (19221850)|HEAP_ALLOCATE|[31]|Bytes:30
15:41:16.2 (19303877)|HEAP_ALLOCATE|[31]|Bytes:12
15:41:16.2 (19312940)|VARIABLE_SCOPE_BEGIN|[31]|currentUser|User|true|false
15:41:16.2 (19410685)|VARIABLE_ASSIGNMENT|[31]|currentUser|{"Id":"005BK00000GwCFkYAN","AccountId":"001BK00000cc2ZEYAY"}|0xeda2e84
15:41:16.2 (19445294)|STATEMENT_EXECUTE|[32]
15:41:16.2 (19448085)|STATEMENT_EXECUTE|[36]
15:41:16.2 (19450668)|HEAP_ALLOCATE|[36]|Bytes:379
15:41:16.2 (19467275)|HEAP_ALLOCATE|[36]|Bytes:4
15:41:16.2 (19477159)|HEAP_ALLOCATE|[36]|Bytes:7
15:41:16.2 (29047830)|SOQL_EXECUTE_BEGIN|[36]|Aggregations:0|SELECT Id, LastName, FirstName, NameKanaSei__pc, NameKanaMei__pc, PersonBirthdate, Gender__pc, PostalCode__c, City__c, CityAndAddress__c, PersonMobilePhone, FinalEducationLevel__pc, SchoolFacultyDepartment__c, NumberOfCompaniesWorked__c, EmploymentStatus__pc, LicensesAndCertifications1__c, ManagementExperience__c, MyPageOtherRequests__c FROM Account WHERE Id = :tmpVar1 LIMIT 1
15:41:16.2 (43997114)|SOQL_EXECUTE_END|[36]|Rows:1
15:41:16.2 (44035406)|HEAP_ALLOCATE|[36]|Bytes:8
15:41:16.2 (44048823)|HEAP_ALLOCATE|[36]|Bytes:78
15:41:16.2 (44160993)|HEAP_ALLOCATE|[36]|Bytes:8
15:41:16.2 (44180068)|HEAP_ALLOCATE|[36]|Bytes:33
15:41:16.2 (44260266)|HEAP_ALLOCATE|[36]|Bytes:16
15:41:16.2 (44268944)|VARIABLE_SCOPE_BEGIN|[36]|acc|Account|true|false
15:41:16.2 (44359153)|VARIABLE_ASSIGNMENT|[36]|acc|{"ManagementExperience__c":false,"Id":"001BK00000cc2ZEYAY","LastName":"テスト 廣川"}|0x6dd25fcc
15:41:16.2 (44367793)|STATEMENT_EXECUTE|[47]
15:41:16.2 (44397981)|METHOD_ENTRY|[47]|01pBK000001mgyr|RegistrationInfoController.buildWrapper(Account)
15:41:16.2 (44431497)|VARIABLE_SCOPE_BEGIN|[93]|acc|Account|true|false
15:41:16.2 (44452893)|VARIABLE_ASSIGNMENT|[93]|acc|{"ManagementExperience__c":false,"Id":"001BK00000cc2ZEYAY","LastName":"テスト 廣川"}|0x6dd25fcc
15:41:16.2 (44470868)|HEAP_ALLOCATE|[94]|Bytes:5
15:41:16.2 (44473952)|STATEMENT_EXECUTE|[93]
15:41:16.2 (44475028)|STATEMENT_EXECUTE|[94]
15:41:16.2 (44492782)|HEAP_ALLOCATE|[94]|Bytes:76
15:41:16.2 (44525187)|CONSTRUCTOR_ENTRY|[94]|01pBK000001mgyr|<init>()|RegistrationInfoController.RegistrationInfoWrapper
15:41:16.2 (44549997)|VARIABLE_SCOPE_BEGIN|[7]|this|RegistrationInfoController.RegistrationInfoWrapper|true|false
15:41:16.2 (44648464)|VARIABLE_ASSIGNMENT|[7]|this|{}|0x8ea4d1e
15:41:16.2 (44659054)|HEAP_ALLOCATE|[EXTERNAL]|Bytes:6
15:41:16.2 (49712153)|STATEMENT_EXECUTE|[7]
15:41:16.2 (49718387)|STATEMENT_EXECUTE|[8]
15:41:16.2 (49719963)|STATEMENT_EXECUTE|[9]
15:41:16.2 (49720856)|STATEMENT_EXECUTE|[10]
15:41:16.2 (49721681)|STATEMENT_EXECUTE|[11]
15:41:16.2 (49723315)|STATEMENT_EXECUTE|[12]
15:41:16.2 (49724199)|STATEMENT_EXECUTE|[13]
15:41:16.2 (49725063)|STATEMENT_EXECUTE|[14]
15:41:16.2 (49726094)|STATEMENT_EXECUTE|[15]
15:41:16.2 (49727028)|STATEMENT_EXECUTE|[16]
15:41:16.2 (49728004)|STATEMENT_EXECUTE|[17]
15:41:16.2 (49728968)|STATEMENT_EXECUTE|[18]
15:41:16.2 (49729911)|STATEMENT_EXECUTE|[19]
15:41:16.2 (49731027)|STATEMENT_EXECUTE|[20]
15:41:16.2 (49731913)|STATEMENT_EXECUTE|[21]
15:41:16.2 (49732712)|STATEMENT_EXECUTE|[22]
15:41:16.2 (49733626)|STATEMENT_EXECUTE|[23]
15:41:16.2 (49734410)|STATEMENT_EXECUTE|[24]
15:41:16.2 (49735332)|STATEMENT_EXECUTE|[25]
15:41:16.2 (49742804)|CONSTRUCTOR_EXIT|[94]|01pBK000001mgyr|<init>()|RegistrationInfoController.RegistrationInfoWrapper
15:41:16.2 (49757853)|VARIABLE_SCOPE_BEGIN|[94]|w|RegistrationInfoController.RegistrationInfoWrapper|true|false
15:41:16.2 (49808989)|VARIABLE_ASSIGNMENT|[94]|w|{}|0x8ea4d1e
15:41:16.2 (49812197)|STATEMENT_EXECUTE|[95]
15:41:16.2 (49913437)|HEAP_ALLOCATE|[95]|Bytes:18
15:41:16.2 (49932269)|VARIABLE_ASSIGNMENT|[95]|this.recordId|"001BK00000cc2ZEYAY"|0x8ea4d1e
15:41:16.2 (49935307)|STATEMENT_EXECUTE|[96]
15:41:16.2 (49957580)|VARIABLE_ASSIGNMENT|[96]|this.lastName|"テスト 廣川"|0x8ea4d1e
15:41:16.2 (49962420)|STATEMENT_EXECUTE|[97]
15:41:16.2 (49968141)|VARIABLE_ASSIGNMENT|[97]|this.firstName|null|0x8ea4d1e
15:41:16.2 (49970602)|STATEMENT_EXECUTE|[98]
15:41:16.2 (49973787)|VARIABLE_ASSIGNMENT|[98]|this.kanaSei|null|0x8ea4d1e
15:41:16.2 (49981128)|STATEMENT_EXECUTE|[99]
15:41:16.2 (49984828)|VARIABLE_ASSIGNMENT|[99]|this.kanaMei|null|0x8ea4d1e
15:41:16.2 (49987094)|STATEMENT_EXECUTE|[100]
15:41:16.2 (49995933)|VARIABLE_ASSIGNMENT|[100]|this.birthdate|""|0x8ea4d1e
15:41:16.2 (49998422)|STATEMENT_EXECUTE|[101]
15:41:16.2 (50002304)|VARIABLE_ASSIGNMENT|[101]|this.gender|null|0x8ea4d1e
15:41:16.2 (50004988)|STATEMENT_EXECUTE|[102]
15:41:16.2 (50009196)|VARIABLE_ASSIGNMENT|[102]|this.postalCode|null|0x8ea4d1e
15:41:16.2 (50011726)|STATEMENT_EXECUTE|[103]
15:41:16.2 (50015715)|VARIABLE_ASSIGNMENT|[103]|this.prefecture|null|0x8ea4d1e
15:41:16.2 (50018271)|STATEMENT_EXECUTE|[104]
15:41:16.2 (50021294)|VARIABLE_ASSIGNMENT|[104]|this.address|null|0x8ea4d1e
15:41:16.2 (50023839)|STATEMENT_EXECUTE|[105]
15:41:16.2 (50027067)|VARIABLE_ASSIGNMENT|[105]|this.phone|null|0x8ea4d1e
15:41:16.2 (50029354)|STATEMENT_EXECUTE|[106]
15:41:16.2 (50032816)|VARIABLE_ASSIGNMENT|[106]|this.education|null|0x8ea4d1e
15:41:16.2 (50035539)|STATEMENT_EXECUTE|[107]
15:41:16.2 (50038865)|VARIABLE_ASSIGNMENT|[107]|this.school|null|0x8ea4d1e
15:41:16.2 (50041115)|STATEMENT_EXECUTE|[108]
15:41:16.2 (50044682)|VARIABLE_ASSIGNMENT|[108]|this.companyCount|""|0x8ea4d1e
15:41:16.2 (50047006)|STATEMENT_EXECUTE|[109]
15:41:16.2 (50050280)|VARIABLE_ASSIGNMENT|[109]|this.employmentStatus|null|0x8ea4d1e
15:41:16.2 (50052833)|STATEMENT_EXECUTE|[110]
15:41:16.2 (50056210)|VARIABLE_ASSIGNMENT|[110]|this.license|null|0x8ea4d1e
15:41:16.2 (50058915)|STATEMENT_EXECUTE|[111]
15:41:16.2 (50095041)|METHOD_ENTRY|[111]|01pBK000001mgyr|RegistrationInfoController.convertManagementBooleanToString(Boolean)
15:41:16.2 (50125508)|VARIABLE_SCOPE_BEGIN|[121]|mgmtBool|Boolean|false|false
15:41:16.2 (50131473)|VARIABLE_ASSIGNMENT|[121]|mgmtBool|false
15:41:16.2 (50142113)|HEAP_ALLOCATE|[122]|Bytes:5
15:41:16.2 (50144666)|STATEMENT_EXECUTE|[121]
15:41:16.2 (50149084)|STATEMENT_EXECUTE|[122]
15:41:16.2 (50151310)|STATEMENT_EXECUTE|[123]
15:41:16.2 (50152728)|HEAP_ALLOCATE|[123]|Bytes:2
15:41:16.2 (50163374)|METHOD_EXIT|[111]|01pBK000001mgyr|RegistrationInfoController.convertManagementBooleanToString(Boolean)
15:41:16.2 (50169368)|VARIABLE_ASSIGNMENT|[111]|this.managementExperience|"なし"|0x8ea4d1e
15:41:16.2 (50172413)|STATEMENT_EXECUTE|[112]
15:41:16.2 (50176407)|VARIABLE_ASSIGNMENT|[112]|this.remarks|null|0x8ea4d1e
15:41:16.2 (50178679)|STATEMENT_EXECUTE|[113]
15:41:16.2 (50182778)|METHOD_EXIT|[47]|01pBK000001mgyr|RegistrationInfoController.buildWrapper(Account)
15:41:16.50 (50235421)|CUMULATIVE_LIMIT_USAGE
15:41:16.50 (50235421)|LIMIT_USAGE_FOR_NS|(default)|
  Number of SOQL queries: 2 out of 100
  Number of query rows: 2 out of 50000
  Number of SOSL queries: 0 out of 20
  Number of DML statements: 0 out of 150
  Number of Publish Immediate DML: 0 out of 150
  Number of DML rows: 0 out of 10000
  Maximum CPU time: 0 out of 10000
  Maximum heap size: 0 out of 6000000
  Number of callouts: 0 out of 100
  Number of Email Invocations: 0 out of 10
  Number of future calls: 0 out of 50
  Number of queueable jobs added to the queue: 0 out of 50
  Number of Mobile Apex push calls: 0 out of 10

15:41:16.50 (50235421)|CUMULATIVE_LIMIT_USAGE_END

15:41:16.2 (50262601)|CODE_UNIT_FINISHED|RegistrationInfoController.getRegistrationInfo()
15:41:16.2 (50445992)|CODE_UNIT_FINISHED|apex://RegistrationInfoController/ACTION$getRegistrationInfo
15:41:16.2 (50450682)|EXECUTION_FINISHED
