66.0 APEX_CODE,FINEST;APEX_PROFILING,INFO;CALLOUT,INFO;DATA_ACCESS,INFO;DB,INFO;NBA,INFO;SYSTEM,DEBUG;VALIDATION,INFO;VISUALFORCE,INFO;WAVE,INFO;WORKFLOW,INFO
18:10:29.2 (2458004)|USER_INFO|[EXTERNAL]|0057F0000042UBb|ishibashi@hurex.co.jp.dev1|(GMT+09:00) 日本標準時 (Asia/Tokyo)|GMT+09:00
18:10:29.2 (2515629)|EXECUTION_STARTED
18:10:29.2 (2543979)|CODE_UNIT_STARTED|[EXTERNAL]|apex://RegistrationInfoController/ACTION$getPrefecturePicklistValues
18:10:29.2 (4996308)|CODE_UNIT_STARTED|[EXTERNAL]|01pBK000001mgyr|RegistrationInfoController.getPrefecturePicklistValues()
18:10:29.2 (5629926)|HEAP_ALLOCATE|[95]|Bytes:3
18:10:29.2 (5778760)|HEAP_ALLOCATE|[100]|Bytes:152
18:10:29.2 (5797962)|HEAP_ALLOCATE|[417]|Bytes:408
18:10:29.2 (5809820)|HEAP_ALLOCATE|[430]|Bytes:408
18:10:29.2 (5836321)|HEAP_ALLOCATE|[317]|Bytes:6
18:10:29.2 (5849550)|HEAP_ALLOCATE|[EXTERNAL]|Bytes:23
18:10:29.2 (5853651)|HEAP_ALLOCATE|[EXTERNAL]|Bytes:36
18:10:29.2 (5855621)|HEAP_ALLOCATE|[EXTERNAL]|Bytes:13
18:10:29.2 (5874492)|METHOD_ENTRY|[5]|01pBK000001mgyr|RegistrationInfoController.RegistrationInfoController()
18:10:29.2 (5885426)|STATEMENT_EXECUTE|[5]
18:10:29.2 (5894725)|STATEMENT_EXECUTE|[5]
18:10:29.2 (5914498)|HEAP_ALLOCATE|[68]|Bytes:5
18:10:29.2 (5946159)|HEAP_ALLOCATE|[74]|Bytes:5
18:10:29.2 (5950813)|HEAP_ALLOCATE|[82]|Bytes:7
18:10:29.2 (6224475)|HEAP_ALLOCATE|[EXTERNAL]|Bytes:5
18:10:29.2 (6232091)|STATEMENT_EXECUTE|[7]
18:10:29.2 (6245202)|METHOD_EXIT|[5]|RegistrationInfoController
18:10:29.2 (6258897)|HEAP_ALLOCATE|[98]|Bytes:5
18:10:29.2 (6261499)|STATEMENT_EXECUTE|[97]
18:10:29.2 (6262492)|STATEMENT_EXECUTE|[98]
18:10:29.2 (6264987)|HEAP_ALLOCATE|[98]|Bytes:7
18:10:29.2 (6267119)|HEAP_ALLOCATE|[98]|Bytes:7
18:10:29.2 (14888359)|HEAP_ALLOCATE|[98]|Bytes:7
18:10:29.2 (14975909)|METHOD_ENTRY|[98]|01pBK000001mgyr|RegistrationInfoController.getPicklistValuesWithEmpty(Schema.SObjectField, String)
18:10:29.2 (15030916)|VARIABLE_SCOPE_BEGIN|[112]|field|Schema.SObjectField|true|false
18:10:29.2 (15381795)|VARIABLE_ASSIGNMENT|[112]|field|"common.apex.runtime.impl.ApexFieldToken@507dcdc9"|0x507dcdc9
18:10:29.2 (15391084)|VARIABLE_SCOPE_BEGIN|[112]|emptyLabel|String|false|false
18:10:29.2 (15404186)|VARIABLE_ASSIGNMENT|[112]|emptyLabel|"都道府県を選択"
18:10:29.2 (15427853)|HEAP_ALLOCATE|[113]|Bytes:5
18:10:29.2 (15433438)|STATEMENT_EXECUTE|[112]
18:10:29.2 (15436268)|STATEMENT_EXECUTE|[113]
18:10:29.2 (15464060)|HEAP_ALLOCATE|[113]|Bytes:4
18:10:29.2 (15528424)|VARIABLE_SCOPE_BEGIN|[113]|options|List<Map<String,String>>|true|false
18:10:29.2 (15584495)|HEAP_ALLOCATE|[EXTERNAL]|Bytes:4
18:10:29.2 (15596643)|VARIABLE_ASSIGNMENT|[113]|options|[]|0x4c460ce9
18:10:29.2 (15599757)|STATEMENT_EXECUTE|[114]
18:10:29.2 (15612011)|HEAP_ALLOCATE|[114]|Bytes:4
18:10:29.2 (15620090)|VARIABLE_SCOPE_BEGIN|[114]|emptyOption|Map<String,String>|true|false
18:10:29.2 (15636499)|VARIABLE_ASSIGNMENT|[114]|emptyOption|{}|0x77d872b4
18:10:29.2 (15640085)|STATEMENT_EXECUTE|[115]
18:10:29.2 (15642753)|HEAP_ALLOCATE|[115]|Bytes:5
18:10:29.2 (15687130)|HEAP_ALLOCATE|[EXTERNAL]|Bytes:-4
18:10:29.2 (15693170)|STATEMENT_EXECUTE|[116]
18:10:29.2 (15694783)|HEAP_ALLOCATE|[116]|Bytes:5
18:10:29.2 (15703676)|HEAP_ALLOCATE|[EXTERNAL]|Bytes:-4
18:10:29.2 (15706635)|STATEMENT_EXECUTE|[117]
18:10:29.2 (15723979)|HEAP_ALLOCATE|[EXTERNAL]|Bytes:4
18:10:29.2 (15728030)|STATEMENT_EXECUTE|[119]
18:10:29.2 (15728893)|STATEMENT_EXECUTE|[119]
18:10:29.2 (15729750)|STATEMENT_EXECUTE|[120]
18:10:29.2 (15789804)|SYSTEM_MODE_ENTER|true
18:10:29.2 (130717071)|HEAP_ALLOCATE|[EXTERNAL]|Bytes:4
18:10:29.2 (131583978)|HEAP_ALLOCATE|[120]|Bytes:8
18:10:29.2 (131622687)|VARIABLE_SCOPE_BEGIN|[120]|fieldResult|Schema.DescribeFieldResult|true|false
18:10:29.2 (136399859)|VARIABLE_ASSIGNMENT|[120]|fieldResult|"common.api.soap.wsdl.Field@ccec0064"|0x77be8a7c
18:10:29.2 (136481449)|HEAP_ALLOCATE|[EXTERNAL]|Bytes:192
18:10:29.2 (136574180)|HEAP_ALLOCATE|[121]|Bytes:192
18:10:29.2 (136817324)|HEAP_ALLOCATE|[121]|Bytes:5
18:10:29.2 (136844534)|HEAP_ALLOCATE|[121]|Bytes:4
18:10:29.2 (136852724)|VARIABLE_SCOPE_BEGIN|[121]|entry|Schema.PicklistEntry|true|false
18:10:29.2 (136878168)|VARIABLE_ASSIGNMENT|[121]|entry|北海道|0x69c96f4c
18:10:29.2 (136885344)|STATEMENT_EXECUTE|[121]
18:10:29.2 (136886708)|STATEMENT_EXECUTE|[122]
18:10:29.2 (136902479)|HEAP_ALLOCATE|[122]|Bytes:4
18:10:29.2 (136912583)|VARIABLE_SCOPE_BEGIN|[122]|option|Map<String,String>|true|false
18:10:29.2 (136930548)|VARIABLE_ASSIGNMENT|[122]|option|{}|0xab7bd5a
18:10:29.2 (136933602)|STATEMENT_EXECUTE|[123]
18:10:29.2 (136963263)|HEAP_ALLOCATE|[123]|Bytes:3
18:10:29.2 (137002088)|HEAP_ALLOCATE|[EXTERNAL]|Bytes:-4
18:10:29.2 (137007035)|STATEMENT_EXECUTE|[124]
18:10:29.2 (137013368)|HEAP_ALLOCATE|[124]|Bytes:3
18:10:29.2 (137021894)|HEAP_ALLOCATE|[EXTERNAL]|Bytes:-4
18:10:29.2 (137024939)|STATEMENT_EXECUTE|[125]
18:10:29.2 (137038636)|HEAP_ALLOCATE|[EXTERNAL]|Bytes:4
18:10:29.2 (137046565)|HEAP_ALLOCATE|[121]|Bytes:5
18:10:29.2 (137052639)|HEAP_ALLOCATE|[121]|Bytes:4
18:10:29.2 (137055708)|VARIABLE_SCOPE_BEGIN|[121]|entry|Schema.PicklistEntry|true|false
18:10:29.2 (137061874)|VARIABLE_ASSIGNMENT|[121]|entry|青森県|0x5b57fc15
18:10:29.2 (137065141)|STATEMENT_EXECUTE|[121]
18:10:29.2 (137065983)|STATEMENT_EXECUTE|[122]
18:10:29.2 (137069818)|HEAP_ALLOCATE|[122]|Bytes:4
18:10:29.2 (137072809)|VARIABLE_SCOPE_BEGIN|[122]|option|Map<String,String>|true|false
18:10:29.2 (137078610)|VARIABLE_ASSIGNMENT|[122]|option|{}|0x7db65afc
18:10:29.2 (137081179)|STATEMENT_EXECUTE|[123]
18:10:29.2 (137083865)|HEAP_ALLOCATE|[123]|Bytes:3
18:10:29.2 (137087970)|HEAP_ALLOCATE|[EXTERNAL]|Bytes:-4
18:10:29.2 (137090750)|STATEMENT_EXECUTE|[124]
18:10:29.2 (137092523)|HEAP_ALLOCATE|[124]|Bytes:3
18:10:29.2 (137095564)|HEAP_ALLOCATE|[EXTERNAL]|Bytes:-4
18:10:29.2 (137098151)|STATEMENT_EXECUTE|[125]
18:10:29.2 (137100580)|HEAP_ALLOCATE|[EXTERNAL]|Bytes:4
18:10:29.2 (137105554)|HEAP_ALLOCATE|[121]|Bytes:5
18:10:29.2 (137109677)|HEAP_ALLOCATE|[121]|Bytes:4
18:10:29.2 (137112379)|VARIABLE_SCOPE_BEGIN|[121]|entry|Schema.PicklistEntry|true|false
18:10:29.2 (137117094)|VARIABLE_ASSIGNMENT|[121]|entry|岩手県|0x5f27f909
18:10:29.2 (137119690)|STATEMENT_EXECUTE|[121]
18:10:29.2 (137120503)|STATEMENT_EXECUTE|[122]
18:10:29.2 (137122817)|HEAP_ALLOCATE|[122]|Bytes:4
18:10:29.2 (137125044)|VARIABLE_SCOPE_BEGIN|[122]|option|Map<String,String>|true|false
18:10:29.2 (137134922)|VARIABLE_ASSIGNMENT|[122]|option|{}|0x684dd2da
18:10:29.2 (137137286)|STATEMENT_EXECUTE|[123]
18:10:29.2 (137139248)|HEAP_ALLOCATE|[123]|Bytes:3
18:10:29.2 (137142844)|HEAP_ALLOCATE|[EXTERNAL]|Bytes:-4
18:10:29.2 (137145473)|STATEMENT_EXECUTE|[124]
18:10:29.2 (137147175)|HEAP_ALLOCATE|[124]|Bytes:3
18:10:29.2 (137150185)|HEAP_ALLOCATE|[EXTERNAL]|Bytes:-4
18:10:29.2 (137152754)|STATEMENT_EXECUTE|[125]
18:10:29.2 (137154953)|HEAP_ALLOCATE|[EXTERNAL]|Bytes:4
18:10:29.2 (137159590)|HEAP_ALLOCATE|[121]|Bytes:5
18:10:29.2 (137163755)|HEAP_ALLOCATE|[121]|Bytes:4
18:10:29.2 (137166192)|VARIABLE_SCOPE_BEGIN|[121]|entry|Schema.PicklistEntry|true|false
18:10:29.2 (137171357)|VARIABLE_ASSIGNMENT|[121]|entry|宮城県|0xc9e2c92
18:10:29.2 (137174209)|STATEMENT_EXECUTE|[121]
18:10:29.2 (137175033)|STATEMENT_EXECUTE|[122]
18:10:29.2 (137177294)|HEAP_ALLOCATE|[122]|Bytes:4
18:10:29.2 (137179593)|VARIABLE_SCOPE_BEGIN|[122]|option|Map<String,String>|true|false
18:10:29.2 (137183869)|VARIABLE_ASSIGNMENT|[122]|option|{}|0x43b0e647
18:10:29.2 (137186427)|STATEMENT_EXECUTE|[123]
18:10:29.2 (137188099)|HEAP_ALLOCATE|[123]|Bytes:3
18:10:29.2 (137191244)|HEAP_ALLOCATE|[EXTERNAL]|Bytes:-4
18:10:29.2 (137193914)|STATEMENT_EXECUTE|[124]
18:10:29.2 (137195552)|HEAP_ALLOCATE|[124]|Bytes:3
18:10:29.2 (137198440)|HEAP_ALLOCATE|[EXTERNAL]|Bytes:-4
18:10:29.2 (137200880)|STATEMENT_EXECUTE|[125]
18:10:29.2 (137202949)|HEAP_ALLOCATE|[EXTERNAL]|Bytes:4
18:10:29.2 (137207484)|HEAP_ALLOCATE|[121]|Bytes:5
18:10:29.2 (137211381)|HEAP_ALLOCATE|[121]|Bytes:4
18:10:29.2 (137213730)|VARIABLE_SCOPE_BEGIN|[121]|entry|Schema.PicklistEntry|true|false
18:10:29.2 (137218304)|VARIABLE_ASSIGNMENT|[121]|entry|秋田県|0x23bfa089
18:10:29.2 (137221059)|STATEMENT_EXECUTE|[121]
18:10:29.2 (137221851)|STATEMENT_EXECUTE|[122]
18:10:29.2 (137224008)|HEAP_ALLOCATE|[122]|Bytes:4
18:10:29.2 (137226224)|VARIABLE_SCOPE_BEGIN|[122]|option|Map<String,String>|true|false
18:10:29.2 (137230556)|VARIABLE_ASSIGNMENT|[122]|option|{}|0x25e27d26
18:10:29.2 (137232835)|STATEMENT_EXECUTE|[123]
18:10:29.2 (137234540)|HEAP_ALLOCATE|[123]|Bytes:3
18:10:29.2 (137237692)|HEAP_ALLOCATE|[EXTERNAL]|Bytes:-4
18:10:29.2 (137240194)|STATEMENT_EXECUTE|[124]
18:10:29.2 (137241890)|HEAP_ALLOCATE|[124]|Bytes:3
18:10:29.2 (137244759)|HEAP_ALLOCATE|[EXTERNAL]|Bytes:-4
18:10:29.2 (137247209)|STATEMENT_EXECUTE|[125]
18:10:29.2 (137249281)|HEAP_ALLOCATE|[EXTERNAL]|Bytes:4
18:10:29.2 (137253669)|HEAP_ALLOCATE|[121]|Bytes:5
18:10:29.2 (137257254)|HEAP_ALLOCATE|[121]|Bytes:4
18:10:29.2 (137259319)|VARIABLE_SCOPE_BEGIN|[121]|entry|Schema.PicklistEntry|true|false
18:10:29.2 (137263749)|VARIABLE_ASSIGNMENT|[121]|entry|山形県|0x58652fb4
18:10:29.2 (137266368)|STATEMENT_EXECUTE|[121]
18:10:29.2 (137267169)|STATEMENT_EXECUTE|[122]
18:10:29.2 (137269268)|HEAP_ALLOCATE|[122]|Bytes:4
18:10:29.2 (137271270)|VARIABLE_SCOPE_BEGIN|[122]|option|Map<String,String>|true|false
18:10:29.2 (137275470)|VARIABLE_ASSIGNMENT|[122]|option|{}|0x1ca36821
18:10:29.2 (137277853)|STATEMENT_EXECUTE|[123]
18:10:29.2 (137279457)|HEAP_ALLOCATE|[123]|Bytes:3
18:10:29.2 (137282540)|HEAP_ALLOCATE|[EXTERNAL]|Bytes:-4
18:10:29.2 (137285040)|STATEMENT_EXECUTE|[124]
18:10:29.2 (137286628)|HEAP_ALLOCATE|[124]|Bytes:3
18:10:29.2 (137289455)|HEAP_ALLOCATE|[EXTERNAL]|Bytes:-4
18:10:29.2 (137291898)|STATEMENT_EXECUTE|[125]
18:10:29.2 (137293917)|HEAP_ALLOCATE|[EXTERNAL]|Bytes:4
18:10:29.2 (137298268)|HEAP_ALLOCATE|[121]|Bytes:5
18:10:29.2 (137301770)|HEAP_ALLOCATE|[121]|Bytes:4
18:10:29.2 (137303904)|VARIABLE_SCOPE_BEGIN|[121]|entry|Schema.PicklistEntry|true|false
18:10:29.2 (137308135)|VARIABLE_ASSIGNMENT|[121]|entry|福島県|0x42c628d4
18:10:29.2 (137310730)|STATEMENT_EXECUTE|[121]
18:10:29.2 (137311779)|STATEMENT_EXECUTE|[122]
18:10:29.2 (137313934)|HEAP_ALLOCATE|[122]|Bytes:4
18:10:29.2 (137315952)|VARIABLE_SCOPE_BEGIN|[122]|option|Map<String,String>|true|false
18:10:29.2 (137319894)|VARIABLE_ASSIGNMENT|[122]|option|{}|0x747b66e7
18:10:29.2 (137322183)|STATEMENT_EXECUTE|[123]
18:10:29.2 (137323824)|HEAP_ALLOCATE|[123]|Bytes:3
18:10:29.2 (137326819)|HEAP_ALLOCATE|[EXTERNAL]|Bytes:-4
18:10:29.2 (137359014)|STATEMENT_EXECUTE|[124]
18:10:29.2 (137362245)|HEAP_ALLOCATE|[124]|Bytes:3
18:10:29.2 (137366320)|HEAP_ALLOCATE|[EXTERNAL]|Bytes:-4
18:10:29.2 (137368998)|STATEMENT_EXECUTE|[125]
18:10:29.2 (137371210)|HEAP_ALLOCATE|[EXTERNAL]|Bytes:4
18:10:29.2 (137375941)|HEAP_ALLOCATE|[121]|Bytes:5
18:10:29.2 (137380048)|HEAP_ALLOCATE|[121]|Bytes:4
18:10:29.2 (137382421)|VARIABLE_SCOPE_BEGIN|[121]|entry|Schema.PicklistEntry|true|false
18:10:29.2 (137387705)|VARIABLE_ASSIGNMENT|[121]|entry|茨城県|0x592ef53
18:10:29.2 (137390368)|STATEMENT_EXECUTE|[121]
18:10:29.2 (137391308)|STATEMENT_EXECUTE|[122]
18:10:29.2 (137394003)|HEAP_ALLOCATE|[122]|Bytes:4
18:10:29.2 (137396570)|VARIABLE_SCOPE_BEGIN|[122]|option|Map<String,String>|true|false
18:10:29.2 (137401424)|VARIABLE_ASSIGNMENT|[122]|option|{}|0x2f76da0
18:10:29.2 (137403875)|STATEMENT_EXECUTE|[123]
18:10:29.2 (137405545)|HEAP_ALLOCATE|[123]|Bytes:3
18:10:29.2 (137408539)|HEAP_ALLOCATE|[EXTERNAL]|Bytes:-4
18:10:29.2 (137411189)|STATEMENT_EXECUTE|[124]
18:10:29.2 (137412745)|HEAP_ALLOCATE|[124]|Bytes:3
18:10:29.2 (137415665)|HEAP_ALLOCATE|[EXTERNAL]|Bytes:-4
18:10:29.2 (137418140)|STATEMENT_EXECUTE|[125]
18:10:29.2 (137420183)|HEAP_ALLOCATE|[EXTERNAL]|Bytes:4
18:10:29.2 (137424486)|HEAP_ALLOCATE|[121]|Bytes:5
18:10:29.2 (137428090)|HEAP_ALLOCATE|[121]|Bytes:4
18:10:29.2 (137430155)|VARIABLE_SCOPE_BEGIN|[121]|entry|Schema.PicklistEntry|true|false
18:10:29.2 (137434526)|VARIABLE_ASSIGNMENT|[121]|entry|栃木県|0x710475a2
18:10:29.2 (137437564)|STATEMENT_EXECUTE|[121]
18:10:29.2 (137438366)|STATEMENT_EXECUTE|[122]
18:10:29.2 (137440686)|HEAP_ALLOCATE|[122]|Bytes:4
18:10:29.2 (137442752)|VARIABLE_SCOPE_BEGIN|[122]|option|Map<String,String>|true|false
18:10:29.2 (137447331)|VARIABLE_ASSIGNMENT|[122]|option|{}|0x5e67793b
18:10:29.2 (137449738)|STATEMENT_EXECUTE|[123]
18:10:29.2 (137451400)|HEAP_ALLOCATE|[123]|Bytes:3
18:10:29.2 (137454511)|HEAP_ALLOCATE|[EXTERNAL]|Bytes:-4
18:10:29.2 (137457143)|STATEMENT_EXECUTE|[124]
18:10:29.2 (137458965)|HEAP_ALLOCATE|[124]|Bytes:3
18:10:29.2 (137461798)|HEAP_ALLOCATE|[EXTERNAL]|Bytes:-4
18:10:29.2 (137464408)|STATEMENT_EXECUTE|[125]
18:10:29.2 (137466381)|HEAP_ALLOCATE|[EXTERNAL]|Bytes:4
18:10:29.2 (137471008)|HEAP_ALLOCATE|[121]|Bytes:5
18:10:29.2 (137474520)|HEAP_ALLOCATE|[121]|Bytes:4
18:10:29.2 (137476609)|VARIABLE_SCOPE_BEGIN|[121]|entry|Schema.PicklistEntry|true|false
18:10:29.2 (137481026)|VARIABLE_ASSIGNMENT|[121]|entry|群馬県|0x4c1dfdd3
18:10:29.2 (137483930)|STATEMENT_EXECUTE|[121]
18:10:29.2 (137484717)|STATEMENT_EXECUTE|[122]
18:10:29.2 (137486856)|HEAP_ALLOCATE|[122]|Bytes:4
18:10:29.2 (137489230)|VARIABLE_SCOPE_BEGIN|[122]|option|Map<String,String>|true|false
18:10:29.2 (137493318)|VARIABLE_ASSIGNMENT|[122]|option|{}|0x75be039d
18:10:29.2 (137495818)|STATEMENT_EXECUTE|[123]
18:10:29.2 (137497490)|HEAP_ALLOCATE|[123]|Bytes:3
18:10:29.2 (137500475)|HEAP_ALLOCATE|[EXTERNAL]|Bytes:-4
18:10:29.2 (137502940)|STATEMENT_EXECUTE|[124]
18:10:29.2 (137504513)|HEAP_ALLOCATE|[124]|Bytes:3
18:10:29.2 (137507300)|HEAP_ALLOCATE|[EXTERNAL]|Bytes:-4
18:10:29.2 (137509764)|STATEMENT_EXECUTE|[125]
18:10:29.2 (137511795)|HEAP_ALLOCATE|[EXTERNAL]|Bytes:4
18:10:29.2 (137515875)|HEAP_ALLOCATE|[121]|Bytes:5
18:10:29.2 (137519346)|HEAP_ALLOCATE|[121]|Bytes:4
18:10:29.2 (137521457)|VARIABLE_SCOPE_BEGIN|[121]|entry|Schema.PicklistEntry|true|false
18:10:29.2 (137525653)|VARIABLE_ASSIGNMENT|[121]|entry|埼玉県|0x27c5c1ed
18:10:29.2 (137528162)|STATEMENT_EXECUTE|[121]
18:10:29.2 (137528936)|STATEMENT_EXECUTE|[122]
18:10:29.2 (137531109)|HEAP_ALLOCATE|[122]|Bytes:4
18:10:29.2 (137533103)|VARIABLE_SCOPE_BEGIN|[122]|option|Map<String,String>|true|false
18:10:29.2 (137537139)|VARIABLE_ASSIGNMENT|[122]|option|{}|0x428eda8f
18:10:29.2 (137539446)|STATEMENT_EXECUTE|[123]
18:10:29.2 (137540994)|HEAP_ALLOCATE|[123]|Bytes:3
18:10:29.2 (137543893)|HEAP_ALLOCATE|[EXTERNAL]|Bytes:-4
18:10:29.2 (137546374)|STATEMENT_EXECUTE|[124]
18:10:29.2 (137547943)|HEAP_ALLOCATE|[124]|Bytes:3
18:10:29.2 (137550737)|HEAP_ALLOCATE|[EXTERNAL]|Bytes:-4
18:10:29.2 (137553257)|STATEMENT_EXECUTE|[125]
18:10:29.2 (137555274)|HEAP_ALLOCATE|[EXTERNAL]|Bytes:4
18:10:29.2 (137559339)|HEAP_ALLOCATE|[121]|Bytes:5
18:10:29.2 (137562749)|HEAP_ALLOCATE|[121]|Bytes:4
18:10:29.2 (137564826)|VARIABLE_SCOPE_BEGIN|[121]|entry|Schema.PicklistEntry|true|false
18:10:29.2 (137568891)|VARIABLE_ASSIGNMENT|[121]|entry|千葉県|0x61de4468
18:10:29.2 (137571506)|STATEMENT_EXECUTE|[121]
18:10:29.2 (137572279)|STATEMENT_EXECUTE|[122]
18:10:29.2 (137574365)|HEAP_ALLOCATE|[122]|Bytes:4
18:10:29.2 (137576354)|VARIABLE_SCOPE_BEGIN|[122]|option|Map<String,String>|true|false
18:10:29.2 (137580521)|VARIABLE_ASSIGNMENT|[122]|option|{}|0x64f91125
18:10:29.2 (137582859)|STATEMENT_EXECUTE|[123]
18:10:29.2 (137584428)|HEAP_ALLOCATE|[123]|Bytes:3
18:10:29.2 (137587362)|HEAP_ALLOCATE|[EXTERNAL]|Bytes:-4
18:10:29.2 (137590014)|STATEMENT_EXECUTE|[124]
18:10:29.2 (137591628)|HEAP_ALLOCATE|[124]|Bytes:3
18:10:29.2 (137594438)|HEAP_ALLOCATE|[EXTERNAL]|Bytes:-4
18:10:29.2 (137596920)|STATEMENT_EXECUTE|[125]
18:10:29.2 (137598914)|HEAP_ALLOCATE|[EXTERNAL]|Bytes:4
18:10:29.2 (137603080)|HEAP_ALLOCATE|[121]|Bytes:5
18:10:29.2 (137606685)|HEAP_ALLOCATE|[121]|Bytes:4
18:10:29.2 (137608817)|VARIABLE_SCOPE_BEGIN|[121]|entry|Schema.PicklistEntry|true|false
18:10:29.2 (137612881)|VARIABLE_ASSIGNMENT|[121]|entry|東京都|0x6dba7efe
18:10:29.2 (137615497)|STATEMENT_EXECUTE|[121]
18:10:29.2 (137616278)|STATEMENT_EXECUTE|[122]
18:10:29.2 (137618471)|HEAP_ALLOCATE|[122]|Bytes:4
18:10:29.2 (137620477)|VARIABLE_SCOPE_BEGIN|[122]|option|Map<String,String>|true|false
18:10:29.2 (137624723)|VARIABLE_ASSIGNMENT|[122]|option|{}|0x59d49b64
18:10:29.2 (137627137)|STATEMENT_EXECUTE|[123]
18:10:29.2 (137628709)|HEAP_ALLOCATE|[123]|Bytes:3
18:10:29.2 (137631613)|HEAP_ALLOCATE|[EXTERNAL]|Bytes:-4
18:10:29.2 (137634148)|STATEMENT_EXECUTE|[124]
18:10:29.2 (137635736)|HEAP_ALLOCATE|[124]|Bytes:3
18:10:29.2 (137638564)|HEAP_ALLOCATE|[EXTERNAL]|Bytes:-4
18:10:29.2 (137640998)|STATEMENT_EXECUTE|[125]
18:10:29.2 (137643000)|HEAP_ALLOCATE|[EXTERNAL]|Bytes:4
18:10:29.2 (137647302)|HEAP_ALLOCATE|[121]|Bytes:5
18:10:29.2 (137650744)|HEAP_ALLOCATE|[121]|Bytes:4
18:10:29.2 (137652817)|VARIABLE_SCOPE_BEGIN|[121]|entry|Schema.PicklistEntry|true|false
18:10:29.2 (137656739)|VARIABLE_ASSIGNMENT|[121]|entry|神奈川県|0x4a3a7932
18:10:29.2 (137659498)|STATEMENT_EXECUTE|[121]
18:10:29.2 (137660280)|STATEMENT_EXECUTE|[122]
18:10:29.2 (137662376)|HEAP_ALLOCATE|[122]|Bytes:4
18:10:29.2 (137664455)|VARIABLE_SCOPE_BEGIN|[122]|option|Map<String,String>|true|false
18:10:29.2 (137668539)|VARIABLE_ASSIGNMENT|[122]|option|{}|0x66e62969
18:10:29.2 (137670981)|STATEMENT_EXECUTE|[123]
18:10:29.2 (137672569)|HEAP_ALLOCATE|[123]|Bytes:4
18:10:29.2 (137675528)|HEAP_ALLOCATE|[EXTERNAL]|Bytes:-4
18:10:29.2 (137677995)|STATEMENT_EXECUTE|[124]
18:10:29.2 (137679604)|HEAP_ALLOCATE|[124]|Bytes:4
18:10:29.2 (137682383)|HEAP_ALLOCATE|[EXTERNAL]|Bytes:-4
18:10:29.2 (137684834)|STATEMENT_EXECUTE|[125]
18:10:29.2 (137686806)|HEAP_ALLOCATE|[EXTERNAL]|Bytes:4
18:10:29.2 (137690870)|HEAP_ALLOCATE|[121]|Bytes:5
18:10:29.2 (137694291)|HEAP_ALLOCATE|[121]|Bytes:4
18:10:29.2 (137696542)|VARIABLE_SCOPE_BEGIN|[121]|entry|Schema.PicklistEntry|true|false
18:10:29.2 (137700420)|VARIABLE_ASSIGNMENT|[121]|entry|新潟県|0x5895e6c5
18:10:29.2 (137702970)|STATEMENT_EXECUTE|[121]
18:10:29.2 (137703739)|STATEMENT_EXECUTE|[122]
18:10:29.2 (137705880)|HEAP_ALLOCATE|[122]|Bytes:4
18:10:29.2 (137707905)|VARIABLE_SCOPE_BEGIN|[122]|option|Map<String,String>|true|false
18:10:29.2 (137712044)|VARIABLE_ASSIGNMENT|[122]|option|{}|0x25e75908
18:10:29.2 (137714368)|STATEMENT_EXECUTE|[123]
18:10:29.2 (137716026)|HEAP_ALLOCATE|[123]|Bytes:3
18:10:29.2 (137718984)|HEAP_ALLOCATE|[EXTERNAL]|Bytes:-4
18:10:29.2 (137721461)|STATEMENT_EXECUTE|[124]
18:10:29.2 (137723088)|HEAP_ALLOCATE|[124]|Bytes:3
18:10:29.2 (137725978)|HEAP_ALLOCATE|[EXTERNAL]|Bytes:-4
18:10:29.2 (137728408)|STATEMENT_EXECUTE|[125]
18:10:29.2 (137730393)|HEAP_ALLOCATE|[EXTERNAL]|Bytes:4
18:10:29.2 (137734455)|HEAP_ALLOCATE|[121]|Bytes:5
18:10:29.2 (137737848)|HEAP_ALLOCATE|[121]|Bytes:4
18:10:29.2 (137739889)|VARIABLE_SCOPE_BEGIN|[121]|entry|Schema.PicklistEntry|true|false
18:10:29.2 (137743939)|VARIABLE_ASSIGNMENT|[121]|entry|富山県|0x3c0d476f
18:10:29.2 (137746429)|STATEMENT_EXECUTE|[121]
18:10:29.2 (137747217)|STATEMENT_EXECUTE|[122]
18:10:29.2 (137749348)|HEAP_ALLOCATE|[122]|Bytes:4
18:10:29.2 (137751438)|VARIABLE_SCOPE_BEGIN|[122]|option|Map<String,String>|true|false
18:10:29.2 (137755468)|VARIABLE_ASSIGNMENT|[122]|option|{}|0x6bf78ce6
18:10:29.2 (137757764)|STATEMENT_EXECUTE|[123]
18:10:29.2 (137759352)|HEAP_ALLOCATE|[123]|Bytes:3
18:10:29.2 (137762660)|HEAP_ALLOCATE|[EXTERNAL]|Bytes:-4
18:10:29.2 (137765134)|STATEMENT_EXECUTE|[124]
18:10:29.2 (137766687)|HEAP_ALLOCATE|[124]|Bytes:3
18:10:29.2 (137769500)|HEAP_ALLOCATE|[EXTERNAL]|Bytes:-4
18:10:29.2 (137771947)|STATEMENT_EXECUTE|[125]
18:10:29.2 (137773939)|HEAP_ALLOCATE|[EXTERNAL]|Bytes:4
18:10:29.2 (137778019)|HEAP_ALLOCATE|[121]|Bytes:5
18:10:29.2 (137781436)|HEAP_ALLOCATE|[121]|Bytes:4
18:10:29.2 (137783498)|VARIABLE_SCOPE_BEGIN|[121]|entry|Schema.PicklistEntry|true|false
18:10:29.2 (137787770)|VARIABLE_ASSIGNMENT|[121]|entry|石川県|0x1ca3ec93
18:10:29.2 (137790259)|STATEMENT_EXECUTE|[121]
18:10:29.2 (137791055)|STATEMENT_EXECUTE|[122]
18:10:29.2 (137793169)|HEAP_ALLOCATE|[122]|Bytes:4
18:10:29.2 (137795143)|VARIABLE_SCOPE_BEGIN|[122]|option|Map<String,String>|true|false
18:10:29.2 (137799330)|VARIABLE_ASSIGNMENT|[122]|option|{}|0x393c916
18:10:29.2 (137801713)|STATEMENT_EXECUTE|[123]
18:10:29.2 (137803220)|HEAP_ALLOCATE|[123]|Bytes:3
18:10:29.2 (137806209)|HEAP_ALLOCATE|[EXTERNAL]|Bytes:-4
18:10:29.2 (137808805)|STATEMENT_EXECUTE|[124]
18:10:29.2 (137810450)|HEAP_ALLOCATE|[124]|Bytes:3
18:10:29.2 (137813289)|HEAP_ALLOCATE|[EXTERNAL]|Bytes:-4
18:10:29.2 (137815774)|STATEMENT_EXECUTE|[125]
18:10:29.2 (137817779)|HEAP_ALLOCATE|[EXTERNAL]|Bytes:4
18:10:29.2 (137821831)|HEAP_ALLOCATE|[121]|Bytes:5
18:10:29.2 (137825227)|HEAP_ALLOCATE|[121]|Bytes:4
18:10:29.2 (137827315)|VARIABLE_SCOPE_BEGIN|[121]|entry|Schema.PicklistEntry|true|false
18:10:29.2 (137831240)|VARIABLE_ASSIGNMENT|[121]|entry|福井県|0x55f3d034
18:10:29.2 (137833750)|STATEMENT_EXECUTE|[121]
18:10:29.2 (137834524)|STATEMENT_EXECUTE|[122]
18:10:29.2 (137836706)|HEAP_ALLOCATE|[122]|Bytes:4
18:10:29.2 (137838724)|VARIABLE_SCOPE_BEGIN|[122]|option|Map<String,String>|true|false
18:10:29.2 (137842909)|VARIABLE_ASSIGNMENT|[122]|option|{}|0x2b4e6d0
18:10:29.2 (137845259)|STATEMENT_EXECUTE|[123]
18:10:29.2 (137846902)|HEAP_ALLOCATE|[123]|Bytes:3
18:10:29.2 (137849908)|HEAP_ALLOCATE|[EXTERNAL]|Bytes:-4
18:10:29.2 (137852381)|STATEMENT_EXECUTE|[124]
18:10:29.2 (137854205)|HEAP_ALLOCATE|[124]|Bytes:3
18:10:29.2 (137857121)|HEAP_ALLOCATE|[EXTERNAL]|Bytes:-4
18:10:29.2 (137859690)|STATEMENT_EXECUTE|[125]
18:10:29.2 (137861704)|HEAP_ALLOCATE|[EXTERNAL]|Bytes:4
18:10:29.2 (137865829)|HEAP_ALLOCATE|[121]|Bytes:5
18:10:29.2 (137869230)|HEAP_ALLOCATE|[121]|Bytes:4
18:10:29.2 (137871280)|VARIABLE_SCOPE_BEGIN|[121]|entry|Schema.PicklistEntry|true|false
18:10:29.2 (137875298)|VARIABLE_ASSIGNMENT|[121]|entry|山梨県|0x1f05561
18:10:29.2 (137878015)|STATEMENT_EXECUTE|[121]
18:10:29.2 (137878844)|STATEMENT_EXECUTE|[122]
18:10:29.2 (137880910)|HEAP_ALLOCATE|[122]|Bytes:4
18:10:29.2 (137882912)|VARIABLE_SCOPE_BEGIN|[122]|option|Map<String,String>|true|false
18:10:29.2 (137886964)|VARIABLE_ASSIGNMENT|[122]|option|{}|0x1c36e730
18:10:29.2 (137889445)|STATEMENT_EXECUTE|[123]
18:10:29.2 (137891020)|HEAP_ALLOCATE|[123]|Bytes:3
18:10:29.2 (137894050)|HEAP_ALLOCATE|[EXTERNAL]|Bytes:-4
18:10:29.2 (137896499)|STATEMENT_EXECUTE|[124]
18:10:29.2 (137898115)|HEAP_ALLOCATE|[124]|Bytes:3
18:10:29.2 (137901078)|HEAP_ALLOCATE|[EXTERNAL]|Bytes:-4
18:10:29.2 (137903523)|STATEMENT_EXECUTE|[125]
18:10:29.2 (137905528)|HEAP_ALLOCATE|[EXTERNAL]|Bytes:4
18:10:29.2 (137909679)|HEAP_ALLOCATE|[121]|Bytes:5
18:10:29.2 (137913199)|HEAP_ALLOCATE|[121]|Bytes:4
18:10:29.2 (137915293)|VARIABLE_SCOPE_BEGIN|[121]|entry|Schema.PicklistEntry|true|false
18:10:29.2 (137919434)|VARIABLE_ASSIGNMENT|[121]|entry|長野県|0x570ff6f2
18:10:29.2 (137921893)|STATEMENT_EXECUTE|[121]
18:10:29.2 (137922705)|STATEMENT_EXECUTE|[122]
18:10:29.2 (137924922)|HEAP_ALLOCATE|[122]|Bytes:4
18:10:29.2 (137926904)|VARIABLE_SCOPE_BEGIN|[122]|option|Map<String,String>|true|false
18:10:29.2 (137931115)|VARIABLE_ASSIGNMENT|[122]|option|{}|0x722808a5
18:10:29.2 (137933561)|STATEMENT_EXECUTE|[123]
18:10:29.2 (137935138)|HEAP_ALLOCATE|[123]|Bytes:3
18:10:29.2 (137938068)|HEAP_ALLOCATE|[EXTERNAL]|Bytes:-4
18:10:29.2 (137940519)|STATEMENT_EXECUTE|[124]
18:10:29.2 (137942156)|HEAP_ALLOCATE|[124]|Bytes:3
18:10:29.2 (138064108)|HEAP_ALLOCATE|[EXTERNAL]|Bytes:-4
18:10:29.2 (138067894)|STATEMENT_EXECUTE|[125]
18:10:29.2 (138070753)|HEAP_ALLOCATE|[EXTERNAL]|Bytes:4
18:10:29.2 (138076271)|HEAP_ALLOCATE|[121]|Bytes:5
18:10:29.2 (138080970)|HEAP_ALLOCATE|[121]|Bytes:4
18:10:29.2 (138083985)|VARIABLE_SCOPE_BEGIN|[121]|entry|Schema.PicklistEntry|true|false
18:10:29.2 (138090690)|VARIABLE_ASSIGNMENT|[121]|entry|岐阜県|0x717000dc
18:10:29.2 (138093625)|STATEMENT_EXECUTE|[121]
18:10:29.2 (138094448)|STATEMENT_EXECUTE|[122]
18:10:29.2 (138097786)|HEAP_ALLOCATE|[122]|Bytes:4
18:10:29.2 (138100126)|VARIABLE_SCOPE_BEGIN|[122]|option|Map<String,String>|true|false
18:10:29.2 (138105273)|VARIABLE_ASSIGNMENT|[122]|option|{}|0x5a5466a5
18:10:29.2 (138107875)|STATEMENT_EXECUTE|[123]
18:10:29.2 (138110521)|HEAP_ALLOCATE|[123]|Bytes:3
18:10:29.2 (138113675)|HEAP_ALLOCATE|[EXTERNAL]|Bytes:-4
18:10:29.2 (138116336)|STATEMENT_EXECUTE|[124]
18:10:29.2 (138118153)|HEAP_ALLOCATE|[124]|Bytes:3
18:10:29.2 (138121076)|HEAP_ALLOCATE|[EXTERNAL]|Bytes:-4
18:10:29.2 (138123818)|STATEMENT_EXECUTE|[125]
18:10:29.2 (138125914)|HEAP_ALLOCATE|[EXTERNAL]|Bytes:4
18:10:29.2 (138130559)|HEAP_ALLOCATE|[121]|Bytes:5
18:10:29.2 (138134304)|HEAP_ALLOCATE|[121]|Bytes:4
18:10:29.2 (138136586)|VARIABLE_SCOPE_BEGIN|[121]|entry|Schema.PicklistEntry|true|false
18:10:29.2 (138141395)|VARIABLE_ASSIGNMENT|[121]|entry|静岡県|0x7244b37b
18:10:29.2 (138144139)|STATEMENT_EXECUTE|[121]
18:10:29.2 (138144943)|STATEMENT_EXECUTE|[122]
18:10:29.2 (138147172)|HEAP_ALLOCATE|[122]|Bytes:4
18:10:29.2 (138149488)|VARIABLE_SCOPE_BEGIN|[122]|option|Map<String,String>|true|false
18:10:29.2 (138153580)|VARIABLE_ASSIGNMENT|[122]|option|{}|0x401be0b6
18:10:29.2 (138156037)|STATEMENT_EXECUTE|[123]
18:10:29.2 (138157820)|HEAP_ALLOCATE|[123]|Bytes:3
18:10:29.2 (138160920)|HEAP_ALLOCATE|[EXTERNAL]|Bytes:-4
18:10:29.2 (138163518)|STATEMENT_EXECUTE|[124]
18:10:29.2 (138165109)|HEAP_ALLOCATE|[124]|Bytes:3
18:10:29.2 (138168109)|HEAP_ALLOCATE|[EXTERNAL]|Bytes:-4
18:10:29.2 (138170567)|STATEMENT_EXECUTE|[125]
18:10:29.2 (138172695)|HEAP_ALLOCATE|[EXTERNAL]|Bytes:4
18:10:29.2 (138176927)|HEAP_ALLOCATE|[121]|Bytes:5
18:10:29.2 (138180430)|HEAP_ALLOCATE|[121]|Bytes:4
18:10:29.2 (138182535)|VARIABLE_SCOPE_BEGIN|[121]|entry|Schema.PicklistEntry|true|false
18:10:29.2 (138186872)|VARIABLE_ASSIGNMENT|[121]|entry|愛知県|0x319c6e89
18:10:29.2 (138189540)|STATEMENT_EXECUTE|[121]
18:10:29.2 (138190338)|STATEMENT_EXECUTE|[122]
18:10:29.2 (138192481)|HEAP_ALLOCATE|[122]|Bytes:4
18:10:29.2 (138194626)|VARIABLE_SCOPE_BEGIN|[122]|option|Map<String,String>|true|false
18:10:29.2 (138198687)|VARIABLE_ASSIGNMENT|[122]|option|{}|0x48044751
18:10:29.2 (138201011)|STATEMENT_EXECUTE|[123]
18:10:29.2 (138202671)|HEAP_ALLOCATE|[123]|Bytes:3
18:10:29.2 (138205696)|HEAP_ALLOCATE|[EXTERNAL]|Bytes:-4
18:10:29.2 (138208195)|STATEMENT_EXECUTE|[124]
18:10:29.2 (138209819)|HEAP_ALLOCATE|[124]|Bytes:3
18:10:29.2 (138212724)|HEAP_ALLOCATE|[EXTERNAL]|Bytes:-4
18:10:29.2 (138215364)|STATEMENT_EXECUTE|[125]
18:10:29.2 (138217383)|HEAP_ALLOCATE|[EXTERNAL]|Bytes:4
18:10:29.2 (138221590)|HEAP_ALLOCATE|[121]|Bytes:5
18:10:29.2 (138225054)|HEAP_ALLOCATE|[121]|Bytes:4
18:10:29.2 (138227142)|VARIABLE_SCOPE_BEGIN|[121]|entry|Schema.PicklistEntry|true|false
18:10:29.2 (138231263)|VARIABLE_ASSIGNMENT|[121]|entry|三重県|0x1f0cea41
18:10:29.2 (138233901)|STATEMENT_EXECUTE|[121]
18:10:29.2 (138234688)|STATEMENT_EXECUTE|[122]
18:10:29.2 (138236863)|HEAP_ALLOCATE|[122]|Bytes:4
18:10:29.2 (138238967)|VARIABLE_SCOPE_BEGIN|[122]|option|Map<String,String>|true|false
18:10:29.2 (138243187)|VARIABLE_ASSIGNMENT|[122]|option|{}|0xda746
18:10:29.2 (138245593)|STATEMENT_EXECUTE|[123]
18:10:29.2 (138247353)|HEAP_ALLOCATE|[123]|Bytes:3
18:10:29.2 (138250469)|HEAP_ALLOCATE|[EXTERNAL]|Bytes:-4
18:10:29.2 (138253095)|STATEMENT_EXECUTE|[124]
18:10:29.2 (138254740)|HEAP_ALLOCATE|[124]|Bytes:3
18:10:29.2 (138257624)|HEAP_ALLOCATE|[EXTERNAL]|Bytes:-4
18:10:29.2 (138260262)|STATEMENT_EXECUTE|[125]
18:10:29.2 (138262233)|HEAP_ALLOCATE|[EXTERNAL]|Bytes:4
18:10:29.2 (138266834)|HEAP_ALLOCATE|[121]|Bytes:5
18:10:29.2 (138270382)|HEAP_ALLOCATE|[121]|Bytes:4
18:10:29.2 (138272511)|VARIABLE_SCOPE_BEGIN|[121]|entry|Schema.PicklistEntry|true|false
18:10:29.2 (138276994)|VARIABLE_ASSIGNMENT|[121]|entry|滋賀県|0x523769e8
18:10:29.2 (138279649)|STATEMENT_EXECUTE|[121]
18:10:29.2 (138280447)|STATEMENT_EXECUTE|[122]
18:10:29.2 (138282623)|HEAP_ALLOCATE|[122]|Bytes:4
18:10:29.2 (138284639)|VARIABLE_SCOPE_BEGIN|[122]|option|Map<String,String>|true|false
18:10:29.2 (138288654)|VARIABLE_ASSIGNMENT|[122]|option|{}|0x38e38230
18:10:29.2 (138290978)|STATEMENT_EXECUTE|[123]
18:10:29.2 (138292631)|HEAP_ALLOCATE|[123]|Bytes:3
18:10:29.2 (138295633)|HEAP_ALLOCATE|[EXTERNAL]|Bytes:-4
18:10:29.2 (138298169)|STATEMENT_EXECUTE|[124]
18:10:29.2 (138299874)|HEAP_ALLOCATE|[124]|Bytes:3
18:10:29.2 (138302806)|HEAP_ALLOCATE|[EXTERNAL]|Bytes:-4
18:10:29.2 (138305260)|STATEMENT_EXECUTE|[125]
18:10:29.2 (138307247)|HEAP_ALLOCATE|[EXTERNAL]|Bytes:4
18:10:29.2 (138311347)|HEAP_ALLOCATE|[121]|Bytes:5
18:10:29.2 (138314848)|HEAP_ALLOCATE|[121]|Bytes:4
18:10:29.2 (138317067)|VARIABLE_SCOPE_BEGIN|[121]|entry|Schema.PicklistEntry|true|false
18:10:29.2 (138321194)|VARIABLE_ASSIGNMENT|[121]|entry|京都府|0x40c5398f
18:10:29.2 (138323678)|STATEMENT_EXECUTE|[121]
18:10:29.2 (138324459)|STATEMENT_EXECUTE|[122]
18:10:29.2 (138326628)|HEAP_ALLOCATE|[122]|Bytes:4
18:10:29.2 (138328659)|VARIABLE_SCOPE_BEGIN|[122]|option|Map<String,String>|true|false
18:10:29.2 (138332596)|VARIABLE_ASSIGNMENT|[122]|option|{}|0x2d9f9146
18:10:29.2 (138334990)|STATEMENT_EXECUTE|[123]
18:10:29.2 (138336661)|HEAP_ALLOCATE|[123]|Bytes:3
18:10:29.2 (138339688)|HEAP_ALLOCATE|[EXTERNAL]|Bytes:-4
18:10:29.2 (138342151)|STATEMENT_EXECUTE|[124]
18:10:29.2 (138343785)|HEAP_ALLOCATE|[124]|Bytes:3
18:10:29.2 (138346629)|HEAP_ALLOCATE|[EXTERNAL]|Bytes:-4
18:10:29.2 (138349089)|STATEMENT_EXECUTE|[125]
18:10:29.2 (138351139)|HEAP_ALLOCATE|[EXTERNAL]|Bytes:4
18:10:29.2 (138355233)|HEAP_ALLOCATE|[121]|Bytes:5
18:10:29.2 (138358702)|HEAP_ALLOCATE|[121]|Bytes:4
18:10:29.2 (138360930)|VARIABLE_SCOPE_BEGIN|[121]|entry|Schema.PicklistEntry|true|false
18:10:29.2 (138365160)|VARIABLE_ASSIGNMENT|[121]|entry|大阪府|0x448ec534
18:10:29.2 (138367692)|STATEMENT_EXECUTE|[121]
18:10:29.2 (138368485)|STATEMENT_EXECUTE|[122]
18:10:29.2 (138370626)|HEAP_ALLOCATE|[122]|Bytes:4
18:10:29.2 (138372666)|VARIABLE_SCOPE_BEGIN|[122]|option|Map<String,String>|true|false
18:10:29.2 (138376699)|VARIABLE_ASSIGNMENT|[122]|option|{}|0x60583d97
18:10:29.2 (138379015)|STATEMENT_EXECUTE|[123]
18:10:29.2 (138380683)|HEAP_ALLOCATE|[123]|Bytes:3
18:10:29.2 (138383638)|HEAP_ALLOCATE|[EXTERNAL]|Bytes:-4
18:10:29.2 (138386109)|STATEMENT_EXECUTE|[124]
18:10:29.2 (138387701)|HEAP_ALLOCATE|[124]|Bytes:3
18:10:29.2 (138390521)|HEAP_ALLOCATE|[EXTERNAL]|Bytes:-4
18:10:29.2 (138392977)|STATEMENT_EXECUTE|[125]
18:10:29.2 (138394991)|HEAP_ALLOCATE|[EXTERNAL]|Bytes:4
18:10:29.2 (138399154)|HEAP_ALLOCATE|[121]|Bytes:5
18:10:29.2 (138402630)|HEAP_ALLOCATE|[121]|Bytes:4
18:10:29.2 (138404699)|VARIABLE_SCOPE_BEGIN|[121]|entry|Schema.PicklistEntry|true|false
18:10:29.2 (138409045)|VARIABLE_ASSIGNMENT|[121]|entry|兵庫県|0x9387952
18:10:29.2 (138411921)|STATEMENT_EXECUTE|[121]
18:10:29.2 (138412721)|STATEMENT_EXECUTE|[122]
18:10:29.2 (138414844)|HEAP_ALLOCATE|[122]|Bytes:4
18:10:29.2 (138416865)|VARIABLE_SCOPE_BEGIN|[122]|option|Map<String,String>|true|false
18:10:29.2 (138420909)|VARIABLE_ASSIGNMENT|[122]|option|{}|0x58fccc92
18:10:29.2 (138423172)|STATEMENT_EXECUTE|[123]
18:10:29.2 (138424760)|HEAP_ALLOCATE|[123]|Bytes:3
18:10:29.2 (138427872)|HEAP_ALLOCATE|[EXTERNAL]|Bytes:-4
18:10:29.2 (138430410)|STATEMENT_EXECUTE|[124]
18:10:29.2 (138432059)|HEAP_ALLOCATE|[124]|Bytes:3
18:10:29.2 (138434934)|HEAP_ALLOCATE|[EXTERNAL]|Bytes:-4
18:10:29.2 (138437361)|STATEMENT_EXECUTE|[125]
18:10:29.2 (138439394)|HEAP_ALLOCATE|[EXTERNAL]|Bytes:4
18:10:29.2 (138443727)|HEAP_ALLOCATE|[121]|Bytes:5
18:10:29.2 (138447305)|HEAP_ALLOCATE|[121]|Bytes:4
18:10:29.2 (138449357)|VARIABLE_SCOPE_BEGIN|[121]|entry|Schema.PicklistEntry|true|false
18:10:29.2 (138453430)|VARIABLE_ASSIGNMENT|[121]|entry|奈良県|0x6a6915dc
18:10:29.2 (138456367)|STATEMENT_EXECUTE|[121]
18:10:29.2 (138457178)|STATEMENT_EXECUTE|[122]
18:10:29.2 (138459327)|HEAP_ALLOCATE|[122]|Bytes:4
18:10:29.2 (138461355)|VARIABLE_SCOPE_BEGIN|[122]|option|Map<String,String>|true|false
18:10:29.2 (138465364)|VARIABLE_ASSIGNMENT|[122]|option|{}|0x4b7c3983
18:10:29.2 (138467726)|STATEMENT_EXECUTE|[123]
18:10:29.2 (138469412)|HEAP_ALLOCATE|[123]|Bytes:3
18:10:29.2 (138472296)|HEAP_ALLOCATE|[EXTERNAL]|Bytes:-4
18:10:29.2 (138474778)|STATEMENT_EXECUTE|[124]
18:10:29.2 (138476401)|HEAP_ALLOCATE|[124]|Bytes:3
18:10:29.2 (138479320)|HEAP_ALLOCATE|[EXTERNAL]|Bytes:-4
18:10:29.2 (138481789)|STATEMENT_EXECUTE|[125]
18:10:29.2 (138483840)|HEAP_ALLOCATE|[EXTERNAL]|Bytes:4
18:10:29.2 (138487985)|HEAP_ALLOCATE|[121]|Bytes:5
18:10:29.2 (138491381)|HEAP_ALLOCATE|[121]|Bytes:4
18:10:29.2 (138493602)|VARIABLE_SCOPE_BEGIN|[121]|entry|Schema.PicklistEntry|true|false
18:10:29.2 (138497677)|VARIABLE_ASSIGNMENT|[121]|entry|和歌山県|0x1442b57
18:10:29.2 (138500324)|STATEMENT_EXECUTE|[121]
18:10:29.2 (138501216)|STATEMENT_EXECUTE|[122]
18:10:29.2 (138503421)|HEAP_ALLOCATE|[122]|Bytes:4
18:10:29.2 (138505445)|VARIABLE_SCOPE_BEGIN|[122]|option|Map<String,String>|true|false
18:10:29.2 (138509463)|VARIABLE_ASSIGNMENT|[122]|option|{}|0x3fe2ffb1
18:10:29.2 (138511811)|STATEMENT_EXECUTE|[123]
18:10:29.2 (138513449)|HEAP_ALLOCATE|[123]|Bytes:4
18:10:29.2 (138516436)|HEAP_ALLOCATE|[EXTERNAL]|Bytes:-4
18:10:29.2 (138518897)|STATEMENT_EXECUTE|[124]
18:10:29.2 (138520504)|HEAP_ALLOCATE|[124]|Bytes:4
18:10:29.2 (138523322)|HEAP_ALLOCATE|[EXTERNAL]|Bytes:-4
18:10:29.2 (138525776)|STATEMENT_EXECUTE|[125]
18:10:29.2 (138527841)|HEAP_ALLOCATE|[EXTERNAL]|Bytes:4
18:10:29.2 (138531968)|HEAP_ALLOCATE|[121]|Bytes:5
18:10:29.2 (138535409)|HEAP_ALLOCATE|[121]|Bytes:4
18:10:29.2 (138537436)|VARIABLE_SCOPE_BEGIN|[121]|entry|Schema.PicklistEntry|true|false
18:10:29.2 (138541588)|VARIABLE_ASSIGNMENT|[121]|entry|鳥取県|0x1d87da64
18:10:29.2 (138544164)|STATEMENT_EXECUTE|[121]
18:10:29.2 (138545041)|STATEMENT_EXECUTE|[122]
18:10:29.2 (138547200)|HEAP_ALLOCATE|[122]|Bytes:4
18:10:29.2 (138549275)|VARIABLE_SCOPE_BEGIN|[122]|option|Map<String,String>|true|false
18:10:29.2 (138553359)|VARIABLE_ASSIGNMENT|[122]|option|{}|0x379d4876
18:10:29.2 (138555625)|STATEMENT_EXECUTE|[123]
18:10:29.2 (138557243)|HEAP_ALLOCATE|[123]|Bytes:3
18:10:29.2 (138560152)|HEAP_ALLOCATE|[EXTERNAL]|Bytes:-4
18:10:29.2 (138562773)|STATEMENT_EXECUTE|[124]
18:10:29.2 (138564441)|HEAP_ALLOCATE|[124]|Bytes:3
18:10:29.2 (138567464)|HEAP_ALLOCATE|[EXTERNAL]|Bytes:-4
18:10:29.2 (138569929)|STATEMENT_EXECUTE|[125]
18:10:29.2 (138571913)|HEAP_ALLOCATE|[EXTERNAL]|Bytes:4
18:10:29.2 (138576096)|HEAP_ALLOCATE|[121]|Bytes:5
18:10:29.2 (138579687)|HEAP_ALLOCATE|[121]|Bytes:4
18:10:29.2 (138581736)|VARIABLE_SCOPE_BEGIN|[121]|entry|Schema.PicklistEntry|true|false
18:10:29.2 (138585887)|VARIABLE_ASSIGNMENT|[121]|entry|島根県|0x1723d341
18:10:29.2 (138588615)|STATEMENT_EXECUTE|[121]
18:10:29.2 (138589399)|STATEMENT_EXECUTE|[122]
18:10:29.2 (138591739)|HEAP_ALLOCATE|[122]|Bytes:4
18:10:29.2 (138593995)|VARIABLE_SCOPE_BEGIN|[122]|option|Map<String,String>|true|false
18:10:29.2 (138598058)|VARIABLE_ASSIGNMENT|[122]|option|{}|0x3f94b963
18:10:29.2 (138600345)|STATEMENT_EXECUTE|[123]
18:10:29.2 (138602000)|HEAP_ALLOCATE|[123]|Bytes:3
18:10:29.2 (138605274)|HEAP_ALLOCATE|[EXTERNAL]|Bytes:-4
18:10:29.2 (138607732)|STATEMENT_EXECUTE|[124]
18:10:29.2 (138609424)|HEAP_ALLOCATE|[124]|Bytes:3
18:10:29.2 (138612292)|HEAP_ALLOCATE|[EXTERNAL]|Bytes:-4
18:10:29.2 (138614697)|STATEMENT_EXECUTE|[125]
18:10:29.2 (138616739)|HEAP_ALLOCATE|[EXTERNAL]|Bytes:4
18:10:29.2 (138620803)|HEAP_ALLOCATE|[121]|Bytes:5
18:10:29.2 (138624411)|HEAP_ALLOCATE|[121]|Bytes:4
18:10:29.2 (138626502)|VARIABLE_SCOPE_BEGIN|[121]|entry|Schema.PicklistEntry|true|false
18:10:29.2 (138630610)|VARIABLE_ASSIGNMENT|[121]|entry|岡山県|0x1ce3000f
18:10:29.2 (138633149)|STATEMENT_EXECUTE|[121]
18:10:29.2 (138633933)|STATEMENT_EXECUTE|[122]
18:10:29.2 (138636224)|HEAP_ALLOCATE|[122]|Bytes:4
18:10:29.2 (138638265)|VARIABLE_SCOPE_BEGIN|[122]|option|Map<String,String>|true|false
18:10:29.2 (138642169)|VARIABLE_ASSIGNMENT|[122]|option|{}|0x4160351d
18:10:29.2 (138644494)|STATEMENT_EXECUTE|[123]
18:10:29.2 (138646164)|HEAP_ALLOCATE|[123]|Bytes:3
18:10:29.2 (138649344)|HEAP_ALLOCATE|[EXTERNAL]|Bytes:-4
18:10:29.2 (138651807)|STATEMENT_EXECUTE|[124]
18:10:29.2 (138653465)|HEAP_ALLOCATE|[124]|Bytes:3
18:10:29.2 (138656334)|HEAP_ALLOCATE|[EXTERNAL]|Bytes:-4
18:10:29.2 (138658755)|STATEMENT_EXECUTE|[125]
18:10:29.2 (138660793)|HEAP_ALLOCATE|[EXTERNAL]|Bytes:4
18:10:29.2 (138664902)|HEAP_ALLOCATE|[121]|Bytes:5
18:10:29.2 (138668394)|HEAP_ALLOCATE|[121]|Bytes:4
18:10:29.2 (138670604)|VARIABLE_SCOPE_BEGIN|[121]|entry|Schema.PicklistEntry|true|false
18:10:29.2 (138674606)|VARIABLE_ASSIGNMENT|[121]|entry|広島県|0x48d04fab
18:10:29.2 (138677125)|STATEMENT_EXECUTE|[121]
18:10:29.2 (138677943)|STATEMENT_EXECUTE|[122]
18:10:29.2 (138680104)|HEAP_ALLOCATE|[122]|Bytes:4
18:10:29.2 (138682314)|VARIABLE_SCOPE_BEGIN|[122]|option|Map<String,String>|true|false
18:10:29.2 (138686431)|VARIABLE_ASSIGNMENT|[122]|option|{}|0x5295a873
18:10:29.2 (138688758)|STATEMENT_EXECUTE|[123]
18:10:29.2 (138690400)|HEAP_ALLOCATE|[123]|Bytes:3
18:10:29.2 (138693375)|HEAP_ALLOCATE|[EXTERNAL]|Bytes:-4
18:10:29.2 (138695841)|STATEMENT_EXECUTE|[124]
18:10:29.2 (138697429)|HEAP_ALLOCATE|[124]|Bytes:3
18:10:29.2 (138700279)|HEAP_ALLOCATE|[EXTERNAL]|Bytes:-4
18:10:29.2 (138702732)|STATEMENT_EXECUTE|[125]
18:10:29.2 (138704971)|HEAP_ALLOCATE|[EXTERNAL]|Bytes:4
18:10:29.2 (138709147)|HEAP_ALLOCATE|[121]|Bytes:5
18:10:29.2 (138712650)|HEAP_ALLOCATE|[121]|Bytes:4
18:10:29.2 (138714699)|VARIABLE_SCOPE_BEGIN|[121]|entry|Schema.PicklistEntry|true|false
18:10:29.2 (138718741)|VARIABLE_ASSIGNMENT|[121]|entry|山口県|0x56f22956
18:10:29.2 (138721326)|STATEMENT_EXECUTE|[121]
18:10:29.2 (138722114)|STATEMENT_EXECUTE|[122]
18:10:29.2 (138724237)|HEAP_ALLOCATE|[122]|Bytes:4
18:10:29.2 (138726257)|VARIABLE_SCOPE_BEGIN|[122]|option|Map<String,String>|true|false
18:10:29.2 (138730360)|VARIABLE_ASSIGNMENT|[122]|option|{}|0x16fa3648
18:10:29.2 (138732587)|STATEMENT_EXECUTE|[123]
18:10:29.2 (138734123)|HEAP_ALLOCATE|[123]|Bytes:3
18:10:29.2 (138737234)|HEAP_ALLOCATE|[EXTERNAL]|Bytes:-4
18:10:29.2 (138739709)|STATEMENT_EXECUTE|[124]
18:10:29.2 (138741300)|HEAP_ALLOCATE|[124]|Bytes:3
18:10:29.2 (138744205)|HEAP_ALLOCATE|[EXTERNAL]|Bytes:-4
18:10:29.2 (138746627)|STATEMENT_EXECUTE|[125]
18:10:29.2 (138748620)|HEAP_ALLOCATE|[EXTERNAL]|Bytes:4
18:10:29.2 (138752759)|HEAP_ALLOCATE|[121]|Bytes:5
18:10:29.2 (138756218)|HEAP_ALLOCATE|[121]|Bytes:4
18:10:29.2 (138758416)|VARIABLE_SCOPE_BEGIN|[121]|entry|Schema.PicklistEntry|true|false
18:10:29.2 (138762514)|VARIABLE_ASSIGNMENT|[121]|entry|徳島県|0x5c1d9e2b
18:10:29.2 (138765334)|STATEMENT_EXECUTE|[121]
18:10:29.2 (138766120)|STATEMENT_EXECUTE|[122]
18:10:29.2 (138768296)|HEAP_ALLOCATE|[122]|Bytes:4
18:10:29.2 (138770456)|VARIABLE_SCOPE_BEGIN|[122]|option|Map<String,String>|true|false
18:10:29.2 (138774806)|VARIABLE_ASSIGNMENT|[122]|option|{}|0x23b463eb
18:10:29.2 (138777245)|STATEMENT_EXECUTE|[123]
18:10:29.2 (138778845)|HEAP_ALLOCATE|[123]|Bytes:3
18:10:29.2 (138781987)|HEAP_ALLOCATE|[EXTERNAL]|Bytes:-4
18:10:29.2 (138784481)|STATEMENT_EXECUTE|[124]
18:10:29.2 (138786098)|HEAP_ALLOCATE|[124]|Bytes:3
18:10:29.2 (138788894)|HEAP_ALLOCATE|[EXTERNAL]|Bytes:-4
18:10:29.2 (138791313)|STATEMENT_EXECUTE|[125]
18:10:29.2 (138793380)|HEAP_ALLOCATE|[EXTERNAL]|Bytes:4
18:10:29.2 (138797493)|HEAP_ALLOCATE|[121]|Bytes:5
18:10:29.2 (138800933)|HEAP_ALLOCATE|[121]|Bytes:4
18:10:29.2 (138802973)|VARIABLE_SCOPE_BEGIN|[121]|entry|Schema.PicklistEntry|true|false
18:10:29.2 (138806949)|VARIABLE_ASSIGNMENT|[121]|entry|香川県|0x64cb5652
18:10:29.2 (138809445)|STATEMENT_EXECUTE|[121]
18:10:29.2 (138810261)|STATEMENT_EXECUTE|[122]
18:10:29.2 (138812399)|HEAP_ALLOCATE|[122]|Bytes:4
18:10:29.2 (138814417)|VARIABLE_SCOPE_BEGIN|[122]|option|Map<String,String>|true|false
18:10:29.2 (138818569)|VARIABLE_ASSIGNMENT|[122]|option|{}|0x23c464f5
18:10:29.2 (138821135)|STATEMENT_EXECUTE|[123]
18:10:29.2 (138822710)|HEAP_ALLOCATE|[123]|Bytes:3
18:10:29.2 (138825670)|HEAP_ALLOCATE|[EXTERNAL]|Bytes:-4
18:10:29.2 (138828294)|STATEMENT_EXECUTE|[124]
18:10:29.2 (138829889)|HEAP_ALLOCATE|[124]|Bytes:3
18:10:29.2 (138832676)|HEAP_ALLOCATE|[EXTERNAL]|Bytes:-4
18:10:29.2 (138835162)|STATEMENT_EXECUTE|[125]
18:10:29.2 (138837221)|HEAP_ALLOCATE|[EXTERNAL]|Bytes:4
18:10:29.2 (138841330)|HEAP_ALLOCATE|[121]|Bytes:5
18:10:29.2 (138844743)|HEAP_ALLOCATE|[121]|Bytes:4
18:10:29.2 (138846750)|VARIABLE_SCOPE_BEGIN|[121]|entry|Schema.PicklistEntry|true|false
18:10:29.2 (138851023)|VARIABLE_ASSIGNMENT|[121]|entry|愛媛県|0x13184a60
18:10:29.2 (138853503)|STATEMENT_EXECUTE|[121]
18:10:29.2 (138854279)|STATEMENT_EXECUTE|[122]
18:10:29.2 (138856422)|HEAP_ALLOCATE|[122]|Bytes:4
18:10:29.2 (138858461)|VARIABLE_SCOPE_BEGIN|[122]|option|Map<String,String>|true|false
18:10:29.2 (138862513)|VARIABLE_ASSIGNMENT|[122]|option|{}|0x13b3d8d3
18:10:29.2 (138864746)|STATEMENT_EXECUTE|[123]
18:10:29.2 (138866537)|HEAP_ALLOCATE|[123]|Bytes:3
18:10:29.2 (138869574)|HEAP_ALLOCATE|[EXTERNAL]|Bytes:-4
18:10:29.2 (138872037)|STATEMENT_EXECUTE|[124]
18:10:29.2 (138873599)|HEAP_ALLOCATE|[124]|Bytes:3
18:10:29.2 (138876561)|HEAP_ALLOCATE|[EXTERNAL]|Bytes:-4
18:10:29.2 (138879029)|STATEMENT_EXECUTE|[125]
18:10:29.2 (138881109)|HEAP_ALLOCATE|[EXTERNAL]|Bytes:4
18:10:29.2 (138885215)|HEAP_ALLOCATE|[121]|Bytes:5
18:10:29.2 (138888680)|HEAP_ALLOCATE|[121]|Bytes:4
18:10:29.2 (138890701)|VARIABLE_SCOPE_BEGIN|[121]|entry|Schema.PicklistEntry|true|false
18:10:29.2 (138894785)|VARIABLE_ASSIGNMENT|[121]|entry|高知県|0x2df46531
18:10:29.2 (138897583)|STATEMENT_EXECUTE|[121]
18:10:29.2 (138898365)|STATEMENT_EXECUTE|[122]
18:10:29.2 (138900476)|HEAP_ALLOCATE|[122]|Bytes:4
18:10:29.2 (138902519)|VARIABLE_SCOPE_BEGIN|[122]|option|Map<String,String>|true|false
18:10:29.2 (138906589)|VARIABLE_ASSIGNMENT|[122]|option|{}|0x2d174fb6
18:10:29.2 (138908827)|STATEMENT_EXECUTE|[123]
18:10:29.2 (138910571)|HEAP_ALLOCATE|[123]|Bytes:3
18:10:29.2 (138913600)|HEAP_ALLOCATE|[EXTERNAL]|Bytes:-4
18:10:29.2 (138916073)|STATEMENT_EXECUTE|[124]
18:10:29.2 (138917788)|HEAP_ALLOCATE|[124]|Bytes:3
18:10:29.2 (138920634)|HEAP_ALLOCATE|[EXTERNAL]|Bytes:-4
18:10:29.2 (138923045)|STATEMENT_EXECUTE|[125]
18:10:29.2 (138925066)|HEAP_ALLOCATE|[EXTERNAL]|Bytes:4
18:10:29.2 (138929162)|HEAP_ALLOCATE|[121]|Bytes:5
18:10:29.2 (138932606)|HEAP_ALLOCATE|[121]|Bytes:4
18:10:29.2 (138934802)|VARIABLE_SCOPE_BEGIN|[121]|entry|Schema.PicklistEntry|true|false
18:10:29.2 (138938869)|VARIABLE_ASSIGNMENT|[121]|entry|福岡県|0x7c8d4b3e
18:10:29.2 (138941636)|STATEMENT_EXECUTE|[121]
18:10:29.2 (138942445)|STATEMENT_EXECUTE|[122]
18:10:29.2 (138944565)|HEAP_ALLOCATE|[122]|Bytes:4
18:10:29.2 (138946849)|VARIABLE_SCOPE_BEGIN|[122]|option|Map<String,String>|true|false
18:10:29.2 (138951041)|VARIABLE_ASSIGNMENT|[122]|option|{}|0x7175613c
18:10:29.2 (138953379)|STATEMENT_EXECUTE|[123]
18:10:29.2 (138954963)|HEAP_ALLOCATE|[123]|Bytes:3
18:10:29.2 (138957986)|HEAP_ALLOCATE|[EXTERNAL]|Bytes:-4
18:10:29.2 (138960419)|STATEMENT_EXECUTE|[124]
18:10:29.2 (138962003)|HEAP_ALLOCATE|[124]|Bytes:3
18:10:29.2 (138964796)|HEAP_ALLOCATE|[EXTERNAL]|Bytes:-4
18:10:29.2 (138967271)|STATEMENT_EXECUTE|[125]
18:10:29.2 (138969315)|HEAP_ALLOCATE|[EXTERNAL]|Bytes:4
18:10:29.2 (138973572)|HEAP_ALLOCATE|[121]|Bytes:5
18:10:29.2 (138976989)|HEAP_ALLOCATE|[121]|Bytes:4
18:10:29.2 (138979055)|VARIABLE_SCOPE_BEGIN|[121]|entry|Schema.PicklistEntry|true|false
18:10:29.2 (138983069)|VARIABLE_ASSIGNMENT|[121]|entry|佐賀県|0x7f265fce
18:10:29.2 (138985555)|STATEMENT_EXECUTE|[121]
18:10:29.2 (138986343)|STATEMENT_EXECUTE|[122]
18:10:29.2 (138988447)|HEAP_ALLOCATE|[122]|Bytes:4
18:10:29.2 (138990492)|VARIABLE_SCOPE_BEGIN|[122]|option|Map<String,String>|true|false
18:10:29.2 (138994627)|VARIABLE_ASSIGNMENT|[122]|option|{}|0x68dbd563
18:10:29.2 (138997136)|STATEMENT_EXECUTE|[123]
18:10:29.2 (138998731)|HEAP_ALLOCATE|[123]|Bytes:3
18:10:29.2 (139001671)|HEAP_ALLOCATE|[EXTERNAL]|Bytes:-4
18:10:29.2 (139004654)|STATEMENT_EXECUTE|[124]
18:10:29.2 (139006271)|HEAP_ALLOCATE|[124]|Bytes:3
18:10:29.2 (139009075)|HEAP_ALLOCATE|[EXTERNAL]|Bytes:-4
18:10:29.2 (139012175)|STATEMENT_EXECUTE|[125]
18:10:29.2 (139014231)|HEAP_ALLOCATE|[EXTERNAL]|Bytes:4
18:10:29.2 (139018567)|HEAP_ALLOCATE|[121]|Bytes:5
18:10:29.2 (139022034)|HEAP_ALLOCATE|[121]|Bytes:4
18:10:29.2 (139024094)|VARIABLE_SCOPE_BEGIN|[121]|entry|Schema.PicklistEntry|true|false
18:10:29.2 (139028434)|VARIABLE_ASSIGNMENT|[121]|entry|長崎県|0x7e99b7fd
18:10:29.2 (139030941)|STATEMENT_EXECUTE|[121]
18:10:29.2 (139031726)|STATEMENT_EXECUTE|[122]
18:10:29.2 (139033876)|HEAP_ALLOCATE|[122]|Bytes:4
18:10:29.2 (139035940)|VARIABLE_SCOPE_BEGIN|[122]|option|Map<String,String>|true|false
18:10:29.2 (139039954)|VARIABLE_ASSIGNMENT|[122]|option|{}|0x243f5593
18:10:29.2 (139042200)|STATEMENT_EXECUTE|[123]
18:10:29.2 (139043758)|HEAP_ALLOCATE|[123]|Bytes:3
18:10:29.2 (139046689)|HEAP_ALLOCATE|[EXTERNAL]|Bytes:-4
18:10:29.2 (139049325)|STATEMENT_EXECUTE|[124]
18:10:29.2 (139051064)|HEAP_ALLOCATE|[124]|Bytes:3
18:10:29.2 (139054229)|HEAP_ALLOCATE|[EXTERNAL]|Bytes:-4
18:10:29.2 (139056685)|STATEMENT_EXECUTE|[125]
18:10:29.2 (139058705)|HEAP_ALLOCATE|[EXTERNAL]|Bytes:4
18:10:29.2 (139063051)|HEAP_ALLOCATE|[121]|Bytes:5
18:10:29.2 (139066566)|HEAP_ALLOCATE|[121]|Bytes:4
18:10:29.2 (139068669)|VARIABLE_SCOPE_BEGIN|[121]|entry|Schema.PicklistEntry|true|false
18:10:29.2 (139072899)|VARIABLE_ASSIGNMENT|[121]|entry|熊本県|0x692aa6f5
18:10:29.2 (139075651)|STATEMENT_EXECUTE|[121]
18:10:29.2 (139076440)|STATEMENT_EXECUTE|[122]
18:10:29.2 (139078599)|HEAP_ALLOCATE|[122]|Bytes:4
18:10:29.2 (139080687)|VARIABLE_SCOPE_BEGIN|[122]|option|Map<String,String>|true|false
18:10:29.2 (139084761)|VARIABLE_ASSIGNMENT|[122]|option|{}|0x5fec067e
18:10:29.2 (139087123)|STATEMENT_EXECUTE|[123]
18:10:29.2 (139088719)|HEAP_ALLOCATE|[123]|Bytes:3
18:10:29.2 (139091740)|HEAP_ALLOCATE|[EXTERNAL]|Bytes:-4
18:10:29.2 (139094297)|STATEMENT_EXECUTE|[124]
18:10:29.2 (139095856)|HEAP_ALLOCATE|[124]|Bytes:3
18:10:29.2 (139098862)|HEAP_ALLOCATE|[EXTERNAL]|Bytes:-4
18:10:29.2 (139101441)|STATEMENT_EXECUTE|[125]
18:10:29.2 (139103545)|HEAP_ALLOCATE|[EXTERNAL]|Bytes:4
18:10:29.2 (139107755)|HEAP_ALLOCATE|[121]|Bytes:5
18:10:29.2 (139111196)|HEAP_ALLOCATE|[121]|Bytes:4
18:10:29.2 (139113245)|VARIABLE_SCOPE_BEGIN|[121]|entry|Schema.PicklistEntry|true|false
18:10:29.2 (139117390)|VARIABLE_ASSIGNMENT|[121]|entry|大分県|0x6cf97421
18:10:29.2 (139119897)|STATEMENT_EXECUTE|[121]
18:10:29.2 (139120693)|STATEMENT_EXECUTE|[122]
18:10:29.2 (139122890)|HEAP_ALLOCATE|[122]|Bytes:4
18:10:29.2 (139124944)|VARIABLE_SCOPE_BEGIN|[122]|option|Map<String,String>|true|false
18:10:29.2 (139129067)|VARIABLE_ASSIGNMENT|[122]|option|{}|0x32b427e0
18:10:29.2 (139131550)|STATEMENT_EXECUTE|[123]
18:10:29.2 (139133115)|HEAP_ALLOCATE|[123]|Bytes:3
18:10:29.2 (139136053)|HEAP_ALLOCATE|[EXTERNAL]|Bytes:-4
18:10:29.2 (139138515)|STATEMENT_EXECUTE|[124]
18:10:29.2 (139140106)|HEAP_ALLOCATE|[124]|Bytes:3
18:10:29.2 (139142969)|HEAP_ALLOCATE|[EXTERNAL]|Bytes:-4
18:10:29.2 (139145514)|STATEMENT_EXECUTE|[125]
18:10:29.2 (139147518)|HEAP_ALLOCATE|[EXTERNAL]|Bytes:4
18:10:29.2 (139151615)|HEAP_ALLOCATE|[121]|Bytes:5
18:10:29.2 (139155060)|HEAP_ALLOCATE|[121]|Bytes:4
18:10:29.2 (139157104)|VARIABLE_SCOPE_BEGIN|[121]|entry|Schema.PicklistEntry|true|false
18:10:29.2 (139161495)|VARIABLE_ASSIGNMENT|[121]|entry|宮崎県|0xe15224d
18:10:29.2 (139164090)|STATEMENT_EXECUTE|[121]
18:10:29.2 (139164869)|STATEMENT_EXECUTE|[122]
18:10:29.2 (139166921)|HEAP_ALLOCATE|[122]|Bytes:4
18:10:29.2 (139168897)|VARIABLE_SCOPE_BEGIN|[122]|option|Map<String,String>|true|false
18:10:29.2 (139173032)|VARIABLE_ASSIGNMENT|[122]|option|{}|0x31f50a07
18:10:29.2 (139175402)|STATEMENT_EXECUTE|[123]
18:10:29.2 (139177000)|HEAP_ALLOCATE|[123]|Bytes:3
18:10:29.2 (139179994)|HEAP_ALLOCATE|[EXTERNAL]|Bytes:-4
18:10:29.2 (139182560)|STATEMENT_EXECUTE|[124]
18:10:29.2 (139184160)|HEAP_ALLOCATE|[124]|Bytes:3
18:10:29.2 (139187010)|HEAP_ALLOCATE|[EXTERNAL]|Bytes:-4
18:10:29.2 (139189526)|STATEMENT_EXECUTE|[125]
18:10:29.2 (139191579)|HEAP_ALLOCATE|[EXTERNAL]|Bytes:4
18:10:29.2 (139195685)|HEAP_ALLOCATE|[121]|Bytes:5
18:10:29.2 (139199089)|HEAP_ALLOCATE|[121]|Bytes:4
18:10:29.2 (139201143)|VARIABLE_SCOPE_BEGIN|[121]|entry|Schema.PicklistEntry|true|false
18:10:29.2 (139205285)|VARIABLE_ASSIGNMENT|[121]|entry|鹿児島県|0x160a2864
18:10:29.2 (139207850)|STATEMENT_EXECUTE|[121]
18:10:29.2 (139208644)|STATEMENT_EXECUTE|[122]
18:10:29.2 (139210799)|HEAP_ALLOCATE|[122]|Bytes:4
18:10:29.2 (139212844)|VARIABLE_SCOPE_BEGIN|[122]|option|Map<String,String>|true|false
18:10:29.2 (139216987)|VARIABLE_ASSIGNMENT|[122]|option|{}|0x5929662
18:10:29.2 (139219471)|STATEMENT_EXECUTE|[123]
18:10:29.2 (139221024)|HEAP_ALLOCATE|[123]|Bytes:4
18:10:29.2 (139224021)|HEAP_ALLOCATE|[EXTERNAL]|Bytes:-4
18:10:29.2 (139226479)|STATEMENT_EXECUTE|[124]
18:10:29.2 (139228063)|HEAP_ALLOCATE|[124]|Bytes:4
18:10:29.2 (139231111)|HEAP_ALLOCATE|[EXTERNAL]|Bytes:-4
18:10:29.2 (139233576)|STATEMENT_EXECUTE|[125]
18:10:29.2 (139235664)|HEAP_ALLOCATE|[EXTERNAL]|Bytes:4
18:10:29.2 (139239870)|HEAP_ALLOCATE|[121]|Bytes:5
18:10:29.2 (139243309)|HEAP_ALLOCATE|[121]|Bytes:4
18:10:29.2 (139245394)|VARIABLE_SCOPE_BEGIN|[121]|entry|Schema.PicklistEntry|true|false
18:10:29.2 (139249575)|VARIABLE_ASSIGNMENT|[121]|entry|沖縄県|0x2232cbd7
18:10:29.2 (139252092)|STATEMENT_EXECUTE|[121]
18:10:29.2 (139252878)|STATEMENT_EXECUTE|[122]
18:10:29.2 (139255004)|HEAP_ALLOCATE|[122]|Bytes:4
18:10:29.2 (139257239)|VARIABLE_SCOPE_BEGIN|[122]|option|Map<String,String>|true|false
18:10:29.2 (139261475)|VARIABLE_ASSIGNMENT|[122]|option|{}|0x3b0e58a4
18:10:29.2 (139264034)|STATEMENT_EXECUTE|[123]
18:10:29.2 (139265559)|HEAP_ALLOCATE|[123]|Bytes:3
18:10:29.2 (139268709)|HEAP_ALLOCATE|[EXTERNAL]|Bytes:-4
18:10:29.2 (139271145)|STATEMENT_EXECUTE|[124]
18:10:29.2 (139272759)|HEAP_ALLOCATE|[124]|Bytes:3
18:10:29.2 (139275803)|HEAP_ALLOCATE|[EXTERNAL]|Bytes:-4
18:10:29.2 (139278248)|STATEMENT_EXECUTE|[125]
18:10:29.2 (139280275)|HEAP_ALLOCATE|[EXTERNAL]|Bytes:4
18:10:29.2 (139284692)|HEAP_ALLOCATE|[121]|Bytes:5
18:10:29.2 (139290783)|VARIABLE_ASSIGNMENT|[121]|entry|null|
18:10:29.2 (139295846)|STATEMENT_EXECUTE|[130]
18:10:29.2 (139312989)|METHOD_EXIT|[98]|01pBK000001mgyr|RegistrationInfoController.getPicklistValuesWithEmpty(Schema.SObjectField, String)
18:10:29.139 (139382978)|CUMULATIVE_LIMIT_USAGE
18:10:29.139 (139382978)|LIMIT_USAGE_FOR_NS|(default)|
  Number of SOQL queries: 0 out of 100
  Number of query rows: 0 out of 50000
  Number of SOSL queries: 0 out of 20
  Number of DML statements: 0 out of 0
  Number of Publish Immediate DML: 0 out of 150
  Number of DML rows: 0 out of 10000
  Maximum CPU time: 0 out of 10000
  Maximum heap size: 0 out of 6000000
  Number of callouts: 0 out of 100
  Number of Email Invocations: 0 out of 10
  Number of future calls: 0 out of 50
  Number of queueable jobs added to the queue: 0 out of 50
  Number of Mobile Apex push calls: 0 out of 10

18:10:29.139 (139382978)|CUMULATIVE_LIMIT_USAGE_END

18:10:29.2 (139433745)|CODE_UNIT_FINISHED|RegistrationInfoController.getPrefecturePicklistValues()
18:10:29.2 (139606729)|CODE_UNIT_FINISHED|apex://RegistrationInfoController/ACTION$getPrefecturePicklistValues
18:10:29.2 (139614579)|EXECUTION_FINISHED
