66.0 APEX_CODE,FINEST;APEX_PROFILING,INFO;CALLOUT,INFO;DATA_ACCESS,INFO;DB,INFO;NBA,INFO;SYSTEM,DEBUG;VALIDATION,INFO;VISUALFORCE,INFO;WAVE,INFO;WORKFLOW,INFO
15:39:22.0 (729646)|USER_INFO|[EXTERNAL]|0057F0000042UBb|ishibashi@hurex.co.jp.dev1|(GMT+09:00) 日本標準時 (Asia/Tokyo)|GMT+09:00
15:39:22.0 (793082)|EXECUTION_STARTED
15:39:22.0 (816819)|CODE_UNIT_STARTED|[EXTERNAL]|apex://CustomNotificationController/ACTION$getNotifications
15:39:22.0 (1867972)|CODE_UNIT_STARTED|[EXTERNAL]|01pBK000001VvEL|CustomNotificationController.getNotifications(String)
15:39:22.0 (5265890)|HEAP_ALLOCATE|[95]|Bytes:3
15:39:22.0 (5376723)|HEAP_ALLOCATE|[100]|Bytes:152
15:39:22.0 (5390145)|HEAP_ALLOCATE|[417]|Bytes:408
15:39:22.0 (5400834)|HEAP_ALLOCATE|[430]|Bytes:408
15:39:22.0 (5422584)|HEAP_ALLOCATE|[317]|Bytes:6
15:39:22.0 (5468128)|HEAP_ALLOCATE|[EXTERNAL]|Bytes:7
15:39:22.0 (5484567)|METHOD_ENTRY|[1]|01pBK000001VvEL|CustomNotificationController.CustomNotificationController()
15:39:22.0 (5496111)|STATEMENT_EXECUTE|[1]
15:39:22.0 (5503663)|STATEMENT_EXECUTE|[1]
15:39:22.0 (5518924)|HEAP_ALLOCATE|[68]|Bytes:5
15:39:22.0 (5547050)|HEAP_ALLOCATE|[74]|Bytes:5
15:39:22.0 (5551794)|HEAP_ALLOCATE|[82]|Bytes:7
15:39:22.0 (5695995)|HEAP_ALLOCATE|[EXTERNAL]|Bytes:5
15:39:22.0 (5709976)|METHOD_EXIT|[1]|CustomNotificationController
15:39:22.0 (5726834)|VARIABLE_SCOPE_BEGIN|[5]|before|String|false|false
15:39:22.0 (5772470)|VARIABLE_ASSIGNMENT|[5]|before|null
15:39:22.0 (5780574)|HEAP_ALLOCATE|[6]|Bytes:5
15:39:22.0 (5784060)|STATEMENT_EXECUTE|[5]
15:39:22.0 (5785192)|STATEMENT_EXECUTE|[6]
15:39:22.0 (5840274)|VARIABLE_SCOPE_BEGIN|[6]|req|System.HttpRequest|true|false
15:39:22.0 (6059794)|VARIABLE_ASSIGNMENT|[6]|req|"System.HttpRequest[Endpoint=null, Method=null]"|0x73c44f1
15:39:22.0 (6066577)|STATEMENT_EXECUTE|[7]
15:39:22.0 (6069517)|HEAP_ALLOCATE|[7]|Bytes:3
15:39:22.0 (6170129)|STATEMENT_EXECUTE|[8]
15:39:22.0 (6171572)|HEAP_ALLOCATE|[8]|Bytes:13
15:39:22.0 (6173935)|HEAP_ALLOCATE|[8]|Bytes:7
15:39:22.0 (6209979)|HEAP_ALLOCATE|[8]|Bytes:105
15:39:22.0 (6217483)|SYSTEM_METHOD_ENTRY|[1]|UserInfo.UserInfo()
15:39:22.0 (6219526)|STATEMENT_EXECUTE|[1]
15:39:22.0 (6226369)|SYSTEM_METHOD_EXIT|[1]|UserInfo
15:39:22.0 (6237678)|METHOD_ENTRY|[8]||System.UserInfo.getSessionId()
15:39:22.0 (16454415)|METHOD_EXIT|[8]||System.UserInfo.getSessionId()
15:39:22.0 (16504538)|HEAP_ALLOCATE|[8]|Bytes:119
15:39:22.0 (16588558)|STATEMENT_EXECUTE|[10]
15:39:22.0 (16666802)|HEAP_ALLOCATE|[10]|Bytes:67
15:39:22.0 (16684730)|SYSTEM_METHOD_ENTRY|[1]|Url.Url()
15:39:22.0 (16688570)|STATEMENT_EXECUTE|[1]
15:39:22.0 (16700407)|SYSTEM_METHOD_EXIT|[1]|Url
15:39:22.0 (16713667)|METHOD_ENTRY|[10]||System.Url.getOrgDomainUrl()
15:39:22.0 (17030629)|METHOD_EXIT|[10]||System.Url.getOrgDomainUrl()
15:39:22.0 (17047612)|METHOD_ENTRY|[10]||System.Url.toExternalForm()
15:39:22.0 (17087879)|METHOD_EXIT|[10]||System.Url.toExternalForm()
15:39:22.0 (17093042)|VARIABLE_SCOPE_BEGIN|[10]|domainPath|String|false|false
15:39:22.0 (17115010)|VARIABLE_ASSIGNMENT|[10]|domainPath|"https://hurex--dev1. (25 more) ..."
15:39:22.0 (17118567)|STATEMENT_EXECUTE|[11]
15:39:22.0 (17121210)|HEAP_ALLOCATE|[11]|Bytes:50
15:39:22.0 (17128384)|HEAP_ALLOCATE|[11]|Bytes:95
15:39:22.0 (17131142)|VARIABLE_SCOPE_BEGIN|[11]|endpoint|String|false|false
15:39:22.0 (17136344)|VARIABLE_ASSIGNMENT|[11]|endpoint|"https://hurex--dev1. (75 more) ..."
15:39:22.0 (17194112)|STATEMENT_EXECUTE|[13]
15:39:22.0 (17195304)|STATEMENT_EXECUTE|[16]
15:39:22.0 (17230298)|STATEMENT_EXECUTE|[18]
15:39:22.0 (17256132)|VARIABLE_SCOPE_BEGIN|[18]|http|System.Http|true|false
15:39:22.0 (17386512)|VARIABLE_ASSIGNMENT|[18]|http|"System.Http[]"|0x13537e38
15:39:22.0 (17391701)|STATEMENT_EXECUTE|[19]
15:39:22.0 (17532403)|CALLOUT_REQUEST|[19]|System.HttpRequest[Endpoint=https://hurex--dev1.sandbox.my.salesforce.com/services/data/v56.0/connect/notifications?size=20, Method=GET]
15:39:22.0 (168147139)|HEAP_ALLOCATE|[EXTERNAL]|Bytes:15126
15:39:22.0 (170750741)|CALLOUT_RESPONSE|[19]|System.HttpResponse[Status=OK, StatusCode=200]
15:39:22.0 (170785960)|HEAP_ALLOCATE|[19]|Bytes:14281
15:39:22.0 (170818332)|VARIABLE_SCOPE_BEGIN|[19]|res|System.HttpResponse|true|false
15:39:22.0 (170885343)|VARIABLE_ASSIGNMENT|[19]|res|"System.HttpResponse[Status=OK, StatusCode=200]"|0x577b98ee
15:39:22.0 (170953811)|STATEMENT_EXECUTE|[21]
15:39:22.0 (170955116)|STATEMENT_EXECUTE|[22]
15:39:22.0 (171682186)|HEAP_ALLOCATE|[22]|Bytes:13995
15:39:22.171 (171742910)|CUMULATIVE_LIMIT_USAGE
15:39:22.171 (171742910)|LIMIT_USAGE_FOR_NS|(default)|
  Number of SOQL queries: 0 out of 100
  Number of query rows: 0 out of 50000
  Number of SOSL queries: 0 out of 20
  Number of DML statements: 0 out of 150
  Number of Publish Immediate DML: 0 out of 150
  Number of DML rows: 0 out of 10000
  Maximum CPU time: 0 out of 10000
  Maximum heap size: 0 out of 6000000
  Number of callouts: 1 out of 100
  Number of Email Invocations: 0 out of 10
  Number of future calls: 0 out of 50
  Number of queueable jobs added to the queue: 0 out of 50
  Number of Mobile Apex push calls: 0 out of 10

15:39:22.171 (171742910)|CUMULATIVE_LIMIT_USAGE_END

15:39:22.0 (171796684)|CODE_UNIT_FINISHED|CustomNotificationController.getNotifications(String)
15:39:22.0 (172024013)|CODE_UNIT_FINISHED|apex://CustomNotificationController/ACTION$getNotifications
15:39:22.0 (172034519)|EXECUTION_FINISHED
