66.0 APEX_CODE,FINEST;APEX_PROFILING,INFO;CALLOUT,INFO;DATA_ACCESS,INFO;DB,INFO;NBA,INFO;SYSTEM,DEBUG;VALIDATION,INFO;VISUALFORCE,INFO;WAVE,INFO;WORKFLOW,INFO
18:39:20.2 (2199034)|USER_INFO|[EXTERNAL]|0057F0000042UBb|ishibashi@hurex.co.jp.dev1|(GMT+09:00) 日本標準時 (Asia/Tokyo)|GMT+09:00
18:39:20.2 (2232987)|EXECUTION_STARTED
18:39:20.2 (2242672)|CODE_UNIT_STARTED|[EXTERNAL]|01pBK000001eV2v|PORTERSIncrementalSyncBatch
18:39:20.2 (3242133)|HEAP_ALLOCATE|[95]|Bytes:3
18:39:20.2 (3316887)|HEAP_ALLOCATE|[100]|Bytes:152
18:39:20.2 (3331693)|HEAP_ALLOCATE|[417]|Bytes:408
18:39:20.2 (3342191)|HEAP_ALLOCATE|[430]|Bytes:408
18:39:20.2 (3362341)|HEAP_ALLOCATE|[317]|Bytes:6
18:39:20.2 (3463248)|VARIABLE_SCOPE_BEGIN|[14]|PORTERSIncrementalSyncBatch.errors|List<String>|true|true
18:39:20.2 (3471702)|VARIABLE_SCOPE_BEGIN|[13]|PORTERSIncrementalSyncBatch.failedCount|Integer|false|true
18:39:20.2 (3475371)|VARIABLE_SCOPE_BEGIN|[12]|PORTERSIncrementalSyncBatch.successCount|Integer|false|true
18:39:20.2 (5789885)|HEAP_ALLOCATE|[EXTERNAL]|Bytes:64
18:39:20.2 (6304328)|HEAP_ALLOCATE|[EXTERNAL]|Bytes:11
18:39:20.2 (6326971)|SYSTEM_METHOD_ENTRY|[15]|BatchableContextImpl.BatchableContextImpl()
18:39:20.2 (6332242)|STATEMENT_EXECUTE|[15]
18:39:20.2 (6344392)|SYSTEM_METHOD_EXIT|[15]|BatchableContextImpl
18:39:20.2 (6349841)|HEAP_ALLOCATE|[EXTERNAL]|Bytes:12
18:39:20.2 (6352786)|HEAP_ALLOCATE|[EXTERNAL]|Bytes:4
18:39:20.2 (6357009)|VARIABLE_SCOPE_BEGIN|[31]|this|Database.BatchableContextImpl|true|false
18:39:20.2 (6418719)|VARIABLE_ASSIGNMENT|[31]|this|{}|0x143bd70d
18:39:20.2 (6423796)|VARIABLE_SCOPE_BEGIN|[31]|jobId|Id|false|false
18:39:20.2 (6496409)|VARIABLE_ASSIGNMENT|[31]|jobId|"707BK00000wdLY4YAM"
18:39:20.2 (6500029)|VARIABLE_SCOPE_BEGIN|[31]|childJobId|Id|false|false
18:39:20.2 (6505685)|VARIABLE_ASSIGNMENT|[31]|childJobId|null
18:39:20.2 (22747246)|HEAP_ALLOCATE|[EXTERNAL]|Bytes:81
18:39:20.2 (22770147)|HEAP_ALLOCATE|[EXTERNAL]|Bytes:11
18:39:20.2 (22790827)|METHOD_ENTRY|[7]|01pBK000001eV2v|PORTERSIncrementalSyncBatch.PORTERSIncrementalSyncBatch()
18:39:20.2 (22797553)|STATEMENT_EXECUTE|[7]
18:39:20.2 (22805009)|STATEMENT_EXECUTE|[7]
18:39:20.2 (22805883)|STATEMENT_EXECUTE|[12]
18:39:20.2 (22815546)|HEAP_ALLOCATE|[12]|Bytes:4
18:39:20.2 (22833369)|VARIABLE_ASSIGNMENT|[12]|PORTERSIncrementalSyncBatch.successCount|0
18:39:20.2 (22836041)|STATEMENT_EXECUTE|[13]
18:39:20.2 (22837748)|HEAP_ALLOCATE|[13]|Bytes:4
18:39:20.2 (22841042)|VARIABLE_ASSIGNMENT|[13]|PORTERSIncrementalSyncBatch.failedCount|0
18:39:20.2 (22842934)|STATEMENT_EXECUTE|[14]
18:39:20.2 (22862325)|HEAP_ALLOCATE|[14]|Bytes:4
18:39:20.2 (22942276)|HEAP_ALLOCATE|[EXTERNAL]|Bytes:4
18:39:20.2 (22956767)|VARIABLE_ASSIGNMENT|[14]|PORTERSIncrementalSyncBatch.errors|[]|0x23bd95c9
18:39:20.2 (22965240)|METHOD_EXIT|[7]|PORTERSIncrementalSyncBatch
18:39:20.2 (22969550)|HEAP_ALLOCATE|[EXTERNAL]|Bytes:8
18:39:20.2 (22972454)|HEAP_ALLOCATE|[EXTERNAL]|Bytes:12
18:39:20.2 (22978662)|VARIABLE_SCOPE_BEGIN|[48]|this|PORTERSIncrementalSyncBatch|true|false
18:39:20.2 (23033710)|VARIABLE_ASSIGNMENT|[48]|this|{"lastSyncTime":"2026-03-31T09:35:37.000Z"}|0x6ec08074
18:39:20.2 (23038766)|VARIABLE_SCOPE_BEGIN|[48]|bc|Database.BatchableContext|true|false
18:39:20.2 (23094823)|VARIABLE_ASSIGNMENT|[48]|bc|{"jobId":"707BK00000wdLY4YAM"}|0x143bd70d
18:39:20.2 (23103776)|STATEMENT_EXECUTE|[48]
18:39:20.2 (23130610)|HEAP_ALLOCATE|[68]|Bytes:5
18:39:20.2 (23154585)|HEAP_ALLOCATE|[74]|Bytes:5
18:39:20.2 (23161489)|HEAP_ALLOCATE|[82]|Bytes:7
18:39:20.2 (23180868)|STATEMENT_EXECUTE|[49]
18:39:20.2 (23181715)|STATEMENT_EXECUTE|[50]
18:39:20.2 (25727625)|HEAP_ALLOCATE|[50]|Bytes:68
18:39:20.2 (25762457)|VARIABLE_SCOPE_BEGIN|[50]|settings|PORTERS_Settings__c|true|false
18:39:20.2 (26005312)|VARIABLE_ASSIGNMENT|[50]|settings|{"LastModifiedDate":"2026-03-31T09:39:06.000Z","IsDeleted":false,"LastSyncTime__c":"2026-03-31T09:35:37.000Z","Client_Secret__c":"sPeXbzmOIRQwl4zKeRFR (108 more) ...","API_Call_Count__c":2.0,"Token_Expires_At__c":"2026-03-31T10:09:06.000Z","SetupOwnerId":"00DBK000004uTTF2A2","Access_Token__c":"eba88d5229388a807c43 (12 more) ...","Name":"a0PBK000008oB5J","SystemModstamp":"2026-03-31T09:39:06.000Z","Is_Development_Mode__c":true,"CreatedById":"0057F0000042UBbQAM","CreatedDate":"2026-03-05T03:24:41.000Z","Last_Call_Timestamp__c":"2026-03-31T09:39:06.000Z","Id":"a0PBK000008oB5J2AU","LastModifiedById":"0057F0000042UBbQAM"}|0x72280e8b
18:39:20.2 (26019034)|STATEMENT_EXECUTE|[51]
18:39:20.2 (26074592)|HEAP_ALLOCATE|[51]|Bytes:56
18:39:20.2 (26171779)|VARIABLE_ASSIGNMENT|[51]|this.LastSyncTime__c|"2026-03-31T09:39:20.242Z"|0x72280e8b
18:39:20.2 (26175725)|STATEMENT_EXECUTE|[52]
18:39:20.2 (26211487)|HEAP_ALLOCATE|[52]|Bytes:8
18:39:20.2 (26224127)|DML_BEGIN|[52]|Op:Upsert|Type:PORTERS_Settings__c|Rows:1
18:39:20.2 (26259163)|HEAP_ALLOCATE|[EXTERNAL]|Bytes:8
18:39:20.2 (46678846)|DML_END|[52]
18:39:20.63 (63252446)|CUMULATIVE_LIMIT_USAGE
18:39:20.63 (63252446)|LIMIT_USAGE_FOR_NS|(default)|
  Number of SOQL queries: 0 out of 200
  Number of query rows: 0 out of 50000
  Number of SOSL queries: 0 out of 20
  Number of DML statements: 0 out of 150
  Number of Publish Immediate DML: 0 out of 150
  Number of DML rows: 0 out of 10000
  Maximum CPU time: 0 out of 60000
  Maximum heap size: 0 out of 12000000
  Number of callouts: 0 out of 0
  Number of Email Invocations: 0 out of 10
  Number of future calls: 0 out of 0
  Number of queueable jobs added to the queue: 0 out of 1
  Number of Mobile Apex push calls: 0 out of 10

18:39:20.63 (63252446)|CUMULATIVE_LIMIT_USAGE_END

18:39:20.2 (63296946)|CODE_UNIT_FINISHED|PORTERSIncrementalSyncBatch
18:39:20.2 (63314218)|EXECUTION_FINISHED
