66.0 APEX_CODE,FINEST;APEX_PROFILING,INFO;CALLOUT,INFO;DATA_ACCESS,INFO;DB,INFO;NBA,INFO;SYSTEM,DEBUG;VALIDATION,INFO;VISUALFORCE,INFO;WAVE,INFO;WORKFLOW,INFO
10:18:46.0 (251460)|USER_INFO|[EXTERNAL]|005BK00000Ilvi1|foryoze@owleyes.ch.hurex|(GMT+09:00) 日本標準時 (Asia/Tokyo)|GMT+09:00
10:18:46.0 (325562)|EXECUTION_STARTED
10:18:46.0 (339006)|CODE_UNIT_STARTED|[EXTERNAL]|apex://JobSearchController/ACTION$getRecommendedJobs
10:18:46.0 (2090736)|HEAP_ALLOCATE|[EXTERNAL]|Bytes:4
10:18:46.0 (2149195)|HEAP_ALLOCATE|[EXTERNAL]|Bytes:4
10:18:46.0 (2725960)|CODE_UNIT_STARTED|[EXTERNAL]|01pBK000001SmE1|JobSearchController.getRecommendedJobs(Map<String,ANY>)
10:18:46.0 (3054140)|HEAP_ALLOCATE|[95]|Bytes:3
10:18:46.0 (3094343)|HEAP_ALLOCATE|[100]|Bytes:152
10:18:46.0 (3108326)|HEAP_ALLOCATE|[417]|Bytes:408
10:18:46.0 (3119246)|HEAP_ALLOCATE|[430]|Bytes:408
10:18:46.0 (3138036)|HEAP_ALLOCATE|[317]|Bytes:6
10:18:46.0 (3147385)|HEAP_ALLOCATE|[EXTERNAL]|Bytes:10
10:18:46.0 (3150544)|HEAP_ALLOCATE|[EXTERNAL]|Bytes:38
10:18:46.0 (3162818)|METHOD_ENTRY|[5]|01pBK000001SmE1|JobSearchController.JobSearchController()
10:18:46.0 (3167608)|STATEMENT_EXECUTE|[5]
10:18:46.0 (3174449)|STATEMENT_EXECUTE|[5]
10:18:46.0 (3194787)|HEAP_ALLOCATE|[68]|Bytes:5
10:18:46.0 (3217814)|HEAP_ALLOCATE|[74]|Bytes:5
10:18:46.0 (3222465)|HEAP_ALLOCATE|[82]|Bytes:7
10:18:46.0 (3392233)|HEAP_ALLOCATE|[EXTERNAL]|Bytes:5
10:18:46.0 (3396201)|STATEMENT_EXECUTE|[7]
10:18:46.0 (3406773)|METHOD_EXIT|[5]|JobSearchController
10:18:46.0 (3425425)|HEAP_ALLOCATE|[EXTERNAL]|Bytes:36
10:18:46.0 (3452839)|VARIABLE_SCOPE_BEGIN|[225]|filters|Map<String,ANY>|true|false
10:18:46.0 (3494343)|VARIABLE_ASSIGNMENT|[225]|filters|"Map of size 8 too large to display"|0x19f40c65
10:18:46.0 (3506012)|HEAP_ALLOCATE|[226]|Bytes:5
10:18:46.0 (3508572)|STATEMENT_EXECUTE|[225]
10:18:46.0 (3510520)|STATEMENT_EXECUTE|[226]
10:18:46.0 (3512119)|STATEMENT_EXECUTE|[227]
10:18:46.0 (3521243)|HEAP_ALLOCATE|[227]|Bytes:4
10:18:46.0 (3556898)|VARIABLE_SCOPE_BEGIN|[227]|conditions|List<String>|true|false
10:18:46.0 (3584126)|HEAP_ALLOCATE|[EXTERNAL]|Bytes:4
10:18:46.0 (3594868)|VARIABLE_ASSIGNMENT|[227]|conditions|[]|0x6987a631
10:18:46.0 (3597934)|STATEMENT_EXECUTE|[228]
10:18:46.0 (3607304)|HEAP_ALLOCATE|[228]|Bytes:4
10:18:46.0 (3624746)|VARIABLE_SCOPE_BEGIN|[228]|locations|Set<String>|true|false
10:18:46.0 (3641766)|VARIABLE_ASSIGNMENT|[228]|locations|[]|0x46ed479f
10:18:46.0 (3647776)|HEAP_ALLOCATE|[229]|Bytes:4
10:18:46.0 (3654609)|HEAP_ALLOCATE|[229]|Bytes:5
10:18:46.0 (3663645)|HEAP_ALLOCATE|[229]|Bytes:5
10:18:46.0 (3666348)|HEAP_ALLOCATE|[229]|Bytes:5
10:18:46.0 (3712399)|HEAP_ALLOCATE|[229]|Bytes:5
10:18:46.0 (3727776)|VARIABLE_SCOPE_BEGIN|[229]|key|String|false|false
10:18:46.0 (3734863)|VARIABLE_ASSIGNMENT|[229]|key|"pref1"
10:18:46.0 (3738061)|STATEMENT_EXECUTE|[229]
10:18:46.0 (3766308)|STATEMENT_EXECUTE|[230]
10:18:46.0 (3797699)|HEAP_ALLOCATE|[EXTERNAL]|Bytes:4
10:18:46.0 (3806555)|HEAP_ALLOCATE|[229]|Bytes:5
10:18:46.0 (3811427)|VARIABLE_SCOPE_BEGIN|[229]|key|String|false|false
10:18:46.0 (3815590)|VARIABLE_ASSIGNMENT|[229]|key|"pref2"
10:18:46.0 (3817608)|STATEMENT_EXECUTE|[229]
10:18:46.0 (3821503)|STATEMENT_EXECUTE|[230]
10:18:46.0 (3830897)|HEAP_ALLOCATE|[EXTERNAL]|Bytes:4
10:18:46.0 (3836134)|HEAP_ALLOCATE|[229]|Bytes:5
10:18:46.0 (3839894)|VARIABLE_SCOPE_BEGIN|[229]|key|String|false|false
10:18:46.0 (3843899)|VARIABLE_ASSIGNMENT|[229]|key|"pref3"
10:18:46.0 (3845737)|STATEMENT_EXECUTE|[229]
10:18:46.0 (3849430)|STATEMENT_EXECUTE|[230]
10:18:46.0 (3857804)|HEAP_ALLOCATE|[EXTERNAL]|Bytes:4
10:18:46.0 (3862327)|HEAP_ALLOCATE|[229]|Bytes:5
10:18:46.0 (3868371)|VARIABLE_ASSIGNMENT|[229]|key|null
10:18:46.0 (3871521)|STATEMENT_EXECUTE|[232]
10:18:46.0 (3872896)|HEAP_ALLOCATE|[232]|Bytes:6
10:18:46.0 (3888799)|HEAP_ALLOCATE|[232]|Bytes:4
10:18:46.0 (3893786)|VARIABLE_SCOPE_BEGIN|[232]|cityList|List<String>|true|false
10:18:46.0 (3903034)|HEAP_ALLOCATE|[EXTERNAL]|Bytes:4
10:18:46.0 (3906247)|VARIABLE_ASSIGNMENT|[232]|cityList|[]|0x6ddc24ea
10:18:46.0 (3918267)|STATEMENT_EXECUTE|[233]
10:18:46.0 (3919127)|STATEMENT_EXECUTE|[234]
10:18:46.0 (3921251)|HEAP_ALLOCATE|[234]|Bytes:4
10:18:46.0 (3927326)|VARIABLE_SCOPE_BEGIN|[234]|locOrs|List<String>|true|false
10:18:46.0 (3933497)|HEAP_ALLOCATE|[EXTERNAL]|Bytes:4
10:18:46.0 (3936262)|VARIABLE_ASSIGNMENT|[234]|locOrs|[]|0x2e2a35f7
10:18:46.0 (3943601)|STATEMENT_EXECUTE|[235]
10:18:46.0 (3945033)|HEAP_ALLOCATE|[235]|Bytes:37
10:18:46.0 (3948087)|HEAP_ALLOCATE|[235]|Bytes:4
10:18:46.0 (3960022)|HEAP_ALLOCATE|[235]|Bytes:4
10:18:46.0 (3964005)|HEAP_ALLOCATE|[235]|Bytes:3
10:18:46.0 (3977053)|HEAP_ALLOCATE|[235]|Bytes:5
10:18:46.0 (3980746)|HEAP_ALLOCATE|[235]|Bytes:5
10:18:46.0 (3986659)|HEAP_ALLOCATE|[235]|Bytes:2
10:18:46.0 (3993978)|HEAP_ALLOCATE|[235]|Bytes:39
10:18:46.0 (4001276)|HEAP_ALLOCATE|[EXTERNAL]|Bytes:4
10:18:46.0 (4012919)|STATEMENT_EXECUTE|[236]
10:18:46.0 (4014017)|STATEMENT_EXECUTE|[237]
10:18:46.0 (4015084)|HEAP_ALLOCATE|[237]|Bytes:1
10:18:46.0 (4017227)|HEAP_ALLOCATE|[237]|Bytes:4
10:18:46.0 (4031722)|HEAP_ALLOCATE|[237]|Bytes:5
10:18:46.0 (4035092)|HEAP_ALLOCATE|[237]|Bytes:39
10:18:46.0 (4037531)|HEAP_ALLOCATE|[237]|Bytes:5
10:18:46.0 (4039577)|HEAP_ALLOCATE|[237]|Bytes:39
10:18:46.0 (4043752)|HEAP_ALLOCATE|[237]|Bytes:1
10:18:46.0 (4046627)|HEAP_ALLOCATE|[237]|Bytes:41
10:18:46.0 (4050016)|HEAP_ALLOCATE|[EXTERNAL]|Bytes:4
10:18:46.0 (4052957)|STATEMENT_EXECUTE|[239]
10:18:46.0 (4054387)|HEAP_ALLOCATE|[239]|Bytes:10
10:18:46.0 (4082358)|METHOD_ENTRY|[239]|01pBK000001SmE1|JobSearchController.convertToListOfString(Object)
10:18:46.0 (4088147)|VARIABLE_SCOPE_BEGIN|[194]|obj|Object|false|false
10:18:46.0 (4093332)|VARIABLE_ASSIGNMENT|[194]|obj|[]
10:18:46.0 (4099873)|HEAP_ALLOCATE|[195]|Bytes:5
10:18:46.0 (4102230)|STATEMENT_EXECUTE|[194]
10:18:46.0 (4103137)|STATEMENT_EXECUTE|[195]
10:18:46.0 (4105521)|HEAP_ALLOCATE|[195]|Bytes:4
10:18:46.0 (4112869)|VARIABLE_SCOPE_BEGIN|[195]|result|List<String>|true|false
10:18:46.0 (4119773)|HEAP_ALLOCATE|[EXTERNAL]|Bytes:4
10:18:46.0 (4122423)|VARIABLE_ASSIGNMENT|[195]|result|[]|0x43f531c5
10:18:46.0 (4125873)|HEAP_ALLOCATE|[196]|Bytes:50
10:18:46.0 (4153365)|STATEMENT_EXECUTE|[196]
10:18:46.0 (4170174)|HEAP_ALLOCATE|[197]|Bytes:5
10:18:46.0 (4176842)|VARIABLE_ASSIGNMENT|[197]|item|null
10:18:46.0 (4179477)|STATEMENT_EXECUTE|[197]
10:18:46.0 (4180462)|STATEMENT_EXECUTE|[202]
10:18:46.0 (4186177)|METHOD_EXIT|[239]|01pBK000001SmE1|JobSearchController.convertToListOfString(Object)
10:18:46.0 (4189223)|VARIABLE_SCOPE_BEGIN|[239]|cats|List<String>|true|false
10:18:46.0 (4193953)|VARIABLE_ASSIGNMENT|[239]|cats|[]|0x43f531c5
10:18:46.0 (4201859)|STATEMENT_EXECUTE|[240]
10:18:46.0 (4202842)|STATEMENT_EXECUTE|[243]
10:18:46.0 (4204109)|HEAP_ALLOCATE|[243]|Bytes:193
10:18:46.0 (4206412)|VARIABLE_SCOPE_BEGIN|[243]|query|String|false|false
10:18:46.0 (4212790)|VARIABLE_ASSIGNMENT|[243]|query|"SELECT Id, JobPositi (173 more) ..."
10:18:46.0 (4219683)|STATEMENT_EXECUTE|[244]
10:18:46.0 (4221021)|HEAP_ALLOCATE|[244]|Bytes:7
10:18:46.0 (4223289)|HEAP_ALLOCATE|[244]|Bytes:5
10:18:46.0 (4230087)|HEAP_ALLOCATE|[244]|Bytes:5
10:18:46.0 (4232662)|HEAP_ALLOCATE|[244]|Bytes:41
10:18:46.0 (4235199)|HEAP_ALLOCATE|[244]|Bytes:5
10:18:46.0 (4237202)|HEAP_ALLOCATE|[244]|Bytes:41
10:18:46.0 (4245915)|HEAP_ALLOCATE|[244]|Bytes:48
10:18:46.0 (4248539)|HEAP_ALLOCATE|[244]|Bytes:241
10:18:46.0 (4252032)|VARIABLE_ASSIGNMENT|[244]|query|"SELECT Id, JobPositi (221 more) ..."
10:18:46.0 (4254214)|STATEMENT_EXECUTE|[245]
10:18:46.0 (4255474)|HEAP_ALLOCATE|[245]|Bytes:41
10:18:46.0 (4257777)|HEAP_ALLOCATE|[245]|Bytes:282
10:18:46.0 (4260987)|VARIABLE_ASSIGNMENT|[245]|query|"SELECT Id, JobPositi (262 more) ..."
10:18:46.0 (4262813)|STATEMENT_EXECUTE|[246]
10:18:46.0 (4266516)|HEAP_ALLOCATE|[246]|Bytes:4
10:18:46.0 (4303757)|VARIABLE_SCOPE_BEGIN|[246]|result|List<JobSearchController.JobWrapper>|true|false
10:18:46.0 (4314624)|HEAP_ALLOCATE|[EXTERNAL]|Bytes:4
10:18:46.0 (4317563)|VARIABLE_ASSIGNMENT|[246]|result|[]|0x1f5bec3d
10:18:46.0 (5826557)|SOQL_EXECUTE_BEGIN|[247]|Aggregations:0|SELECT Id, JobPosition__c, WorkLocation2__c, JobCategory1__c, MaxAnnualSalary__c, MinAnnualSalary__c, JobDescription__c, LastModifiedDate, LastViewedDate, Company__r.MainIndustry__c FROM Job__c WHERE (WorkLocationPrefecture__c INCLUDES ('')) ORDER BY LastModifiedDate DESC LIMIT 100
10:18:46.0 (27972509)|SOQL_EXECUTE_END|[247]|Rows:6
10:18:46.0 (28032272)|HEAP_ALLOCATE|[EXTERNAL]|Bytes:28
10:18:46.0 (28333226)|HEAP_ALLOCATE|[247]|Bytes:54
10:18:46.0 (28345317)|HEAP_ALLOCATE|[247]|Bytes:8
10:18:46.0 (28366171)|SYSTEM_METHOD_ENTRY|[7]|QueryLocatorIterator.QueryLocatorIterator()
10:18:46.0 (28371248)|STATEMENT_EXECUTE|[7]
10:18:46.0 (28417915)|SYSTEM_METHOD_EXIT|[7]|QueryLocatorIterator
10:18:46.0 (28428860)|HEAP_ALLOCATE|[247]|Bytes:28
10:18:46.0 (28551303)|HEAP_ALLOCATE|[247]|Bytes:28
10:18:46.0 (28565373)|HEAP_ALLOCATE|[247]|Bytes:8
10:18:46.0 (28568222)|HEAP_ALLOCATE|[247]|Bytes:8
10:18:46.0 (28573883)|VARIABLE_SCOPE_BEGIN|[15]|this|Database.QueryLocatorIterator|true|false
10:18:46.0 (28647145)|VARIABLE_ASSIGNMENT|[15]|this|{}|0x259f881a
10:18:46.0 (28654235)|VARIABLE_SCOPE_BEGIN|[15]|values|List<SObject>|true|false
10:18:46.0 (28671637)|VARIABLE_ASSIGNMENT|[15]|values|"List of size 6 too large to display"|0x229912be
10:18:46.0 (28676526)|VARIABLE_SCOPE_BEGIN|[15]|ql|Database.QueryLocator|true|false
10:18:46.0 (28701632)|VARIABLE_ASSIGNMENT|[15]|ql|{"query":"SELECT Id, JobPositi (262 more) ..."}|0x2b04a2a6
10:18:46.0 (28706727)|VARIABLE_SCOPE_BEGIN|[15]|totalNumRecords|Integer|false|false
10:18:46.0 (28715545)|VARIABLE_ASSIGNMENT|[15]|totalNumRecords|6
10:18:46.0 (28719285)|VARIABLE_SCOPE_BEGIN|[15]|queryMoreSize|Integer|false|false
10:18:46.0 (28725409)|VARIABLE_ASSIGNMENT|[15]|queryMoreSize|49994
10:18:46.0 (31367408)|HEAP_ALLOCATE|[247]|Bytes:28
10:18:46.0 (31431930)|METHOD_ENTRY|[247]||Database.QueryLocatorIterator.hasNext()
10:18:46.0 (31545443)|METHOD_EXIT|[247]||Database.QueryLocatorIterator.hasNext()
10:18:46.0 (31551108)|METHOD_ENTRY|[247]||Database.QueryLocatorIterator.next()
10:18:46.0 (31614378)|METHOD_EXIT|[247]||Database.QueryLocatorIterator.next()
10:18:46.0 (31621790)|VARIABLE_SCOPE_BEGIN|[247]|j|Job__c|true|false
10:18:46.0 (31769497)|VARIABLE_ASSIGNMENT|[247]|j|{"JobPosition__c":"●形式厳守！右記テンプレに則って作成→市 (63 more) ...","LastModifiedDate":"2026-04-10T09:25:28.000Z","Id":"a0KBK00000JSdMr2AL","JobDescription__c":"・・・\n\n【具体的には\u2026】\n・\n・\n・\n (153 more) ..."}|0x24c12c1a
10:18:46.0 (31781072)|STATEMENT_EXECUTE|[247]
10:18:46.0 (31782612)|STATEMENT_EXECUTE|[248]
10:18:46.0 (31830173)|HEAP_ALLOCATE|[248]|Bytes:48
10:18:46.0 (31858416)|CONSTRUCTOR_ENTRY|[248]|01pBK000001SmE1|<init>()|JobSearchController.JobWrapper
10:18:46.0 (31937487)|VARIABLE_SCOPE_BEGIN|[7]|this|JobSearchController.JobWrapper|true|false
10:18:46.0 (32114426)|VARIABLE_ASSIGNMENT|[7]|this|{}|0x379300b7
10:18:46.0 (32168771)|STATEMENT_EXECUTE|[7]
10:18:46.0 (32170556)|STATEMENT_EXECUTE|[8]
10:18:46.0 (32172358)|STATEMENT_EXECUTE|[9]
10:18:46.0 (32173665)|STATEMENT_EXECUTE|[10]
10:18:46.0 (32175109)|STATEMENT_EXECUTE|[11]
10:18:46.0 (32176366)|STATEMENT_EXECUTE|[12]
10:18:46.0 (32177431)|STATEMENT_EXECUTE|[13]
10:18:46.0 (32178461)|STATEMENT_EXECUTE|[14]
10:18:46.0 (32179789)|STATEMENT_EXECUTE|[15]
10:18:46.0 (32180928)|STATEMENT_EXECUTE|[16]
10:18:46.0 (32182056)|STATEMENT_EXECUTE|[17]
10:18:46.0 (32182997)|STATEMENT_EXECUTE|[18]
10:18:46.0 (32190294)|CONSTRUCTOR_EXIT|[248]|01pBK000001SmE1|<init>()|JobSearchController.JobWrapper
10:18:46.0 (32198176)|VARIABLE_SCOPE_BEGIN|[248]|w|JobSearchController.JobWrapper|true|false
10:18:46.0 (32219969)|VARIABLE_ASSIGNMENT|[248]|w|{}|0x379300b7
10:18:46.0 (32224366)|STATEMENT_EXECUTE|[249]
10:18:46.0 (32545489)|VARIABLE_ASSIGNMENT|[249]|this.Id|"a0KBK00000JSdMr2AL"|0x379300b7
10:18:46.0 (32555128)|STATEMENT_EXECUTE|[249]
10:18:46.0 (32601593)|VARIABLE_ASSIGNMENT|[249]|this.JobPosition|"●形式厳守！右記テンプレに則って作成→市 (63 more) ..."|0x379300b7
10:18:46.0 (32616727)|STATEMENT_EXECUTE|[249]
10:18:46.0 (32626690)|VARIABLE_ASSIGNMENT|[249]|this.WorkLocation2|null|0x379300b7
10:18:46.0 (32630853)|STATEMENT_EXECUTE|[250]
10:18:46.0 (32636018)|VARIABLE_ASSIGNMENT|[250]|this.JobCategory1|null|0x379300b7
10:18:46.0 (32639816)|STATEMENT_EXECUTE|[250]
10:18:46.0 (32645360)|VARIABLE_ASSIGNMENT|[250]|this.MaxAnnualSalary|null|0x379300b7
10:18:46.0 (32649361)|STATEMENT_EXECUTE|[251]
10:18:46.0 (32654121)|VARIABLE_ASSIGNMENT|[251]|this.MinAnnualSalary|null|0x379300b7
10:18:46.0 (32658216)|STATEMENT_EXECUTE|[251]
10:18:46.0 (32683180)|VARIABLE_ASSIGNMENT|[251]|this.JobDescription|"・・・\n\n【具体的には\u2026】\n・\n・\n・\n (153 more) ..."|0x379300b7
10:18:46.0 (32689546)|STATEMENT_EXECUTE|[252]
10:18:46.0 (32740317)|VARIABLE_ASSIGNMENT|[252]|this.LastModifiedDate|"2026-04-10T09:25:28.000Z"|0x379300b7
10:18:46.0 (32745371)|STATEMENT_EXECUTE|[252]
10:18:46.0 (32751315)|VARIABLE_ASSIGNMENT|[252]|this.LastViewedDate|null|0x379300b7
10:18:46.0 (32755890)|STATEMENT_EXECUTE|[253]
10:18:46.0 (32958458)|VARIABLE_ASSIGNMENT|[253]|this.MainIndustry|null|0x379300b7
10:18:46.0 (32965408)|STATEMENT_EXECUTE|[254]
10:18:46.0 (33031812)|HEAP_ALLOCATE|[EXTERNAL]|Bytes:4
10:18:46.0 (33051957)|METHOD_ENTRY|[247]||Database.QueryLocatorIterator.hasNext()
10:18:46.0 (33088105)|METHOD_EXIT|[247]||Database.QueryLocatorIterator.hasNext()
10:18:46.0 (33093581)|METHOD_ENTRY|[247]||Database.QueryLocatorIterator.next()
10:18:46.0 (33150005)|METHOD_EXIT|[247]||Database.QueryLocatorIterator.next()
10:18:46.0 (33158005)|VARIABLE_SCOPE_BEGIN|[247]|j|Job__c|true|false
10:18:46.0 (33248303)|VARIABLE_ASSIGNMENT|[247]|j|{"JobPosition__c":"●形式厳守！右記テンプレに則って作成→市 (63 more) ...","LastModifiedDate":"2026-04-10T08:59:13.000Z","Id":"a0KBK00000JScCH2A1","JobDescription__c":"・・・\n\n【具体的には\u2026】\n・\n・\n・\n (153 more) ..."}|0x6a94f309
10:18:46.0 (33259024)|STATEMENT_EXECUTE|[247]
10:18:46.0 (33260484)|STATEMENT_EXECUTE|[248]
10:18:46.0 (33265496)|HEAP_ALLOCATE|[248]|Bytes:48
10:18:46.0 (33273987)|CONSTRUCTOR_ENTRY|[248]|01pBK000001SmE1|<init>()|JobSearchController.JobWrapper
10:18:46.0 (33280557)|VARIABLE_SCOPE_BEGIN|[7]|this|JobSearchController.JobWrapper|true|false
10:18:46.0 (33311902)|VARIABLE_ASSIGNMENT|[7]|this|{}|0x35c8e6e6
10:18:46.0 (33329446)|STATEMENT_EXECUTE|[7]
10:18:46.0 (33331044)|STATEMENT_EXECUTE|[8]
10:18:46.0 (33332822)|STATEMENT_EXECUTE|[9]
10:18:46.0 (33334153)|STATEMENT_EXECUTE|[10]
10:18:46.0 (33335534)|STATEMENT_EXECUTE|[11]
10:18:46.0 (33337009)|STATEMENT_EXECUTE|[12]
10:18:46.0 (33338204)|STATEMENT_EXECUTE|[13]
10:18:46.0 (33339424)|STATEMENT_EXECUTE|[14]
10:18:46.0 (33340855)|STATEMENT_EXECUTE|[15]
10:18:46.0 (33342032)|STATEMENT_EXECUTE|[16]
10:18:46.0 (33343191)|STATEMENT_EXECUTE|[17]
10:18:46.0 (33344359)|STATEMENT_EXECUTE|[18]
10:18:46.0 (33347511)|CONSTRUCTOR_EXIT|[248]|01pBK000001SmE1|<init>()|JobSearchController.JobWrapper
10:18:46.0 (33353227)|VARIABLE_SCOPE_BEGIN|[248]|w|JobSearchController.JobWrapper|true|false
10:18:46.0 (33367233)|VARIABLE_ASSIGNMENT|[248]|w|{}|0x35c8e6e6
10:18:46.0 (33372250)|STATEMENT_EXECUTE|[249]
10:18:46.0 (33485256)|VARIABLE_ASSIGNMENT|[249]|this.Id|"a0KBK00000JScCH2A1"|0x35c8e6e6
10:18:46.0 (33490479)|STATEMENT_EXECUTE|[249]
10:18:46.0 (33501762)|VARIABLE_ASSIGNMENT|[249]|this.JobPosition|"●形式厳守！右記テンプレに則って作成→市 (63 more) ..."|0x35c8e6e6
10:18:46.0 (33507364)|STATEMENT_EXECUTE|[249]
10:18:46.0 (33513607)|VARIABLE_ASSIGNMENT|[249]|this.WorkLocation2|null|0x35c8e6e6
10:18:46.0 (33517640)|STATEMENT_EXECUTE|[250]
10:18:46.0 (33522077)|VARIABLE_ASSIGNMENT|[250]|this.JobCategory1|null|0x35c8e6e6
10:18:46.0 (33525959)|STATEMENT_EXECUTE|[250]
10:18:46.0 (33530443)|VARIABLE_ASSIGNMENT|[250]|this.MaxAnnualSalary|null|0x35c8e6e6
10:18:46.0 (33534656)|STATEMENT_EXECUTE|[251]
10:18:46.0 (33538714)|VARIABLE_ASSIGNMENT|[251]|this.MinAnnualSalary|null|0x35c8e6e6
10:18:46.0 (33542969)|STATEMENT_EXECUTE|[251]
10:18:46.0 (33550969)|VARIABLE_ASSIGNMENT|[251]|this.JobDescription|"・・・\n\n【具体的には\u2026】\n・\n・\n・\n (153 more) ..."|0x35c8e6e6
10:18:46.0 (33556122)|STATEMENT_EXECUTE|[252]
10:18:46.0 (33578662)|VARIABLE_ASSIGNMENT|[252]|this.LastModifiedDate|"2026-04-10T08:59:13.000Z"|0x35c8e6e6
10:18:46.0 (33583051)|STATEMENT_EXECUTE|[252]
10:18:46.0 (33587658)|VARIABLE_ASSIGNMENT|[252]|this.LastViewedDate|null|0x35c8e6e6
10:18:46.0 (33591564)|STATEMENT_EXECUTE|[253]
10:18:46.0 (33596685)|VARIABLE_ASSIGNMENT|[253]|this.MainIndustry|null|0x35c8e6e6
10:18:46.0 (33600621)|STATEMENT_EXECUTE|[254]
10:18:46.0 (33609417)|HEAP_ALLOCATE|[EXTERNAL]|Bytes:4
10:18:46.0 (33619537)|METHOD_ENTRY|[247]||Database.QueryLocatorIterator.hasNext()
10:18:46.0 (33640330)|METHOD_EXIT|[247]||Database.QueryLocatorIterator.hasNext()
10:18:46.0 (33644375)|METHOD_ENTRY|[247]||Database.QueryLocatorIterator.next()
10:18:46.0 (33685228)|METHOD_EXIT|[247]||Database.QueryLocatorIterator.next()
10:18:46.0 (33689989)|VARIABLE_SCOPE_BEGIN|[247]|j|Job__c|true|false
10:18:46.0 (33759948)|VARIABLE_ASSIGNMENT|[247]|j|{"JobPosition__c":"●形式厳守！右記テンプレに則って作成→市 (63 more) ...","LastModifiedDate":"2026-04-10T08:58:30.000Z","Id":"a0KBK00000JSb4v2AD","JobDescription__c":"・・・\n\n【具体的には\u2026】\n・\n・\n・\n (153 more) ..."}|0x1af1de50
10:18:46.0 (33768620)|STATEMENT_EXECUTE|[247]
10:18:46.0 (33770040)|STATEMENT_EXECUTE|[248]
10:18:46.0 (33773689)|HEAP_ALLOCATE|[248]|Bytes:48
10:18:46.0 (33780295)|CONSTRUCTOR_ENTRY|[248]|01pBK000001SmE1|<init>()|JobSearchController.JobWrapper
10:18:46.0 (33785970)|VARIABLE_SCOPE_BEGIN|[7]|this|JobSearchController.JobWrapper|true|false
10:18:46.0 (33808044)|VARIABLE_ASSIGNMENT|[7]|this|{}|0x18db3354
10:18:46.0 (33827568)|STATEMENT_EXECUTE|[7]
10:18:46.0 (33828858)|STATEMENT_EXECUTE|[8]
10:18:46.0 (33829885)|STATEMENT_EXECUTE|[9]
10:18:46.0 (33830901)|STATEMENT_EXECUTE|[10]
10:18:46.0 (33832234)|STATEMENT_EXECUTE|[11]
10:18:46.0 (33833525)|STATEMENT_EXECUTE|[12]
10:18:46.0 (33834781)|STATEMENT_EXECUTE|[13]
10:18:46.0 (33835870)|STATEMENT_EXECUTE|[14]
10:18:46.0 (33837143)|STATEMENT_EXECUTE|[15]
10:18:46.0 (33838315)|STATEMENT_EXECUTE|[16]
10:18:46.0 (33839471)|STATEMENT_EXECUTE|[17]
10:18:46.0 (33840690)|STATEMENT_EXECUTE|[18]
10:18:46.0 (33843553)|CONSTRUCTOR_EXIT|[248]|01pBK000001SmE1|<init>()|JobSearchController.JobWrapper
10:18:46.0 (33849113)|VARIABLE_SCOPE_BEGIN|[248]|w|JobSearchController.JobWrapper|true|false
10:18:46.0 (33862330)|VARIABLE_ASSIGNMENT|[248]|w|{}|0x18db3354
10:18:46.0 (33866808)|STATEMENT_EXECUTE|[249]
10:18:46.0 (33935862)|VARIABLE_ASSIGNMENT|[249]|this.Id|"a0KBK00000JSb4v2AD"|0x18db3354
10:18:46.0 (33940915)|STATEMENT_EXECUTE|[249]
10:18:46.0 (33950443)|VARIABLE_ASSIGNMENT|[249]|this.JobPosition|"●形式厳守！右記テンプレに則って作成→市 (63 more) ..."|0x18db3354
10:18:46.0 (33955772)|STATEMENT_EXECUTE|[249]
10:18:46.0 (33961094)|VARIABLE_ASSIGNMENT|[249]|this.WorkLocation2|null|0x18db3354
10:18:46.0 (33965398)|STATEMENT_EXECUTE|[250]
10:18:46.0 (33969630)|VARIABLE_ASSIGNMENT|[250]|this.JobCategory1|null|0x18db3354
10:18:46.0 (33973701)|STATEMENT_EXECUTE|[250]
10:18:46.0 (33977368)|VARIABLE_ASSIGNMENT|[250]|this.MaxAnnualSalary|null|0x18db3354
10:18:46.0 (33981436)|STATEMENT_EXECUTE|[251]
10:18:46.0 (33985433)|VARIABLE_ASSIGNMENT|[251]|this.MinAnnualSalary|null|0x18db3354
10:18:46.0 (33989473)|STATEMENT_EXECUTE|[251]
10:18:46.0 (33997935)|VARIABLE_ASSIGNMENT|[251]|this.JobDescription|"・・・\n\n【具体的には\u2026】\n・\n・\n・\n (153 more) ..."|0x18db3354
10:18:46.0 (34003084)|STATEMENT_EXECUTE|[252]
10:18:46.0 (34022862)|VARIABLE_ASSIGNMENT|[252]|this.LastModifiedDate|"2026-04-10T08:58:30.000Z"|0x18db3354
10:18:46.0 (34027420)|STATEMENT_EXECUTE|[252]
10:18:46.0 (34031735)|VARIABLE_ASSIGNMENT|[252]|this.LastViewedDate|null|0x18db3354
10:18:46.0 (34035605)|STATEMENT_EXECUTE|[253]
10:18:46.0 (34040393)|VARIABLE_ASSIGNMENT|[253]|this.MainIndustry|null|0x18db3354
10:18:46.0 (34044476)|STATEMENT_EXECUTE|[254]
10:18:46.0 (34052592)|HEAP_ALLOCATE|[EXTERNAL]|Bytes:4
10:18:46.0 (34062576)|METHOD_ENTRY|[247]||Database.QueryLocatorIterator.hasNext()
10:18:46.0 (34081568)|METHOD_EXIT|[247]||Database.QueryLocatorIterator.hasNext()
10:18:46.0 (34085643)|METHOD_ENTRY|[247]||Database.QueryLocatorIterator.next()
10:18:46.0 (34198695)|METHOD_EXIT|[247]||Database.QueryLocatorIterator.next()
10:18:46.0 (34205102)|VARIABLE_SCOPE_BEGIN|[247]|j|Job__c|true|false
10:18:46.0 (34324303)|VARIABLE_ASSIGNMENT|[247]|j|{"JobPosition__c":"●形式厳守！右記テンプレに則って作成→市 (63 more) ...","LastViewedDate":"2026-04-13T08:48:36.000Z","LastModifiedDate":"2026-04-10T08:38:49.000Z","Id":"a0KBK00000JSb1h2AD","JobDescription__c":"・・・\n\n【具体的には\u2026】\n・\n・\n・\n (153 more) ..."}|0x559a97fd
10:18:46.0 (34335279)|STATEMENT_EXECUTE|[247]
10:18:46.0 (34336712)|STATEMENT_EXECUTE|[248]
10:18:46.0 (34340752)|HEAP_ALLOCATE|[248]|Bytes:48
10:18:46.0 (34348122)|CONSTRUCTOR_ENTRY|[248]|01pBK000001SmE1|<init>()|JobSearchController.JobWrapper
10:18:46.0 (34360917)|VARIABLE_SCOPE_BEGIN|[7]|this|JobSearchController.JobWrapper|true|false
10:18:46.0 (34385406)|VARIABLE_ASSIGNMENT|[7]|this|{}|0x2797a47e
10:18:46.0 (34400322)|STATEMENT_EXECUTE|[7]
10:18:46.0 (34401687)|STATEMENT_EXECUTE|[8]
10:18:46.0 (34402917)|STATEMENT_EXECUTE|[9]
10:18:46.0 (34403922)|STATEMENT_EXECUTE|[10]
10:18:46.0 (34405223)|STATEMENT_EXECUTE|[11]
10:18:46.0 (34406376)|STATEMENT_EXECUTE|[12]
10:18:46.0 (34413470)|STATEMENT_EXECUTE|[13]
10:18:46.0 (34414891)|STATEMENT_EXECUTE|[14]
10:18:46.0 (34416007)|STATEMENT_EXECUTE|[15]
10:18:46.0 (34417127)|STATEMENT_EXECUTE|[16]
10:18:46.0 (34418264)|STATEMENT_EXECUTE|[17]
10:18:46.0 (34419362)|STATEMENT_EXECUTE|[18]
10:18:46.0 (34422904)|CONSTRUCTOR_EXIT|[248]|01pBK000001SmE1|<init>()|JobSearchController.JobWrapper
10:18:46.0 (34427672)|VARIABLE_SCOPE_BEGIN|[248]|w|JobSearchController.JobWrapper|true|false
10:18:46.0 (34440243)|VARIABLE_ASSIGNMENT|[248]|w|{}|0x2797a47e
10:18:46.0 (34444035)|STATEMENT_EXECUTE|[249]
10:18:46.0 (34533445)|VARIABLE_ASSIGNMENT|[249]|this.Id|"a0KBK00000JSb1h2AD"|0x2797a47e
10:18:46.0 (34539164)|STATEMENT_EXECUTE|[249]
10:18:46.0 (34550139)|VARIABLE_ASSIGNMENT|[249]|this.JobPosition|"●形式厳守！右記テンプレに則って作成→市 (63 more) ..."|0x2797a47e
10:18:46.0 (34555694)|STATEMENT_EXECUTE|[249]
10:18:46.0 (34561294)|VARIABLE_ASSIGNMENT|[249]|this.WorkLocation2|null|0x2797a47e
10:18:46.0 (34565122)|STATEMENT_EXECUTE|[250]
10:18:46.0 (34568789)|VARIABLE_ASSIGNMENT|[250]|this.JobCategory1|null|0x2797a47e
10:18:46.0 (34572571)|STATEMENT_EXECUTE|[250]
10:18:46.0 (34576212)|VARIABLE_ASSIGNMENT|[250]|this.MaxAnnualSalary|null|0x2797a47e
10:18:46.0 (34579932)|STATEMENT_EXECUTE|[251]
10:18:46.0 (34584607)|VARIABLE_ASSIGNMENT|[251]|this.MinAnnualSalary|null|0x2797a47e
10:18:46.0 (34588190)|STATEMENT_EXECUTE|[251]
10:18:46.0 (34595272)|VARIABLE_ASSIGNMENT|[251]|this.JobDescription|"・・・\n\n【具体的には\u2026】\n・\n・\n・\n (153 more) ..."|0x2797a47e
10:18:46.0 (34599788)|STATEMENT_EXECUTE|[252]
10:18:46.0 (34620007)|VARIABLE_ASSIGNMENT|[252]|this.LastModifiedDate|"2026-04-10T08:38:49.000Z"|0x2797a47e
10:18:46.0 (34624362)|STATEMENT_EXECUTE|[252]
10:18:46.0 (34671991)|VARIABLE_ASSIGNMENT|[252]|this.LastViewedDate|"2026-04-13T08:48:36.000Z"|0x2797a47e
10:18:46.0 (34676366)|STATEMENT_EXECUTE|[253]
10:18:46.0 (34682123)|VARIABLE_ASSIGNMENT|[253]|this.MainIndustry|null|0x2797a47e
10:18:46.0 (34685677)|STATEMENT_EXECUTE|[254]
10:18:46.0 (34696452)|HEAP_ALLOCATE|[EXTERNAL]|Bytes:4
10:18:46.0 (34709943)|METHOD_ENTRY|[247]||Database.QueryLocatorIterator.hasNext()
10:18:46.0 (34733235)|METHOD_EXIT|[247]||Database.QueryLocatorIterator.hasNext()
10:18:46.0 (34738282)|METHOD_ENTRY|[247]||Database.QueryLocatorIterator.next()
10:18:46.0 (34779471)|METHOD_EXIT|[247]||Database.QueryLocatorIterator.next()
10:18:46.0 (34785536)|VARIABLE_SCOPE_BEGIN|[247]|j|Job__c|true|false
10:18:46.0 (34840894)|VARIABLE_ASSIGNMENT|[247]|j|{"JobPosition__c":"●形式厳守！右記テンプレに則って作成→市 (63 more) ...","LastModifiedDate":"2026-04-10T08:38:32.000Z","Id":"a0KBK00000JSbGD2A1","JobDescription__c":"・・・\n\n【具体的には\u2026】\n・\n・\n・\n (153 more) ..."}|0x3300fd82
10:18:46.0 (34849155)|STATEMENT_EXECUTE|[247]
10:18:46.0 (34850367)|STATEMENT_EXECUTE|[248]
10:18:46.0 (34854334)|HEAP_ALLOCATE|[248]|Bytes:48
10:18:46.0 (34861088)|CONSTRUCTOR_ENTRY|[248]|01pBK000001SmE1|<init>()|JobSearchController.JobWrapper
10:18:46.0 (34866690)|VARIABLE_SCOPE_BEGIN|[7]|this|JobSearchController.JobWrapper|true|false
10:18:46.0 (34891081)|VARIABLE_ASSIGNMENT|[7]|this|{}|0x72003925
10:18:46.0 (34905414)|STATEMENT_EXECUTE|[7]
10:18:46.0 (34906757)|STATEMENT_EXECUTE|[8]
10:18:46.0 (34908091)|STATEMENT_EXECUTE|[9]
10:18:46.0 (34909196)|STATEMENT_EXECUTE|[10]
10:18:46.0 (34910551)|STATEMENT_EXECUTE|[11]
10:18:46.0 (34911716)|STATEMENT_EXECUTE|[12]
10:18:46.0 (34912946)|STATEMENT_EXECUTE|[13]
10:18:46.0 (34914104)|STATEMENT_EXECUTE|[14]
10:18:46.0 (34915381)|STATEMENT_EXECUTE|[15]
10:18:46.0 (34916473)|STATEMENT_EXECUTE|[16]
10:18:46.0 (34917621)|STATEMENT_EXECUTE|[17]
10:18:46.0 (34918696)|STATEMENT_EXECUTE|[18]
10:18:46.0 (34921656)|CONSTRUCTOR_EXIT|[248]|01pBK000001SmE1|<init>()|JobSearchController.JobWrapper
10:18:46.0 (34926463)|VARIABLE_SCOPE_BEGIN|[248]|w|JobSearchController.JobWrapper|true|false
10:18:46.0 (34938518)|VARIABLE_ASSIGNMENT|[248]|w|{}|0x72003925
10:18:46.0 (34942491)|STATEMENT_EXECUTE|[249]
10:18:46.0 (35018983)|VARIABLE_ASSIGNMENT|[249]|this.Id|"a0KBK00000JSbGD2A1"|0x72003925
10:18:46.0 (35024756)|STATEMENT_EXECUTE|[249]
10:18:46.0 (35033554)|VARIABLE_ASSIGNMENT|[249]|this.JobPosition|"●形式厳守！右記テンプレに則って作成→市 (63 more) ..."|0x72003925
10:18:46.0 (35038773)|STATEMENT_EXECUTE|[249]
10:18:46.0 (35043666)|VARIABLE_ASSIGNMENT|[249]|this.WorkLocation2|null|0x72003925
10:18:46.0 (35047721)|STATEMENT_EXECUTE|[250]
10:18:46.0 (35051578)|VARIABLE_ASSIGNMENT|[250]|this.JobCategory1|null|0x72003925
10:18:46.0 (35055685)|STATEMENT_EXECUTE|[250]
10:18:46.0 (35059546)|VARIABLE_ASSIGNMENT|[250]|this.MaxAnnualSalary|null|0x72003925
10:18:46.0 (35063183)|STATEMENT_EXECUTE|[251]
10:18:46.0 (35067107)|VARIABLE_ASSIGNMENT|[251]|this.MinAnnualSalary|null|0x72003925
10:18:46.0 (35070946)|STATEMENT_EXECUTE|[251]
10:18:46.0 (35078291)|VARIABLE_ASSIGNMENT|[251]|this.JobDescription|"・・・\n\n【具体的には\u2026】\n・\n・\n・\n (153 more) ..."|0x72003925
10:18:46.0 (35083233)|STATEMENT_EXECUTE|[252]
10:18:46.0 (35098553)|VARIABLE_ASSIGNMENT|[252]|this.LastModifiedDate|"2026-04-10T08:38:32.000Z"|0x72003925
10:18:46.0 (35102555)|STATEMENT_EXECUTE|[252]
10:18:46.0 (35107131)|VARIABLE_ASSIGNMENT|[252]|this.LastViewedDate|null|0x72003925
10:18:46.0 (35110806)|STATEMENT_EXECUTE|[253]
10:18:46.0 (35115725)|VARIABLE_ASSIGNMENT|[253]|this.MainIndustry|null|0x72003925
10:18:46.0 (35119436)|STATEMENT_EXECUTE|[254]
10:18:46.0 (35127600)|HEAP_ALLOCATE|[EXTERNAL]|Bytes:4
10:18:46.0 (35137867)|METHOD_ENTRY|[247]||Database.QueryLocatorIterator.hasNext()
10:18:46.0 (35156487)|METHOD_EXIT|[247]||Database.QueryLocatorIterator.hasNext()
10:18:46.0 (35160570)|METHOD_ENTRY|[247]||Database.QueryLocatorIterator.next()
10:18:46.0 (35200482)|METHOD_EXIT|[247]||Database.QueryLocatorIterator.next()
10:18:46.0 (35206725)|VARIABLE_SCOPE_BEGIN|[247]|j|Job__c|true|false
10:18:46.0 (35273348)|VARIABLE_ASSIGNMENT|[247]|j|{"JobPosition__c":"●形式厳守！右記テンプレに則って作成→市 (63 more) ...","LastModifiedDate":"2026-04-10T08:29:21.000Z","Id":"a0KBK00000JSaiL2AT","JobDescription__c":"・・・\n\n【具体的には\u2026】\n・\n・\n・\n (153 more) ..."}|0x73247de7
10:18:46.0 (35330405)|STATEMENT_EXECUTE|[247]
10:18:46.0 (35331884)|STATEMENT_EXECUTE|[248]
10:18:46.0 (35336154)|HEAP_ALLOCATE|[248]|Bytes:48
10:18:46.0 (35343965)|CONSTRUCTOR_ENTRY|[248]|01pBK000001SmE1|<init>()|JobSearchController.JobWrapper
10:18:46.0 (35349922)|VARIABLE_SCOPE_BEGIN|[7]|this|JobSearchController.JobWrapper|true|false
10:18:46.0 (35374540)|VARIABLE_ASSIGNMENT|[7]|this|{}|0x690a83a9
10:18:46.0 (35389464)|STATEMENT_EXECUTE|[7]
10:18:46.0 (35390787)|STATEMENT_EXECUTE|[8]
10:18:46.0 (35392020)|STATEMENT_EXECUTE|[9]
10:18:46.0 (35393178)|STATEMENT_EXECUTE|[10]
10:18:46.0 (35394428)|STATEMENT_EXECUTE|[11]
10:18:46.0 (35395665)|STATEMENT_EXECUTE|[12]
10:18:46.0 (35396772)|STATEMENT_EXECUTE|[13]
10:18:46.0 (35397912)|STATEMENT_EXECUTE|[14]
10:18:46.0 (35399042)|STATEMENT_EXECUTE|[15]
10:18:46.0 (35400235)|STATEMENT_EXECUTE|[16]
10:18:46.0 (35401407)|STATEMENT_EXECUTE|[17]
10:18:46.0 (35402730)|STATEMENT_EXECUTE|[18]
10:18:46.0 (35406002)|CONSTRUCTOR_EXIT|[248]|01pBK000001SmE1|<init>()|JobSearchController.JobWrapper
10:18:46.0 (35411335)|VARIABLE_SCOPE_BEGIN|[248]|w|JobSearchController.JobWrapper|true|false
10:18:46.0 (35423687)|VARIABLE_ASSIGNMENT|[248]|w|{}|0x690a83a9
10:18:46.0 (35427945)|STATEMENT_EXECUTE|[249]
10:18:46.0 (35542380)|VARIABLE_ASSIGNMENT|[249]|this.Id|"a0KBK00000JSaiL2AT"|0x690a83a9
10:18:46.0 (35548381)|STATEMENT_EXECUTE|[249]
10:18:46.0 (35560657)|VARIABLE_ASSIGNMENT|[249]|this.JobPosition|"●形式厳守！右記テンプレに則って作成→市 (63 more) ..."|0x690a83a9
10:18:46.0 (35565450)|STATEMENT_EXECUTE|[249]
10:18:46.0 (35570605)|VARIABLE_ASSIGNMENT|[249]|this.WorkLocation2|null|0x690a83a9
10:18:46.0 (35574042)|STATEMENT_EXECUTE|[250]
10:18:46.0 (35578070)|VARIABLE_ASSIGNMENT|[250]|this.JobCategory1|null|0x690a83a9
10:18:46.0 (35581568)|STATEMENT_EXECUTE|[250]
10:18:46.0 (35586101)|VARIABLE_ASSIGNMENT|[250]|this.MaxAnnualSalary|null|0x690a83a9
10:18:46.0 (35589802)|STATEMENT_EXECUTE|[251]
10:18:46.0 (35593735)|VARIABLE_ASSIGNMENT|[251]|this.MinAnnualSalary|null|0x690a83a9
10:18:46.0 (35597062)|STATEMENT_EXECUTE|[251]
10:18:46.0 (35604257)|VARIABLE_ASSIGNMENT|[251]|this.JobDescription|"・・・\n\n【具体的には\u2026】\n・\n・\n・\n (153 more) ..."|0x690a83a9
10:18:46.0 (35609007)|STATEMENT_EXECUTE|[252]
10:18:46.0 (35628037)|VARIABLE_ASSIGNMENT|[252]|this.LastModifiedDate|"2026-04-10T08:29:21.000Z"|0x690a83a9
10:18:46.0 (35632466)|STATEMENT_EXECUTE|[252]
10:18:46.0 (35636897)|VARIABLE_ASSIGNMENT|[252]|this.LastViewedDate|null|0x690a83a9
10:18:46.0 (35641189)|STATEMENT_EXECUTE|[253]
10:18:46.0 (35646390)|VARIABLE_ASSIGNMENT|[253]|this.MainIndustry|null|0x690a83a9
10:18:46.0 (35650496)|STATEMENT_EXECUTE|[254]
10:18:46.0 (35660018)|HEAP_ALLOCATE|[EXTERNAL]|Bytes:4
10:18:46.0 (35670756)|METHOD_ENTRY|[247]||Database.QueryLocatorIterator.hasNext()
10:18:46.0 (35686529)|METHOD_EXIT|[247]||Database.QueryLocatorIterator.hasNext()
10:18:46.0 (35694321)|VARIABLE_ASSIGNMENT|[247]|j|null|
10:18:46.0 (35725182)|STATEMENT_EXECUTE|[256]
10:18:46.35 (35794541)|CUMULATIVE_LIMIT_USAGE
10:18:46.35 (35794541)|LIMIT_USAGE_FOR_NS|(default)|
  Number of SOQL queries: 1 out of 100
  Number of query rows: 6 out of 50000
  Number of SOSL queries: 0 out of 20
  Number of DML statements: 0 out of 150
  Number of Publish Immediate DML: 0 out of 150
  Number of DML rows: 0 out of 10000
  Maximum CPU time: 0 out of 10000
  Maximum heap size: 0 out of 6000000
  Number of callouts: 0 out of 100
  Number of Email Invocations: 0 out of 10
  Number of future calls: 0 out of 50
  Number of queueable jobs added to the queue: 0 out of 50
  Number of Mobile Apex push calls: 0 out of 10

10:18:46.35 (35794541)|CUMULATIVE_LIMIT_USAGE_END

10:18:46.0 (35913751)|CODE_UNIT_FINISHED|JobSearchController.getRecommendedJobs(Map<String,ANY>)
10:18:46.0 (36142045)|CODE_UNIT_FINISHED|apex://JobSearchController/ACTION$getRecommendedJobs
10:18:46.0 (36201136)|EXECUTION_FINISHED
