66.0 APEX_CODE,FINEST;APEX_PROFILING,INFO;CALLOUT,INFO;DATA_ACCESS,INFO;DB,INFO;NBA,INFO;SYSTEM,DEBUG;VALIDATION,INFO;VISUALFORCE,INFO;WAVE,INFO;WORKFLOW,INFO
18:16:49.2 (2461934)|USER_INFO|[EXTERNAL]|0057F0000042UBb|ishibashi@hurex.co.jp.dev1|(GMT+09:00) 日本標準時 (Asia/Tokyo)|GMT+09:00
18:16:49.2 (2537156)|EXECUTION_STARTED
18:16:49.2 (2568582)|CODE_UNIT_STARTED|[EXTERNAL]|01pBK000001eV2v|PORTERSIncrementalSyncBatch
18:16:49.2 (3787135)|HEAP_ALLOCATE|[95]|Bytes:3
18:16:49.2 (3998344)|HEAP_ALLOCATE|[100]|Bytes:152
18:16:49.2 (4020323)|HEAP_ALLOCATE|[417]|Bytes:408
18:16:49.2 (4041724)|HEAP_ALLOCATE|[430]|Bytes:408
18:16:49.2 (4077334)|HEAP_ALLOCATE|[317]|Bytes:6
18:16:49.2 (9713971)|HEAP_ALLOCATE|[EXTERNAL]|Bytes:108
18:16:49.2 (10166835)|HEAP_ALLOCATE|[EXTERNAL]|Bytes:11
18:16:49.2 (10210342)|SYSTEM_METHOD_ENTRY|[15]|BatchableContextImpl.BatchableContextImpl()
18:16:49.2 (10227666)|STATEMENT_EXECUTE|[15]
18:16:49.2 (10249278)|SYSTEM_METHOD_EXIT|[15]|BatchableContextImpl
18:16:49.2 (10256133)|HEAP_ALLOCATE|[EXTERNAL]|Bytes:12
18:16:49.2 (10259704)|HEAP_ALLOCATE|[EXTERNAL]|Bytes:4
18:16:49.2 (10276919)|VARIABLE_SCOPE_BEGIN|[31]|this|Database.BatchableContextImpl|true|false
18:16:49.2 (10372936)|VARIABLE_ASSIGNMENT|[31]|this|{}|0xda35d47
18:16:49.2 (10380455)|VARIABLE_SCOPE_BEGIN|[31]|jobId|Id|false|false
18:16:49.2 (10467541)|VARIABLE_ASSIGNMENT|[31]|jobId|"707BK00000wdDMiYAM"
18:16:49.2 (10471059)|VARIABLE_SCOPE_BEGIN|[31]|childJobId|Id|false|false
18:16:49.2 (10476865)|VARIABLE_ASSIGNMENT|[31]|childJobId|null
18:16:49.2 (29018907)|HEAP_ALLOCATE|[EXTERNAL]|Bytes:75
18:16:49.2 (29047721)|HEAP_ALLOCATE|[EXTERNAL]|Bytes:11
18:16:49.2 (29069416)|METHOD_ENTRY|[7]|01pBK000001eV2v|PORTERSIncrementalSyncBatch.PORTERSIncrementalSyncBatch()
18:16:49.2 (29077306)|STATEMENT_EXECUTE|[7]
18:16:49.2 (29088138)|STATEMENT_EXECUTE|[7]
18:16:49.2 (29096502)|METHOD_EXIT|[7]|PORTERSIncrementalSyncBatch
18:16:49.2 (29102935)|HEAP_ALLOCATE|[EXTERNAL]|Bytes:16
18:16:49.2 (29107126)|HEAP_ALLOCATE|[EXTERNAL]|Bytes:12
18:16:49.2 (29122262)|VARIABLE_SCOPE_BEGIN|[69]|this|PORTERSIncrementalSyncBatch|true|false
18:16:49.2 (29226848)|VARIABLE_ASSIGNMENT|[69]|this|{"startTime":"2026-03-31T09:16:41.635Z","syncResult":"0x2013b105"}|0x12a31ffc
18:16:49.2 (29235683)|VARIABLE_SCOPE_BEGIN|[69]|bc|Database.BatchableContext|true|false
18:16:49.2 (29313101)|VARIABLE_ASSIGNMENT|[69]|bc|{"jobId":"707BK00000wdDMiYAM"}|0xda35d47
18:16:49.2 (29327577)|STATEMENT_EXECUTE|[69]
18:16:49.2 (29344978)|HEAP_ALLOCATE|[71]|Bytes:144
18:16:49.2 (29352451)|HEAP_ALLOCATE|[71]|Bytes:15
18:16:49.2 (29466563)|VARIABLE_ASSIGNMENT|[EXTERNAL]|this|{"errors":"0x3b771c2b","failedCount":0,"successCount":0}|0x2013b105
18:16:49.2 (29506062)|VARIABLE_ASSIGNMENT|[EXTERNAL]|this|{"errors":"0x3b771c2b","failedCount":0,"successCount":0}|0x2013b105
18:16:49.2 (29545002)|HEAP_ALLOCATE|[68]|Bytes:5
18:16:49.2 (29577373)|HEAP_ALLOCATE|[74]|Bytes:5
18:16:49.2 (29587595)|HEAP_ALLOCATE|[82]|Bytes:7
18:16:49.2 (29612680)|STATEMENT_EXECUTE|[71]
18:16:49.2 (29614258)|STATEMENT_EXECUTE|[72]
18:16:49.2 (31736782)|HEAP_ALLOCATE|[72]|Bytes:64
18:16:49.2 (31783114)|VARIABLE_SCOPE_BEGIN|[72]|settings|PORTERS_Settings__c|true|false
18:16:49.2 (32066378)|VARIABLE_ASSIGNMENT|[72]|settings|{"LastModifiedDate":"2026-03-31T09:16:21.000Z","IsDeleted":false,"Client_Secret__c":"sPeXbzmOIRQwl4zKeRFR (108 more) ...","API_Call_Count__c":1.0,"Token_Expires_At__c":"2026-03-27T08:05:18.000Z","SetupOwnerId":"00DBK000004uTTF2A2","Access_Token__c":"2624da09af81d475a88b (12 more) ...","Name":"a0PBK000008oB5J","SystemModstamp":"2026-03-31T09:16:21.000Z","Is_Development_Mode__c":true,"CreatedById":"0057F0000042UBbQAM","CreatedDate":"2026-03-05T03:24:41.000Z","Last_Call_Timestamp__c":"2026-03-27T07:35:18.000Z","Id":"a0PBK000008oB5J2AU","LastModifiedById":"0057F0000042UBbQAM"}|0x6395455c
18:16:49.2 (32092916)|STATEMENT_EXECUTE|[73]
18:16:49.2 (32178937)|HEAP_ALLOCATE|[73]|Bytes:-4
18:16:49.2 (32221973)|VARIABLE_ASSIGNMENT|[73]|this.LastSyncTime__c|"2026-03-31T09:16:41.635Z"|0x6395455c
18:16:49.2 (32228132)|STATEMENT_EXECUTE|[74]
18:16:49.2 (32287997)|HEAP_ALLOCATE|[74]|Bytes:8
18:16:49.2 (32304922)|DML_BEGIN|[74]|Op:Upsert|Type:PORTERS_Settings__c|Rows:1
18:16:49.2 (32356570)|HEAP_ALLOCATE|[EXTERNAL]|Bytes:8
18:16:49.2 (127646306)|DML_END|[74]
18:16:49.145 (145994195)|CUMULATIVE_LIMIT_USAGE
18:16:49.145 (145994195)|LIMIT_USAGE_FOR_NS|(default)|
  Number of SOQL queries: 0 out of 200
  Number of query rows: 0 out of 50000
  Number of SOSL queries: 0 out of 20
  Number of DML statements: 0 out of 150
  Number of Publish Immediate DML: 0 out of 150
  Number of DML rows: 0 out of 10000
  Maximum CPU time: 0 out of 60000
  Maximum heap size: 0 out of 12000000
  Number of callouts: 0 out of 0
  Number of Email Invocations: 0 out of 10
  Number of future calls: 0 out of 0
  Number of queueable jobs added to the queue: 0 out of 1
  Number of Mobile Apex push calls: 0 out of 10

18:16:49.145 (145994195)|CUMULATIVE_LIMIT_USAGE_END

18:16:49.2 (146057929)|CODE_UNIT_FINISHED|PORTERSIncrementalSyncBatch
18:16:49.2 (146077953)|EXECUTION_FINISHED
