66.0 APEX_CODE,FINEST;APEX_PROFILING,INFO;CALLOUT,INFO;DATA_ACCESS,INFO;DB,INFO;NBA,INFO;SYSTEM,DEBUG;VALIDATION,INFO;VISUALFORCE,INFO;WAVE,INFO;WORKFLOW,INFO
16:00:23.2 (2330166)|USER_INFO|[EXTERNAL]|0057F0000042UBb|ishibashi@hurex.co.jp.dev1|(GMT+09:00) 日本標準時 (Asia/Tokyo)|GMT+09:00
16:00:23.2 (2384253)|EXECUTION_STARTED
16:00:23.2 (2402381)|CODE_UNIT_STARTED|[EXTERNAL]|apex://CustomNotificationController/ACTION$getNotifications
16:00:23.2 (5671741)|CODE_UNIT_STARTED|[EXTERNAL]|01pBK000001VvEL|CustomNotificationController.getNotifications(String)
16:00:23.2 (5956129)|HEAP_ALLOCATE|[95]|Bytes:3
16:00:23.2 (6057337)|HEAP_ALLOCATE|[100]|Bytes:152
16:00:23.2 (6072148)|HEAP_ALLOCATE|[417]|Bytes:408
16:00:23.2 (6082550)|HEAP_ALLOCATE|[430]|Bytes:408
16:00:23.2 (6102804)|HEAP_ALLOCATE|[317]|Bytes:6
16:00:23.2 (6163407)|HEAP_ALLOCATE|[EXTERNAL]|Bytes:7
16:00:23.2 (6183101)|METHOD_ENTRY|[1]|01pBK000001VvEL|CustomNotificationController.CustomNotificationController()
16:00:23.2 (6192142)|STATEMENT_EXECUTE|[1]
16:00:23.2 (6202011)|STATEMENT_EXECUTE|[1]
16:00:23.2 (6221708)|HEAP_ALLOCATE|[68]|Bytes:5
16:00:23.2 (6256077)|HEAP_ALLOCATE|[74]|Bytes:5
16:00:23.2 (6260781)|HEAP_ALLOCATE|[82]|Bytes:7
16:00:23.2 (6413697)|HEAP_ALLOCATE|[EXTERNAL]|Bytes:5
16:00:23.2 (6431928)|METHOD_EXIT|[1]|CustomNotificationController
16:00:23.2 (6450725)|VARIABLE_SCOPE_BEGIN|[5]|before|String|false|false
16:00:23.2 (6493829)|VARIABLE_ASSIGNMENT|[5]|before|null
16:00:23.2 (6506310)|HEAP_ALLOCATE|[6]|Bytes:5
16:00:23.2 (6509042)|STATEMENT_EXECUTE|[5]
16:00:23.2 (6510400)|STATEMENT_EXECUTE|[6]
16:00:23.2 (6539309)|VARIABLE_SCOPE_BEGIN|[6]|req|System.HttpRequest|true|false
16:00:23.2 (6768431)|VARIABLE_ASSIGNMENT|[6]|req|"System.HttpRequest[Endpoint=null, Method=null]"|0x319185d4
16:00:23.2 (6774193)|STATEMENT_EXECUTE|[7]
16:00:23.2 (6777184)|HEAP_ALLOCATE|[7]|Bytes:3
16:00:23.2 (6866951)|STATEMENT_EXECUTE|[8]
16:00:23.2 (6868556)|HEAP_ALLOCATE|[8]|Bytes:13
16:00:23.2 (6871255)|HEAP_ALLOCATE|[8]|Bytes:7
16:00:23.2 (6911835)|HEAP_ALLOCATE|[8]|Bytes:105
16:00:23.2 (6919926)|SYSTEM_METHOD_ENTRY|[1]|UserInfo.UserInfo()
16:00:23.2 (6922393)|STATEMENT_EXECUTE|[1]
16:00:23.2 (6929102)|SYSTEM_METHOD_EXIT|[1]|UserInfo
16:00:23.2 (6941844)|METHOD_ENTRY|[8]||System.UserInfo.getSessionId()
16:00:23.2 (23103199)|METHOD_EXIT|[8]||System.UserInfo.getSessionId()
16:00:23.2 (23142141)|HEAP_ALLOCATE|[8]|Bytes:119
16:00:23.2 (23195513)|STATEMENT_EXECUTE|[10]
16:00:23.2 (23248229)|HEAP_ALLOCATE|[10]|Bytes:67
16:00:23.2 (23262150)|SYSTEM_METHOD_ENTRY|[1]|Url.Url()
16:00:23.2 (23264286)|STATEMENT_EXECUTE|[1]
16:00:23.2 (23270975)|SYSTEM_METHOD_EXIT|[1]|Url
16:00:23.2 (23279969)|METHOD_ENTRY|[10]||System.Url.getOrgDomainUrl()
16:00:23.2 (23546526)|METHOD_EXIT|[10]||System.Url.getOrgDomainUrl()
16:00:23.2 (23558712)|METHOD_ENTRY|[10]||System.Url.toExternalForm()
16:00:23.2 (23588169)|METHOD_EXIT|[10]||System.Url.toExternalForm()
16:00:23.2 (23591818)|VARIABLE_SCOPE_BEGIN|[10]|domainPath|String|false|false
16:00:23.2 (23614336)|VARIABLE_ASSIGNMENT|[10]|domainPath|"https://hurex--dev1. (25 more) ..."
16:00:23.2 (23617910)|STATEMENT_EXECUTE|[11]
16:00:23.2 (23620320)|HEAP_ALLOCATE|[11]|Bytes:50
16:00:23.2 (23626085)|HEAP_ALLOCATE|[11]|Bytes:95
16:00:23.2 (23628794)|VARIABLE_SCOPE_BEGIN|[11]|endpoint|String|false|false
16:00:23.2 (23633939)|VARIABLE_ASSIGNMENT|[11]|endpoint|"https://hurex--dev1. (75 more) ..."
16:00:23.2 (23687316)|STATEMENT_EXECUTE|[13]
16:00:23.2 (23688379)|STATEMENT_EXECUTE|[16]
16:00:23.2 (23713768)|STATEMENT_EXECUTE|[18]
16:00:23.2 (23732815)|VARIABLE_SCOPE_BEGIN|[18]|http|System.Http|true|false
16:00:23.2 (23857848)|VARIABLE_ASSIGNMENT|[18]|http|"System.Http[]"|0x663d9cb8
16:00:23.2 (23863569)|STATEMENT_EXECUTE|[19]
16:00:23.2 (23954083)|CALLOUT_REQUEST|[19]|System.HttpRequest[Endpoint=https://hurex--dev1.sandbox.my.salesforce.com/services/data/v56.0/connect/notifications?size=20, Method=GET]
16:00:23.2 (317162824)|HEAP_ALLOCATE|[EXTERNAL]|Bytes:15126
16:00:23.2 (319180889)|CALLOUT_RESPONSE|[19]|System.HttpResponse[Status=OK, StatusCode=200]
16:00:23.2 (319214382)|HEAP_ALLOCATE|[19]|Bytes:14281
16:00:23.2 (319252138)|VARIABLE_SCOPE_BEGIN|[19]|res|System.HttpResponse|true|false
16:00:23.2 (319339299)|VARIABLE_ASSIGNMENT|[19]|res|"System.HttpResponse[Status=OK, StatusCode=200]"|0x738d7b99
16:00:23.2 (319453552)|STATEMENT_EXECUTE|[21]
16:00:23.2 (319455818)|STATEMENT_EXECUTE|[22]
16:00:23.2 (319997395)|HEAP_ALLOCATE|[22]|Bytes:13995
16:00:23.320 (320047366)|CUMULATIVE_LIMIT_USAGE
16:00:23.320 (320047366)|LIMIT_USAGE_FOR_NS|(default)|
  Number of SOQL queries: 0 out of 100
  Number of query rows: 0 out of 50000
  Number of SOSL queries: 0 out of 20
  Number of DML statements: 0 out of 150
  Number of Publish Immediate DML: 0 out of 150
  Number of DML rows: 0 out of 10000
  Maximum CPU time: 0 out of 10000
  Maximum heap size: 0 out of 6000000
  Number of callouts: 1 out of 100
  Number of Email Invocations: 0 out of 10
  Number of future calls: 0 out of 50
  Number of queueable jobs added to the queue: 0 out of 50
  Number of Mobile Apex push calls: 0 out of 10

16:00:23.320 (320047366)|CUMULATIVE_LIMIT_USAGE_END

16:00:23.2 (320102524)|CODE_UNIT_FINISHED|CustomNotificationController.getNotifications(String)
16:00:23.2 (320282173)|CODE_UNIT_FINISHED|apex://CustomNotificationController/ACTION$getNotifications
16:00:23.2 (320287013)|EXECUTION_FINISHED
