66.0 APEX_CODE,FINEST;APEX_PROFILING,INFO;CALLOUT,INFO;DATA_ACCESS,INFO;DB,INFO;NBA,INFO;SYSTEM,DEBUG;VALIDATION,INFO;VISUALFORCE,INFO;WAVE,INFO;WORKFLOW,INFO
18:25:49.0 (218539)|USER_INFO|[EXTERNAL]|0057F0000042UBb|ishibashi@hurex.co.jp.dev1|(GMT+09:00) 日本標準時 (Asia/Tokyo)|GMT+09:00
18:25:49.0 (251371)|EXECUTION_STARTED
18:25:49.0 (268347)|CODE_UNIT_STARTED|[EXTERNAL]|apex://JobCardsController/ACTION$getJobs
18:25:49.0 (988669)|CODE_UNIT_STARTED|[EXTERNAL]|01pBK000001RGBP|JobCardsController.getJobs()
18:25:49.0 (1283862)|HEAP_ALLOCATE|[95]|Bytes:3
18:25:49.0 (1365896)|HEAP_ALLOCATE|[100]|Bytes:152
18:25:49.0 (1380571)|HEAP_ALLOCATE|[417]|Bytes:408
18:25:49.0 (1391985)|HEAP_ALLOCATE|[430]|Bytes:408
18:25:49.0 (1412363)|HEAP_ALLOCATE|[317]|Bytes:6
18:25:49.0 (1421778)|HEAP_ALLOCATE|[EXTERNAL]|Bytes:10
18:25:49.0 (1425251)|HEAP_ALLOCATE|[EXTERNAL]|Bytes:5
18:25:49.0 (1427196)|HEAP_ALLOCATE|[EXTERNAL]|Bytes:3
18:25:49.0 (1437162)|METHOD_ENTRY|[6]|01pBK000001RGBP|JobCardsController.JobCardsController()
18:25:49.0 (1446946)|STATEMENT_EXECUTE|[6]
18:25:49.0 (1456446)|STATEMENT_EXECUTE|[6]
18:25:49.0 (1475631)|HEAP_ALLOCATE|[68]|Bytes:5
18:25:49.0 (1498845)|HEAP_ALLOCATE|[74]|Bytes:5
18:25:49.0 (1503186)|HEAP_ALLOCATE|[82]|Bytes:7
18:25:49.0 (1678156)|HEAP_ALLOCATE|[EXTERNAL]|Bytes:5
18:25:49.0 (1682388)|STATEMENT_EXECUTE|[12]
18:25:49.0 (1691459)|METHOD_EXIT|[6]|JobCardsController
18:25:49.0 (1703081)|HEAP_ALLOCATE|[35]|Bytes:5
18:25:49.0 (1705377)|STATEMENT_EXECUTE|[33]
18:25:49.0 (1706281)|STATEMENT_EXECUTE|[35]
18:25:49.0 (1721561)|HEAP_ALLOCATE|[35]|Bytes:4
18:25:49.0 (1769393)|VARIABLE_SCOPE_BEGIN|[35]|favoriteJobIds|Set<Id>|true|false
18:25:49.0 (1846577)|VARIABLE_ASSIGNMENT|[35]|favoriteJobIds|[]|0x297ab4b7
18:25:49.0 (1854663)|HEAP_ALLOCATE|[36]|Bytes:91
18:25:49.0 (1869131)|HEAP_ALLOCATE|[36]|Bytes:4
18:25:49.0 (1875416)|HEAP_ALLOCATE|[36]|Bytes:7
18:25:49.0 (1903683)|HEAP_ALLOCATE|[38]|Bytes:105
18:25:49.0 (1909181)|SYSTEM_METHOD_ENTRY|[1]|UserInfo.UserInfo()
18:25:49.0 (1911051)|STATEMENT_EXECUTE|[1]
18:25:49.0 (1915908)|SYSTEM_METHOD_EXIT|[1]|UserInfo
18:25:49.0 (1926733)|METHOD_ENTRY|[38]||System.UserInfo.getUserId()
18:25:49.0 (7331681)|METHOD_EXIT|[38]||System.UserInfo.getUserId()
18:25:49.0 (19912975)|SOQL_EXECUTE_BEGIN|[36]|Aggregations:0|SELECT Job__c FROM InterestedJob__c WHERE (CreatedById = :tmpVar1 AND IsArchive__c = FALSE)
18:25:49.0 (46774851)|SOQL_EXECUTE_END|[36]|Rows:4
18:25:49.0 (46815488)|HEAP_ALLOCATE|[EXTERNAL]|Bytes:20
18:25:49.0 (47099626)|HEAP_ALLOCATE|[36]|Bytes:54
18:25:49.0 (47108264)|HEAP_ALLOCATE|[36]|Bytes:8
18:25:49.0 (47122237)|SYSTEM_METHOD_ENTRY|[7]|QueryLocatorIterator.QueryLocatorIterator()
18:25:49.0 (47125530)|STATEMENT_EXECUTE|[7]
18:25:49.0 (47141089)|SYSTEM_METHOD_EXIT|[7]|QueryLocatorIterator
18:25:49.0 (47149059)|HEAP_ALLOCATE|[36]|Bytes:28
18:25:49.0 (47230819)|HEAP_ALLOCATE|[36]|Bytes:20
18:25:49.0 (47239597)|HEAP_ALLOCATE|[36]|Bytes:8
18:25:49.0 (47241255)|HEAP_ALLOCATE|[36]|Bytes:8
18:25:49.0 (47246098)|VARIABLE_SCOPE_BEGIN|[15]|this|Database.QueryLocatorIterator|true|false
18:25:49.0 (47335167)|VARIABLE_ASSIGNMENT|[15]|this|{}|0x39b92667
18:25:49.0 (47340150)|VARIABLE_SCOPE_BEGIN|[15]|values|List<SObject>|true|false
18:25:49.0 (47455811)|VARIABLE_ASSIGNMENT|[15]|values|[{"Job__c":"a0KBK00000Gexcs2AB","Id":"a0OBK000004najC2AQ"},{"Job__c":"a0KBK00000Gexdg2AB","Id":"a0OBK000004nbNV2AY"},{"Job__c":"a0KBK00000Gexcu2AB","Id":"a0OBK000004v8wE2AQ"},{"Job__c":"a0KBK00000GezgQ2AR","Id":"a0OBK0000050riz2AA"}]|0x50be6d74
18:25:49.0 (47461575)|VARIABLE_SCOPE_BEGIN|[15]|ql|Database.QueryLocator|true|false
18:25:49.0 (47478508)|VARIABLE_ASSIGNMENT|[15]|ql|{"query":"SELECT Job__c FROM I (71 more) ..."}|0x682f570f
18:25:49.0 (47481623)|VARIABLE_SCOPE_BEGIN|[15]|totalNumRecords|Integer|false|false
18:25:49.0 (47488673)|VARIABLE_ASSIGNMENT|[15]|totalNumRecords|4
18:25:49.0 (47491252)|VARIABLE_SCOPE_BEGIN|[15]|queryMoreSize|Integer|false|false
18:25:49.0 (47494922)|VARIABLE_ASSIGNMENT|[15]|queryMoreSize|49996
18:25:49.0 (47575572)|HEAP_ALLOCATE|[36]|Bytes:28
18:25:49.0 (47609861)|METHOD_ENTRY|[36]||Database.QueryLocatorIterator.hasNext()
18:25:49.0 (47702816)|METHOD_EXIT|[36]||Database.QueryLocatorIterator.hasNext()
18:25:49.0 (47708431)|METHOD_ENTRY|[36]||Database.QueryLocatorIterator.next()
18:25:49.0 (47758965)|METHOD_EXIT|[36]||Database.QueryLocatorIterator.next()
18:25:49.0 (47764259)|VARIABLE_SCOPE_BEGIN|[36]|fav|InterestedJob__c|true|false
18:25:49.0 (47789383)|VARIABLE_ASSIGNMENT|[36]|fav|{"Job__c":"a0KBK00000Gexcs2AB","Id":"a0OBK000004najC2AQ"}|0x58420a84
18:25:49.0 (47793907)|STATEMENT_EXECUTE|[39]
18:25:49.0 (47794999)|STATEMENT_EXECUTE|[40]
18:25:49.0 (47850647)|HEAP_ALLOCATE|[EXTERNAL]|Bytes:4
18:25:49.0 (47858166)|METHOD_ENTRY|[36]||Database.QueryLocatorIterator.hasNext()
18:25:49.0 (47867388)|METHOD_EXIT|[36]||Database.QueryLocatorIterator.hasNext()
18:25:49.0 (47869878)|METHOD_ENTRY|[36]||Database.QueryLocatorIterator.next()
18:25:49.0 (47890993)|METHOD_EXIT|[36]||Database.QueryLocatorIterator.next()
18:25:49.0 (47893653)|VARIABLE_SCOPE_BEGIN|[36]|fav|InterestedJob__c|true|false
18:25:49.0 (47908447)|VARIABLE_ASSIGNMENT|[36]|fav|{"Job__c":"a0KBK00000Gexdg2AB","Id":"a0OBK000004nbNV2AY"}|0x7bb40935
18:25:49.0 (47911381)|STATEMENT_EXECUTE|[39]
18:25:49.0 (47912256)|STATEMENT_EXECUTE|[40]
18:25:49.0 (47917346)|HEAP_ALLOCATE|[EXTERNAL]|Bytes:4
18:25:49.0 (47921357)|METHOD_ENTRY|[36]||Database.QueryLocatorIterator.hasNext()
18:25:49.0 (47929231)|METHOD_EXIT|[36]||Database.QueryLocatorIterator.hasNext()
18:25:49.0 (47931371)|METHOD_ENTRY|[36]||Database.QueryLocatorIterator.next()
18:25:49.0 (47949845)|METHOD_EXIT|[36]||Database.QueryLocatorIterator.next()
18:25:49.0 (47952043)|VARIABLE_SCOPE_BEGIN|[36]|fav|InterestedJob__c|true|false
18:25:49.0 (47963221)|VARIABLE_ASSIGNMENT|[36]|fav|{"Job__c":"a0KBK00000Gexcu2AB","Id":"a0OBK000004v8wE2AQ"}|0x6931ae63
18:25:49.0 (47966038)|STATEMENT_EXECUTE|[39]
18:25:49.0 (47966885)|STATEMENT_EXECUTE|[40]
18:25:49.0 (47970256)|HEAP_ALLOCATE|[EXTERNAL]|Bytes:4
18:25:49.0 (47974024)|METHOD_ENTRY|[36]||Database.QueryLocatorIterator.hasNext()
18:25:49.0 (47981254)|METHOD_EXIT|[36]||Database.QueryLocatorIterator.hasNext()
18:25:49.0 (47983523)|METHOD_ENTRY|[36]||Database.QueryLocatorIterator.next()
18:25:49.0 (48001261)|METHOD_EXIT|[36]||Database.QueryLocatorIterator.next()
18:25:49.0 (48003956)|VARIABLE_SCOPE_BEGIN|[36]|fav|InterestedJob__c|true|false
18:25:49.0 (48014858)|VARIABLE_ASSIGNMENT|[36]|fav|{"Job__c":"a0KBK00000GezgQ2AR","Id":"a0OBK0000050riz2AA"}|0x53a1ff4
18:25:49.0 (48017712)|STATEMENT_EXECUTE|[39]
18:25:49.0 (48018497)|STATEMENT_EXECUTE|[40]
18:25:49.0 (48021763)|HEAP_ALLOCATE|[EXTERNAL]|Bytes:4
18:25:49.0 (48025567)|METHOD_ENTRY|[36]||Database.QueryLocatorIterator.hasNext()
18:25:49.0 (48031169)|METHOD_EXIT|[36]||Database.QueryLocatorIterator.hasNext()
18:25:49.0 (48034946)|VARIABLE_ASSIGNMENT|[36]|fav|null|
18:25:49.0 (48053236)|STATEMENT_EXECUTE|[44]
18:25:49.0 (48056106)|HEAP_ALLOCATE|[44]|Bytes:217
18:25:49.0 (48072742)|HEAP_ALLOCATE|[44]|Bytes:4
18:25:49.0 (51722367)|SOQL_EXECUTE_BEGIN|[44]|Aggregations:0|SELECT Id, JobPosition__c, WorkLocation2__c, JobCategory1__c, MaxAnnualSalary__c, MinAnnualSalary__c, JobDescription__c, LastModifiedDate, LastViewedDate FROM Job__c ORDER BY LastModifiedDate DESC NULLS FIRST LIMIT 10
18:25:49.0 (109351919)|SOQL_EXECUTE_END|[44]|Rows:10
18:25:49.0 (109398798)|HEAP_ALLOCATE|[44]|Bytes:44
18:25:49.0 (109422375)|HEAP_ALLOCATE|[44]|Bytes:4083
18:25:49.0 (109530135)|HEAP_ALLOCATE|[44]|Bytes:44
18:25:49.0 (109555030)|VARIABLE_SCOPE_BEGIN|[44]|jobs|List<Job__c>|true|false
18:25:49.0 (109583138)|VARIABLE_ASSIGNMENT|[44]|jobs|"List of size 10 too large to display"|0x2cf8657f
18:25:49.0 (109589913)|STATEMENT_EXECUTE|[54]
18:25:49.0 (109599992)|HEAP_ALLOCATE|[54]|Bytes:4
18:25:49.0 (109689209)|VARIABLE_SCOPE_BEGIN|[54]|result|List<JobCardsController.JobWrapper>|true|false
18:25:49.0 (109706017)|HEAP_ALLOCATE|[EXTERNAL]|Bytes:4
18:25:49.0 (109714225)|VARIABLE_ASSIGNMENT|[54]|result|[]|0x1ff933e
18:25:49.0 (109847677)|HEAP_ALLOCATE|[55]|Bytes:5
18:25:49.0 (109869912)|HEAP_ALLOCATE|[55]|Bytes:40
18:25:49.0 (109876989)|VARIABLE_SCOPE_BEGIN|[55]|j|Job__c|true|false
18:25:49.0 (110008325)|VARIABLE_ASSIGNMENT|[55]|j|{"LastModifiedDate":"2026-04-03T04:12:21.000Z","JobPosition__c":"新潟市(新潟) 法人ルート営業・業界シェ (74 more) ...","WorkLocation2__c":"新潟県新潟市（転勤なし／車通勤可）","LastViewedDate":"2026-04-03T08:24:43.000Z","Id":"a0KBK00000GezgQ2AR","MinAnnualSalary__c":350,"JobDescription__c":"自社開発製造の給配水機器とその関連製品の (25 more) ...","JobCategory1__c":"経営幹部/企画/マーケティング系","MaxAnnualSalary__c":550}|0xfd98b55
18:25:49.0 (110019335)|STATEMENT_EXECUTE|[55]
18:25:49.0 (110020550)|STATEMENT_EXECUTE|[56]
18:25:49.0 (110055424)|HEAP_ALLOCATE|[56]|Bytes:44
18:25:49.0 (110082995)|CONSTRUCTOR_ENTRY|[56]|01pBK000001RGBP|<init>()|JobCardsController.JobWrapper
18:25:49.0 (110112592)|VARIABLE_SCOPE_BEGIN|[12]|this|JobCardsController.JobWrapper|true|false
18:25:49.0 (110214657)|VARIABLE_ASSIGNMENT|[12]|this|{}|0xeb30414
18:25:49.0 (110237627)|STATEMENT_EXECUTE|[12]
18:25:49.0 (110238701)|STATEMENT_EXECUTE|[13]
18:25:49.0 (110239709)|STATEMENT_EXECUTE|[14]
18:25:49.0 (110240502)|STATEMENT_EXECUTE|[15]
18:25:49.0 (110241260)|STATEMENT_EXECUTE|[16]
18:25:49.0 (110242334)|STATEMENT_EXECUTE|[17]
18:25:49.0 (110243417)|STATEMENT_EXECUTE|[18]
18:25:49.0 (110244367)|STATEMENT_EXECUTE|[19]
18:25:49.0 (110245319)|STATEMENT_EXECUTE|[20]
18:25:49.0 (110246228)|STATEMENT_EXECUTE|[21]
18:25:49.0 (110247022)|STATEMENT_EXECUTE|[22]
18:25:49.0 (110249252)|CONSTRUCTOR_EXIT|[56]|01pBK000001RGBP|<init>()|JobCardsController.JobWrapper
18:25:49.0 (110253167)|VARIABLE_SCOPE_BEGIN|[56]|wrapper|JobCardsController.JobWrapper|true|false
18:25:49.0 (110262277)|VARIABLE_ASSIGNMENT|[56]|wrapper|{}|0xeb30414
18:25:49.0 (110265009)|STATEMENT_EXECUTE|[57]
18:25:49.0 (110497341)|VARIABLE_ASSIGNMENT|[57]|this.Id|"a0KBK00000GezgQ2AR"|0xeb30414
18:25:49.0 (110509744)|STATEMENT_EXECUTE|[58]
18:25:49.0 (110541277)|VARIABLE_ASSIGNMENT|[58]|this.JobPosition|"新潟市(新潟) 法人ルート営業・業界シェ (74 more) ..."|0xeb30414
18:25:49.0 (110546257)|STATEMENT_EXECUTE|[59]
18:25:49.0 (110555099)|VARIABLE_ASSIGNMENT|[59]|this.WorkLocation2|"新潟県新潟市（転勤なし／車通勤可）"|0xeb30414
18:25:49.0 (110558499)|STATEMENT_EXECUTE|[60]
18:25:49.0 (110565737)|VARIABLE_ASSIGNMENT|[60]|this.JobCategory1|"経営幹部/企画/マーケティング系"|0xeb30414
18:25:49.0 (110568739)|STATEMENT_EXECUTE|[61]
18:25:49.0 (110592944)|VARIABLE_ASSIGNMENT|[61]|this.MaxAnnualSalary|550|0xeb30414
18:25:49.0 (110596037)|STATEMENT_EXECUTE|[62]
18:25:49.0 (110602919)|VARIABLE_ASSIGNMENT|[62]|this.MinAnnualSalary|350|0xeb30414
18:25:49.0 (110605562)|STATEMENT_EXECUTE|[63]
18:25:49.0 (110612679)|VARIABLE_ASSIGNMENT|[63]|this.JobDescription|"自社開発製造の給配水機器とその関連製品の (25 more) ..."|0xeb30414
18:25:49.0 (110615784)|STATEMENT_EXECUTE|[64]
18:25:49.0 (110648160)|VARIABLE_ASSIGNMENT|[64]|this.LastModifiedDate|"2026-04-03T04:12:21.000Z"|0xeb30414
18:25:49.0 (110651627)|STATEMENT_EXECUTE|[65]
18:25:49.0 (110664965)|VARIABLE_ASSIGNMENT|[65]|this.LastViewedDate|"2026-04-03T08:24:43.000Z"|0xeb30414
18:25:49.0 (110667654)|STATEMENT_EXECUTE|[66]
18:25:49.0 (110721443)|HEAP_ALLOCATE|[66]|Bytes:5
18:25:49.0 (110727411)|VARIABLE_ASSIGNMENT|[66]|this.IsFavorite|true|0xeb30414
18:25:49.0 (110730146)|STATEMENT_EXECUTE|[67]
18:25:49.0 (110748371)|HEAP_ALLOCATE|[EXTERNAL]|Bytes:4
18:25:49.0 (110761031)|HEAP_ALLOCATE|[55]|Bytes:5
18:25:49.0 (110772938)|HEAP_ALLOCATE|[55]|Bytes:32
18:25:49.0 (110780429)|VARIABLE_SCOPE_BEGIN|[55]|j|Job__c|true|false
18:25:49.0 (110838192)|VARIABLE_ASSIGNMENT|[55]|j|{"LastModifiedDate":"2026-04-02T02:54:44.000Z","JobPosition__c":"テスト451求人タイトル求人タイトル求人 (235 more) ...","WorkLocation2__c":"444444","LastViewedDate":"2026-04-02T11:07:27.000Z","Id":"a0KBK00000Gexdg2AB","JobDescription__c":"テスト451仕事内容仕事内容仕事内容仕事 (230 more) ...","JobCategory1__c":"経営幹部/企画/マーケティング系"}|0x2a82ab9f
18:25:49.0 (110845379)|STATEMENT_EXECUTE|[55]
18:25:49.0 (110846309)|STATEMENT_EXECUTE|[56]
18:25:49.0 (110849953)|HEAP_ALLOCATE|[56]|Bytes:44
18:25:49.0 (110854939)|CONSTRUCTOR_ENTRY|[56]|01pBK000001RGBP|<init>()|JobCardsController.JobWrapper
18:25:49.0 (110860034)|VARIABLE_SCOPE_BEGIN|[12]|this|JobCardsController.JobWrapper|true|false
18:25:49.0 (110876837)|VARIABLE_ASSIGNMENT|[12]|this|{}|0x3ba7e44
18:25:49.0 (110889537)|STATEMENT_EXECUTE|[12]
18:25:49.0 (110890588)|STATEMENT_EXECUTE|[13]
18:25:49.0 (110891397)|STATEMENT_EXECUTE|[14]
18:25:49.0 (110892132)|STATEMENT_EXECUTE|[15]
18:25:49.0 (110892876)|STATEMENT_EXECUTE|[16]
18:25:49.0 (110893689)|STATEMENT_EXECUTE|[17]
18:25:49.0 (110894586)|STATEMENT_EXECUTE|[18]
18:25:49.0 (110895398)|STATEMENT_EXECUTE|[19]
18:25:49.0 (110896177)|STATEMENT_EXECUTE|[20]
18:25:49.0 (110897058)|STATEMENT_EXECUTE|[21]
18:25:49.0 (110897856)|STATEMENT_EXECUTE|[22]
18:25:49.0 (110899803)|CONSTRUCTOR_EXIT|[56]|01pBK000001RGBP|<init>()|JobCardsController.JobWrapper
18:25:49.0 (110903231)|VARIABLE_SCOPE_BEGIN|[56]|wrapper|JobCardsController.JobWrapper|true|false
18:25:49.0 (110910651)|VARIABLE_ASSIGNMENT|[56]|wrapper|{}|0x3ba7e44
18:25:49.0 (110913075)|STATEMENT_EXECUTE|[57]
18:25:49.0 (110974928)|VARIABLE_ASSIGNMENT|[57]|this.Id|"a0KBK00000Gexdg2AB"|0x3ba7e44
18:25:49.0 (110978180)|STATEMENT_EXECUTE|[58]
18:25:49.0 (110983472)|VARIABLE_ASSIGNMENT|[58]|this.JobPosition|"テスト451求人タイトル求人タイトル求人 (235 more) ..."|0x3ba7e44
18:25:49.0 (110986673)|STATEMENT_EXECUTE|[59]
18:25:49.0 (110990171)|VARIABLE_ASSIGNMENT|[59]|this.WorkLocation2|"444444"|0x3ba7e44
18:25:49.0 (110992643)|STATEMENT_EXECUTE|[60]
18:25:49.0 (110995838)|VARIABLE_ASSIGNMENT|[60]|this.JobCategory1|"経営幹部/企画/マーケティング系"|0x3ba7e44
18:25:49.0 (110998637)|STATEMENT_EXECUTE|[61]
18:25:49.0 (111001942)|VARIABLE_ASSIGNMENT|[61]|this.MaxAnnualSalary|null|0x3ba7e44
18:25:49.0 (111005018)|STATEMENT_EXECUTE|[62]
18:25:49.0 (111007701)|VARIABLE_ASSIGNMENT|[62]|this.MinAnnualSalary|null|0x3ba7e44
18:25:49.0 (111010204)|STATEMENT_EXECUTE|[63]
18:25:49.0 (111014028)|VARIABLE_ASSIGNMENT|[63]|this.JobDescription|"テスト451仕事内容仕事内容仕事内容仕事 (230 more) ..."|0x3ba7e44
18:25:49.0 (111017369)|STATEMENT_EXECUTE|[64]
18:25:49.0 (111025519)|VARIABLE_ASSIGNMENT|[64]|this.LastModifiedDate|"2026-04-02T02:54:44.000Z"|0x3ba7e44
18:25:49.0 (111028268)|STATEMENT_EXECUTE|[65]
18:25:49.0 (111033368)|VARIABLE_ASSIGNMENT|[65]|this.LastViewedDate|"2026-04-02T11:07:27.000Z"|0x3ba7e44
18:25:49.0 (111035891)|STATEMENT_EXECUTE|[66]
18:25:49.0 (111044608)|HEAP_ALLOCATE|[66]|Bytes:5
18:25:49.0 (111047968)|VARIABLE_ASSIGNMENT|[66]|this.IsFavorite|true|0x3ba7e44
18:25:49.0 (111050387)|STATEMENT_EXECUTE|[67]
18:25:49.0 (111053821)|HEAP_ALLOCATE|[EXTERNAL]|Bytes:4
18:25:49.0 (111060154)|HEAP_ALLOCATE|[55]|Bytes:5
18:25:49.0 (111065526)|HEAP_ALLOCATE|[55]|Bytes:40
18:25:49.0 (111069029)|VARIABLE_SCOPE_BEGIN|[55]|j|Job__c|true|false
18:25:49.0 (111145433)|VARIABLE_ASSIGNMENT|[55]|j|{"LastModifiedDate":"2026-03-18T01:52:52.000Z","JobPosition__c":"テスト401求人タイトル求人タイトル求人 (28 more) ...","WorkLocation2__c":"勤務地","LastViewedDate":"2026-04-02T11:19:39.000Z","Id":"a0KBK00000Gexcs2AB","MinAnnualSalary__c":450,"JobDescription__c":"テスト401仕事内容仕事内容仕事内容仕事 (30 more) ...","JobCategory1__c":"専門職系（コンサルタント/金融/不動産）","MaxAnnualSalary__c":600}|0x344e02a7
18:25:49.0 (111155857)|STATEMENT_EXECUTE|[55]
18:25:49.0 (111156834)|STATEMENT_EXECUTE|[56]
18:25:49.0 (111159681)|HEAP_ALLOCATE|[56]|Bytes:44
18:25:49.0 (111163358)|CONSTRUCTOR_ENTRY|[56]|01pBK000001RGBP|<init>()|JobCardsController.JobWrapper
18:25:49.0 (111167306)|VARIABLE_SCOPE_BEGIN|[12]|this|JobCardsController.JobWrapper|true|false
18:25:49.0 (111178466)|VARIABLE_ASSIGNMENT|[12]|this|{}|0x621bbc40
18:25:49.0 (111187241)|STATEMENT_EXECUTE|[12]
18:25:49.0 (111188164)|STATEMENT_EXECUTE|[13]
18:25:49.0 (111188992)|STATEMENT_EXECUTE|[14]
18:25:49.0 (111189756)|STATEMENT_EXECUTE|[15]
18:25:49.0 (111190525)|STATEMENT_EXECUTE|[16]
18:25:49.0 (111191401)|STATEMENT_EXECUTE|[17]
18:25:49.0 (111192250)|STATEMENT_EXECUTE|[18]
18:25:49.0 (111193088)|STATEMENT_EXECUTE|[19]
18:25:49.0 (111194019)|STATEMENT_EXECUTE|[20]
18:25:49.0 (111194818)|STATEMENT_EXECUTE|[21]
18:25:49.0 (111195600)|STATEMENT_EXECUTE|[22]
18:25:49.0 (111197243)|CONSTRUCTOR_EXIT|[56]|01pBK000001RGBP|<init>()|JobCardsController.JobWrapper
18:25:49.0 (111200293)|VARIABLE_SCOPE_BEGIN|[56]|wrapper|JobCardsController.JobWrapper|true|false
18:25:49.0 (111207284)|VARIABLE_ASSIGNMENT|[56]|wrapper|{}|0x621bbc40
18:25:49.0 (111209815)|STATEMENT_EXECUTE|[57]
18:25:49.0 (111259901)|VARIABLE_ASSIGNMENT|[57]|this.Id|"a0KBK00000Gexcs2AB"|0x621bbc40
18:25:49.0 (111264815)|STATEMENT_EXECUTE|[58]
18:25:49.0 (111271500)|VARIABLE_ASSIGNMENT|[58]|this.JobPosition|"テスト401求人タイトル求人タイトル求人 (28 more) ..."|0x621bbc40
18:25:49.0 (111275954)|STATEMENT_EXECUTE|[59]
18:25:49.0 (111280931)|VARIABLE_ASSIGNMENT|[59]|this.WorkLocation2|"勤務地"|0x621bbc40
18:25:49.0 (111284921)|STATEMENT_EXECUTE|[60]
18:25:49.0 (111289558)|VARIABLE_ASSIGNMENT|[60]|this.JobCategory1|"専門職系（コンサルタント/金融/不動産）"|0x621bbc40
18:25:49.0 (111294405)|STATEMENT_EXECUTE|[61]
18:25:49.0 (111305406)|VARIABLE_ASSIGNMENT|[61]|this.MaxAnnualSalary|600|0x621bbc40
18:25:49.0 (111309308)|STATEMENT_EXECUTE|[62]
18:25:49.0 (111314369)|VARIABLE_ASSIGNMENT|[62]|this.MinAnnualSalary|450|0x621bbc40
18:25:49.0 (111318651)|STATEMENT_EXECUTE|[63]
18:25:49.0 (111323047)|VARIABLE_ASSIGNMENT|[63]|this.JobDescription|"テスト401仕事内容仕事内容仕事内容仕事 (30 more) ..."|0x621bbc40
18:25:49.0 (111325984)|STATEMENT_EXECUTE|[64]
18:25:49.0 (111336736)|VARIABLE_ASSIGNMENT|[64]|this.LastModifiedDate|"2026-03-18T01:52:52.000Z"|0x621bbc40
18:25:49.0 (111339585)|STATEMENT_EXECUTE|[65]
18:25:49.0 (111344793)|VARIABLE_ASSIGNMENT|[65]|this.LastViewedDate|"2026-04-02T11:19:39.000Z"|0x621bbc40
18:25:49.0 (111347495)|STATEMENT_EXECUTE|[66]
18:25:49.0 (111357556)|HEAP_ALLOCATE|[66]|Bytes:5
18:25:49.0 (111360756)|VARIABLE_ASSIGNMENT|[66]|this.IsFavorite|true|0x621bbc40
18:25:49.0 (111363357)|STATEMENT_EXECUTE|[67]
18:25:49.0 (111367424)|HEAP_ALLOCATE|[EXTERNAL]|Bytes:4
18:25:49.0 (111374522)|HEAP_ALLOCATE|[55]|Bytes:5
18:25:49.0 (111381637)|HEAP_ALLOCATE|[55]|Bytes:36
18:25:49.0 (111385830)|VARIABLE_SCOPE_BEGIN|[55]|j|Job__c|true|false
18:25:49.0 (111431429)|VARIABLE_ASSIGNMENT|[55]|j|{"LastModifiedDate":"2026-03-12T05:33:30.000Z","JobPosition__c":"テスト424求人タイトル求人タイトル求人 (28 more) ...","LastViewedDate":"2026-04-02T07:16:25.000Z","Id":"a0KBK00000GexdF2AR","MinAnnualSalary__c":250,"JobDescription__c":"テスト424仕事内容仕事内容仕事内容仕事 (30 more) ...","JobCategory1__c":"技術系（電気/電子/機械）","MaxAnnualSalary__c":350}|0xd00a1cb
18:25:49.0 (111437648)|STATEMENT_EXECUTE|[55]
18:25:49.0 (111438503)|STATEMENT_EXECUTE|[56]
18:25:49.0 (111440499)|HEAP_ALLOCATE|[56]|Bytes:44
18:25:49.0 (111443501)|CONSTRUCTOR_ENTRY|[56]|01pBK000001RGBP|<init>()|JobCardsController.JobWrapper
18:25:49.0 (111447055)|VARIABLE_SCOPE_BEGIN|[12]|this|JobCardsController.JobWrapper|true|false
18:25:49.0 (111457326)|VARIABLE_ASSIGNMENT|[12]|this|{}|0x749e87b3
18:25:49.0 (111465236)|STATEMENT_EXECUTE|[12]
18:25:49.0 (111466146)|STATEMENT_EXECUTE|[13]
18:25:49.0 (111466966)|STATEMENT_EXECUTE|[14]
18:25:49.0 (111467914)|STATEMENT_EXECUTE|[15]
18:25:49.0 (111468675)|STATEMENT_EXECUTE|[16]
18:25:49.0 (111469492)|STATEMENT_EXECUTE|[17]
18:25:49.0 (111470311)|STATEMENT_EXECUTE|[18]
18:25:49.0 (111471131)|STATEMENT_EXECUTE|[19]
18:25:49.0 (111471921)|STATEMENT_EXECUTE|[20]
18:25:49.0 (111472757)|STATEMENT_EXECUTE|[21]
18:25:49.0 (111473521)|STATEMENT_EXECUTE|[22]
18:25:49.0 (111475016)|CONSTRUCTOR_EXIT|[56]|01pBK000001RGBP|<init>()|JobCardsController.JobWrapper
18:25:49.0 (111478136)|VARIABLE_SCOPE_BEGIN|[56]|wrapper|JobCardsController.JobWrapper|true|false
18:25:49.0 (111484747)|VARIABLE_ASSIGNMENT|[56]|wrapper|{}|0x749e87b3
18:25:49.0 (111487369)|STATEMENT_EXECUTE|[57]
18:25:49.0 (111521183)|VARIABLE_ASSIGNMENT|[57]|this.Id|"a0KBK00000GexdF2AR"|0x749e87b3
18:25:49.0 (111524136)|STATEMENT_EXECUTE|[58]
18:25:49.0 (111528726)|VARIABLE_ASSIGNMENT|[58]|this.JobPosition|"テスト424求人タイトル求人タイトル求人 (28 more) ..."|0x749e87b3
18:25:49.0 (111531501)|STATEMENT_EXECUTE|[59]
18:25:49.0 (111534827)|VARIABLE_ASSIGNMENT|[59]|this.WorkLocation2|null|0x749e87b3
18:25:49.0 (111537231)|STATEMENT_EXECUTE|[60]
18:25:49.0 (111540610)|VARIABLE_ASSIGNMENT|[60]|this.JobCategory1|"技術系（電気/電子/機械）"|0x749e87b3
18:25:49.0 (111543381)|STATEMENT_EXECUTE|[61]
18:25:49.0 (111547866)|VARIABLE_ASSIGNMENT|[61]|this.MaxAnnualSalary|350|0x749e87b3
18:25:49.0 (111550216)|STATEMENT_EXECUTE|[62]
18:25:49.0 (111553391)|VARIABLE_ASSIGNMENT|[62]|this.MinAnnualSalary|250|0x749e87b3
18:25:49.0 (111555911)|STATEMENT_EXECUTE|[63]
18:25:49.0 (111559422)|VARIABLE_ASSIGNMENT|[63]|this.JobDescription|"テスト424仕事内容仕事内容仕事内容仕事 (30 more) ..."|0x749e87b3
18:25:49.0 (111562136)|STATEMENT_EXECUTE|[64]
18:25:49.0 (111568354)|VARIABLE_ASSIGNMENT|[64]|this.LastModifiedDate|"2026-03-12T05:33:30.000Z"|0x749e87b3
18:25:49.0 (111570866)|STATEMENT_EXECUTE|[65]
18:25:49.0 (111575816)|VARIABLE_ASSIGNMENT|[65]|this.LastViewedDate|"2026-04-02T07:16:25.000Z"|0x749e87b3
18:25:49.0 (111578318)|STATEMENT_EXECUTE|[66]
18:25:49.0 (111584822)|HEAP_ALLOCATE|[66]|Bytes:5
18:25:49.0 (111587744)|VARIABLE_ASSIGNMENT|[66]|this.IsFavorite|false|0x749e87b3
18:25:49.0 (111590222)|STATEMENT_EXECUTE|[67]
18:25:49.0 (111593369)|HEAP_ALLOCATE|[EXTERNAL]|Bytes:4
18:25:49.0 (111613057)|HEAP_ALLOCATE|[55]|Bytes:5
18:25:49.0 (111618766)|HEAP_ALLOCATE|[55]|Bytes:36
18:25:49.0 (111622055)|VARIABLE_SCOPE_BEGIN|[55]|j|Job__c|true|false
18:25:49.0 (111659028)|VARIABLE_ASSIGNMENT|[55]|j|{"LastModifiedDate":"2026-03-09T05:51:50.000Z","JobPosition__c":"テスト403求人タイトル求人タイトル求人 (28 more) ...","LastViewedDate":"2026-04-02T10:23:00.000Z","Id":"a0KBK00000Gexcu2AB","MinAnnualSalary__c":900,"JobDescription__c":"テスト403仕事内容仕事内容仕事内容仕事 (30 more) ...","JobCategory1__c":"営業系","MaxAnnualSalary__c":600}|0x4ec0001d
18:25:49.0 (111665241)|STATEMENT_EXECUTE|[55]
18:25:49.0 (111666101)|STATEMENT_EXECUTE|[56]
18:25:49.0 (111667673)|HEAP_ALLOCATE|[56]|Bytes:44
18:25:49.0 (111670423)|CONSTRUCTOR_ENTRY|[56]|01pBK000001RGBP|<init>()|JobCardsController.JobWrapper
18:25:49.0 (111673603)|VARIABLE_SCOPE_BEGIN|[12]|this|JobCardsController.JobWrapper|true|false
18:25:49.0 (111682456)|VARIABLE_ASSIGNMENT|[12]|this|{}|0x49af39e3
18:25:49.0 (111689938)|STATEMENT_EXECUTE|[12]
18:25:49.0 (111690826)|STATEMENT_EXECUTE|[13]
18:25:49.0 (111691592)|STATEMENT_EXECUTE|[14]
18:25:49.0 (111692345)|STATEMENT_EXECUTE|[15]
18:25:49.0 (111693101)|STATEMENT_EXECUTE|[16]
18:25:49.0 (111693887)|STATEMENT_EXECUTE|[17]
18:25:49.0 (111694654)|STATEMENT_EXECUTE|[18]
18:25:49.0 (111695462)|STATEMENT_EXECUTE|[19]
18:25:49.0 (111696208)|STATEMENT_EXECUTE|[20]
18:25:49.0 (111696959)|STATEMENT_EXECUTE|[21]
18:25:49.0 (111697753)|STATEMENT_EXECUTE|[22]
18:25:49.0 (111699547)|CONSTRUCTOR_EXIT|[56]|01pBK000001RGBP|<init>()|JobCardsController.JobWrapper
18:25:49.0 (111702334)|VARIABLE_SCOPE_BEGIN|[56]|wrapper|JobCardsController.JobWrapper|true|false
18:25:49.0 (111708879)|VARIABLE_ASSIGNMENT|[56]|wrapper|{}|0x49af39e3
18:25:49.0 (111711293)|STATEMENT_EXECUTE|[57]
18:25:49.0 (111739789)|VARIABLE_ASSIGNMENT|[57]|this.Id|"a0KBK00000Gexcu2AB"|0x49af39e3
18:25:49.0 (111744676)|STATEMENT_EXECUTE|[58]
18:25:49.0 (111751416)|VARIABLE_ASSIGNMENT|[58]|this.JobPosition|"テスト403求人タイトル求人タイトル求人 (28 more) ..."|0x49af39e3
18:25:49.0 (111754682)|STATEMENT_EXECUTE|[59]
18:25:49.0 (111757689)|VARIABLE_ASSIGNMENT|[59]|this.WorkLocation2|null|0x49af39e3
18:25:49.0 (111760345)|STATEMENT_EXECUTE|[60]
18:25:49.0 (111763340)|VARIABLE_ASSIGNMENT|[60]|this.JobCategory1|"営業系"|0x49af39e3
18:25:49.0 (111766005)|STATEMENT_EXECUTE|[61]
18:25:49.0 (111770328)|VARIABLE_ASSIGNMENT|[61]|this.MaxAnnualSalary|600|0x49af39e3
18:25:49.0 (111772901)|STATEMENT_EXECUTE|[62]
18:25:49.0 (111776011)|VARIABLE_ASSIGNMENT|[62]|this.MinAnnualSalary|900|0x49af39e3
18:25:49.0 (111778412)|STATEMENT_EXECUTE|[63]
18:25:49.0 (111781886)|VARIABLE_ASSIGNMENT|[63]|this.JobDescription|"テスト403仕事内容仕事内容仕事内容仕事 (30 more) ..."|0x49af39e3
18:25:49.0 (111784799)|STATEMENT_EXECUTE|[64]
18:25:49.0 (111791499)|VARIABLE_ASSIGNMENT|[64]|this.LastModifiedDate|"2026-03-09T05:51:50.000Z"|0x49af39e3
18:25:49.0 (111793968)|STATEMENT_EXECUTE|[65]
18:25:49.0 (111798646)|VARIABLE_ASSIGNMENT|[65]|this.LastViewedDate|"2026-04-02T10:23:00.000Z"|0x49af39e3
18:25:49.0 (111801043)|STATEMENT_EXECUTE|[66]
18:25:49.0 (111807808)|HEAP_ALLOCATE|[66]|Bytes:5
18:25:49.0 (111810601)|VARIABLE_ASSIGNMENT|[66]|this.IsFavorite|true|0x49af39e3
18:25:49.0 (111813109)|STATEMENT_EXECUTE|[67]
18:25:49.0 (111815871)|HEAP_ALLOCATE|[EXTERNAL]|Bytes:4
18:25:49.0 (111821354)|HEAP_ALLOCATE|[55]|Bytes:5
18:25:49.0 (111825873)|HEAP_ALLOCATE|[55]|Bytes:36
18:25:49.0 (111828666)|VARIABLE_SCOPE_BEGIN|[55]|j|Job__c|true|false
18:25:49.0 (111860181)|VARIABLE_ASSIGNMENT|[55]|j|{"LastModifiedDate":"2026-03-09T05:51:49.000Z","JobPosition__c":"テスト402求人タイトル求人タイトル求人 (28 more) ...","LastViewedDate":"2026-03-18T09:45:33.000Z","Id":"a0KBK00000Gexct2AB","MinAnnualSalary__c":500,"JobDescription__c":"テスト402仕事内容仕事内容仕事内容仕事 (30 more) ...","JobCategory1__c":"営業系","MaxAnnualSalary__c":400}|0x71218409
18:25:49.0 (111866501)|STATEMENT_EXECUTE|[55]
18:25:49.0 (111867486)|STATEMENT_EXECUTE|[56]
18:25:49.0 (111868854)|HEAP_ALLOCATE|[56]|Bytes:44
18:25:49.0 (111871608)|CONSTRUCTOR_ENTRY|[56]|01pBK000001RGBP|<init>()|JobCardsController.JobWrapper
18:25:49.0 (111874638)|VARIABLE_SCOPE_BEGIN|[12]|this|JobCardsController.JobWrapper|true|false
18:25:49.0 (111883042)|VARIABLE_ASSIGNMENT|[12]|this|{}|0x19b726cc
18:25:49.0 (111890358)|STATEMENT_EXECUTE|[12]
18:25:49.0 (111891198)|STATEMENT_EXECUTE|[13]
18:25:49.0 (111891980)|STATEMENT_EXECUTE|[14]
18:25:49.0 (111892761)|STATEMENT_EXECUTE|[15]
18:25:49.0 (111893546)|STATEMENT_EXECUTE|[16]
18:25:49.0 (111894299)|STATEMENT_EXECUTE|[17]
18:25:49.0 (111895080)|STATEMENT_EXECUTE|[18]
18:25:49.0 (111895895)|STATEMENT_EXECUTE|[19]
18:25:49.0 (111896632)|STATEMENT_EXECUTE|[20]
18:25:49.0 (111897386)|STATEMENT_EXECUTE|[21]
18:25:49.0 (111898162)|STATEMENT_EXECUTE|[22]
18:25:49.0 (111899603)|CONSTRUCTOR_EXIT|[56]|01pBK000001RGBP|<init>()|JobCardsController.JobWrapper
18:25:49.0 (111902663)|VARIABLE_SCOPE_BEGIN|[56]|wrapper|JobCardsController.JobWrapper|true|false
18:25:49.0 (111909056)|VARIABLE_ASSIGNMENT|[56]|wrapper|{}|0x19b726cc
18:25:49.0 (111911537)|STATEMENT_EXECUTE|[57]
18:25:49.0 (111934364)|VARIABLE_ASSIGNMENT|[57]|this.Id|"a0KBK00000Gexct2AB"|0x19b726cc
18:25:49.0 (111937161)|STATEMENT_EXECUTE|[58]
18:25:49.0 (111941605)|VARIABLE_ASSIGNMENT|[58]|this.JobPosition|"テスト402求人タイトル求人タイトル求人 (28 more) ..."|0x19b726cc
18:25:49.0 (111944586)|STATEMENT_EXECUTE|[59]
18:25:49.0 (111947236)|VARIABLE_ASSIGNMENT|[59]|this.WorkLocation2|null|0x19b726cc
18:25:49.0 (111949910)|STATEMENT_EXECUTE|[60]
18:25:49.0 (111952653)|VARIABLE_ASSIGNMENT|[60]|this.JobCategory1|"営業系"|0x19b726cc
18:25:49.0 (111955476)|STATEMENT_EXECUTE|[61]
18:25:49.0 (111959633)|VARIABLE_ASSIGNMENT|[61]|this.MaxAnnualSalary|400|0x19b726cc
18:25:49.0 (111962243)|STATEMENT_EXECUTE|[62]
18:25:49.0 (111965397)|VARIABLE_ASSIGNMENT|[62]|this.MinAnnualSalary|500|0x19b726cc
18:25:49.0 (111967840)|STATEMENT_EXECUTE|[63]
18:25:49.0 (111971257)|VARIABLE_ASSIGNMENT|[63]|this.JobDescription|"テスト402仕事内容仕事内容仕事内容仕事 (30 more) ..."|0x19b726cc
18:25:49.0 (111974164)|STATEMENT_EXECUTE|[64]
18:25:49.0 (111980151)|VARIABLE_ASSIGNMENT|[64]|this.LastModifiedDate|"2026-03-09T05:51:49.000Z"|0x19b726cc
18:25:49.0 (111986575)|STATEMENT_EXECUTE|[65]
18:25:49.0 (111991546)|VARIABLE_ASSIGNMENT|[65]|this.LastViewedDate|"2026-03-18T09:45:33.000Z"|0x19b726cc
18:25:49.0 (111994031)|STATEMENT_EXECUTE|[66]
18:25:49.0 (112000011)|HEAP_ALLOCATE|[66]|Bytes:5
18:25:49.0 (112003632)|VARIABLE_ASSIGNMENT|[66]|this.IsFavorite|false|0x19b726cc
18:25:49.0 (112005951)|STATEMENT_EXECUTE|[67]
18:25:49.0 (112008753)|HEAP_ALLOCATE|[EXTERNAL]|Bytes:4
18:25:49.0 (112014104)|HEAP_ALLOCATE|[55]|Bytes:5
18:25:49.0 (112018413)|HEAP_ALLOCATE|[55]|Bytes:40
18:25:49.0 (112021236)|VARIABLE_SCOPE_BEGIN|[55]|j|Job__c|true|false
18:25:49.0 (112055700)|VARIABLE_ASSIGNMENT|[55]|j|{"LastModifiedDate":"2026-03-06T01:15:09.000Z","JobPosition__c":"千代田区(東京) 設備積算・大手サブコン (18 more) ...","WorkLocation2__c":"東京都千代田区","LastViewedDate":"2026-03-17T05:57:19.000Z","Id":"a0KBK00000GezgH2AR","MinAnnualSalary__c":400,"JobDescription__c":"事務所ビルや商業施設、工場など、多様な建 (105 more) ...","JobCategory1__c":"営業系","MaxAnnualSalary__c":650}|0x353eebb0
18:25:49.0 (112061936)|STATEMENT_EXECUTE|[55]
18:25:49.0 (112062847)|STATEMENT_EXECUTE|[56]
18:25:49.0 (112064333)|HEAP_ALLOCATE|[56]|Bytes:44
18:25:49.0 (112066780)|CONSTRUCTOR_ENTRY|[56]|01pBK000001RGBP|<init>()|JobCardsController.JobWrapper
18:25:49.0 (112069912)|VARIABLE_SCOPE_BEGIN|[12]|this|JobCardsController.JobWrapper|true|false
18:25:49.0 (112078165)|VARIABLE_ASSIGNMENT|[12]|this|{}|0x26f16006
18:25:49.0 (112085017)|STATEMENT_EXECUTE|[12]
18:25:49.0 (112085922)|STATEMENT_EXECUTE|[13]
18:25:49.0 (112086690)|STATEMENT_EXECUTE|[14]
18:25:49.0 (112087474)|STATEMENT_EXECUTE|[15]
18:25:49.0 (112088248)|STATEMENT_EXECUTE|[16]
18:25:49.0 (112089003)|STATEMENT_EXECUTE|[17]
18:25:49.0 (112089775)|STATEMENT_EXECUTE|[18]
18:25:49.0 (112090530)|STATEMENT_EXECUTE|[19]
18:25:49.0 (112091291)|STATEMENT_EXECUTE|[20]
18:25:49.0 (112092050)|STATEMENT_EXECUTE|[21]
18:25:49.0 (112092795)|STATEMENT_EXECUTE|[22]
18:25:49.0 (112094194)|CONSTRUCTOR_EXIT|[56]|01pBK000001RGBP|<init>()|JobCardsController.JobWrapper
18:25:49.0 (112097153)|VARIABLE_SCOPE_BEGIN|[56]|wrapper|JobCardsController.JobWrapper|true|false
18:25:49.0 (112103845)|VARIABLE_ASSIGNMENT|[56]|wrapper|{}|0x26f16006
18:25:49.0 (112106542)|STATEMENT_EXECUTE|[57]
18:25:49.0 (112128505)|VARIABLE_ASSIGNMENT|[57]|this.Id|"a0KBK00000GezgH2AR"|0x26f16006
18:25:49.0 (112131305)|STATEMENT_EXECUTE|[58]
18:25:49.0 (112135752)|VARIABLE_ASSIGNMENT|[58]|this.JobPosition|"千代田区(東京) 設備積算・大手サブコン (18 more) ..."|0x26f16006
18:25:49.0 (112138591)|STATEMENT_EXECUTE|[59]
18:25:49.0 (112141736)|VARIABLE_ASSIGNMENT|[59]|this.WorkLocation2|"東京都千代田区"|0x26f16006
18:25:49.0 (112144599)|STATEMENT_EXECUTE|[60]
18:25:49.0 (112147365)|VARIABLE_ASSIGNMENT|[60]|this.JobCategory1|"営業系"|0x26f16006
18:25:49.0 (112150118)|STATEMENT_EXECUTE|[61]
18:25:49.0 (112154187)|VARIABLE_ASSIGNMENT|[61]|this.MaxAnnualSalary|650|0x26f16006
18:25:49.0 (112156847)|STATEMENT_EXECUTE|[62]
18:25:49.0 (112160125)|VARIABLE_ASSIGNMENT|[62]|this.MinAnnualSalary|400|0x26f16006
18:25:49.0 (112162580)|STATEMENT_EXECUTE|[63]
18:25:49.0 (112166263)|VARIABLE_ASSIGNMENT|[63]|this.JobDescription|"事務所ビルや商業施設、工場など、多様な建 (105 more) ..."|0x26f16006
18:25:49.0 (112169388)|STATEMENT_EXECUTE|[64]
18:25:49.0 (112175472)|VARIABLE_ASSIGNMENT|[64]|this.LastModifiedDate|"2026-03-06T01:15:09.000Z"|0x26f16006
18:25:49.0 (112177951)|STATEMENT_EXECUTE|[65]
18:25:49.0 (112182650)|VARIABLE_ASSIGNMENT|[65]|this.LastViewedDate|"2026-03-17T05:57:19.000Z"|0x26f16006
18:25:49.0 (112185022)|STATEMENT_EXECUTE|[66]
18:25:49.0 (112190795)|HEAP_ALLOCATE|[66]|Bytes:5
18:25:49.0 (112193633)|VARIABLE_ASSIGNMENT|[66]|this.IsFavorite|false|0x26f16006
18:25:49.0 (112196067)|STATEMENT_EXECUTE|[67]
18:25:49.0 (112198644)|HEAP_ALLOCATE|[EXTERNAL]|Bytes:4
18:25:49.0 (112204087)|HEAP_ALLOCATE|[55]|Bytes:5
18:25:49.0 (112207956)|HEAP_ALLOCATE|[55]|Bytes:36
18:25:49.0 (112210607)|VARIABLE_SCOPE_BEGIN|[55]|j|Job__c|true|false
18:25:49.0 (112242810)|VARIABLE_ASSIGNMENT|[55]|j|{"LastModifiedDate":"2026-02-06T01:25:17.000Z","JobPosition__c":"テスト467求人タイトル求人タイトル求人 (28 more) ...","LastViewedDate":"2026-04-02T09:39:31.000Z","Id":"a0KBK00000Gexdw2AB","MinAnnualSalary__c":216,"JobDescription__c":"テスト467仕事内容仕事内容仕事内容仕事 (30 more) ...","JobCategory1__c":"管理部門/事務系","MaxAnnualSalary__c":0}|0x3d381a25
18:25:49.0 (112248686)|STATEMENT_EXECUTE|[55]
18:25:49.0 (112249549)|STATEMENT_EXECUTE|[56]
18:25:49.0 (112251015)|HEAP_ALLOCATE|[56]|Bytes:44
18:25:49.0 (112253566)|CONSTRUCTOR_ENTRY|[56]|01pBK000001RGBP|<init>()|JobCardsController.JobWrapper
18:25:49.0 (112256511)|VARIABLE_SCOPE_BEGIN|[12]|this|JobCardsController.JobWrapper|true|false
18:25:49.0 (112264760)|VARIABLE_ASSIGNMENT|[12]|this|{}|0x26d2c874
18:25:49.0 (112271329)|STATEMENT_EXECUTE|[12]
18:25:49.0 (112272173)|STATEMENT_EXECUTE|[13]
18:25:49.0 (112272977)|STATEMENT_EXECUTE|[14]
18:25:49.0 (112273752)|STATEMENT_EXECUTE|[15]
18:25:49.0 (112274596)|STATEMENT_EXECUTE|[16]
18:25:49.0 (112275435)|STATEMENT_EXECUTE|[17]
18:25:49.0 (112276250)|STATEMENT_EXECUTE|[18]
18:25:49.0 (112277001)|STATEMENT_EXECUTE|[19]
18:25:49.0 (112277751)|STATEMENT_EXECUTE|[20]
18:25:49.0 (112278497)|STATEMENT_EXECUTE|[21]
18:25:49.0 (112279354)|STATEMENT_EXECUTE|[22]
18:25:49.0 (112280773)|CONSTRUCTOR_EXIT|[56]|01pBK000001RGBP|<init>()|JobCardsController.JobWrapper
18:25:49.0 (112283484)|VARIABLE_SCOPE_BEGIN|[56]|wrapper|JobCardsController.JobWrapper|true|false
18:25:49.0 (112290005)|VARIABLE_ASSIGNMENT|[56]|wrapper|{}|0x26d2c874
18:25:49.0 (112292392)|STATEMENT_EXECUTE|[57]
18:25:49.0 (112387672)|VARIABLE_ASSIGNMENT|[57]|this.Id|"a0KBK00000Gexdw2AB"|0x26d2c874
18:25:49.0 (112392770)|STATEMENT_EXECUTE|[58]
18:25:49.0 (112400180)|VARIABLE_ASSIGNMENT|[58]|this.JobPosition|"テスト467求人タイトル求人タイトル求人 (28 more) ..."|0x26d2c874
18:25:49.0 (112404872)|STATEMENT_EXECUTE|[59]
18:25:49.0 (112409161)|VARIABLE_ASSIGNMENT|[59]|this.WorkLocation2|null|0x26d2c874
18:25:49.0 (112412698)|STATEMENT_EXECUTE|[60]
18:25:49.0 (112416802)|VARIABLE_ASSIGNMENT|[60]|this.JobCategory1|"管理部門/事務系"|0x26d2c874
18:25:49.0 (112420837)|STATEMENT_EXECUTE|[61]
18:25:49.0 (112446351)|HEAP_ALLOCATE|[61]|Bytes:28
18:25:49.0 (112453200)|VARIABLE_ASSIGNMENT|[61]|this.MaxAnnualSalary|0|0x26d2c874
18:25:49.0 (112456830)|STATEMENT_EXECUTE|[62]
18:25:49.0 (112462424)|VARIABLE_ASSIGNMENT|[62]|this.MinAnnualSalary|216|0x26d2c874
18:25:49.0 (112466950)|STATEMENT_EXECUTE|[63]
18:25:49.0 (112471192)|VARIABLE_ASSIGNMENT|[63]|this.JobDescription|"テスト467仕事内容仕事内容仕事内容仕事 (30 more) ..."|0x26d2c874
18:25:49.0 (112474410)|STATEMENT_EXECUTE|[64]
18:25:49.0 (112484531)|VARIABLE_ASSIGNMENT|[64]|this.LastModifiedDate|"2026-02-06T01:25:17.000Z"|0x26d2c874
18:25:49.0 (112487186)|STATEMENT_EXECUTE|[65]
18:25:49.0 (112492033)|VARIABLE_ASSIGNMENT|[65]|this.LastViewedDate|"2026-04-02T09:39:31.000Z"|0x26d2c874
18:25:49.0 (112494587)|STATEMENT_EXECUTE|[66]
18:25:49.0 (112503692)|HEAP_ALLOCATE|[66]|Bytes:5
18:25:49.0 (112506795)|VARIABLE_ASSIGNMENT|[66]|this.IsFavorite|false|0x26d2c874
18:25:49.0 (112509175)|STATEMENT_EXECUTE|[67]
18:25:49.0 (112512649)|HEAP_ALLOCATE|[EXTERNAL]|Bytes:4
18:25:49.0 (112519590)|HEAP_ALLOCATE|[55]|Bytes:5
18:25:49.0 (112526202)|HEAP_ALLOCATE|[55]|Bytes:36
18:25:49.0 (112530026)|VARIABLE_SCOPE_BEGIN|[55]|j|Job__c|true|false
18:25:49.0 (112575394)|VARIABLE_ASSIGNMENT|[55]|j|{"LastModifiedDate":"2026-02-05T00:50:25.000Z","JobPosition__c":"テスト297求人タイトル求人タイトル求人 (28 more) ...","LastViewedDate":"2026-03-28T05:28:09.000Z","Id":"a0KBK00000Gezpx2AB","MinAnnualSalary__c":350,"JobDescription__c":"テスト297仕事内容仕事内容仕事内容仕事 (30 more) ...","JobCategory1__c":"IT系（ソフトウェア/ネットワーク）","MaxAnnualSalary__c":600}|0x73b63577
18:25:49.0 (112581970)|STATEMENT_EXECUTE|[55]
18:25:49.0 (112582890)|STATEMENT_EXECUTE|[56]
18:25:49.0 (112585130)|HEAP_ALLOCATE|[56]|Bytes:44
18:25:49.0 (112588460)|CONSTRUCTOR_ENTRY|[56]|01pBK000001RGBP|<init>()|JobCardsController.JobWrapper
18:25:49.0 (112592430)|VARIABLE_SCOPE_BEGIN|[12]|this|JobCardsController.JobWrapper|true|false
18:25:49.0 (112604692)|VARIABLE_ASSIGNMENT|[12]|this|{}|0x16828d6c
18:25:49.0 (112613360)|STATEMENT_EXECUTE|[12]
18:25:49.0 (112614289)|STATEMENT_EXECUTE|[13]
18:25:49.0 (112615052)|STATEMENT_EXECUTE|[14]
18:25:49.0 (112615837)|STATEMENT_EXECUTE|[15]
18:25:49.0 (112616637)|STATEMENT_EXECUTE|[16]
18:25:49.0 (112617495)|STATEMENT_EXECUTE|[17]
18:25:49.0 (112618276)|STATEMENT_EXECUTE|[18]
18:25:49.0 (112619085)|STATEMENT_EXECUTE|[19]
18:25:49.0 (112619860)|STATEMENT_EXECUTE|[20]
18:25:49.0 (112620675)|STATEMENT_EXECUTE|[21]
18:25:49.0 (112621416)|STATEMENT_EXECUTE|[22]
18:25:49.0 (112622912)|CONSTRUCTOR_EXIT|[56]|01pBK000001RGBP|<init>()|JobCardsController.JobWrapper
18:25:49.0 (112625888)|VARIABLE_SCOPE_BEGIN|[56]|wrapper|JobCardsController.JobWrapper|true|false
18:25:49.0 (112632820)|VARIABLE_ASSIGNMENT|[56]|wrapper|{}|0x16828d6c
18:25:49.0 (112635356)|STATEMENT_EXECUTE|[57]
18:25:49.0 (112665898)|VARIABLE_ASSIGNMENT|[57]|this.Id|"a0KBK00000Gezpx2AB"|0x16828d6c
18:25:49.0 (112668834)|STATEMENT_EXECUTE|[58]
18:25:49.0 (112673310)|VARIABLE_ASSIGNMENT|[58]|this.JobPosition|"テスト297求人タイトル求人タイトル求人 (28 more) ..."|0x16828d6c
18:25:49.0 (112676165)|STATEMENT_EXECUTE|[59]
18:25:49.0 (112678857)|VARIABLE_ASSIGNMENT|[59]|this.WorkLocation2|null|0x16828d6c
18:25:49.0 (112681215)|STATEMENT_EXECUTE|[60]
18:25:49.0 (112684497)|VARIABLE_ASSIGNMENT|[60]|this.JobCategory1|"IT系（ソフトウェア/ネットワーク）"|0x16828d6c
18:25:49.0 (112687453)|STATEMENT_EXECUTE|[61]
18:25:49.0 (112692236)|VARIABLE_ASSIGNMENT|[61]|this.MaxAnnualSalary|600|0x16828d6c
18:25:49.0 (112694895)|STATEMENT_EXECUTE|[62]
18:25:49.0 (112698054)|VARIABLE_ASSIGNMENT|[62]|this.MinAnnualSalary|350|0x16828d6c
18:25:49.0 (112700417)|STATEMENT_EXECUTE|[63]
18:25:49.0 (112703988)|VARIABLE_ASSIGNMENT|[63]|this.JobDescription|"テスト297仕事内容仕事内容仕事内容仕事 (30 more) ..."|0x16828d6c
18:25:49.0 (112706905)|STATEMENT_EXECUTE|[64]
18:25:49.0 (112713635)|VARIABLE_ASSIGNMENT|[64]|this.LastModifiedDate|"2026-02-05T00:50:25.000Z"|0x16828d6c
18:25:49.0 (112716165)|STATEMENT_EXECUTE|[65]
18:25:49.0 (112721155)|VARIABLE_ASSIGNMENT|[65]|this.LastViewedDate|"2026-03-28T05:28:09.000Z"|0x16828d6c
18:25:49.0 (112723593)|STATEMENT_EXECUTE|[66]
18:25:49.0 (112730024)|HEAP_ALLOCATE|[66]|Bytes:5
18:25:49.0 (112732865)|VARIABLE_ASSIGNMENT|[66]|this.IsFavorite|false|0x16828d6c
18:25:49.0 (112735348)|STATEMENT_EXECUTE|[67]
18:25:49.0 (112738678)|HEAP_ALLOCATE|[EXTERNAL]|Bytes:4
18:25:49.0 (112743803)|HEAP_ALLOCATE|[55]|Bytes:5
18:25:49.0 (112748285)|HEAP_ALLOCATE|[55]|Bytes:36
18:25:49.0 (112751103)|VARIABLE_SCOPE_BEGIN|[55]|j|Job__c|true|false
18:25:49.0 (112783980)|VARIABLE_ASSIGNMENT|[55]|j|{"LastModifiedDate":"2026-02-05T00:49:22.000Z","JobPosition__c":"テスト407求人タイトル求人タイトル求人 (28 more) ...","LastViewedDate":"2026-03-18T09:45:42.000Z","Id":"a0KBK00000Gexcy2AB","MinAnnualSalary__c":350,"JobDescription__c":"テスト407仕事内容仕事内容仕事内容仕事 (30 more) ...","JobCategory1__c":"営業系","MaxAnnualSalary__c":450}|0xecaf6c4
18:25:49.0 (112790340)|STATEMENT_EXECUTE|[55]
18:25:49.0 (112791298)|STATEMENT_EXECUTE|[56]
18:25:49.0 (112792851)|HEAP_ALLOCATE|[56]|Bytes:44
18:25:49.0 (112795624)|CONSTRUCTOR_ENTRY|[56]|01pBK000001RGBP|<init>()|JobCardsController.JobWrapper
18:25:49.0 (112798983)|VARIABLE_SCOPE_BEGIN|[12]|this|JobCardsController.JobWrapper|true|false
18:25:49.0 (112807374)|VARIABLE_ASSIGNMENT|[12]|this|{}|0x36a34836
18:25:49.0 (112814265)|STATEMENT_EXECUTE|[12]
18:25:49.0 (112815259)|STATEMENT_EXECUTE|[13]
18:25:49.0 (112816032)|STATEMENT_EXECUTE|[14]
18:25:49.0 (112816807)|STATEMENT_EXECUTE|[15]
18:25:49.0 (112817814)|STATEMENT_EXECUTE|[16]
18:25:49.0 (112819070)|STATEMENT_EXECUTE|[17]
18:25:49.0 (112820289)|STATEMENT_EXECUTE|[18]
18:25:49.0 (112821272)|STATEMENT_EXECUTE|[19]
18:25:49.0 (112822192)|STATEMENT_EXECUTE|[20]
18:25:49.0 (112823197)|STATEMENT_EXECUTE|[21]
18:25:49.0 (112824047)|STATEMENT_EXECUTE|[22]
18:25:49.0 (112826205)|CONSTRUCTOR_EXIT|[56]|01pBK000001RGBP|<init>()|JobCardsController.JobWrapper
18:25:49.0 (112830456)|VARIABLE_SCOPE_BEGIN|[56]|wrapper|JobCardsController.JobWrapper|true|false
18:25:49.0 (112840480)|VARIABLE_ASSIGNMENT|[56]|wrapper|{}|0x36a34836
18:25:49.0 (112844074)|STATEMENT_EXECUTE|[57]
18:25:49.0 (112881270)|VARIABLE_ASSIGNMENT|[57]|this.Id|"a0KBK00000Gexcy2AB"|0x36a34836
18:25:49.0 (112886790)|STATEMENT_EXECUTE|[58]
18:25:49.0 (112892030)|VARIABLE_ASSIGNMENT|[58]|this.JobPosition|"テスト407求人タイトル求人タイトル求人 (28 more) ..."|0x36a34836
18:25:49.0 (112895025)|STATEMENT_EXECUTE|[59]
18:25:49.0 (112898230)|VARIABLE_ASSIGNMENT|[59]|this.WorkLocation2|null|0x36a34836
18:25:49.0 (112900675)|STATEMENT_EXECUTE|[60]
18:25:49.0 (112903646)|VARIABLE_ASSIGNMENT|[60]|this.JobCategory1|"営業系"|0x36a34836
18:25:49.0 (112906310)|STATEMENT_EXECUTE|[61]
18:25:49.0 (112910954)|VARIABLE_ASSIGNMENT|[61]|this.MaxAnnualSalary|450|0x36a34836
18:25:49.0 (112913422)|STATEMENT_EXECUTE|[62]
18:25:49.0 (112916626)|VARIABLE_ASSIGNMENT|[62]|this.MinAnnualSalary|350|0x36a34836
18:25:49.0 (112919010)|STATEMENT_EXECUTE|[63]
18:25:49.0 (112922550)|VARIABLE_ASSIGNMENT|[63]|this.JobDescription|"テスト407仕事内容仕事内容仕事内容仕事 (30 more) ..."|0x36a34836
18:25:49.0 (112960045)|STATEMENT_EXECUTE|[64]
18:25:49.0 (112973330)|VARIABLE_ASSIGNMENT|[64]|this.LastModifiedDate|"2026-02-05T00:49:22.000Z"|0x36a34836
18:25:49.0 (112977942)|STATEMENT_EXECUTE|[65]
18:25:49.0 (112983517)|VARIABLE_ASSIGNMENT|[65]|this.LastViewedDate|"2026-03-18T09:45:42.000Z"|0x36a34836
18:25:49.0 (112986019)|STATEMENT_EXECUTE|[66]
18:25:49.0 (112996227)|HEAP_ALLOCATE|[66]|Bytes:5
18:25:49.0 (112999523)|VARIABLE_ASSIGNMENT|[66]|this.IsFavorite|false|0x36a34836
18:25:49.0 (113002072)|STATEMENT_EXECUTE|[67]
18:25:49.0 (113006334)|HEAP_ALLOCATE|[EXTERNAL]|Bytes:4
18:25:49.0 (113013462)|HEAP_ALLOCATE|[55]|Bytes:5
18:25:49.0 (113020208)|VARIABLE_ASSIGNMENT|[55]|j|null|
18:25:49.0 (113024350)|STATEMENT_EXECUTE|[69]
18:25:49.113 (113076223)|CUMULATIVE_LIMIT_USAGE
18:25:49.113 (113076223)|LIMIT_USAGE_FOR_NS|(default)|
  Number of SOQL queries: 2 out of 100
  Number of query rows: 14 out of 50000
  Number of SOSL queries: 0 out of 20
  Number of DML statements: 0 out of 150
  Number of Publish Immediate DML: 0 out of 150
  Number of DML rows: 0 out of 10000
  Maximum CPU time: 0 out of 10000
  Maximum heap size: 0 out of 6000000
  Number of callouts: 0 out of 100
  Number of Email Invocations: 0 out of 10
  Number of future calls: 0 out of 50
  Number of queueable jobs added to the queue: 0 out of 50
  Number of Mobile Apex push calls: 0 out of 10

18:25:49.113 (113076223)|CUMULATIVE_LIMIT_USAGE_END

18:25:49.0 (113103382)|CODE_UNIT_FINISHED|JobCardsController.getJobs()
18:25:49.0 (113279894)|CODE_UNIT_FINISHED|apex://JobCardsController/ACTION$getJobs
18:25:49.0 (113284419)|EXECUTION_FINISHED
