66.0 APEX_CODE,FINEST;APEX_PROFILING,INFO;CALLOUT,INFO;DATA_ACCESS,INFO;DB,INFO;NBA,INFO;SYSTEM,DEBUG;VALIDATION,INFO;VISUALFORCE,INFO;WAVE,INFO;WORKFLOW,INFO
16:04:06.0 (668809)|USER_INFO|[EXTERNAL]|0057F0000042UBb|ishibashi@hurex.co.jp.dev1|(GMT+09:00) 日本標準時 (Asia/Tokyo)|GMT+09:00
16:04:06.0 (706723)|EXECUTION_STARTED
16:04:06.0 (717879)|CODE_UNIT_STARTED|[EXTERNAL]|apex://CustomNotificationController/ACTION$getNotifications
16:04:06.0 (1776753)|CODE_UNIT_STARTED|[EXTERNAL]|01pBK000001VvEL|CustomNotificationController.getNotifications(String)
16:04:06.0 (5295762)|HEAP_ALLOCATE|[95]|Bytes:3
16:04:06.0 (5406374)|HEAP_ALLOCATE|[100]|Bytes:152
16:04:06.0 (5426083)|HEAP_ALLOCATE|[417]|Bytes:408
16:04:06.0 (5441554)|HEAP_ALLOCATE|[430]|Bytes:408
16:04:06.0 (5464388)|HEAP_ALLOCATE|[317]|Bytes:6
16:04:06.0 (5524786)|HEAP_ALLOCATE|[EXTERNAL]|Bytes:7
16:04:06.0 (5535744)|METHOD_ENTRY|[1]|01pBK000001VvEL|CustomNotificationController.CustomNotificationController()
16:04:06.0 (5540791)|STATEMENT_EXECUTE|[1]
16:04:06.0 (5545714)|STATEMENT_EXECUTE|[1]
16:04:06.0 (5568798)|HEAP_ALLOCATE|[68]|Bytes:5
16:04:06.0 (5590991)|HEAP_ALLOCATE|[74]|Bytes:5
16:04:06.0 (5596085)|HEAP_ALLOCATE|[82]|Bytes:7
16:04:06.0 (5778892)|HEAP_ALLOCATE|[EXTERNAL]|Bytes:5
16:04:06.0 (5788596)|METHOD_EXIT|[1]|CustomNotificationController
16:04:06.0 (5794893)|VARIABLE_SCOPE_BEGIN|[5]|before|String|false|false
16:04:06.0 (5821738)|VARIABLE_ASSIGNMENT|[5]|before|null
16:04:06.0 (5831883)|HEAP_ALLOCATE|[6]|Bytes:5
16:04:06.0 (5834728)|STATEMENT_EXECUTE|[5]
16:04:06.0 (5835860)|STATEMENT_EXECUTE|[6]
16:04:06.0 (5858142)|VARIABLE_SCOPE_BEGIN|[6]|req|System.HttpRequest|true|false
16:04:06.0 (6070076)|VARIABLE_ASSIGNMENT|[6]|req|"System.HttpRequest[Endpoint=null, Method=null]"|0x47d1c114
16:04:06.0 (6075607)|STATEMENT_EXECUTE|[7]
16:04:06.0 (6077865)|HEAP_ALLOCATE|[7]|Bytes:3
16:04:06.0 (6145987)|STATEMENT_EXECUTE|[8]
16:04:06.0 (6147587)|HEAP_ALLOCATE|[8]|Bytes:13
16:04:06.0 (6150182)|HEAP_ALLOCATE|[8]|Bytes:7
16:04:06.0 (6239678)|HEAP_ALLOCATE|[8]|Bytes:105
16:04:06.0 (6252418)|SYSTEM_METHOD_ENTRY|[1]|UserInfo.UserInfo()
16:04:06.0 (6255608)|STATEMENT_EXECUTE|[1]
16:04:06.0 (6262433)|SYSTEM_METHOD_EXIT|[1]|UserInfo
16:04:06.0 (6292591)|METHOD_ENTRY|[8]||System.UserInfo.getSessionId()
16:04:06.0 (14380281)|METHOD_EXIT|[8]||System.UserInfo.getSessionId()
16:04:06.0 (14421648)|HEAP_ALLOCATE|[8]|Bytes:119
16:04:06.0 (14658944)|STATEMENT_EXECUTE|[10]
16:04:06.0 (14749225)|HEAP_ALLOCATE|[10]|Bytes:67
16:04:06.0 (14773773)|SYSTEM_METHOD_ENTRY|[1]|Url.Url()
16:04:06.0 (14777678)|STATEMENT_EXECUTE|[1]
16:04:06.0 (14784490)|SYSTEM_METHOD_EXIT|[1]|Url
16:04:06.0 (14799604)|METHOD_ENTRY|[10]||System.Url.getOrgDomainUrl()
16:04:06.0 (15022454)|METHOD_EXIT|[10]||System.Url.getOrgDomainUrl()
16:04:06.0 (15040803)|METHOD_ENTRY|[10]||System.Url.toExternalForm()
16:04:06.0 (15071450)|METHOD_EXIT|[10]||System.Url.toExternalForm()
16:04:06.0 (15076153)|VARIABLE_SCOPE_BEGIN|[10]|domainPath|String|false|false
16:04:06.0 (15099727)|VARIABLE_ASSIGNMENT|[10]|domainPath|"https://hurex--dev1. (25 more) ..."
16:04:06.0 (15102883)|STATEMENT_EXECUTE|[11]
16:04:06.0 (15105336)|HEAP_ALLOCATE|[11]|Bytes:50
16:04:06.0 (15113062)|HEAP_ALLOCATE|[11]|Bytes:95
16:04:06.0 (15115588)|VARIABLE_SCOPE_BEGIN|[11]|endpoint|String|false|false
16:04:06.0 (15120855)|VARIABLE_ASSIGNMENT|[11]|endpoint|"https://hurex--dev1. (75 more) ..."
16:04:06.0 (15168170)|STATEMENT_EXECUTE|[13]
16:04:06.0 (15169248)|STATEMENT_EXECUTE|[16]
16:04:06.0 (15196458)|STATEMENT_EXECUTE|[18]
16:04:06.0 (15213550)|VARIABLE_SCOPE_BEGIN|[18]|http|System.Http|true|false
16:04:06.0 (15336182)|VARIABLE_ASSIGNMENT|[18]|http|"System.Http[]"|0x337dce2e
16:04:06.0 (15340067)|STATEMENT_EXECUTE|[19]
16:04:06.0 (15414982)|CALLOUT_REQUEST|[19]|System.HttpRequest[Endpoint=https://hurex--dev1.sandbox.my.salesforce.com/services/data/v56.0/connect/notifications?size=20, Method=GET]
16:04:06.0 (317205271)|HEAP_ALLOCATE|[EXTERNAL]|Bytes:15126
16:04:06.0 (320049470)|CALLOUT_RESPONSE|[19]|System.HttpResponse[Status=OK, StatusCode=200]
16:04:06.0 (320086347)|HEAP_ALLOCATE|[19]|Bytes:14281
16:04:06.0 (320126527)|VARIABLE_SCOPE_BEGIN|[19]|res|System.HttpResponse|true|false
16:04:06.0 (320227075)|VARIABLE_ASSIGNMENT|[19]|res|"System.HttpResponse[Status=OK, StatusCode=200]"|0x23d4c980
16:04:06.0 (320307194)|STATEMENT_EXECUTE|[21]
16:04:06.0 (320309205)|STATEMENT_EXECUTE|[22]
16:04:06.0 (321023334)|HEAP_ALLOCATE|[22]|Bytes:13995
16:04:06.321 (321079209)|CUMULATIVE_LIMIT_USAGE
16:04:06.321 (321079209)|LIMIT_USAGE_FOR_NS|(default)|
  Number of SOQL queries: 0 out of 100
  Number of query rows: 0 out of 50000
  Number of SOSL queries: 0 out of 20
  Number of DML statements: 0 out of 150
  Number of Publish Immediate DML: 0 out of 150
  Number of DML rows: 0 out of 10000
  Maximum CPU time: 0 out of 10000
  Maximum heap size: 0 out of 6000000
  Number of callouts: 1 out of 100
  Number of Email Invocations: 0 out of 10
  Number of future calls: 0 out of 50
  Number of queueable jobs added to the queue: 0 out of 50
  Number of Mobile Apex push calls: 0 out of 10

16:04:06.321 (321079209)|CUMULATIVE_LIMIT_USAGE_END

16:04:06.0 (321117661)|CODE_UNIT_FINISHED|CustomNotificationController.getNotifications(String)
16:04:06.0 (321318444)|CODE_UNIT_FINISHED|apex://CustomNotificationController/ACTION$getNotifications
16:04:06.0 (321325616)|EXECUTION_FINISHED
