66.0 APEX_CODE,FINEST;APEX_PROFILING,INFO;CALLOUT,INFO;DATA_ACCESS,INFO;DB,INFO;NBA,INFO;SYSTEM,DEBUG;VALIDATION,INFO;VISUALFORCE,INFO;WAVE,INFO;WORKFLOW,INFO
12:26:11.0 (473501)|USER_INFO|[EXTERNAL]|0057F0000042UBb|ishibashi@hurex.co.jp.dev1|(GMT+09:00) 日本標準時 (Asia/Tokyo)|GMT+09:00
12:26:11.0 (527262)|EXECUTION_STARTED
12:26:11.0 (550503)|CODE_UNIT_STARTED|[EXTERNAL]|apex://ProcessController/ACTION$getProcesses
12:26:11.0 (2401413)|CODE_UNIT_STARTED|[EXTERNAL]|01pBK000001TU29|ProcessController.getProcesses()
12:26:11.0 (2825843)|HEAP_ALLOCATE|[95]|Bytes:3
12:26:11.0 (2944495)|HEAP_ALLOCATE|[100]|Bytes:152
12:26:11.0 (2966927)|HEAP_ALLOCATE|[417]|Bytes:408
12:26:11.0 (2990720)|HEAP_ALLOCATE|[430]|Bytes:408
12:26:11.0 (3022440)|HEAP_ALLOCATE|[317]|Bytes:6
12:26:11.0 (3039937)|HEAP_ALLOCATE|[EXTERNAL]|Bytes:1
12:26:11.0 (3067809)|METHOD_ENTRY|[1]|01pBK000001TU29|ProcessController.ProcessController()
12:26:11.0 (3078999)|STATEMENT_EXECUTE|[1]
12:26:11.0 (3082600)|STATEMENT_EXECUTE|[1]
12:26:11.0 (3104472)|HEAP_ALLOCATE|[68]|Bytes:5
12:26:11.0 (3137326)|HEAP_ALLOCATE|[74]|Bytes:5
12:26:11.0 (3145400)|HEAP_ALLOCATE|[82]|Bytes:7
12:26:11.0 (3342031)|HEAP_ALLOCATE|[EXTERNAL]|Bytes:5
12:26:11.0 (3362934)|METHOD_EXIT|[1]|ProcessController
12:26:11.0 (3377919)|HEAP_ALLOCATE|[4]|Bytes:5
12:26:11.0 (3381844)|STATEMENT_EXECUTE|[3]
12:26:11.0 (3383315)|STATEMENT_EXECUTE|[4]
12:26:11.0 (3386043)|HEAP_ALLOCATE|[4]|Bytes:379
12:26:11.0 (3409618)|HEAP_ALLOCATE|[4]|Bytes:4
12:26:11.0 (6127245)|SOQL_EXECUTE_BEGIN|[4]|Aggregations:0|SELECT Id, JobPosition__c, LastModifiedDate, LatestProcessStatus__c, JobPosition__r.Id, JobPosition__r.Company__r.Name, JobPosition__r.JobPosition__c, JobPosition__r.JobCategory1__c, JobPosition__r.WorkLocation2__c, JobPosition__r.LastViewedDate FROM SelectionProcess__c WHERE (LatestProcessStatus__c != NULL AND JobPosition__c != NULL) ORDER BY LastModifiedDate DESC NULLS FIRST
12:26:11.0 (57355713)|SOQL_EXECUTE_END|[4]|Rows:10
12:26:11.0 (57398388)|HEAP_ALLOCATE|[4]|Bytes:44
12:26:11.0 (57431442)|HEAP_ALLOCATE|[4]|Bytes:3111
12:26:11.0 (57498131)|HEAP_ALLOCATE|[4]|Bytes:44
12:26:11.57 (57599290)|CUMULATIVE_LIMIT_USAGE
12:26:11.57 (57599290)|LIMIT_USAGE_FOR_NS|(default)|
  Number of SOQL queries: 1 out of 100
  Number of query rows: 10 out of 50000
  Number of SOSL queries: 0 out of 20
  Number of DML statements: 0 out of 0
  Number of Publish Immediate DML: 0 out of 150
  Number of DML rows: 0 out of 10000
  Maximum CPU time: 0 out of 10000
  Maximum heap size: 0 out of 6000000
  Number of callouts: 0 out of 100
  Number of Email Invocations: 0 out of 10
  Number of future calls: 0 out of 50
  Number of queueable jobs added to the queue: 0 out of 50
  Number of Mobile Apex push calls: 0 out of 10

12:26:11.57 (57599290)|CUMULATIVE_LIMIT_USAGE_END

12:26:11.0 (57656375)|CODE_UNIT_FINISHED|ProcessController.getProcesses()
12:26:11.0 (57882232)|CODE_UNIT_FINISHED|apex://ProcessController/ACTION$getProcesses
12:26:11.0 (57891950)|EXECUTION_FINISHED
