66.0 APEX_CODE,FINEST;APEX_PROFILING,INFO;CALLOUT,INFO;DATA_ACCESS,INFO;DB,INFO;NBA,INFO;SYSTEM,DEBUG;VALIDATION,INFO;VISUALFORCE,INFO;WAVE,INFO;WORKFLOW,INFO
16:25:56.8 (8113334)|USER_INFO|[EXTERNAL]|0057F0000042UBb|ishibashi@hurex.co.jp.dev1|(GMT+09:00) 日本標準時 (Asia/Tokyo)|GMT+09:00
16:25:56.8 (8154217)|EXECUTION_STARTED
16:25:56.8 (8174420)|CODE_UNIT_STARTED|[EXTERNAL]|apex://OfferComponentController/ACTION$getOffers
16:25:56.8 (10521871)|CODE_UNIT_STARTED|[EXTERNAL]|01pBK000001Vpwv|OfferComponentController.getOffers()
16:25:56.8 (10988822)|HEAP_ALLOCATE|[95]|Bytes:3
16:25:56.8 (11105377)|HEAP_ALLOCATE|[100]|Bytes:152
16:25:56.8 (11134280)|HEAP_ALLOCATE|[417]|Bytes:408
16:25:56.8 (11145541)|HEAP_ALLOCATE|[430]|Bytes:408
16:25:56.8 (11166116)|HEAP_ALLOCATE|[317]|Bytes:6
16:25:56.8 (11176355)|HEAP_ALLOCATE|[EXTERNAL]|Bytes:2
16:25:56.8 (11199475)|METHOD_ENTRY|[5]|01pBK000001Vpwv|OfferComponentController.OfferComponentController()
16:25:56.8 (11204586)|STATEMENT_EXECUTE|[5]
16:25:56.8 (11209810)|STATEMENT_EXECUTE|[5]
16:25:56.8 (11227977)|HEAP_ALLOCATE|[68]|Bytes:5
16:25:56.8 (11263305)|HEAP_ALLOCATE|[74]|Bytes:5
16:25:56.8 (11267937)|HEAP_ALLOCATE|[82]|Bytes:7
16:25:56.8 (11541827)|HEAP_ALLOCATE|[EXTERNAL]|Bytes:5
16:25:56.8 (11558656)|METHOD_EXIT|[5]|OfferComponentController
16:25:56.8 (11572046)|HEAP_ALLOCATE|[18]|Bytes:5
16:25:56.8 (11575002)|STATEMENT_EXECUTE|[16]
16:25:56.8 (11576100)|STATEMENT_EXECUTE|[18]
16:25:56.8 (11578382)|HEAP_ALLOCATE|[18]|Bytes:78
16:25:56.8 (11591035)|HEAP_ALLOCATE|[18]|Bytes:4
16:25:56.8 (24701033)|SOQL_EXECUTE_BEGIN|[18]|Aggregations:0|SELECT COUNT() FROM SelectionProcess__c WHERE LatestProcessStatus__c = 'JOB打診'
16:25:56.8 (51671441)|SOQL_EXECUTE_END|[18]|Rows:2
16:25:56.8 (51737485)|HEAP_ALLOCATE|[18]|Bytes:4
16:25:56.8 (51771309)|VARIABLE_SCOPE_BEGIN|[18]|totalCount|Integer|false|false
16:25:56.8 (51782336)|HEAP_ALLOCATE|[18]|Bytes:4
16:25:56.8 (51819792)|VARIABLE_ASSIGNMENT|[18]|totalCount|2
16:25:56.8 (51827590)|STATEMENT_EXECUTE|[22]
16:25:56.8 (51836929)|HEAP_ALLOCATE|[22]|Bytes:360
16:25:56.8 (51866371)|HEAP_ALLOCATE|[22]|Bytes:4
16:25:56.8 (63083800)|SOQL_EXECUTE_BEGIN|[22]|Aggregations:0|SELECT Id, JobPosition__c, LatestProcessStatus__c, LastModifiedDate, JobPosition__r.Id, JobPosition__r.Company__r.Name, JobPosition__r.JobPosition__c, JobPosition__r.WorkLocation2__c, JobPosition__r.JobCategory1__c, JobPosition__r.LastViewedDate FROM SelectionProcess__c WHERE LatestProcessStatus__c = 'JOB打診' ORDER BY LastModifiedDate DESC NULLS FIRST LIMIT 2
16:25:56.8 (100476919)|SOQL_EXECUTE_END|[22]|Rows:2
16:25:56.8 (100528899)|HEAP_ALLOCATE|[22]|Bytes:12
16:25:56.8 (100558023)|HEAP_ALLOCATE|[22]|Bytes:876
16:25:56.8 (100718154)|HEAP_ALLOCATE|[22]|Bytes:12
16:25:56.8 (100739079)|VARIABLE_SCOPE_BEGIN|[22]|processes|List<SelectionProcess__c>|true|false
16:25:56.8 (101104050)|VARIABLE_ASSIGNMENT|[22]|processes|[{"JobPosition__c":"a0KBK00000GezgQ2AR","LastModifiedDate":"2026-03-25T09:40:48.000Z","JobPosition__r":{"JobPosition__c":"新潟市(新潟) 法人ルート営業・業界シェ (74 more) ...","WorkLocation2__c":"新潟県新潟市（転勤なし／車通勤可）","LastViewedDate":"2026-04-03T08:24:43.000Z","Id":"a0KBK00000GezgQ2AR","Company__c":"001BK00000b1JOJYA2","Company__r":{"Name":"(demo)株式会社エンミッシュ","Id":"001BK00000b1JOJYA2"},"JobCategory1__c":"経営幹部/企画/マーケティング系"},"Id":"a0LBK000006mpG52AI","LatestProcessStatus__c":"JOB打診"},{"JobPosition__c":"a0KBK00000Gexcs2AB","LastModifiedDate":"2026-03-02T05:52:31.000Z","JobPosition__r":{"JobPosition__c":"テスト401求人タイトル求人タイトル求人 (28 more) ...","WorkLocation2__c":"勤務地","LastViewedDate":"2026-04-02T11:19:39.000Z","Id":"a0KBK00000Gexcs2AB","Company__c":"001BK00000cc2ZEYAY","Company__r":{"Name":"テスト 廣川 名","Id":"001BK00000cc2ZEYAY"},"JobCategory1__c":"専門職系（コンサルタント/金融/不動産）"},"Id":"a0LBK000005sEhR2AU","LatestProcessStatus__c":"JOB打診"}]|0x794c3d99
16:25:56.8 (101129253)|STATEMENT_EXECUTE|[41]
16:25:56.8 (101150075)|HEAP_ALLOCATE|[41]|Bytes:4
16:25:56.8 (101200710)|VARIABLE_SCOPE_BEGIN|[41]|jobInfos|List<Map<String,ANY>>|true|false
16:25:56.8 (101229630)|HEAP_ALLOCATE|[EXTERNAL]|Bytes:4
16:25:56.8 (101237255)|VARIABLE_ASSIGNMENT|[41]|jobInfos|[]|0x51c4a44f
16:25:56.8 (101446736)|HEAP_ALLOCATE|[44]|Bytes:5
16:25:56.8 (101478509)|HEAP_ALLOCATE|[44]|Bytes:24
16:25:56.8 (101487106)|VARIABLE_SCOPE_BEGIN|[44]|process|SelectionProcess__c|true|false
16:25:56.8 (101579720)|VARIABLE_ASSIGNMENT|[44]|process|{"JobPosition__c":"a0KBK00000GezgQ2AR","LastModifiedDate":"2026-03-25T09:40:48.000Z","JobPosition__r":{"JobPosition__c":"新潟市(新潟) 法人ルート営業・業界シェ (74 more) ...","WorkLocation2__c":"新潟県新潟市（転勤なし／車通勤可）","LastViewedDate":"2026-04-03T08:24:43.000Z","Id":"a0KBK00000GezgQ2AR","Company__c":"001BK00000b1JOJYA2","Company__r":{"Name":"(demo)株式会社エンミッシュ","Id":"001BK00000b1JOJYA2"},"JobCategory1__c":"経営幹部/企画/マーケティング系"},"Id":"a0LBK000006mpG52AI","LatestProcessStatus__c":"JOB打診"}|0x756ebed7
16:25:56.8 (101591000)|STATEMENT_EXECUTE|[44]
16:25:56.8 (101592713)|STATEMENT_EXECUTE|[45]
16:25:56.8 (101605440)|HEAP_ALLOCATE|[45]|Bytes:4
16:25:56.8 (101612214)|VARIABLE_SCOPE_BEGIN|[45]|jobInfo|Map<String,ANY>|true|false
16:25:56.8 (101625440)|VARIABLE_ASSIGNMENT|[45]|jobInfo|{}|0x1a4bc590
16:25:56.8 (101628655)|STATEMENT_EXECUTE|[46]
16:25:56.8 (101632785)|HEAP_ALLOCATE|[46]|Bytes:5
16:25:56.8 (101700752)|HEAP_ALLOCATE|[EXTERNAL]|Bytes:-4
16:25:56.8 (101705714)|STATEMENT_EXECUTE|[48]
16:25:56.8 (101707658)|HEAP_ALLOCATE|[48]|Bytes:10
16:25:56.8 (101731880)|HEAP_ALLOCATE|[48]|Bytes:14
16:25:56.8 (101776735)|HEAP_ALLOCATE|[48]|Bytes:15
16:25:56.8 (101784883)|HEAP_ALLOCATE|[EXTERNAL]|Bytes:-4
16:25:56.8 (101788015)|STATEMENT_EXECUTE|[50]
16:25:56.8 (101789525)|HEAP_ALLOCATE|[50]|Bytes:11
16:25:56.8 (101848969)|HEAP_ALLOCATE|[EXTERNAL]|Bytes:-4
16:25:56.8 (101854165)|STATEMENT_EXECUTE|[52]
16:25:56.8 (101856618)|HEAP_ALLOCATE|[52]|Bytes:13
16:25:56.8 (101881656)|HEAP_ALLOCATE|[EXTERNAL]|Bytes:-4
16:25:56.8 (101886445)|STATEMENT_EXECUTE|[54]
16:25:56.8 (101888401)|HEAP_ALLOCATE|[54]|Bytes:12
16:25:56.8 (101909012)|HEAP_ALLOCATE|[EXTERNAL]|Bytes:-4
16:25:56.8 (101913288)|STATEMENT_EXECUTE|[56]
16:25:56.8 (101915315)|HEAP_ALLOCATE|[56]|Bytes:11
16:25:56.8 (101991461)|HEAP_ALLOCATE|[EXTERNAL]|Bytes:-4
16:25:56.8 (101997334)|STATEMENT_EXECUTE|[58]
16:25:56.8 (101999430)|HEAP_ALLOCATE|[58]|Bytes:14
16:25:56.8 (102038546)|HEAP_ALLOCATE|[EXTERNAL]|Bytes:-4
16:25:56.8 (102043735)|STATEMENT_EXECUTE|[59]
16:25:56.8 (102064010)|HEAP_ALLOCATE|[EXTERNAL]|Bytes:4
16:25:56.8 (102083955)|HEAP_ALLOCATE|[44]|Bytes:5
16:25:56.8 (102154676)|HEAP_ALLOCATE|[44]|Bytes:24
16:25:56.8 (102164326)|VARIABLE_SCOPE_BEGIN|[44]|process|SelectionProcess__c|true|false
16:25:56.8 (102301548)|VARIABLE_ASSIGNMENT|[44]|process|{"JobPosition__c":"a0KBK00000Gexcs2AB","LastModifiedDate":"2026-03-02T05:52:31.000Z","JobPosition__r":{"JobPosition__c":"テスト401求人タイトル求人タイトル求人 (28 more) ...","WorkLocation2__c":"勤務地","LastViewedDate":"2026-04-02T11:19:39.000Z","Id":"a0KBK00000Gexcs2AB","Company__c":"001BK00000cc2ZEYAY","Company__r":{"Name":"テスト 廣川 名","Id":"001BK00000cc2ZEYAY"},"JobCategory1__c":"専門職系（コンサルタント/金融/不動産）"},"Id":"a0LBK000005sEhR2AU","LatestProcessStatus__c":"JOB打診"}|0x3c76b62
16:25:56.8 (102316148)|STATEMENT_EXECUTE|[44]
16:25:56.8 (102317601)|STATEMENT_EXECUTE|[45]
16:25:56.8 (102330188)|HEAP_ALLOCATE|[45]|Bytes:4
16:25:56.8 (102337695)|VARIABLE_SCOPE_BEGIN|[45]|jobInfo|Map<String,ANY>|true|false
16:25:56.8 (102351491)|VARIABLE_ASSIGNMENT|[45]|jobInfo|{}|0x11f2deeb
16:25:56.8 (102355791)|STATEMENT_EXECUTE|[46]
16:25:56.8 (102371644)|HEAP_ALLOCATE|[EXTERNAL]|Bytes:-4
16:25:56.8 (102376738)|STATEMENT_EXECUTE|[48]
16:25:56.8 (102408981)|HEAP_ALLOCATE|[48]|Bytes:14
16:25:56.8 (102420381)|HEAP_ALLOCATE|[EXTERNAL]|Bytes:-4
16:25:56.8 (102424515)|STATEMENT_EXECUTE|[50]
16:25:56.8 (102434310)|HEAP_ALLOCATE|[EXTERNAL]|Bytes:-4
16:25:56.8 (102438180)|STATEMENT_EXECUTE|[52]
16:25:56.8 (102445382)|HEAP_ALLOCATE|[EXTERNAL]|Bytes:-4
16:25:56.8 (102449251)|STATEMENT_EXECUTE|[54]
16:25:56.8 (102455866)|HEAP_ALLOCATE|[EXTERNAL]|Bytes:-4
16:25:56.8 (102459661)|STATEMENT_EXECUTE|[56]
16:25:56.8 (102468205)|HEAP_ALLOCATE|[EXTERNAL]|Bytes:-4
16:25:56.8 (102472066)|STATEMENT_EXECUTE|[58]
16:25:56.8 (102481344)|HEAP_ALLOCATE|[EXTERNAL]|Bytes:-4
16:25:56.8 (102485133)|STATEMENT_EXECUTE|[59]
16:25:56.8 (102491409)|HEAP_ALLOCATE|[EXTERNAL]|Bytes:4
16:25:56.8 (102505323)|HEAP_ALLOCATE|[44]|Bytes:5
16:25:56.8 (102517741)|VARIABLE_ASSIGNMENT|[44]|process|null|
16:25:56.8 (102522299)|STATEMENT_EXECUTE|[63]
16:25:56.8 (102529415)|HEAP_ALLOCATE|[63]|Bytes:4
16:25:56.8 (102535580)|VARIABLE_SCOPE_BEGIN|[63]|result|Map<String,ANY>|true|false
16:25:56.8 (102544658)|VARIABLE_ASSIGNMENT|[63]|result|{}|0x744c744b
16:25:56.8 (102549234)|STATEMENT_EXECUTE|[64]
16:25:56.8 (102551611)|HEAP_ALLOCATE|[64]|Bytes:8
16:25:56.8 (102586447)|HEAP_ALLOCATE|[EXTERNAL]|Bytes:-4
16:25:56.8 (102591031)|STATEMENT_EXECUTE|[65]
16:25:56.8 (102593081)|HEAP_ALLOCATE|[65]|Bytes:10
16:25:56.8 (102606429)|HEAP_ALLOCATE|[65]|Bytes:4
16:25:56.8 (102637021)|HEAP_ALLOCATE|[EXTERNAL]|Bytes:-4
16:25:56.8 (102641326)|STATEMENT_EXECUTE|[66]
16:25:56.102 (102705369)|CUMULATIVE_LIMIT_USAGE
16:25:56.102 (102705369)|LIMIT_USAGE_FOR_NS|(default)|
  Number of SOQL queries: 2 out of 100
  Number of query rows: 3 out of 50000
  Number of SOSL queries: 0 out of 20
  Number of DML statements: 0 out of 0
  Number of Publish Immediate DML: 0 out of 150
  Number of DML rows: 0 out of 10000
  Maximum CPU time: 0 out of 10000
  Maximum heap size: 0 out of 6000000
  Number of callouts: 0 out of 100
  Number of Email Invocations: 0 out of 10
  Number of future calls: 0 out of 50
  Number of queueable jobs added to the queue: 0 out of 50
  Number of Mobile Apex push calls: 0 out of 10

16:25:56.102 (102705369)|CUMULATIVE_LIMIT_USAGE_END

16:25:56.8 (102739656)|CODE_UNIT_FINISHED|OfferComponentController.getOffers()
16:25:56.8 (102956778)|CODE_UNIT_FINISHED|apex://OfferComponentController/ACTION$getOffers
16:25:56.8 (102964671)|EXECUTION_FINISHED
