66.0 APEX_CODE,FINEST;APEX_PROFILING,INFO;CALLOUT,INFO;DATA_ACCESS,INFO;DB,INFO;NBA,INFO;SYSTEM,DEBUG;VALIDATION,INFO;VISUALFORCE,INFO;WAVE,INFO;WORKFLOW,INFO
15:33:04.0 (218495)|USER_INFO|[EXTERNAL]|0057F0000042UBb|ishibashi@hurex.co.jp.dev1|(GMT+09:00) 日本標準時 (Asia/Tokyo)|GMT+09:00
15:33:04.0 (252201)|EXECUTION_STARTED
15:33:04.0 (261099)|CODE_UNIT_STARTED|[EXTERNAL]|apex://RecentJobViewedController/ACTION$getRecentViewedJobs
15:33:04.0 (1156912)|CODE_UNIT_STARTED|[EXTERNAL]|01pBK000001RE9Z|RecentJobViewedController.getRecentViewedJobs()
15:33:04.0 (1595933)|HEAP_ALLOCATE|[95]|Bytes:3
15:33:04.0 (1704079)|HEAP_ALLOCATE|[100]|Bytes:152
15:33:04.0 (1720034)|HEAP_ALLOCATE|[417]|Bytes:408
15:33:04.0 (1730890)|HEAP_ALLOCATE|[430]|Bytes:408
15:33:04.0 (1753495)|HEAP_ALLOCATE|[317]|Bytes:6
15:33:04.0 (1766005)|HEAP_ALLOCATE|[EXTERNAL]|Bytes:1
15:33:04.0 (1777785)|METHOD_ENTRY|[1]|01pBK000001RE9Z|RecentJobViewedController.RecentJobViewedController()
15:33:04.0 (1783263)|STATEMENT_EXECUTE|[1]
15:33:04.0 (1787181)|STATEMENT_EXECUTE|[1]
15:33:04.0 (1805848)|HEAP_ALLOCATE|[68]|Bytes:5
15:33:04.0 (1827016)|HEAP_ALLOCATE|[74]|Bytes:5
15:33:04.0 (1831628)|HEAP_ALLOCATE|[82]|Bytes:7
15:33:04.0 (2007550)|HEAP_ALLOCATE|[EXTERNAL]|Bytes:5
15:33:04.0 (2018455)|METHOD_EXIT|[1]|RecentJobViewedController
15:33:04.0 (2028591)|HEAP_ALLOCATE|[4]|Bytes:5
15:33:04.0 (2031395)|STATEMENT_EXECUTE|[3]
15:33:04.0 (2032646)|STATEMENT_EXECUTE|[4]
15:33:04.0 (2033419)|STATEMENT_EXECUTE|[4]
15:33:04.0 (2034337)|STATEMENT_EXECUTE|[5]
15:33:04.0 (2035974)|HEAP_ALLOCATE|[5]|Bytes:137
15:33:04.0 (2052725)|HEAP_ALLOCATE|[5]|Bytes:4
15:33:04.0 (2794229)|SOQL_EXECUTE_BEGIN|[5]|Aggregations:0|SELECT Id, Name, JobPosition__c, LastViewedDate FROM Job__c WHERE LastViewedDate != NULL ORDER BY LastViewedDate DESC NULLS FIRST LIMIT 4
15:33:04.0 (16022833)|SOQL_EXECUTE_END|[5]|Rows:4
15:33:04.0 (16061559)|HEAP_ALLOCATE|[5]|Bytes:20
15:33:04.0 (16092290)|HEAP_ALLOCATE|[5]|Bytes:677
15:33:04.0 (16139005)|HEAP_ALLOCATE|[5]|Bytes:20
15:33:04.16 (16203625)|CUMULATIVE_LIMIT_USAGE
15:33:04.16 (16203625)|LIMIT_USAGE_FOR_NS|(default)|
  Number of SOQL queries: 1 out of 100
  Number of query rows: 4 out of 50000
  Number of SOSL queries: 0 out of 20
  Number of DML statements: 0 out of 0
  Number of Publish Immediate DML: 0 out of 150
  Number of DML rows: 0 out of 10000
  Maximum CPU time: 0 out of 10000
  Maximum heap size: 0 out of 6000000
  Number of callouts: 0 out of 100
  Number of Email Invocations: 0 out of 10
  Number of future calls: 0 out of 50
  Number of queueable jobs added to the queue: 0 out of 50
  Number of Mobile Apex push calls: 0 out of 10

15:33:04.16 (16203625)|CUMULATIVE_LIMIT_USAGE_END

15:33:04.0 (16233199)|CODE_UNIT_FINISHED|RecentJobViewedController.getRecentViewedJobs()
15:33:04.0 (16397011)|CODE_UNIT_FINISHED|apex://RecentJobViewedController/ACTION$getRecentViewedJobs
15:33:04.0 (16402693)|EXECUTION_FINISHED
