66.0 APEX_CODE,FINEST;APEX_PROFILING,INFO;CALLOUT,INFO;DATA_ACCESS,INFO;DB,INFO;NBA,INFO;SYSTEM,DEBUG;VALIDATION,INFO;VISUALFORCE,INFO;WAVE,INFO;WORKFLOW,INFO
10:54:39.0 (182832)|USER_INFO|[EXTERNAL]|005BK00000Ilvi1|foryoze@owleyes.ch.hurex|(GMT+09:00) 日本標準時 (Asia/Tokyo)|GMT+09:00
10:54:39.0 (216267)|EXECUTION_STARTED
10:54:39.0 (224652)|CODE_UNIT_STARTED|[EXTERNAL]|apex://CareerHistoryController/ACTION$getCareerHistory
10:54:39.0 (1890524)|CODE_UNIT_STARTED|[EXTERNAL]|01pBK000001lv3t|CareerHistoryController.getCareerHistory()
10:54:39.0 (2204779)|HEAP_ALLOCATE|[95]|Bytes:3
10:54:39.0 (2268972)|HEAP_ALLOCATE|[100]|Bytes:152
10:54:39.0 (2281482)|HEAP_ALLOCATE|[417]|Bytes:408
10:54:39.0 (2292429)|HEAP_ALLOCATE|[430]|Bytes:408
10:54:39.0 (2312029)|HEAP_ALLOCATE|[317]|Bytes:6
10:54:39.0 (2321137)|HEAP_ALLOCATE|[EXTERNAL]|Bytes:13
10:54:39.0 (2324053)|HEAP_ALLOCATE|[EXTERNAL]|Bytes:17
10:54:39.0 (2325912)|HEAP_ALLOCATE|[EXTERNAL]|Bytes:2
10:54:39.0 (2334224)|METHOD_ENTRY|[1]|01pBK000001lv3t|CareerHistoryController.CareerHistoryController()
10:54:39.0 (2337931)|STATEMENT_EXECUTE|[1]
10:54:39.0 (2341355)|STATEMENT_EXECUTE|[1]
10:54:39.0 (2358924)|HEAP_ALLOCATE|[68]|Bytes:5
10:54:39.0 (2377122)|HEAP_ALLOCATE|[74]|Bytes:5
10:54:39.0 (2381645)|HEAP_ALLOCATE|[82]|Bytes:7
10:54:39.0 (2694177)|HEAP_ALLOCATE|[EXTERNAL]|Bytes:5
10:54:39.0 (2703487)|STATEMENT_EXECUTE|[4]
10:54:39.0 (2716656)|METHOD_EXIT|[1]|CareerHistoryController
10:54:39.0 (2731146)|HEAP_ALLOCATE|[21]|Bytes:5
10:54:39.0 (2734789)|STATEMENT_EXECUTE|[20]
10:54:39.0 (2736194)|STATEMENT_EXECUTE|[21]
10:54:39.0 (2751431)|HEAP_ALLOCATE|[21]|Bytes:4
10:54:39.0 (2854386)|VARIABLE_SCOPE_BEGIN|[21]|careerList|List<CareerHistoryController.CareerWrapper>|true|false
10:54:39.0 (2896797)|HEAP_ALLOCATE|[EXTERNAL]|Bytes:4
10:54:39.0 (2941804)|VARIABLE_ASSIGNMENT|[21]|careerList|[]|0x49ffe749
10:54:39.0 (2947520)|STATEMENT_EXECUTE|[22]
10:54:39.0 (3090657)|HEAP_ALLOCATE|[22]|Bytes:4
10:54:39.0 (3213404)|VARIABLE_SCOPE_BEGIN|[22]|acc|Account|true|false
10:54:39.0 (3238541)|VARIABLE_ASSIGNMENT|[22]|acc|{}|0x1d9ac02d
10:54:39.0 (3243482)|STATEMENT_EXECUTE|[24]
10:54:39.0 (3244830)|STATEMENT_EXECUTE|[24]
10:54:39.0 (3246497)|STATEMENT_EXECUTE|[25]
10:54:39.0 (3250692)|HEAP_ALLOCATE|[25]|Bytes:54
10:54:39.0 (3268512)|HEAP_ALLOCATE|[25]|Bytes:4
10:54:39.0 (3277352)|HEAP_ALLOCATE|[25]|Bytes:7
10:54:39.0 (3322277)|HEAP_ALLOCATE|[25]|Bytes:105
10:54:39.0 (3334365)|SYSTEM_METHOD_ENTRY|[1]|UserInfo.UserInfo()
10:54:39.0 (3337882)|STATEMENT_EXECUTE|[1]
10:54:39.0 (3379800)|SYSTEM_METHOD_EXIT|[1]|UserInfo
10:54:39.0 (3392960)|METHOD_ENTRY|[25]||System.UserInfo.getUserId()
10:54:39.0 (7994637)|METHOD_EXIT|[25]||System.UserInfo.getUserId()
10:54:39.0 (9006794)|SOQL_EXECUTE_BEGIN|[25]|Aggregations:0|SELECT AccountId FROM User WHERE Id = :tmpVar1 LIMIT 1
10:54:39.0 (19627373)|SOQL_EXECUTE_END|[25]|Rows:1
10:54:39.0 (19659466)|HEAP_ALLOCATE|[25]|Bytes:8
10:54:39.0 (19673386)|HEAP_ALLOCATE|[25]|Bytes:60
10:54:39.0 (19771016)|HEAP_ALLOCATE|[25]|Bytes:8
10:54:39.0 (19784984)|HEAP_ALLOCATE|[25]|Bytes:30
10:54:39.0 (19832491)|HEAP_ALLOCATE|[25]|Bytes:12
10:54:39.0 (19838044)|VARIABLE_SCOPE_BEGIN|[25]|currentUser|User|true|false
10:54:39.0 (19894747)|VARIABLE_ASSIGNMENT|[25]|currentUser|{"AccountId":"001BK00000ga0kTYAQ","Id":"005BK00000Ilvi1YAB"}|0x6439f100
10:54:39.0 (19916476)|STATEMENT_EXECUTE|[27]
10:54:39.0 (19917881)|STATEMENT_EXECUTE|[28]
10:54:39.0 (19919470)|HEAP_ALLOCATE|[28]|Bytes:450
10:54:39.0 (19931386)|HEAP_ALLOCATE|[28]|Bytes:4
10:54:39.0 (21324325)|SOQL_EXECUTE_BEGIN|[28]|Aggregations:0|SELECT Id, EmployerName1__c, CurrentAnnualIncome1__c, JobDescription1__pc, WorkStartDate1__c, WorkEndDate1__c, Occupation1__c, Occupation1Category__c, EmployerName2__pc, JobDescription2__pc, WorkStartDate2__pc, WorkEndDate2__pc, Occupation2__c, Occupation2Category__c, EmployerName3__pc, JobDescription3__pc, WorkStartDate3__pc, WorkEndDate3__pc, Occupation3__c, Occupation3Category__c, CareerFourAndLater__pc FROM Account WHERE Id = :tmpVar1 LIMIT 1
10:54:39.0 (54014679)|SOQL_EXECUTE_END|[28]|Rows:1
10:54:39.0 (54048209)|HEAP_ALLOCATE|[28]|Bytes:8
10:54:39.0 (54059108)|HEAP_ALLOCATE|[28]|Bytes:870
10:54:39.0 (54113967)|HEAP_ALLOCATE|[28]|Bytes:8
10:54:39.0 (54127853)|HEAP_ALLOCATE|[28]|Bytes:33
10:54:39.0 (54168224)|HEAP_ALLOCATE|[28]|Bytes:72
10:54:39.0 (54292775)|VARIABLE_ASSIGNMENT|[28]|acc|{"WorkEndDate2__pc":"2026-12-01T00:00:00.000Z","WorkEndDate1__c":"2026-12-01T00:00:00.000Z","EmployerName1__c":"ヒューレックス株式会社２３","JobDescription2__pc":"職務経歴２","WorkStartDate3__pc":"2026-02-01T00:00:00.000Z","CurrentAnnualIncome1__c":"201万円～300万円","CareerFourAndLater__pc":"職務経歴ｑ\n職務経歴\n職務経歴\n職務経歴 (20 more) ...","Occupation1Category__c":"営業(法人);営業(個人);代理店営業; (295 more) ...","JobDescription1__pc":"職務内容１","WorkStartDate1__c":"2024-09-01T00:00:00.000Z","EmployerName3__pc":"企業３","WorkStartDate2__pc":"2024-09-01T00:00:00.000Z","WorkEndDate3__pc":"2026-12-01T00:00:00.000Z","Occupation1__c":"営業系;管理部門/事務系;経営幹部/企画 (34 more) ...","JobDescription3__pc":"職務経歴３\nあ","Id":"001BK00000ga0kTYAQ","EmployerName2__pc":"ヒューレックス株式会社2"}|0x63ace013
10:54:39.0 (54309659)|STATEMENT_EXECUTE|[44]
10:54:39.0 (54403791)|HEAP_ALLOCATE|[44]|Bytes:276
10:54:39.0 (54408117)|HEAP_ALLOCATE|[44]|Bytes:21
10:54:39.0 (54422428)|HEAP_ALLOCATE|[44]|Bytes:40
10:54:39.0 (54439721)|CONSTRUCTOR_ENTRY|[44]|01pBK000001lv3t|<init>()|CareerHistoryController.CareerWrapper
10:54:39.0 (54473164)|VARIABLE_SCOPE_BEGIN|[4]|this|CareerHistoryController.CareerWrapper|true|false
10:54:39.0 (54533567)|VARIABLE_ASSIGNMENT|[4]|this|{}|0x6c123f37
10:54:39.0 (54540496)|HEAP_ALLOCATE|[EXTERNAL]|Bytes:6
10:54:39.0 (54561218)|STATEMENT_EXECUTE|[4]
10:54:39.0 (54562308)|STATEMENT_EXECUTE|[5]
10:54:39.0 (54563203)|STATEMENT_EXECUTE|[6]
10:54:39.0 (54564175)|STATEMENT_EXECUTE|[7]
10:54:39.0 (54565112)|STATEMENT_EXECUTE|[8]
10:54:39.0 (54566006)|STATEMENT_EXECUTE|[9]
10:54:39.0 (54566923)|STATEMENT_EXECUTE|[10]
10:54:39.0 (54567713)|STATEMENT_EXECUTE|[11]
10:54:39.0 (54568653)|STATEMENT_EXECUTE|[12]
10:54:39.0 (54569479)|STATEMENT_EXECUTE|[13]
10:54:39.0 (54571983)|CONSTRUCTOR_EXIT|[44]|01pBK000001lv3t|<init>()|CareerHistoryController.CareerWrapper
10:54:39.0 (54575523)|VARIABLE_SCOPE_BEGIN|[44]|c1|CareerHistoryController.CareerWrapper|true|false
10:54:39.0 (54586517)|VARIABLE_ASSIGNMENT|[44]|c1|{}|0x6c123f37
10:54:39.0 (54589143)|STATEMENT_EXECUTE|[45]
10:54:39.0 (54590750)|HEAP_ALLOCATE|[45]|Bytes:1
10:54:39.0 (54637533)|VARIABLE_ASSIGNMENT|[EXTERNAL]|this|{}|0x6c123f37
10:54:39.0 (54643668)|VARIABLE_ASSIGNMENT|[EXTERNAL]|value|"1"
10:54:39.0 (54652180)|VARIABLE_ASSIGNMENT|[5]|this.id|"1"|0x6c123f37
10:54:39.0 (54657832)|STATEMENT_EXECUTE|[46]
10:54:39.0 (54703472)|METHOD_ENTRY|[46]|01pBK000001lv3t|CareerHistoryController.nullToEmpty(String)
10:54:39.0 (54710525)|VARIABLE_SCOPE_BEGIN|[145]|str|String|false|false
10:54:39.0 (54715694)|VARIABLE_ASSIGNMENT|[145]|str|"ヒューレックス株式会社２３"
10:54:39.0 (54726776)|HEAP_ALLOCATE|[145]|Bytes:5
10:54:39.0 (54729296)|STATEMENT_EXECUTE|[145]
10:54:39.0 (54730351)|STATEMENT_EXECUTE|[145]
10:54:39.0 (54735768)|METHOD_EXIT|[46]|01pBK000001lv3t|CareerHistoryController.nullToEmpty(String)
10:54:39.0 (54752834)|VARIABLE_ASSIGNMENT|[EXTERNAL]|this|{"id":"1"}|0x6c123f37
10:54:39.0 (54757488)|VARIABLE_ASSIGNMENT|[EXTERNAL]|value|"ヒューレックス株式会社２３"
10:54:39.0 (54763479)|VARIABLE_ASSIGNMENT|[6]|this.companyName|"ヒューレックス株式会社２３"|0x6c123f37
10:54:39.0 (54768005)|STATEMENT_EXECUTE|[47]
10:54:39.0 (54779708)|METHOD_ENTRY|[47]|01pBK000001lv3t|CareerHistoryController.nullToEmpty(String)
10:54:39.0 (54784503)|VARIABLE_SCOPE_BEGIN|[145]|str|String|false|false
10:54:39.0 (54789140)|VARIABLE_ASSIGNMENT|[145]|str|"201万円～300万円"
10:54:39.0 (54793194)|HEAP_ALLOCATE|[145]|Bytes:5
10:54:39.0 (54794931)|STATEMENT_EXECUTE|[145]
10:54:39.0 (54795753)|STATEMENT_EXECUTE|[145]
10:54:39.0 (54798098)|METHOD_EXIT|[47]|01pBK000001lv3t|CareerHistoryController.nullToEmpty(String)
10:54:39.0 (54813744)|VARIABLE_ASSIGNMENT|[EXTERNAL]|this|{"companyName":"ヒューレックス株式会社２３","id":"1"}|0x6c123f37
10:54:39.0 (54819014)|VARIABLE_ASSIGNMENT|[EXTERNAL]|value|"201万円～300万円"
10:54:39.0 (54823671)|VARIABLE_ASSIGNMENT|[10]|this.annualIncome|"201万円～300万円"|0x6c123f37
10:54:39.0 (54827578)|STATEMENT_EXECUTE|[48]
10:54:39.0 (54835983)|METHOD_ENTRY|[48]|01pBK000001lv3t|CareerHistoryController.nullToEmpty(String)
10:54:39.0 (54840074)|VARIABLE_SCOPE_BEGIN|[145]|str|String|false|false
10:54:39.0 (54843953)|VARIABLE_ASSIGNMENT|[145]|str|"職務内容１"
10:54:39.0 (54847488)|HEAP_ALLOCATE|[145]|Bytes:5
10:54:39.0 (54849178)|STATEMENT_EXECUTE|[145]
10:54:39.0 (54849970)|STATEMENT_EXECUTE|[145]
10:54:39.0 (54851955)|METHOD_EXIT|[48]|01pBK000001lv3t|CareerHistoryController.nullToEmpty(String)
10:54:39.0 (54866963)|VARIABLE_ASSIGNMENT|[EXTERNAL]|this|{"annualIncome":"201万円～300万円","companyName":"ヒューレックス株式会社２３","id":"1"}|0x6c123f37
10:54:39.0 (54872054)|VARIABLE_ASSIGNMENT|[EXTERNAL]|value|"職務内容１"
10:54:39.0 (54876883)|VARIABLE_ASSIGNMENT|[11]|this.jobDescription|"職務内容１"|0x6c123f37
10:54:39.0 (54880783)|STATEMENT_EXECUTE|[50]
10:54:39.0 (54887718)|METHOD_ENTRY|[50]|01pBK000001lv3t|CareerHistoryController.nullToEmpty(String)
10:54:39.0 (54891863)|VARIABLE_SCOPE_BEGIN|[145]|str|String|false|false
10:54:39.0 (54897380)|VARIABLE_ASSIGNMENT|[145]|str|"営業系;管理部門/事務系;経営幹部/企画 (34 more) ..."
10:54:39.0 (54901352)|HEAP_ALLOCATE|[145]|Bytes:5
10:54:39.0 (54902971)|STATEMENT_EXECUTE|[145]
10:54:39.0 (54903804)|STATEMENT_EXECUTE|[145]
10:54:39.0 (54905804)|METHOD_EXIT|[50]|01pBK000001lv3t|CareerHistoryController.nullToEmpty(String)
10:54:39.0 (54920865)|VARIABLE_ASSIGNMENT|[EXTERNAL]|this|{"annualIncome":"201万円～300万円","companyName":"ヒューレックス株式会社２３","id":"1","jobDescription":"職務内容１"}|0x6c123f37
10:54:39.0 (54926540)|VARIABLE_ASSIGNMENT|[EXTERNAL]|value|"営業系;管理部門/事務系;経営幹部/企画 (34 more) ..."
10:54:39.0 (54931693)|VARIABLE_ASSIGNMENT|[12]|this.jobGroup|"営業系;管理部門/事務系;経営幹部/企画 (34 more) ..."|0x6c123f37
10:54:39.0 (54935899)|STATEMENT_EXECUTE|[51]
10:54:39.0 (54942841)|METHOD_ENTRY|[51]|01pBK000001lv3t|CareerHistoryController.nullToEmpty(String)
10:54:39.0 (54946678)|VARIABLE_SCOPE_BEGIN|[145]|str|String|false|false
10:54:39.0 (54951560)|VARIABLE_ASSIGNMENT|[145]|str|"営業(法人);営業(個人);代理店営業; (295 more) ..."
10:54:39.0 (54955131)|HEAP_ALLOCATE|[145]|Bytes:5
10:54:39.0 (54956725)|STATEMENT_EXECUTE|[145]
10:54:39.0 (54957675)|STATEMENT_EXECUTE|[145]
10:54:39.0 (54959843)|METHOD_EXIT|[51]|01pBK000001lv3t|CareerHistoryController.nullToEmpty(String)
10:54:39.0 (54975455)|VARIABLE_ASSIGNMENT|[EXTERNAL]|this|{"annualIncome":"201万円～300万円","companyName":"ヒューレックス株式会社２３","id":"1","jobDescription":"職務内容１","jobGroup":"営業系;管理部門/事務系;経営幹部/企画 (34 more) ..."}|0x6c123f37
10:54:39.0 (54981583)|VARIABLE_ASSIGNMENT|[EXTERNAL]|value|"営業(法人);営業(個人);代理店営業; (295 more) ..."
10:54:39.0 (54986481)|VARIABLE_ASSIGNMENT|[13]|this.jobGroupOption|"営業(法人);営業(個人);代理店営業; (295 more) ..."|0x6c123f37
10:54:39.0 (54990659)|STATEMENT_EXECUTE|[52]
10:54:39.0 (55006246)|METHOD_ENTRY|[52]|01pBK000001lv3t|CareerHistoryController.formatDateToYYYYMM(Date)
10:54:39.0 (55015293)|VARIABLE_SCOPE_BEGIN|[147]|d|Date|false|false
10:54:39.0 (55022908)|VARIABLE_ASSIGNMENT|[147]|d|"2024-09-01T00:00:00.000Z"
10:54:39.0 (55027813)|HEAP_ALLOCATE|[148]|Bytes:5
10:54:39.0 (55029861)|STATEMENT_EXECUTE|[147]
10:54:39.0 (55031043)|STATEMENT_EXECUTE|[148]
10:54:39.0 (55032018)|STATEMENT_EXECUTE|[149]
10:54:39.0 (55076695)|HEAP_ALLOCATE|[149]|Bytes:1
10:54:39.0 (55082367)|VARIABLE_SCOPE_BEGIN|[149]|m|String|false|false
10:54:39.0 (55089666)|VARIABLE_ASSIGNMENT|[149]|m|"9"
10:54:39.0 (55111994)|STATEMENT_EXECUTE|[150]
10:54:39.0 (55114139)|HEAP_ALLOCATE|[150]|Bytes:1
10:54:39.0 (55124292)|HEAP_ALLOCATE|[150]|Bytes:2
10:54:39.0 (55129341)|VARIABLE_ASSIGNMENT|[150]|m|"09"
10:54:39.0 (55132868)|STATEMENT_EXECUTE|[151]
10:54:39.0 (55157184)|HEAP_ALLOCATE|[151]|Bytes:4
10:54:39.0 (55161814)|HEAP_ALLOCATE|[151]|Bytes:1
10:54:39.0 (55166594)|HEAP_ALLOCATE|[151]|Bytes:7
10:54:39.0 (55171976)|METHOD_EXIT|[52]|01pBK000001lv3t|CareerHistoryController.formatDateToYYYYMM(Date)
10:54:39.0 (55196334)|VARIABLE_ASSIGNMENT|[EXTERNAL]|this|{"annualIncome":"201万円～300万円","companyName":"ヒューレックス株式会社２３","id":"1","jobDescription":"職務内容１","jobGroup":"営業系;管理部門/事務系;経営幹部/企画 (34 more) ...","jobGroupOption":"営業(法人);営業(個人);代理店営業; (295 more) ..."}|0x6c123f37
10:54:39.0 (55203268)|VARIABLE_ASSIGNMENT|[EXTERNAL]|value|"2024-09"
10:54:39.0 (55208422)|VARIABLE_ASSIGNMENT|[7]|this.startDateInput|"2024-09"|0x6c123f37
10:54:39.0 (55212608)|STATEMENT_EXECUTE|[53]
10:54:39.0 (55229956)|METHOD_ENTRY|[53]|01pBK000001lv3t|CareerHistoryController.formatDateToYYYYMM(Date)
10:54:39.0 (55237068)|VARIABLE_SCOPE_BEGIN|[147]|d|Date|false|false
10:54:39.0 (55245719)|VARIABLE_ASSIGNMENT|[147]|d|"2026-12-01T00:00:00.000Z"
10:54:39.0 (55251901)|HEAP_ALLOCATE|[148]|Bytes:5
10:54:39.0 (55255007)|STATEMENT_EXECUTE|[147]
10:54:39.0 (55256587)|STATEMENT_EXECUTE|[148]
10:54:39.0 (55257879)|STATEMENT_EXECUTE|[149]
10:54:39.0 (55276405)|HEAP_ALLOCATE|[149]|Bytes:2
10:54:39.0 (55282752)|VARIABLE_SCOPE_BEGIN|[149]|m|String|false|false
10:54:39.0 (55289339)|VARIABLE_ASSIGNMENT|[149]|m|"12"
10:54:39.0 (55300744)|STATEMENT_EXECUTE|[150]
10:54:39.0 (55302000)|STATEMENT_EXECUTE|[151]
10:54:39.0 (55313339)|HEAP_ALLOCATE|[151]|Bytes:4
10:54:39.0 (55320560)|HEAP_ALLOCATE|[151]|Bytes:7
10:54:39.0 (55326684)|METHOD_EXIT|[53]|01pBK000001lv3t|CareerHistoryController.formatDateToYYYYMM(Date)
10:54:39.0 (55385705)|VARIABLE_ASSIGNMENT|[EXTERNAL]|this|{"annualIncome":"201万円～300万円","companyName":"ヒューレックス株式会社２３","id":"1","jobDescription":"職務内容１","jobGroup":"営業系;管理部門/事務系;経営幹部/企画 (34 more) ...","jobGroupOption":"営業(法人);営業(個人);代理店営業; (295 more) ...","startDateInput":"2024-09"}|0x6c123f37
10:54:39.0 (55394200)|VARIABLE_ASSIGNMENT|[EXTERNAL]|value|"2026-12"
10:54:39.0 (55400044)|VARIABLE_ASSIGNMENT|[8]|this.endDateInput|"2026-12"|0x6c123f37
10:54:39.0 (55404629)|STATEMENT_EXECUTE|[54]
10:54:39.0 (55459619)|VARIABLE_ASSIGNMENT|[EXTERNAL]|this|{"annualIncome":"201万円～300万円","companyName":"ヒューレックス株式会社２３","endDateInput":"2026-12","id":"1","jobDescription":"職務内容１","jobGroup":"営業系;管理部門/事務系;経営幹部/企画 (34 more) ...","jobGroupOption":"営業(法人);営業(個人);代理店営業; (295 more) ...","startDateInput":"2024-09"}|0x6c123f37
10:54:39.0 (55469385)|VARIABLE_ASSIGNMENT|[EXTERNAL]|value|false
10:54:39.0 (55473004)|HEAP_ALLOCATE|[9]|Bytes:5
10:54:39.0 (55476654)|VARIABLE_ASSIGNMENT|[9]|this.isCurrentJob|false|0x6c123f37
10:54:39.0 (55481010)|STATEMENT_EXECUTE|[55]
10:54:39.0 (55512389)|HEAP_ALLOCATE|[EXTERNAL]|Bytes:4
10:54:39.0 (55517776)|STATEMENT_EXECUTE|[58]
10:54:39.0 (55522084)|HEAP_ALLOCATE|[58]|Bytes:40
10:54:39.0 (55526969)|CONSTRUCTOR_ENTRY|[58]|01pBK000001lv3t|<init>()|CareerHistoryController.CareerWrapper
10:54:39.0 (55534395)|VARIABLE_SCOPE_BEGIN|[4]|this|CareerHistoryController.CareerWrapper|true|false
10:54:39.0 (55544024)|VARIABLE_ASSIGNMENT|[4]|this|{}|0x51f5e57c
10:54:39.0 (55555738)|STATEMENT_EXECUTE|[4]
10:54:39.0 (55556830)|STATEMENT_EXECUTE|[5]
10:54:39.0 (55557654)|STATEMENT_EXECUTE|[6]
10:54:39.0 (55558481)|STATEMENT_EXECUTE|[7]
10:54:39.0 (55559486)|STATEMENT_EXECUTE|[8]
10:54:39.0 (55560460)|STATEMENT_EXECUTE|[9]
10:54:39.0 (55561242)|STATEMENT_EXECUTE|[10]
10:54:39.0 (55562079)|STATEMENT_EXECUTE|[11]
10:54:39.0 (55562917)|STATEMENT_EXECUTE|[12]
10:54:39.0 (55563703)|STATEMENT_EXECUTE|[13]
10:54:39.0 (55565683)|CONSTRUCTOR_EXIT|[58]|01pBK000001lv3t|<init>()|CareerHistoryController.CareerWrapper
10:54:39.0 (55569110)|VARIABLE_SCOPE_BEGIN|[58]|c2|CareerHistoryController.CareerWrapper|true|false
10:54:39.0 (55578474)|VARIABLE_ASSIGNMENT|[58]|c2|{}|0x51f5e57c
10:54:39.0 (55581315)|STATEMENT_EXECUTE|[59]
10:54:39.0 (55583220)|HEAP_ALLOCATE|[59]|Bytes:1
10:54:39.0 (55596250)|VARIABLE_ASSIGNMENT|[EXTERNAL]|this|{}|0x51f5e57c
10:54:39.0 (55600681)|VARIABLE_ASSIGNMENT|[EXTERNAL]|value|"2"
10:54:39.0 (55605264)|VARIABLE_ASSIGNMENT|[5]|this.id|"2"|0x51f5e57c
10:54:39.0 (55609428)|STATEMENT_EXECUTE|[60]
10:54:39.0 (55633745)|METHOD_ENTRY|[60]|01pBK000001lv3t|CareerHistoryController.nullToEmpty(String)
10:54:39.0 (55638686)|VARIABLE_SCOPE_BEGIN|[145]|str|String|false|false
10:54:39.0 (55643154)|VARIABLE_ASSIGNMENT|[145]|str|"ヒューレックス株式会社2"
10:54:39.0 (55648340)|HEAP_ALLOCATE|[145]|Bytes:5
10:54:39.0 (55650159)|STATEMENT_EXECUTE|[145]
10:54:39.0 (55651016)|STATEMENT_EXECUTE|[145]
10:54:39.0 (55654539)|METHOD_EXIT|[60]|01pBK000001lv3t|CareerHistoryController.nullToEmpty(String)
10:54:39.0 (55666697)|VARIABLE_ASSIGNMENT|[EXTERNAL]|this|{"id":"2"}|0x51f5e57c
10:54:39.0 (55671074)|VARIABLE_ASSIGNMENT|[EXTERNAL]|value|"ヒューレックス株式会社2"
10:54:39.0 (55675412)|VARIABLE_ASSIGNMENT|[6]|this.companyName|"ヒューレックス株式会社2"|0x51f5e57c
10:54:39.0 (55679558)|STATEMENT_EXECUTE|[61]
10:54:39.0 (55688414)|METHOD_ENTRY|[61]|01pBK000001lv3t|CareerHistoryController.nullToEmpty(String)
10:54:39.0 (55692404)|VARIABLE_SCOPE_BEGIN|[145]|str|String|false|false
10:54:39.0 (55696298)|VARIABLE_ASSIGNMENT|[145]|str|"職務経歴２"
10:54:39.0 (55699724)|HEAP_ALLOCATE|[145]|Bytes:5
10:54:39.0 (55701466)|STATEMENT_EXECUTE|[145]
10:54:39.0 (55702266)|STATEMENT_EXECUTE|[145]
10:54:39.0 (55704397)|METHOD_EXIT|[61]|01pBK000001lv3t|CareerHistoryController.nullToEmpty(String)
10:54:39.0 (55715921)|VARIABLE_ASSIGNMENT|[EXTERNAL]|this|{"companyName":"ヒューレックス株式会社2","id":"2"}|0x51f5e57c
10:54:39.0 (55720693)|VARIABLE_ASSIGNMENT|[EXTERNAL]|value|"職務経歴２"
10:54:39.0 (55724521)|VARIABLE_ASSIGNMENT|[11]|this.jobDescription|"職務経歴２"|0x51f5e57c
10:54:39.0 (55728425)|STATEMENT_EXECUTE|[63]
10:54:39.0 (55731467)|METHOD_ENTRY|[63]|01pBK000001lv3t|CareerHistoryController.nullToEmpty(String)
10:54:39.0 (55735297)|VARIABLE_SCOPE_BEGIN|[145]|str|String|false|false
10:54:39.0 (55739495)|VARIABLE_ASSIGNMENT|[145]|str|null
10:54:39.0 (55742754)|HEAP_ALLOCATE|[145]|Bytes:5
10:54:39.0 (55744357)|STATEMENT_EXECUTE|[145]
10:54:39.0 (55745150)|STATEMENT_EXECUTE|[145]
10:54:39.0 (55748493)|METHOD_EXIT|[63]|01pBK000001lv3t|CareerHistoryController.nullToEmpty(String)
10:54:39.0 (55759936)|VARIABLE_ASSIGNMENT|[EXTERNAL]|this|{"companyName":"ヒューレックス株式会社2","id":"2","jobDescription":"職務経歴２"}|0x51f5e57c
10:54:39.0 (55764743)|VARIABLE_ASSIGNMENT|[EXTERNAL]|value|""
10:54:39.0 (55768551)|VARIABLE_ASSIGNMENT|[12]|this.jobGroup|""|0x51f5e57c
10:54:39.0 (55772372)|STATEMENT_EXECUTE|[64]
10:54:39.0 (55775269)|METHOD_ENTRY|[64]|01pBK000001lv3t|CareerHistoryController.nullToEmpty(String)
10:54:39.0 (55778924)|VARIABLE_SCOPE_BEGIN|[145]|str|String|false|false
10:54:39.0 (55782649)|VARIABLE_ASSIGNMENT|[145]|str|null
10:54:39.0 (55785442)|HEAP_ALLOCATE|[145]|Bytes:5
10:54:39.0 (55787016)|STATEMENT_EXECUTE|[145]
10:54:39.0 (55787824)|STATEMENT_EXECUTE|[145]
10:54:39.0 (55789940)|METHOD_EXIT|[64]|01pBK000001lv3t|CareerHistoryController.nullToEmpty(String)
10:54:39.0 (55802271)|VARIABLE_ASSIGNMENT|[EXTERNAL]|this|{"companyName":"ヒューレックス株式会社2","id":"2","jobDescription":"職務経歴２","jobGroup":""}|0x51f5e57c
10:54:39.0 (55807014)|VARIABLE_ASSIGNMENT|[EXTERNAL]|value|""
10:54:39.0 (55810585)|VARIABLE_ASSIGNMENT|[13]|this.jobGroupOption|""|0x51f5e57c
10:54:39.0 (55814280)|STATEMENT_EXECUTE|[65]
10:54:39.0 (55823044)|METHOD_ENTRY|[65]|01pBK000001lv3t|CareerHistoryController.formatDateToYYYYMM(Date)
10:54:39.0 (55828347)|VARIABLE_SCOPE_BEGIN|[147]|d|Date|false|false
10:54:39.0 (55836612)|VARIABLE_ASSIGNMENT|[147]|d|"2024-09-01T00:00:00.000Z"
10:54:39.0 (55840446)|HEAP_ALLOCATE|[148]|Bytes:5
10:54:39.0 (55842227)|STATEMENT_EXECUTE|[147]
10:54:39.0 (55843201)|STATEMENT_EXECUTE|[148]
10:54:39.0 (55844284)|STATEMENT_EXECUTE|[149]
10:54:39.0 (55859524)|HEAP_ALLOCATE|[149]|Bytes:1
10:54:39.0 (55863984)|VARIABLE_SCOPE_BEGIN|[149]|m|String|false|false
10:54:39.0 (55868269)|VARIABLE_ASSIGNMENT|[149]|m|"9"
10:54:39.0 (55876448)|STATEMENT_EXECUTE|[150]
10:54:39.0 (55879200)|HEAP_ALLOCATE|[150]|Bytes:2
10:54:39.0 (55882424)|VARIABLE_ASSIGNMENT|[150]|m|"09"
10:54:39.0 (55884574)|STATEMENT_EXECUTE|[151]
10:54:39.0 (55898729)|HEAP_ALLOCATE|[151]|Bytes:4
10:54:39.0 (55905833)|HEAP_ALLOCATE|[151]|Bytes:7
10:54:39.0 (55911226)|METHOD_EXIT|[65]|01pBK000001lv3t|CareerHistoryController.formatDateToYYYYMM(Date)
10:54:39.0 (55930781)|VARIABLE_ASSIGNMENT|[EXTERNAL]|this|{"companyName":"ヒューレックス株式会社2","id":"2","jobDescription":"職務経歴２","jobGroup":"","jobGroupOption":""}|0x51f5e57c
10:54:39.0 (55937764)|VARIABLE_ASSIGNMENT|[EXTERNAL]|value|"2024-09"
10:54:39.0 (55943499)|VARIABLE_ASSIGNMENT|[7]|this.startDateInput|"2024-09"|0x51f5e57c
10:54:39.0 (55948866)|STATEMENT_EXECUTE|[66]
10:54:39.0 (55963502)|METHOD_ENTRY|[66]|01pBK000001lv3t|CareerHistoryController.formatDateToYYYYMM(Date)
10:54:39.0 (55968816)|VARIABLE_SCOPE_BEGIN|[147]|d|Date|false|false
10:54:39.0 (55975309)|VARIABLE_ASSIGNMENT|[147]|d|"2026-12-01T00:00:00.000Z"
10:54:39.0 (55979239)|HEAP_ALLOCATE|[148]|Bytes:5
10:54:39.0 (55983282)|STATEMENT_EXECUTE|[147]
10:54:39.0 (55984219)|STATEMENT_EXECUTE|[148]
10:54:39.0 (55985061)|STATEMENT_EXECUTE|[149]
10:54:39.0 (55994844)|HEAP_ALLOCATE|[149]|Bytes:2
10:54:39.0 (55998742)|VARIABLE_SCOPE_BEGIN|[149]|m|String|false|false
10:54:39.0 (56002894)|VARIABLE_ASSIGNMENT|[149]|m|"12"
10:54:39.0 (56010631)|STATEMENT_EXECUTE|[150]
10:54:39.0 (56011529)|STATEMENT_EXECUTE|[151]
10:54:39.0 (56018669)|HEAP_ALLOCATE|[151]|Bytes:4
10:54:39.0 (56023288)|HEAP_ALLOCATE|[151]|Bytes:7
10:54:39.0 (56026594)|METHOD_EXIT|[66]|01pBK000001lv3t|CareerHistoryController.formatDateToYYYYMM(Date)
10:54:39.0 (56040264)|VARIABLE_ASSIGNMENT|[EXTERNAL]|this|{"companyName":"ヒューレックス株式会社2","id":"2","jobDescription":"職務経歴２","jobGroup":"","jobGroupOption":"","startDateInput":"2024-09"}|0x51f5e57c
10:54:39.0 (56045812)|VARIABLE_ASSIGNMENT|[EXTERNAL]|value|"2026-12"
10:54:39.0 (56050078)|VARIABLE_ASSIGNMENT|[8]|this.endDateInput|"2026-12"|0x51f5e57c
10:54:39.0 (56053812)|STATEMENT_EXECUTE|[67]
10:54:39.0 (56068399)|VARIABLE_ASSIGNMENT|[EXTERNAL]|this|{"companyName":"ヒューレックス株式会社2","endDateInput":"2026-12","id":"2","jobDescription":"職務経歴２","jobGroup":"","jobGroupOption":"","startDateInput":"2024-09"}|0x51f5e57c
10:54:39.0 (56074529)|VARIABLE_ASSIGNMENT|[EXTERNAL]|value|false
10:54:39.0 (56077235)|HEAP_ALLOCATE|[9]|Bytes:5
10:54:39.0 (56080072)|VARIABLE_ASSIGNMENT|[9]|this.isCurrentJob|false|0x51f5e57c
10:54:39.0 (56083506)|STATEMENT_EXECUTE|[68]
10:54:39.0 (56096791)|HEAP_ALLOCATE|[EXTERNAL]|Bytes:4
10:54:39.0 (56100911)|STATEMENT_EXECUTE|[71]
10:54:39.0 (56103488)|HEAP_ALLOCATE|[71]|Bytes:40
10:54:39.0 (56106883)|CONSTRUCTOR_ENTRY|[71]|01pBK000001lv3t|<init>()|CareerHistoryController.CareerWrapper
10:54:39.0 (56112620)|VARIABLE_SCOPE_BEGIN|[4]|this|CareerHistoryController.CareerWrapper|true|false
10:54:39.0 (56121854)|VARIABLE_ASSIGNMENT|[4]|this|{}|0x4d12a93a
10:54:39.0 (56130984)|STATEMENT_EXECUTE|[4]
10:54:39.0 (56131953)|STATEMENT_EXECUTE|[5]
10:54:39.0 (56132804)|STATEMENT_EXECUTE|[6]
10:54:39.0 (56133652)|STATEMENT_EXECUTE|[7]
10:54:39.0 (56134476)|STATEMENT_EXECUTE|[8]
10:54:39.0 (56135350)|STATEMENT_EXECUTE|[9]
10:54:39.0 (56136144)|STATEMENT_EXECUTE|[10]
10:54:39.0 (56136970)|STATEMENT_EXECUTE|[11]
10:54:39.0 (56137849)|STATEMENT_EXECUTE|[12]
10:54:39.0 (56138693)|STATEMENT_EXECUTE|[13]
10:54:39.0 (56140444)|CONSTRUCTOR_EXIT|[71]|01pBK000001lv3t|<init>()|CareerHistoryController.CareerWrapper
10:54:39.0 (56143454)|VARIABLE_SCOPE_BEGIN|[71]|c3|CareerHistoryController.CareerWrapper|true|false
10:54:39.0 (56152419)|VARIABLE_ASSIGNMENT|[71]|c3|{}|0x4d12a93a
10:54:39.0 (56155004)|STATEMENT_EXECUTE|[72]
10:54:39.0 (56156529)|HEAP_ALLOCATE|[72]|Bytes:1
10:54:39.0 (56170371)|VARIABLE_ASSIGNMENT|[EXTERNAL]|this|{}|0x4d12a93a
10:54:39.0 (56176757)|VARIABLE_ASSIGNMENT|[EXTERNAL]|value|"3"
10:54:39.0 (56182559)|VARIABLE_ASSIGNMENT|[5]|this.id|"3"|0x4d12a93a
10:54:39.0 (56189023)|STATEMENT_EXECUTE|[73]
10:54:39.0 (56200376)|METHOD_ENTRY|[73]|01pBK000001lv3t|CareerHistoryController.nullToEmpty(String)
10:54:39.0 (56204927)|VARIABLE_SCOPE_BEGIN|[145]|str|String|false|false
10:54:39.0 (56209290)|VARIABLE_ASSIGNMENT|[145]|str|"企業３"
10:54:39.0 (56213447)|HEAP_ALLOCATE|[145]|Bytes:5
10:54:39.0 (56215329)|STATEMENT_EXECUTE|[145]
10:54:39.0 (56216165)|STATEMENT_EXECUTE|[145]
10:54:39.0 (56218534)|METHOD_EXIT|[73]|01pBK000001lv3t|CareerHistoryController.nullToEmpty(String)
10:54:39.0 (56229809)|VARIABLE_ASSIGNMENT|[EXTERNAL]|this|{"id":"3"}|0x4d12a93a
10:54:39.0 (56233954)|VARIABLE_ASSIGNMENT|[EXTERNAL]|value|"企業３"
10:54:39.0 (56238089)|VARIABLE_ASSIGNMENT|[6]|this.companyName|"企業３"|0x4d12a93a
10:54:39.0 (56241928)|STATEMENT_EXECUTE|[74]
10:54:39.0 (56250496)|METHOD_ENTRY|[74]|01pBK000001lv3t|CareerHistoryController.nullToEmpty(String)
10:54:39.0 (56254557)|VARIABLE_SCOPE_BEGIN|[145]|str|String|false|false
10:54:39.0 (56258874)|VARIABLE_ASSIGNMENT|[145]|str|"職務経歴３\nあ"
10:54:39.0 (56262424)|HEAP_ALLOCATE|[145]|Bytes:5
10:54:39.0 (56264054)|STATEMENT_EXECUTE|[145]
10:54:39.0 (56264846)|STATEMENT_EXECUTE|[145]
10:54:39.0 (56266829)|METHOD_EXIT|[74]|01pBK000001lv3t|CareerHistoryController.nullToEmpty(String)
10:54:39.0 (56277961)|VARIABLE_ASSIGNMENT|[EXTERNAL]|this|{"companyName":"企業３","id":"3"}|0x4d12a93a
10:54:39.0 (56282485)|VARIABLE_ASSIGNMENT|[EXTERNAL]|value|"職務経歴３\nあ"
10:54:39.0 (56286594)|VARIABLE_ASSIGNMENT|[11]|this.jobDescription|"職務経歴３\nあ"|0x4d12a93a
10:54:39.0 (56290505)|STATEMENT_EXECUTE|[76]
10:54:39.0 (56293306)|METHOD_ENTRY|[76]|01pBK000001lv3t|CareerHistoryController.nullToEmpty(String)
10:54:39.0 (56297274)|VARIABLE_SCOPE_BEGIN|[145]|str|String|false|false
10:54:39.0 (56301479)|VARIABLE_ASSIGNMENT|[145]|str|null
10:54:39.0 (56304625)|HEAP_ALLOCATE|[145]|Bytes:5
10:54:39.0 (56306502)|STATEMENT_EXECUTE|[145]
10:54:39.0 (56307288)|STATEMENT_EXECUTE|[145]
10:54:39.0 (56309479)|METHOD_EXIT|[76]|01pBK000001lv3t|CareerHistoryController.nullToEmpty(String)
10:54:39.0 (56320508)|VARIABLE_ASSIGNMENT|[EXTERNAL]|this|{"companyName":"企業３","id":"3","jobDescription":"職務経歴３\nあ"}|0x4d12a93a
10:54:39.0 (56325421)|VARIABLE_ASSIGNMENT|[EXTERNAL]|value|""
10:54:39.0 (56329213)|VARIABLE_ASSIGNMENT|[12]|this.jobGroup|""|0x4d12a93a
10:54:39.0 (56332823)|STATEMENT_EXECUTE|[77]
10:54:39.0 (56335389)|METHOD_ENTRY|[77]|01pBK000001lv3t|CareerHistoryController.nullToEmpty(String)
10:54:39.0 (56338749)|VARIABLE_SCOPE_BEGIN|[145]|str|String|false|false
10:54:39.0 (56342153)|VARIABLE_ASSIGNMENT|[145]|str|null
10:54:39.0 (56345037)|HEAP_ALLOCATE|[145]|Bytes:5
10:54:39.0 (56346703)|STATEMENT_EXECUTE|[145]
10:54:39.0 (56347497)|STATEMENT_EXECUTE|[145]
10:54:39.0 (56349414)|METHOD_EXIT|[77]|01pBK000001lv3t|CareerHistoryController.nullToEmpty(String)
10:54:39.0 (56360965)|VARIABLE_ASSIGNMENT|[EXTERNAL]|this|{"companyName":"企業３","id":"3","jobDescription":"職務経歴３\nあ","jobGroup":""}|0x4d12a93a
10:54:39.0 (56365613)|VARIABLE_ASSIGNMENT|[EXTERNAL]|value|""
10:54:39.0 (56369002)|VARIABLE_ASSIGNMENT|[13]|this.jobGroupOption|""|0x4d12a93a
10:54:39.0 (56372741)|STATEMENT_EXECUTE|[78]
10:54:39.0 (56381293)|METHOD_ENTRY|[78]|01pBK000001lv3t|CareerHistoryController.formatDateToYYYYMM(Date)
10:54:39.0 (56385485)|VARIABLE_SCOPE_BEGIN|[147]|d|Date|false|false
10:54:39.0 (56391483)|VARIABLE_ASSIGNMENT|[147]|d|"2026-02-01T00:00:00.000Z"
10:54:39.0 (56394684)|HEAP_ALLOCATE|[148]|Bytes:5
10:54:39.0 (56396407)|STATEMENT_EXECUTE|[147]
10:54:39.0 (56397349)|STATEMENT_EXECUTE|[148]
10:54:39.0 (56398154)|STATEMENT_EXECUTE|[149]
10:54:39.0 (56409229)|HEAP_ALLOCATE|[149]|Bytes:1
10:54:39.0 (56413116)|VARIABLE_SCOPE_BEGIN|[149]|m|String|false|false
10:54:39.0 (56416879)|VARIABLE_ASSIGNMENT|[149]|m|"2"
10:54:39.0 (56423632)|STATEMENT_EXECUTE|[150]
10:54:39.0 (56426233)|HEAP_ALLOCATE|[150]|Bytes:2
10:54:39.0 (56429138)|VARIABLE_ASSIGNMENT|[150]|m|"02"
10:54:39.0 (56431466)|STATEMENT_EXECUTE|[151]
10:54:39.0 (56439481)|HEAP_ALLOCATE|[151]|Bytes:4
10:54:39.0 (56443991)|HEAP_ALLOCATE|[151]|Bytes:7
10:54:39.0 (56447329)|METHOD_EXIT|[78]|01pBK000001lv3t|CareerHistoryController.formatDateToYYYYMM(Date)
10:54:39.0 (56460335)|VARIABLE_ASSIGNMENT|[EXTERNAL]|this|{"companyName":"企業３","id":"3","jobDescription":"職務経歴３\nあ","jobGroup":"","jobGroupOption":""}|0x4d12a93a
10:54:39.0 (56465239)|VARIABLE_ASSIGNMENT|[EXTERNAL]|value|"2026-02"
10:54:39.0 (56468804)|VARIABLE_ASSIGNMENT|[7]|this.startDateInput|"2026-02"|0x4d12a93a
10:54:39.0 (56472406)|STATEMENT_EXECUTE|[79]
10:54:39.0 (56480292)|METHOD_ENTRY|[79]|01pBK000001lv3t|CareerHistoryController.formatDateToYYYYMM(Date)
10:54:39.0 (56484454)|VARIABLE_SCOPE_BEGIN|[147]|d|Date|false|false
10:54:39.0 (56489550)|VARIABLE_ASSIGNMENT|[147]|d|"2026-12-01T00:00:00.000Z"
10:54:39.0 (56492656)|HEAP_ALLOCATE|[148]|Bytes:5
10:54:39.0 (56494316)|STATEMENT_EXECUTE|[147]
10:54:39.0 (56495179)|STATEMENT_EXECUTE|[148]
10:54:39.0 (56496033)|STATEMENT_EXECUTE|[149]
10:54:39.0 (56504319)|HEAP_ALLOCATE|[149]|Bytes:2
10:54:39.0 (56508301)|VARIABLE_SCOPE_BEGIN|[149]|m|String|false|false
10:54:39.0 (56512299)|VARIABLE_ASSIGNMENT|[149]|m|"12"
10:54:39.0 (56518702)|STATEMENT_EXECUTE|[150]
10:54:39.0 (56519560)|STATEMENT_EXECUTE|[151]
10:54:39.0 (56526369)|HEAP_ALLOCATE|[151]|Bytes:4
10:54:39.0 (56530511)|HEAP_ALLOCATE|[151]|Bytes:7
10:54:39.0 (56533258)|METHOD_EXIT|[79]|01pBK000001lv3t|CareerHistoryController.formatDateToYYYYMM(Date)
10:54:39.0 (56545616)|VARIABLE_ASSIGNMENT|[EXTERNAL]|this|{"companyName":"企業３","id":"3","jobDescription":"職務経歴３\nあ","jobGroup":"","jobGroupOption":"","startDateInput":"2026-02"}|0x4d12a93a
10:54:39.0 (56550748)|VARIABLE_ASSIGNMENT|[EXTERNAL]|value|"2026-12"
10:54:39.0 (56554141)|VARIABLE_ASSIGNMENT|[8]|this.endDateInput|"2026-12"|0x4d12a93a
10:54:39.0 (56557516)|STATEMENT_EXECUTE|[80]
10:54:39.0 (56570726)|VARIABLE_ASSIGNMENT|[EXTERNAL]|this|{"companyName":"企業３","endDateInput":"2026-12","id":"3","jobDescription":"職務経歴３\nあ","jobGroup":"","jobGroupOption":"","startDateInput":"2026-02"}|0x4d12a93a
10:54:39.0 (56576473)|VARIABLE_ASSIGNMENT|[EXTERNAL]|value|false
10:54:39.0 (56579126)|HEAP_ALLOCATE|[9]|Bytes:5
10:54:39.0 (56582270)|VARIABLE_ASSIGNMENT|[9]|this.isCurrentJob|false|0x4d12a93a
10:54:39.0 (56585905)|STATEMENT_EXECUTE|[81]
10:54:39.0 (56595307)|HEAP_ALLOCATE|[EXTERNAL]|Bytes:4
10:54:39.0 (56599241)|STATEMENT_EXECUTE|[84]
10:54:39.0 (56601149)|HEAP_ALLOCATE|[84]|Bytes:40
10:54:39.0 (56604024)|CONSTRUCTOR_ENTRY|[84]|01pBK000001lv3t|<init>()|CareerHistoryController.CareerWrapper
10:54:39.0 (56608504)|VARIABLE_SCOPE_BEGIN|[4]|this|CareerHistoryController.CareerWrapper|true|false
10:54:39.0 (56617557)|VARIABLE_ASSIGNMENT|[4]|this|{}|0x38f2b32d
10:54:39.0 (56624728)|STATEMENT_EXECUTE|[4]
10:54:39.0 (56625645)|STATEMENT_EXECUTE|[5]
10:54:39.0 (56626552)|STATEMENT_EXECUTE|[6]
10:54:39.0 (56627621)|STATEMENT_EXECUTE|[7]
10:54:39.0 (56628432)|STATEMENT_EXECUTE|[8]
10:54:39.0 (56629223)|STATEMENT_EXECUTE|[9]
10:54:39.0 (56629993)|STATEMENT_EXECUTE|[10]
10:54:39.0 (56630779)|STATEMENT_EXECUTE|[11]
10:54:39.0 (56631600)|STATEMENT_EXECUTE|[12]
10:54:39.0 (56632363)|STATEMENT_EXECUTE|[13]
10:54:39.0 (56634009)|CONSTRUCTOR_EXIT|[84]|01pBK000001lv3t|<init>()|CareerHistoryController.CareerWrapper
10:54:39.0 (56636752)|VARIABLE_SCOPE_BEGIN|[84]|c4|CareerHistoryController.CareerWrapper|true|false
10:54:39.0 (56645277)|VARIABLE_ASSIGNMENT|[84]|c4|{}|0x38f2b32d
10:54:39.0 (56647695)|STATEMENT_EXECUTE|[85]
10:54:39.0 (56649206)|HEAP_ALLOCATE|[85]|Bytes:1
10:54:39.0 (56660261)|VARIABLE_ASSIGNMENT|[EXTERNAL]|this|{}|0x38f2b32d
10:54:39.0 (56664381)|VARIABLE_ASSIGNMENT|[EXTERNAL]|value|"4"
10:54:39.0 (56668064)|VARIABLE_ASSIGNMENT|[5]|this.id|"4"|0x38f2b32d
10:54:39.0 (56671650)|STATEMENT_EXECUTE|[86]
10:54:39.0 (56680966)|METHOD_ENTRY|[86]|01pBK000001lv3t|CareerHistoryController.nullToEmpty(String)
10:54:39.0 (56684644)|VARIABLE_SCOPE_BEGIN|[145]|str|String|false|false
10:54:39.0 (56690624)|VARIABLE_ASSIGNMENT|[145]|str|"職務経歴ｑ\n職務経歴\n職務経歴\n職務経歴 (20 more) ..."
10:54:39.0 (56694432)|HEAP_ALLOCATE|[145]|Bytes:5
10:54:39.0 (56696139)|STATEMENT_EXECUTE|[145]
10:54:39.0 (56696947)|STATEMENT_EXECUTE|[145]
10:54:39.0 (56698997)|METHOD_EXIT|[86]|01pBK000001lv3t|CareerHistoryController.nullToEmpty(String)
10:54:39.0 (56709379)|VARIABLE_ASSIGNMENT|[EXTERNAL]|this|{"id":"4"}|0x38f2b32d
10:54:39.0 (56714046)|VARIABLE_ASSIGNMENT|[EXTERNAL]|value|"職務経歴ｑ\n職務経歴\n職務経歴\n職務経歴 (20 more) ..."
10:54:39.0 (56718619)|VARIABLE_ASSIGNMENT|[11]|this.jobDescription|"職務経歴ｑ\n職務経歴\n職務経歴\n職務経歴 (20 more) ..."|0x38f2b32d
10:54:39.0 (56722976)|STATEMENT_EXECUTE|[87]
10:54:39.0 (56734784)|VARIABLE_ASSIGNMENT|[EXTERNAL]|this|{"id":"4","jobDescription":"職務経歴ｑ\n職務経歴\n職務経歴\n職務経歴 (20 more) ..."}|0x38f2b32d
10:54:39.0 (56739759)|VARIABLE_ASSIGNMENT|[EXTERNAL]|value|false
10:54:39.0 (56742374)|HEAP_ALLOCATE|[9]|Bytes:5
10:54:39.0 (56745317)|VARIABLE_ASSIGNMENT|[9]|this.isCurrentJob|false|0x38f2b32d
10:54:39.0 (56748980)|STATEMENT_EXECUTE|[88]
10:54:39.0 (56756329)|HEAP_ALLOCATE|[EXTERNAL]|Bytes:4
10:54:39.0 (56759268)|STATEMENT_EXECUTE|[90]
10:54:39.56 (56806642)|CUMULATIVE_LIMIT_USAGE
10:54:39.56 (56806642)|LIMIT_USAGE_FOR_NS|(default)|
  Number of SOQL queries: 2 out of 100
  Number of query rows: 2 out of 50000
  Number of SOSL queries: 0 out of 20
  Number of DML statements: 0 out of 150
  Number of Publish Immediate DML: 0 out of 150
  Number of DML rows: 0 out of 10000
  Maximum CPU time: 0 out of 10000
  Maximum heap size: 0 out of 6000000
  Number of callouts: 0 out of 100
  Number of Email Invocations: 0 out of 10
  Number of future calls: 0 out of 50
  Number of queueable jobs added to the queue: 0 out of 50
  Number of Mobile Apex push calls: 0 out of 10

10:54:39.56 (56806642)|CUMULATIVE_LIMIT_USAGE_END

10:54:39.0 (56833184)|CODE_UNIT_FINISHED|CareerHistoryController.getCareerHistory()
10:54:39.0 (56987071)|CODE_UNIT_FINISHED|apex://CareerHistoryController/ACTION$getCareerHistory
10:54:39.0 (56993139)|EXECUTION_FINISHED
