66.0 APEX_CODE,FINEST;APEX_PROFILING,INFO;CALLOUT,INFO;DATA_ACCESS,INFO;DB,INFO;NBA,INFO;SYSTEM,DEBUG;VALIDATION,INFO;VISUALFORCE,INFO;WAVE,INFO;WORKFLOW,INFO
16:00:32.0 (202064)|USER_INFO|[EXTERNAL]|0057F0000042UBb|ishibashi@hurex.co.jp.dev1|(GMT+09:00) 日本標準時 (Asia/Tokyo)|GMT+09:00
16:00:32.0 (235673)|EXECUTION_STARTED
16:00:32.0 (247035)|CODE_UNIT_STARTED|[EXTERNAL]|apex://JobCardsController/ACTION$getJobs
16:00:32.0 (1893411)|CODE_UNIT_STARTED|[EXTERNAL]|01pBK000001RGBP|JobCardsController.getJobs()
16:00:32.0 (2186891)|HEAP_ALLOCATE|[95]|Bytes:3
16:00:32.0 (2277873)|HEAP_ALLOCATE|[100]|Bytes:152
16:00:32.0 (2293284)|HEAP_ALLOCATE|[417]|Bytes:408
16:00:32.0 (2304156)|HEAP_ALLOCATE|[430]|Bytes:408
16:00:32.0 (2326214)|HEAP_ALLOCATE|[317]|Bytes:6
16:00:32.0 (2408632)|HEAP_ALLOCATE|[EXTERNAL]|Bytes:10
16:00:32.0 (2412805)|HEAP_ALLOCATE|[EXTERNAL]|Bytes:5
16:00:32.0 (2414535)|HEAP_ALLOCATE|[EXTERNAL]|Bytes:2
16:00:32.0 (2426090)|METHOD_ENTRY|[1]|01pBK000001RGBP|JobCardsController.JobCardsController()
16:00:32.0 (2431857)|STATEMENT_EXECUTE|[1]
16:00:32.0 (2436958)|STATEMENT_EXECUTE|[1]
16:00:32.0 (2456781)|HEAP_ALLOCATE|[68]|Bytes:5
16:00:32.0 (2493069)|HEAP_ALLOCATE|[74]|Bytes:5
16:00:32.0 (2500788)|HEAP_ALLOCATE|[82]|Bytes:7
16:00:32.0 (2669580)|HEAP_ALLOCATE|[EXTERNAL]|Bytes:5
16:00:32.0 (2674283)|STATEMENT_EXECUTE|[3]
16:00:32.0 (2683078)|METHOD_EXIT|[1]|JobCardsController
16:00:32.0 (2693862)|HEAP_ALLOCATE|[18]|Bytes:5
16:00:32.0 (2696483)|STATEMENT_EXECUTE|[17]
16:00:32.0 (2697690)|STATEMENT_EXECUTE|[18]
16:00:32.0 (2736941)|HEAP_ALLOCATE|[18]|Bytes:4
16:00:32.0 (2798796)|VARIABLE_SCOPE_BEGIN|[18]|favoriteJobIds|Set<Id>|true|false
16:00:32.0 (2863132)|VARIABLE_ASSIGNMENT|[18]|favoriteJobIds|[]|0x58dbad69
16:00:32.0 (2869488)|HEAP_ALLOCATE|[19]|Bytes:91
16:00:32.0 (2883952)|HEAP_ALLOCATE|[19]|Bytes:4
16:00:32.0 (2891850)|HEAP_ALLOCATE|[19]|Bytes:7
16:00:32.0 (2913920)|HEAP_ALLOCATE|[21]|Bytes:105
16:00:32.0 (2919677)|SYSTEM_METHOD_ENTRY|[1]|UserInfo.UserInfo()
16:00:32.0 (2921884)|STATEMENT_EXECUTE|[1]
16:00:32.0 (2926712)|SYSTEM_METHOD_EXIT|[1]|UserInfo
16:00:32.0 (2936529)|METHOD_ENTRY|[21]||System.UserInfo.getUserId()
16:00:32.0 (5796107)|METHOD_EXIT|[21]||System.UserInfo.getUserId()
16:00:32.0 (8393513)|SOQL_EXECUTE_BEGIN|[19]|Aggregations:0|SELECT Job__c FROM InterestedJob__c WHERE (CreatedById = :tmpVar1 AND IsArchive__c = FALSE)
16:00:32.0 (15312387)|SOQL_EXECUTE_END|[19]|Rows:1
16:00:32.0 (15351362)|HEAP_ALLOCATE|[EXTERNAL]|Bytes:8
16:00:32.0 (15557990)|HEAP_ALLOCATE|[19]|Bytes:54
16:00:32.0 (15565455)|HEAP_ALLOCATE|[19]|Bytes:8
16:00:32.0 (15579675)|SYSTEM_METHOD_ENTRY|[7]|QueryLocatorIterator.QueryLocatorIterator()
16:00:32.0 (15583058)|STATEMENT_EXECUTE|[7]
16:00:32.0 (15593541)|SYSTEM_METHOD_EXIT|[7]|QueryLocatorIterator
16:00:32.0 (15600031)|HEAP_ALLOCATE|[19]|Bytes:28
16:00:32.0 (15674851)|HEAP_ALLOCATE|[19]|Bytes:8
16:00:32.0 (15683564)|HEAP_ALLOCATE|[19]|Bytes:8
16:00:32.0 (15685267)|HEAP_ALLOCATE|[19]|Bytes:8
16:00:32.0 (15691303)|VARIABLE_SCOPE_BEGIN|[15]|this|Database.QueryLocatorIterator|true|false
16:00:32.0 (15738063)|VARIABLE_ASSIGNMENT|[15]|this|{}|0x67135fc2
16:00:32.0 (15742676)|VARIABLE_SCOPE_BEGIN|[15]|values|List<SObject>|true|false
16:00:32.0 (15825541)|VARIABLE_ASSIGNMENT|[15]|values|[{"Job__c":"a0KBK00000Gexcs2AB","Id":"a0OBK000004najC2AQ"}]|0x1ee36b8
16:00:32.0 (15829621)|VARIABLE_SCOPE_BEGIN|[15]|ql|Database.QueryLocator|true|false
16:00:32.0 (15841740)|VARIABLE_ASSIGNMENT|[15]|ql|{"query":"SELECT Job__c FROM I (71 more) ..."}|0x6d4d217a
16:00:32.0 (15844645)|VARIABLE_SCOPE_BEGIN|[15]|totalNumRecords|Integer|false|false
16:00:32.0 (15851566)|VARIABLE_ASSIGNMENT|[15]|totalNumRecords|1
16:00:32.0 (15854726)|VARIABLE_SCOPE_BEGIN|[15]|queryMoreSize|Integer|false|false
16:00:32.0 (15858346)|VARIABLE_ASSIGNMENT|[15]|queryMoreSize|49999
16:00:32.0 (15919791)|HEAP_ALLOCATE|[19]|Bytes:28
16:00:32.0 (15942869)|METHOD_ENTRY|[19]||Database.QueryLocatorIterator.hasNext()
16:00:32.0 (16029245)|METHOD_EXIT|[19]||Database.QueryLocatorIterator.hasNext()
16:00:32.0 (16035238)|METHOD_ENTRY|[19]||Database.QueryLocatorIterator.next()
16:00:32.0 (16086877)|METHOD_EXIT|[19]||Database.QueryLocatorIterator.next()
16:00:32.0 (16091675)|VARIABLE_SCOPE_BEGIN|[19]|fav|InterestedJob__c|true|false
16:00:32.0 (16119241)|VARIABLE_ASSIGNMENT|[19]|fav|{"Job__c":"a0KBK00000Gexcs2AB","Id":"a0OBK000004najC2AQ"}|0x1d419535
16:00:32.0 (16123625)|STATEMENT_EXECUTE|[22]
16:00:32.0 (16124742)|STATEMENT_EXECUTE|[23]
16:00:32.0 (16180542)|HEAP_ALLOCATE|[EXTERNAL]|Bytes:4
16:00:32.0 (16187902)|METHOD_ENTRY|[19]||Database.QueryLocatorIterator.hasNext()
16:00:32.0 (16195072)|METHOD_EXIT|[19]||Database.QueryLocatorIterator.hasNext()
16:00:32.0 (16199157)|VARIABLE_ASSIGNMENT|[19]|fav|null|
16:00:32.0 (16217655)|STATEMENT_EXECUTE|[26]
16:00:32.0 (16219997)|HEAP_ALLOCATE|[26]|Bytes:217
16:00:32.0 (16237875)|HEAP_ALLOCATE|[26]|Bytes:4
16:00:32.0 (19185642)|SOQL_EXECUTE_BEGIN|[26]|Aggregations:0|SELECT Id, JobPosition__c, WorkLocation2__c, JobCategory1__c, MaxAnnualSalary__c, MinAnnualSalary__c, JobDescription__c, LastModifiedDate, LastViewedDate FROM Job__c ORDER BY LastModifiedDate DESC NULLS FIRST LIMIT 10
16:00:32.0 (33290434)|SOQL_EXECUTE_END|[26]|Rows:10
16:00:32.0 (33342595)|HEAP_ALLOCATE|[26]|Bytes:44
16:00:32.0 (33371712)|HEAP_ALLOCATE|[26]|Bytes:4133
16:00:32.0 (33498626)|HEAP_ALLOCATE|[26]|Bytes:44
16:00:32.0 (33525855)|VARIABLE_SCOPE_BEGIN|[26]|jobs|List<Job__c>|true|false
16:00:32.0 (33561849)|VARIABLE_ASSIGNMENT|[26]|jobs|"List of size 10 too large to display"|0x15812d47
16:00:32.0 (33570339)|STATEMENT_EXECUTE|[35]
16:00:32.0 (33691543)|HEAP_ALLOCATE|[35]|Bytes:4
16:00:32.0 (33811512)|VARIABLE_SCOPE_BEGIN|[35]|result|List<JobCardsController.JobWrapper>|true|false
16:00:32.0 (33837586)|HEAP_ALLOCATE|[EXTERNAL]|Bytes:4
16:00:32.0 (33851623)|VARIABLE_ASSIGNMENT|[35]|result|[]|0x6913cb7a
16:00:32.0 (34007280)|HEAP_ALLOCATE|[36]|Bytes:5
16:00:32.0 (34034191)|HEAP_ALLOCATE|[36]|Bytes:40
16:00:32.0 (34043913)|VARIABLE_SCOPE_BEGIN|[36]|j|Job__c|true|false
16:00:32.0 (34192760)|VARIABLE_ASSIGNMENT|[36]|j|{"LastModifiedDate":"2026-03-17T03:14:00.000Z","JobPosition__c":"テスト401求人タイトル求人タイトル求人 (28 more) ...","WorkLocation2__c":"111","LastViewedDate":"2026-03-17T06:44:29.000Z","Id":"a0KBK00000Gexcs2AB","MinAnnualSalary__c":450,"JobDescription__c":"テスト401仕事内容仕事内容仕事内容仕事 (30 more) ...","JobCategory1__c":"専門職系（コンサルタント/金融/不動産）","MaxAnnualSalary__c":600}|0x280739b
16:00:32.0 (34208063)|STATEMENT_EXECUTE|[36]
16:00:32.0 (34210135)|STATEMENT_EXECUTE|[37]
16:00:32.0 (34220902)|HEAP_ALLOCATE|[37]|Bytes:44
16:00:32.0 (34237092)|CONSTRUCTOR_ENTRY|[37]|01pBK000001RGBP|<init>()|JobCardsController.JobWrapper
16:00:32.0 (34256309)|VARIABLE_SCOPE_BEGIN|[3]|this|JobCardsController.JobWrapper|true|false
16:00:32.0 (34303252)|VARIABLE_ASSIGNMENT|[3]|this|{}|0x6ba01be6
16:00:32.0 (34330819)|STATEMENT_EXECUTE|[3]
16:00:32.0 (34332482)|STATEMENT_EXECUTE|[4]
16:00:32.0 (34334239)|STATEMENT_EXECUTE|[5]
16:00:32.0 (34335788)|STATEMENT_EXECUTE|[6]
16:00:32.0 (34337437)|STATEMENT_EXECUTE|[7]
16:00:32.0 (34338868)|STATEMENT_EXECUTE|[8]
16:00:32.0 (34340187)|STATEMENT_EXECUTE|[9]
16:00:32.0 (34341718)|STATEMENT_EXECUTE|[10]
16:00:32.0 (34343190)|STATEMENT_EXECUTE|[11]
16:00:32.0 (34344704)|STATEMENT_EXECUTE|[12]
16:00:32.0 (34346180)|STATEMENT_EXECUTE|[13]
16:00:32.0 (34349251)|CONSTRUCTOR_EXIT|[37]|01pBK000001RGBP|<init>()|JobCardsController.JobWrapper
16:00:32.0 (34354563)|VARIABLE_SCOPE_BEGIN|[37]|wrapper|JobCardsController.JobWrapper|true|false
16:00:32.0 (34369156)|VARIABLE_ASSIGNMENT|[37]|wrapper|{}|0x6ba01be6
16:00:32.0 (34373812)|STATEMENT_EXECUTE|[38]
16:00:32.0 (34643652)|VARIABLE_ASSIGNMENT|[38]|this.Id|"a0KBK00000Gexcs2AB"|0x6ba01be6
16:00:32.0 (34651262)|STATEMENT_EXECUTE|[39]
16:00:32.0 (34677785)|VARIABLE_ASSIGNMENT|[39]|this.JobPosition|"テスト401求人タイトル求人タイトル求人 (28 more) ..."|0x6ba01be6
16:00:32.0 (34684812)|STATEMENT_EXECUTE|[40]
16:00:32.0 (34695805)|VARIABLE_ASSIGNMENT|[40]|this.WorkLocation2|"111"|0x6ba01be6
16:00:32.0 (34700722)|STATEMENT_EXECUTE|[41]
16:00:32.0 (34711445)|VARIABLE_ASSIGNMENT|[41]|this.JobCategory1|"専門職系（コンサルタント/金融/不動産）"|0x6ba01be6
16:00:32.0 (34716972)|STATEMENT_EXECUTE|[42]
16:00:32.0 (34756390)|VARIABLE_ASSIGNMENT|[42]|this.MaxAnnualSalary|600|0x6ba01be6
16:00:32.0 (34761226)|STATEMENT_EXECUTE|[43]
16:00:32.0 (34772170)|VARIABLE_ASSIGNMENT|[43]|this.MinAnnualSalary|450|0x6ba01be6
16:00:32.0 (34776835)|STATEMENT_EXECUTE|[44]
16:00:32.0 (34787203)|VARIABLE_ASSIGNMENT|[44]|this.JobDescription|"テスト401仕事内容仕事内容仕事内容仕事 (30 more) ..."|0x6ba01be6
16:00:32.0 (34792648)|STATEMENT_EXECUTE|[45]
16:00:32.0 (34824856)|VARIABLE_ASSIGNMENT|[45]|this.LastModifiedDate|"2026-03-17T03:14:00.000Z"|0x6ba01be6
16:00:32.0 (34829967)|STATEMENT_EXECUTE|[46]
16:00:32.0 (34850772)|VARIABLE_ASSIGNMENT|[46]|this.LastViewedDate|"2026-03-17T06:44:29.000Z"|0x6ba01be6
16:00:32.0 (34855609)|STATEMENT_EXECUTE|[47]
16:00:32.0 (34921083)|HEAP_ALLOCATE|[47]|Bytes:5
16:00:32.0 (34928963)|VARIABLE_ASSIGNMENT|[47]|this.IsFavorite|true|0x6ba01be6
16:00:32.0 (34933639)|STATEMENT_EXECUTE|[48]
16:00:32.0 (34956381)|HEAP_ALLOCATE|[EXTERNAL]|Bytes:4
16:00:32.0 (34971958)|HEAP_ALLOCATE|[36]|Bytes:5
16:00:32.0 (34986305)|HEAP_ALLOCATE|[36]|Bytes:40
16:00:32.0 (34994941)|VARIABLE_SCOPE_BEGIN|[36]|j|Job__c|true|false
16:00:32.0 (35072684)|VARIABLE_ASSIGNMENT|[36]|j|{"LastModifiedDate":"2026-03-12T20:14:16.000Z","JobPosition__c":"新潟市(新潟) 法人ルート営業・業界シェ (74 more) ...","WorkLocation2__c":"新潟県新潟市（転勤なし／車通勤可）","LastViewedDate":"2026-03-17T06:44:37.000Z","Id":"a0KBK00000GezgQ2AR","MinAnnualSalary__c":350,"JobDescription__c":"自社開発製造の給配水機器とその関連製品の (25 more) ...","JobCategory1__c":"経営幹部/企画/マーケティング系","MaxAnnualSalary__c":550}|0x51f6993e
16:00:32.0 (35086200)|STATEMENT_EXECUTE|[36]
16:00:32.0 (35087741)|STATEMENT_EXECUTE|[37]
16:00:32.0 (35092455)|HEAP_ALLOCATE|[37]|Bytes:44
16:00:32.0 (35105591)|CONSTRUCTOR_ENTRY|[37]|01pBK000001RGBP|<init>()|JobCardsController.JobWrapper
16:00:32.0 (35113159)|VARIABLE_SCOPE_BEGIN|[3]|this|JobCardsController.JobWrapper|true|false
16:00:32.0 (35137126)|VARIABLE_ASSIGNMENT|[3]|this|{}|0x1ce23a9b
16:00:32.0 (35155107)|STATEMENT_EXECUTE|[3]
16:00:32.0 (35156861)|STATEMENT_EXECUTE|[4]
16:00:32.0 (35158325)|STATEMENT_EXECUTE|[5]
16:00:32.0 (35159876)|STATEMENT_EXECUTE|[6]
16:00:32.0 (35161253)|STATEMENT_EXECUTE|[7]
16:00:32.0 (35162445)|STATEMENT_EXECUTE|[8]
16:00:32.0 (35163775)|STATEMENT_EXECUTE|[9]
16:00:32.0 (35165142)|STATEMENT_EXECUTE|[10]
16:00:32.0 (35166483)|STATEMENT_EXECUTE|[11]
16:00:32.0 (35167931)|STATEMENT_EXECUTE|[12]
16:00:32.0 (35169317)|STATEMENT_EXECUTE|[13]
16:00:32.0 (35172315)|CONSTRUCTOR_EXIT|[37]|01pBK000001RGBP|<init>()|JobCardsController.JobWrapper
16:00:32.0 (35177998)|VARIABLE_SCOPE_BEGIN|[37]|wrapper|JobCardsController.JobWrapper|true|false
16:00:32.0 (35192296)|VARIABLE_ASSIGNMENT|[37]|wrapper|{}|0x1ce23a9b
16:00:32.0 (35196941)|STATEMENT_EXECUTE|[38]
16:00:32.0 (35284720)|VARIABLE_ASSIGNMENT|[38]|this.Id|"a0KBK00000GezgQ2AR"|0x1ce23a9b
16:00:32.0 (35290355)|STATEMENT_EXECUTE|[39]
16:00:32.0 (35313144)|VARIABLE_ASSIGNMENT|[39]|this.JobPosition|"新潟市(新潟) 法人ルート営業・業界シェ (74 more) ..."|0x1ce23a9b
16:00:32.0 (35318840)|STATEMENT_EXECUTE|[40]
16:00:32.0 (35325803)|VARIABLE_ASSIGNMENT|[40]|this.WorkLocation2|"新潟県新潟市（転勤なし／車通勤可）"|0x1ce23a9b
16:00:32.0 (35331205)|STATEMENT_EXECUTE|[41]
16:00:32.0 (35337061)|VARIABLE_ASSIGNMENT|[41]|this.JobCategory1|"経営幹部/企画/マーケティング系"|0x1ce23a9b
16:00:32.0 (35342093)|STATEMENT_EXECUTE|[42]
16:00:32.0 (35351419)|VARIABLE_ASSIGNMENT|[42]|this.MaxAnnualSalary|550|0x1ce23a9b
16:00:32.0 (35355962)|STATEMENT_EXECUTE|[43]
16:00:32.0 (35361796)|VARIABLE_ASSIGNMENT|[43]|this.MinAnnualSalary|350|0x1ce23a9b
16:00:32.0 (35366042)|STATEMENT_EXECUTE|[44]
16:00:32.0 (35372644)|VARIABLE_ASSIGNMENT|[44]|this.JobDescription|"自社開発製造の給配水機器とその関連製品の (25 more) ..."|0x1ce23a9b
16:00:32.0 (35377819)|STATEMENT_EXECUTE|[45]
16:00:32.0 (35391749)|VARIABLE_ASSIGNMENT|[45]|this.LastModifiedDate|"2026-03-12T20:14:16.000Z"|0x1ce23a9b
16:00:32.0 (35396617)|STATEMENT_EXECUTE|[46]
16:00:32.0 (35406023)|VARIABLE_ASSIGNMENT|[46]|this.LastViewedDate|"2026-03-17T06:44:37.000Z"|0x1ce23a9b
16:00:32.0 (35410660)|STATEMENT_EXECUTE|[47]
16:00:32.0 (35425132)|HEAP_ALLOCATE|[47]|Bytes:5
16:00:32.0 (35431218)|VARIABLE_ASSIGNMENT|[47]|this.IsFavorite|false|0x1ce23a9b
16:00:32.0 (35435555)|STATEMENT_EXECUTE|[48]
16:00:32.0 (35441844)|HEAP_ALLOCATE|[EXTERNAL]|Bytes:4
16:00:32.0 (35453703)|HEAP_ALLOCATE|[36]|Bytes:5
16:00:32.0 (35464245)|HEAP_ALLOCATE|[36]|Bytes:36
16:00:32.0 (35470124)|VARIABLE_SCOPE_BEGIN|[36]|j|Job__c|true|false
16:00:32.0 (35540425)|VARIABLE_ASSIGNMENT|[36]|j|{"LastModifiedDate":"2026-03-12T05:33:30.000Z","JobPosition__c":"テスト424求人タイトル求人タイトル求人 (28 more) ...","LastViewedDate":"2026-03-17T03:03:54.000Z","Id":"a0KBK00000GexdF2AR","MinAnnualSalary__c":250,"JobDescription__c":"テスト424仕事内容仕事内容仕事内容仕事 (30 more) ...","JobCategory1__c":"技術系（電気/電子/機械）","MaxAnnualSalary__c":350}|0x6aee40b
16:00:32.0 (35551597)|STATEMENT_EXECUTE|[36]
16:00:32.0 (35552995)|STATEMENT_EXECUTE|[37]
16:00:32.0 (35556620)|HEAP_ALLOCATE|[37]|Bytes:44
16:00:32.0 (35562176)|CONSTRUCTOR_ENTRY|[37]|01pBK000001RGBP|<init>()|JobCardsController.JobWrapper
16:00:32.0 (35567940)|VARIABLE_SCOPE_BEGIN|[3]|this|JobCardsController.JobWrapper|true|false
16:00:32.0 (35585997)|VARIABLE_ASSIGNMENT|[3]|this|{}|0x7a439578
16:00:32.0 (35599517)|STATEMENT_EXECUTE|[3]
16:00:32.0 (35601041)|STATEMENT_EXECUTE|[4]
16:00:32.0 (35602415)|STATEMENT_EXECUTE|[5]
16:00:32.0 (35603767)|STATEMENT_EXECUTE|[6]
16:00:32.0 (35605177)|STATEMENT_EXECUTE|[7]
16:00:32.0 (35606485)|STATEMENT_EXECUTE|[8]
16:00:32.0 (35607850)|STATEMENT_EXECUTE|[9]
16:00:32.0 (35609203)|STATEMENT_EXECUTE|[10]
16:00:32.0 (35610592)|STATEMENT_EXECUTE|[11]
16:00:32.0 (35612018)|STATEMENT_EXECUTE|[12]
16:00:32.0 (35613404)|STATEMENT_EXECUTE|[13]
16:00:32.0 (35616180)|CONSTRUCTOR_EXIT|[37]|01pBK000001RGBP|<init>()|JobCardsController.JobWrapper
16:00:32.0 (35621505)|VARIABLE_SCOPE_BEGIN|[37]|wrapper|JobCardsController.JobWrapper|true|false
16:00:32.0 (35634401)|VARIABLE_ASSIGNMENT|[37]|wrapper|{}|0x7a439578
16:00:32.0 (35639197)|STATEMENT_EXECUTE|[38]
16:00:32.0 (35694855)|VARIABLE_ASSIGNMENT|[38]|this.Id|"a0KBK00000GexdF2AR"|0x7a439578
16:00:32.0 (35700269)|STATEMENT_EXECUTE|[39]
16:00:32.0 (35708748)|VARIABLE_ASSIGNMENT|[39]|this.JobPosition|"テスト424求人タイトル求人タイトル求人 (28 more) ..."|0x7a439578
16:00:32.0 (35714466)|STATEMENT_EXECUTE|[40]
16:00:32.0 (35721074)|VARIABLE_ASSIGNMENT|[40]|this.WorkLocation2|null|0x7a439578
16:00:32.0 (35725558)|STATEMENT_EXECUTE|[41]
16:00:32.0 (35731599)|VARIABLE_ASSIGNMENT|[41]|this.JobCategory1|"技術系（電気/電子/機械）"|0x7a439578
16:00:32.0 (35736713)|STATEMENT_EXECUTE|[42]
16:00:32.0 (35744031)|VARIABLE_ASSIGNMENT|[42]|this.MaxAnnualSalary|350|0x7a439578
16:00:32.0 (35748646)|STATEMENT_EXECUTE|[43]
16:00:32.0 (35754413)|VARIABLE_ASSIGNMENT|[43]|this.MinAnnualSalary|250|0x7a439578
16:00:32.0 (35758729)|STATEMENT_EXECUTE|[44]
16:00:32.0 (35764944)|VARIABLE_ASSIGNMENT|[44]|this.JobDescription|"テスト424仕事内容仕事内容仕事内容仕事 (30 more) ..."|0x7a439578
16:00:32.0 (35770164)|STATEMENT_EXECUTE|[45]
16:00:32.0 (35781234)|VARIABLE_ASSIGNMENT|[45]|this.LastModifiedDate|"2026-03-12T05:33:30.000Z"|0x7a439578
16:00:32.0 (35785754)|STATEMENT_EXECUTE|[46]
16:00:32.0 (35794356)|VARIABLE_ASSIGNMENT|[46]|this.LastViewedDate|"2026-03-17T03:03:54.000Z"|0x7a439578
16:00:32.0 (35798688)|STATEMENT_EXECUTE|[47]
16:00:32.0 (35809586)|HEAP_ALLOCATE|[47]|Bytes:5
16:00:32.0 (35814898)|VARIABLE_ASSIGNMENT|[47]|this.IsFavorite|false|0x7a439578
16:00:32.0 (35819271)|STATEMENT_EXECUTE|[48]
16:00:32.0 (35824734)|HEAP_ALLOCATE|[EXTERNAL]|Bytes:4
16:00:32.0 (35835544)|HEAP_ALLOCATE|[36]|Bytes:5
16:00:32.0 (35843974)|HEAP_ALLOCATE|[36]|Bytes:32
16:00:32.0 (35849054)|VARIABLE_SCOPE_BEGIN|[36]|j|Job__c|true|false
16:00:32.0 (35900999)|VARIABLE_ASSIGNMENT|[36]|j|{"LastModifiedDate":"2026-03-09T05:51:50.000Z","JobPosition__c":"テスト403求人タイトル求人タイトル求人 (28 more) ...","Id":"a0KBK00000Gexcu2AB","MinAnnualSalary__c":900,"JobDescription__c":"テスト403仕事内容仕事内容仕事内容仕事 (30 more) ...","JobCategory1__c":"営業系","MaxAnnualSalary__c":600}|0x58fd833b
16:00:32.0 (35911138)|STATEMENT_EXECUTE|[36]
16:00:32.0 (35912504)|STATEMENT_EXECUTE|[37]
16:00:32.0 (35915467)|HEAP_ALLOCATE|[37]|Bytes:44
16:00:32.0 (35920209)|CONSTRUCTOR_ENTRY|[37]|01pBK000001RGBP|<init>()|JobCardsController.JobWrapper
16:00:32.0 (35925839)|VARIABLE_SCOPE_BEGIN|[3]|this|JobCardsController.JobWrapper|true|false
16:00:32.0 (35942137)|VARIABLE_ASSIGNMENT|[3]|this|{}|0x1157defd
16:00:32.0 (35954310)|STATEMENT_EXECUTE|[3]
16:00:32.0 (35955754)|STATEMENT_EXECUTE|[4]
16:00:32.0 (35957186)|STATEMENT_EXECUTE|[5]
16:00:32.0 (35958491)|STATEMENT_EXECUTE|[6]
16:00:32.0 (35959853)|STATEMENT_EXECUTE|[7]
16:00:32.0 (35961186)|STATEMENT_EXECUTE|[8]
16:00:32.0 (35962554)|STATEMENT_EXECUTE|[9]
16:00:32.0 (35963964)|STATEMENT_EXECUTE|[10]
16:00:32.0 (35965326)|STATEMENT_EXECUTE|[11]
16:00:32.0 (35966740)|STATEMENT_EXECUTE|[12]
16:00:32.0 (35968080)|STATEMENT_EXECUTE|[13]
16:00:32.0 (35970892)|CONSTRUCTOR_EXIT|[37]|01pBK000001RGBP|<init>()|JobCardsController.JobWrapper
16:00:32.0 (35975959)|VARIABLE_SCOPE_BEGIN|[37]|wrapper|JobCardsController.JobWrapper|true|false
16:00:32.0 (35988753)|VARIABLE_ASSIGNMENT|[37]|wrapper|{}|0x1157defd
16:00:32.0 (35993429)|STATEMENT_EXECUTE|[38]
16:00:32.0 (36039512)|VARIABLE_ASSIGNMENT|[38]|this.Id|"a0KBK00000Gexcu2AB"|0x1157defd
16:00:32.0 (36045521)|STATEMENT_EXECUTE|[39]
16:00:32.0 (36053924)|VARIABLE_ASSIGNMENT|[39]|this.JobPosition|"テスト403求人タイトル求人タイトル求人 (28 more) ..."|0x1157defd
16:00:32.0 (36059314)|STATEMENT_EXECUTE|[40]
16:00:32.0 (36064307)|VARIABLE_ASSIGNMENT|[40]|this.WorkLocation2|null|0x1157defd
16:00:32.0 (36068683)|STATEMENT_EXECUTE|[41]
16:00:32.0 (36073894)|VARIABLE_ASSIGNMENT|[41]|this.JobCategory1|"営業系"|0x1157defd
16:00:32.0 (36078696)|STATEMENT_EXECUTE|[42]
16:00:32.0 (36085955)|VARIABLE_ASSIGNMENT|[42]|this.MaxAnnualSalary|600|0x1157defd
16:00:32.0 (36090314)|STATEMENT_EXECUTE|[43]
16:00:32.0 (36096104)|VARIABLE_ASSIGNMENT|[43]|this.MinAnnualSalary|900|0x1157defd
16:00:32.0 (36100353)|STATEMENT_EXECUTE|[44]
16:00:32.0 (36106431)|VARIABLE_ASSIGNMENT|[44]|this.JobDescription|"テスト403仕事内容仕事内容仕事内容仕事 (30 more) ..."|0x1157defd
16:00:32.0 (36111582)|STATEMENT_EXECUTE|[45]
16:00:32.0 (36122743)|VARIABLE_ASSIGNMENT|[45]|this.LastModifiedDate|"2026-03-09T05:51:50.000Z"|0x1157defd
16:00:32.0 (36127340)|STATEMENT_EXECUTE|[46]
16:00:32.0 (36131912)|VARIABLE_ASSIGNMENT|[46]|this.LastViewedDate|null|0x1157defd
16:00:32.0 (36136307)|STATEMENT_EXECUTE|[47]
16:00:32.0 (36146529)|HEAP_ALLOCATE|[47]|Bytes:5
16:00:32.0 (36152036)|VARIABLE_ASSIGNMENT|[47]|this.IsFavorite|false|0x1157defd
16:00:32.0 (36156514)|STATEMENT_EXECUTE|[48]
16:00:32.0 (36161832)|HEAP_ALLOCATE|[EXTERNAL]|Bytes:4
16:00:32.0 (36171774)|HEAP_ALLOCATE|[36]|Bytes:5
16:00:32.0 (36179733)|HEAP_ALLOCATE|[36]|Bytes:32
16:00:32.0 (36184760)|VARIABLE_SCOPE_BEGIN|[36]|j|Job__c|true|false
16:00:32.0 (36234869)|VARIABLE_ASSIGNMENT|[36]|j|{"LastModifiedDate":"2026-03-09T05:51:49.000Z","JobPosition__c":"テスト402求人タイトル求人タイトル求人 (28 more) ...","Id":"a0KBK00000Gexct2AB","MinAnnualSalary__c":500,"JobDescription__c":"テスト402仕事内容仕事内容仕事内容仕事 (30 more) ...","JobCategory1__c":"営業系","MaxAnnualSalary__c":400}|0x59602f14
16:00:32.0 (36244220)|STATEMENT_EXECUTE|[36]
16:00:32.0 (36245703)|STATEMENT_EXECUTE|[37]
16:00:32.0 (36248320)|HEAP_ALLOCATE|[37]|Bytes:44
16:00:32.0 (36252847)|CONSTRUCTOR_ENTRY|[37]|01pBK000001RGBP|<init>()|JobCardsController.JobWrapper
16:00:32.0 (36258491)|VARIABLE_SCOPE_BEGIN|[3]|this|JobCardsController.JobWrapper|true|false
16:00:32.0 (36273853)|VARIABLE_ASSIGNMENT|[3]|this|{}|0x60b7cb40
16:00:32.0 (36285220)|STATEMENT_EXECUTE|[3]
16:00:32.0 (36286679)|STATEMENT_EXECUTE|[4]
16:00:32.0 (36288095)|STATEMENT_EXECUTE|[5]
16:00:32.0 (36289477)|STATEMENT_EXECUTE|[6]
16:00:32.0 (36290858)|STATEMENT_EXECUTE|[7]
16:00:32.0 (36292214)|STATEMENT_EXECUTE|[8]
16:00:32.0 (36293523)|STATEMENT_EXECUTE|[9]
16:00:32.0 (36294870)|STATEMENT_EXECUTE|[10]
16:00:32.0 (36296205)|STATEMENT_EXECUTE|[11]
16:00:32.0 (36297628)|STATEMENT_EXECUTE|[12]
16:00:32.0 (36298956)|STATEMENT_EXECUTE|[13]
16:00:32.0 (36301667)|CONSTRUCTOR_EXIT|[37]|01pBK000001RGBP|<init>()|JobCardsController.JobWrapper
16:00:32.0 (36306624)|VARIABLE_SCOPE_BEGIN|[37]|wrapper|JobCardsController.JobWrapper|true|false
16:00:32.0 (36319238)|VARIABLE_ASSIGNMENT|[37]|wrapper|{}|0x60b7cb40
16:00:32.0 (36323738)|STATEMENT_EXECUTE|[38]
16:00:32.0 (36367523)|VARIABLE_ASSIGNMENT|[38]|this.Id|"a0KBK00000Gexct2AB"|0x60b7cb40
16:00:32.0 (36372603)|STATEMENT_EXECUTE|[39]
16:00:32.0 (36380552)|VARIABLE_ASSIGNMENT|[39]|this.JobPosition|"テスト402求人タイトル求人タイトル求人 (28 more) ..."|0x60b7cb40
16:00:32.0 (36385639)|STATEMENT_EXECUTE|[40]
16:00:32.0 (36390215)|VARIABLE_ASSIGNMENT|[40]|this.WorkLocation2|null|0x60b7cb40
16:00:32.0 (36394527)|STATEMENT_EXECUTE|[41]
16:00:32.0 (36399516)|VARIABLE_ASSIGNMENT|[41]|this.JobCategory1|"営業系"|0x60b7cb40
16:00:32.0 (36404183)|STATEMENT_EXECUTE|[42]
16:00:32.0 (36410850)|VARIABLE_ASSIGNMENT|[42]|this.MaxAnnualSalary|400|0x60b7cb40
16:00:32.0 (36415544)|STATEMENT_EXECUTE|[43]
16:00:32.0 (36421083)|VARIABLE_ASSIGNMENT|[43]|this.MinAnnualSalary|500|0x60b7cb40
16:00:32.0 (36425326)|STATEMENT_EXECUTE|[44]
16:00:32.0 (36431537)|VARIABLE_ASSIGNMENT|[44]|this.JobDescription|"テスト402仕事内容仕事内容仕事内容仕事 (30 more) ..."|0x60b7cb40
16:00:32.0 (36436518)|STATEMENT_EXECUTE|[45]
16:00:32.0 (36446909)|VARIABLE_ASSIGNMENT|[45]|this.LastModifiedDate|"2026-03-09T05:51:49.000Z"|0x60b7cb40
16:00:32.0 (36451193)|STATEMENT_EXECUTE|[46]
16:00:32.0 (36455777)|VARIABLE_ASSIGNMENT|[46]|this.LastViewedDate|null|0x60b7cb40
16:00:32.0 (36460060)|STATEMENT_EXECUTE|[47]
16:00:32.0 (36469646)|HEAP_ALLOCATE|[47]|Bytes:5
16:00:32.0 (36475008)|VARIABLE_ASSIGNMENT|[47]|this.IsFavorite|false|0x60b7cb40
16:00:32.0 (36479388)|STATEMENT_EXECUTE|[48]
16:00:32.0 (36484055)|HEAP_ALLOCATE|[EXTERNAL]|Bytes:4
16:00:32.0 (36494015)|HEAP_ALLOCATE|[36]|Bytes:5
16:00:32.0 (36501755)|HEAP_ALLOCATE|[36]|Bytes:40
16:00:32.0 (36506301)|VARIABLE_SCOPE_BEGIN|[36]|j|Job__c|true|false
16:00:32.0 (36567775)|VARIABLE_ASSIGNMENT|[36]|j|{"LastModifiedDate":"2026-03-06T01:15:09.000Z","JobPosition__c":"千代田区(東京) 設備積算・大手サブコン (18 more) ...","WorkLocation2__c":"東京都千代田区","LastViewedDate":"2026-03-17T05:57:19.000Z","Id":"a0KBK00000GezgH2AR","MinAnnualSalary__c":400,"JobDescription__c":"事務所ビルや商業施設、工場など、多様な建 (105 more) ...","JobCategory1__c":"営業系","MaxAnnualSalary__c":650}|0x3c3a726f
16:00:32.0 (36578938)|STATEMENT_EXECUTE|[36]
16:00:32.0 (36580488)|STATEMENT_EXECUTE|[37]
16:00:32.0 (36583405)|HEAP_ALLOCATE|[37]|Bytes:44
16:00:32.0 (36588008)|CONSTRUCTOR_ENTRY|[37]|01pBK000001RGBP|<init>()|JobCardsController.JobWrapper
16:00:32.0 (36593426)|VARIABLE_SCOPE_BEGIN|[3]|this|JobCardsController.JobWrapper|true|false
16:00:32.0 (36608228)|VARIABLE_ASSIGNMENT|[3]|this|{}|0x6d0c132f
16:00:32.0 (36619495)|STATEMENT_EXECUTE|[3]
16:00:32.0 (36620953)|STATEMENT_EXECUTE|[4]
16:00:32.0 (36622359)|STATEMENT_EXECUTE|[5]
16:00:32.0 (36623695)|STATEMENT_EXECUTE|[6]
16:00:32.0 (36625008)|STATEMENT_EXECUTE|[7]
16:00:32.0 (36626346)|STATEMENT_EXECUTE|[8]
16:00:32.0 (36627685)|STATEMENT_EXECUTE|[9]
16:00:32.0 (36629017)|STATEMENT_EXECUTE|[10]
16:00:32.0 (36630388)|STATEMENT_EXECUTE|[11]
16:00:32.0 (36631762)|STATEMENT_EXECUTE|[12]
16:00:32.0 (36633178)|STATEMENT_EXECUTE|[13]
16:00:32.0 (36635743)|CONSTRUCTOR_EXIT|[37]|01pBK000001RGBP|<init>()|JobCardsController.JobWrapper
16:00:32.0 (36640708)|VARIABLE_SCOPE_BEGIN|[37]|wrapper|JobCardsController.JobWrapper|true|false
16:00:32.0 (36652980)|VARIABLE_ASSIGNMENT|[37]|wrapper|{}|0x6d0c132f
16:00:32.0 (36657603)|STATEMENT_EXECUTE|[38]
16:00:32.0 (36700040)|VARIABLE_ASSIGNMENT|[38]|this.Id|"a0KBK00000GezgH2AR"|0x6d0c132f
16:00:32.0 (36705210)|STATEMENT_EXECUTE|[39]
16:00:32.0 (36713452)|VARIABLE_ASSIGNMENT|[39]|this.JobPosition|"千代田区(東京) 設備積算・大手サブコン (18 more) ..."|0x6d0c132f
16:00:32.0 (36718652)|STATEMENT_EXECUTE|[40]
16:00:32.0 (36724337)|VARIABLE_ASSIGNMENT|[40]|this.WorkLocation2|"東京都千代田区"|0x6d0c132f
16:00:32.0 (36729272)|STATEMENT_EXECUTE|[41]
16:00:32.0 (36734277)|VARIABLE_ASSIGNMENT|[41]|this.JobCategory1|"営業系"|0x6d0c132f
16:00:32.0 (36739082)|STATEMENT_EXECUTE|[42]
16:00:32.0 (36745748)|VARIABLE_ASSIGNMENT|[42]|this.MaxAnnualSalary|650|0x6d0c132f
16:00:32.0 (36750077)|STATEMENT_EXECUTE|[43]
16:00:32.0 (36755687)|VARIABLE_ASSIGNMENT|[43]|this.MinAnnualSalary|400|0x6d0c132f
16:00:32.0 (36760086)|STATEMENT_EXECUTE|[44]
16:00:32.0 (36766445)|VARIABLE_ASSIGNMENT|[44]|this.JobDescription|"事務所ビルや商業施設、工場など、多様な建 (105 more) ..."|0x6d0c132f
16:00:32.0 (36771772)|STATEMENT_EXECUTE|[45]
16:00:32.0 (36782312)|VARIABLE_ASSIGNMENT|[45]|this.LastModifiedDate|"2026-03-06T01:15:09.000Z"|0x6d0c132f
16:00:32.0 (36787068)|STATEMENT_EXECUTE|[46]
16:00:32.0 (36795623)|VARIABLE_ASSIGNMENT|[46]|this.LastViewedDate|"2026-03-17T05:57:19.000Z"|0x6d0c132f
16:00:32.0 (36799994)|STATEMENT_EXECUTE|[47]
16:00:32.0 (36809832)|HEAP_ALLOCATE|[47]|Bytes:5
16:00:32.0 (36815164)|VARIABLE_ASSIGNMENT|[47]|this.IsFavorite|false|0x6d0c132f
16:00:32.0 (36819587)|STATEMENT_EXECUTE|[48]
16:00:32.0 (36824268)|HEAP_ALLOCATE|[EXTERNAL]|Bytes:4
16:00:32.0 (36833394)|HEAP_ALLOCATE|[36]|Bytes:5
16:00:32.0 (36840898)|HEAP_ALLOCATE|[36]|Bytes:40
16:00:32.0 (36845776)|VARIABLE_SCOPE_BEGIN|[36]|j|Job__c|true|false
16:00:32.0 (36903529)|VARIABLE_ASSIGNMENT|[36]|j|{"LastModifiedDate":"2026-03-04T02:02:48.000Z","JobPosition__c":"テスト451求人タイトル求人タイトル求人 (235 more) ...","WorkLocation2__c":"444444","LastViewedDate":"2026-03-03T02:49:01.000Z","Id":"a0KBK00000Gexdg2AB","MinAnnualSalary__c":0,"JobDescription__c":"テスト451仕事内容仕事内容仕事内容仕事 (230 more) ...","JobCategory1__c":"経営幹部/企画/マーケティング系","MaxAnnualSalary__c":0}|0x4dc5475f
16:00:32.0 (36914087)|STATEMENT_EXECUTE|[36]
16:00:32.0 (36915552)|STATEMENT_EXECUTE|[37]
16:00:32.0 (36918284)|HEAP_ALLOCATE|[37]|Bytes:44
16:00:32.0 (36923067)|CONSTRUCTOR_ENTRY|[37]|01pBK000001RGBP|<init>()|JobCardsController.JobWrapper
16:00:32.0 (36929026)|VARIABLE_SCOPE_BEGIN|[3]|this|JobCardsController.JobWrapper|true|false
16:00:32.0 (36943982)|VARIABLE_ASSIGNMENT|[3]|this|{}|0xb02b3a3
16:00:32.0 (36955022)|STATEMENT_EXECUTE|[3]
16:00:32.0 (36956480)|STATEMENT_EXECUTE|[4]
16:00:32.0 (36957999)|STATEMENT_EXECUTE|[5]
16:00:32.0 (36959400)|STATEMENT_EXECUTE|[6]
16:00:32.0 (36960773)|STATEMENT_EXECUTE|[7]
16:00:32.0 (36962414)|STATEMENT_EXECUTE|[8]
16:00:32.0 (36963776)|STATEMENT_EXECUTE|[9]
16:00:32.0 (36965107)|STATEMENT_EXECUTE|[10]
16:00:32.0 (36966518)|STATEMENT_EXECUTE|[11]
16:00:32.0 (36967906)|STATEMENT_EXECUTE|[12]
16:00:32.0 (36969217)|STATEMENT_EXECUTE|[13]
16:00:32.0 (36971854)|CONSTRUCTOR_EXIT|[37]|01pBK000001RGBP|<init>()|JobCardsController.JobWrapper
16:00:32.0 (36976890)|VARIABLE_SCOPE_BEGIN|[37]|wrapper|JobCardsController.JobWrapper|true|false
16:00:32.0 (36989324)|VARIABLE_ASSIGNMENT|[37]|wrapper|{}|0xb02b3a3
16:00:32.0 (36993889)|STATEMENT_EXECUTE|[38]
16:00:32.0 (37035097)|VARIABLE_ASSIGNMENT|[38]|this.Id|"a0KBK00000Gexdg2AB"|0xb02b3a3
16:00:32.0 (37040742)|STATEMENT_EXECUTE|[39]
16:00:32.0 (37048634)|VARIABLE_ASSIGNMENT|[39]|this.JobPosition|"テスト451求人タイトル求人タイトル求人 (235 more) ..."|0xb02b3a3
16:00:32.0 (37053827)|STATEMENT_EXECUTE|[40]
16:00:32.0 (37058912)|VARIABLE_ASSIGNMENT|[40]|this.WorkLocation2|"444444"|0xb02b3a3
16:00:32.0 (37063449)|STATEMENT_EXECUTE|[41]
16:00:32.0 (37068930)|VARIABLE_ASSIGNMENT|[41]|this.JobCategory1|"経営幹部/企画/マーケティング系"|0xb02b3a3
16:00:32.0 (37074076)|STATEMENT_EXECUTE|[42]
16:00:32.0 (37101507)|HEAP_ALLOCATE|[42]|Bytes:28
16:00:32.0 (37109458)|VARIABLE_ASSIGNMENT|[42]|this.MaxAnnualSalary|0|0xb02b3a3
16:00:32.0 (37113993)|STATEMENT_EXECUTE|[43]
16:00:32.0 (37118182)|HEAP_ALLOCATE|[43]|Bytes:28
16:00:32.0 (37123757)|VARIABLE_ASSIGNMENT|[43]|this.MinAnnualSalary|0|0xb02b3a3
16:00:32.0 (37128047)|STATEMENT_EXECUTE|[44]
16:00:32.0 (37134048)|VARIABLE_ASSIGNMENT|[44]|this.JobDescription|"テスト451仕事内容仕事内容仕事内容仕事 (230 more) ..."|0xb02b3a3
16:00:32.0 (37139174)|STATEMENT_EXECUTE|[45]
16:00:32.0 (37149926)|VARIABLE_ASSIGNMENT|[45]|this.LastModifiedDate|"2026-03-04T02:02:48.000Z"|0xb02b3a3
16:00:32.0 (37154430)|STATEMENT_EXECUTE|[46]
16:00:32.0 (37162886)|VARIABLE_ASSIGNMENT|[46]|this.LastViewedDate|"2026-03-03T02:49:01.000Z"|0xb02b3a3
16:00:32.0 (37167507)|STATEMENT_EXECUTE|[47]
16:00:32.0 (37177772)|HEAP_ALLOCATE|[47]|Bytes:5
16:00:32.0 (37182942)|VARIABLE_ASSIGNMENT|[47]|this.IsFavorite|false|0xb02b3a3
16:00:32.0 (37187347)|STATEMENT_EXECUTE|[48]
16:00:32.0 (37192197)|HEAP_ALLOCATE|[EXTERNAL]|Bytes:4
16:00:32.0 (37202024)|HEAP_ALLOCATE|[36]|Bytes:5
16:00:32.0 (37209378)|HEAP_ALLOCATE|[36]|Bytes:36
16:00:32.0 (37213998)|VARIABLE_SCOPE_BEGIN|[36]|j|Job__c|true|false
16:00:32.0 (37269676)|VARIABLE_ASSIGNMENT|[36]|j|{"LastModifiedDate":"2026-02-06T01:25:17.000Z","JobPosition__c":"テスト467求人タイトル求人タイトル求人 (28 more) ...","LastViewedDate":"2026-03-03T09:55:23.000Z","Id":"a0KBK00000Gexdw2AB","MinAnnualSalary__c":216,"JobDescription__c":"テスト467仕事内容仕事内容仕事内容仕事 (30 more) ...","JobCategory1__c":"管理部門/事務系","MaxAnnualSalary__c":0}|0x7915f187
16:00:32.0 (37279901)|STATEMENT_EXECUTE|[36]
16:00:32.0 (37281317)|STATEMENT_EXECUTE|[37]
16:00:32.0 (37284100)|HEAP_ALLOCATE|[37]|Bytes:44
16:00:32.0 (37288587)|CONSTRUCTOR_ENTRY|[37]|01pBK000001RGBP|<init>()|JobCardsController.JobWrapper
16:00:32.0 (37293980)|VARIABLE_SCOPE_BEGIN|[3]|this|JobCardsController.JobWrapper|true|false
16:00:32.0 (37308957)|VARIABLE_ASSIGNMENT|[3]|this|{}|0x248d2408
16:00:32.0 (37319949)|STATEMENT_EXECUTE|[3]
16:00:32.0 (37321492)|STATEMENT_EXECUTE|[4]
16:00:32.0 (37322861)|STATEMENT_EXECUTE|[5]
16:00:32.0 (37324145)|STATEMENT_EXECUTE|[6]
16:00:32.0 (37325543)|STATEMENT_EXECUTE|[7]
16:00:32.0 (37326888)|STATEMENT_EXECUTE|[8]
16:00:32.0 (37328216)|STATEMENT_EXECUTE|[9]
16:00:32.0 (37329577)|STATEMENT_EXECUTE|[10]
16:00:32.0 (37330891)|STATEMENT_EXECUTE|[11]
16:00:32.0 (37332324)|STATEMENT_EXECUTE|[12]
16:00:32.0 (37333630)|STATEMENT_EXECUTE|[13]
16:00:32.0 (37336663)|CONSTRUCTOR_EXIT|[37]|01pBK000001RGBP|<init>()|JobCardsController.JobWrapper
16:00:32.0 (37341668)|VARIABLE_SCOPE_BEGIN|[37]|wrapper|JobCardsController.JobWrapper|true|false
16:00:32.0 (37354526)|VARIABLE_ASSIGNMENT|[37]|wrapper|{}|0x248d2408
16:00:32.0 (37359189)|STATEMENT_EXECUTE|[38]
16:00:32.0 (37400509)|VARIABLE_ASSIGNMENT|[38]|this.Id|"a0KBK00000Gexdw2AB"|0x248d2408
16:00:32.0 (37405375)|STATEMENT_EXECUTE|[39]
16:00:32.0 (37413413)|VARIABLE_ASSIGNMENT|[39]|this.JobPosition|"テスト467求人タイトル求人タイトル求人 (28 more) ..."|0x248d2408
16:00:32.0 (37418526)|STATEMENT_EXECUTE|[40]
16:00:32.0 (37423591)|VARIABLE_ASSIGNMENT|[40]|this.WorkLocation2|null|0x248d2408
16:00:32.0 (37427911)|STATEMENT_EXECUTE|[41]
16:00:32.0 (37433276)|VARIABLE_ASSIGNMENT|[41]|this.JobCategory1|"管理部門/事務系"|0x248d2408
16:00:32.0 (37438223)|STATEMENT_EXECUTE|[42]
16:00:32.0 (37443101)|HEAP_ALLOCATE|[42]|Bytes:28
16:00:32.0 (37449033)|VARIABLE_ASSIGNMENT|[42]|this.MaxAnnualSalary|0|0x248d2408
16:00:32.0 (37453543)|STATEMENT_EXECUTE|[43]
16:00:32.0 (37459453)|VARIABLE_ASSIGNMENT|[43]|this.MinAnnualSalary|216|0x248d2408
16:00:32.0 (37463721)|STATEMENT_EXECUTE|[44]
16:00:32.0 (37469921)|VARIABLE_ASSIGNMENT|[44]|this.JobDescription|"テスト467仕事内容仕事内容仕事内容仕事 (30 more) ..."|0x248d2408
16:00:32.0 (37475014)|STATEMENT_EXECUTE|[45]
16:00:32.0 (37485402)|VARIABLE_ASSIGNMENT|[45]|this.LastModifiedDate|"2026-02-06T01:25:17.000Z"|0x248d2408
16:00:32.0 (37490000)|STATEMENT_EXECUTE|[46]
16:00:32.0 (37498443)|VARIABLE_ASSIGNMENT|[46]|this.LastViewedDate|"2026-03-03T09:55:23.000Z"|0x248d2408
16:00:32.0 (37502921)|STATEMENT_EXECUTE|[47]
16:00:32.0 (37512697)|HEAP_ALLOCATE|[47]|Bytes:5
16:00:32.0 (37517746)|VARIABLE_ASSIGNMENT|[47]|this.IsFavorite|false|0x248d2408
16:00:32.0 (37522076)|STATEMENT_EXECUTE|[48]
16:00:32.0 (37526586)|HEAP_ALLOCATE|[EXTERNAL]|Bytes:4
16:00:32.0 (37536193)|HEAP_ALLOCATE|[36]|Bytes:5
16:00:32.0 (37543928)|HEAP_ALLOCATE|[36]|Bytes:36
16:00:32.0 (37548882)|VARIABLE_SCOPE_BEGIN|[36]|j|Job__c|true|false
16:00:32.0 (37603428)|VARIABLE_ASSIGNMENT|[36]|j|{"LastModifiedDate":"2026-02-05T00:50:25.000Z","JobPosition__c":"テスト297求人タイトル求人タイトル求人 (28 more) ...","LastViewedDate":"2026-03-03T09:55:10.000Z","Id":"a0KBK00000Gezpx2AB","MinAnnualSalary__c":350,"JobDescription__c":"テスト297仕事内容仕事内容仕事内容仕事 (30 more) ...","JobCategory1__c":"IT系（ソフトウェア/ネットワーク）","MaxAnnualSalary__c":600}|0x2155693e
16:00:32.0 (37613731)|STATEMENT_EXECUTE|[36]
16:00:32.0 (37615146)|STATEMENT_EXECUTE|[37]
16:00:32.0 (37617981)|HEAP_ALLOCATE|[37]|Bytes:44
16:00:32.0 (37647924)|CONSTRUCTOR_ENTRY|[37]|01pBK000001RGBP|<init>()|JobCardsController.JobWrapper
16:00:32.0 (37654361)|VARIABLE_SCOPE_BEGIN|[3]|this|JobCardsController.JobWrapper|true|false
16:00:32.0 (37671428)|VARIABLE_ASSIGNMENT|[3]|this|{}|0x7abe0612
16:00:32.0 (37683921)|STATEMENT_EXECUTE|[3]
16:00:32.0 (37685485)|STATEMENT_EXECUTE|[4]
16:00:32.0 (37686931)|STATEMENT_EXECUTE|[5]
16:00:32.0 (37688270)|STATEMENT_EXECUTE|[6]
16:00:32.0 (37689657)|STATEMENT_EXECUTE|[7]
16:00:32.0 (37691055)|STATEMENT_EXECUTE|[8]
16:00:32.0 (37692397)|STATEMENT_EXECUTE|[9]
16:00:32.0 (37693785)|STATEMENT_EXECUTE|[10]
16:00:32.0 (37695122)|STATEMENT_EXECUTE|[11]
16:00:32.0 (37696637)|STATEMENT_EXECUTE|[12]
16:00:32.0 (37697967)|STATEMENT_EXECUTE|[13]
16:00:32.0 (37700721)|CONSTRUCTOR_EXIT|[37]|01pBK000001RGBP|<init>()|JobCardsController.JobWrapper
16:00:32.0 (37705906)|VARIABLE_SCOPE_BEGIN|[37]|wrapper|JobCardsController.JobWrapper|true|false
16:00:32.0 (37718019)|VARIABLE_ASSIGNMENT|[37]|wrapper|{}|0x7abe0612
16:00:32.0 (37722523)|STATEMENT_EXECUTE|[38]
16:00:32.0 (37768243)|VARIABLE_ASSIGNMENT|[38]|this.Id|"a0KBK00000Gezpx2AB"|0x7abe0612
16:00:32.0 (37773549)|STATEMENT_EXECUTE|[39]
16:00:32.0 (37782007)|VARIABLE_ASSIGNMENT|[39]|this.JobPosition|"テスト297求人タイトル求人タイトル求人 (28 more) ..."|0x7abe0612
16:00:32.0 (37787486)|STATEMENT_EXECUTE|[40]
16:00:32.0 (37793000)|VARIABLE_ASSIGNMENT|[40]|this.WorkLocation2|null|0x7abe0612
16:00:32.0 (37797362)|STATEMENT_EXECUTE|[41]
16:00:32.0 (37803115)|VARIABLE_ASSIGNMENT|[41]|this.JobCategory1|"IT系（ソフトウェア/ネットワーク）"|0x7abe0612
16:00:32.0 (37808086)|STATEMENT_EXECUTE|[42]
16:00:32.0 (37815492)|VARIABLE_ASSIGNMENT|[42]|this.MaxAnnualSalary|600|0x7abe0612
16:00:32.0 (37819872)|STATEMENT_EXECUTE|[43]
16:00:32.0 (37825647)|VARIABLE_ASSIGNMENT|[43]|this.MinAnnualSalary|350|0x7abe0612
16:00:32.0 (37829950)|STATEMENT_EXECUTE|[44]
16:00:32.0 (37835837)|VARIABLE_ASSIGNMENT|[44]|this.JobDescription|"テスト297仕事内容仕事内容仕事内容仕事 (30 more) ..."|0x7abe0612
16:00:32.0 (37840845)|STATEMENT_EXECUTE|[45]
16:00:32.0 (37851816)|VARIABLE_ASSIGNMENT|[45]|this.LastModifiedDate|"2026-02-05T00:50:25.000Z"|0x7abe0612
16:00:32.0 (37856390)|STATEMENT_EXECUTE|[46]
16:00:32.0 (37864845)|VARIABLE_ASSIGNMENT|[46]|this.LastViewedDate|"2026-03-03T09:55:10.000Z"|0x7abe0612
16:00:32.0 (37869253)|STATEMENT_EXECUTE|[47]
16:00:32.0 (37879177)|HEAP_ALLOCATE|[47]|Bytes:5
16:00:32.0 (37884252)|VARIABLE_ASSIGNMENT|[47]|this.IsFavorite|false|0x7abe0612
16:00:32.0 (37888825)|STATEMENT_EXECUTE|[48]
16:00:32.0 (37893672)|HEAP_ALLOCATE|[EXTERNAL]|Bytes:4
16:00:32.0 (37903110)|HEAP_ALLOCATE|[36]|Bytes:5
16:00:32.0 (37911484)|HEAP_ALLOCATE|[36]|Bytes:32
16:00:32.0 (37916632)|VARIABLE_SCOPE_BEGIN|[36]|j|Job__c|true|false
16:00:32.0 (37968088)|VARIABLE_ASSIGNMENT|[36]|j|{"LastModifiedDate":"2026-02-05T00:49:22.000Z","JobPosition__c":"テスト407求人タイトル求人タイトル求人 (28 more) ...","Id":"a0KBK00000Gexcy2AB","MinAnnualSalary__c":350,"JobDescription__c":"テスト407仕事内容仕事内容仕事内容仕事 (30 more) ...","JobCategory1__c":"営業系","MaxAnnualSalary__c":450}|0x4e13ce71
16:00:32.0 (37978120)|STATEMENT_EXECUTE|[36]
16:00:32.0 (37979705)|STATEMENT_EXECUTE|[37]
16:00:32.0 (37982618)|HEAP_ALLOCATE|[37]|Bytes:44
16:00:32.0 (37987251)|CONSTRUCTOR_ENTRY|[37]|01pBK000001RGBP|<init>()|JobCardsController.JobWrapper
16:00:32.0 (37992775)|VARIABLE_SCOPE_BEGIN|[3]|this|JobCardsController.JobWrapper|true|false
16:00:32.0 (38007777)|VARIABLE_ASSIGNMENT|[3]|this|{}|0x77a6e701
16:00:32.0 (38019726)|STATEMENT_EXECUTE|[3]
16:00:32.0 (38021277)|STATEMENT_EXECUTE|[4]
16:00:32.0 (38022690)|STATEMENT_EXECUTE|[5]
16:00:32.0 (38024020)|STATEMENT_EXECUTE|[6]
16:00:32.0 (38025419)|STATEMENT_EXECUTE|[7]
16:00:32.0 (38026778)|STATEMENT_EXECUTE|[8]
16:00:32.0 (38028121)|STATEMENT_EXECUTE|[9]
16:00:32.0 (38029618)|STATEMENT_EXECUTE|[10]
16:00:32.0 (38031122)|STATEMENT_EXECUTE|[11]
16:00:32.0 (38032520)|STATEMENT_EXECUTE|[12]
16:00:32.0 (38033945)|STATEMENT_EXECUTE|[13]
16:00:32.0 (38036651)|CONSTRUCTOR_EXIT|[37]|01pBK000001RGBP|<init>()|JobCardsController.JobWrapper
16:00:32.0 (38041735)|VARIABLE_SCOPE_BEGIN|[37]|wrapper|JobCardsController.JobWrapper|true|false
16:00:32.0 (38054165)|VARIABLE_ASSIGNMENT|[37]|wrapper|{}|0x77a6e701
16:00:32.0 (38058640)|STATEMENT_EXECUTE|[38]
16:00:32.0 (38099687)|VARIABLE_ASSIGNMENT|[38]|this.Id|"a0KBK00000Gexcy2AB"|0x77a6e701
16:00:32.0 (38104911)|STATEMENT_EXECUTE|[39]
16:00:32.0 (38112730)|VARIABLE_ASSIGNMENT|[39]|this.JobPosition|"テスト407求人タイトル求人タイトル求人 (28 more) ..."|0x77a6e701
16:00:32.0 (38117920)|STATEMENT_EXECUTE|[40]
16:00:32.0 (38122577)|VARIABLE_ASSIGNMENT|[40]|this.WorkLocation2|null|0x77a6e701
16:00:32.0 (38126895)|STATEMENT_EXECUTE|[41]
16:00:32.0 (38132245)|VARIABLE_ASSIGNMENT|[41]|this.JobCategory1|"営業系"|0x77a6e701
16:00:32.0 (38137107)|STATEMENT_EXECUTE|[42]
16:00:32.0 (38144212)|VARIABLE_ASSIGNMENT|[42]|this.MaxAnnualSalary|450|0x77a6e701
16:00:32.0 (38148927)|STATEMENT_EXECUTE|[43]
16:00:32.0 (38154499)|VARIABLE_ASSIGNMENT|[43]|this.MinAnnualSalary|350|0x77a6e701
16:00:32.0 (38158797)|STATEMENT_EXECUTE|[44]
16:00:32.0 (38164869)|VARIABLE_ASSIGNMENT|[44]|this.JobDescription|"テスト407仕事内容仕事内容仕事内容仕事 (30 more) ..."|0x77a6e701
16:00:32.0 (38169716)|STATEMENT_EXECUTE|[45]
16:00:32.0 (38179509)|VARIABLE_ASSIGNMENT|[45]|this.LastModifiedDate|"2026-02-05T00:49:22.000Z"|0x77a6e701
16:00:32.0 (38184314)|STATEMENT_EXECUTE|[46]
16:00:32.0 (38188829)|VARIABLE_ASSIGNMENT|[46]|this.LastViewedDate|null|0x77a6e701
16:00:32.0 (38193131)|STATEMENT_EXECUTE|[47]
16:00:32.0 (38203049)|HEAP_ALLOCATE|[47]|Bytes:5
16:00:32.0 (38208538)|VARIABLE_ASSIGNMENT|[47]|this.IsFavorite|false|0x77a6e701
16:00:32.0 (38212956)|STATEMENT_EXECUTE|[48]
16:00:32.0 (38217584)|HEAP_ALLOCATE|[EXTERNAL]|Bytes:4
16:00:32.0 (38227504)|HEAP_ALLOCATE|[36]|Bytes:5
16:00:32.0 (38235761)|VARIABLE_ASSIGNMENT|[36]|j|null|
16:00:32.0 (38240841)|STATEMENT_EXECUTE|[50]
16:00:32.38 (38304319)|CUMULATIVE_LIMIT_USAGE
16:00:32.38 (38304319)|LIMIT_USAGE_FOR_NS|(default)|
  Number of SOQL queries: 2 out of 100
  Number of query rows: 11 out of 50000
  Number of SOSL queries: 0 out of 20
  Number of DML statements: 0 out of 150
  Number of Publish Immediate DML: 0 out of 150
  Number of DML rows: 0 out of 10000
  Maximum CPU time: 0 out of 10000
  Maximum heap size: 0 out of 6000000
  Number of callouts: 0 out of 100
  Number of Email Invocations: 0 out of 10
  Number of future calls: 0 out of 50
  Number of queueable jobs added to the queue: 0 out of 50
  Number of Mobile Apex push calls: 0 out of 10

16:00:32.38 (38304319)|CUMULATIVE_LIMIT_USAGE_END

16:00:32.0 (38334550)|CODE_UNIT_FINISHED|JobCardsController.getJobs()
16:00:32.0 (38528344)|CODE_UNIT_FINISHED|apex://JobCardsController/ACTION$getJobs
16:00:32.0 (38535284)|EXECUTION_FINISHED
