66.0 APEX_CODE,FINEST;APEX_PROFILING,INFO;CALLOUT,INFO;DATA_ACCESS,INFO;DB,INFO;NBA,INFO;SYSTEM,DEBUG;VALIDATION,INFO;VISUALFORCE,INFO;WAVE,INFO;WORKFLOW,INFO
18:06:16.1 (1611778)|USER_INFO|[EXTERNAL]|0057F0000042UBb|ishibashi@hurex.co.jp.dev1|(GMT+09:00) 日本標準時 (Asia/Tokyo)|GMT+09:00
18:06:16.1 (1673365)|EXECUTION_STARTED
18:06:16.1 (1700055)|CODE_UNIT_STARTED|[EXTERNAL]|apex://RecentJobViewedController/ACTION$getRecentViewedJobs
18:06:16.1 (2625446)|CODE_UNIT_STARTED|[EXTERNAL]|01pBK000001RE9Z|RecentJobViewedController.getRecentViewedJobs()
18:06:16.1 (2955190)|VARIABLE_SCOPE_BEGIN|[4]|RecentJobViewedController.testForceException|Boolean|false|true
18:06:16.1 (3244229)|HEAP_ALLOCATE|[95]|Bytes:3
18:06:16.1 (3307489)|HEAP_ALLOCATE|[100]|Bytes:152
18:06:16.1 (3332514)|HEAP_ALLOCATE|[417]|Bytes:408
18:06:16.1 (3344589)|HEAP_ALLOCATE|[430]|Bytes:408
18:06:16.1 (3369202)|HEAP_ALLOCATE|[317]|Bytes:6
18:06:16.1 (3379176)|HEAP_ALLOCATE|[EXTERNAL]|Bytes:1
18:06:16.1 (3400406)|METHOD_ENTRY|[1]|01pBK000001RE9Z|RecentJobViewedController.RecentJobViewedController()
18:06:16.1 (3414820)|STATEMENT_EXECUTE|[1]
18:06:16.1 (3436148)|STATEMENT_EXECUTE|[1]
18:06:16.1 (3453464)|HEAP_ALLOCATE|[68]|Bytes:5
18:06:16.1 (3489659)|HEAP_ALLOCATE|[74]|Bytes:5
18:06:16.1 (3494374)|HEAP_ALLOCATE|[82]|Bytes:7
18:06:16.1 (3743445)|HEAP_ALLOCATE|[4]|Bytes:5
18:06:16.1 (3749369)|STATEMENT_EXECUTE|[4]
18:06:16.1 (3756980)|HEAP_ALLOCATE|[4]|Bytes:5
18:06:16.1 (3847179)|VARIABLE_ASSIGNMENT|[4]|RecentJobViewedController.testForceException|false
18:06:16.1 (3869380)|METHOD_EXIT|[1]|RecentJobViewedController
18:06:16.1 (3890028)|HEAP_ALLOCATE|[8]|Bytes:5
18:06:16.1 (3893721)|STATEMENT_EXECUTE|[7]
18:06:16.1 (3895166)|STATEMENT_EXECUTE|[8]
18:06:16.1 (3896234)|STATEMENT_EXECUTE|[8]
18:06:16.1 (3949239)|HEAP_ALLOCATE|[9]|Bytes:118
18:06:16.1 (3959809)|SYSTEM_METHOD_ENTRY|[1]|Test.Test()
18:06:16.1 (3962590)|STATEMENT_EXECUTE|[1]
18:06:16.1 (3972045)|SYSTEM_METHOD_EXIT|[1]|Test
18:06:16.1 (3990771)|METHOD_ENTRY|[9]||System.Test.isRunningTest()
18:06:16.1 (4062641)|METHOD_EXIT|[9]||System.Test.isRunningTest()
18:06:16.1 (4073002)|STATEMENT_EXECUTE|[9]
18:06:16.1 (4074185)|STATEMENT_EXECUTE|[13]
18:06:16.1 (4076525)|HEAP_ALLOCATE|[13]|Bytes:137
18:06:16.1 (4095004)|HEAP_ALLOCATE|[13]|Bytes:4
18:06:16.1 (8145488)|SOQL_EXECUTE_BEGIN|[13]|Aggregations:0|SELECT Id, Name, JobPosition__c, LastViewedDate FROM Job__c WHERE LastViewedDate != NULL ORDER BY LastViewedDate DESC NULLS FIRST LIMIT 4
18:06:16.1 (28454301)|SOQL_EXECUTE_END|[13]|Rows:4
18:06:16.1 (28500617)|HEAP_ALLOCATE|[13]|Bytes:20
18:06:16.1 (28526066)|HEAP_ALLOCATE|[13]|Bytes:884
18:06:16.1 (28572711)|HEAP_ALLOCATE|[13]|Bytes:20
18:06:16.28 (28682413)|CUMULATIVE_LIMIT_USAGE
18:06:16.28 (28682413)|LIMIT_USAGE_FOR_NS|(default)|
  Number of SOQL queries: 1 out of 100
  Number of query rows: 4 out of 50000
  Number of SOSL queries: 0 out of 20
  Number of DML statements: 0 out of 0
  Number of Publish Immediate DML: 0 out of 150
  Number of DML rows: 0 out of 10000
  Maximum CPU time: 0 out of 10000
  Maximum heap size: 0 out of 6000000
  Number of callouts: 0 out of 100
  Number of Email Invocations: 0 out of 10
  Number of future calls: 0 out of 50
  Number of queueable jobs added to the queue: 0 out of 50
  Number of Mobile Apex push calls: 0 out of 10

18:06:16.28 (28682413)|CUMULATIVE_LIMIT_USAGE_END

18:06:16.1 (28729011)|CODE_UNIT_FINISHED|RecentJobViewedController.getRecentViewedJobs()
18:06:16.1 (29036672)|CODE_UNIT_FINISHED|apex://RecentJobViewedController/ACTION$getRecentViewedJobs
18:06:16.1 (29048487)|EXECUTION_FINISHED
