66.0 APEX_CODE,FINEST;APEX_PROFILING,INFO;CALLOUT,INFO;DATA_ACCESS,INFO;DB,INFO;NBA,INFO;SYSTEM,DEBUG;VALIDATION,INFO;VISUALFORCE,INFO;WAVE,INFO;WORKFLOW,INFO
16:01:23.0 (791416)|USER_INFO|[EXTERNAL]|0057F0000042UBb|ishibashi@hurex.co.jp.dev1|(GMT+09:00) 日本標準時 (Asia/Tokyo)|GMT+09:00
16:01:23.0 (834612)|EXECUTION_STARTED
16:01:23.0 (849681)|CODE_UNIT_STARTED|[EXTERNAL]|apex://CustomNotificationController/ACTION$getNotifications
16:01:23.0 (3430630)|CODE_UNIT_STARTED|[EXTERNAL]|01pBK000001VvEL|CustomNotificationController.getNotifications(String)
16:01:23.0 (7203891)|HEAP_ALLOCATE|[95]|Bytes:3
16:01:23.0 (7327799)|HEAP_ALLOCATE|[100]|Bytes:152
16:01:23.0 (7349140)|HEAP_ALLOCATE|[417]|Bytes:408
16:01:23.0 (7368474)|HEAP_ALLOCATE|[430]|Bytes:408
16:01:23.0 (7400163)|HEAP_ALLOCATE|[317]|Bytes:6
16:01:23.0 (7477633)|HEAP_ALLOCATE|[EXTERNAL]|Bytes:7
16:01:23.0 (7491685)|METHOD_ENTRY|[1]|01pBK000001VvEL|CustomNotificationController.CustomNotificationController()
16:01:23.0 (7501040)|STATEMENT_EXECUTE|[1]
16:01:23.0 (7508452)|STATEMENT_EXECUTE|[1]
16:01:23.0 (7536479)|HEAP_ALLOCATE|[68]|Bytes:5
16:01:23.0 (7568007)|HEAP_ALLOCATE|[74]|Bytes:5
16:01:23.0 (7575978)|HEAP_ALLOCATE|[82]|Bytes:7
16:01:23.0 (7801556)|HEAP_ALLOCATE|[EXTERNAL]|Bytes:5
16:01:23.0 (7818812)|METHOD_EXIT|[1]|CustomNotificationController
16:01:23.0 (7829297)|VARIABLE_SCOPE_BEGIN|[5]|before|String|false|false
16:01:23.0 (7869958)|VARIABLE_ASSIGNMENT|[5]|before|null
16:01:23.0 (7883893)|HEAP_ALLOCATE|[6]|Bytes:5
16:01:23.0 (7888335)|STATEMENT_EXECUTE|[5]
16:01:23.0 (7889818)|STATEMENT_EXECUTE|[6]
16:01:23.0 (7923967)|VARIABLE_SCOPE_BEGIN|[6]|req|System.HttpRequest|true|false
16:01:23.0 (8235184)|VARIABLE_ASSIGNMENT|[6]|req|"System.HttpRequest[Endpoint=null, Method=null]"|0x1183f0c4
16:01:23.0 (8243821)|STATEMENT_EXECUTE|[7]
16:01:23.0 (8248871)|HEAP_ALLOCATE|[7]|Bytes:3
16:01:23.0 (8341744)|STATEMENT_EXECUTE|[8]
16:01:23.0 (8344619)|HEAP_ALLOCATE|[8]|Bytes:13
16:01:23.0 (8348540)|HEAP_ALLOCATE|[8]|Bytes:7
16:01:23.0 (8407072)|HEAP_ALLOCATE|[8]|Bytes:105
16:01:23.0 (8418289)|SYSTEM_METHOD_ENTRY|[1]|UserInfo.UserInfo()
16:01:23.0 (8421581)|STATEMENT_EXECUTE|[1]
16:01:23.0 (8429400)|SYSTEM_METHOD_EXIT|[1]|UserInfo
16:01:23.0 (8443081)|METHOD_ENTRY|[8]||System.UserInfo.getSessionId()
16:01:23.0 (18121034)|METHOD_EXIT|[8]||System.UserInfo.getSessionId()
16:01:23.0 (18170345)|HEAP_ALLOCATE|[8]|Bytes:119
16:01:23.0 (18264765)|STATEMENT_EXECUTE|[10]
16:01:23.0 (18360945)|HEAP_ALLOCATE|[10]|Bytes:67
16:01:23.0 (18380265)|SYSTEM_METHOD_ENTRY|[1]|Url.Url()
16:01:23.0 (18383549)|STATEMENT_EXECUTE|[1]
16:01:23.0 (18400149)|SYSTEM_METHOD_EXIT|[1]|Url
16:01:23.0 (18419971)|METHOD_ENTRY|[10]||System.Url.getOrgDomainUrl()
16:01:23.0 (18874853)|METHOD_EXIT|[10]||System.Url.getOrgDomainUrl()
16:01:23.0 (18898343)|METHOD_ENTRY|[10]||System.Url.toExternalForm()
16:01:23.0 (18953168)|METHOD_EXIT|[10]||System.Url.toExternalForm()
16:01:23.0 (18959472)|VARIABLE_SCOPE_BEGIN|[10]|domainPath|String|false|false
16:01:23.0 (19004344)|VARIABLE_ASSIGNMENT|[10]|domainPath|"https://hurex--dev1. (25 more) ..."
16:01:23.0 (19026895)|STATEMENT_EXECUTE|[11]
16:01:23.0 (19030985)|HEAP_ALLOCATE|[11]|Bytes:50
16:01:23.0 (19042591)|HEAP_ALLOCATE|[11]|Bytes:95
16:01:23.0 (19047129)|VARIABLE_SCOPE_BEGIN|[11]|endpoint|String|false|false
16:01:23.0 (19055797)|VARIABLE_ASSIGNMENT|[11]|endpoint|"https://hurex--dev1. (75 more) ..."
16:01:23.0 (19149115)|STATEMENT_EXECUTE|[13]
16:01:23.0 (19150813)|STATEMENT_EXECUTE|[16]
16:01:23.0 (19194486)|STATEMENT_EXECUTE|[18]
16:01:23.0 (19219427)|VARIABLE_SCOPE_BEGIN|[18]|http|System.Http|true|false
16:01:23.0 (19405350)|VARIABLE_ASSIGNMENT|[18]|http|"System.Http[]"|0xb1da3ea
16:01:23.0 (19419282)|STATEMENT_EXECUTE|[19]
16:01:23.0 (19561027)|CALLOUT_REQUEST|[19]|System.HttpRequest[Endpoint=https://hurex--dev1.sandbox.my.salesforce.com/services/data/v56.0/connect/notifications?size=20, Method=GET]
16:01:23.0 (162997725)|HEAP_ALLOCATE|[EXTERNAL]|Bytes:939
16:01:23.0 (165170207)|CALLOUT_RESPONSE|[19]|System.HttpResponse[Status=Unauthorized, StatusCode=401]
16:01:23.0 (165201985)|HEAP_ALLOCATE|[19]|Bytes:91
16:01:23.0 (165240101)|VARIABLE_SCOPE_BEGIN|[19]|res|System.HttpResponse|true|false
16:01:23.0 (165325858)|VARIABLE_ASSIGNMENT|[19]|res|"System.HttpResponse[Status=Unauthorized, StatusCode=401]"|0xbe81e22
16:01:23.0 (165398327)|STATEMENT_EXECUTE|[23]
16:01:23.0 (165399879)|STATEMENT_EXECUTE|[24]
16:01:23.0 (165449611)|HEAP_ALLOCATE|[24]|Bytes:9
16:01:23.0 (165474989)|HEAP_ALLOCATE|[24]|Bytes:75
16:01:23.0 (165492111)|HEAP_ALLOCATE|[24]|Bytes:84
16:01:23.0 (165647679)|FATAL_ERROR|System.AuraHandledException: Script-thrown exception

Class.CustomNotificationController.getNotifications: line 24, column 1
16:01:23.0 (165657303)|FATAL_ERROR|System.AuraHandledException: Script-thrown exception

Class.CustomNotificationController.getNotifications: line 24, column 1
16:01:23.165 (165665715)|CUMULATIVE_LIMIT_USAGE
16:01:23.165 (165665715)|LIMIT_USAGE_FOR_NS|(default)|
  Number of SOQL queries: 0 out of 100
  Number of query rows: 0 out of 50000
  Number of SOSL queries: 0 out of 20
  Number of DML statements: 0 out of 150
  Number of Publish Immediate DML: 0 out of 150
  Number of DML rows: 0 out of 10000
  Maximum CPU time: 0 out of 10000
  Maximum heap size: 0 out of 6000000
  Number of callouts: 1 out of 100
  Number of Email Invocations: 0 out of 10
  Number of future calls: 0 out of 50
  Number of queueable jobs added to the queue: 0 out of 50
  Number of Mobile Apex push calls: 0 out of 10

16:01:23.165 (165665715)|CUMULATIVE_LIMIT_USAGE_END

16:01:23.0 (165704760)|CODE_UNIT_FINISHED|CustomNotificationController.getNotifications(String)
16:01:23.0 (165960388)|CODE_UNIT_FINISHED|apex://CustomNotificationController/ACTION$getNotifications
16:01:23.0 (165967420)|EXECUTION_FINISHED
