66.0 APEX_CODE,FINEST;APEX_PROFILING,INFO;CALLOUT,INFO;DATA_ACCESS,INFO;DB,INFO;NBA,INFO;SYSTEM,DEBUG;VALIDATION,INFO;VISUALFORCE,INFO;WAVE,INFO;WORKFLOW,INFO
15:52:46.0 (230490)|USER_INFO|[EXTERNAL]|0057F0000042UBb|ishibashi@hurex.co.jp.dev1|(GMT+09:00) 日本標準時 (Asia/Tokyo)|GMT+09:00
15:52:46.0 (264532)|EXECUTION_STARTED
15:52:46.0 (278140)|CODE_UNIT_STARTED|[EXTERNAL]|apex://OfferComponentController/ACTION$getOffers
15:52:46.0 (2040705)|CODE_UNIT_STARTED|[EXTERNAL]|01pBK000001Vpwv|OfferComponentController.getOffers()
15:52:46.0 (2291697)|HEAP_ALLOCATE|[95]|Bytes:3
15:52:46.0 (2379321)|HEAP_ALLOCATE|[100]|Bytes:152
15:52:46.0 (2396403)|HEAP_ALLOCATE|[417]|Bytes:408
15:52:46.0 (2407579)|HEAP_ALLOCATE|[430]|Bytes:408
15:52:46.0 (2428311)|HEAP_ALLOCATE|[317]|Bytes:6
15:52:46.0 (2486541)|HEAP_ALLOCATE|[EXTERNAL]|Bytes:1
15:52:46.0 (2499751)|METHOD_ENTRY|[1]|01pBK000001Vpwv|OfferComponentController.OfferComponentController()
15:52:46.0 (2505226)|STATEMENT_EXECUTE|[1]
15:52:46.0 (2511154)|STATEMENT_EXECUTE|[1]
15:52:46.0 (2530754)|HEAP_ALLOCATE|[68]|Bytes:5
15:52:46.0 (2560206)|HEAP_ALLOCATE|[74]|Bytes:5
15:52:46.0 (2567339)|HEAP_ALLOCATE|[82]|Bytes:7
15:52:46.0 (2766928)|HEAP_ALLOCATE|[EXTERNAL]|Bytes:5
15:52:46.0 (2783453)|METHOD_EXIT|[1]|OfferComponentController
15:52:46.0 (2799273)|HEAP_ALLOCATE|[4]|Bytes:5
15:52:46.0 (2803505)|STATEMENT_EXECUTE|[3]
15:52:46.0 (2805393)|STATEMENT_EXECUTE|[4]
15:52:46.0 (2808813)|HEAP_ALLOCATE|[4]|Bytes:78
15:52:46.0 (2837722)|HEAP_ALLOCATE|[4]|Bytes:4
15:52:46.0 (5867953)|SOQL_EXECUTE_BEGIN|[4]|Aggregations:0|SELECT COUNT() FROM SelectionProcess__c WHERE LatestProcessStatus__c = 'JOB打診'
15:52:46.0 (17048783)|SOQL_EXECUTE_END|[4]|Rows:1
15:52:46.0 (17110159)|HEAP_ALLOCATE|[4]|Bytes:4
15:52:46.0 (17138700)|VARIABLE_SCOPE_BEGIN|[4]|totalCount|Integer|false|false
15:52:46.0 (17147095)|HEAP_ALLOCATE|[4]|Bytes:4
15:52:46.0 (17194063)|VARIABLE_ASSIGNMENT|[4]|totalCount|1
15:52:46.0 (17200408)|STATEMENT_EXECUTE|[5]
15:52:46.0 (17208253)|HEAP_ALLOCATE|[5]|Bytes:360
15:52:46.0 (17244753)|HEAP_ALLOCATE|[5]|Bytes:4
15:52:46.0 (24265227)|SOQL_EXECUTE_BEGIN|[5]|Aggregations:0|SELECT Id, JobPosition__c, LatestProcessStatus__c, LastModifiedDate, JobPosition__r.Id, JobPosition__r.Company__r.Name, JobPosition__r.JobPosition__c, JobPosition__r.WorkLocation2__c, JobPosition__r.JobCategory1__c, JobPosition__r.LastViewedDate FROM SelectionProcess__c WHERE LatestProcessStatus__c = 'JOB打診' ORDER BY LastModifiedDate DESC NULLS FIRST LIMIT 2
15:52:46.0 (42589728)|SOQL_EXECUTE_END|[5]|Rows:1
15:52:46.0 (42637989)|HEAP_ALLOCATE|[5]|Bytes:8
15:52:46.0 (42658507)|HEAP_ALLOCATE|[5]|Bytes:404
15:52:46.0 (42835979)|HEAP_ALLOCATE|[5]|Bytes:8
15:52:46.0 (42861186)|VARIABLE_SCOPE_BEGIN|[5]|processes|List<SelectionProcess__c>|true|false
15:52:46.0 (43229855)|VARIABLE_ASSIGNMENT|[5]|processes|[{"JobPosition__c":"a0KBK00000Gexcs2AB","LastModifiedDate":"2026-03-02T05:52:31.000Z","JobPosition__r":{"JobPosition__c":"テスト401求人タイトル求人タイトル求人 (28 more) ...","WorkLocation2__c":"111","LastViewedDate":"2026-03-17T06:44:29.000Z","Id":"a0KBK00000Gexcs2AB","Company__c":"001BK00000cc2ZEYAY","Company__r":{"Name":"テスト 廣川","Id":"001BK00000cc2ZEYAY"},"JobCategory1__c":"専門職系（コンサルタント/金融/不動産）"},"Id":"a0LBK000005sEhR2AU","LatestProcessStatus__c":"JOB打診"}]|0x3c8004c1
15:52:46.0 (43252290)|STATEMENT_EXECUTE|[22]
15:52:46.0 (43275268)|HEAP_ALLOCATE|[22]|Bytes:4
15:52:46.0 (43339650)|VARIABLE_SCOPE_BEGIN|[22]|jobInfos|List<Map<String,ANY>>|true|false
15:52:46.0 (43375192)|HEAP_ALLOCATE|[EXTERNAL]|Bytes:4
15:52:46.0 (43384874)|VARIABLE_ASSIGNMENT|[22]|jobInfos|[]|0x112be2b3
15:52:46.0 (43587446)|HEAP_ALLOCATE|[24]|Bytes:5
15:52:46.0 (43616890)|HEAP_ALLOCATE|[24]|Bytes:24
15:52:46.0 (43625223)|VARIABLE_SCOPE_BEGIN|[24]|process|SelectionProcess__c|true|false
15:52:46.0 (43729004)|VARIABLE_ASSIGNMENT|[24]|process|{"JobPosition__c":"a0KBK00000Gexcs2AB","LastModifiedDate":"2026-03-02T05:52:31.000Z","JobPosition__r":{"JobPosition__c":"テスト401求人タイトル求人タイトル求人 (28 more) ...","WorkLocation2__c":"111","LastViewedDate":"2026-03-17T06:44:29.000Z","Id":"a0KBK00000Gexcs2AB","Company__c":"001BK00000cc2ZEYAY","Company__r":{"Name":"テスト 廣川","Id":"001BK00000cc2ZEYAY"},"JobCategory1__c":"専門職系（コンサルタント/金融/不動産）"},"Id":"a0LBK000005sEhR2AU","LatestProcessStatus__c":"JOB打診"}|0x174d1854
15:52:46.0 (43740024)|STATEMENT_EXECUTE|[24]
15:52:46.0 (43741507)|STATEMENT_EXECUTE|[25]
15:52:46.0 (43752137)|HEAP_ALLOCATE|[25]|Bytes:4
15:52:46.0 (43758507)|VARIABLE_SCOPE_BEGIN|[25]|jobInfo|Map<String,ANY>|true|false
15:52:46.0 (43771434)|VARIABLE_ASSIGNMENT|[25]|jobInfo|{}|0xa36199b
15:52:46.0 (43774211)|STATEMENT_EXECUTE|[26]
15:52:46.0 (43779187)|HEAP_ALLOCATE|[26]|Bytes:5
15:52:46.0 (43845419)|HEAP_ALLOCATE|[EXTERNAL]|Bytes:-4
15:52:46.0 (43850367)|STATEMENT_EXECUTE|[27]
15:52:46.0 (43852277)|HEAP_ALLOCATE|[27]|Bytes:10
15:52:46.0 (43880137)|HEAP_ALLOCATE|[27]|Bytes:14
15:52:46.0 (43932642)|HEAP_ALLOCATE|[27]|Bytes:14
15:52:46.0 (43944670)|HEAP_ALLOCATE|[EXTERNAL]|Bytes:-4
15:52:46.0 (43949683)|STATEMENT_EXECUTE|[28]
15:52:46.0 (43951687)|HEAP_ALLOCATE|[28]|Bytes:11
15:52:46.0 (44026956)|HEAP_ALLOCATE|[EXTERNAL]|Bytes:-4
15:52:46.0 (44033851)|STATEMENT_EXECUTE|[29]
15:52:46.0 (44036096)|HEAP_ALLOCATE|[29]|Bytes:13
15:52:46.0 (44062272)|HEAP_ALLOCATE|[EXTERNAL]|Bytes:-4
15:52:46.0 (44067876)|STATEMENT_EXECUTE|[30]
15:52:46.0 (44069322)|HEAP_ALLOCATE|[30]|Bytes:12
15:52:46.0 (44085104)|HEAP_ALLOCATE|[EXTERNAL]|Bytes:-4
15:52:46.0 (44088415)|STATEMENT_EXECUTE|[31]
15:52:46.0 (44089676)|HEAP_ALLOCATE|[31]|Bytes:11
15:52:46.0 (44191212)|HEAP_ALLOCATE|[EXTERNAL]|Bytes:-4
15:52:46.0 (44195308)|STATEMENT_EXECUTE|[32]
15:52:46.0 (44196726)|HEAP_ALLOCATE|[32]|Bytes:14
15:52:46.0 (44224400)|HEAP_ALLOCATE|[EXTERNAL]|Bytes:-4
15:52:46.0 (44227793)|STATEMENT_EXECUTE|[33]
15:52:46.0 (44243517)|HEAP_ALLOCATE|[EXTERNAL]|Bytes:4
15:52:46.0 (44259461)|HEAP_ALLOCATE|[24]|Bytes:5
15:52:46.0 (44274174)|VARIABLE_ASSIGNMENT|[24]|process|null|
15:52:46.0 (44278529)|STATEMENT_EXECUTE|[35]
15:52:46.0 (44285984)|HEAP_ALLOCATE|[35]|Bytes:4
15:52:46.0 (44291161)|VARIABLE_SCOPE_BEGIN|[35]|result|Map<String,ANY>|true|false
15:52:46.0 (44301169)|VARIABLE_ASSIGNMENT|[35]|result|{}|0x1c866e50
15:52:46.0 (44304044)|STATEMENT_EXECUTE|[36]
15:52:46.0 (44305270)|HEAP_ALLOCATE|[36]|Bytes:8
15:52:46.0 (44315631)|HEAP_ALLOCATE|[EXTERNAL]|Bytes:-4
15:52:46.0 (44319230)|STATEMENT_EXECUTE|[37]
15:52:46.0 (44320662)|HEAP_ALLOCATE|[37]|Bytes:10
15:52:46.0 (44329413)|HEAP_ALLOCATE|[37]|Bytes:4
15:52:46.0 (44348403)|HEAP_ALLOCATE|[EXTERNAL]|Bytes:-4
15:52:46.0 (44351368)|STATEMENT_EXECUTE|[38]
15:52:46.44 (44424279)|CUMULATIVE_LIMIT_USAGE
15:52:46.44 (44424279)|LIMIT_USAGE_FOR_NS|(default)|
  Number of SOQL queries: 2 out of 100
  Number of query rows: 2 out of 50000
  Number of SOSL queries: 0 out of 20
  Number of DML statements: 0 out of 0
  Number of Publish Immediate DML: 0 out of 150
  Number of DML rows: 0 out of 10000
  Maximum CPU time: 0 out of 10000
  Maximum heap size: 0 out of 6000000
  Number of callouts: 0 out of 100
  Number of Email Invocations: 0 out of 10
  Number of future calls: 0 out of 50
  Number of queueable jobs added to the queue: 0 out of 50
  Number of Mobile Apex push calls: 0 out of 10

15:52:46.44 (44424279)|CUMULATIVE_LIMIT_USAGE_END

15:52:46.0 (44447890)|CODE_UNIT_FINISHED|OfferComponentController.getOffers()
15:52:46.0 (44631037)|CODE_UNIT_FINISHED|apex://OfferComponentController/ACTION$getOffers
15:52:46.0 (44638156)|EXECUTION_FINISHED
