66.0 APEX_CODE,FINEST;APEX_PROFILING,INFO;CALLOUT,INFO;DATA_ACCESS,INFO;DB,INFO;NBA,INFO;SYSTEM,DEBUG;VALIDATION,INFO;VISUALFORCE,INFO;WAVE,INFO;WORKFLOW,INFO
15:46:04.1 (1618549)|USER_INFO|[EXTERNAL]|0057F0000042UBb|ishibashi@hurex.co.jp.dev1|(GMT+09:00) 日本標準時 (Asia/Tokyo)|GMT+09:00
15:46:04.1 (1653071)|EXECUTION_STARTED
15:46:04.1 (1662359)|CODE_UNIT_STARTED|[EXTERNAL]|apex://CustomNotificationController/ACTION$getNotifications
15:46:04.1 (3520854)|CODE_UNIT_STARTED|[EXTERNAL]|01pBK000001VvEL|CustomNotificationController.getNotifications(String)
15:46:04.1 (6263209)|HEAP_ALLOCATE|[95]|Bytes:3
15:46:04.1 (6350750)|HEAP_ALLOCATE|[100]|Bytes:152
15:46:04.1 (6363533)|HEAP_ALLOCATE|[417]|Bytes:408
15:46:04.1 (6372526)|HEAP_ALLOCATE|[430]|Bytes:408
15:46:04.1 (6390324)|HEAP_ALLOCATE|[317]|Bytes:6
15:46:04.1 (6435889)|HEAP_ALLOCATE|[EXTERNAL]|Bytes:7
15:46:04.1 (6445019)|METHOD_ENTRY|[1]|01pBK000001VvEL|CustomNotificationController.CustomNotificationController()
15:46:04.1 (6450490)|STATEMENT_EXECUTE|[1]
15:46:04.1 (6454994)|STATEMENT_EXECUTE|[1]
15:46:04.1 (6471004)|HEAP_ALLOCATE|[68]|Bytes:5
15:46:04.1 (6489054)|HEAP_ALLOCATE|[74]|Bytes:5
15:46:04.1 (6493885)|HEAP_ALLOCATE|[82]|Bytes:7
15:46:04.1 (6836530)|HEAP_ALLOCATE|[EXTERNAL]|Bytes:5
15:46:04.1 (6850144)|METHOD_EXIT|[1]|CustomNotificationController
15:46:04.1 (6857940)|VARIABLE_SCOPE_BEGIN|[5]|before|String|false|false
15:46:04.1 (6884279)|VARIABLE_ASSIGNMENT|[5]|before|null
15:46:04.1 (6894153)|HEAP_ALLOCATE|[6]|Bytes:5
15:46:04.1 (6896713)|STATEMENT_EXECUTE|[5]
15:46:04.1 (6897658)|STATEMENT_EXECUTE|[6]
15:46:04.1 (6924167)|VARIABLE_SCOPE_BEGIN|[6]|req|System.HttpRequest|true|false
15:46:04.1 (7153152)|VARIABLE_ASSIGNMENT|[6]|req|"System.HttpRequest[Endpoint=null, Method=null]"|0x6c9dd2b6
15:46:04.1 (7160096)|STATEMENT_EXECUTE|[7]
15:46:04.1 (7164221)|HEAP_ALLOCATE|[7]|Bytes:3
15:46:04.1 (7231865)|STATEMENT_EXECUTE|[8]
15:46:04.1 (7233303)|HEAP_ALLOCATE|[8]|Bytes:13
15:46:04.1 (7235790)|HEAP_ALLOCATE|[8]|Bytes:7
15:46:04.1 (7274935)|HEAP_ALLOCATE|[8]|Bytes:105
15:46:04.1 (7282481)|SYSTEM_METHOD_ENTRY|[1]|UserInfo.UserInfo()
15:46:04.1 (7284544)|STATEMENT_EXECUTE|[1]
15:46:04.1 (7289616)|SYSTEM_METHOD_EXIT|[1]|UserInfo
15:46:04.1 (7312379)|METHOD_ENTRY|[8]||System.UserInfo.getSessionId()
15:46:04.1 (13956807)|METHOD_EXIT|[8]||System.UserInfo.getSessionId()
15:46:04.1 (13993287)|HEAP_ALLOCATE|[8]|Bytes:119
15:46:04.1 (14043836)|STATEMENT_EXECUTE|[10]
15:46:04.1 (14121318)|HEAP_ALLOCATE|[10]|Bytes:67
15:46:04.1 (14140825)|SYSTEM_METHOD_ENTRY|[1]|Url.Url()
15:46:04.1 (14143148)|STATEMENT_EXECUTE|[1]
15:46:04.1 (14163620)|SYSTEM_METHOD_EXIT|[1]|Url
15:46:04.1 (14180070)|METHOD_ENTRY|[10]||System.Url.getOrgDomainUrl()
15:46:04.1 (14390559)|METHOD_EXIT|[10]||System.Url.getOrgDomainUrl()
15:46:04.1 (14404427)|METHOD_ENTRY|[10]||System.Url.toExternalForm()
15:46:04.1 (14435359)|METHOD_EXIT|[10]||System.Url.toExternalForm()
15:46:04.1 (14439103)|VARIABLE_SCOPE_BEGIN|[10]|domainPath|String|false|false
15:46:04.1 (14455002)|VARIABLE_ASSIGNMENT|[10]|domainPath|"https://hurex--dev1. (25 more) ..."
15:46:04.1 (14458059)|STATEMENT_EXECUTE|[11]
15:46:04.1 (14460456)|HEAP_ALLOCATE|[11]|Bytes:50
15:46:04.1 (14467180)|HEAP_ALLOCATE|[11]|Bytes:95
15:46:04.1 (14469902)|VARIABLE_SCOPE_BEGIN|[11]|endpoint|String|false|false
15:46:04.1 (14475098)|VARIABLE_ASSIGNMENT|[11]|endpoint|"https://hurex--dev1. (75 more) ..."
15:46:04.1 (14514744)|STATEMENT_EXECUTE|[13]
15:46:04.1 (14516169)|STATEMENT_EXECUTE|[16]
15:46:04.1 (14538720)|STATEMENT_EXECUTE|[18]
15:46:04.1 (14556169)|VARIABLE_SCOPE_BEGIN|[18]|http|System.Http|true|false
15:46:04.1 (14653500)|VARIABLE_ASSIGNMENT|[18]|http|"System.Http[]"|0x6d73c2e6
15:46:04.1 (14657480)|STATEMENT_EXECUTE|[19]
15:46:04.1 (14736029)|CALLOUT_REQUEST|[19]|System.HttpRequest[Endpoint=https://hurex--dev1.sandbox.my.salesforce.com/services/data/v56.0/connect/notifications?size=20, Method=GET]
15:46:04.1 (265846924)|HEAP_ALLOCATE|[EXTERNAL]|Bytes:15126
15:46:04.1 (268811123)|CALLOUT_RESPONSE|[19]|System.HttpResponse[Status=OK, StatusCode=200]
15:46:04.1 (268850209)|HEAP_ALLOCATE|[19]|Bytes:14281
15:46:04.1 (268881995)|VARIABLE_SCOPE_BEGIN|[19]|res|System.HttpResponse|true|false
15:46:04.1 (268951607)|VARIABLE_ASSIGNMENT|[19]|res|"System.HttpResponse[Status=OK, StatusCode=200]"|0x7ce6a701
15:46:04.1 (269033130)|STATEMENT_EXECUTE|[21]
15:46:04.1 (269036278)|STATEMENT_EXECUTE|[22]
15:46:04.1 (269721323)|HEAP_ALLOCATE|[22]|Bytes:13995
15:46:04.269 (269765973)|CUMULATIVE_LIMIT_USAGE
15:46:04.269 (269765973)|LIMIT_USAGE_FOR_NS|(default)|
  Number of SOQL queries: 0 out of 100
  Number of query rows: 0 out of 50000
  Number of SOSL queries: 0 out of 20
  Number of DML statements: 0 out of 150
  Number of Publish Immediate DML: 0 out of 150
  Number of DML rows: 0 out of 10000
  Maximum CPU time: 0 out of 10000
  Maximum heap size: 0 out of 6000000
  Number of callouts: 1 out of 100
  Number of Email Invocations: 0 out of 10
  Number of future calls: 0 out of 50
  Number of queueable jobs added to the queue: 0 out of 50
  Number of Mobile Apex push calls: 0 out of 10

15:46:04.269 (269765973)|CUMULATIVE_LIMIT_USAGE_END

15:46:04.1 (269798185)|CODE_UNIT_FINISHED|CustomNotificationController.getNotifications(String)
15:46:04.1 (269953397)|CODE_UNIT_FINISHED|apex://CustomNotificationController/ACTION$getNotifications
15:46:04.1 (269958357)|EXECUTION_FINISHED
