66.0 APEX_CODE,FINEST;APEX_PROFILING,INFO;CALLOUT,INFO;DATA_ACCESS,INFO;DB,INFO;NBA,INFO;SYSTEM,DEBUG;VALIDATION,INFO;VISUALFORCE,INFO;WAVE,INFO;WORKFLOW,INFO
17:38:10.0 (649850)|USER_INFO|[EXTERNAL]|0057F0000042UBb|ishibashi@hurex.co.jp.dev1|(GMT+09:00) 日本標準時 (Asia/Tokyo)|GMT+09:00
17:38:10.0 (687319)|EXECUTION_STARTED
17:38:10.0 (708648)|CODE_UNIT_STARTED|[EXTERNAL]|apex://JobCardsController/ACTION$getJobs
17:38:10.0 (3073285)|CODE_UNIT_STARTED|[EXTERNAL]|01pBK000001RGBP|JobCardsController.getJobs()
17:38:10.0 (3542047)|HEAP_ALLOCATE|[95]|Bytes:3
17:38:10.0 (3631265)|HEAP_ALLOCATE|[100]|Bytes:152
17:38:10.0 (3645140)|HEAP_ALLOCATE|[417]|Bytes:408
17:38:10.0 (3655906)|HEAP_ALLOCATE|[430]|Bytes:408
17:38:10.0 (3674803)|HEAP_ALLOCATE|[317]|Bytes:6
17:38:10.0 (3684846)|HEAP_ALLOCATE|[EXTERNAL]|Bytes:10
17:38:10.0 (3688508)|HEAP_ALLOCATE|[EXTERNAL]|Bytes:5
17:38:10.0 (3690381)|HEAP_ALLOCATE|[EXTERNAL]|Bytes:3
17:38:10.0 (3701609)|METHOD_ENTRY|[6]|01pBK000001RGBP|JobCardsController.JobCardsController()
17:38:10.0 (3709576)|STATEMENT_EXECUTE|[6]
17:38:10.0 (3714105)|STATEMENT_EXECUTE|[6]
17:38:10.0 (3731761)|HEAP_ALLOCATE|[68]|Bytes:5
17:38:10.0 (3752947)|HEAP_ALLOCATE|[74]|Bytes:5
17:38:10.0 (3757774)|HEAP_ALLOCATE|[82]|Bytes:7
17:38:10.0 (4074492)|HEAP_ALLOCATE|[EXTERNAL]|Bytes:5
17:38:10.0 (4081136)|STATEMENT_EXECUTE|[12]
17:38:10.0 (4089884)|METHOD_EXIT|[6]|JobCardsController
17:38:10.0 (4101892)|HEAP_ALLOCATE|[35]|Bytes:5
17:38:10.0 (4104316)|STATEMENT_EXECUTE|[33]
17:38:10.0 (4105292)|STATEMENT_EXECUTE|[35]
17:38:10.0 (4120651)|HEAP_ALLOCATE|[35]|Bytes:4
17:38:10.0 (4169795)|VARIABLE_SCOPE_BEGIN|[35]|favoriteJobIds|Set<Id>|true|false
17:38:10.0 (4245826)|VARIABLE_ASSIGNMENT|[35]|favoriteJobIds|[]|0x439d0f12
17:38:10.0 (4251434)|HEAP_ALLOCATE|[36]|Bytes:91
17:38:10.0 (4262511)|HEAP_ALLOCATE|[36]|Bytes:4
17:38:10.0 (4268780)|HEAP_ALLOCATE|[36]|Bytes:7
17:38:10.0 (4301135)|HEAP_ALLOCATE|[38]|Bytes:105
17:38:10.0 (4307144)|SYSTEM_METHOD_ENTRY|[1]|UserInfo.UserInfo()
17:38:10.0 (4309355)|STATEMENT_EXECUTE|[1]
17:38:10.0 (4313521)|SYSTEM_METHOD_EXIT|[1]|UserInfo
17:38:10.0 (4324602)|METHOD_ENTRY|[38]||System.UserInfo.getUserId()
17:38:10.0 (5872873)|METHOD_EXIT|[38]||System.UserInfo.getUserId()
17:38:10.0 (6516490)|SOQL_EXECUTE_BEGIN|[36]|Aggregations:0|SELECT Job__c FROM InterestedJob__c WHERE (CreatedById = :tmpVar1 AND IsArchive__c = FALSE)
17:38:10.0 (12971793)|SOQL_EXECUTE_END|[36]|Rows:4
17:38:10.0 (13003368)|HEAP_ALLOCATE|[EXTERNAL]|Bytes:20
17:38:10.0 (13222898)|HEAP_ALLOCATE|[36]|Bytes:54
17:38:10.0 (13231228)|HEAP_ALLOCATE|[36]|Bytes:8
17:38:10.0 (13245748)|SYSTEM_METHOD_ENTRY|[7]|QueryLocatorIterator.QueryLocatorIterator()
17:38:10.0 (13249958)|STATEMENT_EXECUTE|[7]
17:38:10.0 (13259957)|SYSTEM_METHOD_EXIT|[7]|QueryLocatorIterator
17:38:10.0 (13268415)|HEAP_ALLOCATE|[36]|Bytes:28
17:38:10.0 (13342888)|HEAP_ALLOCATE|[36]|Bytes:20
17:38:10.0 (13351207)|HEAP_ALLOCATE|[36]|Bytes:8
17:38:10.0 (13352906)|HEAP_ALLOCATE|[36]|Bytes:8
17:38:10.0 (13362543)|VARIABLE_SCOPE_BEGIN|[15]|this|Database.QueryLocatorIterator|true|false
17:38:10.0 (13425215)|VARIABLE_ASSIGNMENT|[15]|this|{}|0x19ac0a3b
17:38:10.0 (13429012)|VARIABLE_SCOPE_BEGIN|[15]|values|List<SObject>|true|false
17:38:10.0 (13537647)|VARIABLE_ASSIGNMENT|[15]|values|[{"Job__c":"a0KBK00000Gexcs2AB","Id":"a0OBK000004najC2AQ"},{"Job__c":"a0KBK00000Gexdg2AB","Id":"a0OBK000004nbNV2AY"},{"Job__c":"a0KBK00000Gexcu2AB","Id":"a0OBK000004v8wE2AQ"},{"Job__c":"a0KBK00000GezgQ2AR","Id":"a0OBK0000050riz2AA"}]|0x7339bf72
17:38:10.0 (13543021)|VARIABLE_SCOPE_BEGIN|[15]|ql|Database.QueryLocator|true|false
17:38:10.0 (13559632)|VARIABLE_ASSIGNMENT|[15]|ql|{"query":"SELECT Job__c FROM I (71 more) ..."}|0x7afd1ae2
17:38:10.0 (13562498)|VARIABLE_SCOPE_BEGIN|[15]|totalNumRecords|Integer|false|false
17:38:10.0 (13568366)|VARIABLE_ASSIGNMENT|[15]|totalNumRecords|4
17:38:10.0 (13570521)|VARIABLE_SCOPE_BEGIN|[15]|queryMoreSize|Integer|false|false
17:38:10.0 (13574097)|VARIABLE_ASSIGNMENT|[15]|queryMoreSize|49996
17:38:10.0 (13641802)|HEAP_ALLOCATE|[36]|Bytes:28
17:38:10.0 (13694455)|METHOD_ENTRY|[36]||Database.QueryLocatorIterator.hasNext()
17:38:10.0 (13787360)|METHOD_EXIT|[36]||Database.QueryLocatorIterator.hasNext()
17:38:10.0 (13793256)|METHOD_ENTRY|[36]||Database.QueryLocatorIterator.next()
17:38:10.0 (13847304)|METHOD_EXIT|[36]||Database.QueryLocatorIterator.next()
17:38:10.0 (13852923)|VARIABLE_SCOPE_BEGIN|[36]|fav|InterestedJob__c|true|false
17:38:10.0 (13880919)|VARIABLE_ASSIGNMENT|[36]|fav|{"Job__c":"a0KBK00000Gexcs2AB","Id":"a0OBK000004najC2AQ"}|0x20a75ae2
17:38:10.0 (13885462)|STATEMENT_EXECUTE|[39]
17:38:10.0 (13886610)|STATEMENT_EXECUTE|[40]
17:38:10.0 (13944768)|HEAP_ALLOCATE|[EXTERNAL]|Bytes:4
17:38:10.0 (13952708)|METHOD_ENTRY|[36]||Database.QueryLocatorIterator.hasNext()
17:38:10.0 (13962535)|METHOD_EXIT|[36]||Database.QueryLocatorIterator.hasNext()
17:38:10.0 (13965091)|METHOD_ENTRY|[36]||Database.QueryLocatorIterator.next()
17:38:10.0 (13986603)|METHOD_EXIT|[36]||Database.QueryLocatorIterator.next()
17:38:10.0 (13989164)|VARIABLE_SCOPE_BEGIN|[36]|fav|InterestedJob__c|true|false
17:38:10.0 (14004265)|VARIABLE_ASSIGNMENT|[36]|fav|{"Job__c":"a0KBK00000Gexdg2AB","Id":"a0OBK000004nbNV2AY"}|0x1edba3ab
17:38:10.0 (14008026)|STATEMENT_EXECUTE|[39]
17:38:10.0 (14008914)|STATEMENT_EXECUTE|[40]
17:38:10.0 (14014500)|HEAP_ALLOCATE|[EXTERNAL]|Bytes:4
17:38:10.0 (14018771)|METHOD_ENTRY|[36]||Database.QueryLocatorIterator.hasNext()
17:38:10.0 (14026691)|METHOD_EXIT|[36]||Database.QueryLocatorIterator.hasNext()
17:38:10.0 (14028910)|METHOD_ENTRY|[36]||Database.QueryLocatorIterator.next()
17:38:10.0 (14047913)|METHOD_EXIT|[36]||Database.QueryLocatorIterator.next()
17:38:10.0 (14050194)|VARIABLE_SCOPE_BEGIN|[36]|fav|InterestedJob__c|true|false
17:38:10.0 (14061786)|VARIABLE_ASSIGNMENT|[36]|fav|{"Job__c":"a0KBK00000Gexcu2AB","Id":"a0OBK000004v8wE2AQ"}|0xce38098
17:38:10.0 (14065418)|STATEMENT_EXECUTE|[39]
17:38:10.0 (14066482)|STATEMENT_EXECUTE|[40]
17:38:10.0 (14071576)|HEAP_ALLOCATE|[EXTERNAL]|Bytes:4
17:38:10.0 (14077395)|METHOD_ENTRY|[36]||Database.QueryLocatorIterator.hasNext()
17:38:10.0 (14089424)|METHOD_EXIT|[36]||Database.QueryLocatorIterator.hasNext()
17:38:10.0 (14092885)|METHOD_ENTRY|[36]||Database.QueryLocatorIterator.next()
17:38:10.0 (14118801)|METHOD_EXIT|[36]||Database.QueryLocatorIterator.next()
17:38:10.0 (14122056)|VARIABLE_SCOPE_BEGIN|[36]|fav|InterestedJob__c|true|false
17:38:10.0 (14141164)|VARIABLE_ASSIGNMENT|[36]|fav|{"Job__c":"a0KBK00000GezgQ2AR","Id":"a0OBK0000050riz2AA"}|0x4e73c53d
17:38:10.0 (14145021)|STATEMENT_EXECUTE|[39]
17:38:10.0 (14146127)|STATEMENT_EXECUTE|[40]
17:38:10.0 (14152238)|HEAP_ALLOCATE|[EXTERNAL]|Bytes:4
17:38:10.0 (14158011)|METHOD_ENTRY|[36]||Database.QueryLocatorIterator.hasNext()
17:38:10.0 (14166841)|METHOD_EXIT|[36]||Database.QueryLocatorIterator.hasNext()
17:38:10.0 (14172949)|VARIABLE_ASSIGNMENT|[36]|fav|null|
17:38:10.0 (14196038)|STATEMENT_EXECUTE|[44]
17:38:10.0 (14198926)|HEAP_ALLOCATE|[44]|Bytes:217
17:38:10.0 (14216093)|HEAP_ALLOCATE|[44]|Bytes:4
17:38:10.0 (14783413)|SOQL_EXECUTE_BEGIN|[44]|Aggregations:0|SELECT Id, JobPosition__c, WorkLocation2__c, JobCategory1__c, MaxAnnualSalary__c, MinAnnualSalary__c, JobDescription__c, LastModifiedDate, LastViewedDate FROM Job__c ORDER BY LastModifiedDate DESC NULLS FIRST LIMIT 10
17:38:10.0 (31198056)|SOQL_EXECUTE_END|[44]|Rows:10
17:38:10.0 (31234856)|HEAP_ALLOCATE|[44]|Bytes:44
17:38:10.0 (31265172)|HEAP_ALLOCATE|[44]|Bytes:4083
17:38:10.0 (31370140)|HEAP_ALLOCATE|[44]|Bytes:44
17:38:10.0 (31392643)|VARIABLE_SCOPE_BEGIN|[44]|jobs|List<Job__c>|true|false
17:38:10.0 (31422801)|VARIABLE_ASSIGNMENT|[44]|jobs|"List of size 10 too large to display"|0x3b64cab7
17:38:10.0 (31427549)|STATEMENT_EXECUTE|[54]
17:38:10.0 (31436887)|HEAP_ALLOCATE|[54]|Bytes:4
17:38:10.0 (31537235)|VARIABLE_SCOPE_BEGIN|[54]|result|List<JobCardsController.JobWrapper>|true|false
17:38:10.0 (31561611)|HEAP_ALLOCATE|[EXTERNAL]|Bytes:4
17:38:10.0 (31572943)|VARIABLE_ASSIGNMENT|[54]|result|[]|0x4f4749f2
17:38:10.0 (31739873)|HEAP_ALLOCATE|[55]|Bytes:5
17:38:10.0 (31766156)|HEAP_ALLOCATE|[55]|Bytes:32
17:38:10.0 (31773175)|VARIABLE_SCOPE_BEGIN|[55]|j|Job__c|true|false
17:38:10.0 (31891694)|VARIABLE_ASSIGNMENT|[55]|j|{"LastModifiedDate":"2026-04-02T02:54:44.000Z","JobPosition__c":"テスト451求人タイトル求人タイトル求人 (235 more) ...","WorkLocation2__c":"444444","LastViewedDate":"2026-04-02T07:30:43.000Z","Id":"a0KBK00000Gexdg2AB","JobDescription__c":"テスト451仕事内容仕事内容仕事内容仕事 (230 more) ...","JobCategory1__c":"経営幹部/企画/マーケティング系"}|0x62cd12e1
17:38:10.0 (31902510)|STATEMENT_EXECUTE|[55]
17:38:10.0 (31903684)|STATEMENT_EXECUTE|[56]
17:38:10.0 (31940194)|HEAP_ALLOCATE|[56]|Bytes:44
17:38:10.0 (31966015)|CONSTRUCTOR_ENTRY|[56]|01pBK000001RGBP|<init>()|JobCardsController.JobWrapper
17:38:10.0 (31998064)|VARIABLE_SCOPE_BEGIN|[12]|this|JobCardsController.JobWrapper|true|false
17:38:10.0 (32098373)|VARIABLE_ASSIGNMENT|[12]|this|{}|0x1cdd3627
17:38:10.0 (32122414)|STATEMENT_EXECUTE|[12]
17:38:10.0 (32123364)|STATEMENT_EXECUTE|[13]
17:38:10.0 (32124384)|STATEMENT_EXECUTE|[14]
17:38:10.0 (32125271)|STATEMENT_EXECUTE|[15]
17:38:10.0 (32126069)|STATEMENT_EXECUTE|[16]
17:38:10.0 (32126835)|STATEMENT_EXECUTE|[17]
17:38:10.0 (32127710)|STATEMENT_EXECUTE|[18]
17:38:10.0 (32128565)|STATEMENT_EXECUTE|[19]
17:38:10.0 (32129304)|STATEMENT_EXECUTE|[20]
17:38:10.0 (32130105)|STATEMENT_EXECUTE|[21]
17:38:10.0 (32130956)|STATEMENT_EXECUTE|[22]
17:38:10.0 (32134156)|CONSTRUCTOR_EXIT|[56]|01pBK000001RGBP|<init>()|JobCardsController.JobWrapper
17:38:10.0 (32137805)|VARIABLE_SCOPE_BEGIN|[56]|wrapper|JobCardsController.JobWrapper|true|false
17:38:10.0 (32147525)|VARIABLE_ASSIGNMENT|[56]|wrapper|{}|0x1cdd3627
17:38:10.0 (32150310)|STATEMENT_EXECUTE|[57]
17:38:10.0 (32354154)|VARIABLE_ASSIGNMENT|[57]|this.Id|"a0KBK00000Gexdg2AB"|0x1cdd3627
17:38:10.0 (32358451)|STATEMENT_EXECUTE|[58]
17:38:10.0 (32377422)|VARIABLE_ASSIGNMENT|[58]|this.JobPosition|"テスト451求人タイトル求人タイトル求人 (235 more) ..."|0x1cdd3627
17:38:10.0 (32382110)|STATEMENT_EXECUTE|[59]
17:38:10.0 (32389294)|VARIABLE_ASSIGNMENT|[59]|this.WorkLocation2|"444444"|0x1cdd3627
17:38:10.0 (32391780)|STATEMENT_EXECUTE|[60]
17:38:10.0 (32398439)|VARIABLE_ASSIGNMENT|[60]|this.JobCategory1|"経営幹部/企画/マーケティング系"|0x1cdd3627
17:38:10.0 (32401538)|STATEMENT_EXECUTE|[61]
17:38:10.0 (32407486)|VARIABLE_ASSIGNMENT|[61]|this.MaxAnnualSalary|null|0x1cdd3627
17:38:10.0 (32409944)|STATEMENT_EXECUTE|[62]
17:38:10.0 (32413814)|VARIABLE_ASSIGNMENT|[62]|this.MinAnnualSalary|null|0x1cdd3627
17:38:10.0 (32416098)|STATEMENT_EXECUTE|[63]
17:38:10.0 (32422794)|VARIABLE_ASSIGNMENT|[63]|this.JobDescription|"テスト451仕事内容仕事内容仕事内容仕事 (230 more) ..."|0x1cdd3627
17:38:10.0 (32426020)|STATEMENT_EXECUTE|[64]
17:38:10.0 (32451407)|VARIABLE_ASSIGNMENT|[64]|this.LastModifiedDate|"2026-04-02T02:54:44.000Z"|0x1cdd3627
17:38:10.0 (32454346)|STATEMENT_EXECUTE|[65]
17:38:10.0 (32470676)|VARIABLE_ASSIGNMENT|[65]|this.LastViewedDate|"2026-04-02T07:30:43.000Z"|0x1cdd3627
17:38:10.0 (32473453)|STATEMENT_EXECUTE|[66]
17:38:10.0 (32521798)|HEAP_ALLOCATE|[66]|Bytes:5
17:38:10.0 (32528026)|VARIABLE_ASSIGNMENT|[66]|this.IsFavorite|true|0x1cdd3627
17:38:10.0 (32530574)|STATEMENT_EXECUTE|[67]
17:38:10.0 (32547579)|HEAP_ALLOCATE|[EXTERNAL]|Bytes:4
17:38:10.0 (32560941)|HEAP_ALLOCATE|[55]|Bytes:5
17:38:10.0 (32572547)|HEAP_ALLOCATE|[55]|Bytes:40
17:38:10.0 (32578954)|VARIABLE_SCOPE_BEGIN|[55]|j|Job__c|true|false
17:38:10.0 (32655642)|VARIABLE_ASSIGNMENT|[55]|j|{"LastModifiedDate":"2026-03-19T02:02:27.000Z","JobPosition__c":"新潟市(新潟) 法人ルート営業・業界シェ (74 more) ...","WorkLocation2__c":"新潟県新潟市（転勤なし／車通勤可）","LastViewedDate":"2026-04-02T04:28:50.000Z","Id":"a0KBK00000GezgQ2AR","MinAnnualSalary__c":350,"JobDescription__c":"自社開発製造の給配水機器とその関連製品の (25 more) ...","JobCategory1__c":"経営幹部/企画/マーケティング系","MaxAnnualSalary__c":550}|0x4cebabeb
17:38:10.0 (32666909)|STATEMENT_EXECUTE|[55]
17:38:10.0 (32668271)|STATEMENT_EXECUTE|[56]
17:38:10.0 (32672874)|HEAP_ALLOCATE|[56]|Bytes:44
17:38:10.0 (32678943)|CONSTRUCTOR_ENTRY|[56]|01pBK000001RGBP|<init>()|JobCardsController.JobWrapper
17:38:10.0 (32684167)|VARIABLE_SCOPE_BEGIN|[12]|this|JobCardsController.JobWrapper|true|false
17:38:10.0 (32702010)|VARIABLE_ASSIGNMENT|[12]|this|{}|0x6386fcbe
17:38:10.0 (32713217)|STATEMENT_EXECUTE|[12]
17:38:10.0 (32714181)|STATEMENT_EXECUTE|[13]
17:38:10.0 (32714949)|STATEMENT_EXECUTE|[14]
17:38:10.0 (32715733)|STATEMENT_EXECUTE|[15]
17:38:10.0 (32716518)|STATEMENT_EXECUTE|[16]
17:38:10.0 (32717319)|STATEMENT_EXECUTE|[17]
17:38:10.0 (32718179)|STATEMENT_EXECUTE|[18]
17:38:10.0 (32718947)|STATEMENT_EXECUTE|[19]
17:38:10.0 (32719693)|STATEMENT_EXECUTE|[20]
17:38:10.0 (32720508)|STATEMENT_EXECUTE|[21]
17:38:10.0 (32721248)|STATEMENT_EXECUTE|[22]
17:38:10.0 (32723515)|CONSTRUCTOR_EXIT|[56]|01pBK000001RGBP|<init>()|JobCardsController.JobWrapper
17:38:10.0 (32727292)|VARIABLE_SCOPE_BEGIN|[56]|wrapper|JobCardsController.JobWrapper|true|false
17:38:10.0 (32735032)|VARIABLE_ASSIGNMENT|[56]|wrapper|{}|0x6386fcbe
17:38:10.0 (32737676)|STATEMENT_EXECUTE|[57]
17:38:10.0 (32795184)|VARIABLE_ASSIGNMENT|[57]|this.Id|"a0KBK00000GezgQ2AR"|0x6386fcbe
17:38:10.0 (32798268)|STATEMENT_EXECUTE|[58]
17:38:10.0 (32803691)|VARIABLE_ASSIGNMENT|[58]|this.JobPosition|"新潟市(新潟) 法人ルート営業・業界シェ (74 more) ..."|0x6386fcbe
17:38:10.0 (32806734)|STATEMENT_EXECUTE|[59]
17:38:10.0 (32810984)|VARIABLE_ASSIGNMENT|[59]|this.WorkLocation2|"新潟県新潟市（転勤なし／車通勤可）"|0x6386fcbe
17:38:10.0 (32813838)|STATEMENT_EXECUTE|[60]
17:38:10.0 (32817148)|VARIABLE_ASSIGNMENT|[60]|this.JobCategory1|"経営幹部/企画/マーケティング系"|0x6386fcbe
17:38:10.0 (32819817)|STATEMENT_EXECUTE|[61]
17:38:10.0 (32848712)|VARIABLE_ASSIGNMENT|[61]|this.MaxAnnualSalary|550|0x6386fcbe
17:38:10.0 (32851234)|STATEMENT_EXECUTE|[62]
17:38:10.0 (32857348)|VARIABLE_ASSIGNMENT|[62]|this.MinAnnualSalary|350|0x6386fcbe
17:38:10.0 (32859768)|STATEMENT_EXECUTE|[63]
17:38:10.0 (32864065)|VARIABLE_ASSIGNMENT|[63]|this.JobDescription|"自社開発製造の給配水機器とその関連製品の (25 more) ..."|0x6386fcbe
17:38:10.0 (32866994)|STATEMENT_EXECUTE|[64]
17:38:10.0 (32877822)|VARIABLE_ASSIGNMENT|[64]|this.LastModifiedDate|"2026-03-19T02:02:27.000Z"|0x6386fcbe
17:38:10.0 (32880439)|STATEMENT_EXECUTE|[65]
17:38:10.0 (32886254)|VARIABLE_ASSIGNMENT|[65]|this.LastViewedDate|"2026-04-02T04:28:50.000Z"|0x6386fcbe
17:38:10.0 (32888720)|STATEMENT_EXECUTE|[66]
17:38:10.0 (32898174)|HEAP_ALLOCATE|[66]|Bytes:5
17:38:10.0 (32902073)|VARIABLE_ASSIGNMENT|[66]|this.IsFavorite|true|0x6386fcbe
17:38:10.0 (32904612)|STATEMENT_EXECUTE|[67]
17:38:10.0 (32908863)|HEAP_ALLOCATE|[EXTERNAL]|Bytes:4
17:38:10.0 (32916874)|HEAP_ALLOCATE|[55]|Bytes:5
17:38:10.0 (32923955)|HEAP_ALLOCATE|[55]|Bytes:40
17:38:10.0 (32927607)|VARIABLE_SCOPE_BEGIN|[55]|j|Job__c|true|false
17:38:10.0 (32968010)|VARIABLE_ASSIGNMENT|[55]|j|{"LastModifiedDate":"2026-03-18T01:52:52.000Z","JobPosition__c":"テスト401求人タイトル求人タイトル求人 (28 more) ...","WorkLocation2__c":"勤務地","LastViewedDate":"2026-04-02T07:07:16.000Z","Id":"a0KBK00000Gexcs2AB","MinAnnualSalary__c":450,"JobDescription__c":"テスト401仕事内容仕事内容仕事内容仕事 (30 more) ...","JobCategory1__c":"専門職系（コンサルタント/金融/不動産）","MaxAnnualSalary__c":600}|0x6fc1ca6f
17:38:10.0 (32975069)|STATEMENT_EXECUTE|[55]
17:38:10.0 (32975916)|STATEMENT_EXECUTE|[56]
17:38:10.0 (32978167)|HEAP_ALLOCATE|[56]|Bytes:44
17:38:10.0 (32981432)|CONSTRUCTOR_ENTRY|[56]|01pBK000001RGBP|<init>()|JobCardsController.JobWrapper
17:38:10.0 (32985042)|VARIABLE_SCOPE_BEGIN|[12]|this|JobCardsController.JobWrapper|true|false
17:38:10.0 (32995256)|VARIABLE_ASSIGNMENT|[12]|this|{}|0x3c0012c6
17:38:10.0 (33003260)|STATEMENT_EXECUTE|[12]
17:38:10.0 (33005251)|STATEMENT_EXECUTE|[13]
17:38:10.0 (33006278)|STATEMENT_EXECUTE|[14]
17:38:10.0 (33007477)|STATEMENT_EXECUTE|[15]
17:38:10.0 (33008453)|STATEMENT_EXECUTE|[16]
17:38:10.0 (33009411)|STATEMENT_EXECUTE|[17]
17:38:10.0 (33010361)|STATEMENT_EXECUTE|[18]
17:38:10.0 (33011567)|STATEMENT_EXECUTE|[19]
17:38:10.0 (33012492)|STATEMENT_EXECUTE|[20]
17:38:10.0 (33013486)|STATEMENT_EXECUTE|[21]
17:38:10.0 (33014616)|STATEMENT_EXECUTE|[22]
17:38:10.0 (33017486)|CONSTRUCTOR_EXIT|[56]|01pBK000001RGBP|<init>()|JobCardsController.JobWrapper
17:38:10.0 (33021918)|VARIABLE_SCOPE_BEGIN|[56]|wrapper|JobCardsController.JobWrapper|true|false
17:38:10.0 (33033061)|VARIABLE_ASSIGNMENT|[56]|wrapper|{}|0x3c0012c6
17:38:10.0 (33037055)|STATEMENT_EXECUTE|[57]
17:38:10.0 (33088551)|VARIABLE_ASSIGNMENT|[57]|this.Id|"a0KBK00000Gexcs2AB"|0x3c0012c6
17:38:10.0 (33093568)|STATEMENT_EXECUTE|[58]
17:38:10.0 (33100867)|VARIABLE_ASSIGNMENT|[58]|this.JobPosition|"テスト401求人タイトル求人タイトル求人 (28 more) ..."|0x3c0012c6
17:38:10.0 (33104079)|STATEMENT_EXECUTE|[59]
17:38:10.0 (33107561)|VARIABLE_ASSIGNMENT|[59]|this.WorkLocation2|"勤務地"|0x3c0012c6
17:38:10.0 (33110331)|STATEMENT_EXECUTE|[60]
17:38:10.0 (33113701)|VARIABLE_ASSIGNMENT|[60]|this.JobCategory1|"専門職系（コンサルタント/金融/不動産）"|0x3c0012c6
17:38:10.0 (33116665)|STATEMENT_EXECUTE|[61]
17:38:10.0 (33122612)|VARIABLE_ASSIGNMENT|[61]|this.MaxAnnualSalary|600|0x3c0012c6
17:38:10.0 (33124874)|STATEMENT_EXECUTE|[62]
17:38:10.0 (33128598)|VARIABLE_ASSIGNMENT|[62]|this.MinAnnualSalary|450|0x3c0012c6
17:38:10.0 (33130826)|STATEMENT_EXECUTE|[63]
17:38:10.0 (33134627)|VARIABLE_ASSIGNMENT|[63]|this.JobDescription|"テスト401仕事内容仕事内容仕事内容仕事 (30 more) ..."|0x3c0012c6
17:38:10.0 (33137438)|STATEMENT_EXECUTE|[64]
17:38:10.0 (33145695)|VARIABLE_ASSIGNMENT|[64]|this.LastModifiedDate|"2026-03-18T01:52:52.000Z"|0x3c0012c6
17:38:10.0 (33148838)|STATEMENT_EXECUTE|[65]
17:38:10.0 (33156808)|VARIABLE_ASSIGNMENT|[65]|this.LastViewedDate|"2026-04-02T07:07:16.000Z"|0x3c0012c6
17:38:10.0 (33160779)|STATEMENT_EXECUTE|[66]
17:38:10.0 (33172477)|HEAP_ALLOCATE|[66]|Bytes:5
17:38:10.0 (33178126)|VARIABLE_ASSIGNMENT|[66]|this.IsFavorite|true|0x3c0012c6
17:38:10.0 (33182378)|STATEMENT_EXECUTE|[67]
17:38:10.0 (33187848)|HEAP_ALLOCATE|[EXTERNAL]|Bytes:4
17:38:10.0 (33197898)|HEAP_ALLOCATE|[55]|Bytes:5
17:38:10.0 (33205983)|HEAP_ALLOCATE|[55]|Bytes:36
17:38:10.0 (33210648)|VARIABLE_SCOPE_BEGIN|[55]|j|Job__c|true|false
17:38:10.0 (33258643)|VARIABLE_ASSIGNMENT|[55]|j|{"LastModifiedDate":"2026-03-12T05:33:30.000Z","JobPosition__c":"テスト424求人タイトル求人タイトル求人 (28 more) ...","LastViewedDate":"2026-04-02T07:16:25.000Z","Id":"a0KBK00000GexdF2AR","MinAnnualSalary__c":250,"JobDescription__c":"テスト424仕事内容仕事内容仕事内容仕事 (30 more) ...","JobCategory1__c":"技術系（電気/電子/機械）","MaxAnnualSalary__c":350}|0x471bb21d
17:38:10.0 (33265316)|STATEMENT_EXECUTE|[55]
17:38:10.0 (33266397)|STATEMENT_EXECUTE|[56]
17:38:10.0 (33269388)|HEAP_ALLOCATE|[56]|Bytes:44
17:38:10.0 (33273779)|CONSTRUCTOR_ENTRY|[56]|01pBK000001RGBP|<init>()|JobCardsController.JobWrapper
17:38:10.0 (33279267)|VARIABLE_SCOPE_BEGIN|[12]|this|JobCardsController.JobWrapper|true|false
17:38:10.0 (33295744)|VARIABLE_ASSIGNMENT|[12]|this|{}|0x4999676f
17:38:10.0 (33307288)|STATEMENT_EXECUTE|[12]
17:38:10.0 (33308561)|STATEMENT_EXECUTE|[13]
17:38:10.0 (33310967)|STATEMENT_EXECUTE|[14]
17:38:10.0 (33311782)|STATEMENT_EXECUTE|[15]
17:38:10.0 (33312573)|STATEMENT_EXECUTE|[16]
17:38:10.0 (33313348)|STATEMENT_EXECUTE|[17]
17:38:10.0 (33314228)|STATEMENT_EXECUTE|[18]
17:38:10.0 (33315071)|STATEMENT_EXECUTE|[19]
17:38:10.0 (33315830)|STATEMENT_EXECUTE|[20]
17:38:10.0 (33316590)|STATEMENT_EXECUTE|[21]
17:38:10.0 (33317344)|STATEMENT_EXECUTE|[22]
17:38:10.0 (33319518)|CONSTRUCTOR_EXIT|[56]|01pBK000001RGBP|<init>()|JobCardsController.JobWrapper
17:38:10.0 (33322752)|VARIABLE_SCOPE_BEGIN|[56]|wrapper|JobCardsController.JobWrapper|true|false
17:38:10.0 (33330343)|VARIABLE_ASSIGNMENT|[56]|wrapper|{}|0x4999676f
17:38:10.0 (33332910)|STATEMENT_EXECUTE|[57]
17:38:10.0 (33374354)|VARIABLE_ASSIGNMENT|[57]|this.Id|"a0KBK00000GexdF2AR"|0x4999676f
17:38:10.0 (33379245)|STATEMENT_EXECUTE|[58]
17:38:10.0 (33387125)|VARIABLE_ASSIGNMENT|[58]|this.JobPosition|"テスト424求人タイトル求人タイトル求人 (28 more) ..."|0x4999676f
17:38:10.0 (33391970)|STATEMENT_EXECUTE|[59]
17:38:10.0 (33397189)|VARIABLE_ASSIGNMENT|[59]|this.WorkLocation2|null|0x4999676f
17:38:10.0 (33401010)|STATEMENT_EXECUTE|[60]
17:38:10.0 (33405851)|VARIABLE_ASSIGNMENT|[60]|this.JobCategory1|"技術系（電気/電子/機械）"|0x4999676f
17:38:10.0 (33410431)|STATEMENT_EXECUTE|[61]
17:38:10.0 (33418362)|VARIABLE_ASSIGNMENT|[61]|this.MaxAnnualSalary|350|0x4999676f
17:38:10.0 (33422063)|STATEMENT_EXECUTE|[62]
17:38:10.0 (33427341)|VARIABLE_ASSIGNMENT|[62]|this.MinAnnualSalary|250|0x4999676f
17:38:10.0 (33431177)|STATEMENT_EXECUTE|[63]
17:38:10.0 (33437220)|VARIABLE_ASSIGNMENT|[63]|this.JobDescription|"テスト424仕事内容仕事内容仕事内容仕事 (30 more) ..."|0x4999676f
17:38:10.0 (33440755)|STATEMENT_EXECUTE|[64]
17:38:10.0 (33452672)|VARIABLE_ASSIGNMENT|[64]|this.LastModifiedDate|"2026-03-12T05:33:30.000Z"|0x4999676f
17:38:10.0 (33456892)|STATEMENT_EXECUTE|[65]
17:38:10.0 (33462605)|VARIABLE_ASSIGNMENT|[65]|this.LastViewedDate|"2026-04-02T07:16:25.000Z"|0x4999676f
17:38:10.0 (33465055)|STATEMENT_EXECUTE|[66]
17:38:10.0 (33473986)|HEAP_ALLOCATE|[66]|Bytes:5
17:38:10.0 (33477472)|VARIABLE_ASSIGNMENT|[66]|this.IsFavorite|false|0x4999676f
17:38:10.0 (33479821)|STATEMENT_EXECUTE|[67]
17:38:10.0 (33483599)|HEAP_ALLOCATE|[EXTERNAL]|Bytes:4
17:38:10.0 (33490833)|HEAP_ALLOCATE|[55]|Bytes:5
17:38:10.0 (33498666)|HEAP_ALLOCATE|[55]|Bytes:36
17:38:10.0 (33503583)|VARIABLE_SCOPE_BEGIN|[55]|j|Job__c|true|false
17:38:10.0 (33555938)|VARIABLE_ASSIGNMENT|[55]|j|{"LastModifiedDate":"2026-03-09T05:51:50.000Z","JobPosition__c":"テスト403求人タイトル求人タイトル求人 (28 more) ...","LastViewedDate":"2026-03-18T09:45:24.000Z","Id":"a0KBK00000Gexcu2AB","MinAnnualSalary__c":900,"JobDescription__c":"テスト403仕事内容仕事内容仕事内容仕事 (30 more) ...","JobCategory1__c":"営業系","MaxAnnualSalary__c":600}|0x4dcbea05
17:38:10.0 (33562626)|STATEMENT_EXECUTE|[55]
17:38:10.0 (33563490)|STATEMENT_EXECUTE|[56]
17:38:10.0 (33565883)|HEAP_ALLOCATE|[56]|Bytes:44
17:38:10.0 (33569675)|CONSTRUCTOR_ENTRY|[56]|01pBK000001RGBP|<init>()|JobCardsController.JobWrapper
17:38:10.0 (33573740)|VARIABLE_SCOPE_BEGIN|[12]|this|JobCardsController.JobWrapper|true|false
17:38:10.0 (33585760)|VARIABLE_ASSIGNMENT|[12]|this|{}|0x4c51d69f
17:38:10.0 (33593477)|STATEMENT_EXECUTE|[12]
17:38:10.0 (33594381)|STATEMENT_EXECUTE|[13]
17:38:10.0 (33595220)|STATEMENT_EXECUTE|[14]
17:38:10.0 (33596176)|STATEMENT_EXECUTE|[15]
17:38:10.0 (33597093)|STATEMENT_EXECUTE|[16]
17:38:10.0 (33597876)|STATEMENT_EXECUTE|[17]
17:38:10.0 (33598641)|STATEMENT_EXECUTE|[18]
17:38:10.0 (33599392)|STATEMENT_EXECUTE|[19]
17:38:10.0 (33600155)|STATEMENT_EXECUTE|[20]
17:38:10.0 (33600931)|STATEMENT_EXECUTE|[21]
17:38:10.0 (33601659)|STATEMENT_EXECUTE|[22]
17:38:10.0 (33603874)|CONSTRUCTOR_EXIT|[56]|01pBK000001RGBP|<init>()|JobCardsController.JobWrapper
17:38:10.0 (33606719)|VARIABLE_SCOPE_BEGIN|[56]|wrapper|JobCardsController.JobWrapper|true|false
17:38:10.0 (33613332)|VARIABLE_ASSIGNMENT|[56]|wrapper|{}|0x4c51d69f
17:38:10.0 (33615673)|STATEMENT_EXECUTE|[57]
17:38:10.0 (33650924)|VARIABLE_ASSIGNMENT|[57]|this.Id|"a0KBK00000Gexcu2AB"|0x4c51d69f
17:38:10.0 (33654160)|STATEMENT_EXECUTE|[58]
17:38:10.0 (33658886)|VARIABLE_ASSIGNMENT|[58]|this.JobPosition|"テスト403求人タイトル求人タイトル求人 (28 more) ..."|0x4c51d69f
17:38:10.0 (33693066)|STATEMENT_EXECUTE|[59]
17:38:10.0 (33699068)|VARIABLE_ASSIGNMENT|[59]|this.WorkLocation2|null|0x4c51d69f
17:38:10.0 (33702200)|STATEMENT_EXECUTE|[60]
17:38:10.0 (33706062)|VARIABLE_ASSIGNMENT|[60]|this.JobCategory1|"営業系"|0x4c51d69f
17:38:10.0 (33708731)|STATEMENT_EXECUTE|[61]
17:38:10.0 (33715610)|VARIABLE_ASSIGNMENT|[61]|this.MaxAnnualSalary|600|0x4c51d69f
17:38:10.0 (33717864)|STATEMENT_EXECUTE|[62]
17:38:10.0 (33721247)|VARIABLE_ASSIGNMENT|[62]|this.MinAnnualSalary|900|0x4c51d69f
17:38:10.0 (33723467)|STATEMENT_EXECUTE|[63]
17:38:10.0 (33727376)|VARIABLE_ASSIGNMENT|[63]|this.JobDescription|"テスト403仕事内容仕事内容仕事内容仕事 (30 more) ..."|0x4c51d69f
17:38:10.0 (33730167)|STATEMENT_EXECUTE|[64]
17:38:10.0 (33739262)|VARIABLE_ASSIGNMENT|[64]|this.LastModifiedDate|"2026-03-09T05:51:50.000Z"|0x4c51d69f
17:38:10.0 (33741702)|STATEMENT_EXECUTE|[65]
17:38:10.0 (33746792)|VARIABLE_ASSIGNMENT|[65]|this.LastViewedDate|"2026-03-18T09:45:24.000Z"|0x4c51d69f
17:38:10.0 (33749161)|STATEMENT_EXECUTE|[66]
17:38:10.0 (33758541)|HEAP_ALLOCATE|[66]|Bytes:5
17:38:10.0 (33762368)|VARIABLE_ASSIGNMENT|[66]|this.IsFavorite|true|0x4c51d69f
17:38:10.0 (33764853)|STATEMENT_EXECUTE|[67]
17:38:10.0 (33768430)|HEAP_ALLOCATE|[EXTERNAL]|Bytes:4
17:38:10.0 (33775945)|HEAP_ALLOCATE|[55]|Bytes:5
17:38:10.0 (33782365)|HEAP_ALLOCATE|[55]|Bytes:36
17:38:10.0 (33786086)|VARIABLE_SCOPE_BEGIN|[55]|j|Job__c|true|false
17:38:10.0 (33828783)|VARIABLE_ASSIGNMENT|[55]|j|{"LastModifiedDate":"2026-03-09T05:51:49.000Z","JobPosition__c":"テスト402求人タイトル求人タイトル求人 (28 more) ...","LastViewedDate":"2026-03-18T09:45:33.000Z","Id":"a0KBK00000Gexct2AB","MinAnnualSalary__c":500,"JobDescription__c":"テスト402仕事内容仕事内容仕事内容仕事 (30 more) ...","JobCategory1__c":"営業系","MaxAnnualSalary__c":400}|0x5c6ea4a4
17:38:10.0 (33834674)|STATEMENT_EXECUTE|[55]
17:38:10.0 (33835500)|STATEMENT_EXECUTE|[56]
17:38:10.0 (33837544)|HEAP_ALLOCATE|[56]|Bytes:44
17:38:10.0 (33840711)|CONSTRUCTOR_ENTRY|[56]|01pBK000001RGBP|<init>()|JobCardsController.JobWrapper
17:38:10.0 (33844399)|VARIABLE_SCOPE_BEGIN|[12]|this|JobCardsController.JobWrapper|true|false
17:38:10.0 (33856021)|VARIABLE_ASSIGNMENT|[12]|this|{}|0x1866a0a7
17:38:10.0 (33863865)|STATEMENT_EXECUTE|[12]
17:38:10.0 (33864837)|STATEMENT_EXECUTE|[13]
17:38:10.0 (33865619)|STATEMENT_EXECUTE|[14]
17:38:10.0 (33866412)|STATEMENT_EXECUTE|[15]
17:38:10.0 (33867197)|STATEMENT_EXECUTE|[16]
17:38:10.0 (33867973)|STATEMENT_EXECUTE|[17]
17:38:10.0 (33868717)|STATEMENT_EXECUTE|[18]
17:38:10.0 (33869471)|STATEMENT_EXECUTE|[19]
17:38:10.0 (33870242)|STATEMENT_EXECUTE|[20]
17:38:10.0 (33870989)|STATEMENT_EXECUTE|[21]
17:38:10.0 (33871736)|STATEMENT_EXECUTE|[22]
17:38:10.0 (33873436)|CONSTRUCTOR_EXIT|[56]|01pBK000001RGBP|<init>()|JobCardsController.JobWrapper
17:38:10.0 (33876334)|VARIABLE_SCOPE_BEGIN|[56]|wrapper|JobCardsController.JobWrapper|true|false
17:38:10.0 (33883074)|VARIABLE_ASSIGNMENT|[56]|wrapper|{}|0x1866a0a7
17:38:10.0 (33885575)|STATEMENT_EXECUTE|[57]
17:38:10.0 (33916896)|VARIABLE_ASSIGNMENT|[57]|this.Id|"a0KBK00000Gexct2AB"|0x1866a0a7
17:38:10.0 (33919616)|STATEMENT_EXECUTE|[58]
17:38:10.0 (33924171)|VARIABLE_ASSIGNMENT|[58]|this.JobPosition|"テスト402求人タイトル求人タイトル求人 (28 more) ..."|0x1866a0a7
17:38:10.0 (33927051)|STATEMENT_EXECUTE|[59]
17:38:10.0 (33929869)|VARIABLE_ASSIGNMENT|[59]|this.WorkLocation2|null|0x1866a0a7
17:38:10.0 (33932406)|STATEMENT_EXECUTE|[60]
17:38:10.0 (33935243)|VARIABLE_ASSIGNMENT|[60]|this.JobCategory1|"営業系"|0x1866a0a7
17:38:10.0 (33937760)|STATEMENT_EXECUTE|[61]
17:38:10.0 (33942075)|VARIABLE_ASSIGNMENT|[61]|this.MaxAnnualSalary|400|0x1866a0a7
17:38:10.0 (33944451)|STATEMENT_EXECUTE|[62]
17:38:10.0 (33947588)|VARIABLE_ASSIGNMENT|[62]|this.MinAnnualSalary|500|0x1866a0a7
17:38:10.0 (33949827)|STATEMENT_EXECUTE|[63]
17:38:10.0 (33953448)|VARIABLE_ASSIGNMENT|[63]|this.JobDescription|"テスト402仕事内容仕事内容仕事内容仕事 (30 more) ..."|0x1866a0a7
17:38:10.0 (33956199)|STATEMENT_EXECUTE|[64]
17:38:10.0 (33962234)|VARIABLE_ASSIGNMENT|[64]|this.LastModifiedDate|"2026-03-09T05:51:49.000Z"|0x1866a0a7
17:38:10.0 (33964635)|STATEMENT_EXECUTE|[65]
17:38:10.0 (33969521)|VARIABLE_ASSIGNMENT|[65]|this.LastViewedDate|"2026-03-18T09:45:33.000Z"|0x1866a0a7
17:38:10.0 (33976565)|STATEMENT_EXECUTE|[66]
17:38:10.0 (33983362)|HEAP_ALLOCATE|[66]|Bytes:5
17:38:10.0 (33986839)|VARIABLE_ASSIGNMENT|[66]|this.IsFavorite|false|0x1866a0a7
17:38:10.0 (33989264)|STATEMENT_EXECUTE|[67]
17:38:10.0 (33991995)|HEAP_ALLOCATE|[EXTERNAL]|Bytes:4
17:38:10.0 (33997989)|HEAP_ALLOCATE|[55]|Bytes:5
17:38:10.0 (34003334)|HEAP_ALLOCATE|[55]|Bytes:40
17:38:10.0 (34007254)|VARIABLE_SCOPE_BEGIN|[55]|j|Job__c|true|false
17:38:10.0 (34043711)|VARIABLE_ASSIGNMENT|[55]|j|{"LastModifiedDate":"2026-03-06T01:15:09.000Z","JobPosition__c":"千代田区(東京) 設備積算・大手サブコン (18 more) ...","WorkLocation2__c":"東京都千代田区","LastViewedDate":"2026-03-17T05:57:19.000Z","Id":"a0KBK00000GezgH2AR","MinAnnualSalary__c":400,"JobDescription__c":"事務所ビルや商業施設、工場など、多様な建 (105 more) ...","JobCategory1__c":"営業系","MaxAnnualSalary__c":650}|0x3d1d8ff4
17:38:10.0 (34050619)|STATEMENT_EXECUTE|[55]
17:38:10.0 (34051425)|STATEMENT_EXECUTE|[56]
17:38:10.0 (34053196)|HEAP_ALLOCATE|[56]|Bytes:44
17:38:10.0 (34056026)|CONSTRUCTOR_ENTRY|[56]|01pBK000001RGBP|<init>()|JobCardsController.JobWrapper
17:38:10.0 (34059311)|VARIABLE_SCOPE_BEGIN|[12]|this|JobCardsController.JobWrapper|true|false
17:38:10.0 (34068921)|VARIABLE_ASSIGNMENT|[12]|this|{}|0x244c074f
17:38:10.0 (34075669)|STATEMENT_EXECUTE|[12]
17:38:10.0 (34076556)|STATEMENT_EXECUTE|[13]
17:38:10.0 (34077329)|STATEMENT_EXECUTE|[14]
17:38:10.0 (34078130)|STATEMENT_EXECUTE|[15]
17:38:10.0 (34078936)|STATEMENT_EXECUTE|[16]
17:38:10.0 (34079734)|STATEMENT_EXECUTE|[17]
17:38:10.0 (34080514)|STATEMENT_EXECUTE|[18]
17:38:10.0 (34081269)|STATEMENT_EXECUTE|[19]
17:38:10.0 (34082029)|STATEMENT_EXECUTE|[20]
17:38:10.0 (34082772)|STATEMENT_EXECUTE|[21]
17:38:10.0 (34083516)|STATEMENT_EXECUTE|[22]
17:38:10.0 (34085020)|CONSTRUCTOR_EXIT|[56]|01pBK000001RGBP|<init>()|JobCardsController.JobWrapper
17:38:10.0 (34087821)|VARIABLE_SCOPE_BEGIN|[56]|wrapper|JobCardsController.JobWrapper|true|false
17:38:10.0 (34094625)|VARIABLE_ASSIGNMENT|[56]|wrapper|{}|0x244c074f
17:38:10.0 (34097016)|STATEMENT_EXECUTE|[57]
17:38:10.0 (34121101)|VARIABLE_ASSIGNMENT|[57]|this.Id|"a0KBK00000GezgH2AR"|0x244c074f
17:38:10.0 (34123776)|STATEMENT_EXECUTE|[58]
17:38:10.0 (34128265)|VARIABLE_ASSIGNMENT|[58]|this.JobPosition|"千代田区(東京) 設備積算・大手サブコン (18 more) ..."|0x244c074f
17:38:10.0 (34131285)|STATEMENT_EXECUTE|[59]
17:38:10.0 (34134456)|VARIABLE_ASSIGNMENT|[59]|this.WorkLocation2|"東京都千代田区"|0x244c074f
17:38:10.0 (34137138)|STATEMENT_EXECUTE|[60]
17:38:10.0 (34139888)|VARIABLE_ASSIGNMENT|[60]|this.JobCategory1|"営業系"|0x244c074f
17:38:10.0 (34142344)|STATEMENT_EXECUTE|[61]
17:38:10.0 (34146695)|VARIABLE_ASSIGNMENT|[61]|this.MaxAnnualSalary|650|0x244c074f
17:38:10.0 (34149327)|STATEMENT_EXECUTE|[62]
17:38:10.0 (34152726)|VARIABLE_ASSIGNMENT|[62]|this.MinAnnualSalary|400|0x244c074f
17:38:10.0 (34154928)|STATEMENT_EXECUTE|[63]
17:38:10.0 (34158604)|VARIABLE_ASSIGNMENT|[63]|this.JobDescription|"事務所ビルや商業施設、工場など、多様な建 (105 more) ..."|0x244c074f
17:38:10.0 (34161530)|STATEMENT_EXECUTE|[64]
17:38:10.0 (34167774)|VARIABLE_ASSIGNMENT|[64]|this.LastModifiedDate|"2026-03-06T01:15:09.000Z"|0x244c074f
17:38:10.0 (34170315)|STATEMENT_EXECUTE|[65]
17:38:10.0 (34175139)|VARIABLE_ASSIGNMENT|[65]|this.LastViewedDate|"2026-03-17T05:57:19.000Z"|0x244c074f
17:38:10.0 (34177446)|STATEMENT_EXECUTE|[66]
17:38:10.0 (34183938)|HEAP_ALLOCATE|[66]|Bytes:5
17:38:10.0 (34187066)|VARIABLE_ASSIGNMENT|[66]|this.IsFavorite|false|0x244c074f
17:38:10.0 (34189375)|STATEMENT_EXECUTE|[67]
17:38:10.0 (34191987)|HEAP_ALLOCATE|[EXTERNAL]|Bytes:4
17:38:10.0 (34198024)|HEAP_ALLOCATE|[55]|Bytes:5
17:38:10.0 (34202390)|HEAP_ALLOCATE|[55]|Bytes:36
17:38:10.0 (34205233)|VARIABLE_SCOPE_BEGIN|[55]|j|Job__c|true|false
17:38:10.0 (34237861)|VARIABLE_ASSIGNMENT|[55]|j|{"LastModifiedDate":"2026-02-06T01:25:17.000Z","JobPosition__c":"テスト467求人タイトル求人タイトル求人 (28 more) ...","LastViewedDate":"2026-03-03T09:55:23.000Z","Id":"a0KBK00000Gexdw2AB","MinAnnualSalary__c":216,"JobDescription__c":"テスト467仕事内容仕事内容仕事内容仕事 (30 more) ...","JobCategory1__c":"管理部門/事務系","MaxAnnualSalary__c":0}|0x278c4910
17:38:10.0 (34243929)|STATEMENT_EXECUTE|[55]
17:38:10.0 (34245103)|STATEMENT_EXECUTE|[56]
17:38:10.0 (34246696)|HEAP_ALLOCATE|[56]|Bytes:44
17:38:10.0 (34249464)|CONSTRUCTOR_ENTRY|[56]|01pBK000001RGBP|<init>()|JobCardsController.JobWrapper
17:38:10.0 (34252692)|VARIABLE_SCOPE_BEGIN|[12]|this|JobCardsController.JobWrapper|true|false
17:38:10.0 (34261616)|VARIABLE_ASSIGNMENT|[12]|this|{}|0x266cbeb6
17:38:10.0 (34268234)|STATEMENT_EXECUTE|[12]
17:38:10.0 (34269116)|STATEMENT_EXECUTE|[13]
17:38:10.0 (34269943)|STATEMENT_EXECUTE|[14]
17:38:10.0 (34270730)|STATEMENT_EXECUTE|[15]
17:38:10.0 (34271527)|STATEMENT_EXECUTE|[16]
17:38:10.0 (34272318)|STATEMENT_EXECUTE|[17]
17:38:10.0 (34273083)|STATEMENT_EXECUTE|[18]
17:38:10.0 (34273870)|STATEMENT_EXECUTE|[19]
17:38:10.0 (34274618)|STATEMENT_EXECUTE|[20]
17:38:10.0 (34275365)|STATEMENT_EXECUTE|[21]
17:38:10.0 (34276118)|STATEMENT_EXECUTE|[22]
17:38:10.0 (34277483)|CONSTRUCTOR_EXIT|[56]|01pBK000001RGBP|<init>()|JobCardsController.JobWrapper
17:38:10.0 (34280160)|VARIABLE_SCOPE_BEGIN|[56]|wrapper|JobCardsController.JobWrapper|true|false
17:38:10.0 (34286630)|VARIABLE_ASSIGNMENT|[56]|wrapper|{}|0x266cbeb6
17:38:10.0 (34290257)|STATEMENT_EXECUTE|[57]
17:38:10.0 (34322354)|VARIABLE_ASSIGNMENT|[57]|this.Id|"a0KBK00000Gexdw2AB"|0x266cbeb6
17:38:10.0 (34326645)|STATEMENT_EXECUTE|[58]
17:38:10.0 (34333145)|VARIABLE_ASSIGNMENT|[58]|this.JobPosition|"テスト467求人タイトル求人タイトル求人 (28 more) ..."|0x266cbeb6
17:38:10.0 (34337172)|STATEMENT_EXECUTE|[59]
17:38:10.0 (34341265)|VARIABLE_ASSIGNMENT|[59]|this.WorkLocation2|null|0x266cbeb6
17:38:10.0 (34344533)|STATEMENT_EXECUTE|[60]
17:38:10.0 (34348789)|VARIABLE_ASSIGNMENT|[60]|this.JobCategory1|"管理部門/事務系"|0x266cbeb6
17:38:10.0 (34353041)|STATEMENT_EXECUTE|[61]
17:38:10.0 (34377420)|HEAP_ALLOCATE|[61]|Bytes:28
17:38:10.0 (34382729)|VARIABLE_ASSIGNMENT|[61]|this.MaxAnnualSalary|0|0x266cbeb6
17:38:10.0 (34385024)|STATEMENT_EXECUTE|[62]
17:38:10.0 (34388705)|VARIABLE_ASSIGNMENT|[62]|this.MinAnnualSalary|216|0x266cbeb6
17:38:10.0 (34390984)|STATEMENT_EXECUTE|[63]
17:38:10.0 (34394758)|VARIABLE_ASSIGNMENT|[63]|this.JobDescription|"テスト467仕事内容仕事内容仕事内容仕事 (30 more) ..."|0x266cbeb6
17:38:10.0 (34397984)|STATEMENT_EXECUTE|[64]
17:38:10.0 (34405999)|VARIABLE_ASSIGNMENT|[64]|this.LastModifiedDate|"2026-02-06T01:25:17.000Z"|0x266cbeb6
17:38:10.0 (34408508)|STATEMENT_EXECUTE|[65]
17:38:10.0 (34413367)|VARIABLE_ASSIGNMENT|[65]|this.LastViewedDate|"2026-03-03T09:55:23.000Z"|0x266cbeb6
17:38:10.0 (34415806)|STATEMENT_EXECUTE|[66]
17:38:10.0 (34423539)|HEAP_ALLOCATE|[66]|Bytes:5
17:38:10.0 (34426627)|VARIABLE_ASSIGNMENT|[66]|this.IsFavorite|false|0x266cbeb6
17:38:10.0 (34428913)|STATEMENT_EXECUTE|[67]
17:38:10.0 (34432207)|HEAP_ALLOCATE|[EXTERNAL]|Bytes:4
17:38:10.0 (34438861)|HEAP_ALLOCATE|[55]|Bytes:5
17:38:10.0 (34444415)|HEAP_ALLOCATE|[55]|Bytes:36
17:38:10.0 (34447360)|VARIABLE_SCOPE_BEGIN|[55]|j|Job__c|true|false
17:38:10.0 (34485071)|VARIABLE_ASSIGNMENT|[55]|j|{"LastModifiedDate":"2026-02-05T00:50:25.000Z","JobPosition__c":"テスト297求人タイトル求人タイトル求人 (28 more) ...","LastViewedDate":"2026-03-28T05:28:09.000Z","Id":"a0KBK00000Gezpx2AB","MinAnnualSalary__c":350,"JobDescription__c":"テスト297仕事内容仕事内容仕事内容仕事 (30 more) ...","JobCategory1__c":"IT系（ソフトウェア/ネットワーク）","MaxAnnualSalary__c":600}|0x35050426
17:38:10.0 (34491399)|STATEMENT_EXECUTE|[55]
17:38:10.0 (34492340)|STATEMENT_EXECUTE|[56]
17:38:10.0 (34494405)|HEAP_ALLOCATE|[56]|Bytes:44
17:38:10.0 (34497229)|CONSTRUCTOR_ENTRY|[56]|01pBK000001RGBP|<init>()|JobCardsController.JobWrapper
17:38:10.0 (34500644)|VARIABLE_SCOPE_BEGIN|[12]|this|JobCardsController.JobWrapper|true|false
17:38:10.0 (34511933)|VARIABLE_ASSIGNMENT|[12]|this|{}|0x64cb61ca
17:38:10.0 (34519275)|STATEMENT_EXECUTE|[12]
17:38:10.0 (34520148)|STATEMENT_EXECUTE|[13]
17:38:10.0 (34520964)|STATEMENT_EXECUTE|[14]
17:38:10.0 (34521733)|STATEMENT_EXECUTE|[15]
17:38:10.0 (34522530)|STATEMENT_EXECUTE|[16]
17:38:10.0 (34523309)|STATEMENT_EXECUTE|[17]
17:38:10.0 (34524079)|STATEMENT_EXECUTE|[18]
17:38:10.0 (34524853)|STATEMENT_EXECUTE|[19]
17:38:10.0 (34525624)|STATEMENT_EXECUTE|[20]
17:38:10.0 (34526380)|STATEMENT_EXECUTE|[21]
17:38:10.0 (34527148)|STATEMENT_EXECUTE|[22]
17:38:10.0 (34528834)|CONSTRUCTOR_EXIT|[56]|01pBK000001RGBP|<init>()|JobCardsController.JobWrapper
17:38:10.0 (34531578)|VARIABLE_SCOPE_BEGIN|[56]|wrapper|JobCardsController.JobWrapper|true|false
17:38:10.0 (34538344)|VARIABLE_ASSIGNMENT|[56]|wrapper|{}|0x64cb61ca
17:38:10.0 (34540769)|STATEMENT_EXECUTE|[57]
17:38:10.0 (34578439)|VARIABLE_ASSIGNMENT|[57]|this.Id|"a0KBK00000Gezpx2AB"|0x64cb61ca
17:38:10.0 (34583305)|STATEMENT_EXECUTE|[58]
17:38:10.0 (34590335)|VARIABLE_ASSIGNMENT|[58]|this.JobPosition|"テスト297求人タイトル求人タイトル求人 (28 more) ..."|0x64cb61ca
17:38:10.0 (34594574)|STATEMENT_EXECUTE|[59]
17:38:10.0 (34610813)|VARIABLE_ASSIGNMENT|[59]|this.WorkLocation2|null|0x64cb61ca
17:38:10.0 (34614598)|STATEMENT_EXECUTE|[60]
17:38:10.0 (34620072)|VARIABLE_ASSIGNMENT|[60]|this.JobCategory1|"IT系（ソフトウェア/ネットワーク）"|0x64cb61ca
17:38:10.0 (34624280)|STATEMENT_EXECUTE|[61]
17:38:10.0 (34631482)|VARIABLE_ASSIGNMENT|[61]|this.MaxAnnualSalary|600|0x64cb61ca
17:38:10.0 (34633827)|STATEMENT_EXECUTE|[62]
17:38:10.0 (34637001)|VARIABLE_ASSIGNMENT|[62]|this.MinAnnualSalary|350|0x64cb61ca
17:38:10.0 (34639482)|STATEMENT_EXECUTE|[63]
17:38:10.0 (34643309)|VARIABLE_ASSIGNMENT|[63]|this.JobDescription|"テスト297仕事内容仕事内容仕事内容仕事 (30 more) ..."|0x64cb61ca
17:38:10.0 (34646505)|STATEMENT_EXECUTE|[64]
17:38:10.0 (34654429)|VARIABLE_ASSIGNMENT|[64]|this.LastModifiedDate|"2026-02-05T00:50:25.000Z"|0x64cb61ca
17:38:10.0 (34656785)|STATEMENT_EXECUTE|[65]
17:38:10.0 (34661831)|VARIABLE_ASSIGNMENT|[65]|this.LastViewedDate|"2026-03-28T05:28:09.000Z"|0x64cb61ca
17:38:10.0 (34664219)|STATEMENT_EXECUTE|[66]
17:38:10.0 (34671957)|HEAP_ALLOCATE|[66]|Bytes:5
17:38:10.0 (34675550)|VARIABLE_ASSIGNMENT|[66]|this.IsFavorite|false|0x64cb61ca
17:38:10.0 (34678218)|STATEMENT_EXECUTE|[67]
17:38:10.0 (34681407)|HEAP_ALLOCATE|[EXTERNAL]|Bytes:4
17:38:10.0 (34687911)|HEAP_ALLOCATE|[55]|Bytes:5
17:38:10.0 (34693607)|HEAP_ALLOCATE|[55]|Bytes:36
17:38:10.0 (34697184)|VARIABLE_SCOPE_BEGIN|[55]|j|Job__c|true|false
17:38:10.0 (34738598)|VARIABLE_ASSIGNMENT|[55]|j|{"LastModifiedDate":"2026-02-05T00:49:22.000Z","JobPosition__c":"テスト407求人タイトル求人タイトル求人 (28 more) ...","LastViewedDate":"2026-03-18T09:45:42.000Z","Id":"a0KBK00000Gexcy2AB","MinAnnualSalary__c":350,"JobDescription__c":"テスト407仕事内容仕事内容仕事内容仕事 (30 more) ...","JobCategory1__c":"営業系","MaxAnnualSalary__c":450}|0x1c67dda6
17:38:10.0 (34746993)|STATEMENT_EXECUTE|[55]
17:38:10.0 (34748455)|STATEMENT_EXECUTE|[56]
17:38:10.0 (34751156)|HEAP_ALLOCATE|[56]|Bytes:44
17:38:10.0 (34755317)|CONSTRUCTOR_ENTRY|[56]|01pBK000001RGBP|<init>()|JobCardsController.JobWrapper
17:38:10.0 (34760100)|VARIABLE_SCOPE_BEGIN|[12]|this|JobCardsController.JobWrapper|true|false
17:38:10.0 (34775334)|VARIABLE_ASSIGNMENT|[12]|this|{}|0x4905866c
17:38:10.0 (34786199)|STATEMENT_EXECUTE|[12]
17:38:10.0 (34787077)|STATEMENT_EXECUTE|[13]
17:38:10.0 (34787901)|STATEMENT_EXECUTE|[14]
17:38:10.0 (34788717)|STATEMENT_EXECUTE|[15]
17:38:10.0 (34789476)|STATEMENT_EXECUTE|[16]
17:38:10.0 (34790264)|STATEMENT_EXECUTE|[17]
17:38:10.0 (34791032)|STATEMENT_EXECUTE|[18]
17:38:10.0 (34791793)|STATEMENT_EXECUTE|[19]
17:38:10.0 (34792531)|STATEMENT_EXECUTE|[20]
17:38:10.0 (34793378)|STATEMENT_EXECUTE|[21]
17:38:10.0 (34794127)|STATEMENT_EXECUTE|[22]
17:38:10.0 (34795888)|CONSTRUCTOR_EXIT|[56]|01pBK000001RGBP|<init>()|JobCardsController.JobWrapper
17:38:10.0 (34799098)|VARIABLE_SCOPE_BEGIN|[56]|wrapper|JobCardsController.JobWrapper|true|false
17:38:10.0 (34806380)|VARIABLE_ASSIGNMENT|[56]|wrapper|{}|0x4905866c
17:38:10.0 (34809004)|STATEMENT_EXECUTE|[57]
17:38:10.0 (34842279)|VARIABLE_ASSIGNMENT|[57]|this.Id|"a0KBK00000Gexcy2AB"|0x4905866c
17:38:10.0 (34845045)|STATEMENT_EXECUTE|[58]
17:38:10.0 (34849605)|VARIABLE_ASSIGNMENT|[58]|this.JobPosition|"テスト407求人タイトル求人タイトル求人 (28 more) ..."|0x4905866c
17:38:10.0 (34852424)|STATEMENT_EXECUTE|[59]
17:38:10.0 (34855474)|VARIABLE_ASSIGNMENT|[59]|this.WorkLocation2|null|0x4905866c
17:38:10.0 (34857732)|STATEMENT_EXECUTE|[60]
17:38:10.0 (34860834)|VARIABLE_ASSIGNMENT|[60]|this.JobCategory1|"営業系"|0x4905866c
17:38:10.0 (34863438)|STATEMENT_EXECUTE|[61]
17:38:10.0 (34867804)|VARIABLE_ASSIGNMENT|[61]|this.MaxAnnualSalary|450|0x4905866c
17:38:10.0 (34870428)|STATEMENT_EXECUTE|[62]
17:38:10.0 (34873622)|VARIABLE_ASSIGNMENT|[62]|this.MinAnnualSalary|350|0x4905866c
17:38:10.0 (34875998)|STATEMENT_EXECUTE|[63]
17:38:10.0 (34879601)|VARIABLE_ASSIGNMENT|[63]|this.JobDescription|"テスト407仕事内容仕事内容仕事内容仕事 (30 more) ..."|0x4905866c
17:38:10.0 (34882617)|STATEMENT_EXECUTE|[64]
17:38:10.0 (34889646)|VARIABLE_ASSIGNMENT|[64]|this.LastModifiedDate|"2026-02-05T00:49:22.000Z"|0x4905866c
17:38:10.0 (34892339)|STATEMENT_EXECUTE|[65]
17:38:10.0 (34897264)|VARIABLE_ASSIGNMENT|[65]|this.LastViewedDate|"2026-03-18T09:45:42.000Z"|0x4905866c
17:38:10.0 (34899831)|STATEMENT_EXECUTE|[66]
17:38:10.0 (34906363)|HEAP_ALLOCATE|[66]|Bytes:5
17:38:10.0 (34909766)|VARIABLE_ASSIGNMENT|[66]|this.IsFavorite|false|0x4905866c
17:38:10.0 (34912405)|STATEMENT_EXECUTE|[67]
17:38:10.0 (34915504)|HEAP_ALLOCATE|[EXTERNAL]|Bytes:4
17:38:10.0 (34923018)|HEAP_ALLOCATE|[55]|Bytes:5
17:38:10.0 (34928498)|VARIABLE_ASSIGNMENT|[55]|j|null|
17:38:10.0 (34931641)|STATEMENT_EXECUTE|[69]
17:38:10.34 (34986737)|CUMULATIVE_LIMIT_USAGE
17:38:10.34 (34986737)|LIMIT_USAGE_FOR_NS|(default)|
  Number of SOQL queries: 2 out of 100
  Number of query rows: 14 out of 50000
  Number of SOSL queries: 0 out of 20
  Number of DML statements: 0 out of 150
  Number of Publish Immediate DML: 0 out of 150
  Number of DML rows: 0 out of 10000
  Maximum CPU time: 0 out of 10000
  Maximum heap size: 0 out of 6000000
  Number of callouts: 0 out of 100
  Number of Email Invocations: 0 out of 10
  Number of future calls: 0 out of 50
  Number of queueable jobs added to the queue: 0 out of 50
  Number of Mobile Apex push calls: 0 out of 10

17:38:10.34 (34986737)|CUMULATIVE_LIMIT_USAGE_END

17:38:10.0 (35008964)|CODE_UNIT_FINISHED|JobCardsController.getJobs()
17:38:10.0 (35177502)|CODE_UNIT_FINISHED|apex://JobCardsController/ACTION$getJobs
17:38:10.0 (35182539)|EXECUTION_FINISHED
