66.0 APEX_CODE,FINEST;APEX_PROFILING,INFO;CALLOUT,INFO;DATA_ACCESS,INFO;DB,INFO;NBA,INFO;SYSTEM,DEBUG;VALIDATION,INFO;VISUALFORCE,INFO;WAVE,INFO;WORKFLOW,INFO
15:49:22.0 (652373)|USER_INFO|[EXTERNAL]|0057F0000042UBb|ishibashi@hurex.co.jp.dev1|(GMT+09:00) 日本標準時 (Asia/Tokyo)|GMT+09:00
15:49:22.0 (688073)|EXECUTION_STARTED
15:49:22.0 (704363)|CODE_UNIT_STARTED|[EXTERNAL]|apex://CustomNotificationController/ACTION$getNotifications
15:49:22.0 (1776714)|CODE_UNIT_STARTED|[EXTERNAL]|01pBK000001VvEL|CustomNotificationController.getNotifications(String)
15:49:22.0 (5240169)|HEAP_ALLOCATE|[95]|Bytes:3
15:49:22.0 (5335455)|HEAP_ALLOCATE|[100]|Bytes:152
15:49:22.0 (5350453)|HEAP_ALLOCATE|[417]|Bytes:408
15:49:22.0 (5361573)|HEAP_ALLOCATE|[430]|Bytes:408
15:49:22.0 (5381941)|HEAP_ALLOCATE|[317]|Bytes:6
15:49:22.0 (5438485)|HEAP_ALLOCATE|[EXTERNAL]|Bytes:7
15:49:22.0 (5449728)|METHOD_ENTRY|[1]|01pBK000001VvEL|CustomNotificationController.CustomNotificationController()
15:49:22.0 (5455778)|STATEMENT_EXECUTE|[1]
15:49:22.0 (5460663)|STATEMENT_EXECUTE|[1]
15:49:22.0 (5479252)|HEAP_ALLOCATE|[68]|Bytes:5
15:49:22.0 (5502970)|HEAP_ALLOCATE|[74]|Bytes:5
15:49:22.0 (5507808)|HEAP_ALLOCATE|[82]|Bytes:7
15:49:22.0 (5666281)|HEAP_ALLOCATE|[EXTERNAL]|Bytes:5
15:49:22.0 (5677172)|METHOD_EXIT|[1]|CustomNotificationController
15:49:22.0 (5685013)|VARIABLE_SCOPE_BEGIN|[5]|before|String|false|false
15:49:22.0 (5715317)|VARIABLE_ASSIGNMENT|[5]|before|null
15:49:22.0 (5725657)|HEAP_ALLOCATE|[6]|Bytes:5
15:49:22.0 (5728307)|STATEMENT_EXECUTE|[5]
15:49:22.0 (5729372)|STATEMENT_EXECUTE|[6]
15:49:22.0 (5756700)|VARIABLE_SCOPE_BEGIN|[6]|req|System.HttpRequest|true|false
15:49:22.0 (5997907)|VARIABLE_ASSIGNMENT|[6]|req|"System.HttpRequest[Endpoint=null, Method=null]"|0x22daccfb
15:49:22.0 (6003842)|STATEMENT_EXECUTE|[7]
15:49:22.0 (6007467)|HEAP_ALLOCATE|[7]|Bytes:3
15:49:22.0 (6077105)|STATEMENT_EXECUTE|[8]
15:49:22.0 (6078630)|HEAP_ALLOCATE|[8]|Bytes:13
15:49:22.0 (6081316)|HEAP_ALLOCATE|[8]|Bytes:7
15:49:22.0 (6121287)|HEAP_ALLOCATE|[8]|Bytes:105
15:49:22.0 (6128333)|SYSTEM_METHOD_ENTRY|[1]|UserInfo.UserInfo()
15:49:22.0 (6130918)|STATEMENT_EXECUTE|[1]
15:49:22.0 (6136557)|SYSTEM_METHOD_EXIT|[1]|UserInfo
15:49:22.0 (6148340)|METHOD_ENTRY|[8]||System.UserInfo.getSessionId()
15:49:22.0 (16110976)|METHOD_EXIT|[8]||System.UserInfo.getSessionId()
15:49:22.0 (16164904)|HEAP_ALLOCATE|[8]|Bytes:119
15:49:22.0 (16240666)|STATEMENT_EXECUTE|[10]
15:49:22.0 (16306204)|HEAP_ALLOCATE|[10]|Bytes:67
15:49:22.0 (16320096)|SYSTEM_METHOD_ENTRY|[1]|Url.Url()
15:49:22.0 (16322164)|STATEMENT_EXECUTE|[1]
15:49:22.0 (16329850)|SYSTEM_METHOD_EXIT|[1]|Url
15:49:22.0 (16338744)|METHOD_ENTRY|[10]||System.Url.getOrgDomainUrl()
15:49:22.0 (16580854)|METHOD_EXIT|[10]||System.Url.getOrgDomainUrl()
15:49:22.0 (16594767)|METHOD_ENTRY|[10]||System.Url.toExternalForm()
15:49:22.0 (16623409)|METHOD_EXIT|[10]||System.Url.toExternalForm()
15:49:22.0 (16627574)|VARIABLE_SCOPE_BEGIN|[10]|domainPath|String|false|false
15:49:22.0 (16648914)|VARIABLE_ASSIGNMENT|[10]|domainPath|"https://hurex--dev1. (25 more) ..."
15:49:22.0 (16652076)|STATEMENT_EXECUTE|[11]
15:49:22.0 (16654965)|HEAP_ALLOCATE|[11]|Bytes:50
15:49:22.0 (16661015)|HEAP_ALLOCATE|[11]|Bytes:95
15:49:22.0 (16663356)|VARIABLE_SCOPE_BEGIN|[11]|endpoint|String|false|false
15:49:22.0 (16668470)|VARIABLE_ASSIGNMENT|[11]|endpoint|"https://hurex--dev1. (75 more) ..."
15:49:22.0 (16716229)|STATEMENT_EXECUTE|[13]
15:49:22.0 (16717266)|STATEMENT_EXECUTE|[16]
15:49:22.0 (16741731)|STATEMENT_EXECUTE|[18]
15:49:22.0 (16759315)|VARIABLE_SCOPE_BEGIN|[18]|http|System.Http|true|false
15:49:22.0 (16860072)|VARIABLE_ASSIGNMENT|[18]|http|"System.Http[]"|0x65891ca9
15:49:22.0 (16863606)|STATEMENT_EXECUTE|[19]
15:49:22.0 (16962216)|CALLOUT_REQUEST|[19]|System.HttpRequest[Endpoint=https://hurex--dev1.sandbox.my.salesforce.com/services/data/v56.0/connect/notifications?size=20, Method=GET]
15:49:22.0 (185424618)|HEAP_ALLOCATE|[EXTERNAL]|Bytes:15126
15:49:22.0 (188124406)|CALLOUT_RESPONSE|[19]|System.HttpResponse[Status=OK, StatusCode=200]
15:49:22.0 (188156578)|HEAP_ALLOCATE|[19]|Bytes:14281
15:49:22.0 (188187789)|VARIABLE_SCOPE_BEGIN|[19]|res|System.HttpResponse|true|false
15:49:22.0 (188264470)|VARIABLE_ASSIGNMENT|[19]|res|"System.HttpResponse[Status=OK, StatusCode=200]"|0x33aaeef0
15:49:22.0 (188329603)|STATEMENT_EXECUTE|[21]
15:49:22.0 (188330882)|STATEMENT_EXECUTE|[22]
15:49:22.0 (188887175)|HEAP_ALLOCATE|[22]|Bytes:13995
15:49:22.188 (188930400)|CUMULATIVE_LIMIT_USAGE
15:49:22.188 (188930400)|LIMIT_USAGE_FOR_NS|(default)|
  Number of SOQL queries: 0 out of 100
  Number of query rows: 0 out of 50000
  Number of SOSL queries: 0 out of 20
  Number of DML statements: 0 out of 150
  Number of Publish Immediate DML: 0 out of 150
  Number of DML rows: 0 out of 10000
  Maximum CPU time: 0 out of 10000
  Maximum heap size: 0 out of 6000000
  Number of callouts: 1 out of 100
  Number of Email Invocations: 0 out of 10
  Number of future calls: 0 out of 50
  Number of queueable jobs added to the queue: 0 out of 50
  Number of Mobile Apex push calls: 0 out of 10

15:49:22.188 (188930400)|CUMULATIVE_LIMIT_USAGE_END

15:49:22.0 (188960840)|CODE_UNIT_FINISHED|CustomNotificationController.getNotifications(String)
15:49:22.0 (189110677)|CODE_UNIT_FINISHED|apex://CustomNotificationController/ACTION$getNotifications
15:49:22.0 (189115280)|EXECUTION_FINISHED
